<?xml version="1.0" encoding="UTF-8"?>
<testsuites name="Shop-Services" time="554.4" tests="30" failures="5" errors="7">
   <testsuite name="Shop-Services" tests="30" failures="5" errors="7" time="554.4" skipped="0" timestamp="11-06-2024T18:01:44" hostname="SudhaRaniAddepalli - KVITSPL-0319" id="Test Suites/Shop-Services">
      <properties>
         <property name="deviceName" value=""/>
         <property name="devicePlatform"/>
         <property name="logFolder" value="D:\\Automation\\KogniveraGithub\\TotalPlay_Automation\\totalplay-API\\totalplay-automation\\Reports\\20240611_180136\\Shop-Services\\20240611_180137"/>
         <property name="logFiles" value="D:\\Automation\\KogniveraGithub\\TotalPlay_Automation\\totalplay-API\\totalplay-automation\\Reports\\20240611_180136\\Shop-Services\\20240611_180137\\execution0.log"/>
         <property name="attachments" value=""/>
         <property name="hostName" value="SudhaRaniAddepalli - KVITSPL-0319"/>
         <property name="hostAddress" value="192.168.1.9"/>
         <property name="os" value="Windows 10 64bit"/>
         <property name="katalonVersion" value="9.5.0.217"/>
      </properties>
      <testcase name="Test Cases/TotalPlay-Shop/TC_1_InterfaceLogin" time="7.079" classname="Test Cases/TotalPlay-Shop/TC_1_InterfaceLogin" status="PASSED">
         <system-out><![CDATA[11-06-2024T18:01:45 - [TEST_CASE][PASSED] - Test Cases/TotalPlay-Shop/TC_1_InterfaceLogin: Test Cases/TotalPlay-Shop/TC_1_InterfaceLogin

11-06-2024T18:01:45 - [TEST_STEP][PASSED] - LoginResponse = sendRequest(findTestObject("TotalPlay-Shop/Interface Login (SLAS)", ["URL":URL, "SITEID":SITEID])): Send request successfully

11-06-2024T18:01:46 - [MESSAGE][INFO] - Finding Test Object 'Object Repository/TotalPlay-Shop/Interface Login (SLAS)'

11-06-2024T18:01:46 - [MESSAGE][INFO] - Checking request object

11-06-2024T18:01:51 - [MESSAGE][INFO] - HAR: D:\Automation\KogniveraGithub\TotalPlay_Automation\totalplay-API\totalplay-automation\Reports\20240611_180136\Shop-Services\20240611_180137\requests\main\0.har

11-06-2024T18:01:51 - [MESSAGE][PASSED] - Send request successfully

11-06-2024T18:01:51 - [TEST_STEP][PASSED] - assert getResponseStatusCode(LoginResponse) == 200: Checking response object

11-06-2024T18:01:51 - [MESSAGE][INFO] - Checking response object

11-06-2024T18:01:51 - [TEST_STEP][PASSED] - Auth = "ocapiResponse.access_token": null

11-06-2024T18:01:51 - [TEST_STEP][PASSED] - sfccAuthorization = getElementPropertyValue(LoginResponse, Auth): Checking response object

11-06-2024T18:01:51 - [MESSAGE][INFO] - Checking response object

11-06-2024T18:01:51 - [TEST_STEP][PASSED] - logInfo(sfccAuthorization): eyJ2ZXIiOiIxLjAiLCJqa3UiOiJzbGFzL3Byb2QvYmpjbF9kZXYiLCJraWQiOiIzOWM0NGRmMy01OGI5LTQ3YWEtODNhMC05NWMwOTBiZGNkMzciLCJ0eXAiOiJqd3QiLCJjbHYiOiJKMi4zLjQiLCJhbGciOiJFUzI1NiJ9.eyJhdXQiOiJHVUlEIiwic2NwIjoic2ZjYy5zaG9wcGVyLW15YWNjb3VudC5iYXNrZXRzIHNmY2Muc2hvcHBlci1kaXNjb3Zlcnktc2VhcmNoIHNmY2Muc2hvcHBlci1teWFjY291bnQuYWRkcmVzc2VzIHNmY2Muc2hvcHBlci1wcm9kdWN0cyBzZmNjLnNob3BwZXItbXlhY2NvdW50LnJ3IHNmY2Muc2hvcHBlci1teWFjY291bnQucGF5bWVudGluc3RydW1lbnRzIHNmY2Muc2hvcHBlci1jdXN0b21lcnMubG9naW4gc2ZjYy5zaG9wcGVyLXN0b3JlcyBzZmNjLnNob3BwZXItbXlhY2NvdW50Lm9yZGVycyBzZmNjLnNob3BwZXItYmFza2V0cy1vcmRlcnMgc2ZjYy5zaG9wcGVyLWN1c3RvbWVycy5yZWdpc3RlciBzZmNjLnNob3BwZXItbXlhY2NvdW50LmFkZHJlc3Nlcy5ydyBzZmNjLnNob3BwZXItbXlhY2NvdW50LnByb2R1Y3RsaXN0cy5ydyBzZmNjLnNob3BwZXItcHJvZHVjdGxpc3RzIHNmY2Muc2hvcHBlci1wcm9tb3Rpb25zIHNmY2Muc2hvcHBlci1iYXNrZXRzLW9yZGVycy5ydyBzZmNjLnNob3BwZXItZ2lmdC1jZXJ0aWZpY2F0ZXMgc2ZjYy5zaG9wcGVyLW15YWNjb3VudC5wYXltZW50aW5zdHJ1bWVudHMucncgc2ZjYy5zaG9wcGVyLXByb2R1Y3Qtc2VhcmNoIHNmY2Muc2hvcHBlci1teWFjY291bnQucHJvZHVjdGxpc3RzIHNmY2Muc2hvcHBlci1jYXRlZ29yaWVzIHNmY2Muc2hvcHBlci1teWFjY291bnQiLCJzdWIiOiJjYy1zbGFzOjpiamNsX2Rldjo6c2NpZDo1ZDI1ZjVmYS01YTRmLTQ2YjUtYTIxMS04NzU1NDJjODVhYzE6OnVzaWQ6ZTRkMjQ5ZjAtMmVhMS00OWVmLWI1MGEtODc5MzViNDhhOWRmIiwiY3R4Ijoic2xhcyIsImlzcyI6InNsYXMvcHJvZC9iamNsX2RldiIsImlzdCI6MSwiZG50IjoiMCIsImF1ZCI6ImNvbW1lcmNlY2xvdWQvcHJvZC9iamNsX2RldiIsIm5iZiI6MTcxODEwOTA4MCwic3R5IjoiVXNlciIsImlzYiI6InVpZG86ZWNvbTo6dXBuOnFhLnRvdGFscGxheSswMTAwOTg3MTA1QGdtYWlsLmNvbTo6dWlkbjpSaWNhcmRvICBDb3JvbmEgQ3J1ejo6Z2NpZDpiY3hycElrSG8zeEhhUmtLdEZrcVlZbXV0Szo6cmNpZDphY25SYldxdWpIQ3BnOW9xNlYyaGt1VGFTVzo6Y2hpZDpUUC1TSE9QIiwiZXhwIjoxNzE4MTEwOTEwLCJpYXQiOjE3MTgxMDkxMTAsImp0aSI6IkMyQy0xMzExNTYzNTcwMTc4NzUxMTg1MDI5MDI2OTExNTg3MTgzMDIifQ.Ic4rvXtUurrcyg9K1v9YtIRxRPD_SwU64TrDIY9470ZSqqAQ85Y0WNB4Cr4BqMah3duyhM5CtWDCqWBOnNwVkA

11-06-2024T18:01:51 - [MESSAGE][INFO] - eyJ2ZXIiOiIxLjAiLCJqa3UiOiJzbGFzL3Byb2QvYmpjbF9kZXYiLCJraWQiOiIzOWM0NGRmMy01OGI5LTQ3YWEtODNhMC05NWMwOTBiZGNkMzciLCJ0eXAiOiJqd3QiLCJjbHYiOiJKMi4zLjQiLCJhbGciOiJFUzI1NiJ9.eyJhdXQiOiJHVUlEIiwic2NwIjoic2ZjYy5zaG9wcGVyLW15YWNjb3VudC5iYXNrZXRzIHNmY2Muc2hvcHBlci1kaXNjb3Zlcnktc2VhcmNoIHNmY2Muc2hvcHBlci1teWFjY291bnQuYWRkcmVzc2VzIHNmY2Muc2hvcHBlci1wcm9kdWN0cyBzZmNjLnNob3BwZXItbXlhY2NvdW50LnJ3IHNmY2Muc2hvcHBlci1teWFjY291bnQucGF5bWVudGluc3RydW1lbnRzIHNmY2Muc2hvcHBlci1jdXN0b21lcnMubG9naW4gc2ZjYy5zaG9wcGVyLXN0b3JlcyBzZmNjLnNob3BwZXItbXlhY2NvdW50Lm9yZGVycyBzZmNjLnNob3BwZXItYmFza2V0cy1vcmRlcnMgc2ZjYy5zaG9wcGVyLWN1c3RvbWVycy5yZWdpc3RlciBzZmNjLnNob3BwZXItbXlhY2NvdW50LmFkZHJlc3Nlcy5ydyBzZmNjLnNob3BwZXItbXlhY2NvdW50LnByb2R1Y3RsaXN0cy5ydyBzZmNjLnNob3BwZXItcHJvZHVjdGxpc3RzIHNmY2Muc2hvcHBlci1wcm9tb3Rpb25zIHNmY2Muc2hvcHBlci1iYXNrZXRzLW9yZGVycy5ydyBzZmNjLnNob3BwZXItZ2lmdC1jZXJ0aWZpY2F0ZXMgc2ZjYy5zaG9wcGVyLW15YWNjb3VudC5wYXltZW50aW5zdHJ1bWVudHMucncgc2ZjYy5zaG9wcGVyLXByb2R1Y3Qtc2VhcmNoIHNmY2Muc2hvcHBlci1teWFjY291bnQucHJvZHVjdGxpc3RzIHNmY2Muc2hvcHBlci1jYXRlZ29yaWVzIHNmY2Muc2hvcHBlci1teWFjY291bnQiLCJzdWIiOiJjYy1zbGFzOjpiamNsX2Rldjo6c2NpZDo1ZDI1ZjVmYS01YTRmLTQ2YjUtYTIxMS04NzU1NDJjODVhYzE6OnVzaWQ6ZTRkMjQ5ZjAtMmVhMS00OWVmLWI1MGEtODc5MzViNDhhOWRmIiwiY3R4Ijoic2xhcyIsImlzcyI6InNsYXMvcHJvZC9iamNsX2RldiIsImlzdCI6MSwiZG50IjoiMCIsImF1ZCI6ImNvbW1lcmNlY2xvdWQvcHJvZC9iamNsX2RldiIsIm5iZiI6MTcxODEwOTA4MCwic3R5IjoiVXNlciIsImlzYiI6InVpZG86ZWNvbTo6dXBuOnFhLnRvdGFscGxheSswMTAwOTg3MTA1QGdtYWlsLmNvbTo6dWlkbjpSaWNhcmRvICBDb3JvbmEgQ3J1ejo6Z2NpZDpiY3hycElrSG8zeEhhUmtLdEZrcVlZbXV0Szo6cmNpZDphY25SYldxdWpIQ3BnOW9xNlYyaGt1VGFTVzo6Y2hpZDpUUC1TSE9QIiwiZXhwIjoxNzE4MTEwOTEwLCJpYXQiOjE3MTgxMDkxMTAsImp0aSI6IkMyQy0xMzExNTYzNTcwMTc4NzUxMTg1MDI5MDI2OTExNTg3MTgzMDIifQ.Ic4rvXtUurrcyg9K1v9YtIRxRPD_SwU64TrDIY9470ZSqqAQ85Y0WNB4Cr4BqMah3duyhM5CtWDCqWBOnNwVkA

11-06-2024T18:01:51 - [TEST_STEP][PASSED] - Authorization = "Bearer " + sfccAuthorization: null

11-06-2024T18:01:51 - [TEST_STEP][PASSED] - logInfo(bm_auth_token): 

11-06-2024T18:01:51 - [MESSAGE][INFO] - 

11-06-2024T18:01:51 - [TEST_STEP][PASSED] - if (sfccAuthorization.length() == 0): null

11-06-2024T18:01:51 - [TEST_STEP][PASSED] - else: authorization generated

11-06-2024T18:01:51 - [TEST_STEP][PASSED] - markPassed("authorization generated"): authorization generated

11-06-2024T18:01:51 - [MESSAGE][PASSED] - authorization generated

11-06-2024T18:01:51 - [TEST_STEP][PASSED] - BasketId_loginResponse = "ocapiResponse.c_basketId": null

11-06-2024T18:01:51 - [TEST_STEP][PASSED] - CustomerId_loginResponse = "ocapiResponse.customer_id": null

11-06-2024T18:01:51 - [TEST_STEP][PASSED] - basketId = getElementPropertyValue(LoginResponse, BasketId_loginResponse): Checking response object

11-06-2024T18:01:51 - [MESSAGE][INFO] - Checking response object

11-06-2024T18:01:51 - [TEST_STEP][PASSED] - customerId = getElementPropertyValue(LoginResponse, CustomerId_loginResponse): Checking response object

11-06-2024T18:01:51 - [MESSAGE][INFO] - Checking response object

11-06-2024T18:01:51 - [TEST_STEP][PASSED] - basketID = basketId: null

11-06-2024T18:01:51 - [TEST_STEP][PASSED] - sla_customerId = customerId: null

11-06-2024T18:01:51 - [TEST_STEP][PASSED] - println(basketID): null

11-06-2024T18:01:51 - [TEST_STEP][PASSED] - println(sla_customerId): null

11-06-2024T18:01:51 - [TEST_STEP][PASSED] - refresh_token = "ocapiResponse.refresh_token": null

11-06-2024T18:01:51 - [TEST_STEP][PASSED] - customer_email = "ocapiResponse.customer_email": null

11-06-2024T18:01:51 - [TEST_STEP][PASSED] - c_brmId = "ocapiResponse.c_brmId": null

11-06-2024T18:01:51 - [TEST_STEP][PASSED] - customer_name = "ocapiResponse.customer_name": null

11-06-2024T18:01:51 - [TEST_STEP][PASSED] - totalplay.Common.verifyPropertyExist(LoginResponse, refresh_token): totalplay.Common.verifyPropertyExist is PASSED

11-06-2024T18:01:51 - [MESSAGE][INFO] - Checking response object

11-06-2024T18:01:51 - [MESSAGE][PASSED] - totalplay.Common.verifyPropertyExist is PASSED

11-06-2024T18:01:51 - [TEST_STEP][PASSED] - totalplay.Common.verifyPropertyValueExist(LoginResponse, refresh_token): totalplay.Common.verifyPropertyValueExist is PASSED

11-06-2024T18:01:51 - [MESSAGE][INFO] - Checking response object

11-06-2024T18:01:52 - [MESSAGE][INFO] - IpwBIHg7oBdtvaKaKplt3qObNFIgQFlQ5MfgUS1wU60

11-06-2024T18:01:52 - [MESSAGE][PASSED] - totalplay.Common.verifyPropertyValueExist is PASSED

11-06-2024T18:01:52 - [TEST_STEP][PASSED] - totalplay.Common.verifyPropertyExist(LoginResponse, customer_email): totalplay.Common.verifyPropertyExist is PASSED

11-06-2024T18:01:52 - [MESSAGE][INFO] - Checking response object

11-06-2024T18:01:52 - [MESSAGE][PASSED] - totalplay.Common.verifyPropertyExist is PASSED

11-06-2024T18:01:52 - [TEST_STEP][PASSED] - totalplay.Common.verifyPropertyValueExist(LoginResponse, customer_email): totalplay.Common.verifyPropertyValueExist is PASSED

11-06-2024T18:01:52 - [MESSAGE][INFO] - Checking response object

11-06-2024T18:01:52 - [MESSAGE][INFO] - qa.totalplay@gmail.com

11-06-2024T18:01:52 - [MESSAGE][PASSED] - totalplay.Common.verifyPropertyValueExist is PASSED

11-06-2024T18:01:52 - [TEST_STEP][PASSED] - totalplay.Common.verifyPropertyExist(LoginResponse, customer_name): totalplay.Common.verifyPropertyExist is PASSED

11-06-2024T18:01:52 - [MESSAGE][INFO] - Checking response object

11-06-2024T18:01:52 - [MESSAGE][PASSED] - totalplay.Common.verifyPropertyExist is PASSED

11-06-2024T18:01:52 - [TEST_STEP][PASSED] - totalplay.Common.verifyPropertyValueExist(LoginResponse, customer_name): totalplay.Common.verifyPropertyValueExist is PASSED

11-06-2024T18:01:52 - [MESSAGE][INFO] - Checking response object

11-06-2024T18:01:52 - [MESSAGE][INFO] - Ricardo  Corona Cruz

11-06-2024T18:01:52 - [MESSAGE][PASSED] - totalplay.Common.verifyPropertyValueExist is PASSED

11-06-2024T18:01:52 - [TEST_STEP][PASSED] - totalplay.Common.verifyPropertyExist(LoginResponse, c_brmId): totalplay.Common.verifyPropertyExist is PASSED

11-06-2024T18:01:52 - [MESSAGE][INFO] - Checking response object

11-06-2024T18:01:52 - [MESSAGE][PASSED] - totalplay.Common.verifyPropertyExist is PASSED

11-06-2024T18:01:52 - [TEST_STEP][PASSED] - totalplay.Common.verifyPropertyValueExist(LoginResponse, c_brmId): totalplay.Common.verifyPropertyValueExist is PASSED

11-06-2024T18:01:52 - [MESSAGE][INFO] - Checking response object

11-06-2024T18:01:52 - [MESSAGE][INFO] - 0100987105

11-06-2024T18:01:52 - [MESSAGE][PASSED] - totalplay.Common.verifyPropertyValueExist is PASSED]]></system-out>
         <system-err><![CDATA[]]></system-err>
      </testcase>
      <testcase name="Test Cases/TotalPlay-Shop/TC_2_StoreListingPage(SLP)" time="11.878" classname="Test Cases/TotalPlay-Shop/TC_2_StoreListingPage(SLP)" status="ERROR">
         <error type="ERROR" message="Test Cases/TotalPlay-Shop/TC_2_StoreListingPage(SLP) FAILED.&#xa;Reason:&#xa;org.codehaus.groovy.runtime.InvokerInvocationException: Assertion failed: &#xa;&#xa;assert PropertyCount>0&#xa;       |            |&#xa;       0            false&#xa;&#xa;	at com.kms.katalon.core.main.CustomKeywordDelegatingMetaClass.invokeStaticMethod(CustomKeywordDelegatingMetaClass.java:55)&#xa;	at TC_2_StoreListingPage(SLP).run(TC_2_StoreListingPage(SLP):183)&#xa;	at com.kms.katalon.core.main.ScriptEngine.run(ScriptEngine.java:194)&#xa;	at com.kms.katalon.core.main.ScriptEngine.runScriptAsRawText(ScriptEngine.java:119)&#xa;	at com.kms.katalon.core.main.TestCaseExecutor.runScript(TestCaseExecutor.java:448)&#xa;	at com.kms.katalon.core.main.TestCaseExecutor.doExecute(TestCaseExecutor.java:439)&#xa;	at com.kms.katalon.core.main.TestCaseExecutor.processExecutionPhase(TestCaseExecutor.java:418)&#xa;	at com.kms.katalon.core.main.TestCaseExecutor.accessMainPhase(TestCaseExecutor.java:410)&#xa;	at com.kms.katalon.core.main.TestCaseExecutor.execute(TestCaseExecutor.java:285)&#xa;	at com.kms.katalon.core.common.CommonExecutor.accessTestCaseMainPhase(CommonExecutor.java:65)&#xa;	at com.kms.katalon.core.main.TestSuiteExecutor.accessTestSuiteMainPhase(TestSuiteExecutor.java:150)&#xa;	at com.kms.katalon.core.main.TestSuiteExecutor.execute(TestSuiteExecutor.java:106)&#xa;	at com.kms.katalon.core.main.TestCaseMain.startTestSuite(TestCaseMain.java:180)&#xa;	at TempTestSuite1718109097791.run(TempTestSuite1718109097791.groovy:35)&#xa;	at java.base/jdk.internal.reflect.NativeMethodAccessorImpl.invoke0(Native Method)&#xa;	at java.base/jdk.internal.reflect.NativeMethodAccessorImpl.invoke(NativeMethodAccessorImpl.java:77)&#xa;	at java.base/jdk.internal.reflect.DelegatingMethodAccessorImpl.invoke(DelegatingMethodAccessorImpl.java:43)&#xa;Caused by: Assertion failed: &#xa;&#xa;assert PropertyCount>0&#xa;       |            |&#xa;       0            false&#xa;&#xa;	at totalplay.Common.verifyPropertyExist(Common.groovy:40)&#xa;	at jdk.internal.reflect.GeneratedMethodAccessor7.invoke(Unknown Source)&#xa;	at java.base/jdk.internal.reflect.DelegatingMethodAccessorImpl.invoke(DelegatingMethodAccessorImpl.java:43)&#xa;	... 17 more&#xa;"/>
         <system-out><![CDATA[11-06-2024T18:01:52 - [TEST_CASE][ERROR] - Test Cases/TotalPlay-Shop/TC_2_StoreListingPage(SLP): Test Cases/TotalPlay-Shop/TC_2_StoreListingPage(SLP) FAILED.
Reason:
org.codehaus.groovy.runtime.InvokerInvocationException: Assertion failed: 

assert PropertyCount>0
       |            |
       0            false

	at com.kms.katalon.core.main.CustomKeywordDelegatingMetaClass.invokeStaticMethod(CustomKeywordDelegatingMetaClass.java:55)
	at TC_2_StoreListingPage(SLP).run(TC_2_StoreListingPage(SLP):183)
	at com.kms.katalon.core.main.ScriptEngine.run(ScriptEngine.java:194)
	at com.kms.katalon.core.main.ScriptEngine.runScriptAsRawText(ScriptEngine.java:119)
	at com.kms.katalon.core.main.TestCaseExecutor.runScript(TestCaseExecutor.java:448)
	at com.kms.katalon.core.main.TestCaseExecutor.doExecute(TestCaseExecutor.java:439)
	at com.kms.katalon.core.main.TestCaseExecutor.processExecutionPhase(TestCaseExecutor.java:418)
	at com.kms.katalon.core.main.TestCaseExecutor.accessMainPhase(TestCaseExecutor.java:410)
	at com.kms.katalon.core.main.TestCaseExecutor.execute(TestCaseExecutor.java:285)
	at com.kms.katalon.core.common.CommonExecutor.accessTestCaseMainPhase(CommonExecutor.java:65)
	at com.kms.katalon.core.main.TestSuiteExecutor.accessTestSuiteMainPhase(TestSuiteExecutor.java:150)
	at com.kms.katalon.core.main.TestSuiteExecutor.execute(TestSuiteExecutor.java:106)
	at com.kms.katalon.core.main.TestCaseMain.startTestSuite(TestCaseMain.java:180)
	at TempTestSuite1718109097791.run(TempTestSuite1718109097791.groovy:35)
	at java.base/jdk.internal.reflect.NativeMethodAccessorImpl.invoke0(Native Method)
	at java.base/jdk.internal.reflect.NativeMethodAccessorImpl.invoke(NativeMethodAccessorImpl.java:77)
	at java.base/jdk.internal.reflect.DelegatingMethodAccessorImpl.invoke(DelegatingMethodAccessorImpl.java:43)
Caused by: Assertion failed: 

assert PropertyCount>0
       |            |
       0            false

	at totalplay.Common.verifyPropertyExist(Common.groovy:40)
	at jdk.internal.reflect.GeneratedMethodAccessor7.invoke(Unknown Source)
	at java.base/jdk.internal.reflect.DelegatingMethodAccessorImpl.invoke(DelegatingMethodAccessorImpl.java:43)
	... 17 more


11-06-2024T18:01:54 - [TEST_STEP][PASSED] - callTestCase(findTestCase("TotalPlay-Shop/TC_1_InterfaceLogin"), [:], STOP_ON_FAILURE): Call Test Case 'Test Cases/TotalPlay-Shop/TC_1_InterfaceLogin' successfully

11-06-2024T18:01:54 - [MESSAGE][INFO] - Checking called Test Case

11-06-2024T18:01:54 - [MESSAGE][INFO] - Starting to call Test Case 'Test Cases/TotalPlay-Shop/TC_1_InterfaceLogin'

11-06-2024T18:01:54 - [TEST_CASE][PASSED] - Test Cases/TotalPlay-Shop/TC_1_InterfaceLogin: Test Cases/TotalPlay-Shop/TC_1_InterfaceLogin

11-06-2024T18:01:54 - [TEST_STEP][PASSED] - LoginResponse = sendRequest(findTestObject("TotalPlay-Shop/Interface Login (SLAS)", ["URL":URL, "SITEID":SITEID])): Send request successfully

11-06-2024T18:01:54 - [MESSAGE][INFO] - Finding Test Object 'Object Repository/TotalPlay-Shop/Interface Login (SLAS)'

11-06-2024T18:01:54 - [MESSAGE][INFO] - Checking request object

11-06-2024T18:01:56 - [MESSAGE][INFO] - HAR: D:\Automation\KogniveraGithub\TotalPlay_Automation\totalplay-API\totalplay-automation\Reports\20240611_180136\Shop-Services\20240611_180137\requests\main\1.har

11-06-2024T18:01:56 - [MESSAGE][PASSED] - Send request successfully

11-06-2024T18:01:56 - [TEST_STEP][PASSED] - assert getResponseStatusCode(LoginResponse) == 200: Checking response object

11-06-2024T18:01:56 - [MESSAGE][INFO] - Checking response object

11-06-2024T18:01:56 - [TEST_STEP][PASSED] - Auth = "ocapiResponse.access_token": null

11-06-2024T18:01:56 - [TEST_STEP][PASSED] - sfccAuthorization = getElementPropertyValue(LoginResponse, Auth): Checking response object

11-06-2024T18:01:56 - [MESSAGE][INFO] - Checking response object

11-06-2024T18:01:56 - [TEST_STEP][PASSED] - logInfo(sfccAuthorization): eyJ2ZXIiOiIxLjAiLCJqa3UiOiJzbGFzL3Byb2QvYmpjbF9kZXYiLCJraWQiOiIzOWM0NGRmMy01OGI5LTQ3YWEtODNhMC05NWMwOTBiZGNkMzciLCJ0eXAiOiJqd3QiLCJjbHYiOiJKMi4zLjQiLCJhbGciOiJFUzI1NiJ9.eyJhdXQiOiJHVUlEIiwic2NwIjoic2ZjYy5zaG9wcGVyLW15YWNjb3VudC5iYXNrZXRzIHNmY2Muc2hvcHBlci1kaXNjb3Zlcnktc2VhcmNoIHNmY2Muc2hvcHBlci1teWFjY291bnQuYWRkcmVzc2VzIHNmY2Muc2hvcHBlci1wcm9kdWN0cyBzZmNjLnNob3BwZXItbXlhY2NvdW50LnJ3IHNmY2Muc2hvcHBlci1teWFjY291bnQucGF5bWVudGluc3RydW1lbnRzIHNmY2Muc2hvcHBlci1jdXN0b21lcnMubG9naW4gc2ZjYy5zaG9wcGVyLXN0b3JlcyBzZmNjLnNob3BwZXItbXlhY2NvdW50Lm9yZGVycyBzZmNjLnNob3BwZXItYmFza2V0cy1vcmRlcnMgc2ZjYy5zaG9wcGVyLWN1c3RvbWVycy5yZWdpc3RlciBzZmNjLnNob3BwZXItbXlhY2NvdW50LmFkZHJlc3Nlcy5ydyBzZmNjLnNob3BwZXItbXlhY2NvdW50LnByb2R1Y3RsaXN0cy5ydyBzZmNjLnNob3BwZXItcHJvZHVjdGxpc3RzIHNmY2Muc2hvcHBlci1wcm9tb3Rpb25zIHNmY2Muc2hvcHBlci1iYXNrZXRzLW9yZGVycy5ydyBzZmNjLnNob3BwZXItZ2lmdC1jZXJ0aWZpY2F0ZXMgc2ZjYy5zaG9wcGVyLW15YWNjb3VudC5wYXltZW50aW5zdHJ1bWVudHMucncgc2ZjYy5zaG9wcGVyLXByb2R1Y3Qtc2VhcmNoIHNmY2Muc2hvcHBlci1teWFjY291bnQucHJvZHVjdGxpc3RzIHNmY2Muc2hvcHBlci1jYXRlZ29yaWVzIHNmY2Muc2hvcHBlci1teWFjY291bnQiLCJzdWIiOiJjYy1zbGFzOjpiamNsX2Rldjo6c2NpZDo1ZDI1ZjVmYS01YTRmLTQ2YjUtYTIxMS04NzU1NDJjODVhYzE6OnVzaWQ6ZGEzYTNkN2YtMmRhOC00MTA0LWFjYzctNjk2YzViYTI5NzdhIiwiY3R4Ijoic2xhcyIsImlzcyI6InNsYXMvcHJvZC9iamNsX2RldiIsImlzdCI6MSwiZG50IjoiMCIsImF1ZCI6ImNvbW1lcmNlY2xvdWQvcHJvZC9iamNsX2RldiIsIm5iZiI6MTcxODEwOTA4NSwic3R5IjoiVXNlciIsImlzYiI6InVpZG86ZWNvbTo6dXBuOnFhLnRvdGFscGxheSswMTAwOTg3MTA1QGdtYWlsLmNvbTo6dWlkbjpSaWNhcmRvICBDb3JvbmEgQ3J1ejo6Z2NpZDpiZHhlY1h3cmxJbDB3UmtLcEZtYllZa3JhWTo6cmNpZDphY25SYldxdWpIQ3BnOW9xNlYyaGt1VGFTVzo6Y2hpZDpUUC1TSE9QIiwiZXhwIjoxNzE4MTEwOTE1LCJpYXQiOjE3MTgxMDkxMTUsImp0aSI6IkMyQy0xMzExNTYzNTcwMTc4NzUxMTg1MDI5MDI2OTYxMzA4MjE1MjQifQ.eNkbKFJDyBG1-IgmTtMRJwKgKow870y3qd1GDT3N6VZLNH4_Lf5izUMjZa5mLZ7t6jibYUKhbOLce1Ux15E58A

11-06-2024T18:01:56 - [MESSAGE][INFO] - eyJ2ZXIiOiIxLjAiLCJqa3UiOiJzbGFzL3Byb2QvYmpjbF9kZXYiLCJraWQiOiIzOWM0NGRmMy01OGI5LTQ3YWEtODNhMC05NWMwOTBiZGNkMzciLCJ0eXAiOiJqd3QiLCJjbHYiOiJKMi4zLjQiLCJhbGciOiJFUzI1NiJ9.eyJhdXQiOiJHVUlEIiwic2NwIjoic2ZjYy5zaG9wcGVyLW15YWNjb3VudC5iYXNrZXRzIHNmY2Muc2hvcHBlci1kaXNjb3Zlcnktc2VhcmNoIHNmY2Muc2hvcHBlci1teWFjY291bnQuYWRkcmVzc2VzIHNmY2Muc2hvcHBlci1wcm9kdWN0cyBzZmNjLnNob3BwZXItbXlhY2NvdW50LnJ3IHNmY2Muc2hvcHBlci1teWFjY291bnQucGF5bWVudGluc3RydW1lbnRzIHNmY2Muc2hvcHBlci1jdXN0b21lcnMubG9naW4gc2ZjYy5zaG9wcGVyLXN0b3JlcyBzZmNjLnNob3BwZXItbXlhY2NvdW50Lm9yZGVycyBzZmNjLnNob3BwZXItYmFza2V0cy1vcmRlcnMgc2ZjYy5zaG9wcGVyLWN1c3RvbWVycy5yZWdpc3RlciBzZmNjLnNob3BwZXItbXlhY2NvdW50LmFkZHJlc3Nlcy5ydyBzZmNjLnNob3BwZXItbXlhY2NvdW50LnByb2R1Y3RsaXN0cy5ydyBzZmNjLnNob3BwZXItcHJvZHVjdGxpc3RzIHNmY2Muc2hvcHBlci1wcm9tb3Rpb25zIHNmY2Muc2hvcHBlci1iYXNrZXRzLW9yZGVycy5ydyBzZmNjLnNob3BwZXItZ2lmdC1jZXJ0aWZpY2F0ZXMgc2ZjYy5zaG9wcGVyLW15YWNjb3VudC5wYXltZW50aW5zdHJ1bWVudHMucncgc2ZjYy5zaG9wcGVyLXByb2R1Y3Qtc2VhcmNoIHNmY2Muc2hvcHBlci1teWFjY291bnQucHJvZHVjdGxpc3RzIHNmY2Muc2hvcHBlci1jYXRlZ29yaWVzIHNmY2Muc2hvcHBlci1teWFjY291bnQiLCJzdWIiOiJjYy1zbGFzOjpiamNsX2Rldjo6c2NpZDo1ZDI1ZjVmYS01YTRmLTQ2YjUtYTIxMS04NzU1NDJjODVhYzE6OnVzaWQ6ZGEzYTNkN2YtMmRhOC00MTA0LWFjYzctNjk2YzViYTI5NzdhIiwiY3R4Ijoic2xhcyIsImlzcyI6InNsYXMvcHJvZC9iamNsX2RldiIsImlzdCI6MSwiZG50IjoiMCIsImF1ZCI6ImNvbW1lcmNlY2xvdWQvcHJvZC9iamNsX2RldiIsIm5iZiI6MTcxODEwOTA4NSwic3R5IjoiVXNlciIsImlzYiI6InVpZG86ZWNvbTo6dXBuOnFhLnRvdGFscGxheSswMTAwOTg3MTA1QGdtYWlsLmNvbTo6dWlkbjpSaWNhcmRvICBDb3JvbmEgQ3J1ejo6Z2NpZDpiZHhlY1h3cmxJbDB3UmtLcEZtYllZa3JhWTo6cmNpZDphY25SYldxdWpIQ3BnOW9xNlYyaGt1VGFTVzo6Y2hpZDpUUC1TSE9QIiwiZXhwIjoxNzE4MTEwOTE1LCJpYXQiOjE3MTgxMDkxMTUsImp0aSI6IkMyQy0xMzExNTYzNTcwMTc4NzUxMTg1MDI5MDI2OTYxMzA4MjE1MjQifQ.eNkbKFJDyBG1-IgmTtMRJwKgKow870y3qd1GDT3N6VZLNH4_Lf5izUMjZa5mLZ7t6jibYUKhbOLce1Ux15E58A

11-06-2024T18:01:56 - [TEST_STEP][PASSED] - Authorization = "Bearer " + sfccAuthorization: null

11-06-2024T18:01:56 - [TEST_STEP][PASSED] - logInfo(bm_auth_token): 

11-06-2024T18:01:56 - [MESSAGE][INFO] - 

11-06-2024T18:01:56 - [TEST_STEP][PASSED] - if (sfccAuthorization.length() == 0): null

11-06-2024T18:01:56 - [TEST_STEP][PASSED] - else: authorization generated

11-06-2024T18:01:56 - [TEST_STEP][PASSED] - markPassed("authorization generated"): authorization generated

11-06-2024T18:01:56 - [MESSAGE][PASSED] - authorization generated

11-06-2024T18:01:56 - [TEST_STEP][PASSED] - BasketId_loginResponse = "ocapiResponse.c_basketId": null

11-06-2024T18:01:56 - [TEST_STEP][PASSED] - CustomerId_loginResponse = "ocapiResponse.customer_id": null

11-06-2024T18:01:56 - [TEST_STEP][PASSED] - basketId = getElementPropertyValue(LoginResponse, BasketId_loginResponse): Checking response object

11-06-2024T18:01:56 - [MESSAGE][INFO] - Checking response object

11-06-2024T18:01:56 - [TEST_STEP][PASSED] - customerId = getElementPropertyValue(LoginResponse, CustomerId_loginResponse): Checking response object

11-06-2024T18:01:56 - [MESSAGE][INFO] - Checking response object

11-06-2024T18:01:56 - [TEST_STEP][PASSED] - basketID = basketId: null

11-06-2024T18:01:56 - [TEST_STEP][PASSED] - sla_customerId = customerId: null

11-06-2024T18:01:56 - [TEST_STEP][PASSED] - println(basketID): null

11-06-2024T18:01:56 - [TEST_STEP][PASSED] - println(sla_customerId): null

11-06-2024T18:01:56 - [TEST_STEP][PASSED] - refresh_token = "ocapiResponse.refresh_token": null

11-06-2024T18:01:56 - [TEST_STEP][PASSED] - customer_email = "ocapiResponse.customer_email": null

11-06-2024T18:01:56 - [TEST_STEP][PASSED] - c_brmId = "ocapiResponse.c_brmId": null

11-06-2024T18:01:56 - [TEST_STEP][PASSED] - customer_name = "ocapiResponse.customer_name": null

11-06-2024T18:01:56 - [TEST_STEP][PASSED] - totalplay.Common.verifyPropertyExist(LoginResponse, refresh_token): totalplay.Common.verifyPropertyExist is PASSED

11-06-2024T18:01:56 - [MESSAGE][INFO] - Checking response object

11-06-2024T18:01:56 - [MESSAGE][PASSED] - totalplay.Common.verifyPropertyExist is PASSED

11-06-2024T18:01:56 - [TEST_STEP][PASSED] - totalplay.Common.verifyPropertyValueExist(LoginResponse, refresh_token): totalplay.Common.verifyPropertyValueExist is PASSED

11-06-2024T18:01:56 - [MESSAGE][INFO] - Checking response object

11-06-2024T18:01:56 - [MESSAGE][INFO] - OI1QphSzHrHqBosJ49rWR_l_Mn4ivCHewNHgka4ZRpk

11-06-2024T18:01:56 - [MESSAGE][PASSED] - totalplay.Common.verifyPropertyValueExist is PASSED

11-06-2024T18:01:56 - [TEST_STEP][PASSED] - totalplay.Common.verifyPropertyExist(LoginResponse, customer_email): totalplay.Common.verifyPropertyExist is PASSED

11-06-2024T18:01:56 - [MESSAGE][INFO] - Checking response object

11-06-2024T18:01:56 - [MESSAGE][PASSED] - totalplay.Common.verifyPropertyExist is PASSED

11-06-2024T18:01:56 - [TEST_STEP][PASSED] - totalplay.Common.verifyPropertyValueExist(LoginResponse, customer_email): totalplay.Common.verifyPropertyValueExist is PASSED

11-06-2024T18:01:56 - [MESSAGE][INFO] - Checking response object

11-06-2024T18:01:56 - [MESSAGE][INFO] - qa.totalplay@gmail.com

11-06-2024T18:01:56 - [MESSAGE][PASSED] - totalplay.Common.verifyPropertyValueExist is PASSED

11-06-2024T18:01:56 - [TEST_STEP][PASSED] - totalplay.Common.verifyPropertyExist(LoginResponse, customer_name): totalplay.Common.verifyPropertyExist is PASSED

11-06-2024T18:01:56 - [MESSAGE][INFO] - Checking response object

11-06-2024T18:01:56 - [MESSAGE][PASSED] - totalplay.Common.verifyPropertyExist is PASSED

11-06-2024T18:01:56 - [TEST_STEP][PASSED] - totalplay.Common.verifyPropertyValueExist(LoginResponse, customer_name): totalplay.Common.verifyPropertyValueExist is PASSED

11-06-2024T18:01:56 - [MESSAGE][INFO] - Checking response object

11-06-2024T18:01:56 - [MESSAGE][INFO] - Ricardo  Corona Cruz

11-06-2024T18:01:56 - [MESSAGE][PASSED] - totalplay.Common.verifyPropertyValueExist is PASSED

11-06-2024T18:01:56 - [TEST_STEP][PASSED] - totalplay.Common.verifyPropertyExist(LoginResponse, c_brmId): totalplay.Common.verifyPropertyExist is PASSED

11-06-2024T18:01:56 - [MESSAGE][INFO] - Checking response object

11-06-2024T18:01:56 - [MESSAGE][PASSED] - totalplay.Common.verifyPropertyExist is PASSED

11-06-2024T18:01:56 - [TEST_STEP][PASSED] - totalplay.Common.verifyPropertyValueExist(LoginResponse, c_brmId): totalplay.Common.verifyPropertyValueExist is PASSED

11-06-2024T18:01:56 - [MESSAGE][INFO] - Checking response object

11-06-2024T18:01:56 - [MESSAGE][INFO] - 0100987105

11-06-2024T18:01:56 - [MESSAGE][PASSED] - totalplay.Common.verifyPropertyValueExist is PASSED

11-06-2024T18:01:56 - [MESSAGE][PASSED] - Call Test Case 'Test Cases/TotalPlay-Shop/TC_1_InterfaceLogin' successfully

11-06-2024T18:01:56 - [TEST_STEP][PASSED] - SLP_Response = sendRequest(findTestObject("TotalPlay-Shop/Postman/SLP/Store Listing Page", ["URL":URL, "SITEID":SITEID])): Send request successfully

11-06-2024T18:01:56 - [MESSAGE][INFO] - Finding Test Object 'Object Repository/TotalPlay-Shop/Postman/SLP/Store Listing Page'

11-06-2024T18:01:56 - [MESSAGE][INFO] - Checking request object

11-06-2024T18:02:02 - [MESSAGE][INFO] - HAR: D:\Automation\KogniveraGithub\TotalPlay_Automation\totalplay-API\totalplay-automation\Reports\20240611_180136\Shop-Services\20240611_180137\requests\main\2.har

11-06-2024T18:02:02 - [MESSAGE][PASSED] - Send request successfully

11-06-2024T18:02:02 - [TEST_STEP][PASSED] - verifyResponseStatusCode(SLP_Response, 200): Verify response status code successfully

11-06-2024T18:02:02 - [MESSAGE][INFO] - Checking response object

11-06-2024T18:02:02 - [MESSAGE][PASSED] - Verify response status code successfully

11-06-2024T18:02:02 - [TEST_STEP][PASSED] - homebanner_pageId = "pageId": null

11-06-2024T18:02:02 - [TEST_STEP][PASSED] - homebanner_pageTypeId = "pageTypeId": null

11-06-2024T18:02:02 - [TEST_STEP][PASSED] - homebanner_pageTitle = "pageTitle": null

11-06-2024T18:02:02 - [TEST_STEP][PASSED] - homebanner_componentTypeId = "components[0].componentTypeId": null

11-06-2024T18:02:02 - [TEST_STEP][PASSED] - homebanner_componentType = "components[0].componentType": null

11-06-2024T18:02:02 - [TEST_STEP][PASSED] - homebanner_textHeadline = "components[0].textHeadline": null

11-06-2024T18:02:02 - [TEST_STEP][PASSED] - homebanner_bannerLayout = "components[0].bannerLayout": null

11-06-2024T18:02:02 - [TEST_STEP][PASSED] - homebanner_componentTypeId = "components[0].componentAssets[1].componentTypeId": null

11-06-2024T18:02:02 - [TEST_STEP][PASSED] - homebanner_componentType = "components[0].componentAssets[1].componentType": null

11-06-2024T18:02:02 - [TEST_STEP][PASSED] - homebanner_image = "components[0].componentAssets[1].image": null

11-06-2024T18:02:02 - [TEST_STEP][PASSED] - homebanner_bannerDesc = "components[0].componentAssets[1].bannerDesc": null

11-06-2024T18:02:02 - [TEST_STEP][PASSED] - homebanner_isAgeRestricted = "components[0].componentAssets[1].isAgeRestricted": null

11-06-2024T18:02:02 - [TEST_STEP][PASSED] - homebanner_link = "components[0].componentAssets[1].link": null

11-06-2024T18:02:02 - [TEST_STEP][PASSED] - homebanner_weblink = "components[0].componentAssets[1].weblink": null

11-06-2024T18:02:02 - [TEST_STEP][PASSED] - homebanner_bannerName = "components[0].componentAssets[1].bannerName": null

11-06-2024T18:02:02 - [TEST_STEP][PASSED] - homebanner_linkType = "components[0].componentAssets[1].linkType": null

11-06-2024T18:02:02 - [TEST_STEP][PASSED] - homebanner_storeLogo = "components[0].componentAssets[1].storeLogo": null

11-06-2024T18:02:02 - [TEST_STEP][PASSED] - homebanner_corporateColorCode = "components[0].componentAssets[1].corporateColorCode": null

11-06-2024T18:02:02 - [TEST_STEP][PASSED] - CategoryCluster_componentTypeId = "components[1].componentTypeId": null

11-06-2024T18:02:02 - [TEST_STEP][PASSED] - CategoryCluster_componentType = "components[1].componentType": null

11-06-2024T18:02:02 - [TEST_STEP][PASSED] - CategoryCluster_storeSelectorvalue = "components[1].storeSelector.value": null

11-06-2024T18:02:02 - [TEST_STEP][PASSED] - CategoryCluster_groupingName = "components[1].groupingName": null

11-06-2024T18:02:02 - [TEST_STEP][PASSED] - CategoryCluster_isCluster = "components[1].isCluster": null

11-06-2024T18:02:02 - [TEST_STEP][PASSED] - CategoryCluster_clusterName = "components[1].clusterName": null

11-06-2024T18:02:02 - [TEST_STEP][PASSED] - CategoryCluster_nodesLength = "components[1].nodesLength": null

11-06-2024T18:02:02 - [TEST_STEP][PASSED] - CategoryCluster_link = "components[1].link": null

11-06-2024T18:02:02 - [TEST_STEP][PASSED] - CategoryCluster_linkType = "components[1].linkType": null

11-06-2024T18:02:02 - [TEST_STEP][PASSED] - CategoryCluster_ID = "components[1].storeList[0].ID": null

11-06-2024T18:02:02 - [TEST_STEP][PASSED] - CategoryCluster_name = "components[1].storeList[0].name": null

11-06-2024T18:02:02 - [TEST_STEP][PASSED] - CategoryCluster_logo = "components[1].storeList[0].logo": null

11-06-2024T18:02:02 - [TEST_STEP][PASSED] - CategoryCluster_corporateColorCode = "components[1].storeList[0].corporateColorCode": null

11-06-2024T18:02:02 - [TEST_STEP][PASSED] - CategoryCluster_corporateName = "components[1].storeList[0].corporateName": null

11-06-2024T18:02:02 - [TEST_STEP][PASSED] - CategoryCluster_storeOpen = "components[1].storeList[0].storeOpen": null

11-06-2024T18:02:02 - [TEST_STEP][PASSED] - CategoryCluster_OpenHrs = "components[1].storeList[0].OpenHrs": null

11-06-2024T18:02:02 - [TEST_STEP][PASSED] - CategoryCluster_multistoreEDD = "components[1].storeList[0].multistoreEDD": null

11-06-2024T18:02:02 - [TEST_STEP][PASSED] - CategoryCluster_isAgeRestricted = "components[1].storeList[0].isAgeRestricted": null

11-06-2024T18:02:02 - [TEST_STEP][PASSED] - CategoryCluster_link = "components[1].storeList[0].link": null

11-06-2024T18:02:02 - [TEST_STEP][PASSED] - CategoryCluster_linkType = "components[1].storeList[0].linkType": null

11-06-2024T18:02:02 - [TEST_STEP][PASSED] - CategoryCluster1_componentTypeId = "components[2].componentTypeId": null

11-06-2024T18:02:02 - [TEST_STEP][PASSED] - CategoryCluster1_componentType = "components[2].componentType": null

11-06-2024T18:02:02 - [TEST_STEP][PASSED] - CategoryCluster1_storeSelectorvalue = "components[2].storeSelector.value": null

11-06-2024T18:02:02 - [TEST_STEP][PASSED] - CategoryCluster1_groupingName = "components[2].groupingName": null

11-06-2024T18:02:02 - [TEST_STEP][PASSED] - CategoryCluster1_isCluster = "components[2].isCluster": null

11-06-2024T18:02:02 - [TEST_STEP][PASSED] - CategoryCluster1_clusterName = "components[2].clusterName": null

11-06-2024T18:02:02 - [TEST_STEP][PASSED] - CategoryCluster1_nodesLength = "components[2].nodesLength": null

11-06-2024T18:02:02 - [TEST_STEP][PASSED] - CategoryCluster1_link = "components[2].link": null

11-06-2024T18:02:02 - [TEST_STEP][PASSED] - CategoryCluster1_linkType = "components[2].linkType": null

11-06-2024T18:02:02 - [TEST_STEP][PASSED] - CategoryCluster1_ID = "components[2].storeList[0].ID": null

11-06-2024T18:02:02 - [TEST_STEP][PASSED] - CategoryCluster1_name = "components[2].storeList[0].name": null

11-06-2024T18:02:02 - [TEST_STEP][PASSED] - CategoryCluster1_logo = "components[2].storeList[0].logo": null

11-06-2024T18:02:02 - [TEST_STEP][PASSED] - CategoryCluster1_corporateColorCode = "components[2].storeList[0].corporateColorCode": null

11-06-2024T18:02:02 - [TEST_STEP][PASSED] - CategoryCluster1_corporateName = "components[2].storeList[0].corporateName": null

11-06-2024T18:02:02 - [TEST_STEP][PASSED] - CategoryCluster1_isInRange = "components[2].storeList[0].isInRange": null

11-06-2024T18:02:02 - [TEST_STEP][PASSED] - CategoryCluster1_storeOpen = "components[2].storeList[0].storeOpen": null

11-06-2024T18:02:02 - [TEST_STEP][PASSED] - CategoryCluster1_OpenHrs = "components[2].storeList[0].OpenHrs": null

11-06-2024T18:02:02 - [TEST_STEP][PASSED] - CategoryCluster1_ondemandEDD = "components[2].storeList[0].ondemandEDD": null

11-06-2024T18:02:02 - [TEST_STEP][PASSED] - CategoryCluster1_isAgeRestricted = "components[2].storeList[0].isAgeRestricted": null

11-06-2024T18:02:02 - [TEST_STEP][PASSED] - CategoryCluster1_link = "components[2].storeList[0].link": null

11-06-2024T18:02:02 - [TEST_STEP][PASSED] - CategoryCluster1_linkType = "components[2].storeList[0].linkType": null

11-06-2024T18:02:02 - [TEST_STEP][PASSED] - GroupingStores_componentTypeId = "components[5].componentTypeId": null

11-06-2024T18:02:02 - [TEST_STEP][PASSED] - GroupingStores_componentType = "components[5].componentType": null

11-06-2024T18:02:02 - [TEST_STEP][PASSED] - GroupingStores_groupingName = "components[5].groupingName": null

11-06-2024T18:02:02 - [TEST_STEP][PASSED] - GroupingStores_linkType = "components[5].linkType": null

11-06-2024T18:02:02 - [TEST_STEP][PASSED] - GroupingStores_link = "components[5].link": null

11-06-2024T18:02:02 - [TEST_STEP][PASSED] - GroupingStores_componentTypeId = "components[5].componentAssets[0].componentTypeId": null

11-06-2024T18:02:02 - [TEST_STEP][PASSED] - GroupingStores_componentType = "components[5].componentAssets[0].componentType": null

11-06-2024T18:02:02 - [TEST_STEP][PASSED] - GroupingStores_storeDesc = "components[5].componentAssets[0].storeDesc": null

11-06-2024T18:02:02 - [TEST_STEP][PASSED] - GroupingStores_Storelink = "components[5].componentAssets[0].link": null

11-06-2024T18:02:02 - [TEST_STEP][PASSED] - GroupingStores_StorelinkType = "components[5].componentAssets[0].linkType": null

11-06-2024T18:02:02 - [TEST_STEP][PASSED] - GroupingStores_bgImage = "components[5].componentAssets[0].bgImage": null

11-06-2024T18:02:02 - [TEST_STEP][PASSED] - GroupingStores_storeIDvalue = "components[5].componentAssets[0].storeID.value": null

11-06-2024T18:02:02 - [TEST_STEP][PASSED] - GroupingStores_logo = "components[5].componentAssets[0].logo": null

11-06-2024T18:02:02 - [TEST_STEP][PASSED] - GroupingStores_storeName = "components[5].componentAssets[0].storeName": null

11-06-2024T18:02:02 - [TEST_STEP][PASSED] - GroupingStores_corporateColorCode = "components[5].componentAssets[0].corporateColorCode": null

11-06-2024T18:02:02 - [TEST_STEP][PASSED] - GroupingStores_corporateName = "components[5].componentAssets[0].corporateName": null

11-06-2024T18:02:02 - [TEST_STEP][PASSED] - GroupingStores_ondemandEDD = "components[5].componentAssets[0].ondemandEDD": null

11-06-2024T18:02:02 - [TEST_STEP][PASSED] - GroupingStores_multistoreEDD = "components[5].componentAssets[0].multistoreEDD": null

11-06-2024T18:02:02 - [TEST_STEP][PASSED] - GroupingStores_storeOpen = "components[5].componentAssets[0].storeOpen": null

11-06-2024T18:02:02 - [TEST_STEP][PASSED] - GroupingStores_OpenHrs = "components[5].componentAssets[0].OpenHrs": null

11-06-2024T18:02:02 - [TEST_STEP][PASSED] - GroupingStores_isAgeRestricted = "components[5].componentAssets[0].isAgeRestricted": null

11-06-2024T18:02:02 - [TEST_STEP][PASSED] - totalplay.Common.verifyPropertyExist(SLP_Response, homebanner_pageId): totalplay.Common.verifyPropertyExist is PASSED

11-06-2024T18:02:02 - [MESSAGE][INFO] - Checking response object

11-06-2024T18:02:02 - [MESSAGE][PASSED] - totalplay.Common.verifyPropertyExist is PASSED

11-06-2024T18:02:02 - [TEST_STEP][PASSED] - totalplay.Common.verifyPropertyValueExist(SLP_Response, homebanner_pageId): totalplay.Common.verifyPropertyValueExist is PASSED

11-06-2024T18:02:02 - [MESSAGE][INFO] - Checking response object

11-06-2024T18:02:02 - [MESSAGE][INFO] - storelistingpage

11-06-2024T18:02:02 - [MESSAGE][PASSED] - totalplay.Common.verifyPropertyValueExist is PASSED

11-06-2024T18:02:02 - [TEST_STEP][PASSED] - totalplay.Common.verifyPropertyExist(SLP_Response, homebanner_pageTypeId): totalplay.Common.verifyPropertyExist is PASSED

11-06-2024T18:02:02 - [MESSAGE][INFO] - Checking response object

11-06-2024T18:02:02 - [MESSAGE][PASSED] - totalplay.Common.verifyPropertyExist is PASSED

11-06-2024T18:02:02 - [TEST_STEP][PASSED] - totalplay.Common.verifyPropertyValueExist(SLP_Response, homebanner_pageTypeId): totalplay.Common.verifyPropertyValueExist is PASSED

11-06-2024T18:02:02 - [MESSAGE][INFO] - Checking response object

11-06-2024T18:02:02 - [MESSAGE][INFO] - storeListing

11-06-2024T18:02:02 - [MESSAGE][PASSED] - totalplay.Common.verifyPropertyValueExist is PASSED

11-06-2024T18:02:02 - [TEST_STEP][PASSED] - totalplay.Common.verifyPropertyExist(SLP_Response, homebanner_pageTitle): totalplay.Common.verifyPropertyExist is PASSED

11-06-2024T18:02:02 - [MESSAGE][INFO] - Checking response object

11-06-2024T18:02:02 - [MESSAGE][PASSED] - totalplay.Common.verifyPropertyExist is PASSED

11-06-2024T18:02:02 - [TEST_STEP][PASSED] - totalplay.Common.verifyPropertyValueExist(SLP_Response, homebanner_pageTitle): totalplay.Common.verifyPropertyValueExist is PASSED

11-06-2024T18:02:02 - [MESSAGE][INFO] - Checking response object

11-06-2024T18:02:02 - [MESSAGE][INFO] - Store Listing Page (SLP)

11-06-2024T18:02:02 - [MESSAGE][PASSED] - totalplay.Common.verifyPropertyValueExist is PASSED

11-06-2024T18:02:02 - [TEST_STEP][PASSED] - totalplay.Common.verifyPropertyExist(SLP_Response, homebanner_textHeadline): totalplay.Common.verifyPropertyExist is PASSED

11-06-2024T18:02:02 - [MESSAGE][INFO] - Checking response object

11-06-2024T18:02:02 - [MESSAGE][PASSED] - totalplay.Common.verifyPropertyExist is PASSED

11-06-2024T18:02:02 - [TEST_STEP][PASSED] - totalplay.Common.verifyPropertyValueExist(SLP_Response, homebanner_textHeadline): totalplay.Common.verifyPropertyValueExist is PASSED

11-06-2024T18:02:02 - [MESSAGE][INFO] - Checking response object

11-06-2024T18:02:02 - [MESSAGE][INFO] - Main Banner

11-06-2024T18:02:02 - [MESSAGE][PASSED] - totalplay.Common.verifyPropertyValueExist is PASSED

11-06-2024T18:02:02 - [TEST_STEP][PASSED] - totalplay.Common.verifyPropertyExist(SLP_Response, homebanner_image): totalplay.Common.verifyPropertyExist is PASSED

11-06-2024T18:02:02 - [MESSAGE][INFO] - Checking response object

11-06-2024T18:02:02 - [MESSAGE][PASSED] - totalplay.Common.verifyPropertyExist is PASSED

11-06-2024T18:02:02 - [TEST_STEP][PASSED] - totalplay.Common.verifyPropertyValueExist(SLP_Response, homebanner_image): totalplay.Common.verifyPropertyValueExist is PASSED

11-06-2024T18:02:02 - [MESSAGE][INFO] - Checking response object

11-06-2024T18:02:02 - [MESSAGE][INFO] - https://salesforceqa.sistemastp.com.mx/dw/image/v2/BJCL_DEV/on/demandware.static/-/Sites-TP-SHOP-Library/default/dwa66dede4/Hero_Pari_Portada (1).png

11-06-2024T18:02:02 - [MESSAGE][PASSED] - totalplay.Common.verifyPropertyValueExist is PASSED

11-06-2024T18:02:02 - [TEST_STEP][PASSED] - totalplay.Common.verifyPropertyExist(SLP_Response, homebanner_bannerDesc): totalplay.Common.verifyPropertyExist is PASSED

11-06-2024T18:02:02 - [MESSAGE][INFO] - Checking response object

11-06-2024T18:02:02 - [MESSAGE][PASSED] - totalplay.Common.verifyPropertyExist is PASSED

11-06-2024T18:02:02 - [TEST_STEP][PASSED] - totalplay.Common.verifyPropertyValueExist(SLP_Response, homebanner_bannerDesc): totalplay.Common.verifyPropertyValueExist is PASSED

11-06-2024T18:02:02 - [MESSAGE][INFO] - Checking response object

11-06-2024T18:02:03 - [MESSAGE][INFO] - Pari

11-06-2024T18:02:03 - [MESSAGE][PASSED] - totalplay.Common.verifyPropertyValueExist is PASSED

11-06-2024T18:02:03 - [TEST_STEP][PASSED] - totalplay.Common.getBooleanValueofObject(SLP_Response, homebanner_isAgeRestricted): totalplay.Common.getBooleanValueofObject is PASSED

11-06-2024T18:02:03 - [MESSAGE][INFO] - Checking response object

11-06-2024T18:02:03 - [MESSAGE][PASSED] - totalplay.Common.getBooleanValueofObject is PASSED

11-06-2024T18:02:03 - [TEST_STEP][PASSED] - totalplay.Common.verifyPropertyExist(SLP_Response, homebanner_link): totalplay.Common.verifyPropertyExist is PASSED

11-06-2024T18:02:03 - [MESSAGE][INFO] - Checking response object

11-06-2024T18:02:03 - [MESSAGE][PASSED] - totalplay.Common.verifyPropertyExist is PASSED

11-06-2024T18:02:03 - [TEST_STEP][PASSED] - totalplay.Common.verifyPropertyValueExist(SLP_Response, homebanner_link): totalplay.Common.verifyPropertyValueExist is PASSED

11-06-2024T18:02:03 - [MESSAGE][INFO] - Checking response object

11-06-2024T18:02:03 - [MESSAGE][INFO] - /dw/shop/v23_1/content/seller-home-page-store?c_imageChannel=iptv&corporateName=PARI

11-06-2024T18:02:03 - [MESSAGE][PASSED] - totalplay.Common.verifyPropertyValueExist is PASSED

11-06-2024T18:02:03 - [TEST_STEP][PASSED] - totalplay.Common.verifyPropertyExist(SLP_Response, homebanner_bannerName): totalplay.Common.verifyPropertyExist is PASSED

11-06-2024T18:02:03 - [MESSAGE][INFO] - Checking response object

11-06-2024T18:02:03 - [MESSAGE][PASSED] - totalplay.Common.verifyPropertyExist is PASSED

11-06-2024T18:02:03 - [TEST_STEP][PASSED] - totalplay.Common.verifyPropertyValueExist(SLP_Response, homebanner_bannerName): totalplay.Common.verifyPropertyValueExist is PASSED

11-06-2024T18:02:03 - [MESSAGE][INFO] - Checking response object

11-06-2024T18:02:03 - [MESSAGE][INFO] - PARI

11-06-2024T18:02:03 - [MESSAGE][PASSED] - totalplay.Common.verifyPropertyValueExist is PASSED

11-06-2024T18:02:03 - [TEST_STEP][PASSED] - totalplay.Common.verifyPropertyExist(SLP_Response, homebanner_linkType): totalplay.Common.verifyPropertyExist is PASSED

11-06-2024T18:02:03 - [MESSAGE][INFO] - Checking response object

11-06-2024T18:02:03 - [MESSAGE][PASSED] - totalplay.Common.verifyPropertyExist is PASSED

11-06-2024T18:02:03 - [TEST_STEP][PASSED] - totalplay.Common.verifyPropertyValueExist(SLP_Response, homebanner_linkType): totalplay.Common.verifyPropertyValueExist is PASSED

11-06-2024T18:02:03 - [MESSAGE][INFO] - Checking response object

11-06-2024T18:02:03 - [MESSAGE][INFO] - PLP

11-06-2024T18:02:03 - [MESSAGE][PASSED] - totalplay.Common.verifyPropertyValueExist is PASSED

11-06-2024T18:02:03 - [TEST_STEP][PASSED] - totalplay.Common.getBooleanValueofObject(SLP_Response, homebanner_storeLogo): totalplay.Common.getBooleanValueofObject is PASSED

11-06-2024T18:02:03 - [MESSAGE][INFO] - Checking response object

11-06-2024T18:02:03 - [MESSAGE][PASSED] - totalplay.Common.getBooleanValueofObject is PASSED

11-06-2024T18:02:03 - [TEST_STEP][PASSED] - totalplay.Common.verifyPropertyExist(SLP_Response, homebanner_corporateColorCode): totalplay.Common.verifyPropertyExist is PASSED

11-06-2024T18:02:03 - [MESSAGE][INFO] - Checking response object

11-06-2024T18:02:03 - [MESSAGE][PASSED] - totalplay.Common.verifyPropertyExist is PASSED

11-06-2024T18:02:03 - [TEST_STEP][PASSED] - totalplay.Common.verifyPropertyExist(SLP_Response, CategoryCluster_storeSelectorvalue): totalplay.Common.verifyPropertyExist is PASSED

11-06-2024T18:02:03 - [MESSAGE][INFO] - Checking response object

11-06-2024T18:02:03 - [MESSAGE][PASSED] - totalplay.Common.verifyPropertyExist is PASSED

11-06-2024T18:02:03 - [TEST_STEP][PASSED] - totalplay.Common.verifyPropertyValueExist(SLP_Response, CategoryCluster_storeSelectorvalue): totalplay.Common.verifyPropertyValueExist is PASSED

11-06-2024T18:02:03 - [MESSAGE][INFO] - Checking response object

11-06-2024T18:02:03 - [MESSAGE][INFO] - 2017,2016,2152,2177,

11-06-2024T18:02:03 - [MESSAGE][PASSED] - totalplay.Common.verifyPropertyValueExist is PASSED

11-06-2024T18:02:03 - [TEST_STEP][PASSED] - totalplay.Common.verifyPropertyExist(SLP_Response, CategoryCluster_groupingName): totalplay.Common.verifyPropertyExist is PASSED

11-06-2024T18:02:03 - [MESSAGE][INFO] - Checking response object

11-06-2024T18:02:03 - [MESSAGE][PASSED] - totalplay.Common.verifyPropertyExist is PASSED

11-06-2024T18:02:03 - [TEST_STEP][PASSED] - totalplay.Common.verifyPropertyValueExist(SLP_Response, CategoryCluster_groupingName): totalplay.Common.verifyPropertyValueExist is PASSED

11-06-2024T18:02:03 - [MESSAGE][INFO] - Checking response object

11-06-2024T18:02:03 - [MESSAGE][INFO] - Hogar

11-06-2024T18:02:03 - [MESSAGE][PASSED] - totalplay.Common.verifyPropertyValueExist is PASSED

11-06-2024T18:02:03 - [TEST_STEP][PASSED] - totalplay.Common.getBooleanValueofObject(SLP_Response, CategoryCluster_isCluster): totalplay.Common.getBooleanValueofObject is PASSED

11-06-2024T18:02:03 - [MESSAGE][INFO] - Checking response object

11-06-2024T18:02:03 - [MESSAGE][PASSED] - totalplay.Common.getBooleanValueofObject is PASSED

11-06-2024T18:02:03 - [TEST_STEP][PASSED] - totalplay.Common.verifyPropertyExist(SLP_Response, CategoryCluster_clusterName): totalplay.Common.verifyPropertyExist is PASSED

11-06-2024T18:02:03 - [MESSAGE][INFO] - Checking response object

11-06-2024T18:02:03 - [MESSAGE][PASSED] - totalplay.Common.verifyPropertyExist is PASSED

11-06-2024T18:02:03 - [TEST_STEP][PASSED] - totalplay.Common.verifyPropertyValueExist(SLP_Response, CategoryCluster_clusterName): totalplay.Common.verifyPropertyValueExist is PASSED

11-06-2024T18:02:03 - [MESSAGE][INFO] - Checking response object

11-06-2024T18:02:03 - [MESSAGE][INFO] - Hogar

11-06-2024T18:02:03 - [MESSAGE][PASSED] - totalplay.Common.verifyPropertyValueExist is PASSED

11-06-2024T18:02:03 - [TEST_STEP][PASSED] - totalplay.Common.getNumValueofObject(SLP_Response, CategoryCluster_nodesLength): totalplay.Common.getNumValueofObject is PASSED

11-06-2024T18:02:03 - [MESSAGE][INFO] - Checking response object

11-06-2024T18:02:03 - [MESSAGE][PASSED] - totalplay.Common.getNumValueofObject is PASSED

11-06-2024T18:02:03 - [TEST_STEP][PASSED] - totalplay.Common.verifyPropertyExist(SLP_Response, CategoryCluster_link): totalplay.Common.verifyPropertyExist is PASSED

11-06-2024T18:02:03 - [MESSAGE][INFO] - Checking response object

11-06-2024T18:02:03 - [MESSAGE][PASSED] - totalplay.Common.verifyPropertyExist is PASSED

11-06-2024T18:02:03 - [TEST_STEP][PASSED] - totalplay.Common.verifyPropertyValueExist(SLP_Response, CategoryCluster_link): totalplay.Common.verifyPropertyValueExist is PASSED

11-06-2024T18:02:03 - [MESSAGE][INFO] - Checking response object

11-06-2024T18:02:03 - [MESSAGE][INFO] - /dw/shop/v23_1/content/seller-home-page-store?sellerID=2017&corporateName=tpShop

11-06-2024T18:02:03 - [MESSAGE][PASSED] - totalplay.Common.verifyPropertyValueExist is PASSED

11-06-2024T18:02:03 - [TEST_STEP][PASSED] - totalplay.Common.verifyPropertyExist(SLP_Response, CategoryCluster_linkType): totalplay.Common.verifyPropertyExist is PASSED

11-06-2024T18:02:03 - [MESSAGE][INFO] - Checking response object

11-06-2024T18:02:03 - [MESSAGE][PASSED] - totalplay.Common.verifyPropertyExist is PASSED

11-06-2024T18:02:03 - [TEST_STEP][PASSED] - totalplay.Common.verifyPropertyValueExist(SLP_Response, CategoryCluster_linkType): totalplay.Common.verifyPropertyValueExist is PASSED

11-06-2024T18:02:03 - [MESSAGE][INFO] - Checking response object

11-06-2024T18:02:03 - [MESSAGE][INFO] - PLP

11-06-2024T18:02:03 - [MESSAGE][PASSED] - totalplay.Common.verifyPropertyValueExist is PASSED

11-06-2024T18:02:03 - [TEST_STEP][PASSED] - totalplay.Common.verifyPropertyExist(SLP_Response, CategoryCluster_ID): totalplay.Common.verifyPropertyExist is PASSED

11-06-2024T18:02:03 - [MESSAGE][INFO] - Checking response object

11-06-2024T18:02:04 - [MESSAGE][PASSED] - totalplay.Common.verifyPropertyExist is PASSED

11-06-2024T18:02:04 - [TEST_STEP][PASSED] - totalplay.Common.verifyPropertyValueExist(SLP_Response, CategoryCluster_ID): totalplay.Common.verifyPropertyValueExist is PASSED

11-06-2024T18:02:04 - [MESSAGE][INFO] - Checking response object

11-06-2024T18:02:04 - [MESSAGE][INFO] - 2017

11-06-2024T18:02:04 - [MESSAGE][PASSED] - totalplay.Common.verifyPropertyValueExist is PASSED

11-06-2024T18:02:04 - [TEST_STEP][PASSED] - totalplay.Common.verifyPropertyExist(SLP_Response, CategoryCluster_name): totalplay.Common.verifyPropertyExist is PASSED

11-06-2024T18:02:04 - [MESSAGE][INFO] - Checking response object

11-06-2024T18:02:04 - [MESSAGE][PASSED] - totalplay.Common.verifyPropertyExist is PASSED

11-06-2024T18:02:04 - [TEST_STEP][PASSED] - totalplay.Common.verifyPropertyValueExist(SLP_Response, CategoryCluster_name): totalplay.Common.verifyPropertyValueExist is PASSED

11-06-2024T18:02:04 - [MESSAGE][INFO] - Checking response object

11-06-2024T18:02:04 - [MESSAGE][INFO] - Foodmates

11-06-2024T18:02:04 - [MESSAGE][PASSED] - totalplay.Common.verifyPropertyValueExist is PASSED

11-06-2024T18:02:04 - [TEST_STEP][FAILED] - totalplay.Common.verifyPropertyExist(SLP_Response, CategoryCluster_logo): Test Cases/TotalPlay-Shop/TC_2_StoreListingPage(SLP) FAILED.
Reason:
Assertion failed: 

assert PropertyCount>0
       |            |
       0            false

	at totalplay.Common.verifyPropertyExist(Common.groovy:40)
	at jdk.internal.reflect.GeneratedMethodAccessor7.invoke(Unknown Source)
	at java.base/jdk.internal.reflect.DelegatingMethodAccessorImpl.invoke(DelegatingMethodAccessorImpl.java:43)
	at com.kms.katalon.core.main.CustomKeywordDelegatingMetaClass.invokeStaticMethod(CustomKeywordDelegatingMetaClass.java:55)
	at TC_2_StoreListingPage(SLP).run(TC_2_StoreListingPage(SLP):183)
	at com.kms.katalon.core.main.ScriptEngine.run(ScriptEngine.java:194)
	at com.kms.katalon.core.main.ScriptEngine.runScriptAsRawText(ScriptEngine.java:119)
	at com.kms.katalon.core.main.TestCaseExecutor.runScript(TestCaseExecutor.java:448)
	at com.kms.katalon.core.main.TestCaseExecutor.doExecute(TestCaseExecutor.java:439)
	at com.kms.katalon.core.main.TestCaseExecutor.processExecutionPhase(TestCaseExecutor.java:418)
	at com.kms.katalon.core.main.TestCaseExecutor.accessMainPhase(TestCaseExecutor.java:410)
	at com.kms.katalon.core.main.TestCaseExecutor.execute(TestCaseExecutor.java:285)
	at com.kms.katalon.core.common.CommonExecutor.accessTestCaseMainPhase(CommonExecutor.java:65)
	at com.kms.katalon.core.main.TestSuiteExecutor.accessTestSuiteMainPhase(TestSuiteExecutor.java:150)
	at com.kms.katalon.core.main.TestSuiteExecutor.execute(TestSuiteExecutor.java:106)
	at com.kms.katalon.core.main.TestCaseMain.startTestSuite(TestCaseMain.java:180)
	at TempTestSuite1718109097791.run(TempTestSuite1718109097791.groovy:35)
	at java.base/jdk.internal.reflect.NativeMethodAccessorImpl.invoke0(Native Method)
	at java.base/jdk.internal.reflect.NativeMethodAccessorImpl.invoke(NativeMethodAccessorImpl.java:77)
	at java.base/jdk.internal.reflect.DelegatingMethodAccessorImpl.invoke(DelegatingMethodAccessorImpl.java:43)


11-06-2024T18:02:04 - [MESSAGE][INFO] - Checking response object

11-06-2024T18:02:04 - [MESSAGE][FAILED] - Assertion failed: 

assert PropertyCount>0
       |            |
       0            false


11-06-2024T18:02:04 - [MESSAGE][FAILED] - Test Cases/TotalPlay-Shop/TC_2_StoreListingPage(SLP) FAILED.
Reason:
Assertion failed: 

assert PropertyCount>0
       |            |
       0            false

	at totalplay.Common.verifyPropertyExist(Common.groovy:40)
	at jdk.internal.reflect.GeneratedMethodAccessor7.invoke(Unknown Source)
	at java.base/jdk.internal.reflect.DelegatingMethodAccessorImpl.invoke(DelegatingMethodAccessorImpl.java:43)
	at com.kms.katalon.core.main.CustomKeywordDelegatingMetaClass.invokeStaticMethod(CustomKeywordDelegatingMetaClass.java:55)
	at TC_2_StoreListingPage(SLP).run(TC_2_StoreListingPage(SLP):183)
	at com.kms.katalon.core.main.ScriptEngine.run(ScriptEngine.java:194)
	at com.kms.katalon.core.main.ScriptEngine.runScriptAsRawText(ScriptEngine.java:119)
	at com.kms.katalon.core.main.TestCaseExecutor.runScript(TestCaseExecutor.java:448)
	at com.kms.katalon.core.main.TestCaseExecutor.doExecute(TestCaseExecutor.java:439)
	at com.kms.katalon.core.main.TestCaseExecutor.processExecutionPhase(TestCaseExecutor.java:418)
	at com.kms.katalon.core.main.TestCaseExecutor.accessMainPhase(TestCaseExecutor.java:410)
	at com.kms.katalon.core.main.TestCaseExecutor.execute(TestCaseExecutor.java:285)
	at com.kms.katalon.core.common.CommonExecutor.accessTestCaseMainPhase(CommonExecutor.java:65)
	at com.kms.katalon.core.main.TestSuiteExecutor.accessTestSuiteMainPhase(TestSuiteExecutor.java:150)
	at com.kms.katalon.core.main.TestSuiteExecutor.execute(TestSuiteExecutor.java:106)
	at com.kms.katalon.core.main.TestCaseMain.startTestSuite(TestCaseMain.java:180)
	at TempTestSuite1718109097791.run(TempTestSuite1718109097791.groovy:35)
	at java.base/jdk.internal.reflect.NativeMethodAccessorImpl.invoke0(Native Method)
	at java.base/jdk.internal.reflect.NativeMethodAccessorImpl.invoke(NativeMethodAccessorImpl.java:77)
	at java.base/jdk.internal.reflect.DelegatingMethodAccessorImpl.invoke(DelegatingMethodAccessorImpl.java:43)]]></system-out>
         <system-err><![CDATA[11-06-2024T18:01:52 - [TEST_CASE][ERROR] - Test Cases/TotalPlay-Shop/TC_2_StoreListingPage(SLP): Test Cases/TotalPlay-Shop/TC_2_StoreListingPage(SLP) FAILED.
Reason:
org.codehaus.groovy.runtime.InvokerInvocationException: Assertion failed: 

assert PropertyCount>0
       |            |
       0            false

	at com.kms.katalon.core.main.CustomKeywordDelegatingMetaClass.invokeStaticMethod(CustomKeywordDelegatingMetaClass.java:55)
	at TC_2_StoreListingPage(SLP).run(TC_2_StoreListingPage(SLP):183)
	at com.kms.katalon.core.main.ScriptEngine.run(ScriptEngine.java:194)
	at com.kms.katalon.core.main.ScriptEngine.runScriptAsRawText(ScriptEngine.java:119)
	at com.kms.katalon.core.main.TestCaseExecutor.runScript(TestCaseExecutor.java:448)
	at com.kms.katalon.core.main.TestCaseExecutor.doExecute(TestCaseExecutor.java:439)
	at com.kms.katalon.core.main.TestCaseExecutor.processExecutionPhase(TestCaseExecutor.java:418)
	at com.kms.katalon.core.main.TestCaseExecutor.accessMainPhase(TestCaseExecutor.java:410)
	at com.kms.katalon.core.main.TestCaseExecutor.execute(TestCaseExecutor.java:285)
	at com.kms.katalon.core.common.CommonExecutor.accessTestCaseMainPhase(CommonExecutor.java:65)
	at com.kms.katalon.core.main.TestSuiteExecutor.accessTestSuiteMainPhase(TestSuiteExecutor.java:150)
	at com.kms.katalon.core.main.TestSuiteExecutor.execute(TestSuiteExecutor.java:106)
	at com.kms.katalon.core.main.TestCaseMain.startTestSuite(TestCaseMain.java:180)
	at TempTestSuite1718109097791.run(TempTestSuite1718109097791.groovy:35)
	at java.base/jdk.internal.reflect.NativeMethodAccessorImpl.invoke0(Native Method)
	at java.base/jdk.internal.reflect.NativeMethodAccessorImpl.invoke(NativeMethodAccessorImpl.java:77)
	at java.base/jdk.internal.reflect.DelegatingMethodAccessorImpl.invoke(DelegatingMethodAccessorImpl.java:43)
Caused by: Assertion failed: 

assert PropertyCount>0
       |            |
       0            false

	at totalplay.Common.verifyPropertyExist(Common.groovy:40)
	at jdk.internal.reflect.GeneratedMethodAccessor7.invoke(Unknown Source)
	at java.base/jdk.internal.reflect.DelegatingMethodAccessorImpl.invoke(DelegatingMethodAccessorImpl.java:43)
	... 17 more]]></system-err>
      </testcase>
      <testcase name="Test Cases/TotalPlay-Shop/TC_3_PLPMultistore" time="9.548" classname="Test Cases/TotalPlay-Shop/TC_3_PLPMultistore" status="PASSED">
         <system-out><![CDATA[11-06-2024T18:02:04 - [TEST_CASE][PASSED] - Test Cases/TotalPlay-Shop/TC_3_PLPMultistore: Test Cases/TotalPlay-Shop/TC_3_PLPMultistore

11-06-2024T18:02:04 - [TEST_STEP][PASSED] - callTestCase(findTestCase("TotalPlay-Shop/TC_1_InterfaceLogin"), [:], STOP_ON_FAILURE): Call Test Case 'Test Cases/TotalPlay-Shop/TC_1_InterfaceLogin' successfully

11-06-2024T18:02:04 - [MESSAGE][INFO] - Checking called Test Case

11-06-2024T18:02:04 - [MESSAGE][INFO] - Starting to call Test Case 'Test Cases/TotalPlay-Shop/TC_1_InterfaceLogin'

11-06-2024T18:02:05 - [TEST_CASE][PASSED] - Test Cases/TotalPlay-Shop/TC_1_InterfaceLogin: Test Cases/TotalPlay-Shop/TC_1_InterfaceLogin

11-06-2024T18:02:05 - [TEST_STEP][PASSED] - LoginResponse = sendRequest(findTestObject("TotalPlay-Shop/Interface Login (SLAS)", ["URL":URL, "SITEID":SITEID])): Send request successfully

11-06-2024T18:02:05 - [MESSAGE][INFO] - Finding Test Object 'Object Repository/TotalPlay-Shop/Interface Login (SLAS)'

11-06-2024T18:02:05 - [MESSAGE][INFO] - Checking request object

11-06-2024T18:02:07 - [MESSAGE][INFO] - HAR: D:\Automation\KogniveraGithub\TotalPlay_Automation\totalplay-API\totalplay-automation\Reports\20240611_180136\Shop-Services\20240611_180137\requests\main\3.har

11-06-2024T18:02:07 - [MESSAGE][PASSED] - Send request successfully

11-06-2024T18:02:07 - [TEST_STEP][PASSED] - assert getResponseStatusCode(LoginResponse) == 200: Checking response object

11-06-2024T18:02:07 - [MESSAGE][INFO] - Checking response object

11-06-2024T18:02:07 - [TEST_STEP][PASSED] - Auth = "ocapiResponse.access_token": null

11-06-2024T18:02:07 - [TEST_STEP][PASSED] - sfccAuthorization = getElementPropertyValue(LoginResponse, Auth): Checking response object

11-06-2024T18:02:07 - [MESSAGE][INFO] - Checking response object

11-06-2024T18:02:07 - [TEST_STEP][PASSED] - logInfo(sfccAuthorization): eyJ2ZXIiOiIxLjAiLCJqa3UiOiJzbGFzL3Byb2QvYmpjbF9kZXYiLCJraWQiOiIzOWM0NGRmMy01OGI5LTQ3YWEtODNhMC05NWMwOTBiZGNkMzciLCJ0eXAiOiJqd3QiLCJjbHYiOiJKMi4zLjQiLCJhbGciOiJFUzI1NiJ9.eyJhdXQiOiJHVUlEIiwic2NwIjoic2ZjYy5zaG9wcGVyLW15YWNjb3VudC5iYXNrZXRzIHNmY2Muc2hvcHBlci1kaXNjb3Zlcnktc2VhcmNoIHNmY2Muc2hvcHBlci1teWFjY291bnQuYWRkcmVzc2VzIHNmY2Muc2hvcHBlci1wcm9kdWN0cyBzZmNjLnNob3BwZXItbXlhY2NvdW50LnJ3IHNmY2Muc2hvcHBlci1teWFjY291bnQucGF5bWVudGluc3RydW1lbnRzIHNmY2Muc2hvcHBlci1jdXN0b21lcnMubG9naW4gc2ZjYy5zaG9wcGVyLXN0b3JlcyBzZmNjLnNob3BwZXItbXlhY2NvdW50Lm9yZGVycyBzZmNjLnNob3BwZXItYmFza2V0cy1vcmRlcnMgc2ZjYy5zaG9wcGVyLWN1c3RvbWVycy5yZWdpc3RlciBzZmNjLnNob3BwZXItbXlhY2NvdW50LmFkZHJlc3Nlcy5ydyBzZmNjLnNob3BwZXItbXlhY2NvdW50LnByb2R1Y3RsaXN0cy5ydyBzZmNjLnNob3BwZXItcHJvZHVjdGxpc3RzIHNmY2Muc2hvcHBlci1wcm9tb3Rpb25zIHNmY2Muc2hvcHBlci1iYXNrZXRzLW9yZGVycy5ydyBzZmNjLnNob3BwZXItZ2lmdC1jZXJ0aWZpY2F0ZXMgc2ZjYy5zaG9wcGVyLW15YWNjb3VudC5wYXltZW50aW5zdHJ1bWVudHMucncgc2ZjYy5zaG9wcGVyLXByb2R1Y3Qtc2VhcmNoIHNmY2Muc2hvcHBlci1teWFjY291bnQucHJvZHVjdGxpc3RzIHNmY2Muc2hvcHBlci1jYXRlZ29yaWVzIHNmY2Muc2hvcHBlci1teWFjY291bnQiLCJzdWIiOiJjYy1zbGFzOjpiamNsX2Rldjo6c2NpZDo1ZDI1ZjVmYS01YTRmLTQ2YjUtYTIxMS04NzU1NDJjODVhYzE6OnVzaWQ6Zjc0NWZkM2YtOGJiZS00ZDE4LWJlYTQtNzVmM2ZhNDFkNDcyIiwiY3R4Ijoic2xhcyIsImlzcyI6InNsYXMvcHJvZC9iamNsX2RldiIsImlzdCI6MSwiZG50IjoiMCIsImF1ZCI6ImNvbW1lcmNlY2xvdWQvcHJvZC9iamNsX2RldiIsIm5iZiI6MTcxODEwOTA5Niwic3R5IjoiVXNlciIsImlzYiI6InVpZG86ZWNvbTo6dXBuOnFhLnRvdGFscGxheSswMTAwOTg3MTA1QGdtYWlsLmNvbTo6dWlkbjpSaWNhcmRvICBDb3JvbmEgQ3J1ejo6Z2NpZDphYnhIQVlsdXhJazB3Um1laEd4cVlZeGJjMjo6cmNpZDphY25SYldxdWpIQ3BnOW9xNlYyaGt1VGFTVzo6Y2hpZDpUUC1TSE9QIiwiZXhwIjoxNzE4MTEwOTI2LCJpYXQiOjE3MTgxMDkxMjYsImp0aSI6IkMyQy0xMzExNTYzNTcwMTc4NzUxMTg1MDI5MDI2MjEzMDE2MDU2NDkifQ.q-QdlHH6-3HnsP9dxz_EE9gmNZW62GLRijj9I5aovHYBXvkdLyZU5gYPX7KcNAUM53YMy90US2dlH3L3xTXRRQ

11-06-2024T18:02:07 - [MESSAGE][INFO] - eyJ2ZXIiOiIxLjAiLCJqa3UiOiJzbGFzL3Byb2QvYmpjbF9kZXYiLCJraWQiOiIzOWM0NGRmMy01OGI5LTQ3YWEtODNhMC05NWMwOTBiZGNkMzciLCJ0eXAiOiJqd3QiLCJjbHYiOiJKMi4zLjQiLCJhbGciOiJFUzI1NiJ9.eyJhdXQiOiJHVUlEIiwic2NwIjoic2ZjYy5zaG9wcGVyLW15YWNjb3VudC5iYXNrZXRzIHNmY2Muc2hvcHBlci1kaXNjb3Zlcnktc2VhcmNoIHNmY2Muc2hvcHBlci1teWFjY291bnQuYWRkcmVzc2VzIHNmY2Muc2hvcHBlci1wcm9kdWN0cyBzZmNjLnNob3BwZXItbXlhY2NvdW50LnJ3IHNmY2Muc2hvcHBlci1teWFjY291bnQucGF5bWVudGluc3RydW1lbnRzIHNmY2Muc2hvcHBlci1jdXN0b21lcnMubG9naW4gc2ZjYy5zaG9wcGVyLXN0b3JlcyBzZmNjLnNob3BwZXItbXlhY2NvdW50Lm9yZGVycyBzZmNjLnNob3BwZXItYmFza2V0cy1vcmRlcnMgc2ZjYy5zaG9wcGVyLWN1c3RvbWVycy5yZWdpc3RlciBzZmNjLnNob3BwZXItbXlhY2NvdW50LmFkZHJlc3Nlcy5ydyBzZmNjLnNob3BwZXItbXlhY2NvdW50LnByb2R1Y3RsaXN0cy5ydyBzZmNjLnNob3BwZXItcHJvZHVjdGxpc3RzIHNmY2Muc2hvcHBlci1wcm9tb3Rpb25zIHNmY2Muc2hvcHBlci1iYXNrZXRzLW9yZGVycy5ydyBzZmNjLnNob3BwZXItZ2lmdC1jZXJ0aWZpY2F0ZXMgc2ZjYy5zaG9wcGVyLW15YWNjb3VudC5wYXltZW50aW5zdHJ1bWVudHMucncgc2ZjYy5zaG9wcGVyLXByb2R1Y3Qtc2VhcmNoIHNmY2Muc2hvcHBlci1teWFjY291bnQucHJvZHVjdGxpc3RzIHNmY2Muc2hvcHBlci1jYXRlZ29yaWVzIHNmY2Muc2hvcHBlci1teWFjY291bnQiLCJzdWIiOiJjYy1zbGFzOjpiamNsX2Rldjo6c2NpZDo1ZDI1ZjVmYS01YTRmLTQ2YjUtYTIxMS04NzU1NDJjODVhYzE6OnVzaWQ6Zjc0NWZkM2YtOGJiZS00ZDE4LWJlYTQtNzVmM2ZhNDFkNDcyIiwiY3R4Ijoic2xhcyIsImlzcyI6InNsYXMvcHJvZC9iamNsX2RldiIsImlzdCI6MSwiZG50IjoiMCIsImF1ZCI6ImNvbW1lcmNlY2xvdWQvcHJvZC9iamNsX2RldiIsIm5iZiI6MTcxODEwOTA5Niwic3R5IjoiVXNlciIsImlzYiI6InVpZG86ZWNvbTo6dXBuOnFhLnRvdGFscGxheSswMTAwOTg3MTA1QGdtYWlsLmNvbTo6dWlkbjpSaWNhcmRvICBDb3JvbmEgQ3J1ejo6Z2NpZDphYnhIQVlsdXhJazB3Um1laEd4cVlZeGJjMjo6cmNpZDphY25SYldxdWpIQ3BnOW9xNlYyaGt1VGFTVzo6Y2hpZDpUUC1TSE9QIiwiZXhwIjoxNzE4MTEwOTI2LCJpYXQiOjE3MTgxMDkxMjYsImp0aSI6IkMyQy0xMzExNTYzNTcwMTc4NzUxMTg1MDI5MDI2MjEzMDE2MDU2NDkifQ.q-QdlHH6-3HnsP9dxz_EE9gmNZW62GLRijj9I5aovHYBXvkdLyZU5gYPX7KcNAUM53YMy90US2dlH3L3xTXRRQ

11-06-2024T18:02:07 - [TEST_STEP][PASSED] - Authorization = "Bearer " + sfccAuthorization: null

11-06-2024T18:02:07 - [TEST_STEP][PASSED] - logInfo(bm_auth_token): 

11-06-2024T18:02:07 - [MESSAGE][INFO] - 

11-06-2024T18:02:07 - [TEST_STEP][PASSED] - if (sfccAuthorization.length() == 0): null

11-06-2024T18:02:07 - [TEST_STEP][PASSED] - else: authorization generated

11-06-2024T18:02:07 - [TEST_STEP][PASSED] - markPassed("authorization generated"): authorization generated

11-06-2024T18:02:07 - [MESSAGE][PASSED] - authorization generated

11-06-2024T18:02:07 - [TEST_STEP][PASSED] - BasketId_loginResponse = "ocapiResponse.c_basketId": null

11-06-2024T18:02:07 - [TEST_STEP][PASSED] - CustomerId_loginResponse = "ocapiResponse.customer_id": null

11-06-2024T18:02:07 - [TEST_STEP][PASSED] - basketId = getElementPropertyValue(LoginResponse, BasketId_loginResponse): Checking response object

11-06-2024T18:02:07 - [MESSAGE][INFO] - Checking response object

11-06-2024T18:02:07 - [TEST_STEP][PASSED] - customerId = getElementPropertyValue(LoginResponse, CustomerId_loginResponse): Checking response object

11-06-2024T18:02:07 - [MESSAGE][INFO] - Checking response object

11-06-2024T18:02:07 - [TEST_STEP][PASSED] - basketID = basketId: null

11-06-2024T18:02:07 - [TEST_STEP][PASSED] - sla_customerId = customerId: null

11-06-2024T18:02:07 - [TEST_STEP][PASSED] - println(basketID): null

11-06-2024T18:02:07 - [TEST_STEP][PASSED] - println(sla_customerId): null

11-06-2024T18:02:07 - [TEST_STEP][PASSED] - refresh_token = "ocapiResponse.refresh_token": null

11-06-2024T18:02:07 - [TEST_STEP][PASSED] - customer_email = "ocapiResponse.customer_email": null

11-06-2024T18:02:07 - [TEST_STEP][PASSED] - c_brmId = "ocapiResponse.c_brmId": null

11-06-2024T18:02:07 - [TEST_STEP][PASSED] - customer_name = "ocapiResponse.customer_name": null

11-06-2024T18:02:07 - [TEST_STEP][PASSED] - totalplay.Common.verifyPropertyExist(LoginResponse, refresh_token): totalplay.Common.verifyPropertyExist is PASSED

11-06-2024T18:02:07 - [MESSAGE][INFO] - Checking response object

11-06-2024T18:02:07 - [MESSAGE][PASSED] - totalplay.Common.verifyPropertyExist is PASSED

11-06-2024T18:02:07 - [TEST_STEP][PASSED] - totalplay.Common.verifyPropertyValueExist(LoginResponse, refresh_token): totalplay.Common.verifyPropertyValueExist is PASSED

11-06-2024T18:02:07 - [MESSAGE][INFO] - Checking response object

11-06-2024T18:02:07 - [MESSAGE][INFO] - MUsR8OQEXUyfglH1ur8jXSeLB7-lX2UfRI4h1WD0fXE

11-06-2024T18:02:07 - [MESSAGE][PASSED] - totalplay.Common.verifyPropertyValueExist is PASSED

11-06-2024T18:02:07 - [TEST_STEP][PASSED] - totalplay.Common.verifyPropertyExist(LoginResponse, customer_email): totalplay.Common.verifyPropertyExist is PASSED

11-06-2024T18:02:07 - [MESSAGE][INFO] - Checking response object

11-06-2024T18:02:07 - [MESSAGE][PASSED] - totalplay.Common.verifyPropertyExist is PASSED

11-06-2024T18:02:07 - [TEST_STEP][PASSED] - totalplay.Common.verifyPropertyValueExist(LoginResponse, customer_email): totalplay.Common.verifyPropertyValueExist is PASSED

11-06-2024T18:02:07 - [MESSAGE][INFO] - Checking response object

11-06-2024T18:02:07 - [MESSAGE][INFO] - qa.totalplay@gmail.com

11-06-2024T18:02:07 - [MESSAGE][PASSED] - totalplay.Common.verifyPropertyValueExist is PASSED

11-06-2024T18:02:07 - [TEST_STEP][PASSED] - totalplay.Common.verifyPropertyExist(LoginResponse, customer_name): totalplay.Common.verifyPropertyExist is PASSED

11-06-2024T18:02:07 - [MESSAGE][INFO] - Checking response object

11-06-2024T18:02:07 - [MESSAGE][PASSED] - totalplay.Common.verifyPropertyExist is PASSED

11-06-2024T18:02:07 - [TEST_STEP][PASSED] - totalplay.Common.verifyPropertyValueExist(LoginResponse, customer_name): totalplay.Common.verifyPropertyValueExist is PASSED

11-06-2024T18:02:07 - [MESSAGE][INFO] - Checking response object

11-06-2024T18:02:07 - [MESSAGE][INFO] - Ricardo  Corona Cruz

11-06-2024T18:02:07 - [MESSAGE][PASSED] - totalplay.Common.verifyPropertyValueExist is PASSED

11-06-2024T18:02:07 - [TEST_STEP][PASSED] - totalplay.Common.verifyPropertyExist(LoginResponse, c_brmId): totalplay.Common.verifyPropertyExist is PASSED

11-06-2024T18:02:07 - [MESSAGE][INFO] - Checking response object

11-06-2024T18:02:07 - [MESSAGE][PASSED] - totalplay.Common.verifyPropertyExist is PASSED

11-06-2024T18:02:07 - [TEST_STEP][PASSED] - totalplay.Common.verifyPropertyValueExist(LoginResponse, c_brmId): totalplay.Common.verifyPropertyValueExist is PASSED

11-06-2024T18:02:07 - [MESSAGE][INFO] - Checking response object

11-06-2024T18:02:07 - [MESSAGE][INFO] - 0100987105

11-06-2024T18:02:07 - [MESSAGE][PASSED] - totalplay.Common.verifyPropertyValueExist is PASSED

11-06-2024T18:02:07 - [MESSAGE][PASSED] - Call Test Case 'Test Cases/TotalPlay-Shop/TC_1_InterfaceLogin' successfully

11-06-2024T18:02:07 - [TEST_STEP][PASSED] - PLP_MultistoreResponse = sendRequest(findTestObject("TotalPlay-Shop/Postman/PLP/PLP Multistore", ["URL":URL, "SITEID":SITEID])): Send request successfully

11-06-2024T18:02:07 - [MESSAGE][INFO] - Finding Test Object 'Object Repository/TotalPlay-Shop/Postman/PLP/PLP Multistore'

11-06-2024T18:02:07 - [MESSAGE][INFO] - Checking request object

11-06-2024T18:02:10 - [MESSAGE][INFO] - HAR: D:\Automation\KogniveraGithub\TotalPlay_Automation\totalplay-API\totalplay-automation\Reports\20240611_180136\Shop-Services\20240611_180137\requests\main\4.har

11-06-2024T18:02:10 - [MESSAGE][PASSED] - Send request successfully

11-06-2024T18:02:10 - [TEST_STEP][PASSED] - verifyResponseStatusCode(PLP_MultistoreResponse, 200): Verify response status code successfully

11-06-2024T18:02:10 - [MESSAGE][INFO] - Checking response object

11-06-2024T18:02:10 - [MESSAGE][PASSED] - Verify response status code successfully

11-06-2024T18:02:10 - [TEST_STEP][PASSED] - pageId = "pageId": null

11-06-2024T18:02:10 - [TEST_STEP][PASSED] - pageTypeId = "pageTypeId": null

11-06-2024T18:02:10 - [TEST_STEP][PASSED] - pageTitle = "pageTitle": null

11-06-2024T18:02:10 - [TEST_STEP][PASSED] - components_componentTypeId = "components[0].componentTypeId": null

11-06-2024T18:02:10 - [TEST_STEP][PASSED] - components_componentType = "components[0].componentType": null

11-06-2024T18:02:10 - [TEST_STEP][PASSED] - components_storeData_ID = "components[0].storeData.ID": null

11-06-2024T18:02:10 - [TEST_STEP][PASSED] - components_storeData_name = "components[0].storeData.name": null

11-06-2024T18:02:10 - [TEST_STEP][PASSED] - components_storeData_logo = "components[0].storeData.logo": null

11-06-2024T18:02:10 - [TEST_STEP][PASSED] - components_storeData_todayOpenHrs = "components[0].storeData.todayOpenHrs": null

11-06-2024T18:02:10 - [TEST_STEP][PASSED] - components_storeData_storeType = "components[0].storeData.storeType": null

11-06-2024T18:02:10 - [TEST_STEP][PASSED] - components_storeData_verticalsAvailable = "components[0].storeData.verticalsAvailable": null

11-06-2024T18:02:10 - [TEST_STEP][PASSED] - components_storeData_MultistoreEDD = "components[0].storeData.MultistoreEDD": null

11-06-2024T18:02:10 - [TEST_STEP][PASSED] - components_storeData_link = "components[0].storeData.link": null

11-06-2024T18:02:10 - [TEST_STEP][PASSED] - components_storeData_open = "components[0].storeData.open": null

11-06-2024T18:02:10 - [TEST_STEP][PASSED] - components_storeData_linkType = "components[0].storeData.linkType": null

11-06-2024T18:02:10 - [TEST_STEP][PASSED] - components_storeData_corporateColorCode = "components[0].storeData.corporateColorCode": null

11-06-2024T18:02:10 - [TEST_STEP][PASSED] - components_storeData_ageShowWarningModel = "components[0].storeData.ageShowWarningModel": null

11-06-2024T18:02:10 - [TEST_STEP][PASSED] - components_componentTypeId = "components[1].componentTypeId": null

11-06-2024T18:02:10 - [TEST_STEP][PASSED] - components_componentTypeId = "components[2].componentTypeId": null

11-06-2024T18:02:10 - [TEST_STEP][PASSED] - components_bannerLayout = "components[2].bannerLayout": null

11-06-2024T18:02:10 - [TEST_STEP][PASSED] - components_textHeadline = "components[2].textHeadline": null

11-06-2024T18:02:10 - [TEST_STEP][PASSED] - components_componentAssets_componentTypeId = "components[2].componentAssets[0].componentTypeId": null

11-06-2024T18:02:10 - [TEST_STEP][PASSED] - components_componentAssets_image = "components[2].componentAssets[0].image": null

11-06-2024T18:02:10 - [TEST_STEP][PASSED] - components_componentAssets_componentType = "components[2].componentAssets[0].componentType": null

11-06-2024T18:02:10 - [TEST_STEP][PASSED] - components_componentAssets_bannerDesc = "components[2].componentAssets[0].bannerDesc": null

11-06-2024T18:02:10 - [TEST_STEP][PASSED] - components_componentAssets_isAgeRestricted = "components[2].componentAssets[0].isAgeRestricted": null

11-06-2024T18:02:10 - [TEST_STEP][PASSED] - components_componentAssets_link = "components[2].componentAssets[0].link": null

11-06-2024T18:02:10 - [TEST_STEP][PASSED] - components_componentAssets_bannerName = "components[2].componentAssets[0].bannerName": null

11-06-2024T18:02:10 - [TEST_STEP][PASSED] - components_componentAssets_linkType = "components[2].componentAssets[0].linkType": null

11-06-2024T18:02:10 - [TEST_STEP][PASSED] - components_componentAssets_storeLogo = "components[2].componentAssets[0].storeLogo": null

11-06-2024T18:02:10 - [TEST_STEP][PASSED] - components_componentAssets_corporateColorCode = "components[2].componentAssets[0].corporateColorCode": null

11-06-2024T18:02:10 - [TEST_STEP][PASSED] - components_componentType = "components[3].componentType": null

11-06-2024T18:02:10 - [TEST_STEP][PASSED] - components_componentTypeId = "components[3].componentTypeId": null

11-06-2024T18:02:10 - [TEST_STEP][PASSED] - components_carouselHeading = "components[3].carouselHeading": null

11-06-2024T18:02:10 - [TEST_STEP][PASSED] - components_heading = "components[3].heading": null

11-06-2024T18:02:10 - [TEST_STEP][PASSED] - components_componentAssets_componentTypeId = "components[3].componentAssets[0].componentTypeId": null

11-06-2024T18:02:10 - [TEST_STEP][PASSED] - components_componentAssets_category_name = "components[3].componentAssets[0].category.name": null

11-06-2024T18:02:10 - [TEST_STEP][PASSED] - components_componentAssets_componentType = "components[3].componentAssets[0].componentType": null

11-06-2024T18:02:10 - [TEST_STEP][PASSED] - components_componentAssets_category_id = "components[3].componentAssets[0].category.id": null

11-06-2024T18:02:10 - [TEST_STEP][PASSED] - components_componentAssets_category_image = "components[3].componentAssets[0].category.image": null

11-06-2024T18:02:10 - [TEST_STEP][PASSED] - components_componentAssets_category_url = "components[3].componentAssets[0].category.url": null

11-06-2024T18:02:10 - [TEST_STEP][PASSED] - components_componentAssets_category_linkType = "components[3].componentAssets[0].category.linkType": null

11-06-2024T18:02:10 - [TEST_STEP][PASSED] - components_componentAssets_category_isLeaf = "components[3].componentAssets[0].category.isLeaf": null

11-06-2024T18:02:10 - [TEST_STEP][PASSED] - components_componentAssets_category_subCategory_name = "components[3].componentAssets[0].category.subCategory[0].name": null

11-06-2024T18:02:10 - [TEST_STEP][PASSED] - components_componentAssets_category_subCategory_id = "components[3].componentAssets[0].category.subCategory[0].id": null

11-06-2024T18:02:10 - [TEST_STEP][PASSED] - components_componentAssets_category_subCategory_image = "components[3].componentAssets[0].category.subCategory[0].image": null

11-06-2024T18:02:10 - [TEST_STEP][PASSED] - components_componentAssets_category_subCategory_url = "components[3].componentAssets[0].category.subCategory[0].url": null

11-06-2024T18:02:10 - [TEST_STEP][PASSED] - components_componentAssets_category_subCategory_isLeaf = "components[3].componentAssets[0].category.subCategory[0].isLeaf": null

11-06-2024T18:02:10 - [TEST_STEP][PASSED] - components_componentAssets_promotionMessage = "components[3].componentAssets[0].promotionMessage": null

11-06-2024T18:02:10 - [TEST_STEP][PASSED] - components_componentTypeId = "components[4].componentTypeId": null

11-06-2024T18:02:10 - [TEST_STEP][PASSED] - components_componentType = "components[4].componentType": null

11-06-2024T18:02:10 - [TEST_STEP][PASSED] - components_filterTitle = "components[4].filterTitle": null

11-06-2024T18:02:10 - [TEST_STEP][PASSED] - components_layout = "components[4].layout": null

11-06-2024T18:02:10 - [TEST_STEP][PASSED] - components_productSelector_value = "components[4].productSelector.value": null

11-06-2024T18:02:10 - [TEST_STEP][PASSED] - components_title = "components[4].title": null

11-06-2024T18:02:10 - [TEST_STEP][PASSED] - components_viewMore = "components[4].viewMore": null

11-06-2024T18:02:10 - [TEST_STEP][PASSED] - components_products_online = "components[4].products[0].online": null

11-06-2024T18:02:10 - [TEST_STEP][PASSED] - components_linkType = "components[4].linkType": null

11-06-2024T18:02:10 - [TEST_STEP][PASSED] - components_products_link = "components[4].products[0].link": null

11-06-2024T18:02:10 - [TEST_STEP][PASSED] - components_products_linkType = "components[4].products[0].linkType": null

11-06-2024T18:02:10 - [TEST_STEP][PASSED] - components_products_productId = "components[4].products[0].productId": null

11-06-2024T18:02:10 - [TEST_STEP][PASSED] - components_products_productName = "components[4].products[0].productName": null

11-06-2024T18:02:10 - [TEST_STEP][PASSED] - components_products_productType = "components[4].products[0].productType": null

11-06-2024T18:02:10 - [TEST_STEP][PASSED] - components_products_basePrice_value = "components[4].products[0].basePrice.value": null

11-06-2024T18:02:10 - [TEST_STEP][PASSED] - components_products_basePrice_formatted = "components[4].products[0].basePrice.formatted": null

11-06-2024T18:02:10 - [TEST_STEP][PASSED] - components_products_salePrice_value = "components[4].products[0].salePrice.value": null

11-06-2024T18:02:10 - [TEST_STEP][PASSED] - components_products_image = "components[4].products[0].image": null

11-06-2024T18:02:10 - [TEST_STEP][PASSED] - components_products_image_url = "components[4].products[0].image[0].url": null

11-06-2024T18:02:10 - [TEST_STEP][PASSED] - components_products_image_title = "components[4].products[0].image[0].title": null

11-06-2024T18:02:10 - [TEST_STEP][PASSED] - components_products_promotionName = "components[4].products[0].promotionName": null

11-06-2024T18:02:10 - [TEST_STEP][PASSED] - components_products_discount_percentage = "components[4].products[0].discount_percentage": null

11-06-2024T18:02:10 - [TEST_STEP][PASSED] - components_products_isVariant = "components[4].products[0].isVariant": null

11-06-2024T18:02:10 - [TEST_STEP][PASSED] - components_products_bestOfferPrice = "components[4].products[0].bestOfferPrice": null

11-06-2024T18:02:10 - [TEST_STEP][PASSED] - components_products = "components[4].products[1]": null

11-06-2024T18:02:10 - [TEST_STEP][PASSED] - components_products_colorSwatches = "components[4].products[0].colorSwatches": null

11-06-2024T18:02:10 - [TEST_STEP][PASSED] - totalplay.Common.verifyPropertyExist(PLP_MultistoreResponse, components_componentTypeId): totalplay.Common.verifyPropertyExist is PASSED

11-06-2024T18:02:10 - [MESSAGE][INFO] - Checking response object

11-06-2024T18:02:10 - [MESSAGE][PASSED] - totalplay.Common.verifyPropertyExist is PASSED

11-06-2024T18:02:10 - [TEST_STEP][PASSED] - totalplay.Common.verifyPropertyValueExist(PLP_MultistoreResponse, components_componentTypeId): totalplay.Common.verifyPropertyValueExist is PASSED

11-06-2024T18:02:10 - [MESSAGE][INFO] - Checking response object

11-06-2024T18:02:10 - [MESSAGE][INFO] - commerce_layouts.BrandCards

11-06-2024T18:02:10 - [MESSAGE][PASSED] - totalplay.Common.verifyPropertyValueExist is PASSED

11-06-2024T18:02:10 - [TEST_STEP][PASSED] - totalplay.Common.verifyPropertyExist(PLP_MultistoreResponse, components_componentType): totalplay.Common.verifyPropertyExist is PASSED

11-06-2024T18:02:10 - [MESSAGE][INFO] - Checking response object

11-06-2024T18:02:10 - [MESSAGE][PASSED] - totalplay.Common.verifyPropertyExist is PASSED

11-06-2024T18:02:10 - [TEST_STEP][PASSED] - totalplay.Common.verifyPropertyValueExist(PLP_MultistoreResponse, components_componentType): totalplay.Common.verifyPropertyValueExist is PASSED

11-06-2024T18:02:10 - [MESSAGE][INFO] - Checking response object

11-06-2024T18:02:10 - [MESSAGE][INFO] - commerce_layouts

11-06-2024T18:02:10 - [MESSAGE][PASSED] - totalplay.Common.verifyPropertyValueExist is PASSED

11-06-2024T18:02:10 - [TEST_STEP][PASSED] - totalplay.Common.verifyPropertyExist(PLP_MultistoreResponse, pageTitle): totalplay.Common.verifyPropertyExist is PASSED

11-06-2024T18:02:10 - [MESSAGE][INFO] - Checking response object

11-06-2024T18:02:10 - [MESSAGE][PASSED] - totalplay.Common.verifyPropertyExist is PASSED

11-06-2024T18:02:10 - [TEST_STEP][PASSED] - totalplay.Common.verifyPropertyValueExist(PLP_MultistoreResponse, pageTitle): totalplay.Common.verifyPropertyValueExist is PASSED

11-06-2024T18:02:10 - [MESSAGE][INFO] - Checking response object

11-06-2024T18:02:10 - [MESSAGE][INFO] - Seller Page

11-06-2024T18:02:10 - [MESSAGE][PASSED] - totalplay.Common.verifyPropertyValueExist is PASSED

11-06-2024T18:02:10 - [TEST_STEP][PASSED] - totalplay.Common.verifyPropertyExist(PLP_MultistoreResponse, pageTypeId): totalplay.Common.verifyPropertyExist is PASSED

11-06-2024T18:02:10 - [MESSAGE][INFO] - Checking response object

11-06-2024T18:02:10 - [MESSAGE][PASSED] - totalplay.Common.verifyPropertyExist is PASSED

11-06-2024T18:02:10 - [TEST_STEP][PASSED] - totalplay.Common.verifyPropertyValueExist(PLP_MultistoreResponse, pageTypeId): totalplay.Common.verifyPropertyValueExist is PASSED

11-06-2024T18:02:10 - [MESSAGE][INFO] - Checking response object

11-06-2024T18:02:11 - [MESSAGE][INFO] - sellerPage

11-06-2024T18:02:11 - [MESSAGE][PASSED] - totalplay.Common.verifyPropertyValueExist is PASSED

11-06-2024T18:02:11 - [TEST_STEP][PASSED] - totalplay.Common.verifyPropertyExist(PLP_MultistoreResponse, pageId): totalplay.Common.verifyPropertyExist is PASSED

11-06-2024T18:02:11 - [MESSAGE][INFO] - Checking response object

11-06-2024T18:02:11 - [MESSAGE][PASSED] - totalplay.Common.verifyPropertyExist is PASSED

11-06-2024T18:02:11 - [TEST_STEP][PASSED] - totalplay.Common.verifyPropertyValueExist(PLP_MultistoreResponse, pageId): totalplay.Common.verifyPropertyValueExist is PASSED

11-06-2024T18:02:11 - [MESSAGE][INFO] - Checking response object

11-06-2024T18:02:11 - [MESSAGE][INFO] - iusa-store

11-06-2024T18:02:11 - [MESSAGE][PASSED] - totalplay.Common.verifyPropertyValueExist is PASSED

11-06-2024T18:02:11 - [TEST_STEP][PASSED] - totalplay.Common.verifyPropertyExist(PLP_MultistoreResponse, components_storeData_MultistoreEDD): totalplay.Common.verifyPropertyExist is PASSED

11-06-2024T18:02:11 - [MESSAGE][INFO] - Checking response object

11-06-2024T18:02:11 - [MESSAGE][PASSED] - totalplay.Common.verifyPropertyExist is PASSED

11-06-2024T18:02:11 - [TEST_STEP][PASSED] - totalplay.Common.verifyPropertyValueExist(PLP_MultistoreResponse, components_storeData_MultistoreEDD): totalplay.Common.verifyPropertyValueExist is PASSED

11-06-2024T18:02:11 - [MESSAGE][INFO] - Checking response object

11-06-2024T18:02:11 - [MESSAGE][INFO] - 1 - 8 días

11-06-2024T18:02:11 - [MESSAGE][PASSED] - totalplay.Common.verifyPropertyValueExist is PASSED

11-06-2024T18:02:11 - [TEST_STEP][PASSED] - totalplay.Common.verifyPropertyExist(PLP_MultistoreResponse, components_storeData_verticalsAvailable): totalplay.Common.verifyPropertyExist is PASSED

11-06-2024T18:02:11 - [MESSAGE][INFO] - Checking response object

11-06-2024T18:02:11 - [MESSAGE][PASSED] - totalplay.Common.verifyPropertyExist is PASSED

11-06-2024T18:02:11 - [TEST_STEP][PASSED] - totalplay.Common.verifyPropertyValueExist(PLP_MultistoreResponse, components_storeData_verticalsAvailable): totalplay.Common.verifyPropertyValueExist is PASSED

11-06-2024T18:02:11 - [MESSAGE][INFO] - Checking response object

11-06-2024T18:02:11 - [MESSAGE][INFO] - Only MultiStore

11-06-2024T18:02:11 - [MESSAGE][PASSED] - totalplay.Common.verifyPropertyValueExist is PASSED

11-06-2024T18:02:11 - [TEST_STEP][PASSED] - totalplay.Common.verifyPropertyExist(PLP_MultistoreResponse, components_storeData_storeType): totalplay.Common.verifyPropertyExist is PASSED

11-06-2024T18:02:11 - [MESSAGE][INFO] - Checking response object

11-06-2024T18:02:11 - [MESSAGE][PASSED] - totalplay.Common.verifyPropertyExist is PASSED

11-06-2024T18:02:11 - [TEST_STEP][PASSED] - totalplay.Common.verifyPropertyValueExist(PLP_MultistoreResponse, components_storeData_storeType): totalplay.Common.verifyPropertyValueExist is PASSED

11-06-2024T18:02:11 - [MESSAGE][INFO] - Checking response object

11-06-2024T18:02:11 - [MESSAGE][INFO] - Hogar

11-06-2024T18:02:11 - [MESSAGE][PASSED] - totalplay.Common.verifyPropertyValueExist is PASSED

11-06-2024T18:02:11 - [TEST_STEP][PASSED] - totalplay.Common.verifyPropertyExist(PLP_MultistoreResponse, components_storeData_ID): totalplay.Common.verifyPropertyExist is PASSED

11-06-2024T18:02:11 - [MESSAGE][INFO] - Checking response object

11-06-2024T18:02:11 - [MESSAGE][PASSED] - totalplay.Common.verifyPropertyExist is PASSED

11-06-2024T18:02:11 - [TEST_STEP][PASSED] - totalplay.Common.verifyPropertyValueExist(PLP_MultistoreResponse, components_storeData_ID): totalplay.Common.verifyPropertyValueExist is PASSED

11-06-2024T18:02:11 - [MESSAGE][INFO] - Checking response object

11-06-2024T18:02:11 - [MESSAGE][INFO] - 2016

11-06-2024T18:02:11 - [MESSAGE][PASSED] - totalplay.Common.verifyPropertyValueExist is PASSED

11-06-2024T18:02:11 - [TEST_STEP][PASSED] - totalplay.Common.verifyPropertyExist(PLP_MultistoreResponse, components_storeData_name): totalplay.Common.verifyPropertyExist is PASSED

11-06-2024T18:02:11 - [MESSAGE][INFO] - Checking response object

11-06-2024T18:02:11 - [MESSAGE][PASSED] - totalplay.Common.verifyPropertyExist is PASSED

11-06-2024T18:02:11 - [TEST_STEP][PASSED] - totalplay.Common.verifyPropertyValueExist(PLP_MultistoreResponse, components_storeData_name): totalplay.Common.verifyPropertyValueExist is PASSED

11-06-2024T18:02:11 - [MESSAGE][INFO] - Checking response object

11-06-2024T18:02:11 - [MESSAGE][INFO] - IUSA

11-06-2024T18:02:11 - [MESSAGE][PASSED] - totalplay.Common.verifyPropertyValueExist is PASSED

11-06-2024T18:02:11 - [TEST_STEP][PASSED] - totalplay.Common.verifyPropertyExist(PLP_MultistoreResponse, components_storeData_logo): totalplay.Common.verifyPropertyExist is PASSED

11-06-2024T18:02:11 - [MESSAGE][INFO] - Checking response object

11-06-2024T18:02:11 - [MESSAGE][PASSED] - totalplay.Common.verifyPropertyExist is PASSED

11-06-2024T18:02:11 - [TEST_STEP][PASSED] - totalplay.Common.verifyPropertyValueExist(PLP_MultistoreResponse, components_storeData_logo): totalplay.Common.verifyPropertyValueExist is PASSED

11-06-2024T18:02:11 - [MESSAGE][INFO] - Checking response object

11-06-2024T18:02:11 - [MESSAGE][INFO] - https://salesforceqa.sistemastp.com.mx/on/demandware.static/-/Sites/default/dw02a8496f/images/seller/201663076.54363523943

11-06-2024T18:02:11 - [MESSAGE][PASSED] - totalplay.Common.verifyPropertyValueExist is PASSED

11-06-2024T18:02:11 - [TEST_STEP][PASSED] - totalplay.Common.verifyPropertyExist(PLP_MultistoreResponse, components_storeData_verticalsAvailable): totalplay.Common.verifyPropertyExist is PASSED

11-06-2024T18:02:11 - [MESSAGE][INFO] - Checking response object

11-06-2024T18:02:11 - [MESSAGE][PASSED] - totalplay.Common.verifyPropertyExist is PASSED

11-06-2024T18:02:11 - [TEST_STEP][PASSED] - totalplay.Common.verifyPropertyValueExist(PLP_MultistoreResponse, components_storeData_verticalsAvailable): totalplay.Common.verifyPropertyValueExist is PASSED

11-06-2024T18:02:11 - [MESSAGE][INFO] - Checking response object

11-06-2024T18:02:11 - [MESSAGE][INFO] - Only MultiStore

11-06-2024T18:02:11 - [MESSAGE][PASSED] - totalplay.Common.verifyPropertyValueExist is PASSED

11-06-2024T18:02:11 - [TEST_STEP][PASSED] - totalplay.Common.verifyPropertyExist(PLP_MultistoreResponse, components_storeData_storeType): totalplay.Common.verifyPropertyExist is PASSED

11-06-2024T18:02:11 - [MESSAGE][INFO] - Checking response object

11-06-2024T18:02:11 - [MESSAGE][PASSED] - totalplay.Common.verifyPropertyExist is PASSED

11-06-2024T18:02:11 - [TEST_STEP][PASSED] - totalplay.Common.verifyPropertyValueExist(PLP_MultistoreResponse, components_storeData_storeType): totalplay.Common.verifyPropertyValueExist is PASSED

11-06-2024T18:02:11 - [MESSAGE][INFO] - Checking response object

11-06-2024T18:02:11 - [MESSAGE][INFO] - Hogar

11-06-2024T18:02:11 - [MESSAGE][PASSED] - totalplay.Common.verifyPropertyValueExist is PASSED

11-06-2024T18:02:11 - [TEST_STEP][PASSED] - totalplay.Common.verifyPropertyExist(PLP_MultistoreResponse, components_storeData_MultistoreEDD): totalplay.Common.verifyPropertyExist is PASSED

11-06-2024T18:02:11 - [MESSAGE][INFO] - Checking response object

11-06-2024T18:02:11 - [MESSAGE][PASSED] - totalplay.Common.verifyPropertyExist is PASSED

11-06-2024T18:02:11 - [TEST_STEP][PASSED] - totalplay.Common.verifyPropertyValueExist(PLP_MultistoreResponse, components_storeData_MultistoreEDD): totalplay.Common.verifyPropertyValueExist is PASSED

11-06-2024T18:02:11 - [MESSAGE][INFO] - Checking response object

11-06-2024T18:02:11 - [MESSAGE][INFO] - 1 - 8 días

11-06-2024T18:02:11 - [MESSAGE][PASSED] - totalplay.Common.verifyPropertyValueExist is PASSED

11-06-2024T18:02:11 - [TEST_STEP][PASSED] - totalplay.Common.getBooleanValueofObject(PLP_MultistoreResponse, components_storeData_open): totalplay.Common.getBooleanValueofObject is PASSED

11-06-2024T18:02:11 - [MESSAGE][INFO] - Checking response object

11-06-2024T18:02:11 - [MESSAGE][PASSED] - totalplay.Common.getBooleanValueofObject is PASSED

11-06-2024T18:02:11 - [TEST_STEP][PASSED] - totalplay.Common.verifyPropertyExist(PLP_MultistoreResponse, components_storeData_link): totalplay.Common.verifyPropertyExist is PASSED

11-06-2024T18:02:11 - [MESSAGE][INFO] - Checking response object

11-06-2024T18:02:11 - [MESSAGE][PASSED] - totalplay.Common.verifyPropertyExist is PASSED

11-06-2024T18:02:11 - [TEST_STEP][PASSED] - totalplay.Common.verifyPropertyValueExist(PLP_MultistoreResponse, components_storeData_link): totalplay.Common.verifyPropertyValueExist is PASSED

11-06-2024T18:02:11 - [MESSAGE][INFO] - Checking response object

11-06-2024T18:02:11 - [MESSAGE][INFO] - /dw/shop/v23_1/content/seller-home-page-store?corporateName=IUSA

11-06-2024T18:02:11 - [MESSAGE][PASSED] - totalplay.Common.verifyPropertyValueExist is PASSED

11-06-2024T18:02:11 - [TEST_STEP][PASSED] - totalplay.Common.verifyPropertyExist(PLP_MultistoreResponse, components_storeData_linkType): totalplay.Common.verifyPropertyExist is PASSED

11-06-2024T18:02:11 - [MESSAGE][INFO] - Checking response object

11-06-2024T18:02:11 - [MESSAGE][PASSED] - totalplay.Common.verifyPropertyExist is PASSED

11-06-2024T18:02:11 - [TEST_STEP][PASSED] - totalplay.Common.verifyPropertyValueExist(PLP_MultistoreResponse, components_storeData_linkType): totalplay.Common.verifyPropertyValueExist is PASSED

11-06-2024T18:02:11 - [MESSAGE][INFO] - Checking response object

11-06-2024T18:02:11 - [MESSAGE][INFO] - PLP

11-06-2024T18:02:11 - [MESSAGE][PASSED] - totalplay.Common.verifyPropertyValueExist is PASSED

11-06-2024T18:02:11 - [TEST_STEP][PASSED] - totalplay.Common.verifyPropertyExist(PLP_MultistoreResponse, components_storeData_corporateColorCode): totalplay.Common.verifyPropertyExist is PASSED

11-06-2024T18:02:11 - [MESSAGE][INFO] - Checking response object

11-06-2024T18:02:11 - [MESSAGE][PASSED] - totalplay.Common.verifyPropertyExist is PASSED

11-06-2024T18:02:11 - [TEST_STEP][PASSED] - totalplay.Common.verifyPropertyValueExist(PLP_MultistoreResponse, components_storeData_corporateColorCode): totalplay.Common.verifyPropertyValueExist is PASSED

11-06-2024T18:02:11 - [MESSAGE][INFO] - Checking response object

11-06-2024T18:02:11 - [MESSAGE][INFO] - #E2232A

11-06-2024T18:02:11 - [MESSAGE][PASSED] - totalplay.Common.verifyPropertyValueExist is PASSED

11-06-2024T18:02:11 - [TEST_STEP][PASSED] - totalplay.Common.getBooleanValueofObject(PLP_MultistoreResponse, components_storeData_ageShowWarningModel): totalplay.Common.getBooleanValueofObject is PASSED

11-06-2024T18:02:11 - [MESSAGE][INFO] - Checking response object

11-06-2024T18:02:11 - [MESSAGE][PASSED] - totalplay.Common.getBooleanValueofObject is PASSED

11-06-2024T18:02:11 - [TEST_STEP][PASSED] - totalplay.Common.verifyPropertyExist(PLP_MultistoreResponse, components_componentTypeId): totalplay.Common.verifyPropertyExist is PASSED

11-06-2024T18:02:11 - [MESSAGE][INFO] - Checking response object

11-06-2024T18:02:11 - [MESSAGE][PASSED] - totalplay.Common.verifyPropertyExist is PASSED

11-06-2024T18:02:11 - [TEST_STEP][PASSED] - totalplay.Common.verifyPropertyValueExist(PLP_MultistoreResponse, components_componentTypeId): totalplay.Common.verifyPropertyValueExist is PASSED

11-06-2024T18:02:11 - [MESSAGE][INFO] - Checking response object

11-06-2024T18:02:11 - [MESSAGE][INFO] - commerce_layouts.BrandCards

11-06-2024T18:02:11 - [MESSAGE][PASSED] - totalplay.Common.verifyPropertyValueExist is PASSED

11-06-2024T18:02:11 - [TEST_STEP][PASSED] - totalplay.Common.verifyPropertyExist(PLP_MultistoreResponse, components_textHeadline): totalplay.Common.verifyPropertyExist is PASSED

11-06-2024T18:02:11 - [MESSAGE][INFO] - Checking response object

11-06-2024T18:02:11 - [MESSAGE][PASSED] - totalplay.Common.verifyPropertyExist is PASSED

11-06-2024T18:02:11 - [TEST_STEP][PASSED] - totalplay.Common.verifyPropertyValueExist(PLP_MultistoreResponse, components_textHeadline): totalplay.Common.verifyPropertyValueExist is PASSED

11-06-2024T18:02:11 - [MESSAGE][INFO] - Checking response object

11-06-2024T18:02:11 - [MESSAGE][INFO] - IUSA

11-06-2024T18:02:11 - [MESSAGE][PASSED] - totalplay.Common.verifyPropertyValueExist is PASSED

11-06-2024T18:02:11 - [TEST_STEP][PASSED] - totalplay.Common.verifyPropertyExist(PLP_MultistoreResponse, components_bannerLayout): totalplay.Common.verifyPropertyExist is PASSED

11-06-2024T18:02:11 - [MESSAGE][INFO] - Checking response object

11-06-2024T18:02:12 - [MESSAGE][PASSED] - totalplay.Common.verifyPropertyExist is PASSED

11-06-2024T18:02:12 - [TEST_STEP][PASSED] - totalplay.Common.verifyPropertyValueExist(PLP_MultistoreResponse, components_bannerLayout): totalplay.Common.verifyPropertyValueExist is PASSED

11-06-2024T18:02:12 - [MESSAGE][INFO] - Checking response object

11-06-2024T18:02:12 - [MESSAGE][INFO] - hero display

11-06-2024T18:02:12 - [MESSAGE][PASSED] - totalplay.Common.verifyPropertyValueExist is PASSED

11-06-2024T18:02:12 - [TEST_STEP][PASSED] - totalplay.Common.verifyPropertyExist(PLP_MultistoreResponse, components_componentAssets_componentTypeId): totalplay.Common.verifyPropertyExist is PASSED

11-06-2024T18:02:12 - [MESSAGE][INFO] - Checking response object

11-06-2024T18:02:12 - [MESSAGE][PASSED] - totalplay.Common.verifyPropertyExist is PASSED

11-06-2024T18:02:12 - [TEST_STEP][PASSED] - totalplay.Common.verifyPropertyValueExist(PLP_MultistoreResponse, components_componentAssets_componentTypeId): totalplay.Common.verifyPropertyValueExist is PASSED

11-06-2024T18:02:12 - [MESSAGE][INFO] - Checking response object

11-06-2024T18:02:12 - [MESSAGE][INFO] - commerce_assets.sellerCategoryCard

11-06-2024T18:02:12 - [MESSAGE][PASSED] - totalplay.Common.verifyPropertyValueExist is PASSED

11-06-2024T18:02:12 - [TEST_STEP][PASSED] - totalplay.Common.verifyPropertyExist(PLP_MultistoreResponse, components_componentAssets_image): totalplay.Common.verifyPropertyExist is PASSED

11-06-2024T18:02:12 - [MESSAGE][INFO] - Checking response object

11-06-2024T18:02:12 - [MESSAGE][PASSED] - totalplay.Common.verifyPropertyExist is PASSED

11-06-2024T18:02:12 - [TEST_STEP][PASSED] - totalplay.Common.verifyPropertyValueExist(PLP_MultistoreResponse, components_componentAssets_image): totalplay.Common.verifyPropertyValueExist is PASSED

11-06-2024T18:02:12 - [MESSAGE][INFO] - Checking response object

11-06-2024T18:02:12 - [MESSAGE][INFO] - https://salesforceqa.sistemastp.com.mx/dw/image/v2/BJCL_DEV/on/demandware.static/-/Sites-TP-SHOP-Library/default/dw098c6941/Marketplace/Hero_IUSA.png

11-06-2024T18:02:12 - [MESSAGE][PASSED] - totalplay.Common.verifyPropertyValueExist is PASSED

11-06-2024T18:02:12 - [TEST_STEP][PASSED] - totalplay.Common.verifyPropertyExist(PLP_MultistoreResponse, components_componentAssets_componentType): totalplay.Common.verifyPropertyExist is PASSED

11-06-2024T18:02:12 - [MESSAGE][INFO] - Checking response object

11-06-2024T18:02:12 - [MESSAGE][PASSED] - totalplay.Common.verifyPropertyExist is PASSED

11-06-2024T18:02:12 - [TEST_STEP][PASSED] - totalplay.Common.verifyPropertyValueExist(PLP_MultistoreResponse, components_componentAssets_componentType): totalplay.Common.verifyPropertyValueExist is PASSED

11-06-2024T18:02:12 - [MESSAGE][INFO] - Checking response object

11-06-2024T18:02:12 - [MESSAGE][INFO] - commerce_assets

11-06-2024T18:02:12 - [MESSAGE][PASSED] - totalplay.Common.verifyPropertyValueExist is PASSED

11-06-2024T18:02:12 - [TEST_STEP][PASSED] - totalplay.Common.verifyPropertyExist(PLP_MultistoreResponse, components_componentAssets_bannerDesc): totalplay.Common.verifyPropertyExist is PASSED

11-06-2024T18:02:12 - [MESSAGE][INFO] - Checking response object

11-06-2024T18:02:12 - [MESSAGE][PASSED] - totalplay.Common.verifyPropertyExist is PASSED

11-06-2024T18:02:12 - [TEST_STEP][PASSED] - totalplay.Common.verifyPropertyValueExist(PLP_MultistoreResponse, components_componentAssets_bannerDesc): totalplay.Common.verifyPropertyValueExist is PASSED

11-06-2024T18:02:12 - [MESSAGE][INFO] - Checking response object

11-06-2024T18:02:12 - [MESSAGE][INFO] - Calentador Eléctrico Primo 95 L

11-06-2024T18:02:12 - [MESSAGE][PASSED] - totalplay.Common.verifyPropertyValueExist is PASSED

11-06-2024T18:02:12 - [TEST_STEP][PASSED] - totalplay.Common.getBooleanValueofObject(PLP_MultistoreResponse, components_componentAssets_isAgeRestricted): totalplay.Common.getBooleanValueofObject is PASSED

11-06-2024T18:02:12 - [MESSAGE][INFO] - Checking response object

11-06-2024T18:02:12 - [MESSAGE][PASSED] - totalplay.Common.getBooleanValueofObject is PASSED

11-06-2024T18:02:12 - [TEST_STEP][PASSED] - totalplay.Common.verifyPropertyExist(PLP_MultistoreResponse, components_componentAssets_link): totalplay.Common.verifyPropertyExist is PASSED

11-06-2024T18:02:12 - [MESSAGE][INFO] - Checking response object

11-06-2024T18:02:12 - [MESSAGE][PASSED] - totalplay.Common.verifyPropertyExist is PASSED

11-06-2024T18:02:12 - [TEST_STEP][PASSED] - totalplay.Common.verifyPropertyValueExist(PLP_MultistoreResponse, components_componentAssets_link): totalplay.Common.verifyPropertyValueExist is PASSED

11-06-2024T18:02:12 - [MESSAGE][INFO] - Checking response object

11-06-2024T18:02:12 - [MESSAGE][INFO] - /dw/shop/v23_1/content/seller-pdp?sellerID=2016&c_productid=T211444462

11-06-2024T18:02:12 - [MESSAGE][PASSED] - totalplay.Common.verifyPropertyValueExist is PASSED

11-06-2024T18:02:12 - [TEST_STEP][PASSED] - totalplay.Common.verifyPropertyExist(PLP_MultistoreResponse, components_componentAssets_bannerName): totalplay.Common.verifyPropertyExist is PASSED

11-06-2024T18:02:12 - [MESSAGE][INFO] - Checking response object

11-06-2024T18:02:12 - [MESSAGE][PASSED] - totalplay.Common.verifyPropertyExist is PASSED

11-06-2024T18:02:12 - [TEST_STEP][PASSED] - totalplay.Common.verifyPropertyValueExist(PLP_MultistoreResponse, components_componentAssets_bannerName): totalplay.Common.verifyPropertyValueExist is PASSED

11-06-2024T18:02:12 - [MESSAGE][INFO] - Checking response object

11-06-2024T18:02:12 - [MESSAGE][INFO] - IUSA

11-06-2024T18:02:12 - [MESSAGE][PASSED] - totalplay.Common.verifyPropertyValueExist is PASSED

11-06-2024T18:02:12 - [TEST_STEP][PASSED] - totalplay.Common.verifyPropertyExist(PLP_MultistoreResponse, components_componentAssets_linkType): totalplay.Common.verifyPropertyExist is PASSED

11-06-2024T18:02:12 - [MESSAGE][INFO] - Checking response object

11-06-2024T18:02:12 - [MESSAGE][PASSED] - totalplay.Common.verifyPropertyExist is PASSED

11-06-2024T18:02:12 - [TEST_STEP][PASSED] - totalplay.Common.verifyPropertyValueExist(PLP_MultistoreResponse, components_componentAssets_linkType): totalplay.Common.verifyPropertyValueExist is PASSED

11-06-2024T18:02:12 - [MESSAGE][INFO] - Checking response object

11-06-2024T18:02:12 - [MESSAGE][INFO] - PDP

11-06-2024T18:02:12 - [MESSAGE][PASSED] - totalplay.Common.verifyPropertyValueExist is PASSED

11-06-2024T18:02:12 - [TEST_STEP][PASSED] - totalplay.Common.verifyPropertyExist(PLP_MultistoreResponse, components_componentType): totalplay.Common.verifyPropertyExist is PASSED

11-06-2024T18:02:12 - [MESSAGE][INFO] - Checking response object

11-06-2024T18:02:12 - [MESSAGE][PASSED] - totalplay.Common.verifyPropertyExist is PASSED

11-06-2024T18:02:12 - [TEST_STEP][PASSED] - totalplay.Common.verifyPropertyValueExist(PLP_MultistoreResponse, components_componentType): totalplay.Common.verifyPropertyValueExist is PASSED

11-06-2024T18:02:12 - [MESSAGE][INFO] - Checking response object

11-06-2024T18:02:12 - [MESSAGE][INFO] - commerce_layouts

11-06-2024T18:02:12 - [MESSAGE][PASSED] - totalplay.Common.verifyPropertyValueExist is PASSED

11-06-2024T18:02:12 - [TEST_STEP][PASSED] - totalplay.Common.verifyPropertyExist(PLP_MultistoreResponse, components_componentTypeId): totalplay.Common.verifyPropertyExist is PASSED

11-06-2024T18:02:12 - [MESSAGE][INFO] - Checking response object

11-06-2024T18:02:12 - [MESSAGE][PASSED] - totalplay.Common.verifyPropertyExist is PASSED

11-06-2024T18:02:12 - [TEST_STEP][PASSED] - totalplay.Common.verifyPropertyValueExist(PLP_MultistoreResponse, components_componentTypeId): totalplay.Common.verifyPropertyValueExist is PASSED

11-06-2024T18:02:12 - [MESSAGE][INFO] - Checking response object

11-06-2024T18:02:12 - [MESSAGE][INFO] - commerce_layouts.BrandCards

11-06-2024T18:02:12 - [MESSAGE][PASSED] - totalplay.Common.verifyPropertyValueExist is PASSED

11-06-2024T18:02:12 - [TEST_STEP][PASSED] - totalplay.Common.verifyPropertyExist(PLP_MultistoreResponse, components_carouselHeading): totalplay.Common.verifyPropertyExist is PASSED

11-06-2024T18:02:12 - [MESSAGE][INFO] - Checking response object

11-06-2024T18:02:12 - [MESSAGE][PASSED] - totalplay.Common.verifyPropertyExist is PASSED

11-06-2024T18:02:12 - [TEST_STEP][PASSED] - totalplay.Common.verifyPropertyValueExist(PLP_MultistoreResponse, components_carouselHeading): totalplay.Common.verifyPropertyValueExist is PASSED

11-06-2024T18:02:12 - [MESSAGE][INFO] - Checking response object

11-06-2024T18:02:12 - [MESSAGE][INFO] - Promociones

11-06-2024T18:02:12 - [MESSAGE][PASSED] - totalplay.Common.verifyPropertyValueExist is PASSED

11-06-2024T18:02:12 - [TEST_STEP][PASSED] - totalplay.Common.verifyPropertyExist(PLP_MultistoreResponse, components_heading): totalplay.Common.verifyPropertyExist is PASSED

11-06-2024T18:02:12 - [MESSAGE][INFO] - Checking response object

11-06-2024T18:02:12 - [MESSAGE][PASSED] - totalplay.Common.verifyPropertyExist is PASSED

11-06-2024T18:02:12 - [TEST_STEP][PASSED] - totalplay.Common.verifyPropertyValueExist(PLP_MultistoreResponse, components_heading): totalplay.Common.verifyPropertyValueExist is PASSED

11-06-2024T18:02:12 - [MESSAGE][INFO] - Checking response object

11-06-2024T18:02:12 - [MESSAGE][INFO] - Promociones

11-06-2024T18:02:12 - [MESSAGE][PASSED] - totalplay.Common.verifyPropertyValueExist is PASSED

11-06-2024T18:02:12 - [TEST_STEP][PASSED] - totalplay.Common.verifyPropertyExist(PLP_MultistoreResponse, components_componentAssets_componentTypeId): totalplay.Common.verifyPropertyExist is PASSED

11-06-2024T18:02:12 - [MESSAGE][INFO] - Checking response object

11-06-2024T18:02:12 - [MESSAGE][PASSED] - totalplay.Common.verifyPropertyExist is PASSED

11-06-2024T18:02:12 - [TEST_STEP][PASSED] - totalplay.Common.verifyPropertyValueExist(PLP_MultistoreResponse, components_componentAssets_componentTypeId): totalplay.Common.verifyPropertyValueExist is PASSED

11-06-2024T18:02:12 - [MESSAGE][INFO] - Checking response object

11-06-2024T18:02:12 - [MESSAGE][INFO] - commerce_assets.sellerCategoryCard

11-06-2024T18:02:12 - [MESSAGE][PASSED] - totalplay.Common.verifyPropertyValueExist is PASSED

11-06-2024T18:02:12 - [TEST_STEP][PASSED] - totalplay.Common.verifyPropertyExist(PLP_MultistoreResponse, components_componentAssets_category_name): totalplay.Common.verifyPropertyExist is PASSED

11-06-2024T18:02:12 - [MESSAGE][INFO] - Checking response object

11-06-2024T18:02:12 - [MESSAGE][PASSED] - totalplay.Common.verifyPropertyExist is PASSED

11-06-2024T18:02:12 - [TEST_STEP][PASSED] - totalplay.Common.verifyPropertyValueExist(PLP_MultistoreResponse, components_componentAssets_category_name): totalplay.Common.verifyPropertyValueExist is PASSED

11-06-2024T18:02:12 - [MESSAGE][INFO] - Checking response object

11-06-2024T18:02:12 - [MESSAGE][INFO] - Calentador de Agua

11-06-2024T18:02:12 - [MESSAGE][PASSED] - totalplay.Common.verifyPropertyValueExist is PASSED

11-06-2024T18:02:12 - [TEST_STEP][PASSED] - totalplay.Common.verifyPropertyExist(PLP_MultistoreResponse, components_componentAssets_category_id): totalplay.Common.verifyPropertyExist is PASSED

11-06-2024T18:02:12 - [MESSAGE][INFO] - Checking response object

11-06-2024T18:02:12 - [MESSAGE][PASSED] - totalplay.Common.verifyPropertyExist is PASSED

11-06-2024T18:02:12 - [TEST_STEP][PASSED] - totalplay.Common.verifyPropertyValueExist(PLP_MultistoreResponse, components_componentAssets_category_id): totalplay.Common.verifyPropertyValueExist is PASSED

11-06-2024T18:02:12 - [MESSAGE][INFO] - Checking response object

11-06-2024T18:02:13 - [MESSAGE][INFO] - SF_hogar-calentador_de_agua

11-06-2024T18:02:13 - [MESSAGE][PASSED] - totalplay.Common.verifyPropertyValueExist is PASSED

11-06-2024T18:02:13 - [TEST_STEP][PASSED] - totalplay.Common.verifyPropertyExist(PLP_MultistoreResponse, components_componentAssets_componentType): totalplay.Common.verifyPropertyExist is PASSED

11-06-2024T18:02:13 - [MESSAGE][INFO] - Checking response object

11-06-2024T18:02:13 - [MESSAGE][PASSED] - totalplay.Common.verifyPropertyExist is PASSED

11-06-2024T18:02:13 - [TEST_STEP][PASSED] - totalplay.Common.verifyPropertyValueExist(PLP_MultistoreResponse, components_componentAssets_componentType): totalplay.Common.verifyPropertyValueExist is PASSED

11-06-2024T18:02:13 - [MESSAGE][INFO] - Checking response object

11-06-2024T18:02:13 - [MESSAGE][INFO] - commerce_assets

11-06-2024T18:02:13 - [MESSAGE][PASSED] - totalplay.Common.verifyPropertyValueExist is PASSED

11-06-2024T18:02:13 - [TEST_STEP][PASSED] - totalplay.Common.verifyPropertyExist(PLP_MultistoreResponse, components_componentAssets_category_image): totalplay.Common.verifyPropertyExist is PASSED

11-06-2024T18:02:13 - [MESSAGE][INFO] - Checking response object

11-06-2024T18:02:13 - [MESSAGE][PASSED] - totalplay.Common.verifyPropertyExist is PASSED

11-06-2024T18:02:13 - [TEST_STEP][PASSED] - totalplay.Common.verifyPropertyValueExist(PLP_MultistoreResponse, components_componentAssets_category_image): totalplay.Common.verifyPropertyValueExist is PASSED

11-06-2024T18:02:13 - [MESSAGE][INFO] - Checking response object

11-06-2024T18:02:13 - [MESSAGE][INFO] - https://salesforceqa.sistemastp.com.mx/on/demandware.static/-/Sites-tienda/default/dw193a4c6a/categoryimages/Calentador de agua.png

11-06-2024T18:02:13 - [MESSAGE][PASSED] - totalplay.Common.verifyPropertyValueExist is PASSED

11-06-2024T18:02:13 - [TEST_STEP][PASSED] - totalplay.Common.verifyPropertyExist(PLP_MultistoreResponse, components_componentAssets_category_url): totalplay.Common.verifyPropertyExist is PASSED

11-06-2024T18:02:13 - [MESSAGE][INFO] - Checking response object

11-06-2024T18:02:13 - [MESSAGE][PASSED] - totalplay.Common.verifyPropertyExist is PASSED

11-06-2024T18:02:13 - [TEST_STEP][PASSED] - totalplay.Common.verifyPropertyValueExist(PLP_MultistoreResponse, components_componentAssets_category_url): totalplay.Common.verifyPropertyValueExist is PASSED

11-06-2024T18:02:13 - [MESSAGE][INFO] - Checking response object

11-06-2024T18:02:13 - [MESSAGE][INFO] - /dw/shop/v23_1/content/seller-category-page?storeType=Hogar&categoryId=SF_hogar-calentador_de_agua

11-06-2024T18:02:13 - [MESSAGE][PASSED] - totalplay.Common.verifyPropertyValueExist is PASSED

11-06-2024T18:02:13 - [TEST_STEP][PASSED] - totalplay.Common.verifyPropertyExist(PLP_MultistoreResponse, components_componentAssets_category_linkType): totalplay.Common.verifyPropertyExist is PASSED

11-06-2024T18:02:13 - [MESSAGE][INFO] - Checking response object

11-06-2024T18:02:13 - [MESSAGE][PASSED] - totalplay.Common.verifyPropertyExist is PASSED

11-06-2024T18:02:13 - [TEST_STEP][PASSED] - totalplay.Common.verifyPropertyValueExist(PLP_MultistoreResponse, components_componentAssets_category_linkType): totalplay.Common.verifyPropertyValueExist is PASSED

11-06-2024T18:02:13 - [MESSAGE][INFO] - Checking response object

11-06-2024T18:02:13 - [MESSAGE][INFO] - SCP

11-06-2024T18:02:13 - [MESSAGE][PASSED] - totalplay.Common.verifyPropertyValueExist is PASSED

11-06-2024T18:02:13 - [TEST_STEP][PASSED] - totalplay.Common.getBooleanValueofObject(PLP_MultistoreResponse, components_componentAssets_category_isLeaf): totalplay.Common.getBooleanValueofObject is PASSED

11-06-2024T18:02:13 - [MESSAGE][INFO] - Checking response object

11-06-2024T18:02:13 - [MESSAGE][PASSED] - totalplay.Common.getBooleanValueofObject is PASSED

11-06-2024T18:02:13 - [TEST_STEP][PASSED] - totalplay.Common.verifyPropertyExist(PLP_MultistoreResponse, components_componentAssets_category_subCategory_name): totalplay.Common.verifyPropertyExist is PASSED

11-06-2024T18:02:13 - [MESSAGE][INFO] - Checking response object

11-06-2024T18:02:13 - [MESSAGE][PASSED] - totalplay.Common.verifyPropertyExist is PASSED

11-06-2024T18:02:13 - [TEST_STEP][PASSED] - totalplay.Common.verifyPropertyValueExist(PLP_MultistoreResponse, components_componentAssets_category_subCategory_name): totalplay.Common.verifyPropertyValueExist is PASSED

11-06-2024T18:02:13 - [MESSAGE][INFO] - Checking response object

11-06-2024T18:02:13 - [MESSAGE][INFO] - Calentadores de Gas

11-06-2024T18:02:13 - [MESSAGE][PASSED] - totalplay.Common.verifyPropertyValueExist is PASSED

11-06-2024T18:02:13 - [TEST_STEP][PASSED] - totalplay.Common.verifyPropertyExist(PLP_MultistoreResponse, components_componentAssets_category_subCategory_id): totalplay.Common.verifyPropertyExist is PASSED

11-06-2024T18:02:13 - [MESSAGE][INFO] - Checking response object

11-06-2024T18:02:13 - [MESSAGE][PASSED] - totalplay.Common.verifyPropertyExist is PASSED

11-06-2024T18:02:13 - [TEST_STEP][PASSED] - totalplay.Common.verifyPropertyValueExist(PLP_MultistoreResponse, components_componentAssets_category_subCategory_id): totalplay.Common.verifyPropertyValueExist is PASSED

11-06-2024T18:02:13 - [MESSAGE][INFO] - Checking response object

11-06-2024T18:02:13 - [MESSAGE][INFO] - SF_hogar-calentador_de_agua-calentadores_de_gas

11-06-2024T18:02:13 - [MESSAGE][PASSED] - totalplay.Common.verifyPropertyValueExist is PASSED

11-06-2024T18:02:13 - [TEST_STEP][PASSED] - totalplay.Common.verifyPropertyExist(PLP_MultistoreResponse, components_componentAssets_category_subCategory_image): totalplay.Common.verifyPropertyExist is PASSED

11-06-2024T18:02:13 - [MESSAGE][INFO] - Checking response object

11-06-2024T18:02:13 - [MESSAGE][PASSED] - totalplay.Common.verifyPropertyExist is PASSED

11-06-2024T18:02:13 - [TEST_STEP][PASSED] - totalplay.Common.verifyPropertyValueExist(PLP_MultistoreResponse, components_componentAssets_category_subCategory_image): totalplay.Common.verifyPropertyValueExist is PASSED

11-06-2024T18:02:13 - [MESSAGE][INFO] - Checking response object

11-06-2024T18:02:13 - [MESSAGE][INFO] - https://salesforceqa.sistemastp.com.mx/on/demandware.static/-/Sites/default/dwb78a20a1/filler_REC.jpg

11-06-2024T18:02:13 - [MESSAGE][PASSED] - totalplay.Common.verifyPropertyValueExist is PASSED

11-06-2024T18:02:13 - [TEST_STEP][PASSED] - totalplay.Common.getBooleanValueofObject(PLP_MultistoreResponse, components_componentAssets_category_subCategory_isLeaf): totalplay.Common.getBooleanValueofObject is PASSED

11-06-2024T18:02:13 - [MESSAGE][INFO] - Checking response object

11-06-2024T18:02:13 - [MESSAGE][PASSED] - totalplay.Common.getBooleanValueofObject is PASSED

11-06-2024T18:02:13 - [TEST_STEP][PASSED] - totalplay.Common.verifyPropertyExist(PLP_MultistoreResponse, components_componentAssets_category_subCategory_url): totalplay.Common.verifyPropertyExist is PASSED

11-06-2024T18:02:13 - [MESSAGE][INFO] - Checking response object

11-06-2024T18:02:13 - [MESSAGE][PASSED] - totalplay.Common.verifyPropertyExist is PASSED

11-06-2024T18:02:13 - [TEST_STEP][PASSED] - totalplay.Common.verifyPropertyValueExist(PLP_MultistoreResponse, components_componentAssets_category_subCategory_url): totalplay.Common.verifyPropertyValueExist is PASSED

11-06-2024T18:02:13 - [MESSAGE][INFO] - Checking response object

11-06-2024T18:02:13 - [MESSAGE][INFO] - /s/TP-SHOP/dw/shop/v23_1/product_search?refine_1=c_miraklShopID=2016&refine_2=cgid=SF_hogar-calentador_de_agua-calentadores_de_gas&pcpPage=true&count=30

11-06-2024T18:02:13 - [MESSAGE][PASSED] - totalplay.Common.verifyPropertyValueExist is PASSED

11-06-2024T18:02:13 - [TEST_STEP][PASSED] - totalplay.Common.verifyPropertyExist(PLP_MultistoreResponse, components_componentTypeId): totalplay.Common.verifyPropertyExist is PASSED

11-06-2024T18:02:13 - [MESSAGE][INFO] - Checking response object

11-06-2024T18:02:13 - [MESSAGE][PASSED] - totalplay.Common.verifyPropertyExist is PASSED

11-06-2024T18:02:13 - [TEST_STEP][PASSED] - totalplay.Common.verifyPropertyValueExist(PLP_MultistoreResponse, components_componentTypeId): totalplay.Common.verifyPropertyValueExist is PASSED

11-06-2024T18:02:13 - [MESSAGE][INFO] - Checking response object

11-06-2024T18:02:13 - [MESSAGE][INFO] - commerce_layouts.BrandCards

11-06-2024T18:02:13 - [MESSAGE][PASSED] - totalplay.Common.verifyPropertyValueExist is PASSED

11-06-2024T18:02:13 - [TEST_STEP][PASSED] - totalplay.Common.verifyPropertyExist(PLP_MultistoreResponse, components_componentType): totalplay.Common.verifyPropertyExist is PASSED

11-06-2024T18:02:13 - [MESSAGE][INFO] - Checking response object

11-06-2024T18:02:13 - [MESSAGE][PASSED] - totalplay.Common.verifyPropertyExist is PASSED

11-06-2024T18:02:13 - [TEST_STEP][PASSED] - totalplay.Common.verifyPropertyValueExist(PLP_MultistoreResponse, components_componentType): totalplay.Common.verifyPropertyValueExist is PASSED

11-06-2024T18:02:13 - [MESSAGE][INFO] - Checking response object

11-06-2024T18:02:13 - [MESSAGE][INFO] - commerce_layouts

11-06-2024T18:02:13 - [MESSAGE][PASSED] - totalplay.Common.verifyPropertyValueExist is PASSED]]></system-out>
         <system-err><![CDATA[]]></system-err>
      </testcase>
      <testcase name="Test Cases/TotalPlay-Shop/TC_4_PLPOndemand" time="5.181" classname="Test Cases/TotalPlay-Shop/TC_4_PLPOndemand" status="PASSED">
         <system-out><![CDATA[11-06-2024T18:02:13 - [TEST_CASE][PASSED] - Test Cases/TotalPlay-Shop/TC_4_PLPOndemand: Test Cases/TotalPlay-Shop/TC_4_PLPOndemand

11-06-2024T18:02:14 - [TEST_STEP][PASSED] - callTestCase(findTestCase("TotalPlay-Shop/TC_1_InterfaceLogin"), [:], STOP_ON_FAILURE): Call Test Case 'Test Cases/TotalPlay-Shop/TC_1_InterfaceLogin' successfully

11-06-2024T18:02:14 - [MESSAGE][INFO] - Checking called Test Case

11-06-2024T18:02:14 - [MESSAGE][INFO] - Starting to call Test Case 'Test Cases/TotalPlay-Shop/TC_1_InterfaceLogin'

11-06-2024T18:02:14 - [TEST_CASE][PASSED] - Test Cases/TotalPlay-Shop/TC_1_InterfaceLogin: Test Cases/TotalPlay-Shop/TC_1_InterfaceLogin

11-06-2024T18:02:14 - [TEST_STEP][PASSED] - LoginResponse = sendRequest(findTestObject("TotalPlay-Shop/Interface Login (SLAS)", ["URL":URL, "SITEID":SITEID])): Send request successfully

11-06-2024T18:02:14 - [MESSAGE][INFO] - Finding Test Object 'Object Repository/TotalPlay-Shop/Interface Login (SLAS)'

11-06-2024T18:02:14 - [MESSAGE][INFO] - Checking request object

11-06-2024T18:02:16 - [MESSAGE][INFO] - HAR: D:\Automation\KogniveraGithub\TotalPlay_Automation\totalplay-API\totalplay-automation\Reports\20240611_180136\Shop-Services\20240611_180137\requests\main\5.har

11-06-2024T18:02:16 - [MESSAGE][PASSED] - Send request successfully

11-06-2024T18:02:16 - [TEST_STEP][PASSED] - assert getResponseStatusCode(LoginResponse) == 200: Checking response object

11-06-2024T18:02:16 - [MESSAGE][INFO] - Checking response object

11-06-2024T18:02:16 - [TEST_STEP][PASSED] - Auth = "ocapiResponse.access_token": null

11-06-2024T18:02:16 - [TEST_STEP][PASSED] - sfccAuthorization = getElementPropertyValue(LoginResponse, Auth): Checking response object

11-06-2024T18:02:16 - [MESSAGE][INFO] - Checking response object

11-06-2024T18:02:16 - [TEST_STEP][PASSED] - logInfo(sfccAuthorization): eyJ2ZXIiOiIxLjAiLCJqa3UiOiJzbGFzL3Byb2QvYmpjbF9kZXYiLCJraWQiOiIzOWM0NGRmMy01OGI5LTQ3YWEtODNhMC05NWMwOTBiZGNkMzciLCJ0eXAiOiJqd3QiLCJjbHYiOiJKMi4zLjQiLCJhbGciOiJFUzI1NiJ9.eyJhdXQiOiJHVUlEIiwic2NwIjoic2ZjYy5zaG9wcGVyLW15YWNjb3VudC5iYXNrZXRzIHNmY2Muc2hvcHBlci1kaXNjb3Zlcnktc2VhcmNoIHNmY2Muc2hvcHBlci1teWFjY291bnQuYWRkcmVzc2VzIHNmY2Muc2hvcHBlci1wcm9kdWN0cyBzZmNjLnNob3BwZXItbXlhY2NvdW50LnJ3IHNmY2Muc2hvcHBlci1teWFjY291bnQucGF5bWVudGluc3RydW1lbnRzIHNmY2Muc2hvcHBlci1jdXN0b21lcnMubG9naW4gc2ZjYy5zaG9wcGVyLXN0b3JlcyBzZmNjLnNob3BwZXItbXlhY2NvdW50Lm9yZGVycyBzZmNjLnNob3BwZXItYmFza2V0cy1vcmRlcnMgc2ZjYy5zaG9wcGVyLWN1c3RvbWVycy5yZWdpc3RlciBzZmNjLnNob3BwZXItbXlhY2NvdW50LmFkZHJlc3Nlcy5ydyBzZmNjLnNob3BwZXItbXlhY2NvdW50LnByb2R1Y3RsaXN0cy5ydyBzZmNjLnNob3BwZXItcHJvZHVjdGxpc3RzIHNmY2Muc2hvcHBlci1wcm9tb3Rpb25zIHNmY2Muc2hvcHBlci1iYXNrZXRzLW9yZGVycy5ydyBzZmNjLnNob3BwZXItZ2lmdC1jZXJ0aWZpY2F0ZXMgc2ZjYy5zaG9wcGVyLW15YWNjb3VudC5wYXltZW50aW5zdHJ1bWVudHMucncgc2ZjYy5zaG9wcGVyLXByb2R1Y3Qtc2VhcmNoIHNmY2Muc2hvcHBlci1teWFjY291bnQucHJvZHVjdGxpc3RzIHNmY2Muc2hvcHBlci1jYXRlZ29yaWVzIHNmY2Muc2hvcHBlci1teWFjY291bnQiLCJzdWIiOiJjYy1zbGFzOjpiamNsX2Rldjo6c2NpZDo1ZDI1ZjVmYS01YTRmLTQ2YjUtYTIxMS04NzU1NDJjODVhYzE6OnVzaWQ6NTdhMWVhNDItNjZiYi00NTg5LTkzZGMtYTlmZjc0MjM1ZDNjIiwiY3R4Ijoic2xhcyIsImlzcyI6InNsYXMvcHJvZC9iamNsX2RldiIsImlzdCI6MSwiZG50IjoiMCIsImF1ZCI6ImNvbW1lcmNlY2xvdWQvcHJvZC9iamNsX2RldiIsIm5iZiI6MTcxODEwOTEwNiwic3R5IjoiVXNlciIsImlzYiI6InVpZG86ZWNvbTo6dXBuOnFhLnRvdGFscGxheSswMTAwOTg3MTA1QGdtYWlsLmNvbTo6dWlkbjpSaWNhcmRvICBDb3JvbmEgQ3J1ejo6Z2NpZDphYmxyQkZrdXRGbGJnUmxIeEd3R1lZbHJFMzo6cmNpZDphY25SYldxdWpIQ3BnOW9xNlYyaGt1VGFTVzo6Y2hpZDpUUC1TSE9QIiwiZXhwIjoxNzE4MTEwOTM2LCJpYXQiOjE3MTgxMDkxMzYsImp0aSI6IkMyQy0xMzExNTYzNTcwMTc4NzUxMTg1MDEwMjI5OTU2MzY5ODA3ODgifQ.SqkoDbWAwr4uGEAYj0zwZfWslyhg4zLrC74dFS9USNmvDHrdCP6fXzzFvzAGtRSB1gvJHQMscx-PJN4Qsbz16g

11-06-2024T18:02:16 - [MESSAGE][INFO] - eyJ2ZXIiOiIxLjAiLCJqa3UiOiJzbGFzL3Byb2QvYmpjbF9kZXYiLCJraWQiOiIzOWM0NGRmMy01OGI5LTQ3YWEtODNhMC05NWMwOTBiZGNkMzciLCJ0eXAiOiJqd3QiLCJjbHYiOiJKMi4zLjQiLCJhbGciOiJFUzI1NiJ9.eyJhdXQiOiJHVUlEIiwic2NwIjoic2ZjYy5zaG9wcGVyLW15YWNjb3VudC5iYXNrZXRzIHNmY2Muc2hvcHBlci1kaXNjb3Zlcnktc2VhcmNoIHNmY2Muc2hvcHBlci1teWFjY291bnQuYWRkcmVzc2VzIHNmY2Muc2hvcHBlci1wcm9kdWN0cyBzZmNjLnNob3BwZXItbXlhY2NvdW50LnJ3IHNmY2Muc2hvcHBlci1teWFjY291bnQucGF5bWVudGluc3RydW1lbnRzIHNmY2Muc2hvcHBlci1jdXN0b21lcnMubG9naW4gc2ZjYy5zaG9wcGVyLXN0b3JlcyBzZmNjLnNob3BwZXItbXlhY2NvdW50Lm9yZGVycyBzZmNjLnNob3BwZXItYmFza2V0cy1vcmRlcnMgc2ZjYy5zaG9wcGVyLWN1c3RvbWVycy5yZWdpc3RlciBzZmNjLnNob3BwZXItbXlhY2NvdW50LmFkZHJlc3Nlcy5ydyBzZmNjLnNob3BwZXItbXlhY2NvdW50LnByb2R1Y3RsaXN0cy5ydyBzZmNjLnNob3BwZXItcHJvZHVjdGxpc3RzIHNmY2Muc2hvcHBlci1wcm9tb3Rpb25zIHNmY2Muc2hvcHBlci1iYXNrZXRzLW9yZGVycy5ydyBzZmNjLnNob3BwZXItZ2lmdC1jZXJ0aWZpY2F0ZXMgc2ZjYy5zaG9wcGVyLW15YWNjb3VudC5wYXltZW50aW5zdHJ1bWVudHMucncgc2ZjYy5zaG9wcGVyLXByb2R1Y3Qtc2VhcmNoIHNmY2Muc2hvcHBlci1teWFjY291bnQucHJvZHVjdGxpc3RzIHNmY2Muc2hvcHBlci1jYXRlZ29yaWVzIHNmY2Muc2hvcHBlci1teWFjY291bnQiLCJzdWIiOiJjYy1zbGFzOjpiamNsX2Rldjo6c2NpZDo1ZDI1ZjVmYS01YTRmLTQ2YjUtYTIxMS04NzU1NDJjODVhYzE6OnVzaWQ6NTdhMWVhNDItNjZiYi00NTg5LTkzZGMtYTlmZjc0MjM1ZDNjIiwiY3R4Ijoic2xhcyIsImlzcyI6InNsYXMvcHJvZC9iamNsX2RldiIsImlzdCI6MSwiZG50IjoiMCIsImF1ZCI6ImNvbW1lcmNlY2xvdWQvcHJvZC9iamNsX2RldiIsIm5iZiI6MTcxODEwOTEwNiwic3R5IjoiVXNlciIsImlzYiI6InVpZG86ZWNvbTo6dXBuOnFhLnRvdGFscGxheSswMTAwOTg3MTA1QGdtYWlsLmNvbTo6dWlkbjpSaWNhcmRvICBDb3JvbmEgQ3J1ejo6Z2NpZDphYmxyQkZrdXRGbGJnUmxIeEd3R1lZbHJFMzo6cmNpZDphY25SYldxdWpIQ3BnOW9xNlYyaGt1VGFTVzo6Y2hpZDpUUC1TSE9QIiwiZXhwIjoxNzE4MTEwOTM2LCJpYXQiOjE3MTgxMDkxMzYsImp0aSI6IkMyQy0xMzExNTYzNTcwMTc4NzUxMTg1MDEwMjI5OTU2MzY5ODA3ODgifQ.SqkoDbWAwr4uGEAYj0zwZfWslyhg4zLrC74dFS9USNmvDHrdCP6fXzzFvzAGtRSB1gvJHQMscx-PJN4Qsbz16g

11-06-2024T18:02:16 - [TEST_STEP][PASSED] - Authorization = "Bearer " + sfccAuthorization: null

11-06-2024T18:02:16 - [TEST_STEP][PASSED] - logInfo(bm_auth_token): 

11-06-2024T18:02:16 - [MESSAGE][INFO] - 

11-06-2024T18:02:16 - [TEST_STEP][PASSED] - if (sfccAuthorization.length() == 0): null

11-06-2024T18:02:16 - [TEST_STEP][PASSED] - else: authorization generated

11-06-2024T18:02:16 - [TEST_STEP][PASSED] - markPassed("authorization generated"): authorization generated

11-06-2024T18:02:16 - [MESSAGE][PASSED] - authorization generated

11-06-2024T18:02:16 - [TEST_STEP][PASSED] - BasketId_loginResponse = "ocapiResponse.c_basketId": null

11-06-2024T18:02:16 - [TEST_STEP][PASSED] - CustomerId_loginResponse = "ocapiResponse.customer_id": null

11-06-2024T18:02:16 - [TEST_STEP][PASSED] - basketId = getElementPropertyValue(LoginResponse, BasketId_loginResponse): Checking response object

11-06-2024T18:02:16 - [MESSAGE][INFO] - Checking response object

11-06-2024T18:02:16 - [TEST_STEP][PASSED] - customerId = getElementPropertyValue(LoginResponse, CustomerId_loginResponse): Checking response object

11-06-2024T18:02:16 - [MESSAGE][INFO] - Checking response object

11-06-2024T18:02:16 - [TEST_STEP][PASSED] - basketID = basketId: null

11-06-2024T18:02:16 - [TEST_STEP][PASSED] - sla_customerId = customerId: null

11-06-2024T18:02:16 - [TEST_STEP][PASSED] - println(basketID): null

11-06-2024T18:02:16 - [TEST_STEP][PASSED] - println(sla_customerId): null

11-06-2024T18:02:16 - [TEST_STEP][PASSED] - refresh_token = "ocapiResponse.refresh_token": null

11-06-2024T18:02:16 - [TEST_STEP][PASSED] - customer_email = "ocapiResponse.customer_email": null

11-06-2024T18:02:16 - [TEST_STEP][PASSED] - c_brmId = "ocapiResponse.c_brmId": null

11-06-2024T18:02:16 - [TEST_STEP][PASSED] - customer_name = "ocapiResponse.customer_name": null

11-06-2024T18:02:16 - [TEST_STEP][PASSED] - totalplay.Common.verifyPropertyExist(LoginResponse, refresh_token): totalplay.Common.verifyPropertyExist is PASSED

11-06-2024T18:02:16 - [MESSAGE][INFO] - Checking response object

11-06-2024T18:02:16 - [MESSAGE][PASSED] - totalplay.Common.verifyPropertyExist is PASSED

11-06-2024T18:02:16 - [TEST_STEP][PASSED] - totalplay.Common.verifyPropertyValueExist(LoginResponse, refresh_token): totalplay.Common.verifyPropertyValueExist is PASSED

11-06-2024T18:02:16 - [MESSAGE][INFO] - Checking response object

11-06-2024T18:02:16 - [MESSAGE][INFO] - DuDHQbUTtJd183MN6conJgGJrk61-G8SRQmXVV0yg6g

11-06-2024T18:02:16 - [MESSAGE][PASSED] - totalplay.Common.verifyPropertyValueExist is PASSED

11-06-2024T18:02:16 - [TEST_STEP][PASSED] - totalplay.Common.verifyPropertyExist(LoginResponse, customer_email): totalplay.Common.verifyPropertyExist is PASSED

11-06-2024T18:02:16 - [MESSAGE][INFO] - Checking response object

11-06-2024T18:02:16 - [MESSAGE][PASSED] - totalplay.Common.verifyPropertyExist is PASSED

11-06-2024T18:02:16 - [TEST_STEP][PASSED] - totalplay.Common.verifyPropertyValueExist(LoginResponse, customer_email): totalplay.Common.verifyPropertyValueExist is PASSED

11-06-2024T18:02:16 - [MESSAGE][INFO] - Checking response object

11-06-2024T18:02:16 - [MESSAGE][INFO] - qa.totalplay@gmail.com

11-06-2024T18:02:16 - [MESSAGE][PASSED] - totalplay.Common.verifyPropertyValueExist is PASSED

11-06-2024T18:02:16 - [TEST_STEP][PASSED] - totalplay.Common.verifyPropertyExist(LoginResponse, customer_name): totalplay.Common.verifyPropertyExist is PASSED

11-06-2024T18:02:16 - [MESSAGE][INFO] - Checking response object

11-06-2024T18:02:16 - [MESSAGE][PASSED] - totalplay.Common.verifyPropertyExist is PASSED

11-06-2024T18:02:16 - [TEST_STEP][PASSED] - totalplay.Common.verifyPropertyValueExist(LoginResponse, customer_name): totalplay.Common.verifyPropertyValueExist is PASSED

11-06-2024T18:02:16 - [MESSAGE][INFO] - Checking response object

11-06-2024T18:02:16 - [MESSAGE][INFO] - Ricardo  Corona Cruz

11-06-2024T18:02:16 - [MESSAGE][PASSED] - totalplay.Common.verifyPropertyValueExist is PASSED

11-06-2024T18:02:16 - [TEST_STEP][PASSED] - totalplay.Common.verifyPropertyExist(LoginResponse, c_brmId): totalplay.Common.verifyPropertyExist is PASSED

11-06-2024T18:02:16 - [MESSAGE][INFO] - Checking response object

11-06-2024T18:02:16 - [MESSAGE][PASSED] - totalplay.Common.verifyPropertyExist is PASSED

11-06-2024T18:02:16 - [TEST_STEP][PASSED] - totalplay.Common.verifyPropertyValueExist(LoginResponse, c_brmId): totalplay.Common.verifyPropertyValueExist is PASSED

11-06-2024T18:02:16 - [MESSAGE][INFO] - Checking response object

11-06-2024T18:02:16 - [MESSAGE][INFO] - 0100987105

11-06-2024T18:02:16 - [MESSAGE][PASSED] - totalplay.Common.verifyPropertyValueExist is PASSED

11-06-2024T18:02:16 - [MESSAGE][PASSED] - Call Test Case 'Test Cases/TotalPlay-Shop/TC_1_InterfaceLogin' successfully

11-06-2024T18:02:16 - [TEST_STEP][PASSED] - PLP_OndemandResponse = sendRequest(findTestObject("TotalPlay-Shop/Postman/PLP/PLP On Demand", ["URL":URL])): Send request successfully

11-06-2024T18:02:16 - [MESSAGE][INFO] - Finding Test Object 'Object Repository/TotalPlay-Shop/Postman/PLP/PLP On Demand'

11-06-2024T18:02:16 - [MESSAGE][INFO] - Checking request object

11-06-2024T18:02:18 - [MESSAGE][INFO] - HAR: D:\Automation\KogniveraGithub\TotalPlay_Automation\totalplay-API\totalplay-automation\Reports\20240611_180136\Shop-Services\20240611_180137\requests\main\6.har

11-06-2024T18:02:18 - [MESSAGE][PASSED] - Send request successfully

11-06-2024T18:02:18 - [TEST_STEP][PASSED] - verifyResponseStatusCode(PLP_OndemandResponse, 200): Verify response status code successfully

11-06-2024T18:02:18 - [MESSAGE][INFO] - Checking response object

11-06-2024T18:02:18 - [MESSAGE][PASSED] - Verify response status code successfully

11-06-2024T18:02:18 - [TEST_STEP][PASSED] - action = "action": null

11-06-2024T18:02:18 - [TEST_STEP][PASSED] - locale = "locale": null

11-06-2024T18:02:18 - [TEST_STEP][PASSED] - queryString = "queryString": null

11-06-2024T18:02:18 - [TEST_STEP][PASSED] - pageId = "pageId": null

11-06-2024T18:02:18 - [TEST_STEP][PASSED] - pageTitle = "pageTitle": null

11-06-2024T18:02:18 - [TEST_STEP][PASSED] - pageTypeId = "pageTypeId": null

11-06-2024T18:02:18 - [TEST_STEP][PASSED] - components_componentTypeId = "components[0].componentTypeId": null

11-06-2024T18:02:18 - [TEST_STEP][PASSED] - components_componentType = "components[0].componentType": null

11-06-2024T18:02:18 - [TEST_STEP][PASSED] - components_storeData = "components[0].storeData": null

11-06-2024T18:02:18 - [TEST_STEP][PASSED] - components_storeData_ID = "components[0].storeData.ID": null

11-06-2024T18:02:18 - [TEST_STEP][PASSED] - components_storeData_name = "components[0].storeData.name": null

11-06-2024T18:02:18 - [TEST_STEP][PASSED] - components_storeData_logo = "components[0].storeData.logo": null

11-06-2024T18:02:18 - [TEST_STEP][PASSED] - components_storeData_todayOpenHrs = "components[0].storeData.todayOpenHrs": null

11-06-2024T18:02:18 - [TEST_STEP][PASSED] - components_storeData_storeType = "components[0].storeData.storeType": null

11-06-2024T18:02:18 - [TEST_STEP][PASSED] - components_storeData_verticalsAvailable = "components[0].storeData.verticalsAvailable": null

11-06-2024T18:02:18 - [TEST_STEP][PASSED] - components_storeData_link = "components[0].storeData.link": null

11-06-2024T18:02:18 - [TEST_STEP][PASSED] - components_storeData_OndemandEDD = "components[0].storeData.OndemandEDD": null

11-06-2024T18:02:18 - [TEST_STEP][PASSED] - components_storeData_linkType = "components[0].storeData.linkType": null

11-06-2024T18:02:18 - [TEST_STEP][PASSED] - components_storeData_open = "components[0].storeData.open": null

11-06-2024T18:02:18 - [TEST_STEP][PASSED] - components_storeData_corporateColorCode = "components[0].storeData.corporateColorCode": null

11-06-2024T18:02:18 - [TEST_STEP][PASSED] - components_storeData_ageShowWarningModel = "components[0].storeData.ageShowWarningModel": null

11-06-2024T18:02:18 - [TEST_STEP][PASSED] - components_storeData_message_title = "components[0].storeData.message.title": null

11-06-2024T18:02:18 - [TEST_STEP][PASSED] - components_storeData_message = "components[0].storeData.message": null

11-06-2024T18:02:18 - [TEST_STEP][PASSED] - components_storeData_message_description = "components[0].storeData.message.description": null

11-06-2024T18:02:18 - [TEST_STEP][PASSED] - components_componentTypeId = "components[1].componentTypeId": null

11-06-2024T18:02:18 - [TEST_STEP][PASSED] - components_componentType = "components[1].componentType": null

11-06-2024T18:02:18 - [TEST_STEP][PASSED] - components_componentTypeId = "components[2].componentTypeId": null

11-06-2024T18:02:18 - [TEST_STEP][PASSED] - components_componentType = "components[2].componentType": null

11-06-2024T18:02:18 - [TEST_STEP][PASSED] - components_bannerLayout = "components[2].bannerLayout": null

11-06-2024T18:02:18 - [TEST_STEP][PASSED] - components_textHeadline = "components[2].textHeadline": null

11-06-2024T18:02:18 - [TEST_STEP][PASSED] - components_componentAssets = "components[2].componentAssets": null

11-06-2024T18:02:18 - [TEST_STEP][PASSED] - components_componentAssets_componentTypeId = "components[2].componentAssets[0].componentTypeId": null

11-06-2024T18:02:18 - [TEST_STEP][PASSED] - components_componentAssets_componentType = "components[2].componentAssets[0].componentType": null

11-06-2024T18:02:18 - [TEST_STEP][PASSED] - components_componentAssets_image = "components[2].componentAssets[0].image": null

11-06-2024T18:02:18 - [TEST_STEP][PASSED] - components_componentAssets_bannerDesc = "components[2].componentAssets[0].bannerDesc": null

11-06-2024T18:02:18 - [TEST_STEP][PASSED] - components_componentAssets_isAgeRestricted = "components[2].componentAssets[0].isAgeRestricted": null

11-06-2024T18:02:18 - [TEST_STEP][PASSED] - components_componentAssets_link = "components[2].componentAssets[0].link": null

11-06-2024T18:02:18 - [TEST_STEP][PASSED] - components_componentAssets_bannerName = "components[2].componentAssets[0].bannerName": null

11-06-2024T18:02:18 - [TEST_STEP][PASSED] - components_componentAssets_linkType = "components[2].componentAssets[0].linkType": null

11-06-2024T18:02:18 - [TEST_STEP][PASSED] - components_componentAssets_storeLogo = "components[2].componentAssets[0].storeLogo": null

11-06-2024T18:02:18 - [TEST_STEP][PASSED] - components_componentAssets_corporateColorCode = "components[2].componentAssets[0].corporateColorCode": null

11-06-2024T18:02:18 - [TEST_STEP][PASSED] - components_viewMore = "components[4].viewMore": null

11-06-2024T18:02:18 - [TEST_STEP][PASSED] - components_linkType = "components[4].linkType": null

11-06-2024T18:02:18 - [TEST_STEP][PASSED] - components_products = "components[4].products": null

11-06-2024T18:02:18 - [TEST_STEP][PASSED] - components_componentTypeId = "components[5].componentTypeId": null

11-06-2024T18:02:18 - [TEST_STEP][PASSED] - components_layout = "components[5].layout": null

11-06-2024T18:02:18 - [TEST_STEP][PASSED] - components_filterTitle = "components[5].filterTitle": null

11-06-2024T18:02:18 - [TEST_STEP][PASSED] - components_productSelector_value = "components[5].productSelector.value": null

11-06-2024T18:02:18 - [TEST_STEP][PASSED] - components_productSelector = "components[5].productSelector": null]]></system-out>
         <system-err><![CDATA[]]></system-err>
      </testcase>
      <testcase name="Test Cases/TotalPlay-Shop/TC_6_StorePolicyDetails" time="5.36" classname="Test Cases/TotalPlay-Shop/TC_6_StorePolicyDetails" status="PASSED">
         <system-out><![CDATA[11-06-2024T18:02:18 - [TEST_CASE][PASSED] - Test Cases/TotalPlay-Shop/TC_6_StorePolicyDetails: Test Cases/TotalPlay-Shop/TC_6_StorePolicyDetails

11-06-2024T18:02:19 - [TEST_STEP][PASSED] - callTestCase(findTestCase("TotalPlay-Shop/TC_1_InterfaceLogin"), [:], STOP_ON_FAILURE): Call Test Case 'Test Cases/TotalPlay-Shop/TC_1_InterfaceLogin' successfully

11-06-2024T18:02:19 - [MESSAGE][INFO] - Checking called Test Case

11-06-2024T18:02:19 - [MESSAGE][INFO] - Starting to call Test Case 'Test Cases/TotalPlay-Shop/TC_1_InterfaceLogin'

11-06-2024T18:02:19 - [TEST_CASE][PASSED] - Test Cases/TotalPlay-Shop/TC_1_InterfaceLogin: Test Cases/TotalPlay-Shop/TC_1_InterfaceLogin

11-06-2024T18:02:19 - [TEST_STEP][PASSED] - LoginResponse = sendRequest(findTestObject("TotalPlay-Shop/Interface Login (SLAS)", ["URL":URL, "SITEID":SITEID])): Send request successfully

11-06-2024T18:02:19 - [MESSAGE][INFO] - Finding Test Object 'Object Repository/TotalPlay-Shop/Interface Login (SLAS)'

11-06-2024T18:02:19 - [MESSAGE][INFO] - Checking request object

11-06-2024T18:02:21 - [MESSAGE][INFO] - HAR: D:\Automation\KogniveraGithub\TotalPlay_Automation\totalplay-API\totalplay-automation\Reports\20240611_180136\Shop-Services\20240611_180137\requests\main\7.har

11-06-2024T18:02:21 - [MESSAGE][PASSED] - Send request successfully

11-06-2024T18:02:21 - [TEST_STEP][PASSED] - assert getResponseStatusCode(LoginResponse) == 200: Checking response object

11-06-2024T18:02:21 - [MESSAGE][INFO] - Checking response object

11-06-2024T18:02:21 - [TEST_STEP][PASSED] - Auth = "ocapiResponse.access_token": null

11-06-2024T18:02:21 - [TEST_STEP][PASSED] - sfccAuthorization = getElementPropertyValue(LoginResponse, Auth): Checking response object

11-06-2024T18:02:21 - [MESSAGE][INFO] - Checking response object

11-06-2024T18:02:21 - [TEST_STEP][PASSED] - logInfo(sfccAuthorization): eyJ2ZXIiOiIxLjAiLCJqa3UiOiJzbGFzL3Byb2QvYmpjbF9kZXYiLCJraWQiOiIzOWM0NGRmMy01OGI5LTQ3YWEtODNhMC05NWMwOTBiZGNkMzciLCJ0eXAiOiJqd3QiLCJjbHYiOiJKMi4zLjQiLCJhbGciOiJFUzI1NiJ9.eyJhdXQiOiJHVUlEIiwic2NwIjoic2ZjYy5zaG9wcGVyLW15YWNjb3VudC5iYXNrZXRzIHNmY2Muc2hvcHBlci1kaXNjb3Zlcnktc2VhcmNoIHNmY2Muc2hvcHBlci1teWFjY291bnQuYWRkcmVzc2VzIHNmY2Muc2hvcHBlci1wcm9kdWN0cyBzZmNjLnNob3BwZXItbXlhY2NvdW50LnJ3IHNmY2Muc2hvcHBlci1teWFjY291bnQucGF5bWVudGluc3RydW1lbnRzIHNmY2Muc2hvcHBlci1jdXN0b21lcnMubG9naW4gc2ZjYy5zaG9wcGVyLXN0b3JlcyBzZmNjLnNob3BwZXItbXlhY2NvdW50Lm9yZGVycyBzZmNjLnNob3BwZXItYmFza2V0cy1vcmRlcnMgc2ZjYy5zaG9wcGVyLWN1c3RvbWVycy5yZWdpc3RlciBzZmNjLnNob3BwZXItbXlhY2NvdW50LmFkZHJlc3Nlcy5ydyBzZmNjLnNob3BwZXItbXlhY2NvdW50LnByb2R1Y3RsaXN0cy5ydyBzZmNjLnNob3BwZXItcHJvZHVjdGxpc3RzIHNmY2Muc2hvcHBlci1wcm9tb3Rpb25zIHNmY2Muc2hvcHBlci1iYXNrZXRzLW9yZGVycy5ydyBzZmNjLnNob3BwZXItZ2lmdC1jZXJ0aWZpY2F0ZXMgc2ZjYy5zaG9wcGVyLW15YWNjb3VudC5wYXltZW50aW5zdHJ1bWVudHMucncgc2ZjYy5zaG9wcGVyLXByb2R1Y3Qtc2VhcmNoIHNmY2Muc2hvcHBlci1teWFjY291bnQucHJvZHVjdGxpc3RzIHNmY2Muc2hvcHBlci1jYXRlZ29yaWVzIHNmY2Muc2hvcHBlci1teWFjY291bnQiLCJzdWIiOiJjYy1zbGFzOjpiamNsX2Rldjo6c2NpZDo1ZDI1ZjVmYS01YTRmLTQ2YjUtYTIxMS04NzU1NDJjODVhYzE6OnVzaWQ6YTBkZjNiNTctNGZmMS00MGRhLTg3Y2UtYTZkZTczMzM4ODVjIiwiY3R4Ijoic2xhcyIsImlzcyI6InNsYXMvcHJvZC9iamNsX2RldiIsImlzdCI6MSwiZG50IjoiMCIsImF1ZCI6ImNvbW1lcmNlY2xvdWQvcHJvZC9iamNsX2RldiIsIm5iZiI6MTcxODEwOTExMSwic3R5IjoiVXNlciIsImlzYiI6InVpZG86ZWNvbTo6dXBuOnFhLnRvdGFscGxheSswMTAwOTg3MTA1QGdtYWlsLmNvbTo6dWlkbjpSaWNhcmRvICBDb3JvbmEgQ3J1ejo6Z2NpZDphY3dyYUl4SGxHbHJBUmxleEtrcVlZa2VwRjo6cmNpZDphY25SYldxdWpIQ3BnOW9xNlYyaGt1VGFTVzo6Y2hpZDpUUC1TSE9QIiwiZXhwIjoxNzE4MTEwOTQxLCJpYXQiOjE3MTgxMDkxNDEsImp0aSI6IkMyQy0xMzExNTYzNTcwMTc4NzUxMTg1MDI5MDI2MzU4MzEzMzM5NjIifQ.8SWDdOcGFOXDXY4v_jDevYIEKNLRzvfnQlIx6PbVRz7kn71D-PD6yauYOp05pulrv5G4tf_Foq87v1loDhFCNw

11-06-2024T18:02:21 - [MESSAGE][INFO] - eyJ2ZXIiOiIxLjAiLCJqa3UiOiJzbGFzL3Byb2QvYmpjbF9kZXYiLCJraWQiOiIzOWM0NGRmMy01OGI5LTQ3YWEtODNhMC05NWMwOTBiZGNkMzciLCJ0eXAiOiJqd3QiLCJjbHYiOiJKMi4zLjQiLCJhbGciOiJFUzI1NiJ9.eyJhdXQiOiJHVUlEIiwic2NwIjoic2ZjYy5zaG9wcGVyLW15YWNjb3VudC5iYXNrZXRzIHNmY2Muc2hvcHBlci1kaXNjb3Zlcnktc2VhcmNoIHNmY2Muc2hvcHBlci1teWFjY291bnQuYWRkcmVzc2VzIHNmY2Muc2hvcHBlci1wcm9kdWN0cyBzZmNjLnNob3BwZXItbXlhY2NvdW50LnJ3IHNmY2Muc2hvcHBlci1teWFjY291bnQucGF5bWVudGluc3RydW1lbnRzIHNmY2Muc2hvcHBlci1jdXN0b21lcnMubG9naW4gc2ZjYy5zaG9wcGVyLXN0b3JlcyBzZmNjLnNob3BwZXItbXlhY2NvdW50Lm9yZGVycyBzZmNjLnNob3BwZXItYmFza2V0cy1vcmRlcnMgc2ZjYy5zaG9wcGVyLWN1c3RvbWVycy5yZWdpc3RlciBzZmNjLnNob3BwZXItbXlhY2NvdW50LmFkZHJlc3Nlcy5ydyBzZmNjLnNob3BwZXItbXlhY2NvdW50LnByb2R1Y3RsaXN0cy5ydyBzZmNjLnNob3BwZXItcHJvZHVjdGxpc3RzIHNmY2Muc2hvcHBlci1wcm9tb3Rpb25zIHNmY2Muc2hvcHBlci1iYXNrZXRzLW9yZGVycy5ydyBzZmNjLnNob3BwZXItZ2lmdC1jZXJ0aWZpY2F0ZXMgc2ZjYy5zaG9wcGVyLW15YWNjb3VudC5wYXltZW50aW5zdHJ1bWVudHMucncgc2ZjYy5zaG9wcGVyLXByb2R1Y3Qtc2VhcmNoIHNmY2Muc2hvcHBlci1teWFjY291bnQucHJvZHVjdGxpc3RzIHNmY2Muc2hvcHBlci1jYXRlZ29yaWVzIHNmY2Muc2hvcHBlci1teWFjY291bnQiLCJzdWIiOiJjYy1zbGFzOjpiamNsX2Rldjo6c2NpZDo1ZDI1ZjVmYS01YTRmLTQ2YjUtYTIxMS04NzU1NDJjODVhYzE6OnVzaWQ6YTBkZjNiNTctNGZmMS00MGRhLTg3Y2UtYTZkZTczMzM4ODVjIiwiY3R4Ijoic2xhcyIsImlzcyI6InNsYXMvcHJvZC9iamNsX2RldiIsImlzdCI6MSwiZG50IjoiMCIsImF1ZCI6ImNvbW1lcmNlY2xvdWQvcHJvZC9iamNsX2RldiIsIm5iZiI6MTcxODEwOTExMSwic3R5IjoiVXNlciIsImlzYiI6InVpZG86ZWNvbTo6dXBuOnFhLnRvdGFscGxheSswMTAwOTg3MTA1QGdtYWlsLmNvbTo6dWlkbjpSaWNhcmRvICBDb3JvbmEgQ3J1ejo6Z2NpZDphY3dyYUl4SGxHbHJBUmxleEtrcVlZa2VwRjo6cmNpZDphY25SYldxdWpIQ3BnOW9xNlYyaGt1VGFTVzo6Y2hpZDpUUC1TSE9QIiwiZXhwIjoxNzE4MTEwOTQxLCJpYXQiOjE3MTgxMDkxNDEsImp0aSI6IkMyQy0xMzExNTYzNTcwMTc4NzUxMTg1MDI5MDI2MzU4MzEzMzM5NjIifQ.8SWDdOcGFOXDXY4v_jDevYIEKNLRzvfnQlIx6PbVRz7kn71D-PD6yauYOp05pulrv5G4tf_Foq87v1loDhFCNw

11-06-2024T18:02:21 - [TEST_STEP][PASSED] - Authorization = "Bearer " + sfccAuthorization: null

11-06-2024T18:02:21 - [TEST_STEP][PASSED] - logInfo(bm_auth_token): 

11-06-2024T18:02:21 - [MESSAGE][INFO] - 

11-06-2024T18:02:21 - [TEST_STEP][PASSED] - if (sfccAuthorization.length() == 0): null

11-06-2024T18:02:21 - [TEST_STEP][PASSED] - else: authorization generated

11-06-2024T18:02:21 - [TEST_STEP][PASSED] - markPassed("authorization generated"): authorization generated

11-06-2024T18:02:21 - [MESSAGE][PASSED] - authorization generated

11-06-2024T18:02:21 - [TEST_STEP][PASSED] - BasketId_loginResponse = "ocapiResponse.c_basketId": null

11-06-2024T18:02:21 - [TEST_STEP][PASSED] - CustomerId_loginResponse = "ocapiResponse.customer_id": null

11-06-2024T18:02:21 - [TEST_STEP][PASSED] - basketId = getElementPropertyValue(LoginResponse, BasketId_loginResponse): Checking response object

11-06-2024T18:02:21 - [MESSAGE][INFO] - Checking response object

11-06-2024T18:02:21 - [TEST_STEP][PASSED] - customerId = getElementPropertyValue(LoginResponse, CustomerId_loginResponse): Checking response object

11-06-2024T18:02:21 - [MESSAGE][INFO] - Checking response object

11-06-2024T18:02:21 - [TEST_STEP][PASSED] - basketID = basketId: null

11-06-2024T18:02:21 - [TEST_STEP][PASSED] - sla_customerId = customerId: null

11-06-2024T18:02:21 - [TEST_STEP][PASSED] - println(basketID): null

11-06-2024T18:02:21 - [TEST_STEP][PASSED] - println(sla_customerId): null

11-06-2024T18:02:21 - [TEST_STEP][PASSED] - refresh_token = "ocapiResponse.refresh_token": null

11-06-2024T18:02:21 - [TEST_STEP][PASSED] - customer_email = "ocapiResponse.customer_email": null

11-06-2024T18:02:21 - [TEST_STEP][PASSED] - c_brmId = "ocapiResponse.c_brmId": null

11-06-2024T18:02:21 - [TEST_STEP][PASSED] - customer_name = "ocapiResponse.customer_name": null

11-06-2024T18:02:21 - [TEST_STEP][PASSED] - totalplay.Common.verifyPropertyExist(LoginResponse, refresh_token): totalplay.Common.verifyPropertyExist is PASSED

11-06-2024T18:02:21 - [MESSAGE][INFO] - Checking response object

11-06-2024T18:02:22 - [MESSAGE][PASSED] - totalplay.Common.verifyPropertyExist is PASSED

11-06-2024T18:02:22 - [TEST_STEP][PASSED] - totalplay.Common.verifyPropertyValueExist(LoginResponse, refresh_token): totalplay.Common.verifyPropertyValueExist is PASSED

11-06-2024T18:02:22 - [MESSAGE][INFO] - Checking response object

11-06-2024T18:02:22 - [MESSAGE][INFO] - _BvZxx9jnFdPiZN7GiRo6W2QxZYWQb-N5s3z6HsT4_w

11-06-2024T18:02:22 - [MESSAGE][PASSED] - totalplay.Common.verifyPropertyValueExist is PASSED

11-06-2024T18:02:22 - [TEST_STEP][PASSED] - totalplay.Common.verifyPropertyExist(LoginResponse, customer_email): totalplay.Common.verifyPropertyExist is PASSED

11-06-2024T18:02:22 - [MESSAGE][INFO] - Checking response object

11-06-2024T18:02:22 - [MESSAGE][PASSED] - totalplay.Common.verifyPropertyExist is PASSED

11-06-2024T18:02:22 - [TEST_STEP][PASSED] - totalplay.Common.verifyPropertyValueExist(LoginResponse, customer_email): totalplay.Common.verifyPropertyValueExist is PASSED

11-06-2024T18:02:22 - [MESSAGE][INFO] - Checking response object

11-06-2024T18:02:22 - [MESSAGE][INFO] - qa.totalplay@gmail.com

11-06-2024T18:02:22 - [MESSAGE][PASSED] - totalplay.Common.verifyPropertyValueExist is PASSED

11-06-2024T18:02:22 - [TEST_STEP][PASSED] - totalplay.Common.verifyPropertyExist(LoginResponse, customer_name): totalplay.Common.verifyPropertyExist is PASSED

11-06-2024T18:02:22 - [MESSAGE][INFO] - Checking response object

11-06-2024T18:02:22 - [MESSAGE][PASSED] - totalplay.Common.verifyPropertyExist is PASSED

11-06-2024T18:02:22 - [TEST_STEP][PASSED] - totalplay.Common.verifyPropertyValueExist(LoginResponse, customer_name): totalplay.Common.verifyPropertyValueExist is PASSED

11-06-2024T18:02:22 - [MESSAGE][INFO] - Checking response object

11-06-2024T18:02:22 - [MESSAGE][INFO] - Ricardo  Corona Cruz

11-06-2024T18:02:22 - [MESSAGE][PASSED] - totalplay.Common.verifyPropertyValueExist is PASSED

11-06-2024T18:02:22 - [TEST_STEP][PASSED] - totalplay.Common.verifyPropertyExist(LoginResponse, c_brmId): totalplay.Common.verifyPropertyExist is PASSED

11-06-2024T18:02:22 - [MESSAGE][INFO] - Checking response object

11-06-2024T18:02:22 - [MESSAGE][PASSED] - totalplay.Common.verifyPropertyExist is PASSED

11-06-2024T18:02:22 - [TEST_STEP][PASSED] - totalplay.Common.verifyPropertyValueExist(LoginResponse, c_brmId): totalplay.Common.verifyPropertyValueExist is PASSED

11-06-2024T18:02:22 - [MESSAGE][INFO] - Checking response object

11-06-2024T18:02:22 - [MESSAGE][INFO] - 0100987105

11-06-2024T18:02:22 - [MESSAGE][PASSED] - totalplay.Common.verifyPropertyValueExist is PASSED

11-06-2024T18:02:22 - [MESSAGE][PASSED] - Call Test Case 'Test Cases/TotalPlay-Shop/TC_1_InterfaceLogin' successfully

11-06-2024T18:02:22 - [TEST_STEP][PASSED] - SPD_Response = sendRequest(findTestObject("TotalPlay-Shop/Postman/PLP/Store Policy Details", ["URL":URL, "SITEID":SITEID])): Send request successfully

11-06-2024T18:02:22 - [MESSAGE][INFO] - Finding Test Object 'Object Repository/TotalPlay-Shop/Postman/PLP/Store Policy Details'

11-06-2024T18:02:22 - [MESSAGE][INFO] - Checking request object

11-06-2024T18:02:22 - [MESSAGE][INFO] - HAR: D:\Automation\KogniveraGithub\TotalPlay_Automation\totalplay-API\totalplay-automation\Reports\20240611_180136\Shop-Services\20240611_180137\requests\main\8.har

11-06-2024T18:02:22 - [MESSAGE][PASSED] - Send request successfully

11-06-2024T18:02:22 - [TEST_STEP][PASSED] - verifyResponseStatusCode(SPD_Response, 200): Verify response status code successfully

11-06-2024T18:02:22 - [MESSAGE][INFO] - Checking response object

11-06-2024T18:02:22 - [MESSAGE][PASSED] - Verify response status code successfully

11-06-2024T18:02:22 - [TEST_STEP][PASSED] - id = "id": null

11-06-2024T18:02:22 - [TEST_STEP][PASSED] - ID = "c_result.ID": null

11-06-2024T18:02:22 - [TEST_STEP][PASSED] - name = "c_result.name": null

11-06-2024T18:02:22 - [TEST_STEP][PASSED] - phone = "c_result.phone": null

11-06-2024T18:02:22 - [TEST_STEP][PASSED] - postalCode = "c_result.postalCode": null

11-06-2024T18:02:22 - [TEST_STEP][PASSED] - address = "c_result.address": null

11-06-2024T18:02:22 - [TEST_STEP][PASSED] - city = "c_result.city": null

11-06-2024T18:02:22 - [TEST_STEP][PASSED] - image = "c_result.image": null

11-06-2024T18:02:22 - [TEST_STEP][PASSED] - latitude = "c_result.latitude": null

11-06-2024T18:02:22 - [TEST_STEP][PASSED] - longitude = "c_result.longitude": null

11-06-2024T18:02:22 - [TEST_STEP][PASSED] - todayOpenHrs = "c_result.todayOpenHrs": null

11-06-2024T18:02:22 - [TEST_STEP][PASSED] - openHours = "c_result.openHours": null

11-06-2024T18:02:22 - [TEST_STEP][PASSED] - lunes = "c_result.openHours.lunes": null

11-06-2024T18:02:22 - [TEST_STEP][PASSED] - martes = "c_result.openHours.martes": null

11-06-2024T18:02:22 - [TEST_STEP][PASSED] - miercoles = "c_result.openHours.miercoles": null

11-06-2024T18:02:22 - [TEST_STEP][PASSED] - jueves = "c_result.openHours.jueves": null

11-06-2024T18:02:22 - [TEST_STEP][PASSED] - viernes = "c_result.openHours.viernes": null

11-06-2024T18:02:22 - [TEST_STEP][PASSED] - sabado = "c_result.openHours.sabado": null

11-06-2024T18:02:22 - [TEST_STEP][PASSED] - domingo = "c_result.openHours.domingo": null

11-06-2024T18:02:22 - [TEST_STEP][PASSED] - verticalsAvailable = "c_result.verticalsAvailable": null

11-06-2024T18:02:22 - [TEST_STEP][PASSED] - MultistoreEDD = "c_result.MultistoreEDD": null

11-06-2024T18:02:22 - [TEST_STEP][PASSED] - link = "c_result.link": null

11-06-2024T18:02:22 - [TEST_STEP][PASSED] - open = "c_result.open": null

11-06-2024T18:02:22 - [TEST_STEP][PASSED] - corporateName = "c_result.corporateName": null

11-06-2024T18:02:22 - [TEST_STEP][PASSED] - shipmentCostvalue = "c_result.shipmentCost.value": null

11-06-2024T18:02:22 - [TEST_STEP][PASSED] - shipmentCostcurrency = "c_result.shipmentCost.currency": null

11-06-2024T18:02:22 - [TEST_STEP][PASSED] - shipmentCostformatted = "c_result.shipmentCost.formatted": null

11-06-2024T18:02:22 - [TEST_STEP][PASSED] - shipmentCostdecimalPrice = "c_result.shipmentCost.decimalPrice": null

11-06-2024T18:02:22 - [TEST_STEP][PASSED] - storeType = "c_result.storeType": null

11-06-2024T18:02:22 - [TEST_STEP][PASSED] - verticalType = "c_result.verticalType": null

11-06-2024T18:02:22 - [TEST_STEP][PASSED] - corporateColorCode = "c_result.corporateColorCode": null

11-06-2024T18:02:22 - [TEST_STEP][PASSED] - politicaDePrecios = "c_result.politicaDePrecios": null

11-06-2024T18:02:22 - [TEST_STEP][PASSED] - tarifaDeEntrega = "c_result.tarifaDeEntrega": null

11-06-2024T18:02:22 - [TEST_STEP][PASSED] - grantiasDeLaTienda = "c_result.grantiasDeLaTienda": null

11-06-2024T18:02:22 - [TEST_STEP][PASSED] - totalplay.Common.verifyPropertyExist(SPD_Response, id): totalplay.Common.verifyPropertyExist is PASSED

11-06-2024T18:02:22 - [MESSAGE][INFO] - Checking response object

11-06-2024T18:02:22 - [MESSAGE][PASSED] - totalplay.Common.verifyPropertyExist is PASSED

11-06-2024T18:02:22 - [TEST_STEP][PASSED] - totalplay.Common.verifyPropertyValueExist(SPD_Response, id): totalplay.Common.verifyPropertyValueExist is PASSED

11-06-2024T18:02:22 - [MESSAGE][INFO] - Checking response object

11-06-2024T18:02:22 - [MESSAGE][INFO] - store-details

11-06-2024T18:02:22 - [MESSAGE][PASSED] - totalplay.Common.verifyPropertyValueExist is PASSED

11-06-2024T18:02:22 - [TEST_STEP][PASSED] - totalplay.Common.verifyPropertyExist(SPD_Response, ID): totalplay.Common.verifyPropertyExist is PASSED

11-06-2024T18:02:22 - [MESSAGE][INFO] - Checking response object

11-06-2024T18:02:22 - [MESSAGE][PASSED] - totalplay.Common.verifyPropertyExist is PASSED

11-06-2024T18:02:22 - [TEST_STEP][PASSED] - totalplay.Common.verifyPropertyValueExist(SPD_Response, ID): totalplay.Common.verifyPropertyValueExist is PASSED

11-06-2024T18:02:22 - [MESSAGE][INFO] - Checking response object

11-06-2024T18:02:22 - [MESSAGE][INFO] - 2016

11-06-2024T18:02:22 - [MESSAGE][PASSED] - totalplay.Common.verifyPropertyValueExist is PASSED

11-06-2024T18:02:22 - [TEST_STEP][PASSED] - totalplay.Common.verifyPropertyExist(SPD_Response, name): totalplay.Common.verifyPropertyExist is PASSED

11-06-2024T18:02:22 - [MESSAGE][INFO] - Checking response object

11-06-2024T18:02:22 - [MESSAGE][PASSED] - totalplay.Common.verifyPropertyExist is PASSED

11-06-2024T18:02:22 - [TEST_STEP][PASSED] - totalplay.Common.verifyPropertyValueExist(SPD_Response, name): totalplay.Common.verifyPropertyValueExist is PASSED

11-06-2024T18:02:22 - [MESSAGE][INFO] - Checking response object

11-06-2024T18:02:22 - [MESSAGE][INFO] - IUSA

11-06-2024T18:02:22 - [MESSAGE][PASSED] - totalplay.Common.verifyPropertyValueExist is PASSED

11-06-2024T18:02:22 - [TEST_STEP][PASSED] - totalplay.Common.verifyPropertyExist(SPD_Response, phone): totalplay.Common.verifyPropertyExist is PASSED

11-06-2024T18:02:22 - [MESSAGE][INFO] - Checking response object

11-06-2024T18:02:22 - [MESSAGE][PASSED] - totalplay.Common.verifyPropertyExist is PASSED

11-06-2024T18:02:22 - [TEST_STEP][PASSED] - totalplay.Common.verifyPropertyValueExist(SPD_Response, phone): totalplay.Common.verifyPropertyValueExist is PASSED

11-06-2024T18:02:22 - [MESSAGE][INFO] - Checking response object

11-06-2024T18:02:22 - [MESSAGE][INFO] - 5518215989

11-06-2024T18:02:22 - [MESSAGE][PASSED] - totalplay.Common.verifyPropertyValueExist is PASSED

11-06-2024T18:02:22 - [TEST_STEP][PASSED] - totalplay.Common.verifyPropertyExist(SPD_Response, postalCode): totalplay.Common.verifyPropertyExist is PASSED

11-06-2024T18:02:22 - [MESSAGE][INFO] - Checking response object

11-06-2024T18:02:22 - [MESSAGE][PASSED] - totalplay.Common.verifyPropertyExist is PASSED

11-06-2024T18:02:22 - [TEST_STEP][PASSED] - totalplay.Common.verifyPropertyValueExist(SPD_Response, postalCode): totalplay.Common.verifyPropertyValueExist is PASSED

11-06-2024T18:02:22 - [MESSAGE][INFO] - Checking response object

11-06-2024T18:02:22 - [MESSAGE][INFO] - 50734

11-06-2024T18:02:22 - [MESSAGE][PASSED] - totalplay.Common.verifyPropertyValueExist is PASSED

11-06-2024T18:02:22 - [TEST_STEP][PASSED] - totalplay.Common.verifyPropertyExist(SPD_Response, address): totalplay.Common.verifyPropertyExist is PASSED

11-06-2024T18:02:22 - [MESSAGE][INFO] - Checking response object

11-06-2024T18:02:23 - [MESSAGE][PASSED] - totalplay.Common.verifyPropertyExist is PASSED

11-06-2024T18:02:23 - [TEST_STEP][PASSED] - totalplay.Common.verifyPropertyValueExist(SPD_Response, address): totalplay.Common.verifyPropertyValueExist is PASSED

11-06-2024T18:02:23 - [MESSAGE][INFO] - Checking response object

11-06-2024T18:02:23 - [MESSAGE][INFO] - Carretera Panamericana México Querétaro Kilometro 109, México- Querétaro, CP 50734 Jocotitlán. Edo de México

11-06-2024T18:02:23 - [MESSAGE][PASSED] - totalplay.Common.verifyPropertyValueExist is PASSED

11-06-2024T18:02:23 - [TEST_STEP][PASSED] - totalplay.Common.verifyPropertyExist(SPD_Response, city): totalplay.Common.verifyPropertyExist is PASSED

11-06-2024T18:02:23 - [MESSAGE][INFO] - Checking response object

11-06-2024T18:02:23 - [MESSAGE][PASSED] - totalplay.Common.verifyPropertyExist is PASSED

11-06-2024T18:02:23 - [TEST_STEP][PASSED] - totalplay.Common.verifyPropertyValueExist(SPD_Response, city): totalplay.Common.verifyPropertyValueExist is PASSED

11-06-2024T18:02:23 - [MESSAGE][INFO] - Checking response object

11-06-2024T18:02:23 - [MESSAGE][INFO] - Estado de México

11-06-2024T18:02:23 - [MESSAGE][PASSED] - totalplay.Common.verifyPropertyValueExist is PASSED

11-06-2024T18:02:23 - [TEST_STEP][PASSED] - totalplay.Common.verifyPropertyExist(SPD_Response, image): totalplay.Common.verifyPropertyExist is PASSED

11-06-2024T18:02:23 - [MESSAGE][INFO] - Checking response object

11-06-2024T18:02:23 - [MESSAGE][PASSED] - totalplay.Common.verifyPropertyExist is PASSED

11-06-2024T18:02:23 - [TEST_STEP][PASSED] - totalplay.Common.verifyPropertyValueExist(SPD_Response, image): totalplay.Common.verifyPropertyValueExist is PASSED

11-06-2024T18:02:23 - [MESSAGE][INFO] - Checking response object

11-06-2024T18:02:23 - [MESSAGE][INFO] - https://salesforceqa.sistemastp.com.mx/on/demandware.static/-/Sites/default/dw02a8496f/images/seller/201663076.54363523943

11-06-2024T18:02:23 - [MESSAGE][PASSED] - totalplay.Common.verifyPropertyValueExist is PASSED

11-06-2024T18:02:23 - [TEST_STEP][PASSED] - totalplay.Common.getDecimalValueofObject(SPD_Response, latitude): totalplay.Common.getDecimalValueofObject is PASSED

11-06-2024T18:02:23 - [MESSAGE][INFO] - Checking response object

11-06-2024T18:02:23 - [MESSAGE][PASSED] - totalplay.Common.getDecimalValueofObject is PASSED

11-06-2024T18:02:23 - [TEST_STEP][PASSED] - totalplay.Common.getDecimalValueofObject(SPD_Response, longitude): totalplay.Common.getDecimalValueofObject is PASSED

11-06-2024T18:02:23 - [MESSAGE][INFO] - Checking response object

11-06-2024T18:02:23 - [MESSAGE][PASSED] - totalplay.Common.getDecimalValueofObject is PASSED

11-06-2024T18:02:23 - [TEST_STEP][PASSED] - totalplay.Common.verifyPropertyExist(SPD_Response, todayOpenHrs): totalplay.Common.verifyPropertyExist is PASSED

11-06-2024T18:02:23 - [MESSAGE][INFO] - Checking response object

11-06-2024T18:02:23 - [MESSAGE][PASSED] - totalplay.Common.verifyPropertyExist is PASSED

11-06-2024T18:02:23 - [TEST_STEP][PASSED] - totalplay.Common.verifyPropertyValueExist(SPD_Response, todayOpenHrs): totalplay.Common.verifyPropertyValueExist is PASSED

11-06-2024T18:02:23 - [MESSAGE][INFO] - Checking response object

11-06-2024T18:02:23 - [MESSAGE][INFO] - 00:00-23:59

11-06-2024T18:02:23 - [MESSAGE][PASSED] - totalplay.Common.verifyPropertyValueExist is PASSED

11-06-2024T18:02:23 - [TEST_STEP][PASSED] - totalplay.Common.verifyPropertyExist(SPD_Response, openHours): totalplay.Common.verifyPropertyExist is PASSED

11-06-2024T18:02:23 - [MESSAGE][INFO] - Checking response object

11-06-2024T18:02:23 - [MESSAGE][PASSED] - totalplay.Common.verifyPropertyExist is PASSED

11-06-2024T18:02:23 - [TEST_STEP][PASSED] - totalplay.Common.verifyPropertyExist(SPD_Response, lunes): totalplay.Common.verifyPropertyExist is PASSED

11-06-2024T18:02:23 - [MESSAGE][INFO] - Checking response object

11-06-2024T18:02:23 - [MESSAGE][PASSED] - totalplay.Common.verifyPropertyExist is PASSED

11-06-2024T18:02:23 - [TEST_STEP][PASSED] - totalplay.Common.verifyPropertyValueExist(SPD_Response, lunes): totalplay.Common.verifyPropertyValueExist is PASSED

11-06-2024T18:02:23 - [MESSAGE][INFO] - Checking response object

11-06-2024T18:02:23 - [MESSAGE][INFO] - 00:00-23:59

11-06-2024T18:02:23 - [MESSAGE][PASSED] - totalplay.Common.verifyPropertyValueExist is PASSED

11-06-2024T18:02:23 - [TEST_STEP][PASSED] - totalplay.Common.verifyPropertyExist(SPD_Response, martes): totalplay.Common.verifyPropertyExist is PASSED

11-06-2024T18:02:23 - [MESSAGE][INFO] - Checking response object

11-06-2024T18:02:23 - [MESSAGE][PASSED] - totalplay.Common.verifyPropertyExist is PASSED

11-06-2024T18:02:23 - [TEST_STEP][PASSED] - totalplay.Common.verifyPropertyValueExist(SPD_Response, martes): totalplay.Common.verifyPropertyValueExist is PASSED

11-06-2024T18:02:23 - [MESSAGE][INFO] - Checking response object

11-06-2024T18:02:23 - [MESSAGE][INFO] - 00:00-23:59

11-06-2024T18:02:23 - [MESSAGE][PASSED] - totalplay.Common.verifyPropertyValueExist is PASSED

11-06-2024T18:02:23 - [TEST_STEP][PASSED] - totalplay.Common.verifyPropertyExist(SPD_Response, miercoles): totalplay.Common.verifyPropertyExist is PASSED

11-06-2024T18:02:23 - [MESSAGE][INFO] - Checking response object

11-06-2024T18:02:23 - [MESSAGE][PASSED] - totalplay.Common.verifyPropertyExist is PASSED

11-06-2024T18:02:23 - [TEST_STEP][PASSED] - totalplay.Common.verifyPropertyValueExist(SPD_Response, miercoles): totalplay.Common.verifyPropertyValueExist is PASSED

11-06-2024T18:02:23 - [MESSAGE][INFO] - Checking response object

11-06-2024T18:02:23 - [MESSAGE][INFO] - 00:00-23:59

11-06-2024T18:02:23 - [MESSAGE][PASSED] - totalplay.Common.verifyPropertyValueExist is PASSED

11-06-2024T18:02:23 - [TEST_STEP][PASSED] - totalplay.Common.verifyPropertyExist(SPD_Response, jueves): totalplay.Common.verifyPropertyExist is PASSED

11-06-2024T18:02:23 - [MESSAGE][INFO] - Checking response object

11-06-2024T18:02:23 - [MESSAGE][PASSED] - totalplay.Common.verifyPropertyExist is PASSED

11-06-2024T18:02:23 - [TEST_STEP][PASSED] - totalplay.Common.verifyPropertyValueExist(SPD_Response, jueves): totalplay.Common.verifyPropertyValueExist is PASSED

11-06-2024T18:02:23 - [MESSAGE][INFO] - Checking response object

11-06-2024T18:02:23 - [MESSAGE][INFO] - 00:00-23:59

11-06-2024T18:02:23 - [MESSAGE][PASSED] - totalplay.Common.verifyPropertyValueExist is PASSED

11-06-2024T18:02:23 - [TEST_STEP][PASSED] - totalplay.Common.verifyPropertyExist(SPD_Response, viernes): totalplay.Common.verifyPropertyExist is PASSED

11-06-2024T18:02:23 - [MESSAGE][INFO] - Checking response object

11-06-2024T18:02:23 - [MESSAGE][PASSED] - totalplay.Common.verifyPropertyExist is PASSED

11-06-2024T18:02:23 - [TEST_STEP][PASSED] - totalplay.Common.verifyPropertyValueExist(SPD_Response, viernes): totalplay.Common.verifyPropertyValueExist is PASSED

11-06-2024T18:02:23 - [MESSAGE][INFO] - Checking response object

11-06-2024T18:02:23 - [MESSAGE][INFO] - 00:00-23:59

11-06-2024T18:02:23 - [MESSAGE][PASSED] - totalplay.Common.verifyPropertyValueExist is PASSED

11-06-2024T18:02:23 - [TEST_STEP][PASSED] - totalplay.Common.verifyPropertyExist(SPD_Response, sabado): totalplay.Common.verifyPropertyExist is PASSED

11-06-2024T18:02:23 - [MESSAGE][INFO] - Checking response object

11-06-2024T18:02:23 - [MESSAGE][PASSED] - totalplay.Common.verifyPropertyExist is PASSED

11-06-2024T18:02:23 - [TEST_STEP][PASSED] - totalplay.Common.verifyPropertyValueExist(SPD_Response, sabado): totalplay.Common.verifyPropertyValueExist is PASSED

11-06-2024T18:02:23 - [MESSAGE][INFO] - Checking response object

11-06-2024T18:02:23 - [MESSAGE][INFO] - 00:00-23:59

11-06-2024T18:02:23 - [MESSAGE][PASSED] - totalplay.Common.verifyPropertyValueExist is PASSED

11-06-2024T18:02:23 - [TEST_STEP][PASSED] - totalplay.Common.verifyPropertyExist(SPD_Response, domingo): totalplay.Common.verifyPropertyExist is PASSED

11-06-2024T18:02:23 - [MESSAGE][INFO] - Checking response object

11-06-2024T18:02:23 - [MESSAGE][PASSED] - totalplay.Common.verifyPropertyExist is PASSED

11-06-2024T18:02:23 - [TEST_STEP][PASSED] - totalplay.Common.verifyPropertyValueExist(SPD_Response, domingo): totalplay.Common.verifyPropertyValueExist is PASSED

11-06-2024T18:02:23 - [MESSAGE][INFO] - Checking response object

11-06-2024T18:02:23 - [MESSAGE][INFO] - 00:00-23:59

11-06-2024T18:02:23 - [MESSAGE][PASSED] - totalplay.Common.verifyPropertyValueExist is PASSED

11-06-2024T18:02:23 - [TEST_STEP][PASSED] - totalplay.Common.verifyPropertyExist(SPD_Response, verticalsAvailable): totalplay.Common.verifyPropertyExist is PASSED

11-06-2024T18:02:23 - [MESSAGE][INFO] - Checking response object

11-06-2024T18:02:23 - [MESSAGE][PASSED] - totalplay.Common.verifyPropertyExist is PASSED

11-06-2024T18:02:23 - [TEST_STEP][PASSED] - totalplay.Common.verifyPropertyValueExist(SPD_Response, verticalsAvailable): totalplay.Common.verifyPropertyValueExist is PASSED

11-06-2024T18:02:23 - [MESSAGE][INFO] - Checking response object

11-06-2024T18:02:23 - [MESSAGE][INFO] - Only MultiStore

11-06-2024T18:02:23 - [MESSAGE][PASSED] - totalplay.Common.verifyPropertyValueExist is PASSED

11-06-2024T18:02:23 - [TEST_STEP][PASSED] - totalplay.Common.verifyPropertyExist(SPD_Response, MultistoreEDD): totalplay.Common.verifyPropertyExist is PASSED

11-06-2024T18:02:23 - [MESSAGE][INFO] - Checking response object

11-06-2024T18:02:23 - [MESSAGE][PASSED] - totalplay.Common.verifyPropertyExist is PASSED

11-06-2024T18:02:23 - [TEST_STEP][PASSED] - totalplay.Common.verifyPropertyValueExist(SPD_Response, MultistoreEDD): totalplay.Common.verifyPropertyValueExist is PASSED

11-06-2024T18:02:23 - [MESSAGE][INFO] - Checking response object

11-06-2024T18:02:23 - [MESSAGE][INFO] - 1 - 8 días

11-06-2024T18:02:23 - [MESSAGE][PASSED] - totalplay.Common.verifyPropertyValueExist is PASSED

11-06-2024T18:02:23 - [TEST_STEP][PASSED] - totalplay.Common.verifyPropertyExist(SPD_Response, link): totalplay.Common.verifyPropertyExist is PASSED

11-06-2024T18:02:23 - [MESSAGE][INFO] - Checking response object

11-06-2024T18:02:23 - [MESSAGE][PASSED] - totalplay.Common.verifyPropertyExist is PASSED

11-06-2024T18:02:23 - [TEST_STEP][PASSED] - totalplay.Common.verifyPropertyValueExist(SPD_Response, link): totalplay.Common.verifyPropertyValueExist is PASSED

11-06-2024T18:02:23 - [MESSAGE][INFO] - Checking response object

11-06-2024T18:02:23 - [MESSAGE][INFO] - /dw/shop/v23_1/content/seller-home-page-store?corporateName=IUSA

11-06-2024T18:02:23 - [MESSAGE][PASSED] - totalplay.Common.verifyPropertyValueExist is PASSED

11-06-2024T18:02:23 - [TEST_STEP][PASSED] - totalplay.Common.getBooleanValueofObject(SPD_Response, open): totalplay.Common.getBooleanValueofObject is PASSED

11-06-2024T18:02:23 - [MESSAGE][INFO] - Checking response object

11-06-2024T18:02:23 - [MESSAGE][PASSED] - totalplay.Common.getBooleanValueofObject is PASSED

11-06-2024T18:02:23 - [TEST_STEP][PASSED] - totalplay.Common.verifyPropertyExist(SPD_Response, corporateName): totalplay.Common.verifyPropertyExist is PASSED

11-06-2024T18:02:23 - [MESSAGE][INFO] - Checking response object

11-06-2024T18:02:23 - [MESSAGE][PASSED] - totalplay.Common.verifyPropertyExist is PASSED

11-06-2024T18:02:23 - [TEST_STEP][PASSED] - totalplay.Common.verifyPropertyValueExist(SPD_Response, corporateName): totalplay.Common.verifyPropertyValueExist is PASSED

11-06-2024T18:02:23 - [MESSAGE][INFO] - Checking response object

11-06-2024T18:02:23 - [MESSAGE][INFO] - IUSA

11-06-2024T18:02:23 - [MESSAGE][PASSED] - totalplay.Common.verifyPropertyValueExist is PASSED

11-06-2024T18:02:23 - [TEST_STEP][PASSED] - totalplay.Common.getNumValueofObject(SPD_Response, shipmentCostvalue): totalplay.Common.getNumValueofObject is PASSED

11-06-2024T18:02:23 - [MESSAGE][INFO] - Checking response object

11-06-2024T18:02:23 - [MESSAGE][PASSED] - totalplay.Common.getNumValueofObject is PASSED

11-06-2024T18:02:23 - [TEST_STEP][PASSED] - totalplay.Common.verifyPropertyExist(SPD_Response, shipmentCostformatted): totalplay.Common.verifyPropertyExist is PASSED

11-06-2024T18:02:23 - [MESSAGE][INFO] - Checking response object

11-06-2024T18:02:23 - [MESSAGE][PASSED] - totalplay.Common.verifyPropertyExist is PASSED

11-06-2024T18:02:23 - [TEST_STEP][PASSED] - totalplay.Common.verifyPropertyValueExist(SPD_Response, shipmentCostformatted): totalplay.Common.verifyPropertyValueExist is PASSED

11-06-2024T18:02:23 - [MESSAGE][INFO] - Checking response object

11-06-2024T18:02:23 - [MESSAGE][INFO] - $50.00

11-06-2024T18:02:23 - [MESSAGE][PASSED] - totalplay.Common.verifyPropertyValueExist is PASSED

11-06-2024T18:02:23 - [TEST_STEP][PASSED] - totalplay.Common.verifyPropertyExist(SPD_Response, shipmentCostdecimalPrice): totalplay.Common.verifyPropertyExist is PASSED

11-06-2024T18:02:23 - [MESSAGE][INFO] - Checking response object

11-06-2024T18:02:23 - [MESSAGE][PASSED] - totalplay.Common.verifyPropertyExist is PASSED

11-06-2024T18:02:23 - [TEST_STEP][PASSED] - totalplay.Common.verifyPropertyValueExist(SPD_Response, shipmentCostdecimalPrice): totalplay.Common.verifyPropertyValueExist is PASSED

11-06-2024T18:02:23 - [MESSAGE][INFO] - Checking response object

11-06-2024T18:02:24 - [MESSAGE][INFO] - 50.00

11-06-2024T18:02:24 - [MESSAGE][PASSED] - totalplay.Common.verifyPropertyValueExist is PASSED

11-06-2024T18:02:24 - [TEST_STEP][PASSED] - totalplay.Common.verifyPropertyExist(SPD_Response, storeType): totalplay.Common.verifyPropertyExist is PASSED

11-06-2024T18:02:24 - [MESSAGE][INFO] - Checking response object

11-06-2024T18:02:24 - [MESSAGE][PASSED] - totalplay.Common.verifyPropertyExist is PASSED

11-06-2024T18:02:24 - [TEST_STEP][PASSED] - totalplay.Common.verifyPropertyValueExist(SPD_Response, storeType): totalplay.Common.verifyPropertyValueExist is PASSED

11-06-2024T18:02:24 - [MESSAGE][INFO] - Checking response object

11-06-2024T18:02:24 - [MESSAGE][INFO] - Hogar

11-06-2024T18:02:24 - [MESSAGE][PASSED] - totalplay.Common.verifyPropertyValueExist is PASSED

11-06-2024T18:02:24 - [TEST_STEP][PASSED] - totalplay.Common.verifyPropertyExist(SPD_Response, verticalType): totalplay.Common.verifyPropertyExist is PASSED

11-06-2024T18:02:24 - [MESSAGE][INFO] - Checking response object

11-06-2024T18:02:24 - [MESSAGE][PASSED] - totalplay.Common.verifyPropertyExist is PASSED

11-06-2024T18:02:24 - [TEST_STEP][PASSED] - totalplay.Common.verifyPropertyValueExist(SPD_Response, verticalType): totalplay.Common.verifyPropertyValueExist is PASSED

11-06-2024T18:02:24 - [MESSAGE][INFO] - Checking response object

11-06-2024T18:02:24 - [MESSAGE][INFO] - MultiStore

11-06-2024T18:02:24 - [MESSAGE][PASSED] - totalplay.Common.verifyPropertyValueExist is PASSED

11-06-2024T18:02:24 - [TEST_STEP][PASSED] - totalplay.Common.verifyPropertyExist(SPD_Response, corporateColorCode): totalplay.Common.verifyPropertyExist is PASSED

11-06-2024T18:02:24 - [MESSAGE][INFO] - Checking response object

11-06-2024T18:02:24 - [MESSAGE][PASSED] - totalplay.Common.verifyPropertyExist is PASSED

11-06-2024T18:02:24 - [TEST_STEP][PASSED] - totalplay.Common.verifyPropertyValueExist(SPD_Response, corporateColorCode): totalplay.Common.verifyPropertyValueExist is PASSED

11-06-2024T18:02:24 - [MESSAGE][INFO] - Checking response object

11-06-2024T18:02:24 - [MESSAGE][INFO] - #E2232A

11-06-2024T18:02:24 - [MESSAGE][PASSED] - totalplay.Common.verifyPropertyValueExist is PASSED

11-06-2024T18:02:24 - [TEST_STEP][PASSED] - totalplay.Common.verifyPropertyExist(SPD_Response, politicaDePrecios): totalplay.Common.verifyPropertyExist is PASSED

11-06-2024T18:02:24 - [MESSAGE][INFO] - Checking response object

11-06-2024T18:02:24 - [MESSAGE][PASSED] - totalplay.Common.verifyPropertyExist is PASSED

11-06-2024T18:02:24 - [TEST_STEP][PASSED] - totalplay.Common.verifyPropertyValueExist(SPD_Response, politicaDePrecios): totalplay.Common.verifyPropertyValueExist is PASSED

11-06-2024T18:02:24 - [MESSAGE][INFO] - Checking response object

11-06-2024T18:02:24 - [MESSAGE][INFO] - Los precios pueden variar de acuerdo con la sucursal. De acuerdo con la Ley del IVA, todos los precios publicados en Totalplay Tiendas incluyen este impuesto, a excepción de los productos exentos del mismo

11-06-2024T18:02:24 - [MESSAGE][PASSED] - totalplay.Common.verifyPropertyValueExist is PASSED

11-06-2024T18:02:24 - [TEST_STEP][PASSED] - totalplay.Common.getBooleanValueofObject(SPD_Response, tarifaDeEntrega): totalplay.Common.getBooleanValueofObject is PASSED

11-06-2024T18:02:24 - [MESSAGE][INFO] - Checking response object

11-06-2024T18:02:24 - [MESSAGE][PASSED] - totalplay.Common.getBooleanValueofObject is PASSED

11-06-2024T18:02:24 - [TEST_STEP][PASSED] - totalplay.Common.getBooleanValueofObject(SPD_Response, grantiasDeLaTienda): totalplay.Common.getBooleanValueofObject is PASSED

11-06-2024T18:02:24 - [MESSAGE][INFO] - Checking response object

11-06-2024T18:02:24 - [MESSAGE][PASSED] - totalplay.Common.getBooleanValueofObject is PASSED]]></system-out>
         <system-err><![CDATA[]]></system-err>
      </testcase>
      <testcase name="Test Cases/TotalPlay-Shop/TC_7_StoreCategoryPage" time="4.073" classname="Test Cases/TotalPlay-Shop/TC_7_StoreCategoryPage" status="ERROR">
         <error type="ERROR" message="Test Cases/TotalPlay-Shop/TC_7_StoreCategoryPage FAILED.&#xa;Reason:&#xa;org.codehaus.groovy.runtime.InvokerInvocationException: Assertion failed: &#xa;&#xa;assert PropertyCount>0&#xa;       |            |&#xa;       0            false&#xa;&#xa;	at com.kms.katalon.core.main.CustomKeywordDelegatingMetaClass.invokeStaticMethod(CustomKeywordDelegatingMetaClass.java:55)&#xa;	at TC_7_StoreCategoryPage.run(TC_7_StoreCategoryPage:67)&#xa;	at com.kms.katalon.core.main.ScriptEngine.run(ScriptEngine.java:194)&#xa;	at com.kms.katalon.core.main.ScriptEngine.runScriptAsRawText(ScriptEngine.java:119)&#xa;	at com.kms.katalon.core.main.TestCaseExecutor.runScript(TestCaseExecutor.java:448)&#xa;	at com.kms.katalon.core.main.TestCaseExecutor.doExecute(TestCaseExecutor.java:439)&#xa;	at com.kms.katalon.core.main.TestCaseExecutor.processExecutionPhase(TestCaseExecutor.java:418)&#xa;	at com.kms.katalon.core.main.TestCaseExecutor.accessMainPhase(TestCaseExecutor.java:410)&#xa;	at com.kms.katalon.core.main.TestCaseExecutor.execute(TestCaseExecutor.java:285)&#xa;	at com.kms.katalon.core.common.CommonExecutor.accessTestCaseMainPhase(CommonExecutor.java:65)&#xa;	at com.kms.katalon.core.main.TestSuiteExecutor.accessTestSuiteMainPhase(TestSuiteExecutor.java:150)&#xa;	at com.kms.katalon.core.main.TestSuiteExecutor.execute(TestSuiteExecutor.java:106)&#xa;	at com.kms.katalon.core.main.TestCaseMain.startTestSuite(TestCaseMain.java:180)&#xa;	at TempTestSuite1718109097791.run(TempTestSuite1718109097791.groovy:35)&#xa;	at java.base/jdk.internal.reflect.NativeMethodAccessorImpl.invoke0(Native Method)&#xa;	at java.base/jdk.internal.reflect.NativeMethodAccessorImpl.invoke(NativeMethodAccessorImpl.java:77)&#xa;	at java.base/jdk.internal.reflect.DelegatingMethodAccessorImpl.invoke(DelegatingMethodAccessorImpl.java:43)&#xa;Caused by: Assertion failed: &#xa;&#xa;assert PropertyCount>0&#xa;       |            |&#xa;       0            false&#xa;&#xa;	at totalplay.Common.verifyPropertyExist(Common.groovy:40)&#xa;	at jdk.internal.reflect.GeneratedMethodAccessor7.invoke(Unknown Source)&#xa;	at java.base/jdk.internal.reflect.DelegatingMethodAccessorImpl.invoke(DelegatingMethodAccessorImpl.java:43)&#xa;	... 17 more&#xa;"/>
         <system-out><![CDATA[11-06-2024T18:02:24 - [TEST_CASE][ERROR] - Test Cases/TotalPlay-Shop/TC_7_StoreCategoryPage: Test Cases/TotalPlay-Shop/TC_7_StoreCategoryPage FAILED.
Reason:
org.codehaus.groovy.runtime.InvokerInvocationException: Assertion failed: 

assert PropertyCount>0
       |            |
       0            false

	at com.kms.katalon.core.main.CustomKeywordDelegatingMetaClass.invokeStaticMethod(CustomKeywordDelegatingMetaClass.java:55)
	at TC_7_StoreCategoryPage.run(TC_7_StoreCategoryPage:67)
	at com.kms.katalon.core.main.ScriptEngine.run(ScriptEngine.java:194)
	at com.kms.katalon.core.main.ScriptEngine.runScriptAsRawText(ScriptEngine.java:119)
	at com.kms.katalon.core.main.TestCaseExecutor.runScript(TestCaseExecutor.java:448)
	at com.kms.katalon.core.main.TestCaseExecutor.doExecute(TestCaseExecutor.java:439)
	at com.kms.katalon.core.main.TestCaseExecutor.processExecutionPhase(TestCaseExecutor.java:418)
	at com.kms.katalon.core.main.TestCaseExecutor.accessMainPhase(TestCaseExecutor.java:410)
	at com.kms.katalon.core.main.TestCaseExecutor.execute(TestCaseExecutor.java:285)
	at com.kms.katalon.core.common.CommonExecutor.accessTestCaseMainPhase(CommonExecutor.java:65)
	at com.kms.katalon.core.main.TestSuiteExecutor.accessTestSuiteMainPhase(TestSuiteExecutor.java:150)
	at com.kms.katalon.core.main.TestSuiteExecutor.execute(TestSuiteExecutor.java:106)
	at com.kms.katalon.core.main.TestCaseMain.startTestSuite(TestCaseMain.java:180)
	at TempTestSuite1718109097791.run(TempTestSuite1718109097791.groovy:35)
	at java.base/jdk.internal.reflect.NativeMethodAccessorImpl.invoke0(Native Method)
	at java.base/jdk.internal.reflect.NativeMethodAccessorImpl.invoke(NativeMethodAccessorImpl.java:77)
	at java.base/jdk.internal.reflect.DelegatingMethodAccessorImpl.invoke(DelegatingMethodAccessorImpl.java:43)
Caused by: Assertion failed: 

assert PropertyCount>0
       |            |
       0            false

	at totalplay.Common.verifyPropertyExist(Common.groovy:40)
	at jdk.internal.reflect.GeneratedMethodAccessor7.invoke(Unknown Source)
	at java.base/jdk.internal.reflect.DelegatingMethodAccessorImpl.invoke(DelegatingMethodAccessorImpl.java:43)
	... 17 more


11-06-2024T18:02:24 - [TEST_STEP][PASSED] - callTestCase(findTestCase("TotalPlay-Shop/TC_1_InterfaceLogin"), [:], STOP_ON_FAILURE): Call Test Case 'Test Cases/TotalPlay-Shop/TC_1_InterfaceLogin' successfully

11-06-2024T18:02:24 - [MESSAGE][INFO] - Checking called Test Case

11-06-2024T18:02:24 - [MESSAGE][INFO] - Starting to call Test Case 'Test Cases/TotalPlay-Shop/TC_1_InterfaceLogin'

11-06-2024T18:02:24 - [TEST_CASE][PASSED] - Test Cases/TotalPlay-Shop/TC_1_InterfaceLogin: Test Cases/TotalPlay-Shop/TC_1_InterfaceLogin

11-06-2024T18:02:24 - [TEST_STEP][PASSED] - LoginResponse = sendRequest(findTestObject("TotalPlay-Shop/Interface Login (SLAS)", ["URL":URL, "SITEID":SITEID])): Send request successfully

11-06-2024T18:02:24 - [MESSAGE][INFO] - Finding Test Object 'Object Repository/TotalPlay-Shop/Interface Login (SLAS)'

11-06-2024T18:02:24 - [MESSAGE][INFO] - Checking request object

11-06-2024T18:02:26 - [MESSAGE][INFO] - HAR: D:\Automation\KogniveraGithub\TotalPlay_Automation\totalplay-API\totalplay-automation\Reports\20240611_180136\Shop-Services\20240611_180137\requests\main\9.har

11-06-2024T18:02:26 - [MESSAGE][PASSED] - Send request successfully

11-06-2024T18:02:26 - [TEST_STEP][PASSED] - assert getResponseStatusCode(LoginResponse) == 200: Checking response object

11-06-2024T18:02:26 - [MESSAGE][INFO] - Checking response object

11-06-2024T18:02:26 - [TEST_STEP][PASSED] - Auth = "ocapiResponse.access_token": null

11-06-2024T18:02:26 - [TEST_STEP][PASSED] - sfccAuthorization = getElementPropertyValue(LoginResponse, Auth): Checking response object

11-06-2024T18:02:26 - [MESSAGE][INFO] - Checking response object

11-06-2024T18:02:26 - [TEST_STEP][PASSED] - logInfo(sfccAuthorization): eyJ2ZXIiOiIxLjAiLCJqa3UiOiJzbGFzL3Byb2QvYmpjbF9kZXYiLCJraWQiOiIzOWM0NGRmMy01OGI5LTQ3YWEtODNhMC05NWMwOTBiZGNkMzciLCJ0eXAiOiJqd3QiLCJjbHYiOiJKMi4zLjQiLCJhbGciOiJFUzI1NiJ9.eyJhdXQiOiJHVUlEIiwic2NwIjoic2ZjYy5zaG9wcGVyLW15YWNjb3VudC5iYXNrZXRzIHNmY2Muc2hvcHBlci1kaXNjb3Zlcnktc2VhcmNoIHNmY2Muc2hvcHBlci1teWFjY291bnQuYWRkcmVzc2VzIHNmY2Muc2hvcHBlci1wcm9kdWN0cyBzZmNjLnNob3BwZXItbXlhY2NvdW50LnJ3IHNmY2Muc2hvcHBlci1teWFjY291bnQucGF5bWVudGluc3RydW1lbnRzIHNmY2Muc2hvcHBlci1jdXN0b21lcnMubG9naW4gc2ZjYy5zaG9wcGVyLXN0b3JlcyBzZmNjLnNob3BwZXItbXlhY2NvdW50Lm9yZGVycyBzZmNjLnNob3BwZXItYmFza2V0cy1vcmRlcnMgc2ZjYy5zaG9wcGVyLWN1c3RvbWVycy5yZWdpc3RlciBzZmNjLnNob3BwZXItbXlhY2NvdW50LmFkZHJlc3Nlcy5ydyBzZmNjLnNob3BwZXItbXlhY2NvdW50LnByb2R1Y3RsaXN0cy5ydyBzZmNjLnNob3BwZXItcHJvZHVjdGxpc3RzIHNmY2Muc2hvcHBlci1wcm9tb3Rpb25zIHNmY2Muc2hvcHBlci1iYXNrZXRzLW9yZGVycy5ydyBzZmNjLnNob3BwZXItZ2lmdC1jZXJ0aWZpY2F0ZXMgc2ZjYy5zaG9wcGVyLW15YWNjb3VudC5wYXltZW50aW5zdHJ1bWVudHMucncgc2ZjYy5zaG9wcGVyLXByb2R1Y3Qtc2VhcmNoIHNmY2Muc2hvcHBlci1teWFjY291bnQucHJvZHVjdGxpc3RzIHNmY2Muc2hvcHBlci1jYXRlZ29yaWVzIHNmY2Muc2hvcHBlci1teWFjY291bnQiLCJzdWIiOiJjYy1zbGFzOjpiamNsX2Rldjo6c2NpZDo1ZDI1ZjVmYS01YTRmLTQ2YjUtYTIxMS04NzU1NDJjODVhYzE6OnVzaWQ6YjcxNDc1ZWEtMzE4MS00YTQ0LTk5YTAtZmNmMjJiN2M4ZGM1IiwiY3R4Ijoic2xhcyIsImlzcyI6InNsYXMvcHJvZC9iamNsX2RldiIsImlzdCI6MSwiZG50IjoiMCIsImF1ZCI6ImNvbW1lcmNlY2xvdWQvcHJvZC9iamNsX2RldiIsIm5iZiI6MTcxODEwOTExNiwic3R5IjoiVXNlciIsImlzYiI6InVpZG86ZWNvbTo6dXBuOnFhLnRvdGFscGxheSswMTAwOTg3MTA1QGdtYWlsLmNvbTo6dWlkbjpSaWNhcmRvICBDb3JvbmEgQ3J1ejo6Z2NpZDphYndIQVZsYkFaeHVjUmtYYzJrcVlZd3JvWTo6cmNpZDphY25SYldxdWpIQ3BnOW9xNlYyaGt1VGFTVzo6Y2hpZDpUUC1TSE9QIiwiZXhwIjoxNzE4MTEwOTQ2LCJpYXQiOjE3MTgxMDkxNDYsImp0aSI6IkMyQy0xMzExNTYzNTcwMTc4NzUxMTg1MDEwMjMwMDU4MDcxNTI1MzcifQ.pniJgZuV1-HgFOx2hFAEOEGAhBnZNmYN5P94oy4rPR-RTjxBCMpaGU5sSAD-3w4NSwmEPWemgWr7ArszT_noyQ

11-06-2024T18:02:26 - [MESSAGE][INFO] - eyJ2ZXIiOiIxLjAiLCJqa3UiOiJzbGFzL3Byb2QvYmpjbF9kZXYiLCJraWQiOiIzOWM0NGRmMy01OGI5LTQ3YWEtODNhMC05NWMwOTBiZGNkMzciLCJ0eXAiOiJqd3QiLCJjbHYiOiJKMi4zLjQiLCJhbGciOiJFUzI1NiJ9.eyJhdXQiOiJHVUlEIiwic2NwIjoic2ZjYy5zaG9wcGVyLW15YWNjb3VudC5iYXNrZXRzIHNmY2Muc2hvcHBlci1kaXNjb3Zlcnktc2VhcmNoIHNmY2Muc2hvcHBlci1teWFjY291bnQuYWRkcmVzc2VzIHNmY2Muc2hvcHBlci1wcm9kdWN0cyBzZmNjLnNob3BwZXItbXlhY2NvdW50LnJ3IHNmY2Muc2hvcHBlci1teWFjY291bnQucGF5bWVudGluc3RydW1lbnRzIHNmY2Muc2hvcHBlci1jdXN0b21lcnMubG9naW4gc2ZjYy5zaG9wcGVyLXN0b3JlcyBzZmNjLnNob3BwZXItbXlhY2NvdW50Lm9yZGVycyBzZmNjLnNob3BwZXItYmFza2V0cy1vcmRlcnMgc2ZjYy5zaG9wcGVyLWN1c3RvbWVycy5yZWdpc3RlciBzZmNjLnNob3BwZXItbXlhY2NvdW50LmFkZHJlc3Nlcy5ydyBzZmNjLnNob3BwZXItbXlhY2NvdW50LnByb2R1Y3RsaXN0cy5ydyBzZmNjLnNob3BwZXItcHJvZHVjdGxpc3RzIHNmY2Muc2hvcHBlci1wcm9tb3Rpb25zIHNmY2Muc2hvcHBlci1iYXNrZXRzLW9yZGVycy5ydyBzZmNjLnNob3BwZXItZ2lmdC1jZXJ0aWZpY2F0ZXMgc2ZjYy5zaG9wcGVyLW15YWNjb3VudC5wYXltZW50aW5zdHJ1bWVudHMucncgc2ZjYy5zaG9wcGVyLXByb2R1Y3Qtc2VhcmNoIHNmY2Muc2hvcHBlci1teWFjY291bnQucHJvZHVjdGxpc3RzIHNmY2Muc2hvcHBlci1jYXRlZ29yaWVzIHNmY2Muc2hvcHBlci1teWFjY291bnQiLCJzdWIiOiJjYy1zbGFzOjpiamNsX2Rldjo6c2NpZDo1ZDI1ZjVmYS01YTRmLTQ2YjUtYTIxMS04NzU1NDJjODVhYzE6OnVzaWQ6YjcxNDc1ZWEtMzE4MS00YTQ0LTk5YTAtZmNmMjJiN2M4ZGM1IiwiY3R4Ijoic2xhcyIsImlzcyI6InNsYXMvcHJvZC9iamNsX2RldiIsImlzdCI6MSwiZG50IjoiMCIsImF1ZCI6ImNvbW1lcmNlY2xvdWQvcHJvZC9iamNsX2RldiIsIm5iZiI6MTcxODEwOTExNiwic3R5IjoiVXNlciIsImlzYiI6InVpZG86ZWNvbTo6dXBuOnFhLnRvdGFscGxheSswMTAwOTg3MTA1QGdtYWlsLmNvbTo6dWlkbjpSaWNhcmRvICBDb3JvbmEgQ3J1ejo6Z2NpZDphYndIQVZsYkFaeHVjUmtYYzJrcVlZd3JvWTo6cmNpZDphY25SYldxdWpIQ3BnOW9xNlYyaGt1VGFTVzo6Y2hpZDpUUC1TSE9QIiwiZXhwIjoxNzE4MTEwOTQ2LCJpYXQiOjE3MTgxMDkxNDYsImp0aSI6IkMyQy0xMzExNTYzNTcwMTc4NzUxMTg1MDEwMjMwMDU4MDcxNTI1MzcifQ.pniJgZuV1-HgFOx2hFAEOEGAhBnZNmYN5P94oy4rPR-RTjxBCMpaGU5sSAD-3w4NSwmEPWemgWr7ArszT_noyQ

11-06-2024T18:02:26 - [TEST_STEP][PASSED] - Authorization = "Bearer " + sfccAuthorization: null

11-06-2024T18:02:26 - [TEST_STEP][PASSED] - logInfo(bm_auth_token): 

11-06-2024T18:02:26 - [MESSAGE][INFO] - 

11-06-2024T18:02:26 - [TEST_STEP][PASSED] - if (sfccAuthorization.length() == 0): null

11-06-2024T18:02:26 - [TEST_STEP][PASSED] - else: authorization generated

11-06-2024T18:02:26 - [TEST_STEP][PASSED] - markPassed("authorization generated"): authorization generated

11-06-2024T18:02:26 - [MESSAGE][PASSED] - authorization generated

11-06-2024T18:02:26 - [TEST_STEP][PASSED] - BasketId_loginResponse = "ocapiResponse.c_basketId": null

11-06-2024T18:02:26 - [TEST_STEP][PASSED] - CustomerId_loginResponse = "ocapiResponse.customer_id": null

11-06-2024T18:02:26 - [TEST_STEP][PASSED] - basketId = getElementPropertyValue(LoginResponse, BasketId_loginResponse): Checking response object

11-06-2024T18:02:26 - [MESSAGE][INFO] - Checking response object

11-06-2024T18:02:26 - [TEST_STEP][PASSED] - customerId = getElementPropertyValue(LoginResponse, CustomerId_loginResponse): Checking response object

11-06-2024T18:02:26 - [MESSAGE][INFO] - Checking response object

11-06-2024T18:02:26 - [TEST_STEP][PASSED] - basketID = basketId: null

11-06-2024T18:02:26 - [TEST_STEP][PASSED] - sla_customerId = customerId: null

11-06-2024T18:02:26 - [TEST_STEP][PASSED] - println(basketID): null

11-06-2024T18:02:26 - [TEST_STEP][PASSED] - println(sla_customerId): null

11-06-2024T18:02:26 - [TEST_STEP][PASSED] - refresh_token = "ocapiResponse.refresh_token": null

11-06-2024T18:02:26 - [TEST_STEP][PASSED] - customer_email = "ocapiResponse.customer_email": null

11-06-2024T18:02:26 - [TEST_STEP][PASSED] - c_brmId = "ocapiResponse.c_brmId": null

11-06-2024T18:02:26 - [TEST_STEP][PASSED] - customer_name = "ocapiResponse.customer_name": null

11-06-2024T18:02:26 - [TEST_STEP][PASSED] - totalplay.Common.verifyPropertyExist(LoginResponse, refresh_token): totalplay.Common.verifyPropertyExist is PASSED

11-06-2024T18:02:26 - [MESSAGE][INFO] - Checking response object

11-06-2024T18:02:26 - [MESSAGE][PASSED] - totalplay.Common.verifyPropertyExist is PASSED

11-06-2024T18:02:26 - [TEST_STEP][PASSED] - totalplay.Common.verifyPropertyValueExist(LoginResponse, refresh_token): totalplay.Common.verifyPropertyValueExist is PASSED

11-06-2024T18:02:26 - [MESSAGE][INFO] - Checking response object

11-06-2024T18:02:26 - [MESSAGE][INFO] - JAUb0d_QW6zNaWwX9Jv9Vq8Uw2EtWKbgW35ZNaDZXS4

11-06-2024T18:02:26 - [MESSAGE][PASSED] - totalplay.Common.verifyPropertyValueExist is PASSED

11-06-2024T18:02:26 - [TEST_STEP][PASSED] - totalplay.Common.verifyPropertyExist(LoginResponse, customer_email): totalplay.Common.verifyPropertyExist is PASSED

11-06-2024T18:02:26 - [MESSAGE][INFO] - Checking response object

11-06-2024T18:02:26 - [MESSAGE][PASSED] - totalplay.Common.verifyPropertyExist is PASSED

11-06-2024T18:02:26 - [TEST_STEP][PASSED] - totalplay.Common.verifyPropertyValueExist(LoginResponse, customer_email): totalplay.Common.verifyPropertyValueExist is PASSED

11-06-2024T18:02:26 - [MESSAGE][INFO] - Checking response object

11-06-2024T18:02:26 - [MESSAGE][INFO] - qa.totalplay@gmail.com

11-06-2024T18:02:26 - [MESSAGE][PASSED] - totalplay.Common.verifyPropertyValueExist is PASSED

11-06-2024T18:02:26 - [TEST_STEP][PASSED] - totalplay.Common.verifyPropertyExist(LoginResponse, customer_name): totalplay.Common.verifyPropertyExist is PASSED

11-06-2024T18:02:26 - [MESSAGE][INFO] - Checking response object

11-06-2024T18:02:26 - [MESSAGE][PASSED] - totalplay.Common.verifyPropertyExist is PASSED

11-06-2024T18:02:26 - [TEST_STEP][PASSED] - totalplay.Common.verifyPropertyValueExist(LoginResponse, customer_name): totalplay.Common.verifyPropertyValueExist is PASSED

11-06-2024T18:02:26 - [MESSAGE][INFO] - Checking response object

11-06-2024T18:02:27 - [MESSAGE][INFO] - Ricardo  Corona Cruz

11-06-2024T18:02:27 - [MESSAGE][PASSED] - totalplay.Common.verifyPropertyValueExist is PASSED

11-06-2024T18:02:27 - [TEST_STEP][PASSED] - totalplay.Common.verifyPropertyExist(LoginResponse, c_brmId): totalplay.Common.verifyPropertyExist is PASSED

11-06-2024T18:02:27 - [MESSAGE][INFO] - Checking response object

11-06-2024T18:02:27 - [MESSAGE][PASSED] - totalplay.Common.verifyPropertyExist is PASSED

11-06-2024T18:02:27 - [TEST_STEP][PASSED] - totalplay.Common.verifyPropertyValueExist(LoginResponse, c_brmId): totalplay.Common.verifyPropertyValueExist is PASSED

11-06-2024T18:02:27 - [MESSAGE][INFO] - Checking response object

11-06-2024T18:02:27 - [MESSAGE][INFO] - 0100987105

11-06-2024T18:02:27 - [MESSAGE][PASSED] - totalplay.Common.verifyPropertyValueExist is PASSED

11-06-2024T18:02:27 - [MESSAGE][PASSED] - Call Test Case 'Test Cases/TotalPlay-Shop/TC_1_InterfaceLogin' successfully

11-06-2024T18:02:27 - [TEST_STEP][PASSED] - SCP_Response = sendRequest(findTestObject("TotalPlay-Shop/Postman/SCP/Store category page", ["URL":URL, "SITEID":SITEID])): Send request successfully

11-06-2024T18:02:27 - [MESSAGE][INFO] - Finding Test Object 'Object Repository/TotalPlay-Shop/Postman/SCP/Store category page'

11-06-2024T18:02:27 - [MESSAGE][INFO] - Checking request object

11-06-2024T18:02:28 - [MESSAGE][INFO] - HAR: D:\Automation\KogniveraGithub\TotalPlay_Automation\totalplay-API\totalplay-automation\Reports\20240611_180136\Shop-Services\20240611_180137\requests\main\10.har

11-06-2024T18:02:28 - [MESSAGE][PASSED] - Send request successfully

11-06-2024T18:02:28 - [TEST_STEP][PASSED] - verifyResponseStatusCode(SCP_Response, 200): Verify response status code successfully

11-06-2024T18:02:28 - [MESSAGE][INFO] - Checking response object

11-06-2024T18:02:28 - [MESSAGE][PASSED] - Verify response status code successfully

11-06-2024T18:02:28 - [TEST_STEP][PASSED] - id = "id": null

11-06-2024T18:02:28 - [TEST_STEP][PASSED] - name = "name": null

11-06-2024T18:02:28 - [TEST_STEP][PASSED] - Seller_name = "c_result.stores[0].name": null

11-06-2024T18:02:28 - [TEST_STEP][PASSED] - Seller_image = "c_result.stores[0].image": null

11-06-2024T18:02:28 - [TEST_STEP][PASSED] - ondemandEDD = "c_result.stores[0].ondemandEDD": null

11-06-2024T18:02:28 - [TEST_STEP][PASSED] - corporateColorCode = "c_result.stores[0].corporateColorCode": null

11-06-2024T18:02:28 - [TEST_STEP][PASSED] - multiStoreEDD = "c_result.stores[0].multiStoreEDD": null

11-06-2024T18:02:28 - [TEST_STEP][PASSED] - link = "c_result.stores[0].link": null

11-06-2024T18:02:28 - [TEST_STEP][PASSED] - linkType = "c_result.stores[0].linkType": null

11-06-2024T18:02:28 - [TEST_STEP][PASSED] - product_name = "c_result.stores[0].products[0].name": null

11-06-2024T18:02:28 - [TEST_STEP][PASSED] - product_ID = "c_result.stores[0].products[0].ID": null

11-06-2024T18:02:28 - [TEST_STEP][PASSED] - sellerId = "c_result.stores[0].products[0].sellerId": null

11-06-2024T18:02:28 - [TEST_STEP][PASSED] - corporateName = "c_result.stores[0].products[0].corporateName": null

11-06-2024T18:02:28 - [TEST_STEP][PASSED] - productType = "c_result.stores[0].products[0].productType": null

11-06-2024T18:02:28 - [TEST_STEP][PASSED] - productImage = "c_result.stores[0].products[0].productImage": null

11-06-2024T18:02:28 - [TEST_STEP][PASSED] - pricetype = "c_result.stores[0].products[0].price.type": null

11-06-2024T18:02:28 - [TEST_STEP][PASSED] - min_sales_value = "c_result.stores[0].products[0].price.min.sales.value": null

11-06-2024T18:02:28 - [TEST_STEP][PASSED] - min_sales_currency = "c_result.stores[0].products[0].price.min.sales.currency": null

11-06-2024T18:02:28 - [TEST_STEP][PASSED] - min_sales_formatted = "c_result.stores[0].products[0].price.min.sales.formatted": null

11-06-2024T18:02:28 - [TEST_STEP][PASSED] - min_sales_decimalPrice = "c_result.stores[0].products[0].price.min.sales.decimalPrice": null

11-06-2024T18:02:28 - [TEST_STEP][PASSED] - max_sales_value = "c_result.stores[0].products[0].price.max.sales.value": null

11-06-2024T18:02:28 - [TEST_STEP][PASSED] - max_sales_formatted = "c_result.stores[0].products[0].price.max.sales.formatted": null

11-06-2024T18:02:28 - [TEST_STEP][PASSED] - max_sales_decimalPrice = "c_result.stores[0].products[0].price.max.sales.decimalPrice": null

11-06-2024T18:02:28 - [TEST_STEP][PASSED] - max_sales_currency = "c_result.stores[0].products[0].price.max.sales.currency": null

11-06-2024T18:02:28 - [TEST_STEP][PASSED] - isVariant = "c_result.stores[0].products[0].isVariant": null

11-06-2024T18:02:28 - [TEST_STEP][PASSED] - stores_count = "c_result.stores_count": null

11-06-2024T18:02:28 - [TEST_STEP][PASSED] - overall_stores_count = "c_result.overall_stores_count": null

11-06-2024T18:02:28 - [TEST_STEP][PASSED] - totalplay.Common.verifyPropertyExist(SCP_Response, id): totalplay.Common.verifyPropertyExist is PASSED

11-06-2024T18:02:28 - [MESSAGE][INFO] - Checking response object

11-06-2024T18:02:28 - [MESSAGE][PASSED] - totalplay.Common.verifyPropertyExist is PASSED

11-06-2024T18:02:28 - [TEST_STEP][PASSED] - totalplay.Common.verifyPropertyValueExist(SCP_Response, id): totalplay.Common.verifyPropertyValueExist is PASSED

11-06-2024T18:02:28 - [MESSAGE][INFO] - Checking response object

11-06-2024T18:02:28 - [MESSAGE][INFO] - seller-category-page

11-06-2024T18:02:28 - [MESSAGE][PASSED] - totalplay.Common.verifyPropertyValueExist is PASSED

11-06-2024T18:02:28 - [TEST_STEP][PASSED] - totalplay.Common.verifyPropertyExist(SCP_Response, name): totalplay.Common.verifyPropertyExist is PASSED

11-06-2024T18:02:28 - [MESSAGE][INFO] - Checking response object

11-06-2024T18:02:28 - [MESSAGE][PASSED] - totalplay.Common.verifyPropertyExist is PASSED

11-06-2024T18:02:28 - [TEST_STEP][PASSED] - totalplay.Common.verifyPropertyValueExist(SCP_Response, name): totalplay.Common.verifyPropertyValueExist is PASSED

11-06-2024T18:02:28 - [MESSAGE][INFO] - Checking response object

11-06-2024T18:02:28 - [MESSAGE][INFO] - seller category page

11-06-2024T18:02:28 - [MESSAGE][PASSED] - totalplay.Common.verifyPropertyValueExist is PASSED

11-06-2024T18:02:28 - [TEST_STEP][PASSED] - totalplay.Common.verifyPropertyExist(SCP_Response, Seller_name): totalplay.Common.verifyPropertyExist is PASSED

11-06-2024T18:02:28 - [MESSAGE][INFO] - Checking response object

11-06-2024T18:02:28 - [MESSAGE][PASSED] - totalplay.Common.verifyPropertyExist is PASSED

11-06-2024T18:02:28 - [TEST_STEP][PASSED] - totalplay.Common.verifyPropertyValueExist(SCP_Response, Seller_name): totalplay.Common.verifyPropertyValueExist is PASSED

11-06-2024T18:02:28 - [MESSAGE][INFO] - Checking response object

11-06-2024T18:02:28 - [MESSAGE][INFO] - SpringAir

11-06-2024T18:02:28 - [MESSAGE][PASSED] - totalplay.Common.verifyPropertyValueExist is PASSED

11-06-2024T18:02:28 - [TEST_STEP][PASSED] - totalplay.Common.verifyPropertyExist(SCP_Response, Seller_image): totalplay.Common.verifyPropertyExist is PASSED

11-06-2024T18:02:28 - [MESSAGE][INFO] - Checking response object

11-06-2024T18:02:28 - [MESSAGE][PASSED] - totalplay.Common.verifyPropertyExist is PASSED

11-06-2024T18:02:28 - [TEST_STEP][PASSED] - totalplay.Common.verifyPropertyValueExist(SCP_Response, Seller_image): totalplay.Common.verifyPropertyValueExist is PASSED

11-06-2024T18:02:28 - [MESSAGE][INFO] - Checking response object

11-06-2024T18:02:28 - [MESSAGE][INFO] - https://salesforceqa.sistemastp.com.mx/on/demandware.static/-/Sites/default/dw5573d352/images/seller/2177629.3742894929566

11-06-2024T18:02:28 - [MESSAGE][PASSED] - totalplay.Common.verifyPropertyValueExist is PASSED

11-06-2024T18:02:28 - [TEST_STEP][FAILED] - totalplay.Common.verifyPropertyExist(SCP_Response, ondemandEDD): Test Cases/TotalPlay-Shop/TC_7_StoreCategoryPage FAILED.
Reason:
Assertion failed: 

assert PropertyCount>0
       |            |
       0            false

	at totalplay.Common.verifyPropertyExist(Common.groovy:40)
	at jdk.internal.reflect.GeneratedMethodAccessor7.invoke(Unknown Source)
	at java.base/jdk.internal.reflect.DelegatingMethodAccessorImpl.invoke(DelegatingMethodAccessorImpl.java:43)
	at com.kms.katalon.core.main.CustomKeywordDelegatingMetaClass.invokeStaticMethod(CustomKeywordDelegatingMetaClass.java:55)
	at TC_7_StoreCategoryPage.run(TC_7_StoreCategoryPage:67)
	at com.kms.katalon.core.main.ScriptEngine.run(ScriptEngine.java:194)
	at com.kms.katalon.core.main.ScriptEngine.runScriptAsRawText(ScriptEngine.java:119)
	at com.kms.katalon.core.main.TestCaseExecutor.runScript(TestCaseExecutor.java:448)
	at com.kms.katalon.core.main.TestCaseExecutor.doExecute(TestCaseExecutor.java:439)
	at com.kms.katalon.core.main.TestCaseExecutor.processExecutionPhase(TestCaseExecutor.java:418)
	at com.kms.katalon.core.main.TestCaseExecutor.accessMainPhase(TestCaseExecutor.java:410)
	at com.kms.katalon.core.main.TestCaseExecutor.execute(TestCaseExecutor.java:285)
	at com.kms.katalon.core.common.CommonExecutor.accessTestCaseMainPhase(CommonExecutor.java:65)
	at com.kms.katalon.core.main.TestSuiteExecutor.accessTestSuiteMainPhase(TestSuiteExecutor.java:150)
	at com.kms.katalon.core.main.TestSuiteExecutor.execute(TestSuiteExecutor.java:106)
	at com.kms.katalon.core.main.TestCaseMain.startTestSuite(TestCaseMain.java:180)
	at TempTestSuite1718109097791.run(TempTestSuite1718109097791.groovy:35)
	at java.base/jdk.internal.reflect.NativeMethodAccessorImpl.invoke0(Native Method)
	at java.base/jdk.internal.reflect.NativeMethodAccessorImpl.invoke(NativeMethodAccessorImpl.java:77)
	at java.base/jdk.internal.reflect.DelegatingMethodAccessorImpl.invoke(DelegatingMethodAccessorImpl.java:43)


11-06-2024T18:02:28 - [MESSAGE][INFO] - Checking response object

11-06-2024T18:02:28 - [MESSAGE][FAILED] - Assertion failed: 

assert PropertyCount>0
       |            |
       0            false


11-06-2024T18:02:28 - [MESSAGE][FAILED] - Test Cases/TotalPlay-Shop/TC_7_StoreCategoryPage FAILED.
Reason:
Assertion failed: 

assert PropertyCount>0
       |            |
       0            false

	at totalplay.Common.verifyPropertyExist(Common.groovy:40)
	at jdk.internal.reflect.GeneratedMethodAccessor7.invoke(Unknown Source)
	at java.base/jdk.internal.reflect.DelegatingMethodAccessorImpl.invoke(DelegatingMethodAccessorImpl.java:43)
	at com.kms.katalon.core.main.CustomKeywordDelegatingMetaClass.invokeStaticMethod(CustomKeywordDelegatingMetaClass.java:55)
	at TC_7_StoreCategoryPage.run(TC_7_StoreCategoryPage:67)
	at com.kms.katalon.core.main.ScriptEngine.run(ScriptEngine.java:194)
	at com.kms.katalon.core.main.ScriptEngine.runScriptAsRawText(ScriptEngine.java:119)
	at com.kms.katalon.core.main.TestCaseExecutor.runScript(TestCaseExecutor.java:448)
	at com.kms.katalon.core.main.TestCaseExecutor.doExecute(TestCaseExecutor.java:439)
	at com.kms.katalon.core.main.TestCaseExecutor.processExecutionPhase(TestCaseExecutor.java:418)
	at com.kms.katalon.core.main.TestCaseExecutor.accessMainPhase(TestCaseExecutor.java:410)
	at com.kms.katalon.core.main.TestCaseExecutor.execute(TestCaseExecutor.java:285)
	at com.kms.katalon.core.common.CommonExecutor.accessTestCaseMainPhase(CommonExecutor.java:65)
	at com.kms.katalon.core.main.TestSuiteExecutor.accessTestSuiteMainPhase(TestSuiteExecutor.java:150)
	at com.kms.katalon.core.main.TestSuiteExecutor.execute(TestSuiteExecutor.java:106)
	at com.kms.katalon.core.main.TestCaseMain.startTestSuite(TestCaseMain.java:180)
	at TempTestSuite1718109097791.run(TempTestSuite1718109097791.groovy:35)
	at java.base/jdk.internal.reflect.NativeMethodAccessorImpl.invoke0(Native Method)
	at java.base/jdk.internal.reflect.NativeMethodAccessorImpl.invoke(NativeMethodAccessorImpl.java:77)
	at java.base/jdk.internal.reflect.DelegatingMethodAccessorImpl.invoke(DelegatingMethodAccessorImpl.java:43)]]></system-out>
         <system-err><![CDATA[11-06-2024T18:02:24 - [TEST_CASE][ERROR] - Test Cases/TotalPlay-Shop/TC_7_StoreCategoryPage: Test Cases/TotalPlay-Shop/TC_7_StoreCategoryPage FAILED.
Reason:
org.codehaus.groovy.runtime.InvokerInvocationException: Assertion failed: 

assert PropertyCount>0
       |            |
       0            false

	at com.kms.katalon.core.main.CustomKeywordDelegatingMetaClass.invokeStaticMethod(CustomKeywordDelegatingMetaClass.java:55)
	at TC_7_StoreCategoryPage.run(TC_7_StoreCategoryPage:67)
	at com.kms.katalon.core.main.ScriptEngine.run(ScriptEngine.java:194)
	at com.kms.katalon.core.main.ScriptEngine.runScriptAsRawText(ScriptEngine.java:119)
	at com.kms.katalon.core.main.TestCaseExecutor.runScript(TestCaseExecutor.java:448)
	at com.kms.katalon.core.main.TestCaseExecutor.doExecute(TestCaseExecutor.java:439)
	at com.kms.katalon.core.main.TestCaseExecutor.processExecutionPhase(TestCaseExecutor.java:418)
	at com.kms.katalon.core.main.TestCaseExecutor.accessMainPhase(TestCaseExecutor.java:410)
	at com.kms.katalon.core.main.TestCaseExecutor.execute(TestCaseExecutor.java:285)
	at com.kms.katalon.core.common.CommonExecutor.accessTestCaseMainPhase(CommonExecutor.java:65)
	at com.kms.katalon.core.main.TestSuiteExecutor.accessTestSuiteMainPhase(TestSuiteExecutor.java:150)
	at com.kms.katalon.core.main.TestSuiteExecutor.execute(TestSuiteExecutor.java:106)
	at com.kms.katalon.core.main.TestCaseMain.startTestSuite(TestCaseMain.java:180)
	at TempTestSuite1718109097791.run(TempTestSuite1718109097791.groovy:35)
	at java.base/jdk.internal.reflect.NativeMethodAccessorImpl.invoke0(Native Method)
	at java.base/jdk.internal.reflect.NativeMethodAccessorImpl.invoke(NativeMethodAccessorImpl.java:77)
	at java.base/jdk.internal.reflect.DelegatingMethodAccessorImpl.invoke(DelegatingMethodAccessorImpl.java:43)
Caused by: Assertion failed: 

assert PropertyCount>0
       |            |
       0            false

	at totalplay.Common.verifyPropertyExist(Common.groovy:40)
	at jdk.internal.reflect.GeneratedMethodAccessor7.invoke(Unknown Source)
	at java.base/jdk.internal.reflect.DelegatingMethodAccessorImpl.invoke(DelegatingMethodAccessorImpl.java:43)
	... 17 more]]></system-err>
      </testcase>
      <testcase name="Test Cases/TotalPlay-Shop/TC_8_PCP" time="8.681" classname="Test Cases/TotalPlay-Shop/TC_8_PCP" status="PASSED">
         <system-out><![CDATA[11-06-2024T18:02:28 - [TEST_CASE][PASSED] - Test Cases/TotalPlay-Shop/TC_8_PCP: Test Cases/TotalPlay-Shop/TC_8_PCP

11-06-2024T18:02:29 - [TEST_STEP][PASSED] - callTestCase(findTestCase("TotalPlay-Shop/TC_1_InterfaceLogin"), [:], STOP_ON_FAILURE): Call Test Case 'Test Cases/TotalPlay-Shop/TC_1_InterfaceLogin' successfully

11-06-2024T18:02:29 - [MESSAGE][INFO] - Checking called Test Case

11-06-2024T18:02:29 - [MESSAGE][INFO] - Starting to call Test Case 'Test Cases/TotalPlay-Shop/TC_1_InterfaceLogin'

11-06-2024T18:02:29 - [TEST_CASE][PASSED] - Test Cases/TotalPlay-Shop/TC_1_InterfaceLogin: Test Cases/TotalPlay-Shop/TC_1_InterfaceLogin

11-06-2024T18:02:29 - [TEST_STEP][PASSED] - LoginResponse = sendRequest(findTestObject("TotalPlay-Shop/Interface Login (SLAS)", ["URL":URL, "SITEID":SITEID])): Send request successfully

11-06-2024T18:02:29 - [MESSAGE][INFO] - Finding Test Object 'Object Repository/TotalPlay-Shop/Interface Login (SLAS)'

11-06-2024T18:02:29 - [MESSAGE][INFO] - Checking request object

11-06-2024T18:02:31 - [MESSAGE][INFO] - HAR: D:\Automation\KogniveraGithub\TotalPlay_Automation\totalplay-API\totalplay-automation\Reports\20240611_180136\Shop-Services\20240611_180137\requests\main\11.har

11-06-2024T18:02:31 - [MESSAGE][PASSED] - Send request successfully

11-06-2024T18:02:31 - [TEST_STEP][PASSED] - assert getResponseStatusCode(LoginResponse) == 200: Checking response object

11-06-2024T18:02:31 - [MESSAGE][INFO] - Checking response object

11-06-2024T18:02:31 - [TEST_STEP][PASSED] - Auth = "ocapiResponse.access_token": null

11-06-2024T18:02:31 - [TEST_STEP][PASSED] - sfccAuthorization = getElementPropertyValue(LoginResponse, Auth): Checking response object

11-06-2024T18:02:31 - [MESSAGE][INFO] - Checking response object

11-06-2024T18:02:31 - [TEST_STEP][PASSED] - logInfo(sfccAuthorization): eyJ2ZXIiOiIxLjAiLCJqa3UiOiJzbGFzL3Byb2QvYmpjbF9kZXYiLCJraWQiOiIzOWM0NGRmMy01OGI5LTQ3YWEtODNhMC05NWMwOTBiZGNkMzciLCJ0eXAiOiJqd3QiLCJjbHYiOiJKMi4zLjQiLCJhbGciOiJFUzI1NiJ9.eyJhdXQiOiJHVUlEIiwic2NwIjoic2ZjYy5zaG9wcGVyLW15YWNjb3VudC5iYXNrZXRzIHNmY2Muc2hvcHBlci1kaXNjb3Zlcnktc2VhcmNoIHNmY2Muc2hvcHBlci1teWFjY291bnQuYWRkcmVzc2VzIHNmY2Muc2hvcHBlci1wcm9kdWN0cyBzZmNjLnNob3BwZXItbXlhY2NvdW50LnJ3IHNmY2Muc2hvcHBlci1teWFjY291bnQucGF5bWVudGluc3RydW1lbnRzIHNmY2Muc2hvcHBlci1jdXN0b21lcnMubG9naW4gc2ZjYy5zaG9wcGVyLXN0b3JlcyBzZmNjLnNob3BwZXItbXlhY2NvdW50Lm9yZGVycyBzZmNjLnNob3BwZXItYmFza2V0cy1vcmRlcnMgc2ZjYy5zaG9wcGVyLWN1c3RvbWVycy5yZWdpc3RlciBzZmNjLnNob3BwZXItbXlhY2NvdW50LmFkZHJlc3Nlcy5ydyBzZmNjLnNob3BwZXItbXlhY2NvdW50LnByb2R1Y3RsaXN0cy5ydyBzZmNjLnNob3BwZXItcHJvZHVjdGxpc3RzIHNmY2Muc2hvcHBlci1wcm9tb3Rpb25zIHNmY2Muc2hvcHBlci1iYXNrZXRzLW9yZGVycy5ydyBzZmNjLnNob3BwZXItZ2lmdC1jZXJ0aWZpY2F0ZXMgc2ZjYy5zaG9wcGVyLW15YWNjb3VudC5wYXltZW50aW5zdHJ1bWVudHMucncgc2ZjYy5zaG9wcGVyLXByb2R1Y3Qtc2VhcmNoIHNmY2Muc2hvcHBlci1teWFjY291bnQucHJvZHVjdGxpc3RzIHNmY2Muc2hvcHBlci1jYXRlZ29yaWVzIHNmY2Muc2hvcHBlci1teWFjY291bnQiLCJzdWIiOiJjYy1zbGFzOjpiamNsX2Rldjo6c2NpZDo1ZDI1ZjVmYS01YTRmLTQ2YjUtYTIxMS04NzU1NDJjODVhYzE6OnVzaWQ6YTFmMGI1M2UtNTUxMi00ZjYwLWJmZWEtY2FiN2QzMjg0ZWU5IiwiY3R4Ijoic2xhcyIsImlzcyI6InNsYXMvcHJvZC9iamNsX2RldiIsImlzdCI6MSwiZG50IjoiMCIsImF1ZCI6ImNvbW1lcmNlY2xvdWQvcHJvZC9iamNsX2RldiIsIm5iZiI6MTcxODEwOTEyMSwic3R5IjoiVXNlciIsImlzYiI6InVpZG86ZWNvbTo6dXBuOnFhLnRvdGFscGxheSswMTAwOTg3MTA1QGdtYWlsLmNvbTo6dWlkbjpSaWNhcmRvICBDb3JvbmEgQ3J1ejo6Z2NpZDphYndyZEtrZWdaazBzUmxyc1ZrR1lZeEh3VTo6cmNpZDphY25SYldxdWpIQ3BnOW9xNlYyaGt1VGFTVzo6Y2hpZDpUUC1TSE9QIiwiZXhwIjoxNzE4MTEwOTUxLCJpYXQiOjE3MTgxMDkxNTEsImp0aSI6IkMyQy0xMzExNTYzNTcwMTc4NzUxMTg1MDI5MDI3MzE1NTE2Mzc2OTkifQ.NaSUn5a0zNkwH6D0CBT9ZrXiVJG_7I29emtn8w6ocgadTpB3_1Un6fCl_52T9Gp7KJuinfySQeAcblR3uY79GQ

11-06-2024T18:02:31 - [MESSAGE][INFO] - eyJ2ZXIiOiIxLjAiLCJqa3UiOiJzbGFzL3Byb2QvYmpjbF9kZXYiLCJraWQiOiIzOWM0NGRmMy01OGI5LTQ3YWEtODNhMC05NWMwOTBiZGNkMzciLCJ0eXAiOiJqd3QiLCJjbHYiOiJKMi4zLjQiLCJhbGciOiJFUzI1NiJ9.eyJhdXQiOiJHVUlEIiwic2NwIjoic2ZjYy5zaG9wcGVyLW15YWNjb3VudC5iYXNrZXRzIHNmY2Muc2hvcHBlci1kaXNjb3Zlcnktc2VhcmNoIHNmY2Muc2hvcHBlci1teWFjY291bnQuYWRkcmVzc2VzIHNmY2Muc2hvcHBlci1wcm9kdWN0cyBzZmNjLnNob3BwZXItbXlhY2NvdW50LnJ3IHNmY2Muc2hvcHBlci1teWFjY291bnQucGF5bWVudGluc3RydW1lbnRzIHNmY2Muc2hvcHBlci1jdXN0b21lcnMubG9naW4gc2ZjYy5zaG9wcGVyLXN0b3JlcyBzZmNjLnNob3BwZXItbXlhY2NvdW50Lm9yZGVycyBzZmNjLnNob3BwZXItYmFza2V0cy1vcmRlcnMgc2ZjYy5zaG9wcGVyLWN1c3RvbWVycy5yZWdpc3RlciBzZmNjLnNob3BwZXItbXlhY2NvdW50LmFkZHJlc3Nlcy5ydyBzZmNjLnNob3BwZXItbXlhY2NvdW50LnByb2R1Y3RsaXN0cy5ydyBzZmNjLnNob3BwZXItcHJvZHVjdGxpc3RzIHNmY2Muc2hvcHBlci1wcm9tb3Rpb25zIHNmY2Muc2hvcHBlci1iYXNrZXRzLW9yZGVycy5ydyBzZmNjLnNob3BwZXItZ2lmdC1jZXJ0aWZpY2F0ZXMgc2ZjYy5zaG9wcGVyLW15YWNjb3VudC5wYXltZW50aW5zdHJ1bWVudHMucncgc2ZjYy5zaG9wcGVyLXByb2R1Y3Qtc2VhcmNoIHNmY2Muc2hvcHBlci1teWFjY291bnQucHJvZHVjdGxpc3RzIHNmY2Muc2hvcHBlci1jYXRlZ29yaWVzIHNmY2Muc2hvcHBlci1teWFjY291bnQiLCJzdWIiOiJjYy1zbGFzOjpiamNsX2Rldjo6c2NpZDo1ZDI1ZjVmYS01YTRmLTQ2YjUtYTIxMS04NzU1NDJjODVhYzE6OnVzaWQ6YTFmMGI1M2UtNTUxMi00ZjYwLWJmZWEtY2FiN2QzMjg0ZWU5IiwiY3R4Ijoic2xhcyIsImlzcyI6InNsYXMvcHJvZC9iamNsX2RldiIsImlzdCI6MSwiZG50IjoiMCIsImF1ZCI6ImNvbW1lcmNlY2xvdWQvcHJvZC9iamNsX2RldiIsIm5iZiI6MTcxODEwOTEyMSwic3R5IjoiVXNlciIsImlzYiI6InVpZG86ZWNvbTo6dXBuOnFhLnRvdGFscGxheSswMTAwOTg3MTA1QGdtYWlsLmNvbTo6dWlkbjpSaWNhcmRvICBDb3JvbmEgQ3J1ejo6Z2NpZDphYndyZEtrZWdaazBzUmxyc1ZrR1lZeEh3VTo6cmNpZDphY25SYldxdWpIQ3BnOW9xNlYyaGt1VGFTVzo6Y2hpZDpUUC1TSE9QIiwiZXhwIjoxNzE4MTEwOTUxLCJpYXQiOjE3MTgxMDkxNTEsImp0aSI6IkMyQy0xMzExNTYzNTcwMTc4NzUxMTg1MDI5MDI3MzE1NTE2Mzc2OTkifQ.NaSUn5a0zNkwH6D0CBT9ZrXiVJG_7I29emtn8w6ocgadTpB3_1Un6fCl_52T9Gp7KJuinfySQeAcblR3uY79GQ

11-06-2024T18:02:31 - [TEST_STEP][PASSED] - Authorization = "Bearer " + sfccAuthorization: null

11-06-2024T18:02:31 - [TEST_STEP][PASSED] - logInfo(bm_auth_token): 

11-06-2024T18:02:31 - [MESSAGE][INFO] - 

11-06-2024T18:02:31 - [TEST_STEP][PASSED] - if (sfccAuthorization.length() == 0): null

11-06-2024T18:02:31 - [TEST_STEP][PASSED] - else: authorization generated

11-06-2024T18:02:31 - [TEST_STEP][PASSED] - markPassed("authorization generated"): authorization generated

11-06-2024T18:02:31 - [MESSAGE][PASSED] - authorization generated

11-06-2024T18:02:31 - [TEST_STEP][PASSED] - BasketId_loginResponse = "ocapiResponse.c_basketId": null

11-06-2024T18:02:31 - [TEST_STEP][PASSED] - CustomerId_loginResponse = "ocapiResponse.customer_id": null

11-06-2024T18:02:31 - [TEST_STEP][PASSED] - basketId = getElementPropertyValue(LoginResponse, BasketId_loginResponse): Checking response object

11-06-2024T18:02:31 - [MESSAGE][INFO] - Checking response object

11-06-2024T18:02:31 - [TEST_STEP][PASSED] - customerId = getElementPropertyValue(LoginResponse, CustomerId_loginResponse): Checking response object

11-06-2024T18:02:31 - [MESSAGE][INFO] - Checking response object

11-06-2024T18:02:31 - [TEST_STEP][PASSED] - basketID = basketId: null

11-06-2024T18:02:31 - [TEST_STEP][PASSED] - sla_customerId = customerId: null

11-06-2024T18:02:31 - [TEST_STEP][PASSED] - println(basketID): null

11-06-2024T18:02:31 - [TEST_STEP][PASSED] - println(sla_customerId): null

11-06-2024T18:02:31 - [TEST_STEP][PASSED] - refresh_token = "ocapiResponse.refresh_token": null

11-06-2024T18:02:31 - [TEST_STEP][PASSED] - customer_email = "ocapiResponse.customer_email": null

11-06-2024T18:02:31 - [TEST_STEP][PASSED] - c_brmId = "ocapiResponse.c_brmId": null

11-06-2024T18:02:31 - [TEST_STEP][PASSED] - customer_name = "ocapiResponse.customer_name": null

11-06-2024T18:02:31 - [TEST_STEP][PASSED] - totalplay.Common.verifyPropertyExist(LoginResponse, refresh_token): totalplay.Common.verifyPropertyExist is PASSED

11-06-2024T18:02:31 - [MESSAGE][INFO] - Checking response object

11-06-2024T18:02:31 - [MESSAGE][PASSED] - totalplay.Common.verifyPropertyExist is PASSED

11-06-2024T18:02:31 - [TEST_STEP][PASSED] - totalplay.Common.verifyPropertyValueExist(LoginResponse, refresh_token): totalplay.Common.verifyPropertyValueExist is PASSED

11-06-2024T18:02:31 - [MESSAGE][INFO] - Checking response object

11-06-2024T18:02:31 - [MESSAGE][INFO] - GqIg7X3HqamW-cyqfOCFfgamYsKAdzFEg1jb-Pymfso

11-06-2024T18:02:31 - [MESSAGE][PASSED] - totalplay.Common.verifyPropertyValueExist is PASSED

11-06-2024T18:02:31 - [TEST_STEP][PASSED] - totalplay.Common.verifyPropertyExist(LoginResponse, customer_email): totalplay.Common.verifyPropertyExist is PASSED

11-06-2024T18:02:31 - [MESSAGE][INFO] - Checking response object

11-06-2024T18:02:31 - [MESSAGE][PASSED] - totalplay.Common.verifyPropertyExist is PASSED

11-06-2024T18:02:31 - [TEST_STEP][PASSED] - totalplay.Common.verifyPropertyValueExist(LoginResponse, customer_email): totalplay.Common.verifyPropertyValueExist is PASSED

11-06-2024T18:02:31 - [MESSAGE][INFO] - Checking response object

11-06-2024T18:02:31 - [MESSAGE][INFO] - qa.totalplay@gmail.com

11-06-2024T18:02:31 - [MESSAGE][PASSED] - totalplay.Common.verifyPropertyValueExist is PASSED

11-06-2024T18:02:31 - [TEST_STEP][PASSED] - totalplay.Common.verifyPropertyExist(LoginResponse, customer_name): totalplay.Common.verifyPropertyExist is PASSED

11-06-2024T18:02:31 - [MESSAGE][INFO] - Checking response object

11-06-2024T18:02:31 - [MESSAGE][PASSED] - totalplay.Common.verifyPropertyExist is PASSED

11-06-2024T18:02:31 - [TEST_STEP][PASSED] - totalplay.Common.verifyPropertyValueExist(LoginResponse, customer_name): totalplay.Common.verifyPropertyValueExist is PASSED

11-06-2024T18:02:31 - [MESSAGE][INFO] - Checking response object

11-06-2024T18:02:31 - [MESSAGE][INFO] - Ricardo  Corona Cruz

11-06-2024T18:02:31 - [MESSAGE][PASSED] - totalplay.Common.verifyPropertyValueExist is PASSED

11-06-2024T18:02:31 - [TEST_STEP][PASSED] - totalplay.Common.verifyPropertyExist(LoginResponse, c_brmId): totalplay.Common.verifyPropertyExist is PASSED

11-06-2024T18:02:31 - [MESSAGE][INFO] - Checking response object

11-06-2024T18:02:31 - [MESSAGE][PASSED] - totalplay.Common.verifyPropertyExist is PASSED

11-06-2024T18:02:31 - [TEST_STEP][PASSED] - totalplay.Common.verifyPropertyValueExist(LoginResponse, c_brmId): totalplay.Common.verifyPropertyValueExist is PASSED

11-06-2024T18:02:31 - [MESSAGE][INFO] - Checking response object

11-06-2024T18:02:31 - [MESSAGE][INFO] - 0100987105

11-06-2024T18:02:31 - [MESSAGE][PASSED] - totalplay.Common.verifyPropertyValueExist is PASSED

11-06-2024T18:02:31 - [MESSAGE][PASSED] - Call Test Case 'Test Cases/TotalPlay-Shop/TC_1_InterfaceLogin' successfully

11-06-2024T18:02:31 - [TEST_STEP][PASSED] - PCP_Response = sendRequest(findTestObject("TotalPlay-Shop/Postman/PCP/PCP", ["URL":URL, "SITEID":SITEID])): Send request successfully

11-06-2024T18:02:31 - [MESSAGE][INFO] - Finding Test Object 'Object Repository/TotalPlay-Shop/Postman/PCP/PCP'

11-06-2024T18:02:31 - [MESSAGE][INFO] - Checking request object

11-06-2024T18:02:32 - [MESSAGE][INFO] - HAR: D:\Automation\KogniveraGithub\TotalPlay_Automation\totalplay-API\totalplay-automation\Reports\20240611_180136\Shop-Services\20240611_180137\requests\main\12.har

11-06-2024T18:02:32 - [MESSAGE][PASSED] - Send request successfully

11-06-2024T18:02:32 - [TEST_STEP][PASSED] - verifyResponseStatusCode(PCP_Response, 200): Verify response status code successfully

11-06-2024T18:02:32 - [MESSAGE][INFO] - Checking response object

11-06-2024T18:02:32 - [MESSAGE][PASSED] - Verify response status code successfully

11-06-2024T18:02:32 - [TEST_STEP][PASSED] - count = "count": null

11-06-2024T18:02:32 - [TEST_STEP][PASSED] - type = "hits[0]._type": null

11-06-2024T18:02:32 - [TEST_STEP][PASSED] - hit_type = "hits[0].hit_type": null

11-06-2024T18:02:32 - [TEST_STEP][PASSED] - link = "hits[0].link": null

11-06-2024T18:02:32 - [TEST_STEP][PASSED] - product_id = "hits[0].product_id": null

11-06-2024T18:02:32 - [TEST_STEP][PASSED] - product_name = "hits[0].product_name": null

11-06-2024T18:02:32 - [TEST_STEP][PASSED] - linkType = "hits[0].c_linkType": null

11-06-2024T18:02:32 - [TEST_STEP][PASSED] - basePrice_value = "hits[0].c_basePrice.value": null

11-06-2024T18:02:32 - [TEST_STEP][PASSED] - basePrice_currency = "hits[0].c_basePrice.currency": null

11-06-2024T18:02:32 - [TEST_STEP][PASSED] - basePrice_formatted = "hits[0].c_basePrice.formatted": null

11-06-2024T18:02:32 - [TEST_STEP][PASSED] - basePrice_decimalPrice = "hits[0].c_basePrice.decimalPrice": null

11-06-2024T18:02:32 - [TEST_STEP][PASSED] - salePrice_value = "hits[0].c_salePrice.value": null

11-06-2024T18:02:32 - [TEST_STEP][PASSED] - salePrice_currency = "hits[0].c_salePrice.currency": null

11-06-2024T18:02:32 - [TEST_STEP][PASSED] - salePrice_formatted = "hits[0].c_salePrice.formatted": null

11-06-2024T18:02:32 - [TEST_STEP][PASSED] - salePrice_decimalPrice = "hits[0].c_salePrice.decimalPrice": null

11-06-2024T18:02:32 - [TEST_STEP][PASSED] - Image_alt = "hits[0].c_Image[0].alt": null

11-06-2024T18:02:32 - [TEST_STEP][PASSED] - Image_url = "hits[0].c_Image[0].url": null

11-06-2024T18:02:32 - [TEST_STEP][PASSED] - Image_title = "hits[0].c_Image[0].title": null

11-06-2024T18:02:32 - [TEST_STEP][PASSED] - discount_percentage = "hits[0].c_discount_percentage": null

11-06-2024T18:02:32 - [TEST_STEP][PASSED] - promoPrice = "hits[0].c_promoPrice": null

11-06-2024T18:02:32 - [TEST_STEP][PASSED] - isVariant = "hits[0].c_isVariant": null

11-06-2024T18:02:32 - [TEST_STEP][PASSED] - emi_months = "hits[0].c_emi_months": null

11-06-2024T18:02:32 - [TEST_STEP][PASSED] - emi_installment_amount = "hits[0].c_emi_installment_amount": null

11-06-2024T18:02:32 - [TEST_STEP][PASSED] - Edd = "hits[0].c_Edd": null

11-06-2024T18:02:32 - [TEST_STEP][PASSED] - brand_type = "refinements[0]._type": null

11-06-2024T18:02:32 - [TEST_STEP][PASSED] - brand_attribute_id = "refinements[0].attribute_id": null

11-06-2024T18:02:32 - [TEST_STEP][PASSED] - brand_label = "refinements[0].label": null

11-06-2024T18:02:32 - [TEST_STEP][PASSED] - brand_hit_count = "refinements[0].values[0].hit_count": null

11-06-2024T18:02:32 - [TEST_STEP][PASSED] - brandname_label = "refinements[0].values[0].label": null

11-06-2024T18:02:32 - [TEST_STEP][PASSED] - brandname_value = "refinements[0].values[0].value": null

11-06-2024T18:02:32 - [TEST_STEP][PASSED] - color_type = "refinements[1]._type": null

11-06-2024T18:02:32 - [TEST_STEP][PASSED] - color_attribute_id = "refinements[1].attribute_id": null

11-06-2024T18:02:32 - [TEST_STEP][PASSED] - color_label = "refinements[1].label": null

11-06-2024T18:02:32 - [TEST_STEP][PASSED] - color_hit_count = "refinements[1].values[0].hit_count": null

11-06-2024T18:02:32 - [TEST_STEP][PASSED] - colorname_label = "refinements[1].values[0].label": null

11-06-2024T18:02:32 - [TEST_STEP][PASSED] - colorname_value = "refinements[1].values[0].value": null

11-06-2024T18:02:32 - [TEST_STEP][PASSED] - modelo_type = "refinements[2]._type": null

11-06-2024T18:02:32 - [TEST_STEP][PASSED] - modelo_attribute_id = "refinements[2].attribute_id": null

11-06-2024T18:02:32 - [TEST_STEP][PASSED] - modelo_label = "refinements[2].label": null

11-06-2024T18:02:32 - [TEST_STEP][PASSED] - tipo_de_producto_attribute_id = "refinements[3].attribute_id": null

11-06-2024T18:02:32 - [TEST_STEP][PASSED] - tipo_de_producto_label = "refinements[3].label": null

11-06-2024T18:02:32 - [TEST_STEP][PASSED] - material_attribute_id = "refinements[4].attribute_id": null

11-06-2024T18:02:32 - [TEST_STEP][PASSED] - material_label = "refinements[4].label": null

11-06-2024T18:02:32 - [TEST_STEP][PASSED] - Memoria_attribute_id = "refinements[5].attribute_id": null

11-06-2024T18:02:32 - [TEST_STEP][PASSED] - Memoria_label = "refinements[5].label": null

11-06-2024T18:02:32 - [TEST_STEP][PASSED] - tamano_attribute_id = "refinements[6].attribute_id": null

11-06-2024T18:02:32 - [TEST_STEP][PASSED] - tamano_label = "refinements[6].label": null

11-06-2024T18:02:32 - [TEST_STEP][PASSED] - almacenamiento_attribute_id = "refinements[7].attribute_id": null

11-06-2024T18:02:32 - [TEST_STEP][PASSED] - almacenamiento_label = "refinements[7].label": null

11-06-2024T18:02:32 - [TEST_STEP][PASSED] - sabor_attribute_id = "refinements[8].attribute_id": null

11-06-2024T18:02:32 - [TEST_STEP][PASSED] - sabor_label = "refinements[8].label": null

11-06-2024T18:02:32 - [TEST_STEP][PASSED] - weight_attribute_id = "refinements[9].attribute_id": null

11-06-2024T18:02:32 - [TEST_STEP][PASSED] - weight_label = "refinements[9].label": null

11-06-2024T18:02:32 - [TEST_STEP][PASSED] - weight_hit_count = "refinements[9].values[0].hit_count": null

11-06-2024T18:02:32 - [TEST_STEP][PASSED] - weightKG_label = "refinements[9].values[0].label": null

11-06-2024T18:02:32 - [TEST_STEP][PASSED] - weightKG_value = "refinements[9].values[0].value": null

11-06-2024T18:02:32 - [TEST_STEP][PASSED] - capacidad_attribute_id = "refinements[10].attribute_id": null

11-06-2024T18:02:32 - [TEST_STEP][PASSED] - capacidad_label = "refinements[10].label": null

11-06-2024T18:02:32 - [TEST_STEP][PASSED] - size_attribute_id = "refinements[11].attribute_id": null

11-06-2024T18:02:32 - [TEST_STEP][PASSED] - size_label = "refinements[11].label": null

11-06-2024T18:02:32 - [TEST_STEP][PASSED] - isPopular_attribute_id = "refinements[12].attribute_id": null

11-06-2024T18:02:32 - [TEST_STEP][PASSED] - isPopular_label = "refinements[12].label": null

11-06-2024T18:02:32 - [TEST_STEP][PASSED] - isPopular_hit_count = "refinements[12].values[0].hit_count": null

11-06-2024T18:02:32 - [TEST_STEP][PASSED] - isPopularname_label = "refinements[12].values[0].label": null

11-06-2024T18:02:32 - [TEST_STEP][PASSED] - isPopular_value = "refinements[12].values[0].value": null

11-06-2024T18:02:32 - [TEST_STEP][PASSED] - sorting_type = "sorting_options[0]._type": null

11-06-2024T18:02:32 - [TEST_STEP][PASSED] - bestmatches_id = "sorting_options[0].id": null

11-06-2024T18:02:32 - [TEST_STEP][PASSED] - bestmatches_label = "sorting_options[0].label": null

11-06-2024T18:02:32 - [TEST_STEP][PASSED] - price_lowtohigh_id = "sorting_options[1].id": null

11-06-2024T18:02:32 - [TEST_STEP][PASSED] - price_lowtohigh_label = "sorting_options[1].label": null

11-06-2024T18:02:32 - [TEST_STEP][PASSED] - price_hightolow_id = "sorting_options[2].id": null

11-06-2024T18:02:32 - [TEST_STEP][PASSED] - price_hightolow_label = "sorting_options[2].label": null

11-06-2024T18:02:33 - [TEST_STEP][PASSED] - product_nameascending_id = "sorting_options[3].id": null

11-06-2024T18:02:33 - [TEST_STEP][PASSED] - product_nameascending_label = "sorting_options[3].label": null

11-06-2024T18:02:33 - [TEST_STEP][PASSED] - product_namedescending_id = "sorting_options[4].id": null

11-06-2024T18:02:33 - [TEST_STEP][PASSED] - product_namedescending_label = "sorting_options[4].label": null

11-06-2024T18:02:33 - [TEST_STEP][PASSED] - sortingbrand_id = "sorting_options[5].id": null

11-06-2024T18:02:33 - [TEST_STEP][PASSED] - sortingbrand_label = "sorting_options[5].label": null

11-06-2024T18:02:33 - [TEST_STEP][PASSED] - mostpopular_id = "sorting_options[6].id": null

11-06-2024T18:02:33 - [TEST_STEP][PASSED] - mostpopular_label = "sorting_options[6].label": null

11-06-2024T18:02:33 - [TEST_STEP][PASSED] - topsellers_id = "sorting_options[7].id": null

11-06-2024T18:02:33 - [TEST_STEP][PASSED] - topsellers_label = "sorting_options[7].label": null

11-06-2024T18:02:33 - [TEST_STEP][PASSED] - total = "total": null

11-06-2024T18:02:33 - [TEST_STEP][PASSED] - totalplay.Common.getNumValueofObject(PCP_Response, count): totalplay.Common.getNumValueofObject is PASSED

11-06-2024T18:02:33 - [MESSAGE][INFO] - Checking response object

11-06-2024T18:02:33 - [MESSAGE][PASSED] - totalplay.Common.getNumValueofObject is PASSED

11-06-2024T18:02:33 - [TEST_STEP][PASSED] - totalplay.Common.verifyPropertyExist(PCP_Response, type): totalplay.Common.verifyPropertyExist is PASSED

11-06-2024T18:02:33 - [MESSAGE][INFO] - Checking response object

11-06-2024T18:02:33 - [MESSAGE][PASSED] - totalplay.Common.verifyPropertyExist is PASSED

11-06-2024T18:02:33 - [TEST_STEP][PASSED] - totalplay.Common.verifyPropertyValueExist(PCP_Response, type): totalplay.Common.verifyPropertyValueExist is PASSED

11-06-2024T18:02:33 - [MESSAGE][INFO] - Checking response object

11-06-2024T18:02:33 - [MESSAGE][INFO] - product_search_hit

11-06-2024T18:02:33 - [MESSAGE][PASSED] - totalplay.Common.verifyPropertyValueExist is PASSED

11-06-2024T18:02:33 - [TEST_STEP][PASSED] - totalplay.Common.verifyPropertyExist(PCP_Response, hit_type): totalplay.Common.verifyPropertyExist is PASSED

11-06-2024T18:02:33 - [MESSAGE][INFO] - Checking response object

11-06-2024T18:02:33 - [MESSAGE][PASSED] - totalplay.Common.verifyPropertyExist is PASSED

11-06-2024T18:02:33 - [TEST_STEP][PASSED] - totalplay.Common.verifyPropertyValueExist(PCP_Response, hit_type): totalplay.Common.verifyPropertyValueExist is PASSED

11-06-2024T18:02:33 - [MESSAGE][INFO] - Checking response object

11-06-2024T18:02:33 - [MESSAGE][INFO] - product

11-06-2024T18:02:33 - [MESSAGE][PASSED] - totalplay.Common.verifyPropertyValueExist is PASSED

11-06-2024T18:02:33 - [TEST_STEP][PASSED] - totalplay.Common.verifyPropertyExist(PCP_Response, link): totalplay.Common.verifyPropertyExist is PASSED

11-06-2024T18:02:33 - [MESSAGE][INFO] - Checking response object

11-06-2024T18:02:33 - [MESSAGE][PASSED] - totalplay.Common.verifyPropertyExist is PASSED

11-06-2024T18:02:33 - [TEST_STEP][PASSED] - totalplay.Common.verifyPropertyValueExist(PCP_Response, link): totalplay.Common.verifyPropertyValueExist is PASSED

11-06-2024T18:02:33 - [MESSAGE][INFO] - Checking response object

11-06-2024T18:02:33 - [MESSAGE][INFO] - /dw/shop/v23_1/content/seller-pdp?sellerID=2016&c_productid=T1610435907

11-06-2024T18:02:33 - [MESSAGE][PASSED] - totalplay.Common.verifyPropertyValueExist is PASSED

11-06-2024T18:02:33 - [TEST_STEP][PASSED] - totalplay.Common.verifyPropertyExist(PCP_Response, product_id): totalplay.Common.verifyPropertyExist is PASSED

11-06-2024T18:02:33 - [MESSAGE][INFO] - Checking response object

11-06-2024T18:02:33 - [MESSAGE][PASSED] - totalplay.Common.verifyPropertyExist is PASSED

11-06-2024T18:02:33 - [TEST_STEP][PASSED] - totalplay.Common.verifyPropertyValueExist(PCP_Response, product_id): totalplay.Common.verifyPropertyValueExist is PASSED

11-06-2024T18:02:33 - [MESSAGE][INFO] - Checking response object

11-06-2024T18:02:33 - [MESSAGE][INFO] - T1610435907

11-06-2024T18:02:33 - [MESSAGE][PASSED] - totalplay.Common.verifyPropertyValueExist is PASSED

11-06-2024T18:02:33 - [TEST_STEP][PASSED] - totalplay.Common.verifyPropertyExist(PCP_Response, product_name): totalplay.Common.verifyPropertyExist is PASSED

11-06-2024T18:02:33 - [MESSAGE][INFO] - Checking response object

11-06-2024T18:02:33 - [MESSAGE][PASSED] - totalplay.Common.verifyPropertyExist is PASSED

11-06-2024T18:02:33 - [TEST_STEP][PASSED] - totalplay.Common.verifyPropertyValueExist(PCP_Response, product_name): totalplay.Common.verifyPropertyValueExist is PASSED

11-06-2024T18:02:33 - [MESSAGE][INFO] - Checking response object

11-06-2024T18:02:33 - [MESSAGE][INFO] - Calentador Rápida Recuperación Enerhit 5 L Gas LP

11-06-2024T18:02:33 - [MESSAGE][PASSED] - totalplay.Common.verifyPropertyValueExist is PASSED

11-06-2024T18:02:33 - [TEST_STEP][PASSED] - totalplay.Common.verifyPropertyExist(PCP_Response, linkType): totalplay.Common.verifyPropertyExist is PASSED

11-06-2024T18:02:33 - [MESSAGE][INFO] - Checking response object

11-06-2024T18:02:33 - [MESSAGE][PASSED] - totalplay.Common.verifyPropertyExist is PASSED

11-06-2024T18:02:33 - [TEST_STEP][PASSED] - totalplay.Common.verifyPropertyValueExist(PCP_Response, linkType): totalplay.Common.verifyPropertyValueExist is PASSED

11-06-2024T18:02:33 - [MESSAGE][INFO] - Checking response object

11-06-2024T18:02:33 - [MESSAGE][INFO] - PDP

11-06-2024T18:02:33 - [MESSAGE][PASSED] - totalplay.Common.verifyPropertyValueExist is PASSED

11-06-2024T18:02:33 - [TEST_STEP][PASSED] - totalplay.Common.getDecimalValueofObject(PCP_Response, basePrice_value): totalplay.Common.getDecimalValueofObject is PASSED

11-06-2024T18:02:33 - [MESSAGE][INFO] - Checking response object

11-06-2024T18:02:33 - [MESSAGE][PASSED] - totalplay.Common.getDecimalValueofObject is PASSED

11-06-2024T18:02:33 - [TEST_STEP][PASSED] - totalplay.Common.verifyPropertyExist(PCP_Response, basePrice_currency): totalplay.Common.verifyPropertyExist is PASSED

11-06-2024T18:02:33 - [MESSAGE][INFO] - Checking response object

11-06-2024T18:02:33 - [MESSAGE][PASSED] - totalplay.Common.verifyPropertyExist is PASSED

11-06-2024T18:02:33 - [TEST_STEP][PASSED] - totalplay.Common.verifyPropertyValueExist(PCP_Response, basePrice_currency): totalplay.Common.verifyPropertyValueExist is PASSED

11-06-2024T18:02:33 - [MESSAGE][INFO] - Checking response object

11-06-2024T18:02:33 - [MESSAGE][INFO] - MXN

11-06-2024T18:02:33 - [MESSAGE][PASSED] - totalplay.Common.verifyPropertyValueExist is PASSED

11-06-2024T18:02:33 - [TEST_STEP][PASSED] - totalplay.Common.verifyPropertyExist(PCP_Response, basePrice_formatted): totalplay.Common.verifyPropertyExist is PASSED

11-06-2024T18:02:33 - [MESSAGE][INFO] - Checking response object

11-06-2024T18:02:33 - [MESSAGE][PASSED] - totalplay.Common.verifyPropertyExist is PASSED

11-06-2024T18:02:33 - [TEST_STEP][PASSED] - totalplay.Common.verifyPropertyValueExist(PCP_Response, basePrice_formatted): totalplay.Common.verifyPropertyValueExist is PASSED

11-06-2024T18:02:33 - [MESSAGE][INFO] - Checking response object

11-06-2024T18:02:33 - [MESSAGE][INFO] - $4,190.00

11-06-2024T18:02:33 - [MESSAGE][PASSED] - totalplay.Common.verifyPropertyValueExist is PASSED

11-06-2024T18:02:33 - [TEST_STEP][PASSED] - totalplay.Common.verifyPropertyExist(PCP_Response, basePrice_decimalPrice): totalplay.Common.verifyPropertyExist is PASSED

11-06-2024T18:02:33 - [MESSAGE][INFO] - Checking response object

11-06-2024T18:02:33 - [MESSAGE][PASSED] - totalplay.Common.verifyPropertyExist is PASSED

11-06-2024T18:02:33 - [TEST_STEP][PASSED] - totalplay.Common.verifyPropertyValueExist(PCP_Response, basePrice_decimalPrice): totalplay.Common.verifyPropertyValueExist is PASSED

11-06-2024T18:02:33 - [MESSAGE][INFO] - Checking response object

11-06-2024T18:02:33 - [MESSAGE][INFO] - 4190.00

11-06-2024T18:02:33 - [MESSAGE][PASSED] - totalplay.Common.verifyPropertyValueExist is PASSED

11-06-2024T18:02:33 - [TEST_STEP][PASSED] - totalplay.Common.getDecimalValueofObject(PCP_Response, salePrice_value): totalplay.Common.getDecimalValueofObject is PASSED

11-06-2024T18:02:33 - [MESSAGE][INFO] - Checking response object

11-06-2024T18:02:33 - [MESSAGE][PASSED] - totalplay.Common.getDecimalValueofObject is PASSED

11-06-2024T18:02:33 - [TEST_STEP][PASSED] - totalplay.Common.getBooleanValueofObject(PCP_Response, salePrice_currency): totalplay.Common.getBooleanValueofObject is PASSED

11-06-2024T18:02:33 - [MESSAGE][INFO] - Checking response object

11-06-2024T18:02:33 - [MESSAGE][PASSED] - totalplay.Common.getBooleanValueofObject is PASSED

11-06-2024T18:02:33 - [TEST_STEP][PASSED] - totalplay.Common.getBooleanValueofObject(PCP_Response, salePrice_formatted): totalplay.Common.getBooleanValueofObject is PASSED

11-06-2024T18:02:33 - [MESSAGE][INFO] - Checking response object

11-06-2024T18:02:33 - [MESSAGE][PASSED] - totalplay.Common.getBooleanValueofObject is PASSED

11-06-2024T18:02:33 - [TEST_STEP][PASSED] - totalplay.Common.getBooleanValueofObject(PCP_Response, salePrice_decimalPrice): totalplay.Common.getBooleanValueofObject is PASSED

11-06-2024T18:02:33 - [MESSAGE][INFO] - Checking response object

11-06-2024T18:02:33 - [MESSAGE][PASSED] - totalplay.Common.getBooleanValueofObject is PASSED

11-06-2024T18:02:33 - [TEST_STEP][PASSED] - totalplay.Common.verifyPropertyExist(PCP_Response, Image_alt): totalplay.Common.verifyPropertyExist is PASSED

11-06-2024T18:02:33 - [MESSAGE][INFO] - Checking response object

11-06-2024T18:02:33 - [MESSAGE][PASSED] - totalplay.Common.verifyPropertyExist is PASSED

11-06-2024T18:02:33 - [TEST_STEP][PASSED] - totalplay.Common.verifyPropertyValueExist(PCP_Response, Image_alt): totalplay.Common.verifyPropertyValueExist is PASSED

11-06-2024T18:02:33 - [MESSAGE][INFO] - Checking response object

11-06-2024T18:02:33 - [MESSAGE][INFO] - Calentador Rápida Recuperación Enerhit 5 L Gas LP

11-06-2024T18:02:33 - [MESSAGE][PASSED] - totalplay.Common.verifyPropertyValueExist is PASSED

11-06-2024T18:02:33 - [TEST_STEP][PASSED] - totalplay.Common.verifyPropertyExist(PCP_Response, Image_url): totalplay.Common.verifyPropertyExist is PASSED

11-06-2024T18:02:33 - [MESSAGE][INFO] - Checking response object

11-06-2024T18:02:33 - [MESSAGE][PASSED] - totalplay.Common.verifyPropertyExist is PASSED

11-06-2024T18:02:33 - [TEST_STEP][PASSED] - totalplay.Common.verifyPropertyValueExist(PCP_Response, Image_url): totalplay.Common.verifyPropertyValueExist is PASSED

11-06-2024T18:02:33 - [MESSAGE][INFO] - Checking response object

11-06-2024T18:02:33 - [MESSAGE][INFO] - https://salesforceqa.sistemastp.com.mx/dw/image/v2/BJCL_DEV/on/demandware.static/-/Sites-Standard/default/dwf0250dea/images/large/62c3a4baa769471f8d5d2f01796fefdc.jpg?sw=480&sh=480

11-06-2024T18:02:33 - [MESSAGE][PASSED] - totalplay.Common.verifyPropertyValueExist is PASSED

11-06-2024T18:02:33 - [TEST_STEP][PASSED] - totalplay.Common.verifyPropertyExist(PCP_Response, Image_title): totalplay.Common.verifyPropertyExist is PASSED

11-06-2024T18:02:33 - [MESSAGE][INFO] - Checking response object

11-06-2024T18:02:33 - [MESSAGE][PASSED] - totalplay.Common.verifyPropertyExist is PASSED

11-06-2024T18:02:33 - [TEST_STEP][PASSED] - totalplay.Common.verifyPropertyValueExist(PCP_Response, Image_title): totalplay.Common.verifyPropertyValueExist is PASSED

11-06-2024T18:02:33 - [MESSAGE][INFO] - Checking response object

11-06-2024T18:02:33 - [MESSAGE][INFO] - Calentador Rápida Recuperación Enerhit 5 L Gas LP

11-06-2024T18:02:33 - [MESSAGE][PASSED] - totalplay.Common.verifyPropertyValueExist is PASSED

11-06-2024T18:02:33 - [TEST_STEP][PASSED] - totalplay.Common.getDecimalValueofObject(PCP_Response, discount_percentage): totalplay.Common.getDecimalValueofObject is PASSED

11-06-2024T18:02:33 - [MESSAGE][INFO] - Checking response object

11-06-2024T18:02:33 - [MESSAGE][PASSED] - totalplay.Common.getDecimalValueofObject is PASSED

11-06-2024T18:02:33 - [TEST_STEP][PASSED] - totalplay.Common.getDecimalValueofObject(PCP_Response, promoPrice): totalplay.Common.getDecimalValueofObject is PASSED

11-06-2024T18:02:33 - [MESSAGE][INFO] - Checking response object

11-06-2024T18:02:33 - [MESSAGE][PASSED] - totalplay.Common.getDecimalValueofObject is PASSED

11-06-2024T18:02:33 - [TEST_STEP][PASSED] - totalplay.Common.getBooleanValueofObject(PCP_Response, isVariant): totalplay.Common.getBooleanValueofObject is PASSED

11-06-2024T18:02:33 - [MESSAGE][INFO] - Checking response object

11-06-2024T18:02:33 - [MESSAGE][PASSED] - totalplay.Common.getBooleanValueofObject is PASSED

11-06-2024T18:02:33 - [TEST_STEP][PASSED] - totalplay.Common.getDecimalValueofObject(PCP_Response, emi_months): totalplay.Common.getDecimalValueofObject is PASSED

11-06-2024T18:02:33 - [MESSAGE][INFO] - Checking response object

11-06-2024T18:02:33 - [MESSAGE][PASSED] - totalplay.Common.getDecimalValueofObject is PASSED

11-06-2024T18:02:33 - [TEST_STEP][PASSED] - totalplay.Common.verifyPropertyExist(PCP_Response, emi_installment_amount): totalplay.Common.verifyPropertyExist is PASSED

11-06-2024T18:02:33 - [MESSAGE][INFO] - Checking response object

11-06-2024T18:02:33 - [MESSAGE][PASSED] - totalplay.Common.verifyPropertyExist is PASSED

11-06-2024T18:02:33 - [TEST_STEP][PASSED] - totalplay.Common.verifyPropertyValueExist(PCP_Response, emi_installment_amount): totalplay.Common.verifyPropertyValueExist is PASSED

11-06-2024T18:02:33 - [MESSAGE][INFO] - Checking response object

11-06-2024T18:02:33 - [MESSAGE][INFO] - $707.00

11-06-2024T18:02:33 - [MESSAGE][PASSED] - totalplay.Common.verifyPropertyValueExist is PASSED

11-06-2024T18:02:33 - [TEST_STEP][PASSED] - totalplay.Common.verifyPropertyExist(PCP_Response, Edd): totalplay.Common.verifyPropertyExist is PASSED

11-06-2024T18:02:33 - [MESSAGE][INFO] - Checking response object

11-06-2024T18:02:34 - [MESSAGE][PASSED] - totalplay.Common.verifyPropertyExist is PASSED

11-06-2024T18:02:34 - [TEST_STEP][PASSED] - totalplay.Common.verifyPropertyValueExist(PCP_Response, Edd): totalplay.Common.verifyPropertyValueExist is PASSED

11-06-2024T18:02:34 - [MESSAGE][INFO] - Checking response object

11-06-2024T18:02:34 - [MESSAGE][INFO] - 1 - 8 días

11-06-2024T18:02:34 - [MESSAGE][PASSED] - totalplay.Common.verifyPropertyValueExist is PASSED

11-06-2024T18:02:34 - [TEST_STEP][PASSED] - totalplay.Common.verifyPropertyExist(PCP_Response, brand_type): totalplay.Common.verifyPropertyExist is PASSED

11-06-2024T18:02:34 - [MESSAGE][INFO] - Checking response object

11-06-2024T18:02:34 - [MESSAGE][PASSED] - totalplay.Common.verifyPropertyExist is PASSED

11-06-2024T18:02:34 - [TEST_STEP][PASSED] - totalplay.Common.verifyPropertyValueExist(PCP_Response, brand_type): totalplay.Common.verifyPropertyValueExist is PASSED

11-06-2024T18:02:34 - [MESSAGE][INFO] - Checking response object

11-06-2024T18:02:34 - [MESSAGE][INFO] - product_search_refinement

11-06-2024T18:02:34 - [MESSAGE][PASSED] - totalplay.Common.verifyPropertyValueExist is PASSED

11-06-2024T18:02:34 - [TEST_STEP][PASSED] - totalplay.Common.verifyPropertyExist(PCP_Response, brand_attribute_id): totalplay.Common.verifyPropertyExist is PASSED

11-06-2024T18:02:34 - [MESSAGE][INFO] - Checking response object

11-06-2024T18:02:34 - [MESSAGE][PASSED] - totalplay.Common.verifyPropertyExist is PASSED

11-06-2024T18:02:34 - [TEST_STEP][PASSED] - totalplay.Common.verifyPropertyValueExist(PCP_Response, brand_attribute_id): totalplay.Common.verifyPropertyValueExist is PASSED

11-06-2024T18:02:34 - [MESSAGE][INFO] - Checking response object

11-06-2024T18:02:34 - [MESSAGE][INFO] - brand

11-06-2024T18:02:34 - [MESSAGE][PASSED] - totalplay.Common.verifyPropertyValueExist is PASSED

11-06-2024T18:02:34 - [TEST_STEP][PASSED] - totalplay.Common.verifyPropertyExist(PCP_Response, brand_label): totalplay.Common.verifyPropertyExist is PASSED

11-06-2024T18:02:34 - [MESSAGE][INFO] - Checking response object

11-06-2024T18:02:34 - [MESSAGE][PASSED] - totalplay.Common.verifyPropertyExist is PASSED

11-06-2024T18:02:34 - [TEST_STEP][PASSED] - totalplay.Common.verifyPropertyValueExist(PCP_Response, brand_label): totalplay.Common.verifyPropertyValueExist is PASSED

11-06-2024T18:02:34 - [MESSAGE][INFO] - Checking response object

11-06-2024T18:02:34 - [MESSAGE][INFO] - Marca

11-06-2024T18:02:34 - [MESSAGE][PASSED] - totalplay.Common.verifyPropertyValueExist is PASSED

11-06-2024T18:02:34 - [TEST_STEP][PASSED] - totalplay.Common.getNumValueofObject(PCP_Response, brand_hit_count): totalplay.Common.getNumValueofObject is PASSED

11-06-2024T18:02:34 - [MESSAGE][INFO] - Checking response object

11-06-2024T18:02:34 - [MESSAGE][PASSED] - totalplay.Common.getNumValueofObject is PASSED

11-06-2024T18:02:34 - [TEST_STEP][PASSED] - totalplay.Common.verifyPropertyExist(PCP_Response, brandname_label): totalplay.Common.verifyPropertyExist is PASSED

11-06-2024T18:02:34 - [MESSAGE][INFO] - Checking response object

11-06-2024T18:02:34 - [MESSAGE][PASSED] - totalplay.Common.verifyPropertyExist is PASSED

11-06-2024T18:02:34 - [TEST_STEP][PASSED] - totalplay.Common.verifyPropertyValueExist(PCP_Response, brandname_label): totalplay.Common.verifyPropertyValueExist is PASSED

11-06-2024T18:02:34 - [MESSAGE][INFO] - Checking response object

11-06-2024T18:02:34 - [MESSAGE][INFO] - Enerhit

11-06-2024T18:02:34 - [MESSAGE][PASSED] - totalplay.Common.verifyPropertyValueExist is PASSED

11-06-2024T18:02:34 - [TEST_STEP][PASSED] - totalplay.Common.verifyPropertyExist(PCP_Response, brandname_value): totalplay.Common.verifyPropertyExist is PASSED

11-06-2024T18:02:34 - [MESSAGE][INFO] - Checking response object

11-06-2024T18:02:34 - [MESSAGE][PASSED] - totalplay.Common.verifyPropertyExist is PASSED

11-06-2024T18:02:34 - [TEST_STEP][PASSED] - totalplay.Common.verifyPropertyValueExist(PCP_Response, brandname_value): totalplay.Common.verifyPropertyValueExist is PASSED

11-06-2024T18:02:34 - [MESSAGE][INFO] - Checking response object

11-06-2024T18:02:34 - [MESSAGE][INFO] - Enerhit

11-06-2024T18:02:34 - [MESSAGE][PASSED] - totalplay.Common.verifyPropertyValueExist is PASSED

11-06-2024T18:02:34 - [TEST_STEP][PASSED] - totalplay.Common.verifyPropertyExist(PCP_Response, color_type): totalplay.Common.verifyPropertyExist is PASSED

11-06-2024T18:02:34 - [MESSAGE][INFO] - Checking response object

11-06-2024T18:02:34 - [MESSAGE][PASSED] - totalplay.Common.verifyPropertyExist is PASSED

11-06-2024T18:02:34 - [TEST_STEP][PASSED] - totalplay.Common.verifyPropertyValueExist(PCP_Response, color_type): totalplay.Common.verifyPropertyValueExist is PASSED

11-06-2024T18:02:34 - [MESSAGE][INFO] - Checking response object

11-06-2024T18:02:34 - [MESSAGE][INFO] - product_search_refinement

11-06-2024T18:02:34 - [MESSAGE][PASSED] - totalplay.Common.verifyPropertyValueExist is PASSED

11-06-2024T18:02:34 - [TEST_STEP][PASSED] - totalplay.Common.verifyPropertyExist(PCP_Response, color_attribute_id): totalplay.Common.verifyPropertyExist is PASSED

11-06-2024T18:02:34 - [MESSAGE][INFO] - Checking response object

11-06-2024T18:02:34 - [MESSAGE][PASSED] - totalplay.Common.verifyPropertyExist is PASSED

11-06-2024T18:02:34 - [TEST_STEP][PASSED] - totalplay.Common.verifyPropertyValueExist(PCP_Response, color_attribute_id): totalplay.Common.verifyPropertyValueExist is PASSED

11-06-2024T18:02:34 - [MESSAGE][INFO] - Checking response object

11-06-2024T18:02:34 - [MESSAGE][INFO] - c_color

11-06-2024T18:02:34 - [MESSAGE][PASSED] - totalplay.Common.verifyPropertyValueExist is PASSED

11-06-2024T18:02:34 - [TEST_STEP][PASSED] - totalplay.Common.verifyPropertyExist(PCP_Response, color_label): totalplay.Common.verifyPropertyExist is PASSED

11-06-2024T18:02:34 - [MESSAGE][INFO] - Checking response object

11-06-2024T18:02:34 - [MESSAGE][PASSED] - totalplay.Common.verifyPropertyExist is PASSED

11-06-2024T18:02:34 - [TEST_STEP][PASSED] - totalplay.Common.verifyPropertyValueExist(PCP_Response, color_label): totalplay.Common.verifyPropertyValueExist is PASSED

11-06-2024T18:02:34 - [MESSAGE][INFO] - Checking response object

11-06-2024T18:02:34 - [MESSAGE][INFO] - Comprar por Color

11-06-2024T18:02:34 - [MESSAGE][PASSED] - totalplay.Common.verifyPropertyValueExist is PASSED

11-06-2024T18:02:34 - [TEST_STEP][PASSED] - totalplay.Common.getNumValueofObject(PCP_Response, color_hit_count): totalplay.Common.getNumValueofObject is PASSED

11-06-2024T18:02:34 - [MESSAGE][INFO] - Checking response object

11-06-2024T18:02:34 - [MESSAGE][PASSED] - totalplay.Common.getNumValueofObject is PASSED

11-06-2024T18:02:34 - [TEST_STEP][PASSED] - totalplay.Common.verifyPropertyExist(PCP_Response, colorname_label): totalplay.Common.verifyPropertyExist is PASSED

11-06-2024T18:02:34 - [MESSAGE][INFO] - Checking response object

11-06-2024T18:02:34 - [MESSAGE][PASSED] - totalplay.Common.verifyPropertyExist is PASSED

11-06-2024T18:02:34 - [TEST_STEP][PASSED] - totalplay.Common.verifyPropertyValueExist(PCP_Response, colorname_label): totalplay.Common.verifyPropertyValueExist is PASSED

11-06-2024T18:02:34 - [MESSAGE][INFO] - Checking response object

11-06-2024T18:02:34 - [MESSAGE][INFO] - Azul

11-06-2024T18:02:34 - [MESSAGE][PASSED] - totalplay.Common.verifyPropertyValueExist is PASSED

11-06-2024T18:02:34 - [TEST_STEP][PASSED] - totalplay.Common.verifyPropertyExist(PCP_Response, colorname_value): totalplay.Common.verifyPropertyExist is PASSED

11-06-2024T18:02:34 - [MESSAGE][INFO] - Checking response object

11-06-2024T18:02:34 - [MESSAGE][PASSED] - totalplay.Common.verifyPropertyExist is PASSED

11-06-2024T18:02:34 - [TEST_STEP][PASSED] - totalplay.Common.verifyPropertyValueExist(PCP_Response, colorname_value): totalplay.Common.verifyPropertyValueExist is PASSED

11-06-2024T18:02:34 - [MESSAGE][INFO] - Checking response object

11-06-2024T18:02:34 - [MESSAGE][INFO] - Azul

11-06-2024T18:02:34 - [MESSAGE][PASSED] - totalplay.Common.verifyPropertyValueExist is PASSED

11-06-2024T18:02:34 - [TEST_STEP][PASSED] - totalplay.Common.verifyPropertyExist(PCP_Response, modelo_attribute_id): totalplay.Common.verifyPropertyExist is PASSED

11-06-2024T18:02:34 - [MESSAGE][INFO] - Checking response object

11-06-2024T18:02:34 - [MESSAGE][PASSED] - totalplay.Common.verifyPropertyExist is PASSED

11-06-2024T18:02:34 - [TEST_STEP][PASSED] - totalplay.Common.verifyPropertyValueExist(PCP_Response, modelo_attribute_id): totalplay.Common.verifyPropertyValueExist is PASSED

11-06-2024T18:02:34 - [MESSAGE][INFO] - Checking response object

11-06-2024T18:02:34 - [MESSAGE][INFO] - c_modelo

11-06-2024T18:02:34 - [MESSAGE][PASSED] - totalplay.Common.verifyPropertyValueExist is PASSED

11-06-2024T18:02:34 - [TEST_STEP][PASSED] - totalplay.Common.verifyPropertyExist(PCP_Response, modelo_label): totalplay.Common.verifyPropertyExist is PASSED

11-06-2024T18:02:34 - [MESSAGE][INFO] - Checking response object

11-06-2024T18:02:34 - [MESSAGE][PASSED] - totalplay.Common.verifyPropertyExist is PASSED

11-06-2024T18:02:34 - [TEST_STEP][PASSED] - totalplay.Common.verifyPropertyValueExist(PCP_Response, modelo_label): totalplay.Common.verifyPropertyValueExist is PASSED

11-06-2024T18:02:34 - [MESSAGE][INFO] - Checking response object

11-06-2024T18:02:34 - [MESSAGE][INFO] - Modelo

11-06-2024T18:02:34 - [MESSAGE][PASSED] - totalplay.Common.verifyPropertyValueExist is PASSED

11-06-2024T18:02:34 - [TEST_STEP][PASSED] - totalplay.Common.verifyPropertyExist(PCP_Response, tipo_de_producto_attribute_id): totalplay.Common.verifyPropertyExist is PASSED

11-06-2024T18:02:34 - [MESSAGE][INFO] - Checking response object

11-06-2024T18:02:34 - [MESSAGE][PASSED] - totalplay.Common.verifyPropertyExist is PASSED

11-06-2024T18:02:34 - [TEST_STEP][PASSED] - totalplay.Common.verifyPropertyValueExist(PCP_Response, tipo_de_producto_attribute_id): totalplay.Common.verifyPropertyValueExist is PASSED

11-06-2024T18:02:34 - [MESSAGE][INFO] - Checking response object

11-06-2024T18:02:34 - [MESSAGE][INFO] - c_tipo-de-producto

11-06-2024T18:02:34 - [MESSAGE][PASSED] - totalplay.Common.verifyPropertyValueExist is PASSED

11-06-2024T18:02:34 - [TEST_STEP][PASSED] - totalplay.Common.verifyPropertyExist(PCP_Response, tipo_de_producto_label): totalplay.Common.verifyPropertyExist is PASSED

11-06-2024T18:02:34 - [MESSAGE][INFO] - Checking response object

11-06-2024T18:02:34 - [MESSAGE][PASSED] - totalplay.Common.verifyPropertyExist is PASSED

11-06-2024T18:02:34 - [TEST_STEP][PASSED] - totalplay.Common.verifyPropertyValueExist(PCP_Response, tipo_de_producto_label): totalplay.Common.verifyPropertyValueExist is PASSED

11-06-2024T18:02:34 - [MESSAGE][INFO] - Checking response object

11-06-2024T18:02:34 - [MESSAGE][INFO] - Tipo de producto

11-06-2024T18:02:34 - [MESSAGE][PASSED] - totalplay.Common.verifyPropertyValueExist is PASSED

11-06-2024T18:02:34 - [TEST_STEP][PASSED] - totalplay.Common.verifyPropertyExist(PCP_Response, material_attribute_id): totalplay.Common.verifyPropertyExist is PASSED

11-06-2024T18:02:34 - [MESSAGE][INFO] - Checking response object

11-06-2024T18:02:34 - [MESSAGE][PASSED] - totalplay.Common.verifyPropertyExist is PASSED

11-06-2024T18:02:34 - [TEST_STEP][PASSED] - totalplay.Common.verifyPropertyValueExist(PCP_Response, material_attribute_id): totalplay.Common.verifyPropertyValueExist is PASSED

11-06-2024T18:02:34 - [MESSAGE][INFO] - Checking response object

11-06-2024T18:02:34 - [MESSAGE][INFO] - c_material

11-06-2024T18:02:34 - [MESSAGE][PASSED] - totalplay.Common.verifyPropertyValueExist is PASSED

11-06-2024T18:02:34 - [TEST_STEP][PASSED] - totalplay.Common.verifyPropertyExist(PCP_Response, material_label): totalplay.Common.verifyPropertyExist is PASSED

11-06-2024T18:02:34 - [MESSAGE][INFO] - Checking response object

11-06-2024T18:02:34 - [MESSAGE][PASSED] - totalplay.Common.verifyPropertyExist is PASSED

11-06-2024T18:02:34 - [TEST_STEP][PASSED] - totalplay.Common.verifyPropertyValueExist(PCP_Response, material_label): totalplay.Common.verifyPropertyValueExist is PASSED

11-06-2024T18:02:34 - [MESSAGE][INFO] - Checking response object

11-06-2024T18:02:34 - [MESSAGE][INFO] - Material

11-06-2024T18:02:34 - [MESSAGE][PASSED] - totalplay.Common.verifyPropertyValueExist is PASSED

11-06-2024T18:02:34 - [TEST_STEP][PASSED] - totalplay.Common.verifyPropertyExist(PCP_Response, Memoria_attribute_id): totalplay.Common.verifyPropertyExist is PASSED

11-06-2024T18:02:34 - [MESSAGE][INFO] - Checking response object

11-06-2024T18:02:35 - [MESSAGE][PASSED] - totalplay.Common.verifyPropertyExist is PASSED

11-06-2024T18:02:35 - [TEST_STEP][PASSED] - totalplay.Common.verifyPropertyValueExist(PCP_Response, Memoria_attribute_id): totalplay.Common.verifyPropertyValueExist is PASSED

11-06-2024T18:02:35 - [MESSAGE][INFO] - Checking response object

11-06-2024T18:02:35 - [MESSAGE][INFO] - c_Memoria

11-06-2024T18:02:35 - [MESSAGE][PASSED] - totalplay.Common.verifyPropertyValueExist is PASSED

11-06-2024T18:02:35 - [TEST_STEP][PASSED] - totalplay.Common.verifyPropertyExist(PCP_Response, Memoria_label): totalplay.Common.verifyPropertyExist is PASSED

11-06-2024T18:02:35 - [MESSAGE][INFO] - Checking response object

11-06-2024T18:02:35 - [MESSAGE][PASSED] - totalplay.Common.verifyPropertyExist is PASSED

11-06-2024T18:02:35 - [TEST_STEP][PASSED] - totalplay.Common.verifyPropertyValueExist(PCP_Response, Memoria_label): totalplay.Common.verifyPropertyValueExist is PASSED

11-06-2024T18:02:35 - [MESSAGE][INFO] - Checking response object

11-06-2024T18:02:35 - [MESSAGE][INFO] - Memoria

11-06-2024T18:02:35 - [MESSAGE][PASSED] - totalplay.Common.verifyPropertyValueExist is PASSED

11-06-2024T18:02:35 - [TEST_STEP][PASSED] - totalplay.Common.verifyPropertyExist(PCP_Response, tamano_attribute_id): totalplay.Common.verifyPropertyExist is PASSED

11-06-2024T18:02:35 - [MESSAGE][INFO] - Checking response object

11-06-2024T18:02:35 - [MESSAGE][PASSED] - totalplay.Common.verifyPropertyExist is PASSED

11-06-2024T18:02:35 - [TEST_STEP][PASSED] - totalplay.Common.verifyPropertyValueExist(PCP_Response, tamano_attribute_id): totalplay.Common.verifyPropertyValueExist is PASSED

11-06-2024T18:02:35 - [MESSAGE][INFO] - Checking response object

11-06-2024T18:02:35 - [MESSAGE][INFO] - c_tamano

11-06-2024T18:02:35 - [MESSAGE][PASSED] - totalplay.Common.verifyPropertyValueExist is PASSED

11-06-2024T18:02:35 - [TEST_STEP][PASSED] - totalplay.Common.verifyPropertyExist(PCP_Response, tamano_label): totalplay.Common.verifyPropertyExist is PASSED

11-06-2024T18:02:35 - [MESSAGE][INFO] - Checking response object

11-06-2024T18:02:35 - [MESSAGE][PASSED] - totalplay.Common.verifyPropertyExist is PASSED

11-06-2024T18:02:35 - [TEST_STEP][PASSED] - totalplay.Common.verifyPropertyValueExist(PCP_Response, tamano_label): totalplay.Common.verifyPropertyValueExist is PASSED

11-06-2024T18:02:35 - [MESSAGE][INFO] - Checking response object

11-06-2024T18:02:35 - [MESSAGE][INFO] - Tamaño

11-06-2024T18:02:35 - [MESSAGE][PASSED] - totalplay.Common.verifyPropertyValueExist is PASSED

11-06-2024T18:02:35 - [TEST_STEP][PASSED] - totalplay.Common.verifyPropertyExist(PCP_Response, almacenamiento_attribute_id): totalplay.Common.verifyPropertyExist is PASSED

11-06-2024T18:02:35 - [MESSAGE][INFO] - Checking response object

11-06-2024T18:02:35 - [MESSAGE][PASSED] - totalplay.Common.verifyPropertyExist is PASSED

11-06-2024T18:02:35 - [TEST_STEP][PASSED] - totalplay.Common.verifyPropertyValueExist(PCP_Response, almacenamiento_attribute_id): totalplay.Common.verifyPropertyValueExist is PASSED

11-06-2024T18:02:35 - [MESSAGE][INFO] - Checking response object

11-06-2024T18:02:35 - [MESSAGE][INFO] - c_almacenamiento

11-06-2024T18:02:35 - [MESSAGE][PASSED] - totalplay.Common.verifyPropertyValueExist is PASSED

11-06-2024T18:02:35 - [TEST_STEP][PASSED] - totalplay.Common.verifyPropertyExist(PCP_Response, almacenamiento_label): totalplay.Common.verifyPropertyExist is PASSED

11-06-2024T18:02:35 - [MESSAGE][INFO] - Checking response object

11-06-2024T18:02:35 - [MESSAGE][PASSED] - totalplay.Common.verifyPropertyExist is PASSED

11-06-2024T18:02:35 - [TEST_STEP][PASSED] - totalplay.Common.verifyPropertyValueExist(PCP_Response, almacenamiento_label): totalplay.Common.verifyPropertyValueExist is PASSED

11-06-2024T18:02:35 - [MESSAGE][INFO] - Checking response object

11-06-2024T18:02:35 - [MESSAGE][INFO] - Almacenamiento

11-06-2024T18:02:35 - [MESSAGE][PASSED] - totalplay.Common.verifyPropertyValueExist is PASSED

11-06-2024T18:02:35 - [TEST_STEP][PASSED] - totalplay.Common.verifyPropertyExist(PCP_Response, sabor_attribute_id): totalplay.Common.verifyPropertyExist is PASSED

11-06-2024T18:02:35 - [MESSAGE][INFO] - Checking response object

11-06-2024T18:02:35 - [MESSAGE][PASSED] - totalplay.Common.verifyPropertyExist is PASSED

11-06-2024T18:02:35 - [TEST_STEP][PASSED] - totalplay.Common.verifyPropertyValueExist(PCP_Response, sabor_attribute_id): totalplay.Common.verifyPropertyValueExist is PASSED

11-06-2024T18:02:35 - [MESSAGE][INFO] - Checking response object

11-06-2024T18:02:35 - [MESSAGE][INFO] - c_sabor

11-06-2024T18:02:35 - [MESSAGE][PASSED] - totalplay.Common.verifyPropertyValueExist is PASSED

11-06-2024T18:02:35 - [TEST_STEP][PASSED] - totalplay.Common.verifyPropertyExist(PCP_Response, sabor_label): totalplay.Common.verifyPropertyExist is PASSED

11-06-2024T18:02:35 - [MESSAGE][INFO] - Checking response object

11-06-2024T18:02:35 - [MESSAGE][PASSED] - totalplay.Common.verifyPropertyExist is PASSED

11-06-2024T18:02:35 - [TEST_STEP][PASSED] - totalplay.Common.verifyPropertyValueExist(PCP_Response, sabor_label): totalplay.Common.verifyPropertyValueExist is PASSED

11-06-2024T18:02:35 - [MESSAGE][INFO] - Checking response object

11-06-2024T18:02:35 - [MESSAGE][INFO] - Sabor

11-06-2024T18:02:35 - [MESSAGE][PASSED] - totalplay.Common.verifyPropertyValueExist is PASSED

11-06-2024T18:02:35 - [TEST_STEP][PASSED] - totalplay.Common.verifyPropertyExist(PCP_Response, weight_attribute_id): totalplay.Common.verifyPropertyExist is PASSED

11-06-2024T18:02:35 - [MESSAGE][INFO] - Checking response object

11-06-2024T18:02:35 - [MESSAGE][PASSED] - totalplay.Common.verifyPropertyExist is PASSED

11-06-2024T18:02:35 - [TEST_STEP][PASSED] - totalplay.Common.verifyPropertyValueExist(PCP_Response, weight_attribute_id): totalplay.Common.verifyPropertyValueExist is PASSED

11-06-2024T18:02:35 - [MESSAGE][INFO] - Checking response object

11-06-2024T18:02:35 - [MESSAGE][INFO] - c_weight

11-06-2024T18:02:35 - [MESSAGE][PASSED] - totalplay.Common.verifyPropertyValueExist is PASSED

11-06-2024T18:02:35 - [TEST_STEP][PASSED] - totalplay.Common.verifyPropertyExist(PCP_Response, weight_label): totalplay.Common.verifyPropertyExist is PASSED

11-06-2024T18:02:35 - [MESSAGE][INFO] - Checking response object

11-06-2024T18:02:35 - [MESSAGE][PASSED] - totalplay.Common.verifyPropertyExist is PASSED

11-06-2024T18:02:35 - [TEST_STEP][PASSED] - totalplay.Common.verifyPropertyValueExist(PCP_Response, weight_label): totalplay.Common.verifyPropertyValueExist is PASSED

11-06-2024T18:02:35 - [MESSAGE][INFO] - Checking response object

11-06-2024T18:02:35 - [MESSAGE][INFO] - Peso del producto

11-06-2024T18:02:35 - [MESSAGE][PASSED] - totalplay.Common.verifyPropertyValueExist is PASSED

11-06-2024T18:02:35 - [TEST_STEP][PASSED] - totalplay.Common.getNumValueofObject(PCP_Response, weight_hit_count): totalplay.Common.getNumValueofObject is PASSED

11-06-2024T18:02:35 - [MESSAGE][INFO] - Checking response object

11-06-2024T18:02:35 - [MESSAGE][PASSED] - totalplay.Common.getNumValueofObject is PASSED

11-06-2024T18:02:35 - [TEST_STEP][PASSED] - totalplay.Common.verifyPropertyExist(PCP_Response, weightKG_label): totalplay.Common.verifyPropertyExist is PASSED

11-06-2024T18:02:35 - [MESSAGE][INFO] - Checking response object

11-06-2024T18:02:35 - [MESSAGE][PASSED] - totalplay.Common.verifyPropertyExist is PASSED

11-06-2024T18:02:35 - [TEST_STEP][PASSED] - totalplay.Common.verifyPropertyValueExist(PCP_Response, weightKG_label): totalplay.Common.verifyPropertyValueExist is PASSED

11-06-2024T18:02:35 - [MESSAGE][INFO] - Checking response object

11-06-2024T18:02:35 - [MESSAGE][INFO] - 3.0

11-06-2024T18:02:35 - [MESSAGE][PASSED] - totalplay.Common.verifyPropertyValueExist is PASSED

11-06-2024T18:02:35 - [TEST_STEP][PASSED] - totalplay.Common.verifyPropertyExist(PCP_Response, weightKG_value): totalplay.Common.verifyPropertyExist is PASSED

11-06-2024T18:02:35 - [MESSAGE][INFO] - Checking response object

11-06-2024T18:02:35 - [MESSAGE][PASSED] - totalplay.Common.verifyPropertyExist is PASSED

11-06-2024T18:02:35 - [TEST_STEP][PASSED] - totalplay.Common.verifyPropertyValueExist(PCP_Response, weightKG_value): totalplay.Common.verifyPropertyValueExist is PASSED

11-06-2024T18:02:35 - [MESSAGE][INFO] - Checking response object

11-06-2024T18:02:35 - [MESSAGE][INFO] - 3.0

11-06-2024T18:02:35 - [MESSAGE][PASSED] - totalplay.Common.verifyPropertyValueExist is PASSED

11-06-2024T18:02:35 - [TEST_STEP][PASSED] - totalplay.Common.verifyPropertyExist(PCP_Response, capacidad_attribute_id): totalplay.Common.verifyPropertyExist is PASSED

11-06-2024T18:02:35 - [MESSAGE][INFO] - Checking response object

11-06-2024T18:02:35 - [MESSAGE][PASSED] - totalplay.Common.verifyPropertyExist is PASSED

11-06-2024T18:02:35 - [TEST_STEP][PASSED] - totalplay.Common.verifyPropertyValueExist(PCP_Response, capacidad_attribute_id): totalplay.Common.verifyPropertyValueExist is PASSED

11-06-2024T18:02:35 - [MESSAGE][INFO] - Checking response object

11-06-2024T18:02:35 - [MESSAGE][INFO] - c_capacidad

11-06-2024T18:02:35 - [MESSAGE][PASSED] - totalplay.Common.verifyPropertyValueExist is PASSED

11-06-2024T18:02:35 - [TEST_STEP][PASSED] - totalplay.Common.verifyPropertyExist(PCP_Response, capacidad_label): totalplay.Common.verifyPropertyExist is PASSED

11-06-2024T18:02:35 - [MESSAGE][INFO] - Checking response object

11-06-2024T18:02:35 - [MESSAGE][PASSED] - totalplay.Common.verifyPropertyExist is PASSED

11-06-2024T18:02:35 - [TEST_STEP][PASSED] - totalplay.Common.verifyPropertyValueExist(PCP_Response, capacidad_label): totalplay.Common.verifyPropertyValueExist is PASSED

11-06-2024T18:02:35 - [MESSAGE][INFO] - Checking response object

11-06-2024T18:02:35 - [MESSAGE][INFO] - Capacidad

11-06-2024T18:02:35 - [MESSAGE][PASSED] - totalplay.Common.verifyPropertyValueExist is PASSED

11-06-2024T18:02:35 - [TEST_STEP][PASSED] - totalplay.Common.verifyPropertyExist(PCP_Response, size_attribute_id): totalplay.Common.verifyPropertyExist is PASSED

11-06-2024T18:02:35 - [MESSAGE][INFO] - Checking response object

11-06-2024T18:02:35 - [MESSAGE][PASSED] - totalplay.Common.verifyPropertyExist is PASSED

11-06-2024T18:02:35 - [TEST_STEP][PASSED] - totalplay.Common.verifyPropertyValueExist(PCP_Response, size_attribute_id): totalplay.Common.verifyPropertyValueExist is PASSED

11-06-2024T18:02:35 - [MESSAGE][INFO] - Checking response object

11-06-2024T18:02:35 - [MESSAGE][INFO] - c_size

11-06-2024T18:02:35 - [MESSAGE][PASSED] - totalplay.Common.verifyPropertyValueExist is PASSED

11-06-2024T18:02:35 - [TEST_STEP][PASSED] - totalplay.Common.verifyPropertyExist(PCP_Response, size_label): totalplay.Common.verifyPropertyExist is PASSED

11-06-2024T18:02:35 - [MESSAGE][INFO] - Checking response object

11-06-2024T18:02:35 - [MESSAGE][PASSED] - totalplay.Common.verifyPropertyExist is PASSED

11-06-2024T18:02:35 - [TEST_STEP][PASSED] - totalplay.Common.verifyPropertyValueExist(PCP_Response, size_label): totalplay.Common.verifyPropertyValueExist is PASSED

11-06-2024T18:02:35 - [MESSAGE][INFO] - Checking response object

11-06-2024T18:02:35 - [MESSAGE][INFO] - Talla

11-06-2024T18:02:35 - [MESSAGE][PASSED] - totalplay.Common.verifyPropertyValueExist is PASSED

11-06-2024T18:02:35 - [TEST_STEP][PASSED] - totalplay.Common.verifyPropertyExist(PCP_Response, isPopular_attribute_id): totalplay.Common.verifyPropertyExist is PASSED

11-06-2024T18:02:35 - [MESSAGE][INFO] - Checking response object

11-06-2024T18:02:35 - [MESSAGE][PASSED] - totalplay.Common.verifyPropertyExist is PASSED

11-06-2024T18:02:35 - [TEST_STEP][PASSED] - totalplay.Common.verifyPropertyValueExist(PCP_Response, isPopular_attribute_id): totalplay.Common.verifyPropertyValueExist is PASSED

11-06-2024T18:02:35 - [MESSAGE][INFO] - Checking response object

11-06-2024T18:02:35 - [MESSAGE][INFO] - c_isPopular

11-06-2024T18:02:35 - [MESSAGE][PASSED] - totalplay.Common.verifyPropertyValueExist is PASSED

11-06-2024T18:02:35 - [TEST_STEP][PASSED] - totalplay.Common.verifyPropertyExist(PCP_Response, isPopular_label): totalplay.Common.verifyPropertyExist is PASSED

11-06-2024T18:02:35 - [MESSAGE][INFO] - Checking response object

11-06-2024T18:02:35 - [MESSAGE][PASSED] - totalplay.Common.verifyPropertyExist is PASSED

11-06-2024T18:02:35 - [TEST_STEP][PASSED] - totalplay.Common.verifyPropertyValueExist(PCP_Response, isPopular_label): totalplay.Common.verifyPropertyValueExist is PASSED

11-06-2024T18:02:35 - [MESSAGE][INFO] - Checking response object

11-06-2024T18:02:35 - [MESSAGE][INFO] - isPopular

11-06-2024T18:02:35 - [MESSAGE][PASSED] - totalplay.Common.verifyPropertyValueExist is PASSED

11-06-2024T18:02:35 - [TEST_STEP][PASSED] - totalplay.Common.getNumValueofObject(PCP_Response, isPopular_hit_count): totalplay.Common.getNumValueofObject is PASSED

11-06-2024T18:02:35 - [MESSAGE][INFO] - Checking response object

11-06-2024T18:02:36 - [MESSAGE][PASSED] - totalplay.Common.getNumValueofObject is PASSED

11-06-2024T18:02:36 - [TEST_STEP][PASSED] - totalplay.Common.verifyPropertyExist(PCP_Response, isPopularname_label): totalplay.Common.verifyPropertyExist is PASSED

11-06-2024T18:02:36 - [MESSAGE][INFO] - Checking response object

11-06-2024T18:02:36 - [MESSAGE][PASSED] - totalplay.Common.verifyPropertyExist is PASSED

11-06-2024T18:02:36 - [TEST_STEP][PASSED] - totalplay.Common.verifyPropertyValueExist(PCP_Response, isPopularname_label): totalplay.Common.verifyPropertyValueExist is PASSED

11-06-2024T18:02:36 - [MESSAGE][INFO] - Checking response object

11-06-2024T18:02:36 - [MESSAGE][INFO] - false

11-06-2024T18:02:36 - [MESSAGE][PASSED] - totalplay.Common.verifyPropertyValueExist is PASSED

11-06-2024T18:02:36 - [TEST_STEP][PASSED] - totalplay.Common.verifyPropertyExist(PCP_Response, isPopular_value): totalplay.Common.verifyPropertyExist is PASSED

11-06-2024T18:02:36 - [MESSAGE][INFO] - Checking response object

11-06-2024T18:02:36 - [MESSAGE][PASSED] - totalplay.Common.verifyPropertyExist is PASSED

11-06-2024T18:02:36 - [TEST_STEP][PASSED] - totalplay.Common.verifyPropertyValueExist(PCP_Response, isPopular_value): totalplay.Common.verifyPropertyValueExist is PASSED

11-06-2024T18:02:36 - [MESSAGE][INFO] - Checking response object

11-06-2024T18:02:36 - [MESSAGE][INFO] - false

11-06-2024T18:02:36 - [MESSAGE][PASSED] - totalplay.Common.verifyPropertyValueExist is PASSED

11-06-2024T18:02:36 - [TEST_STEP][PASSED] - totalplay.Common.verifyPropertyExist(PCP_Response, sorting_type): totalplay.Common.verifyPropertyExist is PASSED

11-06-2024T18:02:36 - [MESSAGE][INFO] - Checking response object

11-06-2024T18:02:36 - [MESSAGE][PASSED] - totalplay.Common.verifyPropertyExist is PASSED

11-06-2024T18:02:36 - [TEST_STEP][PASSED] - totalplay.Common.verifyPropertyValueExist(PCP_Response, sorting_type): totalplay.Common.verifyPropertyValueExist is PASSED

11-06-2024T18:02:36 - [MESSAGE][INFO] - Checking response object

11-06-2024T18:02:36 - [MESSAGE][INFO] - product_search_sorting_option

11-06-2024T18:02:36 - [MESSAGE][PASSED] - totalplay.Common.verifyPropertyValueExist is PASSED

11-06-2024T18:02:36 - [TEST_STEP][PASSED] - totalplay.Common.verifyPropertyExist(PCP_Response, bestmatches_id): totalplay.Common.verifyPropertyExist is PASSED

11-06-2024T18:02:36 - [MESSAGE][INFO] - Checking response object

11-06-2024T18:02:36 - [MESSAGE][PASSED] - totalplay.Common.verifyPropertyExist is PASSED

11-06-2024T18:02:36 - [TEST_STEP][PASSED] - totalplay.Common.verifyPropertyValueExist(PCP_Response, bestmatches_id): totalplay.Common.verifyPropertyValueExist is PASSED

11-06-2024T18:02:36 - [MESSAGE][INFO] - Checking response object

11-06-2024T18:02:36 - [MESSAGE][INFO] - best-matches

11-06-2024T18:02:36 - [MESSAGE][PASSED] - totalplay.Common.verifyPropertyValueExist is PASSED

11-06-2024T18:02:36 - [TEST_STEP][PASSED] - totalplay.Common.verifyPropertyExist(PCP_Response, bestmatches_label): totalplay.Common.verifyPropertyExist is PASSED

11-06-2024T18:02:36 - [MESSAGE][INFO] - Checking response object

11-06-2024T18:02:36 - [MESSAGE][PASSED] - totalplay.Common.verifyPropertyExist is PASSED

11-06-2024T18:02:36 - [TEST_STEP][PASSED] - totalplay.Common.verifyPropertyValueExist(PCP_Response, bestmatches_label): totalplay.Common.verifyPropertyValueExist is PASSED

11-06-2024T18:02:36 - [MESSAGE][INFO] - Checking response object

11-06-2024T18:02:36 - [MESSAGE][INFO] - Best Matches

11-06-2024T18:02:36 - [MESSAGE][PASSED] - totalplay.Common.verifyPropertyValueExist is PASSED

11-06-2024T18:02:36 - [TEST_STEP][PASSED] - totalplay.Common.verifyPropertyExist(PCP_Response, price_lowtohigh_id): totalplay.Common.verifyPropertyExist is PASSED

11-06-2024T18:02:36 - [MESSAGE][INFO] - Checking response object

11-06-2024T18:02:36 - [MESSAGE][PASSED] - totalplay.Common.verifyPropertyExist is PASSED

11-06-2024T18:02:36 - [TEST_STEP][PASSED] - totalplay.Common.verifyPropertyValueExist(PCP_Response, price_lowtohigh_id): totalplay.Common.verifyPropertyValueExist is PASSED

11-06-2024T18:02:36 - [MESSAGE][INFO] - Checking response object

11-06-2024T18:02:36 - [MESSAGE][INFO] - price-low-to-high

11-06-2024T18:02:36 - [MESSAGE][PASSED] - totalplay.Common.verifyPropertyValueExist is PASSED

11-06-2024T18:02:36 - [TEST_STEP][PASSED] - totalplay.Common.verifyPropertyExist(PCP_Response, price_lowtohigh_label): totalplay.Common.verifyPropertyExist is PASSED

11-06-2024T18:02:36 - [MESSAGE][INFO] - Checking response object

11-06-2024T18:02:36 - [MESSAGE][PASSED] - totalplay.Common.verifyPropertyExist is PASSED

11-06-2024T18:02:36 - [TEST_STEP][PASSED] - totalplay.Common.verifyPropertyValueExist(PCP_Response, price_lowtohigh_label): totalplay.Common.verifyPropertyValueExist is PASSED

11-06-2024T18:02:36 - [MESSAGE][INFO] - Checking response object

11-06-2024T18:02:36 - [MESSAGE][INFO] - Price Low To High

11-06-2024T18:02:36 - [MESSAGE][PASSED] - totalplay.Common.verifyPropertyValueExist is PASSED

11-06-2024T18:02:36 - [TEST_STEP][PASSED] - totalplay.Common.verifyPropertyExist(PCP_Response, price_hightolow_id): totalplay.Common.verifyPropertyExist is PASSED

11-06-2024T18:02:36 - [MESSAGE][INFO] - Checking response object

11-06-2024T18:02:36 - [MESSAGE][PASSED] - totalplay.Common.verifyPropertyExist is PASSED

11-06-2024T18:02:36 - [TEST_STEP][PASSED] - totalplay.Common.verifyPropertyValueExist(PCP_Response, price_hightolow_id): totalplay.Common.verifyPropertyValueExist is PASSED

11-06-2024T18:02:36 - [MESSAGE][INFO] - Checking response object

11-06-2024T18:02:36 - [MESSAGE][INFO] - price-high-to-low

11-06-2024T18:02:36 - [MESSAGE][PASSED] - totalplay.Common.verifyPropertyValueExist is PASSED

11-06-2024T18:02:36 - [TEST_STEP][PASSED] - totalplay.Common.verifyPropertyExist(PCP_Response, price_hightolow_label): totalplay.Common.verifyPropertyExist is PASSED

11-06-2024T18:02:36 - [MESSAGE][INFO] - Checking response object

11-06-2024T18:02:36 - [MESSAGE][PASSED] - totalplay.Common.verifyPropertyExist is PASSED

11-06-2024T18:02:36 - [TEST_STEP][PASSED] - totalplay.Common.verifyPropertyValueExist(PCP_Response, price_hightolow_label): totalplay.Common.verifyPropertyValueExist is PASSED

11-06-2024T18:02:36 - [MESSAGE][INFO] - Checking response object

11-06-2024T18:02:36 - [MESSAGE][INFO] - Price High to Low

11-06-2024T18:02:36 - [MESSAGE][PASSED] - totalplay.Common.verifyPropertyValueExist is PASSED

11-06-2024T18:02:36 - [TEST_STEP][PASSED] - totalplay.Common.verifyPropertyExist(PCP_Response, product_nameascending_id): totalplay.Common.verifyPropertyExist is PASSED

11-06-2024T18:02:36 - [MESSAGE][INFO] - Checking response object

11-06-2024T18:02:36 - [MESSAGE][PASSED] - totalplay.Common.verifyPropertyExist is PASSED

11-06-2024T18:02:36 - [TEST_STEP][PASSED] - totalplay.Common.verifyPropertyValueExist(PCP_Response, product_nameascending_id): totalplay.Common.verifyPropertyValueExist is PASSED

11-06-2024T18:02:36 - [MESSAGE][INFO] - Checking response object

11-06-2024T18:02:36 - [MESSAGE][INFO] - product-name-ascending

11-06-2024T18:02:36 - [MESSAGE][PASSED] - totalplay.Common.verifyPropertyValueExist is PASSED

11-06-2024T18:02:36 - [TEST_STEP][PASSED] - totalplay.Common.verifyPropertyExist(PCP_Response, product_nameascending_label): totalplay.Common.verifyPropertyExist is PASSED

11-06-2024T18:02:36 - [MESSAGE][INFO] - Checking response object

11-06-2024T18:02:36 - [MESSAGE][PASSED] - totalplay.Common.verifyPropertyExist is PASSED

11-06-2024T18:02:36 - [TEST_STEP][PASSED] - totalplay.Common.verifyPropertyValueExist(PCP_Response, product_nameascending_label): totalplay.Common.verifyPropertyValueExist is PASSED

11-06-2024T18:02:36 - [MESSAGE][INFO] - Checking response object

11-06-2024T18:02:36 - [MESSAGE][INFO] - Product Name A - Z

11-06-2024T18:02:36 - [MESSAGE][PASSED] - totalplay.Common.verifyPropertyValueExist is PASSED

11-06-2024T18:02:36 - [TEST_STEP][PASSED] - totalplay.Common.verifyPropertyExist(PCP_Response, product_namedescending_id): totalplay.Common.verifyPropertyExist is PASSED

11-06-2024T18:02:36 - [MESSAGE][INFO] - Checking response object

11-06-2024T18:02:36 - [MESSAGE][PASSED] - totalplay.Common.verifyPropertyExist is PASSED

11-06-2024T18:02:36 - [TEST_STEP][PASSED] - totalplay.Common.verifyPropertyValueExist(PCP_Response, product_namedescending_id): totalplay.Common.verifyPropertyValueExist is PASSED

11-06-2024T18:02:36 - [MESSAGE][INFO] - Checking response object

11-06-2024T18:02:36 - [MESSAGE][INFO] - product-name-descending

11-06-2024T18:02:36 - [MESSAGE][PASSED] - totalplay.Common.verifyPropertyValueExist is PASSED

11-06-2024T18:02:36 - [TEST_STEP][PASSED] - totalplay.Common.verifyPropertyExist(PCP_Response, product_namedescending_label): totalplay.Common.verifyPropertyExist is PASSED

11-06-2024T18:02:36 - [MESSAGE][INFO] - Checking response object

11-06-2024T18:02:36 - [MESSAGE][PASSED] - totalplay.Common.verifyPropertyExist is PASSED

11-06-2024T18:02:36 - [TEST_STEP][PASSED] - totalplay.Common.verifyPropertyValueExist(PCP_Response, product_namedescending_label): totalplay.Common.verifyPropertyValueExist is PASSED

11-06-2024T18:02:36 - [MESSAGE][INFO] - Checking response object

11-06-2024T18:02:36 - [MESSAGE][INFO] - Product Name Z - A

11-06-2024T18:02:36 - [MESSAGE][PASSED] - totalplay.Common.verifyPropertyValueExist is PASSED

11-06-2024T18:02:36 - [TEST_STEP][PASSED] - totalplay.Common.verifyPropertyExist(PCP_Response, sortingbrand_id): totalplay.Common.verifyPropertyExist is PASSED

11-06-2024T18:02:36 - [MESSAGE][INFO] - Checking response object

11-06-2024T18:02:36 - [MESSAGE][PASSED] - totalplay.Common.verifyPropertyExist is PASSED

11-06-2024T18:02:36 - [TEST_STEP][PASSED] - totalplay.Common.verifyPropertyValueExist(PCP_Response, sortingbrand_id): totalplay.Common.verifyPropertyValueExist is PASSED

11-06-2024T18:02:36 - [MESSAGE][INFO] - Checking response object

11-06-2024T18:02:36 - [MESSAGE][INFO] - brand

11-06-2024T18:02:36 - [MESSAGE][PASSED] - totalplay.Common.verifyPropertyValueExist is PASSED

11-06-2024T18:02:36 - [TEST_STEP][PASSED] - totalplay.Common.verifyPropertyExist(PCP_Response, sortingbrand_label): totalplay.Common.verifyPropertyExist is PASSED

11-06-2024T18:02:36 - [MESSAGE][INFO] - Checking response object

11-06-2024T18:02:36 - [MESSAGE][PASSED] - totalplay.Common.verifyPropertyExist is PASSED

11-06-2024T18:02:36 - [TEST_STEP][PASSED] - totalplay.Common.verifyPropertyValueExist(PCP_Response, sortingbrand_label): totalplay.Common.verifyPropertyValueExist is PASSED

11-06-2024T18:02:36 - [MESSAGE][INFO] - Checking response object

11-06-2024T18:02:36 - [MESSAGE][INFO] - Brand

11-06-2024T18:02:36 - [MESSAGE][PASSED] - totalplay.Common.verifyPropertyValueExist is PASSED

11-06-2024T18:02:36 - [TEST_STEP][PASSED] - totalplay.Common.verifyPropertyExist(PCP_Response, mostpopular_id): totalplay.Common.verifyPropertyExist is PASSED

11-06-2024T18:02:36 - [MESSAGE][INFO] - Checking response object

11-06-2024T18:02:36 - [MESSAGE][PASSED] - totalplay.Common.verifyPropertyExist is PASSED

11-06-2024T18:02:36 - [TEST_STEP][PASSED] - totalplay.Common.verifyPropertyValueExist(PCP_Response, mostpopular_id): totalplay.Common.verifyPropertyValueExist is PASSED

11-06-2024T18:02:36 - [MESSAGE][INFO] - Checking response object

11-06-2024T18:02:36 - [MESSAGE][INFO] - most-popular

11-06-2024T18:02:36 - [MESSAGE][PASSED] - totalplay.Common.verifyPropertyValueExist is PASSED

11-06-2024T18:02:36 - [TEST_STEP][PASSED] - totalplay.Common.verifyPropertyExist(PCP_Response, mostpopular_label): totalplay.Common.verifyPropertyExist is PASSED

11-06-2024T18:02:36 - [MESSAGE][INFO] - Checking response object

11-06-2024T18:02:36 - [MESSAGE][PASSED] - totalplay.Common.verifyPropertyExist is PASSED

11-06-2024T18:02:36 - [TEST_STEP][PASSED] - totalplay.Common.verifyPropertyValueExist(PCP_Response, mostpopular_label): totalplay.Common.verifyPropertyValueExist is PASSED

11-06-2024T18:02:36 - [MESSAGE][INFO] - Checking response object

11-06-2024T18:02:36 - [MESSAGE][INFO] - Most Popular

11-06-2024T18:02:36 - [MESSAGE][PASSED] - totalplay.Common.verifyPropertyValueExist is PASSED

11-06-2024T18:02:36 - [TEST_STEP][PASSED] - totalplay.Common.verifyPropertyExist(PCP_Response, topsellers_id): totalplay.Common.verifyPropertyExist is PASSED

11-06-2024T18:02:36 - [MESSAGE][INFO] - Checking response object

11-06-2024T18:02:36 - [MESSAGE][PASSED] - totalplay.Common.verifyPropertyExist is PASSED

11-06-2024T18:02:36 - [TEST_STEP][PASSED] - totalplay.Common.verifyPropertyValueExist(PCP_Response, topsellers_id): totalplay.Common.verifyPropertyValueExist is PASSED

11-06-2024T18:02:36 - [MESSAGE][INFO] - Checking response object

11-06-2024T18:02:36 - [MESSAGE][INFO] - top-sellers

11-06-2024T18:02:36 - [MESSAGE][PASSED] - totalplay.Common.verifyPropertyValueExist is PASSED

11-06-2024T18:02:36 - [TEST_STEP][PASSED] - totalplay.Common.verifyPropertyExist(PCP_Response, topsellers_label): totalplay.Common.verifyPropertyExist is PASSED

11-06-2024T18:02:36 - [MESSAGE][INFO] - Checking response object

11-06-2024T18:02:37 - [MESSAGE][PASSED] - totalplay.Common.verifyPropertyExist is PASSED

11-06-2024T18:02:37 - [TEST_STEP][PASSED] - totalplay.Common.verifyPropertyValueExist(PCP_Response, topsellers_label): totalplay.Common.verifyPropertyValueExist is PASSED

11-06-2024T18:02:37 - [MESSAGE][INFO] - Checking response object

11-06-2024T18:02:37 - [MESSAGE][INFO] - Top Sellers

11-06-2024T18:02:37 - [MESSAGE][PASSED] - totalplay.Common.verifyPropertyValueExist is PASSED

11-06-2024T18:02:37 - [TEST_STEP][PASSED] - totalplay.Common.getNumValueofObject(PCP_Response, total): totalplay.Common.getNumValueofObject is PASSED

11-06-2024T18:02:37 - [MESSAGE][INFO] - Checking response object

11-06-2024T18:02:37 - [MESSAGE][PASSED] - totalplay.Common.getNumValueofObject is PASSED]]></system-out>
         <system-err><![CDATA[]]></system-err>
      </testcase>
      <testcase name="Test Cases/TotalPlay-Shop/TC_9_PDP" time="13.202" classname="Test Cases/TotalPlay-Shop/TC_9_PDP" status="FAILED">
         <failure type="FAILED" message="Test Cases/TotalPlay-Shop/TC_9_PDP FAILED.&#xa;Reason:&#xa;com.kms.katalon.core.exception.StepFailedException: Unable to get element count (Root cause: java.lang.NullPointerException: Cannot get property 'label' on null object&#xa;	at Script1.run(Script1.groovy:1)&#xa;	at com.kms.katalon.core.webservice.helper.WebServiceCommonHelper.parseAndExecuteExpressionForJson(WebServiceCommonHelper.java:212)&#xa;	at com.kms.katalon.core.webservice.keyword.builtin.GetElementsCountKeyword$_getElementsCount_closure1.doCall(GetElementsCountKeyword.groovy:41)&#xa;	at com.kms.katalon.core.webservice.keyword.builtin.GetElementsCountKeyword$_getElementsCount_closure1.call(GetElementsCountKeyword.groovy)&#xa;	at com.kms.katalon.core.keyword.internal.KeywordMain.runKeyword(KeywordMain.groovy:75)&#xa;	at com.kms.katalon.core.webservice.keyword.builtin.GetElementsCountKeyword.getElementsCount(GetElementsCountKeyword.groovy:37)&#xa;	at com.kms.katalon.core.webservice.keyword.builtin.GetElementsCountKeyword.execute(GetElementsCountKeyword.groovy:32)&#xa;	at com.kms.katalon.core.keyword.internal.KeywordExecutor.executeKeywordForPlatform(KeywordExecutor.groovy:74)&#xa;	at com.kms.katalon.core.webservice.keyword.WSBuiltInKeywords.getElementsCount(WSBuiltInKeywords.groovy:99)&#xa;	at totalplay.Common.verifyPropertyExist(Common.groovy:39)&#xa;	at jdk.internal.reflect.GeneratedMethodAccessor7.invoke(Unknown Source)&#xa;	at java.base/jdk.internal.reflect.DelegatingMethodAccessorImpl.invoke(DelegatingMethodAccessorImpl.java:43)&#xa;	at com.kms.katalon.core.main.CustomKeywordDelegatingMetaClass.invokeStaticMethod(CustomKeywordDelegatingMetaClass.java:55)&#xa;	at TC_9_PDP.run(TC_9_PDP:319)&#xa;	at com.kms.katalon.core.main.ScriptEngine.run(ScriptEngine.java:194)&#xa;	at com.kms.katalon.core.main.ScriptEngine.runScriptAsRawText(ScriptEngine.java:119)&#xa;	at com.kms.katalon.core.main.TestCaseExecutor.runScript(TestCaseExecutor.java:448)&#xa;	at com.kms.katalon.core.main.TestCaseExecutor.doExecute(TestCaseExecutor.java:439)&#xa;	at com.kms.katalon.core.main.TestCaseExecutor.processExecutionPhase(TestCaseExecutor.java:418)&#xa;	at com.kms.katalon.core.main.TestCaseExecutor.accessMainPhase(TestCaseExecutor.java:410)&#xa;	at com.kms.katalon.core.main.TestCaseExecutor.execute(TestCaseExecutor.java:285)&#xa;	at com.kms.katalon.core.common.CommonExecutor.accessTestCaseMainPhase(CommonExecutor.java:65)&#xa;	at com.kms.katalon.core.main.TestSuiteExecutor.accessTestSuiteMainPhase(TestSuiteExecutor.java:150)&#xa;	at com.kms.katalon.core.main.TestSuiteExecutor.execute(TestSuiteExecutor.java:106)&#xa;	at com.kms.katalon.core.main.TestCaseMain.startTestSuite(TestCaseMain.java:180)&#xa;	at TempTestSuite1718109097791.run(TempTestSuite1718109097791.groovy:35)&#xa;	at java.base/jdk.internal.reflect.NativeMethodAccessorImpl.invoke0(Native Method)&#xa;	at java.base/jdk.internal.reflect.NativeMethodAccessorImpl.invoke(NativeMethodAccessorImpl.java:77)&#xa;	at java.base/jdk.internal.reflect.DelegatingMethodAccessorImpl.invoke(DelegatingMethodAccessorImpl.java:43)&#xa;)&#xa;	at com.kms.katalon.core.keyword.internal.KeywordMain.stepFailed(KeywordMain.groovy:51)&#xa;	at com.kms.katalon.core.keyword.internal.KeywordMain.stepFailed(KeywordMain.groovy)&#xa;	at com.kms.katalon.core.keyword.internal.KeywordMain.runKeyword(KeywordMain.groovy:77)&#xa;	at com.kms.katalon.core.webservice.keyword.builtin.GetElementsCountKeyword.getElementsCount(GetElementsCountKeyword.groovy:37)&#xa;	at com.kms.katalon.core.webservice.keyword.builtin.GetElementsCountKeyword.execute(GetElementsCountKeyword.groovy:32)&#xa;	at com.kms.katalon.core.keyword.internal.KeywordExecutor.executeKeywordForPlatform(KeywordExecutor.groovy:74)&#xa;	at com.kms.katalon.core.webservice.keyword.WSBuiltInKeywords.getElementsCount(WSBuiltInKeywords.groovy:99)&#xa;	at totalplay.Common.verifyPropertyExist(Common.groovy:39)&#xa;	at jdk.internal.reflect.GeneratedMethodAccessor7.invoke(Unknown Source)&#xa;	at java.base/jdk.internal.reflect.DelegatingMethodAccessorImpl.invoke(DelegatingMethodAccessorImpl.java:43)&#xa;	at com.kms.katalon.core.main.CustomKeywordDelegatingMetaClass.invokeStaticMethod(CustomKeywordDelegatingMetaClass.java:55)&#xa;	at TC_9_PDP.run(TC_9_PDP:319)&#xa;	at com.kms.katalon.core.main.ScriptEngine.run(ScriptEngine.java:194)&#xa;	at com.kms.katalon.core.main.ScriptEngine.runScriptAsRawText(ScriptEngine.java:119)&#xa;	at com.kms.katalon.core.main.TestCaseExecutor.runScript(TestCaseExecutor.java:448)&#xa;	at com.kms.katalon.core.main.TestCaseExecutor.doExecute(TestCaseExecutor.java:439)&#xa;	at com.kms.katalon.core.main.TestCaseExecutor.processExecutionPhase(TestCaseExecutor.java:418)&#xa;	at com.kms.katalon.core.main.TestCaseExecutor.accessMainPhase(TestCaseExecutor.java:410)&#xa;	at com.kms.katalon.core.main.TestCaseExecutor.execute(TestCaseExecutor.java:285)&#xa;	at com.kms.katalon.core.common.CommonExecutor.accessTestCaseMainPhase(CommonExecutor.java:65)&#xa;	at com.kms.katalon.core.main.TestSuiteExecutor.accessTestSuiteMainPhase(TestSuiteExecutor.java:150)&#xa;	at com.kms.katalon.core.main.TestSuiteExecutor.execute(TestSuiteExecutor.java:106)&#xa;	at com.kms.katalon.core.main.TestCaseMain.startTestSuite(TestCaseMain.java:180)&#xa;	at TempTestSuite1718109097791.run(TempTestSuite1718109097791.groovy:35)&#xa;	at java.base/jdk.internal.reflect.NativeMethodAccessorImpl.invoke0(Native Method)&#xa;	at java.base/jdk.internal.reflect.NativeMethodAccessorImpl.invoke(NativeMethodAccessorImpl.java:77)&#xa;	at java.base/jdk.internal.reflect.DelegatingMethodAccessorImpl.invoke(DelegatingMethodAccessorImpl.java:43)&#xa;Caused by: java.lang.NullPointerException: Cannot get property 'label' on null object&#xa;	at Script1.run(Script1.groovy:1)&#xa;	at com.kms.katalon.core.webservice.helper.WebServiceCommonHelper.parseAndExecuteExpressionForJson(WebServiceCommonHelper.java:212)&#xa;	at com.kms.katalon.core.webservice.keyword.builtin.GetElementsCountKeyword$_getElementsCount_closure1.doCall(GetElementsCountKeyword.groovy:41)&#xa;	at com.kms.katalon.core.webservice.keyword.builtin.GetElementsCountKeyword$_getElementsCount_closure1.call(GetElementsCountKeyword.groovy)&#xa;	at com.kms.katalon.core.keyword.internal.KeywordMain.runKeyword(KeywordMain.groovy:75)&#xa;	... 24 more&#xa;"/>
         <system-out><![CDATA[11-06-2024T18:02:37 - [TEST_CASE][FAILED] - Test Cases/TotalPlay-Shop/TC_9_PDP: Test Cases/TotalPlay-Shop/TC_9_PDP FAILED.
Reason:
com.kms.katalon.core.exception.StepFailedException: Unable to get element count (Root cause: java.lang.NullPointerException: Cannot get property 'label' on null object
	at Script1.run(Script1.groovy:1)
	at com.kms.katalon.core.webservice.helper.WebServiceCommonHelper.parseAndExecuteExpressionForJson(WebServiceCommonHelper.java:212)
	at com.kms.katalon.core.webservice.keyword.builtin.GetElementsCountKeyword$_getElementsCount_closure1.doCall(GetElementsCountKeyword.groovy:41)
	at com.kms.katalon.core.webservice.keyword.builtin.GetElementsCountKeyword$_getElementsCount_closure1.call(GetElementsCountKeyword.groovy)
	at com.kms.katalon.core.keyword.internal.KeywordMain.runKeyword(KeywordMain.groovy:75)
	at com.kms.katalon.core.webservice.keyword.builtin.GetElementsCountKeyword.getElementsCount(GetElementsCountKeyword.groovy:37)
	at com.kms.katalon.core.webservice.keyword.builtin.GetElementsCountKeyword.execute(GetElementsCountKeyword.groovy:32)
	at com.kms.katalon.core.keyword.internal.KeywordExecutor.executeKeywordForPlatform(KeywordExecutor.groovy:74)
	at com.kms.katalon.core.webservice.keyword.WSBuiltInKeywords.getElementsCount(WSBuiltInKeywords.groovy:99)
	at totalplay.Common.verifyPropertyExist(Common.groovy:39)
	at jdk.internal.reflect.GeneratedMethodAccessor7.invoke(Unknown Source)
	at java.base/jdk.internal.reflect.DelegatingMethodAccessorImpl.invoke(DelegatingMethodAccessorImpl.java:43)
	at com.kms.katalon.core.main.CustomKeywordDelegatingMetaClass.invokeStaticMethod(CustomKeywordDelegatingMetaClass.java:55)
	at TC_9_PDP.run(TC_9_PDP:319)
	at com.kms.katalon.core.main.ScriptEngine.run(ScriptEngine.java:194)
	at com.kms.katalon.core.main.ScriptEngine.runScriptAsRawText(ScriptEngine.java:119)
	at com.kms.katalon.core.main.TestCaseExecutor.runScript(TestCaseExecutor.java:448)
	at com.kms.katalon.core.main.TestCaseExecutor.doExecute(TestCaseExecutor.java:439)
	at com.kms.katalon.core.main.TestCaseExecutor.processExecutionPhase(TestCaseExecutor.java:418)
	at com.kms.katalon.core.main.TestCaseExecutor.accessMainPhase(TestCaseExecutor.java:410)
	at com.kms.katalon.core.main.TestCaseExecutor.execute(TestCaseExecutor.java:285)
	at com.kms.katalon.core.common.CommonExecutor.accessTestCaseMainPhase(CommonExecutor.java:65)
	at com.kms.katalon.core.main.TestSuiteExecutor.accessTestSuiteMainPhase(TestSuiteExecutor.java:150)
	at com.kms.katalon.core.main.TestSuiteExecutor.execute(TestSuiteExecutor.java:106)
	at com.kms.katalon.core.main.TestCaseMain.startTestSuite(TestCaseMain.java:180)
	at TempTestSuite1718109097791.run(TempTestSuite1718109097791.groovy:35)
	at java.base/jdk.internal.reflect.NativeMethodAccessorImpl.invoke0(Native Method)
	at java.base/jdk.internal.reflect.NativeMethodAccessorImpl.invoke(NativeMethodAccessorImpl.java:77)
	at java.base/jdk.internal.reflect.DelegatingMethodAccessorImpl.invoke(DelegatingMethodAccessorImpl.java:43)
)
	at com.kms.katalon.core.keyword.internal.KeywordMain.stepFailed(KeywordMain.groovy:51)
	at com.kms.katalon.core.keyword.internal.KeywordMain.stepFailed(KeywordMain.groovy)
	at com.kms.katalon.core.keyword.internal.KeywordMain.runKeyword(KeywordMain.groovy:77)
	at com.kms.katalon.core.webservice.keyword.builtin.GetElementsCountKeyword.getElementsCount(GetElementsCountKeyword.groovy:37)
	at com.kms.katalon.core.webservice.keyword.builtin.GetElementsCountKeyword.execute(GetElementsCountKeyword.groovy:32)
	at com.kms.katalon.core.keyword.internal.KeywordExecutor.executeKeywordForPlatform(KeywordExecutor.groovy:74)
	at com.kms.katalon.core.webservice.keyword.WSBuiltInKeywords.getElementsCount(WSBuiltInKeywords.groovy:99)
	at totalplay.Common.verifyPropertyExist(Common.groovy:39)
	at jdk.internal.reflect.GeneratedMethodAccessor7.invoke(Unknown Source)
	at java.base/jdk.internal.reflect.DelegatingMethodAccessorImpl.invoke(DelegatingMethodAccessorImpl.java:43)
	at com.kms.katalon.core.main.CustomKeywordDelegatingMetaClass.invokeStaticMethod(CustomKeywordDelegatingMetaClass.java:55)
	at TC_9_PDP.run(TC_9_PDP:319)
	at com.kms.katalon.core.main.ScriptEngine.run(ScriptEngine.java:194)
	at com.kms.katalon.core.main.ScriptEngine.runScriptAsRawText(ScriptEngine.java:119)
	at com.kms.katalon.core.main.TestCaseExecutor.runScript(TestCaseExecutor.java:448)
	at com.kms.katalon.core.main.TestCaseExecutor.doExecute(TestCaseExecutor.java:439)
	at com.kms.katalon.core.main.TestCaseExecutor.processExecutionPhase(TestCaseExecutor.java:418)
	at com.kms.katalon.core.main.TestCaseExecutor.accessMainPhase(TestCaseExecutor.java:410)
	at com.kms.katalon.core.main.TestCaseExecutor.execute(TestCaseExecutor.java:285)
	at com.kms.katalon.core.common.CommonExecutor.accessTestCaseMainPhase(CommonExecutor.java:65)
	at com.kms.katalon.core.main.TestSuiteExecutor.accessTestSuiteMainPhase(TestSuiteExecutor.java:150)
	at com.kms.katalon.core.main.TestSuiteExecutor.execute(TestSuiteExecutor.java:106)
	at com.kms.katalon.core.main.TestCaseMain.startTestSuite(TestCaseMain.java:180)
	at TempTestSuite1718109097791.run(TempTestSuite1718109097791.groovy:35)
	at java.base/jdk.internal.reflect.NativeMethodAccessorImpl.invoke0(Native Method)
	at java.base/jdk.internal.reflect.NativeMethodAccessorImpl.invoke(NativeMethodAccessorImpl.java:77)
	at java.base/jdk.internal.reflect.DelegatingMethodAccessorImpl.invoke(DelegatingMethodAccessorImpl.java:43)
Caused by: java.lang.NullPointerException: Cannot get property 'label' on null object
	at Script1.run(Script1.groovy:1)
	at com.kms.katalon.core.webservice.helper.WebServiceCommonHelper.parseAndExecuteExpressionForJson(WebServiceCommonHelper.java:212)
	at com.kms.katalon.core.webservice.keyword.builtin.GetElementsCountKeyword$_getElementsCount_closure1.doCall(GetElementsCountKeyword.groovy:41)
	at com.kms.katalon.core.webservice.keyword.builtin.GetElementsCountKeyword$_getElementsCount_closure1.call(GetElementsCountKeyword.groovy)
	at com.kms.katalon.core.keyword.internal.KeywordMain.runKeyword(KeywordMain.groovy:75)
	... 24 more


11-06-2024T18:02:38 - [TEST_STEP][PASSED] - callTestCase(findTestCase("TotalPlay-Shop/TC_1_InterfaceLogin"), [:], STOP_ON_FAILURE): Call Test Case 'Test Cases/TotalPlay-Shop/TC_1_InterfaceLogin' successfully

11-06-2024T18:02:38 - [MESSAGE][INFO] - Checking called Test Case

11-06-2024T18:02:38 - [MESSAGE][INFO] - Starting to call Test Case 'Test Cases/TotalPlay-Shop/TC_1_InterfaceLogin'

11-06-2024T18:02:38 - [TEST_CASE][PASSED] - Test Cases/TotalPlay-Shop/TC_1_InterfaceLogin: Test Cases/TotalPlay-Shop/TC_1_InterfaceLogin

11-06-2024T18:02:38 - [TEST_STEP][PASSED] - LoginResponse = sendRequest(findTestObject("TotalPlay-Shop/Interface Login (SLAS)", ["URL":URL, "SITEID":SITEID])): Send request successfully

11-06-2024T18:02:38 - [MESSAGE][INFO] - Finding Test Object 'Object Repository/TotalPlay-Shop/Interface Login (SLAS)'

11-06-2024T18:02:38 - [MESSAGE][INFO] - Checking request object

11-06-2024T18:02:40 - [MESSAGE][INFO] - HAR: D:\Automation\KogniveraGithub\TotalPlay_Automation\totalplay-API\totalplay-automation\Reports\20240611_180136\Shop-Services\20240611_180137\requests\main\13.har

11-06-2024T18:02:40 - [MESSAGE][PASSED] - Send request successfully

11-06-2024T18:02:40 - [TEST_STEP][PASSED] - assert getResponseStatusCode(LoginResponse) == 200: Checking response object

11-06-2024T18:02:40 - [MESSAGE][INFO] - Checking response object

11-06-2024T18:02:40 - [TEST_STEP][PASSED] - Auth = "ocapiResponse.access_token": null

11-06-2024T18:02:40 - [TEST_STEP][PASSED] - sfccAuthorization = getElementPropertyValue(LoginResponse, Auth): Checking response object

11-06-2024T18:02:40 - [MESSAGE][INFO] - Checking response object

11-06-2024T18:02:40 - [TEST_STEP][PASSED] - logInfo(sfccAuthorization): eyJ2ZXIiOiIxLjAiLCJqa3UiOiJzbGFzL3Byb2QvYmpjbF9kZXYiLCJraWQiOiIzOWM0NGRmMy01OGI5LTQ3YWEtODNhMC05NWMwOTBiZGNkMzciLCJ0eXAiOiJqd3QiLCJjbHYiOiJKMi4zLjQiLCJhbGciOiJFUzI1NiJ9.eyJhdXQiOiJHVUlEIiwic2NwIjoic2ZjYy5zaG9wcGVyLW15YWNjb3VudC5iYXNrZXRzIHNmY2Muc2hvcHBlci1kaXNjb3Zlcnktc2VhcmNoIHNmY2Muc2hvcHBlci1teWFjY291bnQuYWRkcmVzc2VzIHNmY2Muc2hvcHBlci1wcm9kdWN0cyBzZmNjLnNob3BwZXItbXlhY2NvdW50LnJ3IHNmY2Muc2hvcHBlci1teWFjY291bnQucGF5bWVudGluc3RydW1lbnRzIHNmY2Muc2hvcHBlci1jdXN0b21lcnMubG9naW4gc2ZjYy5zaG9wcGVyLXN0b3JlcyBzZmNjLnNob3BwZXItbXlhY2NvdW50Lm9yZGVycyBzZmNjLnNob3BwZXItYmFza2V0cy1vcmRlcnMgc2ZjYy5zaG9wcGVyLWN1c3RvbWVycy5yZWdpc3RlciBzZmNjLnNob3BwZXItbXlhY2NvdW50LmFkZHJlc3Nlcy5ydyBzZmNjLnNob3BwZXItbXlhY2NvdW50LnByb2R1Y3RsaXN0cy5ydyBzZmNjLnNob3BwZXItcHJvZHVjdGxpc3RzIHNmY2Muc2hvcHBlci1wcm9tb3Rpb25zIHNmY2Muc2hvcHBlci1iYXNrZXRzLW9yZGVycy5ydyBzZmNjLnNob3BwZXItZ2lmdC1jZXJ0aWZpY2F0ZXMgc2ZjYy5zaG9wcGVyLW15YWNjb3VudC5wYXltZW50aW5zdHJ1bWVudHMucncgc2ZjYy5zaG9wcGVyLXByb2R1Y3Qtc2VhcmNoIHNmY2Muc2hvcHBlci1teWFjY291bnQucHJvZHVjdGxpc3RzIHNmY2Muc2hvcHBlci1jYXRlZ29yaWVzIHNmY2Muc2hvcHBlci1teWFjY291bnQiLCJzdWIiOiJjYy1zbGFzOjpiamNsX2Rldjo6c2NpZDo1ZDI1ZjVmYS01YTRmLTQ2YjUtYTIxMS04NzU1NDJjODVhYzE6OnVzaWQ6ZjM5MDdmNDYtZjMyMi00NmU3LWEzOWMtMTRmZjBlZjg4NzcyIiwiY3R4Ijoic2xhcyIsImlzcyI6InNsYXMvcHJvZC9iamNsX2RldiIsImlzdCI6MSwiZG50IjoiMCIsImF1ZCI6ImNvbW1lcmNlY2xvdWQvcHJvZC9iamNsX2RldiIsIm5iZiI6MTcxODEwOTEzMCwic3R5IjoiVXNlciIsImlzYiI6InVpZG86ZWNvbTo6dXBuOnFhLnRvdGFscGxheSswMTAwOTg3MTA1QGdtYWlsLmNvbTo6dWlkbjpSaWNhcmRvICBDb3JvbmEgQ3J1ejo6Z2NpZDphYnhIazNrYkJLbGJ3UnhIa1drR1lZbEtzMTo6cmNpZDphY25SYldxdWpIQ3BnOW9xNlYyaGt1VGFTVzo6Y2hpZDpUUC1TSE9QIiwiZXhwIjoxNzE4MTEwOTYwLCJpYXQiOjE3MTgxMDkxNjAsImp0aSI6IkMyQy0xMzExNTYzNTcwMTc4NzUxMTg1MDI5MDI3NDA2MjkzNjU0ODkifQ.f6bNnYGAjN7WdrhqUKCHxKHUTDphHPr7T3I_MBCaUMNU9eihW45uUV_gAyw3_t8KMJOiB3HFC6kW1x-vGdqf6Q

11-06-2024T18:02:40 - [MESSAGE][INFO] - eyJ2ZXIiOiIxLjAiLCJqa3UiOiJzbGFzL3Byb2QvYmpjbF9kZXYiLCJraWQiOiIzOWM0NGRmMy01OGI5LTQ3YWEtODNhMC05NWMwOTBiZGNkMzciLCJ0eXAiOiJqd3QiLCJjbHYiOiJKMi4zLjQiLCJhbGciOiJFUzI1NiJ9.eyJhdXQiOiJHVUlEIiwic2NwIjoic2ZjYy5zaG9wcGVyLW15YWNjb3VudC5iYXNrZXRzIHNmY2Muc2hvcHBlci1kaXNjb3Zlcnktc2VhcmNoIHNmY2Muc2hvcHBlci1teWFjY291bnQuYWRkcmVzc2VzIHNmY2Muc2hvcHBlci1wcm9kdWN0cyBzZmNjLnNob3BwZXItbXlhY2NvdW50LnJ3IHNmY2Muc2hvcHBlci1teWFjY291bnQucGF5bWVudGluc3RydW1lbnRzIHNmY2Muc2hvcHBlci1jdXN0b21lcnMubG9naW4gc2ZjYy5zaG9wcGVyLXN0b3JlcyBzZmNjLnNob3BwZXItbXlhY2NvdW50Lm9yZGVycyBzZmNjLnNob3BwZXItYmFza2V0cy1vcmRlcnMgc2ZjYy5zaG9wcGVyLWN1c3RvbWVycy5yZWdpc3RlciBzZmNjLnNob3BwZXItbXlhY2NvdW50LmFkZHJlc3Nlcy5ydyBzZmNjLnNob3BwZXItbXlhY2NvdW50LnByb2R1Y3RsaXN0cy5ydyBzZmNjLnNob3BwZXItcHJvZHVjdGxpc3RzIHNmY2Muc2hvcHBlci1wcm9tb3Rpb25zIHNmY2Muc2hvcHBlci1iYXNrZXRzLW9yZGVycy5ydyBzZmNjLnNob3BwZXItZ2lmdC1jZXJ0aWZpY2F0ZXMgc2ZjYy5zaG9wcGVyLW15YWNjb3VudC5wYXltZW50aW5zdHJ1bWVudHMucncgc2ZjYy5zaG9wcGVyLXByb2R1Y3Qtc2VhcmNoIHNmY2Muc2hvcHBlci1teWFjY291bnQucHJvZHVjdGxpc3RzIHNmY2Muc2hvcHBlci1jYXRlZ29yaWVzIHNmY2Muc2hvcHBlci1teWFjY291bnQiLCJzdWIiOiJjYy1zbGFzOjpiamNsX2Rldjo6c2NpZDo1ZDI1ZjVmYS01YTRmLTQ2YjUtYTIxMS04NzU1NDJjODVhYzE6OnVzaWQ6ZjM5MDdmNDYtZjMyMi00NmU3LWEzOWMtMTRmZjBlZjg4NzcyIiwiY3R4Ijoic2xhcyIsImlzcyI6InNsYXMvcHJvZC9iamNsX2RldiIsImlzdCI6MSwiZG50IjoiMCIsImF1ZCI6ImNvbW1lcmNlY2xvdWQvcHJvZC9iamNsX2RldiIsIm5iZiI6MTcxODEwOTEzMCwic3R5IjoiVXNlciIsImlzYiI6InVpZG86ZWNvbTo6dXBuOnFhLnRvdGFscGxheSswMTAwOTg3MTA1QGdtYWlsLmNvbTo6dWlkbjpSaWNhcmRvICBDb3JvbmEgQ3J1ejo6Z2NpZDphYnhIazNrYkJLbGJ3UnhIa1drR1lZbEtzMTo6cmNpZDphY25SYldxdWpIQ3BnOW9xNlYyaGt1VGFTVzo6Y2hpZDpUUC1TSE9QIiwiZXhwIjoxNzE4MTEwOTYwLCJpYXQiOjE3MTgxMDkxNjAsImp0aSI6IkMyQy0xMzExNTYzNTcwMTc4NzUxMTg1MDI5MDI3NDA2MjkzNjU0ODkifQ.f6bNnYGAjN7WdrhqUKCHxKHUTDphHPr7T3I_MBCaUMNU9eihW45uUV_gAyw3_t8KMJOiB3HFC6kW1x-vGdqf6Q

11-06-2024T18:02:40 - [TEST_STEP][PASSED] - Authorization = "Bearer " + sfccAuthorization: null

11-06-2024T18:02:40 - [TEST_STEP][PASSED] - logInfo(bm_auth_token): 

11-06-2024T18:02:40 - [MESSAGE][INFO] - 

11-06-2024T18:02:40 - [TEST_STEP][PASSED] - if (sfccAuthorization.length() == 0): null

11-06-2024T18:02:40 - [TEST_STEP][PASSED] - else: authorization generated

11-06-2024T18:02:40 - [TEST_STEP][PASSED] - markPassed("authorization generated"): authorization generated

11-06-2024T18:02:40 - [MESSAGE][PASSED] - authorization generated

11-06-2024T18:02:40 - [TEST_STEP][PASSED] - BasketId_loginResponse = "ocapiResponse.c_basketId": null

11-06-2024T18:02:40 - [TEST_STEP][PASSED] - CustomerId_loginResponse = "ocapiResponse.customer_id": null

11-06-2024T18:02:40 - [TEST_STEP][PASSED] - basketId = getElementPropertyValue(LoginResponse, BasketId_loginResponse): Checking response object

11-06-2024T18:02:40 - [MESSAGE][INFO] - Checking response object

11-06-2024T18:02:40 - [TEST_STEP][PASSED] - customerId = getElementPropertyValue(LoginResponse, CustomerId_loginResponse): Checking response object

11-06-2024T18:02:40 - [MESSAGE][INFO] - Checking response object

11-06-2024T18:02:40 - [TEST_STEP][PASSED] - basketID = basketId: null

11-06-2024T18:02:40 - [TEST_STEP][PASSED] - sla_customerId = customerId: null

11-06-2024T18:02:40 - [TEST_STEP][PASSED] - println(basketID): null

11-06-2024T18:02:40 - [TEST_STEP][PASSED] - println(sla_customerId): null

11-06-2024T18:02:40 - [TEST_STEP][PASSED] - refresh_token = "ocapiResponse.refresh_token": null

11-06-2024T18:02:40 - [TEST_STEP][PASSED] - customer_email = "ocapiResponse.customer_email": null

11-06-2024T18:02:40 - [TEST_STEP][PASSED] - c_brmId = "ocapiResponse.c_brmId": null

11-06-2024T18:02:40 - [TEST_STEP][PASSED] - customer_name = "ocapiResponse.customer_name": null

11-06-2024T18:02:40 - [TEST_STEP][PASSED] - totalplay.Common.verifyPropertyExist(LoginResponse, refresh_token): totalplay.Common.verifyPropertyExist is PASSED

11-06-2024T18:02:40 - [MESSAGE][INFO] - Checking response object

11-06-2024T18:02:40 - [MESSAGE][PASSED] - totalplay.Common.verifyPropertyExist is PASSED

11-06-2024T18:02:40 - [TEST_STEP][PASSED] - totalplay.Common.verifyPropertyValueExist(LoginResponse, refresh_token): totalplay.Common.verifyPropertyValueExist is PASSED

11-06-2024T18:02:40 - [MESSAGE][INFO] - Checking response object

11-06-2024T18:02:40 - [MESSAGE][INFO] - DZUIjCnKp3LD07alv3sfUF4E1NZcKdgunfL67CARXao

11-06-2024T18:02:40 - [MESSAGE][PASSED] - totalplay.Common.verifyPropertyValueExist is PASSED

11-06-2024T18:02:40 - [TEST_STEP][PASSED] - totalplay.Common.verifyPropertyExist(LoginResponse, customer_email): totalplay.Common.verifyPropertyExist is PASSED

11-06-2024T18:02:40 - [MESSAGE][INFO] - Checking response object

11-06-2024T18:02:40 - [MESSAGE][PASSED] - totalplay.Common.verifyPropertyExist is PASSED

11-06-2024T18:02:40 - [TEST_STEP][PASSED] - totalplay.Common.verifyPropertyValueExist(LoginResponse, customer_email): totalplay.Common.verifyPropertyValueExist is PASSED

11-06-2024T18:02:40 - [MESSAGE][INFO] - Checking response object

11-06-2024T18:02:40 - [MESSAGE][INFO] - qa.totalplay@gmail.com

11-06-2024T18:02:40 - [MESSAGE][PASSED] - totalplay.Common.verifyPropertyValueExist is PASSED

11-06-2024T18:02:40 - [TEST_STEP][PASSED] - totalplay.Common.verifyPropertyExist(LoginResponse, customer_name): totalplay.Common.verifyPropertyExist is PASSED

11-06-2024T18:02:40 - [MESSAGE][INFO] - Checking response object

11-06-2024T18:02:40 - [MESSAGE][PASSED] - totalplay.Common.verifyPropertyExist is PASSED

11-06-2024T18:02:40 - [TEST_STEP][PASSED] - totalplay.Common.verifyPropertyValueExist(LoginResponse, customer_name): totalplay.Common.verifyPropertyValueExist is PASSED

11-06-2024T18:02:40 - [MESSAGE][INFO] - Checking response object

11-06-2024T18:02:40 - [MESSAGE][INFO] - Ricardo  Corona Cruz

11-06-2024T18:02:40 - [MESSAGE][PASSED] - totalplay.Common.verifyPropertyValueExist is PASSED

11-06-2024T18:02:40 - [TEST_STEP][PASSED] - totalplay.Common.verifyPropertyExist(LoginResponse, c_brmId): totalplay.Common.verifyPropertyExist is PASSED

11-06-2024T18:02:40 - [MESSAGE][INFO] - Checking response object

11-06-2024T18:02:40 - [MESSAGE][PASSED] - totalplay.Common.verifyPropertyExist is PASSED

11-06-2024T18:02:40 - [TEST_STEP][PASSED] - totalplay.Common.verifyPropertyValueExist(LoginResponse, c_brmId): totalplay.Common.verifyPropertyValueExist is PASSED

11-06-2024T18:02:40 - [MESSAGE][INFO] - Checking response object

11-06-2024T18:02:40 - [MESSAGE][INFO] - 0100987105

11-06-2024T18:02:40 - [MESSAGE][PASSED] - totalplay.Common.verifyPropertyValueExist is PASSED

11-06-2024T18:02:40 - [MESSAGE][PASSED] - Call Test Case 'Test Cases/TotalPlay-Shop/TC_1_InterfaceLogin' successfully

11-06-2024T18:02:40 - [TEST_STEP][PASSED] - PDP_Response = sendRequest(findTestObject("TotalPlay-Shop/Postman/PDP/PDP", ["URL":URL, "SITEID":SITEID])): Send request successfully

11-06-2024T18:02:40 - [MESSAGE][INFO] - Finding Test Object 'Object Repository/TotalPlay-Shop/Postman/PDP/PDP'

11-06-2024T18:02:41 - [MESSAGE][INFO] - Checking request object

11-06-2024T18:02:48 - [MESSAGE][INFO] - HAR: D:\Automation\KogniveraGithub\TotalPlay_Automation\totalplay-API\totalplay-automation\Reports\20240611_180136\Shop-Services\20240611_180137\requests\main\14.har

11-06-2024T18:02:48 - [MESSAGE][PASSED] - Send request successfully

11-06-2024T18:02:48 - [TEST_STEP][PASSED] - verifyResponseStatusCode(PDP_Response, 200): Verify response status code successfully

11-06-2024T18:02:48 - [MESSAGE][INFO] - Checking response object

11-06-2024T18:02:48 - [MESSAGE][PASSED] - Verify response status code successfully

11-06-2024T18:02:48 - [TEST_STEP][PASSED] - pageId = "pageId": null

11-06-2024T18:02:48 - [TEST_STEP][PASSED] - pageTypeId = "pageTypeId": null

11-06-2024T18:02:48 - [TEST_STEP][PASSED] - pageTitle = "pageTitle": null

11-06-2024T18:02:48 - [TEST_STEP][PASSED] - bestOfferPrice = "components[0].result.bestOfferPrice": null

11-06-2024T18:02:48 - [TEST_STEP][PASSED] - available = "components[0].result.available": null

11-06-2024T18:02:48 - [TEST_STEP][PASSED] - availability_messages = "components[0].result.availability.messages": null

11-06-2024T18:02:48 - [TEST_STEP][PASSED] - availableQuantity = "components[0].result.availability.availableQuantity": null

11-06-2024T18:02:48 - [TEST_STEP][PASSED] - uuid = "components[0].result.uuid": null

11-06-2024T18:02:48 - [TEST_STEP][PASSED] - id = "components[0].result.id": null

11-06-2024T18:02:48 - [TEST_STEP][PASSED] - shopIdName = "components[0].result.shopIdName": null

11-06-2024T18:02:48 - [TEST_STEP][PASSED] - productName = "components[0].result.productName": null

11-06-2024T18:02:48 - [TEST_STEP][PASSED] - productType = "components[0].result.productType": null

11-06-2024T18:02:48 - [TEST_STEP][PASSED] - brand = "components[0].result.brand": null

11-06-2024T18:02:48 - [TEST_STEP][PASSED] - sales_value = "components[0].result.price.sales.value": null

11-06-2024T18:02:48 - [TEST_STEP][PASSED] - sales_currency = "components[0].result.price.sales.currency": null

11-06-2024T18:02:48 - [TEST_STEP][PASSED] - sales_formatted = "components[0].result.price.sales.formatted": null

11-06-2024T18:02:48 - [TEST_STEP][PASSED] - sales_decimalPrice = "components[0].result.price.sales.decimalPrice": null

11-06-2024T18:02:48 - [TEST_STEP][PASSED] - list_value = "components[0].result.price.list.value": null

11-06-2024T18:02:48 - [TEST_STEP][PASSED] - list_currency = "components[0].result.price.list.currency": null

11-06-2024T18:02:48 - [TEST_STEP][PASSED] - list_formatted = "components[0].result.price.list.formatted": null

11-06-2024T18:02:48 - [TEST_STEP][PASSED] - list_decimalPrice = "components[0].result.price.list.decimalPrice": null

11-06-2024T18:02:48 - [TEST_STEP][PASSED] - images_alt = "components[0].result.images.web[0].alt": null

11-06-2024T18:02:48 - [TEST_STEP][PASSED] - images_url = "components[0].result.images.web[0].url": null

11-06-2024T18:02:48 - [TEST_STEP][PASSED] - images_title = "components[0].result.images.web[0].title": null

11-06-2024T18:02:48 - [TEST_STEP][PASSED] - selectedQuantity = "components[0].result.selectedQuantity": null

11-06-2024T18:02:48 - [TEST_STEP][PASSED] - minOrderQuantity = "components[0].result.minOrderQuantity": null

11-06-2024T18:02:48 - [TEST_STEP][PASSED] - maxOrderQuantity = "components[0].result.maxOrderQuantity": null

11-06-2024T18:02:48 - [TEST_STEP][PASSED] - variationAttributes = "components[0].result.variationAttributes": null

11-06-2024T18:02:48 - [TEST_STEP][PASSED] - longDescription = "components[0].result.longDescription": null

11-06-2024T18:02:48 - [TEST_STEP][PASSED] - shortDescription = "components[0].result.shortDescription": null

11-06-2024T18:02:48 - [TEST_STEP][PASSED] - rating = "components[0].result.rating": null

11-06-2024T18:02:48 - [TEST_STEP][PASSED] - promotions = "components[0].result.promotions": null

11-06-2024T18:02:48 - [TEST_STEP][PASSED] - storefrontAttributes_ID = "components[0].result.attributes[0].ID": null

11-06-2024T18:02:48 - [TEST_STEP][PASSED] - storefrontAttributes_name = "components[0].result.attributes[0].name": null

11-06-2024T18:02:48 - [TEST_STEP][PASSED] - anchodel_label = "components[0].result.attributes[0].attributes[0].label": null

11-06-2024T18:02:48 - [TEST_STEP][PASSED] - anchodel_value = "components[0].result.attributes[0].attributes[0].value": null

11-06-2024T18:02:48 - [TEST_STEP][PASSED] - alturadel_label = "components[0].result.attributes[0].attributes[1].label": null

11-06-2024T18:02:48 - [TEST_STEP][PASSED] - alturadel_value = "components[0].result.attributes[0].attributes[1].value": null

11-06-2024T18:02:48 - [TEST_STEP][PASSED] - pesodel_label = "components[0].result.attributes[0].attributes[2].label": null

11-06-2024T18:02:48 - [TEST_STEP][PASSED] - pesodel_value = "components[0].result.attributes[0].attributes[2].value": null

11-06-2024T18:02:48 - [TEST_STEP][PASSED] - OperatorAttributes_ID = "components[0].result.attributes[1].ID": null

11-06-2024T18:02:48 - [TEST_STEP][PASSED] - OperatorAttributes_name = "components[0].result.attributes[1].name": null

11-06-2024T18:02:48 - [TEST_STEP][PASSED] - Descripciónlarga_label = "components[0].result.attributes[1].attributes[0].label": null

11-06-2024T18:02:48 - [TEST_STEP][PASSED] - Descripciónlarga_value = "components[0].result.attributes[1].attributes[0].value": null

11-06-2024T18:02:48 - [TEST_STEP][PASSED] - isPopular_label = "components[0].result.attributes[1].attributes[1].label": null

11-06-2024T18:02:48 - [TEST_STEP][PASSED] - isPopular_value = "components[0].result.attributes[1].attributes[1].value": null

11-06-2024T18:02:48 - [TEST_STEP][PASSED] - TipodeProducto_label = "components[0].result.attributes[1].attributes[2].label": null

11-06-2024T18:02:48 - [TEST_STEP][PASSED] - TipodeProducto_value = "components[0].result.attributes[1].attributes[2].value": null

11-06-2024T18:02:48 - [TEST_STEP][PASSED] - especificaciones_label = "components[0].result.attributes[2].attributes[0].label": null

11-06-2024T18:02:48 - [TEST_STEP][PASSED] - especificaciones_value = "components[0].result.attributes[2].attributes[0].value": null

11-06-2024T18:02:48 - [TEST_STEP][PASSED] - Marca_label = "components[0].result.attributes[2].attributes[6].label": null

11-06-2024T18:02:48 - [TEST_STEP][PASSED] - Marca_value = "components[0].result.attributes[2].attributes[6].value": null

11-06-2024T18:02:48 - [TEST_STEP][PASSED] - selectedProductUrl = "components[0].result.selectedProductUrl": null

11-06-2024T18:02:48 - [TEST_STEP][PASSED] - readyToOrder = "components[0].result.readyToOrder": null

11-06-2024T18:02:48 - [TEST_STEP][PASSED] - online = "components[0].result.online": null

11-06-2024T18:02:48 - [TEST_STEP][PASSED] - isMarketplaceProduct = "components[0].result.isMarketplaceProduct": null

11-06-2024T18:02:48 - [TEST_STEP][PASSED] - state = "components[0].result.state": null

11-06-2024T18:02:48 - [TEST_STEP][PASSED] - promoId = "components[0].result.promotionName[0].promoId": null

11-06-2024T18:02:48 - [TEST_STEP][PASSED] - promoName = "components[0].result.promotionName[0].promoName": null

11-06-2024T18:02:48 - [TEST_STEP][PASSED] - shopName = "components[0].result.shopName": null

11-06-2024T18:02:48 - [TEST_STEP][PASSED] - customProductType = "components[0].result.customProductType": null

11-06-2024T18:02:48 - [TEST_STEP][PASSED] - shopID = "components[0].result.shopID": null

11-06-2024T18:02:48 - [TEST_STEP][PASSED] - emi_months = "components[0].result.emi_months": null

11-06-2024T18:02:48 - [TEST_STEP][PASSED] - emi_installment_amount = "components[0].result.emi_installment_amount": null

11-06-2024T18:02:48 - [TEST_STEP][PASSED] - isVariant = "components[0].result.isVariant": null

11-06-2024T18:02:48 - [TEST_STEP][PASSED] - FAQcomponentTypeId = "components[2].componentTypeId": null

11-06-2024T18:02:48 - [TEST_STEP][PASSED] - FAQcomponentType = "components[2].componentType": null

11-06-2024T18:02:48 - [TEST_STEP][PASSED] - FAQregionId = "components[2].regionId": null

11-06-2024T18:02:48 - [TEST_STEP][PASSED] - SimilarProducts_componentTypeId = "components[3].componentTypeId": null

11-06-2024T18:02:48 - [TEST_STEP][PASSED] - SimilarProducts_componentType = "components[3].componentType": null

11-06-2024T18:02:48 - [TEST_STEP][PASSED] - Similarproducts_regionId = "components[3].regionId": null

11-06-2024T18:02:48 - [TEST_STEP][PASSED] - SimilarProducts_carouselHeading = "components[6].carouselHeading": null

11-06-2024T18:02:48 - [TEST_STEP][PASSED] - SimilarProducts_heading = "components[6].heading": null

11-06-2024T18:02:48 - [TEST_STEP][PASSED] - SimilarProducts_online = "components[6].carouselData[0].online": null

11-06-2024T18:02:48 - [TEST_STEP][PASSED] - SimilarProducts_link = "components[6].carouselData[0].link": null

11-06-2024T18:02:48 - [TEST_STEP][PASSED] - SimilarProducts_productId = "components[6].carouselData[0].productId": null

11-06-2024T18:02:48 - [TEST_STEP][PASSED] - SimilarProducts_productName = "components[6].carouselData[0].productName": null

11-06-2024T18:02:48 - [TEST_STEP][PASSED] - SimilarProducts_productType = "components[6].carouselData[0].productType": null

11-06-2024T18:02:48 - [TEST_STEP][PASSED] - SimilarProducts_basePrice_value = "components[6].carouselData[0].basePrice.value": null

11-06-2024T18:02:48 - [TEST_STEP][PASSED] - SimilarProducts_basePrice_currency = "components[6].carouselData[0].basePrice.currency": null

11-06-2024T18:02:48 - [TEST_STEP][PASSED] - SimilarProducts_basePrice_formatted = "components[6].carouselData[0].basePrice.formatted": null

11-06-2024T18:02:48 - [TEST_STEP][PASSED] - SimilarProducts_basePrice_decimalPrice = "components[6].carouselData[0].basePrice.decimalPrice": null

11-06-2024T18:02:48 - [TEST_STEP][PASSED] - SimilarProducts_salePrice_value = "components[6].carouselData[0].salePrice.value": null

11-06-2024T18:02:48 - [TEST_STEP][PASSED] - SimilarProducts_salePrice_formatted = "components[6].carouselData[0].salePrice.formatted": null

11-06-2024T18:02:48 - [TEST_STEP][PASSED] - SimilarProducts_salePrice_decimalPrice = "components[6].carouselData[0].salePrice.decimalPrice": null

11-06-2024T18:02:48 - [TEST_STEP][PASSED] - SimilarProducts_image_alt = "components[6].carouselData[0].image[0].alt": null

11-06-2024T18:02:48 - [TEST_STEP][PASSED] - SimilarProducts_image_url = "components[6].carouselData[0].image[0].url": null

11-06-2024T18:02:48 - [TEST_STEP][PASSED] - SimilarProducts_image_title = "components[6].carouselData[0].image[0].title": null

11-06-2024T18:02:48 - [TEST_STEP][PASSED] - SimilarProducts_discount_percentage = "components[6].carouselData[0].discount_percentage": null

11-06-2024T18:02:48 - [TEST_STEP][PASSED] - SimilarProducts_promotionName = "components[6].carouselData[0].promotionName": null

11-06-2024T18:02:48 - [TEST_STEP][PASSED] - SimilarProducts_promoPrice = "components[6].carouselData[0].promoPrice": null

11-06-2024T18:02:48 - [TEST_STEP][PASSED] - SimilarProducts_isVariant = "components[6].carouselData[0].isVariant": null

11-06-2024T18:02:48 - [TEST_STEP][PASSED] - SimilarProducts_colorSwatches = "components[6].carouselData[0].colorSwatches": null

11-06-2024T18:02:48 - [TEST_STEP][PASSED] - SimilarProducts_emi_installment_amount = "components[6].carouselData[0].emi_installment_amount": null

11-06-2024T18:02:48 - [TEST_STEP][PASSED] - SimilarProducts_bestOfferPrice = "components[6].carouselData[0].bestOfferPrice": null

11-06-2024T18:02:48 - [TEST_STEP][PASSED] - CategoryCard_componentTypeId = "components[6].componentAssets[0].componentTypeId": null

11-06-2024T18:02:48 - [TEST_STEP][PASSED] - CategoryCard_promotionName = "components[6].componentAssets[0].promotionName": null

11-06-2024T18:02:48 - [TEST_STEP][PASSED] - CategoryCard_category_name = "components[6].componentAssets[0].category.name": null

11-06-2024T18:02:48 - [TEST_STEP][PASSED] - CategoryCard_category_id = "components[6].componentAssets[0].category.id": null

11-06-2024T18:02:48 - [TEST_STEP][PASSED] - CategoryCard_category_image = "components[6].componentAssets[0].category.image": null

11-06-2024T18:02:48 - [TEST_STEP][PASSED] - CategoryCard_category_linkType = "components[6].componentAssets[0].category.linkType": null

11-06-2024T18:02:48 - [TEST_STEP][PASSED] - CategoryCard_category_isLeaf = "components[6].componentAssets[0].category.isLeaf": null

11-06-2024T18:02:48 - [TEST_STEP][PASSED] - CategoryCard_subCategory_name = "components[6].componentAssets[0].category.subCategory[0].name": null

11-06-2024T18:02:48 - [TEST_STEP][PASSED] - CategoryCard_subCategory_id = "components[6].componentAssets[0].category.subCategory[0].id": null

11-06-2024T18:02:48 - [TEST_STEP][PASSED] - CategoryCard_subCategory_url = "components[6].componentAssets[0].category.subCategory[0].url": null

11-06-2024T18:02:48 - [TEST_STEP][PASSED] - CategoryCard_subCategory_image = "components[6].componentAssets[0].category.subCategory[0].image": null

11-06-2024T18:02:48 - [TEST_STEP][PASSED] - CategoryCard_subCategory_isLeaf = "components[6].componentAssets[0].category.subCategory[0].isLeaf": null

11-06-2024T18:02:48 - [TEST_STEP][PASSED] - CategoryCard_promotionMessage = "components[6].componentAssets[0].promotionMessage": null

11-06-2024T18:02:48 - [TEST_STEP][PASSED] - totalplay.Common.verifyPropertyExist(PDP_Response, pageId): totalplay.Common.verifyPropertyExist is PASSED

11-06-2024T18:02:48 - [MESSAGE][INFO] - Checking response object

11-06-2024T18:02:48 - [MESSAGE][PASSED] - totalplay.Common.verifyPropertyExist is PASSED

11-06-2024T18:02:48 - [TEST_STEP][PASSED] - totalplay.Common.verifyPropertyValueExist(PDP_Response, pageId): totalplay.Common.verifyPropertyValueExist is PASSED

11-06-2024T18:02:48 - [MESSAGE][INFO] - Checking response object

11-06-2024T18:02:48 - [MESSAGE][INFO] - sellerpdp

11-06-2024T18:02:48 - [MESSAGE][PASSED] - totalplay.Common.verifyPropertyValueExist is PASSED

11-06-2024T18:02:48 - [TEST_STEP][PASSED] - totalplay.Common.verifyPropertyExist(PDP_Response, pageTypeId): totalplay.Common.verifyPropertyExist is PASSED

11-06-2024T18:02:48 - [MESSAGE][INFO] - Checking response object

11-06-2024T18:02:48 - [MESSAGE][PASSED] - totalplay.Common.verifyPropertyExist is PASSED

11-06-2024T18:02:48 - [TEST_STEP][PASSED] - totalplay.Common.verifyPropertyValueExist(PDP_Response, pageTypeId): totalplay.Common.verifyPropertyValueExist is PASSED

11-06-2024T18:02:48 - [MESSAGE][INFO] - Checking response object

11-06-2024T18:02:48 - [MESSAGE][INFO] - pdp

11-06-2024T18:02:48 - [MESSAGE][PASSED] - totalplay.Common.verifyPropertyValueExist is PASSED

11-06-2024T18:02:48 - [TEST_STEP][PASSED] - totalplay.Common.verifyPropertyExist(PDP_Response, pageTitle): totalplay.Common.verifyPropertyExist is PASSED

11-06-2024T18:02:48 - [MESSAGE][INFO] - Checking response object

11-06-2024T18:02:48 - [MESSAGE][PASSED] - totalplay.Common.verifyPropertyExist is PASSED

11-06-2024T18:02:48 - [TEST_STEP][PASSED] - totalplay.Common.verifyPropertyValueExist(PDP_Response, pageTitle): totalplay.Common.verifyPropertyValueExist is PASSED

11-06-2024T18:02:48 - [MESSAGE][INFO] - Checking response object

11-06-2024T18:02:48 - [MESSAGE][INFO] - Seller Pdp Page (PDP)

11-06-2024T18:02:48 - [MESSAGE][PASSED] - totalplay.Common.verifyPropertyValueExist is PASSED

11-06-2024T18:02:48 - [TEST_STEP][PASSED] - totalplay.Common.getBooleanValueofObject(PDP_Response, bestOfferPrice): totalplay.Common.getBooleanValueofObject is PASSED

11-06-2024T18:02:48 - [MESSAGE][INFO] - Checking response object

11-06-2024T18:02:48 - [MESSAGE][PASSED] - totalplay.Common.getBooleanValueofObject is PASSED

11-06-2024T18:02:48 - [TEST_STEP][PASSED] - totalplay.Common.getBooleanValueofObject(PDP_Response, available): totalplay.Common.getBooleanValueofObject is PASSED

11-06-2024T18:02:48 - [MESSAGE][INFO] - Checking response object

11-06-2024T18:02:48 - [MESSAGE][PASSED] - totalplay.Common.getBooleanValueofObject is PASSED

11-06-2024T18:02:48 - [TEST_STEP][PASSED] - totalplay.Common.verifyValueInObject(PDP_Response, availability_messages): value is present

11-06-2024T18:02:48 - [MESSAGE][INFO] - Checking response object

11-06-2024T18:02:48 - [MESSAGE][INFO] - [In Stock]

11-06-2024T18:02:48 - [MESSAGE][PASSED] - value is present

11-06-2024T18:02:48 - [TEST_STEP][PASSED] - totalplay.Common.verifyPropertyExist(PDP_Response, availableQuantity): totalplay.Common.verifyPropertyExist is PASSED

11-06-2024T18:02:48 - [MESSAGE][INFO] - Checking response object

11-06-2024T18:02:48 - [MESSAGE][PASSED] - totalplay.Common.verifyPropertyExist is PASSED

11-06-2024T18:02:48 - [TEST_STEP][PASSED] - totalplay.Common.verifyPropertyValueExist(PDP_Response, availableQuantity): totalplay.Common.verifyPropertyValueExist is PASSED

11-06-2024T18:02:48 - [MESSAGE][INFO] - Checking response object

11-06-2024T18:02:48 - [MESSAGE][INFO] - 6

11-06-2024T18:02:48 - [MESSAGE][PASSED] - totalplay.Common.verifyPropertyValueExist is PASSED

11-06-2024T18:02:48 - [TEST_STEP][PASSED] - totalplay.Common.verifyPropertyExist(PDP_Response, uuid): totalplay.Common.verifyPropertyExist is PASSED

11-06-2024T18:02:48 - [MESSAGE][INFO] - Checking response object

11-06-2024T18:02:48 - [MESSAGE][PASSED] - totalplay.Common.verifyPropertyExist is PASSED

11-06-2024T18:02:48 - [TEST_STEP][PASSED] - totalplay.Common.verifyPropertyValueExist(PDP_Response, uuid): totalplay.Common.verifyPropertyValueExist is PASSED

11-06-2024T18:02:48 - [MESSAGE][INFO] - Checking response object

11-06-2024T18:02:48 - [MESSAGE][INFO] - 7d7d23de2194fb91673b91c8f6

11-06-2024T18:02:48 - [MESSAGE][PASSED] - totalplay.Common.verifyPropertyValueExist is PASSED

11-06-2024T18:02:48 - [TEST_STEP][PASSED] - totalplay.Common.verifyPropertyExist(PDP_Response, id): totalplay.Common.verifyPropertyExist is PASSED

11-06-2024T18:02:48 - [MESSAGE][INFO] - Checking response object

11-06-2024T18:02:48 - [MESSAGE][PASSED] - totalplay.Common.verifyPropertyExist is PASSED

11-06-2024T18:02:48 - [TEST_STEP][PASSED] - totalplay.Common.verifyPropertyValueExist(PDP_Response, id): totalplay.Common.verifyPropertyValueExist is PASSED

11-06-2024T18:02:48 - [MESSAGE][INFO] - Checking response object

11-06-2024T18:02:48 - [MESSAGE][INFO] - T779023983

11-06-2024T18:02:48 - [MESSAGE][PASSED] - totalplay.Common.verifyPropertyValueExist is PASSED

11-06-2024T18:02:48 - [TEST_STEP][PASSED] - totalplay.Common.verifyValueInObject(PDP_Response, shopIdName): value is present

11-06-2024T18:02:48 - [MESSAGE][INFO] - Checking response object

11-06-2024T18:02:48 - [MESSAGE][INFO] - [2016|IUSA, 2015|3B Ecatepec|www.na.com.mx]

11-06-2024T18:02:48 - [MESSAGE][PASSED] - value is present

11-06-2024T18:02:48 - [TEST_STEP][PASSED] - totalplay.Common.verifyPropertyExist(PDP_Response, productName): totalplay.Common.verifyPropertyExist is PASSED

11-06-2024T18:02:48 - [MESSAGE][INFO] - Checking response object

11-06-2024T18:02:48 - [MESSAGE][PASSED] - totalplay.Common.verifyPropertyExist is PASSED

11-06-2024T18:02:48 - [TEST_STEP][PASSED] - totalplay.Common.verifyPropertyValueExist(PDP_Response, productName): totalplay.Common.verifyPropertyValueExist is PASSED

11-06-2024T18:02:48 - [MESSAGE][INFO] - Checking response object

11-06-2024T18:02:48 - [MESSAGE][INFO] - Calentador Rápida Recuperación Primo 7 L Gas LP

11-06-2024T18:02:48 - [MESSAGE][PASSED] - totalplay.Common.verifyPropertyValueExist is PASSED

11-06-2024T18:02:48 - [TEST_STEP][PASSED] - totalplay.Common.verifyPropertyExist(PDP_Response, productType): totalplay.Common.verifyPropertyExist is PASSED

11-06-2024T18:02:48 - [MESSAGE][INFO] - Checking response object

11-06-2024T18:02:48 - [MESSAGE][PASSED] - totalplay.Common.verifyPropertyExist is PASSED

11-06-2024T18:02:48 - [TEST_STEP][PASSED] - totalplay.Common.verifyPropertyValueExist(PDP_Response, productType): totalplay.Common.verifyPropertyValueExist is PASSED

11-06-2024T18:02:48 - [MESSAGE][INFO] - Checking response object

11-06-2024T18:02:48 - [MESSAGE][INFO] - standard

11-06-2024T18:02:48 - [MESSAGE][PASSED] - totalplay.Common.verifyPropertyValueExist is PASSED

11-06-2024T18:02:48 - [TEST_STEP][PASSED] - totalplay.Common.verifyPropertyExist(PDP_Response, brand): totalplay.Common.verifyPropertyExist is PASSED

11-06-2024T18:02:48 - [MESSAGE][INFO] - Checking response object

11-06-2024T18:02:48 - [MESSAGE][PASSED] - totalplay.Common.verifyPropertyExist is PASSED

11-06-2024T18:02:48 - [TEST_STEP][PASSED] - totalplay.Common.verifyPropertyValueExist(PDP_Response, brand): totalplay.Common.verifyPropertyValueExist is PASSED

11-06-2024T18:02:48 - [MESSAGE][INFO] - Checking response object

11-06-2024T18:02:48 - [MESSAGE][INFO] - Primo

11-06-2024T18:02:48 - [MESSAGE][PASSED] - totalplay.Common.verifyPropertyValueExist is PASSED

11-06-2024T18:02:48 - [TEST_STEP][PASSED] - totalplay.Common.getBooleanValueofObject(PDP_Response, sales_value): totalplay.Common.getBooleanValueofObject is PASSED

11-06-2024T18:02:48 - [MESSAGE][INFO] - Checking response object

11-06-2024T18:02:48 - [MESSAGE][PASSED] - totalplay.Common.getBooleanValueofObject is PASSED

11-06-2024T18:02:48 - [TEST_STEP][PASSED] - totalplay.Common.verifyPropertyExist(PDP_Response, sales_currency): totalplay.Common.verifyPropertyExist is PASSED

11-06-2024T18:02:48 - [MESSAGE][INFO] - Checking response object

11-06-2024T18:02:48 - [MESSAGE][PASSED] - totalplay.Common.verifyPropertyExist is PASSED

11-06-2024T18:02:48 - [TEST_STEP][PASSED] - totalplay.Common.verifyPropertyValueExist(PDP_Response, sales_currency): totalplay.Common.verifyPropertyValueExist is PASSED

11-06-2024T18:02:48 - [MESSAGE][INFO] - Checking response object

11-06-2024T18:02:48 - [MESSAGE][INFO] - MXN

11-06-2024T18:02:48 - [MESSAGE][PASSED] - totalplay.Common.verifyPropertyValueExist is PASSED

11-06-2024T18:02:48 - [TEST_STEP][PASSED] - totalplay.Common.verifyPropertyExist(PDP_Response, sales_formatted): totalplay.Common.verifyPropertyExist is PASSED

11-06-2024T18:02:48 - [MESSAGE][INFO] - Checking response object

11-06-2024T18:02:48 - [MESSAGE][PASSED] - totalplay.Common.verifyPropertyExist is PASSED

11-06-2024T18:02:48 - [TEST_STEP][PASSED] - totalplay.Common.verifyPropertyValueExist(PDP_Response, sales_formatted): totalplay.Common.verifyPropertyValueExist is PASSED

11-06-2024T18:02:48 - [MESSAGE][INFO] - Checking response object

11-06-2024T18:02:48 - [MESSAGE][INFO] - $0.00

11-06-2024T18:02:48 - [MESSAGE][PASSED] - totalplay.Common.verifyPropertyValueExist is PASSED

11-06-2024T18:02:48 - [TEST_STEP][PASSED] - totalplay.Common.verifyPropertyExist(PDP_Response, sales_decimalPrice): totalplay.Common.verifyPropertyExist is PASSED

11-06-2024T18:02:48 - [MESSAGE][INFO] - Checking response object

11-06-2024T18:02:48 - [MESSAGE][PASSED] - totalplay.Common.verifyPropertyExist is PASSED

11-06-2024T18:02:48 - [TEST_STEP][PASSED] - totalplay.Common.verifyPropertyValueExist(PDP_Response, sales_decimalPrice): totalplay.Common.verifyPropertyValueExist is PASSED

11-06-2024T18:02:48 - [MESSAGE][INFO] - Checking response object

11-06-2024T18:02:48 - [MESSAGE][INFO] - 0.00

11-06-2024T18:02:48 - [MESSAGE][PASSED] - totalplay.Common.verifyPropertyValueExist is PASSED

11-06-2024T18:02:48 - [TEST_STEP][PASSED] - totalplay.Common.getNumValueofObject(PDP_Response, list_value): totalplay.Common.getNumValueofObject is PASSED

11-06-2024T18:02:48 - [MESSAGE][INFO] - Checking response object

11-06-2024T18:02:48 - [MESSAGE][PASSED] - totalplay.Common.getNumValueofObject is PASSED

11-06-2024T18:02:48 - [TEST_STEP][PASSED] - totalplay.Common.verifyPropertyExist(PDP_Response, list_currency): totalplay.Common.verifyPropertyExist is PASSED

11-06-2024T18:02:48 - [MESSAGE][INFO] - Checking response object

11-06-2024T18:02:48 - [MESSAGE][PASSED] - totalplay.Common.verifyPropertyExist is PASSED

11-06-2024T18:02:48 - [TEST_STEP][PASSED] - totalplay.Common.verifyPropertyValueExist(PDP_Response, list_currency): totalplay.Common.verifyPropertyValueExist is PASSED

11-06-2024T18:02:48 - [MESSAGE][INFO] - Checking response object

11-06-2024T18:02:48 - [MESSAGE][INFO] - MXN

11-06-2024T18:02:48 - [MESSAGE][PASSED] - totalplay.Common.verifyPropertyValueExist is PASSED

11-06-2024T18:02:48 - [TEST_STEP][PASSED] - totalplay.Common.verifyPropertyExist(PDP_Response, list_formatted): totalplay.Common.verifyPropertyExist is PASSED

11-06-2024T18:02:48 - [MESSAGE][INFO] - Checking response object

11-06-2024T18:02:48 - [MESSAGE][PASSED] - totalplay.Common.verifyPropertyExist is PASSED

11-06-2024T18:02:48 - [TEST_STEP][PASSED] - totalplay.Common.verifyPropertyValueExist(PDP_Response, list_formatted): totalplay.Common.verifyPropertyValueExist is PASSED

11-06-2024T18:02:48 - [MESSAGE][INFO] - Checking response object

11-06-2024T18:02:49 - [MESSAGE][INFO] - $4,769.00

11-06-2024T18:02:49 - [MESSAGE][PASSED] - totalplay.Common.verifyPropertyValueExist is PASSED

11-06-2024T18:02:49 - [TEST_STEP][PASSED] - totalplay.Common.verifyPropertyExist(PDP_Response, list_decimalPrice): totalplay.Common.verifyPropertyExist is PASSED

11-06-2024T18:02:49 - [MESSAGE][INFO] - Checking response object

11-06-2024T18:02:49 - [MESSAGE][PASSED] - totalplay.Common.verifyPropertyExist is PASSED

11-06-2024T18:02:49 - [TEST_STEP][PASSED] - totalplay.Common.verifyPropertyValueExist(PDP_Response, list_decimalPrice): totalplay.Common.verifyPropertyValueExist is PASSED

11-06-2024T18:02:49 - [MESSAGE][INFO] - Checking response object

11-06-2024T18:02:49 - [MESSAGE][INFO] - 4769.00

11-06-2024T18:02:49 - [MESSAGE][PASSED] - totalplay.Common.verifyPropertyValueExist is PASSED

11-06-2024T18:02:49 - [TEST_STEP][PASSED] - totalplay.Common.verifyPropertyExist(PDP_Response, images_alt): totalplay.Common.verifyPropertyExist is PASSED

11-06-2024T18:02:49 - [MESSAGE][INFO] - Checking response object

11-06-2024T18:02:49 - [MESSAGE][PASSED] - totalplay.Common.verifyPropertyExist is PASSED

11-06-2024T18:02:49 - [TEST_STEP][PASSED] - totalplay.Common.verifyPropertyValueExist(PDP_Response, images_alt): totalplay.Common.verifyPropertyValueExist is PASSED

11-06-2024T18:02:49 - [MESSAGE][INFO] - Checking response object

11-06-2024T18:02:49 - [MESSAGE][INFO] - Calentador Rápida Recuperación Primo 7 L Gas LP

11-06-2024T18:02:49 - [MESSAGE][PASSED] - totalplay.Common.verifyPropertyValueExist is PASSED

11-06-2024T18:02:49 - [TEST_STEP][PASSED] - totalplay.Common.verifyPropertyExist(PDP_Response, images_url): totalplay.Common.verifyPropertyExist is PASSED

11-06-2024T18:02:49 - [MESSAGE][INFO] - Checking response object

11-06-2024T18:02:49 - [MESSAGE][PASSED] - totalplay.Common.verifyPropertyExist is PASSED

11-06-2024T18:02:49 - [TEST_STEP][PASSED] - totalplay.Common.verifyPropertyValueExist(PDP_Response, images_url): totalplay.Common.verifyPropertyValueExist is PASSED

11-06-2024T18:02:49 - [MESSAGE][INFO] - Checking response object

11-06-2024T18:02:49 - [MESSAGE][INFO] - https://salesforceqa.sistemastp.com.mx/dw/image/v2/BJCL_DEV/on/demandware.static/-/Sites-Standard/default/dwfe846736/images/large/f150ae000d684f19a2e15d2661e88a1a.jpg?sw=500&sh=500

11-06-2024T18:02:49 - [MESSAGE][PASSED] - totalplay.Common.verifyPropertyValueExist is PASSED

11-06-2024T18:02:49 - [TEST_STEP][PASSED] - totalplay.Common.verifyPropertyExist(PDP_Response, images_title): totalplay.Common.verifyPropertyExist is PASSED

11-06-2024T18:02:49 - [MESSAGE][INFO] - Checking response object

11-06-2024T18:02:49 - [MESSAGE][PASSED] - totalplay.Common.verifyPropertyExist is PASSED

11-06-2024T18:02:49 - [TEST_STEP][PASSED] - totalplay.Common.verifyPropertyValueExist(PDP_Response, images_title): totalplay.Common.verifyPropertyValueExist is PASSED

11-06-2024T18:02:49 - [MESSAGE][INFO] - Checking response object

11-06-2024T18:02:49 - [MESSAGE][INFO] - Calentador Rápida Recuperación Primo 7 L Gas LP

11-06-2024T18:02:49 - [MESSAGE][PASSED] - totalplay.Common.verifyPropertyValueExist is PASSED

11-06-2024T18:02:49 - [TEST_STEP][PASSED] - totalplay.Common.getNumValueofObject(PDP_Response, selectedQuantity): totalplay.Common.getNumValueofObject is PASSED

11-06-2024T18:02:49 - [MESSAGE][INFO] - Checking response object

11-06-2024T18:02:49 - [MESSAGE][PASSED] - totalplay.Common.getNumValueofObject is PASSED

11-06-2024T18:02:49 - [TEST_STEP][PASSED] - totalplay.Common.getNumValueofObject(PDP_Response, minOrderQuantity): totalplay.Common.getNumValueofObject is PASSED

11-06-2024T18:02:49 - [MESSAGE][INFO] - Checking response object

11-06-2024T18:02:49 - [MESSAGE][PASSED] - totalplay.Common.getNumValueofObject is PASSED

11-06-2024T18:02:49 - [TEST_STEP][PASSED] - totalplay.Common.getNumValueofObject(PDP_Response, maxOrderQuantity): totalplay.Common.getNumValueofObject is PASSED

11-06-2024T18:02:49 - [MESSAGE][INFO] - Checking response object

11-06-2024T18:02:49 - [MESSAGE][PASSED] - totalplay.Common.getNumValueofObject is PASSED

11-06-2024T18:02:49 - [TEST_STEP][PASSED] - totalplay.Common.verifyPropertyEmpty(PDP_Response, variationAttributes): totalplay.Common.verifyPropertyEmpty is PASSED

11-06-2024T18:02:49 - [MESSAGE][PASSED] - totalplay.Common.verifyPropertyEmpty is PASSED

11-06-2024T18:02:49 - [TEST_STEP][PASSED] - totalplay.Common.getDecimalValueofObject(PDP_Response, rating): totalplay.Common.getDecimalValueofObject is PASSED

11-06-2024T18:02:49 - [MESSAGE][INFO] - Checking response object

11-06-2024T18:02:49 - [MESSAGE][PASSED] - totalplay.Common.getDecimalValueofObject is PASSED

11-06-2024T18:02:49 - [TEST_STEP][PASSED] - totalplay.Common.verifyPropertyExist(PDP_Response, storefrontAttributes_ID): totalplay.Common.verifyPropertyExist is PASSED

11-06-2024T18:02:49 - [MESSAGE][INFO] - Checking response object

11-06-2024T18:02:49 - [MESSAGE][PASSED] - totalplay.Common.verifyPropertyExist is PASSED

11-06-2024T18:02:49 - [TEST_STEP][PASSED] - totalplay.Common.verifyPropertyValueExist(PDP_Response, storefrontAttributes_ID): totalplay.Common.verifyPropertyValueExist is PASSED

11-06-2024T18:02:49 - [MESSAGE][INFO] - Checking response object

11-06-2024T18:02:49 - [MESSAGE][INFO] - storefrontAttributes

11-06-2024T18:02:49 - [MESSAGE][PASSED] - totalplay.Common.verifyPropertyValueExist is PASSED

11-06-2024T18:02:49 - [TEST_STEP][PASSED] - totalplay.Common.verifyPropertyExist(PDP_Response, storefrontAttributes_name): totalplay.Common.verifyPropertyExist is PASSED

11-06-2024T18:02:49 - [MESSAGE][INFO] - Checking response object

11-06-2024T18:02:49 - [MESSAGE][PASSED] - totalplay.Common.verifyPropertyExist is PASSED

11-06-2024T18:02:49 - [TEST_STEP][PASSED] - totalplay.Common.verifyPropertyValueExist(PDP_Response, storefrontAttributes_name): totalplay.Common.verifyPropertyValueExist is PASSED

11-06-2024T18:02:49 - [MESSAGE][INFO] - Checking response object

11-06-2024T18:02:49 - [MESSAGE][INFO] - Storefront Attributes

11-06-2024T18:02:49 - [MESSAGE][PASSED] - totalplay.Common.verifyPropertyValueExist is PASSED

11-06-2024T18:02:49 - [TEST_STEP][PASSED] - totalplay.Common.verifyPropertyExist(PDP_Response, anchodel_label): totalplay.Common.verifyPropertyExist is PASSED

11-06-2024T18:02:49 - [MESSAGE][INFO] - Checking response object

11-06-2024T18:02:49 - [MESSAGE][PASSED] - totalplay.Common.verifyPropertyExist is PASSED

11-06-2024T18:02:49 - [TEST_STEP][PASSED] - totalplay.Common.verifyPropertyValueExist(PDP_Response, anchodel_label): totalplay.Common.verifyPropertyValueExist is PASSED

11-06-2024T18:02:49 - [MESSAGE][INFO] - Checking response object

11-06-2024T18:02:49 - [MESSAGE][INFO] - Ancho del Empaque

11-06-2024T18:02:49 - [MESSAGE][PASSED] - totalplay.Common.verifyPropertyValueExist is PASSED

11-06-2024T18:02:49 - [TEST_STEP][PASSED] - totalplay.Common.verifyPropertyExist(PDP_Response, anchodel_value): totalplay.Common.verifyPropertyExist is PASSED

11-06-2024T18:02:49 - [MESSAGE][INFO] - Checking response object

11-06-2024T18:02:49 - [MESSAGE][PASSED] - totalplay.Common.verifyPropertyExist is PASSED

11-06-2024T18:02:49 - [TEST_STEP][PASSED] - totalplay.Common.verifyPropertyExist(PDP_Response, alturadel_label): totalplay.Common.verifyPropertyExist is PASSED

11-06-2024T18:02:49 - [MESSAGE][INFO] - Checking response object

11-06-2024T18:02:49 - [MESSAGE][PASSED] - totalplay.Common.verifyPropertyExist is PASSED

11-06-2024T18:02:49 - [TEST_STEP][PASSED] - totalplay.Common.verifyPropertyValueExist(PDP_Response, alturadel_label): totalplay.Common.verifyPropertyValueExist is PASSED

11-06-2024T18:02:49 - [MESSAGE][INFO] - Checking response object

11-06-2024T18:02:49 - [MESSAGE][INFO] - Altura del Empaque

11-06-2024T18:02:49 - [MESSAGE][PASSED] - totalplay.Common.verifyPropertyValueExist is PASSED

11-06-2024T18:02:49 - [TEST_STEP][PASSED] - totalplay.Common.verifyValueInObject(PDP_Response, alturadel_value): value is present

11-06-2024T18:02:49 - [MESSAGE][INFO] - Checking response object

11-06-2024T18:02:49 - [MESSAGE][INFO] - [94 cm]

11-06-2024T18:02:49 - [MESSAGE][PASSED] - value is present

11-06-2024T18:02:49 - [TEST_STEP][PASSED] - totalplay.Common.verifyPropertyExist(PDP_Response, pesodel_label): totalplay.Common.verifyPropertyExist is PASSED

11-06-2024T18:02:49 - [MESSAGE][INFO] - Checking response object

11-06-2024T18:02:49 - [MESSAGE][PASSED] - totalplay.Common.verifyPropertyExist is PASSED

11-06-2024T18:02:49 - [TEST_STEP][PASSED] - totalplay.Common.verifyPropertyValueExist(PDP_Response, pesodel_label): totalplay.Common.verifyPropertyValueExist is PASSED

11-06-2024T18:02:49 - [MESSAGE][INFO] - Checking response object

11-06-2024T18:02:49 - [MESSAGE][INFO] - Peso del Empaque

11-06-2024T18:02:49 - [MESSAGE][PASSED] - totalplay.Common.verifyPropertyValueExist is PASSED

11-06-2024T18:02:49 - [TEST_STEP][PASSED] - totalplay.Common.verifyValueInObject(PDP_Response, pesodel_value): value is present

11-06-2024T18:02:49 - [MESSAGE][INFO] - Checking response object

11-06-2024T18:02:49 - [MESSAGE][INFO] - [30 kg]

11-06-2024T18:02:49 - [MESSAGE][PASSED] - value is present

11-06-2024T18:02:49 - [TEST_STEP][PASSED] - totalplay.Common.verifyPropertyExist(PDP_Response, OperatorAttributes_ID): totalplay.Common.verifyPropertyExist is PASSED

11-06-2024T18:02:49 - [MESSAGE][INFO] - Checking response object

11-06-2024T18:02:49 - [MESSAGE][PASSED] - totalplay.Common.verifyPropertyExist is PASSED

11-06-2024T18:02:49 - [TEST_STEP][PASSED] - totalplay.Common.verifyPropertyValueExist(PDP_Response, OperatorAttributes_ID): totalplay.Common.verifyPropertyValueExist is PASSED

11-06-2024T18:02:49 - [MESSAGE][INFO] - Checking response object

11-06-2024T18:02:49 - [MESSAGE][INFO] - MiraklOperatorAttributes

11-06-2024T18:02:49 - [MESSAGE][PASSED] - totalplay.Common.verifyPropertyValueExist is PASSED

11-06-2024T18:02:49 - [TEST_STEP][PASSED] - totalplay.Common.verifyPropertyExist(PDP_Response, OperatorAttributes_name): totalplay.Common.verifyPropertyExist is PASSED

11-06-2024T18:02:49 - [MESSAGE][INFO] - Checking response object

11-06-2024T18:02:49 - [MESSAGE][PASSED] - totalplay.Common.verifyPropertyExist is PASSED

11-06-2024T18:02:49 - [TEST_STEP][PASSED] - totalplay.Common.verifyPropertyValueExist(PDP_Response, OperatorAttributes_name): totalplay.Common.verifyPropertyValueExist is PASSED

11-06-2024T18:02:49 - [MESSAGE][INFO] - Checking response object

11-06-2024T18:02:49 - [MESSAGE][INFO] - Mirakl attributes

11-06-2024T18:02:49 - [MESSAGE][PASSED] - totalplay.Common.verifyPropertyValueExist is PASSED

11-06-2024T18:02:49 - [TEST_STEP][PASSED] - totalplay.Common.verifyPropertyExist(PDP_Response, Descripciónlarga_label): totalplay.Common.verifyPropertyExist is PASSED

11-06-2024T18:02:49 - [MESSAGE][INFO] - Checking response object

11-06-2024T18:02:49 - [MESSAGE][PASSED] - totalplay.Common.verifyPropertyExist is PASSED

11-06-2024T18:02:49 - [TEST_STEP][PASSED] - totalplay.Common.verifyPropertyValueExist(PDP_Response, Descripciónlarga_label): totalplay.Common.verifyPropertyValueExist is PASSED

11-06-2024T18:02:49 - [MESSAGE][INFO] - Checking response object

11-06-2024T18:02:49 - [MESSAGE][INFO] - Descripción larga del producto

11-06-2024T18:02:49 - [MESSAGE][PASSED] - totalplay.Common.verifyPropertyValueExist is PASSED

11-06-2024T18:02:49 - [TEST_STEP][PASSED] - totalplay.Common.verifyValueInObject(PDP_Response, Descripciónlarga_value): value is present

11-06-2024T18:02:49 - [MESSAGE][INFO] - Checking response object

11-06-2024T18:02:49 - [MESSAGE][INFO] - [Disfruta duchas continuas y sin limitaciones de agua caliente con este boiler. Te ofrecemos un año y medio de garantía en este producto.]

11-06-2024T18:02:49 - [MESSAGE][PASSED] - value is present

11-06-2024T18:02:49 - [TEST_STEP][PASSED] - totalplay.Common.verifyPropertyExist(PDP_Response, isPopular_label): totalplay.Common.verifyPropertyExist is PASSED

11-06-2024T18:02:49 - [MESSAGE][INFO] - Checking response object

11-06-2024T18:02:49 - [MESSAGE][PASSED] - totalplay.Common.verifyPropertyExist is PASSED

11-06-2024T18:02:49 - [TEST_STEP][PASSED] - totalplay.Common.verifyPropertyValueExist(PDP_Response, isPopular_label): totalplay.Common.verifyPropertyValueExist is PASSED

11-06-2024T18:02:49 - [MESSAGE][INFO] - Checking response object

11-06-2024T18:02:50 - [MESSAGE][INFO] - isPopular

11-06-2024T18:02:50 - [MESSAGE][PASSED] - totalplay.Common.verifyPropertyValueExist is PASSED

11-06-2024T18:02:50 - [TEST_STEP][PASSED] - totalplay.Common.verifyValueInObject(PDP_Response, isPopular_value): value is present

11-06-2024T18:02:50 - [MESSAGE][INFO] - Checking response object

11-06-2024T18:02:50 - [MESSAGE][INFO] - [true]

11-06-2024T18:02:50 - [MESSAGE][PASSED] - value is present

11-06-2024T18:02:50 - [TEST_STEP][PASSED] - totalplay.Common.verifyPropertyExist(PDP_Response, TipodeProducto_label): totalplay.Common.verifyPropertyExist is PASSED

11-06-2024T18:02:50 - [MESSAGE][INFO] - Checking response object

11-06-2024T18:02:50 - [MESSAGE][PASSED] - totalplay.Common.verifyPropertyExist is PASSED

11-06-2024T18:02:50 - [TEST_STEP][PASSED] - totalplay.Common.verifyPropertyValueExist(PDP_Response, TipodeProducto_label): totalplay.Common.verifyPropertyValueExist is PASSED

11-06-2024T18:02:50 - [MESSAGE][INFO] - Checking response object

11-06-2024T18:02:50 - [MESSAGE][INFO] - Tipo de Producto

11-06-2024T18:02:50 - [MESSAGE][PASSED] - totalplay.Common.verifyPropertyValueExist is PASSED

11-06-2024T18:02:50 - [TEST_STEP][PASSED] - totalplay.Common.verifyValueInObject(PDP_Response, TipodeProducto_value): value is present

11-06-2024T18:02:50 - [MESSAGE][INFO] - Checking response object

11-06-2024T18:02:50 - [MESSAGE][INFO] - [regular]

11-06-2024T18:02:50 - [MESSAGE][PASSED] - value is present

11-06-2024T18:02:50 - [TEST_STEP][PASSED] - totalplay.Common.verifyPropertyExist(PDP_Response, especificaciones_label): totalplay.Common.verifyPropertyExist is PASSED

11-06-2024T18:02:50 - [MESSAGE][INFO] - Checking response object

11-06-2024T18:02:50 - [MESSAGE][PASSED] - totalplay.Common.verifyPropertyExist is PASSED

11-06-2024T18:02:50 - [TEST_STEP][PASSED] - totalplay.Common.verifyPropertyValueExist(PDP_Response, especificaciones_label): totalplay.Common.verifyPropertyValueExist is PASSED

11-06-2024T18:02:50 - [MESSAGE][INFO] - Checking response object

11-06-2024T18:02:50 - [MESSAGE][INFO] - especificaciones

11-06-2024T18:02:50 - [MESSAGE][PASSED] - totalplay.Common.verifyPropertyValueExist is PASSED

11-06-2024T18:02:50 - [TEST_STEP][PASSED] - getElementPropertyValue(PDP_Response, SimilarProducts_image_url): Checking response object

11-06-2024T18:02:50 - [MESSAGE][INFO] - Checking response object

11-06-2024T18:02:50 - [TEST_STEP][PASSED] - totalplay.Common.verifyValueInObject(PDP_Response, especificaciones_value): value is present

11-06-2024T18:02:50 - [MESSAGE][INFO] - Checking response object

11-06-2024T18:02:50 - [MESSAGE][INFO] - [{"Nombre":"Calentador rápido recuperación","Tipo de gas":"LP","Beneficio":"Acabado porcelanizado","Capacidad de calentamiento":"7 L/min n","Certificación":"NOM"}]

11-06-2024T18:02:50 - [MESSAGE][PASSED] - value is present

11-06-2024T18:02:50 - [TEST_STEP][FAILED] - totalplay.Common.verifyPropertyExist(PDP_Response, Marca_label): Unable to get element count (Root cause: java.lang.NullPointerException: Cannot get property 'label' on null object
	at Script1.run(Script1.groovy:1)
	at com.kms.katalon.core.webservice.helper.WebServiceCommonHelper.parseAndExecuteExpressionForJson(WebServiceCommonHelper.java:212)
	at com.kms.katalon.core.webservice.keyword.builtin.GetElementsCountKeyword$_getElementsCount_closure1.doCall(GetElementsCountKeyword.groovy:41)
	at com.kms.katalon.core.webservice.keyword.builtin.GetElementsCountKeyword$_getElementsCount_closure1.call(GetElementsCountKeyword.groovy)
	at com.kms.katalon.core.keyword.internal.KeywordMain.runKeyword(KeywordMain.groovy:75)
	at com.kms.katalon.core.webservice.keyword.builtin.GetElementsCountKeyword.getElementsCount(GetElementsCountKeyword.groovy:37)
	at com.kms.katalon.core.webservice.keyword.builtin.GetElementsCountKeyword.execute(GetElementsCountKeyword.groovy:32)
	at com.kms.katalon.core.keyword.internal.KeywordExecutor.executeKeywordForPlatform(KeywordExecutor.groovy:74)
	at com.kms.katalon.core.webservice.keyword.WSBuiltInKeywords.getElementsCount(WSBuiltInKeywords.groovy:99)
	at totalplay.Common.verifyPropertyExist(Common.groovy:39)
	at jdk.internal.reflect.GeneratedMethodAccessor7.invoke(Unknown Source)
	at java.base/jdk.internal.reflect.DelegatingMethodAccessorImpl.invoke(DelegatingMethodAccessorImpl.java:43)
	at com.kms.katalon.core.main.CustomKeywordDelegatingMetaClass.invokeStaticMethod(CustomKeywordDelegatingMetaClass.java:55)
	at TC_9_PDP.run(TC_9_PDP:319)
	at com.kms.katalon.core.main.ScriptEngine.run(ScriptEngine.java:194)
	at com.kms.katalon.core.main.ScriptEngine.runScriptAsRawText(ScriptEngine.java:119)
	at com.kms.katalon.core.main.TestCaseExecutor.runScript(TestCaseExecutor.java:448)
	at com.kms.katalon.core.main.TestCaseExecutor.doExecute(TestCaseExecutor.java:439)
	at com.kms.katalon.core.main.TestCaseExecutor.processExecutionPhase(TestCaseExecutor.java:418)
	at com.kms.katalon.core.main.TestCaseExecutor.accessMainPhase(TestCaseExecutor.java:410)
	at com.kms.katalon.core.main.TestCaseExecutor.execute(TestCaseExecutor.java:285)
	at com.kms.katalon.core.common.CommonExecutor.accessTestCaseMainPhase(CommonExecutor.java:65)
	at com.kms.katalon.core.main.TestSuiteExecutor.accessTestSuiteMainPhase(TestSuiteExecutor.java:150)
	at com.kms.katalon.core.main.TestSuiteExecutor.execute(TestSuiteExecutor.java:106)
	at com.kms.katalon.core.main.TestCaseMain.startTestSuite(TestCaseMain.java:180)
	at TempTestSuite1718109097791.run(TempTestSuite1718109097791.groovy:35)
	at java.base/jdk.internal.reflect.NativeMethodAccessorImpl.invoke0(Native Method)
	at java.base/jdk.internal.reflect.NativeMethodAccessorImpl.invoke(NativeMethodAccessorImpl.java:77)
	at java.base/jdk.internal.reflect.DelegatingMethodAccessorImpl.invoke(DelegatingMethodAccessorImpl.java:43)
)

11-06-2024T18:02:50 - [MESSAGE][INFO] - Checking response object

11-06-2024T18:02:50 - [MESSAGE][FAILED] - Unable to get element count (Root cause: java.lang.NullPointerException: Cannot get property 'label' on null object
	at Script1.run(Script1.groovy:1)
	at com.kms.katalon.core.webservice.helper.WebServiceCommonHelper.parseAndExecuteExpressionForJson(WebServiceCommonHelper.java:212)
	at com.kms.katalon.core.webservice.keyword.builtin.GetElementsCountKeyword$_getElementsCount_closure1.doCall(GetElementsCountKeyword.groovy:41)
	at com.kms.katalon.core.webservice.keyword.builtin.GetElementsCountKeyword$_getElementsCount_closure1.call(GetElementsCountKeyword.groovy)
	at com.kms.katalon.core.keyword.internal.KeywordMain.runKeyword(KeywordMain.groovy:75)
	at com.kms.katalon.core.webservice.keyword.builtin.GetElementsCountKeyword.getElementsCount(GetElementsCountKeyword.groovy:37)
	at com.kms.katalon.core.webservice.keyword.builtin.GetElementsCountKeyword.execute(GetElementsCountKeyword.groovy:32)
	at com.kms.katalon.core.keyword.internal.KeywordExecutor.executeKeywordForPlatform(KeywordExecutor.groovy:74)
	at com.kms.katalon.core.webservice.keyword.WSBuiltInKeywords.getElementsCount(WSBuiltInKeywords.groovy:99)
	at totalplay.Common.verifyPropertyExist(Common.groovy:39)
	at jdk.internal.reflect.GeneratedMethodAccessor7.invoke(Unknown Source)
	at java.base/jdk.internal.reflect.DelegatingMethodAccessorImpl.invoke(DelegatingMethodAccessorImpl.java:43)
	at com.kms.katalon.core.main.CustomKeywordDelegatingMetaClass.invokeStaticMethod(CustomKeywordDelegatingMetaClass.java:55)
	at TC_9_PDP.run(TC_9_PDP:319)
	at com.kms.katalon.core.main.ScriptEngine.run(ScriptEngine.java:194)
	at com.kms.katalon.core.main.ScriptEngine.runScriptAsRawText(ScriptEngine.java:119)
	at com.kms.katalon.core.main.TestCaseExecutor.runScript(TestCaseExecutor.java:448)
	at com.kms.katalon.core.main.TestCaseExecutor.doExecute(TestCaseExecutor.java:439)
	at com.kms.katalon.core.main.TestCaseExecutor.processExecutionPhase(TestCaseExecutor.java:418)
	at com.kms.katalon.core.main.TestCaseExecutor.accessMainPhase(TestCaseExecutor.java:410)
	at com.kms.katalon.core.main.TestCaseExecutor.execute(TestCaseExecutor.java:285)
	at com.kms.katalon.core.common.CommonExecutor.accessTestCaseMainPhase(CommonExecutor.java:65)
	at com.kms.katalon.core.main.TestSuiteExecutor.accessTestSuiteMainPhase(TestSuiteExecutor.java:150)
	at com.kms.katalon.core.main.TestSuiteExecutor.execute(TestSuiteExecutor.java:106)
	at com.kms.katalon.core.main.TestCaseMain.startTestSuite(TestCaseMain.java:180)
	at TempTestSuite1718109097791.run(TempTestSuite1718109097791.groovy:35)
	at java.base/jdk.internal.reflect.NativeMethodAccessorImpl.invoke0(Native Method)
	at java.base/jdk.internal.reflect.NativeMethodAccessorImpl.invoke(NativeMethodAccessorImpl.java:77)
	at java.base/jdk.internal.reflect.DelegatingMethodAccessorImpl.invoke(DelegatingMethodAccessorImpl.java:43)
)

11-06-2024T18:02:50 - [MESSAGE][FAILED] - Unable to get element count (Root cause: java.lang.NullPointerException: Cannot get property 'label' on null object
	at Script1.run(Script1.groovy:1)
	at com.kms.katalon.core.webservice.helper.WebServiceCommonHelper.parseAndExecuteExpressionForJson(WebServiceCommonHelper.java:212)
	at com.kms.katalon.core.webservice.keyword.builtin.GetElementsCountKeyword$_getElementsCount_closure1.doCall(GetElementsCountKeyword.groovy:41)
	at com.kms.katalon.core.webservice.keyword.builtin.GetElementsCountKeyword$_getElementsCount_closure1.call(GetElementsCountKeyword.groovy)
	at com.kms.katalon.core.keyword.internal.KeywordMain.runKeyword(KeywordMain.groovy:75)
	at com.kms.katalon.core.webservice.keyword.builtin.GetElementsCountKeyword.getElementsCount(GetElementsCountKeyword.groovy:37)
	at com.kms.katalon.core.webservice.keyword.builtin.GetElementsCountKeyword.execute(GetElementsCountKeyword.groovy:32)
	at com.kms.katalon.core.keyword.internal.KeywordExecutor.executeKeywordForPlatform(KeywordExecutor.groovy:74)
	at com.kms.katalon.core.webservice.keyword.WSBuiltInKeywords.getElementsCount(WSBuiltInKeywords.groovy:99)
	at totalplay.Common.verifyPropertyExist(Common.groovy:39)
	at jdk.internal.reflect.GeneratedMethodAccessor7.invoke(Unknown Source)
	at java.base/jdk.internal.reflect.DelegatingMethodAccessorImpl.invoke(DelegatingMethodAccessorImpl.java:43)
	at com.kms.katalon.core.main.CustomKeywordDelegatingMetaClass.invokeStaticMethod(CustomKeywordDelegatingMetaClass.java:55)
	at TC_9_PDP.run(TC_9_PDP:319)
	at com.kms.katalon.core.main.ScriptEngine.run(ScriptEngine.java:194)
	at com.kms.katalon.core.main.ScriptEngine.runScriptAsRawText(ScriptEngine.java:119)
	at com.kms.katalon.core.main.TestCaseExecutor.runScript(TestCaseExecutor.java:448)
	at com.kms.katalon.core.main.TestCaseExecutor.doExecute(TestCaseExecutor.java:439)
	at com.kms.katalon.core.main.TestCaseExecutor.processExecutionPhase(TestCaseExecutor.java:418)
	at com.kms.katalon.core.main.TestCaseExecutor.accessMainPhase(TestCaseExecutor.java:410)
	at com.kms.katalon.core.main.TestCaseExecutor.execute(TestCaseExecutor.java:285)
	at com.kms.katalon.core.common.CommonExecutor.accessTestCaseMainPhase(CommonExecutor.java:65)
	at com.kms.katalon.core.main.TestSuiteExecutor.accessTestSuiteMainPhase(TestSuiteExecutor.java:150)
	at com.kms.katalon.core.main.TestSuiteExecutor.execute(TestSuiteExecutor.java:106)
	at com.kms.katalon.core.main.TestCaseMain.startTestSuite(TestCaseMain.java:180)
	at TempTestSuite1718109097791.run(TempTestSuite1718109097791.groovy:35)
	at java.base/jdk.internal.reflect.NativeMethodAccessorImpl.invoke0(Native Method)
	at java.base/jdk.internal.reflect.NativeMethodAccessorImpl.invoke(NativeMethodAccessorImpl.java:77)
	at java.base/jdk.internal.reflect.DelegatingMethodAccessorImpl.invoke(DelegatingMethodAccessorImpl.java:43)
)]]></system-out>
         <system-err><![CDATA[11-06-2024T18:02:37 - [TEST_CASE][FAILED] - Test Cases/TotalPlay-Shop/TC_9_PDP: Test Cases/TotalPlay-Shop/TC_9_PDP FAILED.
Reason:
com.kms.katalon.core.exception.StepFailedException: Unable to get element count (Root cause: java.lang.NullPointerException: Cannot get property 'label' on null object
	at Script1.run(Script1.groovy:1)
	at com.kms.katalon.core.webservice.helper.WebServiceCommonHelper.parseAndExecuteExpressionForJson(WebServiceCommonHelper.java:212)
	at com.kms.katalon.core.webservice.keyword.builtin.GetElementsCountKeyword$_getElementsCount_closure1.doCall(GetElementsCountKeyword.groovy:41)
	at com.kms.katalon.core.webservice.keyword.builtin.GetElementsCountKeyword$_getElementsCount_closure1.call(GetElementsCountKeyword.groovy)
	at com.kms.katalon.core.keyword.internal.KeywordMain.runKeyword(KeywordMain.groovy:75)
	at com.kms.katalon.core.webservice.keyword.builtin.GetElementsCountKeyword.getElementsCount(GetElementsCountKeyword.groovy:37)
	at com.kms.katalon.core.webservice.keyword.builtin.GetElementsCountKeyword.execute(GetElementsCountKeyword.groovy:32)
	at com.kms.katalon.core.keyword.internal.KeywordExecutor.executeKeywordForPlatform(KeywordExecutor.groovy:74)
	at com.kms.katalon.core.webservice.keyword.WSBuiltInKeywords.getElementsCount(WSBuiltInKeywords.groovy:99)
	at totalplay.Common.verifyPropertyExist(Common.groovy:39)
	at jdk.internal.reflect.GeneratedMethodAccessor7.invoke(Unknown Source)
	at java.base/jdk.internal.reflect.DelegatingMethodAccessorImpl.invoke(DelegatingMethodAccessorImpl.java:43)
	at com.kms.katalon.core.main.CustomKeywordDelegatingMetaClass.invokeStaticMethod(CustomKeywordDelegatingMetaClass.java:55)
	at TC_9_PDP.run(TC_9_PDP:319)
	at com.kms.katalon.core.main.ScriptEngine.run(ScriptEngine.java:194)
	at com.kms.katalon.core.main.ScriptEngine.runScriptAsRawText(ScriptEngine.java:119)
	at com.kms.katalon.core.main.TestCaseExecutor.runScript(TestCaseExecutor.java:448)
	at com.kms.katalon.core.main.TestCaseExecutor.doExecute(TestCaseExecutor.java:439)
	at com.kms.katalon.core.main.TestCaseExecutor.processExecutionPhase(TestCaseExecutor.java:418)
	at com.kms.katalon.core.main.TestCaseExecutor.accessMainPhase(TestCaseExecutor.java:410)
	at com.kms.katalon.core.main.TestCaseExecutor.execute(TestCaseExecutor.java:285)
	at com.kms.katalon.core.common.CommonExecutor.accessTestCaseMainPhase(CommonExecutor.java:65)
	at com.kms.katalon.core.main.TestSuiteExecutor.accessTestSuiteMainPhase(TestSuiteExecutor.java:150)
	at com.kms.katalon.core.main.TestSuiteExecutor.execute(TestSuiteExecutor.java:106)
	at com.kms.katalon.core.main.TestCaseMain.startTestSuite(TestCaseMain.java:180)
	at TempTestSuite1718109097791.run(TempTestSuite1718109097791.groovy:35)
	at java.base/jdk.internal.reflect.NativeMethodAccessorImpl.invoke0(Native Method)
	at java.base/jdk.internal.reflect.NativeMethodAccessorImpl.invoke(NativeMethodAccessorImpl.java:77)
	at java.base/jdk.internal.reflect.DelegatingMethodAccessorImpl.invoke(DelegatingMethodAccessorImpl.java:43)
)
	at com.kms.katalon.core.keyword.internal.KeywordMain.stepFailed(KeywordMain.groovy:51)
	at com.kms.katalon.core.keyword.internal.KeywordMain.stepFailed(KeywordMain.groovy)
	at com.kms.katalon.core.keyword.internal.KeywordMain.runKeyword(KeywordMain.groovy:77)
	at com.kms.katalon.core.webservice.keyword.builtin.GetElementsCountKeyword.getElementsCount(GetElementsCountKeyword.groovy:37)
	at com.kms.katalon.core.webservice.keyword.builtin.GetElementsCountKeyword.execute(GetElementsCountKeyword.groovy:32)
	at com.kms.katalon.core.keyword.internal.KeywordExecutor.executeKeywordForPlatform(KeywordExecutor.groovy:74)
	at com.kms.katalon.core.webservice.keyword.WSBuiltInKeywords.getElementsCount(WSBuiltInKeywords.groovy:99)
	at totalplay.Common.verifyPropertyExist(Common.groovy:39)
	at jdk.internal.reflect.GeneratedMethodAccessor7.invoke(Unknown Source)
	at java.base/jdk.internal.reflect.DelegatingMethodAccessorImpl.invoke(DelegatingMethodAccessorImpl.java:43)
	at com.kms.katalon.core.main.CustomKeywordDelegatingMetaClass.invokeStaticMethod(CustomKeywordDelegatingMetaClass.java:55)
	at TC_9_PDP.run(TC_9_PDP:319)
	at com.kms.katalon.core.main.ScriptEngine.run(ScriptEngine.java:194)
	at com.kms.katalon.core.main.ScriptEngine.runScriptAsRawText(ScriptEngine.java:119)
	at com.kms.katalon.core.main.TestCaseExecutor.runScript(TestCaseExecutor.java:448)
	at com.kms.katalon.core.main.TestCaseExecutor.doExecute(TestCaseExecutor.java:439)
	at com.kms.katalon.core.main.TestCaseExecutor.processExecutionPhase(TestCaseExecutor.java:418)
	at com.kms.katalon.core.main.TestCaseExecutor.accessMainPhase(TestCaseExecutor.java:410)
	at com.kms.katalon.core.main.TestCaseExecutor.execute(TestCaseExecutor.java:285)
	at com.kms.katalon.core.common.CommonExecutor.accessTestCaseMainPhase(CommonExecutor.java:65)
	at com.kms.katalon.core.main.TestSuiteExecutor.accessTestSuiteMainPhase(TestSuiteExecutor.java:150)
	at com.kms.katalon.core.main.TestSuiteExecutor.execute(TestSuiteExecutor.java:106)
	at com.kms.katalon.core.main.TestCaseMain.startTestSuite(TestCaseMain.java:180)
	at TempTestSuite1718109097791.run(TempTestSuite1718109097791.groovy:35)
	at java.base/jdk.internal.reflect.NativeMethodAccessorImpl.invoke0(Native Method)
	at java.base/jdk.internal.reflect.NativeMethodAccessorImpl.invoke(NativeMethodAccessorImpl.java:77)
	at java.base/jdk.internal.reflect.DelegatingMethodAccessorImpl.invoke(DelegatingMethodAccessorImpl.java:43)
Caused by: java.lang.NullPointerException: Cannot get property 'label' on null object
	at Script1.run(Script1.groovy:1)
	at com.kms.katalon.core.webservice.helper.WebServiceCommonHelper.parseAndExecuteExpressionForJson(WebServiceCommonHelper.java:212)
	at com.kms.katalon.core.webservice.keyword.builtin.GetElementsCountKeyword$_getElementsCount_closure1.doCall(GetElementsCountKeyword.groovy:41)
	at com.kms.katalon.core.webservice.keyword.builtin.GetElementsCountKeyword$_getElementsCount_closure1.call(GetElementsCountKeyword.groovy)
	at com.kms.katalon.core.keyword.internal.KeywordMain.runKeyword(KeywordMain.groovy:75)
	... 24 more]]></system-err>
      </testcase>
      <testcase name="Test Cases/TotalPlay-Shop/TC_10_GetCustomerAddress" time="4.747" classname="Test Cases/TotalPlay-Shop/TC_10_GetCustomerAddress" status="PASSED">
         <system-out><![CDATA[11-06-2024T18:02:50 - [TEST_CASE][PASSED] - Test Cases/TotalPlay-Shop/TC_10_GetCustomerAddress: Test Cases/TotalPlay-Shop/TC_10_GetCustomerAddress

11-06-2024T18:02:50 - [TEST_STEP][PASSED] - callTestCase(findTestCase("TotalPlay-Shop/TC_1_InterfaceLogin"), [:], STOP_ON_FAILURE): Call Test Case 'Test Cases/TotalPlay-Shop/TC_1_InterfaceLogin' successfully

11-06-2024T18:02:50 - [MESSAGE][INFO] - Checking called Test Case

11-06-2024T18:02:50 - [MESSAGE][INFO] - Starting to call Test Case 'Test Cases/TotalPlay-Shop/TC_1_InterfaceLogin'

11-06-2024T18:02:50 - [TEST_CASE][PASSED] - Test Cases/TotalPlay-Shop/TC_1_InterfaceLogin: Test Cases/TotalPlay-Shop/TC_1_InterfaceLogin

11-06-2024T18:02:50 - [TEST_STEP][PASSED] - LoginResponse = sendRequest(findTestObject("TotalPlay-Shop/Interface Login (SLAS)", ["URL":URL, "SITEID":SITEID])): Send request successfully

11-06-2024T18:02:50 - [MESSAGE][INFO] - Finding Test Object 'Object Repository/TotalPlay-Shop/Interface Login (SLAS)'

11-06-2024T18:02:50 - [MESSAGE][INFO] - Checking request object

11-06-2024T18:02:53 - [MESSAGE][INFO] - HAR: D:\Automation\KogniveraGithub\TotalPlay_Automation\totalplay-API\totalplay-automation\Reports\20240611_180136\Shop-Services\20240611_180137\requests\main\15.har

11-06-2024T18:02:53 - [MESSAGE][PASSED] - Send request successfully

11-06-2024T18:02:53 - [TEST_STEP][PASSED] - assert getResponseStatusCode(LoginResponse) == 200: Checking response object

11-06-2024T18:02:53 - [MESSAGE][INFO] - Checking response object

11-06-2024T18:02:53 - [TEST_STEP][PASSED] - Auth = "ocapiResponse.access_token": null

11-06-2024T18:02:53 - [TEST_STEP][PASSED] - sfccAuthorization = getElementPropertyValue(LoginResponse, Auth): Checking response object

11-06-2024T18:02:53 - [MESSAGE][INFO] - Checking response object

11-06-2024T18:02:53 - [TEST_STEP][PASSED] - logInfo(sfccAuthorization): eyJ2ZXIiOiIxLjAiLCJqa3UiOiJzbGFzL3Byb2QvYmpjbF9kZXYiLCJraWQiOiIzOWM0NGRmMy01OGI5LTQ3YWEtODNhMC05NWMwOTBiZGNkMzciLCJ0eXAiOiJqd3QiLCJjbHYiOiJKMi4zLjQiLCJhbGciOiJFUzI1NiJ9.eyJhdXQiOiJHVUlEIiwic2NwIjoic2ZjYy5zaG9wcGVyLW15YWNjb3VudC5iYXNrZXRzIHNmY2Muc2hvcHBlci1kaXNjb3Zlcnktc2VhcmNoIHNmY2Muc2hvcHBlci1teWFjY291bnQuYWRkcmVzc2VzIHNmY2Muc2hvcHBlci1wcm9kdWN0cyBzZmNjLnNob3BwZXItbXlhY2NvdW50LnJ3IHNmY2Muc2hvcHBlci1teWFjY291bnQucGF5bWVudGluc3RydW1lbnRzIHNmY2Muc2hvcHBlci1jdXN0b21lcnMubG9naW4gc2ZjYy5zaG9wcGVyLXN0b3JlcyBzZmNjLnNob3BwZXItbXlhY2NvdW50Lm9yZGVycyBzZmNjLnNob3BwZXItYmFza2V0cy1vcmRlcnMgc2ZjYy5zaG9wcGVyLWN1c3RvbWVycy5yZWdpc3RlciBzZmNjLnNob3BwZXItbXlhY2NvdW50LmFkZHJlc3Nlcy5ydyBzZmNjLnNob3BwZXItbXlhY2NvdW50LnByb2R1Y3RsaXN0cy5ydyBzZmNjLnNob3BwZXItcHJvZHVjdGxpc3RzIHNmY2Muc2hvcHBlci1wcm9tb3Rpb25zIHNmY2Muc2hvcHBlci1iYXNrZXRzLW9yZGVycy5ydyBzZmNjLnNob3BwZXItZ2lmdC1jZXJ0aWZpY2F0ZXMgc2ZjYy5zaG9wcGVyLW15YWNjb3VudC5wYXltZW50aW5zdHJ1bWVudHMucncgc2ZjYy5zaG9wcGVyLXByb2R1Y3Qtc2VhcmNoIHNmY2Muc2hvcHBlci1teWFjY291bnQucHJvZHVjdGxpc3RzIHNmY2Muc2hvcHBlci1jYXRlZ29yaWVzIHNmY2Muc2hvcHBlci1teWFjY291bnQiLCJzdWIiOiJjYy1zbGFzOjpiamNsX2Rldjo6c2NpZDo1ZDI1ZjVmYS01YTRmLTQ2YjUtYTIxMS04NzU1NDJjODVhYzE6OnVzaWQ6MDYyNjE4MDAtNmQwNy00Mjc0LThjMzUtY2MyZjk1MDM0MzUwIiwiY3R4Ijoic2xhcyIsImlzcyI6InNsYXMvcHJvZC9iamNsX2RldiIsImlzdCI6MSwiZG50IjoiMCIsImF1ZCI6ImNvbW1lcmNlY2xvdWQvcHJvZC9iamNsX2RldiIsIm5iZiI6MTcxODEwOTE0Miwic3R5IjoiVXNlciIsImlzYiI6InVpZG86ZWNvbTo6dXBuOnFhLnRvdGFscGxheSswMTAwOTg3MTA1QGdtYWlsLmNvbTo6dWlkbjpSaWNhcmRvICBDb3JvbmEgQ3J1ejo6Z2NpZDpiY2tid1dsSGMya2JhUmxLb1VsV1lZa0hBWTo6cmNpZDphY25SYldxdWpIQ3BnOW9xNlYyaGt1VGFTVzo6Y2hpZDpUUC1TSE9QIiwiZXhwIjoxNzE4MTEwOTcyLCJpYXQiOjE3MTgxMDkxNzIsImp0aSI6IkMyQy0xMzExNTYzNTcwMTc4NzUxMTg1MDEwMjMwMzIwNTU4MDAwMzEifQ.5nPxGMepKfVVryXZurOjeST0FUDFw-zcdpR5cDpv-tNi1G_vXwm0dfGqgR8u7jNBjI4QGb_t_NIo_FDJqccNEQ

11-06-2024T18:02:53 - [MESSAGE][INFO] - eyJ2ZXIiOiIxLjAiLCJqa3UiOiJzbGFzL3Byb2QvYmpjbF9kZXYiLCJraWQiOiIzOWM0NGRmMy01OGI5LTQ3YWEtODNhMC05NWMwOTBiZGNkMzciLCJ0eXAiOiJqd3QiLCJjbHYiOiJKMi4zLjQiLCJhbGciOiJFUzI1NiJ9.eyJhdXQiOiJHVUlEIiwic2NwIjoic2ZjYy5zaG9wcGVyLW15YWNjb3VudC5iYXNrZXRzIHNmY2Muc2hvcHBlci1kaXNjb3Zlcnktc2VhcmNoIHNmY2Muc2hvcHBlci1teWFjY291bnQuYWRkcmVzc2VzIHNmY2Muc2hvcHBlci1wcm9kdWN0cyBzZmNjLnNob3BwZXItbXlhY2NvdW50LnJ3IHNmY2Muc2hvcHBlci1teWFjY291bnQucGF5bWVudGluc3RydW1lbnRzIHNmY2Muc2hvcHBlci1jdXN0b21lcnMubG9naW4gc2ZjYy5zaG9wcGVyLXN0b3JlcyBzZmNjLnNob3BwZXItbXlhY2NvdW50Lm9yZGVycyBzZmNjLnNob3BwZXItYmFza2V0cy1vcmRlcnMgc2ZjYy5zaG9wcGVyLWN1c3RvbWVycy5yZWdpc3RlciBzZmNjLnNob3BwZXItbXlhY2NvdW50LmFkZHJlc3Nlcy5ydyBzZmNjLnNob3BwZXItbXlhY2NvdW50LnByb2R1Y3RsaXN0cy5ydyBzZmNjLnNob3BwZXItcHJvZHVjdGxpc3RzIHNmY2Muc2hvcHBlci1wcm9tb3Rpb25zIHNmY2Muc2hvcHBlci1iYXNrZXRzLW9yZGVycy5ydyBzZmNjLnNob3BwZXItZ2lmdC1jZXJ0aWZpY2F0ZXMgc2ZjYy5zaG9wcGVyLW15YWNjb3VudC5wYXltZW50aW5zdHJ1bWVudHMucncgc2ZjYy5zaG9wcGVyLXByb2R1Y3Qtc2VhcmNoIHNmY2Muc2hvcHBlci1teWFjY291bnQucHJvZHVjdGxpc3RzIHNmY2Muc2hvcHBlci1jYXRlZ29yaWVzIHNmY2Muc2hvcHBlci1teWFjY291bnQiLCJzdWIiOiJjYy1zbGFzOjpiamNsX2Rldjo6c2NpZDo1ZDI1ZjVmYS01YTRmLTQ2YjUtYTIxMS04NzU1NDJjODVhYzE6OnVzaWQ6MDYyNjE4MDAtNmQwNy00Mjc0LThjMzUtY2MyZjk1MDM0MzUwIiwiY3R4Ijoic2xhcyIsImlzcyI6InNsYXMvcHJvZC9iamNsX2RldiIsImlzdCI6MSwiZG50IjoiMCIsImF1ZCI6ImNvbW1lcmNlY2xvdWQvcHJvZC9iamNsX2RldiIsIm5iZiI6MTcxODEwOTE0Miwic3R5IjoiVXNlciIsImlzYiI6InVpZG86ZWNvbTo6dXBuOnFhLnRvdGFscGxheSswMTAwOTg3MTA1QGdtYWlsLmNvbTo6dWlkbjpSaWNhcmRvICBDb3JvbmEgQ3J1ejo6Z2NpZDpiY2tid1dsSGMya2JhUmxLb1VsV1lZa0hBWTo6cmNpZDphY25SYldxdWpIQ3BnOW9xNlYyaGt1VGFTVzo6Y2hpZDpUUC1TSE9QIiwiZXhwIjoxNzE4MTEwOTcyLCJpYXQiOjE3MTgxMDkxNzIsImp0aSI6IkMyQy0xMzExNTYzNTcwMTc4NzUxMTg1MDEwMjMwMzIwNTU4MDAwMzEifQ.5nPxGMepKfVVryXZurOjeST0FUDFw-zcdpR5cDpv-tNi1G_vXwm0dfGqgR8u7jNBjI4QGb_t_NIo_FDJqccNEQ

11-06-2024T18:02:53 - [TEST_STEP][PASSED] - Authorization = "Bearer " + sfccAuthorization: null

11-06-2024T18:02:53 - [TEST_STEP][PASSED] - logInfo(bm_auth_token): 

11-06-2024T18:02:53 - [MESSAGE][INFO] - 

11-06-2024T18:02:53 - [TEST_STEP][PASSED] - if (sfccAuthorization.length() == 0): null

11-06-2024T18:02:53 - [TEST_STEP][PASSED] - else: authorization generated

11-06-2024T18:02:53 - [TEST_STEP][PASSED] - markPassed("authorization generated"): authorization generated

11-06-2024T18:02:53 - [MESSAGE][PASSED] - authorization generated

11-06-2024T18:02:53 - [TEST_STEP][PASSED] - BasketId_loginResponse = "ocapiResponse.c_basketId": null

11-06-2024T18:02:53 - [TEST_STEP][PASSED] - CustomerId_loginResponse = "ocapiResponse.customer_id": null

11-06-2024T18:02:53 - [TEST_STEP][PASSED] - basketId = getElementPropertyValue(LoginResponse, BasketId_loginResponse): Checking response object

11-06-2024T18:02:53 - [MESSAGE][INFO] - Checking response object

11-06-2024T18:02:53 - [TEST_STEP][PASSED] - customerId = getElementPropertyValue(LoginResponse, CustomerId_loginResponse): Checking response object

11-06-2024T18:02:53 - [MESSAGE][INFO] - Checking response object

11-06-2024T18:02:53 - [TEST_STEP][PASSED] - basketID = basketId: null

11-06-2024T18:02:53 - [TEST_STEP][PASSED] - sla_customerId = customerId: null

11-06-2024T18:02:53 - [TEST_STEP][PASSED] - println(basketID): null

11-06-2024T18:02:53 - [TEST_STEP][PASSED] - println(sla_customerId): null

11-06-2024T18:02:53 - [TEST_STEP][PASSED] - refresh_token = "ocapiResponse.refresh_token": null

11-06-2024T18:02:53 - [TEST_STEP][PASSED] - customer_email = "ocapiResponse.customer_email": null

11-06-2024T18:02:53 - [TEST_STEP][PASSED] - c_brmId = "ocapiResponse.c_brmId": null

11-06-2024T18:02:53 - [TEST_STEP][PASSED] - customer_name = "ocapiResponse.customer_name": null

11-06-2024T18:02:53 - [TEST_STEP][PASSED] - totalplay.Common.verifyPropertyExist(LoginResponse, refresh_token): totalplay.Common.verifyPropertyExist is PASSED

11-06-2024T18:02:53 - [MESSAGE][INFO] - Checking response object

11-06-2024T18:02:53 - [MESSAGE][PASSED] - totalplay.Common.verifyPropertyExist is PASSED

11-06-2024T18:02:53 - [TEST_STEP][PASSED] - totalplay.Common.verifyPropertyValueExist(LoginResponse, refresh_token): totalplay.Common.verifyPropertyValueExist is PASSED

11-06-2024T18:02:53 - [MESSAGE][INFO] - Checking response object

11-06-2024T18:02:53 - [MESSAGE][INFO] - wYtN4gbKjoyvs3YHLiLPVLR0DYaJMuw_4pmMwtkdhtQ

11-06-2024T18:02:53 - [MESSAGE][PASSED] - totalplay.Common.verifyPropertyValueExist is PASSED

11-06-2024T18:02:53 - [TEST_STEP][PASSED] - totalplay.Common.verifyPropertyExist(LoginResponse, customer_email): totalplay.Common.verifyPropertyExist is PASSED

11-06-2024T18:02:53 - [MESSAGE][INFO] - Checking response object

11-06-2024T18:02:53 - [MESSAGE][PASSED] - totalplay.Common.verifyPropertyExist is PASSED

11-06-2024T18:02:53 - [TEST_STEP][PASSED] - totalplay.Common.verifyPropertyValueExist(LoginResponse, customer_email): totalplay.Common.verifyPropertyValueExist is PASSED

11-06-2024T18:02:53 - [MESSAGE][INFO] - Checking response object

11-06-2024T18:02:53 - [MESSAGE][INFO] - qa.totalplay@gmail.com

11-06-2024T18:02:53 - [MESSAGE][PASSED] - totalplay.Common.verifyPropertyValueExist is PASSED

11-06-2024T18:02:53 - [TEST_STEP][PASSED] - totalplay.Common.verifyPropertyExist(LoginResponse, customer_name): totalplay.Common.verifyPropertyExist is PASSED

11-06-2024T18:02:53 - [MESSAGE][INFO] - Checking response object

11-06-2024T18:02:53 - [MESSAGE][PASSED] - totalplay.Common.verifyPropertyExist is PASSED

11-06-2024T18:02:53 - [TEST_STEP][PASSED] - totalplay.Common.verifyPropertyValueExist(LoginResponse, customer_name): totalplay.Common.verifyPropertyValueExist is PASSED

11-06-2024T18:02:53 - [MESSAGE][INFO] - Checking response object

11-06-2024T18:02:53 - [MESSAGE][INFO] - Ricardo  Corona Cruz

11-06-2024T18:02:53 - [MESSAGE][PASSED] - totalplay.Common.verifyPropertyValueExist is PASSED

11-06-2024T18:02:53 - [TEST_STEP][PASSED] - totalplay.Common.verifyPropertyExist(LoginResponse, c_brmId): totalplay.Common.verifyPropertyExist is PASSED

11-06-2024T18:02:53 - [MESSAGE][INFO] - Checking response object

11-06-2024T18:02:53 - [MESSAGE][PASSED] - totalplay.Common.verifyPropertyExist is PASSED

11-06-2024T18:02:53 - [TEST_STEP][PASSED] - totalplay.Common.verifyPropertyValueExist(LoginResponse, c_brmId): totalplay.Common.verifyPropertyValueExist is PASSED

11-06-2024T18:02:53 - [MESSAGE][INFO] - Checking response object

11-06-2024T18:02:53 - [MESSAGE][INFO] - 0100987105

11-06-2024T18:02:53 - [MESSAGE][PASSED] - totalplay.Common.verifyPropertyValueExist is PASSED

11-06-2024T18:02:53 - [MESSAGE][PASSED] - Call Test Case 'Test Cases/TotalPlay-Shop/TC_1_InterfaceLogin' successfully

11-06-2024T18:02:53 - [TEST_STEP][PASSED] - GetAddress_Response = sendRequest(findTestObject("TotalPlay-Shop/Postman/Address/Get Customer Address", ["URL":URL, "SITEID":SITEID, "sla_customerId":sla_customerId])): Send request successfully

11-06-2024T18:02:53 - [MESSAGE][INFO] - Finding Test Object 'Object Repository/TotalPlay-Shop/Postman/Address/Get Customer Address'

11-06-2024T18:02:53 - [MESSAGE][INFO] - Checking request object

11-06-2024T18:02:53 - [MESSAGE][INFO] - HAR: D:\Automation\KogniveraGithub\TotalPlay_Automation\totalplay-API\totalplay-automation\Reports\20240611_180136\Shop-Services\20240611_180137\requests\main\16.har

11-06-2024T18:02:53 - [MESSAGE][PASSED] - Send request successfully

11-06-2024T18:02:53 - [TEST_STEP][PASSED] - verifyResponseStatusCode(GetAddress_Response, 200): Verify response status code successfully

11-06-2024T18:02:53 - [MESSAGE][INFO] - Checking response object

11-06-2024T18:02:53 - [MESSAGE][PASSED] - Verify response status code successfully

11-06-2024T18:02:53 - [TEST_STEP][PASSED] - type = "_type": null

11-06-2024T18:02:53 - [TEST_STEP][PASSED] - address1 = "data[0].address1": null

11-06-2024T18:02:53 - [TEST_STEP][PASSED] - address_id = "data[0].address_id": null

11-06-2024T18:02:53 - [TEST_STEP][PASSED] - city = "data[0].city": null

11-06-2024T18:02:53 - [TEST_STEP][PASSED] - company_name = "data[0].company_name": null

11-06-2024T18:02:53 - [TEST_STEP][PASSED] - country_code = "data[0].country_code": null

11-06-2024T18:02:53 - [TEST_STEP][PASSED] - creation_date = "data[0].creation_date": null

11-06-2024T18:02:53 - [TEST_STEP][PASSED] - full_name = "data[0].full_name": null

11-06-2024T18:02:53 - [TEST_STEP][PASSED] - last_modified = "data[0].last_modified": null

11-06-2024T18:02:53 - [TEST_STEP][PASSED] - last_name = "data[0].last_name": null

11-06-2024T18:02:53 - [TEST_STEP][PASSED] - phone = "data[0].phone": null

11-06-2024T18:02:53 - [TEST_STEP][PASSED] - postal_code = "data[0].postal_code": null

11-06-2024T18:02:53 - [TEST_STEP][PASSED] - preferred = "data[0].preferred": null

11-06-2024T18:02:53 - [TEST_STEP][PASSED] - c_alias = "data[0].c_alias": null

11-06-2024T18:02:53 - [TEST_STEP][PASSED] - c_brmId = "data[0].c_brmId": null

11-06-2024T18:02:53 - [TEST_STEP][PASSED] - c_crm_address_id = "data[0].c_crm_address_id": null

11-06-2024T18:02:53 - [TEST_STEP][PASSED] - c_isBilling = "data[0].c_isBilling": null

11-06-2024T18:02:53 - [TEST_STEP][PASSED] - c_isContact = "data[0].c_isContact": null

11-06-2024T18:02:53 - [TEST_STEP][PASSED] - c_isShipping = "data[0].c_isShipping": null

11-06-2024T18:02:53 - [TEST_STEP][PASSED] - c_label = "data[0].c_label": null

11-06-2024T18:02:53 - [TEST_STEP][PASSED] - c_latitude = "data[0].c_latitude": null

11-06-2024T18:02:53 - [TEST_STEP][PASSED] - c_longitude = "data[0].c_longitude": null

11-06-2024T18:02:53 - [TEST_STEP][PASSED] - c_streetName = "data[0].c_streetName": null

11-06-2024T18:02:53 - [TEST_STEP][PASSED] - c_state = "data[0].c_state": null

11-06-2024T18:02:53 - [TEST_STEP][PASSED] - total = "total": null

11-06-2024T18:02:53 - [TEST_STEP][PASSED] - totalplay.Common.verifyPropertyExist(GetAddress_Response, type): totalplay.Common.verifyPropertyExist is PASSED

11-06-2024T18:02:53 - [MESSAGE][INFO] - Checking response object

11-06-2024T18:02:53 - [MESSAGE][PASSED] - totalplay.Common.verifyPropertyExist is PASSED

11-06-2024T18:02:53 - [TEST_STEP][PASSED] - totalplay.Common.verifyPropertyValueExist(GetAddress_Response, type): totalplay.Common.verifyPropertyValueExist is PASSED

11-06-2024T18:02:53 - [MESSAGE][INFO] - Checking response object

11-06-2024T18:02:53 - [MESSAGE][INFO] - customer_address_result

11-06-2024T18:02:53 - [MESSAGE][PASSED] - totalplay.Common.verifyPropertyValueExist is PASSED

11-06-2024T18:02:53 - [TEST_STEP][PASSED] - totalplay.Common.verifyPropertyExist(GetAddress_Response, address1): totalplay.Common.verifyPropertyExist is PASSED

11-06-2024T18:02:53 - [MESSAGE][INFO] - Checking response object

11-06-2024T18:02:53 - [MESSAGE][PASSED] - totalplay.Common.verifyPropertyExist is PASSED

11-06-2024T18:02:53 - [TEST_STEP][PASSED] - totalplay.Common.verifyPropertyValueExist(GetAddress_Response, address1): totalplay.Common.verifyPropertyValueExist is PASSED

11-06-2024T18:02:53 - [MESSAGE][INFO] - Checking response object

11-06-2024T18:02:53 - [MESSAGE][INFO] - Avenida San Jerónimo

11-06-2024T18:02:53 - [MESSAGE][PASSED] - totalplay.Common.verifyPropertyValueExist is PASSED

11-06-2024T18:02:53 - [TEST_STEP][PASSED] - totalplay.Common.verifyPropertyExist(GetAddress_Response, address_id): totalplay.Common.verifyPropertyExist is PASSED

11-06-2024T18:02:53 - [MESSAGE][INFO] - Checking response object

11-06-2024T18:02:53 - [MESSAGE][PASSED] - totalplay.Common.verifyPropertyExist is PASSED

11-06-2024T18:02:53 - [TEST_STEP][PASSED] - totalplay.Common.verifyPropertyValueExist(GetAddress_Response, address_id): totalplay.Common.verifyPropertyValueExist is PASSED

11-06-2024T18:02:53 - [MESSAGE][INFO] - Checking response object

11-06-2024T18:02:53 - [MESSAGE][INFO] - crm_default_address

11-06-2024T18:02:53 - [MESSAGE][PASSED] - totalplay.Common.verifyPropertyValueExist is PASSED

11-06-2024T18:02:53 - [TEST_STEP][PASSED] - totalplay.Common.verifyPropertyExist(GetAddress_Response, city): totalplay.Common.verifyPropertyExist is PASSED

11-06-2024T18:02:53 - [MESSAGE][INFO] - Checking response object

11-06-2024T18:02:53 - [MESSAGE][PASSED] - totalplay.Common.verifyPropertyExist is PASSED

11-06-2024T18:02:53 - [TEST_STEP][PASSED] - totalplay.Common.verifyPropertyValueExist(GetAddress_Response, city): totalplay.Common.verifyPropertyValueExist is PASSED

11-06-2024T18:02:53 - [MESSAGE][INFO] - Checking response object

11-06-2024T18:02:54 - [MESSAGE][INFO] - Ciudad de México

11-06-2024T18:02:54 - [MESSAGE][PASSED] - totalplay.Common.verifyPropertyValueExist is PASSED

11-06-2024T18:02:54 - [TEST_STEP][PASSED] - totalplay.Common.verifyPropertyExist(GetAddress_Response, country_code): totalplay.Common.verifyPropertyExist is PASSED

11-06-2024T18:02:54 - [MESSAGE][INFO] - Checking response object

11-06-2024T18:02:54 - [MESSAGE][PASSED] - totalplay.Common.verifyPropertyExist is PASSED

11-06-2024T18:02:54 - [TEST_STEP][PASSED] - totalplay.Common.verifyPropertyValueExist(GetAddress_Response, country_code): totalplay.Common.verifyPropertyValueExist is PASSED

11-06-2024T18:02:54 - [MESSAGE][INFO] - Checking response object

11-06-2024T18:02:54 - [MESSAGE][INFO] - MX

11-06-2024T18:02:54 - [MESSAGE][PASSED] - totalplay.Common.verifyPropertyValueExist is PASSED

11-06-2024T18:02:54 - [TEST_STEP][PASSED] - totalplay.Common.verifyPropertyExist(GetAddress_Response, creation_date): totalplay.Common.verifyPropertyExist is PASSED

11-06-2024T18:02:54 - [MESSAGE][INFO] - Checking response object

11-06-2024T18:02:54 - [MESSAGE][PASSED] - totalplay.Common.verifyPropertyExist is PASSED

11-06-2024T18:02:54 - [TEST_STEP][PASSED] - totalplay.Common.verifyPropertyValueExist(GetAddress_Response, creation_date): totalplay.Common.verifyPropertyValueExist is PASSED

11-06-2024T18:02:54 - [MESSAGE][INFO] - Checking response object

11-06-2024T18:02:54 - [MESSAGE][INFO] - 2023-10-27T06:42:42.000Z

11-06-2024T18:02:54 - [MESSAGE][PASSED] - totalplay.Common.verifyPropertyValueExist is PASSED

11-06-2024T18:02:54 - [TEST_STEP][PASSED] - totalplay.Common.verifyPropertyExist(GetAddress_Response, full_name): totalplay.Common.verifyPropertyExist is PASSED

11-06-2024T18:02:54 - [MESSAGE][INFO] - Checking response object

11-06-2024T18:02:54 - [MESSAGE][PASSED] - totalplay.Common.verifyPropertyExist is PASSED

11-06-2024T18:02:54 - [TEST_STEP][PASSED] - totalplay.Common.verifyPropertyValueExist(GetAddress_Response, full_name): totalplay.Common.verifyPropertyValueExist is PASSED

11-06-2024T18:02:54 - [MESSAGE][INFO] - Checking response object

11-06-2024T18:02:54 - [MESSAGE][INFO] - Ricardo Cruz Corona

11-06-2024T18:02:54 - [MESSAGE][PASSED] - totalplay.Common.verifyPropertyValueExist is PASSED

11-06-2024T18:02:54 - [TEST_STEP][PASSED] - totalplay.Common.verifyPropertyExist(GetAddress_Response, last_modified): totalplay.Common.verifyPropertyExist is PASSED

11-06-2024T18:02:54 - [MESSAGE][INFO] - Checking response object

11-06-2024T18:02:54 - [MESSAGE][PASSED] - totalplay.Common.verifyPropertyExist is PASSED

11-06-2024T18:02:54 - [TEST_STEP][PASSED] - totalplay.Common.verifyPropertyValueExist(GetAddress_Response, last_modified): totalplay.Common.verifyPropertyValueExist is PASSED

11-06-2024T18:02:54 - [MESSAGE][INFO] - Checking response object

11-06-2024T18:02:54 - [MESSAGE][INFO] - 2024-06-11T12:32:52.443Z

11-06-2024T18:02:54 - [MESSAGE][PASSED] - totalplay.Common.verifyPropertyValueExist is PASSED

11-06-2024T18:02:54 - [TEST_STEP][PASSED] - totalplay.Common.verifyPropertyExist(GetAddress_Response, last_name): totalplay.Common.verifyPropertyExist is PASSED

11-06-2024T18:02:54 - [MESSAGE][INFO] - Checking response object

11-06-2024T18:02:54 - [MESSAGE][PASSED] - totalplay.Common.verifyPropertyExist is PASSED

11-06-2024T18:02:54 - [TEST_STEP][PASSED] - totalplay.Common.verifyPropertyValueExist(GetAddress_Response, last_name): totalplay.Common.verifyPropertyValueExist is PASSED

11-06-2024T18:02:54 - [MESSAGE][INFO] - Checking response object

11-06-2024T18:02:54 - [MESSAGE][INFO] - Corona

11-06-2024T18:02:54 - [MESSAGE][PASSED] - totalplay.Common.verifyPropertyValueExist is PASSED

11-06-2024T18:02:54 - [TEST_STEP][PASSED] - totalplay.Common.verifyPropertyExist(GetAddress_Response, phone): totalplay.Common.verifyPropertyExist is PASSED

11-06-2024T18:02:54 - [MESSAGE][INFO] - Checking response object

11-06-2024T18:02:54 - [MESSAGE][PASSED] - totalplay.Common.verifyPropertyExist is PASSED

11-06-2024T18:02:54 - [TEST_STEP][PASSED] - totalplay.Common.verifyPropertyValueExist(GetAddress_Response, phone): totalplay.Common.verifyPropertyValueExist is PASSED

11-06-2024T18:02:54 - [MESSAGE][INFO] - Checking response object

11-06-2024T18:02:54 - [MESSAGE][INFO] - 7221831549

11-06-2024T18:02:54 - [MESSAGE][PASSED] - totalplay.Common.verifyPropertyValueExist is PASSED

11-06-2024T18:02:54 - [TEST_STEP][PASSED] - totalplay.Common.verifyPropertyExist(GetAddress_Response, postal_code): totalplay.Common.verifyPropertyExist is PASSED

11-06-2024T18:02:54 - [MESSAGE][INFO] - Checking response object

11-06-2024T18:02:54 - [MESSAGE][PASSED] - totalplay.Common.verifyPropertyExist is PASSED

11-06-2024T18:02:54 - [TEST_STEP][PASSED] - totalplay.Common.verifyPropertyValueExist(GetAddress_Response, postal_code): totalplay.Common.verifyPropertyValueExist is PASSED

11-06-2024T18:02:54 - [MESSAGE][INFO] - Checking response object

11-06-2024T18:02:54 - [MESSAGE][INFO] - 04519

11-06-2024T18:02:54 - [MESSAGE][PASSED] - totalplay.Common.verifyPropertyValueExist is PASSED

11-06-2024T18:02:54 - [TEST_STEP][PASSED] - totalplay.Common.getBooleanValueofObject(GetAddress_Response, preferred): totalplay.Common.getBooleanValueofObject is PASSED

11-06-2024T18:02:54 - [MESSAGE][INFO] - Checking response object

11-06-2024T18:02:54 - [MESSAGE][PASSED] - totalplay.Common.getBooleanValueofObject is PASSED

11-06-2024T18:02:54 - [TEST_STEP][PASSED] - totalplay.Common.verifyPropertyExist(GetAddress_Response, c_alias): totalplay.Common.verifyPropertyExist is PASSED

11-06-2024T18:02:54 - [MESSAGE][INFO] - Checking response object

11-06-2024T18:02:54 - [MESSAGE][PASSED] - totalplay.Common.verifyPropertyExist is PASSED

11-06-2024T18:02:54 - [TEST_STEP][PASSED] - totalplay.Common.verifyPropertyValueExist(GetAddress_Response, c_alias): totalplay.Common.verifyPropertyValueExist is PASSED

11-06-2024T18:02:54 - [MESSAGE][INFO] - Checking response object

11-06-2024T18:02:54 - [MESSAGE][INFO] - Trabajo

11-06-2024T18:02:54 - [MESSAGE][PASSED] - totalplay.Common.verifyPropertyValueExist is PASSED

11-06-2024T18:02:54 - [TEST_STEP][PASSED] - totalplay.Common.verifyPropertyExist(GetAddress_Response, c_brmId): totalplay.Common.verifyPropertyExist is PASSED

11-06-2024T18:02:54 - [MESSAGE][INFO] - Checking response object

11-06-2024T18:02:54 - [MESSAGE][PASSED] - totalplay.Common.verifyPropertyExist is PASSED

11-06-2024T18:02:54 - [TEST_STEP][PASSED] - totalplay.Common.verifyPropertyValueExist(GetAddress_Response, c_brmId): totalplay.Common.verifyPropertyValueExist is PASSED

11-06-2024T18:02:54 - [MESSAGE][INFO] - Checking response object

11-06-2024T18:02:54 - [MESSAGE][INFO] - 0100987105

11-06-2024T18:02:54 - [MESSAGE][PASSED] - totalplay.Common.verifyPropertyValueExist is PASSED

11-06-2024T18:02:54 - [TEST_STEP][PASSED] - totalplay.Common.verifyPropertyExist(GetAddress_Response, c_crm_address_id): totalplay.Common.verifyPropertyExist is PASSED

11-06-2024T18:02:54 - [MESSAGE][INFO] - Checking response object

11-06-2024T18:02:54 - [MESSAGE][PASSED] - totalplay.Common.verifyPropertyExist is PASSED

11-06-2024T18:02:54 - [TEST_STEP][PASSED] - totalplay.Common.verifyPropertyValueExist(GetAddress_Response, c_crm_address_id): totalplay.Common.verifyPropertyValueExist is PASSED

11-06-2024T18:02:54 - [MESSAGE][INFO] - Checking response object

11-06-2024T18:02:54 - [MESSAGE][INFO] - a4z3C00000092BuQAI

11-06-2024T18:02:54 - [MESSAGE][PASSED] - totalplay.Common.verifyPropertyValueExist is PASSED

11-06-2024T18:02:54 - [TEST_STEP][PASSED] - totalplay.Common.verifyPropertyExist(GetAddress_Response, c_isBilling): totalplay.Common.verifyPropertyExist is PASSED

11-06-2024T18:02:54 - [MESSAGE][INFO] - Checking response object

11-06-2024T18:02:54 - [MESSAGE][PASSED] - totalplay.Common.verifyPropertyExist is PASSED

11-06-2024T18:02:54 - [TEST_STEP][PASSED] - totalplay.Common.verifyPropertyValueExist(GetAddress_Response, c_isBilling): totalplay.Common.verifyPropertyValueExist is PASSED

11-06-2024T18:02:54 - [MESSAGE][INFO] - Checking response object

11-06-2024T18:02:54 - [MESSAGE][INFO] - false

11-06-2024T18:02:54 - [MESSAGE][PASSED] - totalplay.Common.verifyPropertyValueExist is PASSED

11-06-2024T18:02:54 - [TEST_STEP][PASSED] - totalplay.Common.verifyPropertyExist(GetAddress_Response, c_isContact): totalplay.Common.verifyPropertyExist is PASSED

11-06-2024T18:02:54 - [MESSAGE][INFO] - Checking response object

11-06-2024T18:02:54 - [MESSAGE][PASSED] - totalplay.Common.verifyPropertyExist is PASSED

11-06-2024T18:02:54 - [TEST_STEP][PASSED] - totalplay.Common.verifyPropertyValueExist(GetAddress_Response, c_isContact): totalplay.Common.verifyPropertyValueExist is PASSED

11-06-2024T18:02:54 - [MESSAGE][INFO] - Checking response object

11-06-2024T18:02:54 - [MESSAGE][INFO] - false

11-06-2024T18:02:54 - [MESSAGE][PASSED] - totalplay.Common.verifyPropertyValueExist is PASSED

11-06-2024T18:02:54 - [TEST_STEP][PASSED] - totalplay.Common.verifyPropertyExist(GetAddress_Response, c_isShipping): totalplay.Common.verifyPropertyExist is PASSED

11-06-2024T18:02:54 - [MESSAGE][INFO] - Checking response object

11-06-2024T18:02:54 - [MESSAGE][PASSED] - totalplay.Common.verifyPropertyExist is PASSED

11-06-2024T18:02:54 - [TEST_STEP][PASSED] - totalplay.Common.verifyPropertyValueExist(GetAddress_Response, c_isShipping): totalplay.Common.verifyPropertyValueExist is PASSED

11-06-2024T18:02:54 - [MESSAGE][INFO] - Checking response object

11-06-2024T18:02:54 - [MESSAGE][INFO] - false

11-06-2024T18:02:54 - [MESSAGE][PASSED] - totalplay.Common.verifyPropertyValueExist is PASSED

11-06-2024T18:02:54 - [TEST_STEP][PASSED] - totalplay.Common.verifyPropertyExist(GetAddress_Response, c_label): totalplay.Common.verifyPropertyExist is PASSED

11-06-2024T18:02:54 - [MESSAGE][INFO] - Checking response object

11-06-2024T18:02:54 - [MESSAGE][PASSED] - totalplay.Common.verifyPropertyExist is PASSED

11-06-2024T18:02:54 - [TEST_STEP][PASSED] - totalplay.Common.verifyPropertyValueExist(GetAddress_Response, c_label): totalplay.Common.verifyPropertyValueExist is PASSED

11-06-2024T18:02:54 - [MESSAGE][INFO] - Checking response object

11-06-2024T18:02:54 - [MESSAGE][INFO] - {"home":false,"company":true,"other":false}

11-06-2024T18:02:54 - [MESSAGE][PASSED] - totalplay.Common.verifyPropertyValueExist is PASSED

11-06-2024T18:02:54 - [TEST_STEP][PASSED] - totalplay.Common.verifyPropertyExist(GetAddress_Response, c_latitude): totalplay.Common.verifyPropertyExist is PASSED

11-06-2024T18:02:54 - [MESSAGE][INFO] - Checking response object

11-06-2024T18:02:54 - [MESSAGE][PASSED] - totalplay.Common.verifyPropertyExist is PASSED

11-06-2024T18:02:54 - [TEST_STEP][PASSED] - totalplay.Common.verifyPropertyValueExist(GetAddress_Response, c_latitude): totalplay.Common.verifyPropertyValueExist is PASSED

11-06-2024T18:02:54 - [MESSAGE][INFO] - Checking response object

11-06-2024T18:02:54 - [MESSAGE][INFO] - 19.3339854

11-06-2024T18:02:54 - [MESSAGE][PASSED] - totalplay.Common.verifyPropertyValueExist is PASSED

11-06-2024T18:02:54 - [TEST_STEP][PASSED] - totalplay.Common.verifyPropertyExist(GetAddress_Response, c_longitude): totalplay.Common.verifyPropertyExist is PASSED

11-06-2024T18:02:54 - [MESSAGE][INFO] - Checking response object

11-06-2024T18:02:54 - [MESSAGE][PASSED] - totalplay.Common.verifyPropertyExist is PASSED

11-06-2024T18:02:54 - [TEST_STEP][PASSED] - totalplay.Common.verifyPropertyValueExist(GetAddress_Response, c_longitude): totalplay.Common.verifyPropertyValueExist is PASSED

11-06-2024T18:02:54 - [MESSAGE][INFO] - Checking response object

11-06-2024T18:02:54 - [MESSAGE][INFO] - -99.1985968

11-06-2024T18:02:54 - [MESSAGE][PASSED] - totalplay.Common.verifyPropertyValueExist is PASSED

11-06-2024T18:02:54 - [TEST_STEP][PASSED] - totalplay.Common.verifyPropertyExist(GetAddress_Response, c_streetName): totalplay.Common.verifyPropertyExist is PASSED

11-06-2024T18:02:54 - [MESSAGE][INFO] - Checking response object

11-06-2024T18:02:54 - [MESSAGE][PASSED] - totalplay.Common.verifyPropertyExist is PASSED

11-06-2024T18:02:54 - [TEST_STEP][PASSED] - totalplay.Common.verifyPropertyValueExist(GetAddress_Response, c_streetName): totalplay.Common.verifyPropertyValueExist is PASSED

11-06-2024T18:02:54 - [MESSAGE][INFO] - Checking response object

11-06-2024T18:02:54 - [MESSAGE][INFO] - Avenida San Jerónimo

11-06-2024T18:02:54 - [MESSAGE][PASSED] - totalplay.Common.verifyPropertyValueExist is PASSED

11-06-2024T18:02:54 - [TEST_STEP][PASSED] - totalplay.Common.verifyPropertyExist(GetAddress_Response, c_state): totalplay.Common.verifyPropertyExist is PASSED

11-06-2024T18:02:54 - [MESSAGE][INFO] - Checking response object

11-06-2024T18:02:54 - [MESSAGE][PASSED] - totalplay.Common.verifyPropertyExist is PASSED

11-06-2024T18:02:54 - [TEST_STEP][PASSED] - totalplay.Common.verifyPropertyValueExist(GetAddress_Response, c_state): totalplay.Common.verifyPropertyValueExist is PASSED

11-06-2024T18:02:54 - [MESSAGE][INFO] - Checking response object

11-06-2024T18:02:54 - [MESSAGE][INFO] - MX

11-06-2024T18:02:54 - [MESSAGE][PASSED] - totalplay.Common.verifyPropertyValueExist is PASSED

11-06-2024T18:02:54 - [TEST_STEP][PASSED] - totalplay.Common.getNumValueofObject(GetAddress_Response, total): totalplay.Common.getNumValueofObject is PASSED

11-06-2024T18:02:54 - [MESSAGE][INFO] - Checking response object

11-06-2024T18:02:55 - [MESSAGE][PASSED] - totalplay.Common.getNumValueofObject is PASSED]]></system-out>
         <system-err><![CDATA[]]></system-err>
      </testcase>
      <testcase name="Test Cases/TotalPlay-Shop/TC_11_UpdateCustomerAddress" time="5.185" classname="Test Cases/TotalPlay-Shop/TC_11_UpdateCustomerAddress" status="PASSED">
         <system-out><![CDATA[11-06-2024T18:02:55 - [TEST_CASE][PASSED] - Test Cases/TotalPlay-Shop/TC_11_UpdateCustomerAddress: Test Cases/TotalPlay-Shop/TC_11_UpdateCustomerAddress

11-06-2024T18:02:55 - [TEST_STEP][PASSED] - callTestCase(findTestCase("TotalPlay-Shop/TC_1_InterfaceLogin"), [:], STOP_ON_FAILURE): Call Test Case 'Test Cases/TotalPlay-Shop/TC_1_InterfaceLogin' successfully

11-06-2024T18:02:55 - [MESSAGE][INFO] - Checking called Test Case

11-06-2024T18:02:55 - [MESSAGE][INFO] - Starting to call Test Case 'Test Cases/TotalPlay-Shop/TC_1_InterfaceLogin'

11-06-2024T18:02:55 - [TEST_CASE][PASSED] - Test Cases/TotalPlay-Shop/TC_1_InterfaceLogin: Test Cases/TotalPlay-Shop/TC_1_InterfaceLogin

11-06-2024T18:02:55 - [TEST_STEP][PASSED] - LoginResponse = sendRequest(findTestObject("TotalPlay-Shop/Interface Login (SLAS)", ["URL":URL, "SITEID":SITEID])): Send request successfully

11-06-2024T18:02:55 - [MESSAGE][INFO] - Finding Test Object 'Object Repository/TotalPlay-Shop/Interface Login (SLAS)'

11-06-2024T18:02:55 - [MESSAGE][INFO] - Checking request object

11-06-2024T18:02:57 - [MESSAGE][INFO] - HAR: D:\Automation\KogniveraGithub\TotalPlay_Automation\totalplay-API\totalplay-automation\Reports\20240611_180136\Shop-Services\20240611_180137\requests\main\17.har

11-06-2024T18:02:57 - [MESSAGE][PASSED] - Send request successfully

11-06-2024T18:02:57 - [TEST_STEP][PASSED] - assert getResponseStatusCode(LoginResponse) == 200: Checking response object

11-06-2024T18:02:57 - [MESSAGE][INFO] - Checking response object

11-06-2024T18:02:57 - [TEST_STEP][PASSED] - Auth = "ocapiResponse.access_token": null

11-06-2024T18:02:57 - [TEST_STEP][PASSED] - sfccAuthorization = getElementPropertyValue(LoginResponse, Auth): Checking response object

11-06-2024T18:02:57 - [MESSAGE][INFO] - Checking response object

11-06-2024T18:02:57 - [TEST_STEP][PASSED] - logInfo(sfccAuthorization): eyJ2ZXIiOiIxLjAiLCJqa3UiOiJzbGFzL3Byb2QvYmpjbF9kZXYiLCJraWQiOiIzOWM0NGRmMy01OGI5LTQ3YWEtODNhMC05NWMwOTBiZGNkMzciLCJ0eXAiOiJqd3QiLCJjbHYiOiJKMi4zLjQiLCJhbGciOiJFUzI1NiJ9.eyJhdXQiOiJHVUlEIiwic2NwIjoic2ZjYy5zaG9wcGVyLW15YWNjb3VudC5iYXNrZXRzIHNmY2Muc2hvcHBlci1kaXNjb3Zlcnktc2VhcmNoIHNmY2Muc2hvcHBlci1teWFjY291bnQuYWRkcmVzc2VzIHNmY2Muc2hvcHBlci1wcm9kdWN0cyBzZmNjLnNob3BwZXItbXlhY2NvdW50LnJ3IHNmY2Muc2hvcHBlci1teWFjY291bnQucGF5bWVudGluc3RydW1lbnRzIHNmY2Muc2hvcHBlci1jdXN0b21lcnMubG9naW4gc2ZjYy5zaG9wcGVyLXN0b3JlcyBzZmNjLnNob3BwZXItbXlhY2NvdW50Lm9yZGVycyBzZmNjLnNob3BwZXItYmFza2V0cy1vcmRlcnMgc2ZjYy5zaG9wcGVyLWN1c3RvbWVycy5yZWdpc3RlciBzZmNjLnNob3BwZXItbXlhY2NvdW50LmFkZHJlc3Nlcy5ydyBzZmNjLnNob3BwZXItbXlhY2NvdW50LnByb2R1Y3RsaXN0cy5ydyBzZmNjLnNob3BwZXItcHJvZHVjdGxpc3RzIHNmY2Muc2hvcHBlci1wcm9tb3Rpb25zIHNmY2Muc2hvcHBlci1iYXNrZXRzLW9yZGVycy5ydyBzZmNjLnNob3BwZXItZ2lmdC1jZXJ0aWZpY2F0ZXMgc2ZjYy5zaG9wcGVyLW15YWNjb3VudC5wYXltZW50aW5zdHJ1bWVudHMucncgc2ZjYy5zaG9wcGVyLXByb2R1Y3Qtc2VhcmNoIHNmY2Muc2hvcHBlci1teWFjY291bnQucHJvZHVjdGxpc3RzIHNmY2Muc2hvcHBlci1jYXRlZ29yaWVzIHNmY2Muc2hvcHBlci1teWFjY291bnQiLCJzdWIiOiJjYy1zbGFzOjpiamNsX2Rldjo6c2NpZDo1ZDI1ZjVmYS01YTRmLTQ2YjUtYTIxMS04NzU1NDJjODVhYzE6OnVzaWQ6MTA1NWNjMGYtOTg3OS00NWZkLTk0MTgtMzAzN2YxMzFlNTQ1IiwiY3R4Ijoic2xhcyIsImlzcyI6InNsYXMvcHJvZC9iamNsX2RldiIsImlzdCI6MSwiZG50IjoiMCIsImF1ZCI6ImNvbW1lcmNlY2xvdWQvcHJvZC9iamNsX2RldiIsIm5iZiI6MTcxODEwOTE0Nywic3R5IjoiVXNlciIsImlzYiI6InVpZG86ZWNvbTo6dXBuOnFhLnRvdGFscGxheSswMTAwOTg3MTA1QGdtYWlsLmNvbTo6dWlkbjpSaWNhcmRvICBDb3JvbmEgQ3J1ejo6Z2NpZDpiY2tyYVpsdWxIa2V3Um1yRTFtcVlZbHV4STo6cmNpZDphY25SYldxdWpIQ3BnOW9xNlYyaGt1VGFTVzo6Y2hpZDpUUC1TSE9QIiwiZXhwIjoxNzE4MTEwOTc3LCJpYXQiOjE3MTgxMDkxNzcsImp0aSI6IkMyQy0xMzExNTYzNTcwMTc4NzUxMTg1MDI5MDI2NzE3Mzg2NDI1NzEifQ.AC_-uTImUSgTSJ7oVK-qDNjuWRKrem2JhjdUYlZY7SHofGMHruxqs_McQ10e5Tfv_yQkAMsDZEux6xdf-3-eUA

11-06-2024T18:02:57 - [MESSAGE][INFO] - eyJ2ZXIiOiIxLjAiLCJqa3UiOiJzbGFzL3Byb2QvYmpjbF9kZXYiLCJraWQiOiIzOWM0NGRmMy01OGI5LTQ3YWEtODNhMC05NWMwOTBiZGNkMzciLCJ0eXAiOiJqd3QiLCJjbHYiOiJKMi4zLjQiLCJhbGciOiJFUzI1NiJ9.eyJhdXQiOiJHVUlEIiwic2NwIjoic2ZjYy5zaG9wcGVyLW15YWNjb3VudC5iYXNrZXRzIHNmY2Muc2hvcHBlci1kaXNjb3Zlcnktc2VhcmNoIHNmY2Muc2hvcHBlci1teWFjY291bnQuYWRkcmVzc2VzIHNmY2Muc2hvcHBlci1wcm9kdWN0cyBzZmNjLnNob3BwZXItbXlhY2NvdW50LnJ3IHNmY2Muc2hvcHBlci1teWFjY291bnQucGF5bWVudGluc3RydW1lbnRzIHNmY2Muc2hvcHBlci1jdXN0b21lcnMubG9naW4gc2ZjYy5zaG9wcGVyLXN0b3JlcyBzZmNjLnNob3BwZXItbXlhY2NvdW50Lm9yZGVycyBzZmNjLnNob3BwZXItYmFza2V0cy1vcmRlcnMgc2ZjYy5zaG9wcGVyLWN1c3RvbWVycy5yZWdpc3RlciBzZmNjLnNob3BwZXItbXlhY2NvdW50LmFkZHJlc3Nlcy5ydyBzZmNjLnNob3BwZXItbXlhY2NvdW50LnByb2R1Y3RsaXN0cy5ydyBzZmNjLnNob3BwZXItcHJvZHVjdGxpc3RzIHNmY2Muc2hvcHBlci1wcm9tb3Rpb25zIHNmY2Muc2hvcHBlci1iYXNrZXRzLW9yZGVycy5ydyBzZmNjLnNob3BwZXItZ2lmdC1jZXJ0aWZpY2F0ZXMgc2ZjYy5zaG9wcGVyLW15YWNjb3VudC5wYXltZW50aW5zdHJ1bWVudHMucncgc2ZjYy5zaG9wcGVyLXByb2R1Y3Qtc2VhcmNoIHNmY2Muc2hvcHBlci1teWFjY291bnQucHJvZHVjdGxpc3RzIHNmY2Muc2hvcHBlci1jYXRlZ29yaWVzIHNmY2Muc2hvcHBlci1teWFjY291bnQiLCJzdWIiOiJjYy1zbGFzOjpiamNsX2Rldjo6c2NpZDo1ZDI1ZjVmYS01YTRmLTQ2YjUtYTIxMS04NzU1NDJjODVhYzE6OnVzaWQ6MTA1NWNjMGYtOTg3OS00NWZkLTk0MTgtMzAzN2YxMzFlNTQ1IiwiY3R4Ijoic2xhcyIsImlzcyI6InNsYXMvcHJvZC9iamNsX2RldiIsImlzdCI6MSwiZG50IjoiMCIsImF1ZCI6ImNvbW1lcmNlY2xvdWQvcHJvZC9iamNsX2RldiIsIm5iZiI6MTcxODEwOTE0Nywic3R5IjoiVXNlciIsImlzYiI6InVpZG86ZWNvbTo6dXBuOnFhLnRvdGFscGxheSswMTAwOTg3MTA1QGdtYWlsLmNvbTo6dWlkbjpSaWNhcmRvICBDb3JvbmEgQ3J1ejo6Z2NpZDpiY2tyYVpsdWxIa2V3Um1yRTFtcVlZbHV4STo6cmNpZDphY25SYldxdWpIQ3BnOW9xNlYyaGt1VGFTVzo6Y2hpZDpUUC1TSE9QIiwiZXhwIjoxNzE4MTEwOTc3LCJpYXQiOjE3MTgxMDkxNzcsImp0aSI6IkMyQy0xMzExNTYzNTcwMTc4NzUxMTg1MDI5MDI2NzE3Mzg2NDI1NzEifQ.AC_-uTImUSgTSJ7oVK-qDNjuWRKrem2JhjdUYlZY7SHofGMHruxqs_McQ10e5Tfv_yQkAMsDZEux6xdf-3-eUA

11-06-2024T18:02:57 - [TEST_STEP][PASSED] - Authorization = "Bearer " + sfccAuthorization: null

11-06-2024T18:02:57 - [TEST_STEP][PASSED] - logInfo(bm_auth_token): 

11-06-2024T18:02:57 - [MESSAGE][INFO] - 

11-06-2024T18:02:57 - [TEST_STEP][PASSED] - if (sfccAuthorization.length() == 0): null

11-06-2024T18:02:57 - [TEST_STEP][PASSED] - else: authorization generated

11-06-2024T18:02:57 - [TEST_STEP][PASSED] - markPassed("authorization generated"): authorization generated

11-06-2024T18:02:57 - [MESSAGE][PASSED] - authorization generated

11-06-2024T18:02:57 - [TEST_STEP][PASSED] - BasketId_loginResponse = "ocapiResponse.c_basketId": null

11-06-2024T18:02:57 - [TEST_STEP][PASSED] - CustomerId_loginResponse = "ocapiResponse.customer_id": null

11-06-2024T18:02:57 - [TEST_STEP][PASSED] - basketId = getElementPropertyValue(LoginResponse, BasketId_loginResponse): Checking response object

11-06-2024T18:02:57 - [MESSAGE][INFO] - Checking response object

11-06-2024T18:02:57 - [TEST_STEP][PASSED] - customerId = getElementPropertyValue(LoginResponse, CustomerId_loginResponse): Checking response object

11-06-2024T18:02:57 - [MESSAGE][INFO] - Checking response object

11-06-2024T18:02:57 - [TEST_STEP][PASSED] - basketID = basketId: null

11-06-2024T18:02:57 - [TEST_STEP][PASSED] - sla_customerId = customerId: null

11-06-2024T18:02:57 - [TEST_STEP][PASSED] - println(basketID): null

11-06-2024T18:02:57 - [TEST_STEP][PASSED] - println(sla_customerId): null

11-06-2024T18:02:57 - [TEST_STEP][PASSED] - refresh_token = "ocapiResponse.refresh_token": null

11-06-2024T18:02:57 - [TEST_STEP][PASSED] - customer_email = "ocapiResponse.customer_email": null

11-06-2024T18:02:57 - [TEST_STEP][PASSED] - c_brmId = "ocapiResponse.c_brmId": null

11-06-2024T18:02:57 - [TEST_STEP][PASSED] - customer_name = "ocapiResponse.customer_name": null

11-06-2024T18:02:57 - [TEST_STEP][PASSED] - totalplay.Common.verifyPropertyExist(LoginResponse, refresh_token): totalplay.Common.verifyPropertyExist is PASSED

11-06-2024T18:02:57 - [MESSAGE][INFO] - Checking response object

11-06-2024T18:02:57 - [MESSAGE][PASSED] - totalplay.Common.verifyPropertyExist is PASSED

11-06-2024T18:02:57 - [TEST_STEP][PASSED] - totalplay.Common.verifyPropertyValueExist(LoginResponse, refresh_token): totalplay.Common.verifyPropertyValueExist is PASSED

11-06-2024T18:02:57 - [MESSAGE][INFO] - Checking response object

11-06-2024T18:02:57 - [MESSAGE][INFO] - lqGcK44yN-amo1pttz-SoVgnxSJF7b-XMHPobymexFE

11-06-2024T18:02:57 - [MESSAGE][PASSED] - totalplay.Common.verifyPropertyValueExist is PASSED

11-06-2024T18:02:57 - [TEST_STEP][PASSED] - totalplay.Common.verifyPropertyExist(LoginResponse, customer_email): totalplay.Common.verifyPropertyExist is PASSED

11-06-2024T18:02:57 - [MESSAGE][INFO] - Checking response object

11-06-2024T18:02:57 - [MESSAGE][PASSED] - totalplay.Common.verifyPropertyExist is PASSED

11-06-2024T18:02:57 - [TEST_STEP][PASSED] - totalplay.Common.verifyPropertyValueExist(LoginResponse, customer_email): totalplay.Common.verifyPropertyValueExist is PASSED

11-06-2024T18:02:57 - [MESSAGE][INFO] - Checking response object

11-06-2024T18:02:57 - [MESSAGE][INFO] - qa.totalplay@gmail.com

11-06-2024T18:02:57 - [MESSAGE][PASSED] - totalplay.Common.verifyPropertyValueExist is PASSED

11-06-2024T18:02:57 - [TEST_STEP][PASSED] - totalplay.Common.verifyPropertyExist(LoginResponse, customer_name): totalplay.Common.verifyPropertyExist is PASSED

11-06-2024T18:02:57 - [MESSAGE][INFO] - Checking response object

11-06-2024T18:02:57 - [MESSAGE][PASSED] - totalplay.Common.verifyPropertyExist is PASSED

11-06-2024T18:02:57 - [TEST_STEP][PASSED] - totalplay.Common.verifyPropertyValueExist(LoginResponse, customer_name): totalplay.Common.verifyPropertyValueExist is PASSED

11-06-2024T18:02:57 - [MESSAGE][INFO] - Checking response object

11-06-2024T18:02:57 - [MESSAGE][INFO] - Ricardo  Corona Cruz

11-06-2024T18:02:57 - [MESSAGE][PASSED] - totalplay.Common.verifyPropertyValueExist is PASSED

11-06-2024T18:02:57 - [TEST_STEP][PASSED] - totalplay.Common.verifyPropertyExist(LoginResponse, c_brmId): totalplay.Common.verifyPropertyExist is PASSED

11-06-2024T18:02:57 - [MESSAGE][INFO] - Checking response object

11-06-2024T18:02:57 - [MESSAGE][PASSED] - totalplay.Common.verifyPropertyExist is PASSED

11-06-2024T18:02:57 - [TEST_STEP][PASSED] - totalplay.Common.verifyPropertyValueExist(LoginResponse, c_brmId): totalplay.Common.verifyPropertyValueExist is PASSED

11-06-2024T18:02:57 - [MESSAGE][INFO] - Checking response object

11-06-2024T18:02:58 - [MESSAGE][INFO] - 0100987105

11-06-2024T18:02:58 - [MESSAGE][PASSED] - totalplay.Common.verifyPropertyValueExist is PASSED

11-06-2024T18:02:58 - [MESSAGE][PASSED] - Call Test Case 'Test Cases/TotalPlay-Shop/TC_1_InterfaceLogin' successfully

11-06-2024T18:02:58 - [TEST_STEP][PASSED] - GetAddress = sendRequest(findTestObject("TotalPlay-Shop/Postman/Address/Get Customer Address", ["URL":URL, "SITEID":SITEID, "sla_customerId":sla_customerId])): Send request successfully

11-06-2024T18:02:58 - [MESSAGE][INFO] - Finding Test Object 'Object Repository/TotalPlay-Shop/Postman/Address/Get Customer Address'

11-06-2024T18:02:58 - [MESSAGE][INFO] - Checking request object

11-06-2024T18:02:58 - [MESSAGE][INFO] - HAR: D:\Automation\KogniveraGithub\TotalPlay_Automation\totalplay-API\totalplay-automation\Reports\20240611_180136\Shop-Services\20240611_180137\requests\main\18.har

11-06-2024T18:02:58 - [MESSAGE][PASSED] - Send request successfully

11-06-2024T18:02:58 - [TEST_STEP][PASSED] - Address_Id = "data[0].address_id": null

11-06-2024T18:02:58 - [TEST_STEP][PASSED] - address_id = getElementPropertyValue(GetAddress, Address_Id): Checking response object

11-06-2024T18:02:58 - [MESSAGE][INFO] - Checking response object

11-06-2024T18:02:58 - [TEST_STEP][PASSED] - logInfo(address_id): crm_default_address

11-06-2024T18:02:58 - [MESSAGE][INFO] - crm_default_address

11-06-2024T18:02:58 - [TEST_STEP][PASSED] - address_id = address_id: null

11-06-2024T18:02:58 - [TEST_STEP][PASSED] - UpdateAddress_Response = sendRequest(findTestObject("TotalPlay-Shop/Postman/Address/Update Customer Address", ["URL":URL, "SITEID":SITEID, "sla_customerId":sla_customerId, "address_id":address_id])): Send request successfully

11-06-2024T18:02:58 - [MESSAGE][INFO] - Finding Test Object 'Object Repository/TotalPlay-Shop/Postman/Address/Update Customer Address'

11-06-2024T18:02:58 - [MESSAGE][INFO] - Checking request object

11-06-2024T18:02:58 - [MESSAGE][INFO] - HAR: D:\Automation\KogniveraGithub\TotalPlay_Automation\totalplay-API\totalplay-automation\Reports\20240611_180136\Shop-Services\20240611_180137\requests\main\19.har

11-06-2024T18:02:58 - [MESSAGE][PASSED] - Send request successfully

11-06-2024T18:02:58 - [TEST_STEP][PASSED] - verifyResponseStatusCode(UpdateAddress_Response, 200): Verify response status code successfully

11-06-2024T18:02:58 - [MESSAGE][INFO] - Checking response object

11-06-2024T18:02:58 - [MESSAGE][PASSED] - Verify response status code successfully

11-06-2024T18:02:58 - [TEST_STEP][PASSED] - type = "_type": null

11-06-2024T18:02:58 - [TEST_STEP][PASSED] - address1 = "address1": null

11-06-2024T18:02:58 - [TEST_STEP][PASSED] - address_id = "address_id": null

11-06-2024T18:02:58 - [TEST_STEP][PASSED] - city = "city": null

11-06-2024T18:02:58 - [TEST_STEP][PASSED] - company_name = "company_name": null

11-06-2024T18:02:58 - [TEST_STEP][PASSED] - country_code = "country_code": null

11-06-2024T18:02:58 - [TEST_STEP][PASSED] - creation_date = "creation_date": null

11-06-2024T18:02:58 - [TEST_STEP][PASSED] - first_name = "first_name": null

11-06-2024T18:02:58 - [TEST_STEP][PASSED] - full_name = "full_name": null

11-06-2024T18:02:58 - [TEST_STEP][PASSED] - last_modified = "last_modified": null

11-06-2024T18:02:58 - [TEST_STEP][PASSED] - last_name = "last_name": null

11-06-2024T18:02:58 - [TEST_STEP][PASSED] - phone = "phone": null

11-06-2024T18:02:58 - [TEST_STEP][PASSED] - postal_code = "postal_code": null

11-06-2024T18:02:58 - [TEST_STEP][PASSED] - preferred = "preferred": null

11-06-2024T18:02:58 - [TEST_STEP][PASSED] - c_alias = "c_alias": null

11-06-2024T18:02:58 - [TEST_STEP][PASSED] - c_brmId = "c_brmId": null

11-06-2024T18:02:58 - [TEST_STEP][PASSED] - c_crm_address_id = "c_crm_address_id": null

11-06-2024T18:02:58 - [TEST_STEP][PASSED] - c_isBilling = "c_isBilling": null

11-06-2024T18:02:58 - [TEST_STEP][PASSED] - c_isContact = "c_isContact": null

11-06-2024T18:02:58 - [TEST_STEP][PASSED] - c_isShipping = "c_isShipping": null

11-06-2024T18:02:58 - [TEST_STEP][PASSED] - c_latitude = "c_latitude": null

11-06-2024T18:02:58 - [TEST_STEP][PASSED] - c_longitude = "c_longitude": null

11-06-2024T18:02:58 - [TEST_STEP][PASSED] - c_state = "c_status": null

11-06-2024T18:02:58 - [TEST_STEP][PASSED] - c_status = "c_status": null

11-06-2024T18:02:58 - [TEST_STEP][PASSED] - c_streetName = "c_streetName": null

11-06-2024T18:02:58 - [TEST_STEP][PASSED] - totalplay.Common.verifyPropertyExist(UpdateAddress_Response, type): totalplay.Common.verifyPropertyExist is PASSED

11-06-2024T18:02:58 - [MESSAGE][INFO] - Checking response object

11-06-2024T18:02:58 - [MESSAGE][PASSED] - totalplay.Common.verifyPropertyExist is PASSED

11-06-2024T18:02:58 - [TEST_STEP][PASSED] - totalplay.Common.verifyPropertyValueExist(UpdateAddress_Response, type): totalplay.Common.verifyPropertyValueExist is PASSED

11-06-2024T18:02:58 - [MESSAGE][INFO] - Checking response object

11-06-2024T18:02:58 - [MESSAGE][INFO] - customer_address

11-06-2024T18:02:58 - [MESSAGE][PASSED] - totalplay.Common.verifyPropertyValueExist is PASSED

11-06-2024T18:02:58 - [TEST_STEP][PASSED] - totalplay.Common.verifyPropertyExist(UpdateAddress_Response, address1): totalplay.Common.verifyPropertyExist is PASSED

11-06-2024T18:02:58 - [MESSAGE][INFO] - Checking response object

11-06-2024T18:02:58 - [MESSAGE][PASSED] - totalplay.Common.verifyPropertyExist is PASSED

11-06-2024T18:02:58 - [TEST_STEP][PASSED] - totalplay.Common.verifyPropertyValueExist(UpdateAddress_Response, address1): totalplay.Common.verifyPropertyValueExist is PASSED

11-06-2024T18:02:58 - [MESSAGE][INFO] - Checking response object

11-06-2024T18:02:58 - [MESSAGE][INFO] - Avenida San Jerónimo

11-06-2024T18:02:58 - [MESSAGE][PASSED] - totalplay.Common.verifyPropertyValueExist is PASSED

11-06-2024T18:02:58 - [TEST_STEP][PASSED] - totalplay.Common.verifyPropertyExist(UpdateAddress_Response, address_id): totalplay.Common.verifyPropertyExist is PASSED

11-06-2024T18:02:58 - [MESSAGE][INFO] - Checking response object

11-06-2024T18:02:58 - [MESSAGE][PASSED] - totalplay.Common.verifyPropertyExist is PASSED

11-06-2024T18:02:58 - [TEST_STEP][PASSED] - totalplay.Common.verifyPropertyValueExist(UpdateAddress_Response, address_id): totalplay.Common.verifyPropertyValueExist is PASSED

11-06-2024T18:02:58 - [MESSAGE][INFO] - Checking response object

11-06-2024T18:02:58 - [MESSAGE][INFO] - crm_default_address

11-06-2024T18:02:58 - [MESSAGE][PASSED] - totalplay.Common.verifyPropertyValueExist is PASSED

11-06-2024T18:02:58 - [TEST_STEP][PASSED] - totalplay.Common.verifyPropertyExist(UpdateAddress_Response, city): totalplay.Common.verifyPropertyExist is PASSED

11-06-2024T18:02:59 - [MESSAGE][INFO] - Checking response object

11-06-2024T18:02:59 - [MESSAGE][PASSED] - totalplay.Common.verifyPropertyExist is PASSED

11-06-2024T18:02:59 - [TEST_STEP][PASSED] - totalplay.Common.verifyPropertyValueExist(UpdateAddress_Response, city): totalplay.Common.verifyPropertyValueExist is PASSED

11-06-2024T18:02:59 - [MESSAGE][INFO] - Checking response object

11-06-2024T18:02:59 - [MESSAGE][INFO] - Ciudad de México

11-06-2024T18:02:59 - [MESSAGE][PASSED] - totalplay.Common.verifyPropertyValueExist is PASSED

11-06-2024T18:02:59 - [TEST_STEP][PASSED] - totalplay.Common.verifyPropertyExist(UpdateAddress_Response, country_code): totalplay.Common.verifyPropertyExist is PASSED

11-06-2024T18:02:59 - [MESSAGE][INFO] - Checking response object

11-06-2024T18:02:59 - [MESSAGE][PASSED] - totalplay.Common.verifyPropertyExist is PASSED

11-06-2024T18:02:59 - [TEST_STEP][PASSED] - totalplay.Common.verifyPropertyValueExist(UpdateAddress_Response, country_code): totalplay.Common.verifyPropertyValueExist is PASSED

11-06-2024T18:02:59 - [MESSAGE][INFO] - Checking response object

11-06-2024T18:02:59 - [MESSAGE][INFO] - MX

11-06-2024T18:02:59 - [MESSAGE][PASSED] - totalplay.Common.verifyPropertyValueExist is PASSED

11-06-2024T18:02:59 - [TEST_STEP][PASSED] - totalplay.Common.verifyPropertyExist(UpdateAddress_Response, creation_date): totalplay.Common.verifyPropertyExist is PASSED

11-06-2024T18:02:59 - [MESSAGE][INFO] - Checking response object

11-06-2024T18:02:59 - [MESSAGE][PASSED] - totalplay.Common.verifyPropertyExist is PASSED

11-06-2024T18:02:59 - [TEST_STEP][PASSED] - totalplay.Common.verifyPropertyValueExist(UpdateAddress_Response, creation_date): totalplay.Common.verifyPropertyValueExist is PASSED

11-06-2024T18:02:59 - [MESSAGE][INFO] - Checking response object

11-06-2024T18:02:59 - [MESSAGE][INFO] - 2023-10-27T06:42:42.000Z

11-06-2024T18:02:59 - [MESSAGE][PASSED] - totalplay.Common.verifyPropertyValueExist is PASSED

11-06-2024T18:02:59 - [TEST_STEP][PASSED] - totalplay.Common.verifyPropertyExist(UpdateAddress_Response, first_name): totalplay.Common.verifyPropertyExist is PASSED

11-06-2024T18:02:59 - [MESSAGE][INFO] - Checking response object

11-06-2024T18:02:59 - [MESSAGE][PASSED] - totalplay.Common.verifyPropertyExist is PASSED

11-06-2024T18:02:59 - [TEST_STEP][PASSED] - totalplay.Common.verifyPropertyValueExist(UpdateAddress_Response, first_name): totalplay.Common.verifyPropertyValueExist is PASSED

11-06-2024T18:02:59 - [MESSAGE][INFO] - Checking response object

11-06-2024T18:02:59 - [MESSAGE][INFO] - Ricardo

11-06-2024T18:02:59 - [MESSAGE][PASSED] - totalplay.Common.verifyPropertyValueExist is PASSED

11-06-2024T18:02:59 - [TEST_STEP][PASSED] - totalplay.Common.verifyPropertyExist(UpdateAddress_Response, last_modified): totalplay.Common.verifyPropertyExist is PASSED

11-06-2024T18:02:59 - [MESSAGE][INFO] - Checking response object

11-06-2024T18:02:59 - [MESSAGE][PASSED] - totalplay.Common.verifyPropertyExist is PASSED

11-06-2024T18:02:59 - [TEST_STEP][PASSED] - totalplay.Common.verifyPropertyValueExist(UpdateAddress_Response, last_modified): totalplay.Common.verifyPropertyValueExist is PASSED

11-06-2024T18:02:59 - [MESSAGE][INFO] - Checking response object

11-06-2024T18:02:59 - [MESSAGE][INFO] - 2024-06-11T12:32:58.636Z

11-06-2024T18:02:59 - [MESSAGE][PASSED] - totalplay.Common.verifyPropertyValueExist is PASSED

11-06-2024T18:02:59 - [TEST_STEP][PASSED] - totalplay.Common.verifyPropertyExist(UpdateAddress_Response, last_name): totalplay.Common.verifyPropertyExist is PASSED

11-06-2024T18:02:59 - [MESSAGE][INFO] - Checking response object

11-06-2024T18:02:59 - [MESSAGE][PASSED] - totalplay.Common.verifyPropertyExist is PASSED

11-06-2024T18:02:59 - [TEST_STEP][PASSED] - totalplay.Common.verifyPropertyValueExist(UpdateAddress_Response, last_name): totalplay.Common.verifyPropertyValueExist is PASSED

11-06-2024T18:02:59 - [MESSAGE][INFO] - Checking response object

11-06-2024T18:02:59 - [MESSAGE][INFO] - Corona

11-06-2024T18:02:59 - [MESSAGE][PASSED] - totalplay.Common.verifyPropertyValueExist is PASSED

11-06-2024T18:02:59 - [TEST_STEP][PASSED] - totalplay.Common.verifyPropertyExist(UpdateAddress_Response, phone): totalplay.Common.verifyPropertyExist is PASSED

11-06-2024T18:02:59 - [MESSAGE][INFO] - Checking response object

11-06-2024T18:02:59 - [MESSAGE][PASSED] - totalplay.Common.verifyPropertyExist is PASSED

11-06-2024T18:02:59 - [TEST_STEP][PASSED] - totalplay.Common.verifyPropertyValueExist(UpdateAddress_Response, phone): totalplay.Common.verifyPropertyValueExist is PASSED

11-06-2024T18:02:59 - [MESSAGE][INFO] - Checking response object

11-06-2024T18:02:59 - [MESSAGE][INFO] - 7221831549

11-06-2024T18:02:59 - [MESSAGE][PASSED] - totalplay.Common.verifyPropertyValueExist is PASSED

11-06-2024T18:02:59 - [TEST_STEP][PASSED] - totalplay.Common.verifyPropertyExist(UpdateAddress_Response, postal_code): totalplay.Common.verifyPropertyExist is PASSED

11-06-2024T18:02:59 - [MESSAGE][INFO] - Checking response object

11-06-2024T18:02:59 - [MESSAGE][PASSED] - totalplay.Common.verifyPropertyExist is PASSED

11-06-2024T18:02:59 - [TEST_STEP][PASSED] - totalplay.Common.verifyPropertyValueExist(UpdateAddress_Response, postal_code): totalplay.Common.verifyPropertyValueExist is PASSED

11-06-2024T18:02:59 - [MESSAGE][INFO] - Checking response object

11-06-2024T18:02:59 - [MESSAGE][INFO] - 99980

11-06-2024T18:02:59 - [MESSAGE][PASSED] - totalplay.Common.verifyPropertyValueExist is PASSED

11-06-2024T18:02:59 - [TEST_STEP][PASSED] - totalplay.Common.getBooleanValueofObject(UpdateAddress_Response, preferred): totalplay.Common.getBooleanValueofObject is PASSED

11-06-2024T18:02:59 - [MESSAGE][INFO] - Checking response object

11-06-2024T18:02:59 - [MESSAGE][PASSED] - totalplay.Common.getBooleanValueofObject is PASSED

11-06-2024T18:02:59 - [TEST_STEP][PASSED] - totalplay.Common.verifyPropertyExist(UpdateAddress_Response, c_alias): totalplay.Common.verifyPropertyExist is PASSED

11-06-2024T18:02:59 - [MESSAGE][INFO] - Checking response object

11-06-2024T18:02:59 - [MESSAGE][PASSED] - totalplay.Common.verifyPropertyExist is PASSED

11-06-2024T18:02:59 - [TEST_STEP][PASSED] - totalplay.Common.verifyPropertyValueExist(UpdateAddress_Response, c_alias): totalplay.Common.verifyPropertyValueExist is PASSED

11-06-2024T18:02:59 - [MESSAGE][INFO] - Checking response object

11-06-2024T18:02:59 - [MESSAGE][INFO] - Trabajo

11-06-2024T18:02:59 - [MESSAGE][PASSED] - totalplay.Common.verifyPropertyValueExist is PASSED

11-06-2024T18:02:59 - [TEST_STEP][PASSED] - totalplay.Common.verifyPropertyExist(UpdateAddress_Response, c_brmId): totalplay.Common.verifyPropertyExist is PASSED

11-06-2024T18:02:59 - [MESSAGE][INFO] - Checking response object

11-06-2024T18:02:59 - [MESSAGE][PASSED] - totalplay.Common.verifyPropertyExist is PASSED

11-06-2024T18:02:59 - [TEST_STEP][PASSED] - totalplay.Common.verifyPropertyValueExist(UpdateAddress_Response, c_brmId): totalplay.Common.verifyPropertyValueExist is PASSED

11-06-2024T18:02:59 - [MESSAGE][INFO] - Checking response object

11-06-2024T18:02:59 - [MESSAGE][INFO] - 0100987105

11-06-2024T18:02:59 - [MESSAGE][PASSED] - totalplay.Common.verifyPropertyValueExist is PASSED

11-06-2024T18:02:59 - [TEST_STEP][PASSED] - totalplay.Common.verifyPropertyExist(UpdateAddress_Response, c_crm_address_id): totalplay.Common.verifyPropertyExist is PASSED

11-06-2024T18:02:59 - [MESSAGE][INFO] - Checking response object

11-06-2024T18:02:59 - [MESSAGE][PASSED] - totalplay.Common.verifyPropertyExist is PASSED

11-06-2024T18:02:59 - [TEST_STEP][PASSED] - totalplay.Common.verifyPropertyValueExist(UpdateAddress_Response, c_crm_address_id): totalplay.Common.verifyPropertyValueExist is PASSED

11-06-2024T18:02:59 - [MESSAGE][INFO] - Checking response object

11-06-2024T18:02:59 - [MESSAGE][INFO] - a4z3C00000092BuQAI

11-06-2024T18:02:59 - [MESSAGE][PASSED] - totalplay.Common.verifyPropertyValueExist is PASSED

11-06-2024T18:02:59 - [TEST_STEP][PASSED] - totalplay.Common.getBooleanValueofObject(UpdateAddress_Response, c_isBilling): totalplay.Common.getBooleanValueofObject is PASSED

11-06-2024T18:02:59 - [MESSAGE][INFO] - Checking response object

11-06-2024T18:02:59 - [MESSAGE][PASSED] - totalplay.Common.getBooleanValueofObject is PASSED

11-06-2024T18:02:59 - [TEST_STEP][PASSED] - totalplay.Common.getBooleanValueofObject(UpdateAddress_Response, c_isContact): totalplay.Common.getBooleanValueofObject is PASSED

11-06-2024T18:02:59 - [MESSAGE][INFO] - Checking response object

11-06-2024T18:02:59 - [MESSAGE][PASSED] - totalplay.Common.getBooleanValueofObject is PASSED

11-06-2024T18:02:59 - [TEST_STEP][PASSED] - totalplay.Common.getBooleanValueofObject(UpdateAddress_Response, c_isShipping): totalplay.Common.getBooleanValueofObject is PASSED

11-06-2024T18:02:59 - [MESSAGE][INFO] - Checking response object

11-06-2024T18:02:59 - [MESSAGE][PASSED] - totalplay.Common.getBooleanValueofObject is PASSED

11-06-2024T18:02:59 - [TEST_STEP][PASSED] - totalplay.Common.getBooleanValueofObject(UpdateAddress_Response, c_latitude): totalplay.Common.getBooleanValueofObject is PASSED

11-06-2024T18:02:59 - [MESSAGE][INFO] - Checking response object

11-06-2024T18:02:59 - [MESSAGE][PASSED] - totalplay.Common.getBooleanValueofObject is PASSED

11-06-2024T18:02:59 - [TEST_STEP][PASSED] - totalplay.Common.getBooleanValueofObject(UpdateAddress_Response, c_longitude): totalplay.Common.getBooleanValueofObject is PASSED

11-06-2024T18:02:59 - [MESSAGE][INFO] - Checking response object

11-06-2024T18:02:59 - [MESSAGE][PASSED] - totalplay.Common.getBooleanValueofObject is PASSED

11-06-2024T18:02:59 - [TEST_STEP][PASSED] - totalplay.Common.verifyPropertyExist(UpdateAddress_Response, c_state): totalplay.Common.verifyPropertyExist is PASSED

11-06-2024T18:02:59 - [MESSAGE][INFO] - Checking response object

11-06-2024T18:02:59 - [MESSAGE][PASSED] - totalplay.Common.verifyPropertyExist is PASSED

11-06-2024T18:02:59 - [TEST_STEP][PASSED] - totalplay.Common.verifyPropertyValueExist(UpdateAddress_Response, c_state): totalplay.Common.verifyPropertyValueExist is PASSED

11-06-2024T18:02:59 - [MESSAGE][INFO] - Checking response object

11-06-2024T18:02:59 - [MESSAGE][INFO] - true

11-06-2024T18:02:59 - [MESSAGE][PASSED] - totalplay.Common.verifyPropertyValueExist is PASSED

11-06-2024T18:02:59 - [TEST_STEP][PASSED] - totalplay.Common.getBooleanValueofObject(UpdateAddress_Response, c_status): totalplay.Common.getBooleanValueofObject is PASSED

11-06-2024T18:02:59 - [MESSAGE][INFO] - Checking response object

11-06-2024T18:02:59 - [MESSAGE][PASSED] - totalplay.Common.getBooleanValueofObject is PASSED

11-06-2024T18:02:59 - [TEST_STEP][PASSED] - totalplay.Common.verifyPropertyExist(UpdateAddress_Response, c_streetName): totalplay.Common.verifyPropertyExist is PASSED

11-06-2024T18:02:59 - [MESSAGE][INFO] - Checking response object

11-06-2024T18:02:59 - [MESSAGE][PASSED] - totalplay.Common.verifyPropertyExist is PASSED

11-06-2024T18:02:59 - [TEST_STEP][PASSED] - totalplay.Common.verifyPropertyValueExist(UpdateAddress_Response, c_streetName): totalplay.Common.verifyPropertyValueExist is PASSED

11-06-2024T18:02:59 - [MESSAGE][INFO] - Checking response object

11-06-2024T18:02:59 - [MESSAGE][INFO] - Avenida San Jerónimo

11-06-2024T18:02:59 - [MESSAGE][PASSED] - totalplay.Common.verifyPropertyValueExist is PASSED

11-06-2024T18:02:59 - [TEST_STEP][PASSED] - GetAddresss = sendRequest(findTestObject("TotalPlay-Shop/Postman/Address/Get Customer Address", ["URL":URL, "SITEID":SITEID, "sla_customerId":sla_customerId])): Send request successfully

11-06-2024T18:02:59 - [MESSAGE][INFO] - Finding Test Object 'Object Repository/TotalPlay-Shop/Postman/Address/Get Customer Address'

11-06-2024T18:02:59 - [MESSAGE][INFO] - Checking request object

11-06-2024T18:03:00 - [MESSAGE][INFO] - HAR: D:\Automation\KogniveraGithub\TotalPlay_Automation\totalplay-API\totalplay-automation\Reports\20240611_180136\Shop-Services\20240611_180137\requests\main\20.har

11-06-2024T18:03:00 - [MESSAGE][PASSED] - Send request successfully

11-06-2024T18:03:00 - [TEST_STEP][PASSED] - postal_code = "data[0].postal_code": null

11-06-2024T18:03:00 - [TEST_STEP][PASSED] - postal_code = getElementPropertyValue(GetAddresss, postal_code): Checking response object

11-06-2024T18:03:00 - [MESSAGE][INFO] - Checking response object

11-06-2024T18:03:00 - [TEST_STEP][PASSED] - println(postal_code): null

11-06-2024T18:03:00 - [TEST_STEP][PASSED] - if (postal_code == postal_code): Address updated

11-06-2024T18:03:00 - [TEST_STEP][PASSED] - markPassed("Address updated"): Address updated

11-06-2024T18:03:00 - [MESSAGE][PASSED] - Address updated]]></system-out>
         <system-err><![CDATA[]]></system-err>
      </testcase>
      <testcase name="Test Cases/TotalPlay-Shop/TC_12_SLPSearch" time="5.241" classname="Test Cases/TotalPlay-Shop/TC_12_SLPSearch" status="FAILED">
         <failure type="FAILED" message="Test Cases/TotalPlay-Shop/TC_12_SLPSearch FAILED.&#xa;Reason:&#xa;com.kms.katalon.core.exception.StepFailedException: Unable to get element count (Root cause: java.lang.NullPointerException: Cannot get property 'name' on null object&#xa;	at Script1.run(Script1.groovy:1)&#xa;	at com.kms.katalon.core.webservice.helper.WebServiceCommonHelper.parseAndExecuteExpressionForJson(WebServiceCommonHelper.java:212)&#xa;	at com.kms.katalon.core.webservice.keyword.builtin.GetElementsCountKeyword$_getElementsCount_closure1.doCall(GetElementsCountKeyword.groovy:41)&#xa;	at com.kms.katalon.core.webservice.keyword.builtin.GetElementsCountKeyword$_getElementsCount_closure1.call(GetElementsCountKeyword.groovy)&#xa;	at com.kms.katalon.core.keyword.internal.KeywordMain.runKeyword(KeywordMain.groovy:75)&#xa;	at com.kms.katalon.core.webservice.keyword.builtin.GetElementsCountKeyword.getElementsCount(GetElementsCountKeyword.groovy:37)&#xa;	at com.kms.katalon.core.webservice.keyword.builtin.GetElementsCountKeyword.execute(GetElementsCountKeyword.groovy:32)&#xa;	at com.kms.katalon.core.keyword.internal.KeywordExecutor.executeKeywordForPlatform(KeywordExecutor.groovy:74)&#xa;	at com.kms.katalon.core.webservice.keyword.WSBuiltInKeywords.getElementsCount(WSBuiltInKeywords.groovy:99)&#xa;	at totalplay.Common.verifyPropertyExist(Common.groovy:39)&#xa;	at jdk.internal.reflect.GeneratedMethodAccessor7.invoke(Unknown Source)&#xa;	at java.base/jdk.internal.reflect.DelegatingMethodAccessorImpl.invoke(DelegatingMethodAccessorImpl.java:43)&#xa;	at com.kms.katalon.core.main.CustomKeywordDelegatingMetaClass.invokeStaticMethod(CustomKeywordDelegatingMetaClass.java:55)&#xa;	at TC_12_SLPSearch.run(TC_12_SLPSearch:54)&#xa;	at com.kms.katalon.core.main.ScriptEngine.run(ScriptEngine.java:194)&#xa;	at com.kms.katalon.core.main.ScriptEngine.runScriptAsRawText(ScriptEngine.java:119)&#xa;	at com.kms.katalon.core.main.TestCaseExecutor.runScript(TestCaseExecutor.java:448)&#xa;	at com.kms.katalon.core.main.TestCaseExecutor.doExecute(TestCaseExecutor.java:439)&#xa;	at com.kms.katalon.core.main.TestCaseExecutor.processExecutionPhase(TestCaseExecutor.java:418)&#xa;	at com.kms.katalon.core.main.TestCaseExecutor.accessMainPhase(TestCaseExecutor.java:410)&#xa;	at com.kms.katalon.core.main.TestCaseExecutor.execute(TestCaseExecutor.java:285)&#xa;	at com.kms.katalon.core.common.CommonExecutor.accessTestCaseMainPhase(CommonExecutor.java:65)&#xa;	at com.kms.katalon.core.main.TestSuiteExecutor.accessTestSuiteMainPhase(TestSuiteExecutor.java:150)&#xa;	at com.kms.katalon.core.main.TestSuiteExecutor.execute(TestSuiteExecutor.java:106)&#xa;	at com.kms.katalon.core.main.TestCaseMain.startTestSuite(TestCaseMain.java:180)&#xa;	at TempTestSuite1718109097791.run(TempTestSuite1718109097791.groovy:35)&#xa;	at java.base/jdk.internal.reflect.NativeMethodAccessorImpl.invoke0(Native Method)&#xa;	at java.base/jdk.internal.reflect.NativeMethodAccessorImpl.invoke(NativeMethodAccessorImpl.java:77)&#xa;	at java.base/jdk.internal.reflect.DelegatingMethodAccessorImpl.invoke(DelegatingMethodAccessorImpl.java:43)&#xa;)&#xa;	at com.kms.katalon.core.keyword.internal.KeywordMain.stepFailed(KeywordMain.groovy:51)&#xa;	at com.kms.katalon.core.keyword.internal.KeywordMain.stepFailed(KeywordMain.groovy)&#xa;	at com.kms.katalon.core.keyword.internal.KeywordMain.runKeyword(KeywordMain.groovy:77)&#xa;	at com.kms.katalon.core.webservice.keyword.builtin.GetElementsCountKeyword.getElementsCount(GetElementsCountKeyword.groovy:37)&#xa;	at com.kms.katalon.core.webservice.keyword.builtin.GetElementsCountKeyword.execute(GetElementsCountKeyword.groovy:32)&#xa;	at com.kms.katalon.core.keyword.internal.KeywordExecutor.executeKeywordForPlatform(KeywordExecutor.groovy:74)&#xa;	at com.kms.katalon.core.webservice.keyword.WSBuiltInKeywords.getElementsCount(WSBuiltInKeywords.groovy:99)&#xa;	at totalplay.Common.verifyPropertyExist(Common.groovy:39)&#xa;	at jdk.internal.reflect.GeneratedMethodAccessor7.invoke(Unknown Source)&#xa;	at java.base/jdk.internal.reflect.DelegatingMethodAccessorImpl.invoke(DelegatingMethodAccessorImpl.java:43)&#xa;	at com.kms.katalon.core.main.CustomKeywordDelegatingMetaClass.invokeStaticMethod(CustomKeywordDelegatingMetaClass.java:55)&#xa;	at TC_12_SLPSearch.run(TC_12_SLPSearch:54)&#xa;	at com.kms.katalon.core.main.ScriptEngine.run(ScriptEngine.java:194)&#xa;	at com.kms.katalon.core.main.ScriptEngine.runScriptAsRawText(ScriptEngine.java:119)&#xa;	at com.kms.katalon.core.main.TestCaseExecutor.runScript(TestCaseExecutor.java:448)&#xa;	at com.kms.katalon.core.main.TestCaseExecutor.doExecute(TestCaseExecutor.java:439)&#xa;	at com.kms.katalon.core.main.TestCaseExecutor.processExecutionPhase(TestCaseExecutor.java:418)&#xa;	at com.kms.katalon.core.main.TestCaseExecutor.accessMainPhase(TestCaseExecutor.java:410)&#xa;	at com.kms.katalon.core.main.TestCaseExecutor.execute(TestCaseExecutor.java:285)&#xa;	at com.kms.katalon.core.common.CommonExecutor.accessTestCaseMainPhase(CommonExecutor.java:65)&#xa;	at com.kms.katalon.core.main.TestSuiteExecutor.accessTestSuiteMainPhase(TestSuiteExecutor.java:150)&#xa;	at com.kms.katalon.core.main.TestSuiteExecutor.execute(TestSuiteExecutor.java:106)&#xa;	at com.kms.katalon.core.main.TestCaseMain.startTestSuite(TestCaseMain.java:180)&#xa;	at TempTestSuite1718109097791.run(TempTestSuite1718109097791.groovy:35)&#xa;	at java.base/jdk.internal.reflect.NativeMethodAccessorImpl.invoke0(Native Method)&#xa;	at java.base/jdk.internal.reflect.NativeMethodAccessorImpl.invoke(NativeMethodAccessorImpl.java:77)&#xa;	at java.base/jdk.internal.reflect.DelegatingMethodAccessorImpl.invoke(DelegatingMethodAccessorImpl.java:43)&#xa;Caused by: java.lang.NullPointerException: Cannot get property 'name' on null object&#xa;	at Script1.run(Script1.groovy:1)&#xa;	at com.kms.katalon.core.webservice.helper.WebServiceCommonHelper.parseAndExecuteExpressionForJson(WebServiceCommonHelper.java:212)&#xa;	at com.kms.katalon.core.webservice.keyword.builtin.GetElementsCountKeyword$_getElementsCount_closure1.doCall(GetElementsCountKeyword.groovy:41)&#xa;	at com.kms.katalon.core.webservice.keyword.builtin.GetElementsCountKeyword$_getElementsCount_closure1.call(GetElementsCountKeyword.groovy)&#xa;	at com.kms.katalon.core.keyword.internal.KeywordMain.runKeyword(KeywordMain.groovy:75)&#xa;	... 24 more&#xa;"/>
         <system-out><![CDATA[11-06-2024T18:03:00 - [TEST_CASE][FAILED] - Test Cases/TotalPlay-Shop/TC_12_SLPSearch: Test Cases/TotalPlay-Shop/TC_12_SLPSearch FAILED.
Reason:
com.kms.katalon.core.exception.StepFailedException: Unable to get element count (Root cause: java.lang.NullPointerException: Cannot get property 'name' on null object
	at Script1.run(Script1.groovy:1)
	at com.kms.katalon.core.webservice.helper.WebServiceCommonHelper.parseAndExecuteExpressionForJson(WebServiceCommonHelper.java:212)
	at com.kms.katalon.core.webservice.keyword.builtin.GetElementsCountKeyword$_getElementsCount_closure1.doCall(GetElementsCountKeyword.groovy:41)
	at com.kms.katalon.core.webservice.keyword.builtin.GetElementsCountKeyword$_getElementsCount_closure1.call(GetElementsCountKeyword.groovy)
	at com.kms.katalon.core.keyword.internal.KeywordMain.runKeyword(KeywordMain.groovy:75)
	at com.kms.katalon.core.webservice.keyword.builtin.GetElementsCountKeyword.getElementsCount(GetElementsCountKeyword.groovy:37)
	at com.kms.katalon.core.webservice.keyword.builtin.GetElementsCountKeyword.execute(GetElementsCountKeyword.groovy:32)
	at com.kms.katalon.core.keyword.internal.KeywordExecutor.executeKeywordForPlatform(KeywordExecutor.groovy:74)
	at com.kms.katalon.core.webservice.keyword.WSBuiltInKeywords.getElementsCount(WSBuiltInKeywords.groovy:99)
	at totalplay.Common.verifyPropertyExist(Common.groovy:39)
	at jdk.internal.reflect.GeneratedMethodAccessor7.invoke(Unknown Source)
	at java.base/jdk.internal.reflect.DelegatingMethodAccessorImpl.invoke(DelegatingMethodAccessorImpl.java:43)
	at com.kms.katalon.core.main.CustomKeywordDelegatingMetaClass.invokeStaticMethod(CustomKeywordDelegatingMetaClass.java:55)
	at TC_12_SLPSearch.run(TC_12_SLPSearch:54)
	at com.kms.katalon.core.main.ScriptEngine.run(ScriptEngine.java:194)
	at com.kms.katalon.core.main.ScriptEngine.runScriptAsRawText(ScriptEngine.java:119)
	at com.kms.katalon.core.main.TestCaseExecutor.runScript(TestCaseExecutor.java:448)
	at com.kms.katalon.core.main.TestCaseExecutor.doExecute(TestCaseExecutor.java:439)
	at com.kms.katalon.core.main.TestCaseExecutor.processExecutionPhase(TestCaseExecutor.java:418)
	at com.kms.katalon.core.main.TestCaseExecutor.accessMainPhase(TestCaseExecutor.java:410)
	at com.kms.katalon.core.main.TestCaseExecutor.execute(TestCaseExecutor.java:285)
	at com.kms.katalon.core.common.CommonExecutor.accessTestCaseMainPhase(CommonExecutor.java:65)
	at com.kms.katalon.core.main.TestSuiteExecutor.accessTestSuiteMainPhase(TestSuiteExecutor.java:150)
	at com.kms.katalon.core.main.TestSuiteExecutor.execute(TestSuiteExecutor.java:106)
	at com.kms.katalon.core.main.TestCaseMain.startTestSuite(TestCaseMain.java:180)
	at TempTestSuite1718109097791.run(TempTestSuite1718109097791.groovy:35)
	at java.base/jdk.internal.reflect.NativeMethodAccessorImpl.invoke0(Native Method)
	at java.base/jdk.internal.reflect.NativeMethodAccessorImpl.invoke(NativeMethodAccessorImpl.java:77)
	at java.base/jdk.internal.reflect.DelegatingMethodAccessorImpl.invoke(DelegatingMethodAccessorImpl.java:43)
)
	at com.kms.katalon.core.keyword.internal.KeywordMain.stepFailed(KeywordMain.groovy:51)
	at com.kms.katalon.core.keyword.internal.KeywordMain.stepFailed(KeywordMain.groovy)
	at com.kms.katalon.core.keyword.internal.KeywordMain.runKeyword(KeywordMain.groovy:77)
	at com.kms.katalon.core.webservice.keyword.builtin.GetElementsCountKeyword.getElementsCount(GetElementsCountKeyword.groovy:37)
	at com.kms.katalon.core.webservice.keyword.builtin.GetElementsCountKeyword.execute(GetElementsCountKeyword.groovy:32)
	at com.kms.katalon.core.keyword.internal.KeywordExecutor.executeKeywordForPlatform(KeywordExecutor.groovy:74)
	at com.kms.katalon.core.webservice.keyword.WSBuiltInKeywords.getElementsCount(WSBuiltInKeywords.groovy:99)
	at totalplay.Common.verifyPropertyExist(Common.groovy:39)
	at jdk.internal.reflect.GeneratedMethodAccessor7.invoke(Unknown Source)
	at java.base/jdk.internal.reflect.DelegatingMethodAccessorImpl.invoke(DelegatingMethodAccessorImpl.java:43)
	at com.kms.katalon.core.main.CustomKeywordDelegatingMetaClass.invokeStaticMethod(CustomKeywordDelegatingMetaClass.java:55)
	at TC_12_SLPSearch.run(TC_12_SLPSearch:54)
	at com.kms.katalon.core.main.ScriptEngine.run(ScriptEngine.java:194)
	at com.kms.katalon.core.main.ScriptEngine.runScriptAsRawText(ScriptEngine.java:119)
	at com.kms.katalon.core.main.TestCaseExecutor.runScript(TestCaseExecutor.java:448)
	at com.kms.katalon.core.main.TestCaseExecutor.doExecute(TestCaseExecutor.java:439)
	at com.kms.katalon.core.main.TestCaseExecutor.processExecutionPhase(TestCaseExecutor.java:418)
	at com.kms.katalon.core.main.TestCaseExecutor.accessMainPhase(TestCaseExecutor.java:410)
	at com.kms.katalon.core.main.TestCaseExecutor.execute(TestCaseExecutor.java:285)
	at com.kms.katalon.core.common.CommonExecutor.accessTestCaseMainPhase(CommonExecutor.java:65)
	at com.kms.katalon.core.main.TestSuiteExecutor.accessTestSuiteMainPhase(TestSuiteExecutor.java:150)
	at com.kms.katalon.core.main.TestSuiteExecutor.execute(TestSuiteExecutor.java:106)
	at com.kms.katalon.core.main.TestCaseMain.startTestSuite(TestCaseMain.java:180)
	at TempTestSuite1718109097791.run(TempTestSuite1718109097791.groovy:35)
	at java.base/jdk.internal.reflect.NativeMethodAccessorImpl.invoke0(Native Method)
	at java.base/jdk.internal.reflect.NativeMethodAccessorImpl.invoke(NativeMethodAccessorImpl.java:77)
	at java.base/jdk.internal.reflect.DelegatingMethodAccessorImpl.invoke(DelegatingMethodAccessorImpl.java:43)
Caused by: java.lang.NullPointerException: Cannot get property 'name' on null object
	at Script1.run(Script1.groovy:1)
	at com.kms.katalon.core.webservice.helper.WebServiceCommonHelper.parseAndExecuteExpressionForJson(WebServiceCommonHelper.java:212)
	at com.kms.katalon.core.webservice.keyword.builtin.GetElementsCountKeyword$_getElementsCount_closure1.doCall(GetElementsCountKeyword.groovy:41)
	at com.kms.katalon.core.webservice.keyword.builtin.GetElementsCountKeyword$_getElementsCount_closure1.call(GetElementsCountKeyword.groovy)
	at com.kms.katalon.core.keyword.internal.KeywordMain.runKeyword(KeywordMain.groovy:75)
	... 24 more


11-06-2024T18:03:00 - [TEST_STEP][PASSED] - callTestCase(findTestCase("TotalPlay-Shop/TC_1_InterfaceLogin"), [:], STOP_ON_FAILURE): Call Test Case 'Test Cases/TotalPlay-Shop/TC_1_InterfaceLogin' successfully

11-06-2024T18:03:00 - [MESSAGE][INFO] - Checking called Test Case

11-06-2024T18:03:00 - [MESSAGE][INFO] - Starting to call Test Case 'Test Cases/TotalPlay-Shop/TC_1_InterfaceLogin'

11-06-2024T18:03:00 - [TEST_CASE][PASSED] - Test Cases/TotalPlay-Shop/TC_1_InterfaceLogin: Test Cases/TotalPlay-Shop/TC_1_InterfaceLogin

11-06-2024T18:03:00 - [TEST_STEP][PASSED] - LoginResponse = sendRequest(findTestObject("TotalPlay-Shop/Interface Login (SLAS)", ["URL":URL, "SITEID":SITEID])): Send request successfully

11-06-2024T18:03:00 - [MESSAGE][INFO] - Finding Test Object 'Object Repository/TotalPlay-Shop/Interface Login (SLAS)'

11-06-2024T18:03:00 - [MESSAGE][INFO] - Checking request object

11-06-2024T18:03:03 - [MESSAGE][INFO] - HAR: D:\Automation\KogniveraGithub\TotalPlay_Automation\totalplay-API\totalplay-automation\Reports\20240611_180136\Shop-Services\20240611_180137\requests\main\21.har

11-06-2024T18:03:03 - [MESSAGE][PASSED] - Send request successfully

11-06-2024T18:03:03 - [TEST_STEP][PASSED] - assert getResponseStatusCode(LoginResponse) == 200: Checking response object

11-06-2024T18:03:03 - [MESSAGE][INFO] - Checking response object

11-06-2024T18:03:03 - [TEST_STEP][PASSED] - Auth = "ocapiResponse.access_token": null

11-06-2024T18:03:03 - [TEST_STEP][PASSED] - sfccAuthorization = getElementPropertyValue(LoginResponse, Auth): Checking response object

11-06-2024T18:03:03 - [MESSAGE][INFO] - Checking response object

11-06-2024T18:03:03 - [TEST_STEP][PASSED] - logInfo(sfccAuthorization): eyJ2ZXIiOiIxLjAiLCJqa3UiOiJzbGFzL3Byb2QvYmpjbF9kZXYiLCJraWQiOiIzOWM0NGRmMy01OGI5LTQ3YWEtODNhMC05NWMwOTBiZGNkMzciLCJ0eXAiOiJqd3QiLCJjbHYiOiJKMi4zLjQiLCJhbGciOiJFUzI1NiJ9.eyJhdXQiOiJHVUlEIiwic2NwIjoic2ZjYy5zaG9wcGVyLW15YWNjb3VudC5iYXNrZXRzIHNmY2Muc2hvcHBlci1kaXNjb3Zlcnktc2VhcmNoIHNmY2Muc2hvcHBlci1teWFjY291bnQuYWRkcmVzc2VzIHNmY2Muc2hvcHBlci1wcm9kdWN0cyBzZmNjLnNob3BwZXItbXlhY2NvdW50LnJ3IHNmY2Muc2hvcHBlci1teWFjY291bnQucGF5bWVudGluc3RydW1lbnRzIHNmY2Muc2hvcHBlci1jdXN0b21lcnMubG9naW4gc2ZjYy5zaG9wcGVyLXN0b3JlcyBzZmNjLnNob3BwZXItbXlhY2NvdW50Lm9yZGVycyBzZmNjLnNob3BwZXItYmFza2V0cy1vcmRlcnMgc2ZjYy5zaG9wcGVyLWN1c3RvbWVycy5yZWdpc3RlciBzZmNjLnNob3BwZXItbXlhY2NvdW50LmFkZHJlc3Nlcy5ydyBzZmNjLnNob3BwZXItbXlhY2NvdW50LnByb2R1Y3RsaXN0cy5ydyBzZmNjLnNob3BwZXItcHJvZHVjdGxpc3RzIHNmY2Muc2hvcHBlci1wcm9tb3Rpb25zIHNmY2Muc2hvcHBlci1iYXNrZXRzLW9yZGVycy5ydyBzZmNjLnNob3BwZXItZ2lmdC1jZXJ0aWZpY2F0ZXMgc2ZjYy5zaG9wcGVyLW15YWNjb3VudC5wYXltZW50aW5zdHJ1bWVudHMucncgc2ZjYy5zaG9wcGVyLXByb2R1Y3Qtc2VhcmNoIHNmY2Muc2hvcHBlci1teWFjY291bnQucHJvZHVjdGxpc3RzIHNmY2Muc2hvcHBlci1jYXRlZ29yaWVzIHNmY2Muc2hvcHBlci1teWFjY291bnQiLCJzdWIiOiJjYy1zbGFzOjpiamNsX2Rldjo6c2NpZDo1ZDI1ZjVmYS01YTRmLTQ2YjUtYTIxMS04NzU1NDJjODVhYzE6OnVzaWQ6OTY2NjZlYzAtNjNjYS00ZjMxLWJkZTktMTY3ODJmNGRkZTg1IiwiY3R4Ijoic2xhcyIsImlzcyI6InNsYXMvcHJvZC9iamNsX2RldiIsImlzdCI6MSwiZG50IjoiMCIsImF1ZCI6ImNvbW1lcmNlY2xvdWQvcHJvZC9iamNsX2RldiIsIm5iZiI6MTcxODEwOTE1Miwic3R5IjoiVXNlciIsImlzYiI6InVpZG86ZWNvbTo6dXBuOnFhLnRvdGFscGxheSswMTAwOTg3MTA1QGdtYWlsLmNvbTo6dWlkbjpSaWNhcmRvICBDb3JvbmEgQ3J1ejo6Z2NpZDpiY21ydzBsSHhKd1hhUmxIbEh3cVlZeEhrVjo6cmNpZDphY25SYldxdWpIQ3BnOW9xNlYyaGt1VGFTVzo6Y2hpZDpUUC1TSE9QIiwiZXhwIjoxNzE4MTEwOTgyLCJpYXQiOjE3MTgxMDkxODIsImp0aSI6IkMyQy0xMzExNTYzNTcwMTc4NzUxMTg1MDEwMjMwNDIwNzExMDkwMTEifQ.L2_yOSzKG5BnYUr13W2elMpo7DpsrirqGpmWiupprXjnJPjTkKBa9lhDKZ9S1ee7vcK-hnuhAgw7ZsuLxjk57A

11-06-2024T18:03:03 - [MESSAGE][INFO] - eyJ2ZXIiOiIxLjAiLCJqa3UiOiJzbGFzL3Byb2QvYmpjbF9kZXYiLCJraWQiOiIzOWM0NGRmMy01OGI5LTQ3YWEtODNhMC05NWMwOTBiZGNkMzciLCJ0eXAiOiJqd3QiLCJjbHYiOiJKMi4zLjQiLCJhbGciOiJFUzI1NiJ9.eyJhdXQiOiJHVUlEIiwic2NwIjoic2ZjYy5zaG9wcGVyLW15YWNjb3VudC5iYXNrZXRzIHNmY2Muc2hvcHBlci1kaXNjb3Zlcnktc2VhcmNoIHNmY2Muc2hvcHBlci1teWFjY291bnQuYWRkcmVzc2VzIHNmY2Muc2hvcHBlci1wcm9kdWN0cyBzZmNjLnNob3BwZXItbXlhY2NvdW50LnJ3IHNmY2Muc2hvcHBlci1teWFjY291bnQucGF5bWVudGluc3RydW1lbnRzIHNmY2Muc2hvcHBlci1jdXN0b21lcnMubG9naW4gc2ZjYy5zaG9wcGVyLXN0b3JlcyBzZmNjLnNob3BwZXItbXlhY2NvdW50Lm9yZGVycyBzZmNjLnNob3BwZXItYmFza2V0cy1vcmRlcnMgc2ZjYy5zaG9wcGVyLWN1c3RvbWVycy5yZWdpc3RlciBzZmNjLnNob3BwZXItbXlhY2NvdW50LmFkZHJlc3Nlcy5ydyBzZmNjLnNob3BwZXItbXlhY2NvdW50LnByb2R1Y3RsaXN0cy5ydyBzZmNjLnNob3BwZXItcHJvZHVjdGxpc3RzIHNmY2Muc2hvcHBlci1wcm9tb3Rpb25zIHNmY2Muc2hvcHBlci1iYXNrZXRzLW9yZGVycy5ydyBzZmNjLnNob3BwZXItZ2lmdC1jZXJ0aWZpY2F0ZXMgc2ZjYy5zaG9wcGVyLW15YWNjb3VudC5wYXltZW50aW5zdHJ1bWVudHMucncgc2ZjYy5zaG9wcGVyLXByb2R1Y3Qtc2VhcmNoIHNmY2Muc2hvcHBlci1teWFjY291bnQucHJvZHVjdGxpc3RzIHNmY2Muc2hvcHBlci1jYXRlZ29yaWVzIHNmY2Muc2hvcHBlci1teWFjY291bnQiLCJzdWIiOiJjYy1zbGFzOjpiamNsX2Rldjo6c2NpZDo1ZDI1ZjVmYS01YTRmLTQ2YjUtYTIxMS04NzU1NDJjODVhYzE6OnVzaWQ6OTY2NjZlYzAtNjNjYS00ZjMxLWJkZTktMTY3ODJmNGRkZTg1IiwiY3R4Ijoic2xhcyIsImlzcyI6InNsYXMvcHJvZC9iamNsX2RldiIsImlzdCI6MSwiZG50IjoiMCIsImF1ZCI6ImNvbW1lcmNlY2xvdWQvcHJvZC9iamNsX2RldiIsIm5iZiI6MTcxODEwOTE1Miwic3R5IjoiVXNlciIsImlzYiI6InVpZG86ZWNvbTo6dXBuOnFhLnRvdGFscGxheSswMTAwOTg3MTA1QGdtYWlsLmNvbTo6dWlkbjpSaWNhcmRvICBDb3JvbmEgQ3J1ejo6Z2NpZDpiY21ydzBsSHhKd1hhUmxIbEh3cVlZeEhrVjo6cmNpZDphY25SYldxdWpIQ3BnOW9xNlYyaGt1VGFTVzo6Y2hpZDpUUC1TSE9QIiwiZXhwIjoxNzE4MTEwOTgyLCJpYXQiOjE3MTgxMDkxODIsImp0aSI6IkMyQy0xMzExNTYzNTcwMTc4NzUxMTg1MDEwMjMwNDIwNzExMDkwMTEifQ.L2_yOSzKG5BnYUr13W2elMpo7DpsrirqGpmWiupprXjnJPjTkKBa9lhDKZ9S1ee7vcK-hnuhAgw7ZsuLxjk57A

11-06-2024T18:03:03 - [TEST_STEP][PASSED] - Authorization = "Bearer " + sfccAuthorization: null

11-06-2024T18:03:03 - [TEST_STEP][PASSED] - logInfo(bm_auth_token): 

11-06-2024T18:03:03 - [MESSAGE][INFO] - 

11-06-2024T18:03:03 - [TEST_STEP][PASSED] - if (sfccAuthorization.length() == 0): null

11-06-2024T18:03:03 - [TEST_STEP][PASSED] - else: authorization generated

11-06-2024T18:03:03 - [TEST_STEP][PASSED] - markPassed("authorization generated"): authorization generated

11-06-2024T18:03:03 - [MESSAGE][PASSED] - authorization generated

11-06-2024T18:03:03 - [TEST_STEP][PASSED] - BasketId_loginResponse = "ocapiResponse.c_basketId": null

11-06-2024T18:03:03 - [TEST_STEP][PASSED] - CustomerId_loginResponse = "ocapiResponse.customer_id": null

11-06-2024T18:03:03 - [TEST_STEP][PASSED] - basketId = getElementPropertyValue(LoginResponse, BasketId_loginResponse): Checking response object

11-06-2024T18:03:03 - [MESSAGE][INFO] - Checking response object

11-06-2024T18:03:03 - [TEST_STEP][PASSED] - customerId = getElementPropertyValue(LoginResponse, CustomerId_loginResponse): Checking response object

11-06-2024T18:03:03 - [MESSAGE][INFO] - Checking response object

11-06-2024T18:03:03 - [TEST_STEP][PASSED] - basketID = basketId: null

11-06-2024T18:03:03 - [TEST_STEP][PASSED] - sla_customerId = customerId: null

11-06-2024T18:03:03 - [TEST_STEP][PASSED] - println(basketID): null

11-06-2024T18:03:03 - [TEST_STEP][PASSED] - println(sla_customerId): null

11-06-2024T18:03:03 - [TEST_STEP][PASSED] - refresh_token = "ocapiResponse.refresh_token": null

11-06-2024T18:03:03 - [TEST_STEP][PASSED] - customer_email = "ocapiResponse.customer_email": null

11-06-2024T18:03:03 - [TEST_STEP][PASSED] - c_brmId = "ocapiResponse.c_brmId": null

11-06-2024T18:03:03 - [TEST_STEP][PASSED] - customer_name = "ocapiResponse.customer_name": null

11-06-2024T18:03:03 - [TEST_STEP][PASSED] - totalplay.Common.verifyPropertyExist(LoginResponse, refresh_token): totalplay.Common.verifyPropertyExist is PASSED

11-06-2024T18:03:03 - [MESSAGE][INFO] - Checking response object

11-06-2024T18:03:03 - [MESSAGE][PASSED] - totalplay.Common.verifyPropertyExist is PASSED

11-06-2024T18:03:03 - [TEST_STEP][PASSED] - totalplay.Common.verifyPropertyValueExist(LoginResponse, refresh_token): totalplay.Common.verifyPropertyValueExist is PASSED

11-06-2024T18:03:03 - [MESSAGE][INFO] - Checking response object

11-06-2024T18:03:03 - [MESSAGE][INFO] - bb6nAdtjqZ1BIIOwo_U304VMjf9ObAjzTGdyeuZJQ-Q

11-06-2024T18:03:03 - [MESSAGE][PASSED] - totalplay.Common.verifyPropertyValueExist is PASSED

11-06-2024T18:03:03 - [TEST_STEP][PASSED] - totalplay.Common.verifyPropertyExist(LoginResponse, customer_email): totalplay.Common.verifyPropertyExist is PASSED

11-06-2024T18:03:03 - [MESSAGE][INFO] - Checking response object

11-06-2024T18:03:03 - [MESSAGE][PASSED] - totalplay.Common.verifyPropertyExist is PASSED

11-06-2024T18:03:03 - [TEST_STEP][PASSED] - totalplay.Common.verifyPropertyValueExist(LoginResponse, customer_email): totalplay.Common.verifyPropertyValueExist is PASSED

11-06-2024T18:03:03 - [MESSAGE][INFO] - Checking response object

11-06-2024T18:03:03 - [MESSAGE][INFO] - qa.totalplay@gmail.com

11-06-2024T18:03:03 - [MESSAGE][PASSED] - totalplay.Common.verifyPropertyValueExist is PASSED

11-06-2024T18:03:03 - [TEST_STEP][PASSED] - totalplay.Common.verifyPropertyExist(LoginResponse, customer_name): totalplay.Common.verifyPropertyExist is PASSED

11-06-2024T18:03:03 - [MESSAGE][INFO] - Checking response object

11-06-2024T18:03:03 - [MESSAGE][PASSED] - totalplay.Common.verifyPropertyExist is PASSED

11-06-2024T18:03:03 - [TEST_STEP][PASSED] - totalplay.Common.verifyPropertyValueExist(LoginResponse, customer_name): totalplay.Common.verifyPropertyValueExist is PASSED

11-06-2024T18:03:03 - [MESSAGE][INFO] - Checking response object

11-06-2024T18:03:03 - [MESSAGE][INFO] - Ricardo  Corona Cruz

11-06-2024T18:03:03 - [MESSAGE][PASSED] - totalplay.Common.verifyPropertyValueExist is PASSED

11-06-2024T18:03:03 - [TEST_STEP][PASSED] - totalplay.Common.verifyPropertyExist(LoginResponse, c_brmId): totalplay.Common.verifyPropertyExist is PASSED

11-06-2024T18:03:03 - [MESSAGE][INFO] - Checking response object

11-06-2024T18:03:03 - [MESSAGE][PASSED] - totalplay.Common.verifyPropertyExist is PASSED

11-06-2024T18:03:03 - [TEST_STEP][PASSED] - totalplay.Common.verifyPropertyValueExist(LoginResponse, c_brmId): totalplay.Common.verifyPropertyValueExist is PASSED

11-06-2024T18:03:03 - [MESSAGE][INFO] - Checking response object

11-06-2024T18:03:03 - [MESSAGE][INFO] - 0100987105

11-06-2024T18:03:03 - [MESSAGE][PASSED] - totalplay.Common.verifyPropertyValueExist is PASSED

11-06-2024T18:03:03 - [MESSAGE][PASSED] - Call Test Case 'Test Cases/TotalPlay-Shop/TC_1_InterfaceLogin' successfully

11-06-2024T18:03:03 - [TEST_STEP][PASSED] - SLP_Search_Response = sendRequest(findTestObject("TotalPlay-Shop/Postman/Search/SLP Search", ["URL":URL, "SITEID":SITEID])): Send request successfully

11-06-2024T18:03:03 - [MESSAGE][INFO] - Finding Test Object 'Object Repository/TotalPlay-Shop/Postman/Search/SLP Search'

11-06-2024T18:03:03 - [MESSAGE][INFO] - Checking request object

11-06-2024T18:03:05 - [MESSAGE][INFO] - HAR: D:\Automation\KogniveraGithub\TotalPlay_Automation\totalplay-API\totalplay-automation\Reports\20240611_180136\Shop-Services\20240611_180137\requests\main\22.har

11-06-2024T18:03:05 - [MESSAGE][PASSED] - Send request successfully

11-06-2024T18:03:05 - [TEST_STEP][PASSED] - verifyResponseStatusCode(SLP_Search_Response, 200): Verify response status code successfully

11-06-2024T18:03:05 - [MESSAGE][INFO] - Checking response object

11-06-2024T18:03:05 - [MESSAGE][PASSED] - Verify response status code successfully

11-06-2024T18:03:05 - [TEST_STEP][PASSED] - store_name = "stores[0].name": null

11-06-2024T18:03:05 - [TEST_STEP][PASSED] - store_corporateName = "stores[0].corporateName": null

11-06-2024T18:03:05 - [TEST_STEP][PASSED] - store_ondemandEDD = "stores[0].ondemandEDD": null

11-06-2024T18:03:05 - [TEST_STEP][PASSED] - store_multiStoreEDD = "stores[0].multiStoreEDD": null

11-06-2024T18:03:05 - [TEST_STEP][PASSED] - store_image = "stores[0].image": null

11-06-2024T18:03:05 - [TEST_STEP][PASSED] - store_productsCount = "stores[0].productsCount": null

11-06-2024T18:03:05 - [TEST_STEP][PASSED] - store_link = "stores[0].link": null

11-06-2024T18:03:05 - [TEST_STEP][PASSED] - store_linkType = "stores[0].linkType": null

11-06-2024T18:03:05 - [TEST_STEP][PASSED] - store_corporateColorCode = "stores[0].corporateColorCode": null

11-06-2024T18:03:05 - [TEST_STEP][PASSED] - store_verticalType = "stores[0].verticalType": null

11-06-2024T18:03:05 - [TEST_STEP][PASSED] - store_Open = "stores[0].storeOpen": null

11-06-2024T18:03:05 - [TEST_STEP][PASSED] - product_Id = "stores[0].products[0].productId": null

11-06-2024T18:03:05 - [TEST_STEP][PASSED] - product_Name = "stores[0].products[0].productName": null

11-06-2024T18:03:05 - [TEST_STEP][PASSED] - product_link = "stores[0].products[0].link": null

11-06-2024T18:03:05 - [TEST_STEP][PASSED] - product_linkType = "stores[0].products[0].linkType": null

11-06-2024T18:03:05 - [TEST_STEP][PASSED] - categories_id = "categories[0].id": null

11-06-2024T18:03:05 - [TEST_STEP][PASSED] - categories_name = "categories[0].name": null

11-06-2024T18:03:05 - [TEST_STEP][PASSED] - categories_link = "categories[0].link": null

11-06-2024T18:03:05 - [TEST_STEP][PASSED] - categories_linkType = "categories[0].linkType": null

11-06-2024T18:03:05 - [TEST_STEP][PASSED] - categories_parentCategoryName = "categories[0].parentCategoryName": null

11-06-2024T18:03:05 - [TEST_STEP][PASSED] - product_productId = "products[0].productId": null

11-06-2024T18:03:05 - [TEST_STEP][PASSED] - product_productName = "products[0].productName": null

11-06-2024T18:03:05 - [TEST_STEP][PASSED] - product_product_link = "products[0].link": null

11-06-2024T18:03:05 - [TEST_STEP][PASSED] - product_product_linkType = "products[0].linkType": null

11-06-2024T18:03:05 - [TEST_STEP][FAILED] - totalplay.Common.verifyPropertyExist(SLP_Search_Response, store_name): Unable to get element count (Root cause: java.lang.NullPointerException: Cannot get property 'name' on null object
	at Script1.run(Script1.groovy:1)
	at com.kms.katalon.core.webservice.helper.WebServiceCommonHelper.parseAndExecuteExpressionForJson(WebServiceCommonHelper.java:212)
	at com.kms.katalon.core.webservice.keyword.builtin.GetElementsCountKeyword$_getElementsCount_closure1.doCall(GetElementsCountKeyword.groovy:41)
	at com.kms.katalon.core.webservice.keyword.builtin.GetElementsCountKeyword$_getElementsCount_closure1.call(GetElementsCountKeyword.groovy)
	at com.kms.katalon.core.keyword.internal.KeywordMain.runKeyword(KeywordMain.groovy:75)
	at com.kms.katalon.core.webservice.keyword.builtin.GetElementsCountKeyword.getElementsCount(GetElementsCountKeyword.groovy:37)
	at com.kms.katalon.core.webservice.keyword.builtin.GetElementsCountKeyword.execute(GetElementsCountKeyword.groovy:32)
	at com.kms.katalon.core.keyword.internal.KeywordExecutor.executeKeywordForPlatform(KeywordExecutor.groovy:74)
	at com.kms.katalon.core.webservice.keyword.WSBuiltInKeywords.getElementsCount(WSBuiltInKeywords.groovy:99)
	at totalplay.Common.verifyPropertyExist(Common.groovy:39)
	at jdk.internal.reflect.GeneratedMethodAccessor7.invoke(Unknown Source)
	at java.base/jdk.internal.reflect.DelegatingMethodAccessorImpl.invoke(DelegatingMethodAccessorImpl.java:43)
	at com.kms.katalon.core.main.CustomKeywordDelegatingMetaClass.invokeStaticMethod(CustomKeywordDelegatingMetaClass.java:55)
	at TC_12_SLPSearch.run(TC_12_SLPSearch:54)
	at com.kms.katalon.core.main.ScriptEngine.run(ScriptEngine.java:194)
	at com.kms.katalon.core.main.ScriptEngine.runScriptAsRawText(ScriptEngine.java:119)
	at com.kms.katalon.core.main.TestCaseExecutor.runScript(TestCaseExecutor.java:448)
	at com.kms.katalon.core.main.TestCaseExecutor.doExecute(TestCaseExecutor.java:439)
	at com.kms.katalon.core.main.TestCaseExecutor.processExecutionPhase(TestCaseExecutor.java:418)
	at com.kms.katalon.core.main.TestCaseExecutor.accessMainPhase(TestCaseExecutor.java:410)
	at com.kms.katalon.core.main.TestCaseExecutor.execute(TestCaseExecutor.java:285)
	at com.kms.katalon.core.common.CommonExecutor.accessTestCaseMainPhase(CommonExecutor.java:65)
	at com.kms.katalon.core.main.TestSuiteExecutor.accessTestSuiteMainPhase(TestSuiteExecutor.java:150)
	at com.kms.katalon.core.main.TestSuiteExecutor.execute(TestSuiteExecutor.java:106)
	at com.kms.katalon.core.main.TestCaseMain.startTestSuite(TestCaseMain.java:180)
	at TempTestSuite1718109097791.run(TempTestSuite1718109097791.groovy:35)
	at java.base/jdk.internal.reflect.NativeMethodAccessorImpl.invoke0(Native Method)
	at java.base/jdk.internal.reflect.NativeMethodAccessorImpl.invoke(NativeMethodAccessorImpl.java:77)
	at java.base/jdk.internal.reflect.DelegatingMethodAccessorImpl.invoke(DelegatingMethodAccessorImpl.java:43)
)

11-06-2024T18:03:05 - [MESSAGE][INFO] - Checking response object

11-06-2024T18:03:05 - [MESSAGE][FAILED] - Unable to get element count (Root cause: java.lang.NullPointerException: Cannot get property 'name' on null object
	at Script1.run(Script1.groovy:1)
	at com.kms.katalon.core.webservice.helper.WebServiceCommonHelper.parseAndExecuteExpressionForJson(WebServiceCommonHelper.java:212)
	at com.kms.katalon.core.webservice.keyword.builtin.GetElementsCountKeyword$_getElementsCount_closure1.doCall(GetElementsCountKeyword.groovy:41)
	at com.kms.katalon.core.webservice.keyword.builtin.GetElementsCountKeyword$_getElementsCount_closure1.call(GetElementsCountKeyword.groovy)
	at com.kms.katalon.core.keyword.internal.KeywordMain.runKeyword(KeywordMain.groovy:75)
	at com.kms.katalon.core.webservice.keyword.builtin.GetElementsCountKeyword.getElementsCount(GetElementsCountKeyword.groovy:37)
	at com.kms.katalon.core.webservice.keyword.builtin.GetElementsCountKeyword.execute(GetElementsCountKeyword.groovy:32)
	at com.kms.katalon.core.keyword.internal.KeywordExecutor.executeKeywordForPlatform(KeywordExecutor.groovy:74)
	at com.kms.katalon.core.webservice.keyword.WSBuiltInKeywords.getElementsCount(WSBuiltInKeywords.groovy:99)
	at totalplay.Common.verifyPropertyExist(Common.groovy:39)
	at jdk.internal.reflect.GeneratedMethodAccessor7.invoke(Unknown Source)
	at java.base/jdk.internal.reflect.DelegatingMethodAccessorImpl.invoke(DelegatingMethodAccessorImpl.java:43)
	at com.kms.katalon.core.main.CustomKeywordDelegatingMetaClass.invokeStaticMethod(CustomKeywordDelegatingMetaClass.java:55)
	at TC_12_SLPSearch.run(TC_12_SLPSearch:54)
	at com.kms.katalon.core.main.ScriptEngine.run(ScriptEngine.java:194)
	at com.kms.katalon.core.main.ScriptEngine.runScriptAsRawText(ScriptEngine.java:119)
	at com.kms.katalon.core.main.TestCaseExecutor.runScript(TestCaseExecutor.java:448)
	at com.kms.katalon.core.main.TestCaseExecutor.doExecute(TestCaseExecutor.java:439)
	at com.kms.katalon.core.main.TestCaseExecutor.processExecutionPhase(TestCaseExecutor.java:418)
	at com.kms.katalon.core.main.TestCaseExecutor.accessMainPhase(TestCaseExecutor.java:410)
	at com.kms.katalon.core.main.TestCaseExecutor.execute(TestCaseExecutor.java:285)
	at com.kms.katalon.core.common.CommonExecutor.accessTestCaseMainPhase(CommonExecutor.java:65)
	at com.kms.katalon.core.main.TestSuiteExecutor.accessTestSuiteMainPhase(TestSuiteExecutor.java:150)
	at com.kms.katalon.core.main.TestSuiteExecutor.execute(TestSuiteExecutor.java:106)
	at com.kms.katalon.core.main.TestCaseMain.startTestSuite(TestCaseMain.java:180)
	at TempTestSuite1718109097791.run(TempTestSuite1718109097791.groovy:35)
	at java.base/jdk.internal.reflect.NativeMethodAccessorImpl.invoke0(Native Method)
	at java.base/jdk.internal.reflect.NativeMethodAccessorImpl.invoke(NativeMethodAccessorImpl.java:77)
	at java.base/jdk.internal.reflect.DelegatingMethodAccessorImpl.invoke(DelegatingMethodAccessorImpl.java:43)
)

11-06-2024T18:03:05 - [MESSAGE][FAILED] - Unable to get element count (Root cause: java.lang.NullPointerException: Cannot get property 'name' on null object
	at Script1.run(Script1.groovy:1)
	at com.kms.katalon.core.webservice.helper.WebServiceCommonHelper.parseAndExecuteExpressionForJson(WebServiceCommonHelper.java:212)
	at com.kms.katalon.core.webservice.keyword.builtin.GetElementsCountKeyword$_getElementsCount_closure1.doCall(GetElementsCountKeyword.groovy:41)
	at com.kms.katalon.core.webservice.keyword.builtin.GetElementsCountKeyword$_getElementsCount_closure1.call(GetElementsCountKeyword.groovy)
	at com.kms.katalon.core.keyword.internal.KeywordMain.runKeyword(KeywordMain.groovy:75)
	at com.kms.katalon.core.webservice.keyword.builtin.GetElementsCountKeyword.getElementsCount(GetElementsCountKeyword.groovy:37)
	at com.kms.katalon.core.webservice.keyword.builtin.GetElementsCountKeyword.execute(GetElementsCountKeyword.groovy:32)
	at com.kms.katalon.core.keyword.internal.KeywordExecutor.executeKeywordForPlatform(KeywordExecutor.groovy:74)
	at com.kms.katalon.core.webservice.keyword.WSBuiltInKeywords.getElementsCount(WSBuiltInKeywords.groovy:99)
	at totalplay.Common.verifyPropertyExist(Common.groovy:39)
	at jdk.internal.reflect.GeneratedMethodAccessor7.invoke(Unknown Source)
	at java.base/jdk.internal.reflect.DelegatingMethodAccessorImpl.invoke(DelegatingMethodAccessorImpl.java:43)
	at com.kms.katalon.core.main.CustomKeywordDelegatingMetaClass.invokeStaticMethod(CustomKeywordDelegatingMetaClass.java:55)
	at TC_12_SLPSearch.run(TC_12_SLPSearch:54)
	at com.kms.katalon.core.main.ScriptEngine.run(ScriptEngine.java:194)
	at com.kms.katalon.core.main.ScriptEngine.runScriptAsRawText(ScriptEngine.java:119)
	at com.kms.katalon.core.main.TestCaseExecutor.runScript(TestCaseExecutor.java:448)
	at com.kms.katalon.core.main.TestCaseExecutor.doExecute(TestCaseExecutor.java:439)
	at com.kms.katalon.core.main.TestCaseExecutor.processExecutionPhase(TestCaseExecutor.java:418)
	at com.kms.katalon.core.main.TestCaseExecutor.accessMainPhase(TestCaseExecutor.java:410)
	at com.kms.katalon.core.main.TestCaseExecutor.execute(TestCaseExecutor.java:285)
	at com.kms.katalon.core.common.CommonExecutor.accessTestCaseMainPhase(CommonExecutor.java:65)
	at com.kms.katalon.core.main.TestSuiteExecutor.accessTestSuiteMainPhase(TestSuiteExecutor.java:150)
	at com.kms.katalon.core.main.TestSuiteExecutor.execute(TestSuiteExecutor.java:106)
	at com.kms.katalon.core.main.TestCaseMain.startTestSuite(TestCaseMain.java:180)
	at TempTestSuite1718109097791.run(TempTestSuite1718109097791.groovy:35)
	at java.base/jdk.internal.reflect.NativeMethodAccessorImpl.invoke0(Native Method)
	at java.base/jdk.internal.reflect.NativeMethodAccessorImpl.invoke(NativeMethodAccessorImpl.java:77)
	at java.base/jdk.internal.reflect.DelegatingMethodAccessorImpl.invoke(DelegatingMethodAccessorImpl.java:43)
)]]></system-out>
         <system-err><![CDATA[11-06-2024T18:03:00 - [TEST_CASE][FAILED] - Test Cases/TotalPlay-Shop/TC_12_SLPSearch: Test Cases/TotalPlay-Shop/TC_12_SLPSearch FAILED.
Reason:
com.kms.katalon.core.exception.StepFailedException: Unable to get element count (Root cause: java.lang.NullPointerException: Cannot get property 'name' on null object
	at Script1.run(Script1.groovy:1)
	at com.kms.katalon.core.webservice.helper.WebServiceCommonHelper.parseAndExecuteExpressionForJson(WebServiceCommonHelper.java:212)
	at com.kms.katalon.core.webservice.keyword.builtin.GetElementsCountKeyword$_getElementsCount_closure1.doCall(GetElementsCountKeyword.groovy:41)
	at com.kms.katalon.core.webservice.keyword.builtin.GetElementsCountKeyword$_getElementsCount_closure1.call(GetElementsCountKeyword.groovy)
	at com.kms.katalon.core.keyword.internal.KeywordMain.runKeyword(KeywordMain.groovy:75)
	at com.kms.katalon.core.webservice.keyword.builtin.GetElementsCountKeyword.getElementsCount(GetElementsCountKeyword.groovy:37)
	at com.kms.katalon.core.webservice.keyword.builtin.GetElementsCountKeyword.execute(GetElementsCountKeyword.groovy:32)
	at com.kms.katalon.core.keyword.internal.KeywordExecutor.executeKeywordForPlatform(KeywordExecutor.groovy:74)
	at com.kms.katalon.core.webservice.keyword.WSBuiltInKeywords.getElementsCount(WSBuiltInKeywords.groovy:99)
	at totalplay.Common.verifyPropertyExist(Common.groovy:39)
	at jdk.internal.reflect.GeneratedMethodAccessor7.invoke(Unknown Source)
	at java.base/jdk.internal.reflect.DelegatingMethodAccessorImpl.invoke(DelegatingMethodAccessorImpl.java:43)
	at com.kms.katalon.core.main.CustomKeywordDelegatingMetaClass.invokeStaticMethod(CustomKeywordDelegatingMetaClass.java:55)
	at TC_12_SLPSearch.run(TC_12_SLPSearch:54)
	at com.kms.katalon.core.main.ScriptEngine.run(ScriptEngine.java:194)
	at com.kms.katalon.core.main.ScriptEngine.runScriptAsRawText(ScriptEngine.java:119)
	at com.kms.katalon.core.main.TestCaseExecutor.runScript(TestCaseExecutor.java:448)
	at com.kms.katalon.core.main.TestCaseExecutor.doExecute(TestCaseExecutor.java:439)
	at com.kms.katalon.core.main.TestCaseExecutor.processExecutionPhase(TestCaseExecutor.java:418)
	at com.kms.katalon.core.main.TestCaseExecutor.accessMainPhase(TestCaseExecutor.java:410)
	at com.kms.katalon.core.main.TestCaseExecutor.execute(TestCaseExecutor.java:285)
	at com.kms.katalon.core.common.CommonExecutor.accessTestCaseMainPhase(CommonExecutor.java:65)
	at com.kms.katalon.core.main.TestSuiteExecutor.accessTestSuiteMainPhase(TestSuiteExecutor.java:150)
	at com.kms.katalon.core.main.TestSuiteExecutor.execute(TestSuiteExecutor.java:106)
	at com.kms.katalon.core.main.TestCaseMain.startTestSuite(TestCaseMain.java:180)
	at TempTestSuite1718109097791.run(TempTestSuite1718109097791.groovy:35)
	at java.base/jdk.internal.reflect.NativeMethodAccessorImpl.invoke0(Native Method)
	at java.base/jdk.internal.reflect.NativeMethodAccessorImpl.invoke(NativeMethodAccessorImpl.java:77)
	at java.base/jdk.internal.reflect.DelegatingMethodAccessorImpl.invoke(DelegatingMethodAccessorImpl.java:43)
)
	at com.kms.katalon.core.keyword.internal.KeywordMain.stepFailed(KeywordMain.groovy:51)
	at com.kms.katalon.core.keyword.internal.KeywordMain.stepFailed(KeywordMain.groovy)
	at com.kms.katalon.core.keyword.internal.KeywordMain.runKeyword(KeywordMain.groovy:77)
	at com.kms.katalon.core.webservice.keyword.builtin.GetElementsCountKeyword.getElementsCount(GetElementsCountKeyword.groovy:37)
	at com.kms.katalon.core.webservice.keyword.builtin.GetElementsCountKeyword.execute(GetElementsCountKeyword.groovy:32)
	at com.kms.katalon.core.keyword.internal.KeywordExecutor.executeKeywordForPlatform(KeywordExecutor.groovy:74)
	at com.kms.katalon.core.webservice.keyword.WSBuiltInKeywords.getElementsCount(WSBuiltInKeywords.groovy:99)
	at totalplay.Common.verifyPropertyExist(Common.groovy:39)
	at jdk.internal.reflect.GeneratedMethodAccessor7.invoke(Unknown Source)
	at java.base/jdk.internal.reflect.DelegatingMethodAccessorImpl.invoke(DelegatingMethodAccessorImpl.java:43)
	at com.kms.katalon.core.main.CustomKeywordDelegatingMetaClass.invokeStaticMethod(CustomKeywordDelegatingMetaClass.java:55)
	at TC_12_SLPSearch.run(TC_12_SLPSearch:54)
	at com.kms.katalon.core.main.ScriptEngine.run(ScriptEngine.java:194)
	at com.kms.katalon.core.main.ScriptEngine.runScriptAsRawText(ScriptEngine.java:119)
	at com.kms.katalon.core.main.TestCaseExecutor.runScript(TestCaseExecutor.java:448)
	at com.kms.katalon.core.main.TestCaseExecutor.doExecute(TestCaseExecutor.java:439)
	at com.kms.katalon.core.main.TestCaseExecutor.processExecutionPhase(TestCaseExecutor.java:418)
	at com.kms.katalon.core.main.TestCaseExecutor.accessMainPhase(TestCaseExecutor.java:410)
	at com.kms.katalon.core.main.TestCaseExecutor.execute(TestCaseExecutor.java:285)
	at com.kms.katalon.core.common.CommonExecutor.accessTestCaseMainPhase(CommonExecutor.java:65)
	at com.kms.katalon.core.main.TestSuiteExecutor.accessTestSuiteMainPhase(TestSuiteExecutor.java:150)
	at com.kms.katalon.core.main.TestSuiteExecutor.execute(TestSuiteExecutor.java:106)
	at com.kms.katalon.core.main.TestCaseMain.startTestSuite(TestCaseMain.java:180)
	at TempTestSuite1718109097791.run(TempTestSuite1718109097791.groovy:35)
	at java.base/jdk.internal.reflect.NativeMethodAccessorImpl.invoke0(Native Method)
	at java.base/jdk.internal.reflect.NativeMethodAccessorImpl.invoke(NativeMethodAccessorImpl.java:77)
	at java.base/jdk.internal.reflect.DelegatingMethodAccessorImpl.invoke(DelegatingMethodAccessorImpl.java:43)
Caused by: java.lang.NullPointerException: Cannot get property 'name' on null object
	at Script1.run(Script1.groovy:1)
	at com.kms.katalon.core.webservice.helper.WebServiceCommonHelper.parseAndExecuteExpressionForJson(WebServiceCommonHelper.java:212)
	at com.kms.katalon.core.webservice.keyword.builtin.GetElementsCountKeyword$_getElementsCount_closure1.doCall(GetElementsCountKeyword.groovy:41)
	at com.kms.katalon.core.webservice.keyword.builtin.GetElementsCountKeyword$_getElementsCount_closure1.call(GetElementsCountKeyword.groovy)
	at com.kms.katalon.core.keyword.internal.KeywordMain.runKeyword(KeywordMain.groovy:75)
	... 24 more]]></system-err>
      </testcase>
      <testcase name="Test Cases/TotalPlay-Shop/TC_13_PLPSearch" time="3.355" classname="Test Cases/TotalPlay-Shop/TC_13_PLPSearch" status="FAILED">
         <failure type="FAILED" message="Test Cases/TotalPlay-Shop/TC_13_PLPSearch FAILED.&#xa;Reason:&#xa;com.kms.katalon.core.exception.StepFailedException: Unable to get element count (Root cause: java.lang.NullPointerException: Cannot get property 'id' on null object&#xa;	at Script1.run(Script1.groovy:1)&#xa;	at com.kms.katalon.core.webservice.helper.WebServiceCommonHelper.parseAndExecuteExpressionForJson(WebServiceCommonHelper.java:212)&#xa;	at com.kms.katalon.core.webservice.keyword.builtin.GetElementsCountKeyword$_getElementsCount_closure1.doCall(GetElementsCountKeyword.groovy:41)&#xa;	at com.kms.katalon.core.webservice.keyword.builtin.GetElementsCountKeyword$_getElementsCount_closure1.call(GetElementsCountKeyword.groovy)&#xa;	at com.kms.katalon.core.keyword.internal.KeywordMain.runKeyword(KeywordMain.groovy:75)&#xa;	at com.kms.katalon.core.webservice.keyword.builtin.GetElementsCountKeyword.getElementsCount(GetElementsCountKeyword.groovy:37)&#xa;	at com.kms.katalon.core.webservice.keyword.builtin.GetElementsCountKeyword.execute(GetElementsCountKeyword.groovy:32)&#xa;	at com.kms.katalon.core.keyword.internal.KeywordExecutor.executeKeywordForPlatform(KeywordExecutor.groovy:74)&#xa;	at com.kms.katalon.core.webservice.keyword.WSBuiltInKeywords.getElementsCount(WSBuiltInKeywords.groovy:99)&#xa;	at totalplay.Common.verifyPropertyExist(Common.groovy:39)&#xa;	at jdk.internal.reflect.GeneratedMethodAccessor7.invoke(Unknown Source)&#xa;	at java.base/jdk.internal.reflect.DelegatingMethodAccessorImpl.invoke(DelegatingMethodAccessorImpl.java:43)&#xa;	at com.kms.katalon.core.main.CustomKeywordDelegatingMetaClass.invokeStaticMethod(CustomKeywordDelegatingMetaClass.java:55)&#xa;	at TC_13_PLPSearch.run(TC_13_PLPSearch:37)&#xa;	at com.kms.katalon.core.main.ScriptEngine.run(ScriptEngine.java:194)&#xa;	at com.kms.katalon.core.main.ScriptEngine.runScriptAsRawText(ScriptEngine.java:119)&#xa;	at com.kms.katalon.core.main.TestCaseExecutor.runScript(TestCaseExecutor.java:448)&#xa;	at com.kms.katalon.core.main.TestCaseExecutor.doExecute(TestCaseExecutor.java:439)&#xa;	at com.kms.katalon.core.main.TestCaseExecutor.processExecutionPhase(TestCaseExecutor.java:418)&#xa;	at com.kms.katalon.core.main.TestCaseExecutor.accessMainPhase(TestCaseExecutor.java:410)&#xa;	at com.kms.katalon.core.main.TestCaseExecutor.execute(TestCaseExecutor.java:285)&#xa;	at com.kms.katalon.core.common.CommonExecutor.accessTestCaseMainPhase(CommonExecutor.java:65)&#xa;	at com.kms.katalon.core.main.TestSuiteExecutor.accessTestSuiteMainPhase(TestSuiteExecutor.java:150)&#xa;	at com.kms.katalon.core.main.TestSuiteExecutor.execute(TestSuiteExecutor.java:106)&#xa;	at com.kms.katalon.core.main.TestCaseMain.startTestSuite(TestCaseMain.java:180)&#xa;	at TempTestSuite1718109097791.run(TempTestSuite1718109097791.groovy:35)&#xa;	at java.base/jdk.internal.reflect.NativeMethodAccessorImpl.invoke0(Native Method)&#xa;	at java.base/jdk.internal.reflect.NativeMethodAccessorImpl.invoke(NativeMethodAccessorImpl.java:77)&#xa;	at java.base/jdk.internal.reflect.DelegatingMethodAccessorImpl.invoke(DelegatingMethodAccessorImpl.java:43)&#xa;)&#xa;	at com.kms.katalon.core.keyword.internal.KeywordMain.stepFailed(KeywordMain.groovy:51)&#xa;	at com.kms.katalon.core.keyword.internal.KeywordMain.stepFailed(KeywordMain.groovy)&#xa;	at com.kms.katalon.core.keyword.internal.KeywordMain.runKeyword(KeywordMain.groovy:77)&#xa;	at com.kms.katalon.core.webservice.keyword.builtin.GetElementsCountKeyword.getElementsCount(GetElementsCountKeyword.groovy:37)&#xa;	at com.kms.katalon.core.webservice.keyword.builtin.GetElementsCountKeyword.execute(GetElementsCountKeyword.groovy:32)&#xa;	at com.kms.katalon.core.keyword.internal.KeywordExecutor.executeKeywordForPlatform(KeywordExecutor.groovy:74)&#xa;	at com.kms.katalon.core.webservice.keyword.WSBuiltInKeywords.getElementsCount(WSBuiltInKeywords.groovy:99)&#xa;	at totalplay.Common.verifyPropertyExist(Common.groovy:39)&#xa;	at jdk.internal.reflect.GeneratedMethodAccessor7.invoke(Unknown Source)&#xa;	at java.base/jdk.internal.reflect.DelegatingMethodAccessorImpl.invoke(DelegatingMethodAccessorImpl.java:43)&#xa;	at com.kms.katalon.core.main.CustomKeywordDelegatingMetaClass.invokeStaticMethod(CustomKeywordDelegatingMetaClass.java:55)&#xa;	at TC_13_PLPSearch.run(TC_13_PLPSearch:37)&#xa;	at com.kms.katalon.core.main.ScriptEngine.run(ScriptEngine.java:194)&#xa;	at com.kms.katalon.core.main.ScriptEngine.runScriptAsRawText(ScriptEngine.java:119)&#xa;	at com.kms.katalon.core.main.TestCaseExecutor.runScript(TestCaseExecutor.java:448)&#xa;	at com.kms.katalon.core.main.TestCaseExecutor.doExecute(TestCaseExecutor.java:439)&#xa;	at com.kms.katalon.core.main.TestCaseExecutor.processExecutionPhase(TestCaseExecutor.java:418)&#xa;	at com.kms.katalon.core.main.TestCaseExecutor.accessMainPhase(TestCaseExecutor.java:410)&#xa;	at com.kms.katalon.core.main.TestCaseExecutor.execute(TestCaseExecutor.java:285)&#xa;	at com.kms.katalon.core.common.CommonExecutor.accessTestCaseMainPhase(CommonExecutor.java:65)&#xa;	at com.kms.katalon.core.main.TestSuiteExecutor.accessTestSuiteMainPhase(TestSuiteExecutor.java:150)&#xa;	at com.kms.katalon.core.main.TestSuiteExecutor.execute(TestSuiteExecutor.java:106)&#xa;	at com.kms.katalon.core.main.TestCaseMain.startTestSuite(TestCaseMain.java:180)&#xa;	at TempTestSuite1718109097791.run(TempTestSuite1718109097791.groovy:35)&#xa;	at java.base/jdk.internal.reflect.NativeMethodAccessorImpl.invoke0(Native Method)&#xa;	at java.base/jdk.internal.reflect.NativeMethodAccessorImpl.invoke(NativeMethodAccessorImpl.java:77)&#xa;	at java.base/jdk.internal.reflect.DelegatingMethodAccessorImpl.invoke(DelegatingMethodAccessorImpl.java:43)&#xa;Caused by: java.lang.NullPointerException: Cannot get property 'id' on null object&#xa;	at Script1.run(Script1.groovy:1)&#xa;	at com.kms.katalon.core.webservice.helper.WebServiceCommonHelper.parseAndExecuteExpressionForJson(WebServiceCommonHelper.java:212)&#xa;	at com.kms.katalon.core.webservice.keyword.builtin.GetElementsCountKeyword$_getElementsCount_closure1.doCall(GetElementsCountKeyword.groovy:41)&#xa;	at com.kms.katalon.core.webservice.keyword.builtin.GetElementsCountKeyword$_getElementsCount_closure1.call(GetElementsCountKeyword.groovy)&#xa;	at com.kms.katalon.core.keyword.internal.KeywordMain.runKeyword(KeywordMain.groovy:75)&#xa;	... 24 more&#xa;"/>
         <system-out><![CDATA[11-06-2024T18:03:05 - [TEST_CASE][FAILED] - Test Cases/TotalPlay-Shop/TC_13_PLPSearch: Test Cases/TotalPlay-Shop/TC_13_PLPSearch FAILED.
Reason:
com.kms.katalon.core.exception.StepFailedException: Unable to get element count (Root cause: java.lang.NullPointerException: Cannot get property 'id' on null object
	at Script1.run(Script1.groovy:1)
	at com.kms.katalon.core.webservice.helper.WebServiceCommonHelper.parseAndExecuteExpressionForJson(WebServiceCommonHelper.java:212)
	at com.kms.katalon.core.webservice.keyword.builtin.GetElementsCountKeyword$_getElementsCount_closure1.doCall(GetElementsCountKeyword.groovy:41)
	at com.kms.katalon.core.webservice.keyword.builtin.GetElementsCountKeyword$_getElementsCount_closure1.call(GetElementsCountKeyword.groovy)
	at com.kms.katalon.core.keyword.internal.KeywordMain.runKeyword(KeywordMain.groovy:75)
	at com.kms.katalon.core.webservice.keyword.builtin.GetElementsCountKeyword.getElementsCount(GetElementsCountKeyword.groovy:37)
	at com.kms.katalon.core.webservice.keyword.builtin.GetElementsCountKeyword.execute(GetElementsCountKeyword.groovy:32)
	at com.kms.katalon.core.keyword.internal.KeywordExecutor.executeKeywordForPlatform(KeywordExecutor.groovy:74)
	at com.kms.katalon.core.webservice.keyword.WSBuiltInKeywords.getElementsCount(WSBuiltInKeywords.groovy:99)
	at totalplay.Common.verifyPropertyExist(Common.groovy:39)
	at jdk.internal.reflect.GeneratedMethodAccessor7.invoke(Unknown Source)
	at java.base/jdk.internal.reflect.DelegatingMethodAccessorImpl.invoke(DelegatingMethodAccessorImpl.java:43)
	at com.kms.katalon.core.main.CustomKeywordDelegatingMetaClass.invokeStaticMethod(CustomKeywordDelegatingMetaClass.java:55)
	at TC_13_PLPSearch.run(TC_13_PLPSearch:37)
	at com.kms.katalon.core.main.ScriptEngine.run(ScriptEngine.java:194)
	at com.kms.katalon.core.main.ScriptEngine.runScriptAsRawText(ScriptEngine.java:119)
	at com.kms.katalon.core.main.TestCaseExecutor.runScript(TestCaseExecutor.java:448)
	at com.kms.katalon.core.main.TestCaseExecutor.doExecute(TestCaseExecutor.java:439)
	at com.kms.katalon.core.main.TestCaseExecutor.processExecutionPhase(TestCaseExecutor.java:418)
	at com.kms.katalon.core.main.TestCaseExecutor.accessMainPhase(TestCaseExecutor.java:410)
	at com.kms.katalon.core.main.TestCaseExecutor.execute(TestCaseExecutor.java:285)
	at com.kms.katalon.core.common.CommonExecutor.accessTestCaseMainPhase(CommonExecutor.java:65)
	at com.kms.katalon.core.main.TestSuiteExecutor.accessTestSuiteMainPhase(TestSuiteExecutor.java:150)
	at com.kms.katalon.core.main.TestSuiteExecutor.execute(TestSuiteExecutor.java:106)
	at com.kms.katalon.core.main.TestCaseMain.startTestSuite(TestCaseMain.java:180)
	at TempTestSuite1718109097791.run(TempTestSuite1718109097791.groovy:35)
	at java.base/jdk.internal.reflect.NativeMethodAccessorImpl.invoke0(Native Method)
	at java.base/jdk.internal.reflect.NativeMethodAccessorImpl.invoke(NativeMethodAccessorImpl.java:77)
	at java.base/jdk.internal.reflect.DelegatingMethodAccessorImpl.invoke(DelegatingMethodAccessorImpl.java:43)
)
	at com.kms.katalon.core.keyword.internal.KeywordMain.stepFailed(KeywordMain.groovy:51)
	at com.kms.katalon.core.keyword.internal.KeywordMain.stepFailed(KeywordMain.groovy)
	at com.kms.katalon.core.keyword.internal.KeywordMain.runKeyword(KeywordMain.groovy:77)
	at com.kms.katalon.core.webservice.keyword.builtin.GetElementsCountKeyword.getElementsCount(GetElementsCountKeyword.groovy:37)
	at com.kms.katalon.core.webservice.keyword.builtin.GetElementsCountKeyword.execute(GetElementsCountKeyword.groovy:32)
	at com.kms.katalon.core.keyword.internal.KeywordExecutor.executeKeywordForPlatform(KeywordExecutor.groovy:74)
	at com.kms.katalon.core.webservice.keyword.WSBuiltInKeywords.getElementsCount(WSBuiltInKeywords.groovy:99)
	at totalplay.Common.verifyPropertyExist(Common.groovy:39)
	at jdk.internal.reflect.GeneratedMethodAccessor7.invoke(Unknown Source)
	at java.base/jdk.internal.reflect.DelegatingMethodAccessorImpl.invoke(DelegatingMethodAccessorImpl.java:43)
	at com.kms.katalon.core.main.CustomKeywordDelegatingMetaClass.invokeStaticMethod(CustomKeywordDelegatingMetaClass.java:55)
	at TC_13_PLPSearch.run(TC_13_PLPSearch:37)
	at com.kms.katalon.core.main.ScriptEngine.run(ScriptEngine.java:194)
	at com.kms.katalon.core.main.ScriptEngine.runScriptAsRawText(ScriptEngine.java:119)
	at com.kms.katalon.core.main.TestCaseExecutor.runScript(TestCaseExecutor.java:448)
	at com.kms.katalon.core.main.TestCaseExecutor.doExecute(TestCaseExecutor.java:439)
	at com.kms.katalon.core.main.TestCaseExecutor.processExecutionPhase(TestCaseExecutor.java:418)
	at com.kms.katalon.core.main.TestCaseExecutor.accessMainPhase(TestCaseExecutor.java:410)
	at com.kms.katalon.core.main.TestCaseExecutor.execute(TestCaseExecutor.java:285)
	at com.kms.katalon.core.common.CommonExecutor.accessTestCaseMainPhase(CommonExecutor.java:65)
	at com.kms.katalon.core.main.TestSuiteExecutor.accessTestSuiteMainPhase(TestSuiteExecutor.java:150)
	at com.kms.katalon.core.main.TestSuiteExecutor.execute(TestSuiteExecutor.java:106)
	at com.kms.katalon.core.main.TestCaseMain.startTestSuite(TestCaseMain.java:180)
	at TempTestSuite1718109097791.run(TempTestSuite1718109097791.groovy:35)
	at java.base/jdk.internal.reflect.NativeMethodAccessorImpl.invoke0(Native Method)
	at java.base/jdk.internal.reflect.NativeMethodAccessorImpl.invoke(NativeMethodAccessorImpl.java:77)
	at java.base/jdk.internal.reflect.DelegatingMethodAccessorImpl.invoke(DelegatingMethodAccessorImpl.java:43)
Caused by: java.lang.NullPointerException: Cannot get property 'id' on null object
	at Script1.run(Script1.groovy:1)
	at com.kms.katalon.core.webservice.helper.WebServiceCommonHelper.parseAndExecuteExpressionForJson(WebServiceCommonHelper.java:212)
	at com.kms.katalon.core.webservice.keyword.builtin.GetElementsCountKeyword$_getElementsCount_closure1.doCall(GetElementsCountKeyword.groovy:41)
	at com.kms.katalon.core.webservice.keyword.builtin.GetElementsCountKeyword$_getElementsCount_closure1.call(GetElementsCountKeyword.groovy)
	at com.kms.katalon.core.keyword.internal.KeywordMain.runKeyword(KeywordMain.groovy:75)
	... 24 more


11-06-2024T18:03:05 - [TEST_STEP][PASSED] - callTestCase(findTestCase("TotalPlay-Shop/TC_1_InterfaceLogin"), [:], STOP_ON_FAILURE): Call Test Case 'Test Cases/TotalPlay-Shop/TC_1_InterfaceLogin' successfully

11-06-2024T18:03:05 - [MESSAGE][INFO] - Checking called Test Case

11-06-2024T18:03:05 - [MESSAGE][INFO] - Starting to call Test Case 'Test Cases/TotalPlay-Shop/TC_1_InterfaceLogin'

11-06-2024T18:03:05 - [TEST_CASE][PASSED] - Test Cases/TotalPlay-Shop/TC_1_InterfaceLogin: Test Cases/TotalPlay-Shop/TC_1_InterfaceLogin

11-06-2024T18:03:05 - [TEST_STEP][PASSED] - LoginResponse = sendRequest(findTestObject("TotalPlay-Shop/Interface Login (SLAS)", ["URL":URL, "SITEID":SITEID])): Send request successfully

11-06-2024T18:03:05 - [MESSAGE][INFO] - Finding Test Object 'Object Repository/TotalPlay-Shop/Interface Login (SLAS)'

11-06-2024T18:03:05 - [MESSAGE][INFO] - Checking request object

11-06-2024T18:03:07 - [MESSAGE][INFO] - HAR: D:\Automation\KogniveraGithub\TotalPlay_Automation\totalplay-API\totalplay-automation\Reports\20240611_180136\Shop-Services\20240611_180137\requests\main\23.har

11-06-2024T18:03:07 - [MESSAGE][PASSED] - Send request successfully

11-06-2024T18:03:07 - [TEST_STEP][PASSED] - assert getResponseStatusCode(LoginResponse) == 200: Checking response object

11-06-2024T18:03:07 - [MESSAGE][INFO] - Checking response object

11-06-2024T18:03:07 - [TEST_STEP][PASSED] - Auth = "ocapiResponse.access_token": null

11-06-2024T18:03:07 - [TEST_STEP][PASSED] - sfccAuthorization = getElementPropertyValue(LoginResponse, Auth): Checking response object

11-06-2024T18:03:07 - [MESSAGE][INFO] - Checking response object

11-06-2024T18:03:07 - [TEST_STEP][PASSED] - logInfo(sfccAuthorization): eyJ2ZXIiOiIxLjAiLCJqa3UiOiJzbGFzL3Byb2QvYmpjbF9kZXYiLCJraWQiOiIzOWM0NGRmMy01OGI5LTQ3YWEtODNhMC05NWMwOTBiZGNkMzciLCJ0eXAiOiJqd3QiLCJjbHYiOiJKMi4zLjQiLCJhbGciOiJFUzI1NiJ9.eyJhdXQiOiJHVUlEIiwic2NwIjoic2ZjYy5zaG9wcGVyLW15YWNjb3VudC5iYXNrZXRzIHNmY2Muc2hvcHBlci1kaXNjb3Zlcnktc2VhcmNoIHNmY2Muc2hvcHBlci1teWFjY291bnQuYWRkcmVzc2VzIHNmY2Muc2hvcHBlci1wcm9kdWN0cyBzZmNjLnNob3BwZXItbXlhY2NvdW50LnJ3IHNmY2Muc2hvcHBlci1teWFjY291bnQucGF5bWVudGluc3RydW1lbnRzIHNmY2Muc2hvcHBlci1jdXN0b21lcnMubG9naW4gc2ZjYy5zaG9wcGVyLXN0b3JlcyBzZmNjLnNob3BwZXItbXlhY2NvdW50Lm9yZGVycyBzZmNjLnNob3BwZXItYmFza2V0cy1vcmRlcnMgc2ZjYy5zaG9wcGVyLWN1c3RvbWVycy5yZWdpc3RlciBzZmNjLnNob3BwZXItbXlhY2NvdW50LmFkZHJlc3Nlcy5ydyBzZmNjLnNob3BwZXItbXlhY2NvdW50LnByb2R1Y3RsaXN0cy5ydyBzZmNjLnNob3BwZXItcHJvZHVjdGxpc3RzIHNmY2Muc2hvcHBlci1wcm9tb3Rpb25zIHNmY2Muc2hvcHBlci1iYXNrZXRzLW9yZGVycy5ydyBzZmNjLnNob3BwZXItZ2lmdC1jZXJ0aWZpY2F0ZXMgc2ZjYy5zaG9wcGVyLW15YWNjb3VudC5wYXltZW50aW5zdHJ1bWVudHMucncgc2ZjYy5zaG9wcGVyLXByb2R1Y3Qtc2VhcmNoIHNmY2Muc2hvcHBlci1teWFjY291bnQucHJvZHVjdGxpc3RzIHNmY2Muc2hvcHBlci1jYXRlZ29yaWVzIHNmY2Muc2hvcHBlci1teWFjY291bnQiLCJzdWIiOiJjYy1zbGFzOjpiamNsX2Rldjo6c2NpZDo1ZDI1ZjVmYS01YTRmLTQ2YjUtYTIxMS04NzU1NDJjODVhYzE6OnVzaWQ6NTllYmQ1OWEtMjZhNC00MmEyLWFhMTMtMzM0YWQxMzI0ZWMwIiwiY3R4Ijoic2xhcyIsImlzcyI6InNsYXMvcHJvZC9iamNsX2RldiIsImlzdCI6MSwiZG50IjoiMCIsImF1ZCI6ImNvbW1lcmNlY2xvdWQvcHJvZC9iamNsX2RldiIsIm5iZiI6MTcxODEwOTE1Nywic3R5IjoiVXNlciIsImlzYiI6InVpZG86ZWNvbTo6dXBuOnFhLnRvdGFscGxheSswMTAwOTg3MTA1QGdtYWlsLmNvbTo6dWlkbjpSaWNhcmRvICBDb3JvbmEgQ3J1ejo6Z2NpZDphYmxySkp3S29abXVjUmtIeEZsYVlZa0tjVzo6cmNpZDphY25SYldxdWpIQ3BnOW9xNlYyaGt1VGFTVzo6Y2hpZDpUUC1TSE9QIiwiZXhwIjoxNzE4MTEwOTg3LCJpYXQiOjE3MTgxMDkxODcsImp0aSI6IkMyQy0xMzExNTYzNTcwMTc4NzUxMTg1MDEwMjMwNDY4NzMyNjgxMTgifQ.VX9YNSWZ8n5DsV_sbt0ymxz2pY1KpOHu-8lfqY2RBlNBGqj4AhQEkBqyQhb96eJXfueydRpBIis1a_wTpYIvbA

11-06-2024T18:03:07 - [MESSAGE][INFO] - eyJ2ZXIiOiIxLjAiLCJqa3UiOiJzbGFzL3Byb2QvYmpjbF9kZXYiLCJraWQiOiIzOWM0NGRmMy01OGI5LTQ3YWEtODNhMC05NWMwOTBiZGNkMzciLCJ0eXAiOiJqd3QiLCJjbHYiOiJKMi4zLjQiLCJhbGciOiJFUzI1NiJ9.eyJhdXQiOiJHVUlEIiwic2NwIjoic2ZjYy5zaG9wcGVyLW15YWNjb3VudC5iYXNrZXRzIHNmY2Muc2hvcHBlci1kaXNjb3Zlcnktc2VhcmNoIHNmY2Muc2hvcHBlci1teWFjY291bnQuYWRkcmVzc2VzIHNmY2Muc2hvcHBlci1wcm9kdWN0cyBzZmNjLnNob3BwZXItbXlhY2NvdW50LnJ3IHNmY2Muc2hvcHBlci1teWFjY291bnQucGF5bWVudGluc3RydW1lbnRzIHNmY2Muc2hvcHBlci1jdXN0b21lcnMubG9naW4gc2ZjYy5zaG9wcGVyLXN0b3JlcyBzZmNjLnNob3BwZXItbXlhY2NvdW50Lm9yZGVycyBzZmNjLnNob3BwZXItYmFza2V0cy1vcmRlcnMgc2ZjYy5zaG9wcGVyLWN1c3RvbWVycy5yZWdpc3RlciBzZmNjLnNob3BwZXItbXlhY2NvdW50LmFkZHJlc3Nlcy5ydyBzZmNjLnNob3BwZXItbXlhY2NvdW50LnByb2R1Y3RsaXN0cy5ydyBzZmNjLnNob3BwZXItcHJvZHVjdGxpc3RzIHNmY2Muc2hvcHBlci1wcm9tb3Rpb25zIHNmY2Muc2hvcHBlci1iYXNrZXRzLW9yZGVycy5ydyBzZmNjLnNob3BwZXItZ2lmdC1jZXJ0aWZpY2F0ZXMgc2ZjYy5zaG9wcGVyLW15YWNjb3VudC5wYXltZW50aW5zdHJ1bWVudHMucncgc2ZjYy5zaG9wcGVyLXByb2R1Y3Qtc2VhcmNoIHNmY2Muc2hvcHBlci1teWFjY291bnQucHJvZHVjdGxpc3RzIHNmY2Muc2hvcHBlci1jYXRlZ29yaWVzIHNmY2Muc2hvcHBlci1teWFjY291bnQiLCJzdWIiOiJjYy1zbGFzOjpiamNsX2Rldjo6c2NpZDo1ZDI1ZjVmYS01YTRmLTQ2YjUtYTIxMS04NzU1NDJjODVhYzE6OnVzaWQ6NTllYmQ1OWEtMjZhNC00MmEyLWFhMTMtMzM0YWQxMzI0ZWMwIiwiY3R4Ijoic2xhcyIsImlzcyI6InNsYXMvcHJvZC9iamNsX2RldiIsImlzdCI6MSwiZG50IjoiMCIsImF1ZCI6ImNvbW1lcmNlY2xvdWQvcHJvZC9iamNsX2RldiIsIm5iZiI6MTcxODEwOTE1Nywic3R5IjoiVXNlciIsImlzYiI6InVpZG86ZWNvbTo6dXBuOnFhLnRvdGFscGxheSswMTAwOTg3MTA1QGdtYWlsLmNvbTo6dWlkbjpSaWNhcmRvICBDb3JvbmEgQ3J1ejo6Z2NpZDphYmxySkp3S29abXVjUmtIeEZsYVlZa0tjVzo6cmNpZDphY25SYldxdWpIQ3BnOW9xNlYyaGt1VGFTVzo6Y2hpZDpUUC1TSE9QIiwiZXhwIjoxNzE4MTEwOTg3LCJpYXQiOjE3MTgxMDkxODcsImp0aSI6IkMyQy0xMzExNTYzNTcwMTc4NzUxMTg1MDEwMjMwNDY4NzMyNjgxMTgifQ.VX9YNSWZ8n5DsV_sbt0ymxz2pY1KpOHu-8lfqY2RBlNBGqj4AhQEkBqyQhb96eJXfueydRpBIis1a_wTpYIvbA

11-06-2024T18:03:07 - [TEST_STEP][PASSED] - Authorization = "Bearer " + sfccAuthorization: null

11-06-2024T18:03:07 - [TEST_STEP][PASSED] - logInfo(bm_auth_token): 

11-06-2024T18:03:07 - [MESSAGE][INFO] - 

11-06-2024T18:03:07 - [TEST_STEP][PASSED] - if (sfccAuthorization.length() == 0): null

11-06-2024T18:03:07 - [TEST_STEP][PASSED] - else: authorization generated

11-06-2024T18:03:07 - [TEST_STEP][PASSED] - markPassed("authorization generated"): authorization generated

11-06-2024T18:03:07 - [MESSAGE][PASSED] - authorization generated

11-06-2024T18:03:07 - [TEST_STEP][PASSED] - BasketId_loginResponse = "ocapiResponse.c_basketId": null

11-06-2024T18:03:07 - [TEST_STEP][PASSED] - CustomerId_loginResponse = "ocapiResponse.customer_id": null

11-06-2024T18:03:07 - [TEST_STEP][PASSED] - basketId = getElementPropertyValue(LoginResponse, BasketId_loginResponse): Checking response object

11-06-2024T18:03:07 - [MESSAGE][INFO] - Checking response object

11-06-2024T18:03:07 - [TEST_STEP][PASSED] - customerId = getElementPropertyValue(LoginResponse, CustomerId_loginResponse): Checking response object

11-06-2024T18:03:07 - [MESSAGE][INFO] - Checking response object

11-06-2024T18:03:07 - [TEST_STEP][PASSED] - basketID = basketId: null

11-06-2024T18:03:07 - [TEST_STEP][PASSED] - sla_customerId = customerId: null

11-06-2024T18:03:07 - [TEST_STEP][PASSED] - println(basketID): null

11-06-2024T18:03:07 - [TEST_STEP][PASSED] - println(sla_customerId): null

11-06-2024T18:03:07 - [TEST_STEP][PASSED] - refresh_token = "ocapiResponse.refresh_token": null

11-06-2024T18:03:07 - [TEST_STEP][PASSED] - customer_email = "ocapiResponse.customer_email": null

11-06-2024T18:03:07 - [TEST_STEP][PASSED] - c_brmId = "ocapiResponse.c_brmId": null

11-06-2024T18:03:07 - [TEST_STEP][PASSED] - customer_name = "ocapiResponse.customer_name": null

11-06-2024T18:03:07 - [TEST_STEP][PASSED] - totalplay.Common.verifyPropertyExist(LoginResponse, refresh_token): totalplay.Common.verifyPropertyExist is PASSED

11-06-2024T18:03:07 - [MESSAGE][INFO] - Checking response object

11-06-2024T18:03:07 - [MESSAGE][PASSED] - totalplay.Common.verifyPropertyExist is PASSED

11-06-2024T18:03:07 - [TEST_STEP][PASSED] - totalplay.Common.verifyPropertyValueExist(LoginResponse, refresh_token): totalplay.Common.verifyPropertyValueExist is PASSED

11-06-2024T18:03:07 - [MESSAGE][INFO] - Checking response object

11-06-2024T18:03:08 - [MESSAGE][INFO] - 6VVObdY7sx_yvwi_jzyw-zPVX5-f2IOc_Vnvwl9lpZo

11-06-2024T18:03:08 - [MESSAGE][PASSED] - totalplay.Common.verifyPropertyValueExist is PASSED

11-06-2024T18:03:08 - [TEST_STEP][PASSED] - totalplay.Common.verifyPropertyExist(LoginResponse, customer_email): totalplay.Common.verifyPropertyExist is PASSED

11-06-2024T18:03:08 - [MESSAGE][INFO] - Checking response object

11-06-2024T18:03:08 - [MESSAGE][PASSED] - totalplay.Common.verifyPropertyExist is PASSED

11-06-2024T18:03:08 - [TEST_STEP][PASSED] - totalplay.Common.verifyPropertyValueExist(LoginResponse, customer_email): totalplay.Common.verifyPropertyValueExist is PASSED

11-06-2024T18:03:08 - [MESSAGE][INFO] - Checking response object

11-06-2024T18:03:08 - [MESSAGE][INFO] - qa.totalplay@gmail.com

11-06-2024T18:03:08 - [MESSAGE][PASSED] - totalplay.Common.verifyPropertyValueExist is PASSED

11-06-2024T18:03:08 - [TEST_STEP][PASSED] - totalplay.Common.verifyPropertyExist(LoginResponse, customer_name): totalplay.Common.verifyPropertyExist is PASSED

11-06-2024T18:03:08 - [MESSAGE][INFO] - Checking response object

11-06-2024T18:03:08 - [MESSAGE][PASSED] - totalplay.Common.verifyPropertyExist is PASSED

11-06-2024T18:03:08 - [TEST_STEP][PASSED] - totalplay.Common.verifyPropertyValueExist(LoginResponse, customer_name): totalplay.Common.verifyPropertyValueExist is PASSED

11-06-2024T18:03:08 - [MESSAGE][INFO] - Checking response object

11-06-2024T18:03:08 - [MESSAGE][INFO] - Ricardo  Corona Cruz

11-06-2024T18:03:08 - [MESSAGE][PASSED] - totalplay.Common.verifyPropertyValueExist is PASSED

11-06-2024T18:03:08 - [TEST_STEP][PASSED] - totalplay.Common.verifyPropertyExist(LoginResponse, c_brmId): totalplay.Common.verifyPropertyExist is PASSED

11-06-2024T18:03:08 - [MESSAGE][INFO] - Checking response object

11-06-2024T18:03:08 - [MESSAGE][PASSED] - totalplay.Common.verifyPropertyExist is PASSED

11-06-2024T18:03:08 - [TEST_STEP][PASSED] - totalplay.Common.verifyPropertyValueExist(LoginResponse, c_brmId): totalplay.Common.verifyPropertyValueExist is PASSED

11-06-2024T18:03:08 - [MESSAGE][INFO] - Checking response object

11-06-2024T18:03:08 - [MESSAGE][INFO] - 0100987105

11-06-2024T18:03:08 - [MESSAGE][PASSED] - totalplay.Common.verifyPropertyValueExist is PASSED

11-06-2024T18:03:08 - [MESSAGE][PASSED] - Call Test Case 'Test Cases/TotalPlay-Shop/TC_1_InterfaceLogin' successfully

11-06-2024T18:03:08 - [TEST_STEP][PASSED] - PLPSearch_Response = sendRequest(findTestObject("TotalPlay-Shop/Postman/Search/PLP Search", ["URL":URL, "SITEID":SITEID])): Send request successfully

11-06-2024T18:03:08 - [MESSAGE][INFO] - Finding Test Object 'Object Repository/TotalPlay-Shop/Postman/Search/PLP Search'

11-06-2024T18:03:08 - [MESSAGE][INFO] - Checking request object

11-06-2024T18:03:08 - [MESSAGE][INFO] - HAR: D:\Automation\KogniveraGithub\TotalPlay_Automation\totalplay-API\totalplay-automation\Reports\20240611_180136\Shop-Services\20240611_180137\requests\main\24.har

11-06-2024T18:03:08 - [MESSAGE][PASSED] - Send request successfully

11-06-2024T18:03:08 - [TEST_STEP][PASSED] - verifyResponseStatusCode(PLPSearch_Response, 200): Verify response status code successfully

11-06-2024T18:03:08 - [MESSAGE][INFO] - Checking response object

11-06-2024T18:03:08 - [MESSAGE][PASSED] - Verify response status code successfully

11-06-2024T18:03:08 - [TEST_STEP][PASSED] - categories_id = "categories[0].id": null

11-06-2024T18:03:08 - [TEST_STEP][PASSED] - categories_name = "categories[0].name": null

11-06-2024T18:03:08 - [TEST_STEP][PASSED] - categories_link = "categories[0].link": null

11-06-2024T18:03:08 - [TEST_STEP][PASSED] - categories_linkType = "categories[0].linkType": null

11-06-2024T18:03:08 - [TEST_STEP][PASSED] - categories_parentCategoryName = "categories[0].parentCategoryName": null

11-06-2024T18:03:08 - [TEST_STEP][PASSED] - productId = "products[0].productId": null

11-06-2024T18:03:08 - [TEST_STEP][PASSED] - productName = "products[0].productName": null

11-06-2024T18:03:08 - [TEST_STEP][PASSED] - link = "products[0].link": null

11-06-2024T18:03:08 - [TEST_STEP][PASSED] - linkType = "products[0].linkType": null

11-06-2024T18:03:08 - [TEST_STEP][FAILED] - totalplay.Common.verifyPropertyExist(PLPSearch_Response, categories_id): Unable to get element count (Root cause: java.lang.NullPointerException: Cannot get property 'id' on null object
	at Script1.run(Script1.groovy:1)
	at com.kms.katalon.core.webservice.helper.WebServiceCommonHelper.parseAndExecuteExpressionForJson(WebServiceCommonHelper.java:212)
	at com.kms.katalon.core.webservice.keyword.builtin.GetElementsCountKeyword$_getElementsCount_closure1.doCall(GetElementsCountKeyword.groovy:41)
	at com.kms.katalon.core.webservice.keyword.builtin.GetElementsCountKeyword$_getElementsCount_closure1.call(GetElementsCountKeyword.groovy)
	at com.kms.katalon.core.keyword.internal.KeywordMain.runKeyword(KeywordMain.groovy:75)
	at com.kms.katalon.core.webservice.keyword.builtin.GetElementsCountKeyword.getElementsCount(GetElementsCountKeyword.groovy:37)
	at com.kms.katalon.core.webservice.keyword.builtin.GetElementsCountKeyword.execute(GetElementsCountKeyword.groovy:32)
	at com.kms.katalon.core.keyword.internal.KeywordExecutor.executeKeywordForPlatform(KeywordExecutor.groovy:74)
	at com.kms.katalon.core.webservice.keyword.WSBuiltInKeywords.getElementsCount(WSBuiltInKeywords.groovy:99)
	at totalplay.Common.verifyPropertyExist(Common.groovy:39)
	at jdk.internal.reflect.GeneratedMethodAccessor7.invoke(Unknown Source)
	at java.base/jdk.internal.reflect.DelegatingMethodAccessorImpl.invoke(DelegatingMethodAccessorImpl.java:43)
	at com.kms.katalon.core.main.CustomKeywordDelegatingMetaClass.invokeStaticMethod(CustomKeywordDelegatingMetaClass.java:55)
	at TC_13_PLPSearch.run(TC_13_PLPSearch:37)
	at com.kms.katalon.core.main.ScriptEngine.run(ScriptEngine.java:194)
	at com.kms.katalon.core.main.ScriptEngine.runScriptAsRawText(ScriptEngine.java:119)
	at com.kms.katalon.core.main.TestCaseExecutor.runScript(TestCaseExecutor.java:448)
	at com.kms.katalon.core.main.TestCaseExecutor.doExecute(TestCaseExecutor.java:439)
	at com.kms.katalon.core.main.TestCaseExecutor.processExecutionPhase(TestCaseExecutor.java:418)
	at com.kms.katalon.core.main.TestCaseExecutor.accessMainPhase(TestCaseExecutor.java:410)
	at com.kms.katalon.core.main.TestCaseExecutor.execute(TestCaseExecutor.java:285)
	at com.kms.katalon.core.common.CommonExecutor.accessTestCaseMainPhase(CommonExecutor.java:65)
	at com.kms.katalon.core.main.TestSuiteExecutor.accessTestSuiteMainPhase(TestSuiteExecutor.java:150)
	at com.kms.katalon.core.main.TestSuiteExecutor.execute(TestSuiteExecutor.java:106)
	at com.kms.katalon.core.main.TestCaseMain.startTestSuite(TestCaseMain.java:180)
	at TempTestSuite1718109097791.run(TempTestSuite1718109097791.groovy:35)
	at java.base/jdk.internal.reflect.NativeMethodAccessorImpl.invoke0(Native Method)
	at java.base/jdk.internal.reflect.NativeMethodAccessorImpl.invoke(NativeMethodAccessorImpl.java:77)
	at java.base/jdk.internal.reflect.DelegatingMethodAccessorImpl.invoke(DelegatingMethodAccessorImpl.java:43)
)

11-06-2024T18:03:08 - [MESSAGE][INFO] - Checking response object

11-06-2024T18:03:08 - [MESSAGE][FAILED] - Unable to get element count (Root cause: java.lang.NullPointerException: Cannot get property 'id' on null object
	at Script1.run(Script1.groovy:1)
	at com.kms.katalon.core.webservice.helper.WebServiceCommonHelper.parseAndExecuteExpressionForJson(WebServiceCommonHelper.java:212)
	at com.kms.katalon.core.webservice.keyword.builtin.GetElementsCountKeyword$_getElementsCount_closure1.doCall(GetElementsCountKeyword.groovy:41)
	at com.kms.katalon.core.webservice.keyword.builtin.GetElementsCountKeyword$_getElementsCount_closure1.call(GetElementsCountKeyword.groovy)
	at com.kms.katalon.core.keyword.internal.KeywordMain.runKeyword(KeywordMain.groovy:75)
	at com.kms.katalon.core.webservice.keyword.builtin.GetElementsCountKeyword.getElementsCount(GetElementsCountKeyword.groovy:37)
	at com.kms.katalon.core.webservice.keyword.builtin.GetElementsCountKeyword.execute(GetElementsCountKeyword.groovy:32)
	at com.kms.katalon.core.keyword.internal.KeywordExecutor.executeKeywordForPlatform(KeywordExecutor.groovy:74)
	at com.kms.katalon.core.webservice.keyword.WSBuiltInKeywords.getElementsCount(WSBuiltInKeywords.groovy:99)
	at totalplay.Common.verifyPropertyExist(Common.groovy:39)
	at jdk.internal.reflect.GeneratedMethodAccessor7.invoke(Unknown Source)
	at java.base/jdk.internal.reflect.DelegatingMethodAccessorImpl.invoke(DelegatingMethodAccessorImpl.java:43)
	at com.kms.katalon.core.main.CustomKeywordDelegatingMetaClass.invokeStaticMethod(CustomKeywordDelegatingMetaClass.java:55)
	at TC_13_PLPSearch.run(TC_13_PLPSearch:37)
	at com.kms.katalon.core.main.ScriptEngine.run(ScriptEngine.java:194)
	at com.kms.katalon.core.main.ScriptEngine.runScriptAsRawText(ScriptEngine.java:119)
	at com.kms.katalon.core.main.TestCaseExecutor.runScript(TestCaseExecutor.java:448)
	at com.kms.katalon.core.main.TestCaseExecutor.doExecute(TestCaseExecutor.java:439)
	at com.kms.katalon.core.main.TestCaseExecutor.processExecutionPhase(TestCaseExecutor.java:418)
	at com.kms.katalon.core.main.TestCaseExecutor.accessMainPhase(TestCaseExecutor.java:410)
	at com.kms.katalon.core.main.TestCaseExecutor.execute(TestCaseExecutor.java:285)
	at com.kms.katalon.core.common.CommonExecutor.accessTestCaseMainPhase(CommonExecutor.java:65)
	at com.kms.katalon.core.main.TestSuiteExecutor.accessTestSuiteMainPhase(TestSuiteExecutor.java:150)
	at com.kms.katalon.core.main.TestSuiteExecutor.execute(TestSuiteExecutor.java:106)
	at com.kms.katalon.core.main.TestCaseMain.startTestSuite(TestCaseMain.java:180)
	at TempTestSuite1718109097791.run(TempTestSuite1718109097791.groovy:35)
	at java.base/jdk.internal.reflect.NativeMethodAccessorImpl.invoke0(Native Method)
	at java.base/jdk.internal.reflect.NativeMethodAccessorImpl.invoke(NativeMethodAccessorImpl.java:77)
	at java.base/jdk.internal.reflect.DelegatingMethodAccessorImpl.invoke(DelegatingMethodAccessorImpl.java:43)
)

11-06-2024T18:03:08 - [MESSAGE][FAILED] - Unable to get element count (Root cause: java.lang.NullPointerException: Cannot get property 'id' on null object
	at Script1.run(Script1.groovy:1)
	at com.kms.katalon.core.webservice.helper.WebServiceCommonHelper.parseAndExecuteExpressionForJson(WebServiceCommonHelper.java:212)
	at com.kms.katalon.core.webservice.keyword.builtin.GetElementsCountKeyword$_getElementsCount_closure1.doCall(GetElementsCountKeyword.groovy:41)
	at com.kms.katalon.core.webservice.keyword.builtin.GetElementsCountKeyword$_getElementsCount_closure1.call(GetElementsCountKeyword.groovy)
	at com.kms.katalon.core.keyword.internal.KeywordMain.runKeyword(KeywordMain.groovy:75)
	at com.kms.katalon.core.webservice.keyword.builtin.GetElementsCountKeyword.getElementsCount(GetElementsCountKeyword.groovy:37)
	at com.kms.katalon.core.webservice.keyword.builtin.GetElementsCountKeyword.execute(GetElementsCountKeyword.groovy:32)
	at com.kms.katalon.core.keyword.internal.KeywordExecutor.executeKeywordForPlatform(KeywordExecutor.groovy:74)
	at com.kms.katalon.core.webservice.keyword.WSBuiltInKeywords.getElementsCount(WSBuiltInKeywords.groovy:99)
	at totalplay.Common.verifyPropertyExist(Common.groovy:39)
	at jdk.internal.reflect.GeneratedMethodAccessor7.invoke(Unknown Source)
	at java.base/jdk.internal.reflect.DelegatingMethodAccessorImpl.invoke(DelegatingMethodAccessorImpl.java:43)
	at com.kms.katalon.core.main.CustomKeywordDelegatingMetaClass.invokeStaticMethod(CustomKeywordDelegatingMetaClass.java:55)
	at TC_13_PLPSearch.run(TC_13_PLPSearch:37)
	at com.kms.katalon.core.main.ScriptEngine.run(ScriptEngine.java:194)
	at com.kms.katalon.core.main.ScriptEngine.runScriptAsRawText(ScriptEngine.java:119)
	at com.kms.katalon.core.main.TestCaseExecutor.runScript(TestCaseExecutor.java:448)
	at com.kms.katalon.core.main.TestCaseExecutor.doExecute(TestCaseExecutor.java:439)
	at com.kms.katalon.core.main.TestCaseExecutor.processExecutionPhase(TestCaseExecutor.java:418)
	at com.kms.katalon.core.main.TestCaseExecutor.accessMainPhase(TestCaseExecutor.java:410)
	at com.kms.katalon.core.main.TestCaseExecutor.execute(TestCaseExecutor.java:285)
	at com.kms.katalon.core.common.CommonExecutor.accessTestCaseMainPhase(CommonExecutor.java:65)
	at com.kms.katalon.core.main.TestSuiteExecutor.accessTestSuiteMainPhase(TestSuiteExecutor.java:150)
	at com.kms.katalon.core.main.TestSuiteExecutor.execute(TestSuiteExecutor.java:106)
	at com.kms.katalon.core.main.TestCaseMain.startTestSuite(TestCaseMain.java:180)
	at TempTestSuite1718109097791.run(TempTestSuite1718109097791.groovy:35)
	at java.base/jdk.internal.reflect.NativeMethodAccessorImpl.invoke0(Native Method)
	at java.base/jdk.internal.reflect.NativeMethodAccessorImpl.invoke(NativeMethodAccessorImpl.java:77)
	at java.base/jdk.internal.reflect.DelegatingMethodAccessorImpl.invoke(DelegatingMethodAccessorImpl.java:43)
)]]></system-out>
         <system-err><![CDATA[11-06-2024T18:03:05 - [TEST_CASE][FAILED] - Test Cases/TotalPlay-Shop/TC_13_PLPSearch: Test Cases/TotalPlay-Shop/TC_13_PLPSearch FAILED.
Reason:
com.kms.katalon.core.exception.StepFailedException: Unable to get element count (Root cause: java.lang.NullPointerException: Cannot get property 'id' on null object
	at Script1.run(Script1.groovy:1)
	at com.kms.katalon.core.webservice.helper.WebServiceCommonHelper.parseAndExecuteExpressionForJson(WebServiceCommonHelper.java:212)
	at com.kms.katalon.core.webservice.keyword.builtin.GetElementsCountKeyword$_getElementsCount_closure1.doCall(GetElementsCountKeyword.groovy:41)
	at com.kms.katalon.core.webservice.keyword.builtin.GetElementsCountKeyword$_getElementsCount_closure1.call(GetElementsCountKeyword.groovy)
	at com.kms.katalon.core.keyword.internal.KeywordMain.runKeyword(KeywordMain.groovy:75)
	at com.kms.katalon.core.webservice.keyword.builtin.GetElementsCountKeyword.getElementsCount(GetElementsCountKeyword.groovy:37)
	at com.kms.katalon.core.webservice.keyword.builtin.GetElementsCountKeyword.execute(GetElementsCountKeyword.groovy:32)
	at com.kms.katalon.core.keyword.internal.KeywordExecutor.executeKeywordForPlatform(KeywordExecutor.groovy:74)
	at com.kms.katalon.core.webservice.keyword.WSBuiltInKeywords.getElementsCount(WSBuiltInKeywords.groovy:99)
	at totalplay.Common.verifyPropertyExist(Common.groovy:39)
	at jdk.internal.reflect.GeneratedMethodAccessor7.invoke(Unknown Source)
	at java.base/jdk.internal.reflect.DelegatingMethodAccessorImpl.invoke(DelegatingMethodAccessorImpl.java:43)
	at com.kms.katalon.core.main.CustomKeywordDelegatingMetaClass.invokeStaticMethod(CustomKeywordDelegatingMetaClass.java:55)
	at TC_13_PLPSearch.run(TC_13_PLPSearch:37)
	at com.kms.katalon.core.main.ScriptEngine.run(ScriptEngine.java:194)
	at com.kms.katalon.core.main.ScriptEngine.runScriptAsRawText(ScriptEngine.java:119)
	at com.kms.katalon.core.main.TestCaseExecutor.runScript(TestCaseExecutor.java:448)
	at com.kms.katalon.core.main.TestCaseExecutor.doExecute(TestCaseExecutor.java:439)
	at com.kms.katalon.core.main.TestCaseExecutor.processExecutionPhase(TestCaseExecutor.java:418)
	at com.kms.katalon.core.main.TestCaseExecutor.accessMainPhase(TestCaseExecutor.java:410)
	at com.kms.katalon.core.main.TestCaseExecutor.execute(TestCaseExecutor.java:285)
	at com.kms.katalon.core.common.CommonExecutor.accessTestCaseMainPhase(CommonExecutor.java:65)
	at com.kms.katalon.core.main.TestSuiteExecutor.accessTestSuiteMainPhase(TestSuiteExecutor.java:150)
	at com.kms.katalon.core.main.TestSuiteExecutor.execute(TestSuiteExecutor.java:106)
	at com.kms.katalon.core.main.TestCaseMain.startTestSuite(TestCaseMain.java:180)
	at TempTestSuite1718109097791.run(TempTestSuite1718109097791.groovy:35)
	at java.base/jdk.internal.reflect.NativeMethodAccessorImpl.invoke0(Native Method)
	at java.base/jdk.internal.reflect.NativeMethodAccessorImpl.invoke(NativeMethodAccessorImpl.java:77)
	at java.base/jdk.internal.reflect.DelegatingMethodAccessorImpl.invoke(DelegatingMethodAccessorImpl.java:43)
)
	at com.kms.katalon.core.keyword.internal.KeywordMain.stepFailed(KeywordMain.groovy:51)
	at com.kms.katalon.core.keyword.internal.KeywordMain.stepFailed(KeywordMain.groovy)
	at com.kms.katalon.core.keyword.internal.KeywordMain.runKeyword(KeywordMain.groovy:77)
	at com.kms.katalon.core.webservice.keyword.builtin.GetElementsCountKeyword.getElementsCount(GetElementsCountKeyword.groovy:37)
	at com.kms.katalon.core.webservice.keyword.builtin.GetElementsCountKeyword.execute(GetElementsCountKeyword.groovy:32)
	at com.kms.katalon.core.keyword.internal.KeywordExecutor.executeKeywordForPlatform(KeywordExecutor.groovy:74)
	at com.kms.katalon.core.webservice.keyword.WSBuiltInKeywords.getElementsCount(WSBuiltInKeywords.groovy:99)
	at totalplay.Common.verifyPropertyExist(Common.groovy:39)
	at jdk.internal.reflect.GeneratedMethodAccessor7.invoke(Unknown Source)
	at java.base/jdk.internal.reflect.DelegatingMethodAccessorImpl.invoke(DelegatingMethodAccessorImpl.java:43)
	at com.kms.katalon.core.main.CustomKeywordDelegatingMetaClass.invokeStaticMethod(CustomKeywordDelegatingMetaClass.java:55)
	at TC_13_PLPSearch.run(TC_13_PLPSearch:37)
	at com.kms.katalon.core.main.ScriptEngine.run(ScriptEngine.java:194)
	at com.kms.katalon.core.main.ScriptEngine.runScriptAsRawText(ScriptEngine.java:119)
	at com.kms.katalon.core.main.TestCaseExecutor.runScript(TestCaseExecutor.java:448)
	at com.kms.katalon.core.main.TestCaseExecutor.doExecute(TestCaseExecutor.java:439)
	at com.kms.katalon.core.main.TestCaseExecutor.processExecutionPhase(TestCaseExecutor.java:418)
	at com.kms.katalon.core.main.TestCaseExecutor.accessMainPhase(TestCaseExecutor.java:410)
	at com.kms.katalon.core.main.TestCaseExecutor.execute(TestCaseExecutor.java:285)
	at com.kms.katalon.core.common.CommonExecutor.accessTestCaseMainPhase(CommonExecutor.java:65)
	at com.kms.katalon.core.main.TestSuiteExecutor.accessTestSuiteMainPhase(TestSuiteExecutor.java:150)
	at com.kms.katalon.core.main.TestSuiteExecutor.execute(TestSuiteExecutor.java:106)
	at com.kms.katalon.core.main.TestCaseMain.startTestSuite(TestCaseMain.java:180)
	at TempTestSuite1718109097791.run(TempTestSuite1718109097791.groovy:35)
	at java.base/jdk.internal.reflect.NativeMethodAccessorImpl.invoke0(Native Method)
	at java.base/jdk.internal.reflect.NativeMethodAccessorImpl.invoke(NativeMethodAccessorImpl.java:77)
	at java.base/jdk.internal.reflect.DelegatingMethodAccessorImpl.invoke(DelegatingMethodAccessorImpl.java:43)
Caused by: java.lang.NullPointerException: Cannot get property 'id' on null object
	at Script1.run(Script1.groovy:1)
	at com.kms.katalon.core.webservice.helper.WebServiceCommonHelper.parseAndExecuteExpressionForJson(WebServiceCommonHelper.java:212)
	at com.kms.katalon.core.webservice.keyword.builtin.GetElementsCountKeyword$_getElementsCount_closure1.doCall(GetElementsCountKeyword.groovy:41)
	at com.kms.katalon.core.webservice.keyword.builtin.GetElementsCountKeyword$_getElementsCount_closure1.call(GetElementsCountKeyword.groovy)
	at com.kms.katalon.core.keyword.internal.KeywordMain.runKeyword(KeywordMain.groovy:75)
	... 24 more]]></system-err>
      </testcase>
      <testcase name="Test Cases/TotalPlay-Shop/TC_14_SCPSearch" time="4.399" classname="Test Cases/TotalPlay-Shop/TC_14_SCPSearch" status="PASSED">
         <system-out><![CDATA[11-06-2024T18:03:08 - [TEST_CASE][PASSED] - Test Cases/TotalPlay-Shop/TC_14_SCPSearch: Test Cases/TotalPlay-Shop/TC_14_SCPSearch

11-06-2024T18:03:09 - [TEST_STEP][PASSED] - callTestCase(findTestCase("TotalPlay-Shop/TC_1_InterfaceLogin"), [:], STOP_ON_FAILURE): Call Test Case 'Test Cases/TotalPlay-Shop/TC_1_InterfaceLogin' successfully

11-06-2024T18:03:09 - [MESSAGE][INFO] - Checking called Test Case

11-06-2024T18:03:09 - [MESSAGE][INFO] - Starting to call Test Case 'Test Cases/TotalPlay-Shop/TC_1_InterfaceLogin'

11-06-2024T18:03:09 - [TEST_CASE][PASSED] - Test Cases/TotalPlay-Shop/TC_1_InterfaceLogin: Test Cases/TotalPlay-Shop/TC_1_InterfaceLogin

11-06-2024T18:03:09 - [TEST_STEP][PASSED] - LoginResponse = sendRequest(findTestObject("TotalPlay-Shop/Interface Login (SLAS)", ["URL":URL, "SITEID":SITEID])): Send request successfully

11-06-2024T18:03:09 - [MESSAGE][INFO] - Finding Test Object 'Object Repository/TotalPlay-Shop/Interface Login (SLAS)'

11-06-2024T18:03:09 - [MESSAGE][INFO] - Checking request object

11-06-2024T18:03:11 - [MESSAGE][INFO] - HAR: D:\Automation\KogniveraGithub\TotalPlay_Automation\totalplay-API\totalplay-automation\Reports\20240611_180136\Shop-Services\20240611_180137\requests\main\25.har

11-06-2024T18:03:11 - [MESSAGE][PASSED] - Send request successfully

11-06-2024T18:03:11 - [TEST_STEP][PASSED] - assert getResponseStatusCode(LoginResponse) == 200: Checking response object

11-06-2024T18:03:11 - [MESSAGE][INFO] - Checking response object

11-06-2024T18:03:11 - [TEST_STEP][PASSED] - Auth = "ocapiResponse.access_token": null

11-06-2024T18:03:11 - [TEST_STEP][PASSED] - sfccAuthorization = getElementPropertyValue(LoginResponse, Auth): Checking response object

11-06-2024T18:03:11 - [MESSAGE][INFO] - Checking response object

11-06-2024T18:03:11 - [TEST_STEP][PASSED] - logInfo(sfccAuthorization): eyJ2ZXIiOiIxLjAiLCJqa3UiOiJzbGFzL3Byb2QvYmpjbF9kZXYiLCJraWQiOiIzOWM0NGRmMy01OGI5LTQ3YWEtODNhMC05NWMwOTBiZGNkMzciLCJ0eXAiOiJqd3QiLCJjbHYiOiJKMi4zLjQiLCJhbGciOiJFUzI1NiJ9.eyJhdXQiOiJHVUlEIiwic2NwIjoic2ZjYy5zaG9wcGVyLW15YWNjb3VudC5iYXNrZXRzIHNmY2Muc2hvcHBlci1kaXNjb3Zlcnktc2VhcmNoIHNmY2Muc2hvcHBlci1teWFjY291bnQuYWRkcmVzc2VzIHNmY2Muc2hvcHBlci1wcm9kdWN0cyBzZmNjLnNob3BwZXItbXlhY2NvdW50LnJ3IHNmY2Muc2hvcHBlci1teWFjY291bnQucGF5bWVudGluc3RydW1lbnRzIHNmY2Muc2hvcHBlci1jdXN0b21lcnMubG9naW4gc2ZjYy5zaG9wcGVyLXN0b3JlcyBzZmNjLnNob3BwZXItbXlhY2NvdW50Lm9yZGVycyBzZmNjLnNob3BwZXItYmFza2V0cy1vcmRlcnMgc2ZjYy5zaG9wcGVyLWN1c3RvbWVycy5yZWdpc3RlciBzZmNjLnNob3BwZXItbXlhY2NvdW50LmFkZHJlc3Nlcy5ydyBzZmNjLnNob3BwZXItbXlhY2NvdW50LnByb2R1Y3RsaXN0cy5ydyBzZmNjLnNob3BwZXItcHJvZHVjdGxpc3RzIHNmY2Muc2hvcHBlci1wcm9tb3Rpb25zIHNmY2Muc2hvcHBlci1iYXNrZXRzLW9yZGVycy5ydyBzZmNjLnNob3BwZXItZ2lmdC1jZXJ0aWZpY2F0ZXMgc2ZjYy5zaG9wcGVyLW15YWNjb3VudC5wYXltZW50aW5zdHJ1bWVudHMucncgc2ZjYy5zaG9wcGVyLXByb2R1Y3Qtc2VhcmNoIHNmY2Muc2hvcHBlci1teWFjY291bnQucHJvZHVjdGxpc3RzIHNmY2Muc2hvcHBlci1jYXRlZ29yaWVzIHNmY2Muc2hvcHBlci1teWFjY291bnQiLCJzdWIiOiJjYy1zbGFzOjpiamNsX2Rldjo6c2NpZDo1ZDI1ZjVmYS01YTRmLTQ2YjUtYTIxMS04NzU1NDJjODVhYzE6OnVzaWQ6ZjUzNzkxYzMtMjczYy00ZWJiLTk3MDUtNTJkNjQ4NWJmM2RmIiwiY3R4Ijoic2xhcyIsImlzcyI6InNsYXMvcHJvZC9iamNsX2RldiIsImlzdCI6MSwiZG50IjoiMCIsImF1ZCI6ImNvbW1lcmNlY2xvdWQvcHJvZC9iamNsX2RldiIsIm5iZiI6MTcxODEwOTE2MSwic3R5IjoiVXNlciIsImlzYiI6InVpZG86ZWNvbTo6dXBuOnFhLnRvdGFscGxheSswMTAwOTg3MTA1QGdtYWlsLmNvbTo6dWlkbjpSaWNhcmRvICBDb3JvbmEgQ3J1ejo6Z2NpZDphYnhIc1hsWElWd1hrUmtIQVh3V1lZeHVoRzo6cmNpZDphY25SYldxdWpIQ3BnOW9xNlYyaGt1VGFTVzo6Y2hpZDpUUC1TSE9QIiwiZXhwIjoxNzE4MTEwOTkxLCJpYXQiOjE3MTgxMDkxOTEsImp0aSI6IkMyQy0xMzExNTYzNTcwMTc4NzUxMTg1MDEwMjMwNTAzNDEwNjEwODYifQ.MKPdcSWfp6Wj7cK0Lu0QJ7jMVIuFzaMB0JreAuj4SR8pLJ77wxD_8zYwoLn-pLawytVLNn1viWIdSfOKdoII-Q

11-06-2024T18:03:11 - [MESSAGE][INFO] - eyJ2ZXIiOiIxLjAiLCJqa3UiOiJzbGFzL3Byb2QvYmpjbF9kZXYiLCJraWQiOiIzOWM0NGRmMy01OGI5LTQ3YWEtODNhMC05NWMwOTBiZGNkMzciLCJ0eXAiOiJqd3QiLCJjbHYiOiJKMi4zLjQiLCJhbGciOiJFUzI1NiJ9.eyJhdXQiOiJHVUlEIiwic2NwIjoic2ZjYy5zaG9wcGVyLW15YWNjb3VudC5iYXNrZXRzIHNmY2Muc2hvcHBlci1kaXNjb3Zlcnktc2VhcmNoIHNmY2Muc2hvcHBlci1teWFjY291bnQuYWRkcmVzc2VzIHNmY2Muc2hvcHBlci1wcm9kdWN0cyBzZmNjLnNob3BwZXItbXlhY2NvdW50LnJ3IHNmY2Muc2hvcHBlci1teWFjY291bnQucGF5bWVudGluc3RydW1lbnRzIHNmY2Muc2hvcHBlci1jdXN0b21lcnMubG9naW4gc2ZjYy5zaG9wcGVyLXN0b3JlcyBzZmNjLnNob3BwZXItbXlhY2NvdW50Lm9yZGVycyBzZmNjLnNob3BwZXItYmFza2V0cy1vcmRlcnMgc2ZjYy5zaG9wcGVyLWN1c3RvbWVycy5yZWdpc3RlciBzZmNjLnNob3BwZXItbXlhY2NvdW50LmFkZHJlc3Nlcy5ydyBzZmNjLnNob3BwZXItbXlhY2NvdW50LnByb2R1Y3RsaXN0cy5ydyBzZmNjLnNob3BwZXItcHJvZHVjdGxpc3RzIHNmY2Muc2hvcHBlci1wcm9tb3Rpb25zIHNmY2Muc2hvcHBlci1iYXNrZXRzLW9yZGVycy5ydyBzZmNjLnNob3BwZXItZ2lmdC1jZXJ0aWZpY2F0ZXMgc2ZjYy5zaG9wcGVyLW15YWNjb3VudC5wYXltZW50aW5zdHJ1bWVudHMucncgc2ZjYy5zaG9wcGVyLXByb2R1Y3Qtc2VhcmNoIHNmY2Muc2hvcHBlci1teWFjY291bnQucHJvZHVjdGxpc3RzIHNmY2Muc2hvcHBlci1jYXRlZ29yaWVzIHNmY2Muc2hvcHBlci1teWFjY291bnQiLCJzdWIiOiJjYy1zbGFzOjpiamNsX2Rldjo6c2NpZDo1ZDI1ZjVmYS01YTRmLTQ2YjUtYTIxMS04NzU1NDJjODVhYzE6OnVzaWQ6ZjUzNzkxYzMtMjczYy00ZWJiLTk3MDUtNTJkNjQ4NWJmM2RmIiwiY3R4Ijoic2xhcyIsImlzcyI6InNsYXMvcHJvZC9iamNsX2RldiIsImlzdCI6MSwiZG50IjoiMCIsImF1ZCI6ImNvbW1lcmNlY2xvdWQvcHJvZC9iamNsX2RldiIsIm5iZiI6MTcxODEwOTE2MSwic3R5IjoiVXNlciIsImlzYiI6InVpZG86ZWNvbTo6dXBuOnFhLnRvdGFscGxheSswMTAwOTg3MTA1QGdtYWlsLmNvbTo6dWlkbjpSaWNhcmRvICBDb3JvbmEgQ3J1ejo6Z2NpZDphYnhIc1hsWElWd1hrUmtIQVh3V1lZeHVoRzo6cmNpZDphY25SYldxdWpIQ3BnOW9xNlYyaGt1VGFTVzo6Y2hpZDpUUC1TSE9QIiwiZXhwIjoxNzE4MTEwOTkxLCJpYXQiOjE3MTgxMDkxOTEsImp0aSI6IkMyQy0xMzExNTYzNTcwMTc4NzUxMTg1MDEwMjMwNTAzNDEwNjEwODYifQ.MKPdcSWfp6Wj7cK0Lu0QJ7jMVIuFzaMB0JreAuj4SR8pLJ77wxD_8zYwoLn-pLawytVLNn1viWIdSfOKdoII-Q

11-06-2024T18:03:11 - [TEST_STEP][PASSED] - Authorization = "Bearer " + sfccAuthorization: null

11-06-2024T18:03:11 - [TEST_STEP][PASSED] - logInfo(bm_auth_token): 

11-06-2024T18:03:11 - [MESSAGE][INFO] - 

11-06-2024T18:03:11 - [TEST_STEP][PASSED] - if (sfccAuthorization.length() == 0): null

11-06-2024T18:03:11 - [TEST_STEP][PASSED] - else: authorization generated

11-06-2024T18:03:11 - [TEST_STEP][PASSED] - markPassed("authorization generated"): authorization generated

11-06-2024T18:03:11 - [MESSAGE][PASSED] - authorization generated

11-06-2024T18:03:11 - [TEST_STEP][PASSED] - BasketId_loginResponse = "ocapiResponse.c_basketId": null

11-06-2024T18:03:11 - [TEST_STEP][PASSED] - CustomerId_loginResponse = "ocapiResponse.customer_id": null

11-06-2024T18:03:11 - [TEST_STEP][PASSED] - basketId = getElementPropertyValue(LoginResponse, BasketId_loginResponse): Checking response object

11-06-2024T18:03:11 - [MESSAGE][INFO] - Checking response object

11-06-2024T18:03:11 - [TEST_STEP][PASSED] - customerId = getElementPropertyValue(LoginResponse, CustomerId_loginResponse): Checking response object

11-06-2024T18:03:11 - [MESSAGE][INFO] - Checking response object

11-06-2024T18:03:11 - [TEST_STEP][PASSED] - basketID = basketId: null

11-06-2024T18:03:11 - [TEST_STEP][PASSED] - sla_customerId = customerId: null

11-06-2024T18:03:11 - [TEST_STEP][PASSED] - println(basketID): null

11-06-2024T18:03:11 - [TEST_STEP][PASSED] - println(sla_customerId): null

11-06-2024T18:03:11 - [TEST_STEP][PASSED] - refresh_token = "ocapiResponse.refresh_token": null

11-06-2024T18:03:11 - [TEST_STEP][PASSED] - customer_email = "ocapiResponse.customer_email": null

11-06-2024T18:03:11 - [TEST_STEP][PASSED] - c_brmId = "ocapiResponse.c_brmId": null

11-06-2024T18:03:11 - [TEST_STEP][PASSED] - customer_name = "ocapiResponse.customer_name": null

11-06-2024T18:03:11 - [TEST_STEP][PASSED] - totalplay.Common.verifyPropertyExist(LoginResponse, refresh_token): totalplay.Common.verifyPropertyExist is PASSED

11-06-2024T18:03:11 - [MESSAGE][INFO] - Checking response object

11-06-2024T18:03:11 - [MESSAGE][PASSED] - totalplay.Common.verifyPropertyExist is PASSED

11-06-2024T18:03:11 - [TEST_STEP][PASSED] - totalplay.Common.verifyPropertyValueExist(LoginResponse, refresh_token): totalplay.Common.verifyPropertyValueExist is PASSED

11-06-2024T18:03:11 - [MESSAGE][INFO] - Checking response object

11-06-2024T18:03:11 - [MESSAGE][INFO] - tXxud9bbuAkNT3TvlKsmIRDrbZvyt90t3J59KPMwv3E

11-06-2024T18:03:11 - [MESSAGE][PASSED] - totalplay.Common.verifyPropertyValueExist is PASSED

11-06-2024T18:03:11 - [TEST_STEP][PASSED] - totalplay.Common.verifyPropertyExist(LoginResponse, customer_email): totalplay.Common.verifyPropertyExist is PASSED

11-06-2024T18:03:11 - [MESSAGE][INFO] - Checking response object

11-06-2024T18:03:11 - [MESSAGE][PASSED] - totalplay.Common.verifyPropertyExist is PASSED

11-06-2024T18:03:11 - [TEST_STEP][PASSED] - totalplay.Common.verifyPropertyValueExist(LoginResponse, customer_email): totalplay.Common.verifyPropertyValueExist is PASSED

11-06-2024T18:03:11 - [MESSAGE][INFO] - Checking response object

11-06-2024T18:03:11 - [MESSAGE][INFO] - qa.totalplay@gmail.com

11-06-2024T18:03:11 - [MESSAGE][PASSED] - totalplay.Common.verifyPropertyValueExist is PASSED

11-06-2024T18:03:11 - [TEST_STEP][PASSED] - totalplay.Common.verifyPropertyExist(LoginResponse, customer_name): totalplay.Common.verifyPropertyExist is PASSED

11-06-2024T18:03:11 - [MESSAGE][INFO] - Checking response object

11-06-2024T18:03:11 - [MESSAGE][PASSED] - totalplay.Common.verifyPropertyExist is PASSED

11-06-2024T18:03:11 - [TEST_STEP][PASSED] - totalplay.Common.verifyPropertyValueExist(LoginResponse, customer_name): totalplay.Common.verifyPropertyValueExist is PASSED

11-06-2024T18:03:11 - [MESSAGE][INFO] - Checking response object

11-06-2024T18:03:11 - [MESSAGE][INFO] - Ricardo  Corona Cruz

11-06-2024T18:03:11 - [MESSAGE][PASSED] - totalplay.Common.verifyPropertyValueExist is PASSED

11-06-2024T18:03:11 - [TEST_STEP][PASSED] - totalplay.Common.verifyPropertyExist(LoginResponse, c_brmId): totalplay.Common.verifyPropertyExist is PASSED

11-06-2024T18:03:11 - [MESSAGE][INFO] - Checking response object

11-06-2024T18:03:11 - [MESSAGE][PASSED] - totalplay.Common.verifyPropertyExist is PASSED

11-06-2024T18:03:11 - [TEST_STEP][PASSED] - totalplay.Common.verifyPropertyValueExist(LoginResponse, c_brmId): totalplay.Common.verifyPropertyValueExist is PASSED

11-06-2024T18:03:11 - [MESSAGE][INFO] - Checking response object

11-06-2024T18:03:11 - [MESSAGE][INFO] - 0100987105

11-06-2024T18:03:11 - [MESSAGE][PASSED] - totalplay.Common.verifyPropertyValueExist is PASSED

11-06-2024T18:03:11 - [MESSAGE][PASSED] - Call Test Case 'Test Cases/TotalPlay-Shop/TC_1_InterfaceLogin' successfully

11-06-2024T18:03:11 - [TEST_STEP][PASSED] - SCPSearch_Response = sendRequest(findTestObject("TotalPlay-Shop/Postman/Search/SCP Search", ["URL":URL, "SITEID":SITEID])): Send request successfully

11-06-2024T18:03:11 - [MESSAGE][INFO] - Finding Test Object 'Object Repository/TotalPlay-Shop/Postman/Search/SCP Search'

11-06-2024T18:03:11 - [MESSAGE][INFO] - Checking request object

11-06-2024T18:03:12 - [MESSAGE][INFO] - HAR: D:\Automation\KogniveraGithub\TotalPlay_Automation\totalplay-API\totalplay-automation\Reports\20240611_180136\Shop-Services\20240611_180137\requests\main\26.har

11-06-2024T18:03:12 - [MESSAGE][PASSED] - Send request successfully

11-06-2024T18:03:12 - [TEST_STEP][PASSED] - verifyResponseStatusCode(SCPSearch_Response, 200): Verify response status code successfully

11-06-2024T18:03:12 - [MESSAGE][INFO] - Checking response object

11-06-2024T18:03:12 - [MESSAGE][PASSED] - Verify response status code successfully

11-06-2024T18:03:12 - [TEST_STEP][PASSED] - stores_name = "stores[0].name": null

11-06-2024T18:03:12 - [TEST_STEP][PASSED] - stores_corporateName = "stores[0].corporateName": null

11-06-2024T18:03:12 - [TEST_STEP][PASSED] - stores_image = "stores[0].image": null

11-06-2024T18:03:12 - [TEST_STEP][PASSED] - stores_ondemandEDD = "stores[0].ondemandEDD": null

11-06-2024T18:03:12 - [TEST_STEP][PASSED] - stores_multiStoreEDD = "stores[0].multiStoreEDD": null

11-06-2024T18:03:12 - [TEST_STEP][PASSED] - stores_storeOpen = "stores[0].storeOpen": null

11-06-2024T18:03:12 - [TEST_STEP][PASSED] - stores_todayOpenHrs = "stores[0].todayOpenHrs": null

11-06-2024T18:03:12 - [TEST_STEP][PASSED] - stores_productsCount = "stores[0].productsCount": null

11-06-2024T18:03:12 - [TEST_STEP][PASSED] - stores_link = "stores[0].link": null

11-06-2024T18:03:12 - [TEST_STEP][PASSED] - stores_linkType = "stores[0].linkType": null

11-06-2024T18:03:12 - [TEST_STEP][PASSED] - stores_corporateColorCode = "stores[0].corporateColorCode": null

11-06-2024T18:03:12 - [TEST_STEP][PASSED] - stores_verticalType = "stores[0].verticalType": null

11-06-2024T18:03:12 - [TEST_STEP][PASSED] - stores_isOpen = "stores[0].isOpen": null

11-06-2024T18:03:12 - [TEST_STEP][PASSED] - product_Id = "stores[0].products[0].productId": null

11-06-2024T18:03:12 - [TEST_STEP][PASSED] - product_Name = "stores[0].products[0].productName": null

11-06-2024T18:03:12 - [TEST_STEP][PASSED] - product_image = "stores[0].products[0].image": null

11-06-2024T18:03:12 - [TEST_STEP][PASSED] - product_link = "stores[0].products[0].link": null

11-06-2024T18:03:12 - [TEST_STEP][PASSED] - product_linkType = "stores[0].products[0].linkType": null

11-06-2024T18:03:12 - [TEST_STEP][PASSED] - product_sellerId = "stores[0].products[0].sellerId": null

11-06-2024T18:03:12 - [TEST_STEP][PASSED] - totalplay.Common.verifyPropertyExist(SCPSearch_Response, stores_name): totalplay.Common.verifyPropertyExist is PASSED

11-06-2024T18:03:12 - [MESSAGE][INFO] - Checking response object

11-06-2024T18:03:12 - [MESSAGE][PASSED] - totalplay.Common.verifyPropertyExist is PASSED

11-06-2024T18:03:12 - [TEST_STEP][PASSED] - totalplay.Common.verifyPropertyValueExist(SCPSearch_Response, stores_name): totalplay.Common.verifyPropertyValueExist is PASSED

11-06-2024T18:03:12 - [MESSAGE][INFO] - Checking response object

11-06-2024T18:03:12 - [MESSAGE][INFO] - Liverpool Mutli-Store

11-06-2024T18:03:12 - [MESSAGE][PASSED] - totalplay.Common.verifyPropertyValueExist is PASSED

11-06-2024T18:03:12 - [TEST_STEP][PASSED] - totalplay.Common.verifyPropertyExist(SCPSearch_Response, stores_corporateName): totalplay.Common.verifyPropertyExist is PASSED

11-06-2024T18:03:12 - [MESSAGE][INFO] - Checking response object

11-06-2024T18:03:12 - [MESSAGE][PASSED] - totalplay.Common.verifyPropertyExist is PASSED

11-06-2024T18:03:12 - [TEST_STEP][PASSED] - totalplay.Common.verifyPropertyValueExist(SCPSearch_Response, stores_corporateName): totalplay.Common.verifyPropertyValueExist is PASSED

11-06-2024T18:03:12 - [MESSAGE][INFO] - Checking response object

11-06-2024T18:03:12 - [MESSAGE][INFO] - Liverpool

11-06-2024T18:03:12 - [MESSAGE][PASSED] - totalplay.Common.verifyPropertyValueExist is PASSED

11-06-2024T18:03:12 - [TEST_STEP][PASSED] - totalplay.Common.verifyPropertyExist(SCPSearch_Response, stores_multiStoreEDD): totalplay.Common.verifyPropertyExist is PASSED

11-06-2024T18:03:12 - [MESSAGE][INFO] - Checking response object

11-06-2024T18:03:12 - [MESSAGE][PASSED] - totalplay.Common.verifyPropertyExist is PASSED

11-06-2024T18:03:12 - [TEST_STEP][PASSED] - totalplay.Common.verifyPropertyValueExist(SCPSearch_Response, stores_multiStoreEDD): totalplay.Common.verifyPropertyValueExist is PASSED

11-06-2024T18:03:12 - [MESSAGE][INFO] - Checking response object

11-06-2024T18:03:12 - [MESSAGE][INFO] - 10 - 1 días

11-06-2024T18:03:12 - [MESSAGE][PASSED] - totalplay.Common.verifyPropertyValueExist is PASSED

11-06-2024T18:03:12 - [TEST_STEP][PASSED] - totalplay.Common.getBooleanValueofObject(SCPSearch_Response, stores_storeOpen): totalplay.Common.getBooleanValueofObject is PASSED

11-06-2024T18:03:12 - [MESSAGE][INFO] - Checking response object

11-06-2024T18:03:12 - [MESSAGE][PASSED] - totalplay.Common.getBooleanValueofObject is PASSED

11-06-2024T18:03:12 - [TEST_STEP][PASSED] - totalplay.Common.getNumValueofObject(SCPSearch_Response, stores_productsCount): totalplay.Common.getNumValueofObject is PASSED

11-06-2024T18:03:12 - [MESSAGE][INFO] - Checking response object

11-06-2024T18:03:12 - [MESSAGE][PASSED] - totalplay.Common.getNumValueofObject is PASSED

11-06-2024T18:03:12 - [TEST_STEP][PASSED] - totalplay.Common.verifyPropertyExist(SCPSearch_Response, stores_link): totalplay.Common.verifyPropertyExist is PASSED

11-06-2024T18:03:12 - [MESSAGE][INFO] - Checking response object

11-06-2024T18:03:12 - [MESSAGE][PASSED] - totalplay.Common.verifyPropertyExist is PASSED

11-06-2024T18:03:12 - [TEST_STEP][PASSED] - totalplay.Common.verifyPropertyValueExist(SCPSearch_Response, stores_link): totalplay.Common.verifyPropertyValueExist is PASSED

11-06-2024T18:03:12 - [MESSAGE][INFO] - Checking response object

11-06-2024T18:03:12 - [MESSAGE][INFO] - /dw/shop/v23_2/product_search?pcpPage=true&refine_1=c_miraklShopID=2005&q=samsung&count=30

11-06-2024T18:03:12 - [MESSAGE][PASSED] - totalplay.Common.verifyPropertyValueExist is PASSED

11-06-2024T18:03:12 - [TEST_STEP][PASSED] - totalplay.Common.verifyPropertyExist(SCPSearch_Response, stores_linkType): totalplay.Common.verifyPropertyExist is PASSED

11-06-2024T18:03:12 - [MESSAGE][INFO] - Checking response object

11-06-2024T18:03:12 - [MESSAGE][PASSED] - totalplay.Common.verifyPropertyExist is PASSED

11-06-2024T18:03:12 - [TEST_STEP][PASSED] - totalplay.Common.verifyPropertyValueExist(SCPSearch_Response, stores_linkType): totalplay.Common.verifyPropertyValueExist is PASSED

11-06-2024T18:03:12 - [MESSAGE][INFO] - Checking response object

11-06-2024T18:03:12 - [MESSAGE][INFO] - PCP

11-06-2024T18:03:12 - [MESSAGE][PASSED] - totalplay.Common.verifyPropertyValueExist is PASSED

11-06-2024T18:03:12 - [TEST_STEP][PASSED] - totalplay.Common.verifyPropertyExist(SCPSearch_Response, stores_verticalType): totalplay.Common.verifyPropertyExist is PASSED

11-06-2024T18:03:12 - [MESSAGE][INFO] - Checking response object

11-06-2024T18:03:12 - [MESSAGE][PASSED] - totalplay.Common.verifyPropertyExist is PASSED

11-06-2024T18:03:12 - [TEST_STEP][PASSED] - totalplay.Common.verifyPropertyValueExist(SCPSearch_Response, stores_verticalType): totalplay.Common.verifyPropertyValueExist is PASSED

11-06-2024T18:03:12 - [MESSAGE][INFO] - Checking response object

11-06-2024T18:03:12 - [MESSAGE][INFO] - MultiStore

11-06-2024T18:03:12 - [MESSAGE][PASSED] - totalplay.Common.verifyPropertyValueExist is PASSED

11-06-2024T18:03:12 - [TEST_STEP][PASSED] - totalplay.Common.getBooleanValueofObject(SCPSearch_Response, stores_isOpen): totalplay.Common.getBooleanValueofObject is PASSED

11-06-2024T18:03:12 - [MESSAGE][INFO] - Checking response object

11-06-2024T18:03:12 - [MESSAGE][PASSED] - totalplay.Common.getBooleanValueofObject is PASSED

11-06-2024T18:03:12 - [TEST_STEP][PASSED] - totalplay.Common.verifyPropertyExist(SCPSearch_Response, product_Id): totalplay.Common.verifyPropertyExist is PASSED

11-06-2024T18:03:12 - [MESSAGE][INFO] - Checking response object

11-06-2024T18:03:12 - [MESSAGE][PASSED] - totalplay.Common.verifyPropertyExist is PASSED

11-06-2024T18:03:12 - [TEST_STEP][PASSED] - totalplay.Common.verifyPropertyValueExist(SCPSearch_Response, product_Id): totalplay.Common.verifyPropertyValueExist is PASSED

11-06-2024T18:03:12 - [MESSAGE][INFO] - Checking response object

11-06-2024T18:03:12 - [MESSAGE][INFO] - T1525999484

11-06-2024T18:03:12 - [MESSAGE][PASSED] - totalplay.Common.verifyPropertyValueExist is PASSED

11-06-2024T18:03:12 - [TEST_STEP][PASSED] - totalplay.Common.verifyPropertyExist(SCPSearch_Response, product_Name): totalplay.Common.verifyPropertyExist is PASSED

11-06-2024T18:03:12 - [MESSAGE][INFO] - Checking response object

11-06-2024T18:03:13 - [MESSAGE][PASSED] - totalplay.Common.verifyPropertyExist is PASSED

11-06-2024T18:03:13 - [TEST_STEP][PASSED] - totalplay.Common.verifyPropertyValueExist(SCPSearch_Response, product_Name): totalplay.Common.verifyPropertyValueExist is PASSED

11-06-2024T18:03:13 - [MESSAGE][INFO] - Checking response object

11-06-2024T18:03:13 - [MESSAGE][INFO] - SAMSUNG Panel VA Full HD de 27 pulgadas con HAS, pantalla sin bordes en 3 lados, modo protector de ojos, monitor plano premium para juegos (LS27AG300NWXXL/LS27AG30ANWXXL) (sincronización libre de AMD, tiempo de respuesta: 1 ms, frecuencia de actualización de 144 Hz)

11-06-2024T18:03:13 - [MESSAGE][PASSED] - totalplay.Common.verifyPropertyValueExist is PASSED

11-06-2024T18:03:13 - [TEST_STEP][PASSED] - totalplay.Common.verifyPropertyExist(SCPSearch_Response, product_image): totalplay.Common.verifyPropertyExist is PASSED

11-06-2024T18:03:13 - [MESSAGE][INFO] - Checking response object

11-06-2024T18:03:13 - [MESSAGE][PASSED] - totalplay.Common.verifyPropertyExist is PASSED

11-06-2024T18:03:13 - [TEST_STEP][PASSED] - totalplay.Common.verifyPropertyValueExist(SCPSearch_Response, product_image): totalplay.Common.verifyPropertyValueExist is PASSED

11-06-2024T18:03:13 - [MESSAGE][INFO] - Checking response object

11-06-2024T18:03:13 - [MESSAGE][INFO] - https://salesforceqa.sistemastp.com.mx/dw/image/v2/BJCL_DEV/on/demandware.static/-/Sites-Standard/default/dw137f7cb6/images/large/5304117173a245f0a32829e3b3415407.jpg?sw=140&sh=140

11-06-2024T18:03:13 - [MESSAGE][PASSED] - totalplay.Common.verifyPropertyValueExist is PASSED

11-06-2024T18:03:13 - [TEST_STEP][PASSED] - totalplay.Common.verifyPropertyExist(SCPSearch_Response, product_link): totalplay.Common.verifyPropertyExist is PASSED

11-06-2024T18:03:13 - [MESSAGE][INFO] - Checking response object

11-06-2024T18:03:13 - [MESSAGE][PASSED] - totalplay.Common.verifyPropertyExist is PASSED

11-06-2024T18:03:13 - [TEST_STEP][PASSED] - totalplay.Common.verifyPropertyValueExist(SCPSearch_Response, product_link): totalplay.Common.verifyPropertyValueExist is PASSED

11-06-2024T18:03:13 - [MESSAGE][INFO] - Checking response object

11-06-2024T18:03:13 - [MESSAGE][INFO] - /dw/shop/v23_1/content/seller-pdp?sellerID=2005&c_productid=T1525999484

11-06-2024T18:03:13 - [MESSAGE][PASSED] - totalplay.Common.verifyPropertyValueExist is PASSED

11-06-2024T18:03:13 - [TEST_STEP][PASSED] - totalplay.Common.verifyPropertyExist(SCPSearch_Response, product_linkType): totalplay.Common.verifyPropertyExist is PASSED

11-06-2024T18:03:13 - [MESSAGE][INFO] - Checking response object

11-06-2024T18:03:13 - [MESSAGE][PASSED] - totalplay.Common.verifyPropertyExist is PASSED

11-06-2024T18:03:13 - [TEST_STEP][PASSED] - totalplay.Common.verifyPropertyValueExist(SCPSearch_Response, product_linkType): totalplay.Common.verifyPropertyValueExist is PASSED

11-06-2024T18:03:13 - [MESSAGE][INFO] - Checking response object

11-06-2024T18:03:13 - [MESSAGE][INFO] - PDP

11-06-2024T18:03:13 - [MESSAGE][PASSED] - totalplay.Common.verifyPropertyValueExist is PASSED

11-06-2024T18:03:13 - [TEST_STEP][PASSED] - totalplay.Common.verifyPropertyExist(SCPSearch_Response, product_sellerId): totalplay.Common.verifyPropertyExist is PASSED

11-06-2024T18:03:13 - [MESSAGE][INFO] - Checking response object

11-06-2024T18:03:13 - [MESSAGE][PASSED] - totalplay.Common.verifyPropertyExist is PASSED

11-06-2024T18:03:13 - [TEST_STEP][PASSED] - totalplay.Common.verifyPropertyValueExist(SCPSearch_Response, product_sellerId): totalplay.Common.verifyPropertyValueExist is PASSED

11-06-2024T18:03:13 - [MESSAGE][INFO] - Checking response object

11-06-2024T18:03:13 - [MESSAGE][INFO] - 2005

11-06-2024T18:03:13 - [MESSAGE][PASSED] - totalplay.Common.verifyPropertyValueExist is PASSED]]></system-out>
         <system-err><![CDATA[]]></system-err>
      </testcase>
      <testcase name="Test Cases/TotalPlay-Shop/TC_15_PCPSearch" time="3.423" classname="Test Cases/TotalPlay-Shop/TC_15_PCPSearch" status="PASSED">
         <system-out><![CDATA[11-06-2024T18:03:13 - [TEST_CASE][PASSED] - Test Cases/TotalPlay-Shop/TC_15_PCPSearch: Test Cases/TotalPlay-Shop/TC_15_PCPSearch

11-06-2024T18:03:13 - [TEST_STEP][PASSED] - callTestCase(findTestCase("TotalPlay-Shop/TC_1_InterfaceLogin"), [:], STOP_ON_FAILURE): Call Test Case 'Test Cases/TotalPlay-Shop/TC_1_InterfaceLogin' successfully

11-06-2024T18:03:13 - [MESSAGE][INFO] - Checking called Test Case

11-06-2024T18:03:13 - [MESSAGE][INFO] - Starting to call Test Case 'Test Cases/TotalPlay-Shop/TC_1_InterfaceLogin'

11-06-2024T18:03:13 - [TEST_CASE][PASSED] - Test Cases/TotalPlay-Shop/TC_1_InterfaceLogin: Test Cases/TotalPlay-Shop/TC_1_InterfaceLogin

11-06-2024T18:03:13 - [TEST_STEP][PASSED] - LoginResponse = sendRequest(findTestObject("TotalPlay-Shop/Interface Login (SLAS)", ["URL":URL, "SITEID":SITEID])): Send request successfully

11-06-2024T18:03:13 - [MESSAGE][INFO] - Finding Test Object 'Object Repository/TotalPlay-Shop/Interface Login (SLAS)'

11-06-2024T18:03:13 - [MESSAGE][INFO] - Checking request object

11-06-2024T18:03:15 - [MESSAGE][INFO] - HAR: D:\Automation\KogniveraGithub\TotalPlay_Automation\totalplay-API\totalplay-automation\Reports\20240611_180136\Shop-Services\20240611_180137\requests\main\27.har

11-06-2024T18:03:15 - [MESSAGE][PASSED] - Send request successfully

11-06-2024T18:03:15 - [TEST_STEP][PASSED] - assert getResponseStatusCode(LoginResponse) == 200: Checking response object

11-06-2024T18:03:15 - [MESSAGE][INFO] - Checking response object

11-06-2024T18:03:15 - [TEST_STEP][PASSED] - Auth = "ocapiResponse.access_token": null

11-06-2024T18:03:15 - [TEST_STEP][PASSED] - sfccAuthorization = getElementPropertyValue(LoginResponse, Auth): Checking response object

11-06-2024T18:03:15 - [MESSAGE][INFO] - Checking response object

11-06-2024T18:03:15 - [TEST_STEP][PASSED] - logInfo(sfccAuthorization): eyJ2ZXIiOiIxLjAiLCJqa3UiOiJzbGFzL3Byb2QvYmpjbF9kZXYiLCJraWQiOiIzOWM0NGRmMy01OGI5LTQ3YWEtODNhMC05NWMwOTBiZGNkMzciLCJ0eXAiOiJqd3QiLCJjbHYiOiJKMi4zLjQiLCJhbGciOiJFUzI1NiJ9.eyJhdXQiOiJHVUlEIiwic2NwIjoic2ZjYy5zaG9wcGVyLW15YWNjb3VudC5iYXNrZXRzIHNmY2Muc2hvcHBlci1kaXNjb3Zlcnktc2VhcmNoIHNmY2Muc2hvcHBlci1teWFjY291bnQuYWRkcmVzc2VzIHNmY2Muc2hvcHBlci1wcm9kdWN0cyBzZmNjLnNob3BwZXItbXlhY2NvdW50LnJ3IHNmY2Muc2hvcHBlci1teWFjY291bnQucGF5bWVudGluc3RydW1lbnRzIHNmY2Muc2hvcHBlci1jdXN0b21lcnMubG9naW4gc2ZjYy5zaG9wcGVyLXN0b3JlcyBzZmNjLnNob3BwZXItbXlhY2NvdW50Lm9yZGVycyBzZmNjLnNob3BwZXItYmFza2V0cy1vcmRlcnMgc2ZjYy5zaG9wcGVyLWN1c3RvbWVycy5yZWdpc3RlciBzZmNjLnNob3BwZXItbXlhY2NvdW50LmFkZHJlc3Nlcy5ydyBzZmNjLnNob3BwZXItbXlhY2NvdW50LnByb2R1Y3RsaXN0cy5ydyBzZmNjLnNob3BwZXItcHJvZHVjdGxpc3RzIHNmY2Muc2hvcHBlci1wcm9tb3Rpb25zIHNmY2Muc2hvcHBlci1iYXNrZXRzLW9yZGVycy5ydyBzZmNjLnNob3BwZXItZ2lmdC1jZXJ0aWZpY2F0ZXMgc2ZjYy5zaG9wcGVyLW15YWNjb3VudC5wYXltZW50aW5zdHJ1bWVudHMucncgc2ZjYy5zaG9wcGVyLXByb2R1Y3Qtc2VhcmNoIHNmY2Muc2hvcHBlci1teWFjY291bnQucHJvZHVjdGxpc3RzIHNmY2Muc2hvcHBlci1jYXRlZ29yaWVzIHNmY2Muc2hvcHBlci1teWFjY291bnQiLCJzdWIiOiJjYy1zbGFzOjpiamNsX2Rldjo6c2NpZDo1ZDI1ZjVmYS01YTRmLTQ2YjUtYTIxMS04NzU1NDJjODVhYzE6OnVzaWQ6ZjhlNzI4N2MtZDFkMi00M2VkLTgwNTMtMDZhNGQ3OWJjNmQ3IiwiY3R4Ijoic2xhcyIsImlzcyI6InNsYXMvcHJvZC9iamNsX2RldiIsImlzdCI6MSwiZG50IjoiMCIsImF1ZCI6ImNvbW1lcmNlY2xvdWQvcHJvZC9iamNsX2RldiIsIm5iZiI6MTcxODEwOTE2NSwic3R5IjoiVXNlciIsImlzYiI6InVpZG86ZWNvbTo6dXBuOnFhLnRvdGFscGxheSswMTAwOTg3MTA1QGdtYWlsLmNvbTo6dWlkbjpSaWNhcmRvICBDb3JvbmEgQ3J1ejo6Z2NpZDphYnhIRkpsWGcybDBrUnhiZElrR1lZazB0STo6cmNpZDphY25SYldxdWpIQ3BnOW9xNlYyaGt1VGFTVzo6Y2hpZDpUUC1TSE9QIiwiZXhwIjoxNzE4MTEwOTk1LCJpYXQiOjE3MTgxMDkxOTUsImp0aSI6IkMyQy0xMzExNTYzNTcwMTc4NzUxMTg1MDEwMjMwNTQ1Mjk3NDk0NDUifQ.v4yV5QLmVWImDP4CUc0xmf4Ow1xWIRiX5ECe2g_g5B5CKRibAWFHF5jC1PGgRnCwTzB_1G-ulrnChSgF2S-2LA

11-06-2024T18:03:15 - [MESSAGE][INFO] - eyJ2ZXIiOiIxLjAiLCJqa3UiOiJzbGFzL3Byb2QvYmpjbF9kZXYiLCJraWQiOiIzOWM0NGRmMy01OGI5LTQ3YWEtODNhMC05NWMwOTBiZGNkMzciLCJ0eXAiOiJqd3QiLCJjbHYiOiJKMi4zLjQiLCJhbGciOiJFUzI1NiJ9.eyJhdXQiOiJHVUlEIiwic2NwIjoic2ZjYy5zaG9wcGVyLW15YWNjb3VudC5iYXNrZXRzIHNmY2Muc2hvcHBlci1kaXNjb3Zlcnktc2VhcmNoIHNmY2Muc2hvcHBlci1teWFjY291bnQuYWRkcmVzc2VzIHNmY2Muc2hvcHBlci1wcm9kdWN0cyBzZmNjLnNob3BwZXItbXlhY2NvdW50LnJ3IHNmY2Muc2hvcHBlci1teWFjY291bnQucGF5bWVudGluc3RydW1lbnRzIHNmY2Muc2hvcHBlci1jdXN0b21lcnMubG9naW4gc2ZjYy5zaG9wcGVyLXN0b3JlcyBzZmNjLnNob3BwZXItbXlhY2NvdW50Lm9yZGVycyBzZmNjLnNob3BwZXItYmFza2V0cy1vcmRlcnMgc2ZjYy5zaG9wcGVyLWN1c3RvbWVycy5yZWdpc3RlciBzZmNjLnNob3BwZXItbXlhY2NvdW50LmFkZHJlc3Nlcy5ydyBzZmNjLnNob3BwZXItbXlhY2NvdW50LnByb2R1Y3RsaXN0cy5ydyBzZmNjLnNob3BwZXItcHJvZHVjdGxpc3RzIHNmY2Muc2hvcHBlci1wcm9tb3Rpb25zIHNmY2Muc2hvcHBlci1iYXNrZXRzLW9yZGVycy5ydyBzZmNjLnNob3BwZXItZ2lmdC1jZXJ0aWZpY2F0ZXMgc2ZjYy5zaG9wcGVyLW15YWNjb3VudC5wYXltZW50aW5zdHJ1bWVudHMucncgc2ZjYy5zaG9wcGVyLXByb2R1Y3Qtc2VhcmNoIHNmY2Muc2hvcHBlci1teWFjY291bnQucHJvZHVjdGxpc3RzIHNmY2Muc2hvcHBlci1jYXRlZ29yaWVzIHNmY2Muc2hvcHBlci1teWFjY291bnQiLCJzdWIiOiJjYy1zbGFzOjpiamNsX2Rldjo6c2NpZDo1ZDI1ZjVmYS01YTRmLTQ2YjUtYTIxMS04NzU1NDJjODVhYzE6OnVzaWQ6ZjhlNzI4N2MtZDFkMi00M2VkLTgwNTMtMDZhNGQ3OWJjNmQ3IiwiY3R4Ijoic2xhcyIsImlzcyI6InNsYXMvcHJvZC9iamNsX2RldiIsImlzdCI6MSwiZG50IjoiMCIsImF1ZCI6ImNvbW1lcmNlY2xvdWQvcHJvZC9iamNsX2RldiIsIm5iZiI6MTcxODEwOTE2NSwic3R5IjoiVXNlciIsImlzYiI6InVpZG86ZWNvbTo6dXBuOnFhLnRvdGFscGxheSswMTAwOTg3MTA1QGdtYWlsLmNvbTo6dWlkbjpSaWNhcmRvICBDb3JvbmEgQ3J1ejo6Z2NpZDphYnhIRkpsWGcybDBrUnhiZElrR1lZazB0STo6cmNpZDphY25SYldxdWpIQ3BnOW9xNlYyaGt1VGFTVzo6Y2hpZDpUUC1TSE9QIiwiZXhwIjoxNzE4MTEwOTk1LCJpYXQiOjE3MTgxMDkxOTUsImp0aSI6IkMyQy0xMzExNTYzNTcwMTc4NzUxMTg1MDEwMjMwNTQ1Mjk3NDk0NDUifQ.v4yV5QLmVWImDP4CUc0xmf4Ow1xWIRiX5ECe2g_g5B5CKRibAWFHF5jC1PGgRnCwTzB_1G-ulrnChSgF2S-2LA

11-06-2024T18:03:15 - [TEST_STEP][PASSED] - Authorization = "Bearer " + sfccAuthorization: null

11-06-2024T18:03:15 - [TEST_STEP][PASSED] - logInfo(bm_auth_token): 

11-06-2024T18:03:15 - [MESSAGE][INFO] - 

11-06-2024T18:03:15 - [TEST_STEP][PASSED] - if (sfccAuthorization.length() == 0): null

11-06-2024T18:03:15 - [TEST_STEP][PASSED] - else: authorization generated

11-06-2024T18:03:15 - [TEST_STEP][PASSED] - markPassed("authorization generated"): authorization generated

11-06-2024T18:03:15 - [MESSAGE][PASSED] - authorization generated

11-06-2024T18:03:15 - [TEST_STEP][PASSED] - BasketId_loginResponse = "ocapiResponse.c_basketId": null

11-06-2024T18:03:15 - [TEST_STEP][PASSED] - CustomerId_loginResponse = "ocapiResponse.customer_id": null

11-06-2024T18:03:15 - [TEST_STEP][PASSED] - basketId = getElementPropertyValue(LoginResponse, BasketId_loginResponse): Checking response object

11-06-2024T18:03:15 - [MESSAGE][INFO] - Checking response object

11-06-2024T18:03:15 - [TEST_STEP][PASSED] - customerId = getElementPropertyValue(LoginResponse, CustomerId_loginResponse): Checking response object

11-06-2024T18:03:15 - [MESSAGE][INFO] - Checking response object

11-06-2024T18:03:15 - [TEST_STEP][PASSED] - basketID = basketId: null

11-06-2024T18:03:15 - [TEST_STEP][PASSED] - sla_customerId = customerId: null

11-06-2024T18:03:15 - [TEST_STEP][PASSED] - println(basketID): null

11-06-2024T18:03:15 - [TEST_STEP][PASSED] - println(sla_customerId): null

11-06-2024T18:03:15 - [TEST_STEP][PASSED] - refresh_token = "ocapiResponse.refresh_token": null

11-06-2024T18:03:15 - [TEST_STEP][PASSED] - customer_email = "ocapiResponse.customer_email": null

11-06-2024T18:03:15 - [TEST_STEP][PASSED] - c_brmId = "ocapiResponse.c_brmId": null

11-06-2024T18:03:15 - [TEST_STEP][PASSED] - customer_name = "ocapiResponse.customer_name": null

11-06-2024T18:03:15 - [TEST_STEP][PASSED] - totalplay.Common.verifyPropertyExist(LoginResponse, refresh_token): totalplay.Common.verifyPropertyExist is PASSED

11-06-2024T18:03:15 - [MESSAGE][INFO] - Checking response object

11-06-2024T18:03:15 - [MESSAGE][PASSED] - totalplay.Common.verifyPropertyExist is PASSED

11-06-2024T18:03:15 - [TEST_STEP][PASSED] - totalplay.Common.verifyPropertyValueExist(LoginResponse, refresh_token): totalplay.Common.verifyPropertyValueExist is PASSED

11-06-2024T18:03:15 - [MESSAGE][INFO] - Checking response object

11-06-2024T18:03:15 - [MESSAGE][INFO] - pV2gIycP-fNcHZjkuBqpMhkRrb3qGNCWtNjMwM1YU88

11-06-2024T18:03:15 - [MESSAGE][PASSED] - totalplay.Common.verifyPropertyValueExist is PASSED

11-06-2024T18:03:15 - [TEST_STEP][PASSED] - totalplay.Common.verifyPropertyExist(LoginResponse, customer_email): totalplay.Common.verifyPropertyExist is PASSED

11-06-2024T18:03:15 - [MESSAGE][INFO] - Checking response object

11-06-2024T18:03:15 - [MESSAGE][PASSED] - totalplay.Common.verifyPropertyExist is PASSED

11-06-2024T18:03:15 - [TEST_STEP][PASSED] - totalplay.Common.verifyPropertyValueExist(LoginResponse, customer_email): totalplay.Common.verifyPropertyValueExist is PASSED

11-06-2024T18:03:15 - [MESSAGE][INFO] - Checking response object

11-06-2024T18:03:15 - [MESSAGE][INFO] - qa.totalplay@gmail.com

11-06-2024T18:03:15 - [MESSAGE][PASSED] - totalplay.Common.verifyPropertyValueExist is PASSED

11-06-2024T18:03:15 - [TEST_STEP][PASSED] - totalplay.Common.verifyPropertyExist(LoginResponse, customer_name): totalplay.Common.verifyPropertyExist is PASSED

11-06-2024T18:03:15 - [MESSAGE][INFO] - Checking response object

11-06-2024T18:03:15 - [MESSAGE][PASSED] - totalplay.Common.verifyPropertyExist is PASSED

11-06-2024T18:03:15 - [TEST_STEP][PASSED] - totalplay.Common.verifyPropertyValueExist(LoginResponse, customer_name): totalplay.Common.verifyPropertyValueExist is PASSED

11-06-2024T18:03:15 - [MESSAGE][INFO] - Checking response object

11-06-2024T18:03:15 - [MESSAGE][INFO] - Ricardo  Corona Cruz

11-06-2024T18:03:15 - [MESSAGE][PASSED] - totalplay.Common.verifyPropertyValueExist is PASSED

11-06-2024T18:03:15 - [TEST_STEP][PASSED] - totalplay.Common.verifyPropertyExist(LoginResponse, c_brmId): totalplay.Common.verifyPropertyExist is PASSED

11-06-2024T18:03:15 - [MESSAGE][INFO] - Checking response object

11-06-2024T18:03:15 - [MESSAGE][PASSED] - totalplay.Common.verifyPropertyExist is PASSED

11-06-2024T18:03:15 - [TEST_STEP][PASSED] - totalplay.Common.verifyPropertyValueExist(LoginResponse, c_brmId): totalplay.Common.verifyPropertyValueExist is PASSED

11-06-2024T18:03:15 - [MESSAGE][INFO] - Checking response object

11-06-2024T18:03:15 - [MESSAGE][INFO] - 0100987105

11-06-2024T18:03:15 - [MESSAGE][PASSED] - totalplay.Common.verifyPropertyValueExist is PASSED

11-06-2024T18:03:15 - [MESSAGE][PASSED] - Call Test Case 'Test Cases/TotalPlay-Shop/TC_1_InterfaceLogin' successfully

11-06-2024T18:03:15 - [TEST_STEP][PASSED] - PCPSearch_Response = sendRequest(findTestObject("TotalPlay-Shop/Postman/Search/PCP Search", ["URL":URL, "SITEID":SITEID])): Send request successfully

11-06-2024T18:03:15 - [MESSAGE][INFO] - Finding Test Object 'Object Repository/TotalPlay-Shop/Postman/Search/PCP Search'

11-06-2024T18:03:15 - [MESSAGE][INFO] - Checking request object

11-06-2024T18:03:16 - [MESSAGE][INFO] - HAR: D:\Automation\KogniveraGithub\TotalPlay_Automation\totalplay-API\totalplay-automation\Reports\20240611_180136\Shop-Services\20240611_180137\requests\main\28.har

11-06-2024T18:03:16 - [MESSAGE][PASSED] - Send request successfully

11-06-2024T18:03:16 - [TEST_STEP][PASSED] - verifyResponseStatusCode(PCPSearch_Response, 200): Verify response status code successfully

11-06-2024T18:03:16 - [MESSAGE][INFO] - Checking response object

11-06-2024T18:03:16 - [MESSAGE][PASSED] - Verify response status code successfully

11-06-2024T18:03:16 - [TEST_STEP][PASSED] - productId = "[0].productId": null

11-06-2024T18:03:16 - [TEST_STEP][PASSED] - productName = "[0].productName": null

11-06-2024T18:03:16 - [TEST_STEP][PASSED] - link = "[0].link": null

11-06-2024T18:03:16 - [TEST_STEP][PASSED] - linkType = "[0].linkType": null

11-06-2024T18:03:16 - [TEST_STEP][PASSED] - totalplay.Common.verifyPropertyExist(PCPSearch_Response, productId): totalplay.Common.verifyPropertyExist is PASSED

11-06-2024T18:03:16 - [MESSAGE][INFO] - Checking response object

11-06-2024T18:03:16 - [MESSAGE][PASSED] - totalplay.Common.verifyPropertyExist is PASSED

11-06-2024T18:03:16 - [TEST_STEP][PASSED] - totalplay.Common.verifyPropertyValueExist(PCPSearch_Response, productId): totalplay.Common.verifyPropertyValueExist is PASSED

11-06-2024T18:03:16 - [MESSAGE][INFO] - Checking response object

11-06-2024T18:03:16 - [MESSAGE][INFO] - T760412326

11-06-2024T18:03:16 - [MESSAGE][PASSED] - totalplay.Common.verifyPropertyValueExist is PASSED

11-06-2024T18:03:16 - [TEST_STEP][PASSED] - totalplay.Common.verifyPropertyExist(PCPSearch_Response, productName): totalplay.Common.verifyPropertyExist is PASSED

11-06-2024T18:03:16 - [MESSAGE][INFO] - Checking response object

11-06-2024T18:03:16 - [MESSAGE][PASSED] - totalplay.Common.verifyPropertyExist is PASSED

11-06-2024T18:03:16 - [TEST_STEP][PASSED] - totalplay.Common.verifyPropertyValueExist(PCPSearch_Response, productName): totalplay.Common.verifyPropertyValueExist is PASSED

11-06-2024T18:03:16 - [MESSAGE][INFO] - Checking response object

11-06-2024T18:03:16 - [MESSAGE][INFO] - Lente Solar Carolina Herrera 100% Proteccion Uv Mod. She161 58.16 Col.02Am 135

11-06-2024T18:03:16 - [MESSAGE][PASSED] - totalplay.Common.verifyPropertyValueExist is PASSED

11-06-2024T18:03:16 - [TEST_STEP][PASSED] - totalplay.Common.verifyPropertyExist(PCPSearch_Response, link): totalplay.Common.verifyPropertyExist is PASSED

11-06-2024T18:03:16 - [MESSAGE][INFO] - Checking response object

11-06-2024T18:03:16 - [MESSAGE][PASSED] - totalplay.Common.verifyPropertyExist is PASSED

11-06-2024T18:03:16 - [TEST_STEP][PASSED] - totalplay.Common.verifyPropertyValueExist(PCPSearch_Response, link): totalplay.Common.verifyPropertyValueExist is PASSED

11-06-2024T18:03:16 - [MESSAGE][INFO] - Checking response object

11-06-2024T18:03:16 - [MESSAGE][INFO] - /dw/shop/v23_1/content/seller-pdp?sellerID=2617&c_productid=T760412326

11-06-2024T18:03:16 - [MESSAGE][PASSED] - totalplay.Common.verifyPropertyValueExist is PASSED

11-06-2024T18:03:16 - [TEST_STEP][PASSED] - totalplay.Common.verifyPropertyExist(PCPSearch_Response, linkType): totalplay.Common.verifyPropertyExist is PASSED

11-06-2024T18:03:16 - [MESSAGE][INFO] - Checking response object

11-06-2024T18:03:16 - [MESSAGE][PASSED] - totalplay.Common.verifyPropertyExist is PASSED

11-06-2024T18:03:16 - [TEST_STEP][PASSED] - totalplay.Common.verifyPropertyValueExist(PCPSearch_Response, linkType): totalplay.Common.verifyPropertyValueExist is PASSED

11-06-2024T18:03:16 - [MESSAGE][INFO] - Checking response object

11-06-2024T18:03:16 - [MESSAGE][INFO] - PDP

11-06-2024T18:03:16 - [MESSAGE][PASSED] - totalplay.Common.verifyPropertyValueExist is PASSED]]></system-out>
         <system-err><![CDATA[]]></system-err>
      </testcase>
      <testcase name="Test Cases/TotalPlay-Shop/TC_16_Filters" time="15.41" classname="Test Cases/TotalPlay-Shop/TC_16_Filters" status="PASSED">
         <system-out><![CDATA[11-06-2024T18:03:16 - [TEST_CASE][PASSED] - Test Cases/TotalPlay-Shop/TC_16_Filters: Test Cases/TotalPlay-Shop/TC_16_Filters

11-06-2024T18:03:17 - [TEST_STEP][PASSED] - callTestCase(findTestCase("TotalPlay-Shop/TC_1_InterfaceLogin"), [:], STOP_ON_FAILURE): Call Test Case 'Test Cases/TotalPlay-Shop/TC_1_InterfaceLogin' successfully

11-06-2024T18:03:17 - [MESSAGE][INFO] - Checking called Test Case

11-06-2024T18:03:17 - [MESSAGE][INFO] - Starting to call Test Case 'Test Cases/TotalPlay-Shop/TC_1_InterfaceLogin'

11-06-2024T18:03:17 - [TEST_CASE][PASSED] - Test Cases/TotalPlay-Shop/TC_1_InterfaceLogin: Test Cases/TotalPlay-Shop/TC_1_InterfaceLogin

11-06-2024T18:03:17 - [TEST_STEP][PASSED] - LoginResponse = sendRequest(findTestObject("TotalPlay-Shop/Interface Login (SLAS)", ["URL":URL, "SITEID":SITEID])): Send request successfully

11-06-2024T18:03:17 - [MESSAGE][INFO] - Finding Test Object 'Object Repository/TotalPlay-Shop/Interface Login (SLAS)'

11-06-2024T18:03:17 - [MESSAGE][INFO] - Checking request object

11-06-2024T18:03:19 - [MESSAGE][INFO] - HAR: D:\Automation\KogniveraGithub\TotalPlay_Automation\totalplay-API\totalplay-automation\Reports\20240611_180136\Shop-Services\20240611_180137\requests\main\29.har

11-06-2024T18:03:19 - [MESSAGE][PASSED] - Send request successfully

11-06-2024T18:03:19 - [TEST_STEP][PASSED] - assert getResponseStatusCode(LoginResponse) == 200: Checking response object

11-06-2024T18:03:19 - [MESSAGE][INFO] - Checking response object

11-06-2024T18:03:19 - [TEST_STEP][PASSED] - Auth = "ocapiResponse.access_token": null

11-06-2024T18:03:19 - [TEST_STEP][PASSED] - sfccAuthorization = getElementPropertyValue(LoginResponse, Auth): Checking response object

11-06-2024T18:03:19 - [MESSAGE][INFO] - Checking response object

11-06-2024T18:03:19 - [TEST_STEP][PASSED] - logInfo(sfccAuthorization): eyJ2ZXIiOiIxLjAiLCJqa3UiOiJzbGFzL3Byb2QvYmpjbF9kZXYiLCJraWQiOiIzOWM0NGRmMy01OGI5LTQ3YWEtODNhMC05NWMwOTBiZGNkMzciLCJ0eXAiOiJqd3QiLCJjbHYiOiJKMi4zLjQiLCJhbGciOiJFUzI1NiJ9.eyJhdXQiOiJHVUlEIiwic2NwIjoic2ZjYy5zaG9wcGVyLW15YWNjb3VudC5iYXNrZXRzIHNmY2Muc2hvcHBlci1kaXNjb3Zlcnktc2VhcmNoIHNmY2Muc2hvcHBlci1teWFjY291bnQuYWRkcmVzc2VzIHNmY2Muc2hvcHBlci1wcm9kdWN0cyBzZmNjLnNob3BwZXItbXlhY2NvdW50LnJ3IHNmY2Muc2hvcHBlci1teWFjY291bnQucGF5bWVudGluc3RydW1lbnRzIHNmY2Muc2hvcHBlci1jdXN0b21lcnMubG9naW4gc2ZjYy5zaG9wcGVyLXN0b3JlcyBzZmNjLnNob3BwZXItbXlhY2NvdW50Lm9yZGVycyBzZmNjLnNob3BwZXItYmFza2V0cy1vcmRlcnMgc2ZjYy5zaG9wcGVyLWN1c3RvbWVycy5yZWdpc3RlciBzZmNjLnNob3BwZXItbXlhY2NvdW50LmFkZHJlc3Nlcy5ydyBzZmNjLnNob3BwZXItbXlhY2NvdW50LnByb2R1Y3RsaXN0cy5ydyBzZmNjLnNob3BwZXItcHJvZHVjdGxpc3RzIHNmY2Muc2hvcHBlci1wcm9tb3Rpb25zIHNmY2Muc2hvcHBlci1iYXNrZXRzLW9yZGVycy5ydyBzZmNjLnNob3BwZXItZ2lmdC1jZXJ0aWZpY2F0ZXMgc2ZjYy5zaG9wcGVyLW15YWNjb3VudC5wYXltZW50aW5zdHJ1bWVudHMucncgc2ZjYy5zaG9wcGVyLXByb2R1Y3Qtc2VhcmNoIHNmY2Muc2hvcHBlci1teWFjY291bnQucHJvZHVjdGxpc3RzIHNmY2Muc2hvcHBlci1jYXRlZ29yaWVzIHNmY2Muc2hvcHBlci1teWFjY291bnQiLCJzdWIiOiJjYy1zbGFzOjpiamNsX2Rldjo6c2NpZDo1ZDI1ZjVmYS01YTRmLTQ2YjUtYTIxMS04NzU1NDJjODVhYzE6OnVzaWQ6ZDhkMGI4YmYtYjBhMC00YTc1LWJlMmYtMzE2NTdiZjgwYjBkIiwiY3R4Ijoic2xhcyIsImlzcyI6InNsYXMvcHJvZC9iamNsX2RldiIsImlzdCI6MSwiZG50IjoiMCIsImF1ZCI6ImNvbW1lcmNlY2xvdWQvcHJvZC9iamNsX2RldiIsIm5iZiI6MTcxODEwOTE2OSwic3R5IjoiVXNlciIsImlzYiI6InVpZG86ZWNvbTo6dXBuOnFhLnRvdGFscGxheSswMTAwOTg3MTA1QGdtYWlsLmNvbTo6dWlkbjpSaWNhcmRvICBDb3JvbmEgQ3J1ejo6Z2NpZDphZXhjRklrZWcyd0t3UndIYUZrYllZd3JBWjo6cmNpZDphY25SYldxdWpIQ3BnOW9xNlYyaGt1VGFTVzo6Y2hpZDpUUC1TSE9QIiwiZXhwIjoxNzE4MTEwOTk5LCJpYXQiOjE3MTgxMDkxOTksImp0aSI6IkMyQy0xMzExNTYzNTcwMTc4NzUxMTg1MDEwMjMwNTg3MTI2ODI5NDYifQ.DrW0QOVhvsTN-C7hPAREvLq9o3Yp6fk8QAY1zygXVF5yUYEVnIlbNy6qnCuOj3bCZF_nFZ2hDSRDNcK9sgE7dA

11-06-2024T18:03:19 - [MESSAGE][INFO] - eyJ2ZXIiOiIxLjAiLCJqa3UiOiJzbGFzL3Byb2QvYmpjbF9kZXYiLCJraWQiOiIzOWM0NGRmMy01OGI5LTQ3YWEtODNhMC05NWMwOTBiZGNkMzciLCJ0eXAiOiJqd3QiLCJjbHYiOiJKMi4zLjQiLCJhbGciOiJFUzI1NiJ9.eyJhdXQiOiJHVUlEIiwic2NwIjoic2ZjYy5zaG9wcGVyLW15YWNjb3VudC5iYXNrZXRzIHNmY2Muc2hvcHBlci1kaXNjb3Zlcnktc2VhcmNoIHNmY2Muc2hvcHBlci1teWFjY291bnQuYWRkcmVzc2VzIHNmY2Muc2hvcHBlci1wcm9kdWN0cyBzZmNjLnNob3BwZXItbXlhY2NvdW50LnJ3IHNmY2Muc2hvcHBlci1teWFjY291bnQucGF5bWVudGluc3RydW1lbnRzIHNmY2Muc2hvcHBlci1jdXN0b21lcnMubG9naW4gc2ZjYy5zaG9wcGVyLXN0b3JlcyBzZmNjLnNob3BwZXItbXlhY2NvdW50Lm9yZGVycyBzZmNjLnNob3BwZXItYmFza2V0cy1vcmRlcnMgc2ZjYy5zaG9wcGVyLWN1c3RvbWVycy5yZWdpc3RlciBzZmNjLnNob3BwZXItbXlhY2NvdW50LmFkZHJlc3Nlcy5ydyBzZmNjLnNob3BwZXItbXlhY2NvdW50LnByb2R1Y3RsaXN0cy5ydyBzZmNjLnNob3BwZXItcHJvZHVjdGxpc3RzIHNmY2Muc2hvcHBlci1wcm9tb3Rpb25zIHNmY2Muc2hvcHBlci1iYXNrZXRzLW9yZGVycy5ydyBzZmNjLnNob3BwZXItZ2lmdC1jZXJ0aWZpY2F0ZXMgc2ZjYy5zaG9wcGVyLW15YWNjb3VudC5wYXltZW50aW5zdHJ1bWVudHMucncgc2ZjYy5zaG9wcGVyLXByb2R1Y3Qtc2VhcmNoIHNmY2Muc2hvcHBlci1teWFjY291bnQucHJvZHVjdGxpc3RzIHNmY2Muc2hvcHBlci1jYXRlZ29yaWVzIHNmY2Muc2hvcHBlci1teWFjY291bnQiLCJzdWIiOiJjYy1zbGFzOjpiamNsX2Rldjo6c2NpZDo1ZDI1ZjVmYS01YTRmLTQ2YjUtYTIxMS04NzU1NDJjODVhYzE6OnVzaWQ6ZDhkMGI4YmYtYjBhMC00YTc1LWJlMmYtMzE2NTdiZjgwYjBkIiwiY3R4Ijoic2xhcyIsImlzcyI6InNsYXMvcHJvZC9iamNsX2RldiIsImlzdCI6MSwiZG50IjoiMCIsImF1ZCI6ImNvbW1lcmNlY2xvdWQvcHJvZC9iamNsX2RldiIsIm5iZiI6MTcxODEwOTE2OSwic3R5IjoiVXNlciIsImlzYiI6InVpZG86ZWNvbTo6dXBuOnFhLnRvdGFscGxheSswMTAwOTg3MTA1QGdtYWlsLmNvbTo6dWlkbjpSaWNhcmRvICBDb3JvbmEgQ3J1ejo6Z2NpZDphZXhjRklrZWcyd0t3UndIYUZrYllZd3JBWjo6cmNpZDphY25SYldxdWpIQ3BnOW9xNlYyaGt1VGFTVzo6Y2hpZDpUUC1TSE9QIiwiZXhwIjoxNzE4MTEwOTk5LCJpYXQiOjE3MTgxMDkxOTksImp0aSI6IkMyQy0xMzExNTYzNTcwMTc4NzUxMTg1MDEwMjMwNTg3MTI2ODI5NDYifQ.DrW0QOVhvsTN-C7hPAREvLq9o3Yp6fk8QAY1zygXVF5yUYEVnIlbNy6qnCuOj3bCZF_nFZ2hDSRDNcK9sgE7dA

11-06-2024T18:03:19 - [TEST_STEP][PASSED] - Authorization = "Bearer " + sfccAuthorization: null

11-06-2024T18:03:19 - [TEST_STEP][PASSED] - logInfo(bm_auth_token): 

11-06-2024T18:03:19 - [MESSAGE][INFO] - 

11-06-2024T18:03:19 - [TEST_STEP][PASSED] - if (sfccAuthorization.length() == 0): null

11-06-2024T18:03:19 - [TEST_STEP][PASSED] - else: authorization generated

11-06-2024T18:03:19 - [TEST_STEP][PASSED] - markPassed("authorization generated"): authorization generated

11-06-2024T18:03:19 - [MESSAGE][PASSED] - authorization generated

11-06-2024T18:03:19 - [TEST_STEP][PASSED] - BasketId_loginResponse = "ocapiResponse.c_basketId": null

11-06-2024T18:03:19 - [TEST_STEP][PASSED] - CustomerId_loginResponse = "ocapiResponse.customer_id": null

11-06-2024T18:03:19 - [TEST_STEP][PASSED] - basketId = getElementPropertyValue(LoginResponse, BasketId_loginResponse): Checking response object

11-06-2024T18:03:19 - [MESSAGE][INFO] - Checking response object

11-06-2024T18:03:19 - [TEST_STEP][PASSED] - customerId = getElementPropertyValue(LoginResponse, CustomerId_loginResponse): Checking response object

11-06-2024T18:03:19 - [MESSAGE][INFO] - Checking response object

11-06-2024T18:03:19 - [TEST_STEP][PASSED] - basketID = basketId: null

11-06-2024T18:03:19 - [TEST_STEP][PASSED] - sla_customerId = customerId: null

11-06-2024T18:03:19 - [TEST_STEP][PASSED] - println(basketID): null

11-06-2024T18:03:19 - [TEST_STEP][PASSED] - println(sla_customerId): null

11-06-2024T18:03:19 - [TEST_STEP][PASSED] - refresh_token = "ocapiResponse.refresh_token": null

11-06-2024T18:03:19 - [TEST_STEP][PASSED] - customer_email = "ocapiResponse.customer_email": null

11-06-2024T18:03:19 - [TEST_STEP][PASSED] - c_brmId = "ocapiResponse.c_brmId": null

11-06-2024T18:03:19 - [TEST_STEP][PASSED] - customer_name = "ocapiResponse.customer_name": null

11-06-2024T18:03:19 - [TEST_STEP][PASSED] - totalplay.Common.verifyPropertyExist(LoginResponse, refresh_token): totalplay.Common.verifyPropertyExist is PASSED

11-06-2024T18:03:19 - [MESSAGE][INFO] - Checking response object

11-06-2024T18:03:19 - [MESSAGE][PASSED] - totalplay.Common.verifyPropertyExist is PASSED

11-06-2024T18:03:19 - [TEST_STEP][PASSED] - totalplay.Common.verifyPropertyValueExist(LoginResponse, refresh_token): totalplay.Common.verifyPropertyValueExist is PASSED

11-06-2024T18:03:19 - [MESSAGE][INFO] - Checking response object

11-06-2024T18:03:19 - [MESSAGE][INFO] - 69h8rd_zjvHsFroxHltdgsKERaMtE2Rx4HMSdK08RWY

11-06-2024T18:03:19 - [MESSAGE][PASSED] - totalplay.Common.verifyPropertyValueExist is PASSED

11-06-2024T18:03:19 - [TEST_STEP][PASSED] - totalplay.Common.verifyPropertyExist(LoginResponse, customer_email): totalplay.Common.verifyPropertyExist is PASSED

11-06-2024T18:03:19 - [MESSAGE][INFO] - Checking response object

11-06-2024T18:03:19 - [MESSAGE][PASSED] - totalplay.Common.verifyPropertyExist is PASSED

11-06-2024T18:03:19 - [TEST_STEP][PASSED] - totalplay.Common.verifyPropertyValueExist(LoginResponse, customer_email): totalplay.Common.verifyPropertyValueExist is PASSED

11-06-2024T18:03:19 - [MESSAGE][INFO] - Checking response object

11-06-2024T18:03:19 - [MESSAGE][INFO] - qa.totalplay@gmail.com

11-06-2024T18:03:19 - [MESSAGE][PASSED] - totalplay.Common.verifyPropertyValueExist is PASSED

11-06-2024T18:03:19 - [TEST_STEP][PASSED] - totalplay.Common.verifyPropertyExist(LoginResponse, customer_name): totalplay.Common.verifyPropertyExist is PASSED

11-06-2024T18:03:19 - [MESSAGE][INFO] - Checking response object

11-06-2024T18:03:19 - [MESSAGE][PASSED] - totalplay.Common.verifyPropertyExist is PASSED

11-06-2024T18:03:19 - [TEST_STEP][PASSED] - totalplay.Common.verifyPropertyValueExist(LoginResponse, customer_name): totalplay.Common.verifyPropertyValueExist is PASSED

11-06-2024T18:03:19 - [MESSAGE][INFO] - Checking response object

11-06-2024T18:03:19 - [MESSAGE][INFO] - Ricardo  Corona Cruz

11-06-2024T18:03:19 - [MESSAGE][PASSED] - totalplay.Common.verifyPropertyValueExist is PASSED

11-06-2024T18:03:19 - [TEST_STEP][PASSED] - totalplay.Common.verifyPropertyExist(LoginResponse, c_brmId): totalplay.Common.verifyPropertyExist is PASSED

11-06-2024T18:03:19 - [MESSAGE][INFO] - Checking response object

11-06-2024T18:03:19 - [MESSAGE][PASSED] - totalplay.Common.verifyPropertyExist is PASSED

11-06-2024T18:03:19 - [TEST_STEP][PASSED] - totalplay.Common.verifyPropertyValueExist(LoginResponse, c_brmId): totalplay.Common.verifyPropertyValueExist is PASSED

11-06-2024T18:03:19 - [MESSAGE][INFO] - Checking response object

11-06-2024T18:03:20 - [MESSAGE][INFO] - 0100987105

11-06-2024T18:03:20 - [MESSAGE][PASSED] - totalplay.Common.verifyPropertyValueExist is PASSED

11-06-2024T18:03:20 - [MESSAGE][PASSED] - Call Test Case 'Test Cases/TotalPlay-Shop/TC_1_InterfaceLogin' successfully

11-06-2024T18:03:20 - [TEST_STEP][PASSED] - Filters_Response = sendRequest(findTestObject("TotalPlay-Shop/Postman/Filters/Filters", ["URL":URL, "SITEID":SITEID])): Send request successfully

11-06-2024T18:03:20 - [MESSAGE][INFO] - Finding Test Object 'Object Repository/TotalPlay-Shop/Postman/Filters/Filters'

11-06-2024T18:03:20 - [MESSAGE][INFO] - Checking request object

11-06-2024T18:03:20 - [MESSAGE][INFO] - HAR: D:\Automation\KogniveraGithub\TotalPlay_Automation\totalplay-API\totalplay-automation\Reports\20240611_180136\Shop-Services\20240611_180137\requests\main\30.har

11-06-2024T18:03:20 - [MESSAGE][PASSED] - Send request successfully

11-06-2024T18:03:20 - [TEST_STEP][PASSED] - verifyResponseStatusCode(Filters_Response, 200): Verify response status code successfully

11-06-2024T18:03:20 - [MESSAGE][INFO] - Checking response object

11-06-2024T18:03:20 - [MESSAGE][PASSED] - Verify response status code successfully

11-06-2024T18:03:20 - [TEST_STEP][PASSED] - type = "_type": null

11-06-2024T18:03:20 - [TEST_STEP][PASSED] - count = "count": null

11-06-2024T18:03:20 - [TEST_STEP][PASSED] - type1 = "hits[0].hit_type": null

11-06-2024T18:03:20 - [TEST_STEP][PASSED] - hit_type = "hits[0].hit_type": null

11-06-2024T18:03:20 - [TEST_STEP][PASSED] - link = "hits[0].link": null

11-06-2024T18:03:20 - [TEST_STEP][PASSED] - product_id = "hits[0].product_id": null

11-06-2024T18:03:20 - [TEST_STEP][PASSED] - product_name = "hits[0].product_name": null

11-06-2024T18:03:20 - [TEST_STEP][PASSED] - product_type_type = "hits[0].product_type._type": null

11-06-2024T18:03:20 - [TEST_STEP][PASSED] - product_type_item = "hits[0].product_type.item": null

11-06-2024T18:03:20 - [TEST_STEP][PASSED] - represented_product_type = "hits[0].represented_product._type": null

11-06-2024T18:03:20 - [TEST_STEP][PASSED] - represented_product_id = "hits[0].represented_product.id": null

11-06-2024T18:03:20 - [TEST_STEP][PASSED] - represented_product_link = "hits[0].represented_product.link": null

11-06-2024T18:03:20 - [TEST_STEP][PASSED] - search_refinement_type = "refinements[0]._type": null

11-06-2024T18:03:20 - [TEST_STEP][PASSED] - brand_attribute_id = "refinements[0].attribute_id": null

11-06-2024T18:03:20 - [TEST_STEP][PASSED] - brand_label = "refinements[0].label": null

11-06-2024T18:03:20 - [TEST_STEP][PASSED] - brand_type = "refinements[0].values[0]._type": null

11-06-2024T18:03:20 - [TEST_STEP][PASSED] - brand_hit_count = "refinements[0].values[0].hit_count": null

11-06-2024T18:03:20 - [TEST_STEP][PASSED] - brandname_label = "refinements[0].values[0].label": null

11-06-2024T18:03:20 - [TEST_STEP][PASSED] - brandname_value = "refinements[0].values[0].value": null

11-06-2024T18:03:20 - [TEST_STEP][PASSED] - color_attribute_id = "refinements[1].attribute_id": null

11-06-2024T18:03:20 - [TEST_STEP][PASSED] - color_label = "refinements[1].label": null

11-06-2024T18:03:20 - [TEST_STEP][PASSED] - color_type = "refinements[1].values[0]._type": null

11-06-2024T18:03:20 - [TEST_STEP][PASSED] - color_hit_count = "refinements[1].values[0].hit_count": null

11-06-2024T18:03:20 - [TEST_STEP][PASSED] - colorname_label = "refinements[1].values[0].label": null

11-06-2024T18:03:20 - [TEST_STEP][PASSED] - colorname_value = "refinements[1].values[0].value": null

11-06-2024T18:03:20 - [TEST_STEP][PASSED] - miraklShopName_attribute_id = "refinements[2].attribute_id": null

11-06-2024T18:03:20 - [TEST_STEP][PASSED] - miraklShopName_label = "refinements[2].label": null

11-06-2024T18:03:20 - [TEST_STEP][PASSED] - miraklShopName_type = "refinements[2].values[0]._type": null

11-06-2024T18:03:20 - [TEST_STEP][PASSED] - miraklShopName_hit_count = "refinements[2].values[0].hit_count": null

11-06-2024T18:03:20 - [TEST_STEP][PASSED] - miraklShopName1_label = "refinements[2].values[0].label": null

11-06-2024T18:03:20 - [TEST_STEP][PASSED] - miraklShopName1_value = "refinements[2].values[0].value": null

11-06-2024T18:03:20 - [TEST_STEP][PASSED] - verticalType_attribute_id = "refinements[3].attribute_id": null

11-06-2024T18:03:20 - [TEST_STEP][PASSED] - verticalType_label = "refinements[3].label": null

11-06-2024T18:03:20 - [TEST_STEP][PASSED] - verticalType_type = "refinements[3].values[0]._type": null

11-06-2024T18:03:20 - [TEST_STEP][PASSED] - verticalType_hit_count = "refinements[3].values[0].hit_count": null

11-06-2024T18:03:20 - [TEST_STEP][PASSED] - verticalTypename_label = "refinements[3].values[0].label": null

11-06-2024T18:03:20 - [TEST_STEP][PASSED] - verticalTypename_value = "refinements[3].values[0].value": null

11-06-2024T18:03:20 - [TEST_STEP][PASSED] - tpshop_attribute_id = "refinements[4].attribute_id": null

11-06-2024T18:03:20 - [TEST_STEP][PASSED] - tpshop_label = "refinements[4].label": null

11-06-2024T18:03:20 - [TEST_STEP][PASSED] - tpshop_type = "refinements[4].values[0]._type": null

11-06-2024T18:03:20 - [TEST_STEP][PASSED] - tpshop_hit_count = "refinements[4].values[0].hit_count": null

11-06-2024T18:03:20 - [TEST_STEP][PASSED] - tpshopname_label = "refinements[4].values[0].label": null

11-06-2024T18:03:20 - [TEST_STEP][PASSED] - tpshopname_value = "refinements[4].values[0].value": null

11-06-2024T18:03:20 - [TEST_STEP][PASSED] - price_attribute_id = "refinements[5].attribute_id": null

11-06-2024T18:03:20 - [TEST_STEP][PASSED] - price_label = "refinements[5].label": null

11-06-2024T18:03:20 - [TEST_STEP][PASSED] - price_type = "refinements[5].values[0]._type": null

11-06-2024T18:03:20 - [TEST_STEP][PASSED] - price_hit_count = "refinements[5].values[0].hit_count": null

11-06-2024T18:03:20 - [TEST_STEP][PASSED] - pricevalue_label = "refinements[5].values[0].label": null

11-06-2024T18:03:20 - [TEST_STEP][PASSED] - pricevalue_value = "refinements[5].values[0].value": null

11-06-2024T18:03:20 - [TEST_STEP][PASSED] - cgid_attribute_id = "refinements[6].attribute_id": null

11-06-2024T18:03:20 - [TEST_STEP][PASSED] - cgid_label = "refinements[6].label": null

11-06-2024T18:03:20 - [TEST_STEP][PASSED] - cgid_type = "refinements[6].values[0]._type": null

11-06-2024T18:03:20 - [TEST_STEP][PASSED] - cgid_hit_count = "refinements[6].values[0].hit_count": null

11-06-2024T18:03:20 - [TEST_STEP][PASSED] - cgidname_label = "refinements[6].values[0].label": null

11-06-2024T18:03:20 - [TEST_STEP][PASSED] - cgidname_value = "refinements[6].values[0].value": null

11-06-2024T18:03:20 - [TEST_STEP][PASSED] - miraklShopID_attribute_id = "refinements[7].attribute_id": null

11-06-2024T18:03:20 - [TEST_STEP][PASSED] - miraklShopID_label = "refinements[7].label": null

11-06-2024T18:03:20 - [TEST_STEP][PASSED] - miraklShopID_type = "refinements[7].values[0]._type": null

11-06-2024T18:03:20 - [TEST_STEP][PASSED] - miraklShopID_hit_count = "refinements[7].values[0].hit_count": null

11-06-2024T18:03:20 - [TEST_STEP][PASSED] - miraklShopID1_label = "refinements[7].values[0].label": null

11-06-2024T18:03:20 - [TEST_STEP][PASSED] - miraklShopID1_value = "refinements[7].values[0].value": null

11-06-2024T18:03:20 - [TEST_STEP][PASSED] - modelo_attribute_id = "refinements[8].attribute_id": null

11-06-2024T18:03:20 - [TEST_STEP][PASSED] - modelo_label = "refinements[8].label": null

11-06-2024T18:03:20 - [TEST_STEP][PASSED] - tipo_de_producto_attribute_id = "refinements[9].attribute_id": null

11-06-2024T18:03:20 - [TEST_STEP][PASSED] - tipo_de_producto_label = "refinements[9].label": null

11-06-2024T18:03:20 - [TEST_STEP][PASSED] - material_attribute_id = "refinements[10].attribute_id": null

11-06-2024T18:03:20 - [TEST_STEP][PASSED] - material_label = "refinements[10].label": null

11-06-2024T18:03:20 - [TEST_STEP][PASSED] - Memoria_attribute_id = "refinements[11].attribute_id": null

11-06-2024T18:03:20 - [TEST_STEP][PASSED] - Memoria_label = "refinements[11].label": null

11-06-2024T18:03:20 - [TEST_STEP][PASSED] - tamano_attribute_id = "refinements[12].attribute_id": null

11-06-2024T18:03:20 - [TEST_STEP][PASSED] - tamano_label = "refinements[12].label": null

11-06-2024T18:03:20 - [TEST_STEP][PASSED] - almacenamiento_attribute_id = "refinements[13].attribute_id": null

11-06-2024T18:03:20 - [TEST_STEP][PASSED] - almacenamiento_label = "refinements[13].label": null

11-06-2024T18:03:20 - [TEST_STEP][PASSED] - sabor_attribute_id = "refinements[14].attribute_id": null

11-06-2024T18:03:20 - [TEST_STEP][PASSED] - sabor_label = "refinements[14].label": null

11-06-2024T18:03:20 - [TEST_STEP][PASSED] - weight_attribute_id = "refinements[15].attribute_id": null

11-06-2024T18:03:20 - [TEST_STEP][PASSED] - weight_label = "refinements[15].label": null

11-06-2024T18:03:20 - [TEST_STEP][PASSED] - weight_type = "refinements[15].values[0]._type": null

11-06-2024T18:03:20 - [TEST_STEP][PASSED] - weight_hit_count = "refinements[15].values[0].hit_count": null

11-06-2024T18:03:20 - [TEST_STEP][PASSED] - weightkg_label = "refinements[15].values[0].label": null

11-06-2024T18:03:20 - [TEST_STEP][PASSED] - weightkg_value = "refinements[15].values[0].value": null

11-06-2024T18:03:20 - [TEST_STEP][PASSED] - capacidad_attribute_id = "refinements[16].attribute_id": null

11-06-2024T18:03:20 - [TEST_STEP][PASSED] - capacidad_label = "refinements[16].label": null

11-06-2024T18:03:20 - [TEST_STEP][PASSED] - size_attribute_id = "refinements[17].attribute_id": null

11-06-2024T18:03:20 - [TEST_STEP][PASSED] - size_label = "refinements[17].label": null

11-06-2024T18:03:20 - [TEST_STEP][PASSED] - isPopular_attribute_id = "refinements[18].attribute_id": null

11-06-2024T18:03:20 - [TEST_STEP][PASSED] - isPopular_label = "refinements[18].label": null

11-06-2024T18:03:20 - [TEST_STEP][PASSED] - isPopular_type = "refinements[18].values[0]._type": null

11-06-2024T18:03:20 - [TEST_STEP][PASSED] - isPopular_hit_count = "refinements[18].values[0].hit_count": null

11-06-2024T18:03:20 - [TEST_STEP][PASSED] - isPopular1_label = "refinements[18].values[0].label": null

11-06-2024T18:03:20 - [TEST_STEP][PASSED] - isPopular1_value = "refinements[18].values[0].value": null

11-06-2024T18:03:20 - [TEST_STEP][PASSED] - corporateName_attribute_id = "refinements[19].attribute_id": null

11-06-2024T18:03:20 - [TEST_STEP][PASSED] - corporateName_label = "refinements[19].label": null

11-06-2024T18:03:20 - [TEST_STEP][PASSED] - corporateName_type = "refinements[19].values[0]._type": null

11-06-2024T18:03:20 - [TEST_STEP][PASSED] - corporateName_hit_count = "refinements[19].values[0].hit_count": null

11-06-2024T18:03:20 - [TEST_STEP][PASSED] - corporateName1_label = "refinements[19].values[0].label": null

11-06-2024T18:03:20 - [TEST_STEP][PASSED] - corporateName1_value = "refinements[19].values[0].value": null

11-06-2024T18:03:20 - [TEST_STEP][PASSED] - selected_sorting_option = "selected_sorting_option": null

11-06-2024T18:03:20 - [TEST_STEP][PASSED] - Sorting_type = "sorting_options[0]._type": null

11-06-2024T18:03:20 - [TEST_STEP][PASSED] - best_matches_id = "sorting_options[0].id": null

11-06-2024T18:03:20 - [TEST_STEP][PASSED] - best_matches_label = "sorting_options[0].label": null

11-06-2024T18:03:20 - [TEST_STEP][PASSED] - price_low_to_high_id = "sorting_options[1].id": null

11-06-2024T18:03:20 - [TEST_STEP][PASSED] - price_low_to_high_label = "sorting_options[1].label": null

11-06-2024T18:03:20 - [TEST_STEP][PASSED] - price_high_to_low_id = "sorting_options[2].id": null

11-06-2024T18:03:20 - [TEST_STEP][PASSED] - price_high_to_low_label = "sorting_options[2].label": null

11-06-2024T18:03:20 - [TEST_STEP][PASSED] - product_name_ascending_id = "sorting_options[3].id": null

11-06-2024T18:03:20 - [TEST_STEP][PASSED] - product_name_ascending_label = "sorting_options[3].label": null

11-06-2024T18:03:20 - [TEST_STEP][PASSED] - product_name_descending_id = "sorting_options[4].id": null

11-06-2024T18:03:20 - [TEST_STEP][PASSED] - product_name_descending_label = "sorting_options[4].label": null

11-06-2024T18:03:20 - [TEST_STEP][PASSED] - brand_id = "sorting_options[5].id": null

11-06-2024T18:03:20 - [TEST_STEP][PASSED] - brand_label = "sorting_options[5].label": null

11-06-2024T18:03:20 - [TEST_STEP][PASSED] - most_popular_id = "sorting_options[6].id": null

11-06-2024T18:03:20 - [TEST_STEP][PASSED] - most_popular_label = "sorting_options[6].label": null

11-06-2024T18:03:20 - [TEST_STEP][PASSED] - top_sellers_id = "sorting_options[7].id": null

11-06-2024T18:03:20 - [TEST_STEP][PASSED] - top_sellers_label = "sorting_options[7].label": null

11-06-2024T18:03:20 - [TEST_STEP][PASSED] - total = "total": null

11-06-2024T18:03:20 - [TEST_STEP][PASSED] - totalplay.Common.verifyPropertyExist(Filters_Response, type): totalplay.Common.verifyPropertyExist is PASSED

11-06-2024T18:03:20 - [MESSAGE][INFO] - Checking response object

11-06-2024T18:03:20 - [MESSAGE][PASSED] - totalplay.Common.verifyPropertyExist is PASSED

11-06-2024T18:03:20 - [TEST_STEP][PASSED] - totalplay.Common.verifyPropertyValueExist(Filters_Response, type): totalplay.Common.verifyPropertyValueExist is PASSED

11-06-2024T18:03:20 - [MESSAGE][INFO] - Checking response object

11-06-2024T18:03:20 - [MESSAGE][INFO] - product_search_result

11-06-2024T18:03:20 - [MESSAGE][PASSED] - totalplay.Common.verifyPropertyValueExist is PASSED

11-06-2024T18:03:20 - [TEST_STEP][PASSED] - totalplay.Common.getNumValueofObject(Filters_Response, count): totalplay.Common.getNumValueofObject is PASSED

11-06-2024T18:03:20 - [MESSAGE][INFO] - Checking response object

11-06-2024T18:03:21 - [MESSAGE][PASSED] - totalplay.Common.getNumValueofObject is PASSED

11-06-2024T18:03:21 - [TEST_STEP][PASSED] - totalplay.Common.verifyPropertyExist(Filters_Response, type1): totalplay.Common.verifyPropertyExist is PASSED

11-06-2024T18:03:21 - [MESSAGE][INFO] - Checking response object

11-06-2024T18:03:21 - [MESSAGE][PASSED] - totalplay.Common.verifyPropertyExist is PASSED

11-06-2024T18:03:21 - [TEST_STEP][PASSED] - totalplay.Common.verifyPropertyValueExist(Filters_Response, type1): totalplay.Common.verifyPropertyValueExist is PASSED

11-06-2024T18:03:21 - [MESSAGE][INFO] - Checking response object

11-06-2024T18:03:21 - [MESSAGE][INFO] - product

11-06-2024T18:03:21 - [MESSAGE][PASSED] - totalplay.Common.verifyPropertyValueExist is PASSED

11-06-2024T18:03:21 - [TEST_STEP][PASSED] - totalplay.Common.verifyPropertyExist(Filters_Response, hit_type): totalplay.Common.verifyPropertyExist is PASSED

11-06-2024T18:03:21 - [MESSAGE][INFO] - Checking response object

11-06-2024T18:03:21 - [MESSAGE][PASSED] - totalplay.Common.verifyPropertyExist is PASSED

11-06-2024T18:03:21 - [TEST_STEP][PASSED] - totalplay.Common.verifyPropertyValueExist(Filters_Response, hit_type): totalplay.Common.verifyPropertyValueExist is PASSED

11-06-2024T18:03:21 - [MESSAGE][INFO] - Checking response object

11-06-2024T18:03:21 - [MESSAGE][INFO] - product

11-06-2024T18:03:21 - [MESSAGE][PASSED] - totalplay.Common.verifyPropertyValueExist is PASSED

11-06-2024T18:03:21 - [TEST_STEP][PASSED] - totalplay.Common.verifyPropertyExist(Filters_Response, link): totalplay.Common.verifyPropertyExist is PASSED

11-06-2024T18:03:21 - [MESSAGE][INFO] - Checking response object

11-06-2024T18:03:21 - [MESSAGE][PASSED] - totalplay.Common.verifyPropertyExist is PASSED

11-06-2024T18:03:21 - [TEST_STEP][PASSED] - totalplay.Common.verifyPropertyValueExist(Filters_Response, link): totalplay.Common.verifyPropertyValueExist is PASSED

11-06-2024T18:03:21 - [MESSAGE][INFO] - Checking response object

11-06-2024T18:03:21 - [MESSAGE][INFO] - https://salesforceqa.sistemastp.com.mx/s/TP-SHOP/dw/shop/v23_2/products/T1418207570?sort=product-name-ascending&refine_1=c_miraklShopID%3D2016

11-06-2024T18:03:21 - [MESSAGE][PASSED] - totalplay.Common.verifyPropertyValueExist is PASSED

11-06-2024T18:03:21 - [TEST_STEP][PASSED] - totalplay.Common.verifyPropertyExist(Filters_Response, product_id): totalplay.Common.verifyPropertyExist is PASSED

11-06-2024T18:03:21 - [MESSAGE][INFO] - Checking response object

11-06-2024T18:03:21 - [MESSAGE][PASSED] - totalplay.Common.verifyPropertyExist is PASSED

11-06-2024T18:03:21 - [TEST_STEP][PASSED] - totalplay.Common.verifyPropertyValueExist(Filters_Response, product_id): totalplay.Common.verifyPropertyValueExist is PASSED

11-06-2024T18:03:21 - [MESSAGE][INFO] - Checking response object

11-06-2024T18:03:21 - [MESSAGE][INFO] - T1418207570

11-06-2024T18:03:21 - [MESSAGE][PASSED] - totalplay.Common.verifyPropertyValueExist is PASSED

11-06-2024T18:03:21 - [TEST_STEP][PASSED] - totalplay.Common.verifyPropertyExist(Filters_Response, product_name): totalplay.Common.verifyPropertyExist is PASSED

11-06-2024T18:03:21 - [MESSAGE][INFO] - Checking response object

11-06-2024T18:03:21 - [MESSAGE][PASSED] - totalplay.Common.verifyPropertyExist is PASSED

11-06-2024T18:03:21 - [TEST_STEP][PASSED] - totalplay.Common.verifyPropertyValueExist(Filters_Response, product_name): totalplay.Common.verifyPropertyValueExist is PASSED

11-06-2024T18:03:21 - [MESSAGE][INFO] - Checking response object

11-06-2024T18:03:21 - [MESSAGE][INFO] - Adjustable Dumbbells 55LB Dumbbell Weight, 10-in-1 Free Weight with Anti-Slip Metal Handle for Home Gym Exercise Equipment

11-06-2024T18:03:21 - [MESSAGE][PASSED] - totalplay.Common.verifyPropertyValueExist is PASSED

11-06-2024T18:03:21 - [TEST_STEP][PASSED] - totalplay.Common.verifyPropertyExist(Filters_Response, product_type_type): totalplay.Common.verifyPropertyExist is PASSED

11-06-2024T18:03:21 - [MESSAGE][INFO] - Checking response object

11-06-2024T18:03:21 - [MESSAGE][PASSED] - totalplay.Common.verifyPropertyExist is PASSED

11-06-2024T18:03:21 - [TEST_STEP][PASSED] - totalplay.Common.verifyPropertyValueExist(Filters_Response, product_type_type): totalplay.Common.verifyPropertyValueExist is PASSED

11-06-2024T18:03:21 - [MESSAGE][INFO] - Checking response object

11-06-2024T18:03:21 - [MESSAGE][INFO] - product_type

11-06-2024T18:03:21 - [MESSAGE][PASSED] - totalplay.Common.verifyPropertyValueExist is PASSED

11-06-2024T18:03:21 - [TEST_STEP][PASSED] - totalplay.Common.getBooleanValueofObject(Filters_Response, product_type_item): totalplay.Common.getBooleanValueofObject is PASSED

11-06-2024T18:03:21 - [MESSAGE][INFO] - Checking response object

11-06-2024T18:03:21 - [MESSAGE][PASSED] - totalplay.Common.getBooleanValueofObject is PASSED

11-06-2024T18:03:21 - [TEST_STEP][PASSED] - totalplay.Common.verifyPropertyExist(Filters_Response, represented_product_type): totalplay.Common.verifyPropertyExist is PASSED

11-06-2024T18:03:21 - [MESSAGE][INFO] - Checking response object

11-06-2024T18:03:21 - [MESSAGE][PASSED] - totalplay.Common.verifyPropertyExist is PASSED

11-06-2024T18:03:21 - [TEST_STEP][PASSED] - totalplay.Common.verifyPropertyValueExist(Filters_Response, represented_product_type): totalplay.Common.verifyPropertyValueExist is PASSED

11-06-2024T18:03:21 - [MESSAGE][INFO] - Checking response object

11-06-2024T18:03:21 - [MESSAGE][INFO] - product_ref

11-06-2024T18:03:21 - [MESSAGE][PASSED] - totalplay.Common.verifyPropertyValueExist is PASSED

11-06-2024T18:03:21 - [TEST_STEP][PASSED] - totalplay.Common.verifyPropertyExist(Filters_Response, represented_product_id): totalplay.Common.verifyPropertyExist is PASSED

11-06-2024T18:03:21 - [MESSAGE][INFO] - Checking response object

11-06-2024T18:03:21 - [MESSAGE][PASSED] - totalplay.Common.verifyPropertyExist is PASSED

11-06-2024T18:03:21 - [TEST_STEP][PASSED] - totalplay.Common.verifyPropertyValueExist(Filters_Response, represented_product_id): totalplay.Common.verifyPropertyValueExist is PASSED

11-06-2024T18:03:21 - [MESSAGE][INFO] - Checking response object

11-06-2024T18:03:21 - [MESSAGE][INFO] - T1418207570

11-06-2024T18:03:21 - [MESSAGE][PASSED] - totalplay.Common.verifyPropertyValueExist is PASSED

11-06-2024T18:03:21 - [TEST_STEP][PASSED] - totalplay.Common.verifyPropertyExist(Filters_Response, represented_product_link): totalplay.Common.verifyPropertyExist is PASSED

11-06-2024T18:03:21 - [MESSAGE][INFO] - Checking response object

11-06-2024T18:03:21 - [MESSAGE][PASSED] - totalplay.Common.verifyPropertyExist is PASSED

11-06-2024T18:03:21 - [TEST_STEP][PASSED] - totalplay.Common.verifyPropertyValueExist(Filters_Response, represented_product_link): totalplay.Common.verifyPropertyValueExist is PASSED

11-06-2024T18:03:21 - [MESSAGE][INFO] - Checking response object

11-06-2024T18:03:21 - [MESSAGE][INFO] - https://salesforceqa.sistemastp.com.mx/s/TP-SHOP/dw/shop/v23_2/products/T1418207570?sort=product-name-ascending&refine_1=c_miraklShopID%3D2016

11-06-2024T18:03:21 - [MESSAGE][PASSED] - totalplay.Common.verifyPropertyValueExist is PASSED

11-06-2024T18:03:21 - [TEST_STEP][PASSED] - totalplay.Common.verifyPropertyExist(Filters_Response, search_refinement_type): totalplay.Common.verifyPropertyExist is PASSED

11-06-2024T18:03:21 - [MESSAGE][INFO] - Checking response object

11-06-2024T18:03:21 - [MESSAGE][PASSED] - totalplay.Common.verifyPropertyExist is PASSED

11-06-2024T18:03:21 - [TEST_STEP][PASSED] - totalplay.Common.verifyPropertyValueExist(Filters_Response, search_refinement_type): totalplay.Common.verifyPropertyValueExist is PASSED

11-06-2024T18:03:21 - [MESSAGE][INFO] - Checking response object

11-06-2024T18:03:21 - [MESSAGE][INFO] - product_search_refinement

11-06-2024T18:03:21 - [MESSAGE][PASSED] - totalplay.Common.verifyPropertyValueExist is PASSED

11-06-2024T18:03:21 - [TEST_STEP][PASSED] - totalplay.Common.verifyPropertyExist(Filters_Response, brand_attribute_id): totalplay.Common.verifyPropertyExist is PASSED

11-06-2024T18:03:21 - [MESSAGE][INFO] - Checking response object

11-06-2024T18:03:21 - [MESSAGE][PASSED] - totalplay.Common.verifyPropertyExist is PASSED

11-06-2024T18:03:21 - [TEST_STEP][PASSED] - totalplay.Common.verifyPropertyValueExist(Filters_Response, brand_attribute_id): totalplay.Common.verifyPropertyValueExist is PASSED

11-06-2024T18:03:21 - [MESSAGE][INFO] - Checking response object

11-06-2024T18:03:21 - [MESSAGE][INFO] - brand

11-06-2024T18:03:21 - [MESSAGE][PASSED] - totalplay.Common.verifyPropertyValueExist is PASSED

11-06-2024T18:03:21 - [TEST_STEP][PASSED] - totalplay.Common.verifyPropertyExist(Filters_Response, brand_label): totalplay.Common.verifyPropertyExist is PASSED

11-06-2024T18:03:21 - [MESSAGE][INFO] - Checking response object

11-06-2024T18:03:21 - [MESSAGE][PASSED] - totalplay.Common.verifyPropertyExist is PASSED

11-06-2024T18:03:21 - [TEST_STEP][PASSED] - totalplay.Common.verifyPropertyValueExist(Filters_Response, brand_label): totalplay.Common.verifyPropertyValueExist is PASSED

11-06-2024T18:03:21 - [MESSAGE][INFO] - Checking response object

11-06-2024T18:03:21 - [MESSAGE][INFO] - Brand

11-06-2024T18:03:21 - [MESSAGE][PASSED] - totalplay.Common.verifyPropertyValueExist is PASSED

11-06-2024T18:03:21 - [TEST_STEP][PASSED] - totalplay.Common.verifyPropertyExist(Filters_Response, brand_type): totalplay.Common.verifyPropertyExist is PASSED

11-06-2024T18:03:21 - [MESSAGE][INFO] - Checking response object

11-06-2024T18:03:22 - [MESSAGE][PASSED] - totalplay.Common.verifyPropertyExist is PASSED

11-06-2024T18:03:22 - [TEST_STEP][PASSED] - totalplay.Common.verifyPropertyValueExist(Filters_Response, brand_type): totalplay.Common.verifyPropertyValueExist is PASSED

11-06-2024T18:03:22 - [MESSAGE][INFO] - Checking response object

11-06-2024T18:03:22 - [MESSAGE][INFO] - product_search_refinement_value

11-06-2024T18:03:22 - [MESSAGE][PASSED] - totalplay.Common.verifyPropertyValueExist is PASSED

11-06-2024T18:03:22 - [TEST_STEP][PASSED] - totalplay.Common.getNumValueofObject(Filters_Response, brand_hit_count): totalplay.Common.getNumValueofObject is PASSED

11-06-2024T18:03:22 - [MESSAGE][INFO] - Checking response object

11-06-2024T18:03:22 - [MESSAGE][PASSED] - totalplay.Common.getNumValueofObject is PASSED

11-06-2024T18:03:22 - [TEST_STEP][PASSED] - totalplay.Common.verifyPropertyExist(Filters_Response, brandname_label): totalplay.Common.verifyPropertyExist is PASSED

11-06-2024T18:03:22 - [MESSAGE][INFO] - Checking response object

11-06-2024T18:03:22 - [MESSAGE][PASSED] - totalplay.Common.verifyPropertyExist is PASSED

11-06-2024T18:03:22 - [TEST_STEP][PASSED] - totalplay.Common.verifyPropertyValueExist(Filters_Response, brandname_label): totalplay.Common.verifyPropertyValueExist is PASSED

11-06-2024T18:03:22 - [MESSAGE][INFO] - Checking response object

11-06-2024T18:03:22 - [MESSAGE][INFO] - Enerhit

11-06-2024T18:03:22 - [MESSAGE][PASSED] - totalplay.Common.verifyPropertyValueExist is PASSED

11-06-2024T18:03:22 - [TEST_STEP][PASSED] - totalplay.Common.verifyPropertyExist(Filters_Response, brandname_value): totalplay.Common.verifyPropertyExist is PASSED

11-06-2024T18:03:22 - [MESSAGE][INFO] - Checking response object

11-06-2024T18:03:22 - [MESSAGE][PASSED] - totalplay.Common.verifyPropertyExist is PASSED

11-06-2024T18:03:22 - [TEST_STEP][PASSED] - totalplay.Common.verifyPropertyValueExist(Filters_Response, brandname_value): totalplay.Common.verifyPropertyValueExist is PASSED

11-06-2024T18:03:22 - [MESSAGE][INFO] - Checking response object

11-06-2024T18:03:22 - [MESSAGE][INFO] - Enerhit

11-06-2024T18:03:22 - [MESSAGE][PASSED] - totalplay.Common.verifyPropertyValueExist is PASSED

11-06-2024T18:03:22 - [TEST_STEP][PASSED] - totalplay.Common.verifyPropertyExist(Filters_Response, color_attribute_id): totalplay.Common.verifyPropertyExist is PASSED

11-06-2024T18:03:22 - [MESSAGE][INFO] - Checking response object

11-06-2024T18:03:22 - [MESSAGE][PASSED] - totalplay.Common.verifyPropertyExist is PASSED

11-06-2024T18:03:22 - [TEST_STEP][PASSED] - totalplay.Common.verifyPropertyValueExist(Filters_Response, color_attribute_id): totalplay.Common.verifyPropertyValueExist is PASSED

11-06-2024T18:03:22 - [MESSAGE][INFO] - Checking response object

11-06-2024T18:03:22 - [MESSAGE][INFO] - c_color

11-06-2024T18:03:22 - [MESSAGE][PASSED] - totalplay.Common.verifyPropertyValueExist is PASSED

11-06-2024T18:03:22 - [TEST_STEP][PASSED] - totalplay.Common.verifyPropertyExist(Filters_Response, color_label): totalplay.Common.verifyPropertyExist is PASSED

11-06-2024T18:03:22 - [MESSAGE][INFO] - Checking response object

11-06-2024T18:03:22 - [MESSAGE][PASSED] - totalplay.Common.verifyPropertyExist is PASSED

11-06-2024T18:03:22 - [TEST_STEP][PASSED] - totalplay.Common.verifyPropertyValueExist(Filters_Response, color_label): totalplay.Common.verifyPropertyValueExist is PASSED

11-06-2024T18:03:22 - [MESSAGE][INFO] - Checking response object

11-06-2024T18:03:22 - [MESSAGE][INFO] - Comprar por Color

11-06-2024T18:03:22 - [MESSAGE][PASSED] - totalplay.Common.verifyPropertyValueExist is PASSED

11-06-2024T18:03:22 - [TEST_STEP][PASSED] - totalplay.Common.verifyPropertyExist(Filters_Response, color_type): totalplay.Common.verifyPropertyExist is PASSED

11-06-2024T18:03:22 - [MESSAGE][INFO] - Checking response object

11-06-2024T18:03:22 - [MESSAGE][PASSED] - totalplay.Common.verifyPropertyExist is PASSED

11-06-2024T18:03:22 - [TEST_STEP][PASSED] - totalplay.Common.verifyPropertyValueExist(Filters_Response, color_type): totalplay.Common.verifyPropertyValueExist is PASSED

11-06-2024T18:03:22 - [MESSAGE][INFO] - Checking response object

11-06-2024T18:03:22 - [MESSAGE][INFO] - product_search_refinement_value

11-06-2024T18:03:22 - [MESSAGE][PASSED] - totalplay.Common.verifyPropertyValueExist is PASSED

11-06-2024T18:03:22 - [TEST_STEP][PASSED] - totalplay.Common.getNumValueofObject(Filters_Response, color_hit_count): totalplay.Common.getNumValueofObject is PASSED

11-06-2024T18:03:22 - [MESSAGE][INFO] - Checking response object

11-06-2024T18:03:22 - [MESSAGE][PASSED] - totalplay.Common.getNumValueofObject is PASSED

11-06-2024T18:03:22 - [TEST_STEP][PASSED] - totalplay.Common.verifyPropertyExist(Filters_Response, colorname_label): totalplay.Common.verifyPropertyExist is PASSED

11-06-2024T18:03:22 - [MESSAGE][INFO] - Checking response object

11-06-2024T18:03:22 - [MESSAGE][PASSED] - totalplay.Common.verifyPropertyExist is PASSED

11-06-2024T18:03:22 - [TEST_STEP][PASSED] - totalplay.Common.verifyPropertyValueExist(Filters_Response, colorname_label): totalplay.Common.verifyPropertyValueExist is PASSED

11-06-2024T18:03:22 - [MESSAGE][INFO] - Checking response object

11-06-2024T18:03:22 - [MESSAGE][INFO] - Azul

11-06-2024T18:03:22 - [MESSAGE][PASSED] - totalplay.Common.verifyPropertyValueExist is PASSED

11-06-2024T18:03:22 - [TEST_STEP][PASSED] - totalplay.Common.verifyPropertyExist(Filters_Response, colorname_value): totalplay.Common.verifyPropertyExist is PASSED

11-06-2024T18:03:22 - [MESSAGE][INFO] - Checking response object

11-06-2024T18:03:22 - [MESSAGE][PASSED] - totalplay.Common.verifyPropertyExist is PASSED

11-06-2024T18:03:22 - [TEST_STEP][PASSED] - totalplay.Common.verifyPropertyValueExist(Filters_Response, colorname_value): totalplay.Common.verifyPropertyValueExist is PASSED

11-06-2024T18:03:22 - [MESSAGE][INFO] - Checking response object

11-06-2024T18:03:22 - [MESSAGE][INFO] - Azul

11-06-2024T18:03:22 - [MESSAGE][PASSED] - totalplay.Common.verifyPropertyValueExist is PASSED

11-06-2024T18:03:22 - [TEST_STEP][PASSED] - totalplay.Common.verifyPropertyExist(Filters_Response, miraklShopName_attribute_id): totalplay.Common.verifyPropertyExist is PASSED

11-06-2024T18:03:22 - [MESSAGE][INFO] - Checking response object

11-06-2024T18:03:22 - [MESSAGE][PASSED] - totalplay.Common.verifyPropertyExist is PASSED

11-06-2024T18:03:22 - [TEST_STEP][PASSED] - totalplay.Common.verifyPropertyValueExist(Filters_Response, miraklShopName_attribute_id): totalplay.Common.verifyPropertyValueExist is PASSED

11-06-2024T18:03:22 - [MESSAGE][INFO] - Checking response object

11-06-2024T18:03:22 - [MESSAGE][INFO] - c_miraklShopName

11-06-2024T18:03:22 - [MESSAGE][PASSED] - totalplay.Common.verifyPropertyValueExist is PASSED

11-06-2024T18:03:22 - [TEST_STEP][PASSED] - totalplay.Common.verifyPropertyExist(Filters_Response, miraklShopName_label): totalplay.Common.verifyPropertyExist is PASSED

11-06-2024T18:03:22 - [MESSAGE][INFO] - Checking response object

11-06-2024T18:03:22 - [MESSAGE][PASSED] - totalplay.Common.verifyPropertyExist is PASSED

11-06-2024T18:03:22 - [TEST_STEP][PASSED] - totalplay.Common.verifyPropertyValueExist(Filters_Response, miraklShopName_label): totalplay.Common.verifyPropertyValueExist is PASSED

11-06-2024T18:03:22 - [MESSAGE][INFO] - Checking response object

11-06-2024T18:03:22 - [MESSAGE][INFO] - Comprar por Proveedor

11-06-2024T18:03:22 - [MESSAGE][PASSED] - totalplay.Common.verifyPropertyValueExist is PASSED

11-06-2024T18:03:22 - [TEST_STEP][PASSED] - totalplay.Common.verifyPropertyExist(Filters_Response, miraklShopName_type): totalplay.Common.verifyPropertyExist is PASSED

11-06-2024T18:03:22 - [MESSAGE][INFO] - Checking response object

11-06-2024T18:03:22 - [MESSAGE][PASSED] - totalplay.Common.verifyPropertyExist is PASSED

11-06-2024T18:03:22 - [TEST_STEP][PASSED] - totalplay.Common.verifyPropertyValueExist(Filters_Response, miraklShopName_type): totalplay.Common.verifyPropertyValueExist is PASSED

11-06-2024T18:03:22 - [MESSAGE][INFO] - Checking response object

11-06-2024T18:03:23 - [MESSAGE][INFO] - product_search_refinement_value

11-06-2024T18:03:23 - [MESSAGE][PASSED] - totalplay.Common.verifyPropertyValueExist is PASSED

11-06-2024T18:03:23 - [TEST_STEP][PASSED] - totalplay.Common.getNumValueofObject(Filters_Response, miraklShopName_hit_count): totalplay.Common.getNumValueofObject is PASSED

11-06-2024T18:03:23 - [MESSAGE][INFO] - Checking response object

11-06-2024T18:03:23 - [MESSAGE][PASSED] - totalplay.Common.getNumValueofObject is PASSED

11-06-2024T18:03:23 - [TEST_STEP][PASSED] - totalplay.Common.verifyPropertyExist(Filters_Response, miraklShopName1_label): totalplay.Common.verifyPropertyExist is PASSED

11-06-2024T18:03:23 - [MESSAGE][INFO] - Checking response object

11-06-2024T18:03:23 - [MESSAGE][PASSED] - totalplay.Common.verifyPropertyExist is PASSED

11-06-2024T18:03:23 - [TEST_STEP][PASSED] - totalplay.Common.verifyPropertyValueExist(Filters_Response, miraklShopName1_label): totalplay.Common.verifyPropertyValueExist is PASSED

11-06-2024T18:03:23 - [MESSAGE][INFO] - Checking response object

11-06-2024T18:03:23 - [MESSAGE][INFO] - 3B Ecatepec

11-06-2024T18:03:23 - [MESSAGE][PASSED] - totalplay.Common.verifyPropertyValueExist is PASSED

11-06-2024T18:03:23 - [TEST_STEP][PASSED] - totalplay.Common.verifyPropertyExist(Filters_Response, miraklShopName1_value): totalplay.Common.verifyPropertyExist is PASSED

11-06-2024T18:03:23 - [MESSAGE][INFO] - Checking response object

11-06-2024T18:03:23 - [MESSAGE][PASSED] - totalplay.Common.verifyPropertyExist is PASSED

11-06-2024T18:03:23 - [TEST_STEP][PASSED] - totalplay.Common.verifyPropertyValueExist(Filters_Response, miraklShopName1_value): totalplay.Common.verifyPropertyValueExist is PASSED

11-06-2024T18:03:23 - [MESSAGE][INFO] - Checking response object

11-06-2024T18:03:23 - [MESSAGE][INFO] - 3B Ecatepec

11-06-2024T18:03:23 - [MESSAGE][PASSED] - totalplay.Common.verifyPropertyValueExist is PASSED

11-06-2024T18:03:23 - [TEST_STEP][PASSED] - totalplay.Common.verifyPropertyExist(Filters_Response, verticalType_attribute_id): totalplay.Common.verifyPropertyExist is PASSED

11-06-2024T18:03:23 - [MESSAGE][INFO] - Checking response object

11-06-2024T18:03:23 - [MESSAGE][PASSED] - totalplay.Common.verifyPropertyExist is PASSED

11-06-2024T18:03:23 - [TEST_STEP][PASSED] - totalplay.Common.verifyPropertyValueExist(Filters_Response, verticalType_attribute_id): totalplay.Common.verifyPropertyValueExist is PASSED

11-06-2024T18:03:23 - [MESSAGE][INFO] - Checking response object

11-06-2024T18:03:23 - [MESSAGE][INFO] - c_verticalType

11-06-2024T18:03:23 - [MESSAGE][PASSED] - totalplay.Common.verifyPropertyValueExist is PASSED

11-06-2024T18:03:23 - [TEST_STEP][PASSED] - totalplay.Common.verifyPropertyExist(Filters_Response, verticalType_label): totalplay.Common.verifyPropertyExist is PASSED

11-06-2024T18:03:23 - [MESSAGE][INFO] - Checking response object

11-06-2024T18:03:23 - [MESSAGE][PASSED] - totalplay.Common.verifyPropertyExist is PASSED

11-06-2024T18:03:23 - [TEST_STEP][PASSED] - totalplay.Common.verifyPropertyValueExist(Filters_Response, verticalType_label): totalplay.Common.verifyPropertyValueExist is PASSED

11-06-2024T18:03:23 - [MESSAGE][INFO] - Checking response object

11-06-2024T18:03:23 - [MESSAGE][INFO] - Vertical Type

11-06-2024T18:03:23 - [MESSAGE][PASSED] - totalplay.Common.verifyPropertyValueExist is PASSED

11-06-2024T18:03:23 - [TEST_STEP][PASSED] - totalplay.Common.verifyPropertyExist(Filters_Response, verticalType_type): totalplay.Common.verifyPropertyExist is PASSED

11-06-2024T18:03:23 - [MESSAGE][INFO] - Checking response object

11-06-2024T18:03:23 - [MESSAGE][PASSED] - totalplay.Common.verifyPropertyExist is PASSED

11-06-2024T18:03:23 - [TEST_STEP][PASSED] - totalplay.Common.verifyPropertyValueExist(Filters_Response, verticalType_type): totalplay.Common.verifyPropertyValueExist is PASSED

11-06-2024T18:03:23 - [MESSAGE][INFO] - Checking response object

11-06-2024T18:03:23 - [MESSAGE][INFO] - product_search_refinement_value

11-06-2024T18:03:23 - [MESSAGE][PASSED] - totalplay.Common.verifyPropertyValueExist is PASSED

11-06-2024T18:03:23 - [TEST_STEP][PASSED] - totalplay.Common.getNumValueofObject(Filters_Response, verticalType_hit_count): totalplay.Common.getNumValueofObject is PASSED

11-06-2024T18:03:23 - [MESSAGE][INFO] - Checking response object

11-06-2024T18:03:23 - [MESSAGE][PASSED] - totalplay.Common.getNumValueofObject is PASSED

11-06-2024T18:03:23 - [TEST_STEP][PASSED] - totalplay.Common.verifyPropertyExist(Filters_Response, verticalTypename_label): totalplay.Common.verifyPropertyExist is PASSED

11-06-2024T18:03:23 - [MESSAGE][INFO] - Checking response object

11-06-2024T18:03:23 - [MESSAGE][PASSED] - totalplay.Common.verifyPropertyExist is PASSED

11-06-2024T18:03:23 - [TEST_STEP][PASSED] - totalplay.Common.verifyPropertyValueExist(Filters_Response, verticalTypename_label): totalplay.Common.verifyPropertyValueExist is PASSED

11-06-2024T18:03:23 - [MESSAGE][INFO] - Checking response object

11-06-2024T18:03:23 - [MESSAGE][INFO] - MultiStore

11-06-2024T18:03:23 - [MESSAGE][PASSED] - totalplay.Common.verifyPropertyValueExist is PASSED

11-06-2024T18:03:23 - [TEST_STEP][PASSED] - totalplay.Common.verifyPropertyExist(Filters_Response, verticalTypename_value): totalplay.Common.verifyPropertyExist is PASSED

11-06-2024T18:03:23 - [MESSAGE][INFO] - Checking response object

11-06-2024T18:03:23 - [MESSAGE][PASSED] - totalplay.Common.verifyPropertyExist is PASSED

11-06-2024T18:03:23 - [TEST_STEP][PASSED] - totalplay.Common.verifyPropertyValueExist(Filters_Response, verticalTypename_value): totalplay.Common.verifyPropertyValueExist is PASSED

11-06-2024T18:03:23 - [MESSAGE][INFO] - Checking response object

11-06-2024T18:03:23 - [MESSAGE][INFO] - MultiStore

11-06-2024T18:03:23 - [MESSAGE][PASSED] - totalplay.Common.verifyPropertyValueExist is PASSED

11-06-2024T18:03:23 - [TEST_STEP][PASSED] - totalplay.Common.verifyPropertyExist(Filters_Response, tpshop_attribute_id): totalplay.Common.verifyPropertyExist is PASSED

11-06-2024T18:03:23 - [MESSAGE][INFO] - Checking response object

11-06-2024T18:03:23 - [MESSAGE][PASSED] - totalplay.Common.verifyPropertyExist is PASSED

11-06-2024T18:03:23 - [TEST_STEP][PASSED] - totalplay.Common.verifyPropertyValueExist(Filters_Response, tpshop_attribute_id): totalplay.Common.verifyPropertyValueExist is PASSED

11-06-2024T18:03:23 - [MESSAGE][INFO] - Checking response object

11-06-2024T18:03:23 - [MESSAGE][INFO] - c_tpshop

11-06-2024T18:03:23 - [MESSAGE][PASSED] - totalplay.Common.verifyPropertyValueExist is PASSED

11-06-2024T18:03:23 - [TEST_STEP][PASSED] - totalplay.Common.verifyPropertyExist(Filters_Response, tpshop_label): totalplay.Common.verifyPropertyExist is PASSED

11-06-2024T18:03:23 - [MESSAGE][INFO] - Checking response object

11-06-2024T18:03:23 - [MESSAGE][PASSED] - totalplay.Common.verifyPropertyExist is PASSED

11-06-2024T18:03:23 - [TEST_STEP][PASSED] - totalplay.Common.verifyPropertyValueExist(Filters_Response, tpshop_label): totalplay.Common.verifyPropertyValueExist is PASSED

11-06-2024T18:03:23 - [MESSAGE][INFO] - Checking response object

11-06-2024T18:03:23 - [MESSAGE][INFO] - TPSHOP

11-06-2024T18:03:23 - [MESSAGE][PASSED] - totalplay.Common.verifyPropertyValueExist is PASSED

11-06-2024T18:03:23 - [TEST_STEP][PASSED] - totalplay.Common.verifyPropertyExist(Filters_Response, tpshop_type): totalplay.Common.verifyPropertyExist is PASSED

11-06-2024T18:03:24 - [MESSAGE][INFO] - Checking response object

11-06-2024T18:03:24 - [MESSAGE][PASSED] - totalplay.Common.verifyPropertyExist is PASSED

11-06-2024T18:03:24 - [TEST_STEP][PASSED] - totalplay.Common.verifyPropertyValueExist(Filters_Response, tpshop_type): totalplay.Common.verifyPropertyValueExist is PASSED

11-06-2024T18:03:24 - [MESSAGE][INFO] - Checking response object

11-06-2024T18:03:24 - [MESSAGE][INFO] - product_search_refinement_value

11-06-2024T18:03:24 - [MESSAGE][PASSED] - totalplay.Common.verifyPropertyValueExist is PASSED

11-06-2024T18:03:24 - [TEST_STEP][PASSED] - totalplay.Common.getNumValueofObject(Filters_Response, tpshop_hit_count): totalplay.Common.getNumValueofObject is PASSED

11-06-2024T18:03:24 - [MESSAGE][INFO] - Checking response object

11-06-2024T18:03:24 - [MESSAGE][PASSED] - totalplay.Common.getNumValueofObject is PASSED

11-06-2024T18:03:24 - [TEST_STEP][PASSED] - totalplay.Common.verifyPropertyExist(Filters_Response, tpshopname_label): totalplay.Common.verifyPropertyExist is PASSED

11-06-2024T18:03:24 - [MESSAGE][INFO] - Checking response object

11-06-2024T18:03:24 - [MESSAGE][PASSED] - totalplay.Common.verifyPropertyExist is PASSED

11-06-2024T18:03:24 - [TEST_STEP][PASSED] - totalplay.Common.verifyPropertyValueExist(Filters_Response, tpshopname_label): totalplay.Common.verifyPropertyValueExist is PASSED

11-06-2024T18:03:24 - [MESSAGE][INFO] - Checking response object

11-06-2024T18:03:24 - [MESSAGE][INFO] - false

11-06-2024T18:03:24 - [MESSAGE][PASSED] - totalplay.Common.verifyPropertyValueExist is PASSED

11-06-2024T18:03:24 - [TEST_STEP][PASSED] - totalplay.Common.verifyPropertyExist(Filters_Response, tpshopname_value): totalplay.Common.verifyPropertyExist is PASSED

11-06-2024T18:03:24 - [MESSAGE][INFO] - Checking response object

11-06-2024T18:03:24 - [MESSAGE][PASSED] - totalplay.Common.verifyPropertyExist is PASSED

11-06-2024T18:03:24 - [TEST_STEP][PASSED] - totalplay.Common.verifyPropertyValueExist(Filters_Response, tpshopname_value): totalplay.Common.verifyPropertyValueExist is PASSED

11-06-2024T18:03:24 - [MESSAGE][INFO] - Checking response object

11-06-2024T18:03:24 - [MESSAGE][INFO] - false

11-06-2024T18:03:24 - [MESSAGE][PASSED] - totalplay.Common.verifyPropertyValueExist is PASSED

11-06-2024T18:03:24 - [TEST_STEP][PASSED] - totalplay.Common.verifyPropertyExist(Filters_Response, price_attribute_id): totalplay.Common.verifyPropertyExist is PASSED

11-06-2024T18:03:24 - [MESSAGE][INFO] - Checking response object

11-06-2024T18:03:24 - [MESSAGE][PASSED] - totalplay.Common.verifyPropertyExist is PASSED

11-06-2024T18:03:24 - [TEST_STEP][PASSED] - totalplay.Common.verifyPropertyValueExist(Filters_Response, price_attribute_id): totalplay.Common.verifyPropertyValueExist is PASSED

11-06-2024T18:03:24 - [MESSAGE][INFO] - Checking response object

11-06-2024T18:03:24 - [MESSAGE][INFO] - price

11-06-2024T18:03:24 - [MESSAGE][PASSED] - totalplay.Common.verifyPropertyValueExist is PASSED

11-06-2024T18:03:24 - [TEST_STEP][PASSED] - totalplay.Common.verifyPropertyExist(Filters_Response, price_label): totalplay.Common.verifyPropertyExist is PASSED

11-06-2024T18:03:24 - [MESSAGE][INFO] - Checking response object

11-06-2024T18:03:24 - [MESSAGE][PASSED] - totalplay.Common.verifyPropertyExist is PASSED

11-06-2024T18:03:24 - [TEST_STEP][PASSED] - totalplay.Common.verifyPropertyValueExist(Filters_Response, price_label): totalplay.Common.verifyPropertyValueExist is PASSED

11-06-2024T18:03:24 - [MESSAGE][INFO] - Checking response object

11-06-2024T18:03:24 - [MESSAGE][INFO] - Comprar por Precio

11-06-2024T18:03:24 - [MESSAGE][PASSED] - totalplay.Common.verifyPropertyValueExist is PASSED

11-06-2024T18:03:24 - [TEST_STEP][PASSED] - totalplay.Common.verifyPropertyExist(Filters_Response, price_type): totalplay.Common.verifyPropertyExist is PASSED

11-06-2024T18:03:24 - [MESSAGE][INFO] - Checking response object

11-06-2024T18:03:24 - [MESSAGE][PASSED] - totalplay.Common.verifyPropertyExist is PASSED

11-06-2024T18:03:24 - [TEST_STEP][PASSED] - totalplay.Common.verifyPropertyValueExist(Filters_Response, price_type): totalplay.Common.verifyPropertyValueExist is PASSED

11-06-2024T18:03:24 - [MESSAGE][INFO] - Checking response object

11-06-2024T18:03:24 - [MESSAGE][INFO] - product_search_refinement_value

11-06-2024T18:03:24 - [MESSAGE][PASSED] - totalplay.Common.verifyPropertyValueExist is PASSED

11-06-2024T18:03:24 - [TEST_STEP][PASSED] - totalplay.Common.getNumValueofObject(Filters_Response, price_hit_count): totalplay.Common.getNumValueofObject is PASSED

11-06-2024T18:03:24 - [MESSAGE][INFO] - Checking response object

11-06-2024T18:03:24 - [MESSAGE][PASSED] - totalplay.Common.getNumValueofObject is PASSED

11-06-2024T18:03:24 - [TEST_STEP][PASSED] - totalplay.Common.verifyPropertyExist(Filters_Response, pricevalue_label): totalplay.Common.verifyPropertyExist is PASSED

11-06-2024T18:03:24 - [MESSAGE][INFO] - Checking response object

11-06-2024T18:03:24 - [MESSAGE][PASSED] - totalplay.Common.verifyPropertyExist is PASSED

11-06-2024T18:03:24 - [TEST_STEP][PASSED] - totalplay.Common.verifyPropertyValueExist(Filters_Response, pricevalue_label): totalplay.Common.verifyPropertyValueExist is PASSED

11-06-2024T18:03:24 - [MESSAGE][INFO] - Checking response object

11-06-2024T18:03:24 - [MESSAGE][INFO] - $0-$5,000

11-06-2024T18:03:24 - [MESSAGE][PASSED] - totalplay.Common.verifyPropertyValueExist is PASSED

11-06-2024T18:03:24 - [TEST_STEP][PASSED] - totalplay.Common.verifyPropertyExist(Filters_Response, pricevalue_value): totalplay.Common.verifyPropertyExist is PASSED

11-06-2024T18:03:24 - [MESSAGE][INFO] - Checking response object

11-06-2024T18:03:24 - [MESSAGE][PASSED] - totalplay.Common.verifyPropertyExist is PASSED

11-06-2024T18:03:24 - [TEST_STEP][PASSED] - totalplay.Common.verifyPropertyValueExist(Filters_Response, pricevalue_value): totalplay.Common.verifyPropertyValueExist is PASSED

11-06-2024T18:03:24 - [MESSAGE][INFO] - Checking response object

11-06-2024T18:03:24 - [MESSAGE][INFO] - (0..5000)

11-06-2024T18:03:24 - [MESSAGE][PASSED] - totalplay.Common.verifyPropertyValueExist is PASSED

11-06-2024T18:03:24 - [TEST_STEP][PASSED] - totalplay.Common.verifyPropertyExist(Filters_Response, cgid_attribute_id): totalplay.Common.verifyPropertyExist is PASSED

11-06-2024T18:03:24 - [MESSAGE][INFO] - Checking response object

11-06-2024T18:03:25 - [MESSAGE][PASSED] - totalplay.Common.verifyPropertyExist is PASSED

11-06-2024T18:03:25 - [TEST_STEP][PASSED] - totalplay.Common.verifyPropertyValueExist(Filters_Response, cgid_attribute_id): totalplay.Common.verifyPropertyValueExist is PASSED

11-06-2024T18:03:25 - [MESSAGE][INFO] - Checking response object

11-06-2024T18:03:25 - [MESSAGE][INFO] - cgid

11-06-2024T18:03:25 - [MESSAGE][PASSED] - totalplay.Common.verifyPropertyValueExist is PASSED

11-06-2024T18:03:25 - [TEST_STEP][PASSED] - totalplay.Common.verifyPropertyExist(Filters_Response, cgid_label): totalplay.Common.verifyPropertyExist is PASSED

11-06-2024T18:03:25 - [MESSAGE][INFO] - Checking response object

11-06-2024T18:03:25 - [MESSAGE][PASSED] - totalplay.Common.verifyPropertyExist is PASSED

11-06-2024T18:03:25 - [TEST_STEP][PASSED] - totalplay.Common.verifyPropertyValueExist(Filters_Response, cgid_label): totalplay.Common.verifyPropertyValueExist is PASSED

11-06-2024T18:03:25 - [MESSAGE][INFO] - Checking response object

11-06-2024T18:03:25 - [MESSAGE][INFO] - Categoría

11-06-2024T18:03:25 - [MESSAGE][PASSED] - totalplay.Common.verifyPropertyValueExist is PASSED

11-06-2024T18:03:25 - [TEST_STEP][PASSED] - totalplay.Common.verifyPropertyExist(Filters_Response, cgid_type): totalplay.Common.verifyPropertyExist is PASSED

11-06-2024T18:03:25 - [MESSAGE][INFO] - Checking response object

11-06-2024T18:03:25 - [MESSAGE][PASSED] - totalplay.Common.verifyPropertyExist is PASSED

11-06-2024T18:03:25 - [TEST_STEP][PASSED] - totalplay.Common.verifyPropertyValueExist(Filters_Response, cgid_type): totalplay.Common.verifyPropertyValueExist is PASSED

11-06-2024T18:03:25 - [MESSAGE][INFO] - Checking response object

11-06-2024T18:03:25 - [MESSAGE][INFO] - product_search_refinement_value

11-06-2024T18:03:25 - [MESSAGE][PASSED] - totalplay.Common.verifyPropertyValueExist is PASSED

11-06-2024T18:03:25 - [TEST_STEP][PASSED] - totalplay.Common.getNumValueofObject(Filters_Response, cgid_hit_count): totalplay.Common.getNumValueofObject is PASSED

11-06-2024T18:03:25 - [MESSAGE][INFO] - Checking response object

11-06-2024T18:03:25 - [MESSAGE][PASSED] - totalplay.Common.getNumValueofObject is PASSED

11-06-2024T18:03:25 - [TEST_STEP][PASSED] - totalplay.Common.verifyPropertyExist(Filters_Response, cgidname_label): totalplay.Common.verifyPropertyExist is PASSED

11-06-2024T18:03:25 - [MESSAGE][INFO] - Checking response object

11-06-2024T18:03:25 - [MESSAGE][PASSED] - totalplay.Common.verifyPropertyExist is PASSED

11-06-2024T18:03:25 - [TEST_STEP][PASSED] - totalplay.Common.verifyPropertyValueExist(Filters_Response, cgidname_label): totalplay.Common.verifyPropertyValueExist is PASSED

11-06-2024T18:03:25 - [MESSAGE][INFO] - Checking response object

11-06-2024T18:03:25 - [MESSAGE][INFO] - General

11-06-2024T18:03:25 - [MESSAGE][PASSED] - totalplay.Common.verifyPropertyValueExist is PASSED

11-06-2024T18:03:25 - [TEST_STEP][PASSED] - totalplay.Common.verifyPropertyExist(Filters_Response, cgidname_value): totalplay.Common.verifyPropertyExist is PASSED

11-06-2024T18:03:25 - [MESSAGE][INFO] - Checking response object

11-06-2024T18:03:25 - [MESSAGE][PASSED] - totalplay.Common.verifyPropertyExist is PASSED

11-06-2024T18:03:25 - [TEST_STEP][PASSED] - totalplay.Common.verifyPropertyValueExist(Filters_Response, cgidname_value): totalplay.Common.verifyPropertyValueExist is PASSED

11-06-2024T18:03:25 - [MESSAGE][INFO] - Checking response object

11-06-2024T18:03:25 - [MESSAGE][INFO] - SF_general

11-06-2024T18:03:25 - [MESSAGE][PASSED] - totalplay.Common.verifyPropertyValueExist is PASSED

11-06-2024T18:03:25 - [TEST_STEP][PASSED] - totalplay.Common.verifyPropertyExist(Filters_Response, miraklShopID_attribute_id): totalplay.Common.verifyPropertyExist is PASSED

11-06-2024T18:03:25 - [MESSAGE][INFO] - Checking response object

11-06-2024T18:03:25 - [MESSAGE][PASSED] - totalplay.Common.verifyPropertyExist is PASSED

11-06-2024T18:03:25 - [TEST_STEP][PASSED] - totalplay.Common.verifyPropertyValueExist(Filters_Response, miraklShopID_attribute_id): totalplay.Common.verifyPropertyValueExist is PASSED

11-06-2024T18:03:25 - [MESSAGE][INFO] - Checking response object

11-06-2024T18:03:25 - [MESSAGE][INFO] - c_miraklShopID

11-06-2024T18:03:25 - [MESSAGE][PASSED] - totalplay.Common.verifyPropertyValueExist is PASSED

11-06-2024T18:03:25 - [TEST_STEP][PASSED] - totalplay.Common.verifyPropertyExist(Filters_Response, miraklShopID_label): totalplay.Common.verifyPropertyExist is PASSED

11-06-2024T18:03:25 - [MESSAGE][INFO] - Checking response object

11-06-2024T18:03:25 - [MESSAGE][PASSED] - totalplay.Common.verifyPropertyExist is PASSED

11-06-2024T18:03:25 - [TEST_STEP][PASSED] - totalplay.Common.verifyPropertyValueExist(Filters_Response, miraklShopID_label): totalplay.Common.verifyPropertyValueExist is PASSED

11-06-2024T18:03:25 - [MESSAGE][INFO] - Checking response object

11-06-2024T18:03:25 - [MESSAGE][INFO] - ID de tienda

11-06-2024T18:03:25 - [MESSAGE][PASSED] - totalplay.Common.verifyPropertyValueExist is PASSED

11-06-2024T18:03:25 - [TEST_STEP][PASSED] - totalplay.Common.verifyPropertyExist(Filters_Response, miraklShopID_type): totalplay.Common.verifyPropertyExist is PASSED

11-06-2024T18:03:25 - [MESSAGE][INFO] - Checking response object

11-06-2024T18:03:25 - [MESSAGE][PASSED] - totalplay.Common.verifyPropertyExist is PASSED

11-06-2024T18:03:25 - [TEST_STEP][PASSED] - totalplay.Common.verifyPropertyValueExist(Filters_Response, miraklShopID_type): totalplay.Common.verifyPropertyValueExist is PASSED

11-06-2024T18:03:25 - [MESSAGE][INFO] - Checking response object

11-06-2024T18:03:25 - [MESSAGE][INFO] - product_search_refinement_value

11-06-2024T18:03:25 - [MESSAGE][PASSED] - totalplay.Common.verifyPropertyValueExist is PASSED

11-06-2024T18:03:25 - [TEST_STEP][PASSED] - totalplay.Common.getNumValueofObject(Filters_Response, miraklShopID_hit_count): totalplay.Common.getNumValueofObject is PASSED

11-06-2024T18:03:25 - [MESSAGE][INFO] - Checking response object

11-06-2024T18:03:25 - [MESSAGE][PASSED] - totalplay.Common.getNumValueofObject is PASSED

11-06-2024T18:03:25 - [TEST_STEP][PASSED] - totalplay.Common.verifyPropertyExist(Filters_Response, miraklShopID1_label): totalplay.Common.verifyPropertyExist is PASSED

11-06-2024T18:03:25 - [MESSAGE][INFO] - Checking response object

11-06-2024T18:03:26 - [MESSAGE][PASSED] - totalplay.Common.verifyPropertyExist is PASSED

11-06-2024T18:03:26 - [TEST_STEP][PASSED] - totalplay.Common.verifyPropertyValueExist(Filters_Response, miraklShopID1_label): totalplay.Common.verifyPropertyValueExist is PASSED

11-06-2024T18:03:26 - [MESSAGE][INFO] - Checking response object

11-06-2024T18:03:26 - [MESSAGE][INFO] - 2000

11-06-2024T18:03:26 - [MESSAGE][PASSED] - totalplay.Common.verifyPropertyValueExist is PASSED

11-06-2024T18:03:26 - [TEST_STEP][PASSED] - totalplay.Common.verifyPropertyExist(Filters_Response, miraklShopID1_value): totalplay.Common.verifyPropertyExist is PASSED

11-06-2024T18:03:26 - [MESSAGE][INFO] - Checking response object

11-06-2024T18:03:26 - [MESSAGE][PASSED] - totalplay.Common.verifyPropertyExist is PASSED

11-06-2024T18:03:26 - [TEST_STEP][PASSED] - totalplay.Common.verifyPropertyValueExist(Filters_Response, miraklShopID1_value): totalplay.Common.verifyPropertyValueExist is PASSED

11-06-2024T18:03:26 - [MESSAGE][INFO] - Checking response object

11-06-2024T18:03:26 - [MESSAGE][INFO] - 2000

11-06-2024T18:03:26 - [MESSAGE][PASSED] - totalplay.Common.verifyPropertyValueExist is PASSED

11-06-2024T18:03:26 - [TEST_STEP][PASSED] - totalplay.Common.verifyPropertyExist(Filters_Response, modelo_attribute_id): totalplay.Common.verifyPropertyExist is PASSED

11-06-2024T18:03:26 - [MESSAGE][INFO] - Checking response object

11-06-2024T18:03:26 - [MESSAGE][PASSED] - totalplay.Common.verifyPropertyExist is PASSED

11-06-2024T18:03:26 - [TEST_STEP][PASSED] - totalplay.Common.verifyPropertyValueExist(Filters_Response, modelo_attribute_id): totalplay.Common.verifyPropertyValueExist is PASSED

11-06-2024T18:03:26 - [MESSAGE][INFO] - Checking response object

11-06-2024T18:03:26 - [MESSAGE][INFO] - c_modelo

11-06-2024T18:03:26 - [MESSAGE][PASSED] - totalplay.Common.verifyPropertyValueExist is PASSED

11-06-2024T18:03:26 - [TEST_STEP][PASSED] - totalplay.Common.verifyPropertyExist(Filters_Response, modelo_label): totalplay.Common.verifyPropertyExist is PASSED

11-06-2024T18:03:26 - [MESSAGE][INFO] - Checking response object

11-06-2024T18:03:26 - [MESSAGE][PASSED] - totalplay.Common.verifyPropertyExist is PASSED

11-06-2024T18:03:26 - [TEST_STEP][PASSED] - totalplay.Common.verifyPropertyValueExist(Filters_Response, modelo_label): totalplay.Common.verifyPropertyValueExist is PASSED

11-06-2024T18:03:26 - [MESSAGE][INFO] - Checking response object

11-06-2024T18:03:26 - [MESSAGE][INFO] - Modelo

11-06-2024T18:03:26 - [MESSAGE][PASSED] - totalplay.Common.verifyPropertyValueExist is PASSED

11-06-2024T18:03:26 - [TEST_STEP][PASSED] - totalplay.Common.verifyPropertyExist(Filters_Response, tipo_de_producto_attribute_id): totalplay.Common.verifyPropertyExist is PASSED

11-06-2024T18:03:26 - [MESSAGE][INFO] - Checking response object

11-06-2024T18:03:26 - [MESSAGE][PASSED] - totalplay.Common.verifyPropertyExist is PASSED

11-06-2024T18:03:26 - [TEST_STEP][PASSED] - totalplay.Common.verifyPropertyValueExist(Filters_Response, tipo_de_producto_attribute_id): totalplay.Common.verifyPropertyValueExist is PASSED

11-06-2024T18:03:26 - [MESSAGE][INFO] - Checking response object

11-06-2024T18:03:26 - [MESSAGE][INFO] - c_tipo-de-producto

11-06-2024T18:03:26 - [MESSAGE][PASSED] - totalplay.Common.verifyPropertyValueExist is PASSED

11-06-2024T18:03:26 - [TEST_STEP][PASSED] - totalplay.Common.verifyPropertyExist(Filters_Response, tipo_de_producto_label): totalplay.Common.verifyPropertyExist is PASSED

11-06-2024T18:03:26 - [MESSAGE][INFO] - Checking response object

11-06-2024T18:03:26 - [MESSAGE][PASSED] - totalplay.Common.verifyPropertyExist is PASSED

11-06-2024T18:03:26 - [TEST_STEP][PASSED] - totalplay.Common.verifyPropertyValueExist(Filters_Response, tipo_de_producto_label): totalplay.Common.verifyPropertyValueExist is PASSED

11-06-2024T18:03:26 - [MESSAGE][INFO] - Checking response object

11-06-2024T18:03:26 - [MESSAGE][INFO] - Tipo de producto

11-06-2024T18:03:26 - [MESSAGE][PASSED] - totalplay.Common.verifyPropertyValueExist is PASSED

11-06-2024T18:03:26 - [TEST_STEP][PASSED] - totalplay.Common.verifyPropertyExist(Filters_Response, material_attribute_id): totalplay.Common.verifyPropertyExist is PASSED

11-06-2024T18:03:26 - [MESSAGE][INFO] - Checking response object

11-06-2024T18:03:26 - [MESSAGE][PASSED] - totalplay.Common.verifyPropertyExist is PASSED

11-06-2024T18:03:26 - [TEST_STEP][PASSED] - totalplay.Common.verifyPropertyValueExist(Filters_Response, material_attribute_id): totalplay.Common.verifyPropertyValueExist is PASSED

11-06-2024T18:03:26 - [MESSAGE][INFO] - Checking response object

11-06-2024T18:03:26 - [MESSAGE][INFO] - c_material

11-06-2024T18:03:26 - [MESSAGE][PASSED] - totalplay.Common.verifyPropertyValueExist is PASSED

11-06-2024T18:03:26 - [TEST_STEP][PASSED] - totalplay.Common.verifyPropertyExist(Filters_Response, material_label): totalplay.Common.verifyPropertyExist is PASSED

11-06-2024T18:03:26 - [MESSAGE][INFO] - Checking response object

11-06-2024T18:03:26 - [MESSAGE][PASSED] - totalplay.Common.verifyPropertyExist is PASSED

11-06-2024T18:03:26 - [TEST_STEP][PASSED] - totalplay.Common.verifyPropertyValueExist(Filters_Response, material_label): totalplay.Common.verifyPropertyValueExist is PASSED

11-06-2024T18:03:26 - [MESSAGE][INFO] - Checking response object

11-06-2024T18:03:26 - [MESSAGE][INFO] - Material

11-06-2024T18:03:26 - [MESSAGE][PASSED] - totalplay.Common.verifyPropertyValueExist is PASSED

11-06-2024T18:03:26 - [TEST_STEP][PASSED] - totalplay.Common.verifyPropertyExist(Filters_Response, Memoria_attribute_id): totalplay.Common.verifyPropertyExist is PASSED

11-06-2024T18:03:26 - [MESSAGE][INFO] - Checking response object

11-06-2024T18:03:26 - [MESSAGE][PASSED] - totalplay.Common.verifyPropertyExist is PASSED

11-06-2024T18:03:26 - [TEST_STEP][PASSED] - totalplay.Common.verifyPropertyValueExist(Filters_Response, Memoria_attribute_id): totalplay.Common.verifyPropertyValueExist is PASSED

11-06-2024T18:03:26 - [MESSAGE][INFO] - Checking response object

11-06-2024T18:03:26 - [MESSAGE][INFO] - c_Memoria

11-06-2024T18:03:26 - [MESSAGE][PASSED] - totalplay.Common.verifyPropertyValueExist is PASSED

11-06-2024T18:03:26 - [TEST_STEP][PASSED] - totalplay.Common.verifyPropertyExist(Filters_Response, Memoria_label): totalplay.Common.verifyPropertyExist is PASSED

11-06-2024T18:03:26 - [MESSAGE][INFO] - Checking response object

11-06-2024T18:03:27 - [MESSAGE][PASSED] - totalplay.Common.verifyPropertyExist is PASSED

11-06-2024T18:03:27 - [TEST_STEP][PASSED] - totalplay.Common.verifyPropertyValueExist(Filters_Response, Memoria_label): totalplay.Common.verifyPropertyValueExist is PASSED

11-06-2024T18:03:27 - [MESSAGE][INFO] - Checking response object

11-06-2024T18:03:27 - [MESSAGE][INFO] - Memoria

11-06-2024T18:03:27 - [MESSAGE][PASSED] - totalplay.Common.verifyPropertyValueExist is PASSED

11-06-2024T18:03:27 - [TEST_STEP][PASSED] - totalplay.Common.verifyPropertyExist(Filters_Response, tamano_attribute_id): totalplay.Common.verifyPropertyExist is PASSED

11-06-2024T18:03:27 - [MESSAGE][INFO] - Checking response object

11-06-2024T18:03:27 - [MESSAGE][PASSED] - totalplay.Common.verifyPropertyExist is PASSED

11-06-2024T18:03:27 - [TEST_STEP][PASSED] - totalplay.Common.verifyPropertyValueExist(Filters_Response, tamano_attribute_id): totalplay.Common.verifyPropertyValueExist is PASSED

11-06-2024T18:03:27 - [MESSAGE][INFO] - Checking response object

11-06-2024T18:03:27 - [MESSAGE][INFO] - c_tamano

11-06-2024T18:03:27 - [MESSAGE][PASSED] - totalplay.Common.verifyPropertyValueExist is PASSED

11-06-2024T18:03:27 - [TEST_STEP][PASSED] - totalplay.Common.verifyPropertyExist(Filters_Response, tamano_label): totalplay.Common.verifyPropertyExist is PASSED

11-06-2024T18:03:27 - [MESSAGE][INFO] - Checking response object

11-06-2024T18:03:27 - [MESSAGE][PASSED] - totalplay.Common.verifyPropertyExist is PASSED

11-06-2024T18:03:27 - [TEST_STEP][PASSED] - totalplay.Common.verifyPropertyValueExist(Filters_Response, tamano_label): totalplay.Common.verifyPropertyValueExist is PASSED

11-06-2024T18:03:27 - [MESSAGE][INFO] - Checking response object

11-06-2024T18:03:27 - [MESSAGE][INFO] - Tamaño

11-06-2024T18:03:27 - [MESSAGE][PASSED] - totalplay.Common.verifyPropertyValueExist is PASSED

11-06-2024T18:03:27 - [TEST_STEP][PASSED] - totalplay.Common.verifyPropertyExist(Filters_Response, almacenamiento_attribute_id): totalplay.Common.verifyPropertyExist is PASSED

11-06-2024T18:03:27 - [MESSAGE][INFO] - Checking response object

11-06-2024T18:03:27 - [MESSAGE][PASSED] - totalplay.Common.verifyPropertyExist is PASSED

11-06-2024T18:03:27 - [TEST_STEP][PASSED] - totalplay.Common.verifyPropertyValueExist(Filters_Response, almacenamiento_attribute_id): totalplay.Common.verifyPropertyValueExist is PASSED

11-06-2024T18:03:27 - [MESSAGE][INFO] - Checking response object

11-06-2024T18:03:27 - [MESSAGE][INFO] - c_almacenamiento

11-06-2024T18:03:27 - [MESSAGE][PASSED] - totalplay.Common.verifyPropertyValueExist is PASSED

11-06-2024T18:03:27 - [TEST_STEP][PASSED] - totalplay.Common.verifyPropertyExist(Filters_Response, almacenamiento_label): totalplay.Common.verifyPropertyExist is PASSED

11-06-2024T18:03:27 - [MESSAGE][INFO] - Checking response object

11-06-2024T18:03:27 - [MESSAGE][PASSED] - totalplay.Common.verifyPropertyExist is PASSED

11-06-2024T18:03:27 - [TEST_STEP][PASSED] - totalplay.Common.verifyPropertyValueExist(Filters_Response, almacenamiento_label): totalplay.Common.verifyPropertyValueExist is PASSED

11-06-2024T18:03:27 - [MESSAGE][INFO] - Checking response object

11-06-2024T18:03:27 - [MESSAGE][INFO] - Almacenamiento

11-06-2024T18:03:27 - [MESSAGE][PASSED] - totalplay.Common.verifyPropertyValueExist is PASSED

11-06-2024T18:03:27 - [TEST_STEP][PASSED] - totalplay.Common.verifyPropertyExist(Filters_Response, sabor_attribute_id): totalplay.Common.verifyPropertyExist is PASSED

11-06-2024T18:03:27 - [MESSAGE][INFO] - Checking response object

11-06-2024T18:03:27 - [MESSAGE][PASSED] - totalplay.Common.verifyPropertyExist is PASSED

11-06-2024T18:03:27 - [TEST_STEP][PASSED] - totalplay.Common.verifyPropertyValueExist(Filters_Response, sabor_attribute_id): totalplay.Common.verifyPropertyValueExist is PASSED

11-06-2024T18:03:27 - [MESSAGE][INFO] - Checking response object

11-06-2024T18:03:27 - [MESSAGE][INFO] - c_sabor

11-06-2024T18:03:27 - [MESSAGE][PASSED] - totalplay.Common.verifyPropertyValueExist is PASSED

11-06-2024T18:03:27 - [TEST_STEP][PASSED] - totalplay.Common.verifyPropertyExist(Filters_Response, sabor_label): totalplay.Common.verifyPropertyExist is PASSED

11-06-2024T18:03:27 - [MESSAGE][INFO] - Checking response object

11-06-2024T18:03:27 - [MESSAGE][PASSED] - totalplay.Common.verifyPropertyExist is PASSED

11-06-2024T18:03:27 - [TEST_STEP][PASSED] - totalplay.Common.verifyPropertyValueExist(Filters_Response, sabor_label): totalplay.Common.verifyPropertyValueExist is PASSED

11-06-2024T18:03:27 - [MESSAGE][INFO] - Checking response object

11-06-2024T18:03:27 - [MESSAGE][INFO] - Sabor

11-06-2024T18:03:27 - [MESSAGE][PASSED] - totalplay.Common.verifyPropertyValueExist is PASSED

11-06-2024T18:03:27 - [TEST_STEP][PASSED] - totalplay.Common.verifyPropertyExist(Filters_Response, weight_attribute_id): totalplay.Common.verifyPropertyExist is PASSED

11-06-2024T18:03:27 - [MESSAGE][INFO] - Checking response object

11-06-2024T18:03:27 - [MESSAGE][PASSED] - totalplay.Common.verifyPropertyExist is PASSED

11-06-2024T18:03:27 - [TEST_STEP][PASSED] - totalplay.Common.verifyPropertyValueExist(Filters_Response, weight_attribute_id): totalplay.Common.verifyPropertyValueExist is PASSED

11-06-2024T18:03:27 - [MESSAGE][INFO] - Checking response object

11-06-2024T18:03:27 - [MESSAGE][INFO] - c_weight

11-06-2024T18:03:27 - [MESSAGE][PASSED] - totalplay.Common.verifyPropertyValueExist is PASSED

11-06-2024T18:03:27 - [TEST_STEP][PASSED] - totalplay.Common.verifyPropertyExist(Filters_Response, weight_label): totalplay.Common.verifyPropertyExist is PASSED

11-06-2024T18:03:27 - [MESSAGE][INFO] - Checking response object

11-06-2024T18:03:27 - [MESSAGE][PASSED] - totalplay.Common.verifyPropertyExist is PASSED

11-06-2024T18:03:27 - [TEST_STEP][PASSED] - totalplay.Common.verifyPropertyValueExist(Filters_Response, weight_label): totalplay.Common.verifyPropertyValueExist is PASSED

11-06-2024T18:03:27 - [MESSAGE][INFO] - Checking response object

11-06-2024T18:03:27 - [MESSAGE][INFO] - Peso del producto

11-06-2024T18:03:27 - [MESSAGE][PASSED] - totalplay.Common.verifyPropertyValueExist is PASSED

11-06-2024T18:03:27 - [TEST_STEP][PASSED] - totalplay.Common.verifyPropertyExist(Filters_Response, weight_type): totalplay.Common.verifyPropertyExist is PASSED

11-06-2024T18:03:27 - [MESSAGE][INFO] - Checking response object

11-06-2024T18:03:28 - [MESSAGE][PASSED] - totalplay.Common.verifyPropertyExist is PASSED

11-06-2024T18:03:28 - [TEST_STEP][PASSED] - totalplay.Common.verifyPropertyValueExist(Filters_Response, weight_type): totalplay.Common.verifyPropertyValueExist is PASSED

11-06-2024T18:03:28 - [MESSAGE][INFO] - Checking response object

11-06-2024T18:03:28 - [MESSAGE][INFO] - product_search_refinement_value

11-06-2024T18:03:28 - [MESSAGE][PASSED] - totalplay.Common.verifyPropertyValueExist is PASSED

11-06-2024T18:03:28 - [TEST_STEP][PASSED] - totalplay.Common.getNumValueofObject(Filters_Response, weight_hit_count): totalplay.Common.getNumValueofObject is PASSED

11-06-2024T18:03:28 - [MESSAGE][INFO] - Checking response object

11-06-2024T18:03:28 - [MESSAGE][PASSED] - totalplay.Common.getNumValueofObject is PASSED

11-06-2024T18:03:28 - [TEST_STEP][PASSED] - totalplay.Common.verifyPropertyExist(Filters_Response, weightkg_label): totalplay.Common.verifyPropertyExist is PASSED

11-06-2024T18:03:28 - [MESSAGE][INFO] - Checking response object

11-06-2024T18:03:28 - [MESSAGE][PASSED] - totalplay.Common.verifyPropertyExist is PASSED

11-06-2024T18:03:28 - [TEST_STEP][PASSED] - totalplay.Common.verifyPropertyValueExist(Filters_Response, weightkg_label): totalplay.Common.verifyPropertyValueExist is PASSED

11-06-2024T18:03:28 - [MESSAGE][INFO] - Checking response object

11-06-2024T18:03:28 - [MESSAGE][INFO] - 3.0

11-06-2024T18:03:28 - [MESSAGE][PASSED] - totalplay.Common.verifyPropertyValueExist is PASSED

11-06-2024T18:03:28 - [TEST_STEP][PASSED] - totalplay.Common.verifyPropertyExist(Filters_Response, weightkg_value): totalplay.Common.verifyPropertyExist is PASSED

11-06-2024T18:03:28 - [MESSAGE][INFO] - Checking response object

11-06-2024T18:03:28 - [MESSAGE][PASSED] - totalplay.Common.verifyPropertyExist is PASSED

11-06-2024T18:03:28 - [TEST_STEP][PASSED] - totalplay.Common.verifyPropertyValueExist(Filters_Response, weightkg_value): totalplay.Common.verifyPropertyValueExist is PASSED

11-06-2024T18:03:28 - [MESSAGE][INFO] - Checking response object

11-06-2024T18:03:28 - [MESSAGE][INFO] - 3.0

11-06-2024T18:03:28 - [MESSAGE][PASSED] - totalplay.Common.verifyPropertyValueExist is PASSED

11-06-2024T18:03:28 - [TEST_STEP][PASSED] - totalplay.Common.verifyPropertyExist(Filters_Response, capacidad_attribute_id): totalplay.Common.verifyPropertyExist is PASSED

11-06-2024T18:03:28 - [MESSAGE][INFO] - Checking response object

11-06-2024T18:03:28 - [MESSAGE][PASSED] - totalplay.Common.verifyPropertyExist is PASSED

11-06-2024T18:03:28 - [TEST_STEP][PASSED] - totalplay.Common.verifyPropertyValueExist(Filters_Response, capacidad_attribute_id): totalplay.Common.verifyPropertyValueExist is PASSED

11-06-2024T18:03:28 - [MESSAGE][INFO] - Checking response object

11-06-2024T18:03:28 - [MESSAGE][INFO] - c_capacidad

11-06-2024T18:03:28 - [MESSAGE][PASSED] - totalplay.Common.verifyPropertyValueExist is PASSED

11-06-2024T18:03:28 - [TEST_STEP][PASSED] - totalplay.Common.verifyPropertyExist(Filters_Response, capacidad_label): totalplay.Common.verifyPropertyExist is PASSED

11-06-2024T18:03:28 - [MESSAGE][INFO] - Checking response object

11-06-2024T18:03:28 - [MESSAGE][PASSED] - totalplay.Common.verifyPropertyExist is PASSED

11-06-2024T18:03:28 - [TEST_STEP][PASSED] - totalplay.Common.verifyPropertyValueExist(Filters_Response, capacidad_label): totalplay.Common.verifyPropertyValueExist is PASSED

11-06-2024T18:03:28 - [MESSAGE][INFO] - Checking response object

11-06-2024T18:03:28 - [MESSAGE][INFO] - Capacidad

11-06-2024T18:03:28 - [MESSAGE][PASSED] - totalplay.Common.verifyPropertyValueExist is PASSED

11-06-2024T18:03:28 - [TEST_STEP][PASSED] - totalplay.Common.verifyPropertyExist(Filters_Response, size_attribute_id): totalplay.Common.verifyPropertyExist is PASSED

11-06-2024T18:03:28 - [MESSAGE][INFO] - Checking response object

11-06-2024T18:03:28 - [MESSAGE][PASSED] - totalplay.Common.verifyPropertyExist is PASSED

11-06-2024T18:03:28 - [TEST_STEP][PASSED] - totalplay.Common.verifyPropertyValueExist(Filters_Response, size_attribute_id): totalplay.Common.verifyPropertyValueExist is PASSED

11-06-2024T18:03:28 - [MESSAGE][INFO] - Checking response object

11-06-2024T18:03:28 - [MESSAGE][INFO] - c_size

11-06-2024T18:03:28 - [MESSAGE][PASSED] - totalplay.Common.verifyPropertyValueExist is PASSED

11-06-2024T18:03:28 - [TEST_STEP][PASSED] - totalplay.Common.verifyPropertyExist(Filters_Response, size_label): totalplay.Common.verifyPropertyExist is PASSED

11-06-2024T18:03:28 - [MESSAGE][INFO] - Checking response object

11-06-2024T18:03:28 - [MESSAGE][PASSED] - totalplay.Common.verifyPropertyExist is PASSED

11-06-2024T18:03:28 - [TEST_STEP][PASSED] - totalplay.Common.verifyPropertyValueExist(Filters_Response, size_label): totalplay.Common.verifyPropertyValueExist is PASSED

11-06-2024T18:03:28 - [MESSAGE][INFO] - Checking response object

11-06-2024T18:03:28 - [MESSAGE][INFO] - Talla

11-06-2024T18:03:28 - [MESSAGE][PASSED] - totalplay.Common.verifyPropertyValueExist is PASSED

11-06-2024T18:03:28 - [TEST_STEP][PASSED] - totalplay.Common.verifyPropertyExist(Filters_Response, isPopular_attribute_id): totalplay.Common.verifyPropertyExist is PASSED

11-06-2024T18:03:28 - [MESSAGE][INFO] - Checking response object

11-06-2024T18:03:28 - [MESSAGE][PASSED] - totalplay.Common.verifyPropertyExist is PASSED

11-06-2024T18:03:28 - [TEST_STEP][PASSED] - totalplay.Common.verifyPropertyValueExist(Filters_Response, isPopular_attribute_id): totalplay.Common.verifyPropertyValueExist is PASSED

11-06-2024T18:03:28 - [MESSAGE][INFO] - Checking response object

11-06-2024T18:03:28 - [MESSAGE][INFO] - c_isPopular

11-06-2024T18:03:28 - [MESSAGE][PASSED] - totalplay.Common.verifyPropertyValueExist is PASSED

11-06-2024T18:03:28 - [TEST_STEP][PASSED] - totalplay.Common.verifyPropertyExist(Filters_Response, isPopular_label): totalplay.Common.verifyPropertyExist is PASSED

11-06-2024T18:03:28 - [MESSAGE][INFO] - Checking response object

11-06-2024T18:03:28 - [MESSAGE][PASSED] - totalplay.Common.verifyPropertyExist is PASSED

11-06-2024T18:03:28 - [TEST_STEP][PASSED] - totalplay.Common.verifyPropertyValueExist(Filters_Response, isPopular_label): totalplay.Common.verifyPropertyValueExist is PASSED

11-06-2024T18:03:28 - [MESSAGE][INFO] - Checking response object

11-06-2024T18:03:29 - [MESSAGE][INFO] - isPopular

11-06-2024T18:03:29 - [MESSAGE][PASSED] - totalplay.Common.verifyPropertyValueExist is PASSED

11-06-2024T18:03:29 - [TEST_STEP][PASSED] - totalplay.Common.verifyPropertyExist(Filters_Response, isPopular_type): totalplay.Common.verifyPropertyExist is PASSED

11-06-2024T18:03:29 - [MESSAGE][INFO] - Checking response object

11-06-2024T18:03:29 - [MESSAGE][PASSED] - totalplay.Common.verifyPropertyExist is PASSED

11-06-2024T18:03:29 - [TEST_STEP][PASSED] - totalplay.Common.verifyPropertyValueExist(Filters_Response, isPopular_type): totalplay.Common.verifyPropertyValueExist is PASSED

11-06-2024T18:03:29 - [MESSAGE][INFO] - Checking response object

11-06-2024T18:03:29 - [MESSAGE][INFO] - product_search_refinement_value

11-06-2024T18:03:29 - [MESSAGE][PASSED] - totalplay.Common.verifyPropertyValueExist is PASSED

11-06-2024T18:03:29 - [TEST_STEP][PASSED] - totalplay.Common.getNumValueofObject(Filters_Response, isPopular_hit_count): totalplay.Common.getNumValueofObject is PASSED

11-06-2024T18:03:29 - [MESSAGE][INFO] - Checking response object

11-06-2024T18:03:29 - [MESSAGE][PASSED] - totalplay.Common.getNumValueofObject is PASSED

11-06-2024T18:03:29 - [TEST_STEP][PASSED] - totalplay.Common.verifyPropertyExist(Filters_Response, isPopular1_label): totalplay.Common.verifyPropertyExist is PASSED

11-06-2024T18:03:29 - [MESSAGE][INFO] - Checking response object

11-06-2024T18:03:29 - [MESSAGE][PASSED] - totalplay.Common.verifyPropertyExist is PASSED

11-06-2024T18:03:29 - [TEST_STEP][PASSED] - totalplay.Common.verifyPropertyValueExist(Filters_Response, isPopular1_label): totalplay.Common.verifyPropertyValueExist is PASSED

11-06-2024T18:03:29 - [MESSAGE][INFO] - Checking response object

11-06-2024T18:03:29 - [MESSAGE][INFO] - false

11-06-2024T18:03:29 - [MESSAGE][PASSED] - totalplay.Common.verifyPropertyValueExist is PASSED

11-06-2024T18:03:29 - [TEST_STEP][PASSED] - totalplay.Common.verifyPropertyExist(Filters_Response, isPopular1_value): totalplay.Common.verifyPropertyExist is PASSED

11-06-2024T18:03:29 - [MESSAGE][INFO] - Checking response object

11-06-2024T18:03:29 - [MESSAGE][PASSED] - totalplay.Common.verifyPropertyExist is PASSED

11-06-2024T18:03:29 - [TEST_STEP][PASSED] - totalplay.Common.verifyPropertyValueExist(Filters_Response, isPopular1_value): totalplay.Common.verifyPropertyValueExist is PASSED

11-06-2024T18:03:29 - [MESSAGE][INFO] - Checking response object

11-06-2024T18:03:29 - [MESSAGE][INFO] - false

11-06-2024T18:03:29 - [MESSAGE][PASSED] - totalplay.Common.verifyPropertyValueExist is PASSED

11-06-2024T18:03:29 - [TEST_STEP][PASSED] - totalplay.Common.verifyPropertyExist(Filters_Response, corporateName_attribute_id): totalplay.Common.verifyPropertyExist is PASSED

11-06-2024T18:03:29 - [MESSAGE][INFO] - Checking response object

11-06-2024T18:03:29 - [MESSAGE][PASSED] - totalplay.Common.verifyPropertyExist is PASSED

11-06-2024T18:03:29 - [TEST_STEP][PASSED] - totalplay.Common.verifyPropertyValueExist(Filters_Response, corporateName_attribute_id): totalplay.Common.verifyPropertyValueExist is PASSED

11-06-2024T18:03:29 - [MESSAGE][INFO] - Checking response object

11-06-2024T18:03:29 - [MESSAGE][INFO] - c_corporateName

11-06-2024T18:03:29 - [MESSAGE][PASSED] - totalplay.Common.verifyPropertyValueExist is PASSED

11-06-2024T18:03:29 - [TEST_STEP][PASSED] - totalplay.Common.verifyPropertyExist(Filters_Response, corporateName_label): totalplay.Common.verifyPropertyExist is PASSED

11-06-2024T18:03:29 - [MESSAGE][INFO] - Checking response object

11-06-2024T18:03:29 - [MESSAGE][PASSED] - totalplay.Common.verifyPropertyExist is PASSED

11-06-2024T18:03:29 - [TEST_STEP][PASSED] - totalplay.Common.verifyPropertyValueExist(Filters_Response, corporateName_label): totalplay.Common.verifyPropertyValueExist is PASSED

11-06-2024T18:03:29 - [MESSAGE][INFO] - Checking response object

11-06-2024T18:03:29 - [MESSAGE][INFO] - corporate Name

11-06-2024T18:03:29 - [MESSAGE][PASSED] - totalplay.Common.verifyPropertyValueExist is PASSED

11-06-2024T18:03:29 - [TEST_STEP][PASSED] - totalplay.Common.verifyPropertyExist(Filters_Response, corporateName_type): totalplay.Common.verifyPropertyExist is PASSED

11-06-2024T18:03:29 - [MESSAGE][INFO] - Checking response object

11-06-2024T18:03:29 - [MESSAGE][PASSED] - totalplay.Common.verifyPropertyExist is PASSED

11-06-2024T18:03:29 - [TEST_STEP][PASSED] - totalplay.Common.verifyPropertyValueExist(Filters_Response, corporateName_type): totalplay.Common.verifyPropertyValueExist is PASSED

11-06-2024T18:03:29 - [MESSAGE][INFO] - Checking response object

11-06-2024T18:03:29 - [MESSAGE][INFO] - product_search_refinement_value

11-06-2024T18:03:29 - [MESSAGE][PASSED] - totalplay.Common.verifyPropertyValueExist is PASSED

11-06-2024T18:03:29 - [TEST_STEP][PASSED] - totalplay.Common.getNumValueofObject(Filters_Response, corporateName_hit_count): totalplay.Common.getNumValueofObject is PASSED

11-06-2024T18:03:29 - [MESSAGE][INFO] - Checking response object

11-06-2024T18:03:29 - [MESSAGE][PASSED] - totalplay.Common.getNumValueofObject is PASSED

11-06-2024T18:03:29 - [TEST_STEP][PASSED] - totalplay.Common.verifyPropertyExist(Filters_Response, corporateName1_label): totalplay.Common.verifyPropertyExist is PASSED

11-06-2024T18:03:29 - [MESSAGE][INFO] - Checking response object

11-06-2024T18:03:29 - [MESSAGE][PASSED] - totalplay.Common.verifyPropertyExist is PASSED

11-06-2024T18:03:29 - [TEST_STEP][PASSED] - totalplay.Common.verifyPropertyValueExist(Filters_Response, corporateName1_label): totalplay.Common.verifyPropertyValueExist is PASSED

11-06-2024T18:03:29 - [MESSAGE][INFO] - Checking response object

11-06-2024T18:03:29 - [MESSAGE][INFO] - 3B_Ecatepec

11-06-2024T18:03:29 - [MESSAGE][PASSED] - totalplay.Common.verifyPropertyValueExist is PASSED

11-06-2024T18:03:29 - [TEST_STEP][PASSED] - totalplay.Common.verifyPropertyExist(Filters_Response, corporateName1_value): totalplay.Common.verifyPropertyExist is PASSED

11-06-2024T18:03:29 - [MESSAGE][INFO] - Checking response object

11-06-2024T18:03:29 - [MESSAGE][PASSED] - totalplay.Common.verifyPropertyExist is PASSED

11-06-2024T18:03:29 - [TEST_STEP][PASSED] - totalplay.Common.verifyPropertyValueExist(Filters_Response, corporateName1_value): totalplay.Common.verifyPropertyValueExist is PASSED

11-06-2024T18:03:29 - [MESSAGE][INFO] - Checking response object

11-06-2024T18:03:30 - [MESSAGE][INFO] - 3B_Ecatepec

11-06-2024T18:03:30 - [MESSAGE][PASSED] - totalplay.Common.verifyPropertyValueExist is PASSED

11-06-2024T18:03:30 - [TEST_STEP][PASSED] - totalplay.Common.verifyPropertyExist(Filters_Response, selected_sorting_option): totalplay.Common.verifyPropertyExist is PASSED

11-06-2024T18:03:30 - [MESSAGE][INFO] - Checking response object

11-06-2024T18:03:30 - [MESSAGE][PASSED] - totalplay.Common.verifyPropertyExist is PASSED

11-06-2024T18:03:30 - [TEST_STEP][PASSED] - totalplay.Common.verifyPropertyValueExist(Filters_Response, selected_sorting_option): totalplay.Common.verifyPropertyValueExist is PASSED

11-06-2024T18:03:30 - [MESSAGE][INFO] - Checking response object

11-06-2024T18:03:30 - [MESSAGE][INFO] - product-name-ascending

11-06-2024T18:03:30 - [MESSAGE][PASSED] - totalplay.Common.verifyPropertyValueExist is PASSED

11-06-2024T18:03:30 - [TEST_STEP][PASSED] - totalplay.Common.verifyPropertyExist(Filters_Response, Sorting_type): totalplay.Common.verifyPropertyExist is PASSED

11-06-2024T18:03:30 - [MESSAGE][INFO] - Checking response object

11-06-2024T18:03:30 - [MESSAGE][PASSED] - totalplay.Common.verifyPropertyExist is PASSED

11-06-2024T18:03:30 - [TEST_STEP][PASSED] - totalplay.Common.verifyPropertyValueExist(Filters_Response, Sorting_type): totalplay.Common.verifyPropertyValueExist is PASSED

11-06-2024T18:03:30 - [MESSAGE][INFO] - Checking response object

11-06-2024T18:03:30 - [MESSAGE][INFO] - product_search_sorting_option

11-06-2024T18:03:30 - [MESSAGE][PASSED] - totalplay.Common.verifyPropertyValueExist is PASSED

11-06-2024T18:03:30 - [TEST_STEP][PASSED] - totalplay.Common.verifyPropertyExist(Filters_Response, best_matches_id): totalplay.Common.verifyPropertyExist is PASSED

11-06-2024T18:03:30 - [MESSAGE][INFO] - Checking response object

11-06-2024T18:03:30 - [MESSAGE][PASSED] - totalplay.Common.verifyPropertyExist is PASSED

11-06-2024T18:03:30 - [TEST_STEP][PASSED] - totalplay.Common.verifyPropertyValueExist(Filters_Response, best_matches_id): totalplay.Common.verifyPropertyValueExist is PASSED

11-06-2024T18:03:30 - [MESSAGE][INFO] - Checking response object

11-06-2024T18:03:30 - [MESSAGE][INFO] - best-matches

11-06-2024T18:03:30 - [MESSAGE][PASSED] - totalplay.Common.verifyPropertyValueExist is PASSED

11-06-2024T18:03:30 - [TEST_STEP][PASSED] - totalplay.Common.verifyPropertyExist(Filters_Response, best_matches_label): totalplay.Common.verifyPropertyExist is PASSED

11-06-2024T18:03:30 - [MESSAGE][INFO] - Checking response object

11-06-2024T18:03:30 - [MESSAGE][PASSED] - totalplay.Common.verifyPropertyExist is PASSED

11-06-2024T18:03:30 - [TEST_STEP][PASSED] - totalplay.Common.verifyPropertyValueExist(Filters_Response, best_matches_label): totalplay.Common.verifyPropertyValueExist is PASSED

11-06-2024T18:03:30 - [MESSAGE][INFO] - Checking response object

11-06-2024T18:03:30 - [MESSAGE][INFO] - Best Matches

11-06-2024T18:03:30 - [MESSAGE][PASSED] - totalplay.Common.verifyPropertyValueExist is PASSED

11-06-2024T18:03:30 - [TEST_STEP][PASSED] - totalplay.Common.verifyPropertyExist(Filters_Response, price_low_to_high_id): totalplay.Common.verifyPropertyExist is PASSED

11-06-2024T18:03:30 - [MESSAGE][INFO] - Checking response object

11-06-2024T18:03:30 - [MESSAGE][PASSED] - totalplay.Common.verifyPropertyExist is PASSED

11-06-2024T18:03:30 - [TEST_STEP][PASSED] - totalplay.Common.verifyPropertyValueExist(Filters_Response, price_low_to_high_id): totalplay.Common.verifyPropertyValueExist is PASSED

11-06-2024T18:03:30 - [MESSAGE][INFO] - Checking response object

11-06-2024T18:03:30 - [MESSAGE][INFO] - price-low-to-high

11-06-2024T18:03:30 - [MESSAGE][PASSED] - totalplay.Common.verifyPropertyValueExist is PASSED

11-06-2024T18:03:30 - [TEST_STEP][PASSED] - totalplay.Common.verifyPropertyExist(Filters_Response, price_low_to_high_label): totalplay.Common.verifyPropertyExist is PASSED

11-06-2024T18:03:30 - [MESSAGE][INFO] - Checking response object

11-06-2024T18:03:30 - [MESSAGE][PASSED] - totalplay.Common.verifyPropertyExist is PASSED

11-06-2024T18:03:30 - [TEST_STEP][PASSED] - totalplay.Common.verifyPropertyValueExist(Filters_Response, price_low_to_high_label): totalplay.Common.verifyPropertyValueExist is PASSED

11-06-2024T18:03:30 - [MESSAGE][INFO] - Checking response object

11-06-2024T18:03:30 - [MESSAGE][INFO] - Price Low To High

11-06-2024T18:03:30 - [MESSAGE][PASSED] - totalplay.Common.verifyPropertyValueExist is PASSED

11-06-2024T18:03:30 - [TEST_STEP][PASSED] - totalplay.Common.verifyPropertyExist(Filters_Response, price_high_to_low_id): totalplay.Common.verifyPropertyExist is PASSED

11-06-2024T18:03:30 - [MESSAGE][INFO] - Checking response object

11-06-2024T18:03:30 - [MESSAGE][PASSED] - totalplay.Common.verifyPropertyExist is PASSED

11-06-2024T18:03:30 - [TEST_STEP][PASSED] - totalplay.Common.verifyPropertyValueExist(Filters_Response, price_high_to_low_id): totalplay.Common.verifyPropertyValueExist is PASSED

11-06-2024T18:03:30 - [MESSAGE][INFO] - Checking response object

11-06-2024T18:03:30 - [MESSAGE][INFO] - price-high-to-low

11-06-2024T18:03:30 - [MESSAGE][PASSED] - totalplay.Common.verifyPropertyValueExist is PASSED

11-06-2024T18:03:30 - [TEST_STEP][PASSED] - totalplay.Common.verifyPropertyExist(Filters_Response, price_high_to_low_label): totalplay.Common.verifyPropertyExist is PASSED

11-06-2024T18:03:30 - [MESSAGE][INFO] - Checking response object

11-06-2024T18:03:30 - [MESSAGE][PASSED] - totalplay.Common.verifyPropertyExist is PASSED

11-06-2024T18:03:30 - [TEST_STEP][PASSED] - totalplay.Common.verifyPropertyValueExist(Filters_Response, price_high_to_low_label): totalplay.Common.verifyPropertyValueExist is PASSED

11-06-2024T18:03:30 - [MESSAGE][INFO] - Checking response object

11-06-2024T18:03:30 - [MESSAGE][INFO] - Price High to Low

11-06-2024T18:03:30 - [MESSAGE][PASSED] - totalplay.Common.verifyPropertyValueExist is PASSED

11-06-2024T18:03:30 - [TEST_STEP][PASSED] - totalplay.Common.verifyPropertyExist(Filters_Response, product_name_ascending_id): totalplay.Common.verifyPropertyExist is PASSED

11-06-2024T18:03:30 - [MESSAGE][INFO] - Checking response object

11-06-2024T18:03:30 - [MESSAGE][PASSED] - totalplay.Common.verifyPropertyExist is PASSED

11-06-2024T18:03:30 - [TEST_STEP][PASSED] - totalplay.Common.verifyPropertyValueExist(Filters_Response, product_name_ascending_id): totalplay.Common.verifyPropertyValueExist is PASSED

11-06-2024T18:03:30 - [MESSAGE][INFO] - Checking response object

11-06-2024T18:03:31 - [MESSAGE][INFO] - product-name-ascending

11-06-2024T18:03:31 - [MESSAGE][PASSED] - totalplay.Common.verifyPropertyValueExist is PASSED

11-06-2024T18:03:31 - [TEST_STEP][PASSED] - totalplay.Common.verifyPropertyExist(Filters_Response, product_name_ascending_label): totalplay.Common.verifyPropertyExist is PASSED

11-06-2024T18:03:31 - [MESSAGE][INFO] - Checking response object

11-06-2024T18:03:31 - [MESSAGE][PASSED] - totalplay.Common.verifyPropertyExist is PASSED

11-06-2024T18:03:31 - [TEST_STEP][PASSED] - totalplay.Common.verifyPropertyValueExist(Filters_Response, product_name_ascending_label): totalplay.Common.verifyPropertyValueExist is PASSED

11-06-2024T18:03:31 - [MESSAGE][INFO] - Checking response object

11-06-2024T18:03:31 - [MESSAGE][INFO] - Product Name A - Z

11-06-2024T18:03:31 - [MESSAGE][PASSED] - totalplay.Common.verifyPropertyValueExist is PASSED

11-06-2024T18:03:31 - [TEST_STEP][PASSED] - totalplay.Common.verifyPropertyExist(Filters_Response, product_name_descending_id): totalplay.Common.verifyPropertyExist is PASSED

11-06-2024T18:03:31 - [MESSAGE][INFO] - Checking response object

11-06-2024T18:03:31 - [MESSAGE][PASSED] - totalplay.Common.verifyPropertyExist is PASSED

11-06-2024T18:03:31 - [TEST_STEP][PASSED] - totalplay.Common.verifyPropertyValueExist(Filters_Response, product_name_descending_id): totalplay.Common.verifyPropertyValueExist is PASSED

11-06-2024T18:03:31 - [MESSAGE][INFO] - Checking response object

11-06-2024T18:03:31 - [MESSAGE][INFO] - product-name-descending

11-06-2024T18:03:31 - [MESSAGE][PASSED] - totalplay.Common.verifyPropertyValueExist is PASSED

11-06-2024T18:03:31 - [TEST_STEP][PASSED] - totalplay.Common.verifyPropertyExist(Filters_Response, product_name_descending_label): totalplay.Common.verifyPropertyExist is PASSED

11-06-2024T18:03:31 - [MESSAGE][INFO] - Checking response object

11-06-2024T18:03:31 - [MESSAGE][PASSED] - totalplay.Common.verifyPropertyExist is PASSED

11-06-2024T18:03:31 - [TEST_STEP][PASSED] - totalplay.Common.verifyPropertyValueExist(Filters_Response, product_name_descending_label): totalplay.Common.verifyPropertyValueExist is PASSED

11-06-2024T18:03:31 - [MESSAGE][INFO] - Checking response object

11-06-2024T18:03:31 - [MESSAGE][INFO] - Product Name Z - A

11-06-2024T18:03:31 - [MESSAGE][PASSED] - totalplay.Common.verifyPropertyValueExist is PASSED

11-06-2024T18:03:31 - [TEST_STEP][PASSED] - totalplay.Common.verifyPropertyExist(Filters_Response, brand_id): totalplay.Common.verifyPropertyExist is PASSED

11-06-2024T18:03:31 - [MESSAGE][INFO] - Checking response object

11-06-2024T18:03:31 - [MESSAGE][PASSED] - totalplay.Common.verifyPropertyExist is PASSED

11-06-2024T18:03:31 - [TEST_STEP][PASSED] - totalplay.Common.verifyPropertyValueExist(Filters_Response, brand_id): totalplay.Common.verifyPropertyValueExist is PASSED

11-06-2024T18:03:31 - [MESSAGE][INFO] - Checking response object

11-06-2024T18:03:31 - [MESSAGE][INFO] - brand

11-06-2024T18:03:31 - [MESSAGE][PASSED] - totalplay.Common.verifyPropertyValueExist is PASSED

11-06-2024T18:03:31 - [TEST_STEP][PASSED] - totalplay.Common.verifyPropertyExist(Filters_Response, brand_label): totalplay.Common.verifyPropertyExist is PASSED

11-06-2024T18:03:31 - [MESSAGE][INFO] - Checking response object

11-06-2024T18:03:31 - [MESSAGE][PASSED] - totalplay.Common.verifyPropertyExist is PASSED

11-06-2024T18:03:31 - [TEST_STEP][PASSED] - totalplay.Common.verifyPropertyValueExist(Filters_Response, brand_label): totalplay.Common.verifyPropertyValueExist is PASSED

11-06-2024T18:03:31 - [MESSAGE][INFO] - Checking response object

11-06-2024T18:03:31 - [MESSAGE][INFO] - Brand

11-06-2024T18:03:31 - [MESSAGE][PASSED] - totalplay.Common.verifyPropertyValueExist is PASSED

11-06-2024T18:03:31 - [TEST_STEP][PASSED] - totalplay.Common.verifyPropertyExist(Filters_Response, most_popular_id): totalplay.Common.verifyPropertyExist is PASSED

11-06-2024T18:03:31 - [MESSAGE][INFO] - Checking response object

11-06-2024T18:03:31 - [MESSAGE][PASSED] - totalplay.Common.verifyPropertyExist is PASSED

11-06-2024T18:03:31 - [TEST_STEP][PASSED] - totalplay.Common.verifyPropertyValueExist(Filters_Response, most_popular_id): totalplay.Common.verifyPropertyValueExist is PASSED

11-06-2024T18:03:31 - [MESSAGE][INFO] - Checking response object

11-06-2024T18:03:31 - [MESSAGE][INFO] - most-popular

11-06-2024T18:03:31 - [MESSAGE][PASSED] - totalplay.Common.verifyPropertyValueExist is PASSED

11-06-2024T18:03:31 - [TEST_STEP][PASSED] - totalplay.Common.verifyPropertyExist(Filters_Response, most_popular_label): totalplay.Common.verifyPropertyExist is PASSED

11-06-2024T18:03:31 - [MESSAGE][INFO] - Checking response object

11-06-2024T18:03:31 - [MESSAGE][PASSED] - totalplay.Common.verifyPropertyExist is PASSED

11-06-2024T18:03:31 - [TEST_STEP][PASSED] - totalplay.Common.verifyPropertyValueExist(Filters_Response, most_popular_label): totalplay.Common.verifyPropertyValueExist is PASSED

11-06-2024T18:03:31 - [MESSAGE][INFO] - Checking response object

11-06-2024T18:03:31 - [MESSAGE][INFO] - Most Popular

11-06-2024T18:03:31 - [MESSAGE][PASSED] - totalplay.Common.verifyPropertyValueExist is PASSED

11-06-2024T18:03:31 - [TEST_STEP][PASSED] - totalplay.Common.verifyPropertyExist(Filters_Response, top_sellers_id): totalplay.Common.verifyPropertyExist is PASSED

11-06-2024T18:03:31 - [MESSAGE][INFO] - Checking response object

11-06-2024T18:03:31 - [MESSAGE][PASSED] - totalplay.Common.verifyPropertyExist is PASSED

11-06-2024T18:03:31 - [TEST_STEP][PASSED] - totalplay.Common.verifyPropertyValueExist(Filters_Response, top_sellers_id): totalplay.Common.verifyPropertyValueExist is PASSED

11-06-2024T18:03:31 - [MESSAGE][INFO] - Checking response object

11-06-2024T18:03:31 - [MESSAGE][INFO] - top-sellers

11-06-2024T18:03:31 - [MESSAGE][PASSED] - totalplay.Common.verifyPropertyValueExist is PASSED

11-06-2024T18:03:31 - [TEST_STEP][PASSED] - totalplay.Common.verifyPropertyExist(Filters_Response, top_sellers_label): totalplay.Common.verifyPropertyExist is PASSED

11-06-2024T18:03:31 - [MESSAGE][INFO] - Checking response object

11-06-2024T18:03:31 - [MESSAGE][PASSED] - totalplay.Common.verifyPropertyExist is PASSED

11-06-2024T18:03:31 - [TEST_STEP][PASSED] - totalplay.Common.verifyPropertyValueExist(Filters_Response, top_sellers_label): totalplay.Common.verifyPropertyValueExist is PASSED

11-06-2024T18:03:31 - [MESSAGE][INFO] - Checking response object

11-06-2024T18:03:31 - [MESSAGE][INFO] - Top Sellers

11-06-2024T18:03:31 - [MESSAGE][PASSED] - totalplay.Common.verifyPropertyValueExist is PASSED

11-06-2024T18:03:31 - [TEST_STEP][PASSED] - totalplay.Common.getNumValueofObject(Filters_Response, total): totalplay.Common.getNumValueofObject is PASSED

11-06-2024T18:03:31 - [MESSAGE][INFO] - Checking response object

11-06-2024T18:03:32 - [MESSAGE][PASSED] - totalplay.Common.getNumValueofObject is PASSED]]></system-out>
         <system-err><![CDATA[]]></system-err>
      </testcase>
      <testcase name="Test Cases/TotalPlay-Shop/TC_17_AddToCart" time="8.239" classname="Test Cases/TotalPlay-Shop/TC_17_AddToCart" status="FAILED">
         <failure type="FAILED" message="Test Cases/TotalPlay-Shop/TC_17_AddToCart FAILED.&#xa;Reason:&#xa;com.kms.katalon.core.exception.StepFailedException: Unable to get element count (Root cause: java.lang.NullPointerException: Cannot invoke method size() on null object&#xa;	at Script1.run(Script1.groovy:1)&#xa;	at com.kms.katalon.core.webservice.helper.WebServiceCommonHelper.parseAndExecuteExpressionForJson(WebServiceCommonHelper.java:212)&#xa;	at com.kms.katalon.core.webservice.keyword.builtin.GetElementsCountKeyword$_getElementsCount_closure1.doCall(GetElementsCountKeyword.groovy:41)&#xa;	at com.kms.katalon.core.webservice.keyword.builtin.GetElementsCountKeyword$_getElementsCount_closure1.call(GetElementsCountKeyword.groovy)&#xa;	at com.kms.katalon.core.keyword.internal.KeywordMain.runKeyword(KeywordMain.groovy:75)&#xa;	at com.kms.katalon.core.webservice.keyword.builtin.GetElementsCountKeyword.getElementsCount(GetElementsCountKeyword.groovy:37)&#xa;	at com.kms.katalon.core.webservice.keyword.builtin.GetElementsCountKeyword.execute(GetElementsCountKeyword.groovy:32)&#xa;	at com.kms.katalon.core.keyword.internal.KeywordExecutor.executeKeywordForPlatform(KeywordExecutor.groovy:74)&#xa;	at com.kms.katalon.core.webservice.keyword.WSBuiltInKeywords.getElementsCount(WSBuiltInKeywords.groovy:99)&#xa;	at totalplay.Common.verifyPropertyExist(Common.groovy:39)&#xa;	at jdk.internal.reflect.GeneratedMethodAccessor7.invoke(Unknown Source)&#xa;	at java.base/jdk.internal.reflect.DelegatingMethodAccessorImpl.invoke(DelegatingMethodAccessorImpl.java:43)&#xa;	at com.kms.katalon.core.main.CustomKeywordDelegatingMetaClass.invokeStaticMethod(CustomKeywordDelegatingMetaClass.java:55)&#xa;	at TC_17_AddToCart.run(TC_17_AddToCart:180)&#xa;	at com.kms.katalon.core.main.ScriptEngine.run(ScriptEngine.java:194)&#xa;	at com.kms.katalon.core.main.ScriptEngine.runScriptAsRawText(ScriptEngine.java:119)&#xa;	at com.kms.katalon.core.main.TestCaseExecutor.runScript(TestCaseExecutor.java:448)&#xa;	at com.kms.katalon.core.main.TestCaseExecutor.doExecute(TestCaseExecutor.java:439)&#xa;	at com.kms.katalon.core.main.TestCaseExecutor.processExecutionPhase(TestCaseExecutor.java:418)&#xa;	at com.kms.katalon.core.main.TestCaseExecutor.accessMainPhase(TestCaseExecutor.java:410)&#xa;	at com.kms.katalon.core.main.TestCaseExecutor.execute(TestCaseExecutor.java:285)&#xa;	at com.kms.katalon.core.common.CommonExecutor.accessTestCaseMainPhase(CommonExecutor.java:65)&#xa;	at com.kms.katalon.core.main.TestSuiteExecutor.accessTestSuiteMainPhase(TestSuiteExecutor.java:150)&#xa;	at com.kms.katalon.core.main.TestSuiteExecutor.execute(TestSuiteExecutor.java:106)&#xa;	at com.kms.katalon.core.main.TestCaseMain.startTestSuite(TestCaseMain.java:180)&#xa;	at TempTestSuite1718109097791.run(TempTestSuite1718109097791.groovy:35)&#xa;	at java.base/jdk.internal.reflect.NativeMethodAccessorImpl.invoke0(Native Method)&#xa;	at java.base/jdk.internal.reflect.NativeMethodAccessorImpl.invoke(NativeMethodAccessorImpl.java:77)&#xa;	at java.base/jdk.internal.reflect.DelegatingMethodAccessorImpl.invoke(DelegatingMethodAccessorImpl.java:43)&#xa;)&#xa;	at com.kms.katalon.core.keyword.internal.KeywordMain.stepFailed(KeywordMain.groovy:51)&#xa;	at com.kms.katalon.core.keyword.internal.KeywordMain.stepFailed(KeywordMain.groovy)&#xa;	at com.kms.katalon.core.keyword.internal.KeywordMain.runKeyword(KeywordMain.groovy:77)&#xa;	at com.kms.katalon.core.webservice.keyword.builtin.GetElementsCountKeyword.getElementsCount(GetElementsCountKeyword.groovy:37)&#xa;	at com.kms.katalon.core.webservice.keyword.builtin.GetElementsCountKeyword.execute(GetElementsCountKeyword.groovy:32)&#xa;	at com.kms.katalon.core.keyword.internal.KeywordExecutor.executeKeywordForPlatform(KeywordExecutor.groovy:74)&#xa;	at com.kms.katalon.core.webservice.keyword.WSBuiltInKeywords.getElementsCount(WSBuiltInKeywords.groovy:99)&#xa;	at totalplay.Common.verifyPropertyExist(Common.groovy:39)&#xa;	at jdk.internal.reflect.GeneratedMethodAccessor7.invoke(Unknown Source)&#xa;	at java.base/jdk.internal.reflect.DelegatingMethodAccessorImpl.invoke(DelegatingMethodAccessorImpl.java:43)&#xa;	at com.kms.katalon.core.main.CustomKeywordDelegatingMetaClass.invokeStaticMethod(CustomKeywordDelegatingMetaClass.java:55)&#xa;	at TC_17_AddToCart.run(TC_17_AddToCart:180)&#xa;	at com.kms.katalon.core.main.ScriptEngine.run(ScriptEngine.java:194)&#xa;	at com.kms.katalon.core.main.ScriptEngine.runScriptAsRawText(ScriptEngine.java:119)&#xa;	at com.kms.katalon.core.main.TestCaseExecutor.runScript(TestCaseExecutor.java:448)&#xa;	at com.kms.katalon.core.main.TestCaseExecutor.doExecute(TestCaseExecutor.java:439)&#xa;	at com.kms.katalon.core.main.TestCaseExecutor.processExecutionPhase(TestCaseExecutor.java:418)&#xa;	at com.kms.katalon.core.main.TestCaseExecutor.accessMainPhase(TestCaseExecutor.java:410)&#xa;	at com.kms.katalon.core.main.TestCaseExecutor.execute(TestCaseExecutor.java:285)&#xa;	at com.kms.katalon.core.common.CommonExecutor.accessTestCaseMainPhase(CommonExecutor.java:65)&#xa;	at com.kms.katalon.core.main.TestSuiteExecutor.accessTestSuiteMainPhase(TestSuiteExecutor.java:150)&#xa;	at com.kms.katalon.core.main.TestSuiteExecutor.execute(TestSuiteExecutor.java:106)&#xa;	at com.kms.katalon.core.main.TestCaseMain.startTestSuite(TestCaseMain.java:180)&#xa;	at TempTestSuite1718109097791.run(TempTestSuite1718109097791.groovy:35)&#xa;	at java.base/jdk.internal.reflect.NativeMethodAccessorImpl.invoke0(Native Method)&#xa;	at java.base/jdk.internal.reflect.NativeMethodAccessorImpl.invoke(NativeMethodAccessorImpl.java:77)&#xa;	at java.base/jdk.internal.reflect.DelegatingMethodAccessorImpl.invoke(DelegatingMethodAccessorImpl.java:43)&#xa;Caused by: java.lang.NullPointerException: Cannot invoke method size() on null object&#xa;	at Script1.run(Script1.groovy:1)&#xa;	at com.kms.katalon.core.webservice.helper.WebServiceCommonHelper.parseAndExecuteExpressionForJson(WebServiceCommonHelper.java:212)&#xa;	at com.kms.katalon.core.webservice.keyword.builtin.GetElementsCountKeyword$_getElementsCount_closure1.doCall(GetElementsCountKeyword.groovy:41)&#xa;	at com.kms.katalon.core.webservice.keyword.builtin.GetElementsCountKeyword$_getElementsCount_closure1.call(GetElementsCountKeyword.groovy)&#xa;	at com.kms.katalon.core.keyword.internal.KeywordMain.runKeyword(KeywordMain.groovy:75)&#xa;	... 24 more&#xa;"/>
         <system-out><![CDATA[11-06-2024T18:03:32 - [TEST_CASE][FAILED] - Test Cases/TotalPlay-Shop/TC_17_AddToCart: Test Cases/TotalPlay-Shop/TC_17_AddToCart FAILED.
Reason:
com.kms.katalon.core.exception.StepFailedException: Unable to get element count (Root cause: java.lang.NullPointerException: Cannot invoke method size() on null object
	at Script1.run(Script1.groovy:1)
	at com.kms.katalon.core.webservice.helper.WebServiceCommonHelper.parseAndExecuteExpressionForJson(WebServiceCommonHelper.java:212)
	at com.kms.katalon.core.webservice.keyword.builtin.GetElementsCountKeyword$_getElementsCount_closure1.doCall(GetElementsCountKeyword.groovy:41)
	at com.kms.katalon.core.webservice.keyword.builtin.GetElementsCountKeyword$_getElementsCount_closure1.call(GetElementsCountKeyword.groovy)
	at com.kms.katalon.core.keyword.internal.KeywordMain.runKeyword(KeywordMain.groovy:75)
	at com.kms.katalon.core.webservice.keyword.builtin.GetElementsCountKeyword.getElementsCount(GetElementsCountKeyword.groovy:37)
	at com.kms.katalon.core.webservice.keyword.builtin.GetElementsCountKeyword.execute(GetElementsCountKeyword.groovy:32)
	at com.kms.katalon.core.keyword.internal.KeywordExecutor.executeKeywordForPlatform(KeywordExecutor.groovy:74)
	at com.kms.katalon.core.webservice.keyword.WSBuiltInKeywords.getElementsCount(WSBuiltInKeywords.groovy:99)
	at totalplay.Common.verifyPropertyExist(Common.groovy:39)
	at jdk.internal.reflect.GeneratedMethodAccessor7.invoke(Unknown Source)
	at java.base/jdk.internal.reflect.DelegatingMethodAccessorImpl.invoke(DelegatingMethodAccessorImpl.java:43)
	at com.kms.katalon.core.main.CustomKeywordDelegatingMetaClass.invokeStaticMethod(CustomKeywordDelegatingMetaClass.java:55)
	at TC_17_AddToCart.run(TC_17_AddToCart:180)
	at com.kms.katalon.core.main.ScriptEngine.run(ScriptEngine.java:194)
	at com.kms.katalon.core.main.ScriptEngine.runScriptAsRawText(ScriptEngine.java:119)
	at com.kms.katalon.core.main.TestCaseExecutor.runScript(TestCaseExecutor.java:448)
	at com.kms.katalon.core.main.TestCaseExecutor.doExecute(TestCaseExecutor.java:439)
	at com.kms.katalon.core.main.TestCaseExecutor.processExecutionPhase(TestCaseExecutor.java:418)
	at com.kms.katalon.core.main.TestCaseExecutor.accessMainPhase(TestCaseExecutor.java:410)
	at com.kms.katalon.core.main.TestCaseExecutor.execute(TestCaseExecutor.java:285)
	at com.kms.katalon.core.common.CommonExecutor.accessTestCaseMainPhase(CommonExecutor.java:65)
	at com.kms.katalon.core.main.TestSuiteExecutor.accessTestSuiteMainPhase(TestSuiteExecutor.java:150)
	at com.kms.katalon.core.main.TestSuiteExecutor.execute(TestSuiteExecutor.java:106)
	at com.kms.katalon.core.main.TestCaseMain.startTestSuite(TestCaseMain.java:180)
	at TempTestSuite1718109097791.run(TempTestSuite1718109097791.groovy:35)
	at java.base/jdk.internal.reflect.NativeMethodAccessorImpl.invoke0(Native Method)
	at java.base/jdk.internal.reflect.NativeMethodAccessorImpl.invoke(NativeMethodAccessorImpl.java:77)
	at java.base/jdk.internal.reflect.DelegatingMethodAccessorImpl.invoke(DelegatingMethodAccessorImpl.java:43)
)
	at com.kms.katalon.core.keyword.internal.KeywordMain.stepFailed(KeywordMain.groovy:51)
	at com.kms.katalon.core.keyword.internal.KeywordMain.stepFailed(KeywordMain.groovy)
	at com.kms.katalon.core.keyword.internal.KeywordMain.runKeyword(KeywordMain.groovy:77)
	at com.kms.katalon.core.webservice.keyword.builtin.GetElementsCountKeyword.getElementsCount(GetElementsCountKeyword.groovy:37)
	at com.kms.katalon.core.webservice.keyword.builtin.GetElementsCountKeyword.execute(GetElementsCountKeyword.groovy:32)
	at com.kms.katalon.core.keyword.internal.KeywordExecutor.executeKeywordForPlatform(KeywordExecutor.groovy:74)
	at com.kms.katalon.core.webservice.keyword.WSBuiltInKeywords.getElementsCount(WSBuiltInKeywords.groovy:99)
	at totalplay.Common.verifyPropertyExist(Common.groovy:39)
	at jdk.internal.reflect.GeneratedMethodAccessor7.invoke(Unknown Source)
	at java.base/jdk.internal.reflect.DelegatingMethodAccessorImpl.invoke(DelegatingMethodAccessorImpl.java:43)
	at com.kms.katalon.core.main.CustomKeywordDelegatingMetaClass.invokeStaticMethod(CustomKeywordDelegatingMetaClass.java:55)
	at TC_17_AddToCart.run(TC_17_AddToCart:180)
	at com.kms.katalon.core.main.ScriptEngine.run(ScriptEngine.java:194)
	at com.kms.katalon.core.main.ScriptEngine.runScriptAsRawText(ScriptEngine.java:119)
	at com.kms.katalon.core.main.TestCaseExecutor.runScript(TestCaseExecutor.java:448)
	at com.kms.katalon.core.main.TestCaseExecutor.doExecute(TestCaseExecutor.java:439)
	at com.kms.katalon.core.main.TestCaseExecutor.processExecutionPhase(TestCaseExecutor.java:418)
	at com.kms.katalon.core.main.TestCaseExecutor.accessMainPhase(TestCaseExecutor.java:410)
	at com.kms.katalon.core.main.TestCaseExecutor.execute(TestCaseExecutor.java:285)
	at com.kms.katalon.core.common.CommonExecutor.accessTestCaseMainPhase(CommonExecutor.java:65)
	at com.kms.katalon.core.main.TestSuiteExecutor.accessTestSuiteMainPhase(TestSuiteExecutor.java:150)
	at com.kms.katalon.core.main.TestSuiteExecutor.execute(TestSuiteExecutor.java:106)
	at com.kms.katalon.core.main.TestCaseMain.startTestSuite(TestCaseMain.java:180)
	at TempTestSuite1718109097791.run(TempTestSuite1718109097791.groovy:35)
	at java.base/jdk.internal.reflect.NativeMethodAccessorImpl.invoke0(Native Method)
	at java.base/jdk.internal.reflect.NativeMethodAccessorImpl.invoke(NativeMethodAccessorImpl.java:77)
	at java.base/jdk.internal.reflect.DelegatingMethodAccessorImpl.invoke(DelegatingMethodAccessorImpl.java:43)
Caused by: java.lang.NullPointerException: Cannot invoke method size() on null object
	at Script1.run(Script1.groovy:1)
	at com.kms.katalon.core.webservice.helper.WebServiceCommonHelper.parseAndExecuteExpressionForJson(WebServiceCommonHelper.java:212)
	at com.kms.katalon.core.webservice.keyword.builtin.GetElementsCountKeyword$_getElementsCount_closure1.doCall(GetElementsCountKeyword.groovy:41)
	at com.kms.katalon.core.webservice.keyword.builtin.GetElementsCountKeyword$_getElementsCount_closure1.call(GetElementsCountKeyword.groovy)
	at com.kms.katalon.core.keyword.internal.KeywordMain.runKeyword(KeywordMain.groovy:75)
	... 24 more


11-06-2024T18:03:33 - [TEST_STEP][PASSED] - callTestCase(findTestCase("TotalPlay-Shop/TC_1_InterfaceLogin"), [:], STOP_ON_FAILURE): Call Test Case 'Test Cases/TotalPlay-Shop/TC_1_InterfaceLogin' successfully

11-06-2024T18:03:33 - [MESSAGE][INFO] - Checking called Test Case

11-06-2024T18:03:33 - [MESSAGE][INFO] - Starting to call Test Case 'Test Cases/TotalPlay-Shop/TC_1_InterfaceLogin'

11-06-2024T18:03:33 - [TEST_CASE][PASSED] - Test Cases/TotalPlay-Shop/TC_1_InterfaceLogin: Test Cases/TotalPlay-Shop/TC_1_InterfaceLogin

11-06-2024T18:03:33 - [TEST_STEP][PASSED] - LoginResponse = sendRequest(findTestObject("TotalPlay-Shop/Interface Login (SLAS)", ["URL":URL, "SITEID":SITEID])): Send request successfully

11-06-2024T18:03:33 - [MESSAGE][INFO] - Finding Test Object 'Object Repository/TotalPlay-Shop/Interface Login (SLAS)'

11-06-2024T18:03:33 - [MESSAGE][INFO] - Checking request object

11-06-2024T18:03:35 - [MESSAGE][INFO] - HAR: D:\Automation\KogniveraGithub\TotalPlay_Automation\totalplay-API\totalplay-automation\Reports\20240611_180136\Shop-Services\20240611_180137\requests\main\31.har

11-06-2024T18:03:35 - [MESSAGE][PASSED] - Send request successfully

11-06-2024T18:03:35 - [TEST_STEP][PASSED] - assert getResponseStatusCode(LoginResponse) == 200: Checking response object

11-06-2024T18:03:35 - [MESSAGE][INFO] - Checking response object

11-06-2024T18:03:35 - [TEST_STEP][PASSED] - Auth = "ocapiResponse.access_token": null

11-06-2024T18:03:35 - [TEST_STEP][PASSED] - sfccAuthorization = getElementPropertyValue(LoginResponse, Auth): Checking response object

11-06-2024T18:03:35 - [MESSAGE][INFO] - Checking response object

11-06-2024T18:03:35 - [TEST_STEP][PASSED] - logInfo(sfccAuthorization): eyJ2ZXIiOiIxLjAiLCJqa3UiOiJzbGFzL3Byb2QvYmpjbF9kZXYiLCJraWQiOiIzOWM0NGRmMy01OGI5LTQ3YWEtODNhMC05NWMwOTBiZGNkMzciLCJ0eXAiOiJqd3QiLCJjbHYiOiJKMi4zLjQiLCJhbGciOiJFUzI1NiJ9.eyJhdXQiOiJHVUlEIiwic2NwIjoic2ZjYy5zaG9wcGVyLW15YWNjb3VudC5iYXNrZXRzIHNmY2Muc2hvcHBlci1kaXNjb3Zlcnktc2VhcmNoIHNmY2Muc2hvcHBlci1teWFjY291bnQuYWRkcmVzc2VzIHNmY2Muc2hvcHBlci1wcm9kdWN0cyBzZmNjLnNob3BwZXItbXlhY2NvdW50LnJ3IHNmY2Muc2hvcHBlci1teWFjY291bnQucGF5bWVudGluc3RydW1lbnRzIHNmY2Muc2hvcHBlci1jdXN0b21lcnMubG9naW4gc2ZjYy5zaG9wcGVyLXN0b3JlcyBzZmNjLnNob3BwZXItbXlhY2NvdW50Lm9yZGVycyBzZmNjLnNob3BwZXItYmFza2V0cy1vcmRlcnMgc2ZjYy5zaG9wcGVyLWN1c3RvbWVycy5yZWdpc3RlciBzZmNjLnNob3BwZXItbXlhY2NvdW50LmFkZHJlc3Nlcy5ydyBzZmNjLnNob3BwZXItbXlhY2NvdW50LnByb2R1Y3RsaXN0cy5ydyBzZmNjLnNob3BwZXItcHJvZHVjdGxpc3RzIHNmY2Muc2hvcHBlci1wcm9tb3Rpb25zIHNmY2Muc2hvcHBlci1iYXNrZXRzLW9yZGVycy5ydyBzZmNjLnNob3BwZXItZ2lmdC1jZXJ0aWZpY2F0ZXMgc2ZjYy5zaG9wcGVyLW15YWNjb3VudC5wYXltZW50aW5zdHJ1bWVudHMucncgc2ZjYy5zaG9wcGVyLXByb2R1Y3Qtc2VhcmNoIHNmY2Muc2hvcHBlci1teWFjY291bnQucHJvZHVjdGxpc3RzIHNmY2Muc2hvcHBlci1jYXRlZ29yaWVzIHNmY2Muc2hvcHBlci1teWFjY291bnQiLCJzdWIiOiJjYy1zbGFzOjpiamNsX2Rldjo6c2NpZDo1ZDI1ZjVmYS01YTRmLTQ2YjUtYTIxMS04NzU1NDJjODVhYzE6OnVzaWQ6ZjdhZjhjMjgtYmU4MS00OGVhLWJjZjAtYTBkNjg3MTg3YTc4IiwiY3R4Ijoic2xhcyIsImlzcyI6InNsYXMvcHJvZC9iamNsX2RldiIsImlzdCI6MSwiZG50IjoiMCIsImF1ZCI6ImNvbW1lcmNlY2xvdWQvcHJvZC9iamNsX2RldiIsIm5iZiI6MTcxODEwOTE4NSwic3R5IjoiVXNlciIsImlzYiI6InVpZG86ZWNvbTo6dXBuOnFhLnRvdGFscGxheSswMTAwOTg3MTA1QGdtYWlsLmNvbTo6dWlkbjpSaWNhcmRvICBDb3JvbmEgQ3J1ejo6Z2NpZDphYnhIQkZ4SEZIa0hFUndLczJrcVlZbWV0Rjo6cmNpZDphY25SYldxdWpIQ3BnOW9xNlYyaGt1VGFTVzo6Y2hpZDpUUC1TSE9QIiwiZXhwIjoxNzE4MTExMDE1LCJpYXQiOjE3MTgxMDkyMTUsImp0aSI6IkMyQy0xMzExNTYzNTcwMTc4NzUxMTg1MDI5MDI4OTI2OTQ1Mjc1NjUifQ.wBT89Ez_ntoPgEY6lysYUQDh1VBXViLoIGZoW9BfJXGlYhKZHXAUnjunqI4ed6t9-MiryWr8bt9yfKWGbh9t5g

11-06-2024T18:03:35 - [MESSAGE][INFO] - eyJ2ZXIiOiIxLjAiLCJqa3UiOiJzbGFzL3Byb2QvYmpjbF9kZXYiLCJraWQiOiIzOWM0NGRmMy01OGI5LTQ3YWEtODNhMC05NWMwOTBiZGNkMzciLCJ0eXAiOiJqd3QiLCJjbHYiOiJKMi4zLjQiLCJhbGciOiJFUzI1NiJ9.eyJhdXQiOiJHVUlEIiwic2NwIjoic2ZjYy5zaG9wcGVyLW15YWNjb3VudC5iYXNrZXRzIHNmY2Muc2hvcHBlci1kaXNjb3Zlcnktc2VhcmNoIHNmY2Muc2hvcHBlci1teWFjY291bnQuYWRkcmVzc2VzIHNmY2Muc2hvcHBlci1wcm9kdWN0cyBzZmNjLnNob3BwZXItbXlhY2NvdW50LnJ3IHNmY2Muc2hvcHBlci1teWFjY291bnQucGF5bWVudGluc3RydW1lbnRzIHNmY2Muc2hvcHBlci1jdXN0b21lcnMubG9naW4gc2ZjYy5zaG9wcGVyLXN0b3JlcyBzZmNjLnNob3BwZXItbXlhY2NvdW50Lm9yZGVycyBzZmNjLnNob3BwZXItYmFza2V0cy1vcmRlcnMgc2ZjYy5zaG9wcGVyLWN1c3RvbWVycy5yZWdpc3RlciBzZmNjLnNob3BwZXItbXlhY2NvdW50LmFkZHJlc3Nlcy5ydyBzZmNjLnNob3BwZXItbXlhY2NvdW50LnByb2R1Y3RsaXN0cy5ydyBzZmNjLnNob3BwZXItcHJvZHVjdGxpc3RzIHNmY2Muc2hvcHBlci1wcm9tb3Rpb25zIHNmY2Muc2hvcHBlci1iYXNrZXRzLW9yZGVycy5ydyBzZmNjLnNob3BwZXItZ2lmdC1jZXJ0aWZpY2F0ZXMgc2ZjYy5zaG9wcGVyLW15YWNjb3VudC5wYXltZW50aW5zdHJ1bWVudHMucncgc2ZjYy5zaG9wcGVyLXByb2R1Y3Qtc2VhcmNoIHNmY2Muc2hvcHBlci1teWFjY291bnQucHJvZHVjdGxpc3RzIHNmY2Muc2hvcHBlci1jYXRlZ29yaWVzIHNmY2Muc2hvcHBlci1teWFjY291bnQiLCJzdWIiOiJjYy1zbGFzOjpiamNsX2Rldjo6c2NpZDo1ZDI1ZjVmYS01YTRmLTQ2YjUtYTIxMS04NzU1NDJjODVhYzE6OnVzaWQ6ZjdhZjhjMjgtYmU4MS00OGVhLWJjZjAtYTBkNjg3MTg3YTc4IiwiY3R4Ijoic2xhcyIsImlzcyI6InNsYXMvcHJvZC9iamNsX2RldiIsImlzdCI6MSwiZG50IjoiMCIsImF1ZCI6ImNvbW1lcmNlY2xvdWQvcHJvZC9iamNsX2RldiIsIm5iZiI6MTcxODEwOTE4NSwic3R5IjoiVXNlciIsImlzYiI6InVpZG86ZWNvbTo6dXBuOnFhLnRvdGFscGxheSswMTAwOTg3MTA1QGdtYWlsLmNvbTo6dWlkbjpSaWNhcmRvICBDb3JvbmEgQ3J1ejo6Z2NpZDphYnhIQkZ4SEZIa0hFUndLczJrcVlZbWV0Rjo6cmNpZDphY25SYldxdWpIQ3BnOW9xNlYyaGt1VGFTVzo6Y2hpZDpUUC1TSE9QIiwiZXhwIjoxNzE4MTExMDE1LCJpYXQiOjE3MTgxMDkyMTUsImp0aSI6IkMyQy0xMzExNTYzNTcwMTc4NzUxMTg1MDI5MDI4OTI2OTQ1Mjc1NjUifQ.wBT89Ez_ntoPgEY6lysYUQDh1VBXViLoIGZoW9BfJXGlYhKZHXAUnjunqI4ed6t9-MiryWr8bt9yfKWGbh9t5g

11-06-2024T18:03:35 - [TEST_STEP][PASSED] - Authorization = "Bearer " + sfccAuthorization: null

11-06-2024T18:03:35 - [TEST_STEP][PASSED] - logInfo(bm_auth_token): 

11-06-2024T18:03:35 - [MESSAGE][INFO] - 

11-06-2024T18:03:35 - [TEST_STEP][PASSED] - if (sfccAuthorization.length() == 0): null

11-06-2024T18:03:35 - [TEST_STEP][PASSED] - else: authorization generated

11-06-2024T18:03:35 - [TEST_STEP][PASSED] - markPassed("authorization generated"): authorization generated

11-06-2024T18:03:35 - [MESSAGE][PASSED] - authorization generated

11-06-2024T18:03:35 - [TEST_STEP][PASSED] - BasketId_loginResponse = "ocapiResponse.c_basketId": null

11-06-2024T18:03:35 - [TEST_STEP][PASSED] - CustomerId_loginResponse = "ocapiResponse.customer_id": null

11-06-2024T18:03:35 - [TEST_STEP][PASSED] - basketId = getElementPropertyValue(LoginResponse, BasketId_loginResponse): Checking response object

11-06-2024T18:03:35 - [MESSAGE][INFO] - Checking response object

11-06-2024T18:03:35 - [TEST_STEP][PASSED] - customerId = getElementPropertyValue(LoginResponse, CustomerId_loginResponse): Checking response object

11-06-2024T18:03:35 - [MESSAGE][INFO] - Checking response object

11-06-2024T18:03:35 - [TEST_STEP][PASSED] - basketID = basketId: null

11-06-2024T18:03:35 - [TEST_STEP][PASSED] - sla_customerId = customerId: null

11-06-2024T18:03:35 - [TEST_STEP][PASSED] - println(basketID): null

11-06-2024T18:03:35 - [TEST_STEP][PASSED] - println(sla_customerId): null

11-06-2024T18:03:35 - [TEST_STEP][PASSED] - refresh_token = "ocapiResponse.refresh_token": null

11-06-2024T18:03:35 - [TEST_STEP][PASSED] - customer_email = "ocapiResponse.customer_email": null

11-06-2024T18:03:35 - [TEST_STEP][PASSED] - c_brmId = "ocapiResponse.c_brmId": null

11-06-2024T18:03:35 - [TEST_STEP][PASSED] - customer_name = "ocapiResponse.customer_name": null

11-06-2024T18:03:35 - [TEST_STEP][PASSED] - totalplay.Common.verifyPropertyExist(LoginResponse, refresh_token): totalplay.Common.verifyPropertyExist is PASSED

11-06-2024T18:03:35 - [MESSAGE][INFO] - Checking response object

11-06-2024T18:03:35 - [MESSAGE][PASSED] - totalplay.Common.verifyPropertyExist is PASSED

11-06-2024T18:03:35 - [TEST_STEP][PASSED] - totalplay.Common.verifyPropertyValueExist(LoginResponse, refresh_token): totalplay.Common.verifyPropertyValueExist is PASSED

11-06-2024T18:03:35 - [MESSAGE][INFO] - Checking response object

11-06-2024T18:03:35 - [MESSAGE][INFO] - NbPQlKFTv8XDPa5oDw03A6Ih4A8Kiy64sCwoUBk1QxE

11-06-2024T18:03:35 - [MESSAGE][PASSED] - totalplay.Common.verifyPropertyValueExist is PASSED

11-06-2024T18:03:35 - [TEST_STEP][PASSED] - totalplay.Common.verifyPropertyExist(LoginResponse, customer_email): totalplay.Common.verifyPropertyExist is PASSED

11-06-2024T18:03:35 - [MESSAGE][INFO] - Checking response object

11-06-2024T18:03:35 - [MESSAGE][PASSED] - totalplay.Common.verifyPropertyExist is PASSED

11-06-2024T18:03:35 - [TEST_STEP][PASSED] - totalplay.Common.verifyPropertyValueExist(LoginResponse, customer_email): totalplay.Common.verifyPropertyValueExist is PASSED

11-06-2024T18:03:35 - [MESSAGE][INFO] - Checking response object

11-06-2024T18:03:36 - [MESSAGE][INFO] - qa.totalplay@gmail.com

11-06-2024T18:03:36 - [MESSAGE][PASSED] - totalplay.Common.verifyPropertyValueExist is PASSED

11-06-2024T18:03:36 - [TEST_STEP][PASSED] - totalplay.Common.verifyPropertyExist(LoginResponse, customer_name): totalplay.Common.verifyPropertyExist is PASSED

11-06-2024T18:03:36 - [MESSAGE][INFO] - Checking response object

11-06-2024T18:03:36 - [MESSAGE][PASSED] - totalplay.Common.verifyPropertyExist is PASSED

11-06-2024T18:03:36 - [TEST_STEP][PASSED] - totalplay.Common.verifyPropertyValueExist(LoginResponse, customer_name): totalplay.Common.verifyPropertyValueExist is PASSED

11-06-2024T18:03:36 - [MESSAGE][INFO] - Checking response object

11-06-2024T18:03:36 - [MESSAGE][INFO] - Ricardo  Corona Cruz

11-06-2024T18:03:36 - [MESSAGE][PASSED] - totalplay.Common.verifyPropertyValueExist is PASSED

11-06-2024T18:03:36 - [TEST_STEP][PASSED] - totalplay.Common.verifyPropertyExist(LoginResponse, c_brmId): totalplay.Common.verifyPropertyExist is PASSED

11-06-2024T18:03:36 - [MESSAGE][INFO] - Checking response object

11-06-2024T18:03:36 - [MESSAGE][PASSED] - totalplay.Common.verifyPropertyExist is PASSED

11-06-2024T18:03:36 - [TEST_STEP][PASSED] - totalplay.Common.verifyPropertyValueExist(LoginResponse, c_brmId): totalplay.Common.verifyPropertyValueExist is PASSED

11-06-2024T18:03:36 - [MESSAGE][INFO] - Checking response object

11-06-2024T18:03:36 - [MESSAGE][INFO] - 0100987105

11-06-2024T18:03:36 - [MESSAGE][PASSED] - totalplay.Common.verifyPropertyValueExist is PASSED

11-06-2024T18:03:36 - [MESSAGE][PASSED] - Call Test Case 'Test Cases/TotalPlay-Shop/TC_1_InterfaceLogin' successfully

11-06-2024T18:03:36 - [TEST_STEP][PASSED] - AddToCart_Response = sendRequest(findTestObject("TotalPlay-Shop/Postman/Cart/AddProductToBasket", ["URL":URL, "SITEID":SITEID, "basketID":basketID])): Send request successfully

11-06-2024T18:03:36 - [MESSAGE][INFO] - Finding Test Object 'Object Repository/TotalPlay-Shop/Postman/Cart/AddProductToBasket'

11-06-2024T18:03:36 - [MESSAGE][INFO] - Checking request object

11-06-2024T18:03:37 - [MESSAGE][INFO] - HAR: D:\Automation\KogniveraGithub\TotalPlay_Automation\totalplay-API\totalplay-automation\Reports\20240611_180136\Shop-Services\20240611_180137\requests\main\32.har

11-06-2024T18:03:37 - [MESSAGE][PASSED] - Send request successfully

11-06-2024T18:03:37 - [TEST_STEP][PASSED] - verifyResponseStatusCode(AddToCart_Response, 200): Verify response status code successfully

11-06-2024T18:03:37 - [MESSAGE][INFO] - Checking response object

11-06-2024T18:03:37 - [MESSAGE][PASSED] - Verify response status code successfully

11-06-2024T18:03:37 - [TEST_STEP][PASSED] - agent_basket = "agent_basket": null

11-06-2024T18:03:37 - [TEST_STEP][PASSED] - basket_id = "basket_id": null

11-06-2024T18:03:37 - [TEST_STEP][PASSED] - channel_type = "channel_type": null

11-06-2024T18:03:37 - [TEST_STEP][PASSED] - creation_date = "creation_date": null

11-06-2024T18:03:37 - [TEST_STEP][PASSED] - currency = "currency": null

11-06-2024T18:03:37 - [TEST_STEP][PASSED] - customer_id = "customer_info.customer_id": null

11-06-2024T18:03:37 - [TEST_STEP][PASSED] - customer_no = "customer_info.customer_no": null

11-06-2024T18:03:37 - [TEST_STEP][PASSED] - email = "customer_info.email": null

11-06-2024T18:03:37 - [TEST_STEP][PASSED] - last_modified = "last_modified": null

11-06-2024T18:03:37 - [TEST_STEP][PASSED] - link = "notes.link": null

11-06-2024T18:03:37 - [TEST_STEP][PASSED] - order_total = "order_total": null

11-06-2024T18:03:37 - [TEST_STEP][PASSED] - base_price = "product_items[0].base_price": null

11-06-2024T18:03:37 - [TEST_STEP][PASSED] - bonus_product_line_item = "product_items[0].bonus_product_line_item": null

11-06-2024T18:03:37 - [TEST_STEP][PASSED] - gift = "product_items[0].gift": null

11-06-2024T18:03:37 - [TEST_STEP][PASSED] - inventory_id = "product_items[0].inventory_id": null

11-06-2024T18:03:37 - [TEST_STEP][PASSED] - item_id = "product_items[0].item_id": null

11-06-2024T18:03:37 - [TEST_STEP][PASSED] - item_text = "product_items[0].item_text": null

11-06-2024T18:03:37 - [TEST_STEP][PASSED] - price = "product_items[0].price": null

11-06-2024T18:03:37 - [TEST_STEP][PASSED] - price_after_item_discount = "product_items[0].price_after_item_discount": null

11-06-2024T18:03:37 - [TEST_STEP][PASSED] - price_after_order_discount = "product_items[0].price_after_order_discount": null

11-06-2024T18:03:37 - [TEST_STEP][PASSED] - product_id = "product_items[0].product_id": null

11-06-2024T18:03:37 - [TEST_STEP][PASSED] - product_name = "product_items[0].product_name": null

11-06-2024T18:03:37 - [TEST_STEP][PASSED] - quantity = "product_items[0].quantity": null

11-06-2024T18:03:37 - [TEST_STEP][PASSED] - shipment_id = "product_items[0].shipment_id": null

11-06-2024T18:03:37 - [TEST_STEP][PASSED] - tax_basis = "product_items[0].tax_basis": null

11-06-2024T18:03:37 - [TEST_STEP][PASSED] - tax_class_id = "product_items[0].tax_class_id": null

11-06-2024T18:03:37 - [TEST_STEP][PASSED] - c_fromStoreId = "product_items[0].c_fromStoreId": null

11-06-2024T18:03:37 - [TEST_STEP][PASSED] - c_isOnDemandStoreItem = "product_items[0].c_isOnDemandStoreItem": null

11-06-2024T18:03:37 - [TEST_STEP][PASSED] - c_miraklLeadTimeToShip = "product_items[0].c_miraklLeadTimeToShip": null

11-06-2024T18:03:37 - [TEST_STEP][PASSED] - c_miraklOperatorProductId = "product_items[0].c_miraklOperatorProductId": null

11-06-2024T18:03:37 - [TEST_STEP][PASSED] - c_offerId = "product_items[0].c_offerId": null

11-06-2024T18:03:37 - [TEST_STEP][PASSED] - c_offerListPrice = "product_items[0].c_offerListPrice": null

11-06-2024T18:03:37 - [TEST_STEP][PASSED] - c_offerSalesPrice = "product_items[0].c_offerSalesPrice": null

11-06-2024T18:03:37 - [TEST_STEP][PASSED] - c_offerState = "product_items[0].c_offerState": null

11-06-2024T18:03:37 - [TEST_STEP][PASSED] - c_offerStateCode = "product_items[0].c_offerStateCode": null

11-06-2024T18:03:37 - [TEST_STEP][PASSED] - alt = "product_items[0].c_productImage[0].alt": null

11-06-2024T18:03:37 - [TEST_STEP][PASSED] - url = "product_items[0].c_productImage[0].url": null

11-06-2024T18:03:37 - [TEST_STEP][PASSED] - title = "product_items[0].c_productImage[0].title": null

11-06-2024T18:03:37 - [TEST_STEP][PASSED] - c_shopId = "product_items[0].c_shopId": null

11-06-2024T18:03:37 - [TEST_STEP][PASSED] - c_shopName = "product_items[0].c_shopName": null

11-06-2024T18:03:37 - [TEST_STEP][PASSED] - product_sub_total = "product_sub_total": null

11-06-2024T18:03:37 - [TEST_STEP][PASSED] - product_total = "product_total": null

11-06-2024T18:03:37 - [TEST_STEP][PASSED] - shipment_id = "shipments[0].shipment_id": null

11-06-2024T18:03:37 - [TEST_STEP][PASSED] - shipment_total = "shipments[0].shipment_total": null

11-06-2024T18:03:37 - [TEST_STEP][PASSED] - shipping_method_type = "shipments[0].shipping_method._type": null

11-06-2024T18:03:37 - [TEST_STEP][PASSED] - shipping_method_id = "shipments[0].shipping_method.id": null

11-06-2024T18:03:37 - [TEST_STEP][PASSED] - shipping_method_name = "shipments[0].shipping_method.name": null

11-06-2024T18:03:37 - [TEST_STEP][PASSED] - c_storePickupEnabled = "shipments[0].shipping_method.c_storePickupEnabled": null

11-06-2024T18:03:37 - [TEST_STEP][PASSED] - shipping_status = "shipments[0].shipping_status": null

11-06-2024T18:03:37 - [TEST_STEP][PASSED] - shipping_total = "shipments[0].shipping_total": null

11-06-2024T18:03:37 - [TEST_STEP][PASSED] - shipping_total_tax = "shipments[0].shipping_total_tax": null

11-06-2024T18:03:37 - [TEST_STEP][PASSED] - shipping_items_item_id = "shipping_items[0].item_id": null

11-06-2024T18:03:37 - [TEST_STEP][PASSED] - shipping_items_item_text = "shipping_items[0].item_text": null

11-06-2024T18:03:37 - [TEST_STEP][PASSED] - c_corporateImgUrl = "c_corporateImgUrl": null

11-06-2024T18:03:37 - [TEST_STEP][PASSED] - c_currentCorporate = "c_currentCorporate": null

11-06-2024T18:03:37 - [TEST_STEP][PASSED] - c_currentMultiStoreID = "c_currentMultiStoreID": null

11-06-2024T18:03:37 - [TEST_STEP][PASSED] - c_isLock = "c_isLock": null

11-06-2024T18:03:37 - [TEST_STEP][PASSED] - c_lockTime = "c_lockTime": null

11-06-2024T18:03:37 - [TEST_STEP][PASSED] - c_multiStoreEDD = "c_multiStoreEDD": null

11-06-2024T18:03:37 - [TEST_STEP][PASSED] - c_onDemandEDD = "c_onDemandEDD": null

11-06-2024T18:03:37 - [TEST_STEP][PASSED] - c_seller_id = "c_seller_id": null

11-06-2024T18:03:37 - [TEST_STEP][PASSED] - c_savingsTotal = "c_savingsTotal": null

11-06-2024T18:03:37 - [TEST_STEP][PASSED] - totalplay.Common.getBooleanValueofObject(AddToCart_Response, agent_basket): totalplay.Common.getBooleanValueofObject is PASSED

11-06-2024T18:03:37 - [MESSAGE][INFO] - Checking response object

11-06-2024T18:03:37 - [MESSAGE][PASSED] - totalplay.Common.getBooleanValueofObject is PASSED

11-06-2024T18:03:37 - [TEST_STEP][PASSED] - totalplay.Common.verifyPropertyExist(AddToCart_Response, basket_id): totalplay.Common.verifyPropertyExist is PASSED

11-06-2024T18:03:37 - [MESSAGE][INFO] - Checking response object

11-06-2024T18:03:37 - [MESSAGE][PASSED] - totalplay.Common.verifyPropertyExist is PASSED

11-06-2024T18:03:37 - [TEST_STEP][PASSED] - totalplay.Common.verifyPropertyValueExist(AddToCart_Response, basket_id): totalplay.Common.verifyPropertyValueExist is PASSED

11-06-2024T18:03:37 - [MESSAGE][INFO] - Checking response object

11-06-2024T18:03:37 - [MESSAGE][INFO] - cb07b36e4ccfac89074d4fb1ff

11-06-2024T18:03:37 - [MESSAGE][PASSED] - totalplay.Common.verifyPropertyValueExist is PASSED

11-06-2024T18:03:37 - [TEST_STEP][PASSED] - totalplay.Common.verifyPropertyExist(AddToCart_Response, channel_type): totalplay.Common.verifyPropertyExist is PASSED

11-06-2024T18:03:37 - [MESSAGE][INFO] - Checking response object

11-06-2024T18:03:37 - [MESSAGE][PASSED] - totalplay.Common.verifyPropertyExist is PASSED

11-06-2024T18:03:37 - [TEST_STEP][PASSED] - totalplay.Common.verifyPropertyValueExist(AddToCart_Response, channel_type): totalplay.Common.verifyPropertyValueExist is PASSED

11-06-2024T18:03:37 - [MESSAGE][INFO] - Checking response object

11-06-2024T18:03:38 - [MESSAGE][INFO] - storefront

11-06-2024T18:03:38 - [MESSAGE][PASSED] - totalplay.Common.verifyPropertyValueExist is PASSED

11-06-2024T18:03:38 - [TEST_STEP][PASSED] - totalplay.Common.verifyPropertyExist(AddToCart_Response, creation_date): totalplay.Common.verifyPropertyExist is PASSED

11-06-2024T18:03:38 - [MESSAGE][INFO] - Checking response object

11-06-2024T18:03:38 - [MESSAGE][PASSED] - totalplay.Common.verifyPropertyExist is PASSED

11-06-2024T18:03:38 - [TEST_STEP][PASSED] - totalplay.Common.verifyPropertyValueExist(AddToCart_Response, creation_date): totalplay.Common.verifyPropertyValueExist is PASSED

11-06-2024T18:03:38 - [MESSAGE][INFO] - Checking response object

11-06-2024T18:03:38 - [MESSAGE][INFO] - 2024-06-10T08:58:09.765Z

11-06-2024T18:03:38 - [MESSAGE][PASSED] - totalplay.Common.verifyPropertyValueExist is PASSED

11-06-2024T18:03:38 - [TEST_STEP][PASSED] - totalplay.Common.verifyPropertyExist(AddToCart_Response, currency): totalplay.Common.verifyPropertyExist is PASSED

11-06-2024T18:03:38 - [MESSAGE][INFO] - Checking response object

11-06-2024T18:03:38 - [MESSAGE][PASSED] - totalplay.Common.verifyPropertyExist is PASSED

11-06-2024T18:03:38 - [TEST_STEP][PASSED] - totalplay.Common.verifyPropertyValueExist(AddToCart_Response, currency): totalplay.Common.verifyPropertyValueExist is PASSED

11-06-2024T18:03:38 - [MESSAGE][INFO] - Checking response object

11-06-2024T18:03:38 - [MESSAGE][INFO] - MXN

11-06-2024T18:03:38 - [MESSAGE][PASSED] - totalplay.Common.verifyPropertyValueExist is PASSED

11-06-2024T18:03:38 - [TEST_STEP][PASSED] - totalplay.Common.verifyPropertyExist(AddToCart_Response, customer_id): totalplay.Common.verifyPropertyExist is PASSED

11-06-2024T18:03:38 - [MESSAGE][INFO] - Checking response object

11-06-2024T18:03:38 - [MESSAGE][PASSED] - totalplay.Common.verifyPropertyExist is PASSED

11-06-2024T18:03:38 - [TEST_STEP][PASSED] - totalplay.Common.verifyPropertyValueExist(AddToCart_Response, customer_id): totalplay.Common.verifyPropertyValueExist is PASSED

11-06-2024T18:03:38 - [MESSAGE][INFO] - Checking response object

11-06-2024T18:03:38 - [MESSAGE][INFO] - acnRbWqujHCpg9oq6V2hkuTaSW

11-06-2024T18:03:38 - [MESSAGE][PASSED] - totalplay.Common.verifyPropertyValueExist is PASSED

11-06-2024T18:03:38 - [TEST_STEP][PASSED] - totalplay.Common.verifyPropertyExist(AddToCart_Response, customer_no): totalplay.Common.verifyPropertyExist is PASSED

11-06-2024T18:03:38 - [MESSAGE][INFO] - Checking response object

11-06-2024T18:03:38 - [MESSAGE][PASSED] - totalplay.Common.verifyPropertyExist is PASSED

11-06-2024T18:03:38 - [TEST_STEP][PASSED] - totalplay.Common.verifyPropertyValueExist(AddToCart_Response, customer_no): totalplay.Common.verifyPropertyValueExist is PASSED

11-06-2024T18:03:38 - [MESSAGE][INFO] - Checking response object

11-06-2024T18:03:38 - [MESSAGE][INFO] - 00011507

11-06-2024T18:03:38 - [MESSAGE][PASSED] - totalplay.Common.verifyPropertyValueExist is PASSED

11-06-2024T18:03:38 - [TEST_STEP][PASSED] - totalplay.Common.verifyPropertyExist(AddToCart_Response, email): totalplay.Common.verifyPropertyExist is PASSED

11-06-2024T18:03:38 - [MESSAGE][INFO] - Checking response object

11-06-2024T18:03:38 - [MESSAGE][PASSED] - totalplay.Common.verifyPropertyExist is PASSED

11-06-2024T18:03:38 - [TEST_STEP][PASSED] - totalplay.Common.verifyPropertyValueExist(AddToCart_Response, email): totalplay.Common.verifyPropertyValueExist is PASSED

11-06-2024T18:03:38 - [MESSAGE][INFO] - Checking response object

11-06-2024T18:03:38 - [MESSAGE][INFO] - qa.totalplay@gmail.com

11-06-2024T18:03:38 - [MESSAGE][PASSED] - totalplay.Common.verifyPropertyValueExist is PASSED

11-06-2024T18:03:38 - [TEST_STEP][PASSED] - totalplay.Common.verifyPropertyExist(AddToCart_Response, last_modified): totalplay.Common.verifyPropertyExist is PASSED

11-06-2024T18:03:38 - [MESSAGE][INFO] - Checking response object

11-06-2024T18:03:38 - [MESSAGE][PASSED] - totalplay.Common.verifyPropertyExist is PASSED

11-06-2024T18:03:38 - [TEST_STEP][PASSED] - totalplay.Common.verifyPropertyValueExist(AddToCart_Response, last_modified): totalplay.Common.verifyPropertyValueExist is PASSED

11-06-2024T18:03:38 - [MESSAGE][INFO] - Checking response object

11-06-2024T18:03:38 - [MESSAGE][INFO] - 2024-06-11T12:33:37.516Z

11-06-2024T18:03:38 - [MESSAGE][PASSED] - totalplay.Common.verifyPropertyValueExist is PASSED

11-06-2024T18:03:38 - [TEST_STEP][PASSED] - totalplay.Common.verifyPropertyExist(AddToCart_Response, link): totalplay.Common.verifyPropertyExist is PASSED

11-06-2024T18:03:38 - [MESSAGE][INFO] - Checking response object

11-06-2024T18:03:38 - [MESSAGE][PASSED] - totalplay.Common.verifyPropertyExist is PASSED

11-06-2024T18:03:38 - [TEST_STEP][PASSED] - totalplay.Common.verifyPropertyValueExist(AddToCart_Response, link): totalplay.Common.verifyPropertyValueExist is PASSED

11-06-2024T18:03:38 - [MESSAGE][INFO] - Checking response object

11-06-2024T18:03:38 - [MESSAGE][INFO] - https://salesforceqa.sistemastp.com.mx/s/TP-SHOP/dw/shop/v23_1/baskets/cb07b36e4ccfac89074d4fb1ff/notes?sellerId=2029

11-06-2024T18:03:38 - [MESSAGE][PASSED] - totalplay.Common.verifyPropertyValueExist is PASSED

11-06-2024T18:03:38 - [TEST_STEP][PASSED] - totalplay.Common.getDecimalValueofObject(AddToCart_Response, order_total): totalplay.Common.getDecimalValueofObject is PASSED

11-06-2024T18:03:38 - [MESSAGE][INFO] - Checking response object

11-06-2024T18:03:38 - [MESSAGE][PASSED] - totalplay.Common.getDecimalValueofObject is PASSED

11-06-2024T18:03:38 - [TEST_STEP][PASSED] - totalplay.Common.getDecimalValueofObject(AddToCart_Response, base_price): totalplay.Common.getDecimalValueofObject is PASSED

11-06-2024T18:03:38 - [MESSAGE][INFO] - Checking response object

11-06-2024T18:03:38 - [MESSAGE][PASSED] - totalplay.Common.getDecimalValueofObject is PASSED

11-06-2024T18:03:38 - [TEST_STEP][PASSED] - totalplay.Common.getBooleanValueofObject(AddToCart_Response, bonus_product_line_item): totalplay.Common.getBooleanValueofObject is PASSED

11-06-2024T18:03:38 - [MESSAGE][INFO] - Checking response object

11-06-2024T18:03:38 - [MESSAGE][PASSED] - totalplay.Common.getBooleanValueofObject is PASSED

11-06-2024T18:03:38 - [TEST_STEP][PASSED] - totalplay.Common.getBooleanValueofObject(AddToCart_Response, gift): totalplay.Common.getBooleanValueofObject is PASSED

11-06-2024T18:03:38 - [MESSAGE][INFO] - Checking response object

11-06-2024T18:03:38 - [MESSAGE][PASSED] - totalplay.Common.getBooleanValueofObject is PASSED

11-06-2024T18:03:38 - [TEST_STEP][PASSED] - totalplay.Common.verifyPropertyExist(AddToCart_Response, inventory_id): totalplay.Common.verifyPropertyExist is PASSED

11-06-2024T18:03:38 - [MESSAGE][INFO] - Checking response object

11-06-2024T18:03:39 - [MESSAGE][PASSED] - totalplay.Common.verifyPropertyExist is PASSED

11-06-2024T18:03:39 - [TEST_STEP][PASSED] - totalplay.Common.verifyPropertyValueExist(AddToCart_Response, inventory_id): totalplay.Common.verifyPropertyValueExist is PASSED

11-06-2024T18:03:39 - [MESSAGE][INFO] - Checking response object

11-06-2024T18:03:39 - [MESSAGE][INFO] - inventory_m_shop_mirakl

11-06-2024T18:03:39 - [MESSAGE][PASSED] - totalplay.Common.verifyPropertyValueExist is PASSED

11-06-2024T18:03:39 - [TEST_STEP][PASSED] - totalplay.Common.verifyPropertyExist(AddToCart_Response, item_id): totalplay.Common.verifyPropertyExist is PASSED

11-06-2024T18:03:39 - [MESSAGE][INFO] - Checking response object

11-06-2024T18:03:39 - [MESSAGE][PASSED] - totalplay.Common.verifyPropertyExist is PASSED

11-06-2024T18:03:39 - [TEST_STEP][PASSED] - totalplay.Common.verifyPropertyValueExist(AddToCart_Response, item_id): totalplay.Common.verifyPropertyValueExist is PASSED

11-06-2024T18:03:39 - [MESSAGE][INFO] - Checking response object

11-06-2024T18:03:39 - [MESSAGE][INFO] - 66f658d4acbe65e0da9961d674

11-06-2024T18:03:39 - [MESSAGE][PASSED] - totalplay.Common.verifyPropertyValueExist is PASSED

11-06-2024T18:03:39 - [TEST_STEP][PASSED] - totalplay.Common.verifyPropertyExist(AddToCart_Response, item_text): totalplay.Common.verifyPropertyExist is PASSED

11-06-2024T18:03:39 - [MESSAGE][INFO] - Checking response object

11-06-2024T18:03:39 - [MESSAGE][PASSED] - totalplay.Common.verifyPropertyExist is PASSED

11-06-2024T18:03:39 - [TEST_STEP][PASSED] - totalplay.Common.verifyPropertyValueExist(AddToCart_Response, item_text): totalplay.Common.verifyPropertyValueExist is PASSED

11-06-2024T18:03:39 - [MESSAGE][INFO] - Checking response object

11-06-2024T18:03:39 - [MESSAGE][INFO] - Bicicleta Rodada 18 para Niño con Ruedas de Apoyo Naranja

11-06-2024T18:03:39 - [MESSAGE][PASSED] - totalplay.Common.verifyPropertyValueExist is PASSED

11-06-2024T18:03:39 - [TEST_STEP][PASSED] - totalplay.Common.getDecimalValueofObject(AddToCart_Response, price): totalplay.Common.getDecimalValueofObject is PASSED

11-06-2024T18:03:39 - [MESSAGE][INFO] - Checking response object

11-06-2024T18:03:39 - [MESSAGE][PASSED] - totalplay.Common.getDecimalValueofObject is PASSED

11-06-2024T18:03:39 - [TEST_STEP][PASSED] - totalplay.Common.getDecimalValueofObject(AddToCart_Response, price_after_item_discount): totalplay.Common.getDecimalValueofObject is PASSED

11-06-2024T18:03:39 - [MESSAGE][INFO] - Checking response object

11-06-2024T18:03:39 - [MESSAGE][PASSED] - totalplay.Common.getDecimalValueofObject is PASSED

11-06-2024T18:03:39 - [TEST_STEP][PASSED] - totalplay.Common.getDecimalValueofObject(AddToCart_Response, price_after_order_discount): totalplay.Common.getDecimalValueofObject is PASSED

11-06-2024T18:03:39 - [MESSAGE][INFO] - Checking response object

11-06-2024T18:03:39 - [MESSAGE][PASSED] - totalplay.Common.getDecimalValueofObject is PASSED

11-06-2024T18:03:39 - [TEST_STEP][PASSED] - totalplay.Common.verifyPropertyExist(AddToCart_Response, product_id): totalplay.Common.verifyPropertyExist is PASSED

11-06-2024T18:03:39 - [MESSAGE][INFO] - Checking response object

11-06-2024T18:03:39 - [MESSAGE][PASSED] - totalplay.Common.verifyPropertyExist is PASSED

11-06-2024T18:03:39 - [TEST_STEP][PASSED] - totalplay.Common.verifyPropertyValueExist(AddToCart_Response, product_id): totalplay.Common.verifyPropertyValueExist is PASSED

11-06-2024T18:03:39 - [MESSAGE][INFO] - Checking response object

11-06-2024T18:03:39 - [MESSAGE][INFO] - T1210808411

11-06-2024T18:03:39 - [MESSAGE][PASSED] - totalplay.Common.verifyPropertyValueExist is PASSED

11-06-2024T18:03:39 - [TEST_STEP][PASSED] - totalplay.Common.verifyPropertyExist(AddToCart_Response, product_name): totalplay.Common.verifyPropertyExist is PASSED

11-06-2024T18:03:39 - [MESSAGE][INFO] - Checking response object

11-06-2024T18:03:39 - [MESSAGE][PASSED] - totalplay.Common.verifyPropertyExist is PASSED

11-06-2024T18:03:39 - [TEST_STEP][PASSED] - totalplay.Common.verifyPropertyValueExist(AddToCart_Response, product_name): totalplay.Common.verifyPropertyValueExist is PASSED

11-06-2024T18:03:39 - [MESSAGE][INFO] - Checking response object

11-06-2024T18:03:39 - [MESSAGE][INFO] - Bicicleta Rodada 18 para Niño con Ruedas de Apoyo Naranja

11-06-2024T18:03:39 - [MESSAGE][PASSED] - totalplay.Common.verifyPropertyValueExist is PASSED

11-06-2024T18:03:39 - [TEST_STEP][PASSED] - totalplay.Common.getNumValueofObject(AddToCart_Response, quantity): totalplay.Common.getNumValueofObject is PASSED

11-06-2024T18:03:39 - [MESSAGE][INFO] - Checking response object

11-06-2024T18:03:39 - [MESSAGE][PASSED] - totalplay.Common.getNumValueofObject is PASSED

11-06-2024T18:03:39 - [TEST_STEP][PASSED] - totalplay.Common.verifyPropertyExist(AddToCart_Response, shipment_id): totalplay.Common.verifyPropertyExist is PASSED

11-06-2024T18:03:39 - [MESSAGE][INFO] - Checking response object

11-06-2024T18:03:39 - [MESSAGE][PASSED] - totalplay.Common.verifyPropertyExist is PASSED

11-06-2024T18:03:39 - [TEST_STEP][PASSED] - totalplay.Common.verifyPropertyValueExist(AddToCart_Response, shipment_id): totalplay.Common.verifyPropertyValueExist is PASSED

11-06-2024T18:03:39 - [MESSAGE][INFO] - Checking response object

11-06-2024T18:03:39 - [MESSAGE][INFO] - me

11-06-2024T18:03:39 - [MESSAGE][PASSED] - totalplay.Common.verifyPropertyValueExist is PASSED

11-06-2024T18:03:39 - [TEST_STEP][PASSED] - totalplay.Common.getDecimalValueofObject(AddToCart_Response, tax_basis): totalplay.Common.getDecimalValueofObject is PASSED

11-06-2024T18:03:39 - [MESSAGE][INFO] - Checking response object

11-06-2024T18:03:39 - [MESSAGE][PASSED] - totalplay.Common.getDecimalValueofObject is PASSED

11-06-2024T18:03:39 - [TEST_STEP][PASSED] - totalplay.Common.verifyPropertyExist(AddToCart_Response, tax_class_id): totalplay.Common.verifyPropertyExist is PASSED

11-06-2024T18:03:39 - [MESSAGE][INFO] - Checking response object

11-06-2024T18:03:39 - [MESSAGE][PASSED] - totalplay.Common.verifyPropertyExist is PASSED

11-06-2024T18:03:39 - [TEST_STEP][PASSED] - totalplay.Common.verifyPropertyValueExist(AddToCart_Response, tax_class_id): totalplay.Common.verifyPropertyValueExist is PASSED

11-06-2024T18:03:39 - [MESSAGE][INFO] - Checking response object

11-06-2024T18:03:40 - [MESSAGE][INFO] - product_zero_tax

11-06-2024T18:03:40 - [MESSAGE][PASSED] - totalplay.Common.verifyPropertyValueExist is PASSED

11-06-2024T18:03:40 - [TEST_STEP][PASSED] - totalplay.Common.verifyPropertyExist(AddToCart_Response, c_fromStoreId): totalplay.Common.verifyPropertyExist is PASSED

11-06-2024T18:03:40 - [MESSAGE][INFO] - Checking response object

11-06-2024T18:03:40 - [MESSAGE][PASSED] - totalplay.Common.verifyPropertyExist is PASSED

11-06-2024T18:03:40 - [TEST_STEP][PASSED] - totalplay.Common.verifyPropertyValueExist(AddToCart_Response, c_fromStoreId): totalplay.Common.verifyPropertyValueExist is PASSED

11-06-2024T18:03:40 - [MESSAGE][INFO] - Checking response object

11-06-2024T18:03:40 - [MESSAGE][INFO] - 2029

11-06-2024T18:03:40 - [MESSAGE][PASSED] - totalplay.Common.verifyPropertyValueExist is PASSED

11-06-2024T18:03:40 - [TEST_STEP][PASSED] - totalplay.Common.getBooleanValueofObject(AddToCart_Response, c_isOnDemandStoreItem): totalplay.Common.getBooleanValueofObject is PASSED

11-06-2024T18:03:40 - [MESSAGE][INFO] - Checking response object

11-06-2024T18:03:40 - [MESSAGE][PASSED] - totalplay.Common.getBooleanValueofObject is PASSED

11-06-2024T18:03:40 - [TEST_STEP][FAILED] - totalplay.Common.verifyPropertyExist(AddToCart_Response, c_miraklLeadTimeToShip): Unable to get element count (Root cause: java.lang.NullPointerException: Cannot invoke method size() on null object
	at Script1.run(Script1.groovy:1)
	at com.kms.katalon.core.webservice.helper.WebServiceCommonHelper.parseAndExecuteExpressionForJson(WebServiceCommonHelper.java:212)
	at com.kms.katalon.core.webservice.keyword.builtin.GetElementsCountKeyword$_getElementsCount_closure1.doCall(GetElementsCountKeyword.groovy:41)
	at com.kms.katalon.core.webservice.keyword.builtin.GetElementsCountKeyword$_getElementsCount_closure1.call(GetElementsCountKeyword.groovy)
	at com.kms.katalon.core.keyword.internal.KeywordMain.runKeyword(KeywordMain.groovy:75)
	at com.kms.katalon.core.webservice.keyword.builtin.GetElementsCountKeyword.getElementsCount(GetElementsCountKeyword.groovy:37)
	at com.kms.katalon.core.webservice.keyword.builtin.GetElementsCountKeyword.execute(GetElementsCountKeyword.groovy:32)
	at com.kms.katalon.core.keyword.internal.KeywordExecutor.executeKeywordForPlatform(KeywordExecutor.groovy:74)
	at com.kms.katalon.core.webservice.keyword.WSBuiltInKeywords.getElementsCount(WSBuiltInKeywords.groovy:99)
	at totalplay.Common.verifyPropertyExist(Common.groovy:39)
	at jdk.internal.reflect.GeneratedMethodAccessor7.invoke(Unknown Source)
	at java.base/jdk.internal.reflect.DelegatingMethodAccessorImpl.invoke(DelegatingMethodAccessorImpl.java:43)
	at com.kms.katalon.core.main.CustomKeywordDelegatingMetaClass.invokeStaticMethod(CustomKeywordDelegatingMetaClass.java:55)
	at TC_17_AddToCart.run(TC_17_AddToCart:180)
	at com.kms.katalon.core.main.ScriptEngine.run(ScriptEngine.java:194)
	at com.kms.katalon.core.main.ScriptEngine.runScriptAsRawText(ScriptEngine.java:119)
	at com.kms.katalon.core.main.TestCaseExecutor.runScript(TestCaseExecutor.java:448)
	at com.kms.katalon.core.main.TestCaseExecutor.doExecute(TestCaseExecutor.java:439)
	at com.kms.katalon.core.main.TestCaseExecutor.processExecutionPhase(TestCaseExecutor.java:418)
	at com.kms.katalon.core.main.TestCaseExecutor.accessMainPhase(TestCaseExecutor.java:410)
	at com.kms.katalon.core.main.TestCaseExecutor.execute(TestCaseExecutor.java:285)
	at com.kms.katalon.core.common.CommonExecutor.accessTestCaseMainPhase(CommonExecutor.java:65)
	at com.kms.katalon.core.main.TestSuiteExecutor.accessTestSuiteMainPhase(TestSuiteExecutor.java:150)
	at com.kms.katalon.core.main.TestSuiteExecutor.execute(TestSuiteExecutor.java:106)
	at com.kms.katalon.core.main.TestCaseMain.startTestSuite(TestCaseMain.java:180)
	at TempTestSuite1718109097791.run(TempTestSuite1718109097791.groovy:35)
	at java.base/jdk.internal.reflect.NativeMethodAccessorImpl.invoke0(Native Method)
	at java.base/jdk.internal.reflect.NativeMethodAccessorImpl.invoke(NativeMethodAccessorImpl.java:77)
	at java.base/jdk.internal.reflect.DelegatingMethodAccessorImpl.invoke(DelegatingMethodAccessorImpl.java:43)
)

11-06-2024T18:03:40 - [MESSAGE][INFO] - Checking response object

11-06-2024T18:03:40 - [MESSAGE][FAILED] - Unable to get element count (Root cause: java.lang.NullPointerException: Cannot invoke method size() on null object
	at Script1.run(Script1.groovy:1)
	at com.kms.katalon.core.webservice.helper.WebServiceCommonHelper.parseAndExecuteExpressionForJson(WebServiceCommonHelper.java:212)
	at com.kms.katalon.core.webservice.keyword.builtin.GetElementsCountKeyword$_getElementsCount_closure1.doCall(GetElementsCountKeyword.groovy:41)
	at com.kms.katalon.core.webservice.keyword.builtin.GetElementsCountKeyword$_getElementsCount_closure1.call(GetElementsCountKeyword.groovy)
	at com.kms.katalon.core.keyword.internal.KeywordMain.runKeyword(KeywordMain.groovy:75)
	at com.kms.katalon.core.webservice.keyword.builtin.GetElementsCountKeyword.getElementsCount(GetElementsCountKeyword.groovy:37)
	at com.kms.katalon.core.webservice.keyword.builtin.GetElementsCountKeyword.execute(GetElementsCountKeyword.groovy:32)
	at com.kms.katalon.core.keyword.internal.KeywordExecutor.executeKeywordForPlatform(KeywordExecutor.groovy:74)
	at com.kms.katalon.core.webservice.keyword.WSBuiltInKeywords.getElementsCount(WSBuiltInKeywords.groovy:99)
	at totalplay.Common.verifyPropertyExist(Common.groovy:39)
	at jdk.internal.reflect.GeneratedMethodAccessor7.invoke(Unknown Source)
	at java.base/jdk.internal.reflect.DelegatingMethodAccessorImpl.invoke(DelegatingMethodAccessorImpl.java:43)
	at com.kms.katalon.core.main.CustomKeywordDelegatingMetaClass.invokeStaticMethod(CustomKeywordDelegatingMetaClass.java:55)
	at TC_17_AddToCart.run(TC_17_AddToCart:180)
	at com.kms.katalon.core.main.ScriptEngine.run(ScriptEngine.java:194)
	at com.kms.katalon.core.main.ScriptEngine.runScriptAsRawText(ScriptEngine.java:119)
	at com.kms.katalon.core.main.TestCaseExecutor.runScript(TestCaseExecutor.java:448)
	at com.kms.katalon.core.main.TestCaseExecutor.doExecute(TestCaseExecutor.java:439)
	at com.kms.katalon.core.main.TestCaseExecutor.processExecutionPhase(TestCaseExecutor.java:418)
	at com.kms.katalon.core.main.TestCaseExecutor.accessMainPhase(TestCaseExecutor.java:410)
	at com.kms.katalon.core.main.TestCaseExecutor.execute(TestCaseExecutor.java:285)
	at com.kms.katalon.core.common.CommonExecutor.accessTestCaseMainPhase(CommonExecutor.java:65)
	at com.kms.katalon.core.main.TestSuiteExecutor.accessTestSuiteMainPhase(TestSuiteExecutor.java:150)
	at com.kms.katalon.core.main.TestSuiteExecutor.execute(TestSuiteExecutor.java:106)
	at com.kms.katalon.core.main.TestCaseMain.startTestSuite(TestCaseMain.java:180)
	at TempTestSuite1718109097791.run(TempTestSuite1718109097791.groovy:35)
	at java.base/jdk.internal.reflect.NativeMethodAccessorImpl.invoke0(Native Method)
	at java.base/jdk.internal.reflect.NativeMethodAccessorImpl.invoke(NativeMethodAccessorImpl.java:77)
	at java.base/jdk.internal.reflect.DelegatingMethodAccessorImpl.invoke(DelegatingMethodAccessorImpl.java:43)
)

11-06-2024T18:03:40 - [MESSAGE][FAILED] - Unable to get element count (Root cause: java.lang.NullPointerException: Cannot invoke method size() on null object
	at Script1.run(Script1.groovy:1)
	at com.kms.katalon.core.webservice.helper.WebServiceCommonHelper.parseAndExecuteExpressionForJson(WebServiceCommonHelper.java:212)
	at com.kms.katalon.core.webservice.keyword.builtin.GetElementsCountKeyword$_getElementsCount_closure1.doCall(GetElementsCountKeyword.groovy:41)
	at com.kms.katalon.core.webservice.keyword.builtin.GetElementsCountKeyword$_getElementsCount_closure1.call(GetElementsCountKeyword.groovy)
	at com.kms.katalon.core.keyword.internal.KeywordMain.runKeyword(KeywordMain.groovy:75)
	at com.kms.katalon.core.webservice.keyword.builtin.GetElementsCountKeyword.getElementsCount(GetElementsCountKeyword.groovy:37)
	at com.kms.katalon.core.webservice.keyword.builtin.GetElementsCountKeyword.execute(GetElementsCountKeyword.groovy:32)
	at com.kms.katalon.core.keyword.internal.KeywordExecutor.executeKeywordForPlatform(KeywordExecutor.groovy:74)
	at com.kms.katalon.core.webservice.keyword.WSBuiltInKeywords.getElementsCount(WSBuiltInKeywords.groovy:99)
	at totalplay.Common.verifyPropertyExist(Common.groovy:39)
	at jdk.internal.reflect.GeneratedMethodAccessor7.invoke(Unknown Source)
	at java.base/jdk.internal.reflect.DelegatingMethodAccessorImpl.invoke(DelegatingMethodAccessorImpl.java:43)
	at com.kms.katalon.core.main.CustomKeywordDelegatingMetaClass.invokeStaticMethod(CustomKeywordDelegatingMetaClass.java:55)
	at TC_17_AddToCart.run(TC_17_AddToCart:180)
	at com.kms.katalon.core.main.ScriptEngine.run(ScriptEngine.java:194)
	at com.kms.katalon.core.main.ScriptEngine.runScriptAsRawText(ScriptEngine.java:119)
	at com.kms.katalon.core.main.TestCaseExecutor.runScript(TestCaseExecutor.java:448)
	at com.kms.katalon.core.main.TestCaseExecutor.doExecute(TestCaseExecutor.java:439)
	at com.kms.katalon.core.main.TestCaseExecutor.processExecutionPhase(TestCaseExecutor.java:418)
	at com.kms.katalon.core.main.TestCaseExecutor.accessMainPhase(TestCaseExecutor.java:410)
	at com.kms.katalon.core.main.TestCaseExecutor.execute(TestCaseExecutor.java:285)
	at com.kms.katalon.core.common.CommonExecutor.accessTestCaseMainPhase(CommonExecutor.java:65)
	at com.kms.katalon.core.main.TestSuiteExecutor.accessTestSuiteMainPhase(TestSuiteExecutor.java:150)
	at com.kms.katalon.core.main.TestSuiteExecutor.execute(TestSuiteExecutor.java:106)
	at com.kms.katalon.core.main.TestCaseMain.startTestSuite(TestCaseMain.java:180)
	at TempTestSuite1718109097791.run(TempTestSuite1718109097791.groovy:35)
	at java.base/jdk.internal.reflect.NativeMethodAccessorImpl.invoke0(Native Method)
	at java.base/jdk.internal.reflect.NativeMethodAccessorImpl.invoke(NativeMethodAccessorImpl.java:77)
	at java.base/jdk.internal.reflect.DelegatingMethodAccessorImpl.invoke(DelegatingMethodAccessorImpl.java:43)
)]]></system-out>
         <system-err><![CDATA[11-06-2024T18:03:32 - [TEST_CASE][FAILED] - Test Cases/TotalPlay-Shop/TC_17_AddToCart: Test Cases/TotalPlay-Shop/TC_17_AddToCart FAILED.
Reason:
com.kms.katalon.core.exception.StepFailedException: Unable to get element count (Root cause: java.lang.NullPointerException: Cannot invoke method size() on null object
	at Script1.run(Script1.groovy:1)
	at com.kms.katalon.core.webservice.helper.WebServiceCommonHelper.parseAndExecuteExpressionForJson(WebServiceCommonHelper.java:212)
	at com.kms.katalon.core.webservice.keyword.builtin.GetElementsCountKeyword$_getElementsCount_closure1.doCall(GetElementsCountKeyword.groovy:41)
	at com.kms.katalon.core.webservice.keyword.builtin.GetElementsCountKeyword$_getElementsCount_closure1.call(GetElementsCountKeyword.groovy)
	at com.kms.katalon.core.keyword.internal.KeywordMain.runKeyword(KeywordMain.groovy:75)
	at com.kms.katalon.core.webservice.keyword.builtin.GetElementsCountKeyword.getElementsCount(GetElementsCountKeyword.groovy:37)
	at com.kms.katalon.core.webservice.keyword.builtin.GetElementsCountKeyword.execute(GetElementsCountKeyword.groovy:32)
	at com.kms.katalon.core.keyword.internal.KeywordExecutor.executeKeywordForPlatform(KeywordExecutor.groovy:74)
	at com.kms.katalon.core.webservice.keyword.WSBuiltInKeywords.getElementsCount(WSBuiltInKeywords.groovy:99)
	at totalplay.Common.verifyPropertyExist(Common.groovy:39)
	at jdk.internal.reflect.GeneratedMethodAccessor7.invoke(Unknown Source)
	at java.base/jdk.internal.reflect.DelegatingMethodAccessorImpl.invoke(DelegatingMethodAccessorImpl.java:43)
	at com.kms.katalon.core.main.CustomKeywordDelegatingMetaClass.invokeStaticMethod(CustomKeywordDelegatingMetaClass.java:55)
	at TC_17_AddToCart.run(TC_17_AddToCart:180)
	at com.kms.katalon.core.main.ScriptEngine.run(ScriptEngine.java:194)
	at com.kms.katalon.core.main.ScriptEngine.runScriptAsRawText(ScriptEngine.java:119)
	at com.kms.katalon.core.main.TestCaseExecutor.runScript(TestCaseExecutor.java:448)
	at com.kms.katalon.core.main.TestCaseExecutor.doExecute(TestCaseExecutor.java:439)
	at com.kms.katalon.core.main.TestCaseExecutor.processExecutionPhase(TestCaseExecutor.java:418)
	at com.kms.katalon.core.main.TestCaseExecutor.accessMainPhase(TestCaseExecutor.java:410)
	at com.kms.katalon.core.main.TestCaseExecutor.execute(TestCaseExecutor.java:285)
	at com.kms.katalon.core.common.CommonExecutor.accessTestCaseMainPhase(CommonExecutor.java:65)
	at com.kms.katalon.core.main.TestSuiteExecutor.accessTestSuiteMainPhase(TestSuiteExecutor.java:150)
	at com.kms.katalon.core.main.TestSuiteExecutor.execute(TestSuiteExecutor.java:106)
	at com.kms.katalon.core.main.TestCaseMain.startTestSuite(TestCaseMain.java:180)
	at TempTestSuite1718109097791.run(TempTestSuite1718109097791.groovy:35)
	at java.base/jdk.internal.reflect.NativeMethodAccessorImpl.invoke0(Native Method)
	at java.base/jdk.internal.reflect.NativeMethodAccessorImpl.invoke(NativeMethodAccessorImpl.java:77)
	at java.base/jdk.internal.reflect.DelegatingMethodAccessorImpl.invoke(DelegatingMethodAccessorImpl.java:43)
)
	at com.kms.katalon.core.keyword.internal.KeywordMain.stepFailed(KeywordMain.groovy:51)
	at com.kms.katalon.core.keyword.internal.KeywordMain.stepFailed(KeywordMain.groovy)
	at com.kms.katalon.core.keyword.internal.KeywordMain.runKeyword(KeywordMain.groovy:77)
	at com.kms.katalon.core.webservice.keyword.builtin.GetElementsCountKeyword.getElementsCount(GetElementsCountKeyword.groovy:37)
	at com.kms.katalon.core.webservice.keyword.builtin.GetElementsCountKeyword.execute(GetElementsCountKeyword.groovy:32)
	at com.kms.katalon.core.keyword.internal.KeywordExecutor.executeKeywordForPlatform(KeywordExecutor.groovy:74)
	at com.kms.katalon.core.webservice.keyword.WSBuiltInKeywords.getElementsCount(WSBuiltInKeywords.groovy:99)
	at totalplay.Common.verifyPropertyExist(Common.groovy:39)
	at jdk.internal.reflect.GeneratedMethodAccessor7.invoke(Unknown Source)
	at java.base/jdk.internal.reflect.DelegatingMethodAccessorImpl.invoke(DelegatingMethodAccessorImpl.java:43)
	at com.kms.katalon.core.main.CustomKeywordDelegatingMetaClass.invokeStaticMethod(CustomKeywordDelegatingMetaClass.java:55)
	at TC_17_AddToCart.run(TC_17_AddToCart:180)
	at com.kms.katalon.core.main.ScriptEngine.run(ScriptEngine.java:194)
	at com.kms.katalon.core.main.ScriptEngine.runScriptAsRawText(ScriptEngine.java:119)
	at com.kms.katalon.core.main.TestCaseExecutor.runScript(TestCaseExecutor.java:448)
	at com.kms.katalon.core.main.TestCaseExecutor.doExecute(TestCaseExecutor.java:439)
	at com.kms.katalon.core.main.TestCaseExecutor.processExecutionPhase(TestCaseExecutor.java:418)
	at com.kms.katalon.core.main.TestCaseExecutor.accessMainPhase(TestCaseExecutor.java:410)
	at com.kms.katalon.core.main.TestCaseExecutor.execute(TestCaseExecutor.java:285)
	at com.kms.katalon.core.common.CommonExecutor.accessTestCaseMainPhase(CommonExecutor.java:65)
	at com.kms.katalon.core.main.TestSuiteExecutor.accessTestSuiteMainPhase(TestSuiteExecutor.java:150)
	at com.kms.katalon.core.main.TestSuiteExecutor.execute(TestSuiteExecutor.java:106)
	at com.kms.katalon.core.main.TestCaseMain.startTestSuite(TestCaseMain.java:180)
	at TempTestSuite1718109097791.run(TempTestSuite1718109097791.groovy:35)
	at java.base/jdk.internal.reflect.NativeMethodAccessorImpl.invoke0(Native Method)
	at java.base/jdk.internal.reflect.NativeMethodAccessorImpl.invoke(NativeMethodAccessorImpl.java:77)
	at java.base/jdk.internal.reflect.DelegatingMethodAccessorImpl.invoke(DelegatingMethodAccessorImpl.java:43)
Caused by: java.lang.NullPointerException: Cannot invoke method size() on null object
	at Script1.run(Script1.groovy:1)
	at com.kms.katalon.core.webservice.helper.WebServiceCommonHelper.parseAndExecuteExpressionForJson(WebServiceCommonHelper.java:212)
	at com.kms.katalon.core.webservice.keyword.builtin.GetElementsCountKeyword$_getElementsCount_closure1.doCall(GetElementsCountKeyword.groovy:41)
	at com.kms.katalon.core.webservice.keyword.builtin.GetElementsCountKeyword$_getElementsCount_closure1.call(GetElementsCountKeyword.groovy)
	at com.kms.katalon.core.keyword.internal.KeywordMain.runKeyword(KeywordMain.groovy:75)
	... 24 more]]></system-err>
      </testcase>
      <testcase name="Test Cases/TotalPlay-Shop/TC_18_GetBasket" time="8.148" classname="Test Cases/TotalPlay-Shop/TC_18_GetBasket" status="ERROR">
         <error type="ERROR" message="Test Cases/TotalPlay-Shop/TC_18_GetBasket FAILED.&#xa;Reason:&#xa;org.codehaus.groovy.runtime.InvokerInvocationException: Assertion failed: &#xa;&#xa;assert PropertyCount>0&#xa;       |            |&#xa;       0            false&#xa;&#xa;	at com.kms.katalon.core.main.CustomKeywordDelegatingMetaClass.invokeStaticMethod(CustomKeywordDelegatingMetaClass.java:55)&#xa;	at TC_18_GetBasket.run(TC_18_GetBasket:451)&#xa;	at com.kms.katalon.core.main.ScriptEngine.run(ScriptEngine.java:194)&#xa;	at com.kms.katalon.core.main.ScriptEngine.runScriptAsRawText(ScriptEngine.java:119)&#xa;	at com.kms.katalon.core.main.TestCaseExecutor.runScript(TestCaseExecutor.java:448)&#xa;	at com.kms.katalon.core.main.TestCaseExecutor.doExecute(TestCaseExecutor.java:439)&#xa;	at com.kms.katalon.core.main.TestCaseExecutor.processExecutionPhase(TestCaseExecutor.java:418)&#xa;	at com.kms.katalon.core.main.TestCaseExecutor.accessMainPhase(TestCaseExecutor.java:410)&#xa;	at com.kms.katalon.core.main.TestCaseExecutor.execute(TestCaseExecutor.java:285)&#xa;	at com.kms.katalon.core.common.CommonExecutor.accessTestCaseMainPhase(CommonExecutor.java:65)&#xa;	at com.kms.katalon.core.main.TestSuiteExecutor.accessTestSuiteMainPhase(TestSuiteExecutor.java:150)&#xa;	at com.kms.katalon.core.main.TestSuiteExecutor.execute(TestSuiteExecutor.java:106)&#xa;	at com.kms.katalon.core.main.TestCaseMain.startTestSuite(TestCaseMain.java:180)&#xa;	at TempTestSuite1718109097791.run(TempTestSuite1718109097791.groovy:35)&#xa;	at java.base/jdk.internal.reflect.NativeMethodAccessorImpl.invoke0(Native Method)&#xa;	at java.base/jdk.internal.reflect.NativeMethodAccessorImpl.invoke(NativeMethodAccessorImpl.java:77)&#xa;	at java.base/jdk.internal.reflect.DelegatingMethodAccessorImpl.invoke(DelegatingMethodAccessorImpl.java:43)&#xa;Caused by: Assertion failed: &#xa;&#xa;assert PropertyCount>0&#xa;       |            |&#xa;       0            false&#xa;&#xa;	at totalplay.Common.verifyPropertyExist(Common.groovy:40)&#xa;	at jdk.internal.reflect.GeneratedMethodAccessor7.invoke(Unknown Source)&#xa;	at java.base/jdk.internal.reflect.DelegatingMethodAccessorImpl.invoke(DelegatingMethodAccessorImpl.java:43)&#xa;	... 17 more&#xa;"/>
         <system-out><![CDATA[11-06-2024T18:03:40 - [TEST_CASE][ERROR] - Test Cases/TotalPlay-Shop/TC_18_GetBasket: Test Cases/TotalPlay-Shop/TC_18_GetBasket FAILED.
Reason:
org.codehaus.groovy.runtime.InvokerInvocationException: Assertion failed: 

assert PropertyCount>0
       |            |
       0            false

	at com.kms.katalon.core.main.CustomKeywordDelegatingMetaClass.invokeStaticMethod(CustomKeywordDelegatingMetaClass.java:55)
	at TC_18_GetBasket.run(TC_18_GetBasket:451)
	at com.kms.katalon.core.main.ScriptEngine.run(ScriptEngine.java:194)
	at com.kms.katalon.core.main.ScriptEngine.runScriptAsRawText(ScriptEngine.java:119)
	at com.kms.katalon.core.main.TestCaseExecutor.runScript(TestCaseExecutor.java:448)
	at com.kms.katalon.core.main.TestCaseExecutor.doExecute(TestCaseExecutor.java:439)
	at com.kms.katalon.core.main.TestCaseExecutor.processExecutionPhase(TestCaseExecutor.java:418)
	at com.kms.katalon.core.main.TestCaseExecutor.accessMainPhase(TestCaseExecutor.java:410)
	at com.kms.katalon.core.main.TestCaseExecutor.execute(TestCaseExecutor.java:285)
	at com.kms.katalon.core.common.CommonExecutor.accessTestCaseMainPhase(CommonExecutor.java:65)
	at com.kms.katalon.core.main.TestSuiteExecutor.accessTestSuiteMainPhase(TestSuiteExecutor.java:150)
	at com.kms.katalon.core.main.TestSuiteExecutor.execute(TestSuiteExecutor.java:106)
	at com.kms.katalon.core.main.TestCaseMain.startTestSuite(TestCaseMain.java:180)
	at TempTestSuite1718109097791.run(TempTestSuite1718109097791.groovy:35)
	at java.base/jdk.internal.reflect.NativeMethodAccessorImpl.invoke0(Native Method)
	at java.base/jdk.internal.reflect.NativeMethodAccessorImpl.invoke(NativeMethodAccessorImpl.java:77)
	at java.base/jdk.internal.reflect.DelegatingMethodAccessorImpl.invoke(DelegatingMethodAccessorImpl.java:43)
Caused by: Assertion failed: 

assert PropertyCount>0
       |            |
       0            false

	at totalplay.Common.verifyPropertyExist(Common.groovy:40)
	at jdk.internal.reflect.GeneratedMethodAccessor7.invoke(Unknown Source)
	at java.base/jdk.internal.reflect.DelegatingMethodAccessorImpl.invoke(DelegatingMethodAccessorImpl.java:43)
	... 17 more


11-06-2024T18:03:41 - [TEST_STEP][PASSED] - callTestCase(findTestCase("TotalPlay-Shop/TC_1_InterfaceLogin"), [:], STOP_ON_FAILURE): Call Test Case 'Test Cases/TotalPlay-Shop/TC_1_InterfaceLogin' successfully

11-06-2024T18:03:41 - [MESSAGE][INFO] - Checking called Test Case

11-06-2024T18:03:41 - [MESSAGE][INFO] - Starting to call Test Case 'Test Cases/TotalPlay-Shop/TC_1_InterfaceLogin'

11-06-2024T18:03:41 - [TEST_CASE][PASSED] - Test Cases/TotalPlay-Shop/TC_1_InterfaceLogin: Test Cases/TotalPlay-Shop/TC_1_InterfaceLogin

11-06-2024T18:03:41 - [TEST_STEP][PASSED] - LoginResponse = sendRequest(findTestObject("TotalPlay-Shop/Interface Login (SLAS)", ["URL":URL, "SITEID":SITEID])): Send request successfully

11-06-2024T18:03:41 - [MESSAGE][INFO] - Finding Test Object 'Object Repository/TotalPlay-Shop/Interface Login (SLAS)'

11-06-2024T18:03:41 - [MESSAGE][INFO] - Checking request object

11-06-2024T18:03:44 - [MESSAGE][INFO] - HAR: D:\Automation\KogniveraGithub\TotalPlay_Automation\totalplay-API\totalplay-automation\Reports\20240611_180136\Shop-Services\20240611_180137\requests\main\33.har

11-06-2024T18:03:44 - [MESSAGE][PASSED] - Send request successfully

11-06-2024T18:03:44 - [TEST_STEP][PASSED] - assert getResponseStatusCode(LoginResponse) == 200: Checking response object

11-06-2024T18:03:44 - [MESSAGE][INFO] - Checking response object

11-06-2024T18:03:44 - [TEST_STEP][PASSED] - Auth = "ocapiResponse.access_token": null

11-06-2024T18:03:44 - [TEST_STEP][PASSED] - sfccAuthorization = getElementPropertyValue(LoginResponse, Auth): Checking response object

11-06-2024T18:03:44 - [MESSAGE][INFO] - Checking response object

11-06-2024T18:03:44 - [TEST_STEP][PASSED] - logInfo(sfccAuthorization): eyJ2ZXIiOiIxLjAiLCJqa3UiOiJzbGFzL3Byb2QvYmpjbF9kZXYiLCJraWQiOiIzOWM0NGRmMy01OGI5LTQ3YWEtODNhMC05NWMwOTBiZGNkMzciLCJ0eXAiOiJqd3QiLCJjbHYiOiJKMi4zLjQiLCJhbGciOiJFUzI1NiJ9.eyJhdXQiOiJHVUlEIiwic2NwIjoic2ZjYy5zaG9wcGVyLW15YWNjb3VudC5iYXNrZXRzIHNmY2Muc2hvcHBlci1kaXNjb3Zlcnktc2VhcmNoIHNmY2Muc2hvcHBlci1teWFjY291bnQuYWRkcmVzc2VzIHNmY2Muc2hvcHBlci1wcm9kdWN0cyBzZmNjLnNob3BwZXItbXlhY2NvdW50LnJ3IHNmY2Muc2hvcHBlci1teWFjY291bnQucGF5bWVudGluc3RydW1lbnRzIHNmY2Muc2hvcHBlci1jdXN0b21lcnMubG9naW4gc2ZjYy5zaG9wcGVyLXN0b3JlcyBzZmNjLnNob3BwZXItbXlhY2NvdW50Lm9yZGVycyBzZmNjLnNob3BwZXItYmFza2V0cy1vcmRlcnMgc2ZjYy5zaG9wcGVyLWN1c3RvbWVycy5yZWdpc3RlciBzZmNjLnNob3BwZXItbXlhY2NvdW50LmFkZHJlc3Nlcy5ydyBzZmNjLnNob3BwZXItbXlhY2NvdW50LnByb2R1Y3RsaXN0cy5ydyBzZmNjLnNob3BwZXItcHJvZHVjdGxpc3RzIHNmY2Muc2hvcHBlci1wcm9tb3Rpb25zIHNmY2Muc2hvcHBlci1iYXNrZXRzLW9yZGVycy5ydyBzZmNjLnNob3BwZXItZ2lmdC1jZXJ0aWZpY2F0ZXMgc2ZjYy5zaG9wcGVyLW15YWNjb3VudC5wYXltZW50aW5zdHJ1bWVudHMucncgc2ZjYy5zaG9wcGVyLXByb2R1Y3Qtc2VhcmNoIHNmY2Muc2hvcHBlci1teWFjY291bnQucHJvZHVjdGxpc3RzIHNmY2Muc2hvcHBlci1jYXRlZ29yaWVzIHNmY2Muc2hvcHBlci1teWFjY291bnQiLCJzdWIiOiJjYy1zbGFzOjpiamNsX2Rldjo6c2NpZDo1ZDI1ZjVmYS01YTRmLTQ2YjUtYTIxMS04NzU1NDJjODVhYzE6OnVzaWQ6NjEwYTNmZWEtODI2MC00YTgyLWEyZDktMWRjMDk5ODY3MjBmIiwiY3R4Ijoic2xhcyIsImlzcyI6InNsYXMvcHJvZC9iamNsX2RldiIsImlzdCI6MSwiZG50IjoiMCIsImF1ZCI6ImNvbW1lcmNlY2xvdWQvcHJvZC9iamNsX2RldiIsIm5iZiI6MTcxODEwOTE5Mywic3R5IjoiVXNlciIsImlzYiI6InVpZG86ZWNvbTo6dXBuOnFhLnRvdGFscGxheSswMTAwOTg3MTA1QGdtYWlsLmNvbTo6dWlkbjpSaWNhcmRvICBDb3JvbmEgQ3J1ejo6Z2NpZDphYmxIY1V3cmxLeHVjUm1iZzBrYVlZd3JFVzo6cmNpZDphY25SYldxdWpIQ3BnOW9xNlYyaGt1VGFTVzo6Y2hpZDpUUC1TSE9QIiwiZXhwIjoxNzE4MTExMDIzLCJpYXQiOjE3MTgxMDkyMjMsImp0aSI6IkMyQy0xMzExNTYzNTcwMTc4NzUxMTg1MDEwMjMwODMyNDM5MTUyNjgifQ.vAuEuXdsmslS-Nie1jW9wbR9_LCy_IJmo1B-LniGlxkoQbE-gHlLWzsiOwVvkbiqsmWHw8w1cI52oBO9xbpAcg

11-06-2024T18:03:44 - [MESSAGE][INFO] - eyJ2ZXIiOiIxLjAiLCJqa3UiOiJzbGFzL3Byb2QvYmpjbF9kZXYiLCJraWQiOiIzOWM0NGRmMy01OGI5LTQ3YWEtODNhMC05NWMwOTBiZGNkMzciLCJ0eXAiOiJqd3QiLCJjbHYiOiJKMi4zLjQiLCJhbGciOiJFUzI1NiJ9.eyJhdXQiOiJHVUlEIiwic2NwIjoic2ZjYy5zaG9wcGVyLW15YWNjb3VudC5iYXNrZXRzIHNmY2Muc2hvcHBlci1kaXNjb3Zlcnktc2VhcmNoIHNmY2Muc2hvcHBlci1teWFjY291bnQuYWRkcmVzc2VzIHNmY2Muc2hvcHBlci1wcm9kdWN0cyBzZmNjLnNob3BwZXItbXlhY2NvdW50LnJ3IHNmY2Muc2hvcHBlci1teWFjY291bnQucGF5bWVudGluc3RydW1lbnRzIHNmY2Muc2hvcHBlci1jdXN0b21lcnMubG9naW4gc2ZjYy5zaG9wcGVyLXN0b3JlcyBzZmNjLnNob3BwZXItbXlhY2NvdW50Lm9yZGVycyBzZmNjLnNob3BwZXItYmFza2V0cy1vcmRlcnMgc2ZjYy5zaG9wcGVyLWN1c3RvbWVycy5yZWdpc3RlciBzZmNjLnNob3BwZXItbXlhY2NvdW50LmFkZHJlc3Nlcy5ydyBzZmNjLnNob3BwZXItbXlhY2NvdW50LnByb2R1Y3RsaXN0cy5ydyBzZmNjLnNob3BwZXItcHJvZHVjdGxpc3RzIHNmY2Muc2hvcHBlci1wcm9tb3Rpb25zIHNmY2Muc2hvcHBlci1iYXNrZXRzLW9yZGVycy5ydyBzZmNjLnNob3BwZXItZ2lmdC1jZXJ0aWZpY2F0ZXMgc2ZjYy5zaG9wcGVyLW15YWNjb3VudC5wYXltZW50aW5zdHJ1bWVudHMucncgc2ZjYy5zaG9wcGVyLXByb2R1Y3Qtc2VhcmNoIHNmY2Muc2hvcHBlci1teWFjY291bnQucHJvZHVjdGxpc3RzIHNmY2Muc2hvcHBlci1jYXRlZ29yaWVzIHNmY2Muc2hvcHBlci1teWFjY291bnQiLCJzdWIiOiJjYy1zbGFzOjpiamNsX2Rldjo6c2NpZDo1ZDI1ZjVmYS01YTRmLTQ2YjUtYTIxMS04NzU1NDJjODVhYzE6OnVzaWQ6NjEwYTNmZWEtODI2MC00YTgyLWEyZDktMWRjMDk5ODY3MjBmIiwiY3R4Ijoic2xhcyIsImlzcyI6InNsYXMvcHJvZC9iamNsX2RldiIsImlzdCI6MSwiZG50IjoiMCIsImF1ZCI6ImNvbW1lcmNlY2xvdWQvcHJvZC9iamNsX2RldiIsIm5iZiI6MTcxODEwOTE5Mywic3R5IjoiVXNlciIsImlzYiI6InVpZG86ZWNvbTo6dXBuOnFhLnRvdGFscGxheSswMTAwOTg3MTA1QGdtYWlsLmNvbTo6dWlkbjpSaWNhcmRvICBDb3JvbmEgQ3J1ejo6Z2NpZDphYmxIY1V3cmxLeHVjUm1iZzBrYVlZd3JFVzo6cmNpZDphY25SYldxdWpIQ3BnOW9xNlYyaGt1VGFTVzo6Y2hpZDpUUC1TSE9QIiwiZXhwIjoxNzE4MTExMDIzLCJpYXQiOjE3MTgxMDkyMjMsImp0aSI6IkMyQy0xMzExNTYzNTcwMTc4NzUxMTg1MDEwMjMwODMyNDM5MTUyNjgifQ.vAuEuXdsmslS-Nie1jW9wbR9_LCy_IJmo1B-LniGlxkoQbE-gHlLWzsiOwVvkbiqsmWHw8w1cI52oBO9xbpAcg

11-06-2024T18:03:44 - [TEST_STEP][PASSED] - Authorization = "Bearer " + sfccAuthorization: null

11-06-2024T18:03:44 - [TEST_STEP][PASSED] - logInfo(bm_auth_token): 

11-06-2024T18:03:44 - [MESSAGE][INFO] - 

11-06-2024T18:03:44 - [TEST_STEP][PASSED] - if (sfccAuthorization.length() == 0): null

11-06-2024T18:03:44 - [TEST_STEP][PASSED] - else: authorization generated

11-06-2024T18:03:44 - [TEST_STEP][PASSED] - markPassed("authorization generated"): authorization generated

11-06-2024T18:03:44 - [MESSAGE][PASSED] - authorization generated

11-06-2024T18:03:44 - [TEST_STEP][PASSED] - BasketId_loginResponse = "ocapiResponse.c_basketId": null

11-06-2024T18:03:44 - [TEST_STEP][PASSED] - CustomerId_loginResponse = "ocapiResponse.customer_id": null

11-06-2024T18:03:44 - [TEST_STEP][PASSED] - basketId = getElementPropertyValue(LoginResponse, BasketId_loginResponse): Checking response object

11-06-2024T18:03:44 - [MESSAGE][INFO] - Checking response object

11-06-2024T18:03:44 - [TEST_STEP][PASSED] - customerId = getElementPropertyValue(LoginResponse, CustomerId_loginResponse): Checking response object

11-06-2024T18:03:44 - [MESSAGE][INFO] - Checking response object

11-06-2024T18:03:44 - [TEST_STEP][PASSED] - basketID = basketId: null

11-06-2024T18:03:44 - [TEST_STEP][PASSED] - sla_customerId = customerId: null

11-06-2024T18:03:44 - [TEST_STEP][PASSED] - println(basketID): null

11-06-2024T18:03:44 - [TEST_STEP][PASSED] - println(sla_customerId): null

11-06-2024T18:03:44 - [TEST_STEP][PASSED] - refresh_token = "ocapiResponse.refresh_token": null

11-06-2024T18:03:44 - [TEST_STEP][PASSED] - customer_email = "ocapiResponse.customer_email": null

11-06-2024T18:03:44 - [TEST_STEP][PASSED] - c_brmId = "ocapiResponse.c_brmId": null

11-06-2024T18:03:44 - [TEST_STEP][PASSED] - customer_name = "ocapiResponse.customer_name": null

11-06-2024T18:03:44 - [TEST_STEP][PASSED] - totalplay.Common.verifyPropertyExist(LoginResponse, refresh_token): totalplay.Common.verifyPropertyExist is PASSED

11-06-2024T18:03:44 - [MESSAGE][INFO] - Checking response object

11-06-2024T18:03:44 - [MESSAGE][PASSED] - totalplay.Common.verifyPropertyExist is PASSED

11-06-2024T18:03:44 - [TEST_STEP][PASSED] - totalplay.Common.verifyPropertyValueExist(LoginResponse, refresh_token): totalplay.Common.verifyPropertyValueExist is PASSED

11-06-2024T18:03:44 - [MESSAGE][INFO] - Checking response object

11-06-2024T18:03:44 - [MESSAGE][INFO] - ufuNEXdnmL84__dMU-o3kFLqAvLSW3yVSlzoIT5NDpI

11-06-2024T18:03:44 - [MESSAGE][PASSED] - totalplay.Common.verifyPropertyValueExist is PASSED

11-06-2024T18:03:44 - [TEST_STEP][PASSED] - totalplay.Common.verifyPropertyExist(LoginResponse, customer_email): totalplay.Common.verifyPropertyExist is PASSED

11-06-2024T18:03:44 - [MESSAGE][INFO] - Checking response object

11-06-2024T18:03:44 - [MESSAGE][PASSED] - totalplay.Common.verifyPropertyExist is PASSED

11-06-2024T18:03:44 - [TEST_STEP][PASSED] - totalplay.Common.verifyPropertyValueExist(LoginResponse, customer_email): totalplay.Common.verifyPropertyValueExist is PASSED

11-06-2024T18:03:44 - [MESSAGE][INFO] - Checking response object

11-06-2024T18:03:44 - [MESSAGE][INFO] - qa.totalplay@gmail.com

11-06-2024T18:03:44 - [MESSAGE][PASSED] - totalplay.Common.verifyPropertyValueExist is PASSED

11-06-2024T18:03:44 - [TEST_STEP][PASSED] - totalplay.Common.verifyPropertyExist(LoginResponse, customer_name): totalplay.Common.verifyPropertyExist is PASSED

11-06-2024T18:03:44 - [MESSAGE][INFO] - Checking response object

11-06-2024T18:03:44 - [MESSAGE][PASSED] - totalplay.Common.verifyPropertyExist is PASSED

11-06-2024T18:03:44 - [TEST_STEP][PASSED] - totalplay.Common.verifyPropertyValueExist(LoginResponse, customer_name): totalplay.Common.verifyPropertyValueExist is PASSED

11-06-2024T18:03:44 - [MESSAGE][INFO] - Checking response object

11-06-2024T18:03:44 - [MESSAGE][INFO] - Ricardo  Corona Cruz

11-06-2024T18:03:44 - [MESSAGE][PASSED] - totalplay.Common.verifyPropertyValueExist is PASSED

11-06-2024T18:03:44 - [TEST_STEP][PASSED] - totalplay.Common.verifyPropertyExist(LoginResponse, c_brmId): totalplay.Common.verifyPropertyExist is PASSED

11-06-2024T18:03:44 - [MESSAGE][INFO] - Checking response object

11-06-2024T18:03:44 - [MESSAGE][PASSED] - totalplay.Common.verifyPropertyExist is PASSED

11-06-2024T18:03:44 - [TEST_STEP][PASSED] - totalplay.Common.verifyPropertyValueExist(LoginResponse, c_brmId): totalplay.Common.verifyPropertyValueExist is PASSED

11-06-2024T18:03:44 - [MESSAGE][INFO] - Checking response object

11-06-2024T18:03:44 - [MESSAGE][INFO] - 0100987105

11-06-2024T18:03:44 - [MESSAGE][PASSED] - totalplay.Common.verifyPropertyValueExist is PASSED

11-06-2024T18:03:44 - [MESSAGE][PASSED] - Call Test Case 'Test Cases/TotalPlay-Shop/TC_1_InterfaceLogin' successfully

11-06-2024T18:03:44 - [TEST_STEP][PASSED] - AddToCart_Response = sendRequest(findTestObject("TotalPlay-Shop/Postman/Cart/AddProductToBasket", ["URL":URL, "SITEID":SITEID, "basketID":basketID])): Send request successfully

11-06-2024T18:03:44 - [MESSAGE][INFO] - Finding Test Object 'Object Repository/TotalPlay-Shop/Postman/Cart/AddProductToBasket'

11-06-2024T18:03:44 - [MESSAGE][INFO] - Checking request object

11-06-2024T18:03:45 - [MESSAGE][INFO] - HAR: D:\Automation\KogniveraGithub\TotalPlay_Automation\totalplay-API\totalplay-automation\Reports\20240611_180136\Shop-Services\20240611_180137\requests\main\34.har

11-06-2024T18:03:45 - [MESSAGE][PASSED] - Send request successfully

11-06-2024T18:03:45 - [TEST_STEP][PASSED] - GetBasket_Response = sendRequest(findTestObject("TotalPlay-Shop/Postman/Cart/Get Basket", ["URL":URL, "SITEID":SITEID, "basketID":basketID])): Send request successfully

11-06-2024T18:03:45 - [MESSAGE][INFO] - Finding Test Object 'Object Repository/TotalPlay-Shop/Postman/Cart/Get Basket'

11-06-2024T18:03:45 - [MESSAGE][INFO] - Checking request object

11-06-2024T18:03:46 - [MESSAGE][INFO] - HAR: D:\Automation\KogniveraGithub\TotalPlay_Automation\totalplay-API\totalplay-automation\Reports\20240611_180136\Shop-Services\20240611_180137\requests\main\35.har

11-06-2024T18:03:46 - [MESSAGE][PASSED] - Send request successfully

11-06-2024T18:03:46 - [TEST_STEP][PASSED] - verifyResponseStatusCode(GetBasket_Response, 200): Verify response status code successfully

11-06-2024T18:03:46 - [MESSAGE][INFO] - Checking response object

11-06-2024T18:03:46 - [MESSAGE][PASSED] - Verify response status code successfully

11-06-2024T18:03:46 - [TEST_STEP][PASSED] - agent_basket = "agent_basket": null

11-06-2024T18:03:46 - [TEST_STEP][PASSED] - basket_id = "basket_id": null

11-06-2024T18:03:46 - [TEST_STEP][PASSED] - channel_type = "channel_type": null

11-06-2024T18:03:46 - [TEST_STEP][PASSED] - creation_date = "creation_date": null

11-06-2024T18:03:46 - [TEST_STEP][PASSED] - currency = "currency": null

11-06-2024T18:03:46 - [TEST_STEP][PASSED] - customer_id = "customer_info.customer_id": null

11-06-2024T18:03:46 - [TEST_STEP][PASSED] - customer_no = "customer_info.customer_no": null

11-06-2024T18:03:46 - [TEST_STEP][PASSED] - email = "customer_info.email": null

11-06-2024T18:03:46 - [TEST_STEP][PASSED] - last_modified = "last_modified": null

11-06-2024T18:03:46 - [TEST_STEP][PASSED] - link = "notes.link": null

11-06-2024T18:03:46 - [TEST_STEP][PASSED] - order_total = "order_total": null

11-06-2024T18:03:46 - [TEST_STEP][PASSED] - base_price = "product_items[0].base_price": null

11-06-2024T18:03:46 - [TEST_STEP][PASSED] - bonus_product_line_item = "product_items[0].bonus_product_line_item": null

11-06-2024T18:03:46 - [TEST_STEP][PASSED] - gift = "product_items[0].gift": null

11-06-2024T18:03:46 - [TEST_STEP][PASSED] - inventory_id = "product_items[0].inventory_id": null

11-06-2024T18:03:46 - [TEST_STEP][PASSED] - item_id = "product_items[0].item_id": null

11-06-2024T18:03:46 - [TEST_STEP][PASSED] - item_text = "product_items[0].item_text": null

11-06-2024T18:03:46 - [TEST_STEP][PASSED] - price = "product_items[0].price": null

11-06-2024T18:03:46 - [TEST_STEP][PASSED] - price_after_item_discount = "product_items[0].price_after_item_discount": null

11-06-2024T18:03:46 - [TEST_STEP][PASSED] - price_after_order_discount = "product_items[0].price_after_order_discount": null

11-06-2024T18:03:46 - [TEST_STEP][PASSED] - product_id = "product_items[0].product_id": null

11-06-2024T18:03:46 - [TEST_STEP][PASSED] - product_name = "product_items[0].product_name": null

11-06-2024T18:03:46 - [TEST_STEP][PASSED] - quantity = "product_items[0].quantity": null

11-06-2024T18:03:46 - [TEST_STEP][PASSED] - shipment_id = "product_items[0].shipment_id": null

11-06-2024T18:03:46 - [TEST_STEP][PASSED] - tax_basis = "product_items[0].tax_basis": null

11-06-2024T18:03:46 - [TEST_STEP][PASSED] - tax_class_id = "product_items[0].tax_class_id": null

11-06-2024T18:03:46 - [TEST_STEP][PASSED] - c_fromStoreId = "product_items[0].c_fromStoreId": null

11-06-2024T18:03:46 - [TEST_STEP][PASSED] - c_isOnDemandStoreItem = "product_items[0].c_isOnDemandStoreItem": null

11-06-2024T18:03:46 - [TEST_STEP][PASSED] - c_miraklLeadTimeToShip = "product_items[0].c_miraklLeadTimeToShip": null

11-06-2024T18:03:46 - [TEST_STEP][PASSED] - c_miraklOperatorProductId = "product_items[0].c_miraklOperatorProductId": null

11-06-2024T18:03:46 - [TEST_STEP][PASSED] - c_offerId = "product_items[0].c_offerId": null

11-06-2024T18:03:46 - [TEST_STEP][PASSED] - c_offerListPrice = "product_items[0].c_offerListPrice": null

11-06-2024T18:03:46 - [TEST_STEP][PASSED] - c_offerSalesPrice = "product_items[0].c_offerSalesPrice": null

11-06-2024T18:03:46 - [TEST_STEP][PASSED] - c_offerState = "product_items[0].c_offerState": null

11-06-2024T18:03:46 - [TEST_STEP][PASSED] - c_offerStateCode = "product_items[0].c_offerStateCode": null

11-06-2024T18:03:46 - [TEST_STEP][PASSED] - alt = "product_items[0].c_productImage[0].alt": null

11-06-2024T18:03:46 - [TEST_STEP][PASSED] - url = "product_items[0].c_productImage[0].url": null

11-06-2024T18:03:46 - [TEST_STEP][PASSED] - title = "product_items[0].c_productImage[0].title": null

11-06-2024T18:03:46 - [TEST_STEP][PASSED] - c_shopId = "product_items[0].c_shopId": null

11-06-2024T18:03:46 - [TEST_STEP][PASSED] - c_shopName = "product_items[0].c_shopName": null

11-06-2024T18:03:46 - [TEST_STEP][PASSED] - c_availableQty = "product_items[0].c_availableQty": null

11-06-2024T18:03:46 - [TEST_STEP][PASSED] - product_sub_total = "product_sub_total": null

11-06-2024T18:03:46 - [TEST_STEP][PASSED] - product_total = "product_total": null

11-06-2024T18:03:46 - [TEST_STEP][PASSED] - shipment_id = "shipments[0].shipment_id": null

11-06-2024T18:03:46 - [TEST_STEP][PASSED] - shipment_total = "shipments[0].shipment_total": null

11-06-2024T18:03:46 - [TEST_STEP][PASSED] - shipping_method_type = "shipments[0].shipping_method._type": null

11-06-2024T18:03:46 - [TEST_STEP][PASSED] - shipping_method_id = "shipments[0].shipping_method.id": null

11-06-2024T18:03:46 - [TEST_STEP][PASSED] - shipping_method_name = "shipments[0].shipping_method.name": null

11-06-2024T18:03:46 - [TEST_STEP][PASSED] - c_storePickupEnabled = "shipments[0].shipping_method.c_storePickupEnabled": null

11-06-2024T18:03:46 - [TEST_STEP][PASSED] - shipping_status = "shipments[0].shipping_status": null

11-06-2024T18:03:46 - [TEST_STEP][PASSED] - shipping_total = "shipments[0].shipping_total": null

11-06-2024T18:03:46 - [TEST_STEP][PASSED] - shipping_total_tax = "shipments[0].shipping_total_tax": null

11-06-2024T18:03:46 - [TEST_STEP][PASSED] - shipping_items_item_id = "shipping_items[0].item_id": null

11-06-2024T18:03:46 - [TEST_STEP][PASSED] - shipping_items_item_text = "shipping_items[0].item_text": null

11-06-2024T18:03:46 - [TEST_STEP][PASSED] - c_corporateImgUrl = "c_corporateImgUrl": null

11-06-2024T18:03:46 - [TEST_STEP][PASSED] - c_currentCorporate = "c_currentCorporate": null

11-06-2024T18:03:46 - [TEST_STEP][PASSED] - c_currentMultiStoreID = "c_currentMultiStoreID": null

11-06-2024T18:03:46 - [TEST_STEP][PASSED] - c_isLock = "c_isLock": null

11-06-2024T18:03:46 - [TEST_STEP][PASSED] - c_lockTime = "c_lockTime": null

11-06-2024T18:03:46 - [TEST_STEP][PASSED] - c_multiStoreEDD = "c_multiStoreEDD": null

11-06-2024T18:03:46 - [TEST_STEP][PASSED] - c_onDemandEDD = "c_onDemandEDD": null

11-06-2024T18:03:46 - [TEST_STEP][PASSED] - c_seller_id = "c_seller_id": null

11-06-2024T18:03:46 - [TEST_STEP][PASSED] - c_SellerList_name = "c_SellerList[0].name": null

11-06-2024T18:03:46 - [TEST_STEP][PASSED] - c_SellerList_corporateImgURL = "c_SellerList[0].corporateImgURL": null

11-06-2024T18:03:46 - [TEST_STEP][PASSED] - c_SellerList_corporateColorCode = "c_SellerList[0].corporateColorCode": null

11-06-2024T18:03:46 - [TEST_STEP][PASSED] - c_SellerList_productsCount = "c_SellerList[0].productsCount": null

11-06-2024T18:03:46 - [TEST_STEP][PASSED] - c_SellerList_productID = "c_SellerList[0].cartItems[0].productID": null

11-06-2024T18:03:46 - [TEST_STEP][PASSED] - c_SellerList_sellerId = "c_SellerList[0].cartItems[0].sellerId": null

11-06-2024T18:03:46 - [TEST_STEP][PASSED] - c_SellerList_isOnDemandStoreItem = "c_SellerList[0].cartItems[0].isOnDemandStoreItem": null

11-06-2024T18:03:46 - [TEST_STEP][PASSED] - c_SellerList_alt = "c_SellerList[0].cartItems[0].productImage[0].alt": null

11-06-2024T18:03:46 - [TEST_STEP][PASSED] - c_SellerList_url = "c_SellerList[0].cartItems[0].productImage[0].url": null

11-06-2024T18:03:46 - [TEST_STEP][PASSED] - c_SellerList_title = "c_SellerList[0].cartItems[0].productImage[0].title": null

11-06-2024T18:03:46 - [TEST_STEP][PASSED] - c_SellerList_quantity = "c_SellerList[0].cartItems[0].quantity": null

11-06-2024T18:03:46 - [TEST_STEP][PASSED] - c_SellerList_name1 = "c_SellerList[0].cartItems[0].name": null

11-06-2024T18:03:46 - [TEST_STEP][PASSED] - c_preferredAddress = "c_preferredAddress": null

11-06-2024T18:03:46 - [TEST_STEP][PASSED] - c_OnDemandStoreOpenHours = "c_OnDemandStoreOpenHours": null

11-06-2024T18:03:46 - [TEST_STEP][PASSED] - c_savingsTotal = "c_savingsTotal": null

11-06-2024T18:03:46 - [TEST_STEP][PASSED] - c_formatedOrderTotal = "c_formatedOrderTotal": null

11-06-2024T18:03:46 - [TEST_STEP][PASSED] - c_formatedProductTotal = "c_formatedProductTotal": null

11-06-2024T18:03:46 - [TEST_STEP][PASSED] - totalplay.Common.getBooleanValueofObject(GetBasket_Response, agent_basket): totalplay.Common.getBooleanValueofObject is PASSED

11-06-2024T18:03:46 - [MESSAGE][INFO] - Checking response object

11-06-2024T18:03:46 - [MESSAGE][PASSED] - totalplay.Common.getBooleanValueofObject is PASSED

11-06-2024T18:03:46 - [TEST_STEP][PASSED] - totalplay.Common.verifyPropertyExist(GetBasket_Response, basket_id): totalplay.Common.verifyPropertyExist is PASSED

11-06-2024T18:03:46 - [MESSAGE][INFO] - Checking response object

11-06-2024T18:03:46 - [MESSAGE][PASSED] - totalplay.Common.verifyPropertyExist is PASSED

11-06-2024T18:03:46 - [TEST_STEP][PASSED] - totalplay.Common.verifyPropertyValueExist(GetBasket_Response, basket_id): totalplay.Common.verifyPropertyValueExist is PASSED

11-06-2024T18:03:46 - [MESSAGE][INFO] - Checking response object

11-06-2024T18:03:46 - [MESSAGE][INFO] - cb07b36e4ccfac89074d4fb1ff

11-06-2024T18:03:46 - [MESSAGE][PASSED] - totalplay.Common.verifyPropertyValueExist is PASSED

11-06-2024T18:03:46 - [TEST_STEP][PASSED] - totalplay.Common.verifyPropertyExist(GetBasket_Response, channel_type): totalplay.Common.verifyPropertyExist is PASSED

11-06-2024T18:03:46 - [MESSAGE][INFO] - Checking response object

11-06-2024T18:03:46 - [MESSAGE][PASSED] - totalplay.Common.verifyPropertyExist is PASSED

11-06-2024T18:03:46 - [TEST_STEP][PASSED] - totalplay.Common.verifyPropertyValueExist(GetBasket_Response, channel_type): totalplay.Common.verifyPropertyValueExist is PASSED

11-06-2024T18:03:46 - [MESSAGE][INFO] - Checking response object

11-06-2024T18:03:46 - [MESSAGE][INFO] - storefront

11-06-2024T18:03:46 - [MESSAGE][PASSED] - totalplay.Common.verifyPropertyValueExist is PASSED

11-06-2024T18:03:46 - [TEST_STEP][PASSED] - totalplay.Common.verifyPropertyExist(GetBasket_Response, creation_date): totalplay.Common.verifyPropertyExist is PASSED

11-06-2024T18:03:46 - [MESSAGE][INFO] - Checking response object

11-06-2024T18:03:46 - [MESSAGE][PASSED] - totalplay.Common.verifyPropertyExist is PASSED

11-06-2024T18:03:46 - [TEST_STEP][PASSED] - totalplay.Common.verifyPropertyValueExist(GetBasket_Response, creation_date): totalplay.Common.verifyPropertyValueExist is PASSED

11-06-2024T18:03:46 - [MESSAGE][INFO] - Checking response object

11-06-2024T18:03:46 - [MESSAGE][INFO] - 2024-06-10T08:58:09.765Z

11-06-2024T18:03:46 - [MESSAGE][PASSED] - totalplay.Common.verifyPropertyValueExist is PASSED

11-06-2024T18:03:46 - [TEST_STEP][PASSED] - totalplay.Common.verifyPropertyExist(GetBasket_Response, currency): totalplay.Common.verifyPropertyExist is PASSED

11-06-2024T18:03:46 - [MESSAGE][INFO] - Checking response object

11-06-2024T18:03:46 - [MESSAGE][PASSED] - totalplay.Common.verifyPropertyExist is PASSED

11-06-2024T18:03:46 - [TEST_STEP][PASSED] - totalplay.Common.verifyPropertyValueExist(GetBasket_Response, currency): totalplay.Common.verifyPropertyValueExist is PASSED

11-06-2024T18:03:46 - [MESSAGE][INFO] - Checking response object

11-06-2024T18:03:46 - [MESSAGE][INFO] - MXN

11-06-2024T18:03:46 - [MESSAGE][PASSED] - totalplay.Common.verifyPropertyValueExist is PASSED

11-06-2024T18:03:46 - [TEST_STEP][PASSED] - totalplay.Common.verifyPropertyExist(GetBasket_Response, customer_id): totalplay.Common.verifyPropertyExist is PASSED

11-06-2024T18:03:46 - [MESSAGE][INFO] - Checking response object

11-06-2024T18:03:46 - [MESSAGE][PASSED] - totalplay.Common.verifyPropertyExist is PASSED

11-06-2024T18:03:46 - [TEST_STEP][PASSED] - totalplay.Common.verifyPropertyValueExist(GetBasket_Response, customer_id): totalplay.Common.verifyPropertyValueExist is PASSED

11-06-2024T18:03:46 - [MESSAGE][INFO] - Checking response object

11-06-2024T18:03:46 - [MESSAGE][INFO] - acnRbWqujHCpg9oq6V2hkuTaSW

11-06-2024T18:03:46 - [MESSAGE][PASSED] - totalplay.Common.verifyPropertyValueExist is PASSED

11-06-2024T18:03:46 - [TEST_STEP][PASSED] - totalplay.Common.verifyPropertyExist(GetBasket_Response, customer_no): totalplay.Common.verifyPropertyExist is PASSED

11-06-2024T18:03:46 - [MESSAGE][INFO] - Checking response object

11-06-2024T18:03:46 - [MESSAGE][PASSED] - totalplay.Common.verifyPropertyExist is PASSED

11-06-2024T18:03:46 - [TEST_STEP][PASSED] - totalplay.Common.verifyPropertyValueExist(GetBasket_Response, customer_no): totalplay.Common.verifyPropertyValueExist is PASSED

11-06-2024T18:03:46 - [MESSAGE][INFO] - Checking response object

11-06-2024T18:03:46 - [MESSAGE][INFO] - 00011507

11-06-2024T18:03:46 - [MESSAGE][PASSED] - totalplay.Common.verifyPropertyValueExist is PASSED

11-06-2024T18:03:46 - [TEST_STEP][PASSED] - totalplay.Common.verifyPropertyExist(GetBasket_Response, email): totalplay.Common.verifyPropertyExist is PASSED

11-06-2024T18:03:46 - [MESSAGE][INFO] - Checking response object

11-06-2024T18:03:46 - [MESSAGE][PASSED] - totalplay.Common.verifyPropertyExist is PASSED

11-06-2024T18:03:46 - [TEST_STEP][PASSED] - totalplay.Common.verifyPropertyValueExist(GetBasket_Response, email): totalplay.Common.verifyPropertyValueExist is PASSED

11-06-2024T18:03:46 - [MESSAGE][INFO] - Checking response object

11-06-2024T18:03:46 - [MESSAGE][INFO] - qa.totalplay@gmail.com

11-06-2024T18:03:46 - [MESSAGE][PASSED] - totalplay.Common.verifyPropertyValueExist is PASSED

11-06-2024T18:03:46 - [TEST_STEP][PASSED] - totalplay.Common.verifyPropertyExist(GetBasket_Response, last_modified): totalplay.Common.verifyPropertyExist is PASSED

11-06-2024T18:03:46 - [MESSAGE][INFO] - Checking response object

11-06-2024T18:03:46 - [MESSAGE][PASSED] - totalplay.Common.verifyPropertyExist is PASSED

11-06-2024T18:03:46 - [TEST_STEP][PASSED] - totalplay.Common.verifyPropertyValueExist(GetBasket_Response, last_modified): totalplay.Common.verifyPropertyValueExist is PASSED

11-06-2024T18:03:46 - [MESSAGE][INFO] - Checking response object

11-06-2024T18:03:46 - [MESSAGE][INFO] - 2024-06-11T12:33:45.172Z

11-06-2024T18:03:46 - [MESSAGE][PASSED] - totalplay.Common.verifyPropertyValueExist is PASSED

11-06-2024T18:03:46 - [TEST_STEP][PASSED] - totalplay.Common.verifyPropertyExist(GetBasket_Response, link): totalplay.Common.verifyPropertyExist is PASSED

11-06-2024T18:03:46 - [MESSAGE][INFO] - Checking response object

11-06-2024T18:03:46 - [MESSAGE][PASSED] - totalplay.Common.verifyPropertyExist is PASSED

11-06-2024T18:03:46 - [TEST_STEP][PASSED] - totalplay.Common.verifyPropertyValueExist(GetBasket_Response, link): totalplay.Common.verifyPropertyValueExist is PASSED

11-06-2024T18:03:46 - [MESSAGE][INFO] - Checking response object

11-06-2024T18:03:46 - [MESSAGE][INFO] - https://salesforceqa.sistemastp.com.mx/s/TP-SHOP/dw/shop/v23_1/baskets/cb07b36e4ccfac89074d4fb1ff/notes

11-06-2024T18:03:46 - [MESSAGE][PASSED] - totalplay.Common.verifyPropertyValueExist is PASSED

11-06-2024T18:03:46 - [TEST_STEP][PASSED] - totalplay.Common.getDecimalValueofObject(GetBasket_Response, order_total): totalplay.Common.getDecimalValueofObject is PASSED

11-06-2024T18:03:46 - [MESSAGE][INFO] - Checking response object

11-06-2024T18:03:46 - [MESSAGE][PASSED] - totalplay.Common.getDecimalValueofObject is PASSED

11-06-2024T18:03:46 - [TEST_STEP][PASSED] - totalplay.Common.getDecimalValueofObject(GetBasket_Response, base_price): totalplay.Common.getDecimalValueofObject is PASSED

11-06-2024T18:03:46 - [MESSAGE][INFO] - Checking response object

11-06-2024T18:03:46 - [MESSAGE][PASSED] - totalplay.Common.getDecimalValueofObject is PASSED

11-06-2024T18:03:46 - [TEST_STEP][PASSED] - totalplay.Common.getBooleanValueofObject(GetBasket_Response, bonus_product_line_item): totalplay.Common.getBooleanValueofObject is PASSED

11-06-2024T18:03:46 - [MESSAGE][INFO] - Checking response object

11-06-2024T18:03:46 - [MESSAGE][PASSED] - totalplay.Common.getBooleanValueofObject is PASSED

11-06-2024T18:03:46 - [TEST_STEP][PASSED] - totalplay.Common.getBooleanValueofObject(GetBasket_Response, gift): totalplay.Common.getBooleanValueofObject is PASSED

11-06-2024T18:03:46 - [MESSAGE][INFO] - Checking response object

11-06-2024T18:03:46 - [MESSAGE][PASSED] - totalplay.Common.getBooleanValueofObject is PASSED

11-06-2024T18:03:46 - [TEST_STEP][PASSED] - totalplay.Common.verifyPropertyExist(GetBasket_Response, inventory_id): totalplay.Common.verifyPropertyExist is PASSED

11-06-2024T18:03:46 - [MESSAGE][INFO] - Checking response object

11-06-2024T18:03:46 - [MESSAGE][PASSED] - totalplay.Common.verifyPropertyExist is PASSED

11-06-2024T18:03:46 - [TEST_STEP][PASSED] - totalplay.Common.verifyPropertyValueExist(GetBasket_Response, inventory_id): totalplay.Common.verifyPropertyValueExist is PASSED

11-06-2024T18:03:46 - [MESSAGE][INFO] - Checking response object

11-06-2024T18:03:46 - [MESSAGE][INFO] - inventory_m_shop_mirakl

11-06-2024T18:03:46 - [MESSAGE][PASSED] - totalplay.Common.verifyPropertyValueExist is PASSED

11-06-2024T18:03:46 - [TEST_STEP][PASSED] - totalplay.Common.verifyPropertyExist(GetBasket_Response, item_id): totalplay.Common.verifyPropertyExist is PASSED

11-06-2024T18:03:46 - [MESSAGE][INFO] - Checking response object

11-06-2024T18:03:46 - [MESSAGE][PASSED] - totalplay.Common.verifyPropertyExist is PASSED

11-06-2024T18:03:46 - [TEST_STEP][PASSED] - totalplay.Common.verifyPropertyValueExist(GetBasket_Response, item_id): totalplay.Common.verifyPropertyValueExist is PASSED

11-06-2024T18:03:46 - [MESSAGE][INFO] - Checking response object

11-06-2024T18:03:46 - [MESSAGE][INFO] - 12a7230c78e56a678986b1553e

11-06-2024T18:03:46 - [MESSAGE][PASSED] - totalplay.Common.verifyPropertyValueExist is PASSED

11-06-2024T18:03:46 - [TEST_STEP][PASSED] - totalplay.Common.verifyPropertyExist(GetBasket_Response, item_text): totalplay.Common.verifyPropertyExist is PASSED

11-06-2024T18:03:46 - [MESSAGE][INFO] - Checking response object

11-06-2024T18:03:46 - [MESSAGE][PASSED] - totalplay.Common.verifyPropertyExist is PASSED

11-06-2024T18:03:46 - [TEST_STEP][PASSED] - totalplay.Common.verifyPropertyValueExist(GetBasket_Response, item_text): totalplay.Common.verifyPropertyValueExist is PASSED

11-06-2024T18:03:46 - [MESSAGE][INFO] - Checking response object

11-06-2024T18:03:46 - [MESSAGE][INFO] - Pera de Peluche Amarillo

11-06-2024T18:03:46 - [MESSAGE][PASSED] - totalplay.Common.verifyPropertyValueExist is PASSED

11-06-2024T18:03:46 - [TEST_STEP][PASSED] - totalplay.Common.getDecimalValueofObject(GetBasket_Response, price): totalplay.Common.getDecimalValueofObject is PASSED

11-06-2024T18:03:46 - [MESSAGE][INFO] - Checking response object

11-06-2024T18:03:46 - [MESSAGE][PASSED] - totalplay.Common.getDecimalValueofObject is PASSED

11-06-2024T18:03:46 - [TEST_STEP][PASSED] - totalplay.Common.getDecimalValueofObject(GetBasket_Response, price_after_item_discount): totalplay.Common.getDecimalValueofObject is PASSED

11-06-2024T18:03:46 - [MESSAGE][INFO] - Checking response object

11-06-2024T18:03:46 - [MESSAGE][PASSED] - totalplay.Common.getDecimalValueofObject is PASSED

11-06-2024T18:03:46 - [TEST_STEP][PASSED] - totalplay.Common.getDecimalValueofObject(GetBasket_Response, price_after_order_discount): totalplay.Common.getDecimalValueofObject is PASSED

11-06-2024T18:03:46 - [MESSAGE][INFO] - Checking response object

11-06-2024T18:03:46 - [MESSAGE][PASSED] - totalplay.Common.getDecimalValueofObject is PASSED

11-06-2024T18:03:46 - [TEST_STEP][PASSED] - totalplay.Common.verifyPropertyExist(GetBasket_Response, product_id): totalplay.Common.verifyPropertyExist is PASSED

11-06-2024T18:03:46 - [MESSAGE][INFO] - Checking response object

11-06-2024T18:03:46 - [MESSAGE][PASSED] - totalplay.Common.verifyPropertyExist is PASSED

11-06-2024T18:03:46 - [TEST_STEP][PASSED] - totalplay.Common.verifyPropertyValueExist(GetBasket_Response, product_id): totalplay.Common.verifyPropertyValueExist is PASSED

11-06-2024T18:03:46 - [MESSAGE][INFO] - Checking response object

11-06-2024T18:03:46 - [MESSAGE][INFO] - T1770547312

11-06-2024T18:03:46 - [MESSAGE][PASSED] - totalplay.Common.verifyPropertyValueExist is PASSED

11-06-2024T18:03:46 - [TEST_STEP][PASSED] - totalplay.Common.verifyPropertyExist(GetBasket_Response, product_name): totalplay.Common.verifyPropertyExist is PASSED

11-06-2024T18:03:46 - [MESSAGE][INFO] - Checking response object

11-06-2024T18:03:46 - [MESSAGE][PASSED] - totalplay.Common.verifyPropertyExist is PASSED

11-06-2024T18:03:46 - [TEST_STEP][PASSED] - totalplay.Common.verifyPropertyValueExist(GetBasket_Response, product_name): totalplay.Common.verifyPropertyValueExist is PASSED

11-06-2024T18:03:46 - [MESSAGE][INFO] - Checking response object

11-06-2024T18:03:46 - [MESSAGE][INFO] - Pera de Peluche Amarillo

11-06-2024T18:03:46 - [MESSAGE][PASSED] - totalplay.Common.verifyPropertyValueExist is PASSED

11-06-2024T18:03:46 - [TEST_STEP][PASSED] - totalplay.Common.getNumValueofObject(GetBasket_Response, quantity): totalplay.Common.getNumValueofObject is PASSED

11-06-2024T18:03:46 - [MESSAGE][INFO] - Checking response object

11-06-2024T18:03:46 - [MESSAGE][PASSED] - totalplay.Common.getNumValueofObject is PASSED

11-06-2024T18:03:46 - [TEST_STEP][PASSED] - totalplay.Common.verifyPropertyExist(GetBasket_Response, shipment_id): totalplay.Common.verifyPropertyExist is PASSED

11-06-2024T18:03:46 - [MESSAGE][INFO] - Checking response object

11-06-2024T18:03:46 - [MESSAGE][PASSED] - totalplay.Common.verifyPropertyExist is PASSED

11-06-2024T18:03:46 - [TEST_STEP][PASSED] - totalplay.Common.verifyPropertyValueExist(GetBasket_Response, shipment_id): totalplay.Common.verifyPropertyValueExist is PASSED

11-06-2024T18:03:46 - [MESSAGE][INFO] - Checking response object

11-06-2024T18:03:47 - [MESSAGE][INFO] - me

11-06-2024T18:03:47 - [MESSAGE][PASSED] - totalplay.Common.verifyPropertyValueExist is PASSED

11-06-2024T18:03:47 - [TEST_STEP][PASSED] - totalplay.Common.getDecimalValueofObject(GetBasket_Response, tax_basis): totalplay.Common.getDecimalValueofObject is PASSED

11-06-2024T18:03:47 - [MESSAGE][INFO] - Checking response object

11-06-2024T18:03:47 - [MESSAGE][PASSED] - totalplay.Common.getDecimalValueofObject is PASSED

11-06-2024T18:03:47 - [TEST_STEP][PASSED] - totalplay.Common.verifyPropertyExist(GetBasket_Response, tax_class_id): totalplay.Common.verifyPropertyExist is PASSED

11-06-2024T18:03:47 - [MESSAGE][INFO] - Checking response object

11-06-2024T18:03:47 - [MESSAGE][PASSED] - totalplay.Common.verifyPropertyExist is PASSED

11-06-2024T18:03:47 - [TEST_STEP][PASSED] - totalplay.Common.verifyPropertyValueExist(GetBasket_Response, tax_class_id): totalplay.Common.verifyPropertyValueExist is PASSED

11-06-2024T18:03:47 - [MESSAGE][INFO] - Checking response object

11-06-2024T18:03:47 - [MESSAGE][INFO] - product_zero_tax

11-06-2024T18:03:47 - [MESSAGE][PASSED] - totalplay.Common.verifyPropertyValueExist is PASSED

11-06-2024T18:03:47 - [TEST_STEP][PASSED] - totalplay.Common.verifyPropertyExist(GetBasket_Response, c_fromStoreId): totalplay.Common.verifyPropertyExist is PASSED

11-06-2024T18:03:47 - [MESSAGE][INFO] - Checking response object

11-06-2024T18:03:47 - [MESSAGE][PASSED] - totalplay.Common.verifyPropertyExist is PASSED

11-06-2024T18:03:47 - [TEST_STEP][PASSED] - totalplay.Common.verifyPropertyValueExist(GetBasket_Response, c_fromStoreId): totalplay.Common.verifyPropertyValueExist is PASSED

11-06-2024T18:03:47 - [MESSAGE][INFO] - Checking response object

11-06-2024T18:03:47 - [MESSAGE][INFO] - 2029

11-06-2024T18:03:47 - [MESSAGE][PASSED] - totalplay.Common.verifyPropertyValueExist is PASSED

11-06-2024T18:03:47 - [TEST_STEP][PASSED] - totalplay.Common.getBooleanValueofObject(GetBasket_Response, c_isOnDemandStoreItem): totalplay.Common.getBooleanValueofObject is PASSED

11-06-2024T18:03:47 - [MESSAGE][INFO] - Checking response object

11-06-2024T18:03:47 - [MESSAGE][PASSED] - totalplay.Common.getBooleanValueofObject is PASSED

11-06-2024T18:03:47 - [TEST_STEP][PASSED] - totalplay.Common.verifyPropertyExist(GetBasket_Response, c_miraklLeadTimeToShip): totalplay.Common.verifyPropertyExist is PASSED

11-06-2024T18:03:47 - [MESSAGE][INFO] - Checking response object

11-06-2024T18:03:47 - [MESSAGE][PASSED] - totalplay.Common.verifyPropertyExist is PASSED

11-06-2024T18:03:47 - [TEST_STEP][PASSED] - totalplay.Common.verifyPropertyValueExist(GetBasket_Response, c_miraklLeadTimeToShip): totalplay.Common.verifyPropertyValueExist is PASSED

11-06-2024T18:03:47 - [MESSAGE][INFO] - Checking response object

11-06-2024T18:03:47 - [MESSAGE][INFO] - 1

11-06-2024T18:03:47 - [MESSAGE][PASSED] - totalplay.Common.verifyPropertyValueExist is PASSED

11-06-2024T18:03:47 - [TEST_STEP][PASSED] - totalplay.Common.verifyPropertyExist(GetBasket_Response, c_miraklOperatorProductId): totalplay.Common.verifyPropertyExist is PASSED

11-06-2024T18:03:47 - [MESSAGE][INFO] - Checking response object

11-06-2024T18:03:47 - [MESSAGE][PASSED] - totalplay.Common.verifyPropertyExist is PASSED

11-06-2024T18:03:47 - [TEST_STEP][PASSED] - totalplay.Common.verifyPropertyValueExist(GetBasket_Response, c_miraklOperatorProductId): totalplay.Common.verifyPropertyValueExist is PASSED

11-06-2024T18:03:47 - [MESSAGE][INFO] - Checking response object

11-06-2024T18:03:47 - [MESSAGE][INFO] - T1770547312

11-06-2024T18:03:47 - [MESSAGE][PASSED] - totalplay.Common.verifyPropertyValueExist is PASSED

11-06-2024T18:03:47 - [TEST_STEP][PASSED] - totalplay.Common.verifyPropertyExist(GetBasket_Response, c_offerId): totalplay.Common.verifyPropertyExist is PASSED

11-06-2024T18:03:47 - [MESSAGE][INFO] - Checking response object

11-06-2024T18:03:47 - [MESSAGE][PASSED] - totalplay.Common.verifyPropertyExist is PASSED

11-06-2024T18:03:47 - [TEST_STEP][PASSED] - totalplay.Common.verifyPropertyValueExist(GetBasket_Response, c_offerId): totalplay.Common.verifyPropertyValueExist is PASSED

11-06-2024T18:03:47 - [MESSAGE][INFO] - Checking response object

11-06-2024T18:03:47 - [MESSAGE][INFO] - 149252

11-06-2024T18:03:47 - [MESSAGE][PASSED] - totalplay.Common.verifyPropertyValueExist is PASSED

11-06-2024T18:03:47 - [TEST_STEP][PASSED] - totalplay.Common.getDecimalValueofObject(GetBasket_Response, c_offerListPrice): totalplay.Common.getDecimalValueofObject is PASSED

11-06-2024T18:03:47 - [MESSAGE][INFO] - Checking response object

11-06-2024T18:03:47 - [MESSAGE][PASSED] - totalplay.Common.getDecimalValueofObject is PASSED

11-06-2024T18:03:47 - [TEST_STEP][PASSED] - totalplay.Common.getDecimalValueofObject(GetBasket_Response, c_offerSalesPrice): totalplay.Common.getDecimalValueofObject is PASSED

11-06-2024T18:03:47 - [MESSAGE][INFO] - Checking response object

11-06-2024T18:03:47 - [MESSAGE][PASSED] - totalplay.Common.getDecimalValueofObject is PASSED

11-06-2024T18:03:47 - [TEST_STEP][PASSED] - totalplay.Common.verifyPropertyExist(GetBasket_Response, c_offerState): totalplay.Common.verifyPropertyExist is PASSED

11-06-2024T18:03:47 - [MESSAGE][INFO] - Checking response object

11-06-2024T18:03:47 - [MESSAGE][PASSED] - totalplay.Common.verifyPropertyExist is PASSED

11-06-2024T18:03:47 - [TEST_STEP][PASSED] - totalplay.Common.verifyPropertyValueExist(GetBasket_Response, c_offerState): totalplay.Common.verifyPropertyValueExist is PASSED

11-06-2024T18:03:47 - [MESSAGE][INFO] - Checking response object

11-06-2024T18:03:47 - [MESSAGE][INFO] - Nuevo

11-06-2024T18:03:47 - [MESSAGE][PASSED] - totalplay.Common.verifyPropertyValueExist is PASSED

11-06-2024T18:03:47 - [TEST_STEP][PASSED] - totalplay.Common.verifyPropertyExist(GetBasket_Response, c_offerStateCode): totalplay.Common.verifyPropertyExist is PASSED

11-06-2024T18:03:47 - [MESSAGE][INFO] - Checking response object

11-06-2024T18:03:47 - [MESSAGE][PASSED] - totalplay.Common.verifyPropertyExist is PASSED

11-06-2024T18:03:47 - [TEST_STEP][PASSED] - totalplay.Common.verifyPropertyValueExist(GetBasket_Response, c_offerStateCode): totalplay.Common.verifyPropertyValueExist is PASSED

11-06-2024T18:03:47 - [MESSAGE][INFO] - Checking response object

11-06-2024T18:03:47 - [MESSAGE][INFO] - 11

11-06-2024T18:03:47 - [MESSAGE][PASSED] - totalplay.Common.verifyPropertyValueExist is PASSED

11-06-2024T18:03:47 - [TEST_STEP][PASSED] - totalplay.Common.verifyPropertyExist(GetBasket_Response, alt): totalplay.Common.verifyPropertyExist is PASSED

11-06-2024T18:03:47 - [MESSAGE][INFO] - Checking response object

11-06-2024T18:03:47 - [MESSAGE][PASSED] - totalplay.Common.verifyPropertyExist is PASSED

11-06-2024T18:03:47 - [TEST_STEP][PASSED] - totalplay.Common.verifyPropertyValueExist(GetBasket_Response, alt): totalplay.Common.verifyPropertyValueExist is PASSED

11-06-2024T18:03:47 - [MESSAGE][INFO] - Checking response object

11-06-2024T18:03:47 - [MESSAGE][INFO] - Pera de Peluche Amarillo

11-06-2024T18:03:47 - [MESSAGE][PASSED] - totalplay.Common.verifyPropertyValueExist is PASSED

11-06-2024T18:03:47 - [TEST_STEP][PASSED] - totalplay.Common.verifyPropertyExist(GetBasket_Response, url): totalplay.Common.verifyPropertyExist is PASSED

11-06-2024T18:03:47 - [MESSAGE][INFO] - Checking response object

11-06-2024T18:03:47 - [MESSAGE][PASSED] - totalplay.Common.verifyPropertyExist is PASSED

11-06-2024T18:03:47 - [TEST_STEP][PASSED] - totalplay.Common.verifyPropertyValueExist(GetBasket_Response, url): totalplay.Common.verifyPropertyValueExist is PASSED

11-06-2024T18:03:47 - [MESSAGE][INFO] - Checking response object

11-06-2024T18:03:47 - [MESSAGE][INFO] - https://salesforceqa.sistemastp.com.mx/dw/image/v2/BJCL_DEV/on/demandware.static/-/Sites-Standard/default/dwcc56cdcf/images/large/da896e891b964bd388bf6b8636b06eff.jpg?sw=144&sh=144

11-06-2024T18:03:47 - [MESSAGE][PASSED] - totalplay.Common.verifyPropertyValueExist is PASSED

11-06-2024T18:03:47 - [TEST_STEP][PASSED] - totalplay.Common.verifyPropertyExist(GetBasket_Response, title): totalplay.Common.verifyPropertyExist is PASSED

11-06-2024T18:03:47 - [MESSAGE][INFO] - Checking response object

11-06-2024T18:03:47 - [MESSAGE][PASSED] - totalplay.Common.verifyPropertyExist is PASSED

11-06-2024T18:03:47 - [TEST_STEP][PASSED] - totalplay.Common.verifyPropertyValueExist(GetBasket_Response, title): totalplay.Common.verifyPropertyValueExist is PASSED

11-06-2024T18:03:47 - [MESSAGE][INFO] - Checking response object

11-06-2024T18:03:47 - [MESSAGE][INFO] - Pera de Peluche Amarillo

11-06-2024T18:03:47 - [MESSAGE][PASSED] - totalplay.Common.verifyPropertyValueExist is PASSED

11-06-2024T18:03:47 - [TEST_STEP][PASSED] - totalplay.Common.verifyPropertyExist(GetBasket_Response, c_shopId): totalplay.Common.verifyPropertyExist is PASSED

11-06-2024T18:03:47 - [MESSAGE][INFO] - Checking response object

11-06-2024T18:03:47 - [MESSAGE][PASSED] - totalplay.Common.verifyPropertyExist is PASSED

11-06-2024T18:03:47 - [TEST_STEP][PASSED] - totalplay.Common.verifyPropertyValueExist(GetBasket_Response, c_shopId): totalplay.Common.verifyPropertyValueExist is PASSED

11-06-2024T18:03:47 - [MESSAGE][INFO] - Checking response object

11-06-2024T18:03:47 - [MESSAGE][INFO] - 2029

11-06-2024T18:03:47 - [MESSAGE][PASSED] - totalplay.Common.verifyPropertyValueExist is PASSED

11-06-2024T18:03:47 - [TEST_STEP][PASSED] - totalplay.Common.verifyPropertyExist(GetBasket_Response, c_shopName): totalplay.Common.verifyPropertyExist is PASSED

11-06-2024T18:03:47 - [MESSAGE][INFO] - Checking response object

11-06-2024T18:03:47 - [MESSAGE][PASSED] - totalplay.Common.verifyPropertyExist is PASSED

11-06-2024T18:03:47 - [TEST_STEP][PASSED] - totalplay.Common.verifyPropertyValueExist(GetBasket_Response, c_shopName): totalplay.Common.verifyPropertyValueExist is PASSED

11-06-2024T18:03:47 - [MESSAGE][INFO] - Checking response object

11-06-2024T18:03:47 - [MESSAGE][INFO] - Waldo´s

11-06-2024T18:03:47 - [MESSAGE][PASSED] - totalplay.Common.verifyPropertyValueExist is PASSED

11-06-2024T18:03:47 - [TEST_STEP][PASSED] - totalplay.Common.getDecimalValueofObject(GetBasket_Response, product_sub_total): totalplay.Common.getDecimalValueofObject is PASSED

11-06-2024T18:03:47 - [MESSAGE][INFO] - Checking response object

11-06-2024T18:03:47 - [MESSAGE][PASSED] - totalplay.Common.getDecimalValueofObject is PASSED

11-06-2024T18:03:47 - [TEST_STEP][PASSED] - totalplay.Common.getDecimalValueofObject(GetBasket_Response, product_total): totalplay.Common.getDecimalValueofObject is PASSED

11-06-2024T18:03:47 - [MESSAGE][INFO] - Checking response object

11-06-2024T18:03:47 - [MESSAGE][PASSED] - totalplay.Common.getDecimalValueofObject is PASSED

11-06-2024T18:03:47 - [TEST_STEP][PASSED] - totalplay.Common.verifyPropertyExist(GetBasket_Response, shipment_id): totalplay.Common.verifyPropertyExist is PASSED

11-06-2024T18:03:47 - [MESSAGE][INFO] - Checking response object

11-06-2024T18:03:47 - [MESSAGE][PASSED] - totalplay.Common.verifyPropertyExist is PASSED

11-06-2024T18:03:47 - [TEST_STEP][PASSED] - totalplay.Common.verifyPropertyValueExist(GetBasket_Response, shipment_id): totalplay.Common.verifyPropertyValueExist is PASSED

11-06-2024T18:03:47 - [MESSAGE][INFO] - Checking response object

11-06-2024T18:03:47 - [MESSAGE][INFO] - me

11-06-2024T18:03:47 - [MESSAGE][PASSED] - totalplay.Common.verifyPropertyValueExist is PASSED

11-06-2024T18:03:47 - [TEST_STEP][PASSED] - totalplay.Common.getDecimalValueofObject(GetBasket_Response, shipment_total): totalplay.Common.getDecimalValueofObject is PASSED

11-06-2024T18:03:47 - [MESSAGE][INFO] - Checking response object

11-06-2024T18:03:47 - [MESSAGE][PASSED] - totalplay.Common.getDecimalValueofObject is PASSED

11-06-2024T18:03:47 - [TEST_STEP][PASSED] - totalplay.Common.verifyPropertyExist(GetBasket_Response, shipping_method_type): totalplay.Common.verifyPropertyExist is PASSED

11-06-2024T18:03:47 - [MESSAGE][INFO] - Checking response object

11-06-2024T18:03:47 - [MESSAGE][PASSED] - totalplay.Common.verifyPropertyExist is PASSED

11-06-2024T18:03:47 - [TEST_STEP][PASSED] - totalplay.Common.verifyPropertyValueExist(GetBasket_Response, shipping_method_type): totalplay.Common.verifyPropertyValueExist is PASSED

11-06-2024T18:03:47 - [MESSAGE][INFO] - Checking response object

11-06-2024T18:03:47 - [MESSAGE][INFO] - shipping_method

11-06-2024T18:03:47 - [MESSAGE][PASSED] - totalplay.Common.verifyPropertyValueExist is PASSED

11-06-2024T18:03:47 - [TEST_STEP][PASSED] - totalplay.Common.verifyPropertyExist(GetBasket_Response, shipping_method_id): totalplay.Common.verifyPropertyExist is PASSED

11-06-2024T18:03:47 - [MESSAGE][INFO] - Checking response object

11-06-2024T18:03:47 - [MESSAGE][PASSED] - totalplay.Common.verifyPropertyExist is PASSED

11-06-2024T18:03:47 - [TEST_STEP][PASSED] - totalplay.Common.verifyPropertyValueExist(GetBasket_Response, shipping_method_id): totalplay.Common.verifyPropertyValueExist is PASSED

11-06-2024T18:03:47 - [MESSAGE][INFO] - Checking response object

11-06-2024T18:03:47 - [MESSAGE][INFO] - ESTAFETA

11-06-2024T18:03:47 - [MESSAGE][PASSED] - totalplay.Common.verifyPropertyValueExist is PASSED

11-06-2024T18:03:47 - [TEST_STEP][PASSED] - totalplay.Common.verifyPropertyExist(GetBasket_Response, shipping_method_name): totalplay.Common.verifyPropertyExist is PASSED

11-06-2024T18:03:47 - [MESSAGE][INFO] - Checking response object

11-06-2024T18:03:47 - [MESSAGE][PASSED] - totalplay.Common.verifyPropertyExist is PASSED

11-06-2024T18:03:47 - [TEST_STEP][PASSED] - totalplay.Common.verifyPropertyValueExist(GetBasket_Response, shipping_method_name): totalplay.Common.verifyPropertyValueExist is PASSED

11-06-2024T18:03:47 - [MESSAGE][INFO] - Checking response object

11-06-2024T18:03:47 - [MESSAGE][INFO] - ESTAFETA

11-06-2024T18:03:47 - [MESSAGE][PASSED] - totalplay.Common.verifyPropertyValueExist is PASSED

11-06-2024T18:03:47 - [TEST_STEP][PASSED] - totalplay.Common.getBooleanValueofObject(GetBasket_Response, c_storePickupEnabled): totalplay.Common.getBooleanValueofObject is PASSED

11-06-2024T18:03:47 - [MESSAGE][INFO] - Checking response object

11-06-2024T18:03:47 - [MESSAGE][PASSED] - totalplay.Common.getBooleanValueofObject is PASSED

11-06-2024T18:03:47 - [TEST_STEP][PASSED] - totalplay.Common.verifyPropertyExist(GetBasket_Response, shipping_status): totalplay.Common.verifyPropertyExist is PASSED

11-06-2024T18:03:47 - [MESSAGE][INFO] - Checking response object

11-06-2024T18:03:47 - [MESSAGE][PASSED] - totalplay.Common.verifyPropertyExist is PASSED

11-06-2024T18:03:47 - [TEST_STEP][PASSED] - totalplay.Common.verifyPropertyValueExist(GetBasket_Response, shipping_status): totalplay.Common.verifyPropertyValueExist is PASSED

11-06-2024T18:03:47 - [MESSAGE][INFO] - Checking response object

11-06-2024T18:03:47 - [MESSAGE][INFO] - not_shipped

11-06-2024T18:03:47 - [MESSAGE][PASSED] - totalplay.Common.verifyPropertyValueExist is PASSED

11-06-2024T18:03:47 - [TEST_STEP][PASSED] - totalplay.Common.getBooleanValueofObject(GetBasket_Response, shipping_total): totalplay.Common.getBooleanValueofObject is PASSED

11-06-2024T18:03:47 - [MESSAGE][INFO] - Checking response object

11-06-2024T18:03:47 - [MESSAGE][PASSED] - totalplay.Common.getBooleanValueofObject is PASSED

11-06-2024T18:03:47 - [TEST_STEP][PASSED] - totalplay.Common.getBooleanValueofObject(GetBasket_Response, shipping_total_tax): totalplay.Common.getBooleanValueofObject is PASSED

11-06-2024T18:03:48 - [MESSAGE][INFO] - Checking response object

11-06-2024T18:03:48 - [MESSAGE][PASSED] - totalplay.Common.getBooleanValueofObject is PASSED

11-06-2024T18:03:48 - [TEST_STEP][PASSED] - totalplay.Common.verifyPropertyExist(GetBasket_Response, shipping_items_item_id): totalplay.Common.verifyPropertyExist is PASSED

11-06-2024T18:03:48 - [MESSAGE][INFO] - Checking response object

11-06-2024T18:03:48 - [MESSAGE][PASSED] - totalplay.Common.verifyPropertyExist is PASSED

11-06-2024T18:03:48 - [TEST_STEP][PASSED] - totalplay.Common.verifyPropertyValueExist(GetBasket_Response, shipping_items_item_id): totalplay.Common.verifyPropertyValueExist is PASSED

11-06-2024T18:03:48 - [MESSAGE][INFO] - Checking response object

11-06-2024T18:03:48 - [MESSAGE][INFO] - 406fc2f95f021f6c9099629444

11-06-2024T18:03:48 - [MESSAGE][PASSED] - totalplay.Common.verifyPropertyValueExist is PASSED

11-06-2024T18:03:48 - [TEST_STEP][PASSED] - totalplay.Common.verifyPropertyExist(GetBasket_Response, shipping_items_item_text): totalplay.Common.verifyPropertyExist is PASSED

11-06-2024T18:03:48 - [MESSAGE][INFO] - Checking response object

11-06-2024T18:03:48 - [MESSAGE][PASSED] - totalplay.Common.verifyPropertyExist is PASSED

11-06-2024T18:03:48 - [TEST_STEP][PASSED] - totalplay.Common.verifyPropertyValueExist(GetBasket_Response, shipping_items_item_text): totalplay.Common.verifyPropertyValueExist is PASSED

11-06-2024T18:03:48 - [MESSAGE][INFO] - Checking response object

11-06-2024T18:03:48 - [MESSAGE][INFO] - Shipping

11-06-2024T18:03:48 - [MESSAGE][PASSED] - totalplay.Common.verifyPropertyValueExist is PASSED

11-06-2024T18:03:48 - [TEST_STEP][PASSED] - totalplay.Common.verifyPropertyExist(GetBasket_Response, c_corporateImgUrl): totalplay.Common.verifyPropertyExist is PASSED

11-06-2024T18:03:48 - [MESSAGE][INFO] - Checking response object

11-06-2024T18:03:48 - [MESSAGE][PASSED] - totalplay.Common.verifyPropertyExist is PASSED

11-06-2024T18:03:48 - [TEST_STEP][PASSED] - totalplay.Common.verifyPropertyValueExist(GetBasket_Response, c_corporateImgUrl): totalplay.Common.verifyPropertyValueExist is PASSED

11-06-2024T18:03:48 - [MESSAGE][INFO] - Checking response object

11-06-2024T18:03:48 - [MESSAGE][INFO] - https://salesforceqa.sistemastp.com.mx/on/demandware.static/-/Sites/default/dw261b1b6d/images/seller/202990278.50446941666

11-06-2024T18:03:48 - [MESSAGE][PASSED] - totalplay.Common.verifyPropertyValueExist is PASSED

11-06-2024T18:03:48 - [TEST_STEP][PASSED] - totalplay.Common.verifyPropertyExist(GetBasket_Response, c_currentCorporate): totalplay.Common.verifyPropertyExist is PASSED

11-06-2024T18:03:48 - [MESSAGE][INFO] - Checking response object

11-06-2024T18:03:48 - [MESSAGE][PASSED] - totalplay.Common.verifyPropertyExist is PASSED

11-06-2024T18:03:48 - [TEST_STEP][PASSED] - totalplay.Common.verifyPropertyValueExist(GetBasket_Response, c_currentCorporate): totalplay.Common.verifyPropertyValueExist is PASSED

11-06-2024T18:03:48 - [MESSAGE][INFO] - Checking response object

11-06-2024T18:03:48 - [MESSAGE][INFO] - Waldos

11-06-2024T18:03:48 - [MESSAGE][PASSED] - totalplay.Common.verifyPropertyValueExist is PASSED

11-06-2024T18:03:48 - [TEST_STEP][PASSED] - totalplay.Common.verifyPropertyExist(GetBasket_Response, c_currentMultiStoreID): totalplay.Common.verifyPropertyExist is PASSED

11-06-2024T18:03:48 - [MESSAGE][INFO] - Checking response object

11-06-2024T18:03:48 - [MESSAGE][PASSED] - totalplay.Common.verifyPropertyExist is PASSED

11-06-2024T18:03:48 - [TEST_STEP][PASSED] - totalplay.Common.verifyPropertyValueExist(GetBasket_Response, c_currentMultiStoreID): totalplay.Common.verifyPropertyValueExist is PASSED

11-06-2024T18:03:48 - [MESSAGE][INFO] - Checking response object

11-06-2024T18:03:48 - [MESSAGE][INFO] - 2029

11-06-2024T18:03:48 - [MESSAGE][PASSED] - totalplay.Common.verifyPropertyValueExist is PASSED

11-06-2024T18:03:48 - [TEST_STEP][PASSED] - totalplay.Common.getBooleanValueofObject(GetBasket_Response, c_isLock): totalplay.Common.getBooleanValueofObject is PASSED

11-06-2024T18:03:48 - [MESSAGE][INFO] - Checking response object

11-06-2024T18:03:48 - [MESSAGE][PASSED] - totalplay.Common.getBooleanValueofObject is PASSED

11-06-2024T18:03:48 - [TEST_STEP][PASSED] - totalplay.Common.verifyPropertyExist(GetBasket_Response, c_lockTime): totalplay.Common.verifyPropertyExist is PASSED

11-06-2024T18:03:48 - [MESSAGE][INFO] - Checking response object

11-06-2024T18:03:48 - [MESSAGE][PASSED] - totalplay.Common.verifyPropertyExist is PASSED

11-06-2024T18:03:48 - [TEST_STEP][PASSED] - totalplay.Common.verifyPropertyValueExist(GetBasket_Response, c_lockTime): totalplay.Common.verifyPropertyValueExist is PASSED

11-06-2024T18:03:48 - [MESSAGE][INFO] - Checking response object

11-06-2024T18:03:48 - [MESSAGE][INFO] - 2024-06-11T12:33:44.909Z

11-06-2024T18:03:48 - [MESSAGE][PASSED] - totalplay.Common.verifyPropertyValueExist is PASSED

11-06-2024T18:03:48 - [TEST_STEP][PASSED] - totalplay.Common.verifyPropertyExist(GetBasket_Response, c_multiStoreEDD): totalplay.Common.verifyPropertyExist is PASSED

11-06-2024T18:03:48 - [MESSAGE][INFO] - Checking response object

11-06-2024T18:03:48 - [MESSAGE][PASSED] - totalplay.Common.verifyPropertyExist is PASSED

11-06-2024T18:03:48 - [TEST_STEP][PASSED] - totalplay.Common.verifyPropertyValueExist(GetBasket_Response, c_multiStoreEDD): totalplay.Common.verifyPropertyValueExist is PASSED

11-06-2024T18:03:48 - [MESSAGE][INFO] - Checking response object

11-06-2024T18:03:48 - [MESSAGE][INFO] - 5 - 11 días

11-06-2024T18:03:48 - [MESSAGE][PASSED] - totalplay.Common.verifyPropertyValueExist is PASSED

11-06-2024T18:03:48 - [TEST_STEP][PASSED] - totalplay.Common.getBooleanValueofObject(GetBasket_Response, c_savingsTotal): totalplay.Common.getBooleanValueofObject is PASSED

11-06-2024T18:03:48 - [MESSAGE][INFO] - Checking response object

11-06-2024T18:03:48 - [MESSAGE][PASSED] - totalplay.Common.getBooleanValueofObject is PASSED

11-06-2024T18:03:48 - [TEST_STEP][PASSED] - totalplay.Common.verifyPropertyExist(GetBasket_Response, c_SellerList_name): totalplay.Common.verifyPropertyExist is PASSED

11-06-2024T18:03:48 - [MESSAGE][INFO] - Checking response object

11-06-2024T18:03:48 - [MESSAGE][PASSED] - totalplay.Common.verifyPropertyExist is PASSED

11-06-2024T18:03:48 - [TEST_STEP][PASSED] - totalplay.Common.verifyPropertyValueExist(GetBasket_Response, c_SellerList_name): totalplay.Common.verifyPropertyValueExist is PASSED

11-06-2024T18:03:48 - [MESSAGE][INFO] - Checking response object

11-06-2024T18:03:48 - [MESSAGE][INFO] - FlamingWok

11-06-2024T18:03:48 - [MESSAGE][PASSED] - totalplay.Common.verifyPropertyValueExist is PASSED

11-06-2024T18:03:48 - [TEST_STEP][FAILED] - totalplay.Common.verifyPropertyExist(GetBasket_Response, c_SellerList_corporateImgURL): Test Cases/TotalPlay-Shop/TC_18_GetBasket FAILED.
Reason:
Assertion failed: 

assert PropertyCount>0
       |            |
       0            false

	at totalplay.Common.verifyPropertyExist(Common.groovy:40)
	at jdk.internal.reflect.GeneratedMethodAccessor7.invoke(Unknown Source)
	at java.base/jdk.internal.reflect.DelegatingMethodAccessorImpl.invoke(DelegatingMethodAccessorImpl.java:43)
	at com.kms.katalon.core.main.CustomKeywordDelegatingMetaClass.invokeStaticMethod(CustomKeywordDelegatingMetaClass.java:55)
	at TC_18_GetBasket.run(TC_18_GetBasket:451)
	at com.kms.katalon.core.main.ScriptEngine.run(ScriptEngine.java:194)
	at com.kms.katalon.core.main.ScriptEngine.runScriptAsRawText(ScriptEngine.java:119)
	at com.kms.katalon.core.main.TestCaseExecutor.runScript(TestCaseExecutor.java:448)
	at com.kms.katalon.core.main.TestCaseExecutor.doExecute(TestCaseExecutor.java:439)
	at com.kms.katalon.core.main.TestCaseExecutor.processExecutionPhase(TestCaseExecutor.java:418)
	at com.kms.katalon.core.main.TestCaseExecutor.accessMainPhase(TestCaseExecutor.java:410)
	at com.kms.katalon.core.main.TestCaseExecutor.execute(TestCaseExecutor.java:285)
	at com.kms.katalon.core.common.CommonExecutor.accessTestCaseMainPhase(CommonExecutor.java:65)
	at com.kms.katalon.core.main.TestSuiteExecutor.accessTestSuiteMainPhase(TestSuiteExecutor.java:150)
	at com.kms.katalon.core.main.TestSuiteExecutor.execute(TestSuiteExecutor.java:106)
	at com.kms.katalon.core.main.TestCaseMain.startTestSuite(TestCaseMain.java:180)
	at TempTestSuite1718109097791.run(TempTestSuite1718109097791.groovy:35)
	at java.base/jdk.internal.reflect.NativeMethodAccessorImpl.invoke0(Native Method)
	at java.base/jdk.internal.reflect.NativeMethodAccessorImpl.invoke(NativeMethodAccessorImpl.java:77)
	at java.base/jdk.internal.reflect.DelegatingMethodAccessorImpl.invoke(DelegatingMethodAccessorImpl.java:43)


11-06-2024T18:03:48 - [MESSAGE][INFO] - Checking response object

11-06-2024T18:03:48 - [MESSAGE][FAILED] - Assertion failed: 

assert PropertyCount>0
       |            |
       0            false


11-06-2024T18:03:48 - [MESSAGE][FAILED] - Test Cases/TotalPlay-Shop/TC_18_GetBasket FAILED.
Reason:
Assertion failed: 

assert PropertyCount>0
       |            |
       0            false

	at totalplay.Common.verifyPropertyExist(Common.groovy:40)
	at jdk.internal.reflect.GeneratedMethodAccessor7.invoke(Unknown Source)
	at java.base/jdk.internal.reflect.DelegatingMethodAccessorImpl.invoke(DelegatingMethodAccessorImpl.java:43)
	at com.kms.katalon.core.main.CustomKeywordDelegatingMetaClass.invokeStaticMethod(CustomKeywordDelegatingMetaClass.java:55)
	at TC_18_GetBasket.run(TC_18_GetBasket:451)
	at com.kms.katalon.core.main.ScriptEngine.run(ScriptEngine.java:194)
	at com.kms.katalon.core.main.ScriptEngine.runScriptAsRawText(ScriptEngine.java:119)
	at com.kms.katalon.core.main.TestCaseExecutor.runScript(TestCaseExecutor.java:448)
	at com.kms.katalon.core.main.TestCaseExecutor.doExecute(TestCaseExecutor.java:439)
	at com.kms.katalon.core.main.TestCaseExecutor.processExecutionPhase(TestCaseExecutor.java:418)
	at com.kms.katalon.core.main.TestCaseExecutor.accessMainPhase(TestCaseExecutor.java:410)
	at com.kms.katalon.core.main.TestCaseExecutor.execute(TestCaseExecutor.java:285)
	at com.kms.katalon.core.common.CommonExecutor.accessTestCaseMainPhase(CommonExecutor.java:65)
	at com.kms.katalon.core.main.TestSuiteExecutor.accessTestSuiteMainPhase(TestSuiteExecutor.java:150)
	at com.kms.katalon.core.main.TestSuiteExecutor.execute(TestSuiteExecutor.java:106)
	at com.kms.katalon.core.main.TestCaseMain.startTestSuite(TestCaseMain.java:180)
	at TempTestSuite1718109097791.run(TempTestSuite1718109097791.groovy:35)
	at java.base/jdk.internal.reflect.NativeMethodAccessorImpl.invoke0(Native Method)
	at java.base/jdk.internal.reflect.NativeMethodAccessorImpl.invoke(NativeMethodAccessorImpl.java:77)
	at java.base/jdk.internal.reflect.DelegatingMethodAccessorImpl.invoke(DelegatingMethodAccessorImpl.java:43)]]></system-out>
         <system-err><![CDATA[11-06-2024T18:03:40 - [TEST_CASE][ERROR] - Test Cases/TotalPlay-Shop/TC_18_GetBasket: Test Cases/TotalPlay-Shop/TC_18_GetBasket FAILED.
Reason:
org.codehaus.groovy.runtime.InvokerInvocationException: Assertion failed: 

assert PropertyCount>0
       |            |
       0            false

	at com.kms.katalon.core.main.CustomKeywordDelegatingMetaClass.invokeStaticMethod(CustomKeywordDelegatingMetaClass.java:55)
	at TC_18_GetBasket.run(TC_18_GetBasket:451)
	at com.kms.katalon.core.main.ScriptEngine.run(ScriptEngine.java:194)
	at com.kms.katalon.core.main.ScriptEngine.runScriptAsRawText(ScriptEngine.java:119)
	at com.kms.katalon.core.main.TestCaseExecutor.runScript(TestCaseExecutor.java:448)
	at com.kms.katalon.core.main.TestCaseExecutor.doExecute(TestCaseExecutor.java:439)
	at com.kms.katalon.core.main.TestCaseExecutor.processExecutionPhase(TestCaseExecutor.java:418)
	at com.kms.katalon.core.main.TestCaseExecutor.accessMainPhase(TestCaseExecutor.java:410)
	at com.kms.katalon.core.main.TestCaseExecutor.execute(TestCaseExecutor.java:285)
	at com.kms.katalon.core.common.CommonExecutor.accessTestCaseMainPhase(CommonExecutor.java:65)
	at com.kms.katalon.core.main.TestSuiteExecutor.accessTestSuiteMainPhase(TestSuiteExecutor.java:150)
	at com.kms.katalon.core.main.TestSuiteExecutor.execute(TestSuiteExecutor.java:106)
	at com.kms.katalon.core.main.TestCaseMain.startTestSuite(TestCaseMain.java:180)
	at TempTestSuite1718109097791.run(TempTestSuite1718109097791.groovy:35)
	at java.base/jdk.internal.reflect.NativeMethodAccessorImpl.invoke0(Native Method)
	at java.base/jdk.internal.reflect.NativeMethodAccessorImpl.invoke(NativeMethodAccessorImpl.java:77)
	at java.base/jdk.internal.reflect.DelegatingMethodAccessorImpl.invoke(DelegatingMethodAccessorImpl.java:43)
Caused by: Assertion failed: 

assert PropertyCount>0
       |            |
       0            false

	at totalplay.Common.verifyPropertyExist(Common.groovy:40)
	at jdk.internal.reflect.GeneratedMethodAccessor7.invoke(Unknown Source)
	at java.base/jdk.internal.reflect.DelegatingMethodAccessorImpl.invoke(DelegatingMethodAccessorImpl.java:43)
	... 17 more]]></system-err>
      </testcase>
      <testcase name="Test Cases/TotalPlay-Shop/TC_19_SwitchBasket" time="7.689" classname="Test Cases/TotalPlay-Shop/TC_19_SwitchBasket" status="ERROR">
         <error type="ERROR" message="Test Cases/TotalPlay-Shop/TC_19_SwitchBasket FAILED.&#xa;Reason:&#xa;org.codehaus.groovy.runtime.InvokerInvocationException: Assertion failed: &#xa;&#xa;assert PropertyCount>0&#xa;       |            |&#xa;       0            false&#xa;&#xa;	at com.kms.katalon.core.main.CustomKeywordDelegatingMetaClass.invokeStaticMethod(CustomKeywordDelegatingMetaClass.java:55)&#xa;	at TC_19_SwitchBasket.run(TC_19_SwitchBasket:439)&#xa;	at com.kms.katalon.core.main.ScriptEngine.run(ScriptEngine.java:194)&#xa;	at com.kms.katalon.core.main.ScriptEngine.runScriptAsRawText(ScriptEngine.java:119)&#xa;	at com.kms.katalon.core.main.TestCaseExecutor.runScript(TestCaseExecutor.java:448)&#xa;	at com.kms.katalon.core.main.TestCaseExecutor.doExecute(TestCaseExecutor.java:439)&#xa;	at com.kms.katalon.core.main.TestCaseExecutor.processExecutionPhase(TestCaseExecutor.java:418)&#xa;	at com.kms.katalon.core.main.TestCaseExecutor.accessMainPhase(TestCaseExecutor.java:410)&#xa;	at com.kms.katalon.core.main.TestCaseExecutor.execute(TestCaseExecutor.java:285)&#xa;	at com.kms.katalon.core.common.CommonExecutor.accessTestCaseMainPhase(CommonExecutor.java:65)&#xa;	at com.kms.katalon.core.main.TestSuiteExecutor.accessTestSuiteMainPhase(TestSuiteExecutor.java:150)&#xa;	at com.kms.katalon.core.main.TestSuiteExecutor.execute(TestSuiteExecutor.java:106)&#xa;	at com.kms.katalon.core.main.TestCaseMain.startTestSuite(TestCaseMain.java:180)&#xa;	at TempTestSuite1718109097791.run(TempTestSuite1718109097791.groovy:35)&#xa;	at java.base/jdk.internal.reflect.NativeMethodAccessorImpl.invoke0(Native Method)&#xa;	at java.base/jdk.internal.reflect.NativeMethodAccessorImpl.invoke(NativeMethodAccessorImpl.java:77)&#xa;	at java.base/jdk.internal.reflect.DelegatingMethodAccessorImpl.invoke(DelegatingMethodAccessorImpl.java:43)&#xa;Caused by: Assertion failed: &#xa;&#xa;assert PropertyCount>0&#xa;       |            |&#xa;       0            false&#xa;&#xa;	at totalplay.Common.verifyPropertyExist(Common.groovy:40)&#xa;	at jdk.internal.reflect.GeneratedMethodAccessor7.invoke(Unknown Source)&#xa;	at java.base/jdk.internal.reflect.DelegatingMethodAccessorImpl.invoke(DelegatingMethodAccessorImpl.java:43)&#xa;	... 17 more&#xa;"/>
         <system-out><![CDATA[11-06-2024T18:03:48 - [TEST_CASE][ERROR] - Test Cases/TotalPlay-Shop/TC_19_SwitchBasket: Test Cases/TotalPlay-Shop/TC_19_SwitchBasket FAILED.
Reason:
org.codehaus.groovy.runtime.InvokerInvocationException: Assertion failed: 

assert PropertyCount>0
       |            |
       0            false

	at com.kms.katalon.core.main.CustomKeywordDelegatingMetaClass.invokeStaticMethod(CustomKeywordDelegatingMetaClass.java:55)
	at TC_19_SwitchBasket.run(TC_19_SwitchBasket:439)
	at com.kms.katalon.core.main.ScriptEngine.run(ScriptEngine.java:194)
	at com.kms.katalon.core.main.ScriptEngine.runScriptAsRawText(ScriptEngine.java:119)
	at com.kms.katalon.core.main.TestCaseExecutor.runScript(TestCaseExecutor.java:448)
	at com.kms.katalon.core.main.TestCaseExecutor.doExecute(TestCaseExecutor.java:439)
	at com.kms.katalon.core.main.TestCaseExecutor.processExecutionPhase(TestCaseExecutor.java:418)
	at com.kms.katalon.core.main.TestCaseExecutor.accessMainPhase(TestCaseExecutor.java:410)
	at com.kms.katalon.core.main.TestCaseExecutor.execute(TestCaseExecutor.java:285)
	at com.kms.katalon.core.common.CommonExecutor.accessTestCaseMainPhase(CommonExecutor.java:65)
	at com.kms.katalon.core.main.TestSuiteExecutor.accessTestSuiteMainPhase(TestSuiteExecutor.java:150)
	at com.kms.katalon.core.main.TestSuiteExecutor.execute(TestSuiteExecutor.java:106)
	at com.kms.katalon.core.main.TestCaseMain.startTestSuite(TestCaseMain.java:180)
	at TempTestSuite1718109097791.run(TempTestSuite1718109097791.groovy:35)
	at java.base/jdk.internal.reflect.NativeMethodAccessorImpl.invoke0(Native Method)
	at java.base/jdk.internal.reflect.NativeMethodAccessorImpl.invoke(NativeMethodAccessorImpl.java:77)
	at java.base/jdk.internal.reflect.DelegatingMethodAccessorImpl.invoke(DelegatingMethodAccessorImpl.java:43)
Caused by: Assertion failed: 

assert PropertyCount>0
       |            |
       0            false

	at totalplay.Common.verifyPropertyExist(Common.groovy:40)
	at jdk.internal.reflect.GeneratedMethodAccessor7.invoke(Unknown Source)
	at java.base/jdk.internal.reflect.DelegatingMethodAccessorImpl.invoke(DelegatingMethodAccessorImpl.java:43)
	... 17 more


11-06-2024T18:03:49 - [TEST_STEP][PASSED] - callTestCase(findTestCase("TotalPlay-Shop/TC_1_InterfaceLogin"), [:], STOP_ON_FAILURE): Call Test Case 'Test Cases/TotalPlay-Shop/TC_1_InterfaceLogin' successfully

11-06-2024T18:03:49 - [MESSAGE][INFO] - Checking called Test Case

11-06-2024T18:03:49 - [MESSAGE][INFO] - Starting to call Test Case 'Test Cases/TotalPlay-Shop/TC_1_InterfaceLogin'

11-06-2024T18:03:49 - [TEST_CASE][PASSED] - Test Cases/TotalPlay-Shop/TC_1_InterfaceLogin: Test Cases/TotalPlay-Shop/TC_1_InterfaceLogin

11-06-2024T18:03:49 - [TEST_STEP][PASSED] - LoginResponse = sendRequest(findTestObject("TotalPlay-Shop/Interface Login (SLAS)", ["URL":URL, "SITEID":SITEID])): Send request successfully

11-06-2024T18:03:49 - [MESSAGE][INFO] - Finding Test Object 'Object Repository/TotalPlay-Shop/Interface Login (SLAS)'

11-06-2024T18:03:49 - [MESSAGE][INFO] - Checking request object

11-06-2024T18:03:51 - [MESSAGE][INFO] - HAR: D:\Automation\KogniveraGithub\TotalPlay_Automation\totalplay-API\totalplay-automation\Reports\20240611_180136\Shop-Services\20240611_180137\requests\main\36.har

11-06-2024T18:03:51 - [MESSAGE][PASSED] - Send request successfully

11-06-2024T18:03:51 - [TEST_STEP][PASSED] - assert getResponseStatusCode(LoginResponse) == 200: Checking response object

11-06-2024T18:03:51 - [MESSAGE][INFO] - Checking response object

11-06-2024T18:03:51 - [TEST_STEP][PASSED] - Auth = "ocapiResponse.access_token": null

11-06-2024T18:03:51 - [TEST_STEP][PASSED] - sfccAuthorization = getElementPropertyValue(LoginResponse, Auth): Checking response object

11-06-2024T18:03:51 - [MESSAGE][INFO] - Checking response object

11-06-2024T18:03:51 - [TEST_STEP][PASSED] - logInfo(sfccAuthorization): eyJ2ZXIiOiIxLjAiLCJqa3UiOiJzbGFzL3Byb2QvYmpjbF9kZXYiLCJraWQiOiIzOWM0NGRmMy01OGI5LTQ3YWEtODNhMC05NWMwOTBiZGNkMzciLCJ0eXAiOiJqd3QiLCJjbHYiOiJKMi4zLjQiLCJhbGciOiJFUzI1NiJ9.eyJhdXQiOiJHVUlEIiwic2NwIjoic2ZjYy5zaG9wcGVyLW15YWNjb3VudC5iYXNrZXRzIHNmY2Muc2hvcHBlci1kaXNjb3Zlcnktc2VhcmNoIHNmY2Muc2hvcHBlci1teWFjY291bnQuYWRkcmVzc2VzIHNmY2Muc2hvcHBlci1wcm9kdWN0cyBzZmNjLnNob3BwZXItbXlhY2NvdW50LnJ3IHNmY2Muc2hvcHBlci1teWFjY291bnQucGF5bWVudGluc3RydW1lbnRzIHNmY2Muc2hvcHBlci1jdXN0b21lcnMubG9naW4gc2ZjYy5zaG9wcGVyLXN0b3JlcyBzZmNjLnNob3BwZXItbXlhY2NvdW50Lm9yZGVycyBzZmNjLnNob3BwZXItYmFza2V0cy1vcmRlcnMgc2ZjYy5zaG9wcGVyLWN1c3RvbWVycy5yZWdpc3RlciBzZmNjLnNob3BwZXItbXlhY2NvdW50LmFkZHJlc3Nlcy5ydyBzZmNjLnNob3BwZXItbXlhY2NvdW50LnByb2R1Y3RsaXN0cy5ydyBzZmNjLnNob3BwZXItcHJvZHVjdGxpc3RzIHNmY2Muc2hvcHBlci1wcm9tb3Rpb25zIHNmY2Muc2hvcHBlci1iYXNrZXRzLW9yZGVycy5ydyBzZmNjLnNob3BwZXItZ2lmdC1jZXJ0aWZpY2F0ZXMgc2ZjYy5zaG9wcGVyLW15YWNjb3VudC5wYXltZW50aW5zdHJ1bWVudHMucncgc2ZjYy5zaG9wcGVyLXByb2R1Y3Qtc2VhcmNoIHNmY2Muc2hvcHBlci1teWFjY291bnQucHJvZHVjdGxpc3RzIHNmY2Muc2hvcHBlci1jYXRlZ29yaWVzIHNmY2Muc2hvcHBlci1teWFjY291bnQiLCJzdWIiOiJjYy1zbGFzOjpiamNsX2Rldjo6c2NpZDo1ZDI1ZjVmYS01YTRmLTQ2YjUtYTIxMS04NzU1NDJjODVhYzE6OnVzaWQ6NDY3OGYyNzEtMDhlYi00NjlmLWFkNWItM2NlZWMwZTAzY2NhIiwiY3R4Ijoic2xhcyIsImlzcyI6InNsYXMvcHJvZC9iamNsX2RldiIsImlzdCI6MSwiZG50IjoiMCIsImF1ZCI6ImNvbW1lcmNlY2xvdWQvcHJvZC9iamNsX2RldiIsIm5iZiI6MTcxODEwOTIwMSwic3R5IjoiVXNlciIsImlzYiI6InVpZG86ZWNvbTo6dXBuOnFhLnRvdGFscGxheSswMTAwOTg3MTA1QGdtYWlsLmNvbTo6dWlkbjpSaWNhcmRvICBDb3JvbmEgQ3J1ejo6Z2NpZDphYmxidzFtZXdXbFhjUmtiRkp3R1lZbEhKSzo6cmNpZDphY25SYldxdWpIQ3BnOW9xNlYyaGt1VGFTVzo6Y2hpZDpUUC1TSE9QIiwiZXhwIjoxNzE4MTExMDMxLCJpYXQiOjE3MTgxMDkyMzEsImp0aSI6IkMyQy0xMzExNTYzNTcwMTc4NzUxMTg1MDI5MDI3MjU1NTcxNjA3OTIifQ.jk_IkErYX-hWoT8z5BH8yZoGYO93XwIH19mRlCf8rb_Hsv_J6J0AQbaA2zue2VfvtDluhLs0qStgC80S9q5dTw

11-06-2024T18:03:51 - [MESSAGE][INFO] - eyJ2ZXIiOiIxLjAiLCJqa3UiOiJzbGFzL3Byb2QvYmpjbF9kZXYiLCJraWQiOiIzOWM0NGRmMy01OGI5LTQ3YWEtODNhMC05NWMwOTBiZGNkMzciLCJ0eXAiOiJqd3QiLCJjbHYiOiJKMi4zLjQiLCJhbGciOiJFUzI1NiJ9.eyJhdXQiOiJHVUlEIiwic2NwIjoic2ZjYy5zaG9wcGVyLW15YWNjb3VudC5iYXNrZXRzIHNmY2Muc2hvcHBlci1kaXNjb3Zlcnktc2VhcmNoIHNmY2Muc2hvcHBlci1teWFjY291bnQuYWRkcmVzc2VzIHNmY2Muc2hvcHBlci1wcm9kdWN0cyBzZmNjLnNob3BwZXItbXlhY2NvdW50LnJ3IHNmY2Muc2hvcHBlci1teWFjY291bnQucGF5bWVudGluc3RydW1lbnRzIHNmY2Muc2hvcHBlci1jdXN0b21lcnMubG9naW4gc2ZjYy5zaG9wcGVyLXN0b3JlcyBzZmNjLnNob3BwZXItbXlhY2NvdW50Lm9yZGVycyBzZmNjLnNob3BwZXItYmFza2V0cy1vcmRlcnMgc2ZjYy5zaG9wcGVyLWN1c3RvbWVycy5yZWdpc3RlciBzZmNjLnNob3BwZXItbXlhY2NvdW50LmFkZHJlc3Nlcy5ydyBzZmNjLnNob3BwZXItbXlhY2NvdW50LnByb2R1Y3RsaXN0cy5ydyBzZmNjLnNob3BwZXItcHJvZHVjdGxpc3RzIHNmY2Muc2hvcHBlci1wcm9tb3Rpb25zIHNmY2Muc2hvcHBlci1iYXNrZXRzLW9yZGVycy5ydyBzZmNjLnNob3BwZXItZ2lmdC1jZXJ0aWZpY2F0ZXMgc2ZjYy5zaG9wcGVyLW15YWNjb3VudC5wYXltZW50aW5zdHJ1bWVudHMucncgc2ZjYy5zaG9wcGVyLXByb2R1Y3Qtc2VhcmNoIHNmY2Muc2hvcHBlci1teWFjY291bnQucHJvZHVjdGxpc3RzIHNmY2Muc2hvcHBlci1jYXRlZ29yaWVzIHNmY2Muc2hvcHBlci1teWFjY291bnQiLCJzdWIiOiJjYy1zbGFzOjpiamNsX2Rldjo6c2NpZDo1ZDI1ZjVmYS01YTRmLTQ2YjUtYTIxMS04NzU1NDJjODVhYzE6OnVzaWQ6NDY3OGYyNzEtMDhlYi00NjlmLWFkNWItM2NlZWMwZTAzY2NhIiwiY3R4Ijoic2xhcyIsImlzcyI6InNsYXMvcHJvZC9iamNsX2RldiIsImlzdCI6MSwiZG50IjoiMCIsImF1ZCI6ImNvbW1lcmNlY2xvdWQvcHJvZC9iamNsX2RldiIsIm5iZiI6MTcxODEwOTIwMSwic3R5IjoiVXNlciIsImlzYiI6InVpZG86ZWNvbTo6dXBuOnFhLnRvdGFscGxheSswMTAwOTg3MTA1QGdtYWlsLmNvbTo6dWlkbjpSaWNhcmRvICBDb3JvbmEgQ3J1ejo6Z2NpZDphYmxidzFtZXdXbFhjUmtiRkp3R1lZbEhKSzo6cmNpZDphY25SYldxdWpIQ3BnOW9xNlYyaGt1VGFTVzo6Y2hpZDpUUC1TSE9QIiwiZXhwIjoxNzE4MTExMDMxLCJpYXQiOjE3MTgxMDkyMzEsImp0aSI6IkMyQy0xMzExNTYzNTcwMTc4NzUxMTg1MDI5MDI3MjU1NTcxNjA3OTIifQ.jk_IkErYX-hWoT8z5BH8yZoGYO93XwIH19mRlCf8rb_Hsv_J6J0AQbaA2zue2VfvtDluhLs0qStgC80S9q5dTw

11-06-2024T18:03:51 - [TEST_STEP][PASSED] - Authorization = "Bearer " + sfccAuthorization: null

11-06-2024T18:03:51 - [TEST_STEP][PASSED] - logInfo(bm_auth_token): 

11-06-2024T18:03:51 - [MESSAGE][INFO] - 

11-06-2024T18:03:51 - [TEST_STEP][PASSED] - if (sfccAuthorization.length() == 0): null

11-06-2024T18:03:51 - [TEST_STEP][PASSED] - else: authorization generated

11-06-2024T18:03:51 - [TEST_STEP][PASSED] - markPassed("authorization generated"): authorization generated

11-06-2024T18:03:51 - [MESSAGE][PASSED] - authorization generated

11-06-2024T18:03:51 - [TEST_STEP][PASSED] - BasketId_loginResponse = "ocapiResponse.c_basketId": null

11-06-2024T18:03:51 - [TEST_STEP][PASSED] - CustomerId_loginResponse = "ocapiResponse.customer_id": null

11-06-2024T18:03:51 - [TEST_STEP][PASSED] - basketId = getElementPropertyValue(LoginResponse, BasketId_loginResponse): Checking response object

11-06-2024T18:03:51 - [MESSAGE][INFO] - Checking response object

11-06-2024T18:03:51 - [TEST_STEP][PASSED] - customerId = getElementPropertyValue(LoginResponse, CustomerId_loginResponse): Checking response object

11-06-2024T18:03:51 - [MESSAGE][INFO] - Checking response object

11-06-2024T18:03:51 - [TEST_STEP][PASSED] - basketID = basketId: null

11-06-2024T18:03:51 - [TEST_STEP][PASSED] - sla_customerId = customerId: null

11-06-2024T18:03:51 - [TEST_STEP][PASSED] - println(basketID): null

11-06-2024T18:03:51 - [TEST_STEP][PASSED] - println(sla_customerId): null

11-06-2024T18:03:51 - [TEST_STEP][PASSED] - refresh_token = "ocapiResponse.refresh_token": null

11-06-2024T18:03:51 - [TEST_STEP][PASSED] - customer_email = "ocapiResponse.customer_email": null

11-06-2024T18:03:51 - [TEST_STEP][PASSED] - c_brmId = "ocapiResponse.c_brmId": null

11-06-2024T18:03:51 - [TEST_STEP][PASSED] - customer_name = "ocapiResponse.customer_name": null

11-06-2024T18:03:51 - [TEST_STEP][PASSED] - totalplay.Common.verifyPropertyExist(LoginResponse, refresh_token): totalplay.Common.verifyPropertyExist is PASSED

11-06-2024T18:03:51 - [MESSAGE][INFO] - Checking response object

11-06-2024T18:03:51 - [MESSAGE][PASSED] - totalplay.Common.verifyPropertyExist is PASSED

11-06-2024T18:03:51 - [TEST_STEP][PASSED] - totalplay.Common.verifyPropertyValueExist(LoginResponse, refresh_token): totalplay.Common.verifyPropertyValueExist is PASSED

11-06-2024T18:03:51 - [MESSAGE][INFO] - Checking response object

11-06-2024T18:03:51 - [MESSAGE][INFO] - f6ZvnOkMsksY4gmy_ueA18ScYkDKNxpsK4xUwyfmNHo

11-06-2024T18:03:51 - [MESSAGE][PASSED] - totalplay.Common.verifyPropertyValueExist is PASSED

11-06-2024T18:03:51 - [TEST_STEP][PASSED] - totalplay.Common.verifyPropertyExist(LoginResponse, customer_email): totalplay.Common.verifyPropertyExist is PASSED

11-06-2024T18:03:51 - [MESSAGE][INFO] - Checking response object

11-06-2024T18:03:51 - [MESSAGE][PASSED] - totalplay.Common.verifyPropertyExist is PASSED

11-06-2024T18:03:51 - [TEST_STEP][PASSED] - totalplay.Common.verifyPropertyValueExist(LoginResponse, customer_email): totalplay.Common.verifyPropertyValueExist is PASSED

11-06-2024T18:03:51 - [MESSAGE][INFO] - Checking response object

11-06-2024T18:03:51 - [MESSAGE][INFO] - qa.totalplay@gmail.com

11-06-2024T18:03:51 - [MESSAGE][PASSED] - totalplay.Common.verifyPropertyValueExist is PASSED

11-06-2024T18:03:51 - [TEST_STEP][PASSED] - totalplay.Common.verifyPropertyExist(LoginResponse, customer_name): totalplay.Common.verifyPropertyExist is PASSED

11-06-2024T18:03:51 - [MESSAGE][INFO] - Checking response object

11-06-2024T18:03:51 - [MESSAGE][PASSED] - totalplay.Common.verifyPropertyExist is PASSED

11-06-2024T18:03:51 - [TEST_STEP][PASSED] - totalplay.Common.verifyPropertyValueExist(LoginResponse, customer_name): totalplay.Common.verifyPropertyValueExist is PASSED

11-06-2024T18:03:51 - [MESSAGE][INFO] - Checking response object

11-06-2024T18:03:51 - [MESSAGE][INFO] - Ricardo  Corona Cruz

11-06-2024T18:03:51 - [MESSAGE][PASSED] - totalplay.Common.verifyPropertyValueExist is PASSED

11-06-2024T18:03:51 - [TEST_STEP][PASSED] - totalplay.Common.verifyPropertyExist(LoginResponse, c_brmId): totalplay.Common.verifyPropertyExist is PASSED

11-06-2024T18:03:51 - [MESSAGE][INFO] - Checking response object

11-06-2024T18:03:51 - [MESSAGE][PASSED] - totalplay.Common.verifyPropertyExist is PASSED

11-06-2024T18:03:51 - [TEST_STEP][PASSED] - totalplay.Common.verifyPropertyValueExist(LoginResponse, c_brmId): totalplay.Common.verifyPropertyValueExist is PASSED

11-06-2024T18:03:51 - [MESSAGE][INFO] - Checking response object

11-06-2024T18:03:51 - [MESSAGE][INFO] - 0100987105

11-06-2024T18:03:51 - [MESSAGE][PASSED] - totalplay.Common.verifyPropertyValueExist is PASSED

11-06-2024T18:03:51 - [MESSAGE][PASSED] - Call Test Case 'Test Cases/TotalPlay-Shop/TC_1_InterfaceLogin' successfully

11-06-2024T18:03:51 - [TEST_STEP][PASSED] - AddProductToBasket = sendRequest(findTestObject("TotalPlay-Shop/Postman/Cart/AddProductToBasket", ["URL":URL, "SITEID":SITEID, "basketID":basketID])): Send request successfully

11-06-2024T18:03:51 - [MESSAGE][INFO] - Finding Test Object 'Object Repository/TotalPlay-Shop/Postman/Cart/AddProductToBasket'

11-06-2024T18:03:51 - [MESSAGE][INFO] - Checking request object

11-06-2024T18:03:52 - [MESSAGE][INFO] - HAR: D:\Automation\KogniveraGithub\TotalPlay_Automation\totalplay-API\totalplay-automation\Reports\20240611_180136\Shop-Services\20240611_180137\requests\main\37.har

11-06-2024T18:03:52 - [MESSAGE][PASSED] - Send request successfully

11-06-2024T18:03:52 - [TEST_STEP][PASSED] - verifyResponseStatusCode(AddProductToBasket, 200): Verify response status code successfully

11-06-2024T18:03:52 - [MESSAGE][INFO] - Checking response object

11-06-2024T18:03:52 - [MESSAGE][PASSED] - Verify response status code successfully

11-06-2024T18:03:52 - [TEST_STEP][PASSED] - Get_Basket = sendRequest(findTestObject("TotalPlay-Shop/Postman/Cart/Get Basket", ["URL":URL, "SITEID":SITEID, "basketID":basketID])): Send request successfully

11-06-2024T18:03:52 - [MESSAGE][INFO] - Finding Test Object 'Object Repository/TotalPlay-Shop/Postman/Cart/Get Basket'

11-06-2024T18:03:52 - [MESSAGE][INFO] - Checking request object

11-06-2024T18:03:53 - [MESSAGE][INFO] - HAR: D:\Automation\KogniveraGithub\TotalPlay_Automation\totalplay-API\totalplay-automation\Reports\20240611_180136\Shop-Services\20240611_180137\requests\main\38.har

11-06-2024T18:03:53 - [MESSAGE][PASSED] - Send request successfully

11-06-2024T18:03:53 - [TEST_STEP][PASSED] - totalplay.Common.printResponseinText(Get_Basket): totalplay.Common.printResponseinText is PASSED

11-06-2024T18:03:53 - [MESSAGE][PASSED] - totalplay.Common.printResponseinText is PASSED

11-06-2024T18:03:53 - [TEST_STEP][PASSED] - verifyResponseStatusCode(Get_Basket, 200): Verify response status code successfully

11-06-2024T18:03:53 - [MESSAGE][INFO] - Checking response object

11-06-2024T18:03:53 - [MESSAGE][PASSED] - Verify response status code successfully

11-06-2024T18:03:53 - [TEST_STEP][PASSED] - SellerList = "c_SellerList[0].name": null

11-06-2024T18:03:53 - [TEST_STEP][PASSED] - SellerList = getElementPropertyValue(Get_Basket, SellerList): Checking response object

11-06-2024T18:03:53 - [MESSAGE][INFO] - Checking response object

11-06-2024T18:03:53 - [TEST_STEP][PASSED] - SwitchBasket_Response = sendRequest(findTestObject("TotalPlay-Shop/Postman/Cart/Switching basket")): Send request successfully

11-06-2024T18:03:53 - [MESSAGE][INFO] - Finding Test Object 'Object Repository/TotalPlay-Shop/Postman/Cart/Switching basket'

11-06-2024T18:03:53 - [MESSAGE][INFO] - Checking request object

11-06-2024T18:03:53 - [MESSAGE][INFO] - HAR: D:\Automation\KogniveraGithub\TotalPlay_Automation\totalplay-API\totalplay-automation\Reports\20240611_180136\Shop-Services\20240611_180137\requests\main\39.har

11-06-2024T18:03:53 - [MESSAGE][PASSED] - Send request successfully

11-06-2024T18:03:53 - [TEST_STEP][PASSED] - verifyResponseStatusCode(SwitchBasket_Response, 200): Verify response status code successfully

11-06-2024T18:03:53 - [MESSAGE][INFO] - Checking response object

11-06-2024T18:03:53 - [MESSAGE][PASSED] - Verify response status code successfully

11-06-2024T18:03:53 - [TEST_STEP][PASSED] - PaymentMethodRequired_type = "_flash[0].type": null

11-06-2024T18:03:53 - [TEST_STEP][PASSED] - PaymentMethodRequired_message = "_flash[0].message": null

11-06-2024T18:03:53 - [TEST_STEP][PASSED] - PaymentMethodRequired_path = "_flash[0].path": null

11-06-2024T18:03:53 - [TEST_STEP][PASSED] - BillingAddressRequired_type = "_flash[1].type": null

11-06-2024T18:03:53 - [TEST_STEP][PASSED] - BillingAddressRequired_message = "_flash[1].message": null

11-06-2024T18:03:53 - [TEST_STEP][PASSED] - BillingAddressRequired_path = "_flash[1].path": null

11-06-2024T18:03:53 - [TEST_STEP][PASSED] - ShippingAddressRequired_type = "_flash[2].type": null

11-06-2024T18:03:53 - [TEST_STEP][PASSED] - ShippingAddressRequired_message = "_flash[2].message": null

11-06-2024T18:03:53 - [TEST_STEP][PASSED] - ShippingAddressRequired_path = "_flash[2].path": null

11-06-2024T18:03:53 - [TEST_STEP][PASSED] - agent_basket = "agent_basket": null

11-06-2024T18:03:53 - [TEST_STEP][PASSED] - basket_id = "basket_id": null

11-06-2024T18:03:53 - [TEST_STEP][PASSED] - channel_type = "channel_type": null

11-06-2024T18:03:53 - [TEST_STEP][PASSED] - creation_date = "creation_date": null

11-06-2024T18:03:53 - [TEST_STEP][PASSED] - currency = "currency": null

11-06-2024T18:03:53 - [TEST_STEP][PASSED] - customer_id = "customer_info.customer_id": null

11-06-2024T18:03:53 - [TEST_STEP][PASSED] - customer_no = "customer_info.customer_no": null

11-06-2024T18:03:53 - [TEST_STEP][PASSED] - email = "customer_info.email": null

11-06-2024T18:03:53 - [TEST_STEP][PASSED] - last_modified = "last_modified": null

11-06-2024T18:03:53 - [TEST_STEP][PASSED] - link = "notes.link": null

11-06-2024T18:03:53 - [TEST_STEP][PASSED] - order_total = "order_total": null

11-06-2024T18:03:53 - [TEST_STEP][PASSED] - base_price = "product_items[0].base_price": null

11-06-2024T18:03:53 - [TEST_STEP][PASSED] - bonus_product_line_item = "product_items[0].bonus_product_line_item": null

11-06-2024T18:03:53 - [TEST_STEP][PASSED] - gift = "product_items[0].gift": null

11-06-2024T18:03:53 - [TEST_STEP][PASSED] - inventory_id = "product_items[0].inventory_id": null

11-06-2024T18:03:53 - [TEST_STEP][PASSED] - item_id = "product_items[0].item_id": null

11-06-2024T18:03:53 - [TEST_STEP][PASSED] - item_text = "product_items[0].item_text": null

11-06-2024T18:03:53 - [TEST_STEP][PASSED] - price = "product_items[0].price": null

11-06-2024T18:03:53 - [TEST_STEP][PASSED] - price_after_item_discount = "product_items[0].price_after_item_discount": null

11-06-2024T18:03:53 - [TEST_STEP][PASSED] - price_after_order_discount = "product_items[0].price_after_order_discount": null

11-06-2024T18:03:53 - [TEST_STEP][PASSED] - product_id = "product_items[0].product_id": null

11-06-2024T18:03:53 - [TEST_STEP][PASSED] - product_name = "product_items[0].product_name": null

11-06-2024T18:03:53 - [TEST_STEP][PASSED] - quantity = "product_items[0].quantity": null

11-06-2024T18:03:53 - [TEST_STEP][PASSED] - shipment_id = "product_items[0].shipment_id": null

11-06-2024T18:03:53 - [TEST_STEP][PASSED] - tax_basis = "product_items[0].tax_basis": null

11-06-2024T18:03:53 - [TEST_STEP][PASSED] - tax_class_id = "product_items[0].tax_class_id": null

11-06-2024T18:03:53 - [TEST_STEP][PASSED] - c_fromStoreId = "product_items[0].c_fromStoreId": null

11-06-2024T18:03:53 - [TEST_STEP][PASSED] - c_isOnDemandStoreItem = "product_items[0].c_isOnDemandStoreItem": null

11-06-2024T18:03:53 - [TEST_STEP][PASSED] - c_miraklOperatorProductId = "product_items[0].c_miraklOperatorProductId": null

11-06-2024T18:03:53 - [TEST_STEP][PASSED] - c_offerId = "product_items[0].c_offerId": null

11-06-2024T18:03:53 - [TEST_STEP][PASSED] - c_offerListPrice = "product_items[0].c_offerListPrice": null

11-06-2024T18:03:53 - [TEST_STEP][PASSED] - c_offerSalesPrice = "product_items[0].c_offerSalesPrice": null

11-06-2024T18:03:53 - [TEST_STEP][PASSED] - c_offerState = "product_items[0].c_offerState": null

11-06-2024T18:03:53 - [TEST_STEP][PASSED] - c_offerStateCode = "product_items[0].c_offerStateCode": null

11-06-2024T18:03:53 - [TEST_STEP][PASSED] - alt = "product_items[0].c_productImage[0].alt": null

11-06-2024T18:03:53 - [TEST_STEP][PASSED] - url = "product_items[0].c_productImage[0].url": null

11-06-2024T18:03:53 - [TEST_STEP][PASSED] - title = "product_items[0].c_productImage[0].title": null

11-06-2024T18:03:53 - [TEST_STEP][PASSED] - c_shopId = "product_items[0].c_shopId": null

11-06-2024T18:03:53 - [TEST_STEP][PASSED] - c_shopName = "product_items[0].c_shopName": null

11-06-2024T18:03:53 - [TEST_STEP][PASSED] - c_availableQty = "product_items[0].c_availableQty": null

11-06-2024T18:03:53 - [TEST_STEP][PASSED] - product_sub_total = "product_sub_total": null

11-06-2024T18:03:53 - [TEST_STEP][PASSED] - product_total = "product_total": null

11-06-2024T18:03:53 - [TEST_STEP][PASSED] - shipment_id = "shipments[0].shipment_id": null

11-06-2024T18:03:53 - [TEST_STEP][PASSED] - shipment_total = "shipments[0].shipment_total": null

11-06-2024T18:03:53 - [TEST_STEP][PASSED] - shipping_method_type = "shipments[0].shipping_method._type": null

11-06-2024T18:03:53 - [TEST_STEP][PASSED] - shipping_method_id = "shipments[0].shipping_method.id": null

11-06-2024T18:03:53 - [TEST_STEP][PASSED] - shipping_method_name = "shipments[0].shipping_method.name": null

11-06-2024T18:03:53 - [TEST_STEP][PASSED] - c_storePickupEnabled = "shipments[0].shipping_method.c_storePickupEnabled": null

11-06-2024T18:03:53 - [TEST_STEP][PASSED] - shipping_status = "shipments[0].shipping_status": null

11-06-2024T18:03:53 - [TEST_STEP][PASSED] - shipping_total = "shipments[0].shipping_total": null

11-06-2024T18:03:53 - [TEST_STEP][PASSED] - shipping_total_tax = "shipments[0].shipping_total_tax": null

11-06-2024T18:03:53 - [TEST_STEP][PASSED] - shipping_items_item_id = "shipping_items[0].item_id": null

11-06-2024T18:03:53 - [TEST_STEP][PASSED] - shipping_items_item_text = "shipping_items[0].item_text": null

11-06-2024T18:03:53 - [TEST_STEP][PASSED] - c_corporateImgUrl = "c_corporateImgUrl": null

11-06-2024T18:03:53 - [TEST_STEP][PASSED] - c_currentCorporate = "c_currentCorporate": null

11-06-2024T18:03:53 - [TEST_STEP][PASSED] - c_currentMultiStoreID = "c_currentMultiStoreID": null

11-06-2024T18:03:53 - [TEST_STEP][PASSED] - c_isLock = "c_isLock": null

11-06-2024T18:03:53 - [TEST_STEP][PASSED] - c_lockTime = "c_lockTime": null

11-06-2024T18:03:53 - [TEST_STEP][PASSED] - c_multiStoreEDD = "c_multiStoreEDD": null

11-06-2024T18:03:53 - [TEST_STEP][PASSED] - c_onDemandEDD = "c_onDemandEDD": null

11-06-2024T18:03:53 - [TEST_STEP][PASSED] - c_seller_id = "c_seller_id": null

11-06-2024T18:03:53 - [TEST_STEP][PASSED] - c_SellerList_name = "c_SellerList[0].name": null

11-06-2024T18:03:53 - [TEST_STEP][PASSED] - c_SellerList_corporateImgURL = "c_SellerList[0].corporateImgURL": null

11-06-2024T18:03:53 - [TEST_STEP][PASSED] - c_SellerList_corporateColorCode = "c_SellerList[0].corporateColorCode": null

11-06-2024T18:03:53 - [TEST_STEP][PASSED] - c_SellerList_productsCount = "c_SellerList[0].productsCount": null

11-06-2024T18:03:53 - [TEST_STEP][PASSED] - c_SellerList_productID = "c_SellerList[0].cartItems[0].productID": null

11-06-2024T18:03:53 - [TEST_STEP][PASSED] - c_SellerList_sellerId = "c_SellerList[0].cartItems[0].sellerId": null

11-06-2024T18:03:53 - [TEST_STEP][PASSED] - c_SellerList_isOnDemandStoreItem = "c_SellerList[0].cartItems[0].isOnDemandStoreItem": null

11-06-2024T18:03:53 - [TEST_STEP][PASSED] - c_SellerList_alt = "c_SellerList[0].cartItems[0].productImage[0].alt": null

11-06-2024T18:03:53 - [TEST_STEP][PASSED] - c_SellerList_url = "c_SellerList[0].cartItems[0].productImage[0].url": null

11-06-2024T18:03:53 - [TEST_STEP][PASSED] - c_SellerList_title = "c_SellerList[0].cartItems[0].productImage[0].title": null

11-06-2024T18:03:53 - [TEST_STEP][PASSED] - c_SellerList_quantity = "c_SellerList[0].cartItems[0].quantity": null

11-06-2024T18:03:53 - [TEST_STEP][PASSED] - c_SellerList_name1 = "c_SellerList[0].cartItems[0].name": null

11-06-2024T18:03:53 - [TEST_STEP][PASSED] - c_preferredAddress = "c_preferredAddress": null

11-06-2024T18:03:53 - [TEST_STEP][PASSED] - c_OnDemandStoreOpenHours = "c_OnDemandStoreOpenHours": null

11-06-2024T18:03:53 - [TEST_STEP][PASSED] - c_savingsTotal = "c_savingsTotal": null

11-06-2024T18:03:53 - [TEST_STEP][PASSED] - c_formatedOrderTotal = "c_formatedOrderTotal": null

11-06-2024T18:03:53 - [TEST_STEP][PASSED] - c_formatedProductTotal = "c_formatedProductTotal": null

11-06-2024T18:03:53 - [TEST_STEP][PASSED] - totalplay.Common.verifyPropertyExist(SwitchBasket_Response, PaymentMethodRequired_type): totalplay.Common.verifyPropertyExist is PASSED

11-06-2024T18:03:53 - [MESSAGE][INFO] - Checking response object

11-06-2024T18:03:54 - [MESSAGE][PASSED] - totalplay.Common.verifyPropertyExist is PASSED

11-06-2024T18:03:54 - [TEST_STEP][PASSED] - totalplay.Common.verifyPropertyValueExist(SwitchBasket_Response, PaymentMethodRequired_type): totalplay.Common.verifyPropertyValueExist is PASSED

11-06-2024T18:03:54 - [MESSAGE][INFO] - Checking response object

11-06-2024T18:03:54 - [MESSAGE][INFO] - PaymentMethodRequired

11-06-2024T18:03:54 - [MESSAGE][PASSED] - totalplay.Common.verifyPropertyValueExist is PASSED

11-06-2024T18:03:54 - [TEST_STEP][PASSED] - totalplay.Common.verifyPropertyExist(SwitchBasket_Response, PaymentMethodRequired_message): totalplay.Common.verifyPropertyExist is PASSED

11-06-2024T18:03:54 - [MESSAGE][INFO] - Checking response object

11-06-2024T18:03:54 - [MESSAGE][PASSED] - totalplay.Common.verifyPropertyExist is PASSED

11-06-2024T18:03:54 - [TEST_STEP][PASSED] - totalplay.Common.verifyPropertyValueExist(SwitchBasket_Response, PaymentMethodRequired_message): totalplay.Common.verifyPropertyValueExist is PASSED

11-06-2024T18:03:54 - [MESSAGE][INFO] - Checking response object

11-06-2024T18:03:54 - [MESSAGE][INFO] - No payment method ID was specified. Please provide a valid payment method ID.

11-06-2024T18:03:54 - [MESSAGE][PASSED] - totalplay.Common.verifyPropertyValueExist is PASSED

11-06-2024T18:03:54 - [TEST_STEP][PASSED] - totalplay.Common.verifyPropertyExist(SwitchBasket_Response, PaymentMethodRequired_path): totalplay.Common.verifyPropertyExist is PASSED

11-06-2024T18:03:54 - [MESSAGE][INFO] - Checking response object

11-06-2024T18:03:54 - [MESSAGE][PASSED] - totalplay.Common.verifyPropertyExist is PASSED

11-06-2024T18:03:54 - [TEST_STEP][PASSED] - totalplay.Common.verifyPropertyValueExist(SwitchBasket_Response, PaymentMethodRequired_path): totalplay.Common.verifyPropertyValueExist is PASSED

11-06-2024T18:03:54 - [MESSAGE][INFO] - Checking response object

11-06-2024T18:03:54 - [MESSAGE][INFO] - $.payment_instruments[0].payment_method_id

11-06-2024T18:03:54 - [MESSAGE][PASSED] - totalplay.Common.verifyPropertyValueExist is PASSED

11-06-2024T18:03:54 - [TEST_STEP][PASSED] - totalplay.Common.getBooleanValueofObject(SwitchBasket_Response, agent_basket): totalplay.Common.getBooleanValueofObject is PASSED

11-06-2024T18:03:54 - [MESSAGE][INFO] - Checking response object

11-06-2024T18:03:54 - [MESSAGE][PASSED] - totalplay.Common.getBooleanValueofObject is PASSED

11-06-2024T18:03:54 - [TEST_STEP][PASSED] - totalplay.Common.verifyPropertyExist(SwitchBasket_Response, basket_id): totalplay.Common.verifyPropertyExist is PASSED

11-06-2024T18:03:54 - [MESSAGE][INFO] - Checking response object

11-06-2024T18:03:54 - [MESSAGE][PASSED] - totalplay.Common.verifyPropertyExist is PASSED

11-06-2024T18:03:54 - [TEST_STEP][PASSED] - totalplay.Common.verifyPropertyValueExist(SwitchBasket_Response, basket_id): totalplay.Common.verifyPropertyValueExist is PASSED

11-06-2024T18:03:54 - [MESSAGE][INFO] - Checking response object

11-06-2024T18:03:54 - [MESSAGE][INFO] - cb07b36e4ccfac89074d4fb1ff

11-06-2024T18:03:54 - [MESSAGE][PASSED] - totalplay.Common.verifyPropertyValueExist is PASSED

11-06-2024T18:03:54 - [TEST_STEP][PASSED] - totalplay.Common.verifyPropertyExist(SwitchBasket_Response, channel_type): totalplay.Common.verifyPropertyExist is PASSED

11-06-2024T18:03:54 - [MESSAGE][INFO] - Checking response object

11-06-2024T18:03:54 - [MESSAGE][PASSED] - totalplay.Common.verifyPropertyExist is PASSED

11-06-2024T18:03:54 - [TEST_STEP][PASSED] - totalplay.Common.verifyPropertyValueExist(SwitchBasket_Response, channel_type): totalplay.Common.verifyPropertyValueExist is PASSED

11-06-2024T18:03:54 - [MESSAGE][INFO] - Checking response object

11-06-2024T18:03:54 - [MESSAGE][INFO] - storefront

11-06-2024T18:03:54 - [MESSAGE][PASSED] - totalplay.Common.verifyPropertyValueExist is PASSED

11-06-2024T18:03:54 - [TEST_STEP][PASSED] - totalplay.Common.verifyPropertyExist(SwitchBasket_Response, creation_date): totalplay.Common.verifyPropertyExist is PASSED

11-06-2024T18:03:54 - [MESSAGE][INFO] - Checking response object

11-06-2024T18:03:54 - [MESSAGE][PASSED] - totalplay.Common.verifyPropertyExist is PASSED

11-06-2024T18:03:54 - [TEST_STEP][PASSED] - totalplay.Common.verifyPropertyValueExist(SwitchBasket_Response, creation_date): totalplay.Common.verifyPropertyValueExist is PASSED

11-06-2024T18:03:54 - [MESSAGE][INFO] - Checking response object

11-06-2024T18:03:54 - [MESSAGE][INFO] - 2024-06-10T08:58:09.765Z

11-06-2024T18:03:54 - [MESSAGE][PASSED] - totalplay.Common.verifyPropertyValueExist is PASSED

11-06-2024T18:03:54 - [TEST_STEP][PASSED] - totalplay.Common.verifyPropertyExist(SwitchBasket_Response, currency): totalplay.Common.verifyPropertyExist is PASSED

11-06-2024T18:03:54 - [MESSAGE][INFO] - Checking response object

11-06-2024T18:03:54 - [MESSAGE][PASSED] - totalplay.Common.verifyPropertyExist is PASSED

11-06-2024T18:03:54 - [TEST_STEP][PASSED] - totalplay.Common.verifyPropertyValueExist(SwitchBasket_Response, currency): totalplay.Common.verifyPropertyValueExist is PASSED

11-06-2024T18:03:54 - [MESSAGE][INFO] - Checking response object

11-06-2024T18:03:54 - [MESSAGE][INFO] - MXN

11-06-2024T18:03:54 - [MESSAGE][PASSED] - totalplay.Common.verifyPropertyValueExist is PASSED

11-06-2024T18:03:54 - [TEST_STEP][PASSED] - totalplay.Common.verifyPropertyExist(SwitchBasket_Response, customer_id): totalplay.Common.verifyPropertyExist is PASSED

11-06-2024T18:03:54 - [MESSAGE][INFO] - Checking response object

11-06-2024T18:03:54 - [MESSAGE][PASSED] - totalplay.Common.verifyPropertyExist is PASSED

11-06-2024T18:03:54 - [TEST_STEP][PASSED] - totalplay.Common.verifyPropertyValueExist(SwitchBasket_Response, customer_id): totalplay.Common.verifyPropertyValueExist is PASSED

11-06-2024T18:03:54 - [MESSAGE][INFO] - Checking response object

11-06-2024T18:03:54 - [MESSAGE][INFO] - acnRbWqujHCpg9oq6V2hkuTaSW

11-06-2024T18:03:54 - [MESSAGE][PASSED] - totalplay.Common.verifyPropertyValueExist is PASSED

11-06-2024T18:03:54 - [TEST_STEP][PASSED] - totalplay.Common.verifyPropertyExist(SwitchBasket_Response, customer_no): totalplay.Common.verifyPropertyExist is PASSED

11-06-2024T18:03:54 - [MESSAGE][INFO] - Checking response object

11-06-2024T18:03:54 - [MESSAGE][PASSED] - totalplay.Common.verifyPropertyExist is PASSED

11-06-2024T18:03:54 - [TEST_STEP][PASSED] - totalplay.Common.verifyPropertyValueExist(SwitchBasket_Response, customer_no): totalplay.Common.verifyPropertyValueExist is PASSED

11-06-2024T18:03:54 - [MESSAGE][INFO] - Checking response object

11-06-2024T18:03:54 - [MESSAGE][INFO] - 00011507

11-06-2024T18:03:54 - [MESSAGE][PASSED] - totalplay.Common.verifyPropertyValueExist is PASSED

11-06-2024T18:03:54 - [TEST_STEP][PASSED] - totalplay.Common.verifyPropertyExist(SwitchBasket_Response, email): totalplay.Common.verifyPropertyExist is PASSED

11-06-2024T18:03:54 - [MESSAGE][INFO] - Checking response object

11-06-2024T18:03:54 - [MESSAGE][PASSED] - totalplay.Common.verifyPropertyExist is PASSED

11-06-2024T18:03:54 - [TEST_STEP][PASSED] - totalplay.Common.verifyPropertyValueExist(SwitchBasket_Response, email): totalplay.Common.verifyPropertyValueExist is PASSED

11-06-2024T18:03:54 - [MESSAGE][INFO] - Checking response object

11-06-2024T18:03:54 - [MESSAGE][INFO] - qa.totalplay@gmail.com

11-06-2024T18:03:54 - [MESSAGE][PASSED] - totalplay.Common.verifyPropertyValueExist is PASSED

11-06-2024T18:03:54 - [TEST_STEP][PASSED] - totalplay.Common.verifyPropertyExist(SwitchBasket_Response, last_modified): totalplay.Common.verifyPropertyExist is PASSED

11-06-2024T18:03:54 - [MESSAGE][INFO] - Checking response object

11-06-2024T18:03:54 - [MESSAGE][PASSED] - totalplay.Common.verifyPropertyExist is PASSED

11-06-2024T18:03:54 - [TEST_STEP][PASSED] - totalplay.Common.verifyPropertyValueExist(SwitchBasket_Response, last_modified): totalplay.Common.verifyPropertyValueExist is PASSED

11-06-2024T18:03:54 - [MESSAGE][INFO] - Checking response object

11-06-2024T18:03:54 - [MESSAGE][INFO] - 2024-06-11T12:33:53.689Z

11-06-2024T18:03:54 - [MESSAGE][PASSED] - totalplay.Common.verifyPropertyValueExist is PASSED

11-06-2024T18:03:54 - [TEST_STEP][PASSED] - totalplay.Common.verifyPropertyExist(SwitchBasket_Response, link): totalplay.Common.verifyPropertyExist is PASSED

11-06-2024T18:03:54 - [MESSAGE][INFO] - Checking response object

11-06-2024T18:03:54 - [MESSAGE][PASSED] - totalplay.Common.verifyPropertyExist is PASSED

11-06-2024T18:03:54 - [TEST_STEP][PASSED] - totalplay.Common.verifyPropertyValueExist(SwitchBasket_Response, link): totalplay.Common.verifyPropertyValueExist is PASSED

11-06-2024T18:03:54 - [MESSAGE][INFO] - Checking response object

11-06-2024T18:03:54 - [MESSAGE][INFO] - https://salesforceqa.sistemastp.com.mx/s/TP-SHOP/dw/shop/v23_1/baskets/cb07b36e4ccfac89074d4fb1ff/notes?corporateName=FlamingWok

11-06-2024T18:03:54 - [MESSAGE][PASSED] - totalplay.Common.verifyPropertyValueExist is PASSED

11-06-2024T18:03:54 - [TEST_STEP][PASSED] - totalplay.Common.getDecimalValueofObject(SwitchBasket_Response, order_total): totalplay.Common.getDecimalValueofObject is PASSED

11-06-2024T18:03:54 - [MESSAGE][INFO] - Checking response object

11-06-2024T18:03:54 - [MESSAGE][PASSED] - totalplay.Common.getDecimalValueofObject is PASSED

11-06-2024T18:03:54 - [TEST_STEP][PASSED] - totalplay.Common.getDecimalValueofObject(SwitchBasket_Response, base_price): totalplay.Common.getDecimalValueofObject is PASSED

11-06-2024T18:03:54 - [MESSAGE][INFO] - Checking response object

11-06-2024T18:03:54 - [MESSAGE][PASSED] - totalplay.Common.getDecimalValueofObject is PASSED

11-06-2024T18:03:54 - [TEST_STEP][PASSED] - totalplay.Common.getBooleanValueofObject(SwitchBasket_Response, bonus_product_line_item): totalplay.Common.getBooleanValueofObject is PASSED

11-06-2024T18:03:54 - [MESSAGE][INFO] - Checking response object

11-06-2024T18:03:54 - [MESSAGE][PASSED] - totalplay.Common.getBooleanValueofObject is PASSED

11-06-2024T18:03:54 - [TEST_STEP][PASSED] - totalplay.Common.getBooleanValueofObject(SwitchBasket_Response, gift): totalplay.Common.getBooleanValueofObject is PASSED

11-06-2024T18:03:54 - [MESSAGE][INFO] - Checking response object

11-06-2024T18:03:54 - [MESSAGE][PASSED] - totalplay.Common.getBooleanValueofObject is PASSED

11-06-2024T18:03:54 - [TEST_STEP][PASSED] - totalplay.Common.verifyPropertyExist(SwitchBasket_Response, inventory_id): totalplay.Common.verifyPropertyExist is PASSED

11-06-2024T18:03:54 - [MESSAGE][INFO] - Checking response object

11-06-2024T18:03:54 - [MESSAGE][PASSED] - totalplay.Common.verifyPropertyExist is PASSED

11-06-2024T18:03:54 - [TEST_STEP][PASSED] - totalplay.Common.verifyPropertyValueExist(SwitchBasket_Response, inventory_id): totalplay.Common.verifyPropertyValueExist is PASSED

11-06-2024T18:03:54 - [MESSAGE][INFO] - Checking response object

11-06-2024T18:03:54 - [MESSAGE][INFO] - inventory_m_food_mirakl

11-06-2024T18:03:54 - [MESSAGE][PASSED] - totalplay.Common.verifyPropertyValueExist is PASSED

11-06-2024T18:03:54 - [TEST_STEP][PASSED] - totalplay.Common.verifyPropertyExist(SwitchBasket_Response, item_id): totalplay.Common.verifyPropertyExist is PASSED

11-06-2024T18:03:54 - [MESSAGE][INFO] - Checking response object

11-06-2024T18:03:54 - [MESSAGE][PASSED] - totalplay.Common.verifyPropertyExist is PASSED

11-06-2024T18:03:54 - [TEST_STEP][PASSED] - totalplay.Common.verifyPropertyValueExist(SwitchBasket_Response, item_id): totalplay.Common.verifyPropertyValueExist is PASSED

11-06-2024T18:03:54 - [MESSAGE][INFO] - Checking response object

11-06-2024T18:03:54 - [MESSAGE][INFO] - e9fe4667c043a109b54145313a

11-06-2024T18:03:54 - [MESSAGE][PASSED] - totalplay.Common.verifyPropertyValueExist is PASSED

11-06-2024T18:03:54 - [TEST_STEP][PASSED] - totalplay.Common.verifyPropertyExist(SwitchBasket_Response, item_text): totalplay.Common.verifyPropertyExist is PASSED

11-06-2024T18:03:54 - [MESSAGE][INFO] - Checking response object

11-06-2024T18:03:54 - [MESSAGE][PASSED] - totalplay.Common.verifyPropertyExist is PASSED

11-06-2024T18:03:54 - [TEST_STEP][PASSED] - totalplay.Common.verifyPropertyValueExist(SwitchBasket_Response, item_text): totalplay.Common.verifyPropertyValueExist is PASSED

11-06-2024T18:03:54 - [MESSAGE][INFO] - Checking response object

11-06-2024T18:03:54 - [MESSAGE][INFO] - 5 days stay ticket

11-06-2024T18:03:54 - [MESSAGE][PASSED] - totalplay.Common.verifyPropertyValueExist is PASSED

11-06-2024T18:03:54 - [TEST_STEP][PASSED] - totalplay.Common.getDecimalValueofObject(SwitchBasket_Response, price): totalplay.Common.getDecimalValueofObject is PASSED

11-06-2024T18:03:54 - [MESSAGE][INFO] - Checking response object

11-06-2024T18:03:54 - [MESSAGE][PASSED] - totalplay.Common.getDecimalValueofObject is PASSED

11-06-2024T18:03:54 - [TEST_STEP][PASSED] - totalplay.Common.getDecimalValueofObject(SwitchBasket_Response, price_after_item_discount): totalplay.Common.getDecimalValueofObject is PASSED

11-06-2024T18:03:54 - [MESSAGE][INFO] - Checking response object

11-06-2024T18:03:54 - [MESSAGE][PASSED] - totalplay.Common.getDecimalValueofObject is PASSED

11-06-2024T18:03:54 - [TEST_STEP][PASSED] - totalplay.Common.getDecimalValueofObject(SwitchBasket_Response, price_after_order_discount): totalplay.Common.getDecimalValueofObject is PASSED

11-06-2024T18:03:54 - [MESSAGE][INFO] - Checking response object

11-06-2024T18:03:54 - [MESSAGE][PASSED] - totalplay.Common.getDecimalValueofObject is PASSED

11-06-2024T18:03:54 - [TEST_STEP][PASSED] - totalplay.Common.verifyPropertyExist(SwitchBasket_Response, product_id): totalplay.Common.verifyPropertyExist is PASSED

11-06-2024T18:03:54 - [MESSAGE][INFO] - Checking response object

11-06-2024T18:03:54 - [MESSAGE][PASSED] - totalplay.Common.verifyPropertyExist is PASSED

11-06-2024T18:03:54 - [TEST_STEP][PASSED] - totalplay.Common.verifyPropertyValueExist(SwitchBasket_Response, product_id): totalplay.Common.verifyPropertyValueExist is PASSED

11-06-2024T18:03:54 - [MESSAGE][INFO] - Checking response object

11-06-2024T18:03:54 - [MESSAGE][INFO] - T21069800

11-06-2024T18:03:54 - [MESSAGE][PASSED] - totalplay.Common.verifyPropertyValueExist is PASSED

11-06-2024T18:03:54 - [TEST_STEP][PASSED] - totalplay.Common.verifyPropertyExist(SwitchBasket_Response, product_name): totalplay.Common.verifyPropertyExist is PASSED

11-06-2024T18:03:54 - [MESSAGE][INFO] - Checking response object

11-06-2024T18:03:54 - [MESSAGE][PASSED] - totalplay.Common.verifyPropertyExist is PASSED

11-06-2024T18:03:54 - [TEST_STEP][PASSED] - totalplay.Common.verifyPropertyValueExist(SwitchBasket_Response, product_name): totalplay.Common.verifyPropertyValueExist is PASSED

11-06-2024T18:03:54 - [MESSAGE][INFO] - Checking response object

11-06-2024T18:03:54 - [MESSAGE][INFO] - 5 days stay ticket

11-06-2024T18:03:54 - [MESSAGE][PASSED] - totalplay.Common.verifyPropertyValueExist is PASSED

11-06-2024T18:03:54 - [TEST_STEP][PASSED] - totalplay.Common.getNumValueofObject(SwitchBasket_Response, quantity): totalplay.Common.getNumValueofObject is PASSED

11-06-2024T18:03:54 - [MESSAGE][INFO] - Checking response object

11-06-2024T18:03:54 - [MESSAGE][PASSED] - totalplay.Common.getNumValueofObject is PASSED

11-06-2024T18:03:54 - [TEST_STEP][PASSED] - totalplay.Common.verifyPropertyExist(SwitchBasket_Response, shipment_id): totalplay.Common.verifyPropertyExist is PASSED

11-06-2024T18:03:54 - [MESSAGE][INFO] - Checking response object

11-06-2024T18:03:55 - [MESSAGE][PASSED] - totalplay.Common.verifyPropertyExist is PASSED

11-06-2024T18:03:55 - [TEST_STEP][PASSED] - totalplay.Common.verifyPropertyValueExist(SwitchBasket_Response, shipment_id): totalplay.Common.verifyPropertyValueExist is PASSED

11-06-2024T18:03:55 - [MESSAGE][INFO] - Checking response object

11-06-2024T18:03:55 - [MESSAGE][INFO] - me

11-06-2024T18:03:55 - [MESSAGE][PASSED] - totalplay.Common.verifyPropertyValueExist is PASSED

11-06-2024T18:03:55 - [TEST_STEP][PASSED] - totalplay.Common.getDecimalValueofObject(SwitchBasket_Response, tax_basis): totalplay.Common.getDecimalValueofObject is PASSED

11-06-2024T18:03:55 - [MESSAGE][INFO] - Checking response object

11-06-2024T18:03:55 - [MESSAGE][PASSED] - totalplay.Common.getDecimalValueofObject is PASSED

11-06-2024T18:03:55 - [TEST_STEP][PASSED] - totalplay.Common.verifyPropertyExist(SwitchBasket_Response, tax_class_id): totalplay.Common.verifyPropertyExist is PASSED

11-06-2024T18:03:55 - [MESSAGE][INFO] - Checking response object

11-06-2024T18:03:55 - [MESSAGE][PASSED] - totalplay.Common.verifyPropertyExist is PASSED

11-06-2024T18:03:55 - [TEST_STEP][PASSED] - totalplay.Common.verifyPropertyValueExist(SwitchBasket_Response, tax_class_id): totalplay.Common.verifyPropertyValueExist is PASSED

11-06-2024T18:03:55 - [MESSAGE][INFO] - Checking response object

11-06-2024T18:03:55 - [MESSAGE][INFO] - product_zero_tax

11-06-2024T18:03:55 - [MESSAGE][PASSED] - totalplay.Common.verifyPropertyValueExist is PASSED

11-06-2024T18:03:55 - [TEST_STEP][PASSED] - totalplay.Common.verifyPropertyExist(SwitchBasket_Response, c_fromStoreId): totalplay.Common.verifyPropertyExist is PASSED

11-06-2024T18:03:55 - [MESSAGE][INFO] - Checking response object

11-06-2024T18:03:55 - [MESSAGE][PASSED] - totalplay.Common.verifyPropertyExist is PASSED

11-06-2024T18:03:55 - [TEST_STEP][PASSED] - totalplay.Common.verifyPropertyValueExist(SwitchBasket_Response, c_fromStoreId): totalplay.Common.verifyPropertyValueExist is PASSED

11-06-2024T18:03:55 - [MESSAGE][INFO] - Checking response object

11-06-2024T18:03:55 - [MESSAGE][INFO] - 6655

11-06-2024T18:03:55 - [MESSAGE][PASSED] - totalplay.Common.verifyPropertyValueExist is PASSED

11-06-2024T18:03:55 - [TEST_STEP][PASSED] - totalplay.Common.getBooleanValueofObject(SwitchBasket_Response, c_isOnDemandStoreItem): totalplay.Common.getBooleanValueofObject is PASSED

11-06-2024T18:03:55 - [MESSAGE][INFO] - Checking response object

11-06-2024T18:03:55 - [MESSAGE][PASSED] - totalplay.Common.getBooleanValueofObject is PASSED

11-06-2024T18:03:55 - [TEST_STEP][PASSED] - totalplay.Common.verifyPropertyExist(SwitchBasket_Response, c_miraklOperatorProductId): totalplay.Common.verifyPropertyExist is PASSED

11-06-2024T18:03:55 - [MESSAGE][INFO] - Checking response object

11-06-2024T18:03:55 - [MESSAGE][PASSED] - totalplay.Common.verifyPropertyExist is PASSED

11-06-2024T18:03:55 - [TEST_STEP][PASSED] - totalplay.Common.verifyPropertyValueExist(SwitchBasket_Response, c_miraklOperatorProductId): totalplay.Common.verifyPropertyValueExist is PASSED

11-06-2024T18:03:55 - [MESSAGE][INFO] - Checking response object

11-06-2024T18:03:55 - [MESSAGE][INFO] - T21069800

11-06-2024T18:03:55 - [MESSAGE][PASSED] - totalplay.Common.verifyPropertyValueExist is PASSED

11-06-2024T18:03:55 - [TEST_STEP][PASSED] - totalplay.Common.verifyPropertyExist(SwitchBasket_Response, c_offerId): totalplay.Common.verifyPropertyExist is PASSED

11-06-2024T18:03:55 - [MESSAGE][INFO] - Checking response object

11-06-2024T18:03:55 - [MESSAGE][PASSED] - totalplay.Common.verifyPropertyExist is PASSED

11-06-2024T18:03:55 - [TEST_STEP][PASSED] - totalplay.Common.verifyPropertyValueExist(SwitchBasket_Response, c_offerId): totalplay.Common.verifyPropertyValueExist is PASSED

11-06-2024T18:03:55 - [MESSAGE][INFO] - Checking response object

11-06-2024T18:03:55 - [MESSAGE][INFO] - 533295

11-06-2024T18:03:55 - [MESSAGE][PASSED] - totalplay.Common.verifyPropertyValueExist is PASSED

11-06-2024T18:03:55 - [TEST_STEP][PASSED] - totalplay.Common.getDecimalValueofObject(SwitchBasket_Response, c_offerListPrice): totalplay.Common.getDecimalValueofObject is PASSED

11-06-2024T18:03:55 - [MESSAGE][INFO] - Checking response object

11-06-2024T18:03:55 - [MESSAGE][PASSED] - totalplay.Common.getDecimalValueofObject is PASSED

11-06-2024T18:03:55 - [TEST_STEP][PASSED] - totalplay.Common.getDecimalValueofObject(SwitchBasket_Response, c_offerSalesPrice): totalplay.Common.getDecimalValueofObject is PASSED

11-06-2024T18:03:55 - [MESSAGE][INFO] - Checking response object

11-06-2024T18:03:55 - [MESSAGE][PASSED] - totalplay.Common.getDecimalValueofObject is PASSED

11-06-2024T18:03:55 - [TEST_STEP][PASSED] - totalplay.Common.verifyPropertyExist(SwitchBasket_Response, c_offerState): totalplay.Common.verifyPropertyExist is PASSED

11-06-2024T18:03:55 - [MESSAGE][INFO] - Checking response object

11-06-2024T18:03:55 - [MESSAGE][PASSED] - totalplay.Common.verifyPropertyExist is PASSED

11-06-2024T18:03:55 - [TEST_STEP][PASSED] - totalplay.Common.verifyPropertyValueExist(SwitchBasket_Response, c_offerState): totalplay.Common.verifyPropertyValueExist is PASSED

11-06-2024T18:03:55 - [MESSAGE][INFO] - Checking response object

11-06-2024T18:03:55 - [MESSAGE][INFO] - Nuevo

11-06-2024T18:03:55 - [MESSAGE][PASSED] - totalplay.Common.verifyPropertyValueExist is PASSED

11-06-2024T18:03:55 - [TEST_STEP][PASSED] - totalplay.Common.verifyPropertyExist(SwitchBasket_Response, c_offerStateCode): totalplay.Common.verifyPropertyExist is PASSED

11-06-2024T18:03:55 - [MESSAGE][INFO] - Checking response object

11-06-2024T18:03:55 - [MESSAGE][PASSED] - totalplay.Common.verifyPropertyExist is PASSED

11-06-2024T18:03:55 - [TEST_STEP][PASSED] - totalplay.Common.verifyPropertyValueExist(SwitchBasket_Response, c_offerStateCode): totalplay.Common.verifyPropertyValueExist is PASSED

11-06-2024T18:03:55 - [MESSAGE][INFO] - Checking response object

11-06-2024T18:03:55 - [MESSAGE][INFO] - 11

11-06-2024T18:03:55 - [MESSAGE][PASSED] - totalplay.Common.verifyPropertyValueExist is PASSED

11-06-2024T18:03:55 - [TEST_STEP][PASSED] - totalplay.Common.verifyPropertyExist(SwitchBasket_Response, alt): totalplay.Common.verifyPropertyExist is PASSED

11-06-2024T18:03:55 - [MESSAGE][INFO] - Checking response object

11-06-2024T18:03:55 - [MESSAGE][PASSED] - totalplay.Common.verifyPropertyExist is PASSED

11-06-2024T18:03:55 - [TEST_STEP][PASSED] - totalplay.Common.verifyPropertyValueExist(SwitchBasket_Response, alt): totalplay.Common.verifyPropertyValueExist is PASSED

11-06-2024T18:03:55 - [MESSAGE][INFO] - Checking response object

11-06-2024T18:03:55 - [MESSAGE][INFO] - 5 days stay ticket

11-06-2024T18:03:55 - [MESSAGE][PASSED] - totalplay.Common.verifyPropertyValueExist is PASSED

11-06-2024T18:03:55 - [TEST_STEP][PASSED] - totalplay.Common.verifyPropertyExist(SwitchBasket_Response, url): totalplay.Common.verifyPropertyExist is PASSED

11-06-2024T18:03:55 - [MESSAGE][INFO] - Checking response object

11-06-2024T18:03:55 - [MESSAGE][PASSED] - totalplay.Common.verifyPropertyExist is PASSED

11-06-2024T18:03:55 - [TEST_STEP][PASSED] - totalplay.Common.verifyPropertyValueExist(SwitchBasket_Response, url): totalplay.Common.verifyPropertyValueExist is PASSED

11-06-2024T18:03:55 - [MESSAGE][INFO] - Checking response object

11-06-2024T18:03:55 - [MESSAGE][INFO] - https://salesforceqa.sistemastp.com.mx/dw/image/v2/BJCL_DEV/on/demandware.static/-/Sites-Standard/default/dw39f84bb8/images/large/1e852967dc504f7cb246c6764924b56a.jpg?sw=144&sh=144

11-06-2024T18:03:55 - [MESSAGE][PASSED] - totalplay.Common.verifyPropertyValueExist is PASSED

11-06-2024T18:03:55 - [TEST_STEP][PASSED] - totalplay.Common.verifyPropertyExist(SwitchBasket_Response, title): totalplay.Common.verifyPropertyExist is PASSED

11-06-2024T18:03:55 - [MESSAGE][INFO] - Checking response object

11-06-2024T18:03:55 - [MESSAGE][PASSED] - totalplay.Common.verifyPropertyExist is PASSED

11-06-2024T18:03:55 - [TEST_STEP][PASSED] - totalplay.Common.verifyPropertyValueExist(SwitchBasket_Response, title): totalplay.Common.verifyPropertyValueExist is PASSED

11-06-2024T18:03:55 - [MESSAGE][INFO] - Checking response object

11-06-2024T18:03:55 - [MESSAGE][INFO] - 5 days stay ticket

11-06-2024T18:03:55 - [MESSAGE][PASSED] - totalplay.Common.verifyPropertyValueExist is PASSED

11-06-2024T18:03:55 - [TEST_STEP][PASSED] - totalplay.Common.verifyPropertyExist(SwitchBasket_Response, c_shopId): totalplay.Common.verifyPropertyExist is PASSED

11-06-2024T18:03:55 - [MESSAGE][INFO] - Checking response object

11-06-2024T18:03:55 - [MESSAGE][PASSED] - totalplay.Common.verifyPropertyExist is PASSED

11-06-2024T18:03:55 - [TEST_STEP][PASSED] - totalplay.Common.verifyPropertyValueExist(SwitchBasket_Response, c_shopId): totalplay.Common.verifyPropertyValueExist is PASSED

11-06-2024T18:03:55 - [MESSAGE][INFO] - Checking response object

11-06-2024T18:03:55 - [MESSAGE][INFO] - 6655

11-06-2024T18:03:55 - [MESSAGE][PASSED] - totalplay.Common.verifyPropertyValueExist is PASSED

11-06-2024T18:03:55 - [TEST_STEP][PASSED] - totalplay.Common.verifyPropertyExist(SwitchBasket_Response, c_shopName): totalplay.Common.verifyPropertyExist is PASSED

11-06-2024T18:03:55 - [MESSAGE][INFO] - Checking response object

11-06-2024T18:03:55 - [MESSAGE][PASSED] - totalplay.Common.verifyPropertyExist is PASSED

11-06-2024T18:03:55 - [TEST_STEP][PASSED] - totalplay.Common.verifyPropertyValueExist(SwitchBasket_Response, c_shopName): totalplay.Common.verifyPropertyValueExist is PASSED

11-06-2024T18:03:55 - [MESSAGE][INFO] - Checking response object

11-06-2024T18:03:55 - [MESSAGE][INFO] - TP Hotel Resevations

11-06-2024T18:03:55 - [MESSAGE][PASSED] - totalplay.Common.verifyPropertyValueExist is PASSED

11-06-2024T18:03:55 - [TEST_STEP][PASSED] - totalplay.Common.getDecimalValueofObject(SwitchBasket_Response, product_sub_total): totalplay.Common.getDecimalValueofObject is PASSED

11-06-2024T18:03:55 - [MESSAGE][INFO] - Checking response object

11-06-2024T18:03:55 - [MESSAGE][PASSED] - totalplay.Common.getDecimalValueofObject is PASSED

11-06-2024T18:03:55 - [TEST_STEP][PASSED] - totalplay.Common.getDecimalValueofObject(SwitchBasket_Response, product_total): totalplay.Common.getDecimalValueofObject is PASSED

11-06-2024T18:03:55 - [MESSAGE][INFO] - Checking response object

11-06-2024T18:03:55 - [MESSAGE][PASSED] - totalplay.Common.getDecimalValueofObject is PASSED

11-06-2024T18:03:55 - [TEST_STEP][PASSED] - totalplay.Common.verifyPropertyExist(SwitchBasket_Response, shipment_id): totalplay.Common.verifyPropertyExist is PASSED

11-06-2024T18:03:55 - [MESSAGE][INFO] - Checking response object

11-06-2024T18:03:55 - [MESSAGE][PASSED] - totalplay.Common.verifyPropertyExist is PASSED

11-06-2024T18:03:55 - [TEST_STEP][PASSED] - totalplay.Common.verifyPropertyValueExist(SwitchBasket_Response, shipment_id): totalplay.Common.verifyPropertyValueExist is PASSED

11-06-2024T18:03:55 - [MESSAGE][INFO] - Checking response object

11-06-2024T18:03:55 - [MESSAGE][INFO] - me

11-06-2024T18:03:55 - [MESSAGE][PASSED] - totalplay.Common.verifyPropertyValueExist is PASSED

11-06-2024T18:03:55 - [TEST_STEP][PASSED] - totalplay.Common.getDecimalValueofObject(SwitchBasket_Response, shipment_total): totalplay.Common.getDecimalValueofObject is PASSED

11-06-2024T18:03:55 - [MESSAGE][INFO] - Checking response object

11-06-2024T18:03:55 - [MESSAGE][PASSED] - totalplay.Common.getDecimalValueofObject is PASSED

11-06-2024T18:03:55 - [TEST_STEP][PASSED] - totalplay.Common.verifyPropertyExist(SwitchBasket_Response, shipping_method_type): totalplay.Common.verifyPropertyExist is PASSED

11-06-2024T18:03:55 - [MESSAGE][INFO] - Checking response object

11-06-2024T18:03:55 - [MESSAGE][PASSED] - totalplay.Common.verifyPropertyExist is PASSED

11-06-2024T18:03:55 - [TEST_STEP][PASSED] - totalplay.Common.verifyPropertyValueExist(SwitchBasket_Response, shipping_method_type): totalplay.Common.verifyPropertyValueExist is PASSED

11-06-2024T18:03:55 - [MESSAGE][INFO] - Checking response object

11-06-2024T18:03:55 - [MESSAGE][INFO] - shipping_method

11-06-2024T18:03:55 - [MESSAGE][PASSED] - totalplay.Common.verifyPropertyValueExist is PASSED

11-06-2024T18:03:55 - [TEST_STEP][PASSED] - totalplay.Common.verifyPropertyExist(SwitchBasket_Response, shipping_method_id): totalplay.Common.verifyPropertyExist is PASSED

11-06-2024T18:03:55 - [MESSAGE][INFO] - Checking response object

11-06-2024T18:03:55 - [MESSAGE][PASSED] - totalplay.Common.verifyPropertyExist is PASSED

11-06-2024T18:03:55 - [TEST_STEP][PASSED] - totalplay.Common.verifyPropertyValueExist(SwitchBasket_Response, shipping_method_id): totalplay.Common.verifyPropertyValueExist is PASSED

11-06-2024T18:03:55 - [MESSAGE][INFO] - Checking response object

11-06-2024T18:03:55 - [MESSAGE][INFO] - ESTAFETA

11-06-2024T18:03:55 - [MESSAGE][PASSED] - totalplay.Common.verifyPropertyValueExist is PASSED

11-06-2024T18:03:55 - [TEST_STEP][PASSED] - totalplay.Common.verifyPropertyExist(SwitchBasket_Response, shipping_method_name): totalplay.Common.verifyPropertyExist is PASSED

11-06-2024T18:03:55 - [MESSAGE][INFO] - Checking response object

11-06-2024T18:03:55 - [MESSAGE][PASSED] - totalplay.Common.verifyPropertyExist is PASSED

11-06-2024T18:03:55 - [TEST_STEP][PASSED] - totalplay.Common.verifyPropertyValueExist(SwitchBasket_Response, shipping_method_name): totalplay.Common.verifyPropertyValueExist is PASSED

11-06-2024T18:03:55 - [MESSAGE][INFO] - Checking response object

11-06-2024T18:03:55 - [MESSAGE][INFO] - ESTAFETA

11-06-2024T18:03:55 - [MESSAGE][PASSED] - totalplay.Common.verifyPropertyValueExist is PASSED

11-06-2024T18:03:55 - [TEST_STEP][PASSED] - totalplay.Common.getBooleanValueofObject(SwitchBasket_Response, c_storePickupEnabled): totalplay.Common.getBooleanValueofObject is PASSED

11-06-2024T18:03:55 - [MESSAGE][INFO] - Checking response object

11-06-2024T18:03:55 - [MESSAGE][PASSED] - totalplay.Common.getBooleanValueofObject is PASSED

11-06-2024T18:03:55 - [TEST_STEP][PASSED] - totalplay.Common.verifyPropertyExist(SwitchBasket_Response, shipping_status): totalplay.Common.verifyPropertyExist is PASSED

11-06-2024T18:03:55 - [MESSAGE][INFO] - Checking response object

11-06-2024T18:03:55 - [MESSAGE][PASSED] - totalplay.Common.verifyPropertyExist is PASSED

11-06-2024T18:03:55 - [TEST_STEP][PASSED] - totalplay.Common.verifyPropertyValueExist(SwitchBasket_Response, shipping_status): totalplay.Common.verifyPropertyValueExist is PASSED

11-06-2024T18:03:55 - [MESSAGE][INFO] - Checking response object

11-06-2024T18:03:55 - [MESSAGE][INFO] - not_shipped

11-06-2024T18:03:55 - [MESSAGE][PASSED] - totalplay.Common.verifyPropertyValueExist is PASSED

11-06-2024T18:03:55 - [TEST_STEP][PASSED] - totalplay.Common.getBooleanValueofObject(SwitchBasket_Response, shipping_total): totalplay.Common.getBooleanValueofObject is PASSED

11-06-2024T18:03:55 - [MESSAGE][INFO] - Checking response object

11-06-2024T18:03:55 - [MESSAGE][PASSED] - totalplay.Common.getBooleanValueofObject is PASSED

11-06-2024T18:03:55 - [TEST_STEP][PASSED] - totalplay.Common.getBooleanValueofObject(SwitchBasket_Response, shipping_total_tax): totalplay.Common.getBooleanValueofObject is PASSED

11-06-2024T18:03:55 - [MESSAGE][INFO] - Checking response object

11-06-2024T18:03:56 - [MESSAGE][PASSED] - totalplay.Common.getBooleanValueofObject is PASSED

11-06-2024T18:03:56 - [TEST_STEP][PASSED] - totalplay.Common.verifyPropertyExist(SwitchBasket_Response, shipping_items_item_id): totalplay.Common.verifyPropertyExist is PASSED

11-06-2024T18:03:56 - [MESSAGE][INFO] - Checking response object

11-06-2024T18:03:56 - [MESSAGE][PASSED] - totalplay.Common.verifyPropertyExist is PASSED

11-06-2024T18:03:56 - [TEST_STEP][PASSED] - totalplay.Common.verifyPropertyValueExist(SwitchBasket_Response, shipping_items_item_id): totalplay.Common.verifyPropertyValueExist is PASSED

11-06-2024T18:03:56 - [MESSAGE][INFO] - Checking response object

11-06-2024T18:03:56 - [MESSAGE][INFO] - 406fc2f95f021f6c9099629444

11-06-2024T18:03:56 - [MESSAGE][PASSED] - totalplay.Common.verifyPropertyValueExist is PASSED

11-06-2024T18:03:56 - [TEST_STEP][PASSED] - totalplay.Common.verifyPropertyExist(SwitchBasket_Response, shipping_items_item_text): totalplay.Common.verifyPropertyExist is PASSED

11-06-2024T18:03:56 - [MESSAGE][INFO] - Checking response object

11-06-2024T18:03:56 - [MESSAGE][PASSED] - totalplay.Common.verifyPropertyExist is PASSED

11-06-2024T18:03:56 - [TEST_STEP][PASSED] - totalplay.Common.verifyPropertyValueExist(SwitchBasket_Response, shipping_items_item_text): totalplay.Common.verifyPropertyValueExist is PASSED

11-06-2024T18:03:56 - [MESSAGE][INFO] - Checking response object

11-06-2024T18:03:56 - [MESSAGE][INFO] - Shipping

11-06-2024T18:03:56 - [MESSAGE][PASSED] - totalplay.Common.verifyPropertyValueExist is PASSED

11-06-2024T18:03:56 - [TEST_STEP][FAILED] - totalplay.Common.verifyPropertyExist(SwitchBasket_Response, c_corporateImgUrl): Test Cases/TotalPlay-Shop/TC_19_SwitchBasket FAILED.
Reason:
Assertion failed: 

assert PropertyCount>0
       |            |
       0            false

	at totalplay.Common.verifyPropertyExist(Common.groovy:40)
	at jdk.internal.reflect.GeneratedMethodAccessor7.invoke(Unknown Source)
	at java.base/jdk.internal.reflect.DelegatingMethodAccessorImpl.invoke(DelegatingMethodAccessorImpl.java:43)
	at com.kms.katalon.core.main.CustomKeywordDelegatingMetaClass.invokeStaticMethod(CustomKeywordDelegatingMetaClass.java:55)
	at TC_19_SwitchBasket.run(TC_19_SwitchBasket:439)
	at com.kms.katalon.core.main.ScriptEngine.run(ScriptEngine.java:194)
	at com.kms.katalon.core.main.ScriptEngine.runScriptAsRawText(ScriptEngine.java:119)
	at com.kms.katalon.core.main.TestCaseExecutor.runScript(TestCaseExecutor.java:448)
	at com.kms.katalon.core.main.TestCaseExecutor.doExecute(TestCaseExecutor.java:439)
	at com.kms.katalon.core.main.TestCaseExecutor.processExecutionPhase(TestCaseExecutor.java:418)
	at com.kms.katalon.core.main.TestCaseExecutor.accessMainPhase(TestCaseExecutor.java:410)
	at com.kms.katalon.core.main.TestCaseExecutor.execute(TestCaseExecutor.java:285)
	at com.kms.katalon.core.common.CommonExecutor.accessTestCaseMainPhase(CommonExecutor.java:65)
	at com.kms.katalon.core.main.TestSuiteExecutor.accessTestSuiteMainPhase(TestSuiteExecutor.java:150)
	at com.kms.katalon.core.main.TestSuiteExecutor.execute(TestSuiteExecutor.java:106)
	at com.kms.katalon.core.main.TestCaseMain.startTestSuite(TestCaseMain.java:180)
	at TempTestSuite1718109097791.run(TempTestSuite1718109097791.groovy:35)
	at java.base/jdk.internal.reflect.NativeMethodAccessorImpl.invoke0(Native Method)
	at java.base/jdk.internal.reflect.NativeMethodAccessorImpl.invoke(NativeMethodAccessorImpl.java:77)
	at java.base/jdk.internal.reflect.DelegatingMethodAccessorImpl.invoke(DelegatingMethodAccessorImpl.java:43)


11-06-2024T18:03:56 - [MESSAGE][INFO] - Checking response object

11-06-2024T18:03:56 - [MESSAGE][FAILED] - Assertion failed: 

assert PropertyCount>0
       |            |
       0            false


11-06-2024T18:03:56 - [MESSAGE][FAILED] - Test Cases/TotalPlay-Shop/TC_19_SwitchBasket FAILED.
Reason:
Assertion failed: 

assert PropertyCount>0
       |            |
       0            false

	at totalplay.Common.verifyPropertyExist(Common.groovy:40)
	at jdk.internal.reflect.GeneratedMethodAccessor7.invoke(Unknown Source)
	at java.base/jdk.internal.reflect.DelegatingMethodAccessorImpl.invoke(DelegatingMethodAccessorImpl.java:43)
	at com.kms.katalon.core.main.CustomKeywordDelegatingMetaClass.invokeStaticMethod(CustomKeywordDelegatingMetaClass.java:55)
	at TC_19_SwitchBasket.run(TC_19_SwitchBasket:439)
	at com.kms.katalon.core.main.ScriptEngine.run(ScriptEngine.java:194)
	at com.kms.katalon.core.main.ScriptEngine.runScriptAsRawText(ScriptEngine.java:119)
	at com.kms.katalon.core.main.TestCaseExecutor.runScript(TestCaseExecutor.java:448)
	at com.kms.katalon.core.main.TestCaseExecutor.doExecute(TestCaseExecutor.java:439)
	at com.kms.katalon.core.main.TestCaseExecutor.processExecutionPhase(TestCaseExecutor.java:418)
	at com.kms.katalon.core.main.TestCaseExecutor.accessMainPhase(TestCaseExecutor.java:410)
	at com.kms.katalon.core.main.TestCaseExecutor.execute(TestCaseExecutor.java:285)
	at com.kms.katalon.core.common.CommonExecutor.accessTestCaseMainPhase(CommonExecutor.java:65)
	at com.kms.katalon.core.main.TestSuiteExecutor.accessTestSuiteMainPhase(TestSuiteExecutor.java:150)
	at com.kms.katalon.core.main.TestSuiteExecutor.execute(TestSuiteExecutor.java:106)
	at com.kms.katalon.core.main.TestCaseMain.startTestSuite(TestCaseMain.java:180)
	at TempTestSuite1718109097791.run(TempTestSuite1718109097791.groovy:35)
	at java.base/jdk.internal.reflect.NativeMethodAccessorImpl.invoke0(Native Method)
	at java.base/jdk.internal.reflect.NativeMethodAccessorImpl.invoke(NativeMethodAccessorImpl.java:77)
	at java.base/jdk.internal.reflect.DelegatingMethodAccessorImpl.invoke(DelegatingMethodAccessorImpl.java:43)]]></system-out>
         <system-err><![CDATA[11-06-2024T18:03:48 - [TEST_CASE][ERROR] - Test Cases/TotalPlay-Shop/TC_19_SwitchBasket: Test Cases/TotalPlay-Shop/TC_19_SwitchBasket FAILED.
Reason:
org.codehaus.groovy.runtime.InvokerInvocationException: Assertion failed: 

assert PropertyCount>0
       |            |
       0            false

	at com.kms.katalon.core.main.CustomKeywordDelegatingMetaClass.invokeStaticMethod(CustomKeywordDelegatingMetaClass.java:55)
	at TC_19_SwitchBasket.run(TC_19_SwitchBasket:439)
	at com.kms.katalon.core.main.ScriptEngine.run(ScriptEngine.java:194)
	at com.kms.katalon.core.main.ScriptEngine.runScriptAsRawText(ScriptEngine.java:119)
	at com.kms.katalon.core.main.TestCaseExecutor.runScript(TestCaseExecutor.java:448)
	at com.kms.katalon.core.main.TestCaseExecutor.doExecute(TestCaseExecutor.java:439)
	at com.kms.katalon.core.main.TestCaseExecutor.processExecutionPhase(TestCaseExecutor.java:418)
	at com.kms.katalon.core.main.TestCaseExecutor.accessMainPhase(TestCaseExecutor.java:410)
	at com.kms.katalon.core.main.TestCaseExecutor.execute(TestCaseExecutor.java:285)
	at com.kms.katalon.core.common.CommonExecutor.accessTestCaseMainPhase(CommonExecutor.java:65)
	at com.kms.katalon.core.main.TestSuiteExecutor.accessTestSuiteMainPhase(TestSuiteExecutor.java:150)
	at com.kms.katalon.core.main.TestSuiteExecutor.execute(TestSuiteExecutor.java:106)
	at com.kms.katalon.core.main.TestCaseMain.startTestSuite(TestCaseMain.java:180)
	at TempTestSuite1718109097791.run(TempTestSuite1718109097791.groovy:35)
	at java.base/jdk.internal.reflect.NativeMethodAccessorImpl.invoke0(Native Method)
	at java.base/jdk.internal.reflect.NativeMethodAccessorImpl.invoke(NativeMethodAccessorImpl.java:77)
	at java.base/jdk.internal.reflect.DelegatingMethodAccessorImpl.invoke(DelegatingMethodAccessorImpl.java:43)
Caused by: Assertion failed: 

assert PropertyCount>0
       |            |
       0            false

	at totalplay.Common.verifyPropertyExist(Common.groovy:40)
	at jdk.internal.reflect.GeneratedMethodAccessor7.invoke(Unknown Source)
	at java.base/jdk.internal.reflect.DelegatingMethodAccessorImpl.invoke(DelegatingMethodAccessorImpl.java:43)
	... 17 more]]></system-err>
      </testcase>
      <testcase name="Test Cases/TotalPlay-Shop/TC_20_UpdateItemInCart" time="8.121" classname="Test Cases/TotalPlay-Shop/TC_20_UpdateItemInCart" status="ERROR">
         <error type="ERROR" message="Test Cases/TotalPlay-Shop/TC_20_UpdateItemInCart FAILED.&#xa;Reason:&#xa;org.codehaus.groovy.runtime.InvokerInvocationException: Assertion failed: &#xa;&#xa;assert PropertyCount>0&#xa;       |            |&#xa;       0            false&#xa;&#xa;	at com.kms.katalon.core.main.CustomKeywordDelegatingMetaClass.invokeStaticMethod(CustomKeywordDelegatingMetaClass.java:55)&#xa;	at TC_20_UpdateItemInCart.run(TC_20_UpdateItemInCart:410)&#xa;	at com.kms.katalon.core.main.ScriptEngine.run(ScriptEngine.java:194)&#xa;	at com.kms.katalon.core.main.ScriptEngine.runScriptAsRawText(ScriptEngine.java:119)&#xa;	at com.kms.katalon.core.main.TestCaseExecutor.runScript(TestCaseExecutor.java:448)&#xa;	at com.kms.katalon.core.main.TestCaseExecutor.doExecute(TestCaseExecutor.java:439)&#xa;	at com.kms.katalon.core.main.TestCaseExecutor.processExecutionPhase(TestCaseExecutor.java:418)&#xa;	at com.kms.katalon.core.main.TestCaseExecutor.accessMainPhase(TestCaseExecutor.java:410)&#xa;	at com.kms.katalon.core.main.TestCaseExecutor.execute(TestCaseExecutor.java:285)&#xa;	at com.kms.katalon.core.common.CommonExecutor.accessTestCaseMainPhase(CommonExecutor.java:65)&#xa;	at com.kms.katalon.core.main.TestSuiteExecutor.accessTestSuiteMainPhase(TestSuiteExecutor.java:150)&#xa;	at com.kms.katalon.core.main.TestSuiteExecutor.execute(TestSuiteExecutor.java:106)&#xa;	at com.kms.katalon.core.main.TestCaseMain.startTestSuite(TestCaseMain.java:180)&#xa;	at TempTestSuite1718109097791.run(TempTestSuite1718109097791.groovy:35)&#xa;	at java.base/jdk.internal.reflect.NativeMethodAccessorImpl.invoke0(Native Method)&#xa;	at java.base/jdk.internal.reflect.NativeMethodAccessorImpl.invoke(NativeMethodAccessorImpl.java:77)&#xa;	at java.base/jdk.internal.reflect.DelegatingMethodAccessorImpl.invoke(DelegatingMethodAccessorImpl.java:43)&#xa;Caused by: Assertion failed: &#xa;&#xa;assert PropertyCount>0&#xa;       |            |&#xa;       0            false&#xa;&#xa;	at totalplay.Common.verifyPropertyExist(Common.groovy:40)&#xa;	at jdk.internal.reflect.GeneratedMethodAccessor7.invoke(Unknown Source)&#xa;	at java.base/jdk.internal.reflect.DelegatingMethodAccessorImpl.invoke(DelegatingMethodAccessorImpl.java:43)&#xa;	... 17 more&#xa;"/>
         <system-out><![CDATA[11-06-2024T18:03:56 - [TEST_CASE][ERROR] - Test Cases/TotalPlay-Shop/TC_20_UpdateItemInCart: Test Cases/TotalPlay-Shop/TC_20_UpdateItemInCart FAILED.
Reason:
org.codehaus.groovy.runtime.InvokerInvocationException: Assertion failed: 

assert PropertyCount>0
       |            |
       0            false

	at com.kms.katalon.core.main.CustomKeywordDelegatingMetaClass.invokeStaticMethod(CustomKeywordDelegatingMetaClass.java:55)
	at TC_20_UpdateItemInCart.run(TC_20_UpdateItemInCart:410)
	at com.kms.katalon.core.main.ScriptEngine.run(ScriptEngine.java:194)
	at com.kms.katalon.core.main.ScriptEngine.runScriptAsRawText(ScriptEngine.java:119)
	at com.kms.katalon.core.main.TestCaseExecutor.runScript(TestCaseExecutor.java:448)
	at com.kms.katalon.core.main.TestCaseExecutor.doExecute(TestCaseExecutor.java:439)
	at com.kms.katalon.core.main.TestCaseExecutor.processExecutionPhase(TestCaseExecutor.java:418)
	at com.kms.katalon.core.main.TestCaseExecutor.accessMainPhase(TestCaseExecutor.java:410)
	at com.kms.katalon.core.main.TestCaseExecutor.execute(TestCaseExecutor.java:285)
	at com.kms.katalon.core.common.CommonExecutor.accessTestCaseMainPhase(CommonExecutor.java:65)
	at com.kms.katalon.core.main.TestSuiteExecutor.accessTestSuiteMainPhase(TestSuiteExecutor.java:150)
	at com.kms.katalon.core.main.TestSuiteExecutor.execute(TestSuiteExecutor.java:106)
	at com.kms.katalon.core.main.TestCaseMain.startTestSuite(TestCaseMain.java:180)
	at TempTestSuite1718109097791.run(TempTestSuite1718109097791.groovy:35)
	at java.base/jdk.internal.reflect.NativeMethodAccessorImpl.invoke0(Native Method)
	at java.base/jdk.internal.reflect.NativeMethodAccessorImpl.invoke(NativeMethodAccessorImpl.java:77)
	at java.base/jdk.internal.reflect.DelegatingMethodAccessorImpl.invoke(DelegatingMethodAccessorImpl.java:43)
Caused by: Assertion failed: 

assert PropertyCount>0
       |            |
       0            false

	at totalplay.Common.verifyPropertyExist(Common.groovy:40)
	at jdk.internal.reflect.GeneratedMethodAccessor7.invoke(Unknown Source)
	at java.base/jdk.internal.reflect.DelegatingMethodAccessorImpl.invoke(DelegatingMethodAccessorImpl.java:43)
	... 17 more


11-06-2024T18:03:56 - [TEST_STEP][PASSED] - callTestCase(findTestCase("TotalPlay-Shop/TC_1_InterfaceLogin"), [:], STOP_ON_FAILURE): Call Test Case 'Test Cases/TotalPlay-Shop/TC_1_InterfaceLogin' successfully

11-06-2024T18:03:56 - [MESSAGE][INFO] - Checking called Test Case

11-06-2024T18:03:56 - [MESSAGE][INFO] - Starting to call Test Case 'Test Cases/TotalPlay-Shop/TC_1_InterfaceLogin'

11-06-2024T18:03:56 - [TEST_CASE][PASSED] - Test Cases/TotalPlay-Shop/TC_1_InterfaceLogin: Test Cases/TotalPlay-Shop/TC_1_InterfaceLogin

11-06-2024T18:03:56 - [TEST_STEP][PASSED] - LoginResponse = sendRequest(findTestObject("TotalPlay-Shop/Interface Login (SLAS)", ["URL":URL, "SITEID":SITEID])): Send request successfully

11-06-2024T18:03:56 - [MESSAGE][INFO] - Finding Test Object 'Object Repository/TotalPlay-Shop/Interface Login (SLAS)'

11-06-2024T18:03:56 - [MESSAGE][INFO] - Checking request object

11-06-2024T18:03:59 - [MESSAGE][INFO] - HAR: D:\Automation\KogniveraGithub\TotalPlay_Automation\totalplay-API\totalplay-automation\Reports\20240611_180136\Shop-Services\20240611_180137\requests\main\40.har

11-06-2024T18:03:59 - [MESSAGE][PASSED] - Send request successfully

11-06-2024T18:03:59 - [TEST_STEP][PASSED] - assert getResponseStatusCode(LoginResponse) == 200: Checking response object

11-06-2024T18:03:59 - [MESSAGE][INFO] - Checking response object

11-06-2024T18:03:59 - [TEST_STEP][PASSED] - Auth = "ocapiResponse.access_token": null

11-06-2024T18:03:59 - [TEST_STEP][PASSED] - sfccAuthorization = getElementPropertyValue(LoginResponse, Auth): Checking response object

11-06-2024T18:03:59 - [MESSAGE][INFO] - Checking response object

11-06-2024T18:03:59 - [TEST_STEP][PASSED] - logInfo(sfccAuthorization): eyJ2ZXIiOiIxLjAiLCJqa3UiOiJzbGFzL3Byb2QvYmpjbF9kZXYiLCJraWQiOiIzOWM0NGRmMy01OGI5LTQ3YWEtODNhMC05NWMwOTBiZGNkMzciLCJ0eXAiOiJqd3QiLCJjbHYiOiJKMi4zLjQiLCJhbGciOiJFUzI1NiJ9.eyJhdXQiOiJHVUlEIiwic2NwIjoic2ZjYy5zaG9wcGVyLW15YWNjb3VudC5iYXNrZXRzIHNmY2Muc2hvcHBlci1kaXNjb3Zlcnktc2VhcmNoIHNmY2Muc2hvcHBlci1teWFjY291bnQuYWRkcmVzc2VzIHNmY2Muc2hvcHBlci1wcm9kdWN0cyBzZmNjLnNob3BwZXItbXlhY2NvdW50LnJ3IHNmY2Muc2hvcHBlci1teWFjY291bnQucGF5bWVudGluc3RydW1lbnRzIHNmY2Muc2hvcHBlci1jdXN0b21lcnMubG9naW4gc2ZjYy5zaG9wcGVyLXN0b3JlcyBzZmNjLnNob3BwZXItbXlhY2NvdW50Lm9yZGVycyBzZmNjLnNob3BwZXItYmFza2V0cy1vcmRlcnMgc2ZjYy5zaG9wcGVyLWN1c3RvbWVycy5yZWdpc3RlciBzZmNjLnNob3BwZXItbXlhY2NvdW50LmFkZHJlc3Nlcy5ydyBzZmNjLnNob3BwZXItbXlhY2NvdW50LnByb2R1Y3RsaXN0cy5ydyBzZmNjLnNob3BwZXItcHJvZHVjdGxpc3RzIHNmY2Muc2hvcHBlci1wcm9tb3Rpb25zIHNmY2Muc2hvcHBlci1iYXNrZXRzLW9yZGVycy5ydyBzZmNjLnNob3BwZXItZ2lmdC1jZXJ0aWZpY2F0ZXMgc2ZjYy5zaG9wcGVyLW15YWNjb3VudC5wYXltZW50aW5zdHJ1bWVudHMucncgc2ZjYy5zaG9wcGVyLXByb2R1Y3Qtc2VhcmNoIHNmY2Muc2hvcHBlci1teWFjY291bnQucHJvZHVjdGxpc3RzIHNmY2Muc2hvcHBlci1jYXRlZ29yaWVzIHNmY2Muc2hvcHBlci1teWFjY291bnQiLCJzdWIiOiJjYy1zbGFzOjpiamNsX2Rldjo6c2NpZDo1ZDI1ZjVmYS01YTRmLTQ2YjUtYTIxMS04NzU1NDJjODVhYzE6OnVzaWQ6YjUxMTI1ODEtOGUxOC00YzBiLTgwMDEtZTc2YzliYmZmZmY0IiwiY3R4Ijoic2xhcyIsImlzcyI6InNsYXMvcHJvZC9iamNsX2RldiIsImlzdCI6MSwiZG50IjoiMCIsImF1ZCI6ImNvbW1lcmNlY2xvdWQvcHJvZC9iamNsX2RldiIsIm5iZiI6MTcxODEwOTIwOCwic3R5IjoiVXNlciIsImlzYiI6InVpZG86ZWNvbTo6dXBuOnFhLnRvdGFscGxheSswMTAwOTg3MTA1QGdtYWlsLmNvbTo6dWlkbjpSaWNhcmRvICBDb3JvbmEgQ3J1ejo6Z2NpZDphZndIc1ZrcmdabWNkUm1lc1ZtYllZd1hhRzo6cmNpZDphY25SYldxdWpIQ3BnOW9xNlYyaGt1VGFTVzo6Y2hpZDpUUC1TSE9QIiwiZXhwIjoxNzE4MTExMDM4LCJpYXQiOjE3MTgxMDkyMzgsImp0aSI6IkMyQy0xMzExNTYzNTcwMTc4NzUxMTg1MDEwMjMwOTgxNTQ2NjgyMjcifQ.fR67N9Exmf7SDyqNxPC7FD94bRnIPxgwF90F5YmE6uihQRiesdLot4I5bvbj71oOU7ESnPBBvwwAvq4RSU2Ujg

11-06-2024T18:03:59 - [MESSAGE][INFO] - eyJ2ZXIiOiIxLjAiLCJqa3UiOiJzbGFzL3Byb2QvYmpjbF9kZXYiLCJraWQiOiIzOWM0NGRmMy01OGI5LTQ3YWEtODNhMC05NWMwOTBiZGNkMzciLCJ0eXAiOiJqd3QiLCJjbHYiOiJKMi4zLjQiLCJhbGciOiJFUzI1NiJ9.eyJhdXQiOiJHVUlEIiwic2NwIjoic2ZjYy5zaG9wcGVyLW15YWNjb3VudC5iYXNrZXRzIHNmY2Muc2hvcHBlci1kaXNjb3Zlcnktc2VhcmNoIHNmY2Muc2hvcHBlci1teWFjY291bnQuYWRkcmVzc2VzIHNmY2Muc2hvcHBlci1wcm9kdWN0cyBzZmNjLnNob3BwZXItbXlhY2NvdW50LnJ3IHNmY2Muc2hvcHBlci1teWFjY291bnQucGF5bWVudGluc3RydW1lbnRzIHNmY2Muc2hvcHBlci1jdXN0b21lcnMubG9naW4gc2ZjYy5zaG9wcGVyLXN0b3JlcyBzZmNjLnNob3BwZXItbXlhY2NvdW50Lm9yZGVycyBzZmNjLnNob3BwZXItYmFza2V0cy1vcmRlcnMgc2ZjYy5zaG9wcGVyLWN1c3RvbWVycy5yZWdpc3RlciBzZmNjLnNob3BwZXItbXlhY2NvdW50LmFkZHJlc3Nlcy5ydyBzZmNjLnNob3BwZXItbXlhY2NvdW50LnByb2R1Y3RsaXN0cy5ydyBzZmNjLnNob3BwZXItcHJvZHVjdGxpc3RzIHNmY2Muc2hvcHBlci1wcm9tb3Rpb25zIHNmY2Muc2hvcHBlci1iYXNrZXRzLW9yZGVycy5ydyBzZmNjLnNob3BwZXItZ2lmdC1jZXJ0aWZpY2F0ZXMgc2ZjYy5zaG9wcGVyLW15YWNjb3VudC5wYXltZW50aW5zdHJ1bWVudHMucncgc2ZjYy5zaG9wcGVyLXByb2R1Y3Qtc2VhcmNoIHNmY2Muc2hvcHBlci1teWFjY291bnQucHJvZHVjdGxpc3RzIHNmY2Muc2hvcHBlci1jYXRlZ29yaWVzIHNmY2Muc2hvcHBlci1teWFjY291bnQiLCJzdWIiOiJjYy1zbGFzOjpiamNsX2Rldjo6c2NpZDo1ZDI1ZjVmYS01YTRmLTQ2YjUtYTIxMS04NzU1NDJjODVhYzE6OnVzaWQ6YjUxMTI1ODEtOGUxOC00YzBiLTgwMDEtZTc2YzliYmZmZmY0IiwiY3R4Ijoic2xhcyIsImlzcyI6InNsYXMvcHJvZC9iamNsX2RldiIsImlzdCI6MSwiZG50IjoiMCIsImF1ZCI6ImNvbW1lcmNlY2xvdWQvcHJvZC9iamNsX2RldiIsIm5iZiI6MTcxODEwOTIwOCwic3R5IjoiVXNlciIsImlzYiI6InVpZG86ZWNvbTo6dXBuOnFhLnRvdGFscGxheSswMTAwOTg3MTA1QGdtYWlsLmNvbTo6dWlkbjpSaWNhcmRvICBDb3JvbmEgQ3J1ejo6Z2NpZDphZndIc1ZrcmdabWNkUm1lc1ZtYllZd1hhRzo6cmNpZDphY25SYldxdWpIQ3BnOW9xNlYyaGt1VGFTVzo6Y2hpZDpUUC1TSE9QIiwiZXhwIjoxNzE4MTExMDM4LCJpYXQiOjE3MTgxMDkyMzgsImp0aSI6IkMyQy0xMzExNTYzNTcwMTc4NzUxMTg1MDEwMjMwOTgxNTQ2NjgyMjcifQ.fR67N9Exmf7SDyqNxPC7FD94bRnIPxgwF90F5YmE6uihQRiesdLot4I5bvbj71oOU7ESnPBBvwwAvq4RSU2Ujg

11-06-2024T18:03:59 - [TEST_STEP][PASSED] - Authorization = "Bearer " + sfccAuthorization: null

11-06-2024T18:03:59 - [TEST_STEP][PASSED] - logInfo(bm_auth_token): 

11-06-2024T18:03:59 - [MESSAGE][INFO] - 

11-06-2024T18:03:59 - [TEST_STEP][PASSED] - if (sfccAuthorization.length() == 0): null

11-06-2024T18:03:59 - [TEST_STEP][PASSED] - else: authorization generated

11-06-2024T18:03:59 - [TEST_STEP][PASSED] - markPassed("authorization generated"): authorization generated

11-06-2024T18:03:59 - [MESSAGE][PASSED] - authorization generated

11-06-2024T18:03:59 - [TEST_STEP][PASSED] - BasketId_loginResponse = "ocapiResponse.c_basketId": null

11-06-2024T18:03:59 - [TEST_STEP][PASSED] - CustomerId_loginResponse = "ocapiResponse.customer_id": null

11-06-2024T18:03:59 - [TEST_STEP][PASSED] - basketId = getElementPropertyValue(LoginResponse, BasketId_loginResponse): Checking response object

11-06-2024T18:03:59 - [MESSAGE][INFO] - Checking response object

11-06-2024T18:03:59 - [TEST_STEP][PASSED] - customerId = getElementPropertyValue(LoginResponse, CustomerId_loginResponse): Checking response object

11-06-2024T18:03:59 - [MESSAGE][INFO] - Checking response object

11-06-2024T18:03:59 - [TEST_STEP][PASSED] - basketID = basketId: null

11-06-2024T18:03:59 - [TEST_STEP][PASSED] - sla_customerId = customerId: null

11-06-2024T18:03:59 - [TEST_STEP][PASSED] - println(basketID): null

11-06-2024T18:03:59 - [TEST_STEP][PASSED] - println(sla_customerId): null

11-06-2024T18:03:59 - [TEST_STEP][PASSED] - refresh_token = "ocapiResponse.refresh_token": null

11-06-2024T18:03:59 - [TEST_STEP][PASSED] - customer_email = "ocapiResponse.customer_email": null

11-06-2024T18:03:59 - [TEST_STEP][PASSED] - c_brmId = "ocapiResponse.c_brmId": null

11-06-2024T18:03:59 - [TEST_STEP][PASSED] - customer_name = "ocapiResponse.customer_name": null

11-06-2024T18:03:59 - [TEST_STEP][PASSED] - totalplay.Common.verifyPropertyExist(LoginResponse, refresh_token): totalplay.Common.verifyPropertyExist is PASSED

11-06-2024T18:03:59 - [MESSAGE][INFO] - Checking response object

11-06-2024T18:03:59 - [MESSAGE][PASSED] - totalplay.Common.verifyPropertyExist is PASSED

11-06-2024T18:03:59 - [TEST_STEP][PASSED] - totalplay.Common.verifyPropertyValueExist(LoginResponse, refresh_token): totalplay.Common.verifyPropertyValueExist is PASSED

11-06-2024T18:03:59 - [MESSAGE][INFO] - Checking response object

11-06-2024T18:03:59 - [MESSAGE][INFO] - egWODbG26LGI1LbOnAwXwssiWJ60HuV6-vFXWgImh1o

11-06-2024T18:03:59 - [MESSAGE][PASSED] - totalplay.Common.verifyPropertyValueExist is PASSED

11-06-2024T18:03:59 - [TEST_STEP][PASSED] - totalplay.Common.verifyPropertyExist(LoginResponse, customer_email): totalplay.Common.verifyPropertyExist is PASSED

11-06-2024T18:03:59 - [MESSAGE][INFO] - Checking response object

11-06-2024T18:03:59 - [MESSAGE][PASSED] - totalplay.Common.verifyPropertyExist is PASSED

11-06-2024T18:03:59 - [TEST_STEP][PASSED] - totalplay.Common.verifyPropertyValueExist(LoginResponse, customer_email): totalplay.Common.verifyPropertyValueExist is PASSED

11-06-2024T18:03:59 - [MESSAGE][INFO] - Checking response object

11-06-2024T18:03:59 - [MESSAGE][INFO] - qa.totalplay@gmail.com

11-06-2024T18:03:59 - [MESSAGE][PASSED] - totalplay.Common.verifyPropertyValueExist is PASSED

11-06-2024T18:03:59 - [TEST_STEP][PASSED] - totalplay.Common.verifyPropertyExist(LoginResponse, customer_name): totalplay.Common.verifyPropertyExist is PASSED

11-06-2024T18:03:59 - [MESSAGE][INFO] - Checking response object

11-06-2024T18:03:59 - [MESSAGE][PASSED] - totalplay.Common.verifyPropertyExist is PASSED

11-06-2024T18:03:59 - [TEST_STEP][PASSED] - totalplay.Common.verifyPropertyValueExist(LoginResponse, customer_name): totalplay.Common.verifyPropertyValueExist is PASSED

11-06-2024T18:03:59 - [MESSAGE][INFO] - Checking response object

11-06-2024T18:03:59 - [MESSAGE][INFO] - Ricardo  Corona Cruz

11-06-2024T18:03:59 - [MESSAGE][PASSED] - totalplay.Common.verifyPropertyValueExist is PASSED

11-06-2024T18:03:59 - [TEST_STEP][PASSED] - totalplay.Common.verifyPropertyExist(LoginResponse, c_brmId): totalplay.Common.verifyPropertyExist is PASSED

11-06-2024T18:03:59 - [MESSAGE][INFO] - Checking response object

11-06-2024T18:03:59 - [MESSAGE][PASSED] - totalplay.Common.verifyPropertyExist is PASSED

11-06-2024T18:03:59 - [TEST_STEP][PASSED] - totalplay.Common.verifyPropertyValueExist(LoginResponse, c_brmId): totalplay.Common.verifyPropertyValueExist is PASSED

11-06-2024T18:03:59 - [MESSAGE][INFO] - Checking response object

11-06-2024T18:03:59 - [MESSAGE][INFO] - 0100987105

11-06-2024T18:03:59 - [MESSAGE][PASSED] - totalplay.Common.verifyPropertyValueExist is PASSED

11-06-2024T18:03:59 - [MESSAGE][PASSED] - Call Test Case 'Test Cases/TotalPlay-Shop/TC_1_InterfaceLogin' successfully

11-06-2024T18:03:59 - [TEST_STEP][PASSED] - AddProduct = sendRequest(findTestObject("TotalPlay-Shop/Postman/Cart/AddProductToBasket", ["URL":URL, "SITEID":SITEID, "basketID":basketID])): Send request successfully

11-06-2024T18:03:59 - [MESSAGE][INFO] - Finding Test Object 'Object Repository/TotalPlay-Shop/Postman/Cart/AddProductToBasket'

11-06-2024T18:03:59 - [MESSAGE][INFO] - Checking request object

11-06-2024T18:04:00 - [MESSAGE][INFO] - HAR: D:\Automation\KogniveraGithub\TotalPlay_Automation\totalplay-API\totalplay-automation\Reports\20240611_180136\Shop-Services\20240611_180137\requests\main\41.har

11-06-2024T18:04:00 - [MESSAGE][PASSED] - Send request successfully

11-06-2024T18:04:00 - [TEST_STEP][PASSED] - GetBasket = sendRequest(findTestObject("TotalPlay-Shop/Postman/Cart/Get Basket", ["URL":URL, "SITEID":SITEID, "basketID":basketID])): Send request successfully

11-06-2024T18:04:00 - [MESSAGE][INFO] - Finding Test Object 'Object Repository/TotalPlay-Shop/Postman/Cart/Get Basket'

11-06-2024T18:04:00 - [MESSAGE][INFO] - Checking request object

11-06-2024T18:04:01 - [MESSAGE][INFO] - HAR: D:\Automation\KogniveraGithub\TotalPlay_Automation\totalplay-API\totalplay-automation\Reports\20240611_180136\Shop-Services\20240611_180137\requests\main\42.har

11-06-2024T18:04:01 - [MESSAGE][PASSED] - Send request successfully

11-06-2024T18:04:01 - [TEST_STEP][PASSED] - item_id = "product_items[0].item_id": null

11-06-2024T18:04:01 - [TEST_STEP][PASSED] - Item_id = getElementPropertyValue(GetBasket, item_id): Checking response object

11-06-2024T18:04:01 - [MESSAGE][INFO] - Checking response object

11-06-2024T18:04:01 - [TEST_STEP][PASSED] - logInfo(Item_id): 5cb7a6b1be02fa22d1d6ea687b

11-06-2024T18:04:01 - [MESSAGE][INFO] - 5cb7a6b1be02fa22d1d6ea687b

11-06-2024T18:04:01 - [TEST_STEP][PASSED] - Item_id = Item_id: null

11-06-2024T18:04:01 - [TEST_STEP][PASSED] - UpdateItem_Response = sendRequest(findTestObject("TotalPlay-Shop/Postman/Cart/Update item in cart", ["URL":URL, "SITEID":SITEID, "basketID":basketID, "Item_id":Item_id])): Send request successfully

11-06-2024T18:04:01 - [MESSAGE][INFO] - Finding Test Object 'Object Repository/TotalPlay-Shop/Postman/Cart/Update item in cart'

11-06-2024T18:04:01 - [MESSAGE][INFO] - Checking request object

11-06-2024T18:04:01 - [MESSAGE][INFO] - HAR: D:\Automation\KogniveraGithub\TotalPlay_Automation\totalplay-API\totalplay-automation\Reports\20240611_180136\Shop-Services\20240611_180137\requests\main\43.har

11-06-2024T18:04:01 - [MESSAGE][PASSED] - Send request successfully

11-06-2024T18:04:01 - [TEST_STEP][PASSED] - verifyResponseStatusCode(UpdateItem_Response, 200): Verify response status code successfully

11-06-2024T18:04:01 - [MESSAGE][INFO] - Checking response object

11-06-2024T18:04:01 - [MESSAGE][PASSED] - Verify response status code successfully

11-06-2024T18:04:01 - [TEST_STEP][PASSED] - agent_basket = "agent_basket": null

11-06-2024T18:04:01 - [TEST_STEP][PASSED] - basket_id = "basket_id": null

11-06-2024T18:04:01 - [TEST_STEP][PASSED] - channel_type = "channel_type": null

11-06-2024T18:04:01 - [TEST_STEP][PASSED] - creation_date = "creation_date": null

11-06-2024T18:04:01 - [TEST_STEP][PASSED] - currency = "currency": null

11-06-2024T18:04:01 - [TEST_STEP][PASSED] - customer_id = "customer_info.customer_id": null

11-06-2024T18:04:01 - [TEST_STEP][PASSED] - customer_no = "customer_info.customer_no": null

11-06-2024T18:04:01 - [TEST_STEP][PASSED] - email = "customer_info.email": null

11-06-2024T18:04:01 - [TEST_STEP][PASSED] - last_modified = "last_modified": null

11-06-2024T18:04:01 - [TEST_STEP][PASSED] - link = "notes.link": null

11-06-2024T18:04:01 - [TEST_STEP][PASSED] - order_total = "order_total": null

11-06-2024T18:04:01 - [TEST_STEP][PASSED] - base_price = "product_items[0].base_price": null

11-06-2024T18:04:01 - [TEST_STEP][PASSED] - bonus_product_line_item = "product_items[0].bonus_product_line_item": null

11-06-2024T18:04:01 - [TEST_STEP][PASSED] - gift = "product_items[0].gift": null

11-06-2024T18:04:01 - [TEST_STEP][PASSED] - inventory_id = "product_items[0].inventory_id": null

11-06-2024T18:04:01 - [TEST_STEP][PASSED] - item_id = "product_items[0].item_id": null

11-06-2024T18:04:01 - [TEST_STEP][PASSED] - item_text = "product_items[0].item_text": null

11-06-2024T18:04:01 - [TEST_STEP][PASSED] - price = "product_items[0].price": null

11-06-2024T18:04:01 - [TEST_STEP][PASSED] - price_after_item_discount = "product_items[0].price_after_item_discount": null

11-06-2024T18:04:01 - [TEST_STEP][PASSED] - price_after_order_discount = "product_items[0].price_after_order_discount": null

11-06-2024T18:04:01 - [TEST_STEP][PASSED] - product_id = "product_items[0].product_id": null

11-06-2024T18:04:01 - [TEST_STEP][PASSED] - product_name = "product_items[0].product_name": null

11-06-2024T18:04:01 - [TEST_STEP][PASSED] - quantity = "product_items[0].quantity": null

11-06-2024T18:04:01 - [TEST_STEP][PASSED] - shipment_id = "product_items[0].shipment_id": null

11-06-2024T18:04:01 - [TEST_STEP][PASSED] - tax_basis = "product_items[0].tax_basis": null

11-06-2024T18:04:01 - [TEST_STEP][PASSED] - tax_class_id = "product_items[0].tax_class_id": null

11-06-2024T18:04:01 - [TEST_STEP][PASSED] - c_fromStoreId = "product_items[0].c_fromStoreId": null

11-06-2024T18:04:01 - [TEST_STEP][PASSED] - c_isOnDemandStoreItem = "product_items[0].c_isOnDemandStoreItem": null

11-06-2024T18:04:01 - [TEST_STEP][PASSED] - c_miraklOperatorProductId = "product_items[0].c_miraklOperatorProductId": null

11-06-2024T18:04:01 - [TEST_STEP][PASSED] - c_offerId = "product_items[0].c_offerId": null

11-06-2024T18:04:01 - [TEST_STEP][PASSED] - c_offerListPrice = "product_items[0].c_offerListPrice": null

11-06-2024T18:04:01 - [TEST_STEP][PASSED] - c_offerSalesPrice = "product_items[0].c_offerSalesPrice": null

11-06-2024T18:04:01 - [TEST_STEP][PASSED] - c_offerState = "product_items[0].c_offerState": null

11-06-2024T18:04:01 - [TEST_STEP][PASSED] - c_offerStateCode = "product_items[0].c_offerStateCode": null

11-06-2024T18:04:01 - [TEST_STEP][PASSED] - alt = "product_items[0].c_productImage[0].alt": null

11-06-2024T18:04:01 - [TEST_STEP][PASSED] - url = "product_items[0].c_productImage[0].url": null

11-06-2024T18:04:01 - [TEST_STEP][PASSED] - title = "product_items[0].c_productImage[0].title": null

11-06-2024T18:04:01 - [TEST_STEP][PASSED] - c_shopId = "product_items[0].c_shopId": null

11-06-2024T18:04:01 - [TEST_STEP][PASSED] - c_shopName = "product_items[0].c_shopName": null

11-06-2024T18:04:01 - [TEST_STEP][PASSED] - c_availableQty = "product_items[0].c_availableQty": null

11-06-2024T18:04:01 - [TEST_STEP][PASSED] - product_sub_total = "product_sub_total": null

11-06-2024T18:04:01 - [TEST_STEP][PASSED] - product_total = "product_total": null

11-06-2024T18:04:01 - [TEST_STEP][PASSED] - shipment_id = "shipments[0].shipment_id": null

11-06-2024T18:04:01 - [TEST_STEP][PASSED] - shipment_total = "shipments[0].shipment_total": null

11-06-2024T18:04:01 - [TEST_STEP][PASSED] - shipping_method_type = "shipments[0].shipping_method._type": null

11-06-2024T18:04:01 - [TEST_STEP][PASSED] - shipping_method_id = "shipments[0].shipping_method.id": null

11-06-2024T18:04:01 - [TEST_STEP][PASSED] - shipping_method_name = "shipments[0].shipping_method.name": null

11-06-2024T18:04:01 - [TEST_STEP][PASSED] - c_storePickupEnabled = "shipments[0].shipping_method.c_storePickupEnabled": null

11-06-2024T18:04:01 - [TEST_STEP][PASSED] - shipping_status = "shipments[0].shipping_status": null

11-06-2024T18:04:01 - [TEST_STEP][PASSED] - shipping_total = "shipments[0].shipping_total": null

11-06-2024T18:04:01 - [TEST_STEP][PASSED] - shipping_total_tax = "shipments[0].shipping_total_tax": null

11-06-2024T18:04:01 - [TEST_STEP][PASSED] - shipping_items_item_id = "shipping_items[0].item_id": null

11-06-2024T18:04:01 - [TEST_STEP][PASSED] - shipping_items_item_text = "shipping_items[0].item_text": null

11-06-2024T18:04:01 - [TEST_STEP][PASSED] - c_corporateImgUrl = "c_corporateImgUrl": null

11-06-2024T18:04:01 - [TEST_STEP][PASSED] - c_currentCorporate = "c_currentCorporate": null

11-06-2024T18:04:01 - [TEST_STEP][PASSED] - c_currentMultiStoreID = "c_currentMultiStoreID": null

11-06-2024T18:04:01 - [TEST_STEP][PASSED] - c_isLock = "c_isLock": null

11-06-2024T18:04:01 - [TEST_STEP][PASSED] - c_lockTime = "c_lockTime": null

11-06-2024T18:04:01 - [TEST_STEP][PASSED] - c_multiStoreEDD = "c_multiStoreEDD": null

11-06-2024T18:04:01 - [TEST_STEP][PASSED] - c_onDemandEDD = "c_onDemandEDD": null

11-06-2024T18:04:01 - [TEST_STEP][PASSED] - c_seller_id = "c_seller_id": null

11-06-2024T18:04:01 - [TEST_STEP][PASSED] - c_savingsTotal = "c_savingsTotal": null

11-06-2024T18:04:01 - [TEST_STEP][PASSED] - c_SellerList_name = "c_SellerList[0].name": null

11-06-2024T18:04:01 - [TEST_STEP][PASSED] - c_SellerList_corporateImgURL = "c_SellerList[0].corporateImgURL": null

11-06-2024T18:04:01 - [TEST_STEP][PASSED] - c_SellerList_productsCount = "c_SellerList[0].productsCount": null

11-06-2024T18:04:01 - [TEST_STEP][PASSED] - c_SellerList_productID = "c_SellerList[0].cartItems[0].productID": null

11-06-2024T18:04:01 - [TEST_STEP][PASSED] - c_SellerList_sellerId = "c_SellerList[0].cartItems[0].sellerId": null

11-06-2024T18:04:01 - [TEST_STEP][PASSED] - c_SellerList_isOnDemandStoreItem = "c_SellerList[0].cartItems[0].isOnDemandStoreItem": null

11-06-2024T18:04:01 - [TEST_STEP][PASSED] - c_SellerList_alt = "c_SellerList[0].cartItems[0].productImage[0].alt": null

11-06-2024T18:04:01 - [TEST_STEP][PASSED] - c_SellerList_url = "c_SellerList[0].cartItems[0].productImage[0].url": null

11-06-2024T18:04:01 - [TEST_STEP][PASSED] - c_SellerList_title = "c_SellerList[0].cartItems[0].productImage[0].title": null

11-06-2024T18:04:01 - [TEST_STEP][PASSED] - c_SellerList_quantity = "c_SellerList[0].cartItems[0].quantity": null

11-06-2024T18:04:01 - [TEST_STEP][PASSED] - c_SellerList_name1 = "c_SellerList[0].cartItems[0].name": null

11-06-2024T18:04:01 - [TEST_STEP][PASSED] - totalplay.Common.getBooleanValueofObject(UpdateItem_Response, agent_basket): totalplay.Common.getBooleanValueofObject is PASSED

11-06-2024T18:04:01 - [MESSAGE][INFO] - Checking response object

11-06-2024T18:04:01 - [MESSAGE][PASSED] - totalplay.Common.getBooleanValueofObject is PASSED

11-06-2024T18:04:01 - [TEST_STEP][PASSED] - totalplay.Common.verifyPropertyExist(UpdateItem_Response, basket_id): totalplay.Common.verifyPropertyExist is PASSED

11-06-2024T18:04:01 - [MESSAGE][INFO] - Checking response object

11-06-2024T18:04:01 - [MESSAGE][PASSED] - totalplay.Common.verifyPropertyExist is PASSED

11-06-2024T18:04:01 - [TEST_STEP][PASSED] - totalplay.Common.verifyPropertyValueExist(UpdateItem_Response, basket_id): totalplay.Common.verifyPropertyValueExist is PASSED

11-06-2024T18:04:01 - [MESSAGE][INFO] - Checking response object

11-06-2024T18:04:01 - [MESSAGE][INFO] - cb07b36e4ccfac89074d4fb1ff

11-06-2024T18:04:01 - [MESSAGE][PASSED] - totalplay.Common.verifyPropertyValueExist is PASSED

11-06-2024T18:04:01 - [TEST_STEP][PASSED] - totalplay.Common.verifyPropertyExist(UpdateItem_Response, channel_type): totalplay.Common.verifyPropertyExist is PASSED

11-06-2024T18:04:01 - [MESSAGE][INFO] - Checking response object

11-06-2024T18:04:02 - [MESSAGE][PASSED] - totalplay.Common.verifyPropertyExist is PASSED

11-06-2024T18:04:02 - [TEST_STEP][PASSED] - totalplay.Common.verifyPropertyValueExist(UpdateItem_Response, channel_type): totalplay.Common.verifyPropertyValueExist is PASSED

11-06-2024T18:04:02 - [MESSAGE][INFO] - Checking response object

11-06-2024T18:04:02 - [MESSAGE][INFO] - storefront

11-06-2024T18:04:02 - [MESSAGE][PASSED] - totalplay.Common.verifyPropertyValueExist is PASSED

11-06-2024T18:04:02 - [TEST_STEP][PASSED] - totalplay.Common.verifyPropertyExist(UpdateItem_Response, creation_date): totalplay.Common.verifyPropertyExist is PASSED

11-06-2024T18:04:02 - [MESSAGE][INFO] - Checking response object

11-06-2024T18:04:02 - [MESSAGE][PASSED] - totalplay.Common.verifyPropertyExist is PASSED

11-06-2024T18:04:02 - [TEST_STEP][PASSED] - totalplay.Common.verifyPropertyValueExist(UpdateItem_Response, creation_date): totalplay.Common.verifyPropertyValueExist is PASSED

11-06-2024T18:04:02 - [MESSAGE][INFO] - Checking response object

11-06-2024T18:04:02 - [MESSAGE][INFO] - 2024-06-10T08:58:09.765Z

11-06-2024T18:04:02 - [MESSAGE][PASSED] - totalplay.Common.verifyPropertyValueExist is PASSED

11-06-2024T18:04:02 - [TEST_STEP][PASSED] - totalplay.Common.verifyPropertyExist(UpdateItem_Response, currency): totalplay.Common.verifyPropertyExist is PASSED

11-06-2024T18:04:02 - [MESSAGE][INFO] - Checking response object

11-06-2024T18:04:02 - [MESSAGE][PASSED] - totalplay.Common.verifyPropertyExist is PASSED

11-06-2024T18:04:02 - [TEST_STEP][PASSED] - totalplay.Common.verifyPropertyValueExist(UpdateItem_Response, currency): totalplay.Common.verifyPropertyValueExist is PASSED

11-06-2024T18:04:02 - [MESSAGE][INFO] - Checking response object

11-06-2024T18:04:02 - [MESSAGE][INFO] - MXN

11-06-2024T18:04:02 - [MESSAGE][PASSED] - totalplay.Common.verifyPropertyValueExist is PASSED

11-06-2024T18:04:02 - [TEST_STEP][PASSED] - totalplay.Common.verifyPropertyExist(UpdateItem_Response, customer_id): totalplay.Common.verifyPropertyExist is PASSED

11-06-2024T18:04:02 - [MESSAGE][INFO] - Checking response object

11-06-2024T18:04:02 - [MESSAGE][PASSED] - totalplay.Common.verifyPropertyExist is PASSED

11-06-2024T18:04:02 - [TEST_STEP][PASSED] - totalplay.Common.verifyPropertyValueExist(UpdateItem_Response, customer_id): totalplay.Common.verifyPropertyValueExist is PASSED

11-06-2024T18:04:02 - [MESSAGE][INFO] - Checking response object

11-06-2024T18:04:02 - [MESSAGE][INFO] - acnRbWqujHCpg9oq6V2hkuTaSW

11-06-2024T18:04:02 - [MESSAGE][PASSED] - totalplay.Common.verifyPropertyValueExist is PASSED

11-06-2024T18:04:02 - [TEST_STEP][PASSED] - totalplay.Common.verifyPropertyExist(UpdateItem_Response, customer_no): totalplay.Common.verifyPropertyExist is PASSED

11-06-2024T18:04:02 - [MESSAGE][INFO] - Checking response object

11-06-2024T18:04:02 - [MESSAGE][PASSED] - totalplay.Common.verifyPropertyExist is PASSED

11-06-2024T18:04:02 - [TEST_STEP][PASSED] - totalplay.Common.verifyPropertyValueExist(UpdateItem_Response, customer_no): totalplay.Common.verifyPropertyValueExist is PASSED

11-06-2024T18:04:02 - [MESSAGE][INFO] - Checking response object

11-06-2024T18:04:02 - [MESSAGE][INFO] - 00011507

11-06-2024T18:04:02 - [MESSAGE][PASSED] - totalplay.Common.verifyPropertyValueExist is PASSED

11-06-2024T18:04:02 - [TEST_STEP][PASSED] - totalplay.Common.verifyPropertyExist(UpdateItem_Response, email): totalplay.Common.verifyPropertyExist is PASSED

11-06-2024T18:04:02 - [MESSAGE][INFO] - Checking response object

11-06-2024T18:04:02 - [MESSAGE][PASSED] - totalplay.Common.verifyPropertyExist is PASSED

11-06-2024T18:04:02 - [TEST_STEP][PASSED] - totalplay.Common.verifyPropertyValueExist(UpdateItem_Response, email): totalplay.Common.verifyPropertyValueExist is PASSED

11-06-2024T18:04:02 - [MESSAGE][INFO] - Checking response object

11-06-2024T18:04:02 - [MESSAGE][INFO] - qa.totalplay@gmail.com

11-06-2024T18:04:02 - [MESSAGE][PASSED] - totalplay.Common.verifyPropertyValueExist is PASSED

11-06-2024T18:04:02 - [TEST_STEP][PASSED] - totalplay.Common.verifyPropertyExist(UpdateItem_Response, last_modified): totalplay.Common.verifyPropertyExist is PASSED

11-06-2024T18:04:02 - [MESSAGE][INFO] - Checking response object

11-06-2024T18:04:02 - [MESSAGE][PASSED] - totalplay.Common.verifyPropertyExist is PASSED

11-06-2024T18:04:02 - [TEST_STEP][PASSED] - totalplay.Common.verifyPropertyValueExist(UpdateItem_Response, last_modified): totalplay.Common.verifyPropertyValueExist is PASSED

11-06-2024T18:04:02 - [MESSAGE][INFO] - Checking response object

11-06-2024T18:04:02 - [MESSAGE][INFO] - 2024-06-11T12:34:01.556Z

11-06-2024T18:04:02 - [MESSAGE][PASSED] - totalplay.Common.verifyPropertyValueExist is PASSED

11-06-2024T18:04:02 - [TEST_STEP][PASSED] - totalplay.Common.verifyPropertyExist(UpdateItem_Response, link): totalplay.Common.verifyPropertyExist is PASSED

11-06-2024T18:04:02 - [MESSAGE][INFO] - Checking response object

11-06-2024T18:04:02 - [MESSAGE][PASSED] - totalplay.Common.verifyPropertyExist is PASSED

11-06-2024T18:04:02 - [TEST_STEP][PASSED] - totalplay.Common.verifyPropertyValueExist(UpdateItem_Response, link): totalplay.Common.verifyPropertyValueExist is PASSED

11-06-2024T18:04:02 - [MESSAGE][INFO] - Checking response object

11-06-2024T18:04:02 - [MESSAGE][INFO] - https://salesforceqa.sistemastp.com.mx/s/TP-SHOP/dw/shop/v23_1/baskets/cb07b36e4ccfac89074d4fb1ff/notes

11-06-2024T18:04:02 - [MESSAGE][PASSED] - totalplay.Common.verifyPropertyValueExist is PASSED

11-06-2024T18:04:02 - [TEST_STEP][PASSED] - totalplay.Common.getDecimalValueofObject(UpdateItem_Response, order_total): totalplay.Common.getDecimalValueofObject is PASSED

11-06-2024T18:04:02 - [MESSAGE][INFO] - Checking response object

11-06-2024T18:04:02 - [MESSAGE][PASSED] - totalplay.Common.getDecimalValueofObject is PASSED

11-06-2024T18:04:02 - [TEST_STEP][PASSED] - totalplay.Common.getDecimalValueofObject(UpdateItem_Response, base_price): totalplay.Common.getDecimalValueofObject is PASSED

11-06-2024T18:04:02 - [MESSAGE][INFO] - Checking response object

11-06-2024T18:04:02 - [MESSAGE][PASSED] - totalplay.Common.getDecimalValueofObject is PASSED

11-06-2024T18:04:02 - [TEST_STEP][PASSED] - totalplay.Common.getBooleanValueofObject(UpdateItem_Response, bonus_product_line_item): totalplay.Common.getBooleanValueofObject is PASSED

11-06-2024T18:04:02 - [MESSAGE][INFO] - Checking response object

11-06-2024T18:04:02 - [MESSAGE][PASSED] - totalplay.Common.getBooleanValueofObject is PASSED

11-06-2024T18:04:02 - [TEST_STEP][PASSED] - totalplay.Common.getBooleanValueofObject(UpdateItem_Response, gift): totalplay.Common.getBooleanValueofObject is PASSED

11-06-2024T18:04:02 - [MESSAGE][INFO] - Checking response object

11-06-2024T18:04:02 - [MESSAGE][PASSED] - totalplay.Common.getBooleanValueofObject is PASSED

11-06-2024T18:04:02 - [TEST_STEP][PASSED] - totalplay.Common.verifyPropertyExist(UpdateItem_Response, inventory_id): totalplay.Common.verifyPropertyExist is PASSED

11-06-2024T18:04:02 - [MESSAGE][INFO] - Checking response object

11-06-2024T18:04:02 - [MESSAGE][PASSED] - totalplay.Common.verifyPropertyExist is PASSED

11-06-2024T18:04:02 - [TEST_STEP][PASSED] - totalplay.Common.verifyPropertyValueExist(UpdateItem_Response, inventory_id): totalplay.Common.verifyPropertyValueExist is PASSED

11-06-2024T18:04:02 - [MESSAGE][INFO] - Checking response object

11-06-2024T18:04:02 - [MESSAGE][INFO] - inventory_m_shop_mirakl

11-06-2024T18:04:02 - [MESSAGE][PASSED] - totalplay.Common.verifyPropertyValueExist is PASSED

11-06-2024T18:04:02 - [TEST_STEP][PASSED] - totalplay.Common.verifyPropertyExist(UpdateItem_Response, item_id): totalplay.Common.verifyPropertyExist is PASSED

11-06-2024T18:04:02 - [MESSAGE][INFO] - Checking response object

11-06-2024T18:04:02 - [MESSAGE][PASSED] - totalplay.Common.verifyPropertyExist is PASSED

11-06-2024T18:04:02 - [TEST_STEP][PASSED] - totalplay.Common.verifyPropertyValueExist(UpdateItem_Response, item_id): totalplay.Common.verifyPropertyValueExist is PASSED

11-06-2024T18:04:02 - [MESSAGE][INFO] - Checking response object

11-06-2024T18:04:02 - [MESSAGE][INFO] - ecec9b8de8d92c3dc47b51fd3d

11-06-2024T18:04:02 - [MESSAGE][PASSED] - totalplay.Common.verifyPropertyValueExist is PASSED

11-06-2024T18:04:02 - [TEST_STEP][PASSED] - totalplay.Common.verifyPropertyExist(UpdateItem_Response, item_text): totalplay.Common.verifyPropertyExist is PASSED

11-06-2024T18:04:02 - [MESSAGE][INFO] - Checking response object

11-06-2024T18:04:02 - [MESSAGE][PASSED] - totalplay.Common.verifyPropertyExist is PASSED

11-06-2024T18:04:02 - [TEST_STEP][PASSED] - totalplay.Common.verifyPropertyValueExist(UpdateItem_Response, item_text): totalplay.Common.verifyPropertyValueExist is PASSED

11-06-2024T18:04:02 - [MESSAGE][INFO] - Checking response object

11-06-2024T18:04:02 - [MESSAGE][INFO] - Bicicleta Rodada 18 para Niño con Ruedas de Apoyo Naranja

11-06-2024T18:04:02 - [MESSAGE][PASSED] - totalplay.Common.verifyPropertyValueExist is PASSED

11-06-2024T18:04:02 - [TEST_STEP][PASSED] - totalplay.Common.getDecimalValueofObject(UpdateItem_Response, price): totalplay.Common.getDecimalValueofObject is PASSED

11-06-2024T18:04:02 - [MESSAGE][INFO] - Checking response object

11-06-2024T18:04:02 - [MESSAGE][PASSED] - totalplay.Common.getDecimalValueofObject is PASSED

11-06-2024T18:04:02 - [TEST_STEP][PASSED] - totalplay.Common.getDecimalValueofObject(UpdateItem_Response, price_after_item_discount): totalplay.Common.getDecimalValueofObject is PASSED

11-06-2024T18:04:02 - [MESSAGE][INFO] - Checking response object

11-06-2024T18:04:02 - [MESSAGE][PASSED] - totalplay.Common.getDecimalValueofObject is PASSED

11-06-2024T18:04:02 - [TEST_STEP][PASSED] - totalplay.Common.getDecimalValueofObject(UpdateItem_Response, price_after_order_discount): totalplay.Common.getDecimalValueofObject is PASSED

11-06-2024T18:04:02 - [MESSAGE][INFO] - Checking response object

11-06-2024T18:04:02 - [MESSAGE][PASSED] - totalplay.Common.getDecimalValueofObject is PASSED

11-06-2024T18:04:02 - [TEST_STEP][PASSED] - totalplay.Common.verifyPropertyExist(UpdateItem_Response, product_id): totalplay.Common.verifyPropertyExist is PASSED

11-06-2024T18:04:02 - [MESSAGE][INFO] - Checking response object

11-06-2024T18:04:02 - [MESSAGE][PASSED] - totalplay.Common.verifyPropertyExist is PASSED

11-06-2024T18:04:02 - [TEST_STEP][PASSED] - totalplay.Common.verifyPropertyValueExist(UpdateItem_Response, product_id): totalplay.Common.verifyPropertyValueExist is PASSED

11-06-2024T18:04:02 - [MESSAGE][INFO] - Checking response object

11-06-2024T18:04:02 - [MESSAGE][INFO] - T1210808411

11-06-2024T18:04:02 - [MESSAGE][PASSED] - totalplay.Common.verifyPropertyValueExist is PASSED

11-06-2024T18:04:02 - [TEST_STEP][PASSED] - totalplay.Common.verifyPropertyExist(UpdateItem_Response, product_name): totalplay.Common.verifyPropertyExist is PASSED

11-06-2024T18:04:02 - [MESSAGE][INFO] - Checking response object

11-06-2024T18:04:02 - [MESSAGE][PASSED] - totalplay.Common.verifyPropertyExist is PASSED

11-06-2024T18:04:02 - [TEST_STEP][PASSED] - totalplay.Common.verifyPropertyValueExist(UpdateItem_Response, product_name): totalplay.Common.verifyPropertyValueExist is PASSED

11-06-2024T18:04:02 - [MESSAGE][INFO] - Checking response object

11-06-2024T18:04:02 - [MESSAGE][INFO] - Bicicleta Rodada 18 para Niño con Ruedas de Apoyo Naranja

11-06-2024T18:04:02 - [MESSAGE][PASSED] - totalplay.Common.verifyPropertyValueExist is PASSED

11-06-2024T18:04:02 - [TEST_STEP][PASSED] - totalplay.Common.getNumValueofObject(UpdateItem_Response, quantity): totalplay.Common.getNumValueofObject is PASSED

11-06-2024T18:04:02 - [MESSAGE][INFO] - Checking response object

11-06-2024T18:04:02 - [MESSAGE][PASSED] - totalplay.Common.getNumValueofObject is PASSED

11-06-2024T18:04:02 - [TEST_STEP][PASSED] - totalplay.Common.verifyPropertyExist(UpdateItem_Response, shipment_id): totalplay.Common.verifyPropertyExist is PASSED

11-06-2024T18:04:02 - [MESSAGE][INFO] - Checking response object

11-06-2024T18:04:02 - [MESSAGE][PASSED] - totalplay.Common.verifyPropertyExist is PASSED

11-06-2024T18:04:02 - [TEST_STEP][PASSED] - totalplay.Common.verifyPropertyValueExist(UpdateItem_Response, shipment_id): totalplay.Common.verifyPropertyValueExist is PASSED

11-06-2024T18:04:02 - [MESSAGE][INFO] - Checking response object

11-06-2024T18:04:02 - [MESSAGE][INFO] - me

11-06-2024T18:04:02 - [MESSAGE][PASSED] - totalplay.Common.verifyPropertyValueExist is PASSED

11-06-2024T18:04:02 - [TEST_STEP][PASSED] - totalplay.Common.getDecimalValueofObject(UpdateItem_Response, tax_basis): totalplay.Common.getDecimalValueofObject is PASSED

11-06-2024T18:04:02 - [MESSAGE][INFO] - Checking response object

11-06-2024T18:04:02 - [MESSAGE][PASSED] - totalplay.Common.getDecimalValueofObject is PASSED

11-06-2024T18:04:02 - [TEST_STEP][PASSED] - totalplay.Common.verifyPropertyExist(UpdateItem_Response, tax_class_id): totalplay.Common.verifyPropertyExist is PASSED

11-06-2024T18:04:02 - [MESSAGE][INFO] - Checking response object

11-06-2024T18:04:02 - [MESSAGE][PASSED] - totalplay.Common.verifyPropertyExist is PASSED

11-06-2024T18:04:02 - [TEST_STEP][PASSED] - totalplay.Common.verifyPropertyValueExist(UpdateItem_Response, tax_class_id): totalplay.Common.verifyPropertyValueExist is PASSED

11-06-2024T18:04:02 - [MESSAGE][INFO] - Checking response object

11-06-2024T18:04:02 - [MESSAGE][INFO] - product_zero_tax

11-06-2024T18:04:02 - [MESSAGE][PASSED] - totalplay.Common.verifyPropertyValueExist is PASSED

11-06-2024T18:04:02 - [TEST_STEP][PASSED] - totalplay.Common.verifyPropertyExist(UpdateItem_Response, c_fromStoreId): totalplay.Common.verifyPropertyExist is PASSED

11-06-2024T18:04:02 - [MESSAGE][INFO] - Checking response object

11-06-2024T18:04:02 - [MESSAGE][PASSED] - totalplay.Common.verifyPropertyExist is PASSED

11-06-2024T18:04:02 - [TEST_STEP][PASSED] - totalplay.Common.verifyPropertyValueExist(UpdateItem_Response, c_fromStoreId): totalplay.Common.verifyPropertyValueExist is PASSED

11-06-2024T18:04:02 - [MESSAGE][INFO] - Checking response object

11-06-2024T18:04:02 - [MESSAGE][INFO] - 2029

11-06-2024T18:04:02 - [MESSAGE][PASSED] - totalplay.Common.verifyPropertyValueExist is PASSED

11-06-2024T18:04:02 - [TEST_STEP][PASSED] - totalplay.Common.getBooleanValueofObject(UpdateItem_Response, c_isOnDemandStoreItem): totalplay.Common.getBooleanValueofObject is PASSED

11-06-2024T18:04:02 - [MESSAGE][INFO] - Checking response object

11-06-2024T18:04:02 - [MESSAGE][PASSED] - totalplay.Common.getBooleanValueofObject is PASSED

11-06-2024T18:04:02 - [TEST_STEP][PASSED] - totalplay.Common.verifyPropertyExist(UpdateItem_Response, c_miraklOperatorProductId): totalplay.Common.verifyPropertyExist is PASSED

11-06-2024T18:04:02 - [MESSAGE][INFO] - Checking response object

11-06-2024T18:04:02 - [MESSAGE][PASSED] - totalplay.Common.verifyPropertyExist is PASSED

11-06-2024T18:04:02 - [TEST_STEP][PASSED] - totalplay.Common.verifyPropertyValueExist(UpdateItem_Response, c_miraklOperatorProductId): totalplay.Common.verifyPropertyValueExist is PASSED

11-06-2024T18:04:02 - [MESSAGE][INFO] - Checking response object

11-06-2024T18:04:02 - [MESSAGE][INFO] - T1210808411

11-06-2024T18:04:02 - [MESSAGE][PASSED] - totalplay.Common.verifyPropertyValueExist is PASSED

11-06-2024T18:04:02 - [TEST_STEP][PASSED] - totalplay.Common.verifyPropertyExist(UpdateItem_Response, c_offerId): totalplay.Common.verifyPropertyExist is PASSED

11-06-2024T18:04:02 - [MESSAGE][INFO] - Checking response object

11-06-2024T18:04:03 - [MESSAGE][PASSED] - totalplay.Common.verifyPropertyExist is PASSED

11-06-2024T18:04:03 - [TEST_STEP][PASSED] - totalplay.Common.verifyPropertyValueExist(UpdateItem_Response, c_offerId): totalplay.Common.verifyPropertyValueExist is PASSED

11-06-2024T18:04:03 - [MESSAGE][INFO] - Checking response object

11-06-2024T18:04:03 - [MESSAGE][INFO] - 149493

11-06-2024T18:04:03 - [MESSAGE][PASSED] - totalplay.Common.verifyPropertyValueExist is PASSED

11-06-2024T18:04:03 - [TEST_STEP][PASSED] - totalplay.Common.getDecimalValueofObject(UpdateItem_Response, c_offerListPrice): totalplay.Common.getDecimalValueofObject is PASSED

11-06-2024T18:04:03 - [MESSAGE][INFO] - Checking response object

11-06-2024T18:04:03 - [MESSAGE][PASSED] - totalplay.Common.getDecimalValueofObject is PASSED

11-06-2024T18:04:03 - [TEST_STEP][PASSED] - totalplay.Common.getDecimalValueofObject(UpdateItem_Response, c_offerSalesPrice): totalplay.Common.getDecimalValueofObject is PASSED

11-06-2024T18:04:03 - [MESSAGE][INFO] - Checking response object

11-06-2024T18:04:03 - [MESSAGE][PASSED] - totalplay.Common.getDecimalValueofObject is PASSED

11-06-2024T18:04:03 - [TEST_STEP][PASSED] - totalplay.Common.verifyPropertyExist(UpdateItem_Response, c_offerState): totalplay.Common.verifyPropertyExist is PASSED

11-06-2024T18:04:03 - [MESSAGE][INFO] - Checking response object

11-06-2024T18:04:03 - [MESSAGE][PASSED] - totalplay.Common.verifyPropertyExist is PASSED

11-06-2024T18:04:03 - [TEST_STEP][PASSED] - totalplay.Common.verifyPropertyValueExist(UpdateItem_Response, c_offerState): totalplay.Common.verifyPropertyValueExist is PASSED

11-06-2024T18:04:03 - [MESSAGE][INFO] - Checking response object

11-06-2024T18:04:03 - [MESSAGE][INFO] - Nuevo

11-06-2024T18:04:03 - [MESSAGE][PASSED] - totalplay.Common.verifyPropertyValueExist is PASSED

11-06-2024T18:04:03 - [TEST_STEP][PASSED] - totalplay.Common.verifyPropertyExist(UpdateItem_Response, c_offerStateCode): totalplay.Common.verifyPropertyExist is PASSED

11-06-2024T18:04:03 - [MESSAGE][INFO] - Checking response object

11-06-2024T18:04:03 - [MESSAGE][PASSED] - totalplay.Common.verifyPropertyExist is PASSED

11-06-2024T18:04:03 - [TEST_STEP][PASSED] - totalplay.Common.verifyPropertyValueExist(UpdateItem_Response, c_offerStateCode): totalplay.Common.verifyPropertyValueExist is PASSED

11-06-2024T18:04:03 - [MESSAGE][INFO] - Checking response object

11-06-2024T18:04:03 - [MESSAGE][INFO] - 11

11-06-2024T18:04:03 - [MESSAGE][PASSED] - totalplay.Common.verifyPropertyValueExist is PASSED

11-06-2024T18:04:03 - [TEST_STEP][PASSED] - totalplay.Common.verifyPropertyExist(UpdateItem_Response, alt): totalplay.Common.verifyPropertyExist is PASSED

11-06-2024T18:04:03 - [MESSAGE][INFO] - Checking response object

11-06-2024T18:04:03 - [MESSAGE][PASSED] - totalplay.Common.verifyPropertyExist is PASSED

11-06-2024T18:04:03 - [TEST_STEP][PASSED] - totalplay.Common.verifyPropertyValueExist(UpdateItem_Response, alt): totalplay.Common.verifyPropertyValueExist is PASSED

11-06-2024T18:04:03 - [MESSAGE][INFO] - Checking response object

11-06-2024T18:04:03 - [MESSAGE][INFO] - Bicicleta Rodada 18 para Niño con Ruedas de Apoyo Naranja

11-06-2024T18:04:03 - [MESSAGE][PASSED] - totalplay.Common.verifyPropertyValueExist is PASSED

11-06-2024T18:04:03 - [TEST_STEP][PASSED] - totalplay.Common.verifyPropertyExist(UpdateItem_Response, url): totalplay.Common.verifyPropertyExist is PASSED

11-06-2024T18:04:03 - [MESSAGE][INFO] - Checking response object

11-06-2024T18:04:03 - [MESSAGE][PASSED] - totalplay.Common.verifyPropertyExist is PASSED

11-06-2024T18:04:03 - [TEST_STEP][PASSED] - totalplay.Common.verifyPropertyValueExist(UpdateItem_Response, url): totalplay.Common.verifyPropertyValueExist is PASSED

11-06-2024T18:04:03 - [MESSAGE][INFO] - Checking response object

11-06-2024T18:04:03 - [MESSAGE][INFO] - https://salesforceqa.sistemastp.com.mx/dw/image/v2/BJCL_DEV/on/demandware.static/-/Sites-Standard/default/dwf01e3c7b/images/large/16a58ef0af22467e95fd63a21736866c.jpg?sw=144&sh=144

11-06-2024T18:04:03 - [MESSAGE][PASSED] - totalplay.Common.verifyPropertyValueExist is PASSED

11-06-2024T18:04:03 - [TEST_STEP][PASSED] - totalplay.Common.verifyPropertyExist(UpdateItem_Response, title): totalplay.Common.verifyPropertyExist is PASSED

11-06-2024T18:04:03 - [MESSAGE][INFO] - Checking response object

11-06-2024T18:04:03 - [MESSAGE][PASSED] - totalplay.Common.verifyPropertyExist is PASSED

11-06-2024T18:04:03 - [TEST_STEP][PASSED] - totalplay.Common.verifyPropertyValueExist(UpdateItem_Response, title): totalplay.Common.verifyPropertyValueExist is PASSED

11-06-2024T18:04:03 - [MESSAGE][INFO] - Checking response object

11-06-2024T18:04:03 - [MESSAGE][INFO] - Bicicleta Rodada 18 para Niño con Ruedas de Apoyo Naranja

11-06-2024T18:04:03 - [MESSAGE][PASSED] - totalplay.Common.verifyPropertyValueExist is PASSED

11-06-2024T18:04:03 - [TEST_STEP][PASSED] - totalplay.Common.verifyPropertyExist(UpdateItem_Response, c_shopId): totalplay.Common.verifyPropertyExist is PASSED

11-06-2024T18:04:03 - [MESSAGE][INFO] - Checking response object

11-06-2024T18:04:03 - [MESSAGE][PASSED] - totalplay.Common.verifyPropertyExist is PASSED

11-06-2024T18:04:03 - [TEST_STEP][PASSED] - totalplay.Common.verifyPropertyValueExist(UpdateItem_Response, c_shopId): totalplay.Common.verifyPropertyValueExist is PASSED

11-06-2024T18:04:03 - [MESSAGE][INFO] - Checking response object

11-06-2024T18:04:03 - [MESSAGE][INFO] - 2029

11-06-2024T18:04:03 - [MESSAGE][PASSED] - totalplay.Common.verifyPropertyValueExist is PASSED

11-06-2024T18:04:03 - [TEST_STEP][PASSED] - totalplay.Common.verifyPropertyExist(UpdateItem_Response, c_shopName): totalplay.Common.verifyPropertyExist is PASSED

11-06-2024T18:04:03 - [MESSAGE][INFO] - Checking response object

11-06-2024T18:04:03 - [MESSAGE][PASSED] - totalplay.Common.verifyPropertyExist is PASSED

11-06-2024T18:04:03 - [TEST_STEP][PASSED] - totalplay.Common.verifyPropertyValueExist(UpdateItem_Response, c_shopName): totalplay.Common.verifyPropertyValueExist is PASSED

11-06-2024T18:04:03 - [MESSAGE][INFO] - Checking response object

11-06-2024T18:04:03 - [MESSAGE][INFO] - Waldo´s

11-06-2024T18:04:03 - [MESSAGE][PASSED] - totalplay.Common.verifyPropertyValueExist is PASSED

11-06-2024T18:04:03 - [TEST_STEP][PASSED] - totalplay.Common.getDecimalValueofObject(UpdateItem_Response, product_sub_total): totalplay.Common.getDecimalValueofObject is PASSED

11-06-2024T18:04:03 - [MESSAGE][INFO] - Checking response object

11-06-2024T18:04:03 - [MESSAGE][PASSED] - totalplay.Common.getDecimalValueofObject is PASSED

11-06-2024T18:04:03 - [TEST_STEP][PASSED] - totalplay.Common.getDecimalValueofObject(UpdateItem_Response, product_total): totalplay.Common.getDecimalValueofObject is PASSED

11-06-2024T18:04:03 - [MESSAGE][INFO] - Checking response object

11-06-2024T18:04:03 - [MESSAGE][PASSED] - totalplay.Common.getDecimalValueofObject is PASSED

11-06-2024T18:04:03 - [TEST_STEP][PASSED] - totalplay.Common.verifyPropertyExist(UpdateItem_Response, shipment_id): totalplay.Common.verifyPropertyExist is PASSED

11-06-2024T18:04:03 - [MESSAGE][INFO] - Checking response object

11-06-2024T18:04:03 - [MESSAGE][PASSED] - totalplay.Common.verifyPropertyExist is PASSED

11-06-2024T18:04:03 - [TEST_STEP][PASSED] - totalplay.Common.verifyPropertyValueExist(UpdateItem_Response, shipment_id): totalplay.Common.verifyPropertyValueExist is PASSED

11-06-2024T18:04:03 - [MESSAGE][INFO] - Checking response object

11-06-2024T18:04:03 - [MESSAGE][INFO] - me

11-06-2024T18:04:03 - [MESSAGE][PASSED] - totalplay.Common.verifyPropertyValueExist is PASSED

11-06-2024T18:04:03 - [TEST_STEP][PASSED] - totalplay.Common.getDecimalValueofObject(UpdateItem_Response, shipment_total): totalplay.Common.getDecimalValueofObject is PASSED

11-06-2024T18:04:03 - [MESSAGE][INFO] - Checking response object

11-06-2024T18:04:03 - [MESSAGE][PASSED] - totalplay.Common.getDecimalValueofObject is PASSED

11-06-2024T18:04:03 - [TEST_STEP][PASSED] - totalplay.Common.verifyPropertyExist(UpdateItem_Response, shipping_method_type): totalplay.Common.verifyPropertyExist is PASSED

11-06-2024T18:04:03 - [MESSAGE][INFO] - Checking response object

11-06-2024T18:04:03 - [MESSAGE][PASSED] - totalplay.Common.verifyPropertyExist is PASSED

11-06-2024T18:04:03 - [TEST_STEP][PASSED] - totalplay.Common.verifyPropertyValueExist(UpdateItem_Response, shipping_method_type): totalplay.Common.verifyPropertyValueExist is PASSED

11-06-2024T18:04:03 - [MESSAGE][INFO] - Checking response object

11-06-2024T18:04:03 - [MESSAGE][INFO] - shipping_method

11-06-2024T18:04:03 - [MESSAGE][PASSED] - totalplay.Common.verifyPropertyValueExist is PASSED

11-06-2024T18:04:03 - [TEST_STEP][PASSED] - totalplay.Common.verifyPropertyExist(UpdateItem_Response, shipping_method_id): totalplay.Common.verifyPropertyExist is PASSED

11-06-2024T18:04:03 - [MESSAGE][INFO] - Checking response object

11-06-2024T18:04:03 - [MESSAGE][PASSED] - totalplay.Common.verifyPropertyExist is PASSED

11-06-2024T18:04:03 - [TEST_STEP][PASSED] - totalplay.Common.verifyPropertyValueExist(UpdateItem_Response, shipping_method_id): totalplay.Common.verifyPropertyValueExist is PASSED

11-06-2024T18:04:03 - [MESSAGE][INFO] - Checking response object

11-06-2024T18:04:03 - [MESSAGE][INFO] - ESTAFETA

11-06-2024T18:04:03 - [MESSAGE][PASSED] - totalplay.Common.verifyPropertyValueExist is PASSED

11-06-2024T18:04:03 - [TEST_STEP][PASSED] - totalplay.Common.verifyPropertyExist(UpdateItem_Response, shipping_method_name): totalplay.Common.verifyPropertyExist is PASSED

11-06-2024T18:04:03 - [MESSAGE][INFO] - Checking response object

11-06-2024T18:04:03 - [MESSAGE][PASSED] - totalplay.Common.verifyPropertyExist is PASSED

11-06-2024T18:04:03 - [TEST_STEP][PASSED] - totalplay.Common.verifyPropertyValueExist(UpdateItem_Response, shipping_method_name): totalplay.Common.verifyPropertyValueExist is PASSED

11-06-2024T18:04:03 - [MESSAGE][INFO] - Checking response object

11-06-2024T18:04:03 - [MESSAGE][INFO] - ESTAFETA

11-06-2024T18:04:03 - [MESSAGE][PASSED] - totalplay.Common.verifyPropertyValueExist is PASSED

11-06-2024T18:04:03 - [TEST_STEP][PASSED] - totalplay.Common.getBooleanValueofObject(UpdateItem_Response, c_storePickupEnabled): totalplay.Common.getBooleanValueofObject is PASSED

11-06-2024T18:04:03 - [MESSAGE][INFO] - Checking response object

11-06-2024T18:04:03 - [MESSAGE][PASSED] - totalplay.Common.getBooleanValueofObject is PASSED

11-06-2024T18:04:03 - [TEST_STEP][PASSED] - totalplay.Common.verifyPropertyExist(UpdateItem_Response, shipping_status): totalplay.Common.verifyPropertyExist is PASSED

11-06-2024T18:04:03 - [MESSAGE][INFO] - Checking response object

11-06-2024T18:04:03 - [MESSAGE][PASSED] - totalplay.Common.verifyPropertyExist is PASSED

11-06-2024T18:04:03 - [TEST_STEP][PASSED] - totalplay.Common.verifyPropertyValueExist(UpdateItem_Response, shipping_status): totalplay.Common.verifyPropertyValueExist is PASSED

11-06-2024T18:04:03 - [MESSAGE][INFO] - Checking response object

11-06-2024T18:04:03 - [MESSAGE][INFO] - not_shipped

11-06-2024T18:04:03 - [MESSAGE][PASSED] - totalplay.Common.verifyPropertyValueExist is PASSED

11-06-2024T18:04:03 - [TEST_STEP][PASSED] - totalplay.Common.getBooleanValueofObject(UpdateItem_Response, shipping_total): totalplay.Common.getBooleanValueofObject is PASSED

11-06-2024T18:04:03 - [MESSAGE][INFO] - Checking response object

11-06-2024T18:04:03 - [MESSAGE][PASSED] - totalplay.Common.getBooleanValueofObject is PASSED

11-06-2024T18:04:03 - [TEST_STEP][PASSED] - totalplay.Common.getBooleanValueofObject(UpdateItem_Response, shipping_total_tax): totalplay.Common.getBooleanValueofObject is PASSED

11-06-2024T18:04:03 - [MESSAGE][INFO] - Checking response object

11-06-2024T18:04:03 - [MESSAGE][PASSED] - totalplay.Common.getBooleanValueofObject is PASSED

11-06-2024T18:04:03 - [TEST_STEP][PASSED] - totalplay.Common.verifyPropertyExist(UpdateItem_Response, shipping_items_item_id): totalplay.Common.verifyPropertyExist is PASSED

11-06-2024T18:04:03 - [MESSAGE][INFO] - Checking response object

11-06-2024T18:04:03 - [MESSAGE][PASSED] - totalplay.Common.verifyPropertyExist is PASSED

11-06-2024T18:04:03 - [TEST_STEP][PASSED] - totalplay.Common.verifyPropertyValueExist(UpdateItem_Response, shipping_items_item_id): totalplay.Common.verifyPropertyValueExist is PASSED

11-06-2024T18:04:03 - [MESSAGE][INFO] - Checking response object

11-06-2024T18:04:03 - [MESSAGE][INFO] - 406fc2f95f021f6c9099629444

11-06-2024T18:04:03 - [MESSAGE][PASSED] - totalplay.Common.verifyPropertyValueExist is PASSED

11-06-2024T18:04:03 - [TEST_STEP][PASSED] - totalplay.Common.verifyPropertyExist(UpdateItem_Response, shipping_items_item_text): totalplay.Common.verifyPropertyExist is PASSED

11-06-2024T18:04:03 - [MESSAGE][INFO] - Checking response object

11-06-2024T18:04:03 - [MESSAGE][PASSED] - totalplay.Common.verifyPropertyExist is PASSED

11-06-2024T18:04:03 - [TEST_STEP][PASSED] - totalplay.Common.verifyPropertyValueExist(UpdateItem_Response, shipping_items_item_text): totalplay.Common.verifyPropertyValueExist is PASSED

11-06-2024T18:04:03 - [MESSAGE][INFO] - Checking response object

11-06-2024T18:04:03 - [MESSAGE][INFO] - Shipping

11-06-2024T18:04:03 - [MESSAGE][PASSED] - totalplay.Common.verifyPropertyValueExist is PASSED

11-06-2024T18:04:03 - [TEST_STEP][PASSED] - totalplay.Common.verifyPropertyExist(UpdateItem_Response, c_corporateImgUrl): totalplay.Common.verifyPropertyExist is PASSED

11-06-2024T18:04:03 - [MESSAGE][INFO] - Checking response object

11-06-2024T18:04:03 - [MESSAGE][PASSED] - totalplay.Common.verifyPropertyExist is PASSED

11-06-2024T18:04:03 - [TEST_STEP][PASSED] - totalplay.Common.verifyPropertyValueExist(UpdateItem_Response, c_corporateImgUrl): totalplay.Common.verifyPropertyValueExist is PASSED

11-06-2024T18:04:03 - [MESSAGE][INFO] - Checking response object

11-06-2024T18:04:03 - [MESSAGE][INFO] - https://salesforceqa.sistemastp.com.mx/on/demandware.static/-/Sites/default/dw261b1b6d/images/seller/202990278.50446941666

11-06-2024T18:04:03 - [MESSAGE][PASSED] - totalplay.Common.verifyPropertyValueExist is PASSED

11-06-2024T18:04:03 - [TEST_STEP][PASSED] - totalplay.Common.verifyPropertyExist(UpdateItem_Response, c_currentCorporate): totalplay.Common.verifyPropertyExist is PASSED

11-06-2024T18:04:03 - [MESSAGE][INFO] - Checking response object

11-06-2024T18:04:03 - [MESSAGE][PASSED] - totalplay.Common.verifyPropertyExist is PASSED

11-06-2024T18:04:03 - [TEST_STEP][PASSED] - totalplay.Common.verifyPropertyValueExist(UpdateItem_Response, c_currentCorporate): totalplay.Common.verifyPropertyValueExist is PASSED

11-06-2024T18:04:03 - [MESSAGE][INFO] - Checking response object

11-06-2024T18:04:03 - [MESSAGE][INFO] - 0100987105Waldos

11-06-2024T18:04:03 - [MESSAGE][PASSED] - totalplay.Common.verifyPropertyValueExist is PASSED

11-06-2024T18:04:03 - [TEST_STEP][PASSED] - totalplay.Common.verifyPropertyExist(UpdateItem_Response, c_currentMultiStoreID): totalplay.Common.verifyPropertyExist is PASSED

11-06-2024T18:04:03 - [MESSAGE][INFO] - Checking response object

11-06-2024T18:04:04 - [MESSAGE][PASSED] - totalplay.Common.verifyPropertyExist is PASSED

11-06-2024T18:04:04 - [TEST_STEP][PASSED] - totalplay.Common.verifyPropertyValueExist(UpdateItem_Response, c_currentMultiStoreID): totalplay.Common.verifyPropertyValueExist is PASSED

11-06-2024T18:04:04 - [MESSAGE][INFO] - Checking response object

11-06-2024T18:04:04 - [MESSAGE][INFO] - 2029

11-06-2024T18:04:04 - [MESSAGE][PASSED] - totalplay.Common.verifyPropertyValueExist is PASSED

11-06-2024T18:04:04 - [TEST_STEP][PASSED] - totalplay.Common.getBooleanValueofObject(UpdateItem_Response, c_isLock): totalplay.Common.getBooleanValueofObject is PASSED

11-06-2024T18:04:04 - [MESSAGE][INFO] - Checking response object

11-06-2024T18:04:04 - [MESSAGE][PASSED] - totalplay.Common.getBooleanValueofObject is PASSED

11-06-2024T18:04:04 - [TEST_STEP][PASSED] - totalplay.Common.verifyPropertyExist(UpdateItem_Response, c_lockTime): totalplay.Common.verifyPropertyExist is PASSED

11-06-2024T18:04:04 - [MESSAGE][INFO] - Checking response object

11-06-2024T18:04:04 - [MESSAGE][PASSED] - totalplay.Common.verifyPropertyExist is PASSED

11-06-2024T18:04:04 - [TEST_STEP][PASSED] - totalplay.Common.verifyPropertyValueExist(UpdateItem_Response, c_lockTime): totalplay.Common.verifyPropertyValueExist is PASSED

11-06-2024T18:04:04 - [MESSAGE][INFO] - Checking response object

11-06-2024T18:04:04 - [MESSAGE][INFO] - 2024-06-11T12:33:59.733Z

11-06-2024T18:04:04 - [MESSAGE][PASSED] - totalplay.Common.verifyPropertyValueExist is PASSED

11-06-2024T18:04:04 - [TEST_STEP][PASSED] - totalplay.Common.verifyPropertyExist(UpdateItem_Response, c_multiStoreEDD): totalplay.Common.verifyPropertyExist is PASSED

11-06-2024T18:04:04 - [MESSAGE][INFO] - Checking response object

11-06-2024T18:04:04 - [MESSAGE][PASSED] - totalplay.Common.verifyPropertyExist is PASSED

11-06-2024T18:04:04 - [TEST_STEP][PASSED] - totalplay.Common.verifyPropertyValueExist(UpdateItem_Response, c_multiStoreEDD): totalplay.Common.verifyPropertyValueExist is PASSED

11-06-2024T18:04:04 - [MESSAGE][INFO] - Checking response object

11-06-2024T18:04:04 - [MESSAGE][INFO] - 5 - 11 días

11-06-2024T18:04:04 - [MESSAGE][PASSED] - totalplay.Common.verifyPropertyValueExist is PASSED

11-06-2024T18:04:04 - [TEST_STEP][PASSED] - totalplay.Common.getDecimalValueofObject(UpdateItem_Response, c_savingsTotal): totalplay.Common.getDecimalValueofObject is PASSED

11-06-2024T18:04:04 - [MESSAGE][INFO] - Checking response object

11-06-2024T18:04:04 - [MESSAGE][PASSED] - totalplay.Common.getDecimalValueofObject is PASSED

11-06-2024T18:04:04 - [TEST_STEP][PASSED] - totalplay.Common.verifyPropertyExist(UpdateItem_Response, c_SellerList_name): totalplay.Common.verifyPropertyExist is PASSED

11-06-2024T18:04:04 - [MESSAGE][INFO] - Checking response object

11-06-2024T18:04:04 - [MESSAGE][PASSED] - totalplay.Common.verifyPropertyExist is PASSED

11-06-2024T18:04:04 - [TEST_STEP][PASSED] - totalplay.Common.verifyPropertyValueExist(UpdateItem_Response, c_SellerList_name): totalplay.Common.verifyPropertyValueExist is PASSED

11-06-2024T18:04:04 - [MESSAGE][INFO] - Checking response object

11-06-2024T18:04:04 - [MESSAGE][INFO] - 0100987105FlamingWok

11-06-2024T18:04:04 - [MESSAGE][PASSED] - totalplay.Common.verifyPropertyValueExist is PASSED

11-06-2024T18:04:04 - [TEST_STEP][FAILED] - totalplay.Common.verifyPropertyExist(UpdateItem_Response, c_SellerList_corporateImgURL): Test Cases/TotalPlay-Shop/TC_20_UpdateItemInCart FAILED.
Reason:
Assertion failed: 

assert PropertyCount>0
       |            |
       0            false

	at totalplay.Common.verifyPropertyExist(Common.groovy:40)
	at jdk.internal.reflect.GeneratedMethodAccessor7.invoke(Unknown Source)
	at java.base/jdk.internal.reflect.DelegatingMethodAccessorImpl.invoke(DelegatingMethodAccessorImpl.java:43)
	at com.kms.katalon.core.main.CustomKeywordDelegatingMetaClass.invokeStaticMethod(CustomKeywordDelegatingMetaClass.java:55)
	at TC_20_UpdateItemInCart.run(TC_20_UpdateItemInCart:410)
	at com.kms.katalon.core.main.ScriptEngine.run(ScriptEngine.java:194)
	at com.kms.katalon.core.main.ScriptEngine.runScriptAsRawText(ScriptEngine.java:119)
	at com.kms.katalon.core.main.TestCaseExecutor.runScript(TestCaseExecutor.java:448)
	at com.kms.katalon.core.main.TestCaseExecutor.doExecute(TestCaseExecutor.java:439)
	at com.kms.katalon.core.main.TestCaseExecutor.processExecutionPhase(TestCaseExecutor.java:418)
	at com.kms.katalon.core.main.TestCaseExecutor.accessMainPhase(TestCaseExecutor.java:410)
	at com.kms.katalon.core.main.TestCaseExecutor.execute(TestCaseExecutor.java:285)
	at com.kms.katalon.core.common.CommonExecutor.accessTestCaseMainPhase(CommonExecutor.java:65)
	at com.kms.katalon.core.main.TestSuiteExecutor.accessTestSuiteMainPhase(TestSuiteExecutor.java:150)
	at com.kms.katalon.core.main.TestSuiteExecutor.execute(TestSuiteExecutor.java:106)
	at com.kms.katalon.core.main.TestCaseMain.startTestSuite(TestCaseMain.java:180)
	at TempTestSuite1718109097791.run(TempTestSuite1718109097791.groovy:35)
	at java.base/jdk.internal.reflect.NativeMethodAccessorImpl.invoke0(Native Method)
	at java.base/jdk.internal.reflect.NativeMethodAccessorImpl.invoke(NativeMethodAccessorImpl.java:77)
	at java.base/jdk.internal.reflect.DelegatingMethodAccessorImpl.invoke(DelegatingMethodAccessorImpl.java:43)


11-06-2024T18:04:04 - [MESSAGE][INFO] - Checking response object

11-06-2024T18:04:04 - [MESSAGE][FAILED] - Assertion failed: 

assert PropertyCount>0
       |            |
       0            false


11-06-2024T18:04:04 - [MESSAGE][FAILED] - Test Cases/TotalPlay-Shop/TC_20_UpdateItemInCart FAILED.
Reason:
Assertion failed: 

assert PropertyCount>0
       |            |
       0            false

	at totalplay.Common.verifyPropertyExist(Common.groovy:40)
	at jdk.internal.reflect.GeneratedMethodAccessor7.invoke(Unknown Source)
	at java.base/jdk.internal.reflect.DelegatingMethodAccessorImpl.invoke(DelegatingMethodAccessorImpl.java:43)
	at com.kms.katalon.core.main.CustomKeywordDelegatingMetaClass.invokeStaticMethod(CustomKeywordDelegatingMetaClass.java:55)
	at TC_20_UpdateItemInCart.run(TC_20_UpdateItemInCart:410)
	at com.kms.katalon.core.main.ScriptEngine.run(ScriptEngine.java:194)
	at com.kms.katalon.core.main.ScriptEngine.runScriptAsRawText(ScriptEngine.java:119)
	at com.kms.katalon.core.main.TestCaseExecutor.runScript(TestCaseExecutor.java:448)
	at com.kms.katalon.core.main.TestCaseExecutor.doExecute(TestCaseExecutor.java:439)
	at com.kms.katalon.core.main.TestCaseExecutor.processExecutionPhase(TestCaseExecutor.java:418)
	at com.kms.katalon.core.main.TestCaseExecutor.accessMainPhase(TestCaseExecutor.java:410)
	at com.kms.katalon.core.main.TestCaseExecutor.execute(TestCaseExecutor.java:285)
	at com.kms.katalon.core.common.CommonExecutor.accessTestCaseMainPhase(CommonExecutor.java:65)
	at com.kms.katalon.core.main.TestSuiteExecutor.accessTestSuiteMainPhase(TestSuiteExecutor.java:150)
	at com.kms.katalon.core.main.TestSuiteExecutor.execute(TestSuiteExecutor.java:106)
	at com.kms.katalon.core.main.TestCaseMain.startTestSuite(TestCaseMain.java:180)
	at TempTestSuite1718109097791.run(TempTestSuite1718109097791.groovy:35)
	at java.base/jdk.internal.reflect.NativeMethodAccessorImpl.invoke0(Native Method)
	at java.base/jdk.internal.reflect.NativeMethodAccessorImpl.invoke(NativeMethodAccessorImpl.java:77)
	at java.base/jdk.internal.reflect.DelegatingMethodAccessorImpl.invoke(DelegatingMethodAccessorImpl.java:43)]]></system-out>
         <system-err><![CDATA[11-06-2024T18:03:56 - [TEST_CASE][ERROR] - Test Cases/TotalPlay-Shop/TC_20_UpdateItemInCart: Test Cases/TotalPlay-Shop/TC_20_UpdateItemInCart FAILED.
Reason:
org.codehaus.groovy.runtime.InvokerInvocationException: Assertion failed: 

assert PropertyCount>0
       |            |
       0            false

	at com.kms.katalon.core.main.CustomKeywordDelegatingMetaClass.invokeStaticMethod(CustomKeywordDelegatingMetaClass.java:55)
	at TC_20_UpdateItemInCart.run(TC_20_UpdateItemInCart:410)
	at com.kms.katalon.core.main.ScriptEngine.run(ScriptEngine.java:194)
	at com.kms.katalon.core.main.ScriptEngine.runScriptAsRawText(ScriptEngine.java:119)
	at com.kms.katalon.core.main.TestCaseExecutor.runScript(TestCaseExecutor.java:448)
	at com.kms.katalon.core.main.TestCaseExecutor.doExecute(TestCaseExecutor.java:439)
	at com.kms.katalon.core.main.TestCaseExecutor.processExecutionPhase(TestCaseExecutor.java:418)
	at com.kms.katalon.core.main.TestCaseExecutor.accessMainPhase(TestCaseExecutor.java:410)
	at com.kms.katalon.core.main.TestCaseExecutor.execute(TestCaseExecutor.java:285)
	at com.kms.katalon.core.common.CommonExecutor.accessTestCaseMainPhase(CommonExecutor.java:65)
	at com.kms.katalon.core.main.TestSuiteExecutor.accessTestSuiteMainPhase(TestSuiteExecutor.java:150)
	at com.kms.katalon.core.main.TestSuiteExecutor.execute(TestSuiteExecutor.java:106)
	at com.kms.katalon.core.main.TestCaseMain.startTestSuite(TestCaseMain.java:180)
	at TempTestSuite1718109097791.run(TempTestSuite1718109097791.groovy:35)
	at java.base/jdk.internal.reflect.NativeMethodAccessorImpl.invoke0(Native Method)
	at java.base/jdk.internal.reflect.NativeMethodAccessorImpl.invoke(NativeMethodAccessorImpl.java:77)
	at java.base/jdk.internal.reflect.DelegatingMethodAccessorImpl.invoke(DelegatingMethodAccessorImpl.java:43)
Caused by: Assertion failed: 

assert PropertyCount>0
       |            |
       0            false

	at totalplay.Common.verifyPropertyExist(Common.groovy:40)
	at jdk.internal.reflect.GeneratedMethodAccessor7.invoke(Unknown Source)
	at java.base/jdk.internal.reflect.DelegatingMethodAccessorImpl.invoke(DelegatingMethodAccessorImpl.java:43)
	... 17 more]]></system-err>
      </testcase>
      <testcase name="Test Cases/TotalPlay-Shop/TC_21_GetMiniCart" time="4.528" classname="Test Cases/TotalPlay-Shop/TC_21_GetMiniCart" status="ERROR">
         <error type="ERROR" message="Test Cases/TotalPlay-Shop/TC_21_GetMiniCart FAILED.&#xa;Reason:&#xa;org.codehaus.groovy.runtime.InvokerInvocationException: Assertion failed: &#xa;&#xa;assert PropertyCount>0&#xa;       |            |&#xa;       0            false&#xa;&#xa;	at com.kms.katalon.core.main.CustomKeywordDelegatingMetaClass.invokeStaticMethod(CustomKeywordDelegatingMetaClass.java:55)&#xa;	at TC_21_GetMiniCart.run(TC_21_GetMiniCart:128)&#xa;	at com.kms.katalon.core.main.ScriptEngine.run(ScriptEngine.java:194)&#xa;	at com.kms.katalon.core.main.ScriptEngine.runScriptAsRawText(ScriptEngine.java:119)&#xa;	at com.kms.katalon.core.main.TestCaseExecutor.runScript(TestCaseExecutor.java:448)&#xa;	at com.kms.katalon.core.main.TestCaseExecutor.doExecute(TestCaseExecutor.java:439)&#xa;	at com.kms.katalon.core.main.TestCaseExecutor.processExecutionPhase(TestCaseExecutor.java:418)&#xa;	at com.kms.katalon.core.main.TestCaseExecutor.accessMainPhase(TestCaseExecutor.java:410)&#xa;	at com.kms.katalon.core.main.TestCaseExecutor.execute(TestCaseExecutor.java:285)&#xa;	at com.kms.katalon.core.common.CommonExecutor.accessTestCaseMainPhase(CommonExecutor.java:65)&#xa;	at com.kms.katalon.core.main.TestSuiteExecutor.accessTestSuiteMainPhase(TestSuiteExecutor.java:150)&#xa;	at com.kms.katalon.core.main.TestSuiteExecutor.execute(TestSuiteExecutor.java:106)&#xa;	at com.kms.katalon.core.main.TestCaseMain.startTestSuite(TestCaseMain.java:180)&#xa;	at TempTestSuite1718109097791.run(TempTestSuite1718109097791.groovy:35)&#xa;	at java.base/jdk.internal.reflect.NativeMethodAccessorImpl.invoke0(Native Method)&#xa;	at java.base/jdk.internal.reflect.NativeMethodAccessorImpl.invoke(NativeMethodAccessorImpl.java:77)&#xa;	at java.base/jdk.internal.reflect.DelegatingMethodAccessorImpl.invoke(DelegatingMethodAccessorImpl.java:43)&#xa;Caused by: Assertion failed: &#xa;&#xa;assert PropertyCount>0&#xa;       |            |&#xa;       0            false&#xa;&#xa;	at totalplay.Common.verifyPropertyExist(Common.groovy:40)&#xa;	at jdk.internal.reflect.GeneratedMethodAccessor7.invoke(Unknown Source)&#xa;	at java.base/jdk.internal.reflect.DelegatingMethodAccessorImpl.invoke(DelegatingMethodAccessorImpl.java:43)&#xa;	... 17 more&#xa;"/>
         <system-out><![CDATA[11-06-2024T18:04:04 - [TEST_CASE][ERROR] - Test Cases/TotalPlay-Shop/TC_21_GetMiniCart: Test Cases/TotalPlay-Shop/TC_21_GetMiniCart FAILED.
Reason:
org.codehaus.groovy.runtime.InvokerInvocationException: Assertion failed: 

assert PropertyCount>0
       |            |
       0            false

	at com.kms.katalon.core.main.CustomKeywordDelegatingMetaClass.invokeStaticMethod(CustomKeywordDelegatingMetaClass.java:55)
	at TC_21_GetMiniCart.run(TC_21_GetMiniCart:128)
	at com.kms.katalon.core.main.ScriptEngine.run(ScriptEngine.java:194)
	at com.kms.katalon.core.main.ScriptEngine.runScriptAsRawText(ScriptEngine.java:119)
	at com.kms.katalon.core.main.TestCaseExecutor.runScript(TestCaseExecutor.java:448)
	at com.kms.katalon.core.main.TestCaseExecutor.doExecute(TestCaseExecutor.java:439)
	at com.kms.katalon.core.main.TestCaseExecutor.processExecutionPhase(TestCaseExecutor.java:418)
	at com.kms.katalon.core.main.TestCaseExecutor.accessMainPhase(TestCaseExecutor.java:410)
	at com.kms.katalon.core.main.TestCaseExecutor.execute(TestCaseExecutor.java:285)
	at com.kms.katalon.core.common.CommonExecutor.accessTestCaseMainPhase(CommonExecutor.java:65)
	at com.kms.katalon.core.main.TestSuiteExecutor.accessTestSuiteMainPhase(TestSuiteExecutor.java:150)
	at com.kms.katalon.core.main.TestSuiteExecutor.execute(TestSuiteExecutor.java:106)
	at com.kms.katalon.core.main.TestCaseMain.startTestSuite(TestCaseMain.java:180)
	at TempTestSuite1718109097791.run(TempTestSuite1718109097791.groovy:35)
	at java.base/jdk.internal.reflect.NativeMethodAccessorImpl.invoke0(Native Method)
	at java.base/jdk.internal.reflect.NativeMethodAccessorImpl.invoke(NativeMethodAccessorImpl.java:77)
	at java.base/jdk.internal.reflect.DelegatingMethodAccessorImpl.invoke(DelegatingMethodAccessorImpl.java:43)
Caused by: Assertion failed: 

assert PropertyCount>0
       |            |
       0            false

	at totalplay.Common.verifyPropertyExist(Common.groovy:40)
	at jdk.internal.reflect.GeneratedMethodAccessor7.invoke(Unknown Source)
	at java.base/jdk.internal.reflect.DelegatingMethodAccessorImpl.invoke(DelegatingMethodAccessorImpl.java:43)
	... 17 more


11-06-2024T18:04:04 - [TEST_STEP][PASSED] - callTestCase(findTestCase("TotalPlay-Shop/TC_1_InterfaceLogin"), [:], STOP_ON_FAILURE): Call Test Case 'Test Cases/TotalPlay-Shop/TC_1_InterfaceLogin' successfully

11-06-2024T18:04:04 - [MESSAGE][INFO] - Checking called Test Case

11-06-2024T18:04:04 - [MESSAGE][INFO] - Starting to call Test Case 'Test Cases/TotalPlay-Shop/TC_1_InterfaceLogin'

11-06-2024T18:04:04 - [TEST_CASE][PASSED] - Test Cases/TotalPlay-Shop/TC_1_InterfaceLogin: Test Cases/TotalPlay-Shop/TC_1_InterfaceLogin

11-06-2024T18:04:04 - [TEST_STEP][PASSED] - LoginResponse = sendRequest(findTestObject("TotalPlay-Shop/Interface Login (SLAS)", ["URL":URL, "SITEID":SITEID])): Send request successfully

11-06-2024T18:04:04 - [MESSAGE][INFO] - Finding Test Object 'Object Repository/TotalPlay-Shop/Interface Login (SLAS)'

11-06-2024T18:04:04 - [MESSAGE][INFO] - Checking request object

11-06-2024T18:04:07 - [MESSAGE][INFO] - HAR: D:\Automation\KogniveraGithub\TotalPlay_Automation\totalplay-API\totalplay-automation\Reports\20240611_180136\Shop-Services\20240611_180137\requests\main\44.har

11-06-2024T18:04:07 - [MESSAGE][PASSED] - Send request successfully

11-06-2024T18:04:07 - [TEST_STEP][PASSED] - assert getResponseStatusCode(LoginResponse) == 200: Checking response object

11-06-2024T18:04:07 - [MESSAGE][INFO] - Checking response object

11-06-2024T18:04:07 - [TEST_STEP][PASSED] - Auth = "ocapiResponse.access_token": null

11-06-2024T18:04:07 - [TEST_STEP][PASSED] - sfccAuthorization = getElementPropertyValue(LoginResponse, Auth): Checking response object

11-06-2024T18:04:07 - [MESSAGE][INFO] - Checking response object

11-06-2024T18:04:07 - [TEST_STEP][PASSED] - logInfo(sfccAuthorization): eyJ2ZXIiOiIxLjAiLCJqa3UiOiJzbGFzL3Byb2QvYmpjbF9kZXYiLCJraWQiOiIzOWM0NGRmMy01OGI5LTQ3YWEtODNhMC05NWMwOTBiZGNkMzciLCJ0eXAiOiJqd3QiLCJjbHYiOiJKMi4zLjQiLCJhbGciOiJFUzI1NiJ9.eyJhdXQiOiJHVUlEIiwic2NwIjoic2ZjYy5zaG9wcGVyLW15YWNjb3VudC5iYXNrZXRzIHNmY2Muc2hvcHBlci1kaXNjb3Zlcnktc2VhcmNoIHNmY2Muc2hvcHBlci1teWFjY291bnQuYWRkcmVzc2VzIHNmY2Muc2hvcHBlci1wcm9kdWN0cyBzZmNjLnNob3BwZXItbXlhY2NvdW50LnJ3IHNmY2Muc2hvcHBlci1teWFjY291bnQucGF5bWVudGluc3RydW1lbnRzIHNmY2Muc2hvcHBlci1jdXN0b21lcnMubG9naW4gc2ZjYy5zaG9wcGVyLXN0b3JlcyBzZmNjLnNob3BwZXItbXlhY2NvdW50Lm9yZGVycyBzZmNjLnNob3BwZXItYmFza2V0cy1vcmRlcnMgc2ZjYy5zaG9wcGVyLWN1c3RvbWVycy5yZWdpc3RlciBzZmNjLnNob3BwZXItbXlhY2NvdW50LmFkZHJlc3Nlcy5ydyBzZmNjLnNob3BwZXItbXlhY2NvdW50LnByb2R1Y3RsaXN0cy5ydyBzZmNjLnNob3BwZXItcHJvZHVjdGxpc3RzIHNmY2Muc2hvcHBlci1wcm9tb3Rpb25zIHNmY2Muc2hvcHBlci1iYXNrZXRzLW9yZGVycy5ydyBzZmNjLnNob3BwZXItZ2lmdC1jZXJ0aWZpY2F0ZXMgc2ZjYy5zaG9wcGVyLW15YWNjb3VudC5wYXltZW50aW5zdHJ1bWVudHMucncgc2ZjYy5zaG9wcGVyLXByb2R1Y3Qtc2VhcmNoIHNmY2Muc2hvcHBlci1teWFjY291bnQucHJvZHVjdGxpc3RzIHNmY2Muc2hvcHBlci1jYXRlZ29yaWVzIHNmY2Muc2hvcHBlci1teWFjY291bnQiLCJzdWIiOiJjYy1zbGFzOjpiamNsX2Rldjo6c2NpZDo1ZDI1ZjVmYS01YTRmLTQ2YjUtYTIxMS04NzU1NDJjODVhYzE6OnVzaWQ6NGZlM2YzZTItZDM1ZC00MjgxLThiYTktZGY4MDAxMjRmODcyIiwiY3R4Ijoic2xhcyIsImlzcyI6InNsYXMvcHJvZC9iamNsX2RldiIsImlzdCI6MSwiZG50IjoiMCIsImF1ZCI6ImNvbW1lcmNlY2xvdWQvcHJvZC9iamNsX2RldiIsIm5iZiI6MTcxODEwOTIxNiwic3R5IjoiVXNlciIsImlzYiI6InVpZG86ZWNvbTo6dXBuOnFhLnRvdGFscGxheSswMTAwOTg3MTA1QGdtYWlsLmNvbTo6dWlkbjpSaWNhcmRvICBDb3JvbmEgQ3J1ejo6Z2NpZDphYmxleEprMHdYeHJnUnhia1p4YVlZa0hFVjo6cmNpZDphY25SYldxdWpIQ3BnOW9xNlYyaGt1VGFTVzo6Y2hpZDpUUC1TSE9QIiwiZXhwIjoxNzE4MTExMDQ2LCJpYXQiOjE3MTgxMDkyNDYsImp0aSI6IkMyQy0xMzExNTYzNTcwMTc4NzUxMTg1MDI5MDI5MjM5ODQ0OTAyMTcifQ.Bmm_N89g05oOcy2zyJNu-jz7SF_iPUSwKZa8-G5cqMiVQewQVp1Z76Iu6r_E92-b6-n8KquT82YAEhcK_6uLKw

11-06-2024T18:04:07 - [MESSAGE][INFO] - eyJ2ZXIiOiIxLjAiLCJqa3UiOiJzbGFzL3Byb2QvYmpjbF9kZXYiLCJraWQiOiIzOWM0NGRmMy01OGI5LTQ3YWEtODNhMC05NWMwOTBiZGNkMzciLCJ0eXAiOiJqd3QiLCJjbHYiOiJKMi4zLjQiLCJhbGciOiJFUzI1NiJ9.eyJhdXQiOiJHVUlEIiwic2NwIjoic2ZjYy5zaG9wcGVyLW15YWNjb3VudC5iYXNrZXRzIHNmY2Muc2hvcHBlci1kaXNjb3Zlcnktc2VhcmNoIHNmY2Muc2hvcHBlci1teWFjY291bnQuYWRkcmVzc2VzIHNmY2Muc2hvcHBlci1wcm9kdWN0cyBzZmNjLnNob3BwZXItbXlhY2NvdW50LnJ3IHNmY2Muc2hvcHBlci1teWFjY291bnQucGF5bWVudGluc3RydW1lbnRzIHNmY2Muc2hvcHBlci1jdXN0b21lcnMubG9naW4gc2ZjYy5zaG9wcGVyLXN0b3JlcyBzZmNjLnNob3BwZXItbXlhY2NvdW50Lm9yZGVycyBzZmNjLnNob3BwZXItYmFza2V0cy1vcmRlcnMgc2ZjYy5zaG9wcGVyLWN1c3RvbWVycy5yZWdpc3RlciBzZmNjLnNob3BwZXItbXlhY2NvdW50LmFkZHJlc3Nlcy5ydyBzZmNjLnNob3BwZXItbXlhY2NvdW50LnByb2R1Y3RsaXN0cy5ydyBzZmNjLnNob3BwZXItcHJvZHVjdGxpc3RzIHNmY2Muc2hvcHBlci1wcm9tb3Rpb25zIHNmY2Muc2hvcHBlci1iYXNrZXRzLW9yZGVycy5ydyBzZmNjLnNob3BwZXItZ2lmdC1jZXJ0aWZpY2F0ZXMgc2ZjYy5zaG9wcGVyLW15YWNjb3VudC5wYXltZW50aW5zdHJ1bWVudHMucncgc2ZjYy5zaG9wcGVyLXByb2R1Y3Qtc2VhcmNoIHNmY2Muc2hvcHBlci1teWFjY291bnQucHJvZHVjdGxpc3RzIHNmY2Muc2hvcHBlci1jYXRlZ29yaWVzIHNmY2Muc2hvcHBlci1teWFjY291bnQiLCJzdWIiOiJjYy1zbGFzOjpiamNsX2Rldjo6c2NpZDo1ZDI1ZjVmYS01YTRmLTQ2YjUtYTIxMS04NzU1NDJjODVhYzE6OnVzaWQ6NGZlM2YzZTItZDM1ZC00MjgxLThiYTktZGY4MDAxMjRmODcyIiwiY3R4Ijoic2xhcyIsImlzcyI6InNsYXMvcHJvZC9iamNsX2RldiIsImlzdCI6MSwiZG50IjoiMCIsImF1ZCI6ImNvbW1lcmNlY2xvdWQvcHJvZC9iamNsX2RldiIsIm5iZiI6MTcxODEwOTIxNiwic3R5IjoiVXNlciIsImlzYiI6InVpZG86ZWNvbTo6dXBuOnFhLnRvdGFscGxheSswMTAwOTg3MTA1QGdtYWlsLmNvbTo6dWlkbjpSaWNhcmRvICBDb3JvbmEgQ3J1ejo6Z2NpZDphYmxleEprMHdYeHJnUnhia1p4YVlZa0hFVjo6cmNpZDphY25SYldxdWpIQ3BnOW9xNlYyaGt1VGFTVzo6Y2hpZDpUUC1TSE9QIiwiZXhwIjoxNzE4MTExMDQ2LCJpYXQiOjE3MTgxMDkyNDYsImp0aSI6IkMyQy0xMzExNTYzNTcwMTc4NzUxMTg1MDI5MDI5MjM5ODQ0OTAyMTcifQ.Bmm_N89g05oOcy2zyJNu-jz7SF_iPUSwKZa8-G5cqMiVQewQVp1Z76Iu6r_E92-b6-n8KquT82YAEhcK_6uLKw

11-06-2024T18:04:07 - [TEST_STEP][PASSED] - Authorization = "Bearer " + sfccAuthorization: null

11-06-2024T18:04:07 - [TEST_STEP][PASSED] - logInfo(bm_auth_token): 

11-06-2024T18:04:07 - [MESSAGE][INFO] - 

11-06-2024T18:04:07 - [TEST_STEP][PASSED] - if (sfccAuthorization.length() == 0): null

11-06-2024T18:04:07 - [TEST_STEP][PASSED] - else: authorization generated

11-06-2024T18:04:07 - [TEST_STEP][PASSED] - markPassed("authorization generated"): authorization generated

11-06-2024T18:04:07 - [MESSAGE][PASSED] - authorization generated

11-06-2024T18:04:07 - [TEST_STEP][PASSED] - BasketId_loginResponse = "ocapiResponse.c_basketId": null

11-06-2024T18:04:07 - [TEST_STEP][PASSED] - CustomerId_loginResponse = "ocapiResponse.customer_id": null

11-06-2024T18:04:07 - [TEST_STEP][PASSED] - basketId = getElementPropertyValue(LoginResponse, BasketId_loginResponse): Checking response object

11-06-2024T18:04:07 - [MESSAGE][INFO] - Checking response object

11-06-2024T18:04:07 - [TEST_STEP][PASSED] - customerId = getElementPropertyValue(LoginResponse, CustomerId_loginResponse): Checking response object

11-06-2024T18:04:07 - [MESSAGE][INFO] - Checking response object

11-06-2024T18:04:07 - [TEST_STEP][PASSED] - basketID = basketId: null

11-06-2024T18:04:07 - [TEST_STEP][PASSED] - sla_customerId = customerId: null

11-06-2024T18:04:07 - [TEST_STEP][PASSED] - println(basketID): null

11-06-2024T18:04:07 - [TEST_STEP][PASSED] - println(sla_customerId): null

11-06-2024T18:04:07 - [TEST_STEP][PASSED] - refresh_token = "ocapiResponse.refresh_token": null

11-06-2024T18:04:07 - [TEST_STEP][PASSED] - customer_email = "ocapiResponse.customer_email": null

11-06-2024T18:04:07 - [TEST_STEP][PASSED] - c_brmId = "ocapiResponse.c_brmId": null

11-06-2024T18:04:07 - [TEST_STEP][PASSED] - customer_name = "ocapiResponse.customer_name": null

11-06-2024T18:04:07 - [TEST_STEP][PASSED] - totalplay.Common.verifyPropertyExist(LoginResponse, refresh_token): totalplay.Common.verifyPropertyExist is PASSED

11-06-2024T18:04:07 - [MESSAGE][INFO] - Checking response object

11-06-2024T18:04:07 - [MESSAGE][PASSED] - totalplay.Common.verifyPropertyExist is PASSED

11-06-2024T18:04:07 - [TEST_STEP][PASSED] - totalplay.Common.verifyPropertyValueExist(LoginResponse, refresh_token): totalplay.Common.verifyPropertyValueExist is PASSED

11-06-2024T18:04:07 - [MESSAGE][INFO] - Checking response object

11-06-2024T18:04:07 - [MESSAGE][INFO] - 7oiXWm-Bu0bUxXf7ghJ-1OS7WvuYpTrXNviCl7wXtPo

11-06-2024T18:04:07 - [MESSAGE][PASSED] - totalplay.Common.verifyPropertyValueExist is PASSED

11-06-2024T18:04:07 - [TEST_STEP][PASSED] - totalplay.Common.verifyPropertyExist(LoginResponse, customer_email): totalplay.Common.verifyPropertyExist is PASSED

11-06-2024T18:04:07 - [MESSAGE][INFO] - Checking response object

11-06-2024T18:04:07 - [MESSAGE][PASSED] - totalplay.Common.verifyPropertyExist is PASSED

11-06-2024T18:04:07 - [TEST_STEP][PASSED] - totalplay.Common.verifyPropertyValueExist(LoginResponse, customer_email): totalplay.Common.verifyPropertyValueExist is PASSED

11-06-2024T18:04:07 - [MESSAGE][INFO] - Checking response object

11-06-2024T18:04:07 - [MESSAGE][INFO] - qa.totalplay@gmail.com

11-06-2024T18:04:07 - [MESSAGE][PASSED] - totalplay.Common.verifyPropertyValueExist is PASSED

11-06-2024T18:04:07 - [TEST_STEP][PASSED] - totalplay.Common.verifyPropertyExist(LoginResponse, customer_name): totalplay.Common.verifyPropertyExist is PASSED

11-06-2024T18:04:07 - [MESSAGE][INFO] - Checking response object

11-06-2024T18:04:07 - [MESSAGE][PASSED] - totalplay.Common.verifyPropertyExist is PASSED

11-06-2024T18:04:07 - [TEST_STEP][PASSED] - totalplay.Common.verifyPropertyValueExist(LoginResponse, customer_name): totalplay.Common.verifyPropertyValueExist is PASSED

11-06-2024T18:04:07 - [MESSAGE][INFO] - Checking response object

11-06-2024T18:04:07 - [MESSAGE][INFO] - Ricardo  Corona Cruz

11-06-2024T18:04:07 - [MESSAGE][PASSED] - totalplay.Common.verifyPropertyValueExist is PASSED

11-06-2024T18:04:07 - [TEST_STEP][PASSED] - totalplay.Common.verifyPropertyExist(LoginResponse, c_brmId): totalplay.Common.verifyPropertyExist is PASSED

11-06-2024T18:04:07 - [MESSAGE][INFO] - Checking response object

11-06-2024T18:04:07 - [MESSAGE][PASSED] - totalplay.Common.verifyPropertyExist is PASSED

11-06-2024T18:04:07 - [TEST_STEP][PASSED] - totalplay.Common.verifyPropertyValueExist(LoginResponse, c_brmId): totalplay.Common.verifyPropertyValueExist is PASSED

11-06-2024T18:04:07 - [MESSAGE][INFO] - Checking response object

11-06-2024T18:04:07 - [MESSAGE][INFO] - 0100987105

11-06-2024T18:04:07 - [MESSAGE][PASSED] - totalplay.Common.verifyPropertyValueExist is PASSED

11-06-2024T18:04:07 - [MESSAGE][PASSED] - Call Test Case 'Test Cases/TotalPlay-Shop/TC_1_InterfaceLogin' successfully

11-06-2024T18:04:07 - [TEST_STEP][PASSED] - GetMiniCart_Response = sendRequest(findTestObject("TotalPlay-Shop/Postman/Cart/Get Mini Cart", ["URL":URL, "SITEID":SITEID, "sla_customerId":sla_customerId])): Send request successfully

11-06-2024T18:04:07 - [MESSAGE][INFO] - Finding Test Object 'Object Repository/TotalPlay-Shop/Postman/Cart/Get Mini Cart'

11-06-2024T18:04:07 - [MESSAGE][INFO] - Checking request object

11-06-2024T18:04:07 - [MESSAGE][INFO] - HAR: D:\Automation\KogniveraGithub\TotalPlay_Automation\totalplay-API\totalplay-automation\Reports\20240611_180136\Shop-Services\20240611_180137\requests\main\45.har

11-06-2024T18:04:07 - [MESSAGE][PASSED] - Send request successfully

11-06-2024T18:04:07 - [TEST_STEP][PASSED] - verifyResponseStatusCode(GetMiniCart_Response, 200): Verify response status code successfully

11-06-2024T18:04:07 - [MESSAGE][INFO] - Checking response object

11-06-2024T18:04:07 - [MESSAGE][PASSED] - Verify response status code successfully

11-06-2024T18:04:07 - [TEST_STEP][PASSED] - _type = "baskets[0]._type": null

11-06-2024T18:04:07 - [TEST_STEP][PASSED] - basket_id = "baskets[0].basket_id": null

11-06-2024T18:04:07 - [TEST_STEP][PASSED] - creation_date = "baskets[0].creation_date": null

11-06-2024T18:04:07 - [TEST_STEP][PASSED] - order_total = "baskets[0].order_total": null

11-06-2024T18:04:07 - [TEST_STEP][PASSED] - product_sub_total = "baskets[0].product_sub_total": null

11-06-2024T18:04:07 - [TEST_STEP][PASSED] - product_total = "baskets[0].product_total": null

11-06-2024T18:04:07 - [TEST_STEP][PASSED] - shipping_total = "baskets[0].shipping_total": null

11-06-2024T18:04:07 - [TEST_STEP][PASSED] - shipping_total_tax = "baskets[0].shipping_total_tax": null

11-06-2024T18:04:07 - [TEST_STEP][PASSED] - c_corporateImgUrl = "baskets[0].c_corporateImgUrl": null

11-06-2024T18:04:07 - [TEST_STEP][PASSED] - c_corporateColorCode = "baskets[0].c_corporateColorCode": null

11-06-2024T18:04:07 - [TEST_STEP][PASSED] - name = "baskets[0].c_currentBasket.name": null

11-06-2024T18:04:07 - [TEST_STEP][PASSED] - productCount = "baskets[0].c_currentBasket.productCount": null

11-06-2024T18:04:07 - [TEST_STEP][PASSED] - ID = "baskets[0].c_currentBasket.cartItems[0].ID": null

11-06-2024T18:04:07 - [TEST_STEP][PASSED] - productID = "baskets[0].c_currentBasket.cartItems[0].productID": null

11-06-2024T18:04:07 - [TEST_STEP][PASSED] - isOnDemandStoreItem = "baskets[0].c_currentBasket.cartItems[0].isOnDemandStoreItem": null

11-06-2024T18:04:07 - [TEST_STEP][PASSED] - alt = "baskets[0].c_currentBasket.cartItems[0].productImage[0].alt": null

11-06-2024T18:04:07 - [TEST_STEP][PASSED] - url = "baskets[0].c_currentBasket.cartItems[0].productImage[0].url": null

11-06-2024T18:04:07 - [TEST_STEP][PASSED] - title = "baskets[0].c_currentBasket.cartItems[0].productImage[0].title": null

11-06-2024T18:04:07 - [TEST_STEP][PASSED] - sellerId = "baskets[0].c_currentBasket.cartItems[0].sellerId": null

11-06-2024T18:04:07 - [TEST_STEP][PASSED] - quantity = "baskets[0].c_currentBasket.cartItems[0].quantity": null

11-06-2024T18:04:07 - [TEST_STEP][PASSED] - name = "baskets[0].c_currentBasket.cartItems[0].name": null

11-06-2024T18:04:07 - [TEST_STEP][PASSED] - c_SellerList_name = "baskets[0].c_SellerList[0].name": null

11-06-2024T18:04:07 - [TEST_STEP][PASSED] - c_SellerList_corporateImgURL = "baskets[0].c_SellerList[0].corporateImgURL": null

11-06-2024T18:04:07 - [TEST_STEP][PASSED] - c_SellerList_corporateColorCode = "baskets[0].c_SellerList[0].corporateColorCode": null

11-06-2024T18:04:07 - [TEST_STEP][PASSED] - c_SellerList_productsCount = "baskets[0].c_SellerList[0].productsCount": null

11-06-2024T18:04:07 - [TEST_STEP][PASSED] - c_SellerList_productID = "baskets[0].c_SellerList[0].cartItems[0].productID": null

11-06-2024T18:04:07 - [TEST_STEP][PASSED] - c_SellerList_sellerId = "baskets[0].c_SellerList[0].cartItems[0].sellerId": null

11-06-2024T18:04:07 - [TEST_STEP][PASSED] - c_SellerList_isOnDemandStoreItem = "baskets[0].c_SellerList[0].cartItems[0].isOnDemandStoreItem": null

11-06-2024T18:04:07 - [TEST_STEP][PASSED] - c_SellerList_alt = "baskets[0].c_SellerList[0].cartItems[0].productImage[0].alt": null

11-06-2024T18:04:07 - [TEST_STEP][PASSED] - c_SellerList_url = "baskets[0].c_SellerList[0].cartItems[0].productImage[0].url": null

11-06-2024T18:04:07 - [TEST_STEP][PASSED] - c_SellerList_title = "baskets[0].c_SellerList[0].cartItems[0].productImage[0].title": null

11-06-2024T18:04:07 - [TEST_STEP][PASSED] - c_SellerList_quantity = "baskets[0].c_SellerList[0].cartItems[0].quantity": null

11-06-2024T18:04:07 - [TEST_STEP][PASSED] - c_SellerList_name = "baskets[0].c_SellerList[0].cartItems[0].name": null

11-06-2024T18:04:07 - [TEST_STEP][PASSED] - c_SellerList_total = "total": null

11-06-2024T18:04:07 - [TEST_STEP][PASSED] - totalplay.Common.verifyPropertyExist(GetMiniCart_Response, _type): totalplay.Common.verifyPropertyExist is PASSED

11-06-2024T18:04:07 - [MESSAGE][INFO] - Checking response object

11-06-2024T18:04:07 - [MESSAGE][PASSED] - totalplay.Common.verifyPropertyExist is PASSED

11-06-2024T18:04:07 - [TEST_STEP][PASSED] - totalplay.Common.verifyPropertyValueExist(GetMiniCart_Response, _type): totalplay.Common.verifyPropertyValueExist is PASSED

11-06-2024T18:04:07 - [MESSAGE][INFO] - Checking response object

11-06-2024T18:04:07 - [MESSAGE][INFO] - basket

11-06-2024T18:04:07 - [MESSAGE][PASSED] - totalplay.Common.verifyPropertyValueExist is PASSED

11-06-2024T18:04:07 - [TEST_STEP][PASSED] - totalplay.Common.verifyPropertyExist(GetMiniCart_Response, basket_id): totalplay.Common.verifyPropertyExist is PASSED

11-06-2024T18:04:07 - [MESSAGE][INFO] - Checking response object

11-06-2024T18:04:07 - [MESSAGE][PASSED] - totalplay.Common.verifyPropertyExist is PASSED

11-06-2024T18:04:07 - [TEST_STEP][PASSED] - totalplay.Common.verifyPropertyValueExist(GetMiniCart_Response, basket_id): totalplay.Common.verifyPropertyValueExist is PASSED

11-06-2024T18:04:07 - [MESSAGE][INFO] - Checking response object

11-06-2024T18:04:07 - [MESSAGE][INFO] - cb07b36e4ccfac89074d4fb1ff

11-06-2024T18:04:08 - [MESSAGE][PASSED] - totalplay.Common.verifyPropertyValueExist is PASSED

11-06-2024T18:04:08 - [TEST_STEP][PASSED] - totalplay.Common.verifyPropertyExist(GetMiniCart_Response, creation_date): totalplay.Common.verifyPropertyExist is PASSED

11-06-2024T18:04:08 - [MESSAGE][INFO] - Checking response object

11-06-2024T18:04:08 - [MESSAGE][PASSED] - totalplay.Common.verifyPropertyExist is PASSED

11-06-2024T18:04:08 - [TEST_STEP][PASSED] - totalplay.Common.verifyPropertyValueExist(GetMiniCart_Response, creation_date): totalplay.Common.verifyPropertyValueExist is PASSED

11-06-2024T18:04:08 - [MESSAGE][INFO] - Checking response object

11-06-2024T18:04:08 - [MESSAGE][INFO] - 2024-06-10T08:58:09.765Z

11-06-2024T18:04:08 - [MESSAGE][PASSED] - totalplay.Common.verifyPropertyValueExist is PASSED

11-06-2024T18:04:08 - [TEST_STEP][PASSED] - totalplay.Common.getDecimalValueofObject(GetMiniCart_Response, order_total): totalplay.Common.getDecimalValueofObject is PASSED

11-06-2024T18:04:08 - [MESSAGE][INFO] - Checking response object

11-06-2024T18:04:08 - [MESSAGE][PASSED] - totalplay.Common.getDecimalValueofObject is PASSED

11-06-2024T18:04:08 - [TEST_STEP][PASSED] - totalplay.Common.getDecimalValueofObject(GetMiniCart_Response, product_sub_total): totalplay.Common.getDecimalValueofObject is PASSED

11-06-2024T18:04:08 - [MESSAGE][INFO] - Checking response object

11-06-2024T18:04:08 - [MESSAGE][PASSED] - totalplay.Common.getDecimalValueofObject is PASSED

11-06-2024T18:04:08 - [TEST_STEP][PASSED] - totalplay.Common.getDecimalValueofObject(GetMiniCart_Response, product_total): totalplay.Common.getDecimalValueofObject is PASSED

11-06-2024T18:04:08 - [MESSAGE][INFO] - Checking response object

11-06-2024T18:04:08 - [MESSAGE][PASSED] - totalplay.Common.getDecimalValueofObject is PASSED

11-06-2024T18:04:08 - [TEST_STEP][PASSED] - totalplay.Common.getBooleanValueofObject(GetMiniCart_Response, shipping_total): totalplay.Common.getBooleanValueofObject is PASSED

11-06-2024T18:04:08 - [MESSAGE][INFO] - Checking response object

11-06-2024T18:04:08 - [MESSAGE][PASSED] - totalplay.Common.getBooleanValueofObject is PASSED

11-06-2024T18:04:08 - [TEST_STEP][PASSED] - totalplay.Common.getBooleanValueofObject(GetMiniCart_Response, shipping_total_tax): totalplay.Common.getBooleanValueofObject is PASSED

11-06-2024T18:04:08 - [MESSAGE][INFO] - Checking response object

11-06-2024T18:04:08 - [MESSAGE][PASSED] - totalplay.Common.getBooleanValueofObject is PASSED

11-06-2024T18:04:08 - [TEST_STEP][PASSED] - totalplay.Common.verifyPropertyExist(GetMiniCart_Response, c_corporateImgUrl): totalplay.Common.verifyPropertyExist is PASSED

11-06-2024T18:04:08 - [MESSAGE][INFO] - Checking response object

11-06-2024T18:04:08 - [MESSAGE][PASSED] - totalplay.Common.verifyPropertyExist is PASSED

11-06-2024T18:04:08 - [TEST_STEP][PASSED] - totalplay.Common.verifyPropertyValueExist(GetMiniCart_Response, c_corporateImgUrl): totalplay.Common.verifyPropertyValueExist is PASSED

11-06-2024T18:04:08 - [MESSAGE][INFO] - Checking response object

11-06-2024T18:04:08 - [MESSAGE][INFO] - https://salesforceqa.sistemastp.com.mx/on/demandware.static/-/Sites/default/dw261b1b6d/images/seller/202990278.50446941666

11-06-2024T18:04:08 - [MESSAGE][PASSED] - totalplay.Common.verifyPropertyValueExist is PASSED

11-06-2024T18:04:08 - [TEST_STEP][PASSED] - totalplay.Common.verifyPropertyExist(GetMiniCart_Response, c_corporateColorCode): totalplay.Common.verifyPropertyExist is PASSED

11-06-2024T18:04:08 - [MESSAGE][INFO] - Checking response object

11-06-2024T18:04:08 - [MESSAGE][PASSED] - totalplay.Common.verifyPropertyExist is PASSED

11-06-2024T18:04:08 - [TEST_STEP][PASSED] - totalplay.Common.verifyPropertyValueExist(GetMiniCart_Response, c_corporateColorCode): totalplay.Common.verifyPropertyValueExist is PASSED

11-06-2024T18:04:08 - [MESSAGE][INFO] - Checking response object

11-06-2024T18:04:08 - [MESSAGE][INFO] - DA291C

11-06-2024T18:04:08 - [MESSAGE][PASSED] - totalplay.Common.verifyPropertyValueExist is PASSED

11-06-2024T18:04:08 - [TEST_STEP][PASSED] - totalplay.Common.verifyPropertyExist(GetMiniCart_Response, name): totalplay.Common.verifyPropertyExist is PASSED

11-06-2024T18:04:08 - [MESSAGE][INFO] - Checking response object

11-06-2024T18:04:08 - [MESSAGE][PASSED] - totalplay.Common.verifyPropertyExist is PASSED

11-06-2024T18:04:08 - [TEST_STEP][PASSED] - totalplay.Common.verifyPropertyValueExist(GetMiniCart_Response, name): totalplay.Common.verifyPropertyValueExist is PASSED

11-06-2024T18:04:08 - [MESSAGE][INFO] - Checking response object

11-06-2024T18:04:08 - [MESSAGE][INFO] - Bicicleta Rodada 18 para Niño con Ruedas de Apoyo Naranja

11-06-2024T18:04:08 - [MESSAGE][PASSED] - totalplay.Common.verifyPropertyValueExist is PASSED

11-06-2024T18:04:08 - [TEST_STEP][PASSED] - totalplay.Common.getNumValueofObject(GetMiniCart_Response, productCount): totalplay.Common.getNumValueofObject is PASSED

11-06-2024T18:04:08 - [MESSAGE][INFO] - Checking response object

11-06-2024T18:04:08 - [MESSAGE][PASSED] - totalplay.Common.getNumValueofObject is PASSED

11-06-2024T18:04:08 - [TEST_STEP][PASSED] - totalplay.Common.verifyPropertyExist(GetMiniCart_Response, ID): totalplay.Common.verifyPropertyExist is PASSED

11-06-2024T18:04:08 - [MESSAGE][INFO] - Checking response object

11-06-2024T18:04:08 - [MESSAGE][PASSED] - totalplay.Common.verifyPropertyExist is PASSED

11-06-2024T18:04:08 - [TEST_STEP][PASSED] - totalplay.Common.verifyPropertyValueExist(GetMiniCart_Response, ID): totalplay.Common.verifyPropertyValueExist is PASSED

11-06-2024T18:04:08 - [MESSAGE][INFO] - Checking response object

11-06-2024T18:04:08 - [MESSAGE][INFO] - ecec9b8de8d92c3dc47b51fd3d

11-06-2024T18:04:08 - [MESSAGE][PASSED] - totalplay.Common.verifyPropertyValueExist is PASSED

11-06-2024T18:04:08 - [TEST_STEP][PASSED] - totalplay.Common.verifyPropertyExist(GetMiniCart_Response, productID): totalplay.Common.verifyPropertyExist is PASSED

11-06-2024T18:04:08 - [MESSAGE][INFO] - Checking response object

11-06-2024T18:04:08 - [MESSAGE][PASSED] - totalplay.Common.verifyPropertyExist is PASSED

11-06-2024T18:04:08 - [TEST_STEP][PASSED] - totalplay.Common.verifyPropertyValueExist(GetMiniCart_Response, productID): totalplay.Common.verifyPropertyValueExist is PASSED

11-06-2024T18:04:08 - [MESSAGE][INFO] - Checking response object

11-06-2024T18:04:08 - [MESSAGE][INFO] - T1210808411

11-06-2024T18:04:08 - [MESSAGE][PASSED] - totalplay.Common.verifyPropertyValueExist is PASSED

11-06-2024T18:04:08 - [TEST_STEP][PASSED] - totalplay.Common.getBooleanValueofObject(GetMiniCart_Response, isOnDemandStoreItem): totalplay.Common.getBooleanValueofObject is PASSED

11-06-2024T18:04:08 - [MESSAGE][INFO] - Checking response object

11-06-2024T18:04:08 - [MESSAGE][PASSED] - totalplay.Common.getBooleanValueofObject is PASSED

11-06-2024T18:04:08 - [TEST_STEP][PASSED] - totalplay.Common.verifyPropertyExist(GetMiniCart_Response, alt): totalplay.Common.verifyPropertyExist is PASSED

11-06-2024T18:04:08 - [MESSAGE][INFO] - Checking response object

11-06-2024T18:04:08 - [MESSAGE][PASSED] - totalplay.Common.verifyPropertyExist is PASSED

11-06-2024T18:04:08 - [TEST_STEP][PASSED] - totalplay.Common.verifyPropertyValueExist(GetMiniCart_Response, alt): totalplay.Common.verifyPropertyValueExist is PASSED

11-06-2024T18:04:08 - [MESSAGE][INFO] - Checking response object

11-06-2024T18:04:08 - [MESSAGE][INFO] - Bicicleta Rodada 18 para Niño con Ruedas de Apoyo Naranja

11-06-2024T18:04:08 - [MESSAGE][PASSED] - totalplay.Common.verifyPropertyValueExist is PASSED

11-06-2024T18:04:08 - [TEST_STEP][PASSED] - totalplay.Common.verifyPropertyExist(GetMiniCart_Response, url): totalplay.Common.verifyPropertyExist is PASSED

11-06-2024T18:04:08 - [MESSAGE][INFO] - Checking response object

11-06-2024T18:04:08 - [MESSAGE][PASSED] - totalplay.Common.verifyPropertyExist is PASSED

11-06-2024T18:04:08 - [TEST_STEP][PASSED] - totalplay.Common.verifyPropertyValueExist(GetMiniCart_Response, url): totalplay.Common.verifyPropertyValueExist is PASSED

11-06-2024T18:04:08 - [MESSAGE][INFO] - Checking response object

11-06-2024T18:04:08 - [MESSAGE][INFO] - https://salesforceqa.sistemastp.com.mx/dw/image/v2/BJCL_DEV/on/demandware.static/-/Sites-Standard/default/dwf01e3c7b/images/large/16a58ef0af22467e95fd63a21736866c.jpg?sw=144&sh=144

11-06-2024T18:04:08 - [MESSAGE][PASSED] - totalplay.Common.verifyPropertyValueExist is PASSED

11-06-2024T18:04:08 - [TEST_STEP][PASSED] - totalplay.Common.verifyPropertyExist(GetMiniCart_Response, title): totalplay.Common.verifyPropertyExist is PASSED

11-06-2024T18:04:08 - [MESSAGE][INFO] - Checking response object

11-06-2024T18:04:08 - [MESSAGE][PASSED] - totalplay.Common.verifyPropertyExist is PASSED

11-06-2024T18:04:08 - [TEST_STEP][PASSED] - totalplay.Common.verifyPropertyValueExist(GetMiniCart_Response, title): totalplay.Common.verifyPropertyValueExist is PASSED

11-06-2024T18:04:08 - [MESSAGE][INFO] - Checking response object

11-06-2024T18:04:08 - [MESSAGE][INFO] - Bicicleta Rodada 18 para Niño con Ruedas de Apoyo Naranja

11-06-2024T18:04:08 - [MESSAGE][PASSED] - totalplay.Common.verifyPropertyValueExist is PASSED

11-06-2024T18:04:08 - [TEST_STEP][PASSED] - totalplay.Common.verifyPropertyExist(GetMiniCart_Response, sellerId): totalplay.Common.verifyPropertyExist is PASSED

11-06-2024T18:04:08 - [MESSAGE][INFO] - Checking response object

11-06-2024T18:04:08 - [MESSAGE][PASSED] - totalplay.Common.verifyPropertyExist is PASSED

11-06-2024T18:04:08 - [TEST_STEP][PASSED] - totalplay.Common.verifyPropertyValueExist(GetMiniCart_Response, sellerId): totalplay.Common.verifyPropertyValueExist is PASSED

11-06-2024T18:04:08 - [MESSAGE][INFO] - Checking response object

11-06-2024T18:04:08 - [MESSAGE][INFO] - 2029

11-06-2024T18:04:08 - [MESSAGE][PASSED] - totalplay.Common.verifyPropertyValueExist is PASSED

11-06-2024T18:04:08 - [TEST_STEP][PASSED] - totalplay.Common.verifyPropertyExist(GetMiniCart_Response, quantity): totalplay.Common.verifyPropertyExist is PASSED

11-06-2024T18:04:08 - [MESSAGE][INFO] - Checking response object

11-06-2024T18:04:08 - [MESSAGE][PASSED] - totalplay.Common.verifyPropertyExist is PASSED

11-06-2024T18:04:08 - [TEST_STEP][PASSED] - totalplay.Common.verifyPropertyValueExist(GetMiniCart_Response, quantity): totalplay.Common.verifyPropertyValueExist is PASSED

11-06-2024T18:04:08 - [MESSAGE][INFO] - Checking response object

11-06-2024T18:04:08 - [MESSAGE][INFO] - 1

11-06-2024T18:04:08 - [MESSAGE][PASSED] - totalplay.Common.verifyPropertyValueExist is PASSED

11-06-2024T18:04:08 - [TEST_STEP][PASSED] - totalplay.Common.verifyPropertyExist(GetMiniCart_Response, name): totalplay.Common.verifyPropertyExist is PASSED

11-06-2024T18:04:08 - [MESSAGE][INFO] - Checking response object

11-06-2024T18:04:08 - [MESSAGE][PASSED] - totalplay.Common.verifyPropertyExist is PASSED

11-06-2024T18:04:08 - [TEST_STEP][PASSED] - totalplay.Common.verifyPropertyValueExist(GetMiniCart_Response, name): totalplay.Common.verifyPropertyValueExist is PASSED

11-06-2024T18:04:08 - [MESSAGE][INFO] - Checking response object

11-06-2024T18:04:08 - [MESSAGE][INFO] - Bicicleta Rodada 18 para Niño con Ruedas de Apoyo Naranja

11-06-2024T18:04:08 - [MESSAGE][PASSED] - totalplay.Common.verifyPropertyValueExist is PASSED

11-06-2024T18:04:08 - [TEST_STEP][PASSED] - totalplay.Common.verifyPropertyExist(GetMiniCart_Response, c_SellerList_name): totalplay.Common.verifyPropertyExist is PASSED

11-06-2024T18:04:08 - [MESSAGE][INFO] - Checking response object

11-06-2024T18:04:08 - [MESSAGE][PASSED] - totalplay.Common.verifyPropertyExist is PASSED

11-06-2024T18:04:08 - [TEST_STEP][PASSED] - totalplay.Common.verifyPropertyValueExist(GetMiniCart_Response, c_SellerList_name): totalplay.Common.verifyPropertyValueExist is PASSED

11-06-2024T18:04:08 - [MESSAGE][INFO] - Checking response object

11-06-2024T18:04:08 - [MESSAGE][INFO] - 5 days stay ticket

11-06-2024T18:04:08 - [MESSAGE][PASSED] - totalplay.Common.verifyPropertyValueExist is PASSED

11-06-2024T18:04:08 - [TEST_STEP][FAILED] - totalplay.Common.verifyPropertyExist(GetMiniCart_Response, c_SellerList_corporateImgURL): Test Cases/TotalPlay-Shop/TC_21_GetMiniCart FAILED.
Reason:
Assertion failed: 

assert PropertyCount>0
       |            |
       0            false

	at totalplay.Common.verifyPropertyExist(Common.groovy:40)
	at jdk.internal.reflect.GeneratedMethodAccessor7.invoke(Unknown Source)
	at java.base/jdk.internal.reflect.DelegatingMethodAccessorImpl.invoke(DelegatingMethodAccessorImpl.java:43)
	at com.kms.katalon.core.main.CustomKeywordDelegatingMetaClass.invokeStaticMethod(CustomKeywordDelegatingMetaClass.java:55)
	at TC_21_GetMiniCart.run(TC_21_GetMiniCart:128)
	at com.kms.katalon.core.main.ScriptEngine.run(ScriptEngine.java:194)
	at com.kms.katalon.core.main.ScriptEngine.runScriptAsRawText(ScriptEngine.java:119)
	at com.kms.katalon.core.main.TestCaseExecutor.runScript(TestCaseExecutor.java:448)
	at com.kms.katalon.core.main.TestCaseExecutor.doExecute(TestCaseExecutor.java:439)
	at com.kms.katalon.core.main.TestCaseExecutor.processExecutionPhase(TestCaseExecutor.java:418)
	at com.kms.katalon.core.main.TestCaseExecutor.accessMainPhase(TestCaseExecutor.java:410)
	at com.kms.katalon.core.main.TestCaseExecutor.execute(TestCaseExecutor.java:285)
	at com.kms.katalon.core.common.CommonExecutor.accessTestCaseMainPhase(CommonExecutor.java:65)
	at com.kms.katalon.core.main.TestSuiteExecutor.accessTestSuiteMainPhase(TestSuiteExecutor.java:150)
	at com.kms.katalon.core.main.TestSuiteExecutor.execute(TestSuiteExecutor.java:106)
	at com.kms.katalon.core.main.TestCaseMain.startTestSuite(TestCaseMain.java:180)
	at TempTestSuite1718109097791.run(TempTestSuite1718109097791.groovy:35)
	at java.base/jdk.internal.reflect.NativeMethodAccessorImpl.invoke0(Native Method)
	at java.base/jdk.internal.reflect.NativeMethodAccessorImpl.invoke(NativeMethodAccessorImpl.java:77)
	at java.base/jdk.internal.reflect.DelegatingMethodAccessorImpl.invoke(DelegatingMethodAccessorImpl.java:43)


11-06-2024T18:04:08 - [MESSAGE][INFO] - Checking response object

11-06-2024T18:04:08 - [MESSAGE][FAILED] - Assertion failed: 

assert PropertyCount>0
       |            |
       0            false


11-06-2024T18:04:08 - [MESSAGE][FAILED] - Test Cases/TotalPlay-Shop/TC_21_GetMiniCart FAILED.
Reason:
Assertion failed: 

assert PropertyCount>0
       |            |
       0            false

	at totalplay.Common.verifyPropertyExist(Common.groovy:40)
	at jdk.internal.reflect.GeneratedMethodAccessor7.invoke(Unknown Source)
	at java.base/jdk.internal.reflect.DelegatingMethodAccessorImpl.invoke(DelegatingMethodAccessorImpl.java:43)
	at com.kms.katalon.core.main.CustomKeywordDelegatingMetaClass.invokeStaticMethod(CustomKeywordDelegatingMetaClass.java:55)
	at TC_21_GetMiniCart.run(TC_21_GetMiniCart:128)
	at com.kms.katalon.core.main.ScriptEngine.run(ScriptEngine.java:194)
	at com.kms.katalon.core.main.ScriptEngine.runScriptAsRawText(ScriptEngine.java:119)
	at com.kms.katalon.core.main.TestCaseExecutor.runScript(TestCaseExecutor.java:448)
	at com.kms.katalon.core.main.TestCaseExecutor.doExecute(TestCaseExecutor.java:439)
	at com.kms.katalon.core.main.TestCaseExecutor.processExecutionPhase(TestCaseExecutor.java:418)
	at com.kms.katalon.core.main.TestCaseExecutor.accessMainPhase(TestCaseExecutor.java:410)
	at com.kms.katalon.core.main.TestCaseExecutor.execute(TestCaseExecutor.java:285)
	at com.kms.katalon.core.common.CommonExecutor.accessTestCaseMainPhase(CommonExecutor.java:65)
	at com.kms.katalon.core.main.TestSuiteExecutor.accessTestSuiteMainPhase(TestSuiteExecutor.java:150)
	at com.kms.katalon.core.main.TestSuiteExecutor.execute(TestSuiteExecutor.java:106)
	at com.kms.katalon.core.main.TestCaseMain.startTestSuite(TestCaseMain.java:180)
	at TempTestSuite1718109097791.run(TempTestSuite1718109097791.groovy:35)
	at java.base/jdk.internal.reflect.NativeMethodAccessorImpl.invoke0(Native Method)
	at java.base/jdk.internal.reflect.NativeMethodAccessorImpl.invoke(NativeMethodAccessorImpl.java:77)
	at java.base/jdk.internal.reflect.DelegatingMethodAccessorImpl.invoke(DelegatingMethodAccessorImpl.java:43)]]></system-out>
         <system-err><![CDATA[11-06-2024T18:04:04 - [TEST_CASE][ERROR] - Test Cases/TotalPlay-Shop/TC_21_GetMiniCart: Test Cases/TotalPlay-Shop/TC_21_GetMiniCart FAILED.
Reason:
org.codehaus.groovy.runtime.InvokerInvocationException: Assertion failed: 

assert PropertyCount>0
       |            |
       0            false

	at com.kms.katalon.core.main.CustomKeywordDelegatingMetaClass.invokeStaticMethod(CustomKeywordDelegatingMetaClass.java:55)
	at TC_21_GetMiniCart.run(TC_21_GetMiniCart:128)
	at com.kms.katalon.core.main.ScriptEngine.run(ScriptEngine.java:194)
	at com.kms.katalon.core.main.ScriptEngine.runScriptAsRawText(ScriptEngine.java:119)
	at com.kms.katalon.core.main.TestCaseExecutor.runScript(TestCaseExecutor.java:448)
	at com.kms.katalon.core.main.TestCaseExecutor.doExecute(TestCaseExecutor.java:439)
	at com.kms.katalon.core.main.TestCaseExecutor.processExecutionPhase(TestCaseExecutor.java:418)
	at com.kms.katalon.core.main.TestCaseExecutor.accessMainPhase(TestCaseExecutor.java:410)
	at com.kms.katalon.core.main.TestCaseExecutor.execute(TestCaseExecutor.java:285)
	at com.kms.katalon.core.common.CommonExecutor.accessTestCaseMainPhase(CommonExecutor.java:65)
	at com.kms.katalon.core.main.TestSuiteExecutor.accessTestSuiteMainPhase(TestSuiteExecutor.java:150)
	at com.kms.katalon.core.main.TestSuiteExecutor.execute(TestSuiteExecutor.java:106)
	at com.kms.katalon.core.main.TestCaseMain.startTestSuite(TestCaseMain.java:180)
	at TempTestSuite1718109097791.run(TempTestSuite1718109097791.groovy:35)
	at java.base/jdk.internal.reflect.NativeMethodAccessorImpl.invoke0(Native Method)
	at java.base/jdk.internal.reflect.NativeMethodAccessorImpl.invoke(NativeMethodAccessorImpl.java:77)
	at java.base/jdk.internal.reflect.DelegatingMethodAccessorImpl.invoke(DelegatingMethodAccessorImpl.java:43)
Caused by: Assertion failed: 

assert PropertyCount>0
       |            |
       0            false

	at totalplay.Common.verifyPropertyExist(Common.groovy:40)
	at jdk.internal.reflect.GeneratedMethodAccessor7.invoke(Unknown Source)
	at java.base/jdk.internal.reflect.DelegatingMethodAccessorImpl.invoke(DelegatingMethodAccessorImpl.java:43)
	... 17 more]]></system-err>
      </testcase>
      <testcase name="Test Cases/TotalPlay-Shop/TC_22_DeleteItemInCart" time="7.051" classname="Test Cases/TotalPlay-Shop/TC_22_DeleteItemInCart" status="FAILED">
         <failure type="FAILED" message="Test Cases/TotalPlay-Shop/TC_22_DeleteItemInCart FAILED.&#xa;Reason:&#xa;com.kms.katalon.core.exception.StepFailedException: Unable to get element count (Root cause: java.lang.NullPointerException: Cannot invoke method size() on null object&#xa;	at Script1.run(Script1.groovy:1)&#xa;	at com.kms.katalon.core.webservice.helper.WebServiceCommonHelper.parseAndExecuteExpressionForJson(WebServiceCommonHelper.java:212)&#xa;	at com.kms.katalon.core.webservice.keyword.builtin.GetElementsCountKeyword$_getElementsCount_closure1.doCall(GetElementsCountKeyword.groovy:41)&#xa;	at com.kms.katalon.core.webservice.keyword.builtin.GetElementsCountKeyword$_getElementsCount_closure1.call(GetElementsCountKeyword.groovy)&#xa;	at com.kms.katalon.core.keyword.internal.KeywordMain.runKeyword(KeywordMain.groovy:75)&#xa;	at com.kms.katalon.core.webservice.keyword.builtin.GetElementsCountKeyword.getElementsCount(GetElementsCountKeyword.groovy:37)&#xa;	at com.kms.katalon.core.webservice.keyword.builtin.GetElementsCountKeyword.execute(GetElementsCountKeyword.groovy:32)&#xa;	at com.kms.katalon.core.keyword.internal.KeywordExecutor.executeKeywordForPlatform(KeywordExecutor.groovy:74)&#xa;	at com.kms.katalon.core.webservice.keyword.WSBuiltInKeywords.getElementsCount(WSBuiltInKeywords.groovy:99)&#xa;	at totalplay.Common.verifyPropertyExist(Common.groovy:39)&#xa;	at jdk.internal.reflect.GeneratedMethodAccessor7.invoke(Unknown Source)&#xa;	at java.base/jdk.internal.reflect.DelegatingMethodAccessorImpl.invoke(DelegatingMethodAccessorImpl.java:43)&#xa;	at com.kms.katalon.core.main.CustomKeywordDelegatingMetaClass.invokeStaticMethod(CustomKeywordDelegatingMetaClass.java:55)&#xa;	at TC_22_DeleteItemInCart.run(TC_22_DeleteItemInCart:299)&#xa;	at com.kms.katalon.core.main.ScriptEngine.run(ScriptEngine.java:194)&#xa;	at com.kms.katalon.core.main.ScriptEngine.runScriptAsRawText(ScriptEngine.java:119)&#xa;	at com.kms.katalon.core.main.TestCaseExecutor.runScript(TestCaseExecutor.java:448)&#xa;	at com.kms.katalon.core.main.TestCaseExecutor.doExecute(TestCaseExecutor.java:439)&#xa;	at com.kms.katalon.core.main.TestCaseExecutor.processExecutionPhase(TestCaseExecutor.java:418)&#xa;	at com.kms.katalon.core.main.TestCaseExecutor.accessMainPhase(TestCaseExecutor.java:410)&#xa;	at com.kms.katalon.core.main.TestCaseExecutor.execute(TestCaseExecutor.java:285)&#xa;	at com.kms.katalon.core.common.CommonExecutor.accessTestCaseMainPhase(CommonExecutor.java:65)&#xa;	at com.kms.katalon.core.main.TestSuiteExecutor.accessTestSuiteMainPhase(TestSuiteExecutor.java:150)&#xa;	at com.kms.katalon.core.main.TestSuiteExecutor.execute(TestSuiteExecutor.java:106)&#xa;	at com.kms.katalon.core.main.TestCaseMain.startTestSuite(TestCaseMain.java:180)&#xa;	at TempTestSuite1718109097791.run(TempTestSuite1718109097791.groovy:35)&#xa;	at java.base/jdk.internal.reflect.NativeMethodAccessorImpl.invoke0(Native Method)&#xa;	at java.base/jdk.internal.reflect.NativeMethodAccessorImpl.invoke(NativeMethodAccessorImpl.java:77)&#xa;	at java.base/jdk.internal.reflect.DelegatingMethodAccessorImpl.invoke(DelegatingMethodAccessorImpl.java:43)&#xa;)&#xa;	at com.kms.katalon.core.keyword.internal.KeywordMain.stepFailed(KeywordMain.groovy:51)&#xa;	at com.kms.katalon.core.keyword.internal.KeywordMain.stepFailed(KeywordMain.groovy)&#xa;	at com.kms.katalon.core.keyword.internal.KeywordMain.runKeyword(KeywordMain.groovy:77)&#xa;	at com.kms.katalon.core.webservice.keyword.builtin.GetElementsCountKeyword.getElementsCount(GetElementsCountKeyword.groovy:37)&#xa;	at com.kms.katalon.core.webservice.keyword.builtin.GetElementsCountKeyword.execute(GetElementsCountKeyword.groovy:32)&#xa;	at com.kms.katalon.core.keyword.internal.KeywordExecutor.executeKeywordForPlatform(KeywordExecutor.groovy:74)&#xa;	at com.kms.katalon.core.webservice.keyword.WSBuiltInKeywords.getElementsCount(WSBuiltInKeywords.groovy:99)&#xa;	at totalplay.Common.verifyPropertyExist(Common.groovy:39)&#xa;	at jdk.internal.reflect.GeneratedMethodAccessor7.invoke(Unknown Source)&#xa;	at java.base/jdk.internal.reflect.DelegatingMethodAccessorImpl.invoke(DelegatingMethodAccessorImpl.java:43)&#xa;	at com.kms.katalon.core.main.CustomKeywordDelegatingMetaClass.invokeStaticMethod(CustomKeywordDelegatingMetaClass.java:55)&#xa;	at TC_22_DeleteItemInCart.run(TC_22_DeleteItemInCart:299)&#xa;	at com.kms.katalon.core.main.ScriptEngine.run(ScriptEngine.java:194)&#xa;	at com.kms.katalon.core.main.ScriptEngine.runScriptAsRawText(ScriptEngine.java:119)&#xa;	at com.kms.katalon.core.main.TestCaseExecutor.runScript(TestCaseExecutor.java:448)&#xa;	at com.kms.katalon.core.main.TestCaseExecutor.doExecute(TestCaseExecutor.java:439)&#xa;	at com.kms.katalon.core.main.TestCaseExecutor.processExecutionPhase(TestCaseExecutor.java:418)&#xa;	at com.kms.katalon.core.main.TestCaseExecutor.accessMainPhase(TestCaseExecutor.java:410)&#xa;	at com.kms.katalon.core.main.TestCaseExecutor.execute(TestCaseExecutor.java:285)&#xa;	at com.kms.katalon.core.common.CommonExecutor.accessTestCaseMainPhase(CommonExecutor.java:65)&#xa;	at com.kms.katalon.core.main.TestSuiteExecutor.accessTestSuiteMainPhase(TestSuiteExecutor.java:150)&#xa;	at com.kms.katalon.core.main.TestSuiteExecutor.execute(TestSuiteExecutor.java:106)&#xa;	at com.kms.katalon.core.main.TestCaseMain.startTestSuite(TestCaseMain.java:180)&#xa;	at TempTestSuite1718109097791.run(TempTestSuite1718109097791.groovy:35)&#xa;	at java.base/jdk.internal.reflect.NativeMethodAccessorImpl.invoke0(Native Method)&#xa;	at java.base/jdk.internal.reflect.NativeMethodAccessorImpl.invoke(NativeMethodAccessorImpl.java:77)&#xa;	at java.base/jdk.internal.reflect.DelegatingMethodAccessorImpl.invoke(DelegatingMethodAccessorImpl.java:43)&#xa;Caused by: java.lang.NullPointerException: Cannot invoke method size() on null object&#xa;	at Script1.run(Script1.groovy:1)&#xa;	at com.kms.katalon.core.webservice.helper.WebServiceCommonHelper.parseAndExecuteExpressionForJson(WebServiceCommonHelper.java:212)&#xa;	at com.kms.katalon.core.webservice.keyword.builtin.GetElementsCountKeyword$_getElementsCount_closure1.doCall(GetElementsCountKeyword.groovy:41)&#xa;	at com.kms.katalon.core.webservice.keyword.builtin.GetElementsCountKeyword$_getElementsCount_closure1.call(GetElementsCountKeyword.groovy)&#xa;	at com.kms.katalon.core.keyword.internal.KeywordMain.runKeyword(KeywordMain.groovy:75)&#xa;	... 24 more&#xa;"/>
         <system-out><![CDATA[11-06-2024T18:04:08 - [TEST_CASE][FAILED] - Test Cases/TotalPlay-Shop/TC_22_DeleteItemInCart: Test Cases/TotalPlay-Shop/TC_22_DeleteItemInCart FAILED.
Reason:
com.kms.katalon.core.exception.StepFailedException: Unable to get element count (Root cause: java.lang.NullPointerException: Cannot invoke method size() on null object
	at Script1.run(Script1.groovy:1)
	at com.kms.katalon.core.webservice.helper.WebServiceCommonHelper.parseAndExecuteExpressionForJson(WebServiceCommonHelper.java:212)
	at com.kms.katalon.core.webservice.keyword.builtin.GetElementsCountKeyword$_getElementsCount_closure1.doCall(GetElementsCountKeyword.groovy:41)
	at com.kms.katalon.core.webservice.keyword.builtin.GetElementsCountKeyword$_getElementsCount_closure1.call(GetElementsCountKeyword.groovy)
	at com.kms.katalon.core.keyword.internal.KeywordMain.runKeyword(KeywordMain.groovy:75)
	at com.kms.katalon.core.webservice.keyword.builtin.GetElementsCountKeyword.getElementsCount(GetElementsCountKeyword.groovy:37)
	at com.kms.katalon.core.webservice.keyword.builtin.GetElementsCountKeyword.execute(GetElementsCountKeyword.groovy:32)
	at com.kms.katalon.core.keyword.internal.KeywordExecutor.executeKeywordForPlatform(KeywordExecutor.groovy:74)
	at com.kms.katalon.core.webservice.keyword.WSBuiltInKeywords.getElementsCount(WSBuiltInKeywords.groovy:99)
	at totalplay.Common.verifyPropertyExist(Common.groovy:39)
	at jdk.internal.reflect.GeneratedMethodAccessor7.invoke(Unknown Source)
	at java.base/jdk.internal.reflect.DelegatingMethodAccessorImpl.invoke(DelegatingMethodAccessorImpl.java:43)
	at com.kms.katalon.core.main.CustomKeywordDelegatingMetaClass.invokeStaticMethod(CustomKeywordDelegatingMetaClass.java:55)
	at TC_22_DeleteItemInCart.run(TC_22_DeleteItemInCart:299)
	at com.kms.katalon.core.main.ScriptEngine.run(ScriptEngine.java:194)
	at com.kms.katalon.core.main.ScriptEngine.runScriptAsRawText(ScriptEngine.java:119)
	at com.kms.katalon.core.main.TestCaseExecutor.runScript(TestCaseExecutor.java:448)
	at com.kms.katalon.core.main.TestCaseExecutor.doExecute(TestCaseExecutor.java:439)
	at com.kms.katalon.core.main.TestCaseExecutor.processExecutionPhase(TestCaseExecutor.java:418)
	at com.kms.katalon.core.main.TestCaseExecutor.accessMainPhase(TestCaseExecutor.java:410)
	at com.kms.katalon.core.main.TestCaseExecutor.execute(TestCaseExecutor.java:285)
	at com.kms.katalon.core.common.CommonExecutor.accessTestCaseMainPhase(CommonExecutor.java:65)
	at com.kms.katalon.core.main.TestSuiteExecutor.accessTestSuiteMainPhase(TestSuiteExecutor.java:150)
	at com.kms.katalon.core.main.TestSuiteExecutor.execute(TestSuiteExecutor.java:106)
	at com.kms.katalon.core.main.TestCaseMain.startTestSuite(TestCaseMain.java:180)
	at TempTestSuite1718109097791.run(TempTestSuite1718109097791.groovy:35)
	at java.base/jdk.internal.reflect.NativeMethodAccessorImpl.invoke0(Native Method)
	at java.base/jdk.internal.reflect.NativeMethodAccessorImpl.invoke(NativeMethodAccessorImpl.java:77)
	at java.base/jdk.internal.reflect.DelegatingMethodAccessorImpl.invoke(DelegatingMethodAccessorImpl.java:43)
)
	at com.kms.katalon.core.keyword.internal.KeywordMain.stepFailed(KeywordMain.groovy:51)
	at com.kms.katalon.core.keyword.internal.KeywordMain.stepFailed(KeywordMain.groovy)
	at com.kms.katalon.core.keyword.internal.KeywordMain.runKeyword(KeywordMain.groovy:77)
	at com.kms.katalon.core.webservice.keyword.builtin.GetElementsCountKeyword.getElementsCount(GetElementsCountKeyword.groovy:37)
	at com.kms.katalon.core.webservice.keyword.builtin.GetElementsCountKeyword.execute(GetElementsCountKeyword.groovy:32)
	at com.kms.katalon.core.keyword.internal.KeywordExecutor.executeKeywordForPlatform(KeywordExecutor.groovy:74)
	at com.kms.katalon.core.webservice.keyword.WSBuiltInKeywords.getElementsCount(WSBuiltInKeywords.groovy:99)
	at totalplay.Common.verifyPropertyExist(Common.groovy:39)
	at jdk.internal.reflect.GeneratedMethodAccessor7.invoke(Unknown Source)
	at java.base/jdk.internal.reflect.DelegatingMethodAccessorImpl.invoke(DelegatingMethodAccessorImpl.java:43)
	at com.kms.katalon.core.main.CustomKeywordDelegatingMetaClass.invokeStaticMethod(CustomKeywordDelegatingMetaClass.java:55)
	at TC_22_DeleteItemInCart.run(TC_22_DeleteItemInCart:299)
	at com.kms.katalon.core.main.ScriptEngine.run(ScriptEngine.java:194)
	at com.kms.katalon.core.main.ScriptEngine.runScriptAsRawText(ScriptEngine.java:119)
	at com.kms.katalon.core.main.TestCaseExecutor.runScript(TestCaseExecutor.java:448)
	at com.kms.katalon.core.main.TestCaseExecutor.doExecute(TestCaseExecutor.java:439)
	at com.kms.katalon.core.main.TestCaseExecutor.processExecutionPhase(TestCaseExecutor.java:418)
	at com.kms.katalon.core.main.TestCaseExecutor.accessMainPhase(TestCaseExecutor.java:410)
	at com.kms.katalon.core.main.TestCaseExecutor.execute(TestCaseExecutor.java:285)
	at com.kms.katalon.core.common.CommonExecutor.accessTestCaseMainPhase(CommonExecutor.java:65)
	at com.kms.katalon.core.main.TestSuiteExecutor.accessTestSuiteMainPhase(TestSuiteExecutor.java:150)
	at com.kms.katalon.core.main.TestSuiteExecutor.execute(TestSuiteExecutor.java:106)
	at com.kms.katalon.core.main.TestCaseMain.startTestSuite(TestCaseMain.java:180)
	at TempTestSuite1718109097791.run(TempTestSuite1718109097791.groovy:35)
	at java.base/jdk.internal.reflect.NativeMethodAccessorImpl.invoke0(Native Method)
	at java.base/jdk.internal.reflect.NativeMethodAccessorImpl.invoke(NativeMethodAccessorImpl.java:77)
	at java.base/jdk.internal.reflect.DelegatingMethodAccessorImpl.invoke(DelegatingMethodAccessorImpl.java:43)
Caused by: java.lang.NullPointerException: Cannot invoke method size() on null object
	at Script1.run(Script1.groovy:1)
	at com.kms.katalon.core.webservice.helper.WebServiceCommonHelper.parseAndExecuteExpressionForJson(WebServiceCommonHelper.java:212)
	at com.kms.katalon.core.webservice.keyword.builtin.GetElementsCountKeyword$_getElementsCount_closure1.doCall(GetElementsCountKeyword.groovy:41)
	at com.kms.katalon.core.webservice.keyword.builtin.GetElementsCountKeyword$_getElementsCount_closure1.call(GetElementsCountKeyword.groovy)
	at com.kms.katalon.core.keyword.internal.KeywordMain.runKeyword(KeywordMain.groovy:75)
	... 24 more


11-06-2024T18:04:09 - [TEST_STEP][PASSED] - callTestCase(findTestCase("TotalPlay-Shop/TC_1_InterfaceLogin"), [:], STOP_ON_FAILURE): Call Test Case 'Test Cases/TotalPlay-Shop/TC_1_InterfaceLogin' successfully

11-06-2024T18:04:09 - [MESSAGE][INFO] - Checking called Test Case

11-06-2024T18:04:09 - [MESSAGE][INFO] - Starting to call Test Case 'Test Cases/TotalPlay-Shop/TC_1_InterfaceLogin'

11-06-2024T18:04:09 - [TEST_CASE][PASSED] - Test Cases/TotalPlay-Shop/TC_1_InterfaceLogin: Test Cases/TotalPlay-Shop/TC_1_InterfaceLogin

11-06-2024T18:04:09 - [TEST_STEP][PASSED] - LoginResponse = sendRequest(findTestObject("TotalPlay-Shop/Interface Login (SLAS)", ["URL":URL, "SITEID":SITEID])): Send request successfully

11-06-2024T18:04:09 - [MESSAGE][INFO] - Finding Test Object 'Object Repository/TotalPlay-Shop/Interface Login (SLAS)'

11-06-2024T18:04:09 - [MESSAGE][INFO] - Checking request object

11-06-2024T18:04:11 - [MESSAGE][INFO] - HAR: D:\Automation\KogniveraGithub\TotalPlay_Automation\totalplay-API\totalplay-automation\Reports\20240611_180136\Shop-Services\20240611_180137\requests\main\46.har

11-06-2024T18:04:11 - [MESSAGE][PASSED] - Send request successfully

11-06-2024T18:04:11 - [TEST_STEP][PASSED] - assert getResponseStatusCode(LoginResponse) == 200: Checking response object

11-06-2024T18:04:11 - [MESSAGE][INFO] - Checking response object

11-06-2024T18:04:11 - [TEST_STEP][PASSED] - Auth = "ocapiResponse.access_token": null

11-06-2024T18:04:11 - [TEST_STEP][PASSED] - sfccAuthorization = getElementPropertyValue(LoginResponse, Auth): Checking response object

11-06-2024T18:04:11 - [MESSAGE][INFO] - Checking response object

11-06-2024T18:04:11 - [TEST_STEP][PASSED] - logInfo(sfccAuthorization): eyJ2ZXIiOiIxLjAiLCJqa3UiOiJzbGFzL3Byb2QvYmpjbF9kZXYiLCJraWQiOiIzOWM0NGRmMy01OGI5LTQ3YWEtODNhMC05NWMwOTBiZGNkMzciLCJ0eXAiOiJqd3QiLCJjbHYiOiJKMi4zLjQiLCJhbGciOiJFUzI1NiJ9.eyJhdXQiOiJHVUlEIiwic2NwIjoic2ZjYy5zaG9wcGVyLW15YWNjb3VudC5iYXNrZXRzIHNmY2Muc2hvcHBlci1kaXNjb3Zlcnktc2VhcmNoIHNmY2Muc2hvcHBlci1teWFjY291bnQuYWRkcmVzc2VzIHNmY2Muc2hvcHBlci1wcm9kdWN0cyBzZmNjLnNob3BwZXItbXlhY2NvdW50LnJ3IHNmY2Muc2hvcHBlci1teWFjY291bnQucGF5bWVudGluc3RydW1lbnRzIHNmY2Muc2hvcHBlci1jdXN0b21lcnMubG9naW4gc2ZjYy5zaG9wcGVyLXN0b3JlcyBzZmNjLnNob3BwZXItbXlhY2NvdW50Lm9yZGVycyBzZmNjLnNob3BwZXItYmFza2V0cy1vcmRlcnMgc2ZjYy5zaG9wcGVyLWN1c3RvbWVycy5yZWdpc3RlciBzZmNjLnNob3BwZXItbXlhY2NvdW50LmFkZHJlc3Nlcy5ydyBzZmNjLnNob3BwZXItbXlhY2NvdW50LnByb2R1Y3RsaXN0cy5ydyBzZmNjLnNob3BwZXItcHJvZHVjdGxpc3RzIHNmY2Muc2hvcHBlci1wcm9tb3Rpb25zIHNmY2Muc2hvcHBlci1iYXNrZXRzLW9yZGVycy5ydyBzZmNjLnNob3BwZXItZ2lmdC1jZXJ0aWZpY2F0ZXMgc2ZjYy5zaG9wcGVyLW15YWNjb3VudC5wYXltZW50aW5zdHJ1bWVudHMucncgc2ZjYy5zaG9wcGVyLXByb2R1Y3Qtc2VhcmNoIHNmY2Muc2hvcHBlci1teWFjY291bnQucHJvZHVjdGxpc3RzIHNmY2Muc2hvcHBlci1jYXRlZ29yaWVzIHNmY2Muc2hvcHBlci1teWFjY291bnQiLCJzdWIiOiJjYy1zbGFzOjpiamNsX2Rldjo6c2NpZDo1ZDI1ZjVmYS01YTRmLTQ2YjUtYTIxMS04NzU1NDJjODVhYzE6OnVzaWQ6NWE0ZWMwZjMtNTc5My00ZTk5LWE4M2MtMWJlNmZmYTMzMTI3IiwiY3R4Ijoic2xhcyIsImlzcyI6InNsYXMvcHJvZC9iamNsX2RldiIsImlzdCI6MSwiZG50IjoiMCIsImF1ZCI6ImNvbW1lcmNlY2xvdWQvcHJvZC9iamNsX2RldiIsIm5iZiI6MTcxODEwOTIyMSwic3R5IjoiVXNlciIsImlzYiI6InVpZG86ZWNvbTo6dXBuOnFhLnRvdGFscGxheSswMTAwOTg3MTA1QGdtYWlsLmNvbTo6dWlkbjpSaWNhcmRvICBDb3JvbmEgQ3J1ejo6Z2NpZDphYmx1Y1l4dWtVeEhrUmxyQTNrV1lZeHJJMzo6cmNpZDphY25SYldxdWpIQ3BnOW9xNlYyaGt1VGFTVzo6Y2hpZDpUUC1TSE9QIiwiZXhwIjoxNzE4MTExMDUxLCJpYXQiOjE3MTgxMDkyNTEsImp0aSI6IkMyQy0xMzExNTYzNTcwMTc4NzUxMTg1MDI5MDI4MzEzNzcxMjc3MzIifQ.0YNhTd66TKQPd3yo52jqmlwuiDdSsft_p1XVdZ8FMcVoc8VGsnHiXGGx4H2Bw3hGdU10Ca-D990gY6GfTHsOdA

11-06-2024T18:04:11 - [MESSAGE][INFO] - eyJ2ZXIiOiIxLjAiLCJqa3UiOiJzbGFzL3Byb2QvYmpjbF9kZXYiLCJraWQiOiIzOWM0NGRmMy01OGI5LTQ3YWEtODNhMC05NWMwOTBiZGNkMzciLCJ0eXAiOiJqd3QiLCJjbHYiOiJKMi4zLjQiLCJhbGciOiJFUzI1NiJ9.eyJhdXQiOiJHVUlEIiwic2NwIjoic2ZjYy5zaG9wcGVyLW15YWNjb3VudC5iYXNrZXRzIHNmY2Muc2hvcHBlci1kaXNjb3Zlcnktc2VhcmNoIHNmY2Muc2hvcHBlci1teWFjY291bnQuYWRkcmVzc2VzIHNmY2Muc2hvcHBlci1wcm9kdWN0cyBzZmNjLnNob3BwZXItbXlhY2NvdW50LnJ3IHNmY2Muc2hvcHBlci1teWFjY291bnQucGF5bWVudGluc3RydW1lbnRzIHNmY2Muc2hvcHBlci1jdXN0b21lcnMubG9naW4gc2ZjYy5zaG9wcGVyLXN0b3JlcyBzZmNjLnNob3BwZXItbXlhY2NvdW50Lm9yZGVycyBzZmNjLnNob3BwZXItYmFza2V0cy1vcmRlcnMgc2ZjYy5zaG9wcGVyLWN1c3RvbWVycy5yZWdpc3RlciBzZmNjLnNob3BwZXItbXlhY2NvdW50LmFkZHJlc3Nlcy5ydyBzZmNjLnNob3BwZXItbXlhY2NvdW50LnByb2R1Y3RsaXN0cy5ydyBzZmNjLnNob3BwZXItcHJvZHVjdGxpc3RzIHNmY2Muc2hvcHBlci1wcm9tb3Rpb25zIHNmY2Muc2hvcHBlci1iYXNrZXRzLW9yZGVycy5ydyBzZmNjLnNob3BwZXItZ2lmdC1jZXJ0aWZpY2F0ZXMgc2ZjYy5zaG9wcGVyLW15YWNjb3VudC5wYXltZW50aW5zdHJ1bWVudHMucncgc2ZjYy5zaG9wcGVyLXByb2R1Y3Qtc2VhcmNoIHNmY2Muc2hvcHBlci1teWFjY291bnQucHJvZHVjdGxpc3RzIHNmY2Muc2hvcHBlci1jYXRlZ29yaWVzIHNmY2Muc2hvcHBlci1teWFjY291bnQiLCJzdWIiOiJjYy1zbGFzOjpiamNsX2Rldjo6c2NpZDo1ZDI1ZjVmYS01YTRmLTQ2YjUtYTIxMS04NzU1NDJjODVhYzE6OnVzaWQ6NWE0ZWMwZjMtNTc5My00ZTk5LWE4M2MtMWJlNmZmYTMzMTI3IiwiY3R4Ijoic2xhcyIsImlzcyI6InNsYXMvcHJvZC9iamNsX2RldiIsImlzdCI6MSwiZG50IjoiMCIsImF1ZCI6ImNvbW1lcmNlY2xvdWQvcHJvZC9iamNsX2RldiIsIm5iZiI6MTcxODEwOTIyMSwic3R5IjoiVXNlciIsImlzYiI6InVpZG86ZWNvbTo6dXBuOnFhLnRvdGFscGxheSswMTAwOTg3MTA1QGdtYWlsLmNvbTo6dWlkbjpSaWNhcmRvICBDb3JvbmEgQ3J1ejo6Z2NpZDphYmx1Y1l4dWtVeEhrUmxyQTNrV1lZeHJJMzo6cmNpZDphY25SYldxdWpIQ3BnOW9xNlYyaGt1VGFTVzo6Y2hpZDpUUC1TSE9QIiwiZXhwIjoxNzE4MTExMDUxLCJpYXQiOjE3MTgxMDkyNTEsImp0aSI6IkMyQy0xMzExNTYzNTcwMTc4NzUxMTg1MDI5MDI4MzEzNzcxMjc3MzIifQ.0YNhTd66TKQPd3yo52jqmlwuiDdSsft_p1XVdZ8FMcVoc8VGsnHiXGGx4H2Bw3hGdU10Ca-D990gY6GfTHsOdA

11-06-2024T18:04:11 - [TEST_STEP][PASSED] - Authorization = "Bearer " + sfccAuthorization: null

11-06-2024T18:04:11 - [TEST_STEP][PASSED] - logInfo(bm_auth_token): 

11-06-2024T18:04:11 - [MESSAGE][INFO] - 

11-06-2024T18:04:11 - [TEST_STEP][PASSED] - if (sfccAuthorization.length() == 0): null

11-06-2024T18:04:11 - [TEST_STEP][PASSED] - else: authorization generated

11-06-2024T18:04:11 - [TEST_STEP][PASSED] - markPassed("authorization generated"): authorization generated

11-06-2024T18:04:11 - [MESSAGE][PASSED] - authorization generated

11-06-2024T18:04:11 - [TEST_STEP][PASSED] - BasketId_loginResponse = "ocapiResponse.c_basketId": null

11-06-2024T18:04:11 - [TEST_STEP][PASSED] - CustomerId_loginResponse = "ocapiResponse.customer_id": null

11-06-2024T18:04:11 - [TEST_STEP][PASSED] - basketId = getElementPropertyValue(LoginResponse, BasketId_loginResponse): Checking response object

11-06-2024T18:04:11 - [MESSAGE][INFO] - Checking response object

11-06-2024T18:04:11 - [TEST_STEP][PASSED] - customerId = getElementPropertyValue(LoginResponse, CustomerId_loginResponse): Checking response object

11-06-2024T18:04:11 - [MESSAGE][INFO] - Checking response object

11-06-2024T18:04:11 - [TEST_STEP][PASSED] - basketID = basketId: null

11-06-2024T18:04:11 - [TEST_STEP][PASSED] - sla_customerId = customerId: null

11-06-2024T18:04:11 - [TEST_STEP][PASSED] - println(basketID): null

11-06-2024T18:04:11 - [TEST_STEP][PASSED] - println(sla_customerId): null

11-06-2024T18:04:11 - [TEST_STEP][PASSED] - refresh_token = "ocapiResponse.refresh_token": null

11-06-2024T18:04:11 - [TEST_STEP][PASSED] - customer_email = "ocapiResponse.customer_email": null

11-06-2024T18:04:11 - [TEST_STEP][PASSED] - c_brmId = "ocapiResponse.c_brmId": null

11-06-2024T18:04:11 - [TEST_STEP][PASSED] - customer_name = "ocapiResponse.customer_name": null

11-06-2024T18:04:11 - [TEST_STEP][PASSED] - totalplay.Common.verifyPropertyExist(LoginResponse, refresh_token): totalplay.Common.verifyPropertyExist is PASSED

11-06-2024T18:04:11 - [MESSAGE][INFO] - Checking response object

11-06-2024T18:04:11 - [MESSAGE][PASSED] - totalplay.Common.verifyPropertyExist is PASSED

11-06-2024T18:04:11 - [TEST_STEP][PASSED] - totalplay.Common.verifyPropertyValueExist(LoginResponse, refresh_token): totalplay.Common.verifyPropertyValueExist is PASSED

11-06-2024T18:04:11 - [MESSAGE][INFO] - Checking response object

11-06-2024T18:04:11 - [MESSAGE][INFO] - 499DKVCKWGTwQc45TZTi3S6mRo8-yjjPIfwBju8pRdQ

11-06-2024T18:04:11 - [MESSAGE][PASSED] - totalplay.Common.verifyPropertyValueExist is PASSED

11-06-2024T18:04:11 - [TEST_STEP][PASSED] - totalplay.Common.verifyPropertyExist(LoginResponse, customer_email): totalplay.Common.verifyPropertyExist is PASSED

11-06-2024T18:04:11 - [MESSAGE][INFO] - Checking response object

11-06-2024T18:04:11 - [MESSAGE][PASSED] - totalplay.Common.verifyPropertyExist is PASSED

11-06-2024T18:04:11 - [TEST_STEP][PASSED] - totalplay.Common.verifyPropertyValueExist(LoginResponse, customer_email): totalplay.Common.verifyPropertyValueExist is PASSED

11-06-2024T18:04:11 - [MESSAGE][INFO] - Checking response object

11-06-2024T18:04:11 - [MESSAGE][INFO] - qa.totalplay@gmail.com

11-06-2024T18:04:11 - [MESSAGE][PASSED] - totalplay.Common.verifyPropertyValueExist is PASSED

11-06-2024T18:04:11 - [TEST_STEP][PASSED] - totalplay.Common.verifyPropertyExist(LoginResponse, customer_name): totalplay.Common.verifyPropertyExist is PASSED

11-06-2024T18:04:11 - [MESSAGE][INFO] - Checking response object

11-06-2024T18:04:11 - [MESSAGE][PASSED] - totalplay.Common.verifyPropertyExist is PASSED

11-06-2024T18:04:11 - [TEST_STEP][PASSED] - totalplay.Common.verifyPropertyValueExist(LoginResponse, customer_name): totalplay.Common.verifyPropertyValueExist is PASSED

11-06-2024T18:04:11 - [MESSAGE][INFO] - Checking response object

11-06-2024T18:04:11 - [MESSAGE][INFO] - Ricardo  Corona Cruz

11-06-2024T18:04:11 - [MESSAGE][PASSED] - totalplay.Common.verifyPropertyValueExist is PASSED

11-06-2024T18:04:11 - [TEST_STEP][PASSED] - totalplay.Common.verifyPropertyExist(LoginResponse, c_brmId): totalplay.Common.verifyPropertyExist is PASSED

11-06-2024T18:04:11 - [MESSAGE][INFO] - Checking response object

11-06-2024T18:04:11 - [MESSAGE][PASSED] - totalplay.Common.verifyPropertyExist is PASSED

11-06-2024T18:04:11 - [TEST_STEP][PASSED] - totalplay.Common.verifyPropertyValueExist(LoginResponse, c_brmId): totalplay.Common.verifyPropertyValueExist is PASSED

11-06-2024T18:04:11 - [MESSAGE][INFO] - Checking response object

11-06-2024T18:04:11 - [MESSAGE][INFO] - 0100987105

11-06-2024T18:04:11 - [MESSAGE][PASSED] - totalplay.Common.verifyPropertyValueExist is PASSED

11-06-2024T18:04:11 - [MESSAGE][PASSED] - Call Test Case 'Test Cases/TotalPlay-Shop/TC_1_InterfaceLogin' successfully

11-06-2024T18:04:11 - [TEST_STEP][PASSED] - AddToCart = sendRequest(findTestObject("TotalPlay-Shop/Postman/Cart/AddProductToBasket", ["URL":URL, "SITEID":SITEID, "basketID":basketID])): Send request successfully

11-06-2024T18:04:11 - [MESSAGE][INFO] - Finding Test Object 'Object Repository/TotalPlay-Shop/Postman/Cart/AddProductToBasket'

11-06-2024T18:04:11 - [MESSAGE][INFO] - Checking request object

11-06-2024T18:04:12 - [MESSAGE][INFO] - HAR: D:\Automation\KogniveraGithub\TotalPlay_Automation\totalplay-API\totalplay-automation\Reports\20240611_180136\Shop-Services\20240611_180137\requests\main\47.har

11-06-2024T18:04:12 - [MESSAGE][PASSED] - Send request successfully

11-06-2024T18:04:12 - [TEST_STEP][PASSED] - GetBasket = sendRequest(findTestObject("TotalPlay-Shop/Postman/Cart/Get Basket", ["URL":URL, "SITEID":SITEID, "basketID":basketID])): Send request successfully

11-06-2024T18:04:12 - [MESSAGE][INFO] - Finding Test Object 'Object Repository/TotalPlay-Shop/Postman/Cart/Get Basket'

11-06-2024T18:04:12 - [MESSAGE][INFO] - Checking request object

11-06-2024T18:04:12 - [MESSAGE][INFO] - HAR: D:\Automation\KogniveraGithub\TotalPlay_Automation\totalplay-API\totalplay-automation\Reports\20240611_180136\Shop-Services\20240611_180137\requests\main\48.har

11-06-2024T18:04:12 - [MESSAGE][PASSED] - Send request successfully

11-06-2024T18:04:12 - [TEST_STEP][PASSED] - item_id = "product_items[0].item_id": null

11-06-2024T18:04:12 - [TEST_STEP][PASSED] - Item_id = getElementPropertyValue(GetBasket, item_id): Checking response object

11-06-2024T18:04:12 - [MESSAGE][INFO] - Checking response object

11-06-2024T18:04:12 - [TEST_STEP][PASSED] - logInfo(Item_id): b2dd9d50fa17dde38a872bb825

11-06-2024T18:04:12 - [MESSAGE][INFO] - b2dd9d50fa17dde38a872bb825

11-06-2024T18:04:12 - [TEST_STEP][PASSED] - Item_id = Item_id: null

11-06-2024T18:04:12 - [TEST_STEP][PASSED] - DeleteItem_Response = sendRequest(findTestObject("TotalPlay-Shop/Postman/Cart/Delete item from Basket", ["URL":URL, "SITEID":SITEID, "basketID":basketID, "Item_id":Item_id])): Send request successfully

11-06-2024T18:04:12 - [MESSAGE][INFO] - Finding Test Object 'Object Repository/TotalPlay-Shop/Postman/Cart/Delete item from Basket'

11-06-2024T18:04:13 - [MESSAGE][INFO] - Checking request object

11-06-2024T18:04:13 - [MESSAGE][INFO] - HAR: D:\Automation\KogniveraGithub\TotalPlay_Automation\totalplay-API\totalplay-automation\Reports\20240611_180136\Shop-Services\20240611_180137\requests\main\49.har

11-06-2024T18:04:13 - [MESSAGE][PASSED] - Send request successfully

11-06-2024T18:04:13 - [TEST_STEP][PASSED] - verifyResponseStatusCode(DeleteItem_Response, 200): Verify response status code successfully

11-06-2024T18:04:13 - [MESSAGE][INFO] - Checking response object

11-06-2024T18:04:13 - [MESSAGE][PASSED] - Verify response status code successfully

11-06-2024T18:04:13 - [TEST_STEP][PASSED] - agent_basket = "agent_basket": null

11-06-2024T18:04:13 - [TEST_STEP][PASSED] - basket_id = "basket_id": null

11-06-2024T18:04:13 - [TEST_STEP][PASSED] - channel_type = "channel_type": null

11-06-2024T18:04:13 - [TEST_STEP][PASSED] - creation_date = "creation_date": null

11-06-2024T18:04:13 - [TEST_STEP][PASSED] - currency = "currency": null

11-06-2024T18:04:13 - [TEST_STEP][PASSED] - customer_id = "customer_info.customer_id": null

11-06-2024T18:04:13 - [TEST_STEP][PASSED] - customer_no = "customer_info.customer_no": null

11-06-2024T18:04:13 - [TEST_STEP][PASSED] - email = "customer_info.email": null

11-06-2024T18:04:13 - [TEST_STEP][PASSED] - last_modified = "last_modified": null

11-06-2024T18:04:13 - [TEST_STEP][PASSED] - link = "notes.link": null

11-06-2024T18:04:13 - [TEST_STEP][PASSED] - order_total = "order_total": null

11-06-2024T18:04:13 - [TEST_STEP][PASSED] - base_price = "product_items[0].base_price": null

11-06-2024T18:04:13 - [TEST_STEP][PASSED] - bonus_product_line_item = "product_items[0].bonus_product_line_item": null

11-06-2024T18:04:13 - [TEST_STEP][PASSED] - gift = "product_items[0].gift": null

11-06-2024T18:04:13 - [TEST_STEP][PASSED] - inventory_id = "product_items[0].inventory_id": null

11-06-2024T18:04:13 - [TEST_STEP][PASSED] - item_id = "product_items[0].item_id": null

11-06-2024T18:04:13 - [TEST_STEP][PASSED] - item_text = "product_items[0].item_text": null

11-06-2024T18:04:13 - [TEST_STEP][PASSED] - price = "product_items[0].price": null

11-06-2024T18:04:13 - [TEST_STEP][PASSED] - price_after_item_discount = "product_items[0].price_after_item_discount": null

11-06-2024T18:04:13 - [TEST_STEP][PASSED] - price_after_order_discount = "product_items[0].price_after_order_discount": null

11-06-2024T18:04:13 - [TEST_STEP][PASSED] - product_id = "product_items[0].product_id": null

11-06-2024T18:04:13 - [TEST_STEP][PASSED] - product_name = "product_items[0].product_name": null

11-06-2024T18:04:13 - [TEST_STEP][PASSED] - quantity = "product_items[0].quantity": null

11-06-2024T18:04:13 - [TEST_STEP][PASSED] - shipment_id = "product_items[0].shipment_id": null

11-06-2024T18:04:13 - [TEST_STEP][PASSED] - tax_basis = "product_items[0].tax_basis": null

11-06-2024T18:04:13 - [TEST_STEP][PASSED] - tax_class_id = "product_items[0].tax_class_id": null

11-06-2024T18:04:13 - [TEST_STEP][PASSED] - c_fromStoreId = "product_items[0].c_fromStoreId": null

11-06-2024T18:04:13 - [TEST_STEP][PASSED] - c_miraklLeadTimeToShip = "c_miraklLeadTimeToShip": null

11-06-2024T18:04:13 - [TEST_STEP][PASSED] - c_isOnDemandStoreItem = "product_items[0].c_isOnDemandStoreItem": null

11-06-2024T18:04:13 - [TEST_STEP][PASSED] - c_miraklOperatorProductId = "product_items[0].c_miraklOperatorProductId": null

11-06-2024T18:04:13 - [TEST_STEP][PASSED] - c_offerId = "product_items[0].c_offerId": null

11-06-2024T18:04:13 - [TEST_STEP][PASSED] - c_offerListPrice = "product_items[0].c_offerListPrice": null

11-06-2024T18:04:13 - [TEST_STEP][PASSED] - c_offerSalesPrice = "product_items[0].c_offerSalesPrice": null

11-06-2024T18:04:13 - [TEST_STEP][PASSED] - c_offerState = "product_items[0].c_offerState": null

11-06-2024T18:04:13 - [TEST_STEP][PASSED] - c_offerStateCode = "product_items[0].c_offerStateCode": null

11-06-2024T18:04:13 - [TEST_STEP][PASSED] - alt = "product_items[0].c_productImage[0].alt": null

11-06-2024T18:04:13 - [TEST_STEP][PASSED] - url = "product_items[0].c_productImage[0].url": null

11-06-2024T18:04:13 - [TEST_STEP][PASSED] - title = "product_items[0].c_productImage[0].title": null

11-06-2024T18:04:13 - [TEST_STEP][PASSED] - c_shopId = "product_items[0].c_shopId": null

11-06-2024T18:04:13 - [TEST_STEP][PASSED] - c_shopName = "product_items[0].c_shopName": null

11-06-2024T18:04:13 - [TEST_STEP][PASSED] - c_availableQty = "product_items[0].c_availableQty": null

11-06-2024T18:04:13 - [TEST_STEP][PASSED] - product_sub_total = "product_sub_total": null

11-06-2024T18:04:13 - [TEST_STEP][PASSED] - product_total = "product_total": null

11-06-2024T18:04:13 - [TEST_STEP][PASSED] - shipment_id = "shipments[0].shipment_id": null

11-06-2024T18:04:13 - [TEST_STEP][PASSED] - shipment_total = "shipments[0].shipment_total": null

11-06-2024T18:04:13 - [TEST_STEP][PASSED] - shipping_method_type = "shipments[0].shipping_method._type": null

11-06-2024T18:04:13 - [TEST_STEP][PASSED] - shipping_method_id = "shipments[0].shipping_method.id": null

11-06-2024T18:04:13 - [TEST_STEP][PASSED] - shipping_method_name = "shipments[0].shipping_method.name": null

11-06-2024T18:04:13 - [TEST_STEP][PASSED] - c_storePickupEnabled = "shipments[0].shipping_method.c_storePickupEnabled": null

11-06-2024T18:04:13 - [TEST_STEP][PASSED] - shipping_status = "shipments[0].shipping_status": null

11-06-2024T18:04:13 - [TEST_STEP][PASSED] - shipping_total = "shipments[0].shipping_total": null

11-06-2024T18:04:13 - [TEST_STEP][PASSED] - shipping_total_tax = "shipments[0].shipping_total_tax": null

11-06-2024T18:04:13 - [TEST_STEP][PASSED] - shipping_items_item_id = "shipping_items[0].item_id": null

11-06-2024T18:04:13 - [TEST_STEP][PASSED] - shipping_items_item_text = "shipping_items[0].item_text": null

11-06-2024T18:04:13 - [TEST_STEP][PASSED] - c_corporateImgUrl = "c_corporateImgUrl": null

11-06-2024T18:04:13 - [TEST_STEP][PASSED] - c_currentCorporate = "c_currentCorporate": null

11-06-2024T18:04:13 - [TEST_STEP][PASSED] - c_currentMultiStoreID = "c_currentMultiStoreID": null

11-06-2024T18:04:13 - [TEST_STEP][PASSED] - c_isLock = "c_isLock": null

11-06-2024T18:04:13 - [TEST_STEP][PASSED] - c_lockTime = "c_lockTime": null

11-06-2024T18:04:13 - [TEST_STEP][PASSED] - c_isMiraklOrder = "c_isMiraklOrder": null

11-06-2024T18:04:13 - [TEST_STEP][PASSED] - c_miraklShippingZoneCode = "c_miraklShippingZoneCode": null

11-06-2024T18:04:13 - [TEST_STEP][PASSED] - c_multiStoreEDD = "c_multiStoreEDD": null

11-06-2024T18:04:13 - [TEST_STEP][PASSED] - c_seller_id = "c_seller_id": null

11-06-2024T18:04:13 - [TEST_STEP][PASSED] - c_savingsTotal = "c_savingsTotal": null

11-06-2024T18:04:13 - [TEST_STEP][PASSED] - c_SellerList_name = "c_SellerList[0].name": null

11-06-2024T18:04:13 - [TEST_STEP][PASSED] - c_SellerList_corporateImgURL = "c_SellerList[0].corporateImgURL": null

11-06-2024T18:04:13 - [TEST_STEP][PASSED] - c_SellerList_productsCount = "c_SellerList[0].productsCount": null

11-06-2024T18:04:13 - [TEST_STEP][PASSED] - c_SellerList_productID = "c_SellerList[0].cartItems[0].productID": null

11-06-2024T18:04:13 - [TEST_STEP][PASSED] - c_SellerList_sellerId = "c_SellerList[0].cartItems[0].sellerId": null

11-06-2024T18:04:13 - [TEST_STEP][PASSED] - c_SellerList_isOnDemandStoreItem = "c_SellerList[0].cartItems[0].isOnDemandStoreItem": null

11-06-2024T18:04:13 - [TEST_STEP][PASSED] - c_SellerList_alt = "c_SellerList[0].cartItems[0].productImage[0].alt": null

11-06-2024T18:04:13 - [TEST_STEP][PASSED] - c_SellerList_url = "c_SellerList[0].cartItems[0].productImage[0].url": null

11-06-2024T18:04:13 - [TEST_STEP][PASSED] - c_SellerList_title = "c_SellerList[0].cartItems[0].productImage[0].title": null

11-06-2024T18:04:13 - [TEST_STEP][PASSED] - c_SellerList_quantity = "c_SellerList[0].cartItems[0].quantity": null

11-06-2024T18:04:13 - [TEST_STEP][PASSED] - c_SellerList_name1 = "c_SellerList[0].cartItems[0].name": null

11-06-2024T18:04:13 - [TEST_STEP][PASSED] - totalplay.Common.getBooleanValueofObject(DeleteItem_Response, agent_basket): totalplay.Common.getBooleanValueofObject is PASSED

11-06-2024T18:04:13 - [MESSAGE][INFO] - Checking response object

11-06-2024T18:04:13 - [MESSAGE][PASSED] - totalplay.Common.getBooleanValueofObject is PASSED

11-06-2024T18:04:13 - [TEST_STEP][PASSED] - totalplay.Common.verifyPropertyExist(DeleteItem_Response, basket_id): totalplay.Common.verifyPropertyExist is PASSED

11-06-2024T18:04:13 - [MESSAGE][INFO] - Checking response object

11-06-2024T18:04:13 - [MESSAGE][PASSED] - totalplay.Common.verifyPropertyExist is PASSED

11-06-2024T18:04:13 - [TEST_STEP][PASSED] - totalplay.Common.verifyPropertyValueExist(DeleteItem_Response, basket_id): totalplay.Common.verifyPropertyValueExist is PASSED

11-06-2024T18:04:13 - [MESSAGE][INFO] - Checking response object

11-06-2024T18:04:13 - [MESSAGE][INFO] - cb07b36e4ccfac89074d4fb1ff

11-06-2024T18:04:13 - [MESSAGE][PASSED] - totalplay.Common.verifyPropertyValueExist is PASSED

11-06-2024T18:04:13 - [TEST_STEP][PASSED] - totalplay.Common.verifyPropertyExist(DeleteItem_Response, channel_type): totalplay.Common.verifyPropertyExist is PASSED

11-06-2024T18:04:13 - [MESSAGE][INFO] - Checking response object

11-06-2024T18:04:13 - [MESSAGE][PASSED] - totalplay.Common.verifyPropertyExist is PASSED

11-06-2024T18:04:13 - [TEST_STEP][PASSED] - totalplay.Common.verifyPropertyValueExist(DeleteItem_Response, channel_type): totalplay.Common.verifyPropertyValueExist is PASSED

11-06-2024T18:04:13 - [MESSAGE][INFO] - Checking response object

11-06-2024T18:04:13 - [MESSAGE][INFO] - storefront

11-06-2024T18:04:13 - [MESSAGE][PASSED] - totalplay.Common.verifyPropertyValueExist is PASSED

11-06-2024T18:04:13 - [TEST_STEP][PASSED] - totalplay.Common.verifyPropertyExist(DeleteItem_Response, creation_date): totalplay.Common.verifyPropertyExist is PASSED

11-06-2024T18:04:13 - [MESSAGE][INFO] - Checking response object

11-06-2024T18:04:13 - [MESSAGE][PASSED] - totalplay.Common.verifyPropertyExist is PASSED

11-06-2024T18:04:13 - [TEST_STEP][PASSED] - totalplay.Common.verifyPropertyValueExist(DeleteItem_Response, creation_date): totalplay.Common.verifyPropertyValueExist is PASSED

11-06-2024T18:04:13 - [MESSAGE][INFO] - Checking response object

11-06-2024T18:04:13 - [MESSAGE][INFO] - 2024-06-10T08:58:09.765Z

11-06-2024T18:04:13 - [MESSAGE][PASSED] - totalplay.Common.verifyPropertyValueExist is PASSED

11-06-2024T18:04:13 - [TEST_STEP][PASSED] - totalplay.Common.verifyPropertyExist(DeleteItem_Response, currency): totalplay.Common.verifyPropertyExist is PASSED

11-06-2024T18:04:13 - [MESSAGE][INFO] - Checking response object

11-06-2024T18:04:13 - [MESSAGE][PASSED] - totalplay.Common.verifyPropertyExist is PASSED

11-06-2024T18:04:13 - [TEST_STEP][PASSED] - totalplay.Common.verifyPropertyValueExist(DeleteItem_Response, currency): totalplay.Common.verifyPropertyValueExist is PASSED

11-06-2024T18:04:13 - [MESSAGE][INFO] - Checking response object

11-06-2024T18:04:13 - [MESSAGE][INFO] - MXN

11-06-2024T18:04:13 - [MESSAGE][PASSED] - totalplay.Common.verifyPropertyValueExist is PASSED

11-06-2024T18:04:13 - [TEST_STEP][PASSED] - totalplay.Common.verifyPropertyExist(DeleteItem_Response, customer_id): totalplay.Common.verifyPropertyExist is PASSED

11-06-2024T18:04:13 - [MESSAGE][INFO] - Checking response object

11-06-2024T18:04:13 - [MESSAGE][PASSED] - totalplay.Common.verifyPropertyExist is PASSED

11-06-2024T18:04:13 - [TEST_STEP][PASSED] - totalplay.Common.verifyPropertyValueExist(DeleteItem_Response, customer_id): totalplay.Common.verifyPropertyValueExist is PASSED

11-06-2024T18:04:13 - [MESSAGE][INFO] - Checking response object

11-06-2024T18:04:13 - [MESSAGE][INFO] - acnRbWqujHCpg9oq6V2hkuTaSW

11-06-2024T18:04:13 - [MESSAGE][PASSED] - totalplay.Common.verifyPropertyValueExist is PASSED

11-06-2024T18:04:13 - [TEST_STEP][PASSED] - totalplay.Common.verifyPropertyExist(DeleteItem_Response, customer_no): totalplay.Common.verifyPropertyExist is PASSED

11-06-2024T18:04:13 - [MESSAGE][INFO] - Checking response object

11-06-2024T18:04:13 - [MESSAGE][PASSED] - totalplay.Common.verifyPropertyExist is PASSED

11-06-2024T18:04:13 - [TEST_STEP][PASSED] - totalplay.Common.verifyPropertyValueExist(DeleteItem_Response, customer_no): totalplay.Common.verifyPropertyValueExist is PASSED

11-06-2024T18:04:13 - [MESSAGE][INFO] - Checking response object

11-06-2024T18:04:13 - [MESSAGE][INFO] - 00011507

11-06-2024T18:04:13 - [MESSAGE][PASSED] - totalplay.Common.verifyPropertyValueExist is PASSED

11-06-2024T18:04:13 - [TEST_STEP][PASSED] - totalplay.Common.verifyPropertyExist(DeleteItem_Response, email): totalplay.Common.verifyPropertyExist is PASSED

11-06-2024T18:04:13 - [MESSAGE][INFO] - Checking response object

11-06-2024T18:04:13 - [MESSAGE][PASSED] - totalplay.Common.verifyPropertyExist is PASSED

11-06-2024T18:04:13 - [TEST_STEP][PASSED] - totalplay.Common.verifyPropertyValueExist(DeleteItem_Response, email): totalplay.Common.verifyPropertyValueExist is PASSED

11-06-2024T18:04:13 - [MESSAGE][INFO] - Checking response object

11-06-2024T18:04:13 - [MESSAGE][INFO] - qa.totalplay@gmail.com

11-06-2024T18:04:13 - [MESSAGE][PASSED] - totalplay.Common.verifyPropertyValueExist is PASSED

11-06-2024T18:04:13 - [TEST_STEP][PASSED] - totalplay.Common.verifyPropertyExist(DeleteItem_Response, last_modified): totalplay.Common.verifyPropertyExist is PASSED

11-06-2024T18:04:13 - [MESSAGE][INFO] - Checking response object

11-06-2024T18:04:13 - [MESSAGE][PASSED] - totalplay.Common.verifyPropertyExist is PASSED

11-06-2024T18:04:13 - [TEST_STEP][PASSED] - totalplay.Common.verifyPropertyValueExist(DeleteItem_Response, last_modified): totalplay.Common.verifyPropertyValueExist is PASSED

11-06-2024T18:04:13 - [MESSAGE][INFO] - Checking response object

11-06-2024T18:04:13 - [MESSAGE][INFO] - 2024-06-11T12:34:13.232Z

11-06-2024T18:04:13 - [MESSAGE][PASSED] - totalplay.Common.verifyPropertyValueExist is PASSED

11-06-2024T18:04:13 - [TEST_STEP][PASSED] - totalplay.Common.verifyPropertyExist(DeleteItem_Response, link): totalplay.Common.verifyPropertyExist is PASSED

11-06-2024T18:04:13 - [MESSAGE][INFO] - Checking response object

11-06-2024T18:04:13 - [MESSAGE][PASSED] - totalplay.Common.verifyPropertyExist is PASSED

11-06-2024T18:04:13 - [TEST_STEP][PASSED] - totalplay.Common.verifyPropertyValueExist(DeleteItem_Response, link): totalplay.Common.verifyPropertyValueExist is PASSED

11-06-2024T18:04:13 - [MESSAGE][INFO] - Checking response object

11-06-2024T18:04:14 - [MESSAGE][INFO] - https://salesforceqa.sistemastp.com.mx/s/TP-SHOP/dw/shop/v23_1/baskets/cb07b36e4ccfac89074d4fb1ff/notes

11-06-2024T18:04:14 - [MESSAGE][PASSED] - totalplay.Common.verifyPropertyValueExist is PASSED

11-06-2024T18:04:14 - [TEST_STEP][PASSED] - totalplay.Common.getDecimalValueofObject(DeleteItem_Response, order_total): totalplay.Common.getDecimalValueofObject is PASSED

11-06-2024T18:04:14 - [MESSAGE][INFO] - Checking response object

11-06-2024T18:04:14 - [MESSAGE][PASSED] - totalplay.Common.getDecimalValueofObject is PASSED

11-06-2024T18:04:14 - [TEST_STEP][PASSED] - totalplay.Common.getBooleanValueofObject(DeleteItem_Response, gift): totalplay.Common.getBooleanValueofObject is PASSED

11-06-2024T18:04:14 - [MESSAGE][INFO] - Checking response object

11-06-2024T18:04:14 - [MESSAGE][PASSED] - totalplay.Common.getBooleanValueofObject is PASSED

11-06-2024T18:04:14 - [TEST_STEP][PASSED] - totalplay.Common.verifyPropertyExist(DeleteItem_Response, inventory_id): totalplay.Common.verifyPropertyExist is PASSED

11-06-2024T18:04:14 - [MESSAGE][INFO] - Checking response object

11-06-2024T18:04:14 - [MESSAGE][PASSED] - totalplay.Common.verifyPropertyExist is PASSED

11-06-2024T18:04:14 - [TEST_STEP][PASSED] - totalplay.Common.verifyPropertyValueExist(DeleteItem_Response, inventory_id): totalplay.Common.verifyPropertyValueExist is PASSED

11-06-2024T18:04:14 - [MESSAGE][INFO] - Checking response object

11-06-2024T18:04:14 - [MESSAGE][INFO] - inventory_m_shop_mirakl

11-06-2024T18:04:14 - [MESSAGE][PASSED] - totalplay.Common.verifyPropertyValueExist is PASSED

11-06-2024T18:04:14 - [TEST_STEP][PASSED] - totalplay.Common.verifyPropertyExist(DeleteItem_Response, item_id): totalplay.Common.verifyPropertyExist is PASSED

11-06-2024T18:04:14 - [MESSAGE][INFO] - Checking response object

11-06-2024T18:04:14 - [MESSAGE][PASSED] - totalplay.Common.verifyPropertyExist is PASSED

11-06-2024T18:04:14 - [TEST_STEP][PASSED] - totalplay.Common.verifyPropertyValueExist(DeleteItem_Response, item_id): totalplay.Common.verifyPropertyValueExist is PASSED

11-06-2024T18:04:14 - [MESSAGE][INFO] - Checking response object

11-06-2024T18:04:14 - [MESSAGE][INFO] - ecec9b8de8d92c3dc47b51fd3d

11-06-2024T18:04:14 - [MESSAGE][PASSED] - totalplay.Common.verifyPropertyValueExist is PASSED

11-06-2024T18:04:14 - [TEST_STEP][PASSED] - totalplay.Common.verifyPropertyExist(DeleteItem_Response, item_text): totalplay.Common.verifyPropertyExist is PASSED

11-06-2024T18:04:14 - [MESSAGE][INFO] - Checking response object

11-06-2024T18:04:14 - [MESSAGE][PASSED] - totalplay.Common.verifyPropertyExist is PASSED

11-06-2024T18:04:14 - [TEST_STEP][PASSED] - totalplay.Common.verifyPropertyValueExist(DeleteItem_Response, item_text): totalplay.Common.verifyPropertyValueExist is PASSED

11-06-2024T18:04:14 - [MESSAGE][INFO] - Checking response object

11-06-2024T18:04:14 - [MESSAGE][INFO] - Bicicleta Rodada 18 para Niño con Ruedas de Apoyo Naranja

11-06-2024T18:04:14 - [MESSAGE][PASSED] - totalplay.Common.verifyPropertyValueExist is PASSED

11-06-2024T18:04:14 - [TEST_STEP][PASSED] - totalplay.Common.getDecimalValueofObject(DeleteItem_Response, price): totalplay.Common.getDecimalValueofObject is PASSED

11-06-2024T18:04:14 - [MESSAGE][INFO] - Checking response object

11-06-2024T18:04:14 - [MESSAGE][PASSED] - totalplay.Common.getDecimalValueofObject is PASSED

11-06-2024T18:04:14 - [TEST_STEP][PASSED] - totalplay.Common.getDecimalValueofObject(DeleteItem_Response, price_after_item_discount): totalplay.Common.getDecimalValueofObject is PASSED

11-06-2024T18:04:14 - [MESSAGE][INFO] - Checking response object

11-06-2024T18:04:14 - [MESSAGE][PASSED] - totalplay.Common.getDecimalValueofObject is PASSED

11-06-2024T18:04:14 - [TEST_STEP][PASSED] - totalplay.Common.getDecimalValueofObject(DeleteItem_Response, price_after_order_discount): totalplay.Common.getDecimalValueofObject is PASSED

11-06-2024T18:04:14 - [MESSAGE][INFO] - Checking response object

11-06-2024T18:04:14 - [MESSAGE][PASSED] - totalplay.Common.getDecimalValueofObject is PASSED

11-06-2024T18:04:14 - [TEST_STEP][PASSED] - totalplay.Common.verifyPropertyExist(DeleteItem_Response, product_id): totalplay.Common.verifyPropertyExist is PASSED

11-06-2024T18:04:14 - [MESSAGE][INFO] - Checking response object

11-06-2024T18:04:14 - [MESSAGE][PASSED] - totalplay.Common.verifyPropertyExist is PASSED

11-06-2024T18:04:14 - [TEST_STEP][PASSED] - totalplay.Common.verifyPropertyValueExist(DeleteItem_Response, product_id): totalplay.Common.verifyPropertyValueExist is PASSED

11-06-2024T18:04:14 - [MESSAGE][INFO] - Checking response object

11-06-2024T18:04:14 - [MESSAGE][INFO] - T1210808411

11-06-2024T18:04:14 - [MESSAGE][PASSED] - totalplay.Common.verifyPropertyValueExist is PASSED

11-06-2024T18:04:14 - [TEST_STEP][PASSED] - totalplay.Common.verifyPropertyExist(DeleteItem_Response, product_name): totalplay.Common.verifyPropertyExist is PASSED

11-06-2024T18:04:14 - [MESSAGE][INFO] - Checking response object

11-06-2024T18:04:14 - [MESSAGE][PASSED] - totalplay.Common.verifyPropertyExist is PASSED

11-06-2024T18:04:14 - [TEST_STEP][PASSED] - totalplay.Common.verifyPropertyValueExist(DeleteItem_Response, product_name): totalplay.Common.verifyPropertyValueExist is PASSED

11-06-2024T18:04:14 - [MESSAGE][INFO] - Checking response object

11-06-2024T18:04:14 - [MESSAGE][INFO] - Bicicleta Rodada 18 para Niño con Ruedas de Apoyo Naranja

11-06-2024T18:04:14 - [MESSAGE][PASSED] - totalplay.Common.verifyPropertyValueExist is PASSED

11-06-2024T18:04:14 - [TEST_STEP][PASSED] - totalplay.Common.getNumValueofObject(DeleteItem_Response, quantity): totalplay.Common.getNumValueofObject is PASSED

11-06-2024T18:04:14 - [MESSAGE][INFO] - Checking response object

11-06-2024T18:04:14 - [MESSAGE][PASSED] - totalplay.Common.getNumValueofObject is PASSED

11-06-2024T18:04:14 - [TEST_STEP][PASSED] - totalplay.Common.verifyPropertyExist(DeleteItem_Response, shipment_id): totalplay.Common.verifyPropertyExist is PASSED

11-06-2024T18:04:14 - [MESSAGE][INFO] - Checking response object

11-06-2024T18:04:14 - [MESSAGE][PASSED] - totalplay.Common.verifyPropertyExist is PASSED

11-06-2024T18:04:14 - [TEST_STEP][PASSED] - totalplay.Common.verifyPropertyValueExist(DeleteItem_Response, shipment_id): totalplay.Common.verifyPropertyValueExist is PASSED

11-06-2024T18:04:14 - [MESSAGE][INFO] - Checking response object

11-06-2024T18:04:14 - [MESSAGE][INFO] - me

11-06-2024T18:04:14 - [MESSAGE][PASSED] - totalplay.Common.verifyPropertyValueExist is PASSED

11-06-2024T18:04:14 - [TEST_STEP][PASSED] - totalplay.Common.getDecimalValueofObject(DeleteItem_Response, tax_basis): totalplay.Common.getDecimalValueofObject is PASSED

11-06-2024T18:04:14 - [MESSAGE][INFO] - Checking response object

11-06-2024T18:04:14 - [MESSAGE][PASSED] - totalplay.Common.getDecimalValueofObject is PASSED

11-06-2024T18:04:14 - [TEST_STEP][PASSED] - totalplay.Common.verifyPropertyExist(DeleteItem_Response, tax_class_id): totalplay.Common.verifyPropertyExist is PASSED

11-06-2024T18:04:14 - [MESSAGE][INFO] - Checking response object

11-06-2024T18:04:14 - [MESSAGE][PASSED] - totalplay.Common.verifyPropertyExist is PASSED

11-06-2024T18:04:14 - [TEST_STEP][PASSED] - totalplay.Common.verifyPropertyValueExist(DeleteItem_Response, tax_class_id): totalplay.Common.verifyPropertyValueExist is PASSED

11-06-2024T18:04:14 - [MESSAGE][INFO] - Checking response object

11-06-2024T18:04:14 - [MESSAGE][INFO] - product_zero_tax

11-06-2024T18:04:14 - [MESSAGE][PASSED] - totalplay.Common.verifyPropertyValueExist is PASSED

11-06-2024T18:04:14 - [TEST_STEP][PASSED] - totalplay.Common.verifyPropertyExist(DeleteItem_Response, c_fromStoreId): totalplay.Common.verifyPropertyExist is PASSED

11-06-2024T18:04:14 - [MESSAGE][INFO] - Checking response object

11-06-2024T18:04:14 - [MESSAGE][PASSED] - totalplay.Common.verifyPropertyExist is PASSED

11-06-2024T18:04:14 - [TEST_STEP][PASSED] - totalplay.Common.verifyPropertyValueExist(DeleteItem_Response, c_fromStoreId): totalplay.Common.verifyPropertyValueExist is PASSED

11-06-2024T18:04:14 - [MESSAGE][INFO] - Checking response object

11-06-2024T18:04:14 - [MESSAGE][INFO] - 2029

11-06-2024T18:04:14 - [MESSAGE][PASSED] - totalplay.Common.verifyPropertyValueExist is PASSED

11-06-2024T18:04:14 - [TEST_STEP][PASSED] - totalplay.Common.getNumValueofObject(DeleteItem_Response, c_miraklLeadTimeToShip): totalplay.Common.getNumValueofObject is PASSED

11-06-2024T18:04:14 - [MESSAGE][INFO] - Checking response object

11-06-2024T18:04:14 - [MESSAGE][PASSED] - totalplay.Common.getNumValueofObject is PASSED

11-06-2024T18:04:14 - [TEST_STEP][PASSED] - totalplay.Common.getBooleanValueofObject(DeleteItem_Response, c_isOnDemandStoreItem): totalplay.Common.getBooleanValueofObject is PASSED

11-06-2024T18:04:14 - [MESSAGE][INFO] - Checking response object

11-06-2024T18:04:14 - [MESSAGE][PASSED] - totalplay.Common.getBooleanValueofObject is PASSED

11-06-2024T18:04:14 - [TEST_STEP][PASSED] - totalplay.Common.verifyPropertyExist(DeleteItem_Response, c_miraklOperatorProductId): totalplay.Common.verifyPropertyExist is PASSED

11-06-2024T18:04:14 - [MESSAGE][INFO] - Checking response object

11-06-2024T18:04:14 - [MESSAGE][PASSED] - totalplay.Common.verifyPropertyExist is PASSED

11-06-2024T18:04:14 - [TEST_STEP][PASSED] - totalplay.Common.verifyPropertyValueExist(DeleteItem_Response, c_miraklOperatorProductId): totalplay.Common.verifyPropertyValueExist is PASSED

11-06-2024T18:04:14 - [MESSAGE][INFO] - Checking response object

11-06-2024T18:04:14 - [MESSAGE][INFO] - T1210808411

11-06-2024T18:04:14 - [MESSAGE][PASSED] - totalplay.Common.verifyPropertyValueExist is PASSED

11-06-2024T18:04:14 - [TEST_STEP][PASSED] - totalplay.Common.verifyPropertyExist(DeleteItem_Response, c_offerId): totalplay.Common.verifyPropertyExist is PASSED

11-06-2024T18:04:14 - [MESSAGE][INFO] - Checking response object

11-06-2024T18:04:14 - [MESSAGE][PASSED] - totalplay.Common.verifyPropertyExist is PASSED

11-06-2024T18:04:14 - [TEST_STEP][PASSED] - totalplay.Common.verifyPropertyValueExist(DeleteItem_Response, c_offerId): totalplay.Common.verifyPropertyValueExist is PASSED

11-06-2024T18:04:14 - [MESSAGE][INFO] - Checking response object

11-06-2024T18:04:14 - [MESSAGE][INFO] - 149493

11-06-2024T18:04:14 - [MESSAGE][PASSED] - totalplay.Common.verifyPropertyValueExist is PASSED

11-06-2024T18:04:14 - [TEST_STEP][PASSED] - totalplay.Common.getDecimalValueofObject(DeleteItem_Response, c_offerListPrice): totalplay.Common.getDecimalValueofObject is PASSED

11-06-2024T18:04:14 - [MESSAGE][INFO] - Checking response object

11-06-2024T18:04:14 - [MESSAGE][PASSED] - totalplay.Common.getDecimalValueofObject is PASSED

11-06-2024T18:04:14 - [TEST_STEP][PASSED] - totalplay.Common.getDecimalValueofObject(DeleteItem_Response, c_offerSalesPrice): totalplay.Common.getDecimalValueofObject is PASSED

11-06-2024T18:04:14 - [MESSAGE][INFO] - Checking response object

11-06-2024T18:04:14 - [MESSAGE][PASSED] - totalplay.Common.getDecimalValueofObject is PASSED

11-06-2024T18:04:14 - [TEST_STEP][PASSED] - totalplay.Common.verifyPropertyExist(DeleteItem_Response, c_offerState): totalplay.Common.verifyPropertyExist is PASSED

11-06-2024T18:04:14 - [MESSAGE][INFO] - Checking response object

11-06-2024T18:04:14 - [MESSAGE][PASSED] - totalplay.Common.verifyPropertyExist is PASSED

11-06-2024T18:04:14 - [TEST_STEP][PASSED] - totalplay.Common.verifyPropertyValueExist(DeleteItem_Response, c_offerState): totalplay.Common.verifyPropertyValueExist is PASSED

11-06-2024T18:04:14 - [MESSAGE][INFO] - Checking response object

11-06-2024T18:04:14 - [MESSAGE][INFO] - Nuevo

11-06-2024T18:04:14 - [MESSAGE][PASSED] - totalplay.Common.verifyPropertyValueExist is PASSED

11-06-2024T18:04:14 - [TEST_STEP][PASSED] - totalplay.Common.verifyPropertyExist(DeleteItem_Response, c_offerStateCode): totalplay.Common.verifyPropertyExist is PASSED

11-06-2024T18:04:14 - [MESSAGE][INFO] - Checking response object

11-06-2024T18:04:14 - [MESSAGE][PASSED] - totalplay.Common.verifyPropertyExist is PASSED

11-06-2024T18:04:14 - [TEST_STEP][PASSED] - totalplay.Common.verifyPropertyValueExist(DeleteItem_Response, c_offerStateCode): totalplay.Common.verifyPropertyValueExist is PASSED

11-06-2024T18:04:14 - [MESSAGE][INFO] - Checking response object

11-06-2024T18:04:14 - [MESSAGE][INFO] - 11

11-06-2024T18:04:14 - [MESSAGE][PASSED] - totalplay.Common.verifyPropertyValueExist is PASSED

11-06-2024T18:04:14 - [TEST_STEP][PASSED] - totalplay.Common.verifyPropertyExist(DeleteItem_Response, alt): totalplay.Common.verifyPropertyExist is PASSED

11-06-2024T18:04:14 - [MESSAGE][INFO] - Checking response object

11-06-2024T18:04:14 - [MESSAGE][PASSED] - totalplay.Common.verifyPropertyExist is PASSED

11-06-2024T18:04:14 - [TEST_STEP][PASSED] - totalplay.Common.verifyPropertyValueExist(DeleteItem_Response, alt): totalplay.Common.verifyPropertyValueExist is PASSED

11-06-2024T18:04:14 - [MESSAGE][INFO] - Checking response object

11-06-2024T18:04:14 - [MESSAGE][INFO] - Bicicleta Rodada 18 para Niño con Ruedas de Apoyo Naranja

11-06-2024T18:04:14 - [MESSAGE][PASSED] - totalplay.Common.verifyPropertyValueExist is PASSED

11-06-2024T18:04:14 - [TEST_STEP][PASSED] - totalplay.Common.verifyPropertyExist(DeleteItem_Response, url): totalplay.Common.verifyPropertyExist is PASSED

11-06-2024T18:04:14 - [MESSAGE][INFO] - Checking response object

11-06-2024T18:04:14 - [MESSAGE][PASSED] - totalplay.Common.verifyPropertyExist is PASSED

11-06-2024T18:04:14 - [TEST_STEP][PASSED] - totalplay.Common.verifyPropertyValueExist(DeleteItem_Response, url): totalplay.Common.verifyPropertyValueExist is PASSED

11-06-2024T18:04:14 - [MESSAGE][INFO] - Checking response object

11-06-2024T18:04:14 - [MESSAGE][INFO] - https://salesforceqa.sistemastp.com.mx/dw/image/v2/BJCL_DEV/on/demandware.static/-/Sites-Standard/default/dwf01e3c7b/images/large/16a58ef0af22467e95fd63a21736866c.jpg?sw=144&sh=144

11-06-2024T18:04:14 - [MESSAGE][PASSED] - totalplay.Common.verifyPropertyValueExist is PASSED

11-06-2024T18:04:14 - [TEST_STEP][PASSED] - totalplay.Common.verifyPropertyExist(DeleteItem_Response, title): totalplay.Common.verifyPropertyExist is PASSED

11-06-2024T18:04:14 - [MESSAGE][INFO] - Checking response object

11-06-2024T18:04:14 - [MESSAGE][PASSED] - totalplay.Common.verifyPropertyExist is PASSED

11-06-2024T18:04:14 - [TEST_STEP][PASSED] - totalplay.Common.verifyPropertyValueExist(DeleteItem_Response, title): totalplay.Common.verifyPropertyValueExist is PASSED

11-06-2024T18:04:14 - [MESSAGE][INFO] - Checking response object

11-06-2024T18:04:14 - [MESSAGE][INFO] - Bicicleta Rodada 18 para Niño con Ruedas de Apoyo Naranja

11-06-2024T18:04:14 - [MESSAGE][PASSED] - totalplay.Common.verifyPropertyValueExist is PASSED

11-06-2024T18:04:14 - [TEST_STEP][PASSED] - totalplay.Common.verifyPropertyExist(DeleteItem_Response, c_shopId): totalplay.Common.verifyPropertyExist is PASSED

11-06-2024T18:04:14 - [MESSAGE][INFO] - Checking response object

11-06-2024T18:04:15 - [MESSAGE][PASSED] - totalplay.Common.verifyPropertyExist is PASSED

11-06-2024T18:04:15 - [TEST_STEP][PASSED] - totalplay.Common.verifyPropertyValueExist(DeleteItem_Response, c_shopId): totalplay.Common.verifyPropertyValueExist is PASSED

11-06-2024T18:04:15 - [MESSAGE][INFO] - Checking response object

11-06-2024T18:04:15 - [MESSAGE][INFO] - 2029

11-06-2024T18:04:15 - [MESSAGE][PASSED] - totalplay.Common.verifyPropertyValueExist is PASSED

11-06-2024T18:04:15 - [TEST_STEP][PASSED] - totalplay.Common.verifyPropertyExist(DeleteItem_Response, c_shopName): totalplay.Common.verifyPropertyExist is PASSED

11-06-2024T18:04:15 - [MESSAGE][INFO] - Checking response object

11-06-2024T18:04:15 - [MESSAGE][PASSED] - totalplay.Common.verifyPropertyExist is PASSED

11-06-2024T18:04:15 - [TEST_STEP][PASSED] - totalplay.Common.verifyPropertyValueExist(DeleteItem_Response, c_shopName): totalplay.Common.verifyPropertyValueExist is PASSED

11-06-2024T18:04:15 - [MESSAGE][INFO] - Checking response object

11-06-2024T18:04:15 - [MESSAGE][INFO] - Waldo´s

11-06-2024T18:04:15 - [MESSAGE][PASSED] - totalplay.Common.verifyPropertyValueExist is PASSED

11-06-2024T18:04:15 - [TEST_STEP][PASSED] - totalplay.Common.getDecimalValueofObject(DeleteItem_Response, product_sub_total): totalplay.Common.getDecimalValueofObject is PASSED

11-06-2024T18:04:15 - [MESSAGE][INFO] - Checking response object

11-06-2024T18:04:15 - [MESSAGE][PASSED] - totalplay.Common.getDecimalValueofObject is PASSED

11-06-2024T18:04:15 - [TEST_STEP][PASSED] - totalplay.Common.getDecimalValueofObject(DeleteItem_Response, product_total): totalplay.Common.getDecimalValueofObject is PASSED

11-06-2024T18:04:15 - [MESSAGE][INFO] - Checking response object

11-06-2024T18:04:15 - [MESSAGE][PASSED] - totalplay.Common.getDecimalValueofObject is PASSED

11-06-2024T18:04:15 - [TEST_STEP][PASSED] - totalplay.Common.verifyPropertyExist(DeleteItem_Response, shipment_id): totalplay.Common.verifyPropertyExist is PASSED

11-06-2024T18:04:15 - [MESSAGE][INFO] - Checking response object

11-06-2024T18:04:15 - [MESSAGE][PASSED] - totalplay.Common.verifyPropertyExist is PASSED

11-06-2024T18:04:15 - [TEST_STEP][PASSED] - totalplay.Common.verifyPropertyValueExist(DeleteItem_Response, shipment_id): totalplay.Common.verifyPropertyValueExist is PASSED

11-06-2024T18:04:15 - [MESSAGE][INFO] - Checking response object

11-06-2024T18:04:15 - [MESSAGE][INFO] - me

11-06-2024T18:04:15 - [MESSAGE][PASSED] - totalplay.Common.verifyPropertyValueExist is PASSED

11-06-2024T18:04:15 - [TEST_STEP][PASSED] - totalplay.Common.getDecimalValueofObject(DeleteItem_Response, shipment_total): totalplay.Common.getDecimalValueofObject is PASSED

11-06-2024T18:04:15 - [MESSAGE][INFO] - Checking response object

11-06-2024T18:04:15 - [MESSAGE][PASSED] - totalplay.Common.getDecimalValueofObject is PASSED

11-06-2024T18:04:15 - [TEST_STEP][PASSED] - totalplay.Common.verifyPropertyExist(DeleteItem_Response, shipping_method_type): totalplay.Common.verifyPropertyExist is PASSED

11-06-2024T18:04:15 - [MESSAGE][INFO] - Checking response object

11-06-2024T18:04:15 - [MESSAGE][PASSED] - totalplay.Common.verifyPropertyExist is PASSED

11-06-2024T18:04:15 - [TEST_STEP][PASSED] - totalplay.Common.verifyPropertyValueExist(DeleteItem_Response, shipping_method_type): totalplay.Common.verifyPropertyValueExist is PASSED

11-06-2024T18:04:15 - [MESSAGE][INFO] - Checking response object

11-06-2024T18:04:15 - [MESSAGE][INFO] - shipping_method

11-06-2024T18:04:15 - [MESSAGE][PASSED] - totalplay.Common.verifyPropertyValueExist is PASSED

11-06-2024T18:04:15 - [TEST_STEP][PASSED] - totalplay.Common.verifyPropertyExist(DeleteItem_Response, shipping_method_id): totalplay.Common.verifyPropertyExist is PASSED

11-06-2024T18:04:15 - [MESSAGE][INFO] - Checking response object

11-06-2024T18:04:15 - [MESSAGE][PASSED] - totalplay.Common.verifyPropertyExist is PASSED

11-06-2024T18:04:15 - [TEST_STEP][PASSED] - totalplay.Common.verifyPropertyValueExist(DeleteItem_Response, shipping_method_id): totalplay.Common.verifyPropertyValueExist is PASSED

11-06-2024T18:04:15 - [MESSAGE][INFO] - Checking response object

11-06-2024T18:04:15 - [MESSAGE][INFO] - ESTAFETA

11-06-2024T18:04:15 - [MESSAGE][PASSED] - totalplay.Common.verifyPropertyValueExist is PASSED

11-06-2024T18:04:15 - [TEST_STEP][PASSED] - totalplay.Common.verifyPropertyExist(DeleteItem_Response, shipping_method_name): totalplay.Common.verifyPropertyExist is PASSED

11-06-2024T18:04:15 - [MESSAGE][INFO] - Checking response object

11-06-2024T18:04:15 - [MESSAGE][PASSED] - totalplay.Common.verifyPropertyExist is PASSED

11-06-2024T18:04:15 - [TEST_STEP][PASSED] - totalplay.Common.verifyPropertyValueExist(DeleteItem_Response, shipping_method_name): totalplay.Common.verifyPropertyValueExist is PASSED

11-06-2024T18:04:15 - [MESSAGE][INFO] - Checking response object

11-06-2024T18:04:15 - [MESSAGE][INFO] - ESTAFETA

11-06-2024T18:04:15 - [MESSAGE][PASSED] - totalplay.Common.verifyPropertyValueExist is PASSED

11-06-2024T18:04:15 - [TEST_STEP][PASSED] - totalplay.Common.getBooleanValueofObject(DeleteItem_Response, c_storePickupEnabled): totalplay.Common.getBooleanValueofObject is PASSED

11-06-2024T18:04:15 - [MESSAGE][INFO] - Checking response object

11-06-2024T18:04:15 - [MESSAGE][PASSED] - totalplay.Common.getBooleanValueofObject is PASSED

11-06-2024T18:04:15 - [TEST_STEP][PASSED] - totalplay.Common.verifyPropertyExist(DeleteItem_Response, shipping_status): totalplay.Common.verifyPropertyExist is PASSED

11-06-2024T18:04:15 - [MESSAGE][INFO] - Checking response object

11-06-2024T18:04:15 - [MESSAGE][PASSED] - totalplay.Common.verifyPropertyExist is PASSED

11-06-2024T18:04:15 - [TEST_STEP][PASSED] - totalplay.Common.verifyPropertyValueExist(DeleteItem_Response, shipping_status): totalplay.Common.verifyPropertyValueExist is PASSED

11-06-2024T18:04:15 - [MESSAGE][INFO] - Checking response object

11-06-2024T18:04:15 - [MESSAGE][INFO] - not_shipped

11-06-2024T18:04:15 - [MESSAGE][PASSED] - totalplay.Common.verifyPropertyValueExist is PASSED

11-06-2024T18:04:15 - [TEST_STEP][PASSED] - totalplay.Common.getBooleanValueofObject(DeleteItem_Response, shipping_total): totalplay.Common.getBooleanValueofObject is PASSED

11-06-2024T18:04:15 - [MESSAGE][INFO] - Checking response object

11-06-2024T18:04:15 - [MESSAGE][PASSED] - totalplay.Common.getBooleanValueofObject is PASSED

11-06-2024T18:04:15 - [TEST_STEP][PASSED] - totalplay.Common.getBooleanValueofObject(DeleteItem_Response, shipping_total_tax): totalplay.Common.getBooleanValueofObject is PASSED

11-06-2024T18:04:15 - [MESSAGE][INFO] - Checking response object

11-06-2024T18:04:15 - [MESSAGE][PASSED] - totalplay.Common.getBooleanValueofObject is PASSED

11-06-2024T18:04:15 - [TEST_STEP][PASSED] - totalplay.Common.verifyPropertyExist(DeleteItem_Response, shipping_items_item_id): totalplay.Common.verifyPropertyExist is PASSED

11-06-2024T18:04:15 - [MESSAGE][INFO] - Checking response object

11-06-2024T18:04:15 - [MESSAGE][PASSED] - totalplay.Common.verifyPropertyExist is PASSED

11-06-2024T18:04:15 - [TEST_STEP][PASSED] - totalplay.Common.verifyPropertyValueExist(DeleteItem_Response, shipping_items_item_id): totalplay.Common.verifyPropertyValueExist is PASSED

11-06-2024T18:04:15 - [MESSAGE][INFO] - Checking response object

11-06-2024T18:04:15 - [MESSAGE][INFO] - 406fc2f95f021f6c9099629444

11-06-2024T18:04:15 - [MESSAGE][PASSED] - totalplay.Common.verifyPropertyValueExist is PASSED

11-06-2024T18:04:15 - [TEST_STEP][PASSED] - totalplay.Common.verifyPropertyExist(DeleteItem_Response, shipping_items_item_text): totalplay.Common.verifyPropertyExist is PASSED

11-06-2024T18:04:15 - [MESSAGE][INFO] - Checking response object

11-06-2024T18:04:15 - [MESSAGE][PASSED] - totalplay.Common.verifyPropertyExist is PASSED

11-06-2024T18:04:15 - [TEST_STEP][PASSED] - totalplay.Common.verifyPropertyValueExist(DeleteItem_Response, shipping_items_item_text): totalplay.Common.verifyPropertyValueExist is PASSED

11-06-2024T18:04:15 - [MESSAGE][INFO] - Checking response object

11-06-2024T18:04:15 - [MESSAGE][INFO] - Shipping

11-06-2024T18:04:15 - [MESSAGE][PASSED] - totalplay.Common.verifyPropertyValueExist is PASSED

11-06-2024T18:04:15 - [TEST_STEP][PASSED] - totalplay.Common.verifyPropertyExist(DeleteItem_Response, c_corporateImgUrl): totalplay.Common.verifyPropertyExist is PASSED

11-06-2024T18:04:15 - [MESSAGE][INFO] - Checking response object

11-06-2024T18:04:15 - [MESSAGE][PASSED] - totalplay.Common.verifyPropertyExist is PASSED

11-06-2024T18:04:15 - [TEST_STEP][PASSED] - totalplay.Common.verifyPropertyValueExist(DeleteItem_Response, c_corporateImgUrl): totalplay.Common.verifyPropertyValueExist is PASSED

11-06-2024T18:04:15 - [MESSAGE][INFO] - Checking response object

11-06-2024T18:04:15 - [MESSAGE][INFO] - https://salesforceqa.sistemastp.com.mx/on/demandware.static/-/Sites/default/dw261b1b6d/images/seller/202990278.50446941666

11-06-2024T18:04:15 - [MESSAGE][PASSED] - totalplay.Common.verifyPropertyValueExist is PASSED

11-06-2024T18:04:15 - [TEST_STEP][PASSED] - totalplay.Common.verifyPropertyExist(DeleteItem_Response, c_currentCorporate): totalplay.Common.verifyPropertyExist is PASSED

11-06-2024T18:04:15 - [MESSAGE][INFO] - Checking response object

11-06-2024T18:04:15 - [MESSAGE][PASSED] - totalplay.Common.verifyPropertyExist is PASSED

11-06-2024T18:04:15 - [TEST_STEP][PASSED] - totalplay.Common.verifyPropertyValueExist(DeleteItem_Response, c_currentCorporate): totalplay.Common.verifyPropertyValueExist is PASSED

11-06-2024T18:04:15 - [MESSAGE][INFO] - Checking response object

11-06-2024T18:04:15 - [MESSAGE][INFO] - 0100987105Waldos

11-06-2024T18:04:15 - [MESSAGE][PASSED] - totalplay.Common.verifyPropertyValueExist is PASSED

11-06-2024T18:04:15 - [TEST_STEP][PASSED] - totalplay.Common.verifyPropertyExist(DeleteItem_Response, c_currentMultiStoreID): totalplay.Common.verifyPropertyExist is PASSED

11-06-2024T18:04:15 - [MESSAGE][INFO] - Checking response object

11-06-2024T18:04:15 - [MESSAGE][PASSED] - totalplay.Common.verifyPropertyExist is PASSED

11-06-2024T18:04:15 - [TEST_STEP][PASSED] - totalplay.Common.verifyPropertyValueExist(DeleteItem_Response, c_currentMultiStoreID): totalplay.Common.verifyPropertyValueExist is PASSED

11-06-2024T18:04:15 - [MESSAGE][INFO] - Checking response object

11-06-2024T18:04:15 - [MESSAGE][INFO] - 2029

11-06-2024T18:04:15 - [MESSAGE][PASSED] - totalplay.Common.verifyPropertyValueExist is PASSED

11-06-2024T18:04:15 - [TEST_STEP][PASSED] - totalplay.Common.getBooleanValueofObject(DeleteItem_Response, c_isLock): totalplay.Common.getBooleanValueofObject is PASSED

11-06-2024T18:04:15 - [MESSAGE][INFO] - Checking response object

11-06-2024T18:04:15 - [MESSAGE][PASSED] - totalplay.Common.getBooleanValueofObject is PASSED

11-06-2024T18:04:15 - [TEST_STEP][PASSED] - totalplay.Common.verifyPropertyExist(DeleteItem_Response, c_lockTime): totalplay.Common.verifyPropertyExist is PASSED

11-06-2024T18:04:15 - [MESSAGE][INFO] - Checking response object

11-06-2024T18:04:15 - [MESSAGE][PASSED] - totalplay.Common.verifyPropertyExist is PASSED

11-06-2024T18:04:15 - [TEST_STEP][PASSED] - totalplay.Common.verifyPropertyValueExist(DeleteItem_Response, c_lockTime): totalplay.Common.verifyPropertyValueExist is PASSED

11-06-2024T18:04:15 - [MESSAGE][INFO] - Checking response object

11-06-2024T18:04:15 - [MESSAGE][INFO] - 2024-06-11T12:34:11.884Z

11-06-2024T18:04:15 - [MESSAGE][PASSED] - totalplay.Common.verifyPropertyValueExist is PASSED

11-06-2024T18:04:15 - [TEST_STEP][PASSED] - totalplay.Common.getBooleanValueofObject(DeleteItem_Response, c_isMiraklOrder): totalplay.Common.getBooleanValueofObject is PASSED

11-06-2024T18:04:15 - [MESSAGE][INFO] - Checking response object

11-06-2024T18:04:15 - [MESSAGE][PASSED] - totalplay.Common.getBooleanValueofObject is PASSED

11-06-2024T18:04:15 - [TEST_STEP][FAILED] - totalplay.Common.verifyPropertyExist(DeleteItem_Response, c_miraklShippingZoneCode): Unable to get element count (Root cause: java.lang.NullPointerException: Cannot invoke method size() on null object
	at Script1.run(Script1.groovy:1)
	at com.kms.katalon.core.webservice.helper.WebServiceCommonHelper.parseAndExecuteExpressionForJson(WebServiceCommonHelper.java:212)
	at com.kms.katalon.core.webservice.keyword.builtin.GetElementsCountKeyword$_getElementsCount_closure1.doCall(GetElementsCountKeyword.groovy:41)
	at com.kms.katalon.core.webservice.keyword.builtin.GetElementsCountKeyword$_getElementsCount_closure1.call(GetElementsCountKeyword.groovy)
	at com.kms.katalon.core.keyword.internal.KeywordMain.runKeyword(KeywordMain.groovy:75)
	at com.kms.katalon.core.webservice.keyword.builtin.GetElementsCountKeyword.getElementsCount(GetElementsCountKeyword.groovy:37)
	at com.kms.katalon.core.webservice.keyword.builtin.GetElementsCountKeyword.execute(GetElementsCountKeyword.groovy:32)
	at com.kms.katalon.core.keyword.internal.KeywordExecutor.executeKeywordForPlatform(KeywordExecutor.groovy:74)
	at com.kms.katalon.core.webservice.keyword.WSBuiltInKeywords.getElementsCount(WSBuiltInKeywords.groovy:99)
	at totalplay.Common.verifyPropertyExist(Common.groovy:39)
	at jdk.internal.reflect.GeneratedMethodAccessor7.invoke(Unknown Source)
	at java.base/jdk.internal.reflect.DelegatingMethodAccessorImpl.invoke(DelegatingMethodAccessorImpl.java:43)
	at com.kms.katalon.core.main.CustomKeywordDelegatingMetaClass.invokeStaticMethod(CustomKeywordDelegatingMetaClass.java:55)
	at TC_22_DeleteItemInCart.run(TC_22_DeleteItemInCart:299)
	at com.kms.katalon.core.main.ScriptEngine.run(ScriptEngine.java:194)
	at com.kms.katalon.core.main.ScriptEngine.runScriptAsRawText(ScriptEngine.java:119)
	at com.kms.katalon.core.main.TestCaseExecutor.runScript(TestCaseExecutor.java:448)
	at com.kms.katalon.core.main.TestCaseExecutor.doExecute(TestCaseExecutor.java:439)
	at com.kms.katalon.core.main.TestCaseExecutor.processExecutionPhase(TestCaseExecutor.java:418)
	at com.kms.katalon.core.main.TestCaseExecutor.accessMainPhase(TestCaseExecutor.java:410)
	at com.kms.katalon.core.main.TestCaseExecutor.execute(TestCaseExecutor.java:285)
	at com.kms.katalon.core.common.CommonExecutor.accessTestCaseMainPhase(CommonExecutor.java:65)
	at com.kms.katalon.core.main.TestSuiteExecutor.accessTestSuiteMainPhase(TestSuiteExecutor.java:150)
	at com.kms.katalon.core.main.TestSuiteExecutor.execute(TestSuiteExecutor.java:106)
	at com.kms.katalon.core.main.TestCaseMain.startTestSuite(TestCaseMain.java:180)
	at TempTestSuite1718109097791.run(TempTestSuite1718109097791.groovy:35)
	at java.base/jdk.internal.reflect.NativeMethodAccessorImpl.invoke0(Native Method)
	at java.base/jdk.internal.reflect.NativeMethodAccessorImpl.invoke(NativeMethodAccessorImpl.java:77)
	at java.base/jdk.internal.reflect.DelegatingMethodAccessorImpl.invoke(DelegatingMethodAccessorImpl.java:43)
)

11-06-2024T18:04:15 - [MESSAGE][INFO] - Checking response object

11-06-2024T18:04:15 - [MESSAGE][FAILED] - Unable to get element count (Root cause: java.lang.NullPointerException: Cannot invoke method size() on null object
	at Script1.run(Script1.groovy:1)
	at com.kms.katalon.core.webservice.helper.WebServiceCommonHelper.parseAndExecuteExpressionForJson(WebServiceCommonHelper.java:212)
	at com.kms.katalon.core.webservice.keyword.builtin.GetElementsCountKeyword$_getElementsCount_closure1.doCall(GetElementsCountKeyword.groovy:41)
	at com.kms.katalon.core.webservice.keyword.builtin.GetElementsCountKeyword$_getElementsCount_closure1.call(GetElementsCountKeyword.groovy)
	at com.kms.katalon.core.keyword.internal.KeywordMain.runKeyword(KeywordMain.groovy:75)
	at com.kms.katalon.core.webservice.keyword.builtin.GetElementsCountKeyword.getElementsCount(GetElementsCountKeyword.groovy:37)
	at com.kms.katalon.core.webservice.keyword.builtin.GetElementsCountKeyword.execute(GetElementsCountKeyword.groovy:32)
	at com.kms.katalon.core.keyword.internal.KeywordExecutor.executeKeywordForPlatform(KeywordExecutor.groovy:74)
	at com.kms.katalon.core.webservice.keyword.WSBuiltInKeywords.getElementsCount(WSBuiltInKeywords.groovy:99)
	at totalplay.Common.verifyPropertyExist(Common.groovy:39)
	at jdk.internal.reflect.GeneratedMethodAccessor7.invoke(Unknown Source)
	at java.base/jdk.internal.reflect.DelegatingMethodAccessorImpl.invoke(DelegatingMethodAccessorImpl.java:43)
	at com.kms.katalon.core.main.CustomKeywordDelegatingMetaClass.invokeStaticMethod(CustomKeywordDelegatingMetaClass.java:55)
	at TC_22_DeleteItemInCart.run(TC_22_DeleteItemInCart:299)
	at com.kms.katalon.core.main.ScriptEngine.run(ScriptEngine.java:194)
	at com.kms.katalon.core.main.ScriptEngine.runScriptAsRawText(ScriptEngine.java:119)
	at com.kms.katalon.core.main.TestCaseExecutor.runScript(TestCaseExecutor.java:448)
	at com.kms.katalon.core.main.TestCaseExecutor.doExecute(TestCaseExecutor.java:439)
	at com.kms.katalon.core.main.TestCaseExecutor.processExecutionPhase(TestCaseExecutor.java:418)
	at com.kms.katalon.core.main.TestCaseExecutor.accessMainPhase(TestCaseExecutor.java:410)
	at com.kms.katalon.core.main.TestCaseExecutor.execute(TestCaseExecutor.java:285)
	at com.kms.katalon.core.common.CommonExecutor.accessTestCaseMainPhase(CommonExecutor.java:65)
	at com.kms.katalon.core.main.TestSuiteExecutor.accessTestSuiteMainPhase(TestSuiteExecutor.java:150)
	at com.kms.katalon.core.main.TestSuiteExecutor.execute(TestSuiteExecutor.java:106)
	at com.kms.katalon.core.main.TestCaseMain.startTestSuite(TestCaseMain.java:180)
	at TempTestSuite1718109097791.run(TempTestSuite1718109097791.groovy:35)
	at java.base/jdk.internal.reflect.NativeMethodAccessorImpl.invoke0(Native Method)
	at java.base/jdk.internal.reflect.NativeMethodAccessorImpl.invoke(NativeMethodAccessorImpl.java:77)
	at java.base/jdk.internal.reflect.DelegatingMethodAccessorImpl.invoke(DelegatingMethodAccessorImpl.java:43)
)

11-06-2024T18:04:15 - [MESSAGE][FAILED] - Unable to get element count (Root cause: java.lang.NullPointerException: Cannot invoke method size() on null object
	at Script1.run(Script1.groovy:1)
	at com.kms.katalon.core.webservice.helper.WebServiceCommonHelper.parseAndExecuteExpressionForJson(WebServiceCommonHelper.java:212)
	at com.kms.katalon.core.webservice.keyword.builtin.GetElementsCountKeyword$_getElementsCount_closure1.doCall(GetElementsCountKeyword.groovy:41)
	at com.kms.katalon.core.webservice.keyword.builtin.GetElementsCountKeyword$_getElementsCount_closure1.call(GetElementsCountKeyword.groovy)
	at com.kms.katalon.core.keyword.internal.KeywordMain.runKeyword(KeywordMain.groovy:75)
	at com.kms.katalon.core.webservice.keyword.builtin.GetElementsCountKeyword.getElementsCount(GetElementsCountKeyword.groovy:37)
	at com.kms.katalon.core.webservice.keyword.builtin.GetElementsCountKeyword.execute(GetElementsCountKeyword.groovy:32)
	at com.kms.katalon.core.keyword.internal.KeywordExecutor.executeKeywordForPlatform(KeywordExecutor.groovy:74)
	at com.kms.katalon.core.webservice.keyword.WSBuiltInKeywords.getElementsCount(WSBuiltInKeywords.groovy:99)
	at totalplay.Common.verifyPropertyExist(Common.groovy:39)
	at jdk.internal.reflect.GeneratedMethodAccessor7.invoke(Unknown Source)
	at java.base/jdk.internal.reflect.DelegatingMethodAccessorImpl.invoke(DelegatingMethodAccessorImpl.java:43)
	at com.kms.katalon.core.main.CustomKeywordDelegatingMetaClass.invokeStaticMethod(CustomKeywordDelegatingMetaClass.java:55)
	at TC_22_DeleteItemInCart.run(TC_22_DeleteItemInCart:299)
	at com.kms.katalon.core.main.ScriptEngine.run(ScriptEngine.java:194)
	at com.kms.katalon.core.main.ScriptEngine.runScriptAsRawText(ScriptEngine.java:119)
	at com.kms.katalon.core.main.TestCaseExecutor.runScript(TestCaseExecutor.java:448)
	at com.kms.katalon.core.main.TestCaseExecutor.doExecute(TestCaseExecutor.java:439)
	at com.kms.katalon.core.main.TestCaseExecutor.processExecutionPhase(TestCaseExecutor.java:418)
	at com.kms.katalon.core.main.TestCaseExecutor.accessMainPhase(TestCaseExecutor.java:410)
	at com.kms.katalon.core.main.TestCaseExecutor.execute(TestCaseExecutor.java:285)
	at com.kms.katalon.core.common.CommonExecutor.accessTestCaseMainPhase(CommonExecutor.java:65)
	at com.kms.katalon.core.main.TestSuiteExecutor.accessTestSuiteMainPhase(TestSuiteExecutor.java:150)
	at com.kms.katalon.core.main.TestSuiteExecutor.execute(TestSuiteExecutor.java:106)
	at com.kms.katalon.core.main.TestCaseMain.startTestSuite(TestCaseMain.java:180)
	at TempTestSuite1718109097791.run(TempTestSuite1718109097791.groovy:35)
	at java.base/jdk.internal.reflect.NativeMethodAccessorImpl.invoke0(Native Method)
	at java.base/jdk.internal.reflect.NativeMethodAccessorImpl.invoke(NativeMethodAccessorImpl.java:77)
	at java.base/jdk.internal.reflect.DelegatingMethodAccessorImpl.invoke(DelegatingMethodAccessorImpl.java:43)
)]]></system-out>
         <system-err><![CDATA[11-06-2024T18:04:08 - [TEST_CASE][FAILED] - Test Cases/TotalPlay-Shop/TC_22_DeleteItemInCart: Test Cases/TotalPlay-Shop/TC_22_DeleteItemInCart FAILED.
Reason:
com.kms.katalon.core.exception.StepFailedException: Unable to get element count (Root cause: java.lang.NullPointerException: Cannot invoke method size() on null object
	at Script1.run(Script1.groovy:1)
	at com.kms.katalon.core.webservice.helper.WebServiceCommonHelper.parseAndExecuteExpressionForJson(WebServiceCommonHelper.java:212)
	at com.kms.katalon.core.webservice.keyword.builtin.GetElementsCountKeyword$_getElementsCount_closure1.doCall(GetElementsCountKeyword.groovy:41)
	at com.kms.katalon.core.webservice.keyword.builtin.GetElementsCountKeyword$_getElementsCount_closure1.call(GetElementsCountKeyword.groovy)
	at com.kms.katalon.core.keyword.internal.KeywordMain.runKeyword(KeywordMain.groovy:75)
	at com.kms.katalon.core.webservice.keyword.builtin.GetElementsCountKeyword.getElementsCount(GetElementsCountKeyword.groovy:37)
	at com.kms.katalon.core.webservice.keyword.builtin.GetElementsCountKeyword.execute(GetElementsCountKeyword.groovy:32)
	at com.kms.katalon.core.keyword.internal.KeywordExecutor.executeKeywordForPlatform(KeywordExecutor.groovy:74)
	at com.kms.katalon.core.webservice.keyword.WSBuiltInKeywords.getElementsCount(WSBuiltInKeywords.groovy:99)
	at totalplay.Common.verifyPropertyExist(Common.groovy:39)
	at jdk.internal.reflect.GeneratedMethodAccessor7.invoke(Unknown Source)
	at java.base/jdk.internal.reflect.DelegatingMethodAccessorImpl.invoke(DelegatingMethodAccessorImpl.java:43)
	at com.kms.katalon.core.main.CustomKeywordDelegatingMetaClass.invokeStaticMethod(CustomKeywordDelegatingMetaClass.java:55)
	at TC_22_DeleteItemInCart.run(TC_22_DeleteItemInCart:299)
	at com.kms.katalon.core.main.ScriptEngine.run(ScriptEngine.java:194)
	at com.kms.katalon.core.main.ScriptEngine.runScriptAsRawText(ScriptEngine.java:119)
	at com.kms.katalon.core.main.TestCaseExecutor.runScript(TestCaseExecutor.java:448)
	at com.kms.katalon.core.main.TestCaseExecutor.doExecute(TestCaseExecutor.java:439)
	at com.kms.katalon.core.main.TestCaseExecutor.processExecutionPhase(TestCaseExecutor.java:418)
	at com.kms.katalon.core.main.TestCaseExecutor.accessMainPhase(TestCaseExecutor.java:410)
	at com.kms.katalon.core.main.TestCaseExecutor.execute(TestCaseExecutor.java:285)
	at com.kms.katalon.core.common.CommonExecutor.accessTestCaseMainPhase(CommonExecutor.java:65)
	at com.kms.katalon.core.main.TestSuiteExecutor.accessTestSuiteMainPhase(TestSuiteExecutor.java:150)
	at com.kms.katalon.core.main.TestSuiteExecutor.execute(TestSuiteExecutor.java:106)
	at com.kms.katalon.core.main.TestCaseMain.startTestSuite(TestCaseMain.java:180)
	at TempTestSuite1718109097791.run(TempTestSuite1718109097791.groovy:35)
	at java.base/jdk.internal.reflect.NativeMethodAccessorImpl.invoke0(Native Method)
	at java.base/jdk.internal.reflect.NativeMethodAccessorImpl.invoke(NativeMethodAccessorImpl.java:77)
	at java.base/jdk.internal.reflect.DelegatingMethodAccessorImpl.invoke(DelegatingMethodAccessorImpl.java:43)
)
	at com.kms.katalon.core.keyword.internal.KeywordMain.stepFailed(KeywordMain.groovy:51)
	at com.kms.katalon.core.keyword.internal.KeywordMain.stepFailed(KeywordMain.groovy)
	at com.kms.katalon.core.keyword.internal.KeywordMain.runKeyword(KeywordMain.groovy:77)
	at com.kms.katalon.core.webservice.keyword.builtin.GetElementsCountKeyword.getElementsCount(GetElementsCountKeyword.groovy:37)
	at com.kms.katalon.core.webservice.keyword.builtin.GetElementsCountKeyword.execute(GetElementsCountKeyword.groovy:32)
	at com.kms.katalon.core.keyword.internal.KeywordExecutor.executeKeywordForPlatform(KeywordExecutor.groovy:74)
	at com.kms.katalon.core.webservice.keyword.WSBuiltInKeywords.getElementsCount(WSBuiltInKeywords.groovy:99)
	at totalplay.Common.verifyPropertyExist(Common.groovy:39)
	at jdk.internal.reflect.GeneratedMethodAccessor7.invoke(Unknown Source)
	at java.base/jdk.internal.reflect.DelegatingMethodAccessorImpl.invoke(DelegatingMethodAccessorImpl.java:43)
	at com.kms.katalon.core.main.CustomKeywordDelegatingMetaClass.invokeStaticMethod(CustomKeywordDelegatingMetaClass.java:55)
	at TC_22_DeleteItemInCart.run(TC_22_DeleteItemInCart:299)
	at com.kms.katalon.core.main.ScriptEngine.run(ScriptEngine.java:194)
	at com.kms.katalon.core.main.ScriptEngine.runScriptAsRawText(ScriptEngine.java:119)
	at com.kms.katalon.core.main.TestCaseExecutor.runScript(TestCaseExecutor.java:448)
	at com.kms.katalon.core.main.TestCaseExecutor.doExecute(TestCaseExecutor.java:439)
	at com.kms.katalon.core.main.TestCaseExecutor.processExecutionPhase(TestCaseExecutor.java:418)
	at com.kms.katalon.core.main.TestCaseExecutor.accessMainPhase(TestCaseExecutor.java:410)
	at com.kms.katalon.core.main.TestCaseExecutor.execute(TestCaseExecutor.java:285)
	at com.kms.katalon.core.common.CommonExecutor.accessTestCaseMainPhase(CommonExecutor.java:65)
	at com.kms.katalon.core.main.TestSuiteExecutor.accessTestSuiteMainPhase(TestSuiteExecutor.java:150)
	at com.kms.katalon.core.main.TestSuiteExecutor.execute(TestSuiteExecutor.java:106)
	at com.kms.katalon.core.main.TestCaseMain.startTestSuite(TestCaseMain.java:180)
	at TempTestSuite1718109097791.run(TempTestSuite1718109097791.groovy:35)
	at java.base/jdk.internal.reflect.NativeMethodAccessorImpl.invoke0(Native Method)
	at java.base/jdk.internal.reflect.NativeMethodAccessorImpl.invoke(NativeMethodAccessorImpl.java:77)
	at java.base/jdk.internal.reflect.DelegatingMethodAccessorImpl.invoke(DelegatingMethodAccessorImpl.java:43)
Caused by: java.lang.NullPointerException: Cannot invoke method size() on null object
	at Script1.run(Script1.groovy:1)
	at com.kms.katalon.core.webservice.helper.WebServiceCommonHelper.parseAndExecuteExpressionForJson(WebServiceCommonHelper.java:212)
	at com.kms.katalon.core.webservice.keyword.builtin.GetElementsCountKeyword$_getElementsCount_closure1.doCall(GetElementsCountKeyword.groovy:41)
	at com.kms.katalon.core.webservice.keyword.builtin.GetElementsCountKeyword$_getElementsCount_closure1.call(GetElementsCountKeyword.groovy)
	at com.kms.katalon.core.keyword.internal.KeywordMain.runKeyword(KeywordMain.groovy:75)
	... 24 more]]></system-err>
      </testcase>
      <testcase name="Test Cases/TotalPlay-Shop/TC_23_DeleteAllItem" time="5.664" classname="Test Cases/TotalPlay-Shop/TC_23_DeleteAllItem" status="ERROR">
         <error type="ERROR" message="Test Cases/TotalPlay-Shop/TC_23_DeleteAllItem FAILED.&#xa;Reason:&#xa;org.codehaus.groovy.runtime.InvokerInvocationException: Assertion failed: &#xa;&#xa;assert PropertyCount>0&#xa;       |            |&#xa;       0            false&#xa;&#xa;	at com.kms.katalon.core.main.CustomKeywordDelegatingMetaClass.invokeStaticMethod(CustomKeywordDelegatingMetaClass.java:55)&#xa;	at TC_23_DeleteAllItem.run(TC_23_DeleteAllItem:197)&#xa;	at com.kms.katalon.core.main.ScriptEngine.run(ScriptEngine.java:194)&#xa;	at com.kms.katalon.core.main.ScriptEngine.runScriptAsRawText(ScriptEngine.java:119)&#xa;	at com.kms.katalon.core.main.TestCaseExecutor.runScript(TestCaseExecutor.java:448)&#xa;	at com.kms.katalon.core.main.TestCaseExecutor.doExecute(TestCaseExecutor.java:439)&#xa;	at com.kms.katalon.core.main.TestCaseExecutor.processExecutionPhase(TestCaseExecutor.java:418)&#xa;	at com.kms.katalon.core.main.TestCaseExecutor.accessMainPhase(TestCaseExecutor.java:410)&#xa;	at com.kms.katalon.core.main.TestCaseExecutor.execute(TestCaseExecutor.java:285)&#xa;	at com.kms.katalon.core.common.CommonExecutor.accessTestCaseMainPhase(CommonExecutor.java:65)&#xa;	at com.kms.katalon.core.main.TestSuiteExecutor.accessTestSuiteMainPhase(TestSuiteExecutor.java:150)&#xa;	at com.kms.katalon.core.main.TestSuiteExecutor.execute(TestSuiteExecutor.java:106)&#xa;	at com.kms.katalon.core.main.TestCaseMain.startTestSuite(TestCaseMain.java:180)&#xa;	at TempTestSuite1718109097791.run(TempTestSuite1718109097791.groovy:35)&#xa;	at java.base/jdk.internal.reflect.NativeMethodAccessorImpl.invoke0(Native Method)&#xa;	at java.base/jdk.internal.reflect.NativeMethodAccessorImpl.invoke(NativeMethodAccessorImpl.java:77)&#xa;	at java.base/jdk.internal.reflect.DelegatingMethodAccessorImpl.invoke(DelegatingMethodAccessorImpl.java:43)&#xa;Caused by: Assertion failed: &#xa;&#xa;assert PropertyCount>0&#xa;       |            |&#xa;       0            false&#xa;&#xa;	at totalplay.Common.verifyPropertyExist(Common.groovy:40)&#xa;	at jdk.internal.reflect.GeneratedMethodAccessor7.invoke(Unknown Source)&#xa;	at java.base/jdk.internal.reflect.DelegatingMethodAccessorImpl.invoke(DelegatingMethodAccessorImpl.java:43)&#xa;	... 17 more&#xa;"/>
         <system-out><![CDATA[11-06-2024T18:04:15 - [TEST_CASE][ERROR] - Test Cases/TotalPlay-Shop/TC_23_DeleteAllItem: Test Cases/TotalPlay-Shop/TC_23_DeleteAllItem FAILED.
Reason:
org.codehaus.groovy.runtime.InvokerInvocationException: Assertion failed: 

assert PropertyCount>0
       |            |
       0            false

	at com.kms.katalon.core.main.CustomKeywordDelegatingMetaClass.invokeStaticMethod(CustomKeywordDelegatingMetaClass.java:55)
	at TC_23_DeleteAllItem.run(TC_23_DeleteAllItem:197)
	at com.kms.katalon.core.main.ScriptEngine.run(ScriptEngine.java:194)
	at com.kms.katalon.core.main.ScriptEngine.runScriptAsRawText(ScriptEngine.java:119)
	at com.kms.katalon.core.main.TestCaseExecutor.runScript(TestCaseExecutor.java:448)
	at com.kms.katalon.core.main.TestCaseExecutor.doExecute(TestCaseExecutor.java:439)
	at com.kms.katalon.core.main.TestCaseExecutor.processExecutionPhase(TestCaseExecutor.java:418)
	at com.kms.katalon.core.main.TestCaseExecutor.accessMainPhase(TestCaseExecutor.java:410)
	at com.kms.katalon.core.main.TestCaseExecutor.execute(TestCaseExecutor.java:285)
	at com.kms.katalon.core.common.CommonExecutor.accessTestCaseMainPhase(CommonExecutor.java:65)
	at com.kms.katalon.core.main.TestSuiteExecutor.accessTestSuiteMainPhase(TestSuiteExecutor.java:150)
	at com.kms.katalon.core.main.TestSuiteExecutor.execute(TestSuiteExecutor.java:106)
	at com.kms.katalon.core.main.TestCaseMain.startTestSuite(TestCaseMain.java:180)
	at TempTestSuite1718109097791.run(TempTestSuite1718109097791.groovy:35)
	at java.base/jdk.internal.reflect.NativeMethodAccessorImpl.invoke0(Native Method)
	at java.base/jdk.internal.reflect.NativeMethodAccessorImpl.invoke(NativeMethodAccessorImpl.java:77)
	at java.base/jdk.internal.reflect.DelegatingMethodAccessorImpl.invoke(DelegatingMethodAccessorImpl.java:43)
Caused by: Assertion failed: 

assert PropertyCount>0
       |            |
       0            false

	at totalplay.Common.verifyPropertyExist(Common.groovy:40)
	at jdk.internal.reflect.GeneratedMethodAccessor7.invoke(Unknown Source)
	at java.base/jdk.internal.reflect.DelegatingMethodAccessorImpl.invoke(DelegatingMethodAccessorImpl.java:43)
	... 17 more


11-06-2024T18:04:16 - [TEST_STEP][PASSED] - callTestCase(findTestCase("TotalPlay-Shop/TC_1_InterfaceLogin"), [:], STOP_ON_FAILURE): Call Test Case 'Test Cases/TotalPlay-Shop/TC_1_InterfaceLogin' successfully

11-06-2024T18:04:16 - [MESSAGE][INFO] - Checking called Test Case

11-06-2024T18:04:16 - [MESSAGE][INFO] - Starting to call Test Case 'Test Cases/TotalPlay-Shop/TC_1_InterfaceLogin'

11-06-2024T18:04:16 - [TEST_CASE][PASSED] - Test Cases/TotalPlay-Shop/TC_1_InterfaceLogin: Test Cases/TotalPlay-Shop/TC_1_InterfaceLogin

11-06-2024T18:04:16 - [TEST_STEP][PASSED] - LoginResponse = sendRequest(findTestObject("TotalPlay-Shop/Interface Login (SLAS)", ["URL":URL, "SITEID":SITEID])): Send request successfully

11-06-2024T18:04:16 - [MESSAGE][INFO] - Finding Test Object 'Object Repository/TotalPlay-Shop/Interface Login (SLAS)'

11-06-2024T18:04:16 - [MESSAGE][INFO] - Checking request object

11-06-2024T18:04:18 - [MESSAGE][INFO] - HAR: D:\Automation\KogniveraGithub\TotalPlay_Automation\totalplay-API\totalplay-automation\Reports\20240611_180136\Shop-Services\20240611_180137\requests\main\50.har

11-06-2024T18:04:18 - [MESSAGE][PASSED] - Send request successfully

11-06-2024T18:04:18 - [TEST_STEP][PASSED] - assert getResponseStatusCode(LoginResponse) == 200: Checking response object

11-06-2024T18:04:18 - [MESSAGE][INFO] - Checking response object

11-06-2024T18:04:18 - [TEST_STEP][PASSED] - Auth = "ocapiResponse.access_token": null

11-06-2024T18:04:18 - [TEST_STEP][PASSED] - sfccAuthorization = getElementPropertyValue(LoginResponse, Auth): Checking response object

11-06-2024T18:04:18 - [MESSAGE][INFO] - Checking response object

11-06-2024T18:04:18 - [TEST_STEP][PASSED] - logInfo(sfccAuthorization): eyJ2ZXIiOiIxLjAiLCJqa3UiOiJzbGFzL3Byb2QvYmpjbF9kZXYiLCJraWQiOiIzOWM0NGRmMy01OGI5LTQ3YWEtODNhMC05NWMwOTBiZGNkMzciLCJ0eXAiOiJqd3QiLCJjbHYiOiJKMi4zLjQiLCJhbGciOiJFUzI1NiJ9.eyJhdXQiOiJHVUlEIiwic2NwIjoic2ZjYy5zaG9wcGVyLW15YWNjb3VudC5iYXNrZXRzIHNmY2Muc2hvcHBlci1kaXNjb3Zlcnktc2VhcmNoIHNmY2Muc2hvcHBlci1teWFjY291bnQuYWRkcmVzc2VzIHNmY2Muc2hvcHBlci1wcm9kdWN0cyBzZmNjLnNob3BwZXItbXlhY2NvdW50LnJ3IHNmY2Muc2hvcHBlci1teWFjY291bnQucGF5bWVudGluc3RydW1lbnRzIHNmY2Muc2hvcHBlci1jdXN0b21lcnMubG9naW4gc2ZjYy5zaG9wcGVyLXN0b3JlcyBzZmNjLnNob3BwZXItbXlhY2NvdW50Lm9yZGVycyBzZmNjLnNob3BwZXItYmFza2V0cy1vcmRlcnMgc2ZjYy5zaG9wcGVyLWN1c3RvbWVycy5yZWdpc3RlciBzZmNjLnNob3BwZXItbXlhY2NvdW50LmFkZHJlc3Nlcy5ydyBzZmNjLnNob3BwZXItbXlhY2NvdW50LnByb2R1Y3RsaXN0cy5ydyBzZmNjLnNob3BwZXItcHJvZHVjdGxpc3RzIHNmY2Muc2hvcHBlci1wcm9tb3Rpb25zIHNmY2Muc2hvcHBlci1iYXNrZXRzLW9yZGVycy5ydyBzZmNjLnNob3BwZXItZ2lmdC1jZXJ0aWZpY2F0ZXMgc2ZjYy5zaG9wcGVyLW15YWNjb3VudC5wYXltZW50aW5zdHJ1bWVudHMucncgc2ZjYy5zaG9wcGVyLXByb2R1Y3Qtc2VhcmNoIHNmY2Muc2hvcHBlci1teWFjY291bnQucHJvZHVjdGxpc3RzIHNmY2Muc2hvcHBlci1jYXRlZ29yaWVzIHNmY2Muc2hvcHBlci1teWFjY291bnQiLCJzdWIiOiJjYy1zbGFzOjpiamNsX2Rldjo6c2NpZDo1ZDI1ZjVmYS01YTRmLTQ2YjUtYTIxMS04NzU1NDJjODVhYzE6OnVzaWQ6NDhkZjM2MzUtZTI0MC00ZDMxLWFmMmEtNjYwMGEzNjk3OTYyIiwiY3R4Ijoic2xhcyIsImlzcyI6InNsYXMvcHJvZC9iamNsX2RldiIsImlzdCI6MSwiZG50IjoiMCIsImF1ZCI6ImNvbW1lcmNlY2xvdWQvcHJvZC9iamNsX2RldiIsIm5iZiI6MTcxODEwOTIyOCwic3R5IjoiVXNlciIsImlzYiI6InVpZG86ZWNvbTo6dXBuOnFhLnRvdGFscGxheSswMTAwOTg3MTA1QGdtYWlsLmNvbTo6dWlkbjpSaWNhcmRvICBDb3JvbmEgQ3J1ejo6Z2NpZDphYmxiRkl4SGswa1hzUnhyZ1lrYVlZeGJrVjo6cmNpZDphY25SYldxdWpIQ3BnOW9xNlYyaGt1VGFTVzo6Y2hpZDpUUC1TSE9QIiwiZXhwIjoxNzE4MTExMDU4LCJpYXQiOjE3MTgxMDkyNTgsImp0aSI6IkMyQy0xMzExNTYzNTcwMTc4NzUxMTg1MDI5MDI5MzU0NDY0NDMxNzcifQ._UB2gKwjodizk5OiUziaZwZE4ks5YfrPKmWb3nDsfKSfSRCKltUdm5gmStm_UiivDgOR14CX76JBTzEEpV0sAQ

11-06-2024T18:04:18 - [MESSAGE][INFO] - eyJ2ZXIiOiIxLjAiLCJqa3UiOiJzbGFzL3Byb2QvYmpjbF9kZXYiLCJraWQiOiIzOWM0NGRmMy01OGI5LTQ3YWEtODNhMC05NWMwOTBiZGNkMzciLCJ0eXAiOiJqd3QiLCJjbHYiOiJKMi4zLjQiLCJhbGciOiJFUzI1NiJ9.eyJhdXQiOiJHVUlEIiwic2NwIjoic2ZjYy5zaG9wcGVyLW15YWNjb3VudC5iYXNrZXRzIHNmY2Muc2hvcHBlci1kaXNjb3Zlcnktc2VhcmNoIHNmY2Muc2hvcHBlci1teWFjY291bnQuYWRkcmVzc2VzIHNmY2Muc2hvcHBlci1wcm9kdWN0cyBzZmNjLnNob3BwZXItbXlhY2NvdW50LnJ3IHNmY2Muc2hvcHBlci1teWFjY291bnQucGF5bWVudGluc3RydW1lbnRzIHNmY2Muc2hvcHBlci1jdXN0b21lcnMubG9naW4gc2ZjYy5zaG9wcGVyLXN0b3JlcyBzZmNjLnNob3BwZXItbXlhY2NvdW50Lm9yZGVycyBzZmNjLnNob3BwZXItYmFza2V0cy1vcmRlcnMgc2ZjYy5zaG9wcGVyLWN1c3RvbWVycy5yZWdpc3RlciBzZmNjLnNob3BwZXItbXlhY2NvdW50LmFkZHJlc3Nlcy5ydyBzZmNjLnNob3BwZXItbXlhY2NvdW50LnByb2R1Y3RsaXN0cy5ydyBzZmNjLnNob3BwZXItcHJvZHVjdGxpc3RzIHNmY2Muc2hvcHBlci1wcm9tb3Rpb25zIHNmY2Muc2hvcHBlci1iYXNrZXRzLW9yZGVycy5ydyBzZmNjLnNob3BwZXItZ2lmdC1jZXJ0aWZpY2F0ZXMgc2ZjYy5zaG9wcGVyLW15YWNjb3VudC5wYXltZW50aW5zdHJ1bWVudHMucncgc2ZjYy5zaG9wcGVyLXByb2R1Y3Qtc2VhcmNoIHNmY2Muc2hvcHBlci1teWFjY291bnQucHJvZHVjdGxpc3RzIHNmY2Muc2hvcHBlci1jYXRlZ29yaWVzIHNmY2Muc2hvcHBlci1teWFjY291bnQiLCJzdWIiOiJjYy1zbGFzOjpiamNsX2Rldjo6c2NpZDo1ZDI1ZjVmYS01YTRmLTQ2YjUtYTIxMS04NzU1NDJjODVhYzE6OnVzaWQ6NDhkZjM2MzUtZTI0MC00ZDMxLWFmMmEtNjYwMGEzNjk3OTYyIiwiY3R4Ijoic2xhcyIsImlzcyI6InNsYXMvcHJvZC9iamNsX2RldiIsImlzdCI6MSwiZG50IjoiMCIsImF1ZCI6ImNvbW1lcmNlY2xvdWQvcHJvZC9iamNsX2RldiIsIm5iZiI6MTcxODEwOTIyOCwic3R5IjoiVXNlciIsImlzYiI6InVpZG86ZWNvbTo6dXBuOnFhLnRvdGFscGxheSswMTAwOTg3MTA1QGdtYWlsLmNvbTo6dWlkbjpSaWNhcmRvICBDb3JvbmEgQ3J1ejo6Z2NpZDphYmxiRkl4SGswa1hzUnhyZ1lrYVlZeGJrVjo6cmNpZDphY25SYldxdWpIQ3BnOW9xNlYyaGt1VGFTVzo6Y2hpZDpUUC1TSE9QIiwiZXhwIjoxNzE4MTExMDU4LCJpYXQiOjE3MTgxMDkyNTgsImp0aSI6IkMyQy0xMzExNTYzNTcwMTc4NzUxMTg1MDI5MDI5MzU0NDY0NDMxNzcifQ._UB2gKwjodizk5OiUziaZwZE4ks5YfrPKmWb3nDsfKSfSRCKltUdm5gmStm_UiivDgOR14CX76JBTzEEpV0sAQ

11-06-2024T18:04:18 - [TEST_STEP][PASSED] - Authorization = "Bearer " + sfccAuthorization: null

11-06-2024T18:04:18 - [TEST_STEP][PASSED] - logInfo(bm_auth_token): 

11-06-2024T18:04:18 - [MESSAGE][INFO] - 

11-06-2024T18:04:18 - [TEST_STEP][PASSED] - if (sfccAuthorization.length() == 0): null

11-06-2024T18:04:18 - [TEST_STEP][PASSED] - else: authorization generated

11-06-2024T18:04:18 - [TEST_STEP][PASSED] - markPassed("authorization generated"): authorization generated

11-06-2024T18:04:18 - [MESSAGE][PASSED] - authorization generated

11-06-2024T18:04:18 - [TEST_STEP][PASSED] - BasketId_loginResponse = "ocapiResponse.c_basketId": null

11-06-2024T18:04:18 - [TEST_STEP][PASSED] - CustomerId_loginResponse = "ocapiResponse.customer_id": null

11-06-2024T18:04:18 - [TEST_STEP][PASSED] - basketId = getElementPropertyValue(LoginResponse, BasketId_loginResponse): Checking response object

11-06-2024T18:04:18 - [MESSAGE][INFO] - Checking response object

11-06-2024T18:04:18 - [TEST_STEP][PASSED] - customerId = getElementPropertyValue(LoginResponse, CustomerId_loginResponse): Checking response object

11-06-2024T18:04:18 - [MESSAGE][INFO] - Checking response object

11-06-2024T18:04:18 - [TEST_STEP][PASSED] - basketID = basketId: null

11-06-2024T18:04:18 - [TEST_STEP][PASSED] - sla_customerId = customerId: null

11-06-2024T18:04:18 - [TEST_STEP][PASSED] - println(basketID): null

11-06-2024T18:04:18 - [TEST_STEP][PASSED] - println(sla_customerId): null

11-06-2024T18:04:18 - [TEST_STEP][PASSED] - refresh_token = "ocapiResponse.refresh_token": null

11-06-2024T18:04:18 - [TEST_STEP][PASSED] - customer_email = "ocapiResponse.customer_email": null

11-06-2024T18:04:18 - [TEST_STEP][PASSED] - c_brmId = "ocapiResponse.c_brmId": null

11-06-2024T18:04:18 - [TEST_STEP][PASSED] - customer_name = "ocapiResponse.customer_name": null

11-06-2024T18:04:18 - [TEST_STEP][PASSED] - totalplay.Common.verifyPropertyExist(LoginResponse, refresh_token): totalplay.Common.verifyPropertyExist is PASSED

11-06-2024T18:04:18 - [MESSAGE][INFO] - Checking response object

11-06-2024T18:04:18 - [MESSAGE][PASSED] - totalplay.Common.verifyPropertyExist is PASSED

11-06-2024T18:04:18 - [TEST_STEP][PASSED] - totalplay.Common.verifyPropertyValueExist(LoginResponse, refresh_token): totalplay.Common.verifyPropertyValueExist is PASSED

11-06-2024T18:04:18 - [MESSAGE][INFO] - Checking response object

11-06-2024T18:04:18 - [MESSAGE][INFO] - X6Fp9J_CwfiWtgDUu7nTiC4ofvSUY5oMZS9obvSrchI

11-06-2024T18:04:18 - [MESSAGE][PASSED] - totalplay.Common.verifyPropertyValueExist is PASSED

11-06-2024T18:04:18 - [TEST_STEP][PASSED] - totalplay.Common.verifyPropertyExist(LoginResponse, customer_email): totalplay.Common.verifyPropertyExist is PASSED

11-06-2024T18:04:18 - [MESSAGE][INFO] - Checking response object

11-06-2024T18:04:18 - [MESSAGE][PASSED] - totalplay.Common.verifyPropertyExist is PASSED

11-06-2024T18:04:18 - [TEST_STEP][PASSED] - totalplay.Common.verifyPropertyValueExist(LoginResponse, customer_email): totalplay.Common.verifyPropertyValueExist is PASSED

11-06-2024T18:04:18 - [MESSAGE][INFO] - Checking response object

11-06-2024T18:04:18 - [MESSAGE][INFO] - qa.totalplay@gmail.com

11-06-2024T18:04:18 - [MESSAGE][PASSED] - totalplay.Common.verifyPropertyValueExist is PASSED

11-06-2024T18:04:18 - [TEST_STEP][PASSED] - totalplay.Common.verifyPropertyExist(LoginResponse, customer_name): totalplay.Common.verifyPropertyExist is PASSED

11-06-2024T18:04:18 - [MESSAGE][INFO] - Checking response object

11-06-2024T18:04:18 - [MESSAGE][PASSED] - totalplay.Common.verifyPropertyExist is PASSED

11-06-2024T18:04:18 - [TEST_STEP][PASSED] - totalplay.Common.verifyPropertyValueExist(LoginResponse, customer_name): totalplay.Common.verifyPropertyValueExist is PASSED

11-06-2024T18:04:18 - [MESSAGE][INFO] - Checking response object

11-06-2024T18:04:18 - [MESSAGE][INFO] - Ricardo  Corona Cruz

11-06-2024T18:04:18 - [MESSAGE][PASSED] - totalplay.Common.verifyPropertyValueExist is PASSED

11-06-2024T18:04:18 - [TEST_STEP][PASSED] - totalplay.Common.verifyPropertyExist(LoginResponse, c_brmId): totalplay.Common.verifyPropertyExist is PASSED

11-06-2024T18:04:18 - [MESSAGE][INFO] - Checking response object

11-06-2024T18:04:18 - [MESSAGE][PASSED] - totalplay.Common.verifyPropertyExist is PASSED

11-06-2024T18:04:18 - [TEST_STEP][PASSED] - totalplay.Common.verifyPropertyValueExist(LoginResponse, c_brmId): totalplay.Common.verifyPropertyValueExist is PASSED

11-06-2024T18:04:18 - [MESSAGE][INFO] - Checking response object

11-06-2024T18:04:18 - [MESSAGE][INFO] - 0100987105

11-06-2024T18:04:18 - [MESSAGE][PASSED] - totalplay.Common.verifyPropertyValueExist is PASSED

11-06-2024T18:04:18 - [MESSAGE][PASSED] - Call Test Case 'Test Cases/TotalPlay-Shop/TC_1_InterfaceLogin' successfully

11-06-2024T18:04:18 - [TEST_STEP][PASSED] - AddToCart = sendRequest(findTestObject("TotalPlay-Shop/Postman/Cart/AddProductToBasket", ["URL":URL, "SITEID":SITEID, "basketID":basketID])): Send request successfully

11-06-2024T18:04:18 - [MESSAGE][INFO] - Finding Test Object 'Object Repository/TotalPlay-Shop/Postman/Cart/AddProductToBasket'

11-06-2024T18:04:18 - [MESSAGE][INFO] - Checking request object

11-06-2024T18:04:19 - [MESSAGE][INFO] - HAR: D:\Automation\KogniveraGithub\TotalPlay_Automation\totalplay-API\totalplay-automation\Reports\20240611_180136\Shop-Services\20240611_180137\requests\main\51.har

11-06-2024T18:04:19 - [MESSAGE][PASSED] - Send request successfully

11-06-2024T18:04:19 - [TEST_STEP][PASSED] - DeleteAllItem_Response = sendRequest(findTestObject("TotalPlay-Shop/Postman/Cart/Delete All items from Basket", ["URL":URL, "SITEID":SITEID, "basketID":basketID])): Send request successfully

11-06-2024T18:04:19 - [MESSAGE][INFO] - Finding Test Object 'Object Repository/TotalPlay-Shop/Postman/Cart/Delete All items from Basket'

11-06-2024T18:04:19 - [MESSAGE][INFO] - Checking request object

11-06-2024T18:04:20 - [MESSAGE][INFO] - HAR: D:\Automation\KogniveraGithub\TotalPlay_Automation\totalplay-API\totalplay-automation\Reports\20240611_180136\Shop-Services\20240611_180137\requests\main\52.har

11-06-2024T18:04:20 - [MESSAGE][PASSED] - Send request successfully

11-06-2024T18:04:20 - [TEST_STEP][PASSED] - verifyResponseStatusCode(DeleteAllItem_Response, 200): Verify response status code successfully

11-06-2024T18:04:20 - [MESSAGE][INFO] - Checking response object

11-06-2024T18:04:20 - [MESSAGE][PASSED] - Verify response status code successfully

11-06-2024T18:04:20 - [TEST_STEP][PASSED] - agent_basket = "agent_basket": null

11-06-2024T18:04:20 - [TEST_STEP][PASSED] - basket_id = "basket_id": null

11-06-2024T18:04:20 - [TEST_STEP][PASSED] - channel_type = "channel_type": null

11-06-2024T18:04:20 - [TEST_STEP][PASSED] - creation_date = "creation_date": null

11-06-2024T18:04:20 - [TEST_STEP][PASSED] - currency = "currency": null

11-06-2024T18:04:20 - [TEST_STEP][PASSED] - customer_id = "customer_info.customer_id": null

11-06-2024T18:04:20 - [TEST_STEP][PASSED] - customer_no = "customer_info.customer_no": null

11-06-2024T18:04:20 - [TEST_STEP][PASSED] - email = "customer_info.email": null

11-06-2024T18:04:20 - [TEST_STEP][PASSED] - last_modified = "last_modified": null

11-06-2024T18:04:20 - [TEST_STEP][PASSED] - link = "notes.link": null

11-06-2024T18:04:20 - [TEST_STEP][PASSED] - order_total = "order_total": null

11-06-2024T18:04:20 - [TEST_STEP][PASSED] - product_sub_total = "product_sub_total": null

11-06-2024T18:04:20 - [TEST_STEP][PASSED] - product_total = "product_total": null

11-06-2024T18:04:20 - [TEST_STEP][PASSED] - shipment_id = "shipments[0].shipment_id": null

11-06-2024T18:04:20 - [TEST_STEP][PASSED] - shipment_total = "shipments[0].shipment_total": null

11-06-2024T18:04:20 - [TEST_STEP][PASSED] - shipping_method_type = "shipments[0].shipping_method._type": null

11-06-2024T18:04:20 - [TEST_STEP][PASSED] - shipping_method_id = "shipments[0].shipping_method.id": null

11-06-2024T18:04:20 - [TEST_STEP][PASSED] - shipping_method_name = "shipments[0].shipping_method.name": null

11-06-2024T18:04:20 - [TEST_STEP][PASSED] - c_storePickupEnabled = "shipments[0].shipping_method.c_storePickupEnabled": null

11-06-2024T18:04:20 - [TEST_STEP][PASSED] - shipping_status = "shipments[0].shipping_status": null

11-06-2024T18:04:20 - [TEST_STEP][PASSED] - shipping_total = "shipments[0].shipping_total": null

11-06-2024T18:04:20 - [TEST_STEP][PASSED] - shipping_total_tax = "shipments[0].shipping_total_tax": null

11-06-2024T18:04:20 - [TEST_STEP][PASSED] - shipping_items_item_id = "shipping_items[0].item_id": null

11-06-2024T18:04:20 - [TEST_STEP][PASSED] - shipping_items_item_text = "shipping_items[0].item_text": null

11-06-2024T18:04:20 - [TEST_STEP][PASSED] - price = "shipping_items[0].price": null

11-06-2024T18:04:20 - [TEST_STEP][PASSED] - price_after_item_discount = "shipping_items[0].price_after_item_discount": null

11-06-2024T18:04:20 - [TEST_STEP][PASSED] - tax_basis = "shipping_items[0].tax_basis": null

11-06-2024T18:04:20 - [TEST_STEP][PASSED] - tax_class_id = "shipping_items[0].tax_class_id": null

11-06-2024T18:04:20 - [TEST_STEP][PASSED] - c_corporateImgUrl = "c_corporateImgUrl": null

11-06-2024T18:04:20 - [TEST_STEP][PASSED] - c_isLock = "c_isLock": null

11-06-2024T18:04:20 - [TEST_STEP][PASSED] - c_lockTime = "c_lockTime": null

11-06-2024T18:04:20 - [TEST_STEP][PASSED] - c_isMiraklOrder = "c_isMiraklOrder": null

11-06-2024T18:04:20 - [TEST_STEP][PASSED] - c_miraklShippingZoneCode = "c_miraklShippingZoneCode": null

11-06-2024T18:04:20 - [TEST_STEP][PASSED] - c_seller_id = "c_seller_id": null

11-06-2024T18:04:20 - [TEST_STEP][PASSED] - c_SellerList_name = "c_SellerList[0].name": null

11-06-2024T18:04:20 - [TEST_STEP][PASSED] - c_SellerList_corporateImgURL = "c_SellerList[0].corporateImgURL": null

11-06-2024T18:04:20 - [TEST_STEP][PASSED] - c_SellerList_corporateColorCode = "c_SellerList[0].corporateColorCode": null

11-06-2024T18:04:20 - [TEST_STEP][PASSED] - c_SellerList_productsCount = "c_SellerList[0].productsCount": null

11-06-2024T18:04:20 - [TEST_STEP][PASSED] - c_SellerList_productID = "c_SellerList[0].cartItems[0].productID": null

11-06-2024T18:04:20 - [TEST_STEP][PASSED] - c_SellerList_sellerId = "c_SellerList[0].cartItems[0].sellerId": null

11-06-2024T18:04:20 - [TEST_STEP][PASSED] - c_SellerList_isOnDemandStoreItem = "c_SellerList[0].cartItems[0].isOnDemandStoreItem": null

11-06-2024T18:04:20 - [TEST_STEP][PASSED] - c_SellerList_alt = "c_SellerList[0].cartItems[0].productImage[0].alt": null

11-06-2024T18:04:20 - [TEST_STEP][PASSED] - c_SellerList_url = "c_SellerList[0].cartItems[0].productImage[0].url": null

11-06-2024T18:04:20 - [TEST_STEP][PASSED] - c_SellerList_title = "c_SellerList[0].cartItems[0].productImage[0].title": null

11-06-2024T18:04:20 - [TEST_STEP][PASSED] - c_SellerList_quantity = "c_SellerList[0].cartItems[0].quantity": null

11-06-2024T18:04:20 - [TEST_STEP][PASSED] - c_SellerList_name1 = "c_SellerList[0].cartItems[0].name": null

11-06-2024T18:04:20 - [TEST_STEP][PASSED] - c_preferredAddress = "c_preferredAddress": null

11-06-2024T18:04:20 - [TEST_STEP][PASSED] - c_corporateColorCode = "c_corporateColorCode": null

11-06-2024T18:04:20 - [TEST_STEP][PASSED] - c_OnDemandStoreOpenHours = "c_OnDemandStoreOpenHours": null

11-06-2024T18:04:20 - [TEST_STEP][PASSED] - c_savingsTotal = "c_savingsTotal": null

11-06-2024T18:04:20 - [TEST_STEP][PASSED] - c_formatedOrderTotal = "c_formatedOrderTotal": null

11-06-2024T18:04:20 - [TEST_STEP][PASSED] - c_formatedProductTotal = "c_formatedProductTotal": null

11-06-2024T18:04:20 - [TEST_STEP][PASSED] - totalplay.Common.getBooleanValueofObject(DeleteAllItem_Response, agent_basket): totalplay.Common.getBooleanValueofObject is PASSED

11-06-2024T18:04:20 - [MESSAGE][INFO] - Checking response object

11-06-2024T18:04:20 - [MESSAGE][PASSED] - totalplay.Common.getBooleanValueofObject is PASSED

11-06-2024T18:04:20 - [TEST_STEP][PASSED] - totalplay.Common.verifyPropertyExist(DeleteAllItem_Response, basket_id): totalplay.Common.verifyPropertyExist is PASSED

11-06-2024T18:04:20 - [MESSAGE][INFO] - Checking response object

11-06-2024T18:04:20 - [MESSAGE][PASSED] - totalplay.Common.verifyPropertyExist is PASSED

11-06-2024T18:04:20 - [TEST_STEP][PASSED] - totalplay.Common.verifyPropertyValueExist(DeleteAllItem_Response, basket_id): totalplay.Common.verifyPropertyValueExist is PASSED

11-06-2024T18:04:20 - [MESSAGE][INFO] - Checking response object

11-06-2024T18:04:20 - [MESSAGE][INFO] - cb07b36e4ccfac89074d4fb1ff

11-06-2024T18:04:20 - [MESSAGE][PASSED] - totalplay.Common.verifyPropertyValueExist is PASSED

11-06-2024T18:04:20 - [TEST_STEP][PASSED] - totalplay.Common.verifyPropertyExist(DeleteAllItem_Response, channel_type): totalplay.Common.verifyPropertyExist is PASSED

11-06-2024T18:04:20 - [MESSAGE][INFO] - Checking response object

11-06-2024T18:04:20 - [MESSAGE][PASSED] - totalplay.Common.verifyPropertyExist is PASSED

11-06-2024T18:04:20 - [TEST_STEP][PASSED] - totalplay.Common.verifyPropertyValueExist(DeleteAllItem_Response, channel_type): totalplay.Common.verifyPropertyValueExist is PASSED

11-06-2024T18:04:20 - [MESSAGE][INFO] - Checking response object

11-06-2024T18:04:20 - [MESSAGE][INFO] - storefront

11-06-2024T18:04:20 - [MESSAGE][PASSED] - totalplay.Common.verifyPropertyValueExist is PASSED

11-06-2024T18:04:20 - [TEST_STEP][PASSED] - totalplay.Common.verifyPropertyExist(DeleteAllItem_Response, creation_date): totalplay.Common.verifyPropertyExist is PASSED

11-06-2024T18:04:20 - [MESSAGE][INFO] - Checking response object

11-06-2024T18:04:20 - [MESSAGE][PASSED] - totalplay.Common.verifyPropertyExist is PASSED

11-06-2024T18:04:20 - [TEST_STEP][PASSED] - totalplay.Common.verifyPropertyValueExist(DeleteAllItem_Response, creation_date): totalplay.Common.verifyPropertyValueExist is PASSED

11-06-2024T18:04:20 - [MESSAGE][INFO] - Checking response object

11-06-2024T18:04:20 - [MESSAGE][INFO] - 2024-06-10T08:58:09.765Z

11-06-2024T18:04:20 - [MESSAGE][PASSED] - totalplay.Common.verifyPropertyValueExist is PASSED

11-06-2024T18:04:20 - [TEST_STEP][PASSED] - totalplay.Common.verifyPropertyExist(DeleteAllItem_Response, currency): totalplay.Common.verifyPropertyExist is PASSED

11-06-2024T18:04:20 - [MESSAGE][INFO] - Checking response object

11-06-2024T18:04:20 - [MESSAGE][PASSED] - totalplay.Common.verifyPropertyExist is PASSED

11-06-2024T18:04:20 - [TEST_STEP][PASSED] - totalplay.Common.verifyPropertyValueExist(DeleteAllItem_Response, currency): totalplay.Common.verifyPropertyValueExist is PASSED

11-06-2024T18:04:20 - [MESSAGE][INFO] - Checking response object

11-06-2024T18:04:20 - [MESSAGE][INFO] - MXN

11-06-2024T18:04:20 - [MESSAGE][PASSED] - totalplay.Common.verifyPropertyValueExist is PASSED

11-06-2024T18:04:20 - [TEST_STEP][PASSED] - totalplay.Common.verifyPropertyExist(DeleteAllItem_Response, customer_id): totalplay.Common.verifyPropertyExist is PASSED

11-06-2024T18:04:20 - [MESSAGE][INFO] - Checking response object

11-06-2024T18:04:20 - [MESSAGE][PASSED] - totalplay.Common.verifyPropertyExist is PASSED

11-06-2024T18:04:20 - [TEST_STEP][PASSED] - totalplay.Common.verifyPropertyValueExist(DeleteAllItem_Response, customer_id): totalplay.Common.verifyPropertyValueExist is PASSED

11-06-2024T18:04:20 - [MESSAGE][INFO] - Checking response object

11-06-2024T18:04:20 - [MESSAGE][INFO] - acnRbWqujHCpg9oq6V2hkuTaSW

11-06-2024T18:04:20 - [MESSAGE][PASSED] - totalplay.Common.verifyPropertyValueExist is PASSED

11-06-2024T18:04:20 - [TEST_STEP][PASSED] - totalplay.Common.verifyPropertyExist(DeleteAllItem_Response, customer_no): totalplay.Common.verifyPropertyExist is PASSED

11-06-2024T18:04:20 - [MESSAGE][INFO] - Checking response object

11-06-2024T18:04:20 - [MESSAGE][PASSED] - totalplay.Common.verifyPropertyExist is PASSED

11-06-2024T18:04:20 - [TEST_STEP][PASSED] - totalplay.Common.verifyPropertyValueExist(DeleteAllItem_Response, customer_no): totalplay.Common.verifyPropertyValueExist is PASSED

11-06-2024T18:04:20 - [MESSAGE][INFO] - Checking response object

11-06-2024T18:04:20 - [MESSAGE][INFO] - 00011507

11-06-2024T18:04:20 - [MESSAGE][PASSED] - totalplay.Common.verifyPropertyValueExist is PASSED

11-06-2024T18:04:20 - [TEST_STEP][PASSED] - totalplay.Common.verifyPropertyExist(DeleteAllItem_Response, email): totalplay.Common.verifyPropertyExist is PASSED

11-06-2024T18:04:20 - [MESSAGE][INFO] - Checking response object

11-06-2024T18:04:20 - [MESSAGE][PASSED] - totalplay.Common.verifyPropertyExist is PASSED

11-06-2024T18:04:20 - [TEST_STEP][PASSED] - totalplay.Common.verifyPropertyValueExist(DeleteAllItem_Response, email): totalplay.Common.verifyPropertyValueExist is PASSED

11-06-2024T18:04:20 - [MESSAGE][INFO] - Checking response object

11-06-2024T18:04:20 - [MESSAGE][INFO] - qa.totalplay@gmail.com

11-06-2024T18:04:20 - [MESSAGE][PASSED] - totalplay.Common.verifyPropertyValueExist is PASSED

11-06-2024T18:04:20 - [TEST_STEP][PASSED] - totalplay.Common.verifyPropertyExist(DeleteAllItem_Response, last_modified): totalplay.Common.verifyPropertyExist is PASSED

11-06-2024T18:04:20 - [MESSAGE][INFO] - Checking response object

11-06-2024T18:04:20 - [MESSAGE][PASSED] - totalplay.Common.verifyPropertyExist is PASSED

11-06-2024T18:04:20 - [TEST_STEP][PASSED] - totalplay.Common.verifyPropertyValueExist(DeleteAllItem_Response, last_modified): totalplay.Common.verifyPropertyValueExist is PASSED

11-06-2024T18:04:20 - [MESSAGE][INFO] - Checking response object

11-06-2024T18:04:20 - [MESSAGE][INFO] - 2024-06-11T12:34:19.873Z

11-06-2024T18:04:20 - [MESSAGE][PASSED] - totalplay.Common.verifyPropertyValueExist is PASSED

11-06-2024T18:04:20 - [TEST_STEP][PASSED] - totalplay.Common.verifyPropertyExist(DeleteAllItem_Response, link): totalplay.Common.verifyPropertyExist is PASSED

11-06-2024T18:04:20 - [MESSAGE][INFO] - Checking response object

11-06-2024T18:04:20 - [MESSAGE][PASSED] - totalplay.Common.verifyPropertyExist is PASSED

11-06-2024T18:04:20 - [TEST_STEP][PASSED] - totalplay.Common.verifyPropertyValueExist(DeleteAllItem_Response, link): totalplay.Common.verifyPropertyValueExist is PASSED

11-06-2024T18:04:20 - [MESSAGE][INFO] - Checking response object

11-06-2024T18:04:20 - [MESSAGE][INFO] - https://salesforceqa.sistemastp.com.mx/s/TP-SHOP/dw/shop/v23_1/baskets/cb07b36e4ccfac89074d4fb1ff/notes?deleteAll=true

11-06-2024T18:04:20 - [MESSAGE][PASSED] - totalplay.Common.verifyPropertyValueExist is PASSED

11-06-2024T18:04:20 - [TEST_STEP][PASSED] - totalplay.Common.getDecimalValueofObject(DeleteAllItem_Response, order_total): totalplay.Common.getDecimalValueofObject is PASSED

11-06-2024T18:04:20 - [MESSAGE][INFO] - Checking response object

11-06-2024T18:04:20 - [MESSAGE][PASSED] - totalplay.Common.getDecimalValueofObject is PASSED

11-06-2024T18:04:20 - [TEST_STEP][PASSED] - totalplay.Common.getDecimalValueofObject(DeleteAllItem_Response, product_sub_total): totalplay.Common.getDecimalValueofObject is PASSED

11-06-2024T18:04:20 - [MESSAGE][INFO] - Checking response object

11-06-2024T18:04:20 - [MESSAGE][PASSED] - totalplay.Common.getDecimalValueofObject is PASSED

11-06-2024T18:04:20 - [TEST_STEP][PASSED] - totalplay.Common.getDecimalValueofObject(DeleteAllItem_Response, product_total): totalplay.Common.getDecimalValueofObject is PASSED

11-06-2024T18:04:20 - [MESSAGE][INFO] - Checking response object

11-06-2024T18:04:20 - [MESSAGE][PASSED] - totalplay.Common.getDecimalValueofObject is PASSED

11-06-2024T18:04:20 - [TEST_STEP][PASSED] - totalplay.Common.verifyPropertyExist(DeleteAllItem_Response, shipment_id): totalplay.Common.verifyPropertyExist is PASSED

11-06-2024T18:04:20 - [MESSAGE][INFO] - Checking response object

11-06-2024T18:04:20 - [MESSAGE][PASSED] - totalplay.Common.verifyPropertyExist is PASSED

11-06-2024T18:04:20 - [TEST_STEP][PASSED] - totalplay.Common.verifyPropertyValueExist(DeleteAllItem_Response, shipment_id): totalplay.Common.verifyPropertyValueExist is PASSED

11-06-2024T18:04:20 - [MESSAGE][INFO] - Checking response object

11-06-2024T18:04:20 - [MESSAGE][INFO] - me

11-06-2024T18:04:20 - [MESSAGE][PASSED] - totalplay.Common.verifyPropertyValueExist is PASSED

11-06-2024T18:04:20 - [TEST_STEP][PASSED] - totalplay.Common.getDecimalValueofObject(DeleteAllItem_Response, shipment_total): totalplay.Common.getDecimalValueofObject is PASSED

11-06-2024T18:04:20 - [MESSAGE][INFO] - Checking response object

11-06-2024T18:04:20 - [MESSAGE][PASSED] - totalplay.Common.getDecimalValueofObject is PASSED

11-06-2024T18:04:20 - [TEST_STEP][PASSED] - totalplay.Common.verifyPropertyExist(DeleteAllItem_Response, shipping_method_type): totalplay.Common.verifyPropertyExist is PASSED

11-06-2024T18:04:20 - [MESSAGE][INFO] - Checking response object

11-06-2024T18:04:20 - [MESSAGE][PASSED] - totalplay.Common.verifyPropertyExist is PASSED

11-06-2024T18:04:20 - [TEST_STEP][PASSED] - totalplay.Common.verifyPropertyValueExist(DeleteAllItem_Response, shipping_method_type): totalplay.Common.verifyPropertyValueExist is PASSED

11-06-2024T18:04:20 - [MESSAGE][INFO] - Checking response object

11-06-2024T18:04:20 - [MESSAGE][INFO] - shipping_method

11-06-2024T18:04:20 - [MESSAGE][PASSED] - totalplay.Common.verifyPropertyValueExist is PASSED

11-06-2024T18:04:20 - [TEST_STEP][PASSED] - totalplay.Common.verifyPropertyExist(DeleteAllItem_Response, shipping_method_id): totalplay.Common.verifyPropertyExist is PASSED

11-06-2024T18:04:20 - [MESSAGE][INFO] - Checking response object

11-06-2024T18:04:20 - [MESSAGE][PASSED] - totalplay.Common.verifyPropertyExist is PASSED

11-06-2024T18:04:20 - [TEST_STEP][PASSED] - totalplay.Common.verifyPropertyValueExist(DeleteAllItem_Response, shipping_method_id): totalplay.Common.verifyPropertyValueExist is PASSED

11-06-2024T18:04:20 - [MESSAGE][INFO] - Checking response object

11-06-2024T18:04:20 - [MESSAGE][INFO] - ESTAFETA

11-06-2024T18:04:20 - [MESSAGE][PASSED] - totalplay.Common.verifyPropertyValueExist is PASSED

11-06-2024T18:04:20 - [TEST_STEP][PASSED] - totalplay.Common.verifyPropertyExist(DeleteAllItem_Response, shipping_method_name): totalplay.Common.verifyPropertyExist is PASSED

11-06-2024T18:04:20 - [MESSAGE][INFO] - Checking response object

11-06-2024T18:04:20 - [MESSAGE][PASSED] - totalplay.Common.verifyPropertyExist is PASSED

11-06-2024T18:04:20 - [TEST_STEP][PASSED] - totalplay.Common.verifyPropertyValueExist(DeleteAllItem_Response, shipping_method_name): totalplay.Common.verifyPropertyValueExist is PASSED

11-06-2024T18:04:20 - [MESSAGE][INFO] - Checking response object

11-06-2024T18:04:20 - [MESSAGE][INFO] - ESTAFETA

11-06-2024T18:04:20 - [MESSAGE][PASSED] - totalplay.Common.verifyPropertyValueExist is PASSED

11-06-2024T18:04:20 - [TEST_STEP][PASSED] - totalplay.Common.getBooleanValueofObject(DeleteAllItem_Response, c_storePickupEnabled): totalplay.Common.getBooleanValueofObject is PASSED

11-06-2024T18:04:20 - [MESSAGE][INFO] - Checking response object

11-06-2024T18:04:20 - [MESSAGE][PASSED] - totalplay.Common.getBooleanValueofObject is PASSED

11-06-2024T18:04:20 - [TEST_STEP][PASSED] - totalplay.Common.verifyPropertyExist(DeleteAllItem_Response, shipping_status): totalplay.Common.verifyPropertyExist is PASSED

11-06-2024T18:04:20 - [MESSAGE][INFO] - Checking response object

11-06-2024T18:04:20 - [MESSAGE][PASSED] - totalplay.Common.verifyPropertyExist is PASSED

11-06-2024T18:04:20 - [TEST_STEP][PASSED] - totalplay.Common.verifyPropertyValueExist(DeleteAllItem_Response, shipping_status): totalplay.Common.verifyPropertyValueExist is PASSED

11-06-2024T18:04:20 - [MESSAGE][INFO] - Checking response object

11-06-2024T18:04:20 - [MESSAGE][INFO] - not_shipped

11-06-2024T18:04:20 - [MESSAGE][PASSED] - totalplay.Common.verifyPropertyValueExist is PASSED

11-06-2024T18:04:20 - [TEST_STEP][PASSED] - totalplay.Common.getBooleanValueofObject(DeleteAllItem_Response, shipping_total): totalplay.Common.getBooleanValueofObject is PASSED

11-06-2024T18:04:20 - [MESSAGE][INFO] - Checking response object

11-06-2024T18:04:21 - [MESSAGE][PASSED] - totalplay.Common.getBooleanValueofObject is PASSED

11-06-2024T18:04:21 - [TEST_STEP][PASSED] - totalplay.Common.getBooleanValueofObject(DeleteAllItem_Response, shipping_total_tax): totalplay.Common.getBooleanValueofObject is PASSED

11-06-2024T18:04:21 - [MESSAGE][INFO] - Checking response object

11-06-2024T18:04:21 - [MESSAGE][PASSED] - totalplay.Common.getBooleanValueofObject is PASSED

11-06-2024T18:04:21 - [TEST_STEP][PASSED] - totalplay.Common.verifyPropertyExist(DeleteAllItem_Response, shipping_items_item_id): totalplay.Common.verifyPropertyExist is PASSED

11-06-2024T18:04:21 - [MESSAGE][INFO] - Checking response object

11-06-2024T18:04:21 - [MESSAGE][PASSED] - totalplay.Common.verifyPropertyExist is PASSED

11-06-2024T18:04:21 - [TEST_STEP][PASSED] - totalplay.Common.verifyPropertyValueExist(DeleteAllItem_Response, shipping_items_item_id): totalplay.Common.verifyPropertyValueExist is PASSED

11-06-2024T18:04:21 - [MESSAGE][INFO] - Checking response object

11-06-2024T18:04:21 - [MESSAGE][INFO] - 406fc2f95f021f6c9099629444

11-06-2024T18:04:21 - [MESSAGE][PASSED] - totalplay.Common.verifyPropertyValueExist is PASSED

11-06-2024T18:04:21 - [TEST_STEP][PASSED] - totalplay.Common.verifyPropertyExist(DeleteAllItem_Response, shipping_items_item_text): totalplay.Common.verifyPropertyExist is PASSED

11-06-2024T18:04:21 - [MESSAGE][INFO] - Checking response object

11-06-2024T18:04:21 - [MESSAGE][PASSED] - totalplay.Common.verifyPropertyExist is PASSED

11-06-2024T18:04:21 - [TEST_STEP][PASSED] - totalplay.Common.verifyPropertyValueExist(DeleteAllItem_Response, shipping_items_item_text): totalplay.Common.verifyPropertyValueExist is PASSED

11-06-2024T18:04:21 - [MESSAGE][INFO] - Checking response object

11-06-2024T18:04:21 - [MESSAGE][INFO] - Shipping

11-06-2024T18:04:21 - [MESSAGE][PASSED] - totalplay.Common.verifyPropertyValueExist is PASSED

11-06-2024T18:04:21 - [TEST_STEP][PASSED] - totalplay.Common.getBooleanValueofObject(DeleteAllItem_Response, price): totalplay.Common.getBooleanValueofObject is PASSED

11-06-2024T18:04:21 - [MESSAGE][INFO] - Checking response object

11-06-2024T18:04:21 - [MESSAGE][PASSED] - totalplay.Common.getBooleanValueofObject is PASSED

11-06-2024T18:04:21 - [TEST_STEP][PASSED] - totalplay.Common.getBooleanValueofObject(DeleteAllItem_Response, price_after_item_discount): totalplay.Common.getBooleanValueofObject is PASSED

11-06-2024T18:04:21 - [MESSAGE][INFO] - Checking response object

11-06-2024T18:04:21 - [MESSAGE][PASSED] - totalplay.Common.getBooleanValueofObject is PASSED

11-06-2024T18:04:21 - [TEST_STEP][PASSED] - totalplay.Common.getDecimalValueofObject(DeleteAllItem_Response, tax_basis): totalplay.Common.getDecimalValueofObject is PASSED

11-06-2024T18:04:21 - [MESSAGE][INFO] - Checking response object

11-06-2024T18:04:21 - [MESSAGE][PASSED] - totalplay.Common.getDecimalValueofObject is PASSED

11-06-2024T18:04:21 - [TEST_STEP][PASSED] - totalplay.Common.verifyPropertyExist(DeleteAllItem_Response, tax_class_id): totalplay.Common.verifyPropertyExist is PASSED

11-06-2024T18:04:21 - [MESSAGE][INFO] - Checking response object

11-06-2024T18:04:21 - [MESSAGE][PASSED] - totalplay.Common.verifyPropertyExist is PASSED

11-06-2024T18:04:21 - [TEST_STEP][PASSED] - totalplay.Common.verifyPropertyValueExist(DeleteAllItem_Response, tax_class_id): totalplay.Common.verifyPropertyValueExist is PASSED

11-06-2024T18:04:21 - [MESSAGE][INFO] - Checking response object

11-06-2024T18:04:21 - [MESSAGE][INFO] - estafeta_ship_tax

11-06-2024T18:04:21 - [MESSAGE][PASSED] - totalplay.Common.verifyPropertyValueExist is PASSED

11-06-2024T18:04:21 - [TEST_STEP][PASSED] - totalplay.Common.verifyPropertyExist(DeleteAllItem_Response, c_corporateImgUrl): totalplay.Common.verifyPropertyExist is PASSED

11-06-2024T18:04:21 - [MESSAGE][INFO] - Checking response object

11-06-2024T18:04:21 - [MESSAGE][PASSED] - totalplay.Common.verifyPropertyExist is PASSED

11-06-2024T18:04:21 - [TEST_STEP][PASSED] - totalplay.Common.verifyPropertyValueExist(DeleteAllItem_Response, c_corporateImgUrl): totalplay.Common.verifyPropertyValueExist is PASSED

11-06-2024T18:04:21 - [MESSAGE][INFO] - Checking response object

11-06-2024T18:04:21 - [MESSAGE][INFO] - https://salesforceqa.sistemastp.com.mx/on/demandware.static/-/Sites/default/dw261b1b6d/images/seller/202990278.50446941666

11-06-2024T18:04:21 - [MESSAGE][PASSED] - totalplay.Common.verifyPropertyValueExist is PASSED

11-06-2024T18:04:21 - [TEST_STEP][PASSED] - totalplay.Common.getBooleanValueofObject(DeleteAllItem_Response, c_isLock): totalplay.Common.getBooleanValueofObject is PASSED

11-06-2024T18:04:21 - [MESSAGE][INFO] - Checking response object

11-06-2024T18:04:21 - [MESSAGE][PASSED] - totalplay.Common.getBooleanValueofObject is PASSED

11-06-2024T18:04:21 - [TEST_STEP][PASSED] - totalplay.Common.verifyPropertyExist(DeleteAllItem_Response, c_lockTime): totalplay.Common.verifyPropertyExist is PASSED

11-06-2024T18:04:21 - [MESSAGE][INFO] - Checking response object

11-06-2024T18:04:21 - [MESSAGE][PASSED] - totalplay.Common.verifyPropertyExist is PASSED

11-06-2024T18:04:21 - [TEST_STEP][PASSED] - totalplay.Common.verifyPropertyValueExist(DeleteAllItem_Response, c_lockTime): totalplay.Common.verifyPropertyValueExist is PASSED

11-06-2024T18:04:21 - [MESSAGE][INFO] - Checking response object

11-06-2024T18:04:21 - [MESSAGE][INFO] - 2024-06-11T12:34:19.073Z

11-06-2024T18:04:21 - [MESSAGE][PASSED] - totalplay.Common.verifyPropertyValueExist is PASSED

11-06-2024T18:04:21 - [TEST_STEP][PASSED] - totalplay.Common.getBooleanValueofObject(DeleteAllItem_Response, c_isMiraklOrder): totalplay.Common.getBooleanValueofObject is PASSED

11-06-2024T18:04:21 - [MESSAGE][INFO] - Checking response object

11-06-2024T18:04:21 - [MESSAGE][PASSED] - totalplay.Common.getBooleanValueofObject is PASSED

11-06-2024T18:04:21 - [TEST_STEP][PASSED] - totalplay.Common.verifyPropertyExist(DeleteAllItem_Response, c_seller_id): totalplay.Common.verifyPropertyExist is PASSED

11-06-2024T18:04:21 - [MESSAGE][INFO] - Checking response object

11-06-2024T18:04:21 - [MESSAGE][PASSED] - totalplay.Common.verifyPropertyExist is PASSED

11-06-2024T18:04:21 - [TEST_STEP][PASSED] - totalplay.Common.verifyPropertyValueExist(DeleteAllItem_Response, c_seller_id): totalplay.Common.verifyPropertyValueExist is PASSED

11-06-2024T18:04:21 - [MESSAGE][INFO] - Checking response object

11-06-2024T18:04:21 - [MESSAGE][INFO] - 2029

11-06-2024T18:04:21 - [MESSAGE][PASSED] - totalplay.Common.verifyPropertyValueExist is PASSED

11-06-2024T18:04:21 - [TEST_STEP][PASSED] - totalplay.Common.verifyPropertyExist(DeleteAllItem_Response, c_SellerList_name): totalplay.Common.verifyPropertyExist is PASSED

11-06-2024T18:04:21 - [MESSAGE][INFO] - Checking response object

11-06-2024T18:04:21 - [MESSAGE][PASSED] - totalplay.Common.verifyPropertyExist is PASSED

11-06-2024T18:04:21 - [TEST_STEP][PASSED] - totalplay.Common.verifyPropertyValueExist(DeleteAllItem_Response, c_SellerList_name): totalplay.Common.verifyPropertyValueExist is PASSED

11-06-2024T18:04:21 - [MESSAGE][INFO] - Checking response object

11-06-2024T18:04:21 - [MESSAGE][INFO] - FlamingWok

11-06-2024T18:04:21 - [MESSAGE][PASSED] - totalplay.Common.verifyPropertyValueExist is PASSED

11-06-2024T18:04:21 - [TEST_STEP][FAILED] - totalplay.Common.verifyPropertyExist(DeleteAllItem_Response, c_SellerList_corporateImgURL): Test Cases/TotalPlay-Shop/TC_23_DeleteAllItem FAILED.
Reason:
Assertion failed: 

assert PropertyCount>0
       |            |
       0            false

	at totalplay.Common.verifyPropertyExist(Common.groovy:40)
	at jdk.internal.reflect.GeneratedMethodAccessor7.invoke(Unknown Source)
	at java.base/jdk.internal.reflect.DelegatingMethodAccessorImpl.invoke(DelegatingMethodAccessorImpl.java:43)
	at com.kms.katalon.core.main.CustomKeywordDelegatingMetaClass.invokeStaticMethod(CustomKeywordDelegatingMetaClass.java:55)
	at TC_23_DeleteAllItem.run(TC_23_DeleteAllItem:197)
	at com.kms.katalon.core.main.ScriptEngine.run(ScriptEngine.java:194)
	at com.kms.katalon.core.main.ScriptEngine.runScriptAsRawText(ScriptEngine.java:119)
	at com.kms.katalon.core.main.TestCaseExecutor.runScript(TestCaseExecutor.java:448)
	at com.kms.katalon.core.main.TestCaseExecutor.doExecute(TestCaseExecutor.java:439)
	at com.kms.katalon.core.main.TestCaseExecutor.processExecutionPhase(TestCaseExecutor.java:418)
	at com.kms.katalon.core.main.TestCaseExecutor.accessMainPhase(TestCaseExecutor.java:410)
	at com.kms.katalon.core.main.TestCaseExecutor.execute(TestCaseExecutor.java:285)
	at com.kms.katalon.core.common.CommonExecutor.accessTestCaseMainPhase(CommonExecutor.java:65)
	at com.kms.katalon.core.main.TestSuiteExecutor.accessTestSuiteMainPhase(TestSuiteExecutor.java:150)
	at com.kms.katalon.core.main.TestSuiteExecutor.execute(TestSuiteExecutor.java:106)
	at com.kms.katalon.core.main.TestCaseMain.startTestSuite(TestCaseMain.java:180)
	at TempTestSuite1718109097791.run(TempTestSuite1718109097791.groovy:35)
	at java.base/jdk.internal.reflect.NativeMethodAccessorImpl.invoke0(Native Method)
	at java.base/jdk.internal.reflect.NativeMethodAccessorImpl.invoke(NativeMethodAccessorImpl.java:77)
	at java.base/jdk.internal.reflect.DelegatingMethodAccessorImpl.invoke(DelegatingMethodAccessorImpl.java:43)


11-06-2024T18:04:21 - [MESSAGE][INFO] - Checking response object

11-06-2024T18:04:21 - [MESSAGE][FAILED] - Assertion failed: 

assert PropertyCount>0
       |            |
       0            false


11-06-2024T18:04:21 - [MESSAGE][FAILED] - Test Cases/TotalPlay-Shop/TC_23_DeleteAllItem FAILED.
Reason:
Assertion failed: 

assert PropertyCount>0
       |            |
       0            false

	at totalplay.Common.verifyPropertyExist(Common.groovy:40)
	at jdk.internal.reflect.GeneratedMethodAccessor7.invoke(Unknown Source)
	at java.base/jdk.internal.reflect.DelegatingMethodAccessorImpl.invoke(DelegatingMethodAccessorImpl.java:43)
	at com.kms.katalon.core.main.CustomKeywordDelegatingMetaClass.invokeStaticMethod(CustomKeywordDelegatingMetaClass.java:55)
	at TC_23_DeleteAllItem.run(TC_23_DeleteAllItem:197)
	at com.kms.katalon.core.main.ScriptEngine.run(ScriptEngine.java:194)
	at com.kms.katalon.core.main.ScriptEngine.runScriptAsRawText(ScriptEngine.java:119)
	at com.kms.katalon.core.main.TestCaseExecutor.runScript(TestCaseExecutor.java:448)
	at com.kms.katalon.core.main.TestCaseExecutor.doExecute(TestCaseExecutor.java:439)
	at com.kms.katalon.core.main.TestCaseExecutor.processExecutionPhase(TestCaseExecutor.java:418)
	at com.kms.katalon.core.main.TestCaseExecutor.accessMainPhase(TestCaseExecutor.java:410)
	at com.kms.katalon.core.main.TestCaseExecutor.execute(TestCaseExecutor.java:285)
	at com.kms.katalon.core.common.CommonExecutor.accessTestCaseMainPhase(CommonExecutor.java:65)
	at com.kms.katalon.core.main.TestSuiteExecutor.accessTestSuiteMainPhase(TestSuiteExecutor.java:150)
	at com.kms.katalon.core.main.TestSuiteExecutor.execute(TestSuiteExecutor.java:106)
	at com.kms.katalon.core.main.TestCaseMain.startTestSuite(TestCaseMain.java:180)
	at TempTestSuite1718109097791.run(TempTestSuite1718109097791.groovy:35)
	at java.base/jdk.internal.reflect.NativeMethodAccessorImpl.invoke0(Native Method)
	at java.base/jdk.internal.reflect.NativeMethodAccessorImpl.invoke(NativeMethodAccessorImpl.java:77)
	at java.base/jdk.internal.reflect.DelegatingMethodAccessorImpl.invoke(DelegatingMethodAccessorImpl.java:43)]]></system-out>
         <system-err><![CDATA[11-06-2024T18:04:15 - [TEST_CASE][ERROR] - Test Cases/TotalPlay-Shop/TC_23_DeleteAllItem: Test Cases/TotalPlay-Shop/TC_23_DeleteAllItem FAILED.
Reason:
org.codehaus.groovy.runtime.InvokerInvocationException: Assertion failed: 

assert PropertyCount>0
       |            |
       0            false

	at com.kms.katalon.core.main.CustomKeywordDelegatingMetaClass.invokeStaticMethod(CustomKeywordDelegatingMetaClass.java:55)
	at TC_23_DeleteAllItem.run(TC_23_DeleteAllItem:197)
	at com.kms.katalon.core.main.ScriptEngine.run(ScriptEngine.java:194)
	at com.kms.katalon.core.main.ScriptEngine.runScriptAsRawText(ScriptEngine.java:119)
	at com.kms.katalon.core.main.TestCaseExecutor.runScript(TestCaseExecutor.java:448)
	at com.kms.katalon.core.main.TestCaseExecutor.doExecute(TestCaseExecutor.java:439)
	at com.kms.katalon.core.main.TestCaseExecutor.processExecutionPhase(TestCaseExecutor.java:418)
	at com.kms.katalon.core.main.TestCaseExecutor.accessMainPhase(TestCaseExecutor.java:410)
	at com.kms.katalon.core.main.TestCaseExecutor.execute(TestCaseExecutor.java:285)
	at com.kms.katalon.core.common.CommonExecutor.accessTestCaseMainPhase(CommonExecutor.java:65)
	at com.kms.katalon.core.main.TestSuiteExecutor.accessTestSuiteMainPhase(TestSuiteExecutor.java:150)
	at com.kms.katalon.core.main.TestSuiteExecutor.execute(TestSuiteExecutor.java:106)
	at com.kms.katalon.core.main.TestCaseMain.startTestSuite(TestCaseMain.java:180)
	at TempTestSuite1718109097791.run(TempTestSuite1718109097791.groovy:35)
	at java.base/jdk.internal.reflect.NativeMethodAccessorImpl.invoke0(Native Method)
	at java.base/jdk.internal.reflect.NativeMethodAccessorImpl.invoke(NativeMethodAccessorImpl.java:77)
	at java.base/jdk.internal.reflect.DelegatingMethodAccessorImpl.invoke(DelegatingMethodAccessorImpl.java:43)
Caused by: Assertion failed: 

assert PropertyCount>0
       |            |
       0            false

	at totalplay.Common.verifyPropertyExist(Common.groovy:40)
	at jdk.internal.reflect.GeneratedMethodAccessor7.invoke(Unknown Source)
	at java.base/jdk.internal.reflect.DelegatingMethodAccessorImpl.invoke(DelegatingMethodAccessorImpl.java:43)
	... 17 more]]></system-err>
      </testcase>
      <testcase name="Test Cases/TotalPlay-Shop/TC_24_SetBillingandShipment" time="9.786" classname="Test Cases/TotalPlay-Shop/TC_24_SetBillingandShipment" status="PASSED">
         <system-out><![CDATA[11-06-2024T18:04:21 - [TEST_CASE][PASSED] - Test Cases/TotalPlay-Shop/TC_24_SetBillingandShipment: Test Cases/TotalPlay-Shop/TC_24_SetBillingandShipment

11-06-2024T18:04:22 - [TEST_STEP][PASSED] - callTestCase(findTestCase("TotalPlay-Shop/TC_1_InterfaceLogin"), [:], STOP_ON_FAILURE): Call Test Case 'Test Cases/TotalPlay-Shop/TC_1_InterfaceLogin' successfully

11-06-2024T18:04:22 - [MESSAGE][INFO] - Checking called Test Case

11-06-2024T18:04:22 - [MESSAGE][INFO] - Starting to call Test Case 'Test Cases/TotalPlay-Shop/TC_1_InterfaceLogin'

11-06-2024T18:04:22 - [TEST_CASE][PASSED] - Test Cases/TotalPlay-Shop/TC_1_InterfaceLogin: Test Cases/TotalPlay-Shop/TC_1_InterfaceLogin

11-06-2024T18:04:22 - [TEST_STEP][PASSED] - LoginResponse = sendRequest(findTestObject("TotalPlay-Shop/Interface Login (SLAS)", ["URL":URL, "SITEID":SITEID])): Send request successfully

11-06-2024T18:04:22 - [MESSAGE][INFO] - Finding Test Object 'Object Repository/TotalPlay-Shop/Interface Login (SLAS)'

11-06-2024T18:04:22 - [MESSAGE][INFO] - Checking request object

11-06-2024T18:04:24 - [MESSAGE][INFO] - HAR: D:\Automation\KogniveraGithub\TotalPlay_Automation\totalplay-API\totalplay-automation\Reports\20240611_180136\Shop-Services\20240611_180137\requests\main\53.har

11-06-2024T18:04:24 - [MESSAGE][PASSED] - Send request successfully

11-06-2024T18:04:24 - [TEST_STEP][PASSED] - assert getResponseStatusCode(LoginResponse) == 200: Checking response object

11-06-2024T18:04:24 - [MESSAGE][INFO] - Checking response object

11-06-2024T18:04:24 - [TEST_STEP][PASSED] - Auth = "ocapiResponse.access_token": null

11-06-2024T18:04:24 - [TEST_STEP][PASSED] - sfccAuthorization = getElementPropertyValue(LoginResponse, Auth): Checking response object

11-06-2024T18:04:24 - [MESSAGE][INFO] - Checking response object

11-06-2024T18:04:24 - [TEST_STEP][PASSED] - logInfo(sfccAuthorization): eyJ2ZXIiOiIxLjAiLCJqa3UiOiJzbGFzL3Byb2QvYmpjbF9kZXYiLCJraWQiOiIzOWM0NGRmMy01OGI5LTQ3YWEtODNhMC05NWMwOTBiZGNkMzciLCJ0eXAiOiJqd3QiLCJjbHYiOiJKMi4zLjQiLCJhbGciOiJFUzI1NiJ9.eyJhdXQiOiJHVUlEIiwic2NwIjoic2ZjYy5zaG9wcGVyLW15YWNjb3VudC5iYXNrZXRzIHNmY2Muc2hvcHBlci1kaXNjb3Zlcnktc2VhcmNoIHNmY2Muc2hvcHBlci1teWFjY291bnQuYWRkcmVzc2VzIHNmY2Muc2hvcHBlci1wcm9kdWN0cyBzZmNjLnNob3BwZXItbXlhY2NvdW50LnJ3IHNmY2Muc2hvcHBlci1teWFjY291bnQucGF5bWVudGluc3RydW1lbnRzIHNmY2Muc2hvcHBlci1jdXN0b21lcnMubG9naW4gc2ZjYy5zaG9wcGVyLXN0b3JlcyBzZmNjLnNob3BwZXItbXlhY2NvdW50Lm9yZGVycyBzZmNjLnNob3BwZXItYmFza2V0cy1vcmRlcnMgc2ZjYy5zaG9wcGVyLWN1c3RvbWVycy5yZWdpc3RlciBzZmNjLnNob3BwZXItbXlhY2NvdW50LmFkZHJlc3Nlcy5ydyBzZmNjLnNob3BwZXItbXlhY2NvdW50LnByb2R1Y3RsaXN0cy5ydyBzZmNjLnNob3BwZXItcHJvZHVjdGxpc3RzIHNmY2Muc2hvcHBlci1wcm9tb3Rpb25zIHNmY2Muc2hvcHBlci1iYXNrZXRzLW9yZGVycy5ydyBzZmNjLnNob3BwZXItZ2lmdC1jZXJ0aWZpY2F0ZXMgc2ZjYy5zaG9wcGVyLW15YWNjb3VudC5wYXltZW50aW5zdHJ1bWVudHMucncgc2ZjYy5zaG9wcGVyLXByb2R1Y3Qtc2VhcmNoIHNmY2Muc2hvcHBlci1teWFjY291bnQucHJvZHVjdGxpc3RzIHNmY2Muc2hvcHBlci1jYXRlZ29yaWVzIHNmY2Muc2hvcHBlci1teWFjY291bnQiLCJzdWIiOiJjYy1zbGFzOjpiamNsX2Rldjo6c2NpZDo1ZDI1ZjVmYS01YTRmLTQ2YjUtYTIxMS04NzU1NDJjODVhYzE6OnVzaWQ6ZmIyMmZjMDUtOTdiNS00ZjVkLWFhMGItNzA0NjU4MTYzZmJiIiwiY3R4Ijoic2xhcyIsImlzcyI6InNsYXMvcHJvZC9iamNsX2RldiIsImlzdCI6MSwiZG50IjoiMCIsImF1ZCI6ImNvbW1lcmNlY2xvdWQvcHJvZC9iamNsX2RldiIsIm5iZiI6MTcxODEwOTIzNCwic3R5IjoiVXNlciIsImlzYiI6InVpZG86ZWNvbTo6dXBuOnFhLnRvdGFscGxheSswMTAwOTg3MTA1QGdtYWlsLmNvbTo6dWlkbjpSaWNhcmRvICBDb3JvbmEgQ3J1ejo6Z2NpZDphYnhLZ1drS3hIa2JzUm1yQkdscVlZeEh0STo6cmNpZDphY25SYldxdWpIQ3BnOW9xNlYyaGt1VGFTVzo6Y2hpZDpUUC1TSE9QIiwiZXhwIjoxNzE4MTExMDY0LCJpYXQiOjE3MTgxMDkyNjQsImp0aSI6IkMyQy0xMzExNTYzNTcwMTc4NzUxMTg1MDEwMjMxMjQwMTAwODg5ODMifQ.7j23SeQ8jqidhKT0RyYUaN-GREwpS3i6k9AlMOt24OzYkoWc_Pr0Ve3pPUXq-gMZTq0YzoW9tPGkFQr1S-lmow

11-06-2024T18:04:24 - [MESSAGE][INFO] - eyJ2ZXIiOiIxLjAiLCJqa3UiOiJzbGFzL3Byb2QvYmpjbF9kZXYiLCJraWQiOiIzOWM0NGRmMy01OGI5LTQ3YWEtODNhMC05NWMwOTBiZGNkMzciLCJ0eXAiOiJqd3QiLCJjbHYiOiJKMi4zLjQiLCJhbGciOiJFUzI1NiJ9.eyJhdXQiOiJHVUlEIiwic2NwIjoic2ZjYy5zaG9wcGVyLW15YWNjb3VudC5iYXNrZXRzIHNmY2Muc2hvcHBlci1kaXNjb3Zlcnktc2VhcmNoIHNmY2Muc2hvcHBlci1teWFjY291bnQuYWRkcmVzc2VzIHNmY2Muc2hvcHBlci1wcm9kdWN0cyBzZmNjLnNob3BwZXItbXlhY2NvdW50LnJ3IHNmY2Muc2hvcHBlci1teWFjY291bnQucGF5bWVudGluc3RydW1lbnRzIHNmY2Muc2hvcHBlci1jdXN0b21lcnMubG9naW4gc2ZjYy5zaG9wcGVyLXN0b3JlcyBzZmNjLnNob3BwZXItbXlhY2NvdW50Lm9yZGVycyBzZmNjLnNob3BwZXItYmFza2V0cy1vcmRlcnMgc2ZjYy5zaG9wcGVyLWN1c3RvbWVycy5yZWdpc3RlciBzZmNjLnNob3BwZXItbXlhY2NvdW50LmFkZHJlc3Nlcy5ydyBzZmNjLnNob3BwZXItbXlhY2NvdW50LnByb2R1Y3RsaXN0cy5ydyBzZmNjLnNob3BwZXItcHJvZHVjdGxpc3RzIHNmY2Muc2hvcHBlci1wcm9tb3Rpb25zIHNmY2Muc2hvcHBlci1iYXNrZXRzLW9yZGVycy5ydyBzZmNjLnNob3BwZXItZ2lmdC1jZXJ0aWZpY2F0ZXMgc2ZjYy5zaG9wcGVyLW15YWNjb3VudC5wYXltZW50aW5zdHJ1bWVudHMucncgc2ZjYy5zaG9wcGVyLXByb2R1Y3Qtc2VhcmNoIHNmY2Muc2hvcHBlci1teWFjY291bnQucHJvZHVjdGxpc3RzIHNmY2Muc2hvcHBlci1jYXRlZ29yaWVzIHNmY2Muc2hvcHBlci1teWFjY291bnQiLCJzdWIiOiJjYy1zbGFzOjpiamNsX2Rldjo6c2NpZDo1ZDI1ZjVmYS01YTRmLTQ2YjUtYTIxMS04NzU1NDJjODVhYzE6OnVzaWQ6ZmIyMmZjMDUtOTdiNS00ZjVkLWFhMGItNzA0NjU4MTYzZmJiIiwiY3R4Ijoic2xhcyIsImlzcyI6InNsYXMvcHJvZC9iamNsX2RldiIsImlzdCI6MSwiZG50IjoiMCIsImF1ZCI6ImNvbW1lcmNlY2xvdWQvcHJvZC9iamNsX2RldiIsIm5iZiI6MTcxODEwOTIzNCwic3R5IjoiVXNlciIsImlzYiI6InVpZG86ZWNvbTo6dXBuOnFhLnRvdGFscGxheSswMTAwOTg3MTA1QGdtYWlsLmNvbTo6dWlkbjpSaWNhcmRvICBDb3JvbmEgQ3J1ejo6Z2NpZDphYnhLZ1drS3hIa2JzUm1yQkdscVlZeEh0STo6cmNpZDphY25SYldxdWpIQ3BnOW9xNlYyaGt1VGFTVzo6Y2hpZDpUUC1TSE9QIiwiZXhwIjoxNzE4MTExMDY0LCJpYXQiOjE3MTgxMDkyNjQsImp0aSI6IkMyQy0xMzExNTYzNTcwMTc4NzUxMTg1MDEwMjMxMjQwMTAwODg5ODMifQ.7j23SeQ8jqidhKT0RyYUaN-GREwpS3i6k9AlMOt24OzYkoWc_Pr0Ve3pPUXq-gMZTq0YzoW9tPGkFQr1S-lmow

11-06-2024T18:04:24 - [TEST_STEP][PASSED] - Authorization = "Bearer " + sfccAuthorization: null

11-06-2024T18:04:24 - [TEST_STEP][PASSED] - logInfo(bm_auth_token): 

11-06-2024T18:04:24 - [MESSAGE][INFO] - 

11-06-2024T18:04:24 - [TEST_STEP][PASSED] - if (sfccAuthorization.length() == 0): null

11-06-2024T18:04:24 - [TEST_STEP][PASSED] - else: authorization generated

11-06-2024T18:04:24 - [TEST_STEP][PASSED] - markPassed("authorization generated"): authorization generated

11-06-2024T18:04:24 - [MESSAGE][PASSED] - authorization generated

11-06-2024T18:04:24 - [TEST_STEP][PASSED] - BasketId_loginResponse = "ocapiResponse.c_basketId": null

11-06-2024T18:04:24 - [TEST_STEP][PASSED] - CustomerId_loginResponse = "ocapiResponse.customer_id": null

11-06-2024T18:04:24 - [TEST_STEP][PASSED] - basketId = getElementPropertyValue(LoginResponse, BasketId_loginResponse): Checking response object

11-06-2024T18:04:24 - [MESSAGE][INFO] - Checking response object

11-06-2024T18:04:25 - [TEST_STEP][PASSED] - customerId = getElementPropertyValue(LoginResponse, CustomerId_loginResponse): Checking response object

11-06-2024T18:04:25 - [MESSAGE][INFO] - Checking response object

11-06-2024T18:04:25 - [TEST_STEP][PASSED] - basketID = basketId: null

11-06-2024T18:04:25 - [TEST_STEP][PASSED] - sla_customerId = customerId: null

11-06-2024T18:04:25 - [TEST_STEP][PASSED] - println(basketID): null

11-06-2024T18:04:25 - [TEST_STEP][PASSED] - println(sla_customerId): null

11-06-2024T18:04:25 - [TEST_STEP][PASSED] - refresh_token = "ocapiResponse.refresh_token": null

11-06-2024T18:04:25 - [TEST_STEP][PASSED] - customer_email = "ocapiResponse.customer_email": null

11-06-2024T18:04:25 - [TEST_STEP][PASSED] - c_brmId = "ocapiResponse.c_brmId": null

11-06-2024T18:04:25 - [TEST_STEP][PASSED] - customer_name = "ocapiResponse.customer_name": null

11-06-2024T18:04:25 - [TEST_STEP][PASSED] - totalplay.Common.verifyPropertyExist(LoginResponse, refresh_token): totalplay.Common.verifyPropertyExist is PASSED

11-06-2024T18:04:25 - [MESSAGE][INFO] - Checking response object

11-06-2024T18:04:25 - [MESSAGE][PASSED] - totalplay.Common.verifyPropertyExist is PASSED

11-06-2024T18:04:25 - [TEST_STEP][PASSED] - totalplay.Common.verifyPropertyValueExist(LoginResponse, refresh_token): totalplay.Common.verifyPropertyValueExist is PASSED

11-06-2024T18:04:25 - [MESSAGE][INFO] - Checking response object

11-06-2024T18:04:25 - [MESSAGE][INFO] - ikkslpkzRgChujaIF6GYE91t8yN4-wsCEVoARXsz1Wc

11-06-2024T18:04:25 - [MESSAGE][PASSED] - totalplay.Common.verifyPropertyValueExist is PASSED

11-06-2024T18:04:25 - [TEST_STEP][PASSED] - totalplay.Common.verifyPropertyExist(LoginResponse, customer_email): totalplay.Common.verifyPropertyExist is PASSED

11-06-2024T18:04:25 - [MESSAGE][INFO] - Checking response object

11-06-2024T18:04:25 - [MESSAGE][PASSED] - totalplay.Common.verifyPropertyExist is PASSED

11-06-2024T18:04:25 - [TEST_STEP][PASSED] - totalplay.Common.verifyPropertyValueExist(LoginResponse, customer_email): totalplay.Common.verifyPropertyValueExist is PASSED

11-06-2024T18:04:25 - [MESSAGE][INFO] - Checking response object

11-06-2024T18:04:25 - [MESSAGE][INFO] - qa.totalplay@gmail.com

11-06-2024T18:04:25 - [MESSAGE][PASSED] - totalplay.Common.verifyPropertyValueExist is PASSED

11-06-2024T18:04:25 - [TEST_STEP][PASSED] - totalplay.Common.verifyPropertyExist(LoginResponse, customer_name): totalplay.Common.verifyPropertyExist is PASSED

11-06-2024T18:04:25 - [MESSAGE][INFO] - Checking response object

11-06-2024T18:04:25 - [MESSAGE][PASSED] - totalplay.Common.verifyPropertyExist is PASSED

11-06-2024T18:04:25 - [TEST_STEP][PASSED] - totalplay.Common.verifyPropertyValueExist(LoginResponse, customer_name): totalplay.Common.verifyPropertyValueExist is PASSED

11-06-2024T18:04:25 - [MESSAGE][INFO] - Checking response object

11-06-2024T18:04:25 - [MESSAGE][INFO] - Ricardo  Corona Cruz

11-06-2024T18:04:25 - [MESSAGE][PASSED] - totalplay.Common.verifyPropertyValueExist is PASSED

11-06-2024T18:04:25 - [TEST_STEP][PASSED] - totalplay.Common.verifyPropertyExist(LoginResponse, c_brmId): totalplay.Common.verifyPropertyExist is PASSED

11-06-2024T18:04:25 - [MESSAGE][INFO] - Checking response object

11-06-2024T18:04:25 - [MESSAGE][PASSED] - totalplay.Common.verifyPropertyExist is PASSED

11-06-2024T18:04:25 - [TEST_STEP][PASSED] - totalplay.Common.verifyPropertyValueExist(LoginResponse, c_brmId): totalplay.Common.verifyPropertyValueExist is PASSED

11-06-2024T18:04:25 - [MESSAGE][INFO] - Checking response object

11-06-2024T18:04:25 - [MESSAGE][INFO] - 0100987105

11-06-2024T18:04:25 - [MESSAGE][PASSED] - totalplay.Common.verifyPropertyValueExist is PASSED

11-06-2024T18:04:25 - [MESSAGE][PASSED] - Call Test Case 'Test Cases/TotalPlay-Shop/TC_1_InterfaceLogin' successfully

11-06-2024T18:04:25 - [TEST_STEP][PASSED] - AddCart = sendRequest(findTestObject("TotalPlay-Shop/Postman/Cart/AddProductToBasket", ["URL":URL, "SITEID":SITEID, "basketID":basketID])): Send request successfully

11-06-2024T18:04:25 - [MESSAGE][INFO] - Finding Test Object 'Object Repository/TotalPlay-Shop/Postman/Cart/AddProductToBasket'

11-06-2024T18:04:25 - [MESSAGE][INFO] - Checking request object

11-06-2024T18:04:26 - [MESSAGE][INFO] - HAR: D:\Automation\KogniveraGithub\TotalPlay_Automation\totalplay-API\totalplay-automation\Reports\20240611_180136\Shop-Services\20240611_180137\requests\main\54.har

11-06-2024T18:04:26 - [MESSAGE][PASSED] - Send request successfully

11-06-2024T18:04:26 - [TEST_STEP][PASSED] - GetAddress = sendRequest(findTestObject("TotalPlay-Shop/Postman/Address/Get Customer Address", ["URL":URL, "SITEID":SITEID, "sla_customerId":sla_customerId])): Send request successfully

11-06-2024T18:04:26 - [MESSAGE][INFO] - Finding Test Object 'Object Repository/TotalPlay-Shop/Postman/Address/Get Customer Address'

11-06-2024T18:04:26 - [MESSAGE][INFO] - Checking request object

11-06-2024T18:04:26 - [MESSAGE][INFO] - HAR: D:\Automation\KogniveraGithub\TotalPlay_Automation\totalplay-API\totalplay-automation\Reports\20240611_180136\Shop-Services\20240611_180137\requests\main\55.har

11-06-2024T18:04:26 - [MESSAGE][PASSED] - Send request successfully

11-06-2024T18:04:26 - [TEST_STEP][PASSED] - verifyResponseStatusCode(GetAddress, 200): Verify response status code successfully

11-06-2024T18:04:26 - [MESSAGE][INFO] - Checking response object

11-06-2024T18:04:26 - [MESSAGE][PASSED] - Verify response status code successfully

11-06-2024T18:04:26 - [TEST_STEP][PASSED] - SetBillingShipment_Response = sendRequest(findTestObject("TotalPlay-Shop/Postman/Checkout/Set Billing and Shipment", ["URL":URL, "SITEID":SITEID, "basketID":basketID])): Send request successfully

11-06-2024T18:04:26 - [MESSAGE][INFO] - Finding Test Object 'Object Repository/TotalPlay-Shop/Postman/Checkout/Set Billing and Shipment'

11-06-2024T18:04:26 - [MESSAGE][INFO] - Checking request object

11-06-2024T18:04:27 - [MESSAGE][INFO] - HAR: D:\Automation\KogniveraGithub\TotalPlay_Automation\totalplay-API\totalplay-automation\Reports\20240611_180136\Shop-Services\20240611_180137\requests\main\56.har

11-06-2024T18:04:27 - [MESSAGE][PASSED] - Send request successfully

11-06-2024T18:04:27 - [TEST_STEP][PASSED] - totalplay.Common.printResponseinText(SetBillingShipment_Response): totalplay.Common.printResponseinText is PASSED

11-06-2024T18:04:27 - [MESSAGE][PASSED] - totalplay.Common.printResponseinText is PASSED

11-06-2024T18:04:27 - [TEST_STEP][PASSED] - verifyResponseStatusCode(SetBillingShipment_Response, 200): Verify response status code successfully

11-06-2024T18:04:27 - [MESSAGE][INFO] - Checking response object

11-06-2024T18:04:27 - [MESSAGE][PASSED] - Verify response status code successfully

11-06-2024T18:04:27 - [TEST_STEP][PASSED] - _type = "_type": null

11-06-2024T18:04:27 - [TEST_STEP][PASSED] - agent_basket = "agent_basket": null

11-06-2024T18:04:27 - [TEST_STEP][PASSED] - basket_id = "basket_id": null

11-06-2024T18:04:27 - [TEST_STEP][PASSED] - billing_address_address1 = "billing_address.address1": null

11-06-2024T18:04:27 - [TEST_STEP][PASSED] - billing_address_city = "billing_address.city": null

11-06-2024T18:04:27 - [TEST_STEP][PASSED] - billing_address_company_name = "billing_address.company_name": null

11-06-2024T18:04:27 - [TEST_STEP][PASSED] - billing_address_country_code = "billing_address.country_code": null

11-06-2024T18:04:27 - [TEST_STEP][PASSED] - billing_address_first_name = "billing_address.first_name": null

11-06-2024T18:04:27 - [TEST_STEP][PASSED] - billing_address_full_name = "billing_address.full_name": null

11-06-2024T18:04:27 - [TEST_STEP][PASSED] - billing_address_id = "billing_address.id": null

11-06-2024T18:04:27 - [TEST_STEP][PASSED] - billing_address_last_name = "billing_address.last_name": null

11-06-2024T18:04:27 - [TEST_STEP][PASSED] - billing_address_phone = "billing_address.phone": null

11-06-2024T18:04:27 - [TEST_STEP][PASSED] - billing_address_postal_code = "billing_address.postal_code": null

11-06-2024T18:04:27 - [TEST_STEP][PASSED] - billing_address_second_name = "billing_address.second_name": null

11-06-2024T18:04:27 - [TEST_STEP][PASSED] - billing_address_c_alias = "billing_address.c_alias": null

11-06-2024T18:04:27 - [TEST_STEP][PASSED] - billing_address_c_label = "billing_address.c_label": null

11-06-2024T18:04:27 - [TEST_STEP][PASSED] - billing_address_c_latitude = "billing_address.c_latitude": null

11-06-2024T18:04:27 - [TEST_STEP][PASSED] - billing_address_c_longitude = "billing_address.c_longitude": null

11-06-2024T18:04:27 - [TEST_STEP][PASSED] - billing_address_c_nExt = "billing_address.c_nExt": null

11-06-2024T18:04:27 - [TEST_STEP][PASSED] - billing_address_c_rfc = "billing_address.c_rfc": null

11-06-2024T18:04:27 - [TEST_STEP][PASSED] - billing_address_c_state = "billing_address.c_state": null

11-06-2024T18:04:27 - [TEST_STEP][PASSED] - billing_address_c_streetName = "billing_address.c_streetName": null

11-06-2024T18:04:27 - [TEST_STEP][PASSED] - channel_type = "channel_type": null

11-06-2024T18:04:27 - [TEST_STEP][PASSED] - creation_date = "creation_date": null

11-06-2024T18:04:27 - [TEST_STEP][PASSED] - currency = "currency": null

11-06-2024T18:04:27 - [TEST_STEP][PASSED] - customer_id = "customer_info.customer_id": null

11-06-2024T18:04:27 - [TEST_STEP][PASSED] - customer_no = "customer_info.customer_no": null

11-06-2024T18:04:27 - [TEST_STEP][PASSED] - email = "customer_info.email": null

11-06-2024T18:04:27 - [TEST_STEP][PASSED] - last_modified = "last_modified": null

11-06-2024T18:04:27 - [TEST_STEP][PASSED] - link = "notes.link": null

11-06-2024T18:04:27 - [TEST_STEP][PASSED] - order_total = "order_total": null

11-06-2024T18:04:27 - [TEST_STEP][PASSED] - amount = "payment_instruments[0].amount": null

11-06-2024T18:04:27 - [TEST_STEP][PASSED] - payment_instrument_id = "payment_instruments[0].payment_instrument_id": null

11-06-2024T18:04:27 - [TEST_STEP][PASSED] - payment_method_id = "payment_instruments[0].payment_method_id": null

11-06-2024T18:04:27 - [TEST_STEP][PASSED] - base_price = "product_items[0].base_price": null

11-06-2024T18:04:27 - [TEST_STEP][PASSED] - bonus_product_line_item = "product_items[0].bonus_product_line_item": null

11-06-2024T18:04:27 - [TEST_STEP][PASSED] - gift = "product_items[0].gift": null

11-06-2024T18:04:27 - [TEST_STEP][PASSED] - inventory_id = "product_items[0].inventory_id": null

11-06-2024T18:04:27 - [TEST_STEP][PASSED] - item_id = "product_items[0].item_id": null

11-06-2024T18:04:27 - [TEST_STEP][PASSED] - item_text = "product_items[0].item_text": null

11-06-2024T18:04:27 - [TEST_STEP][PASSED] - price = "product_items[0].price": null

11-06-2024T18:04:27 - [TEST_STEP][PASSED] - price_after_item_discount = "product_items[0].price_after_item_discount": null

11-06-2024T18:04:27 - [TEST_STEP][PASSED] - price_after_order_discount = "product_items[0].price_after_order_discount": null

11-06-2024T18:04:27 - [TEST_STEP][PASSED] - product_id = "product_items[0].product_id": null

11-06-2024T18:04:27 - [TEST_STEP][PASSED] - product_name = "product_items[0].product_name": null

11-06-2024T18:04:27 - [TEST_STEP][PASSED] - quantity = "product_items[0].quantity": null

11-06-2024T18:04:27 - [TEST_STEP][PASSED] - shipment_id = "product_items[0].shipment_id": null

11-06-2024T18:04:27 - [TEST_STEP][PASSED] - tax_basis = "product_items[0].tax_basis": null

11-06-2024T18:04:27 - [TEST_STEP][PASSED] - tax = "product_items[0].tax": null

11-06-2024T18:04:27 - [TEST_STEP][PASSED] - c_fromStoreId = "product_items[0].c_fromStoreId": null

11-06-2024T18:04:27 - [TEST_STEP][PASSED] - c_isOnDemandStoreItem = "product_items[0].c_isOnDemandStoreItem": null

11-06-2024T18:04:27 - [TEST_STEP][PASSED] - c_miraklEarliestDeliveryDays = "product_items[0].c_miraklEarliestDeliveryDays": null

11-06-2024T18:04:27 - [TEST_STEP][PASSED] - c_miraklLatestDeliveryDays = "product_items[0].c_miraklLatestDeliveryDays": null

11-06-2024T18:04:27 - [TEST_STEP][PASSED] - c_miraklLeadTimeToShip = "product_items[0].c_miraklLeadTimeToShip": null

11-06-2024T18:04:27 - [TEST_STEP][PASSED] - c_miraklLineShippingPrice = "product_items[0].c_miraklLineShippingPrice": null

11-06-2024T18:04:27 - [TEST_STEP][PASSED] - c_miraklOperatorProductId = "product_items[0].c_miraklOperatorProductId": null

11-06-2024T18:04:27 - [TEST_STEP][PASSED] - c_miraklShippingTaxes = "product_items[0].c_miraklShippingTaxes": null

11-06-2024T18:04:27 - [TEST_STEP][PASSED] - c_offerId = "product_items[0].c_offerId": null

11-06-2024T18:04:27 - [TEST_STEP][PASSED] - c_offerListPrice = "product_items[0].c_offerListPrice": null

11-06-2024T18:04:27 - [TEST_STEP][PASSED] - c_offerSalesPrice = "product_items[0].c_offerSalesPrice": null

11-06-2024T18:04:27 - [TEST_STEP][PASSED] - c_offerState = "product_items[0].c_offerState": null

11-06-2024T18:04:27 - [TEST_STEP][PASSED] - c_offerStateCode = "product_items[0].c_offerStateCode": null

11-06-2024T18:04:27 - [TEST_STEP][PASSED] - alt = "product_items[0].c_productImage[0].alt": null

11-06-2024T18:04:27 - [TEST_STEP][PASSED] - url = "product_items[0].c_productImage[0].url": null

11-06-2024T18:04:27 - [TEST_STEP][PASSED] - title = "product_items[0].c_productImage[0].title": null

11-06-2024T18:04:27 - [TEST_STEP][PASSED] - c_shopId = "product_items[0].c_shopId": null

11-06-2024T18:04:27 - [TEST_STEP][PASSED] - c_shopName = "product_items[0].c_shopName": null

11-06-2024T18:04:27 - [TEST_STEP][PASSED] - product_sub_total = "product_sub_total": null

11-06-2024T18:04:27 - [TEST_STEP][PASSED] - product_total = "product_total": null

11-06-2024T18:04:27 - [TEST_STEP][PASSED] - shipment_id = "shipments[0].shipment_id": null

11-06-2024T18:04:27 - [TEST_STEP][PASSED] - shipment_total = "shipments[0].shipment_total": null

11-06-2024T18:04:27 - [TEST_STEP][PASSED] - shipping_address_address1 = "shipments[0].shipping_address.address1": null

11-06-2024T18:04:27 - [TEST_STEP][PASSED] - shipping_address_city = "shipments[0].shipping_address.city": null

11-06-2024T18:04:27 - [TEST_STEP][PASSED] - shipping_address_company_name = "shipments[0].shipping_address.company_name": null

11-06-2024T18:04:27 - [TEST_STEP][PASSED] - shipping_address_country_code = "shipments[0].shipping_address.country_code": null

11-06-2024T18:04:27 - [TEST_STEP][PASSED] - shipping_address_first_name = "shipments[0].shipping_address.first_name": null

11-06-2024T18:04:27 - [TEST_STEP][PASSED] - shipping_address_full_name = "shipments[0].shipping_address.full_name": null

11-06-2024T18:04:27 - [TEST_STEP][PASSED] - shipping_address_id = "shipments[0].shipping_address.id": null

11-06-2024T18:04:27 - [TEST_STEP][PASSED] - shipping_address_last_name = "shipments[0].shipping_address.last_name": null

11-06-2024T18:04:27 - [TEST_STEP][PASSED] - shipping_address_phone = "shipments[0].shipping_address.phone": null

11-06-2024T18:04:27 - [TEST_STEP][PASSED] - shipping_address_postal_code = "shipments[0].shipping_address.postal_code": null

11-06-2024T18:04:27 - [TEST_STEP][PASSED] - shipping_address_second_name = "shipments[0].shipping_address.second_name": null

11-06-2024T18:04:27 - [TEST_STEP][PASSED] - shipping_address_c_alias = "shipments[0].shipping_address.c_alias": null

11-06-2024T18:04:27 - [TEST_STEP][PASSED] - shipping_address_c_label = "shipments[0].shipping_address.c_label": null

11-06-2024T18:04:27 - [TEST_STEP][PASSED] - shipping_address_c_latitude = "shipments[0].shipping_address.c_latitude": null

11-06-2024T18:04:27 - [TEST_STEP][PASSED] - shipping_address_c_longitude = "shipments[0].shipping_address.c_longitude": null

11-06-2024T18:04:27 - [TEST_STEP][PASSED] - shipping_address_c_nExt = "shipments[0].shipping_address.c_nExt": null

11-06-2024T18:04:27 - [TEST_STEP][PASSED] - shipping_address_c_rfc = "shipments[0].shipping_address.c_rfc": null

11-06-2024T18:04:27 - [TEST_STEP][PASSED] - shipping_address_c_state = "shipments[0].shipping_address.c_state": null

11-06-2024T18:04:27 - [TEST_STEP][PASSED] - shipping_address_c_streetName = "shipments[0].shipping_address.c_streetName": null

11-06-2024T18:04:27 - [TEST_STEP][PASSED] - description = "shipments[0].shipping_method.description": null

11-06-2024T18:04:27 - [TEST_STEP][PASSED] - id = "shipments[0].shipping_method.id": null

11-06-2024T18:04:27 - [TEST_STEP][PASSED] - name = "shipments[0].shipping_method.name": null

11-06-2024T18:04:27 - [TEST_STEP][PASSED] - c_estimatedArrivalTime = "shipments[0].shipping_method.c_estimatedArrivalTime": null

11-06-2024T18:04:27 - [TEST_STEP][PASSED] - c_storePickupEnabled = "shipments[0].shipping_method.c_storePickupEnabled": null

11-06-2024T18:04:27 - [TEST_STEP][PASSED] - shipping_status = "shipments[0].shipping_status": null

11-06-2024T18:04:27 - [TEST_STEP][PASSED] - shipping_total = "shipments[0].shipping_total": null

11-06-2024T18:04:27 - [TEST_STEP][PASSED] - shipping_total_tax = "shipments[0].shipping_total_tax": null

11-06-2024T18:04:27 - [TEST_STEP][PASSED] - c_packageSize = "shipments[0].c_packageSize": null

11-06-2024T18:04:27 - [TEST_STEP][PASSED] - c_serviceCharge = "shipments[0].c_serviceCharge": null

11-06-2024T18:04:27 - [TEST_STEP][PASSED] - c_shippingRates = "shipments[0].c_shippingRates": null

11-06-2024T18:04:27 - [TEST_STEP][PASSED] - c_totalShippingCost = "shipments[0].c_totalShippingCost": null

11-06-2024T18:04:27 - [TEST_STEP][PASSED] - item_id = "shipping_items[0].item_id": null

11-06-2024T18:04:27 - [TEST_STEP][PASSED] - item_text = "shipping_items[0].item_text": null

11-06-2024T18:04:27 - [TEST_STEP][PASSED] - tax_class_id = "shipping_items[0].tax_class_id": null

11-06-2024T18:04:27 - [TEST_STEP][PASSED] - c_corporateImgUrl = "c_corporateImgUrl": null

11-06-2024T18:04:27 - [TEST_STEP][PASSED] - c_currentCorporate = "c_currentCorporate": null

11-06-2024T18:04:27 - [TEST_STEP][PASSED] - c_currentMultiStoreID = "c_currentMultiStoreID": null

11-06-2024T18:04:27 - [TEST_STEP][PASSED] - c_isLock = "c_isLock": null

11-06-2024T18:04:27 - [TEST_STEP][PASSED] - c_isMiraklOrder = "c_isMiraklOrder": null

11-06-2024T18:04:27 - [TEST_STEP][PASSED] - c_lockTime = "c_lockTime": null

11-06-2024T18:04:27 - [TEST_STEP][PASSED] - c_miraklShippingZoneCode = "c_miraklShippingZoneCode": null

11-06-2024T18:04:27 - [TEST_STEP][PASSED] - c_multiStoreEDD = "c_multiStoreEDD": null

11-06-2024T18:04:27 - [TEST_STEP][PASSED] - c_preferedShipment = "c_preferedShipment": null

11-06-2024T18:04:27 - [TEST_STEP][PASSED] - c_seller_id = "c_seller_id": null

11-06-2024T18:04:27 - [TEST_STEP][PASSED] - c_serviceChargeTotalGrossPrice = "c_serviceChargeTotalGrossPrice": null

11-06-2024T18:04:27 - [TEST_STEP][PASSED] - c_storeDeliveryType = "c_storeDeliveryType": null

11-06-2024T18:04:27 - [TEST_STEP][PASSED] - c_TypeOfShipment = "c_TypeOfShipment": null

11-06-2024T18:04:27 - [TEST_STEP][PASSED] - totalplay.Common.verifyPropertyExist(SetBillingShipment_Response, basket_id): totalplay.Common.verifyPropertyExist is PASSED

11-06-2024T18:04:27 - [MESSAGE][INFO] - Checking response object

11-06-2024T18:04:27 - [MESSAGE][PASSED] - totalplay.Common.verifyPropertyExist is PASSED

11-06-2024T18:04:27 - [TEST_STEP][PASSED] - totalplay.Common.verifyPropertyValueExist(SetBillingShipment_Response, basket_id): totalplay.Common.verifyPropertyValueExist is PASSED

11-06-2024T18:04:27 - [MESSAGE][INFO] - Checking response object

11-06-2024T18:04:27 - [MESSAGE][INFO] - cb07b36e4ccfac89074d4fb1ff

11-06-2024T18:04:27 - [MESSAGE][PASSED] - totalplay.Common.verifyPropertyValueExist is PASSED

11-06-2024T18:04:27 - [TEST_STEP][PASSED] - totalplay.Common.verifyPropertyExist(SetBillingShipment_Response, _type): totalplay.Common.verifyPropertyExist is PASSED

11-06-2024T18:04:27 - [MESSAGE][INFO] - Checking response object

11-06-2024T18:04:27 - [MESSAGE][PASSED] - totalplay.Common.verifyPropertyExist is PASSED

11-06-2024T18:04:27 - [TEST_STEP][PASSED] - totalplay.Common.verifyPropertyValueExist(SetBillingShipment_Response, _type): totalplay.Common.verifyPropertyValueExist is PASSED

11-06-2024T18:04:27 - [MESSAGE][INFO] - Checking response object

11-06-2024T18:04:27 - [MESSAGE][INFO] - basket

11-06-2024T18:04:27 - [MESSAGE][PASSED] - totalplay.Common.verifyPropertyValueExist is PASSED

11-06-2024T18:04:27 - [TEST_STEP][PASSED] - totalplay.Common.getBooleanValueofObject(SetBillingShipment_Response, agent_basket): totalplay.Common.getBooleanValueofObject is PASSED

11-06-2024T18:04:27 - [MESSAGE][INFO] - Checking response object

11-06-2024T18:04:27 - [MESSAGE][PASSED] - totalplay.Common.getBooleanValueofObject is PASSED

11-06-2024T18:04:27 - [TEST_STEP][PASSED] - totalplay.Common.verifyPropertyExist(SetBillingShipment_Response, billing_address_address1): totalplay.Common.verifyPropertyExist is PASSED

11-06-2024T18:04:27 - [MESSAGE][INFO] - Checking response object

11-06-2024T18:04:27 - [MESSAGE][PASSED] - totalplay.Common.verifyPropertyExist is PASSED

11-06-2024T18:04:27 - [TEST_STEP][PASSED] - totalplay.Common.verifyPropertyValueExist(SetBillingShipment_Response, billing_address_address1): totalplay.Common.verifyPropertyValueExist is PASSED

11-06-2024T18:04:27 - [MESSAGE][INFO] - Checking response object

11-06-2024T18:04:27 - [MESSAGE][INFO] - Avenida San Jerónimo

11-06-2024T18:04:27 - [MESSAGE][PASSED] - totalplay.Common.verifyPropertyValueExist is PASSED

11-06-2024T18:04:27 - [TEST_STEP][PASSED] - totalplay.Common.verifyPropertyExist(SetBillingShipment_Response, billing_address_city): totalplay.Common.verifyPropertyExist is PASSED

11-06-2024T18:04:27 - [MESSAGE][INFO] - Checking response object

11-06-2024T18:04:27 - [MESSAGE][PASSED] - totalplay.Common.verifyPropertyExist is PASSED

11-06-2024T18:04:27 - [TEST_STEP][PASSED] - totalplay.Common.verifyPropertyValueExist(SetBillingShipment_Response, billing_address_city): totalplay.Common.verifyPropertyValueExist is PASSED

11-06-2024T18:04:27 - [MESSAGE][INFO] - Checking response object

11-06-2024T18:04:27 - [MESSAGE][INFO] - Ciudad de México

11-06-2024T18:04:27 - [MESSAGE][PASSED] - totalplay.Common.verifyPropertyValueExist is PASSED

11-06-2024T18:04:27 - [TEST_STEP][PASSED] - totalplay.Common.verifyPropertyExist(SetBillingShipment_Response, billing_address_country_code): totalplay.Common.verifyPropertyExist is PASSED

11-06-2024T18:04:27 - [MESSAGE][INFO] - Checking response object

11-06-2024T18:04:27 - [MESSAGE][PASSED] - totalplay.Common.verifyPropertyExist is PASSED

11-06-2024T18:04:27 - [TEST_STEP][PASSED] - totalplay.Common.verifyPropertyValueExist(SetBillingShipment_Response, billing_address_country_code): totalplay.Common.verifyPropertyValueExist is PASSED

11-06-2024T18:04:27 - [MESSAGE][INFO] - Checking response object

11-06-2024T18:04:27 - [MESSAGE][INFO] - MX

11-06-2024T18:04:27 - [MESSAGE][PASSED] - totalplay.Common.verifyPropertyValueExist is PASSED

11-06-2024T18:04:27 - [TEST_STEP][PASSED] - totalplay.Common.verifyPropertyExist(SetBillingShipment_Response, billing_address_first_name): totalplay.Common.verifyPropertyExist is PASSED

11-06-2024T18:04:27 - [MESSAGE][INFO] - Checking response object

11-06-2024T18:04:27 - [MESSAGE][PASSED] - totalplay.Common.verifyPropertyExist is PASSED

11-06-2024T18:04:27 - [TEST_STEP][PASSED] - totalplay.Common.verifyPropertyValueExist(SetBillingShipment_Response, billing_address_first_name): totalplay.Common.verifyPropertyValueExist is PASSED

11-06-2024T18:04:27 - [MESSAGE][INFO] - Checking response object

11-06-2024T18:04:27 - [MESSAGE][INFO] - Ricardo

11-06-2024T18:04:27 - [MESSAGE][PASSED] - totalplay.Common.verifyPropertyValueExist is PASSED

11-06-2024T18:04:27 - [TEST_STEP][PASSED] - totalplay.Common.verifyPropertyExist(SetBillingShipment_Response, billing_address_full_name): totalplay.Common.verifyPropertyExist is PASSED

11-06-2024T18:04:27 - [MESSAGE][INFO] - Checking response object

11-06-2024T18:04:27 - [MESSAGE][PASSED] - totalplay.Common.verifyPropertyExist is PASSED

11-06-2024T18:04:27 - [TEST_STEP][PASSED] - totalplay.Common.verifyPropertyValueExist(SetBillingShipment_Response, billing_address_full_name): totalplay.Common.verifyPropertyValueExist is PASSED

11-06-2024T18:04:27 - [MESSAGE][INFO] - Checking response object

11-06-2024T18:04:27 - [MESSAGE][INFO] - Ricardo Cruz Corona

11-06-2024T18:04:27 - [MESSAGE][PASSED] - totalplay.Common.verifyPropertyValueExist is PASSED

11-06-2024T18:04:27 - [TEST_STEP][PASSED] - totalplay.Common.verifyPropertyExist(SetBillingShipment_Response, billing_address_id): totalplay.Common.verifyPropertyExist is PASSED

11-06-2024T18:04:27 - [MESSAGE][INFO] - Checking response object

11-06-2024T18:04:27 - [MESSAGE][PASSED] - totalplay.Common.verifyPropertyExist is PASSED

11-06-2024T18:04:27 - [TEST_STEP][PASSED] - totalplay.Common.verifyPropertyValueExist(SetBillingShipment_Response, billing_address_id): totalplay.Common.verifyPropertyValueExist is PASSED

11-06-2024T18:04:27 - [MESSAGE][INFO] - Checking response object

11-06-2024T18:04:27 - [MESSAGE][INFO] - 2d1440fdbf17b1517bcdd6c0a6

11-06-2024T18:04:27 - [MESSAGE][PASSED] - totalplay.Common.verifyPropertyValueExist is PASSED

11-06-2024T18:04:27 - [TEST_STEP][PASSED] - totalplay.Common.verifyPropertyExist(SetBillingShipment_Response, billing_address_phone): totalplay.Common.verifyPropertyExist is PASSED

11-06-2024T18:04:27 - [MESSAGE][INFO] - Checking response object

11-06-2024T18:04:27 - [MESSAGE][PASSED] - totalplay.Common.verifyPropertyExist is PASSED

11-06-2024T18:04:27 - [TEST_STEP][PASSED] - totalplay.Common.verifyPropertyValueExist(SetBillingShipment_Response, billing_address_phone): totalplay.Common.verifyPropertyValueExist is PASSED

11-06-2024T18:04:27 - [MESSAGE][INFO] - Checking response object

11-06-2024T18:04:27 - [MESSAGE][INFO] - 7221831549

11-06-2024T18:04:27 - [MESSAGE][PASSED] - totalplay.Common.verifyPropertyValueExist is PASSED

11-06-2024T18:04:27 - [TEST_STEP][PASSED] - totalplay.Common.verifyPropertyExist(SetBillingShipment_Response, billing_address_last_name): totalplay.Common.verifyPropertyExist is PASSED

11-06-2024T18:04:27 - [MESSAGE][INFO] - Checking response object

11-06-2024T18:04:27 - [MESSAGE][PASSED] - totalplay.Common.verifyPropertyExist is PASSED

11-06-2024T18:04:27 - [TEST_STEP][PASSED] - totalplay.Common.verifyPropertyValueExist(SetBillingShipment_Response, billing_address_last_name): totalplay.Common.verifyPropertyValueExist is PASSED

11-06-2024T18:04:27 - [MESSAGE][INFO] - Checking response object

11-06-2024T18:04:27 - [MESSAGE][INFO] - Corona

11-06-2024T18:04:27 - [MESSAGE][PASSED] - totalplay.Common.verifyPropertyValueExist is PASSED

11-06-2024T18:04:27 - [TEST_STEP][PASSED] - totalplay.Common.verifyPropertyExist(SetBillingShipment_Response, billing_address_postal_code): totalplay.Common.verifyPropertyExist is PASSED

11-06-2024T18:04:27 - [MESSAGE][INFO] - Checking response object

11-06-2024T18:04:27 - [MESSAGE][PASSED] - totalplay.Common.verifyPropertyExist is PASSED

11-06-2024T18:04:27 - [TEST_STEP][PASSED] - totalplay.Common.verifyPropertyValueExist(SetBillingShipment_Response, billing_address_postal_code): totalplay.Common.verifyPropertyValueExist is PASSED

11-06-2024T18:04:27 - [MESSAGE][INFO] - Checking response object

11-06-2024T18:04:27 - [MESSAGE][INFO] - 04519

11-06-2024T18:04:27 - [MESSAGE][PASSED] - totalplay.Common.verifyPropertyValueExist is PASSED

11-06-2024T18:04:27 - [TEST_STEP][PASSED] - totalplay.Common.verifyPropertyExist(SetBillingShipment_Response, billing_address_second_name): totalplay.Common.verifyPropertyExist is PASSED

11-06-2024T18:04:27 - [MESSAGE][INFO] - Checking response object

11-06-2024T18:04:27 - [MESSAGE][PASSED] - totalplay.Common.verifyPropertyExist is PASSED

11-06-2024T18:04:27 - [TEST_STEP][PASSED] - totalplay.Common.verifyPropertyValueExist(SetBillingShipment_Response, billing_address_second_name): totalplay.Common.verifyPropertyValueExist is PASSED

11-06-2024T18:04:27 - [MESSAGE][INFO] - Checking response object

11-06-2024T18:04:27 - [MESSAGE][INFO] - Cruz

11-06-2024T18:04:27 - [MESSAGE][PASSED] - totalplay.Common.verifyPropertyValueExist is PASSED

11-06-2024T18:04:27 - [TEST_STEP][PASSED] - totalplay.Common.verifyPropertyExist(SetBillingShipment_Response, billing_address_c_alias): totalplay.Common.verifyPropertyExist is PASSED

11-06-2024T18:04:27 - [MESSAGE][INFO] - Checking response object

11-06-2024T18:04:27 - [MESSAGE][PASSED] - totalplay.Common.verifyPropertyExist is PASSED

11-06-2024T18:04:27 - [TEST_STEP][PASSED] - totalplay.Common.verifyPropertyValueExist(SetBillingShipment_Response, billing_address_c_alias): totalplay.Common.verifyPropertyValueExist is PASSED

11-06-2024T18:04:27 - [MESSAGE][INFO] - Checking response object

11-06-2024T18:04:27 - [MESSAGE][INFO] - Trabajo

11-06-2024T18:04:27 - [MESSAGE][PASSED] - totalplay.Common.verifyPropertyValueExist is PASSED

11-06-2024T18:04:27 - [TEST_STEP][PASSED] - totalplay.Common.verifyPropertyExist(SetBillingShipment_Response, billing_address_c_label): totalplay.Common.verifyPropertyExist is PASSED

11-06-2024T18:04:27 - [MESSAGE][INFO] - Checking response object

11-06-2024T18:04:27 - [MESSAGE][PASSED] - totalplay.Common.verifyPropertyExist is PASSED

11-06-2024T18:04:27 - [TEST_STEP][PASSED] - totalplay.Common.verifyPropertyValueExist(SetBillingShipment_Response, billing_address_c_label): totalplay.Common.verifyPropertyValueExist is PASSED

11-06-2024T18:04:27 - [MESSAGE][INFO] - Checking response object

11-06-2024T18:04:27 - [MESSAGE][INFO] - {"home":false,"company":true,"other":false}

11-06-2024T18:04:27 - [MESSAGE][PASSED] - totalplay.Common.verifyPropertyValueExist is PASSED

11-06-2024T18:04:27 - [TEST_STEP][PASSED] - totalplay.Common.verifyPropertyExist(SetBillingShipment_Response, billing_address_c_latitude): totalplay.Common.verifyPropertyExist is PASSED

11-06-2024T18:04:27 - [MESSAGE][INFO] - Checking response object

11-06-2024T18:04:27 - [MESSAGE][PASSED] - totalplay.Common.verifyPropertyExist is PASSED

11-06-2024T18:04:27 - [TEST_STEP][PASSED] - totalplay.Common.verifyPropertyValueExist(SetBillingShipment_Response, billing_address_c_latitude): totalplay.Common.verifyPropertyValueExist is PASSED

11-06-2024T18:04:27 - [MESSAGE][INFO] - Checking response object

11-06-2024T18:04:27 - [MESSAGE][INFO] - 19.3339854

11-06-2024T18:04:27 - [MESSAGE][PASSED] - totalplay.Common.verifyPropertyValueExist is PASSED

11-06-2024T18:04:27 - [TEST_STEP][PASSED] - totalplay.Common.verifyPropertyExist(SetBillingShipment_Response, billing_address_c_longitude): totalplay.Common.verifyPropertyExist is PASSED

11-06-2024T18:04:27 - [MESSAGE][INFO] - Checking response object

11-06-2024T18:04:27 - [MESSAGE][PASSED] - totalplay.Common.verifyPropertyExist is PASSED

11-06-2024T18:04:27 - [TEST_STEP][PASSED] - totalplay.Common.verifyPropertyValueExist(SetBillingShipment_Response, billing_address_c_longitude): totalplay.Common.verifyPropertyValueExist is PASSED

11-06-2024T18:04:27 - [MESSAGE][INFO] - Checking response object

11-06-2024T18:04:27 - [MESSAGE][INFO] - -99.1985968

11-06-2024T18:04:27 - [MESSAGE][PASSED] - totalplay.Common.verifyPropertyValueExist is PASSED

11-06-2024T18:04:27 - [TEST_STEP][PASSED] - totalplay.Common.verifyPropertyExist(SetBillingShipment_Response, billing_address_c_nExt): totalplay.Common.verifyPropertyExist is PASSED

11-06-2024T18:04:27 - [MESSAGE][INFO] - Checking response object

11-06-2024T18:04:28 - [MESSAGE][PASSED] - totalplay.Common.verifyPropertyExist is PASSED

11-06-2024T18:04:28 - [TEST_STEP][PASSED] - totalplay.Common.verifyPropertyValueExist(SetBillingShipment_Response, billing_address_c_nExt): totalplay.Common.verifyPropertyValueExist is PASSED

11-06-2024T18:04:28 - [MESSAGE][INFO] - Checking response object

11-06-2024T18:04:28 - [MESSAGE][INFO] - 260

11-06-2024T18:04:28 - [MESSAGE][PASSED] - totalplay.Common.verifyPropertyValueExist is PASSED

11-06-2024T18:04:28 - [TEST_STEP][PASSED] - totalplay.Common.verifyPropertyExist(SetBillingShipment_Response, billing_address_c_rfc): totalplay.Common.verifyPropertyExist is PASSED

11-06-2024T18:04:28 - [MESSAGE][INFO] - Checking response object

11-06-2024T18:04:28 - [MESSAGE][PASSED] - totalplay.Common.verifyPropertyExist is PASSED

11-06-2024T18:04:28 - [TEST_STEP][PASSED] - totalplay.Common.verifyPropertyValueExist(SetBillingShipment_Response, billing_address_c_rfc): totalplay.Common.verifyPropertyValueExist is PASSED

11-06-2024T18:04:28 - [MESSAGE][INFO] - Checking response object

11-06-2024T18:04:28 - [MESSAGE][INFO] - COCR980114TA5

11-06-2024T18:04:28 - [MESSAGE][PASSED] - totalplay.Common.verifyPropertyValueExist is PASSED

11-06-2024T18:04:28 - [TEST_STEP][PASSED] - totalplay.Common.verifyPropertyExist(SetBillingShipment_Response, billing_address_c_state): totalplay.Common.verifyPropertyExist is PASSED

11-06-2024T18:04:28 - [MESSAGE][INFO] - Checking response object

11-06-2024T18:04:28 - [MESSAGE][PASSED] - totalplay.Common.verifyPropertyExist is PASSED

11-06-2024T18:04:28 - [TEST_STEP][PASSED] - totalplay.Common.verifyPropertyValueExist(SetBillingShipment_Response, billing_address_c_state): totalplay.Common.verifyPropertyValueExist is PASSED

11-06-2024T18:04:28 - [MESSAGE][INFO] - Checking response object

11-06-2024T18:04:28 - [MESSAGE][INFO] - MX

11-06-2024T18:04:28 - [MESSAGE][PASSED] - totalplay.Common.verifyPropertyValueExist is PASSED

11-06-2024T18:04:28 - [TEST_STEP][PASSED] - totalplay.Common.verifyPropertyExist(SetBillingShipment_Response, billing_address_c_streetName): totalplay.Common.verifyPropertyExist is PASSED

11-06-2024T18:04:28 - [MESSAGE][INFO] - Checking response object

11-06-2024T18:04:28 - [MESSAGE][PASSED] - totalplay.Common.verifyPropertyExist is PASSED

11-06-2024T18:04:28 - [TEST_STEP][PASSED] - totalplay.Common.verifyPropertyValueExist(SetBillingShipment_Response, billing_address_c_streetName): totalplay.Common.verifyPropertyValueExist is PASSED

11-06-2024T18:04:28 - [MESSAGE][INFO] - Checking response object

11-06-2024T18:04:28 - [MESSAGE][INFO] - Avenida San Jerónimo

11-06-2024T18:04:28 - [MESSAGE][PASSED] - totalplay.Common.verifyPropertyValueExist is PASSED

11-06-2024T18:04:28 - [TEST_STEP][PASSED] - totalplay.Common.verifyPropertyExist(SetBillingShipment_Response, channel_type): totalplay.Common.verifyPropertyExist is PASSED

11-06-2024T18:04:28 - [MESSAGE][INFO] - Checking response object

11-06-2024T18:04:28 - [MESSAGE][PASSED] - totalplay.Common.verifyPropertyExist is PASSED

11-06-2024T18:04:28 - [TEST_STEP][PASSED] - totalplay.Common.verifyPropertyValueExist(SetBillingShipment_Response, channel_type): totalplay.Common.verifyPropertyValueExist is PASSED

11-06-2024T18:04:28 - [MESSAGE][INFO] - Checking response object

11-06-2024T18:04:28 - [MESSAGE][INFO] - storefront

11-06-2024T18:04:28 - [MESSAGE][PASSED] - totalplay.Common.verifyPropertyValueExist is PASSED

11-06-2024T18:04:28 - [TEST_STEP][PASSED] - totalplay.Common.verifyPropertyExist(SetBillingShipment_Response, creation_date): totalplay.Common.verifyPropertyExist is PASSED

11-06-2024T18:04:28 - [MESSAGE][INFO] - Checking response object

11-06-2024T18:04:28 - [MESSAGE][PASSED] - totalplay.Common.verifyPropertyExist is PASSED

11-06-2024T18:04:28 - [TEST_STEP][PASSED] - totalplay.Common.verifyPropertyValueExist(SetBillingShipment_Response, creation_date): totalplay.Common.verifyPropertyValueExist is PASSED

11-06-2024T18:04:28 - [MESSAGE][INFO] - Checking response object

11-06-2024T18:04:28 - [MESSAGE][INFO] - 2024-06-10T08:58:09.765Z

11-06-2024T18:04:28 - [MESSAGE][PASSED] - totalplay.Common.verifyPropertyValueExist is PASSED

11-06-2024T18:04:28 - [TEST_STEP][PASSED] - totalplay.Common.verifyPropertyExist(SetBillingShipment_Response, currency): totalplay.Common.verifyPropertyExist is PASSED

11-06-2024T18:04:28 - [MESSAGE][INFO] - Checking response object

11-06-2024T18:04:28 - [MESSAGE][PASSED] - totalplay.Common.verifyPropertyExist is PASSED

11-06-2024T18:04:28 - [TEST_STEP][PASSED] - totalplay.Common.verifyPropertyValueExist(SetBillingShipment_Response, currency): totalplay.Common.verifyPropertyValueExist is PASSED

11-06-2024T18:04:28 - [MESSAGE][INFO] - Checking response object

11-06-2024T18:04:28 - [MESSAGE][INFO] - MXN

11-06-2024T18:04:28 - [MESSAGE][PASSED] - totalplay.Common.verifyPropertyValueExist is PASSED

11-06-2024T18:04:28 - [TEST_STEP][PASSED] - totalplay.Common.verifyPropertyExist(SetBillingShipment_Response, customer_id): totalplay.Common.verifyPropertyExist is PASSED

11-06-2024T18:04:28 - [MESSAGE][INFO] - Checking response object

11-06-2024T18:04:28 - [MESSAGE][PASSED] - totalplay.Common.verifyPropertyExist is PASSED

11-06-2024T18:04:28 - [TEST_STEP][PASSED] - totalplay.Common.verifyPropertyValueExist(SetBillingShipment_Response, customer_id): totalplay.Common.verifyPropertyValueExist is PASSED

11-06-2024T18:04:28 - [MESSAGE][INFO] - Checking response object

11-06-2024T18:04:28 - [MESSAGE][INFO] - acnRbWqujHCpg9oq6V2hkuTaSW

11-06-2024T18:04:28 - [MESSAGE][PASSED] - totalplay.Common.verifyPropertyValueExist is PASSED

11-06-2024T18:04:28 - [TEST_STEP][PASSED] - totalplay.Common.verifyPropertyExist(SetBillingShipment_Response, email): totalplay.Common.verifyPropertyExist is PASSED

11-06-2024T18:04:28 - [MESSAGE][INFO] - Checking response object

11-06-2024T18:04:28 - [MESSAGE][PASSED] - totalplay.Common.verifyPropertyExist is PASSED

11-06-2024T18:04:28 - [TEST_STEP][PASSED] - totalplay.Common.verifyPropertyValueExist(SetBillingShipment_Response, email): totalplay.Common.verifyPropertyValueExist is PASSED

11-06-2024T18:04:28 - [MESSAGE][INFO] - Checking response object

11-06-2024T18:04:28 - [MESSAGE][INFO] - qa.totalplay@gmail.com

11-06-2024T18:04:28 - [MESSAGE][PASSED] - totalplay.Common.verifyPropertyValueExist is PASSED

11-06-2024T18:04:28 - [TEST_STEP][PASSED] - totalplay.Common.verifyPropertyExist(SetBillingShipment_Response, customer_no): totalplay.Common.verifyPropertyExist is PASSED

11-06-2024T18:04:28 - [MESSAGE][INFO] - Checking response object

11-06-2024T18:04:28 - [MESSAGE][PASSED] - totalplay.Common.verifyPropertyExist is PASSED

11-06-2024T18:04:28 - [TEST_STEP][PASSED] - totalplay.Common.verifyPropertyValueExist(SetBillingShipment_Response, customer_no): totalplay.Common.verifyPropertyValueExist is PASSED

11-06-2024T18:04:28 - [MESSAGE][INFO] - Checking response object

11-06-2024T18:04:28 - [MESSAGE][INFO] - 00011507

11-06-2024T18:04:28 - [MESSAGE][PASSED] - totalplay.Common.verifyPropertyValueExist is PASSED

11-06-2024T18:04:28 - [TEST_STEP][PASSED] - totalplay.Common.verifyPropertyExist(SetBillingShipment_Response, link): totalplay.Common.verifyPropertyExist is PASSED

11-06-2024T18:04:28 - [MESSAGE][INFO] - Checking response object

11-06-2024T18:04:28 - [MESSAGE][PASSED] - totalplay.Common.verifyPropertyExist is PASSED

11-06-2024T18:04:28 - [TEST_STEP][PASSED] - totalplay.Common.verifyPropertyValueExist(SetBillingShipment_Response, link): totalplay.Common.verifyPropertyValueExist is PASSED

11-06-2024T18:04:28 - [MESSAGE][INFO] - Checking response object

11-06-2024T18:04:28 - [MESSAGE][INFO] - https://salesforceqa.sistemastp.com.mx/s/TP-SHOP/dw/shop/v23_1/baskets/cb07b36e4ccfac89074d4fb1ff/notes?use_as_shipping=true

11-06-2024T18:04:28 - [MESSAGE][PASSED] - totalplay.Common.verifyPropertyValueExist is PASSED

11-06-2024T18:04:28 - [TEST_STEP][PASSED] - totalplay.Common.verifyPropertyExist(SetBillingShipment_Response, last_modified): totalplay.Common.verifyPropertyExist is PASSED

11-06-2024T18:04:28 - [MESSAGE][INFO] - Checking response object

11-06-2024T18:04:28 - [MESSAGE][PASSED] - totalplay.Common.verifyPropertyExist is PASSED

11-06-2024T18:04:28 - [TEST_STEP][PASSED] - totalplay.Common.verifyPropertyValueExist(SetBillingShipment_Response, last_modified): totalplay.Common.verifyPropertyValueExist is PASSED

11-06-2024T18:04:28 - [MESSAGE][INFO] - Checking response object

11-06-2024T18:04:28 - [MESSAGE][INFO] - 2024-06-11T12:34:26.962Z

11-06-2024T18:04:28 - [MESSAGE][PASSED] - totalplay.Common.verifyPropertyValueExist is PASSED

11-06-2024T18:04:28 - [TEST_STEP][PASSED] - totalplay.Common.getNumValueofObject(SetBillingShipment_Response, order_total): totalplay.Common.getNumValueofObject is PASSED

11-06-2024T18:04:28 - [MESSAGE][INFO] - Checking response object

11-06-2024T18:04:28 - [MESSAGE][PASSED] - totalplay.Common.getNumValueofObject is PASSED

11-06-2024T18:04:28 - [TEST_STEP][PASSED] - totalplay.Common.getNumValueofObject(SetBillingShipment_Response, base_price): totalplay.Common.getNumValueofObject is PASSED

11-06-2024T18:04:28 - [MESSAGE][INFO] - Checking response object

11-06-2024T18:04:28 - [MESSAGE][PASSED] - totalplay.Common.getNumValueofObject is PASSED

11-06-2024T18:04:28 - [TEST_STEP][PASSED] - totalplay.Common.getBooleanValueofObject(SetBillingShipment_Response, bonus_product_line_item): totalplay.Common.getBooleanValueofObject is PASSED

11-06-2024T18:04:28 - [MESSAGE][INFO] - Checking response object

11-06-2024T18:04:28 - [MESSAGE][PASSED] - totalplay.Common.getBooleanValueofObject is PASSED

11-06-2024T18:04:28 - [TEST_STEP][PASSED] - totalplay.Common.getBooleanValueofObject(SetBillingShipment_Response, gift): totalplay.Common.getBooleanValueofObject is PASSED

11-06-2024T18:04:28 - [MESSAGE][INFO] - Checking response object

11-06-2024T18:04:28 - [MESSAGE][PASSED] - totalplay.Common.getBooleanValueofObject is PASSED

11-06-2024T18:04:28 - [TEST_STEP][PASSED] - totalplay.Common.verifyPropertyExist(SetBillingShipment_Response, inventory_id): totalplay.Common.verifyPropertyExist is PASSED

11-06-2024T18:04:28 - [MESSAGE][INFO] - Checking response object

11-06-2024T18:04:28 - [MESSAGE][PASSED] - totalplay.Common.verifyPropertyExist is PASSED

11-06-2024T18:04:28 - [TEST_STEP][PASSED] - totalplay.Common.verifyPropertyValueExist(SetBillingShipment_Response, inventory_id): totalplay.Common.verifyPropertyValueExist is PASSED

11-06-2024T18:04:28 - [MESSAGE][INFO] - Checking response object

11-06-2024T18:04:28 - [MESSAGE][INFO] - inventory_m_shop_mirakl

11-06-2024T18:04:28 - [MESSAGE][PASSED] - totalplay.Common.verifyPropertyValueExist is PASSED

11-06-2024T18:04:28 - [TEST_STEP][PASSED] - totalplay.Common.verifyPropertyExist(SetBillingShipment_Response, item_text): totalplay.Common.verifyPropertyExist is PASSED

11-06-2024T18:04:28 - [MESSAGE][INFO] - Checking response object

11-06-2024T18:04:28 - [MESSAGE][PASSED] - totalplay.Common.verifyPropertyExist is PASSED

11-06-2024T18:04:28 - [TEST_STEP][PASSED] - totalplay.Common.verifyPropertyValueExist(SetBillingShipment_Response, item_text): totalplay.Common.verifyPropertyValueExist is PASSED

11-06-2024T18:04:28 - [MESSAGE][INFO] - Checking response object

11-06-2024T18:04:28 - [MESSAGE][INFO] - Shipping

11-06-2024T18:04:28 - [MESSAGE][PASSED] - totalplay.Common.verifyPropertyValueExist is PASSED

11-06-2024T18:04:28 - [TEST_STEP][PASSED] - totalplay.Common.verifyPropertyExist(SetBillingShipment_Response, item_id): totalplay.Common.verifyPropertyExist is PASSED

11-06-2024T18:04:28 - [MESSAGE][INFO] - Checking response object

11-06-2024T18:04:28 - [MESSAGE][PASSED] - totalplay.Common.verifyPropertyExist is PASSED

11-06-2024T18:04:28 - [TEST_STEP][PASSED] - totalplay.Common.verifyPropertyValueExist(SetBillingShipment_Response, item_id): totalplay.Common.verifyPropertyValueExist is PASSED

11-06-2024T18:04:28 - [MESSAGE][INFO] - Checking response object

11-06-2024T18:04:28 - [MESSAGE][INFO] - 406fc2f95f021f6c9099629444

11-06-2024T18:04:28 - [MESSAGE][PASSED] - totalplay.Common.verifyPropertyValueExist is PASSED

11-06-2024T18:04:28 - [TEST_STEP][PASSED] - totalplay.Common.getNumValueofObject(SetBillingShipment_Response, price_after_order_discount): totalplay.Common.getNumValueofObject is PASSED

11-06-2024T18:04:28 - [MESSAGE][INFO] - Checking response object

11-06-2024T18:04:28 - [MESSAGE][PASSED] - totalplay.Common.getNumValueofObject is PASSED

11-06-2024T18:04:28 - [TEST_STEP][PASSED] - totalplay.Common.getNumValueofObject(SetBillingShipment_Response, price): totalplay.Common.getNumValueofObject is PASSED

11-06-2024T18:04:28 - [MESSAGE][INFO] - Checking response object

11-06-2024T18:04:28 - [MESSAGE][PASSED] - totalplay.Common.getNumValueofObject is PASSED

11-06-2024T18:04:28 - [TEST_STEP][PASSED] - totalplay.Common.getNumValueofObject(SetBillingShipment_Response, price_after_item_discount): totalplay.Common.getNumValueofObject is PASSED

11-06-2024T18:04:28 - [MESSAGE][INFO] - Checking response object

11-06-2024T18:04:28 - [MESSAGE][PASSED] - totalplay.Common.getNumValueofObject is PASSED

11-06-2024T18:04:28 - [TEST_STEP][PASSED] - totalplay.Common.verifyPropertyExist(SetBillingShipment_Response, product_id): totalplay.Common.verifyPropertyExist is PASSED

11-06-2024T18:04:28 - [MESSAGE][INFO] - Checking response object

11-06-2024T18:04:28 - [MESSAGE][PASSED] - totalplay.Common.verifyPropertyExist is PASSED

11-06-2024T18:04:28 - [TEST_STEP][PASSED] - totalplay.Common.verifyPropertyValueExist(SetBillingShipment_Response, product_id): totalplay.Common.verifyPropertyValueExist is PASSED

11-06-2024T18:04:28 - [MESSAGE][INFO] - Checking response object

11-06-2024T18:04:28 - [MESSAGE][INFO] - T1770547312

11-06-2024T18:04:28 - [MESSAGE][PASSED] - totalplay.Common.verifyPropertyValueExist is PASSED

11-06-2024T18:04:28 - [TEST_STEP][PASSED] - totalplay.Common.getNumValueofObject(SetBillingShipment_Response, quantity): totalplay.Common.getNumValueofObject is PASSED

11-06-2024T18:04:28 - [MESSAGE][INFO] - Checking response object

11-06-2024T18:04:28 - [MESSAGE][PASSED] - totalplay.Common.getNumValueofObject is PASSED

11-06-2024T18:04:28 - [TEST_STEP][PASSED] - totalplay.Common.verifyPropertyExist(SetBillingShipment_Response, product_name): totalplay.Common.verifyPropertyExist is PASSED

11-06-2024T18:04:28 - [MESSAGE][INFO] - Checking response object

11-06-2024T18:04:28 - [MESSAGE][PASSED] - totalplay.Common.verifyPropertyExist is PASSED

11-06-2024T18:04:28 - [TEST_STEP][PASSED] - totalplay.Common.verifyPropertyValueExist(SetBillingShipment_Response, product_name): totalplay.Common.verifyPropertyValueExist is PASSED

11-06-2024T18:04:28 - [MESSAGE][INFO] - Checking response object

11-06-2024T18:04:28 - [MESSAGE][INFO] - Pera de Peluche Amarillo

11-06-2024T18:04:28 - [MESSAGE][PASSED] - totalplay.Common.verifyPropertyValueExist is PASSED

11-06-2024T18:04:28 - [TEST_STEP][PASSED] - totalplay.Common.getNumValueofObject(SetBillingShipment_Response, tax): totalplay.Common.getNumValueofObject is PASSED

11-06-2024T18:04:28 - [MESSAGE][INFO] - Checking response object

11-06-2024T18:04:28 - [MESSAGE][PASSED] - totalplay.Common.getNumValueofObject is PASSED

11-06-2024T18:04:28 - [TEST_STEP][PASSED] - totalplay.Common.getNumValueofObject(SetBillingShipment_Response, tax_basis): totalplay.Common.getNumValueofObject is PASSED

11-06-2024T18:04:28 - [MESSAGE][INFO] - Checking response object

11-06-2024T18:04:28 - [MESSAGE][PASSED] - totalplay.Common.getNumValueofObject is PASSED

11-06-2024T18:04:28 - [TEST_STEP][PASSED] - totalplay.Common.verifyPropertyExist(SetBillingShipment_Response, shipment_id): totalplay.Common.verifyPropertyExist is PASSED

11-06-2024T18:04:28 - [MESSAGE][INFO] - Checking response object

11-06-2024T18:04:29 - [MESSAGE][PASSED] - totalplay.Common.verifyPropertyExist is PASSED

11-06-2024T18:04:29 - [TEST_STEP][PASSED] - totalplay.Common.verifyPropertyValueExist(SetBillingShipment_Response, shipment_id): totalplay.Common.verifyPropertyValueExist is PASSED

11-06-2024T18:04:29 - [MESSAGE][INFO] - Checking response object

11-06-2024T18:04:29 - [MESSAGE][INFO] - me

11-06-2024T18:04:29 - [MESSAGE][PASSED] - totalplay.Common.verifyPropertyValueExist is PASSED

11-06-2024T18:04:29 - [TEST_STEP][PASSED] - totalplay.Common.verifyPropertyExist(SetBillingShipment_Response, c_miraklShippingTaxes): totalplay.Common.verifyPropertyExist is PASSED

11-06-2024T18:04:29 - [MESSAGE][INFO] - Checking response object

11-06-2024T18:04:29 - [MESSAGE][PASSED] - totalplay.Common.verifyPropertyExist is PASSED

11-06-2024T18:04:29 - [TEST_STEP][PASSED] - totalplay.Common.verifyPropertyValueExist(SetBillingShipment_Response, c_miraklShippingTaxes): totalplay.Common.verifyPropertyValueExist is PASSED

11-06-2024T18:04:29 - [MESSAGE][INFO] - Checking response object

11-06-2024T18:04:29 - [MESSAGE][INFO] - [{"amount":0,"type":"product_zero_tax","isTaxRate":true,"rate":0}]

11-06-2024T18:04:29 - [MESSAGE][PASSED] - totalplay.Common.verifyPropertyValueExist is PASSED

11-06-2024T18:04:29 - [TEST_STEP][PASSED] - totalplay.Common.verifyPropertyExist(SetBillingShipment_Response, c_miraklOperatorProductId): totalplay.Common.verifyPropertyExist is PASSED

11-06-2024T18:04:29 - [MESSAGE][INFO] - Checking response object

11-06-2024T18:04:29 - [MESSAGE][PASSED] - totalplay.Common.verifyPropertyExist is PASSED

11-06-2024T18:04:29 - [TEST_STEP][PASSED] - totalplay.Common.verifyPropertyValueExist(SetBillingShipment_Response, c_miraklOperatorProductId): totalplay.Common.verifyPropertyValueExist is PASSED

11-06-2024T18:04:29 - [MESSAGE][INFO] - Checking response object

11-06-2024T18:04:29 - [MESSAGE][INFO] - T1770547312

11-06-2024T18:04:29 - [MESSAGE][PASSED] - totalplay.Common.verifyPropertyValueExist is PASSED

11-06-2024T18:04:29 - [TEST_STEP][PASSED] - totalplay.Common.getBooleanValueofObject(SetBillingShipment_Response, c_isOnDemandStoreItem): totalplay.Common.getBooleanValueofObject is PASSED

11-06-2024T18:04:29 - [MESSAGE][INFO] - Checking response object

11-06-2024T18:04:29 - [MESSAGE][PASSED] - totalplay.Common.getBooleanValueofObject is PASSED

11-06-2024T18:04:29 - [TEST_STEP][PASSED] - totalplay.Common.verifyPropertyExist(SetBillingShipment_Response, c_fromStoreId): totalplay.Common.verifyPropertyExist is PASSED

11-06-2024T18:04:29 - [MESSAGE][INFO] - Checking response object

11-06-2024T18:04:29 - [MESSAGE][PASSED] - totalplay.Common.verifyPropertyExist is PASSED

11-06-2024T18:04:29 - [TEST_STEP][PASSED] - totalplay.Common.verifyPropertyValueExist(SetBillingShipment_Response, c_fromStoreId): totalplay.Common.verifyPropertyValueExist is PASSED

11-06-2024T18:04:29 - [MESSAGE][INFO] - Checking response object

11-06-2024T18:04:29 - [MESSAGE][INFO] - 2029

11-06-2024T18:04:29 - [MESSAGE][PASSED] - totalplay.Common.verifyPropertyValueExist is PASSED

11-06-2024T18:04:29 - [TEST_STEP][PASSED] - totalplay.Common.verifyPropertyExist(SetBillingShipment_Response, c_offerId): totalplay.Common.verifyPropertyExist is PASSED

11-06-2024T18:04:29 - [MESSAGE][INFO] - Checking response object

11-06-2024T18:04:29 - [MESSAGE][PASSED] - totalplay.Common.verifyPropertyExist is PASSED

11-06-2024T18:04:29 - [TEST_STEP][PASSED] - totalplay.Common.verifyPropertyValueExist(SetBillingShipment_Response, c_offerId): totalplay.Common.verifyPropertyValueExist is PASSED

11-06-2024T18:04:29 - [MESSAGE][INFO] - Checking response object

11-06-2024T18:04:29 - [MESSAGE][INFO] - 149252

11-06-2024T18:04:29 - [MESSAGE][PASSED] - totalplay.Common.verifyPropertyValueExist is PASSED

11-06-2024T18:04:29 - [TEST_STEP][PASSED] - totalplay.Common.getNumValueofObject(SetBillingShipment_Response, c_offerListPrice): totalplay.Common.getNumValueofObject is PASSED

11-06-2024T18:04:29 - [MESSAGE][INFO] - Checking response object

11-06-2024T18:04:29 - [MESSAGE][PASSED] - totalplay.Common.getNumValueofObject is PASSED

11-06-2024T18:04:29 - [TEST_STEP][PASSED] - totalplay.Common.getNumValueofObject(SetBillingShipment_Response, c_offerSalesPrice): totalplay.Common.getNumValueofObject is PASSED

11-06-2024T18:04:29 - [MESSAGE][INFO] - Checking response object

11-06-2024T18:04:29 - [MESSAGE][PASSED] - totalplay.Common.getNumValueofObject is PASSED

11-06-2024T18:04:29 - [TEST_STEP][PASSED] - totalplay.Common.verifyPropertyExist(SetBillingShipment_Response, c_offerState): totalplay.Common.verifyPropertyExist is PASSED

11-06-2024T18:04:29 - [MESSAGE][INFO] - Checking response object

11-06-2024T18:04:29 - [MESSAGE][PASSED] - totalplay.Common.verifyPropertyExist is PASSED

11-06-2024T18:04:29 - [TEST_STEP][PASSED] - totalplay.Common.verifyPropertyValueExist(SetBillingShipment_Response, c_offerState): totalplay.Common.verifyPropertyValueExist is PASSED

11-06-2024T18:04:29 - [MESSAGE][INFO] - Checking response object

11-06-2024T18:04:29 - [MESSAGE][INFO] - Nuevo

11-06-2024T18:04:29 - [MESSAGE][PASSED] - totalplay.Common.verifyPropertyValueExist is PASSED

11-06-2024T18:04:29 - [TEST_STEP][PASSED] - totalplay.Common.verifyPropertyExist(SetBillingShipment_Response, c_offerStateCode): totalplay.Common.verifyPropertyExist is PASSED

11-06-2024T18:04:29 - [MESSAGE][INFO] - Checking response object

11-06-2024T18:04:29 - [MESSAGE][PASSED] - totalplay.Common.verifyPropertyExist is PASSED

11-06-2024T18:04:29 - [TEST_STEP][PASSED] - totalplay.Common.verifyPropertyValueExist(SetBillingShipment_Response, c_offerStateCode): totalplay.Common.verifyPropertyValueExist is PASSED

11-06-2024T18:04:29 - [MESSAGE][INFO] - Checking response object

11-06-2024T18:04:29 - [MESSAGE][INFO] - 11

11-06-2024T18:04:29 - [MESSAGE][PASSED] - totalplay.Common.verifyPropertyValueExist is PASSED

11-06-2024T18:04:29 - [TEST_STEP][PASSED] - totalplay.Common.verifyPropertyExist(SetBillingShipment_Response, alt): totalplay.Common.verifyPropertyExist is PASSED

11-06-2024T18:04:29 - [MESSAGE][INFO] - Checking response object

11-06-2024T18:04:29 - [MESSAGE][PASSED] - totalplay.Common.verifyPropertyExist is PASSED

11-06-2024T18:04:29 - [TEST_STEP][PASSED] - totalplay.Common.verifyPropertyValueExist(SetBillingShipment_Response, alt): totalplay.Common.verifyPropertyValueExist is PASSED

11-06-2024T18:04:29 - [MESSAGE][INFO] - Checking response object

11-06-2024T18:04:29 - [MESSAGE][INFO] - Pera de Peluche Amarillo

11-06-2024T18:04:29 - [MESSAGE][PASSED] - totalplay.Common.verifyPropertyValueExist is PASSED

11-06-2024T18:04:29 - [TEST_STEP][PASSED] - totalplay.Common.verifyPropertyExist(SetBillingShipment_Response, title): totalplay.Common.verifyPropertyExist is PASSED

11-06-2024T18:04:29 - [MESSAGE][INFO] - Checking response object

11-06-2024T18:04:29 - [MESSAGE][PASSED] - totalplay.Common.verifyPropertyExist is PASSED

11-06-2024T18:04:29 - [TEST_STEP][PASSED] - totalplay.Common.verifyPropertyValueExist(SetBillingShipment_Response, title): totalplay.Common.verifyPropertyValueExist is PASSED

11-06-2024T18:04:29 - [MESSAGE][INFO] - Checking response object

11-06-2024T18:04:29 - [MESSAGE][INFO] - Pera de Peluche Amarillo

11-06-2024T18:04:29 - [MESSAGE][PASSED] - totalplay.Common.verifyPropertyValueExist is PASSED

11-06-2024T18:04:29 - [TEST_STEP][PASSED] - totalplay.Common.verifyPropertyExist(SetBillingShipment_Response, url): totalplay.Common.verifyPropertyExist is PASSED

11-06-2024T18:04:29 - [MESSAGE][INFO] - Checking response object

11-06-2024T18:04:29 - [MESSAGE][PASSED] - totalplay.Common.verifyPropertyExist is PASSED

11-06-2024T18:04:29 - [TEST_STEP][PASSED] - totalplay.Common.verifyPropertyValueExist(SetBillingShipment_Response, url): totalplay.Common.verifyPropertyValueExist is PASSED

11-06-2024T18:04:29 - [MESSAGE][INFO] - Checking response object

11-06-2024T18:04:29 - [MESSAGE][INFO] - https://salesforceqa.sistemastp.com.mx/dw/image/v2/BJCL_DEV/on/demandware.static/-/Sites-Standard/default/dwcc56cdcf/images/large/da896e891b964bd388bf6b8636b06eff.jpg?sw=144&sh=144

11-06-2024T18:04:29 - [MESSAGE][PASSED] - totalplay.Common.verifyPropertyValueExist is PASSED

11-06-2024T18:04:29 - [TEST_STEP][PASSED] - totalplay.Common.verifyPropertyExist(SetBillingShipment_Response, c_shopId): totalplay.Common.verifyPropertyExist is PASSED

11-06-2024T18:04:29 - [MESSAGE][INFO] - Checking response object

11-06-2024T18:04:29 - [MESSAGE][PASSED] - totalplay.Common.verifyPropertyExist is PASSED

11-06-2024T18:04:29 - [TEST_STEP][PASSED] - totalplay.Common.verifyPropertyValueExist(SetBillingShipment_Response, c_shopId): totalplay.Common.verifyPropertyValueExist is PASSED

11-06-2024T18:04:29 - [MESSAGE][INFO] - Checking response object

11-06-2024T18:04:29 - [MESSAGE][INFO] - 2029

11-06-2024T18:04:29 - [MESSAGE][PASSED] - totalplay.Common.verifyPropertyValueExist is PASSED

11-06-2024T18:04:29 - [TEST_STEP][PASSED] - totalplay.Common.verifyPropertyExist(SetBillingShipment_Response, c_shopName): totalplay.Common.verifyPropertyExist is PASSED

11-06-2024T18:04:29 - [MESSAGE][INFO] - Checking response object

11-06-2024T18:04:29 - [MESSAGE][PASSED] - totalplay.Common.verifyPropertyExist is PASSED

11-06-2024T18:04:29 - [TEST_STEP][PASSED] - totalplay.Common.verifyPropertyValueExist(SetBillingShipment_Response, c_shopName): totalplay.Common.verifyPropertyValueExist is PASSED

11-06-2024T18:04:29 - [MESSAGE][INFO] - Checking response object

11-06-2024T18:04:29 - [MESSAGE][INFO] - Waldo´s

11-06-2024T18:04:29 - [MESSAGE][PASSED] - totalplay.Common.verifyPropertyValueExist is PASSED

11-06-2024T18:04:29 - [TEST_STEP][PASSED] - totalplay.Common.getNumValueofObject(SetBillingShipment_Response, product_sub_total): totalplay.Common.getNumValueofObject is PASSED

11-06-2024T18:04:29 - [MESSAGE][INFO] - Checking response object

11-06-2024T18:04:29 - [MESSAGE][PASSED] - totalplay.Common.getNumValueofObject is PASSED

11-06-2024T18:04:29 - [TEST_STEP][PASSED] - totalplay.Common.getNumValueofObject(SetBillingShipment_Response, product_total): totalplay.Common.getNumValueofObject is PASSED

11-06-2024T18:04:29 - [MESSAGE][INFO] - Checking response object

11-06-2024T18:04:29 - [MESSAGE][PASSED] - totalplay.Common.getNumValueofObject is PASSED

11-06-2024T18:04:29 - [TEST_STEP][PASSED] - totalplay.Common.verifyPropertyExist(SetBillingShipment_Response, shipment_id): totalplay.Common.verifyPropertyExist is PASSED

11-06-2024T18:04:29 - [MESSAGE][INFO] - Checking response object

11-06-2024T18:04:29 - [MESSAGE][PASSED] - totalplay.Common.verifyPropertyExist is PASSED

11-06-2024T18:04:29 - [TEST_STEP][PASSED] - totalplay.Common.verifyPropertyValueExist(SetBillingShipment_Response, shipment_id): totalplay.Common.verifyPropertyValueExist is PASSED

11-06-2024T18:04:29 - [MESSAGE][INFO] - Checking response object

11-06-2024T18:04:29 - [MESSAGE][INFO] - me

11-06-2024T18:04:29 - [MESSAGE][PASSED] - totalplay.Common.verifyPropertyValueExist is PASSED

11-06-2024T18:04:29 - [TEST_STEP][PASSED] - totalplay.Common.getNumValueofObject(SetBillingShipment_Response, shipment_total): totalplay.Common.getNumValueofObject is PASSED

11-06-2024T18:04:29 - [MESSAGE][INFO] - Checking response object

11-06-2024T18:04:29 - [MESSAGE][PASSED] - totalplay.Common.getNumValueofObject is PASSED

11-06-2024T18:04:29 - [TEST_STEP][PASSED] - totalplay.Common.verifyPropertyExist(SetBillingShipment_Response, shipping_address_address1): totalplay.Common.verifyPropertyExist is PASSED

11-06-2024T18:04:29 - [MESSAGE][INFO] - Checking response object

11-06-2024T18:04:29 - [MESSAGE][PASSED] - totalplay.Common.verifyPropertyExist is PASSED

11-06-2024T18:04:29 - [TEST_STEP][PASSED] - totalplay.Common.verifyPropertyValueExist(SetBillingShipment_Response, shipping_address_address1): totalplay.Common.verifyPropertyValueExist is PASSED

11-06-2024T18:04:29 - [MESSAGE][INFO] - Checking response object

11-06-2024T18:04:29 - [MESSAGE][INFO] - Avenida San Jerónimo

11-06-2024T18:04:29 - [MESSAGE][PASSED] - totalplay.Common.verifyPropertyValueExist is PASSED

11-06-2024T18:04:29 - [TEST_STEP][PASSED] - totalplay.Common.verifyPropertyExist(SetBillingShipment_Response, shipping_address_city): totalplay.Common.verifyPropertyExist is PASSED

11-06-2024T18:04:29 - [MESSAGE][INFO] - Checking response object

11-06-2024T18:04:29 - [MESSAGE][PASSED] - totalplay.Common.verifyPropertyExist is PASSED

11-06-2024T18:04:29 - [TEST_STEP][PASSED] - totalplay.Common.verifyPropertyValueExist(SetBillingShipment_Response, shipping_address_city): totalplay.Common.verifyPropertyValueExist is PASSED

11-06-2024T18:04:29 - [MESSAGE][INFO] - Checking response object

11-06-2024T18:04:29 - [MESSAGE][INFO] - Ciudad de México

11-06-2024T18:04:29 - [MESSAGE][PASSED] - totalplay.Common.verifyPropertyValueExist is PASSED

11-06-2024T18:04:29 - [TEST_STEP][PASSED] - totalplay.Common.verifyPropertyExist(SetBillingShipment_Response, shipping_address_country_code): totalplay.Common.verifyPropertyExist is PASSED

11-06-2024T18:04:29 - [MESSAGE][INFO] - Checking response object

11-06-2024T18:04:29 - [MESSAGE][PASSED] - totalplay.Common.verifyPropertyExist is PASSED

11-06-2024T18:04:29 - [TEST_STEP][PASSED] - totalplay.Common.verifyPropertyValueExist(SetBillingShipment_Response, shipping_address_country_code): totalplay.Common.verifyPropertyValueExist is PASSED

11-06-2024T18:04:29 - [MESSAGE][INFO] - Checking response object

11-06-2024T18:04:29 - [MESSAGE][INFO] - MX

11-06-2024T18:04:29 - [MESSAGE][PASSED] - totalplay.Common.verifyPropertyValueExist is PASSED

11-06-2024T18:04:29 - [TEST_STEP][PASSED] - totalplay.Common.verifyPropertyExist(SetBillingShipment_Response, shipping_address_first_name): totalplay.Common.verifyPropertyExist is PASSED

11-06-2024T18:04:29 - [MESSAGE][INFO] - Checking response object

11-06-2024T18:04:29 - [MESSAGE][PASSED] - totalplay.Common.verifyPropertyExist is PASSED

11-06-2024T18:04:29 - [TEST_STEP][PASSED] - totalplay.Common.verifyPropertyValueExist(SetBillingShipment_Response, shipping_address_first_name): totalplay.Common.verifyPropertyValueExist is PASSED

11-06-2024T18:04:29 - [MESSAGE][INFO] - Checking response object

11-06-2024T18:04:29 - [MESSAGE][INFO] - Ricardo

11-06-2024T18:04:29 - [MESSAGE][PASSED] - totalplay.Common.verifyPropertyValueExist is PASSED

11-06-2024T18:04:29 - [TEST_STEP][PASSED] - totalplay.Common.verifyPropertyExist(SetBillingShipment_Response, shipping_address_full_name): totalplay.Common.verifyPropertyExist is PASSED

11-06-2024T18:04:29 - [MESSAGE][INFO] - Checking response object

11-06-2024T18:04:29 - [MESSAGE][PASSED] - totalplay.Common.verifyPropertyExist is PASSED

11-06-2024T18:04:29 - [TEST_STEP][PASSED] - totalplay.Common.verifyPropertyValueExist(SetBillingShipment_Response, shipping_address_full_name): totalplay.Common.verifyPropertyValueExist is PASSED

11-06-2024T18:04:29 - [MESSAGE][INFO] - Checking response object

11-06-2024T18:04:29 - [MESSAGE][INFO] - Ricardo Cruz Corona

11-06-2024T18:04:29 - [MESSAGE][PASSED] - totalplay.Common.verifyPropertyValueExist is PASSED

11-06-2024T18:04:29 - [TEST_STEP][PASSED] - totalplay.Common.verifyPropertyExist(SetBillingShipment_Response, shipping_address_id): totalplay.Common.verifyPropertyExist is PASSED

11-06-2024T18:04:29 - [MESSAGE][INFO] - Checking response object

11-06-2024T18:04:29 - [MESSAGE][PASSED] - totalplay.Common.verifyPropertyExist is PASSED

11-06-2024T18:04:29 - [TEST_STEP][PASSED] - totalplay.Common.verifyPropertyValueExist(SetBillingShipment_Response, shipping_address_id): totalplay.Common.verifyPropertyValueExist is PASSED

11-06-2024T18:04:29 - [MESSAGE][INFO] - Checking response object

11-06-2024T18:04:29 - [MESSAGE][INFO] - 7456e635def6ecf05c81bd88f8

11-06-2024T18:04:29 - [MESSAGE][PASSED] - totalplay.Common.verifyPropertyValueExist is PASSED

11-06-2024T18:04:29 - [TEST_STEP][PASSED] - totalplay.Common.verifyPropertyExist(SetBillingShipment_Response, shipping_address_last_name): totalplay.Common.verifyPropertyExist is PASSED

11-06-2024T18:04:29 - [MESSAGE][INFO] - Checking response object

11-06-2024T18:04:30 - [MESSAGE][PASSED] - totalplay.Common.verifyPropertyExist is PASSED

11-06-2024T18:04:30 - [TEST_STEP][PASSED] - totalplay.Common.verifyPropertyValueExist(SetBillingShipment_Response, shipping_address_last_name): totalplay.Common.verifyPropertyValueExist is PASSED

11-06-2024T18:04:30 - [MESSAGE][INFO] - Checking response object

11-06-2024T18:04:30 - [MESSAGE][INFO] - Corona

11-06-2024T18:04:30 - [MESSAGE][PASSED] - totalplay.Common.verifyPropertyValueExist is PASSED

11-06-2024T18:04:30 - [TEST_STEP][PASSED] - totalplay.Common.verifyPropertyExist(SetBillingShipment_Response, shipping_address_phone): totalplay.Common.verifyPropertyExist is PASSED

11-06-2024T18:04:30 - [MESSAGE][INFO] - Checking response object

11-06-2024T18:04:30 - [MESSAGE][PASSED] - totalplay.Common.verifyPropertyExist is PASSED

11-06-2024T18:04:30 - [TEST_STEP][PASSED] - totalplay.Common.verifyPropertyValueExist(SetBillingShipment_Response, shipping_address_phone): totalplay.Common.verifyPropertyValueExist is PASSED

11-06-2024T18:04:30 - [MESSAGE][INFO] - Checking response object

11-06-2024T18:04:30 - [MESSAGE][INFO] - 7221831549

11-06-2024T18:04:30 - [MESSAGE][PASSED] - totalplay.Common.verifyPropertyValueExist is PASSED

11-06-2024T18:04:30 - [TEST_STEP][PASSED] - totalplay.Common.verifyPropertyExist(SetBillingShipment_Response, shipping_address_postal_code): totalplay.Common.verifyPropertyExist is PASSED

11-06-2024T18:04:30 - [MESSAGE][INFO] - Checking response object

11-06-2024T18:04:30 - [MESSAGE][PASSED] - totalplay.Common.verifyPropertyExist is PASSED

11-06-2024T18:04:30 - [TEST_STEP][PASSED] - totalplay.Common.verifyPropertyValueExist(SetBillingShipment_Response, shipping_address_postal_code): totalplay.Common.verifyPropertyValueExist is PASSED

11-06-2024T18:04:30 - [MESSAGE][INFO] - Checking response object

11-06-2024T18:04:30 - [MESSAGE][INFO] - 04519

11-06-2024T18:04:30 - [MESSAGE][PASSED] - totalplay.Common.verifyPropertyValueExist is PASSED

11-06-2024T18:04:30 - [TEST_STEP][PASSED] - totalplay.Common.verifyPropertyExist(SetBillingShipment_Response, shipping_address_c_alias): totalplay.Common.verifyPropertyExist is PASSED

11-06-2024T18:04:30 - [MESSAGE][INFO] - Checking response object

11-06-2024T18:04:30 - [MESSAGE][PASSED] - totalplay.Common.verifyPropertyExist is PASSED

11-06-2024T18:04:30 - [TEST_STEP][PASSED] - totalplay.Common.verifyPropertyValueExist(SetBillingShipment_Response, shipping_address_c_alias): totalplay.Common.verifyPropertyValueExist is PASSED

11-06-2024T18:04:30 - [MESSAGE][INFO] - Checking response object

11-06-2024T18:04:30 - [MESSAGE][INFO] - Trabajo

11-06-2024T18:04:30 - [MESSAGE][PASSED] - totalplay.Common.verifyPropertyValueExist is PASSED

11-06-2024T18:04:30 - [TEST_STEP][PASSED] - totalplay.Common.verifyPropertyExist(SetBillingShipment_Response, shipping_address_second_name): totalplay.Common.verifyPropertyExist is PASSED

11-06-2024T18:04:30 - [MESSAGE][INFO] - Checking response object

11-06-2024T18:04:30 - [MESSAGE][PASSED] - totalplay.Common.verifyPropertyExist is PASSED

11-06-2024T18:04:30 - [TEST_STEP][PASSED] - totalplay.Common.verifyPropertyValueExist(SetBillingShipment_Response, shipping_address_second_name): totalplay.Common.verifyPropertyValueExist is PASSED

11-06-2024T18:04:30 - [MESSAGE][INFO] - Checking response object

11-06-2024T18:04:30 - [MESSAGE][INFO] - Cruz

11-06-2024T18:04:30 - [MESSAGE][PASSED] - totalplay.Common.verifyPropertyValueExist is PASSED

11-06-2024T18:04:30 - [TEST_STEP][PASSED] - totalplay.Common.verifyPropertyExist(SetBillingShipment_Response, shipping_address_c_alias): totalplay.Common.verifyPropertyExist is PASSED

11-06-2024T18:04:30 - [MESSAGE][INFO] - Checking response object

11-06-2024T18:04:30 - [MESSAGE][PASSED] - totalplay.Common.verifyPropertyExist is PASSED

11-06-2024T18:04:30 - [TEST_STEP][PASSED] - totalplay.Common.verifyPropertyValueExist(SetBillingShipment_Response, shipping_address_c_alias): totalplay.Common.verifyPropertyValueExist is PASSED

11-06-2024T18:04:30 - [MESSAGE][INFO] - Checking response object

11-06-2024T18:04:30 - [MESSAGE][INFO] - Trabajo

11-06-2024T18:04:30 - [MESSAGE][PASSED] - totalplay.Common.verifyPropertyValueExist is PASSED

11-06-2024T18:04:30 - [TEST_STEP][PASSED] - totalplay.Common.verifyPropertyExist(SetBillingShipment_Response, shipping_address_c_alias): totalplay.Common.verifyPropertyExist is PASSED

11-06-2024T18:04:30 - [MESSAGE][INFO] - Checking response object

11-06-2024T18:04:30 - [MESSAGE][PASSED] - totalplay.Common.verifyPropertyExist is PASSED

11-06-2024T18:04:30 - [TEST_STEP][PASSED] - totalplay.Common.verifyPropertyValueExist(SetBillingShipment_Response, shipping_address_c_alias): totalplay.Common.verifyPropertyValueExist is PASSED

11-06-2024T18:04:30 - [MESSAGE][INFO] - Checking response object

11-06-2024T18:04:30 - [MESSAGE][INFO] - Trabajo

11-06-2024T18:04:30 - [MESSAGE][PASSED] - totalplay.Common.verifyPropertyValueExist is PASSED

11-06-2024T18:04:30 - [TEST_STEP][PASSED] - totalplay.Common.verifyPropertyExist(SetBillingShipment_Response, shipping_address_c_label): totalplay.Common.verifyPropertyExist is PASSED

11-06-2024T18:04:30 - [MESSAGE][INFO] - Checking response object

11-06-2024T18:04:30 - [MESSAGE][PASSED] - totalplay.Common.verifyPropertyExist is PASSED

11-06-2024T18:04:30 - [TEST_STEP][PASSED] - totalplay.Common.verifyPropertyValueExist(SetBillingShipment_Response, shipping_address_c_label): totalplay.Common.verifyPropertyValueExist is PASSED

11-06-2024T18:04:30 - [MESSAGE][INFO] - Checking response object

11-06-2024T18:04:30 - [MESSAGE][INFO] - {"home":false,"company":true,"other":false}

11-06-2024T18:04:30 - [MESSAGE][PASSED] - totalplay.Common.verifyPropertyValueExist is PASSED

11-06-2024T18:04:30 - [TEST_STEP][PASSED] - totalplay.Common.verifyPropertyExist(SetBillingShipment_Response, shipping_address_c_longitude): totalplay.Common.verifyPropertyExist is PASSED

11-06-2024T18:04:30 - [MESSAGE][INFO] - Checking response object

11-06-2024T18:04:30 - [MESSAGE][PASSED] - totalplay.Common.verifyPropertyExist is PASSED

11-06-2024T18:04:30 - [TEST_STEP][PASSED] - totalplay.Common.verifyPropertyValueExist(SetBillingShipment_Response, shipping_address_c_longitude): totalplay.Common.verifyPropertyValueExist is PASSED

11-06-2024T18:04:30 - [MESSAGE][INFO] - Checking response object

11-06-2024T18:04:30 - [MESSAGE][INFO] - -99.1985968

11-06-2024T18:04:30 - [MESSAGE][PASSED] - totalplay.Common.verifyPropertyValueExist is PASSED

11-06-2024T18:04:30 - [TEST_STEP][PASSED] - totalplay.Common.verifyPropertyExist(SetBillingShipment_Response, shipping_address_c_nExt): totalplay.Common.verifyPropertyExist is PASSED

11-06-2024T18:04:30 - [MESSAGE][INFO] - Checking response object

11-06-2024T18:04:30 - [MESSAGE][PASSED] - totalplay.Common.verifyPropertyExist is PASSED

11-06-2024T18:04:30 - [TEST_STEP][PASSED] - totalplay.Common.verifyPropertyValueExist(SetBillingShipment_Response, shipping_address_c_nExt): totalplay.Common.verifyPropertyValueExist is PASSED

11-06-2024T18:04:30 - [MESSAGE][INFO] - Checking response object

11-06-2024T18:04:30 - [MESSAGE][INFO] - 260

11-06-2024T18:04:30 - [MESSAGE][PASSED] - totalplay.Common.verifyPropertyValueExist is PASSED

11-06-2024T18:04:30 - [TEST_STEP][PASSED] - totalplay.Common.verifyPropertyExist(SetBillingShipment_Response, shipping_address_c_rfc): totalplay.Common.verifyPropertyExist is PASSED

11-06-2024T18:04:30 - [MESSAGE][INFO] - Checking response object

11-06-2024T18:04:30 - [MESSAGE][PASSED] - totalplay.Common.verifyPropertyExist is PASSED

11-06-2024T18:04:30 - [TEST_STEP][PASSED] - totalplay.Common.verifyPropertyValueExist(SetBillingShipment_Response, shipping_address_c_rfc): totalplay.Common.verifyPropertyValueExist is PASSED

11-06-2024T18:04:30 - [MESSAGE][INFO] - Checking response object

11-06-2024T18:04:30 - [MESSAGE][INFO] - COCR980114TA5

11-06-2024T18:04:30 - [MESSAGE][PASSED] - totalplay.Common.verifyPropertyValueExist is PASSED

11-06-2024T18:04:30 - [TEST_STEP][PASSED] - totalplay.Common.verifyPropertyExist(SetBillingShipment_Response, shipping_address_c_streetName): totalplay.Common.verifyPropertyExist is PASSED

11-06-2024T18:04:30 - [MESSAGE][INFO] - Checking response object

11-06-2024T18:04:30 - [MESSAGE][PASSED] - totalplay.Common.verifyPropertyExist is PASSED

11-06-2024T18:04:30 - [TEST_STEP][PASSED] - totalplay.Common.verifyPropertyValueExist(SetBillingShipment_Response, shipping_address_c_streetName): totalplay.Common.verifyPropertyValueExist is PASSED

11-06-2024T18:04:30 - [MESSAGE][INFO] - Checking response object

11-06-2024T18:04:30 - [MESSAGE][INFO] - Avenida San Jerónimo

11-06-2024T18:04:30 - [MESSAGE][PASSED] - totalplay.Common.verifyPropertyValueExist is PASSED

11-06-2024T18:04:30 - [TEST_STEP][PASSED] - totalplay.Common.verifyPropertyExist(SetBillingShipment_Response, shipping_address_c_state): totalplay.Common.verifyPropertyExist is PASSED

11-06-2024T18:04:30 - [MESSAGE][INFO] - Checking response object

11-06-2024T18:04:30 - [MESSAGE][PASSED] - totalplay.Common.verifyPropertyExist is PASSED

11-06-2024T18:04:30 - [TEST_STEP][PASSED] - totalplay.Common.verifyPropertyValueExist(SetBillingShipment_Response, shipping_address_c_state): totalplay.Common.verifyPropertyValueExist is PASSED

11-06-2024T18:04:30 - [MESSAGE][INFO] - Checking response object

11-06-2024T18:04:30 - [MESSAGE][INFO] - MX

11-06-2024T18:04:30 - [MESSAGE][PASSED] - totalplay.Common.verifyPropertyValueExist is PASSED

11-06-2024T18:04:30 - [TEST_STEP][PASSED] - totalplay.Common.verifyPropertyExist(SetBillingShipment_Response, id): totalplay.Common.verifyPropertyExist is PASSED

11-06-2024T18:04:30 - [MESSAGE][INFO] - Checking response object

11-06-2024T18:04:30 - [MESSAGE][PASSED] - totalplay.Common.verifyPropertyExist is PASSED

11-06-2024T18:04:30 - [TEST_STEP][PASSED] - totalplay.Common.verifyPropertyValueExist(SetBillingShipment_Response, id): totalplay.Common.verifyPropertyValueExist is PASSED

11-06-2024T18:04:30 - [MESSAGE][INFO] - Checking response object

11-06-2024T18:04:30 - [MESSAGE][INFO] - ESTAFETA

11-06-2024T18:04:30 - [MESSAGE][PASSED] - totalplay.Common.verifyPropertyValueExist is PASSED

11-06-2024T18:04:30 - [TEST_STEP][PASSED] - totalplay.Common.verifyPropertyExist(SetBillingShipment_Response, name): totalplay.Common.verifyPropertyExist is PASSED

11-06-2024T18:04:30 - [MESSAGE][INFO] - Checking response object

11-06-2024T18:04:30 - [MESSAGE][PASSED] - totalplay.Common.verifyPropertyExist is PASSED

11-06-2024T18:04:30 - [TEST_STEP][PASSED] - totalplay.Common.verifyPropertyValueExist(SetBillingShipment_Response, name): totalplay.Common.verifyPropertyValueExist is PASSED

11-06-2024T18:04:30 - [MESSAGE][INFO] - Checking response object

11-06-2024T18:04:30 - [MESSAGE][INFO] - ESTAFETA

11-06-2024T18:04:30 - [MESSAGE][PASSED] - totalplay.Common.verifyPropertyValueExist is PASSED

11-06-2024T18:04:30 - [TEST_STEP][PASSED] - totalplay.Common.getBooleanValueofObject(SetBillingShipment_Response, c_storePickupEnabled): totalplay.Common.getBooleanValueofObject is PASSED

11-06-2024T18:04:30 - [MESSAGE][INFO] - Checking response object

11-06-2024T18:04:30 - [MESSAGE][PASSED] - totalplay.Common.getBooleanValueofObject is PASSED

11-06-2024T18:04:30 - [TEST_STEP][PASSED] - totalplay.Common.verifyPropertyExist(SetBillingShipment_Response, shipping_status): totalplay.Common.verifyPropertyExist is PASSED

11-06-2024T18:04:30 - [MESSAGE][INFO] - Checking response object

11-06-2024T18:04:30 - [MESSAGE][PASSED] - totalplay.Common.verifyPropertyExist is PASSED

11-06-2024T18:04:30 - [TEST_STEP][PASSED] - totalplay.Common.verifyPropertyValueExist(SetBillingShipment_Response, shipping_status): totalplay.Common.verifyPropertyValueExist is PASSED

11-06-2024T18:04:30 - [MESSAGE][INFO] - Checking response object

11-06-2024T18:04:30 - [MESSAGE][INFO] - not_shipped

11-06-2024T18:04:30 - [MESSAGE][PASSED] - totalplay.Common.verifyPropertyValueExist is PASSED

11-06-2024T18:04:30 - [TEST_STEP][PASSED] - totalplay.Common.getNumValueofObject(SetBillingShipment_Response, shipping_total): totalplay.Common.getNumValueofObject is PASSED

11-06-2024T18:04:30 - [MESSAGE][INFO] - Checking response object

11-06-2024T18:04:30 - [MESSAGE][PASSED] - totalplay.Common.getNumValueofObject is PASSED

11-06-2024T18:04:30 - [TEST_STEP][PASSED] - totalplay.Common.getNumValueofObject(SetBillingShipment_Response, shipping_total_tax): totalplay.Common.getNumValueofObject is PASSED

11-06-2024T18:04:30 - [MESSAGE][INFO] - Checking response object

11-06-2024T18:04:30 - [MESSAGE][PASSED] - totalplay.Common.getNumValueofObject is PASSED

11-06-2024T18:04:30 - [TEST_STEP][PASSED] - totalplay.Common.getNumValueofObject(SetBillingShipment_Response, c_totalShippingCost): totalplay.Common.getNumValueofObject is PASSED

11-06-2024T18:04:30 - [MESSAGE][INFO] - Checking response object

11-06-2024T18:04:30 - [MESSAGE][PASSED] - totalplay.Common.getNumValueofObject is PASSED

11-06-2024T18:04:30 - [TEST_STEP][PASSED] - totalplay.Common.verifyPropertyExist(SetBillingShipment_Response, item_id): totalplay.Common.verifyPropertyExist is PASSED

11-06-2024T18:04:30 - [MESSAGE][INFO] - Checking response object

11-06-2024T18:04:30 - [MESSAGE][PASSED] - totalplay.Common.verifyPropertyExist is PASSED

11-06-2024T18:04:30 - [TEST_STEP][PASSED] - totalplay.Common.verifyPropertyValueExist(SetBillingShipment_Response, item_id): totalplay.Common.verifyPropertyValueExist is PASSED

11-06-2024T18:04:30 - [MESSAGE][INFO] - Checking response object

11-06-2024T18:04:30 - [MESSAGE][INFO] - 406fc2f95f021f6c9099629444

11-06-2024T18:04:30 - [MESSAGE][PASSED] - totalplay.Common.verifyPropertyValueExist is PASSED

11-06-2024T18:04:30 - [TEST_STEP][PASSED] - totalplay.Common.verifyPropertyExist(SetBillingShipment_Response, item_text): totalplay.Common.verifyPropertyExist is PASSED

11-06-2024T18:04:30 - [MESSAGE][INFO] - Checking response object

11-06-2024T18:04:30 - [MESSAGE][PASSED] - totalplay.Common.verifyPropertyExist is PASSED

11-06-2024T18:04:30 - [TEST_STEP][PASSED] - totalplay.Common.verifyPropertyValueExist(SetBillingShipment_Response, item_text): totalplay.Common.verifyPropertyValueExist is PASSED

11-06-2024T18:04:30 - [MESSAGE][INFO] - Checking response object

11-06-2024T18:04:30 - [MESSAGE][INFO] - Shipping

11-06-2024T18:04:30 - [MESSAGE][PASSED] - totalplay.Common.verifyPropertyValueExist is PASSED

11-06-2024T18:04:30 - [TEST_STEP][PASSED] - totalplay.Common.verifyPropertyExist(SetBillingShipment_Response, tax_class_id): totalplay.Common.verifyPropertyExist is PASSED

11-06-2024T18:04:30 - [MESSAGE][INFO] - Checking response object

11-06-2024T18:04:30 - [MESSAGE][PASSED] - totalplay.Common.verifyPropertyExist is PASSED

11-06-2024T18:04:30 - [TEST_STEP][PASSED] - totalplay.Common.verifyPropertyValueExist(SetBillingShipment_Response, tax_class_id): totalplay.Common.verifyPropertyValueExist is PASSED

11-06-2024T18:04:30 - [MESSAGE][INFO] - Checking response object

11-06-2024T18:04:30 - [MESSAGE][INFO] - estafeta_ship_tax

11-06-2024T18:04:30 - [MESSAGE][PASSED] - totalplay.Common.verifyPropertyValueExist is PASSED

11-06-2024T18:04:30 - [TEST_STEP][PASSED] - totalplay.Common.verifyPropertyExist(SetBillingShipment_Response, c_corporateImgUrl): totalplay.Common.verifyPropertyExist is PASSED

11-06-2024T18:04:30 - [MESSAGE][INFO] - Checking response object

11-06-2024T18:04:30 - [MESSAGE][PASSED] - totalplay.Common.verifyPropertyExist is PASSED

11-06-2024T18:04:30 - [TEST_STEP][PASSED] - totalplay.Common.verifyPropertyValueExist(SetBillingShipment_Response, c_corporateImgUrl): totalplay.Common.verifyPropertyValueExist is PASSED

11-06-2024T18:04:30 - [MESSAGE][INFO] - Checking response object

11-06-2024T18:04:30 - [MESSAGE][INFO] - https://salesforceqa.sistemastp.com.mx/on/demandware.static/-/Sites/default/dw261b1b6d/images/seller/202990278.50446941666

11-06-2024T18:04:30 - [MESSAGE][PASSED] - totalplay.Common.verifyPropertyValueExist is PASSED

11-06-2024T18:04:30 - [TEST_STEP][PASSED] - totalplay.Common.verifyPropertyExist(SetBillingShipment_Response, c_currentCorporate): totalplay.Common.verifyPropertyExist is PASSED

11-06-2024T18:04:30 - [MESSAGE][INFO] - Checking response object

11-06-2024T18:04:30 - [MESSAGE][PASSED] - totalplay.Common.verifyPropertyExist is PASSED

11-06-2024T18:04:30 - [TEST_STEP][PASSED] - totalplay.Common.verifyPropertyValueExist(SetBillingShipment_Response, c_currentCorporate): totalplay.Common.verifyPropertyValueExist is PASSED

11-06-2024T18:04:30 - [MESSAGE][INFO] - Checking response object

11-06-2024T18:04:30 - [MESSAGE][INFO] - 0100987105Waldos

11-06-2024T18:04:30 - [MESSAGE][PASSED] - totalplay.Common.verifyPropertyValueExist is PASSED

11-06-2024T18:04:30 - [TEST_STEP][PASSED] - totalplay.Common.verifyPropertyExist(SetBillingShipment_Response, c_currentMultiStoreID): totalplay.Common.verifyPropertyExist is PASSED

11-06-2024T18:04:30 - [MESSAGE][INFO] - Checking response object

11-06-2024T18:04:31 - [MESSAGE][PASSED] - totalplay.Common.verifyPropertyExist is PASSED

11-06-2024T18:04:31 - [TEST_STEP][PASSED] - totalplay.Common.verifyPropertyValueExist(SetBillingShipment_Response, c_currentMultiStoreID): totalplay.Common.verifyPropertyValueExist is PASSED

11-06-2024T18:04:31 - [MESSAGE][INFO] - Checking response object

11-06-2024T18:04:31 - [MESSAGE][INFO] - 2029

11-06-2024T18:04:31 - [MESSAGE][PASSED] - totalplay.Common.verifyPropertyValueExist is PASSED

11-06-2024T18:04:31 - [TEST_STEP][PASSED] - totalplay.Common.getBooleanValueofObject(SetBillingShipment_Response, c_isLock): totalplay.Common.getBooleanValueofObject is PASSED

11-06-2024T18:04:31 - [MESSAGE][INFO] - Checking response object

11-06-2024T18:04:31 - [MESSAGE][PASSED] - totalplay.Common.getBooleanValueofObject is PASSED

11-06-2024T18:04:31 - [TEST_STEP][PASSED] - totalplay.Common.verifyPropertyExist(SetBillingShipment_Response, c_lockTime): totalplay.Common.verifyPropertyExist is PASSED

11-06-2024T18:04:31 - [MESSAGE][INFO] - Checking response object

11-06-2024T18:04:31 - [MESSAGE][PASSED] - totalplay.Common.verifyPropertyExist is PASSED

11-06-2024T18:04:31 - [TEST_STEP][PASSED] - totalplay.Common.verifyPropertyValueExist(SetBillingShipment_Response, c_lockTime): totalplay.Common.verifyPropertyValueExist is PASSED

11-06-2024T18:04:31 - [MESSAGE][INFO] - Checking response object

11-06-2024T18:04:31 - [MESSAGE][INFO] - 2024-06-11T12:35:26.950Z

11-06-2024T18:04:31 - [MESSAGE][PASSED] - totalplay.Common.verifyPropertyValueExist is PASSED

11-06-2024T18:04:31 - [TEST_STEP][PASSED] - totalplay.Common.verifyPropertyExist(SetBillingShipment_Response, c_multiStoreEDD): totalplay.Common.verifyPropertyExist is PASSED

11-06-2024T18:04:31 - [MESSAGE][INFO] - Checking response object

11-06-2024T18:04:31 - [MESSAGE][PASSED] - totalplay.Common.verifyPropertyExist is PASSED

11-06-2024T18:04:31 - [TEST_STEP][PASSED] - totalplay.Common.verifyPropertyValueExist(SetBillingShipment_Response, c_multiStoreEDD): totalplay.Common.verifyPropertyValueExist is PASSED

11-06-2024T18:04:31 - [MESSAGE][INFO] - Checking response object

11-06-2024T18:04:31 - [MESSAGE][INFO] - 5 - 11 días

11-06-2024T18:04:31 - [MESSAGE][PASSED] - totalplay.Common.verifyPropertyValueExist is PASSED

11-06-2024T18:04:31 - [TEST_STEP][PASSED] - totalplay.Common.verifyPropertyExist(SetBillingShipment_Response, c_preferedShipment): totalplay.Common.verifyPropertyExist is PASSED

11-06-2024T18:04:31 - [MESSAGE][INFO] - Checking response object

11-06-2024T18:04:31 - [MESSAGE][PASSED] - totalplay.Common.verifyPropertyExist is PASSED

11-06-2024T18:04:31 - [TEST_STEP][PASSED] - totalplay.Common.verifyPropertyValueExist(SetBillingShipment_Response, c_preferedShipment): totalplay.Common.verifyPropertyValueExist is PASSED

11-06-2024T18:04:31 - [MESSAGE][INFO] - Checking response object

11-06-2024T18:04:31 - [MESSAGE][INFO] - {"deliveryPartnerZipCode":"ESTAFETA_04519","shippingMethod":"DIA-SIG","forced":false,"state":null}

11-06-2024T18:04:31 - [MESSAGE][PASSED] - totalplay.Common.verifyPropertyValueExist is PASSED

11-06-2024T18:04:31 - [TEST_STEP][PASSED] - totalplay.Common.verifyPropertyExist(SetBillingShipment_Response, c_seller_id): totalplay.Common.verifyPropertyExist is PASSED

11-06-2024T18:04:31 - [MESSAGE][INFO] - Checking response object

11-06-2024T18:04:31 - [MESSAGE][PASSED] - totalplay.Common.verifyPropertyExist is PASSED

11-06-2024T18:04:31 - [TEST_STEP][PASSED] - totalplay.Common.verifyPropertyValueExist(SetBillingShipment_Response, c_seller_id): totalplay.Common.verifyPropertyValueExist is PASSED

11-06-2024T18:04:31 - [MESSAGE][INFO] - Checking response object

11-06-2024T18:04:31 - [MESSAGE][INFO] - 2029

11-06-2024T18:04:31 - [MESSAGE][PASSED] - totalplay.Common.verifyPropertyValueExist is PASSED

11-06-2024T18:04:31 - [TEST_STEP][PASSED] - totalplay.Common.verifyPropertyExist(SetBillingShipment_Response, c_TypeOfShipment): totalplay.Common.verifyPropertyExist is PASSED

11-06-2024T18:04:31 - [MESSAGE][INFO] - Checking response object

11-06-2024T18:04:31 - [MESSAGE][PASSED] - totalplay.Common.verifyPropertyExist is PASSED

11-06-2024T18:04:31 - [TEST_STEP][PASSED] - totalplay.Common.verifyPropertyValueExist(SetBillingShipment_Response, c_TypeOfShipment): totalplay.Common.verifyPropertyValueExist is PASSED

11-06-2024T18:04:31 - [MESSAGE][INFO] - Checking response object

11-06-2024T18:04:31 - [MESSAGE][INFO] - MultiStore

11-06-2024T18:04:31 - [MESSAGE][PASSED] - totalplay.Common.verifyPropertyValueExist is PASSED]]></system-out>
         <system-err><![CDATA[]]></system-err>
      </testcase>
      <testcase name="Test Cases/TotalPlay-Shop/TC_25_SubmitPaymentMethodCreditCard" time="6.726" classname="Test Cases/TotalPlay-Shop/TC_25_SubmitPaymentMethodCreditCard" status="PASSED">
         <system-out><![CDATA[11-06-2024T18:04:31 - [TEST_CASE][PASSED] - Test Cases/TotalPlay-Shop/TC_25_SubmitPaymentMethodCreditCard: Test Cases/TotalPlay-Shop/TC_25_SubmitPaymentMethodCreditCard

11-06-2024T18:04:32 - [TEST_STEP][PASSED] - callTestCase(findTestCase("TotalPlay-Shop/TC_1_InterfaceLogin"), [:], STOP_ON_FAILURE): Call Test Case 'Test Cases/TotalPlay-Shop/TC_1_InterfaceLogin' successfully

11-06-2024T18:04:32 - [MESSAGE][INFO] - Checking called Test Case

11-06-2024T18:04:32 - [MESSAGE][INFO] - Starting to call Test Case 'Test Cases/TotalPlay-Shop/TC_1_InterfaceLogin'

11-06-2024T18:04:32 - [TEST_CASE][PASSED] - Test Cases/TotalPlay-Shop/TC_1_InterfaceLogin: Test Cases/TotalPlay-Shop/TC_1_InterfaceLogin

11-06-2024T18:04:32 - [TEST_STEP][PASSED] - LoginResponse = sendRequest(findTestObject("TotalPlay-Shop/Interface Login (SLAS)", ["URL":URL, "SITEID":SITEID])): Send request successfully

11-06-2024T18:04:32 - [MESSAGE][INFO] - Finding Test Object 'Object Repository/TotalPlay-Shop/Interface Login (SLAS)'

11-06-2024T18:04:32 - [MESSAGE][INFO] - Checking request object

11-06-2024T18:04:34 - [MESSAGE][INFO] - HAR: D:\Automation\KogniveraGithub\TotalPlay_Automation\totalplay-API\totalplay-automation\Reports\20240611_180136\Shop-Services\20240611_180137\requests\main\57.har

11-06-2024T18:04:34 - [MESSAGE][PASSED] - Send request successfully

11-06-2024T18:04:34 - [TEST_STEP][PASSED] - assert getResponseStatusCode(LoginResponse) == 200: Checking response object

11-06-2024T18:04:34 - [MESSAGE][INFO] - Checking response object

11-06-2024T18:04:34 - [TEST_STEP][PASSED] - Auth = "ocapiResponse.access_token": null

11-06-2024T18:04:34 - [TEST_STEP][PASSED] - sfccAuthorization = getElementPropertyValue(LoginResponse, Auth): Checking response object

11-06-2024T18:04:34 - [MESSAGE][INFO] - Checking response object

11-06-2024T18:04:34 - [TEST_STEP][PASSED] - logInfo(sfccAuthorization): eyJ2ZXIiOiIxLjAiLCJqa3UiOiJzbGFzL3Byb2QvYmpjbF9kZXYiLCJraWQiOiIzOWM0NGRmMy01OGI5LTQ3YWEtODNhMC05NWMwOTBiZGNkMzciLCJ0eXAiOiJqd3QiLCJjbHYiOiJKMi4zLjQiLCJhbGciOiJFUzI1NiJ9.eyJhdXQiOiJHVUlEIiwic2NwIjoic2ZjYy5zaG9wcGVyLW15YWNjb3VudC5iYXNrZXRzIHNmY2Muc2hvcHBlci1kaXNjb3Zlcnktc2VhcmNoIHNmY2Muc2hvcHBlci1teWFjY291bnQuYWRkcmVzc2VzIHNmY2Muc2hvcHBlci1wcm9kdWN0cyBzZmNjLnNob3BwZXItbXlhY2NvdW50LnJ3IHNmY2Muc2hvcHBlci1teWFjY291bnQucGF5bWVudGluc3RydW1lbnRzIHNmY2Muc2hvcHBlci1jdXN0b21lcnMubG9naW4gc2ZjYy5zaG9wcGVyLXN0b3JlcyBzZmNjLnNob3BwZXItbXlhY2NvdW50Lm9yZGVycyBzZmNjLnNob3BwZXItYmFza2V0cy1vcmRlcnMgc2ZjYy5zaG9wcGVyLWN1c3RvbWVycy5yZWdpc3RlciBzZmNjLnNob3BwZXItbXlhY2NvdW50LmFkZHJlc3Nlcy5ydyBzZmNjLnNob3BwZXItbXlhY2NvdW50LnByb2R1Y3RsaXN0cy5ydyBzZmNjLnNob3BwZXItcHJvZHVjdGxpc3RzIHNmY2Muc2hvcHBlci1wcm9tb3Rpb25zIHNmY2Muc2hvcHBlci1iYXNrZXRzLW9yZGVycy5ydyBzZmNjLnNob3BwZXItZ2lmdC1jZXJ0aWZpY2F0ZXMgc2ZjYy5zaG9wcGVyLW15YWNjb3VudC5wYXltZW50aW5zdHJ1bWVudHMucncgc2ZjYy5zaG9wcGVyLXByb2R1Y3Qtc2VhcmNoIHNmY2Muc2hvcHBlci1teWFjY291bnQucHJvZHVjdGxpc3RzIHNmY2Muc2hvcHBlci1jYXRlZ29yaWVzIHNmY2Muc2hvcHBlci1teWFjY291bnQiLCJzdWIiOiJjYy1zbGFzOjpiamNsX2Rldjo6c2NpZDo1ZDI1ZjVmYS01YTRmLTQ2YjUtYTIxMS04NzU1NDJjODVhYzE6OnVzaWQ6NGEzMWM2MDMtNzFlYi00ZDE4LWE4MWQtYTQzMjRlOTc5ZWFhIiwiY3R4Ijoic2xhcyIsImlzcyI6InNsYXMvcHJvZC9iamNsX2RldiIsImlzdCI6MSwiZG50IjoiMCIsImF1ZCI6ImNvbW1lcmNlY2xvdWQvcHJvZC9iamNsX2RldiIsIm5iZiI6MTcxODEwOTI0NCwic3R5IjoiVXNlciIsImlzYiI6InVpZG86ZWNvbTo6dXBuOnFhLnRvdGFscGxheSswMTAwOTg3MTA1QGdtYWlsLmNvbTo6dWlkbjpSaWNhcmRvICBDb3JvbmEgQ3J1ejo6Z2NpZDphYmxlY1hrdWswa2JrUmxYZEp3R1lZeGJjMjo6cmNpZDphY25SYldxdWpIQ3BnOW9xNlYyaGt1VGFTVzo6Y2hpZDpUUC1TSE9QIiwiZXhwIjoxNzE4MTExMDc0LCJpYXQiOjE3MTgxMDkyNzQsImp0aSI6IkMyQy0xMzExNTYzNTcwMTc4NzUxMTg1MDEwMjMxMzM3NTQwMjk0MDAifQ.IHd-aXDnJdAgOd_58rhn8qrDN8Z1XRSBrGOrVLry2f-u0zKcgqip1J6W9voqnPxfjAkQB8oQaMeOWatcqGyngA

11-06-2024T18:04:34 - [MESSAGE][INFO] - eyJ2ZXIiOiIxLjAiLCJqa3UiOiJzbGFzL3Byb2QvYmpjbF9kZXYiLCJraWQiOiIzOWM0NGRmMy01OGI5LTQ3YWEtODNhMC05NWMwOTBiZGNkMzciLCJ0eXAiOiJqd3QiLCJjbHYiOiJKMi4zLjQiLCJhbGciOiJFUzI1NiJ9.eyJhdXQiOiJHVUlEIiwic2NwIjoic2ZjYy5zaG9wcGVyLW15YWNjb3VudC5iYXNrZXRzIHNmY2Muc2hvcHBlci1kaXNjb3Zlcnktc2VhcmNoIHNmY2Muc2hvcHBlci1teWFjY291bnQuYWRkcmVzc2VzIHNmY2Muc2hvcHBlci1wcm9kdWN0cyBzZmNjLnNob3BwZXItbXlhY2NvdW50LnJ3IHNmY2Muc2hvcHBlci1teWFjY291bnQucGF5bWVudGluc3RydW1lbnRzIHNmY2Muc2hvcHBlci1jdXN0b21lcnMubG9naW4gc2ZjYy5zaG9wcGVyLXN0b3JlcyBzZmNjLnNob3BwZXItbXlhY2NvdW50Lm9yZGVycyBzZmNjLnNob3BwZXItYmFza2V0cy1vcmRlcnMgc2ZjYy5zaG9wcGVyLWN1c3RvbWVycy5yZWdpc3RlciBzZmNjLnNob3BwZXItbXlhY2NvdW50LmFkZHJlc3Nlcy5ydyBzZmNjLnNob3BwZXItbXlhY2NvdW50LnByb2R1Y3RsaXN0cy5ydyBzZmNjLnNob3BwZXItcHJvZHVjdGxpc3RzIHNmY2Muc2hvcHBlci1wcm9tb3Rpb25zIHNmY2Muc2hvcHBlci1iYXNrZXRzLW9yZGVycy5ydyBzZmNjLnNob3BwZXItZ2lmdC1jZXJ0aWZpY2F0ZXMgc2ZjYy5zaG9wcGVyLW15YWNjb3VudC5wYXltZW50aW5zdHJ1bWVudHMucncgc2ZjYy5zaG9wcGVyLXByb2R1Y3Qtc2VhcmNoIHNmY2Muc2hvcHBlci1teWFjY291bnQucHJvZHVjdGxpc3RzIHNmY2Muc2hvcHBlci1jYXRlZ29yaWVzIHNmY2Muc2hvcHBlci1teWFjY291bnQiLCJzdWIiOiJjYy1zbGFzOjpiamNsX2Rldjo6c2NpZDo1ZDI1ZjVmYS01YTRmLTQ2YjUtYTIxMS04NzU1NDJjODVhYzE6OnVzaWQ6NGEzMWM2MDMtNzFlYi00ZDE4LWE4MWQtYTQzMjRlOTc5ZWFhIiwiY3R4Ijoic2xhcyIsImlzcyI6InNsYXMvcHJvZC9iamNsX2RldiIsImlzdCI6MSwiZG50IjoiMCIsImF1ZCI6ImNvbW1lcmNlY2xvdWQvcHJvZC9iamNsX2RldiIsIm5iZiI6MTcxODEwOTI0NCwic3R5IjoiVXNlciIsImlzYiI6InVpZG86ZWNvbTo6dXBuOnFhLnRvdGFscGxheSswMTAwOTg3MTA1QGdtYWlsLmNvbTo6dWlkbjpSaWNhcmRvICBDb3JvbmEgQ3J1ejo6Z2NpZDphYmxlY1hrdWswa2JrUmxYZEp3R1lZeGJjMjo6cmNpZDphY25SYldxdWpIQ3BnOW9xNlYyaGt1VGFTVzo6Y2hpZDpUUC1TSE9QIiwiZXhwIjoxNzE4MTExMDc0LCJpYXQiOjE3MTgxMDkyNzQsImp0aSI6IkMyQy0xMzExNTYzNTcwMTc4NzUxMTg1MDEwMjMxMzM3NTQwMjk0MDAifQ.IHd-aXDnJdAgOd_58rhn8qrDN8Z1XRSBrGOrVLry2f-u0zKcgqip1J6W9voqnPxfjAkQB8oQaMeOWatcqGyngA

11-06-2024T18:04:34 - [TEST_STEP][PASSED] - Authorization = "Bearer " + sfccAuthorization: null

11-06-2024T18:04:34 - [TEST_STEP][PASSED] - logInfo(bm_auth_token): 

11-06-2024T18:04:34 - [MESSAGE][INFO] - 

11-06-2024T18:04:34 - [TEST_STEP][PASSED] - if (sfccAuthorization.length() == 0): null

11-06-2024T18:04:34 - [TEST_STEP][PASSED] - else: authorization generated

11-06-2024T18:04:34 - [TEST_STEP][PASSED] - markPassed("authorization generated"): authorization generated

11-06-2024T18:04:34 - [MESSAGE][PASSED] - authorization generated

11-06-2024T18:04:34 - [TEST_STEP][PASSED] - BasketId_loginResponse = "ocapiResponse.c_basketId": null

11-06-2024T18:04:34 - [TEST_STEP][PASSED] - CustomerId_loginResponse = "ocapiResponse.customer_id": null

11-06-2024T18:04:34 - [TEST_STEP][PASSED] - basketId = getElementPropertyValue(LoginResponse, BasketId_loginResponse): Checking response object

11-06-2024T18:04:34 - [MESSAGE][INFO] - Checking response object

11-06-2024T18:04:34 - [TEST_STEP][PASSED] - customerId = getElementPropertyValue(LoginResponse, CustomerId_loginResponse): Checking response object

11-06-2024T18:04:34 - [MESSAGE][INFO] - Checking response object

11-06-2024T18:04:34 - [TEST_STEP][PASSED] - basketID = basketId: null

11-06-2024T18:04:34 - [TEST_STEP][PASSED] - sla_customerId = customerId: null

11-06-2024T18:04:34 - [TEST_STEP][PASSED] - println(basketID): null

11-06-2024T18:04:34 - [TEST_STEP][PASSED] - println(sla_customerId): null

11-06-2024T18:04:34 - [TEST_STEP][PASSED] - refresh_token = "ocapiResponse.refresh_token": null

11-06-2024T18:04:34 - [TEST_STEP][PASSED] - customer_email = "ocapiResponse.customer_email": null

11-06-2024T18:04:34 - [TEST_STEP][PASSED] - c_brmId = "ocapiResponse.c_brmId": null

11-06-2024T18:04:34 - [TEST_STEP][PASSED] - customer_name = "ocapiResponse.customer_name": null

11-06-2024T18:04:34 - [TEST_STEP][PASSED] - totalplay.Common.verifyPropertyExist(LoginResponse, refresh_token): totalplay.Common.verifyPropertyExist is PASSED

11-06-2024T18:04:34 - [MESSAGE][INFO] - Checking response object

11-06-2024T18:04:34 - [MESSAGE][PASSED] - totalplay.Common.verifyPropertyExist is PASSED

11-06-2024T18:04:34 - [TEST_STEP][PASSED] - totalplay.Common.verifyPropertyValueExist(LoginResponse, refresh_token): totalplay.Common.verifyPropertyValueExist is PASSED

11-06-2024T18:04:34 - [MESSAGE][INFO] - Checking response object

11-06-2024T18:04:34 - [MESSAGE][INFO] - zU_VBTn29LkD0Ugo1lI7hGSs47Kvu0Fzf44ghHTWcGk

11-06-2024T18:04:34 - [MESSAGE][PASSED] - totalplay.Common.verifyPropertyValueExist is PASSED

11-06-2024T18:04:34 - [TEST_STEP][PASSED] - totalplay.Common.verifyPropertyExist(LoginResponse, customer_email): totalplay.Common.verifyPropertyExist is PASSED

11-06-2024T18:04:34 - [MESSAGE][INFO] - Checking response object

11-06-2024T18:04:34 - [MESSAGE][PASSED] - totalplay.Common.verifyPropertyExist is PASSED

11-06-2024T18:04:34 - [TEST_STEP][PASSED] - totalplay.Common.verifyPropertyValueExist(LoginResponse, customer_email): totalplay.Common.verifyPropertyValueExist is PASSED

11-06-2024T18:04:34 - [MESSAGE][INFO] - Checking response object

11-06-2024T18:04:34 - [MESSAGE][INFO] - qa.totalplay@gmail.com

11-06-2024T18:04:34 - [MESSAGE][PASSED] - totalplay.Common.verifyPropertyValueExist is PASSED

11-06-2024T18:04:34 - [TEST_STEP][PASSED] - totalplay.Common.verifyPropertyExist(LoginResponse, customer_name): totalplay.Common.verifyPropertyExist is PASSED

11-06-2024T18:04:34 - [MESSAGE][INFO] - Checking response object

11-06-2024T18:04:34 - [MESSAGE][PASSED] - totalplay.Common.verifyPropertyExist is PASSED

11-06-2024T18:04:34 - [TEST_STEP][PASSED] - totalplay.Common.verifyPropertyValueExist(LoginResponse, customer_name): totalplay.Common.verifyPropertyValueExist is PASSED

11-06-2024T18:04:34 - [MESSAGE][INFO] - Checking response object

11-06-2024T18:04:35 - [MESSAGE][INFO] - Ricardo  Corona Cruz

11-06-2024T18:04:35 - [MESSAGE][PASSED] - totalplay.Common.verifyPropertyValueExist is PASSED

11-06-2024T18:04:35 - [TEST_STEP][PASSED] - totalplay.Common.verifyPropertyExist(LoginResponse, c_brmId): totalplay.Common.verifyPropertyExist is PASSED

11-06-2024T18:04:35 - [MESSAGE][INFO] - Checking response object

11-06-2024T18:04:35 - [MESSAGE][PASSED] - totalplay.Common.verifyPropertyExist is PASSED

11-06-2024T18:04:35 - [TEST_STEP][PASSED] - totalplay.Common.verifyPropertyValueExist(LoginResponse, c_brmId): totalplay.Common.verifyPropertyValueExist is PASSED

11-06-2024T18:04:35 - [MESSAGE][INFO] - Checking response object

11-06-2024T18:04:35 - [MESSAGE][INFO] - 0100987105

11-06-2024T18:04:35 - [MESSAGE][PASSED] - totalplay.Common.verifyPropertyValueExist is PASSED

11-06-2024T18:04:35 - [MESSAGE][PASSED] - Call Test Case 'Test Cases/TotalPlay-Shop/TC_1_InterfaceLogin' successfully

11-06-2024T18:04:35 - [TEST_STEP][PASSED] - AddCart = sendRequest(findTestObject("TotalPlay-Shop/Postman/Cart/AddProductToBasket", ["URL":URL, "SITEID":SITEID, "basketID":basketID])): Send request successfully

11-06-2024T18:04:35 - [MESSAGE][INFO] - Finding Test Object 'Object Repository/TotalPlay-Shop/Postman/Cart/AddProductToBasket'

11-06-2024T18:04:35 - [MESSAGE][INFO] - Checking request object

11-06-2024T18:04:35 - [MESSAGE][INFO] - HAR: D:\Automation\KogniveraGithub\TotalPlay_Automation\totalplay-API\totalplay-automation\Reports\20240611_180136\Shop-Services\20240611_180137\requests\main\58.har

11-06-2024T18:04:35 - [MESSAGE][PASSED] - Send request successfully

11-06-2024T18:04:35 - [TEST_STEP][PASSED] - GetAddress = sendRequest(findTestObject("TotalPlay-Shop/Postman/Address/Get Customer Address", ["URL":URL, "SITEID":SITEID, "sla_customerId":sla_customerId])): Send request successfully

11-06-2024T18:04:35 - [MESSAGE][INFO] - Finding Test Object 'Object Repository/TotalPlay-Shop/Postman/Address/Get Customer Address'

11-06-2024T18:04:35 - [MESSAGE][INFO] - Checking request object

11-06-2024T18:04:36 - [MESSAGE][INFO] - HAR: D:\Automation\KogniveraGithub\TotalPlay_Automation\totalplay-API\totalplay-automation\Reports\20240611_180136\Shop-Services\20240611_180137\requests\main\59.har

11-06-2024T18:04:36 - [MESSAGE][PASSED] - Send request successfully

11-06-2024T18:04:36 - [TEST_STEP][PASSED] - crm_add = "data[0].c_crm_address_id": null

11-06-2024T18:04:36 - [TEST_STEP][PASSED] - crm_address = getElementPropertyValue(GetAddress, crm_add): Checking response object

11-06-2024T18:04:36 - [MESSAGE][INFO] - Checking response object

11-06-2024T18:04:36 - [TEST_STEP][PASSED] - verifyResponseStatusCode(GetAddress, 200): Verify response status code successfully

11-06-2024T18:04:36 - [MESSAGE][INFO] - Checking response object

11-06-2024T18:04:36 - [MESSAGE][PASSED] - Verify response status code successfully

11-06-2024T18:04:36 - [TEST_STEP][PASSED] - SetBillingShipment_Response = sendRequest(findTestObject("TotalPlay-Shop/Postman/Checkout/Set Billing and Shipment", ["URL":URL, "SITEID":SITEID, "basketID":basketID])): Send request successfully

11-06-2024T18:04:36 - [MESSAGE][INFO] - Finding Test Object 'Object Repository/TotalPlay-Shop/Postman/Checkout/Set Billing and Shipment'

11-06-2024T18:04:36 - [MESSAGE][INFO] - Checking request object

11-06-2024T18:04:36 - [MESSAGE][INFO] - HAR: D:\Automation\KogniveraGithub\TotalPlay_Automation\totalplay-API\totalplay-automation\Reports\20240611_180136\Shop-Services\20240611_180137\requests\main\60.har

11-06-2024T18:04:36 - [MESSAGE][PASSED] - Send request successfully

11-06-2024T18:04:36 - [TEST_STEP][PASSED] - totalplay.Common.printResponseinText(SetBillingShipment_Response): totalplay.Common.printResponseinText is PASSED

11-06-2024T18:04:36 - [MESSAGE][PASSED] - totalplay.Common.printResponseinText is PASSED

11-06-2024T18:04:36 - [TEST_STEP][PASSED] - verifyResponseStatusCode(SetBillingShipment_Response, 200): Verify response status code successfully

11-06-2024T18:04:36 - [MESSAGE][INFO] - Checking response object

11-06-2024T18:04:36 - [MESSAGE][PASSED] - Verify response status code successfully

11-06-2024T18:04:36 - [TEST_STEP][PASSED] - MethodCreditCard = sendRequest(findTestObject("TotalPlay-Shop/Postman/Checkout/Submit Payment Method-Credit Card", ["URL":URL, "SITEID":SITEID, "basketID":basketID])): Send request successfully

11-06-2024T18:04:36 - [MESSAGE][INFO] - Finding Test Object 'Object Repository/TotalPlay-Shop/Postman/Checkout/Submit Payment Method-Credit Card'

11-06-2024T18:04:36 - [MESSAGE][INFO] - Checking request object

11-06-2024T18:04:37 - [MESSAGE][INFO] - HAR: D:\Automation\KogniveraGithub\TotalPlay_Automation\totalplay-API\totalplay-automation\Reports\20240611_180136\Shop-Services\20240611_180137\requests\main\61.har

11-06-2024T18:04:37 - [MESSAGE][PASSED] - Send request successfully

11-06-2024T18:04:37 - [TEST_STEP][PASSED] - verifyResponseStatusCode(SetBillingShipment_Response, 200): Verify response status code successfully

11-06-2024T18:04:37 - [MESSAGE][INFO] - Checking response object

11-06-2024T18:04:37 - [MESSAGE][PASSED] - Verify response status code successfully

11-06-2024T18:04:37 - [TEST_STEP][PASSED] - _type = "_type": null

11-06-2024T18:04:37 - [TEST_STEP][PASSED] - _resource_state = "_resource_state": null

11-06-2024T18:04:37 - [TEST_STEP][PASSED] - adjusted_shipping_total_tax = "adjusted_shipping_total_tax": null

11-06-2024T18:04:37 - [TEST_STEP][PASSED] - adjusted_merchandize_total_tax = "adjusted_merchandize_total_tax": null

11-06-2024T18:04:37 - [TEST_STEP][PASSED] - agent_basket = "agent_basket": null

11-06-2024T18:04:37 - [TEST_STEP][PASSED] - basket_id = "basket_id": null

11-06-2024T18:04:37 - [TEST_STEP][PASSED] - billing_address = "billing_address": null

11-06-2024T18:04:37 - [TEST_STEP][PASSED] - billing_address_type = "billing_address._type": null

11-06-2024T18:04:37 - [TEST_STEP][PASSED] - billing_address_address1 = "billing_address.address1": null

11-06-2024T18:04:37 - [TEST_STEP][PASSED] - billing_address_city = "billing_address.city": null

11-06-2024T18:04:37 - [TEST_STEP][PASSED] - billing_address_company_name = "billing_address.company_name": null

11-06-2024T18:04:37 - [TEST_STEP][PASSED] - billing_address_country_code = "billing_address.country_code": null

11-06-2024T18:04:37 - [TEST_STEP][PASSED] - billing_address_first_name = "billing_address.first_name": null

11-06-2024T18:04:37 - [TEST_STEP][PASSED] - billing_address_full_name = "billing_address.full_name": null

11-06-2024T18:04:37 - [TEST_STEP][PASSED] - billing_address_id = "billing_address.id": null

11-06-2024T18:04:37 - [TEST_STEP][PASSED] - billing_address_phone = "billing_address.phone": null

11-06-2024T18:04:37 - [TEST_STEP][PASSED] - billing_address_last_name = "billing_address.last_name": null

11-06-2024T18:04:37 - [TEST_STEP][PASSED] - billing_address_postal_code = "billing_address.postal_code": null

11-06-2024T18:04:37 - [TEST_STEP][PASSED] - billing_address_c_alias = "billing_address.c_alias": null

11-06-2024T18:04:37 - [TEST_STEP][PASSED] - billing_address_c_delegation = "billing_address.c_delegation": null

11-06-2024T18:04:37 - [TEST_STEP][PASSED] - billing_address_c_latitude = "billing_address.c_latitude": null

11-06-2024T18:04:37 - [TEST_STEP][PASSED] - billing_address_c_label = "billing_address.c_label": null

11-06-2024T18:04:37 - [TEST_STEP][PASSED] - billing_address_c_nExt = "billing_address.c_nExt": null

11-06-2024T18:04:37 - [TEST_STEP][PASSED] - billing_address_c_nInt = "billing_address.c_nInt": null

11-06-2024T18:04:37 - [TEST_STEP][PASSED] - billing_address_c_neighborhood = "billing_address.c_neighborhood": null

11-06-2024T18:04:37 - [TEST_STEP][PASSED] - billing_address_c_references = "billing_address.c_references": null

11-06-2024T18:04:37 - [TEST_STEP][PASSED] - billing_address_c_rfc = "billing_address.c_rfc": null

11-06-2024T18:04:37 - [TEST_STEP][PASSED] - billing_address_c_state = "billing_address.c_state": null

11-06-2024T18:04:37 - [TEST_STEP][PASSED] - billing_address_c_streetName = "billing_address.c_streetName": null

11-06-2024T18:04:37 - [TEST_STEP][PASSED] - billing_address_c_streetNumber = "billing_address.c_streetNumber": null

11-06-2024T18:04:37 - [TEST_STEP][PASSED] - creation_date = "creation_date": null

11-06-2024T18:04:37 - [TEST_STEP][PASSED] - currency = "currency": null

11-06-2024T18:04:37 - [TEST_STEP][PASSED] - customer_info_customer_id = "customer_info.customer_id": null

11-06-2024T18:04:37 - [TEST_STEP][PASSED] - customer_info = "customer_info": null

11-06-2024T18:04:37 - [TEST_STEP][PASSED] - customer_info_customer_no = "customer_info.customer_no": null

11-06-2024T18:04:37 - [TEST_STEP][PASSED] - customer_info_email = "customer_info.email": null

11-06-2024T18:04:37 - [TEST_STEP][PASSED] - last_modified = "last_modified": null

11-06-2024T18:04:37 - [TEST_STEP][PASSED] - merchandize_total_tax = "merchandize_total_tax": null

11-06-2024T18:04:37 - [TEST_STEP][PASSED] - notes = "notes": null

11-06-2024T18:04:37 - [TEST_STEP][PASSED] - notes_type = "notes._type": null

11-06-2024T18:04:37 - [TEST_STEP][PASSED] - notes_link = "notes.link": null

11-06-2024T18:04:37 - [TEST_STEP][PASSED] - payment_instruments = "payment_instruments": null

11-06-2024T18:04:37 - [TEST_STEP][PASSED] - order_total = "order_total": null

11-06-2024T18:04:37 - [TEST_STEP][PASSED] - payment_instruments_type = "payment_instruments[0]._type": null

11-06-2024T18:04:37 - [TEST_STEP][PASSED] - payment_instruments_amount = "payment_instruments[0].amount": null

11-06-2024T18:04:37 - [TEST_STEP][PASSED] - payment_instruments_payment_card = "payment_instruments[0].payment_card": null

11-06-2024T18:04:37 - [TEST_STEP][PASSED] - payment_instruments_payment_card_type = "payment_instruments[0].payment_card._type": null

11-06-2024T18:04:37 - [TEST_STEP][PASSED] - payment_instruments_payment_card_card_type = "payment_instruments[0].payment_card.card_type": null

11-06-2024T18:04:37 - [TEST_STEP][PASSED] - payment_instruments_payment_card_credit_card_expired = "payment_instruments[0].payment_card.credit_card_expired": null

11-06-2024T18:04:37 - [TEST_STEP][PASSED] - payment_instruments_payment_card_expiration_month = "payment_instruments[0].payment_card.expiration_month": null

11-06-2024T18:04:37 - [TEST_STEP][PASSED] - payment_instruments_payment_card_expiration_year = "payment_instruments[0].payment_card.expiration_year": null

11-06-2024T18:04:37 - [TEST_STEP][PASSED] - payment_instruments_payment_card_holder = "payment_instruments[0].payment_card.holder": null

11-06-2024T18:04:37 - [TEST_STEP][PASSED] - payment_instruments_payment_method_id = "payment_instruments[0].payment_method_id": null

11-06-2024T18:04:37 - [TEST_STEP][PASSED] - payment_instruments_payment_instrument_id = "payment_instruments[0].payment_instrument_id": null

11-06-2024T18:04:37 - [TEST_STEP][PASSED] - product_items = "product_items": null

11-06-2024T18:04:37 - [TEST_STEP][PASSED] - product_items_type = "product_items[0]._type": null

11-06-2024T18:04:37 - [TEST_STEP][PASSED] - product_items_adjusted_tax = "product_items[0].adjusted_tax": null

11-06-2024T18:04:37 - [TEST_STEP][PASSED] - product_items_base_price = "product_items[0].base_price": null

11-06-2024T18:04:37 - [TEST_STEP][PASSED] - product_items_gift = "product_items[0].gift": null

11-06-2024T18:04:37 - [TEST_STEP][PASSED] - product_items_inventory_id = "product_items[0].inventory_id": null

11-06-2024T18:04:37 - [TEST_STEP][PASSED] - product_items_bonus_product_line_item = "product_items[0].bonus_product_line_item": null

11-06-2024T18:04:37 - [TEST_STEP][PASSED] - product_items_item_id = "product_items[0].item_id": null

11-06-2024T18:04:37 - [TEST_STEP][PASSED] - product_items_item_text = "product_items[0].item_text": null

11-06-2024T18:04:37 - [TEST_STEP][PASSED] - product_items_price = "product_items[0].price": null

11-06-2024T18:04:37 - [TEST_STEP][PASSED] - product_items_price_after_item_discount = "product_items[0].price_after_item_discount": null

11-06-2024T18:04:37 - [TEST_STEP][PASSED] - product_items_product_id = "product_items[0].product_id": null

11-06-2024T18:04:37 - [TEST_STEP][PASSED] - product_items_product_name = "product_items[0].product_name": null

11-06-2024T18:04:37 - [TEST_STEP][PASSED] - product_items_quantity = "product_items[0].quantity": null

11-06-2024T18:04:37 - [TEST_STEP][PASSED] - product_items_shipment_id = "product_items[0].shipment_id": null

11-06-2024T18:04:37 - [TEST_STEP][PASSED] - product_items_tax = "product_items[0].tax": null

11-06-2024T18:04:37 - [TEST_STEP][PASSED] - product_items_tax_basis = "product_items[0].tax_basis": null

11-06-2024T18:04:37 - [TEST_STEP][PASSED] - product_items_tax_class_id = "product_items[0].tax_class_id": null

11-06-2024T18:04:37 - [TEST_STEP][PASSED] - product_items_tax_rate = "product_items[0].tax_rate": null

11-06-2024T18:04:37 - [TEST_STEP][PASSED] - product_items_c_fromStoreId = "product_items[0].c_fromStoreId": null

11-06-2024T18:04:37 - [TEST_STEP][PASSED] - product_items_c_isOnDemandStoreItem = "product_items[0].c_isOnDemandStoreItem": null

11-06-2024T18:04:37 - [TEST_STEP][PASSED] - product_items_c_miraklChannels = "product_items[0].c_miraklChannels": null

11-06-2024T18:04:37 - [TEST_STEP][PASSED] - product_items_c_miraklEarliestDeliveryDays = "product_items[0].c_miraklEarliestDeliveryDays": null

11-06-2024T18:04:37 - [TEST_STEP][PASSED] - product_items_c_miraklLatestDeliveryDays = "product_items[0].c_miraklLatestDeliveryDays": null

11-06-2024T18:04:37 - [TEST_STEP][PASSED] - product_items_c_miraklLeadTimeToShip = "product_items[0].c_miraklLeadTimeToShip": null

11-06-2024T18:04:37 - [TEST_STEP][PASSED] - product_items_c_miraklLineShippingPrice = "product_items[0].c_miraklLineShippingPrice": null

11-06-2024T18:04:38 - [TEST_STEP][PASSED] - product_items_c_miraklOperatorProductId = "product_items[0].c_miraklOperatorProductId": null

11-06-2024T18:04:38 - [TEST_STEP][PASSED] - product_items_c_miraklShippingTaxes = "product_items[0].c_miraklShippingTaxes": null

11-06-2024T18:04:38 - [TEST_STEP][PASSED] - product_items_c_miraklTaxes = "product_items[0].c_miraklTaxes": null

11-06-2024T18:04:38 - [TEST_STEP][PASSED] - product_items_c_offerListPrice = "product_items[0].c_offerListPrice": null

11-06-2024T18:04:38 - [TEST_STEP][PASSED] - product_items_c_offerId = "product_items[0].c_offerId": null

11-06-2024T18:04:38 - [TEST_STEP][PASSED] - product_items_c_offerSalesPrice = "product_items[0].c_offerSalesPrice": null

11-06-2024T18:04:38 - [TEST_STEP][PASSED] - product_items_c_offerStateCode = "product_items[0].c_offerStateCode": null

11-06-2024T18:04:38 - [TEST_STEP][PASSED] - product_items_c_offerState = "product_items[0].c_offerState": null

11-06-2024T18:04:38 - [TEST_STEP][PASSED] - product_items_c_productImage = "product_items[0].c_productImage": null

11-06-2024T18:04:38 - [TEST_STEP][PASSED] - product_items_c_shopId = "product_items[0].c_shopId": null

11-06-2024T18:04:38 - [TEST_STEP][PASSED] - product_items_c_shopName = "product_items[0].c_shopName": null

11-06-2024T18:04:38 - [TEST_STEP][PASSED] - product_total = "product_total": null

11-06-2024T18:04:38 - [TEST_STEP][PASSED] - product_sub_total = "product_sub_total": null

11-06-2024T18:04:38 - [TEST_STEP][PASSED] - shipments_merchandize_total_tax = "shipments[0].merchandize_total_tax": null

11-06-2024T18:04:38 - [TEST_STEP][PASSED] - shipments_product_sub_total = "shipments[0].product_sub_total": null

11-06-2024T18:04:38 - [TEST_STEP][PASSED] - shipments_product_total = "shipments[0].product_total": null

11-06-2024T18:04:38 - [TEST_STEP][PASSED] - shipments_shipment_id = "shipments[0].shipment_id": null

11-06-2024T18:04:38 - [TEST_STEP][PASSED] - shipments_shipment_total = "shipments[0].shipment_total": null

11-06-2024T18:04:38 - [TEST_STEP][PASSED] - shipments_shipping_address = "shipments[0].shipping_address": null

11-06-2024T18:04:38 - [TEST_STEP][PASSED] - shipments_shipping_address_type = "shipments[0].shipping_address._type": null

11-06-2024T18:04:38 - [TEST_STEP][PASSED] - shipments_shipping_address_address1 = "shipments[0].shipping_address.address1": null

11-06-2024T18:04:38 - [TEST_STEP][PASSED] - shipments_shipping_address_city = "shipments[0].shipping_address.city": null

11-06-2024T18:04:38 - [TEST_STEP][PASSED] - shipments_shipping_address_company_name = "shipments[0].shipping_address.company_name": null

11-06-2024T18:04:38 - [TEST_STEP][PASSED] - shipments_shipping_address_country_code = "shipments[0].shipping_address.country_code": null

11-06-2024T18:04:38 - [TEST_STEP][PASSED] - shipments_shipping_address_first_name = "shipments[0].shipping_address.first_name": null

11-06-2024T18:04:38 - [TEST_STEP][PASSED] - shipments_shipping_address_id = "shipments[0].shipping_address.id": null

11-06-2024T18:04:38 - [TEST_STEP][PASSED] - shipments_shipping_address_full_name = "shipments[0].shipping_address.full_name": null

11-06-2024T18:04:38 - [TEST_STEP][PASSED] - shipments_shipping_address_last_name = "shipments[0].shipping_address.last_name": null

11-06-2024T18:04:38 - [TEST_STEP][PASSED] - shipments_shipping_address_phone = "shipments[0].shipping_address.phone": null

11-06-2024T18:04:38 - [TEST_STEP][PASSED] - shipments_shipping_address_postal_code = "shipments[0].shipping_address.postal_code": null

11-06-2024T18:04:38 - [TEST_STEP][PASSED] - shipments_shipping_address_c_alias = "shipments[0].shipping_address.c_alias": null

11-06-2024T18:04:38 - [TEST_STEP][PASSED] - shipments_shipping_address_c_delegation = "shipments[0].shipping_address.c_delegation": null

11-06-2024T18:04:38 - [TEST_STEP][PASSED] - shipments_shipping_address_c_isBilling = "shipments[0].shipping_address.c_isBilling": null

11-06-2024T18:04:38 - [TEST_STEP][PASSED] - shipments_shipping_address_c_isContact = "shipments[0].shipping_address.c_isContact": null

11-06-2024T18:04:38 - [TEST_STEP][PASSED] - shipments_shipping_address_c_isShipping = "shipments[0].shipping_address.c_isShipping": null

11-06-2024T18:04:38 - [TEST_STEP][PASSED] - shipments_shipping_address_c_label = "shipments[0].shipping_address.c_label": null

11-06-2024T18:04:38 - [TEST_STEP][PASSED] - shipments_shipping_address_c_latitude = "shipments[0].shipping_address.c_latitude": null

11-06-2024T18:04:38 - [TEST_STEP][PASSED] - shipments_shipping_address_c_nExt = "shipments[0].shipping_address.c_nExt": null

11-06-2024T18:04:38 - [TEST_STEP][PASSED] - shipments_shipping_address_c_longitude = "shipments[0].shipping_address.c_longitude": null

11-06-2024T18:04:38 - [TEST_STEP][PASSED] - shipments_shipping_address_c_nInt = "shipments[0].shipping_address.c_nInt": null

11-06-2024T18:04:38 - [TEST_STEP][PASSED] - shipments_tax_total = "shipments[0].tax_total": null

11-06-2024T18:04:38 - [TEST_STEP][PASSED] - shipments_c_packageSize = "shipments[0].c_packageSize": null

11-06-2024T18:04:38 - [TEST_STEP][PASSED] - shipments_c_shippingRates = "shipments[0].c_shippingRates": null

11-06-2024T18:04:38 - [TEST_STEP][PASSED] - shipments_c_serviceCharge = "shipments[0].c_serviceCharge": null

11-06-2024T18:04:38 - [TEST_STEP][PASSED] - shipments_c_totalShippingCost = "shipments[0].c_totalShippingCost": null

11-06-2024T18:04:38 - [TEST_STEP][PASSED] - shipping_items_item_id = "shipping_items[0].item_id": null

11-06-2024T18:04:38 - [TEST_STEP][PASSED] - shipping_items_price = "shipping_items[0].price": null

11-06-2024T18:04:38 - [TEST_STEP][PASSED] - shipping_items_price_after_item_discount = "shipping_items[0].price_after_item_discount": null

11-06-2024T18:04:38 - [TEST_STEP][PASSED] - shipping_items_item_text = "shipping_items[0].item_text": null

11-06-2024T18:04:38 - [TEST_STEP][PASSED] - shipping_items_shipment_id = "shipping_items[0].shipment_id": null

11-06-2024T18:04:38 - [TEST_STEP][PASSED] - shipping_items_tax = "shipping_items[0].tax": null

11-06-2024T18:04:38 - [TEST_STEP][PASSED] - shipping_items_tax_class_id = "shipping_items[0].tax_class_id": null

11-06-2024T18:04:38 - [TEST_STEP][PASSED] - shipping_items_ax_basis = "shipping_items[0].tax_basis": null

11-06-2024T18:04:38 - [TEST_STEP][PASSED] - shipping_items_tax_rate = "shipping_items[0].tax_rate": null

11-06-2024T18:04:38 - [TEST_STEP][PASSED] - shipping_total = "shipping_total": null

11-06-2024T18:04:38 - [TEST_STEP][PASSED] - shipping_total_tax = "shipping_total_tax": null

11-06-2024T18:04:38 - [TEST_STEP][PASSED] - taxation = "taxation": null

11-06-2024T18:04:38 - [TEST_STEP][PASSED] - tax_total = "tax_total": null

11-06-2024T18:04:38 - [TEST_STEP][PASSED] - c_corporateImgUrl = "c_corporateImgUrl": null

11-06-2024T18:04:38 - [TEST_STEP][PASSED] - c_currentCorporate = "c_currentCorporate": null

11-06-2024T18:04:38 - [TEST_STEP][PASSED] - c_currentMultiStoreID = "c_currentMultiStoreID": null

11-06-2024T18:04:38 - [TEST_STEP][PASSED] - c_miraklSH02Response = "c_miraklSH02Response": null

11-06-2024T18:04:38 - [TEST_STEP][PASSED] - c_lockTime = "c_lockTime": null

11-06-2024T18:04:38 - [TEST_STEP][PASSED] - c_isMiraklOrder = "c_isMiraklOrder": null

11-06-2024T18:04:38 - [TEST_STEP][PASSED] - c_formatedProductTotal = "c_formatedProductTotal": null

11-06-2024T18:04:38 - [TEST_STEP][PASSED] - c_formatedOrderTotal = "c_formatedOrderTotal": null

11-06-2024T18:04:38 - [TEST_STEP][PASSED] - c_incomplete = "c_incomplete": null

11-06-2024T18:04:38 - [TEST_STEP][PASSED] - c_storeDeliveryType = "c_storeDeliveryType": null

11-06-2024T18:04:38 - [TEST_STEP][PASSED] - c_serviceChargeTotalGrossPrice = "c_serviceChargeTotalGrossPrice": null

11-06-2024T18:04:38 - [TEST_STEP][PASSED] - c_seller_id = "c_seller_id": null]]></system-out>
         <system-err><![CDATA[]]></system-err>
      </testcase>
      <testcase name="Test Cases/TotalPlay-Shop/TC_26_SubmitPaymentMethodTPCreditCard" time="6.76" classname="Test Cases/TotalPlay-Shop/TC_26_SubmitPaymentMethodTPCreditCard" status="PASSED">
         <system-out><![CDATA[11-06-2024T18:04:38 - [TEST_CASE][PASSED] - Test Cases/TotalPlay-Shop/TC_26_SubmitPaymentMethodTPCreditCard: Test Cases/TotalPlay-Shop/TC_26_SubmitPaymentMethodTPCreditCard

11-06-2024T18:04:39 - [TEST_STEP][PASSED] - callTestCase(findTestCase("TotalPlay-Shop/TC_1_InterfaceLogin"), [:], STOP_ON_FAILURE): Call Test Case 'Test Cases/TotalPlay-Shop/TC_1_InterfaceLogin' successfully

11-06-2024T18:04:39 - [MESSAGE][INFO] - Checking called Test Case

11-06-2024T18:04:39 - [MESSAGE][INFO] - Starting to call Test Case 'Test Cases/TotalPlay-Shop/TC_1_InterfaceLogin'

11-06-2024T18:04:39 - [TEST_CASE][PASSED] - Test Cases/TotalPlay-Shop/TC_1_InterfaceLogin: Test Cases/TotalPlay-Shop/TC_1_InterfaceLogin

11-06-2024T18:04:39 - [TEST_STEP][PASSED] - LoginResponse = sendRequest(findTestObject("TotalPlay-Shop/Interface Login (SLAS)", ["URL":URL, "SITEID":SITEID])): Send request successfully

11-06-2024T18:04:39 - [MESSAGE][INFO] - Finding Test Object 'Object Repository/TotalPlay-Shop/Interface Login (SLAS)'

11-06-2024T18:04:39 - [MESSAGE][INFO] - Checking request object

11-06-2024T18:04:41 - [MESSAGE][INFO] - HAR: D:\Automation\KogniveraGithub\TotalPlay_Automation\totalplay-API\totalplay-automation\Reports\20240611_180136\Shop-Services\20240611_180137\requests\main\62.har

11-06-2024T18:04:41 - [MESSAGE][PASSED] - Send request successfully

11-06-2024T18:04:41 - [TEST_STEP][PASSED] - assert getResponseStatusCode(LoginResponse) == 200: Checking response object

11-06-2024T18:04:41 - [MESSAGE][INFO] - Checking response object

11-06-2024T18:04:41 - [TEST_STEP][PASSED] - Auth = "ocapiResponse.access_token": null

11-06-2024T18:04:41 - [TEST_STEP][PASSED] - sfccAuthorization = getElementPropertyValue(LoginResponse, Auth): Checking response object

11-06-2024T18:04:41 - [MESSAGE][INFO] - Checking response object

11-06-2024T18:04:41 - [TEST_STEP][PASSED] - logInfo(sfccAuthorization): eyJ2ZXIiOiIxLjAiLCJqa3UiOiJzbGFzL3Byb2QvYmpjbF9kZXYiLCJraWQiOiIzOWM0NGRmMy01OGI5LTQ3YWEtODNhMC05NWMwOTBiZGNkMzciLCJ0eXAiOiJqd3QiLCJjbHYiOiJKMi4zLjQiLCJhbGciOiJFUzI1NiJ9.eyJhdXQiOiJHVUlEIiwic2NwIjoic2ZjYy5zaG9wcGVyLW15YWNjb3VudC5iYXNrZXRzIHNmY2Muc2hvcHBlci1kaXNjb3Zlcnktc2VhcmNoIHNmY2Muc2hvcHBlci1teWFjY291bnQuYWRkcmVzc2VzIHNmY2Muc2hvcHBlci1wcm9kdWN0cyBzZmNjLnNob3BwZXItbXlhY2NvdW50LnJ3IHNmY2Muc2hvcHBlci1teWFjY291bnQucGF5bWVudGluc3RydW1lbnRzIHNmY2Muc2hvcHBlci1jdXN0b21lcnMubG9naW4gc2ZjYy5zaG9wcGVyLXN0b3JlcyBzZmNjLnNob3BwZXItbXlhY2NvdW50Lm9yZGVycyBzZmNjLnNob3BwZXItYmFza2V0cy1vcmRlcnMgc2ZjYy5zaG9wcGVyLWN1c3RvbWVycy5yZWdpc3RlciBzZmNjLnNob3BwZXItbXlhY2NvdW50LmFkZHJlc3Nlcy5ydyBzZmNjLnNob3BwZXItbXlhY2NvdW50LnByb2R1Y3RsaXN0cy5ydyBzZmNjLnNob3BwZXItcHJvZHVjdGxpc3RzIHNmY2Muc2hvcHBlci1wcm9tb3Rpb25zIHNmY2Muc2hvcHBlci1iYXNrZXRzLW9yZGVycy5ydyBzZmNjLnNob3BwZXItZ2lmdC1jZXJ0aWZpY2F0ZXMgc2ZjYy5zaG9wcGVyLW15YWNjb3VudC5wYXltZW50aW5zdHJ1bWVudHMucncgc2ZjYy5zaG9wcGVyLXByb2R1Y3Qtc2VhcmNoIHNmY2Muc2hvcHBlci1teWFjY291bnQucHJvZHVjdGxpc3RzIHNmY2Muc2hvcHBlci1jYXRlZ29yaWVzIHNmY2Muc2hvcHBlci1teWFjY291bnQiLCJzdWIiOiJjYy1zbGFzOjpiamNsX2Rldjo6c2NpZDo1ZDI1ZjVmYS01YTRmLTQ2YjUtYTIxMS04NzU1NDJjODVhYzE6OnVzaWQ6NGI5YzVhZjUtMDc1Mi00ZmRkLWI5YzUtZWQ3MjJkMGY1MTcxIiwiY3R4Ijoic2xhcyIsImlzcyI6InNsYXMvcHJvZC9iamNsX2RldiIsImlzdCI6MSwiZG50IjoiMCIsImF1ZCI6ImNvbW1lcmNlY2xvdWQvcHJvZC9iamNsX2RldiIsIm5iZiI6MTcxODEwOTI1MSwic3R5IjoiVXNlciIsImlzYiI6InVpZG86ZWNvbTo6dXBuOnFhLnRvdGFscGxheSswMTAwOTg3MTA1QGdtYWlsLmNvbTo6dWlkbjpSaWNhcmRvICBDb3JvbmEgQ3J1ejo6Z2NpZDphYmxlZzN3WHRGeEhzUmtiQVprR1lZeEtwSTo6cmNpZDphY25SYldxdWpIQ3BnOW9xNlYyaGt1VGFTVzo6Y2hpZDpUUC1TSE9QIiwiZXhwIjoxNzE4MTExMDgxLCJpYXQiOjE3MTgxMDkyODEsImp0aSI6IkMyQy0xMzExNTYzNTcwMTc4NzUxMTg1MDEwMjMxNDA4NjQwNTc5NzUifQ.VooTYGaIYHmtsnG6Y4idyXhKDo9pR8vBQ_1d0Pe6o9aL1UjWKB-yWsQakuSt4S5KPdIXdz-xNnE_KPTs5VkEtg

11-06-2024T18:04:41 - [MESSAGE][INFO] - eyJ2ZXIiOiIxLjAiLCJqa3UiOiJzbGFzL3Byb2QvYmpjbF9kZXYiLCJraWQiOiIzOWM0NGRmMy01OGI5LTQ3YWEtODNhMC05NWMwOTBiZGNkMzciLCJ0eXAiOiJqd3QiLCJjbHYiOiJKMi4zLjQiLCJhbGciOiJFUzI1NiJ9.eyJhdXQiOiJHVUlEIiwic2NwIjoic2ZjYy5zaG9wcGVyLW15YWNjb3VudC5iYXNrZXRzIHNmY2Muc2hvcHBlci1kaXNjb3Zlcnktc2VhcmNoIHNmY2Muc2hvcHBlci1teWFjY291bnQuYWRkcmVzc2VzIHNmY2Muc2hvcHBlci1wcm9kdWN0cyBzZmNjLnNob3BwZXItbXlhY2NvdW50LnJ3IHNmY2Muc2hvcHBlci1teWFjY291bnQucGF5bWVudGluc3RydW1lbnRzIHNmY2Muc2hvcHBlci1jdXN0b21lcnMubG9naW4gc2ZjYy5zaG9wcGVyLXN0b3JlcyBzZmNjLnNob3BwZXItbXlhY2NvdW50Lm9yZGVycyBzZmNjLnNob3BwZXItYmFza2V0cy1vcmRlcnMgc2ZjYy5zaG9wcGVyLWN1c3RvbWVycy5yZWdpc3RlciBzZmNjLnNob3BwZXItbXlhY2NvdW50LmFkZHJlc3Nlcy5ydyBzZmNjLnNob3BwZXItbXlhY2NvdW50LnByb2R1Y3RsaXN0cy5ydyBzZmNjLnNob3BwZXItcHJvZHVjdGxpc3RzIHNmY2Muc2hvcHBlci1wcm9tb3Rpb25zIHNmY2Muc2hvcHBlci1iYXNrZXRzLW9yZGVycy5ydyBzZmNjLnNob3BwZXItZ2lmdC1jZXJ0aWZpY2F0ZXMgc2ZjYy5zaG9wcGVyLW15YWNjb3VudC5wYXltZW50aW5zdHJ1bWVudHMucncgc2ZjYy5zaG9wcGVyLXByb2R1Y3Qtc2VhcmNoIHNmY2Muc2hvcHBlci1teWFjY291bnQucHJvZHVjdGxpc3RzIHNmY2Muc2hvcHBlci1jYXRlZ29yaWVzIHNmY2Muc2hvcHBlci1teWFjY291bnQiLCJzdWIiOiJjYy1zbGFzOjpiamNsX2Rldjo6c2NpZDo1ZDI1ZjVmYS01YTRmLTQ2YjUtYTIxMS04NzU1NDJjODVhYzE6OnVzaWQ6NGI5YzVhZjUtMDc1Mi00ZmRkLWI5YzUtZWQ3MjJkMGY1MTcxIiwiY3R4Ijoic2xhcyIsImlzcyI6InNsYXMvcHJvZC9iamNsX2RldiIsImlzdCI6MSwiZG50IjoiMCIsImF1ZCI6ImNvbW1lcmNlY2xvdWQvcHJvZC9iamNsX2RldiIsIm5iZiI6MTcxODEwOTI1MSwic3R5IjoiVXNlciIsImlzYiI6InVpZG86ZWNvbTo6dXBuOnFhLnRvdGFscGxheSswMTAwOTg3MTA1QGdtYWlsLmNvbTo6dWlkbjpSaWNhcmRvICBDb3JvbmEgQ3J1ejo6Z2NpZDphYmxlZzN3WHRGeEhzUmtiQVprR1lZeEtwSTo6cmNpZDphY25SYldxdWpIQ3BnOW9xNlYyaGt1VGFTVzo6Y2hpZDpUUC1TSE9QIiwiZXhwIjoxNzE4MTExMDgxLCJpYXQiOjE3MTgxMDkyODEsImp0aSI6IkMyQy0xMzExNTYzNTcwMTc4NzUxMTg1MDEwMjMxNDA4NjQwNTc5NzUifQ.VooTYGaIYHmtsnG6Y4idyXhKDo9pR8vBQ_1d0Pe6o9aL1UjWKB-yWsQakuSt4S5KPdIXdz-xNnE_KPTs5VkEtg

11-06-2024T18:04:41 - [TEST_STEP][PASSED] - Authorization = "Bearer " + sfccAuthorization: null

11-06-2024T18:04:41 - [TEST_STEP][PASSED] - logInfo(bm_auth_token): 

11-06-2024T18:04:41 - [MESSAGE][INFO] - 

11-06-2024T18:04:41 - [TEST_STEP][PASSED] - if (sfccAuthorization.length() == 0): null

11-06-2024T18:04:41 - [TEST_STEP][PASSED] - else: authorization generated

11-06-2024T18:04:41 - [TEST_STEP][PASSED] - markPassed("authorization generated"): authorization generated

11-06-2024T18:04:41 - [MESSAGE][PASSED] - authorization generated

11-06-2024T18:04:41 - [TEST_STEP][PASSED] - BasketId_loginResponse = "ocapiResponse.c_basketId": null

11-06-2024T18:04:41 - [TEST_STEP][PASSED] - CustomerId_loginResponse = "ocapiResponse.customer_id": null

11-06-2024T18:04:41 - [TEST_STEP][PASSED] - basketId = getElementPropertyValue(LoginResponse, BasketId_loginResponse): Checking response object

11-06-2024T18:04:41 - [MESSAGE][INFO] - Checking response object

11-06-2024T18:04:41 - [TEST_STEP][PASSED] - customerId = getElementPropertyValue(LoginResponse, CustomerId_loginResponse): Checking response object

11-06-2024T18:04:41 - [MESSAGE][INFO] - Checking response object

11-06-2024T18:04:41 - [TEST_STEP][PASSED] - basketID = basketId: null

11-06-2024T18:04:41 - [TEST_STEP][PASSED] - sla_customerId = customerId: null

11-06-2024T18:04:41 - [TEST_STEP][PASSED] - println(basketID): null

11-06-2024T18:04:41 - [TEST_STEP][PASSED] - println(sla_customerId): null

11-06-2024T18:04:41 - [TEST_STEP][PASSED] - refresh_token = "ocapiResponse.refresh_token": null

11-06-2024T18:04:41 - [TEST_STEP][PASSED] - customer_email = "ocapiResponse.customer_email": null

11-06-2024T18:04:41 - [TEST_STEP][PASSED] - c_brmId = "ocapiResponse.c_brmId": null

11-06-2024T18:04:41 - [TEST_STEP][PASSED] - customer_name = "ocapiResponse.customer_name": null

11-06-2024T18:04:41 - [TEST_STEP][PASSED] - totalplay.Common.verifyPropertyExist(LoginResponse, refresh_token): totalplay.Common.verifyPropertyExist is PASSED

11-06-2024T18:04:41 - [MESSAGE][INFO] - Checking response object

11-06-2024T18:04:41 - [MESSAGE][PASSED] - totalplay.Common.verifyPropertyExist is PASSED

11-06-2024T18:04:41 - [TEST_STEP][PASSED] - totalplay.Common.verifyPropertyValueExist(LoginResponse, refresh_token): totalplay.Common.verifyPropertyValueExist is PASSED

11-06-2024T18:04:41 - [MESSAGE][INFO] - Checking response object

11-06-2024T18:04:41 - [MESSAGE][INFO] - tcpYK9bsE3rcYl55BTj_o4EH1iH5HoNu3mzdx5KBYPg

11-06-2024T18:04:41 - [MESSAGE][PASSED] - totalplay.Common.verifyPropertyValueExist is PASSED

11-06-2024T18:04:41 - [TEST_STEP][PASSED] - totalplay.Common.verifyPropertyExist(LoginResponse, customer_email): totalplay.Common.verifyPropertyExist is PASSED

11-06-2024T18:04:41 - [MESSAGE][INFO] - Checking response object

11-06-2024T18:04:42 - [MESSAGE][PASSED] - totalplay.Common.verifyPropertyExist is PASSED

11-06-2024T18:04:42 - [TEST_STEP][PASSED] - totalplay.Common.verifyPropertyValueExist(LoginResponse, customer_email): totalplay.Common.verifyPropertyValueExist is PASSED

11-06-2024T18:04:42 - [MESSAGE][INFO] - Checking response object

11-06-2024T18:04:42 - [MESSAGE][INFO] - qa.totalplay@gmail.com

11-06-2024T18:04:42 - [MESSAGE][PASSED] - totalplay.Common.verifyPropertyValueExist is PASSED

11-06-2024T18:04:42 - [TEST_STEP][PASSED] - totalplay.Common.verifyPropertyExist(LoginResponse, customer_name): totalplay.Common.verifyPropertyExist is PASSED

11-06-2024T18:04:42 - [MESSAGE][INFO] - Checking response object

11-06-2024T18:04:42 - [MESSAGE][PASSED] - totalplay.Common.verifyPropertyExist is PASSED

11-06-2024T18:04:42 - [TEST_STEP][PASSED] - totalplay.Common.verifyPropertyValueExist(LoginResponse, customer_name): totalplay.Common.verifyPropertyValueExist is PASSED

11-06-2024T18:04:42 - [MESSAGE][INFO] - Checking response object

11-06-2024T18:04:42 - [MESSAGE][INFO] - Ricardo  Corona Cruz

11-06-2024T18:04:42 - [MESSAGE][PASSED] - totalplay.Common.verifyPropertyValueExist is PASSED

11-06-2024T18:04:42 - [TEST_STEP][PASSED] - totalplay.Common.verifyPropertyExist(LoginResponse, c_brmId): totalplay.Common.verifyPropertyExist is PASSED

11-06-2024T18:04:42 - [MESSAGE][INFO] - Checking response object

11-06-2024T18:04:42 - [MESSAGE][PASSED] - totalplay.Common.verifyPropertyExist is PASSED

11-06-2024T18:04:42 - [TEST_STEP][PASSED] - totalplay.Common.verifyPropertyValueExist(LoginResponse, c_brmId): totalplay.Common.verifyPropertyValueExist is PASSED

11-06-2024T18:04:42 - [MESSAGE][INFO] - Checking response object

11-06-2024T18:04:42 - [MESSAGE][INFO] - 0100987105

11-06-2024T18:04:42 - [MESSAGE][PASSED] - totalplay.Common.verifyPropertyValueExist is PASSED

11-06-2024T18:04:42 - [MESSAGE][PASSED] - Call Test Case 'Test Cases/TotalPlay-Shop/TC_1_InterfaceLogin' successfully

11-06-2024T18:04:42 - [TEST_STEP][PASSED] - AddCart = sendRequest(findTestObject("TotalPlay-Shop/Postman/Cart/AddProductToBasket", ["URL":URL, "SITEID":SITEID, "basketID":basketID])): Send request successfully

11-06-2024T18:04:42 - [MESSAGE][INFO] - Finding Test Object 'Object Repository/TotalPlay-Shop/Postman/Cart/AddProductToBasket'

11-06-2024T18:04:42 - [MESSAGE][INFO] - Checking request object

11-06-2024T18:04:42 - [MESSAGE][INFO] - HAR: D:\Automation\KogniveraGithub\TotalPlay_Automation\totalplay-API\totalplay-automation\Reports\20240611_180136\Shop-Services\20240611_180137\requests\main\63.har

11-06-2024T18:04:42 - [MESSAGE][PASSED] - Send request successfully

11-06-2024T18:04:42 - [TEST_STEP][PASSED] - GetAddress = sendRequest(findTestObject("TotalPlay-Shop/Postman/Address/Get Customer Address", ["URL":URL, "SITEID":SITEID, "sla_customerId":sla_customerId])): Send request successfully

11-06-2024T18:04:42 - [MESSAGE][INFO] - Finding Test Object 'Object Repository/TotalPlay-Shop/Postman/Address/Get Customer Address'

11-06-2024T18:04:42 - [MESSAGE][INFO] - Checking request object

11-06-2024T18:04:43 - [MESSAGE][INFO] - HAR: D:\Automation\KogniveraGithub\TotalPlay_Automation\totalplay-API\totalplay-automation\Reports\20240611_180136\Shop-Services\20240611_180137\requests\main\64.har

11-06-2024T18:04:43 - [MESSAGE][PASSED] - Send request successfully

11-06-2024T18:04:43 - [TEST_STEP][PASSED] - verifyResponseStatusCode(GetAddress, 200): Verify response status code successfully

11-06-2024T18:04:43 - [MESSAGE][INFO] - Checking response object

11-06-2024T18:04:43 - [MESSAGE][PASSED] - Verify response status code successfully

11-06-2024T18:04:43 - [TEST_STEP][PASSED] - SetBillingShipment_Response = sendRequest(findTestObject("TotalPlay-Shop/Postman/Checkout/Set Billing and Shipment", ["URL":URL, "SITEID":SITEID, "basketID":basketID])): Send request successfully

11-06-2024T18:04:43 - [MESSAGE][INFO] - Finding Test Object 'Object Repository/TotalPlay-Shop/Postman/Checkout/Set Billing and Shipment'

11-06-2024T18:04:43 - [MESSAGE][INFO] - Checking request object

11-06-2024T18:04:43 - [MESSAGE][INFO] - HAR: D:\Automation\KogniveraGithub\TotalPlay_Automation\totalplay-API\totalplay-automation\Reports\20240611_180136\Shop-Services\20240611_180137\requests\main\65.har

11-06-2024T18:04:43 - [MESSAGE][PASSED] - Send request successfully

11-06-2024T18:04:43 - [TEST_STEP][PASSED] - verifyResponseStatusCode(SetBillingShipment_Response, 200): Verify response status code successfully

11-06-2024T18:04:43 - [MESSAGE][INFO] - Checking response object

11-06-2024T18:04:43 - [MESSAGE][PASSED] - Verify response status code successfully

11-06-2024T18:04:43 - [TEST_STEP][PASSED] - Method_TP_Credit = sendRequest(findTestObject("TotalPlay-Shop/Postman/Checkout/Submit Payment Method-TP-Credit", ["URL":URL, "SITEID":SITEID, "basketID":basketID, "orderTotal":orderTotal])): Send request successfully

11-06-2024T18:04:43 - [MESSAGE][INFO] - Finding Test Object 'Object Repository/TotalPlay-Shop/Postman/Checkout/Submit Payment Method-TP-Credit'

11-06-2024T18:04:43 - [MESSAGE][INFO] - Checking request object

11-06-2024T18:04:44 - [MESSAGE][INFO] - HAR: D:\Automation\KogniveraGithub\TotalPlay_Automation\totalplay-API\totalplay-automation\Reports\20240611_180136\Shop-Services\20240611_180137\requests\main\66.har

11-06-2024T18:04:44 - [MESSAGE][PASSED] - Send request successfully

11-06-2024T18:04:44 - [TEST_STEP][PASSED] - verifyResponseStatusCode(Method_TP_Credit, 200): Verify response status code successfully

11-06-2024T18:04:44 - [MESSAGE][INFO] - Checking response object

11-06-2024T18:04:44 - [MESSAGE][PASSED] - Verify response status code successfully

11-06-2024T18:04:44 - [TEST_STEP][PASSED] - _type = "_type": null

11-06-2024T18:04:44 - [TEST_STEP][PASSED] - _resource_state = "_resource_state": null

11-06-2024T18:04:44 - [TEST_STEP][PASSED] - adjusted_shipping_total_tax = "adjusted_shipping_total_tax": null

11-06-2024T18:04:44 - [TEST_STEP][PASSED] - adjusted_merchandize_total_tax = "adjusted_merchandize_total_tax": null

11-06-2024T18:04:44 - [TEST_STEP][PASSED] - agent_basket = "agent_basket": null

11-06-2024T18:04:44 - [TEST_STEP][PASSED] - basket_id = "basket_id": null

11-06-2024T18:04:44 - [TEST_STEP][PASSED] - billing_address = "billing_address": null

11-06-2024T18:04:44 - [TEST_STEP][PASSED] - billing_address_type = "billing_address._type": null

11-06-2024T18:04:44 - [TEST_STEP][PASSED] - billing_address_address1 = "billing_address.address1": null

11-06-2024T18:04:44 - [TEST_STEP][PASSED] - billing_address_city = "billing_address.city": null

11-06-2024T18:04:44 - [TEST_STEP][PASSED] - billing_address_company_name = "billing_address.company_name": null

11-06-2024T18:04:44 - [TEST_STEP][PASSED] - billing_address_country_code = "billing_address.country_code": null

11-06-2024T18:04:44 - [TEST_STEP][PASSED] - billing_address_first_name = "billing_address.first_name": null

11-06-2024T18:04:44 - [TEST_STEP][PASSED] - billing_address_full_name = "billing_address.full_name": null

11-06-2024T18:04:44 - [TEST_STEP][PASSED] - billing_address_id = "billing_address.id": null

11-06-2024T18:04:44 - [TEST_STEP][PASSED] - billing_address_phone = "billing_address.phone": null

11-06-2024T18:04:44 - [TEST_STEP][PASSED] - billing_address_last_name = "billing_address.last_name": null

11-06-2024T18:04:44 - [TEST_STEP][PASSED] - billing_address_postal_code = "billing_address.postal_code": null

11-06-2024T18:04:44 - [TEST_STEP][PASSED] - billing_address_c_alias = "billing_address.c_alias": null

11-06-2024T18:04:44 - [TEST_STEP][PASSED] - billing_address_c_delegation = "billing_address.c_delegation": null

11-06-2024T18:04:44 - [TEST_STEP][PASSED] - billing_address_c_latitude = "billing_address.c_latitude": null

11-06-2024T18:04:44 - [TEST_STEP][PASSED] - billing_address_c_label = "billing_address.c_label": null

11-06-2024T18:04:44 - [TEST_STEP][PASSED] - billing_address_c_nExt = "billing_address.c_nExt": null

11-06-2024T18:04:44 - [TEST_STEP][PASSED] - billing_address_c_nInt = "billing_address.c_nInt": null

11-06-2024T18:04:44 - [TEST_STEP][PASSED] - billing_address_c_neighborhood = "billing_address.c_neighborhood": null

11-06-2024T18:04:44 - [TEST_STEP][PASSED] - billing_address_c_references = "billing_address.c_references": null

11-06-2024T18:04:44 - [TEST_STEP][PASSED] - billing_address_c_rfc = "billing_address.c_rfc": null

11-06-2024T18:04:44 - [TEST_STEP][PASSED] - billing_address_c_state = "billing_address.c_state": null

11-06-2024T18:04:44 - [TEST_STEP][PASSED] - billing_address_c_streetName = "billing_address.c_streetName": null

11-06-2024T18:04:44 - [TEST_STEP][PASSED] - billing_address_c_streetNumber = "billing_address.c_streetNumber": null

11-06-2024T18:04:44 - [TEST_STEP][PASSED] - creation_date = "creation_date": null

11-06-2024T18:04:44 - [TEST_STEP][PASSED] - currency = "currency": null

11-06-2024T18:04:44 - [TEST_STEP][PASSED] - customer_info_customer_id = "customer_info.customer_id": null

11-06-2024T18:04:44 - [TEST_STEP][PASSED] - customer_info = "customer_info": null

11-06-2024T18:04:44 - [TEST_STEP][PASSED] - customer_info_customer_no = "customer_info.customer_no": null

11-06-2024T18:04:44 - [TEST_STEP][PASSED] - customer_info_email = "customer_info.email": null

11-06-2024T18:04:44 - [TEST_STEP][PASSED] - last_modified = "last_modified": null

11-06-2024T18:04:44 - [TEST_STEP][PASSED] - merchandize_total_tax = "merchandize_total_tax": null

11-06-2024T18:04:44 - [TEST_STEP][PASSED] - notes = "notes": null

11-06-2024T18:04:44 - [TEST_STEP][PASSED] - notes_type = "notes._type": null

11-06-2024T18:04:44 - [TEST_STEP][PASSED] - notes_link = "notes.link": null

11-06-2024T18:04:44 - [TEST_STEP][PASSED] - payment_instruments = "payment_instruments": null

11-06-2024T18:04:44 - [TEST_STEP][PASSED] - order_total = "order_total": null

11-06-2024T18:04:44 - [TEST_STEP][PASSED] - payment_instruments_type = "payment_instruments[0]._type": null

11-06-2024T18:04:44 - [TEST_STEP][PASSED] - payment_instruments_amount = "payment_instruments[0].amount": null

11-06-2024T18:04:44 - [TEST_STEP][PASSED] - payment_instruments_payment_card = "payment_instruments[0].payment_card": null

11-06-2024T18:04:44 - [TEST_STEP][PASSED] - payment_instruments_payment_card_type = "payment_instruments[0].payment_card._type": null

11-06-2024T18:04:44 - [TEST_STEP][PASSED] - payment_instruments_payment_card_card_type = "payment_instruments[0].payment_card.card_type": null

11-06-2024T18:04:44 - [TEST_STEP][PASSED] - payment_instruments_payment_card_credit_card_expired = "payment_instruments[0].payment_card.credit_card_expired": null

11-06-2024T18:04:44 - [TEST_STEP][PASSED] - payment_instruments_payment_card_expiration_month = "payment_instruments[0].payment_card.expiration_month": null

11-06-2024T18:04:44 - [TEST_STEP][PASSED] - payment_instruments_payment_card_expiration_year = "payment_instruments[0].payment_card.expiration_year": null

11-06-2024T18:04:44 - [TEST_STEP][PASSED] - payment_instruments_payment_card_holder = "payment_instruments[0].payment_card.holder": null

11-06-2024T18:04:44 - [TEST_STEP][PASSED] - payment_instruments_payment_method_id = "payment_instruments[0].payment_method_id": null

11-06-2024T18:04:44 - [TEST_STEP][PASSED] - payment_instruments_payment_instrument_id = "payment_instruments[0].payment_instrument_id": null

11-06-2024T18:04:44 - [TEST_STEP][PASSED] - product_items = "product_items": null

11-06-2024T18:04:44 - [TEST_STEP][PASSED] - product_items_type = "product_items[0]._type": null

11-06-2024T18:04:44 - [TEST_STEP][PASSED] - product_items_adjusted_tax = "product_items[0].adjusted_tax": null

11-06-2024T18:04:44 - [TEST_STEP][PASSED] - product_items_base_price = "product_items[0].base_price": null

11-06-2024T18:04:44 - [TEST_STEP][PASSED] - product_items_gift = "product_items[0].gift": null

11-06-2024T18:04:44 - [TEST_STEP][PASSED] - product_items_inventory_id = "product_items[0].inventory_id": null

11-06-2024T18:04:44 - [TEST_STEP][PASSED] - product_items_bonus_product_line_item = "product_items[0].bonus_product_line_item": null

11-06-2024T18:04:44 - [TEST_STEP][PASSED] - product_items_item_id = "product_items[0].item_id": null

11-06-2024T18:04:44 - [TEST_STEP][PASSED] - product_items_item_text = "product_items[0].item_text": null

11-06-2024T18:04:44 - [TEST_STEP][PASSED] - product_items_price = "product_items[0].price": null

11-06-2024T18:04:44 - [TEST_STEP][PASSED] - product_items_price_after_item_discount = "product_items[0].price_after_item_discount": null

11-06-2024T18:04:44 - [TEST_STEP][PASSED] - product_items_product_id = "product_items[0].product_id": null

11-06-2024T18:04:44 - [TEST_STEP][PASSED] - product_items_product_name = "product_items[0].product_name": null

11-06-2024T18:04:44 - [TEST_STEP][PASSED] - product_items_quantity = "product_items[0].quantity": null

11-06-2024T18:04:44 - [TEST_STEP][PASSED] - product_items_shipment_id = "product_items[0].shipment_id": null

11-06-2024T18:04:44 - [TEST_STEP][PASSED] - product_items_tax = "product_items[0].tax": null

11-06-2024T18:04:44 - [TEST_STEP][PASSED] - product_items_tax_basis = "product_items[0].tax_basis": null

11-06-2024T18:04:44 - [TEST_STEP][PASSED] - product_items_tax_class_id = "product_items[0].tax_class_id": null

11-06-2024T18:04:44 - [TEST_STEP][PASSED] - product_items_tax_rate = "product_items[0].tax_rate": null

11-06-2024T18:04:44 - [TEST_STEP][PASSED] - product_items_c_fromStoreId = "product_items[0].c_fromStoreId": null

11-06-2024T18:04:44 - [TEST_STEP][PASSED] - product_items_c_isOnDemandStoreItem = "product_items[0].c_isOnDemandStoreItem": null

11-06-2024T18:04:44 - [TEST_STEP][PASSED] - product_items_c_miraklChannels = "product_items[0].c_miraklChannels": null

11-06-2024T18:04:44 - [TEST_STEP][PASSED] - product_items_c_miraklEarliestDeliveryDays = "product_items[0].c_miraklEarliestDeliveryDays": null

11-06-2024T18:04:44 - [TEST_STEP][PASSED] - product_items_c_miraklLatestDeliveryDays = "product_items[0].c_miraklLatestDeliveryDays": null

11-06-2024T18:04:44 - [TEST_STEP][PASSED] - product_items_c_miraklLeadTimeToShip = "product_items[0].c_miraklLeadTimeToShip": null

11-06-2024T18:04:44 - [TEST_STEP][PASSED] - product_items_c_miraklLineShippingPrice = "product_items[0].c_miraklLineShippingPrice": null

11-06-2024T18:04:44 - [TEST_STEP][PASSED] - product_items_c_miraklOperatorProductId = "product_items[0].c_miraklOperatorProductId": null

11-06-2024T18:04:44 - [TEST_STEP][PASSED] - product_items_c_miraklShippingTaxes = "product_items[0].c_miraklShippingTaxes": null

11-06-2024T18:04:44 - [TEST_STEP][PASSED] - product_items_c_miraklTaxes = "product_items[0].c_miraklTaxes": null

11-06-2024T18:04:44 - [TEST_STEP][PASSED] - product_items_c_offerListPrice = "product_items[0].c_offerListPrice": null

11-06-2024T18:04:44 - [TEST_STEP][PASSED] - product_items_c_offerId = "product_items[0].c_offerId": null

11-06-2024T18:04:44 - [TEST_STEP][PASSED] - product_items_c_offerSalesPrice = "product_items[0].c_offerSalesPrice": null

11-06-2024T18:04:44 - [TEST_STEP][PASSED] - product_items_c_offerStateCode = "product_items[0].c_offerStateCode": null

11-06-2024T18:04:44 - [TEST_STEP][PASSED] - product_items_c_offerState = "product_items[0].c_offerState": null

11-06-2024T18:04:44 - [TEST_STEP][PASSED] - product_items_c_productImage = "product_items[0].c_productImage": null

11-06-2024T18:04:44 - [TEST_STEP][PASSED] - product_items_c_shopId = "product_items[0].c_shopId": null

11-06-2024T18:04:44 - [TEST_STEP][PASSED] - product_items_c_shopName = "product_items[0].c_shopName": null

11-06-2024T18:04:44 - [TEST_STEP][PASSED] - product_total = "product_total": null

11-06-2024T18:04:44 - [TEST_STEP][PASSED] - product_sub_total = "product_sub_total": null

11-06-2024T18:04:44 - [TEST_STEP][PASSED] - shipments_merchandize_total_tax = "shipments[0].merchandize_total_tax": null

11-06-2024T18:04:44 - [TEST_STEP][PASSED] - shipments_product_sub_total = "shipments[0].product_sub_total": null

11-06-2024T18:04:44 - [TEST_STEP][PASSED] - shipments_product_total = "shipments[0].product_total": null

11-06-2024T18:04:44 - [TEST_STEP][PASSED] - shipments_shipment_id = "shipments[0].shipment_id": null

11-06-2024T18:04:44 - [TEST_STEP][PASSED] - shipments_shipment_total = "shipments[0].shipment_total": null

11-06-2024T18:04:44 - [TEST_STEP][PASSED] - shipments_shipping_address = "shipments[0].shipping_address": null

11-06-2024T18:04:44 - [TEST_STEP][PASSED] - shipments_shipping_address_type = "shipments[0].shipping_address._type": null

11-06-2024T18:04:44 - [TEST_STEP][PASSED] - shipments_shipping_address_address1 = "shipments[0].shipping_address.address1": null

11-06-2024T18:04:44 - [TEST_STEP][PASSED] - shipments_shipping_address_city = "shipments[0].shipping_address.city": null

11-06-2024T18:04:44 - [TEST_STEP][PASSED] - shipments_shipping_address_company_name = "shipments[0].shipping_address.company_name": null

11-06-2024T18:04:44 - [TEST_STEP][PASSED] - shipments_shipping_address_country_code = "shipments[0].shipping_address.country_code": null

11-06-2024T18:04:44 - [TEST_STEP][PASSED] - shipments_shipping_address_first_name = "shipments[0].shipping_address.first_name": null

11-06-2024T18:04:44 - [TEST_STEP][PASSED] - shipments_shipping_address_id = "shipments[0].shipping_address.id": null

11-06-2024T18:04:44 - [TEST_STEP][PASSED] - shipments_shipping_address_full_name = "shipments[0].shipping_address.full_name": null

11-06-2024T18:04:44 - [TEST_STEP][PASSED] - shipments_shipping_address_last_name = "shipments[0].shipping_address.last_name": null

11-06-2024T18:04:44 - [TEST_STEP][PASSED] - shipments_shipping_address_phone = "shipments[0].shipping_address.phone": null

11-06-2024T18:04:44 - [TEST_STEP][PASSED] - shipments_shipping_address_postal_code = "shipments[0].shipping_address.postal_code": null

11-06-2024T18:04:44 - [TEST_STEP][PASSED] - shipments_shipping_address_c_alias = "shipments[0].shipping_address.c_alias": null

11-06-2024T18:04:44 - [TEST_STEP][PASSED] - shipments_shipping_address_c_delegation = "shipments[0].shipping_address.c_delegation": null

11-06-2024T18:04:44 - [TEST_STEP][PASSED] - shipments_shipping_address_c_isBilling = "shipments[0].shipping_address.c_isBilling": null

11-06-2024T18:04:44 - [TEST_STEP][PASSED] - shipments_shipping_address_c_isContact = "shipments[0].shipping_address.c_isContact": null

11-06-2024T18:04:44 - [TEST_STEP][PASSED] - shipments_shipping_address_c_isShipping = "shipments[0].shipping_address.c_isShipping": null

11-06-2024T18:04:44 - [TEST_STEP][PASSED] - shipments_shipping_address_c_label = "shipments[0].shipping_address.c_label": null

11-06-2024T18:04:44 - [TEST_STEP][PASSED] - shipments_shipping_address_c_latitude = "shipments[0].shipping_address.c_latitude": null

11-06-2024T18:04:44 - [TEST_STEP][PASSED] - shipments_shipping_address_c_nExt = "shipments[0].shipping_address.c_nExt": null

11-06-2024T18:04:44 - [TEST_STEP][PASSED] - shipments_shipping_address_c_longitude = "shipments[0].shipping_address.c_longitude": null

11-06-2024T18:04:44 - [TEST_STEP][PASSED] - shipments_shipping_address_c_nInt = "shipments[0].shipping_address.c_nInt": null

11-06-2024T18:04:44 - [TEST_STEP][PASSED] - shipments_tax_total = "shipments[0].tax_total": null

11-06-2024T18:04:44 - [TEST_STEP][PASSED] - shipments_c_packageSize = "shipments[0].c_packageSize": null

11-06-2024T18:04:44 - [TEST_STEP][PASSED] - shipments_c_shippingRates = "shipments[0].c_shippingRates": null

11-06-2024T18:04:44 - [TEST_STEP][PASSED] - shipments_c_serviceCharge = "shipments[0].c_serviceCharge": null

11-06-2024T18:04:44 - [TEST_STEP][PASSED] - shipments_c_totalShippingCost = "shipments[0].c_totalShippingCost": null

11-06-2024T18:04:44 - [TEST_STEP][PASSED] - shipping_items_item_id = "shipping_items[0].item_id": null

11-06-2024T18:04:44 - [TEST_STEP][PASSED] - shipping_items_price = "shipping_items[0].price": null

11-06-2024T18:04:44 - [TEST_STEP][PASSED] - shipping_items_price_after_item_discount = "shipping_items[0].price_after_item_discount": null

11-06-2024T18:04:44 - [TEST_STEP][PASSED] - shipping_items_item_text = "shipping_items[0].item_text": null

11-06-2024T18:04:44 - [TEST_STEP][PASSED] - shipping_items_shipment_id = "shipping_items[0].shipment_id": null

11-06-2024T18:04:44 - [TEST_STEP][PASSED] - shipping_items_tax = "shipping_items[0].tax": null

11-06-2024T18:04:44 - [TEST_STEP][PASSED] - shipping_items_tax_class_id = "shipping_items[0].tax_class_id": null

11-06-2024T18:04:44 - [TEST_STEP][PASSED] - shipping_items_tax_basis = "shipping_items[0].tax_basis": null

11-06-2024T18:04:44 - [TEST_STEP][PASSED] - shipping_items_tax_rate = "shipping_items[0].tax_rate": null

11-06-2024T18:04:44 - [TEST_STEP][PASSED] - shipping_total = "shipping_total": null

11-06-2024T18:04:44 - [TEST_STEP][PASSED] - shipping_total_tax = "shipping_total_tax": null

11-06-2024T18:04:44 - [TEST_STEP][PASSED] - taxation = "taxation": null

11-06-2024T18:04:44 - [TEST_STEP][PASSED] - tax_total = "tax_total": null

11-06-2024T18:04:44 - [TEST_STEP][PASSED] - c_corporateImgUrl = "c_corporateImgUrl": null

11-06-2024T18:04:44 - [TEST_STEP][PASSED] - c_currentCorporate = "c_currentCorporate": null

11-06-2024T18:04:44 - [TEST_STEP][PASSED] - c_currentMultiStoreID = "c_currentMultiStoreID": null

11-06-2024T18:04:44 - [TEST_STEP][PASSED] - c_miraklSH02Response = "c_miraklSH02Response": null

11-06-2024T18:04:44 - [TEST_STEP][PASSED] - c_lockTime = "c_lockTime": null

11-06-2024T18:04:44 - [TEST_STEP][PASSED] - c_isMiraklOrder = "c_isMiraklOrder": null

11-06-2024T18:04:44 - [TEST_STEP][PASSED] - c_formatedProductTotal = "c_formatedProductTotal": null

11-06-2024T18:04:44 - [TEST_STEP][PASSED] - c_formatedOrderTotal = "c_formatedOrderTotal": null

11-06-2024T18:04:44 - [TEST_STEP][PASSED] - c_incomplete = "c_incomplete": null

11-06-2024T18:04:44 - [TEST_STEP][PASSED] - c_storeDeliveryType = "c_storeDeliveryType": null

11-06-2024T18:04:44 - [TEST_STEP][PASSED] - c_serviceChargeTotalGrossPrice = "c_serviceChargeTotalGrossPrice": null

11-06-2024T18:04:44 - [TEST_STEP][PASSED] - c_seller_id = "c_seller_id": null

11-06-2024T18:04:44 - [TEST_STEP][PASSED] - c_serviceChargeTotalGrossPrice = "c_serviceChargeTotalGrossPrice": null

11-06-2024T18:04:44 - [TEST_STEP][PASSED] - c_storeDeliveryType = "c_storeDeliveryType": null

11-06-2024T18:04:44 - [TEST_STEP][PASSED] - c_formatedProductTotal = "c_formatedProductTotal": null

11-06-2024T18:04:44 - [TEST_STEP][PASSED] - c_incomplete = "c_incomplete": null

11-06-2024T18:04:44 - [TEST_STEP][PASSED] - c_formatedOrderTotal = "c_formatedOrderTotal": null]]></system-out>
         <system-err><![CDATA[]]></system-err>
      </testcase>
      <testcase name="Test Cases/TotalPlay-Shop/TC_27_PreAuthPayments" time="324.776" classname="Test Cases/TotalPlay-Shop/TC_27_PreAuthPayments" status="PASSED">
         <system-out><![CDATA[11-06-2024T18:04:44 - [TEST_CASE][PASSED] - Test Cases/TotalPlay-Shop/TC_27_PreAuthPayments: Test Cases/TotalPlay-Shop/TC_27_PreAuthPayments

11-06-2024T18:04:46 - [TEST_STEP][PASSED] - callTestCase(findTestCase("TotalPlay-Shop/TC_1_InterfaceLogin"), [:], STOP_ON_FAILURE): Call Test Case 'Test Cases/TotalPlay-Shop/TC_1_InterfaceLogin' successfully

11-06-2024T18:04:46 - [MESSAGE][INFO] - Checking called Test Case

11-06-2024T18:04:46 - [MESSAGE][INFO] - Starting to call Test Case 'Test Cases/TotalPlay-Shop/TC_1_InterfaceLogin'

11-06-2024T18:04:46 - [TEST_CASE][PASSED] - Test Cases/TotalPlay-Shop/TC_1_InterfaceLogin: Test Cases/TotalPlay-Shop/TC_1_InterfaceLogin

11-06-2024T18:04:46 - [TEST_STEP][PASSED] - LoginResponse = sendRequest(findTestObject("TotalPlay-Shop/Interface Login (SLAS)", ["URL":URL, "SITEID":SITEID])): Send request successfully

11-06-2024T18:04:46 - [MESSAGE][INFO] - Finding Test Object 'Object Repository/TotalPlay-Shop/Interface Login (SLAS)'

11-06-2024T18:04:46 - [MESSAGE][INFO] - Checking request object

11-06-2024T18:04:48 - [MESSAGE][INFO] - HAR: D:\Automation\KogniveraGithub\TotalPlay_Automation\totalplay-API\totalplay-automation\Reports\20240611_180136\Shop-Services\20240611_180137\requests\main\67.har

11-06-2024T18:04:48 - [MESSAGE][PASSED] - Send request successfully

11-06-2024T18:04:48 - [TEST_STEP][PASSED] - assert getResponseStatusCode(LoginResponse) == 200: Checking response object

11-06-2024T18:04:48 - [MESSAGE][INFO] - Checking response object

11-06-2024T18:04:48 - [TEST_STEP][PASSED] - Auth = "ocapiResponse.access_token": null

11-06-2024T18:04:48 - [TEST_STEP][PASSED] - sfccAuthorization = getElementPropertyValue(LoginResponse, Auth): Checking response object

11-06-2024T18:04:48 - [MESSAGE][INFO] - Checking response object

11-06-2024T18:04:48 - [TEST_STEP][PASSED] - logInfo(sfccAuthorization): eyJ2ZXIiOiIxLjAiLCJqa3UiOiJzbGFzL3Byb2QvYmpjbF9kZXYiLCJraWQiOiIzOWM0NGRmMy01OGI5LTQ3YWEtODNhMC05NWMwOTBiZGNkMzciLCJ0eXAiOiJqd3QiLCJjbHYiOiJKMi4zLjQiLCJhbGciOiJFUzI1NiJ9.eyJhdXQiOiJHVUlEIiwic2NwIjoic2ZjYy5zaG9wcGVyLW15YWNjb3VudC5iYXNrZXRzIHNmY2Muc2hvcHBlci1kaXNjb3Zlcnktc2VhcmNoIHNmY2Muc2hvcHBlci1teWFjY291bnQuYWRkcmVzc2VzIHNmY2Muc2hvcHBlci1wcm9kdWN0cyBzZmNjLnNob3BwZXItbXlhY2NvdW50LnJ3IHNmY2Muc2hvcHBlci1teWFjY291bnQucGF5bWVudGluc3RydW1lbnRzIHNmY2Muc2hvcHBlci1jdXN0b21lcnMubG9naW4gc2ZjYy5zaG9wcGVyLXN0b3JlcyBzZmNjLnNob3BwZXItbXlhY2NvdW50Lm9yZGVycyBzZmNjLnNob3BwZXItYmFza2V0cy1vcmRlcnMgc2ZjYy5zaG9wcGVyLWN1c3RvbWVycy5yZWdpc3RlciBzZmNjLnNob3BwZXItbXlhY2NvdW50LmFkZHJlc3Nlcy5ydyBzZmNjLnNob3BwZXItbXlhY2NvdW50LnByb2R1Y3RsaXN0cy5ydyBzZmNjLnNob3BwZXItcHJvZHVjdGxpc3RzIHNmY2Muc2hvcHBlci1wcm9tb3Rpb25zIHNmY2Muc2hvcHBlci1iYXNrZXRzLW9yZGVycy5ydyBzZmNjLnNob3BwZXItZ2lmdC1jZXJ0aWZpY2F0ZXMgc2ZjYy5zaG9wcGVyLW15YWNjb3VudC5wYXltZW50aW5zdHJ1bWVudHMucncgc2ZjYy5zaG9wcGVyLXByb2R1Y3Qtc2VhcmNoIHNmY2Muc2hvcHBlci1teWFjY291bnQucHJvZHVjdGxpc3RzIHNmY2Muc2hvcHBlci1jYXRlZ29yaWVzIHNmY2Muc2hvcHBlci1teWFjY291bnQiLCJzdWIiOiJjYy1zbGFzOjpiamNsX2Rldjo6c2NpZDo1ZDI1ZjVmYS01YTRmLTQ2YjUtYTIxMS04NzU1NDJjODVhYzE6OnVzaWQ6OWVjZTQ1Y2UtYjBlNy00NGM0LWFkZDMtYmUyNWJkMDdhNWE4IiwiY3R4Ijoic2xhcyIsImlzcyI6InNsYXMvcHJvZC9iamNsX2RldiIsImlzdCI6MSwiZG50IjoiMCIsImF1ZCI6ImNvbW1lcmNlY2xvdWQvcHJvZC9iamNsX2RldiIsIm5iZiI6MTcxODEwOTI1OCwic3R5IjoiVXNlciIsImlzYiI6InVpZG86ZWNvbTo6dXBuOnFhLnRvdGFscGxheSswMTAwOTg3MTA1QGdtYWlsLmNvbTo6dWlkbjpSaWNhcmRvICBDb3JvbmEgQ3J1ejo6Z2NpZDphY211dEh4cm9adzBzUndIYUpsV1lZbGVrWTo6cmNpZDphY25SYldxdWpIQ3BnOW9xNlYyaGt1VGFTVzo6Y2hpZDpUUC1TSE9QIiwiZXhwIjoxNzE4MTExMDg4LCJpYXQiOjE3MTgxMDkyODgsImp0aSI6IkMyQy0xMzExNTYzNTcwMTc4NzUxMTg1MDEwMjMxNDc1NjEzNzQ1NTcifQ.BD7MObt1Ci05CzpZYqU5Kn9XG-wvF7nnCGMZ9j-W0YhZSJjT_YkPm_B5FHiZAld3iK4PwKQNEOX0RxkdY6FMfg

11-06-2024T18:04:48 - [MESSAGE][INFO] - eyJ2ZXIiOiIxLjAiLCJqa3UiOiJzbGFzL3Byb2QvYmpjbF9kZXYiLCJraWQiOiIzOWM0NGRmMy01OGI5LTQ3YWEtODNhMC05NWMwOTBiZGNkMzciLCJ0eXAiOiJqd3QiLCJjbHYiOiJKMi4zLjQiLCJhbGciOiJFUzI1NiJ9.eyJhdXQiOiJHVUlEIiwic2NwIjoic2ZjYy5zaG9wcGVyLW15YWNjb3VudC5iYXNrZXRzIHNmY2Muc2hvcHBlci1kaXNjb3Zlcnktc2VhcmNoIHNmY2Muc2hvcHBlci1teWFjY291bnQuYWRkcmVzc2VzIHNmY2Muc2hvcHBlci1wcm9kdWN0cyBzZmNjLnNob3BwZXItbXlhY2NvdW50LnJ3IHNmY2Muc2hvcHBlci1teWFjY291bnQucGF5bWVudGluc3RydW1lbnRzIHNmY2Muc2hvcHBlci1jdXN0b21lcnMubG9naW4gc2ZjYy5zaG9wcGVyLXN0b3JlcyBzZmNjLnNob3BwZXItbXlhY2NvdW50Lm9yZGVycyBzZmNjLnNob3BwZXItYmFza2V0cy1vcmRlcnMgc2ZjYy5zaG9wcGVyLWN1c3RvbWVycy5yZWdpc3RlciBzZmNjLnNob3BwZXItbXlhY2NvdW50LmFkZHJlc3Nlcy5ydyBzZmNjLnNob3BwZXItbXlhY2NvdW50LnByb2R1Y3RsaXN0cy5ydyBzZmNjLnNob3BwZXItcHJvZHVjdGxpc3RzIHNmY2Muc2hvcHBlci1wcm9tb3Rpb25zIHNmY2Muc2hvcHBlci1iYXNrZXRzLW9yZGVycy5ydyBzZmNjLnNob3BwZXItZ2lmdC1jZXJ0aWZpY2F0ZXMgc2ZjYy5zaG9wcGVyLW15YWNjb3VudC5wYXltZW50aW5zdHJ1bWVudHMucncgc2ZjYy5zaG9wcGVyLXByb2R1Y3Qtc2VhcmNoIHNmY2Muc2hvcHBlci1teWFjY291bnQucHJvZHVjdGxpc3RzIHNmY2Muc2hvcHBlci1jYXRlZ29yaWVzIHNmY2Muc2hvcHBlci1teWFjY291bnQiLCJzdWIiOiJjYy1zbGFzOjpiamNsX2Rldjo6c2NpZDo1ZDI1ZjVmYS01YTRmLTQ2YjUtYTIxMS04NzU1NDJjODVhYzE6OnVzaWQ6OWVjZTQ1Y2UtYjBlNy00NGM0LWFkZDMtYmUyNWJkMDdhNWE4IiwiY3R4Ijoic2xhcyIsImlzcyI6InNsYXMvcHJvZC9iamNsX2RldiIsImlzdCI6MSwiZG50IjoiMCIsImF1ZCI6ImNvbW1lcmNlY2xvdWQvcHJvZC9iamNsX2RldiIsIm5iZiI6MTcxODEwOTI1OCwic3R5IjoiVXNlciIsImlzYiI6InVpZG86ZWNvbTo6dXBuOnFhLnRvdGFscGxheSswMTAwOTg3MTA1QGdtYWlsLmNvbTo6dWlkbjpSaWNhcmRvICBDb3JvbmEgQ3J1ejo6Z2NpZDphY211dEh4cm9adzBzUndIYUpsV1lZbGVrWTo6cmNpZDphY25SYldxdWpIQ3BnOW9xNlYyaGt1VGFTVzo6Y2hpZDpUUC1TSE9QIiwiZXhwIjoxNzE4MTExMDg4LCJpYXQiOjE3MTgxMDkyODgsImp0aSI6IkMyQy0xMzExNTYzNTcwMTc4NzUxMTg1MDEwMjMxNDc1NjEzNzQ1NTcifQ.BD7MObt1Ci05CzpZYqU5Kn9XG-wvF7nnCGMZ9j-W0YhZSJjT_YkPm_B5FHiZAld3iK4PwKQNEOX0RxkdY6FMfg

11-06-2024T18:04:48 - [TEST_STEP][PASSED] - Authorization = "Bearer " + sfccAuthorization: null

11-06-2024T18:04:48 - [TEST_STEP][PASSED] - logInfo(bm_auth_token): 

11-06-2024T18:04:48 - [MESSAGE][INFO] - 

11-06-2024T18:04:48 - [TEST_STEP][PASSED] - if (sfccAuthorization.length() == 0): null

11-06-2024T18:04:48 - [TEST_STEP][PASSED] - else: authorization generated

11-06-2024T18:04:48 - [TEST_STEP][PASSED] - markPassed("authorization generated"): authorization generated

11-06-2024T18:04:48 - [MESSAGE][PASSED] - authorization generated

11-06-2024T18:04:48 - [TEST_STEP][PASSED] - BasketId_loginResponse = "ocapiResponse.c_basketId": null

11-06-2024T18:04:48 - [TEST_STEP][PASSED] - CustomerId_loginResponse = "ocapiResponse.customer_id": null

11-06-2024T18:04:48 - [TEST_STEP][PASSED] - basketId = getElementPropertyValue(LoginResponse, BasketId_loginResponse): Checking response object

11-06-2024T18:04:48 - [MESSAGE][INFO] - Checking response object

11-06-2024T18:04:48 - [TEST_STEP][PASSED] - customerId = getElementPropertyValue(LoginResponse, CustomerId_loginResponse): Checking response object

11-06-2024T18:04:48 - [MESSAGE][INFO] - Checking response object

11-06-2024T18:04:48 - [TEST_STEP][PASSED] - basketID = basketId: null

11-06-2024T18:04:48 - [TEST_STEP][PASSED] - sla_customerId = customerId: null

11-06-2024T18:04:48 - [TEST_STEP][PASSED] - println(basketID): null

11-06-2024T18:04:48 - [TEST_STEP][PASSED] - println(sla_customerId): null

11-06-2024T18:04:48 - [TEST_STEP][PASSED] - refresh_token = "ocapiResponse.refresh_token": null

11-06-2024T18:04:48 - [TEST_STEP][PASSED] - customer_email = "ocapiResponse.customer_email": null

11-06-2024T18:04:48 - [TEST_STEP][PASSED] - c_brmId = "ocapiResponse.c_brmId": null

11-06-2024T18:04:48 - [TEST_STEP][PASSED] - customer_name = "ocapiResponse.customer_name": null

11-06-2024T18:04:48 - [TEST_STEP][PASSED] - totalplay.Common.verifyPropertyExist(LoginResponse, refresh_token): totalplay.Common.verifyPropertyExist is PASSED

11-06-2024T18:04:48 - [MESSAGE][INFO] - Checking response object

11-06-2024T18:04:48 - [MESSAGE][PASSED] - totalplay.Common.verifyPropertyExist is PASSED

11-06-2024T18:04:48 - [TEST_STEP][PASSED] - totalplay.Common.verifyPropertyValueExist(LoginResponse, refresh_token): totalplay.Common.verifyPropertyValueExist is PASSED

11-06-2024T18:04:48 - [MESSAGE][INFO] - Checking response object

11-06-2024T18:04:48 - [MESSAGE][INFO] - Y_FwMmklBabsBRCI2Q6Nx77bsMz4h6_2l8INMjAHdL0

11-06-2024T18:04:48 - [MESSAGE][PASSED] - totalplay.Common.verifyPropertyValueExist is PASSED

11-06-2024T18:04:48 - [TEST_STEP][PASSED] - totalplay.Common.verifyPropertyExist(LoginResponse, customer_email): totalplay.Common.verifyPropertyExist is PASSED

11-06-2024T18:04:48 - [MESSAGE][INFO] - Checking response object

11-06-2024T18:04:48 - [MESSAGE][PASSED] - totalplay.Common.verifyPropertyExist is PASSED

11-06-2024T18:04:48 - [TEST_STEP][PASSED] - totalplay.Common.verifyPropertyValueExist(LoginResponse, customer_email): totalplay.Common.verifyPropertyValueExist is PASSED

11-06-2024T18:04:48 - [MESSAGE][INFO] - Checking response object

11-06-2024T18:04:48 - [MESSAGE][INFO] - qa.totalplay@gmail.com

11-06-2024T18:04:48 - [MESSAGE][PASSED] - totalplay.Common.verifyPropertyValueExist is PASSED

11-06-2024T18:04:48 - [TEST_STEP][PASSED] - totalplay.Common.verifyPropertyExist(LoginResponse, customer_name): totalplay.Common.verifyPropertyExist is PASSED

11-06-2024T18:04:48 - [MESSAGE][INFO] - Checking response object

11-06-2024T18:04:48 - [MESSAGE][PASSED] - totalplay.Common.verifyPropertyExist is PASSED

11-06-2024T18:04:48 - [TEST_STEP][PASSED] - totalplay.Common.verifyPropertyValueExist(LoginResponse, customer_name): totalplay.Common.verifyPropertyValueExist is PASSED

11-06-2024T18:04:48 - [MESSAGE][INFO] - Checking response object

11-06-2024T18:04:48 - [MESSAGE][INFO] - Ricardo  Corona Cruz

11-06-2024T18:04:48 - [MESSAGE][PASSED] - totalplay.Common.verifyPropertyValueExist is PASSED

11-06-2024T18:04:48 - [TEST_STEP][PASSED] - totalplay.Common.verifyPropertyExist(LoginResponse, c_brmId): totalplay.Common.verifyPropertyExist is PASSED

11-06-2024T18:04:48 - [MESSAGE][INFO] - Checking response object

11-06-2024T18:04:48 - [MESSAGE][PASSED] - totalplay.Common.verifyPropertyExist is PASSED

11-06-2024T18:04:48 - [TEST_STEP][PASSED] - totalplay.Common.verifyPropertyValueExist(LoginResponse, c_brmId): totalplay.Common.verifyPropertyValueExist is PASSED

11-06-2024T18:04:48 - [MESSAGE][INFO] - Checking response object

11-06-2024T18:04:48 - [MESSAGE][INFO] - 0100987105

11-06-2024T18:04:48 - [MESSAGE][PASSED] - totalplay.Common.verifyPropertyValueExist is PASSED

11-06-2024T18:04:48 - [MESSAGE][PASSED] - Call Test Case 'Test Cases/TotalPlay-Shop/TC_1_InterfaceLogin' successfully

11-06-2024T18:04:48 - [TEST_STEP][PASSED] - AddCart = sendRequest(findTestObject("TotalPlay-Shop/Postman/Cart/AddProductToBasket", ["URL":URL, "SITEID":SITEID, "basketID":basketID])): Send request successfully

11-06-2024T18:04:48 - [MESSAGE][INFO] - Finding Test Object 'Object Repository/TotalPlay-Shop/Postman/Cart/AddProductToBasket'

11-06-2024T18:04:48 - [MESSAGE][INFO] - Checking request object

11-06-2024T18:04:49 - [MESSAGE][INFO] - HAR: D:\Automation\KogniveraGithub\TotalPlay_Automation\totalplay-API\totalplay-automation\Reports\20240611_180136\Shop-Services\20240611_180137\requests\main\68.har

11-06-2024T18:04:49 - [MESSAGE][PASSED] - Send request successfully

11-06-2024T18:04:49 - [TEST_STEP][PASSED] - verifyResponseStatusCode(AddCart, 200): Verify response status code successfully

11-06-2024T18:04:49 - [MESSAGE][INFO] - Checking response object

11-06-2024T18:04:49 - [MESSAGE][PASSED] - Verify response status code successfully

11-06-2024T18:04:49 - [TEST_STEP][PASSED] - GetCustomerAdd = sendRequest(findTestObject("TotalPlay-Shop/Postman/Checkout/Get Customer Address", ["URL":URL, "SITEID":SITEID, "sla_customerId":sla_customerId])): Send request successfully

11-06-2024T18:04:49 - [MESSAGE][INFO] - Finding Test Object 'Object Repository/TotalPlay-Shop/Postman/Checkout/Get Customer Address'

11-06-2024T18:04:49 - [MESSAGE][INFO] - Checking request object

11-06-2024T18:04:50 - [MESSAGE][INFO] - HAR: D:\Automation\KogniveraGithub\TotalPlay_Automation\totalplay-API\totalplay-automation\Reports\20240611_180136\Shop-Services\20240611_180137\requests\main\69.har

11-06-2024T18:04:50 - [MESSAGE][PASSED] - Send request successfully

11-06-2024T18:04:50 - [TEST_STEP][PASSED] - verifyResponseStatusCode(GetCustomerAdd, 200): Verify response status code successfully

11-06-2024T18:04:50 - [MESSAGE][INFO] - Checking response object

11-06-2024T18:04:50 - [MESSAGE][PASSED] - Verify response status code successfully

11-06-2024T18:04:50 - [TEST_STEP][PASSED] - crmadd = "data[0].c_crm_address_id": null

11-06-2024T18:04:50 - [TEST_STEP][PASSED] - crm_address = getElementPropertyValue(GetCustomerAdd, crmadd): Checking response object

11-06-2024T18:04:50 - [MESSAGE][INFO] - Checking response object

11-06-2024T18:04:50 - [TEST_STEP][PASSED] - setBillingAndShipping = sendRequest(findTestObject("TotalPlay-Shop/Postman/Checkout/Set Billing and Shipment", ["URL":URL, "SITEID":SITEID, "basketID":basketID])): Send request successfully

11-06-2024T18:04:50 - [MESSAGE][INFO] - Finding Test Object 'Object Repository/TotalPlay-Shop/Postman/Checkout/Set Billing and Shipment'

11-06-2024T18:04:50 - [MESSAGE][INFO] - Checking request object

11-06-2024T18:04:50 - [MESSAGE][INFO] - HAR: D:\Automation\KogniveraGithub\TotalPlay_Automation\totalplay-API\totalplay-automation\Reports\20240611_180136\Shop-Services\20240611_180137\requests\main\70.har

11-06-2024T18:04:50 - [MESSAGE][PASSED] - Send request successfully

11-06-2024T18:04:50 - [TEST_STEP][PASSED] - verifyResponseStatusCode(setBillingAndShipping, 200): Verify response status code successfully

11-06-2024T18:04:50 - [MESSAGE][INFO] - Checking response object

11-06-2024T18:04:50 - [MESSAGE][PASSED] - Verify response status code successfully

11-06-2024T18:04:50 - [TEST_STEP][PASSED] - creditCard = sendRequest(findTestObject("TotalPlay-Shop/Postman/Checkout/Submit Payment Method-TP-Credit", ["URL":URL, "SITEID":SITEID, "basketID":basketID, "orderTotal":orderTotal])): Send request successfully

11-06-2024T18:04:50 - [MESSAGE][INFO] - Finding Test Object 'Object Repository/TotalPlay-Shop/Postman/Checkout/Submit Payment Method-TP-Credit'

11-06-2024T18:04:50 - [MESSAGE][INFO] - Checking request object

11-06-2024T18:04:51 - [MESSAGE][INFO] - HAR: D:\Automation\KogniveraGithub\TotalPlay_Automation\totalplay-API\totalplay-automation\Reports\20240611_180136\Shop-Services\20240611_180137\requests\main\71.har

11-06-2024T18:04:51 - [MESSAGE][PASSED] - Send request successfully

11-06-2024T18:04:51 - [TEST_STEP][PASSED] - totalplay.Common.printResponseinText(creditCard): totalplay.Common.printResponseinText is PASSED

11-06-2024T18:04:51 - [MESSAGE][PASSED] - totalplay.Common.printResponseinText is PASSED

11-06-2024T18:04:51 - [TEST_STEP][PASSED] - verifyResponseStatusCode(creditCard, 200): Verify response status code successfully

11-06-2024T18:04:51 - [MESSAGE][INFO] - Checking response object

11-06-2024T18:04:51 - [MESSAGE][PASSED] - Verify response status code successfully

11-06-2024T18:04:51 - [TEST_STEP][PASSED] - preAuthPayments = sendRequest(findTestObject("TotalPlay-Shop/Postman/Checkout/Pre-Auth Payments", ["URL":URL, "SITEID":SITEID, "basketID":basketID])): Send request successfully

11-06-2024T18:04:51 - [MESSAGE][INFO] - Finding Test Object 'Object Repository/TotalPlay-Shop/Postman/Checkout/Pre-Auth Payments'

11-06-2024T18:04:51 - [MESSAGE][INFO] - Checking request object

11-06-2024T18:04:56 - [MESSAGE][INFO] - HAR: D:\Automation\KogniveraGithub\TotalPlay_Automation\totalplay-API\totalplay-automation\Reports\20240611_180136\Shop-Services\20240611_180137\requests\main\72.har

11-06-2024T18:04:56 - [MESSAGE][PASSED] - Send request successfully

11-06-2024T18:04:56 - [TEST_STEP][PASSED] - totalplay.Common.printResponseinText(preAuthPayments): totalplay.Common.printResponseinText is PASSED

11-06-2024T18:04:56 - [MESSAGE][PASSED] - totalplay.Common.printResponseinText is PASSED

11-06-2024T18:04:56 - [TEST_STEP][PASSED] - verifyResponseStatusCode(preAuthPayments, 200): Verify response status code successfully

11-06-2024T18:04:56 - [MESSAGE][INFO] - Checking response object

11-06-2024T18:04:56 - [MESSAGE][PASSED] - Verify response status code successfully

11-06-2024T18:04:56 - [TEST_STEP][PASSED] - resource_state = "_resource_state": null

11-06-2024T18:04:56 - [TEST_STEP][PASSED] - adjusted_merchandize_total_tax = "adjusted_merchandize_total_tax": null

11-06-2024T18:04:56 - [TEST_STEP][PASSED] - basket_id = "basket_id": null

11-06-2024T18:04:56 - [TEST_STEP][PASSED] - billing_address = "billing_address": null

11-06-2024T18:04:56 - [TEST_STEP][PASSED] - billing_address_type = "billing_address._type": null

11-06-2024T18:04:56 - [TEST_STEP][PASSED] - billing_address_address1 = "billing_address.address1": null

11-06-2024T18:04:56 - [TEST_STEP][PASSED] - billing_address_city = "billing_address.city": null

11-06-2024T18:04:56 - [TEST_STEP][PASSED] - billing_address_company_name = "billing_address.company_name": null

11-06-2024T18:04:56 - [TEST_STEP][PASSED] - billing_address_country_code = "billing_address.country_code": null

11-06-2024T18:04:56 - [TEST_STEP][PASSED] - billing_address_first_name = "billing_address.first_name": null

11-06-2024T18:04:56 - [TEST_STEP][PASSED] - billing_address_full_name = "billing_address.full_name": null

11-06-2024T18:04:56 - [TEST_STEP][PASSED] - billing_address_id = "billing_address.id": null

11-06-2024T18:04:56 - [TEST_STEP][PASSED] - billing_address_last_name = "billing_address.last_name": null

11-06-2024T18:04:56 - [TEST_STEP][PASSED] - billing_address_phone = "billing_address.phone": null

11-06-2024T18:04:56 - [TEST_STEP][PASSED] - billing_address_postal_code = "billing_address.postal_code": null

11-06-2024T18:04:56 - [TEST_STEP][PASSED] - billing_address_second_name = "billing_address.second_name": null

11-06-2024T18:04:56 - [TEST_STEP][PASSED] - billing_address_c_alias = "billing_address.c_alias": null

11-06-2024T18:04:56 - [TEST_STEP][PASSED] - billing_address_c_delegation = "billing_address.c_delegation": null

11-06-2024T18:04:56 - [TEST_STEP][PASSED] - billing_address_c_label = "billing_address.c_label": null

11-06-2024T18:04:56 - [TEST_STEP][PASSED] - billing_address_c_latitude = "billing_address.c_latitude": null

11-06-2024T18:04:56 - [TEST_STEP][PASSED] - billing_address_c_longitude = "billing_address.c_longitude": null

11-06-2024T18:04:56 - [TEST_STEP][PASSED] - billing_address_c_nInt = "billing_address.c_nInt": null

11-06-2024T18:04:56 - [TEST_STEP][PASSED] - billing_address_c_nExt = "billing_address.c_nExt": null

11-06-2024T18:04:56 - [TEST_STEP][PASSED] - billing_address_c_neighborhood = "billing_address.c_neighborhood": null

11-06-2024T18:04:56 - [TEST_STEP][PASSED] - billing_address_c_references = "billing_address.c_references": null

11-06-2024T18:04:56 - [TEST_STEP][PASSED] - billing_address_c_rfc = "billing_address.c_rfc": null

11-06-2024T18:04:56 - [TEST_STEP][PASSED] - billing_address_c_state = "billing_address.c_state": null

11-06-2024T18:04:56 - [TEST_STEP][PASSED] - billing_address_c_streetNumber = "billing_address.c_streetNumber": null

11-06-2024T18:04:56 - [TEST_STEP][PASSED] - billing_address_c_streetName = "billing_address.c_streetName": null

11-06-2024T18:04:56 - [TEST_STEP][PASSED] - channel_type = "channel_type": null

11-06-2024T18:04:56 - [TEST_STEP][PASSED] - creation_date = "creation_date": null

11-06-2024T18:04:56 - [TEST_STEP][PASSED] - currency = "currency": null

11-06-2024T18:04:56 - [TEST_STEP][PASSED] - customer_info = "customer_info": null

11-06-2024T18:04:56 - [TEST_STEP][PASSED] - customer_info_type = "customer_info._type": null

11-06-2024T18:04:56 - [TEST_STEP][PASSED] - customer_info_customer_id = "customer_info.customer_id": null

11-06-2024T18:04:56 - [TEST_STEP][PASSED] - customer_info_customer_no = "customer_info.customer_no": null

11-06-2024T18:04:56 - [TEST_STEP][PASSED] - customer_info_email = "customer_info.email": null

11-06-2024T18:04:56 - [TEST_STEP][PASSED] - merchandize_total_tax = "merchandize_total_tax": null

11-06-2024T18:04:56 - [TEST_STEP][PASSED] - last_modified = "last_modified": null

11-06-2024T18:04:56 - [TEST_STEP][PASSED] - notes = "notes": null

11-06-2024T18:04:56 - [TEST_STEP][PASSED] - notes_link = "notes.link": null

11-06-2024T18:04:56 - [TEST_STEP][PASSED] - notes_type = "notes._type": null

11-06-2024T18:04:56 - [TEST_STEP][PASSED] - order_total = "order_total": null

11-06-2024T18:04:56 - [TEST_STEP][PASSED] - payment_instruments = "payment_instruments": null

11-06-2024T18:04:56 - [TEST_STEP][PASSED] - payment_instruments_type = "payment_instruments[0]._type": null

11-06-2024T18:04:56 - [TEST_STEP][PASSED] - payment_instruments_amount = "payment_instruments[0].amount": null

11-06-2024T18:04:56 - [TEST_STEP][PASSED] - payment_instruments_payment_card = "payment_instruments[0].payment_card": null

11-06-2024T18:04:56 - [TEST_STEP][PASSED] - payment_instruments_payment_card_type = "payment_instruments[0].payment_card._type": null

11-06-2024T18:04:56 - [TEST_STEP][PASSED] - payment_instruments_payment_card_card_type = "payment_instruments[0].payment_card.card_type": null

11-06-2024T18:04:56 - [TEST_STEP][PASSED] - payment_instruments_payment_card_credit_card_expired = "payment_instruments[0].payment_card.credit_card_expired": null

11-06-2024T18:04:56 - [TEST_STEP][PASSED] - payment_instruments_payment_card_expiration_month = "payment_instruments[0].payment_card.expiration_month": null

11-06-2024T18:04:56 - [TEST_STEP][PASSED] - payment_instruments_payment_card_expiration_year = "payment_instruments[0].payment_card.expiration_year": null

11-06-2024T18:04:56 - [TEST_STEP][PASSED] - payment_instruments_payment_instrument_id = "payment_instruments[0].payment_instrument_id": null

11-06-2024T18:04:56 - [TEST_STEP][PASSED] - payment_instruments_payment_method_id = "payment_instruments[0].payment_method_id": null

11-06-2024T18:04:56 - [TEST_STEP][PASSED] - product_items = "product_items": null

11-06-2024T18:04:56 - [TEST_STEP][PASSED] - product_items_type = "product_items[0]._type": null

11-06-2024T18:04:56 - [TEST_STEP][PASSED] - product_items_adjusted_tax = "product_items[0].adjusted_tax": null

11-06-2024T18:04:56 - [TEST_STEP][PASSED] - product_items_base_price = "product_items[0].base_price": null

11-06-2024T18:10:09 - [TEST_STEP][PASSED] - product_items_bonus_product_line_item = "product_items[0].bonus_product_line_item": null

11-06-2024T18:10:09 - [TEST_STEP][PASSED] - product_items_bonus_product_line_item = "product_items[0].bonus_product_line_item": null

11-06-2024T18:10:09 - [TEST_STEP][PASSED] - product_items_gift = "product_items[0].gift": null

11-06-2024T18:10:09 - [TEST_STEP][PASSED] - product_items_inventory_id = "product_items[0].inventory_id": null

11-06-2024T18:10:09 - [TEST_STEP][PASSED] - product_items_item_id = "product_items[0].item_id": null

11-06-2024T18:10:09 - [TEST_STEP][PASSED] - product_items_item_text = "product_items[0].item_text": null

11-06-2024T18:10:09 - [TEST_STEP][PASSED] - product_items_item_text = "product_items[0].item_text": null

11-06-2024T18:10:09 - [TEST_STEP][PASSED] - product_items_price = "product_items[0].price": null

11-06-2024T18:10:09 - [TEST_STEP][PASSED] - product_items_price_after_item_discount = "product_items[0].price_after_item_discount": null

11-06-2024T18:10:09 - [TEST_STEP][PASSED] - product_items_price_after_order_discount = "product_items[0].price_after_order_discount": null

11-06-2024T18:10:09 - [TEST_STEP][PASSED] - product_items_product_id = "product_items[0].product_id": null

11-06-2024T18:10:09 - [TEST_STEP][PASSED] - product_items_product_name = "product_items[0].product_name": null

11-06-2024T18:10:09 - [TEST_STEP][PASSED] - product_items_quantity = "product_items[0].quantity": null

11-06-2024T18:10:09 - [TEST_STEP][PASSED] - product_items_shipment_id = "product_items[0].shipment_id": null

11-06-2024T18:10:09 - [TEST_STEP][PASSED] - product_items_tax = "product_items[0].tax": null

11-06-2024T18:10:09 - [TEST_STEP][PASSED] - product_items_tax_basis = "product_items[0].tax_basis": null

11-06-2024T18:10:09 - [TEST_STEP][PASSED] - product_items_tax_class_id = "product_items[0].tax_class_id": null

11-06-2024T18:10:09 - [TEST_STEP][PASSED] - product_items_tax_rate = "product_items[0].tax_rate": null

11-06-2024T18:10:09 - [TEST_STEP][PASSED] - product_items_c_fromStoreId = "product_items[0].c_fromStoreId": null

11-06-2024T18:10:09 - [TEST_STEP][PASSED] - product_items_c_isOnDemandStoreItem = "product_items[0].c_isOnDemandStoreItem": null

11-06-2024T18:10:09 - [TEST_STEP][PASSED] - product_items_c_miraklChannels = "product_items[0].c_miraklChannels": null

11-06-2024T18:10:09 - [TEST_STEP][PASSED] - product_items_c_miraklEarliestDeliveryDays = "product_items[0].c_miraklEarliestDeliveryDays": null

11-06-2024T18:10:09 - [TEST_STEP][PASSED] - product_items_c_miraklLatestDeliveryDays = "product_items[0].c_miraklLatestDeliveryDays": null

11-06-2024T18:10:09 - [TEST_STEP][PASSED] - product_items_c_miraklLeadTimeToShip = "product_items[0].c_miraklLeadTimeToShip": null

11-06-2024T18:10:09 - [TEST_STEP][PASSED] - product_items_c_miraklLineShippingPrice = "product_items[0].c_miraklLineShippingPrice": null

11-06-2024T18:10:09 - [TEST_STEP][PASSED] - product_items_c_miraklOperatorProductId = "product_items[0].c_miraklOperatorProductId": null

11-06-2024T18:10:09 - [TEST_STEP][PASSED] - product_items_c_miraklShippingTaxes = "product_items[0].c_miraklShippingTaxes": null

11-06-2024T18:10:09 - [TEST_STEP][PASSED] - product_items_c_miraklTaxes = "product_items[0].c_miraklTaxes": null

11-06-2024T18:10:09 - [TEST_STEP][PASSED] - product_items_c_offerId = "product_items[0].c_offerId": null

11-06-2024T18:10:09 - [TEST_STEP][PASSED] - product_items_c_offerListPrice = "product_items[0].c_offerListPrice": null

11-06-2024T18:10:09 - [TEST_STEP][PASSED] - product_items_c_offerSalesPrice = "product_items[0].c_offerSalesPrice": null

11-06-2024T18:10:09 - [TEST_STEP][PASSED] - product_items_c_offerState = "product_items[0].c_offerState": null

11-06-2024T18:10:09 - [TEST_STEP][PASSED] - product_items_c_productImage = "product_items[0].c_productImage": null

11-06-2024T18:10:09 - [TEST_STEP][PASSED] - product_items_c_productImage_url = "product_items[0].c_productImage[0].url": null

11-06-2024T18:10:09 - [TEST_STEP][PASSED] - product_items_c_productImage_title = "product_items[0].c_productImage[0].title": null

11-06-2024T18:10:09 - [TEST_STEP][PASSED] - product_items_c_shopId = "product_items[0].c_shopId": null

11-06-2024T18:10:09 - [TEST_STEP][PASSED] - product_items_c_shopName = "product_items[0].c_shopName": null

11-06-2024T18:10:09 - [TEST_STEP][PASSED] - product_items_c_availableQty = "product_items[0].c_availableQty": null

11-06-2024T18:10:09 - [TEST_STEP][PASSED] - product_sub_total = "product_sub_total": null

11-06-2024T18:10:09 - [TEST_STEP][PASSED] - product_total = "product_total": null

11-06-2024T18:10:09 - [TEST_STEP][PASSED] - shipments = "shipments": null

11-06-2024T18:10:09 - [TEST_STEP][PASSED] - shipments_type = "shipments[0]._type": null

11-06-2024T18:10:09 - [TEST_STEP][PASSED] - shipments_adjusted_shipping_total_tax = "shipments[0].adjusted_shipping_total_tax": null

11-06-2024T18:10:09 - [TEST_STEP][PASSED] - shipments_adjusted_merchandize_total_tax = "shipments[0].adjusted_merchandize_total_tax": null

11-06-2024T18:10:09 - [TEST_STEP][PASSED] - shipments_gift = "shipments[0].gift": null

11-06-2024T18:10:09 - [TEST_STEP][PASSED] - shipments_merchandize_total_tax = "shipments[0].merchandize_total_tax": null

11-06-2024T18:10:09 - [TEST_STEP][PASSED] - shipments_product_sub_total = "shipments[0].product_sub_total": null

11-06-2024T18:10:09 - [TEST_STEP][PASSED] - shipments_product_total = "shipments[0].product_total": null

11-06-2024T18:10:09 - [TEST_STEP][PASSED] - shipments_shipment_id = "shipments[0].shipment_id": null

11-06-2024T18:10:09 - [TEST_STEP][PASSED] - shipments_shipping_address = "shipments[0].shipping_address": null

11-06-2024T18:10:09 - [TEST_STEP][PASSED] - shipments_shipment_total = "shipments[0].shipment_total": null

11-06-2024T18:10:09 - [TEST_STEP][PASSED] - shipments_shipping_address_type = "shipments[0].shipping_address._type": null

11-06-2024T18:10:09 - [TEST_STEP][PASSED] - shipments_shipping_address_address1 = "shipments[0].shipping_address.address1": null

11-06-2024T18:10:09 - [TEST_STEP][PASSED] - shipments_shipping_address_city = "shipments[0].shipping_address.city": null

11-06-2024T18:10:09 - [TEST_STEP][PASSED] - shipments_shipping_address_company_name = "shipments[0].shipping_address.company_name": null

11-06-2024T18:10:09 - [TEST_STEP][PASSED] - shipments_shipping_address_country_code = "shipments[0].shipping_address.country_code": null

11-06-2024T18:10:09 - [TEST_STEP][PASSED] - shipments_shipping_address_first_name = "shipments[0].shipping_address.first_name": null

11-06-2024T18:10:09 - [TEST_STEP][PASSED] - shipments_shipping_address_full_name = "shipments[0].shipping_address.full_name": null

11-06-2024T18:10:09 - [TEST_STEP][PASSED] - shipments_shipping_address_id = "shipments[0].shipping_address.id": null

11-06-2024T18:10:09 - [TEST_STEP][PASSED] - shipments_shipping_address_last_name = "shipments[0].shipping_address.last_name": null

11-06-2024T18:10:09 - [TEST_STEP][PASSED] - shipments_shipping_address_phone = "shipments[0].shipping_address.phone": null

11-06-2024T18:10:09 - [TEST_STEP][PASSED] - shipments_shipping_address_postal_code = "shipments[0].shipping_address.postal_code": null

11-06-2024T18:10:09 - [TEST_STEP][PASSED] - shipments_shipping_address_second_name = "shipments[0].shipping_address.second_name": null

11-06-2024T18:10:09 - [TEST_STEP][PASSED] - shipments_shipping_address_c_alias = "shipments[0].shipping_address.c_alias": null

11-06-2024T18:10:09 - [TEST_STEP][PASSED] - shipments_shipping_address_c_delegation = "shipments[0].shipping_address.c_delegation": null

11-06-2024T18:10:09 - [TEST_STEP][PASSED] - shipments_shipping_address_c_isBilling = "shipments[0].shipping_address.c_isBilling": null

11-06-2024T18:10:09 - [TEST_STEP][PASSED] - shipments_shipping_address_c_isContact = "shipments[0].shipping_address.c_isContact": null

11-06-2024T18:10:09 - [TEST_STEP][PASSED] - shipments_shipping_address_c_isShipping = "shipments[0].shipping_address.c_isShipping": null

11-06-2024T18:10:09 - [TEST_STEP][PASSED] - shipments_shipping_address_c_label = "shipments[0].shipping_address.c_label": null

11-06-2024T18:10:09 - [TEST_STEP][PASSED] - shipments_shipping_address_c_latitude = "shipments[0].shipping_address.c_latitude": null

11-06-2024T18:10:09 - [TEST_STEP][PASSED] - shipments_shipping_address_c_longitude = "shipments[0].shipping_address.c_longitude": null

11-06-2024T18:10:09 - [TEST_STEP][PASSED] - shipments_shipping_address_c_nExt = "shipments[0].shipping_address.c_nExt": null

11-06-2024T18:10:09 - [TEST_STEP][PASSED] - shipments_shipping_address_c_nInt = "shipments[0].shipping_address.c_nInt": null

11-06-2024T18:10:09 - [TEST_STEP][PASSED] - shipments_shipping_address_c_neighborhood = "shipments[0].shipping_address.c_neighborhood": null

11-06-2024T18:10:09 - [TEST_STEP][PASSED] - shipments_shipping_address_c_references = "shipments[0].shipping_address.c_references": null

11-06-2024T18:10:09 - [TEST_STEP][PASSED] - shipments_shipping_address_c_rfc = "shipments[0].shipping_address.c_rfc": null

11-06-2024T18:10:09 - [TEST_STEP][PASSED] - shipments_shipping_address_c_state = "shipments[0].shipping_address.c_state": null

11-06-2024T18:10:09 - [TEST_STEP][PASSED] - shipments_shipping_address_c_streetName = "shipments[0].shipping_address.c_streetName": null

11-06-2024T18:10:09 - [TEST_STEP][PASSED] - shipments_shipping_address_c_streetNumber = "shipments[0].shipping_address.c_streetNumber": null

11-06-2024T18:10:09 - [TEST_STEP][PASSED] - shipments_shipping_method = "shipments[0].shipping_method": null

11-06-2024T18:10:09 - [TEST_STEP][PASSED] - shipments_shipping_method_type = "shipments[0].shipping_method._type": null

11-06-2024T18:10:09 - [TEST_STEP][PASSED] - shipments_shipping_method_description = "shipments[0].shipping_method.description": null

11-06-2024T18:10:09 - [TEST_STEP][PASSED] - shipments_shipping_method_id = "shipments[0].shipping_method.id": null

11-06-2024T18:10:09 - [TEST_STEP][PASSED] - shipments_shipping_method_name = "shipments[0].shipping_method.name": null

11-06-2024T18:10:09 - [TEST_STEP][PASSED] - shipments_shipping_method_shipping_promotions = "shipments[0].shipping_method.shipping_promotions": null

11-06-2024T18:10:09 - [TEST_STEP][PASSED] - shipments_shipping_method_shipping_promotions_type = "shipments[0].shipping_method.shipping_promotions[0]._type": null

11-06-2024T18:10:09 - [TEST_STEP][PASSED] - shipments_shipping_method_shipping_promotions_link = "shipments[0].shipping_method.shipping_promotions[0].link": null

11-06-2024T18:10:09 - [TEST_STEP][PASSED] - shipments_shipping_method_shipping_promotions_promotion_id = "shipments[0].shipping_method.shipping_promotions[0].promotion_id": null

11-06-2024T18:10:09 - [TEST_STEP][PASSED] - shipments_shipping_method_shipping_promotions_promotion_name = "shipments[0].shipping_method.shipping_promotions[0].promotion_name": null

11-06-2024T18:10:09 - [TEST_STEP][PASSED] - shipments_shipping_method_shipping_promotions_type = "shipments[0].shipping_method.shipping_promotions[1]._type": null

11-06-2024T18:10:09 - [TEST_STEP][PASSED] - shipments_shipping_method_shipping_promotions_callout_msg = "shipments[0].shipping_method.shipping_promotions[1].callout_msg": null

11-06-2024T18:10:09 - [TEST_STEP][PASSED] - shipments_shipping_method_shipping_promotions_link = "shipments[0].shipping_method.shipping_promotions[1].link": null

11-06-2024T18:10:09 - [TEST_STEP][PASSED] - shipments_shipping_method_shipping_promotions_promotion_id = "shipments[0].shipping_method.shipping_promotions[1].promotion_id": null

11-06-2024T18:10:09 - [TEST_STEP][PASSED] - shipments_shipping_method_shipping_promotions_promotion_name = "shipments[0].shipping_method.shipping_promotions[1].promotion_name": null

11-06-2024T18:10:09 - [TEST_STEP][PASSED] - shipments_shipping_method_shipping_promotions_type = "shipments[0].shipping_method.shipping_promotions[2]._type": null

11-06-2024T18:10:09 - [TEST_STEP][PASSED] - shipments_shipping_method_shipping_promotions_callout_msg = "shipments[0].shipping_method.shipping_promotions[2].callout_msg": null

11-06-2024T18:10:09 - [TEST_STEP][PASSED] - shipments_shipping_method_shipping_promotions_link = "shipments[0].shipping_method.shipping_promotions[2].link": null

11-06-2024T18:10:09 - [TEST_STEP][PASSED] - shipments_shipping_method_c_onlinePickupEnabled = "shipments[0].shipping_method.c_onlinePickupEnabled": null

11-06-2024T18:10:09 - [TEST_STEP][PASSED] - shipments_shipping_method_c_storePickupEnabled = "shipments[0].shipping_method.c_storePickupEnabled": null

11-06-2024T18:10:09 - [TEST_STEP][PASSED] - shipments_shipping_status = "shipments[0].shipping_status": null

11-06-2024T18:10:09 - [TEST_STEP][PASSED] - shipments_shipping_total = "shipments[0].shipping_total": null

11-06-2024T18:10:09 - [TEST_STEP][PASSED] - shipments_c_packageSize = "shipments[0].c_packageSize": null

11-06-2024T18:10:09 - [TEST_STEP][PASSED] - shipments_c_serviceCharge = "shipments[0].c_serviceCharge": null

11-06-2024T18:10:09 - [TEST_STEP][PASSED] - shipments_c_shippingRates = "shipments[0].c_shippingRates": null

11-06-2024T18:10:09 - [TEST_STEP][PASSED] - shipments_c_totalShippingCost = "shipments[0].c_totalShippingCost": null

11-06-2024T18:10:09 - [TEST_STEP][PASSED] - shipping_items = "shipping_items": null

11-06-2024T18:10:09 - [TEST_STEP][PASSED] - shipping_items_type = "shipping_items[0]._type": null

11-06-2024T18:10:09 - [TEST_STEP][PASSED] - shipping_items_item_id = "shipping_items[0].item_id": null

11-06-2024T18:10:09 - [TEST_STEP][PASSED] - shipping_items_price = "shipping_items[0].price": null

11-06-2024T18:10:09 - [TEST_STEP][PASSED] - shipping_items_item_text = "shipping_items[0].item_text": null

11-06-2024T18:10:09 - [TEST_STEP][PASSED] - shipping_items_price_after_item_discount = "shipping_items[0].price_after_item_discount": null

11-06-2024T18:10:09 - [TEST_STEP][PASSED] - shipping_items_shipment_id = "shipping_items[0].shipment_id": null

11-06-2024T18:10:09 - [TEST_STEP][PASSED] - shipping_items_tax = "shipping_items[0].tax": null

11-06-2024T18:10:09 - [TEST_STEP][PASSED] - shipping_items_tax_basis = "shipping_items[0].tax_basis": null

11-06-2024T18:10:09 - [TEST_STEP][PASSED] - shipping_items_tax_class_id = "shipping_items[0].tax_class_id": null

11-06-2024T18:10:09 - [TEST_STEP][PASSED] - shipping_items_tax_rate = "shipping_items[0].tax_rate": null

11-06-2024T18:10:09 - [TEST_STEP][PASSED] - shipping_total = "shipping_total": null

11-06-2024T18:10:09 - [TEST_STEP][PASSED] - shipping_total_tax = "shipping_total_tax": null

11-06-2024T18:10:09 - [TEST_STEP][PASSED] - taxation = "taxation": null

11-06-2024T18:10:09 - [TEST_STEP][PASSED] - tax_total = "tax_total": null

11-06-2024T18:10:09 - [TEST_STEP][PASSED] - c_corporateImgUrl = "c_corporateImgUrl": null

11-06-2024T18:10:09 - [TEST_STEP][PASSED] - c_currentCorporate = "c_currentCorporate": null

11-06-2024T18:10:09 - [TEST_STEP][PASSED] - c_isLock = "c_isLock": null

11-06-2024T18:10:09 - [TEST_STEP][PASSED] - c_isMiraklOrder = "c_isMiraklOrder": null

11-06-2024T18:10:09 - [TEST_STEP][PASSED] - c_lockTime = "c_lockTime": null

11-06-2024T18:10:09 - [TEST_STEP][PASSED] - c_miraklSH02Response = "c_miraklSH02Response": null

11-06-2024T18:10:09 - [TEST_STEP][PASSED] - c_miraklShippingZoneCode = "c_miraklShippingZoneCode": null

11-06-2024T18:10:09 - [TEST_STEP][PASSED] - c_multiStoreEDD = "c_multiStoreEDD": null

11-06-2024T18:10:09 - [TEST_STEP][PASSED] - c_seller_id = "c_seller_id": null

11-06-2024T18:10:09 - [TEST_STEP][PASSED] - c_serviceChargeTotalGrossPrice = "c_serviceChargeTotalGrossPrice": null

11-06-2024T18:10:09 - [TEST_STEP][PASSED] - c_storeDeliveryType = "c_storeDeliveryType": null

11-06-2024T18:10:09 - [TEST_STEP][PASSED] - c_shipmentPaymentStatuses = "c_shipmentPaymentStatuses": null

11-06-2024T18:10:09 - [TEST_STEP][PASSED] - c_shipmentPaymentStatuses_shipmentID = "c_shipmentPaymentStatuses[0].shipmentID": null

11-06-2024T18:10:09 - [TEST_STEP][PASSED] - c_shipmentPaymentStatuses_paymentStatus = "c_shipmentPaymentStatuses[0].paymentStatus": null

11-06-2024T18:10:09 - [TEST_STEP][PASSED] - c_SellerList = "c_SellerList": null

11-06-2024T18:10:09 - [TEST_STEP][PASSED] - c_SellerList_name = "c_SellerList[0].name": null

11-06-2024T18:10:09 - [TEST_STEP][PASSED] - c_SellerList_corporateColorCode = "c_SellerList[0].corporateColorCode": null

11-06-2024T18:10:09 - [TEST_STEP][PASSED] - c_SellerList_cartItems = "c_SellerList[0].cartItems": null

11-06-2024T18:10:09 - [TEST_STEP][PASSED] - c_SellerList_cartItems_productID = "c_SellerList[0].cartItems[0].productID": null

11-06-2024T18:10:09 - [TEST_STEP][PASSED] - c_SellerList_cartItems_sellerId = "c_SellerList[0].cartItems[0].sellerId": null

11-06-2024T18:10:09 - [TEST_STEP][PASSED] - c_SellerList_cartItems_isOnDemandStoreItem = "c_SellerList[0].cartItems[0].isOnDemandStoreItem": null

11-06-2024T18:10:09 - [TEST_STEP][PASSED] - c_SellerList_cartItems_productImage = "c_SellerList[0].cartItems[0].productImage": null

11-06-2024T18:10:09 - [TEST_STEP][PASSED] - c_SellerList_cartItems_productImage_title = "c_SellerList[0].cartItems[0].productImage[0].title": null

11-06-2024T18:10:09 - [TEST_STEP][PASSED] - c_SellerList_cartItems_productImage_alt = "c_SellerList[0].cartItems[0].productImage[0].alt": null

11-06-2024T18:10:09 - [TEST_STEP][PASSED] - c_SellerList_cartItems_name = "c_SellerList[0].cartItems[0].name": null

11-06-2024T18:10:09 - [TEST_STEP][PASSED] - c_preferredAddress = "c_preferredAddress": null

11-06-2024T18:10:09 - [TEST_STEP][PASSED] - c_corporateColorCode = "c_corporateColorCode": null

11-06-2024T18:10:09 - [TEST_STEP][PASSED] - c_OnDemandStoreOpenHours = "c_OnDemandStoreOpenHours": null

11-06-2024T18:10:09 - [TEST_STEP][PASSED] - c_savingsTotal = "c_savingsTotal": null

11-06-2024T18:10:09 - [TEST_STEP][PASSED] - c_formatedSavingsTotal = "c_formatedSavingsTotal": null

11-06-2024T18:10:09 - [TEST_STEP][PASSED] - c_formatedOrderTotal = "c_formatedOrderTotal": null

11-06-2024T18:10:09 - [TEST_STEP][PASSED] - c_formatedProductTotal = "c_formatedProductTotal": null]]></system-out>
         <system-err><![CDATA[]]></system-err>
      </testcase>
      <testcase name="Test Cases/TotalPlay-Shop/TC_28_ReviewPage" time="9.072" classname="Test Cases/TotalPlay-Shop/TC_28_ReviewPage" status="PASSED">
         <system-out><![CDATA[11-06-2024T18:10:09 - [TEST_CASE][PASSED] - Test Cases/TotalPlay-Shop/TC_28_ReviewPage: Test Cases/TotalPlay-Shop/TC_28_ReviewPage

11-06-2024T18:10:13 - [TEST_STEP][PASSED] - callTestCase(findTestCase("TotalPlay-Shop/TC_1_InterfaceLogin"), [:], STOP_ON_FAILURE): Call Test Case 'Test Cases/TotalPlay-Shop/TC_1_InterfaceLogin' successfully

11-06-2024T18:10:13 - [MESSAGE][INFO] - Checking called Test Case

11-06-2024T18:10:13 - [MESSAGE][INFO] - Starting to call Test Case 'Test Cases/TotalPlay-Shop/TC_1_InterfaceLogin'

11-06-2024T18:10:13 - [TEST_CASE][PASSED] - Test Cases/TotalPlay-Shop/TC_1_InterfaceLogin: Test Cases/TotalPlay-Shop/TC_1_InterfaceLogin

11-06-2024T18:10:13 - [TEST_STEP][PASSED] - LoginResponse = sendRequest(findTestObject("TotalPlay-Shop/Interface Login (SLAS)", ["URL":URL, "SITEID":SITEID])): Send request successfully

11-06-2024T18:10:13 - [MESSAGE][INFO] - Finding Test Object 'Object Repository/TotalPlay-Shop/Interface Login (SLAS)'

11-06-2024T18:10:13 - [MESSAGE][INFO] - Checking request object

11-06-2024T18:10:17 - [MESSAGE][INFO] - HAR: D:\Automation\KogniveraGithub\TotalPlay_Automation\totalplay-API\totalplay-automation\Reports\20240611_180136\Shop-Services\20240611_180137\requests\main\73.har

11-06-2024T18:10:17 - [MESSAGE][PASSED] - Send request successfully

11-06-2024T18:10:17 - [TEST_STEP][PASSED] - assert getResponseStatusCode(LoginResponse) == 200: Checking response object

11-06-2024T18:10:17 - [MESSAGE][INFO] - Checking response object

11-06-2024T18:10:17 - [TEST_STEP][PASSED] - Auth = "ocapiResponse.access_token": null

11-06-2024T18:10:17 - [TEST_STEP][PASSED] - sfccAuthorization = getElementPropertyValue(LoginResponse, Auth): Checking response object

11-06-2024T18:10:17 - [MESSAGE][INFO] - Checking response object

11-06-2024T18:10:17 - [TEST_STEP][PASSED] - logInfo(sfccAuthorization): eyJ2ZXIiOiIxLjAiLCJqa3UiOiJzbGFzL3Byb2QvYmpjbF9kZXYiLCJraWQiOiIzOWM0NGRmMy01OGI5LTQ3YWEtODNhMC05NWMwOTBiZGNkMzciLCJ0eXAiOiJqd3QiLCJjbHYiOiJKMi4zLjQiLCJhbGciOiJFUzI1NiJ9.eyJhdXQiOiJHVUlEIiwic2NwIjoic2ZjYy5zaG9wcGVyLW15YWNjb3VudC5iYXNrZXRzIHNmY2Muc2hvcHBlci1kaXNjb3Zlcnktc2VhcmNoIHNmY2Muc2hvcHBlci1teWFjY291bnQuYWRkcmVzc2VzIHNmY2Muc2hvcHBlci1wcm9kdWN0cyBzZmNjLnNob3BwZXItbXlhY2NvdW50LnJ3IHNmY2Muc2hvcHBlci1teWFjY291bnQucGF5bWVudGluc3RydW1lbnRzIHNmY2Muc2hvcHBlci1jdXN0b21lcnMubG9naW4gc2ZjYy5zaG9wcGVyLXN0b3JlcyBzZmNjLnNob3BwZXItbXlhY2NvdW50Lm9yZGVycyBzZmNjLnNob3BwZXItYmFza2V0cy1vcmRlcnMgc2ZjYy5zaG9wcGVyLWN1c3RvbWVycy5yZWdpc3RlciBzZmNjLnNob3BwZXItbXlhY2NvdW50LmFkZHJlc3Nlcy5ydyBzZmNjLnNob3BwZXItbXlhY2NvdW50LnByb2R1Y3RsaXN0cy5ydyBzZmNjLnNob3BwZXItcHJvZHVjdGxpc3RzIHNmY2Muc2hvcHBlci1wcm9tb3Rpb25zIHNmY2Muc2hvcHBlci1iYXNrZXRzLW9yZGVycy5ydyBzZmNjLnNob3BwZXItZ2lmdC1jZXJ0aWZpY2F0ZXMgc2ZjYy5zaG9wcGVyLW15YWNjb3VudC5wYXltZW50aW5zdHJ1bWVudHMucncgc2ZjYy5zaG9wcGVyLXByb2R1Y3Qtc2VhcmNoIHNmY2Muc2hvcHBlci1teWFjY291bnQucHJvZHVjdGxpc3RzIHNmY2Muc2hvcHBlci1jYXRlZ29yaWVzIHNmY2Muc2hvcHBlci1teWFjY291bnQiLCJzdWIiOiJjYy1zbGFzOjpiamNsX2Rldjo6c2NpZDo1ZDI1ZjVmYS01YTRmLTQ2YjUtYTIxMS04NzU1NDJjODVhYzE6OnVzaWQ6ZDFhODNkNDktMWQ1OC00NTAxLWI1YTQtMTNlNWRjZTU5MzkyIiwiY3R4Ijoic2xhcyIsImlzcyI6InNsYXMvcHJvZC9iamNsX2RldiIsImlzdCI6MSwiZG50IjoiMCIsImF1ZCI6ImNvbW1lcmNlY2xvdWQvcHJvZC9iamNsX2RldiIsIm5iZiI6MTcxODEwOTU4Niwic3R5IjoiVXNlciIsImlzYiI6InVpZG86ZWNvbTo6dXBuOnFhLnRvdGFscGxheSswMTAwOTg3MTA1QGdtYWlsLmNvbTo6dWlkbjpSaWNhcmRvICBDb3JvbmEgQ3J1ejo6Z2NpZDpiZXhjZEZtY2xJbGNJUmt1b1ptYllZbHJhVjo6cmNpZDphY25SYldxdWpIQ3BnOW9xNlYyaGt1VGFTVzo6Y2hpZDpUUC1TSE9QIiwiZXhwIjoxNzE4MTExNDE2LCJpYXQiOjE3MTgxMDk2MTYsImp0aSI6IkMyQy0xMzExNTYzNTcwMTc4NzUxMTg1MDEwMjM0NzYyNzY4MzM1NjIifQ.s0MbZIbtNslHs8hiZG0XHQrH-y2e-Y11e4lfwMljsiH5gNopAO7KkPwsOd8xp5P8JQw_V8ZWGZ5KlRnWEBVvow

11-06-2024T18:10:17 - [MESSAGE][INFO] - eyJ2ZXIiOiIxLjAiLCJqa3UiOiJzbGFzL3Byb2QvYmpjbF9kZXYiLCJraWQiOiIzOWM0NGRmMy01OGI5LTQ3YWEtODNhMC05NWMwOTBiZGNkMzciLCJ0eXAiOiJqd3QiLCJjbHYiOiJKMi4zLjQiLCJhbGciOiJFUzI1NiJ9.eyJhdXQiOiJHVUlEIiwic2NwIjoic2ZjYy5zaG9wcGVyLW15YWNjb3VudC5iYXNrZXRzIHNmY2Muc2hvcHBlci1kaXNjb3Zlcnktc2VhcmNoIHNmY2Muc2hvcHBlci1teWFjY291bnQuYWRkcmVzc2VzIHNmY2Muc2hvcHBlci1wcm9kdWN0cyBzZmNjLnNob3BwZXItbXlhY2NvdW50LnJ3IHNmY2Muc2hvcHBlci1teWFjY291bnQucGF5bWVudGluc3RydW1lbnRzIHNmY2Muc2hvcHBlci1jdXN0b21lcnMubG9naW4gc2ZjYy5zaG9wcGVyLXN0b3JlcyBzZmNjLnNob3BwZXItbXlhY2NvdW50Lm9yZGVycyBzZmNjLnNob3BwZXItYmFza2V0cy1vcmRlcnMgc2ZjYy5zaG9wcGVyLWN1c3RvbWVycy5yZWdpc3RlciBzZmNjLnNob3BwZXItbXlhY2NvdW50LmFkZHJlc3Nlcy5ydyBzZmNjLnNob3BwZXItbXlhY2NvdW50LnByb2R1Y3RsaXN0cy5ydyBzZmNjLnNob3BwZXItcHJvZHVjdGxpc3RzIHNmY2Muc2hvcHBlci1wcm9tb3Rpb25zIHNmY2Muc2hvcHBlci1iYXNrZXRzLW9yZGVycy5ydyBzZmNjLnNob3BwZXItZ2lmdC1jZXJ0aWZpY2F0ZXMgc2ZjYy5zaG9wcGVyLW15YWNjb3VudC5wYXltZW50aW5zdHJ1bWVudHMucncgc2ZjYy5zaG9wcGVyLXByb2R1Y3Qtc2VhcmNoIHNmY2Muc2hvcHBlci1teWFjY291bnQucHJvZHVjdGxpc3RzIHNmY2Muc2hvcHBlci1jYXRlZ29yaWVzIHNmY2Muc2hvcHBlci1teWFjY291bnQiLCJzdWIiOiJjYy1zbGFzOjpiamNsX2Rldjo6c2NpZDo1ZDI1ZjVmYS01YTRmLTQ2YjUtYTIxMS04NzU1NDJjODVhYzE6OnVzaWQ6ZDFhODNkNDktMWQ1OC00NTAxLWI1YTQtMTNlNWRjZTU5MzkyIiwiY3R4Ijoic2xhcyIsImlzcyI6InNsYXMvcHJvZC9iamNsX2RldiIsImlzdCI6MSwiZG50IjoiMCIsImF1ZCI6ImNvbW1lcmNlY2xvdWQvcHJvZC9iamNsX2RldiIsIm5iZiI6MTcxODEwOTU4Niwic3R5IjoiVXNlciIsImlzYiI6InVpZG86ZWNvbTo6dXBuOnFhLnRvdGFscGxheSswMTAwOTg3MTA1QGdtYWlsLmNvbTo6dWlkbjpSaWNhcmRvICBDb3JvbmEgQ3J1ejo6Z2NpZDpiZXhjZEZtY2xJbGNJUmt1b1ptYllZbHJhVjo6cmNpZDphY25SYldxdWpIQ3BnOW9xNlYyaGt1VGFTVzo6Y2hpZDpUUC1TSE9QIiwiZXhwIjoxNzE4MTExNDE2LCJpYXQiOjE3MTgxMDk2MTYsImp0aSI6IkMyQy0xMzExNTYzNTcwMTc4NzUxMTg1MDEwMjM0NzYyNzY4MzM1NjIifQ.s0MbZIbtNslHs8hiZG0XHQrH-y2e-Y11e4lfwMljsiH5gNopAO7KkPwsOd8xp5P8JQw_V8ZWGZ5KlRnWEBVvow

11-06-2024T18:10:17 - [TEST_STEP][PASSED] - Authorization = "Bearer " + sfccAuthorization: null

11-06-2024T18:10:17 - [TEST_STEP][PASSED] - logInfo(bm_auth_token): 

11-06-2024T18:10:17 - [MESSAGE][INFO] - 

11-06-2024T18:10:17 - [TEST_STEP][PASSED] - if (sfccAuthorization.length() == 0): null

11-06-2024T18:10:17 - [TEST_STEP][PASSED] - else: authorization generated

11-06-2024T18:10:17 - [TEST_STEP][PASSED] - markPassed("authorization generated"): authorization generated

11-06-2024T18:10:17 - [MESSAGE][PASSED] - authorization generated

11-06-2024T18:10:17 - [TEST_STEP][PASSED] - BasketId_loginResponse = "ocapiResponse.c_basketId": null

11-06-2024T18:10:17 - [TEST_STEP][PASSED] - CustomerId_loginResponse = "ocapiResponse.customer_id": null

11-06-2024T18:10:17 - [TEST_STEP][PASSED] - basketId = getElementPropertyValue(LoginResponse, BasketId_loginResponse): Checking response object

11-06-2024T18:10:17 - [MESSAGE][INFO] - Checking response object

11-06-2024T18:10:17 - [TEST_STEP][PASSED] - customerId = getElementPropertyValue(LoginResponse, CustomerId_loginResponse): Checking response object

11-06-2024T18:10:17 - [MESSAGE][INFO] - Checking response object

11-06-2024T18:10:17 - [TEST_STEP][PASSED] - basketID = basketId: null

11-06-2024T18:10:17 - [TEST_STEP][PASSED] - sla_customerId = customerId: null

11-06-2024T18:10:17 - [TEST_STEP][PASSED] - println(basketID): null

11-06-2024T18:10:17 - [TEST_STEP][PASSED] - println(sla_customerId): null

11-06-2024T18:10:17 - [TEST_STEP][PASSED] - refresh_token = "ocapiResponse.refresh_token": null

11-06-2024T18:10:17 - [TEST_STEP][PASSED] - customer_email = "ocapiResponse.customer_email": null

11-06-2024T18:10:17 - [TEST_STEP][PASSED] - c_brmId = "ocapiResponse.c_brmId": null

11-06-2024T18:10:17 - [TEST_STEP][PASSED] - customer_name = "ocapiResponse.customer_name": null

11-06-2024T18:10:17 - [TEST_STEP][PASSED] - totalplay.Common.verifyPropertyExist(LoginResponse, refresh_token): totalplay.Common.verifyPropertyExist is PASSED

11-06-2024T18:10:17 - [MESSAGE][INFO] - Checking response object

11-06-2024T18:10:17 - [MESSAGE][PASSED] - totalplay.Common.verifyPropertyExist is PASSED

11-06-2024T18:10:17 - [TEST_STEP][PASSED] - totalplay.Common.verifyPropertyValueExist(LoginResponse, refresh_token): totalplay.Common.verifyPropertyValueExist is PASSED

11-06-2024T18:10:17 - [MESSAGE][INFO] - Checking response object

11-06-2024T18:10:17 - [MESSAGE][INFO] - UyHsRpnW0svcwd4FfbtW2tq9TEEdC0tfOvrH1vbjars

11-06-2024T18:10:17 - [MESSAGE][PASSED] - totalplay.Common.verifyPropertyValueExist is PASSED

11-06-2024T18:10:17 - [TEST_STEP][PASSED] - totalplay.Common.verifyPropertyExist(LoginResponse, customer_email): totalplay.Common.verifyPropertyExist is PASSED

11-06-2024T18:10:17 - [MESSAGE][INFO] - Checking response object

11-06-2024T18:10:17 - [MESSAGE][PASSED] - totalplay.Common.verifyPropertyExist is PASSED

11-06-2024T18:10:17 - [TEST_STEP][PASSED] - totalplay.Common.verifyPropertyValueExist(LoginResponse, customer_email): totalplay.Common.verifyPropertyValueExist is PASSED

11-06-2024T18:10:17 - [MESSAGE][INFO] - Checking response object

11-06-2024T18:10:17 - [MESSAGE][INFO] - qa.totalplay@gmail.com

11-06-2024T18:10:17 - [MESSAGE][PASSED] - totalplay.Common.verifyPropertyValueExist is PASSED

11-06-2024T18:10:17 - [TEST_STEP][PASSED] - totalplay.Common.verifyPropertyExist(LoginResponse, customer_name): totalplay.Common.verifyPropertyExist is PASSED

11-06-2024T18:10:17 - [MESSAGE][INFO] - Checking response object

11-06-2024T18:10:17 - [MESSAGE][PASSED] - totalplay.Common.verifyPropertyExist is PASSED

11-06-2024T18:10:17 - [TEST_STEP][PASSED] - totalplay.Common.verifyPropertyValueExist(LoginResponse, customer_name): totalplay.Common.verifyPropertyValueExist is PASSED

11-06-2024T18:10:17 - [MESSAGE][INFO] - Checking response object

11-06-2024T18:10:17 - [MESSAGE][INFO] - Ricardo  Corona Cruz

11-06-2024T18:10:17 - [MESSAGE][PASSED] - totalplay.Common.verifyPropertyValueExist is PASSED

11-06-2024T18:10:17 - [TEST_STEP][PASSED] - totalplay.Common.verifyPropertyExist(LoginResponse, c_brmId): totalplay.Common.verifyPropertyExist is PASSED

11-06-2024T18:10:17 - [MESSAGE][INFO] - Checking response object

11-06-2024T18:10:17 - [MESSAGE][PASSED] - totalplay.Common.verifyPropertyExist is PASSED

11-06-2024T18:10:17 - [TEST_STEP][PASSED] - totalplay.Common.verifyPropertyValueExist(LoginResponse, c_brmId): totalplay.Common.verifyPropertyValueExist is PASSED

11-06-2024T18:10:17 - [MESSAGE][INFO] - Checking response object

11-06-2024T18:10:17 - [MESSAGE][INFO] - 0100987105

11-06-2024T18:10:17 - [MESSAGE][PASSED] - totalplay.Common.verifyPropertyValueExist is PASSED

11-06-2024T18:10:17 - [MESSAGE][PASSED] - Call Test Case 'Test Cases/TotalPlay-Shop/TC_1_InterfaceLogin' successfully

11-06-2024T18:10:17 - [TEST_STEP][PASSED] - Review_Page = sendRequest(findTestObject("TotalPlay-Shop/Postman/Checkout/Review Page", ["URL":URL, "SITEID":SITEID, "basketID":basketID])): Send request successfully

11-06-2024T18:10:17 - [MESSAGE][INFO] - Finding Test Object 'Object Repository/TotalPlay-Shop/Postman/Checkout/Review Page'

11-06-2024T18:10:18 - [MESSAGE][INFO] - Checking request object

11-06-2024T18:10:18 - [MESSAGE][INFO] - HAR: D:\Automation\KogniveraGithub\TotalPlay_Automation\totalplay-API\totalplay-automation\Reports\20240611_180136\Shop-Services\20240611_180137\requests\main\74.har

11-06-2024T18:10:18 - [MESSAGE][PASSED] - Send request successfully

11-06-2024T18:10:18 - [TEST_STEP][PASSED] - adjusted_merchandize_total_tax = "adjusted_merchandize_total_tax": null

11-06-2024T18:10:18 - [TEST_STEP][PASSED] - _resource_state = "_resource_state": null

11-06-2024T18:10:18 - [TEST_STEP][PASSED] - adjusted_shipping_total_tax = "adjusted_shipping_total_tax": null

11-06-2024T18:10:18 - [TEST_STEP][PASSED] - agent_basket = "agent_basket": null

11-06-2024T18:10:18 - [TEST_STEP][PASSED] - basket_id = "basket_id": null

11-06-2024T18:10:18 - [TEST_STEP][PASSED] - billing_address_type = "billing_address._type": null

11-06-2024T18:10:18 - [TEST_STEP][PASSED] - billing_address = "billing_address": null

11-06-2024T18:10:18 - [TEST_STEP][PASSED] - billing_address_address1 = "billing_address.address1": null

11-06-2024T18:10:18 - [TEST_STEP][PASSED] - billing_address_company_name = "billing_address.company_name": null

11-06-2024T18:10:18 - [TEST_STEP][PASSED] - billing_address_city = "billing_address.city": null

11-06-2024T18:10:18 - [TEST_STEP][PASSED] - billing_address_country_code = "billing_address.country_code": null

11-06-2024T18:10:18 - [TEST_STEP][PASSED] - billing_address_first_name = "billing_address.first_name": null

11-06-2024T18:10:18 - [TEST_STEP][PASSED] - billing_address_full_name = "billing_address.full_name": null

11-06-2024T18:10:18 - [TEST_STEP][PASSED] - billing_address_id = "billing_address.id": null

11-06-2024T18:10:18 - [TEST_STEP][PASSED] - billing_address_last_name = "billing_address.last_name": null

11-06-2024T18:10:18 - [TEST_STEP][PASSED] - billing_address_phone = "billing_address.phone": null

11-06-2024T18:10:18 - [TEST_STEP][PASSED] - billing_address_postal_code = "billing_address.postal_code": null

11-06-2024T18:10:18 - [TEST_STEP][PASSED] - billing_address_second_name = "billing_address.second_name": null

11-06-2024T18:10:18 - [TEST_STEP][PASSED] - billing_address_c_delegation = "billing_address.c_delegation": null

11-06-2024T18:10:18 - [TEST_STEP][PASSED] - billing_address_c_alias = "billing_address.c_alias": null

11-06-2024T18:10:18 - [TEST_STEP][PASSED] - billing_address_c_latitude = "billing_address.c_latitude": null

11-06-2024T18:10:18 - [TEST_STEP][PASSED] - billing_address_c_label = "billing_address.c_label": null

11-06-2024T18:10:18 - [TEST_STEP][PASSED] - billing_address_c_nExt = "billing_address.c_nExt": null

11-06-2024T18:10:18 - [TEST_STEP][PASSED] - billing_address_c_longitude = "billing_address.c_longitude": null

11-06-2024T18:10:18 - [TEST_STEP][PASSED] - billing_address_c_nInt = "billing_address.c_nInt": null

11-06-2024T18:10:18 - [TEST_STEP][PASSED] - billing_address_c_neighborhood = "billing_address.c_neighborhood": null

11-06-2024T18:10:18 - [TEST_STEP][PASSED] - billing_address_c_references = "billing_address.c_references": null

11-06-2024T18:10:18 - [TEST_STEP][PASSED] - billing_address_c_rfc = "billing_address.c_rfc": null

11-06-2024T18:10:18 - [TEST_STEP][PASSED] - billing_address_c_state = "billing_address.c_state": null

11-06-2024T18:10:18 - [TEST_STEP][PASSED] - billing_address_c_streetName = "billing_address.c_streetName": null

11-06-2024T18:10:18 - [TEST_STEP][PASSED] - billing_address_c_streetNumber = "billing_address.c_streetNumber": null

11-06-2024T18:10:18 - [TEST_STEP][PASSED] - creation_date = "creation_date": null

11-06-2024T18:10:18 - [TEST_STEP][PASSED] - channel_type = "channel_type": null

11-06-2024T18:10:18 - [TEST_STEP][PASSED] - currency = "currency": null

11-06-2024T18:10:18 - [TEST_STEP][PASSED] - customer_info = "customer_info": null

11-06-2024T18:10:18 - [TEST_STEP][PASSED] - customer_info_type = "customer_info._type": null

11-06-2024T18:10:18 - [TEST_STEP][PASSED] - customer_info_customer_id = "customer_info.customer_id": null

11-06-2024T18:10:18 - [TEST_STEP][PASSED] - customer_info_email = "customer_info.email": null

11-06-2024T18:10:18 - [TEST_STEP][PASSED] - customer_info_customer_no = "customer_info.customer_no": null

11-06-2024T18:10:18 - [TEST_STEP][PASSED] - last_modified = "last_modified": null

11-06-2024T18:10:18 - [TEST_STEP][PASSED] - merchandize_total_tax = "merchandize_total_tax": null

11-06-2024T18:10:18 - [TEST_STEP][PASSED] - notes = "notes": null

11-06-2024T18:10:18 - [TEST_STEP][PASSED] - notes_type = "notes._type": null

11-06-2024T18:10:18 - [TEST_STEP][PASSED] - notes_link = "notes.link": null

11-06-2024T18:10:18 - [TEST_STEP][PASSED] - order_total = "order_total": null

11-06-2024T18:10:18 - [TEST_STEP][PASSED] - product_total = "product_total": null

11-06-2024T18:10:18 - [TEST_STEP][PASSED] - product_sub_total = "product_sub_total": null

11-06-2024T18:10:18 - [TEST_STEP][PASSED] - shipments = "shipments": null

11-06-2024T18:10:18 - [TEST_STEP][PASSED] - shipments_type = "shipments[0]._type": null

11-06-2024T18:10:18 - [TEST_STEP][PASSED] - shipments_adjusted_merchandize_total_tax = "shipments[0].adjusted_merchandize_total_tax": null

11-06-2024T18:10:18 - [TEST_STEP][PASSED] - shipments_merchandize_total_tax = "shipments[0].merchandize_total_tax": null

11-06-2024T18:10:18 - [TEST_STEP][PASSED] - shipments_adjusted_shipping_total_tax = "shipments[0].adjusted_shipping_total_tax": null

11-06-2024T18:10:18 - [TEST_STEP][PASSED] - shipments_gift = "shipments[0].gift": null

11-06-2024T18:10:18 - [TEST_STEP][PASSED] - shipments_product_total = "shipments[0].product_total": null

11-06-2024T18:10:18 - [TEST_STEP][PASSED] - shipments_product_sub_total = "shipments[0].product_sub_total": null

11-06-2024T18:10:18 - [TEST_STEP][PASSED] - shipments_shipment_id = "shipments[0].shipment_id": null

11-06-2024T18:10:18 - [TEST_STEP][PASSED] - shipments_shipment_total = "shipments[0].shipment_total": null

11-06-2024T18:10:18 - [TEST_STEP][PASSED] - shipments_shipping_address = "shipments[0].shipping_address": null

11-06-2024T18:10:18 - [TEST_STEP][PASSED] - shipments_shipping_address_type = "shipments[0].shipping_address._type": null

11-06-2024T18:10:18 - [TEST_STEP][PASSED] - shipments_shipping_address_address1 = "shipments[0].shipping_address.address1": null

11-06-2024T18:10:18 - [TEST_STEP][PASSED] - shipments_shipping_address_city = "shipments[0].shipping_address.city": null

11-06-2024T18:10:18 - [TEST_STEP][PASSED] - shipments_shipping_address_company_name = "shipments[0].shipping_address.company_name": null

11-06-2024T18:10:18 - [TEST_STEP][PASSED] - shipments_shipping_address_country_code = "shipments[0].shipping_address.country_code": null

11-06-2024T18:10:18 - [TEST_STEP][PASSED] - shipments_shipping_address_first_name = "shipments[0].shipping_address.first_name": null

11-06-2024T18:10:18 - [TEST_STEP][PASSED] - shipments_shipping_address_full_name = "shipments[0].shipping_address.full_name": null

11-06-2024T18:10:18 - [TEST_STEP][PASSED] - shipments_shipping_address_last_name = "shipments[0].shipping_address.last_name": null

11-06-2024T18:10:18 - [TEST_STEP][PASSED] - shipments_shipping_address_id = "shipments[0].shipping_address.id": null

11-06-2024T18:10:18 - [TEST_STEP][PASSED] - shipments_shipping_address_phone = "shipments[0].shipping_address.phone": null

11-06-2024T18:10:18 - [TEST_STEP][PASSED] - shipments_shipping_address_postal_code = "shipments[0].shipping_address.postal_code": null

11-06-2024T18:10:18 - [TEST_STEP][PASSED] - shipments_shipping_address_second_name = "shipments[0].shipping_address.second_name": null

11-06-2024T18:10:18 - [TEST_STEP][PASSED] - shipments_shipping_address_c_alias = "shipments[0].shipping_address.c_alias": null

11-06-2024T18:10:18 - [TEST_STEP][PASSED] - shipments_shipping_address_c_delegation = "shipments[0].shipping_address.c_delegation": null

11-06-2024T18:10:18 - [TEST_STEP][PASSED] - shipments_shipping_address_c_isContact = "shipments[0].shipping_address.c_isContact": null

11-06-2024T18:10:18 - [TEST_STEP][PASSED] - shipments_shipping_address_c_isBilling = "shipments[0].shipping_address.c_isBilling": null

11-06-2024T18:10:18 - [TEST_STEP][PASSED] - shipments_shipping_address_c_isShipping = "shipments[0].shipping_address.c_isShipping": null

11-06-2024T18:10:18 - [TEST_STEP][PASSED] - shipments_shipping_address_c_label = "shipments[0].shipping_address.c_label": null

11-06-2024T18:10:18 - [TEST_STEP][PASSED] - shipments_shipping_address_c_latitude = "shipments[0].shipping_address.c_latitude": null

11-06-2024T18:10:18 - [TEST_STEP][PASSED] - shipments_shipping_address_c_nExt = "shipments[0].shipping_address.c_nExt": null

11-06-2024T18:10:18 - [TEST_STEP][PASSED] - shipments_shipping_address_c_longitude = "shipments[0].shipping_address.c_longitude": null

11-06-2024T18:10:18 - [TEST_STEP][PASSED] - shipments_shipping_address_c_nInt = "shipments[0].shipping_address.c_nInt": null

11-06-2024T18:10:18 - [TEST_STEP][PASSED] - shipments_shipping_address_c_references = "shipments[0].shipping_address.c_references": null

11-06-2024T18:10:18 - [TEST_STEP][PASSED] - shipments_shipping_address_c_neighborhood = "shipments[0].shipping_address.c_neighborhood": null

11-06-2024T18:10:18 - [TEST_STEP][PASSED] - shipments_shipping_address_c_rfc = "shipments[0].shipping_address.c_rfc": null

11-06-2024T18:10:18 - [TEST_STEP][PASSED] - shipments_shipping_address_c_state = "shipments[0].shipping_address.c_state": null

11-06-2024T18:10:18 - [TEST_STEP][PASSED] - shipments_shipping_address_c_streetName = "shipments[0].shipping_address.c_streetName": null

11-06-2024T18:10:18 - [TEST_STEP][PASSED] - shipments_shipping_address_c_streetNumber = "shipments[0].shipping_address.c_streetNumber": null

11-06-2024T18:10:18 - [TEST_STEP][PASSED] - shipments_shipping_address_c_etiqueta = "shipments[0].shipping_address.c_etiqueta": null

11-06-2024T18:10:18 - [TEST_STEP][PASSED] - shipments_shipping_address_c_etiqueta_home = "shipments[0].shipping_address.c_etiqueta.home": null

11-06-2024T18:10:18 - [TEST_STEP][PASSED] - shipments_shipping_address_c_etiqueta_company = "shipments[0].shipping_address.c_etiqueta.company": null

11-06-2024T18:10:18 - [TEST_STEP][PASSED] - shipments_shipping_address_c_etiqueta_other = "shipments[0].shipping_address.c_etiqueta.other": null

11-06-2024T18:10:18 - [TEST_STEP][PASSED] - shipments_shipping_method_type = "shipments[0].shipping_method._type": null

11-06-2024T18:10:18 - [TEST_STEP][PASSED] - shipments_shipping_method = "shipments[0].shipping_method": null

11-06-2024T18:10:18 - [TEST_STEP][PASSED] - shipments_shipping_method_description = "shipments[0].shipping_method.description": null

11-06-2024T18:10:18 - [TEST_STEP][PASSED] - shipments_shipping_method_id = "shipments[0].shipping_method.id": null

11-06-2024T18:10:18 - [TEST_STEP][PASSED] - shipments_shipping_method_name = "shipments[0].shipping_method.name": null

11-06-2024T18:10:18 - [TEST_STEP][PASSED] - shipments_shipping_method_c_estimatedArrivalTime = "shipments[0].shipping_method.c_estimatedArrivalTime": null

11-06-2024T18:10:18 - [TEST_STEP][PASSED] - shipments_shipping_method_c_storePickupEnabled = "shipments[0].shipping_method.c_storePickupEnabled": null

11-06-2024T18:10:18 - [TEST_STEP][PASSED] - shipments_shipping_status = "shipments[0].shipping_status": null

11-06-2024T18:10:18 - [TEST_STEP][PASSED] - shipments_shipping_total = "shipments[0].shipping_total": null

11-06-2024T18:10:18 - [TEST_STEP][PASSED] - shipments_shipping_total_tax = "shipments[0].shipping_total_tax": null

11-06-2024T18:10:18 - [TEST_STEP][PASSED] - shipments_tax_total = "shipments[0].tax_total": null

11-06-2024T18:10:18 - [TEST_STEP][PASSED] - shipments_c_packageSize = "shipments[0].c_packageSize": null

11-06-2024T18:10:18 - [TEST_STEP][PASSED] - shipments_c_serviceCharge = "shipments[0].c_serviceCharge": null

11-06-2024T18:10:18 - [TEST_STEP][PASSED] - shipments_c_shippingRates = "shipments[0].c_shippingRates": null

11-06-2024T18:10:18 - [TEST_STEP][PASSED] - shipments_c_totalShippingCost = "shipments[0].c_totalShippingCost": null

11-06-2024T18:10:18 - [TEST_STEP][PASSED] - shipments_c_productItems = "shipments[0].c_productItems": null

11-06-2024T18:10:18 - [TEST_STEP][PASSED] - shipments_c_productItems_type = "shipments[0].c_productItems[0]._type": null

11-06-2024T18:10:18 - [TEST_STEP][PASSED] - shipments_c_productItems_adjusted_tax = "shipments[0].c_productItems[0].adjusted_tax": null

11-06-2024T18:10:18 - [TEST_STEP][PASSED] - shipments_c_productItems_base_price = "shipments[0].c_productItems[0].base_price": null

11-06-2024T18:10:18 - [TEST_STEP][PASSED] - shipments_c_productItems_bonus_product_line_item = "shipments[0].c_productItems[0].bonus_product_line_item": null

11-06-2024T18:10:18 - [TEST_STEP][PASSED] - shipments_c_productItems_gift = "shipments[0].c_productItems[0].gift": null

11-06-2024T18:10:18 - [TEST_STEP][PASSED] - shipments_c_productItems_inventory_id = "shipments[0].c_productItems[0].inventory_id": null

11-06-2024T18:10:18 - [TEST_STEP][PASSED] - shipments_c_productItems_item_id = "shipments[0].c_productItems[0].item_id": null

11-06-2024T18:10:18 - [TEST_STEP][PASSED] - shipments_c_productItems_item_text = "shipments[0].c_productItems[0].item_text": null

11-06-2024T18:10:18 - [TEST_STEP][PASSED] - shipments_c_productItems_price = "shipments[0].c_productItems[0].price": null

11-06-2024T18:10:18 - [TEST_STEP][PASSED] - shipments_c_productItems_price_adjustments = "shipments[0].c_productItems[0].price_adjustments": null

11-06-2024T18:10:18 - [TEST_STEP][PASSED] - shipments_c_productItems_price_adjustments_type = "shipments[0].c_productItems[0].price_adjustments[0]._type": null

11-06-2024T18:10:18 - [TEST_STEP][PASSED] - shipments_c_productItems_price_adjustments_applied_discount = "shipments[0].c_productItems[0].price_adjustments[0].applied_discount": null

11-06-2024T18:10:18 - [TEST_STEP][PASSED] - shipments_c_productItems_price_adjustments_applied_discount_type = "shipments[0].c_productItems[0].price_adjustments[0].applied_discount._type": null

11-06-2024T18:10:18 - [TEST_STEP][PASSED] - shipments_c_productItems_price_adjustments_applied_discount_amount = "shipments[0].c_productItems[0].price_adjustments[0].applied_discount.amount": null

11-06-2024T18:10:18 - [TEST_STEP][PASSED] - shipments_c_productItems_price_adjustments_applied_discount_type = "shipments[0].c_productItems[0].price_adjustments[0].applied_discount.type": null

11-06-2024T18:10:18 - [TEST_STEP][PASSED] - shipments_c_productItems_price_adjustments_creation_date = "shipments[0].c_productItems[0].price_adjustments[0].creation_date": null

11-06-2024T18:10:18 - [TEST_STEP][PASSED] - shipments_c_productItems_price_adjustments_custom = "shipments[0].c_productItems[0].price_adjustments[0].custom": null

11-06-2024T18:10:18 - [TEST_STEP][PASSED] - shipments_c_productItems_price_adjustments_item_text = "shipments[0].c_productItems[0].price_adjustments[0].item_text": null

11-06-2024T18:10:18 - [TEST_STEP][PASSED] - shipments_c_productItems_price_adjustments_last_modified = "shipments[0].c_productItems[0].price_adjustments[0].last_modified": null

11-06-2024T18:10:18 - [TEST_STEP][PASSED] - shipments_c_productItems_price_adjustments_price = "shipments[0].c_productItems[0].price_adjustments[0].price": null

11-06-2024T18:10:18 - [TEST_STEP][PASSED] - shipments_c_productItems_price_adjustments_manual = "shipments[0].c_productItems[0].price_adjustments[0].manual": null

11-06-2024T18:10:18 - [TEST_STEP][PASSED] - shipments_c_productItems_price_adjustments_price_adjustment_id = "shipments[0].c_productItems[0].price_adjustments[0].price_adjustment_id": null

11-06-2024T18:10:18 - [TEST_STEP][PASSED] - shipments_c_productItems_price_adjustments_promotion_id = "shipments[0].c_productItems[0].price_adjustments[0].promotion_id": null

11-06-2024T18:10:18 - [TEST_STEP][PASSED] - shipments_c_productItems_price_after_item_discount = "shipments[0].c_productItems[0].price_after_item_discount": null

11-06-2024T18:10:18 - [TEST_STEP][PASSED] - shipments_c_productItems_price_adjustments_promotion_link = "shipments[0].c_productItems[0].price_adjustments[0].promotion_link": null

11-06-2024T18:10:18 - [TEST_STEP][PASSED] - shipments_c_productItems_price_after_order_discount = "shipments[0].c_productItems[0].price_after_order_discount": null

11-06-2024T18:10:18 - [TEST_STEP][PASSED] - shipments_c_productItems_product_name = "shipments[0].c_productItems[0].product_name": null

11-06-2024T18:10:18 - [TEST_STEP][PASSED] - shipments_c_productItems_product_id = "shipments[0].c_productItems[0].product_id": null

11-06-2024T18:10:18 - [TEST_STEP][PASSED] - shipments_c_productItems_shipment_id = "shipments[0].c_productItems[0].shipment_id": null

11-06-2024T18:10:18 - [TEST_STEP][PASSED] - shipments_c_productItems_tax = "shipments[0].c_productItems[0].tax": null

11-06-2024T18:10:18 - [TEST_STEP][PASSED] - shipments_c_productItems_tax_basis = "shipments[0].c_productItems[0].tax_basis": null

11-06-2024T18:10:18 - [TEST_STEP][PASSED] - shipments_c_productItems_tax_class_id = "shipments[0].c_productItems[0].tax_class_id": null

11-06-2024T18:10:18 - [TEST_STEP][PASSED] - shipments_c_productItems_c_fromStoreId = "shipments[0].c_productItems[0].c_fromStoreId": null

11-06-2024T18:10:18 - [TEST_STEP][PASSED] - shipments_c_productItems_tax_rate = "shipments[0].c_productItems[0].tax_rate": null

11-06-2024T18:10:18 - [TEST_STEP][PASSED] - shipments_c_productItems_c_isOnDemandStoreItem = "shipments[0].c_productItems[0].c_isOnDemandStoreItem": null

11-06-2024T18:10:18 - [TEST_STEP][PASSED] - shipments_c_productItems_c_masterProductId = "shipments[0].c_productItems[0].c_masterProductId": null

11-06-2024T18:10:18 - [TEST_STEP][PASSED] - shipments_c_productItems_c_miraklChannels = "shipments[0].c_productItems[0].c_miraklChannels": null

11-06-2024T18:10:18 - [TEST_STEP][PASSED] - shipments_c_productItems_c_miraklEarliestDeliveryDays = "shipments[0].c_productItems[0].c_miraklEarliestDeliveryDays": null

11-06-2024T18:10:18 - [TEST_STEP][PASSED] - shipments_c_productItems_c_miraklLatestDeliveryDays = "shipments[0].c_productItems[0].c_miraklLatestDeliveryDays": null

11-06-2024T18:10:18 - [TEST_STEP][PASSED] - shipments_c_productItems_c_miraklLeadTimeToShip = "shipments[0].c_productItems[0].c_miraklLeadTimeToShip": null

11-06-2024T18:10:18 - [TEST_STEP][PASSED] - shipments_c_productItems_c_miraklLineShippingPrice = "shipments[0].c_productItems[0].c_miraklLineShippingPrice": null

11-06-2024T18:10:18 - [TEST_STEP][PASSED] - shipments_c_productItems_c_miraklOperatorProductId = "shipments[0].c_productItems[0].c_miraklOperatorProductId": null

11-06-2024T18:10:18 - [TEST_STEP][PASSED] - shipments_c_productItems_c_miraklShippingTaxes = "shipments[0].c_productItems[0].c_miraklShippingTaxes": null

11-06-2024T18:10:18 - [TEST_STEP][PASSED] - shipments_c_productItems_c_miraklTaxes = "shipments[0].c_productItems[0].c_miraklTaxes": null

11-06-2024T18:10:18 - [TEST_STEP][PASSED] - shipments_c_productItems_c_offerId = "shipments[0].c_productItems[0].c_offerId": null

11-06-2024T18:10:18 - [TEST_STEP][PASSED] - shipments_c_productItems_c_offerListPrice = "shipments[0].c_productItems[0].c_offerListPrice": null

11-06-2024T18:10:18 - [TEST_STEP][PASSED] - shipments_c_productItems_c_offerSalesPrice = "shipments[0].c_productItems[0].c_offerSalesPrice": null

11-06-2024T18:10:18 - [TEST_STEP][PASSED] - shipments_c_productItems_c_offerState = "shipments[0].c_productItems[0].c_offerState": null

11-06-2024T18:10:18 - [TEST_STEP][PASSED] - shipments_c_productItems_c_offerStateCode = "shipments[0].c_productItems[0].c_offerStateCode": null

11-06-2024T18:10:18 - [TEST_STEP][PASSED] - shipments_c_productItems_c_productImage = "shipments[0].c_productItems[0].c_productImage": null

11-06-2024T18:10:18 - [TEST_STEP][PASSED] - shipments_c_productItems_c_productImage_alt = "shipments[0].c_productItems[0].c_productImage[0].alt": null

11-06-2024T18:10:18 - [TEST_STEP][PASSED] - shipments_c_productItems_c_productImage_title = "shipments[0].c_productItems[0].c_productImage[0].title": null

11-06-2024T18:10:18 - [TEST_STEP][PASSED] - shipments_c_productItems_c_productImage_url = "shipments[0].c_productItems[0].c_productImage[0].url": null

11-06-2024T18:10:18 - [TEST_STEP][PASSED] - shipments_c_productItems_c_productImage_alt = "shipments[0].c_productItems[0].c_productImage[1].alt": null

11-06-2024T18:10:18 - [TEST_STEP][PASSED] - shipments_c_productItems_c_productImage_url = "shipments[0].c_productItems[0].c_productImage[1].url": null

11-06-2024T18:10:18 - [TEST_STEP][PASSED] - shipments_c_productItems_c_productImage_title = "shipments[0].c_productItems[0].c_productImage[1].title": null

11-06-2024T18:10:18 - [TEST_STEP][PASSED] - shipments_c_productItems_c_productImage_alt = "shipments[0].c_productItems[0].c_productImage[2].alt": null

11-06-2024T18:10:18 - [TEST_STEP][PASSED] - shipments_c_productItems_c_shopId = "shipments[0].c_productItems[0].c_shopId": null

11-06-2024T18:10:18 - [TEST_STEP][PASSED] - shipments_c_productItems_c_variants = "shipments[0].c_productItems[0].c_variants": null

11-06-2024T18:10:18 - [TEST_STEP][PASSED] - shipments_c_productItems_c_shopName = "shipments[0].c_productItems[0].c_shopName": null

11-06-2024T18:10:18 - [TEST_STEP][PASSED] - shipments_c_productItems_c_variants_displayName = "shipments[0].c_productItems[0].c_variants[0].displayName": null

11-06-2024T18:10:18 - [TEST_STEP][PASSED] - shipments_c_productItems_c_variants_displayValue = "shipments[0].c_productItems[0].c_variants[0].displayValue": null

11-06-2024T18:10:18 - [TEST_STEP][PASSED] - shipments_c_productItems_c_variants_id = "shipments[0].c_productItems[0].c_variants[0].id": null

11-06-2024T18:10:18 - [TEST_STEP][PASSED] - shipments_c_productItems_c_variants_attributeId = "shipments[0].c_productItems[0].c_variants[0].attributeId": null

11-06-2024T18:10:18 - [TEST_STEP][PASSED] - shipments_c_productItems_c_variants_displayValue = "shipments[0].c_productItems[0].c_variants[1].displayValue": null

11-06-2024T18:10:18 - [TEST_STEP][PASSED] - shipments_c_productItems_c_variants_displayName = "shipments[0].c_productItems[0].c_variants[1].displayName": null

11-06-2024T18:10:18 - [TEST_STEP][PASSED] - shipments_c_productItems_c_variants_attributeId = "shipments[0].c_productItems[0].c_variants[1].attributeId": null

11-06-2024T18:10:18 - [TEST_STEP][PASSED] - shipments_c_productItems_c_variants_id = "shipments[0].c_productItems[0].c_variants[1].id": null

11-06-2024T18:10:18 - [TEST_STEP][PASSED] - shipments_c_productItems_c_availableQty = "shipments[0].c_productItems[0].c_availableQty": null

11-06-2024T18:10:18 - [TEST_STEP][PASSED] - shipments_c_paymentInstruments_amount = "shipments[0].c_paymentInstruments[0].amount": null

11-06-2024T18:10:18 - [TEST_STEP][PASSED] - shipments_c_paymentInstruments = "shipments[0].c_paymentInstruments": null

11-06-2024T18:10:18 - [TEST_STEP][PASSED] - shipments_c_paymentInstruments_amount = "shipments[0].c_paymentInstruments[0].amount": null

11-06-2024T18:10:18 - [TEST_STEP][PASSED] - shipments_c_paymentInstruments_payment_card = "shipments[0].c_paymentInstruments[0].payment_card": null

11-06-2024T18:10:18 - [TEST_STEP][PASSED] - shipments_c_paymentInstruments_payment_card_type = "shipments[0].c_paymentInstruments[0].payment_card._type": null

11-06-2024T18:10:18 - [TEST_STEP][PASSED] - shipments_c_paymentInstruments_payment_card_card_type = "shipments[0].c_paymentInstruments[0].payment_card.card_type": null

11-06-2024T18:10:18 - [TEST_STEP][PASSED] - shipments_c_paymentInstruments_payment_card_credit_card_expired = "shipments[0].c_paymentInstruments[0].payment_card.credit_card_expired": null

11-06-2024T18:10:18 - [TEST_STEP][PASSED] - shipments_c_paymentInstruments_payment_card_expiration_month = "shipments[0].c_paymentInstruments[0].payment_card.expiration_month": null

11-06-2024T18:10:18 - [TEST_STEP][PASSED] - shipments_c_paymentInstruments_payment_card_expiration_year = "shipments[0].c_paymentInstruments[0].payment_card.expiration_year": null

11-06-2024T18:10:18 - [TEST_STEP][PASSED] - shipments_c_paymentInstruments_payment_card_holder = "shipments[0].c_paymentInstruments[0].payment_card.holder": null

11-06-2024T18:10:18 - [TEST_STEP][PASSED] - shipments_c_paymentInstruments_payment_instrument_id = "shipments[0].c_paymentInstruments[0].payment_instrument_id": null

11-06-2024T18:10:18 - [TEST_STEP][PASSED] - shipments_c_paymentInstruments_payment_method_id = "shipments[0].c_paymentInstruments[0].payment_method_id": null

11-06-2024T18:10:18 - [TEST_STEP][PASSED] - shipping_items = "shipping_items": null

11-06-2024T18:10:18 - [TEST_STEP][PASSED] - shipping_items_type = "shipping_items[0]._type": null

11-06-2024T18:10:18 - [TEST_STEP][PASSED] - shipping_items_adjusted_tax = "shipping_items[0].adjusted_tax": null

11-06-2024T18:10:18 - [TEST_STEP][PASSED] - shipping_items_base_price = "shipping_items[0].base_price": null

11-06-2024T18:10:18 - [TEST_STEP][PASSED] - shipping_items_item_id = "shipping_items[0].item_id": null

11-06-2024T18:10:18 - [TEST_STEP][PASSED] - shipping_items_item_text = "shipping_items[0].item_text": null

11-06-2024T18:10:18 - [TEST_STEP][PASSED] - shipping_items_item_text = "shipping_items[0].item_text": null

11-06-2024T18:10:18 - [TEST_STEP][PASSED] - shipping_items_price = "shipping_items[0].price": null

11-06-2024T18:10:18 - [TEST_STEP][PASSED] - shipping_items_price_after_item_discount = "shipping_items[0].price_after_item_discount": null

11-06-2024T18:10:18 - [TEST_STEP][PASSED] - shipping_items_shipment_id = "shipping_items[0].shipment_id": null

11-06-2024T18:10:18 - [TEST_STEP][PASSED] - shipping_items_tax = "shipping_items[0].tax": null

11-06-2024T18:10:18 - [TEST_STEP][PASSED] - shipping_items_tax_basis = "shipping_items[0].tax_basis": null

11-06-2024T18:10:18 - [TEST_STEP][PASSED] - shipping_items_tax_rate = "shipping_items[0].tax_rate": null

11-06-2024T18:10:18 - [TEST_STEP][PASSED] - shipping_items_tax_class_id = "shipping_items[0].tax_class_id": null

11-06-2024T18:10:18 - [TEST_STEP][PASSED] - shipping_total = "shipping_total": null

11-06-2024T18:10:18 - [TEST_STEP][PASSED] - shipping_total_tax = "shipping_total_tax": null

11-06-2024T18:10:18 - [TEST_STEP][PASSED] - c_currentCorporate = "c_currentCorporate": null

11-06-2024T18:10:18 - [TEST_STEP][PASSED] - taxation = "taxation": null

11-06-2024T18:10:18 - [TEST_STEP][PASSED] - c_currentMultiStoreID = "c_currentMultiStoreID": null

11-06-2024T18:10:18 - [TEST_STEP][PASSED] - tax_total = "tax_total": null

11-06-2024T18:10:18 - [TEST_STEP][PASSED] - c_isLock = "c_isLock": null

11-06-2024T18:10:18 - [TEST_STEP][PASSED] - c_lockTime = "c_lockTime": null

11-06-2024T18:10:18 - [TEST_STEP][PASSED] - c_isMiraklOrder = "c_isMiraklOrder": null

11-06-2024T18:10:18 - [TEST_STEP][PASSED] - c_miraklSH02Response = "c_miraklSH02Response": null

11-06-2024T18:10:18 - [TEST_STEP][PASSED] - c_multiStoreEDD = "c_multiStoreEDD": null

11-06-2024T18:10:18 - [TEST_STEP][PASSED] - c_miraklShippingZoneCode = "c_miraklShippingZoneCode": null

11-06-2024T18:10:18 - [TEST_STEP][PASSED] - c_preferedShipment = "c_preferedShipment": null

11-06-2024T18:10:18 - [TEST_STEP][PASSED] - c_seller_id = "c_seller_id": null

11-06-2024T18:10:18 - [TEST_STEP][PASSED] - c_serviceChargeTotalGrossPrice = "c_serviceChargeTotalGrossPrice": null

11-06-2024T18:10:18 - [TEST_STEP][PASSED] - c_storeDeliveryType = "c_storeDeliveryType": null

11-06-2024T18:10:18 - [TEST_STEP][PASSED] - c_corporateColorCode = "c_corporateColorCode": null

11-06-2024T18:10:18 - [TEST_STEP][PASSED] - c_savingsTotal = "c_savingsTotal": null

11-06-2024T18:10:18 - [TEST_STEP][PASSED] - c_formatedSavingsTotal = "c_formatedSavingsTotal": null

11-06-2024T18:10:18 - [TEST_STEP][PASSED] - c_formatedOrderTotal = "c_formatedOrderTotal": null

11-06-2024T18:10:18 - [TEST_STEP][PASSED] - c_formatedProductTotal = "c_formatedProductTotal": null

11-06-2024T18:10:18 - [TEST_STEP][PASSED] - c_shipmentPaymentStatuses = "c_shipmentPaymentStatuses": null

11-06-2024T18:10:18 - [TEST_STEP][PASSED] - c_shipmentPaymentStatuses = "c_shipmentPaymentStatuses": null

11-06-2024T18:10:18 - [TEST_STEP][PASSED] - c_shipmentPaymentStatuses_paymentStatus = "c_shipmentPaymentStatuses[0].paymentStatus": null

11-06-2024T18:10:18 - [TEST_STEP][PASSED] - c_products_count = "c_products_count": null

11-06-2024T18:10:18 - [TEST_STEP][PASSED] - c_ShippingTotalGrossPrice = "c_ShippingTotalGrossPrice": null

11-06-2024T18:10:18 - [TEST_STEP][PASSED] - c_multistoreDetails = "c_multistoreDetails": null

11-06-2024T18:10:18 - [TEST_STEP][PASSED] - c_multistoreDetails_ID = "c_multistoreDetails.ID": null

11-06-2024T18:10:18 - [TEST_STEP][PASSED] - c_multistoreDetails_name = "c_multistoreDetails.name": null

11-06-2024T18:10:18 - [TEST_STEP][PASSED] - c_multistoreDetails_image = "c_multistoreDetails.image": null

11-06-2024T18:10:18 - [TEST_STEP][PASSED] - c_multistoreDetails_latitude = "c_multistoreDetails.latitude": null

11-06-2024T18:10:18 - [TEST_STEP][PASSED] - c_multistoreDetails_longitude = "c_multistoreDetails.longitude": null

11-06-2024T18:10:18 - [TEST_STEP][PASSED] - c_multistoreDetails_storeType = "c_multistoreDetails.storeType": null

11-06-2024T18:10:18 - [TEST_STEP][PASSED] - c_multistoreDetails_email = "c_multistoreDetails.email": null

11-06-2024T18:10:18 - [TEST_STEP][PASSED] - c_multistoreDetails_verticalType = "c_multistoreDetails.verticalType": null

11-06-2024T18:10:18 - [TEST_STEP][PASSED] - c_formatedShippingTotalGrossPrice = "c_formatedShippingTotalGrossPrice": null]]></system-out>
         <system-err><![CDATA[]]></system-err>
      </testcase>
      <testcase name="Test Cases/TotalPlay-Shop/TC_29_Place_Order" time="28.277" classname="Test Cases/TotalPlay-Shop/TC_29_Place_Order" status="PASSED">
         <system-out><![CDATA[11-06-2024T18:10:18 - [TEST_CASE][PASSED] - Test Cases/TotalPlay-Shop/TC_29_Place_Order: Test Cases/TotalPlay-Shop/TC_29_Place_Order

11-06-2024T18:10:22 - [TEST_STEP][PASSED] - callTestCase(findTestCase("TotalPlay-Shop/TC_1_InterfaceLogin"), [:], STOP_ON_FAILURE): Call Test Case 'Test Cases/TotalPlay-Shop/TC_1_InterfaceLogin' successfully

11-06-2024T18:10:22 - [MESSAGE][INFO] - Checking called Test Case

11-06-2024T18:10:22 - [MESSAGE][INFO] - Starting to call Test Case 'Test Cases/TotalPlay-Shop/TC_1_InterfaceLogin'

11-06-2024T18:10:22 - [TEST_CASE][PASSED] - Test Cases/TotalPlay-Shop/TC_1_InterfaceLogin: Test Cases/TotalPlay-Shop/TC_1_InterfaceLogin

11-06-2024T18:10:22 - [TEST_STEP][PASSED] - LoginResponse = sendRequest(findTestObject("TotalPlay-Shop/Interface Login (SLAS)", ["URL":URL, "SITEID":SITEID])): Send request successfully

11-06-2024T18:10:22 - [MESSAGE][INFO] - Finding Test Object 'Object Repository/TotalPlay-Shop/Interface Login (SLAS)'

11-06-2024T18:10:22 - [MESSAGE][INFO] - Checking request object

11-06-2024T18:10:24 - [MESSAGE][INFO] - HAR: D:\Automation\KogniveraGithub\TotalPlay_Automation\totalplay-API\totalplay-automation\Reports\20240611_180136\Shop-Services\20240611_180137\requests\main\75.har

11-06-2024T18:10:24 - [MESSAGE][PASSED] - Send request successfully

11-06-2024T18:10:24 - [TEST_STEP][PASSED] - assert getResponseStatusCode(LoginResponse) == 200: Checking response object

11-06-2024T18:10:24 - [MESSAGE][INFO] - Checking response object

11-06-2024T18:10:24 - [TEST_STEP][PASSED] - Auth = "ocapiResponse.access_token": null

11-06-2024T18:10:24 - [TEST_STEP][PASSED] - sfccAuthorization = getElementPropertyValue(LoginResponse, Auth): Checking response object

11-06-2024T18:10:24 - [MESSAGE][INFO] - Checking response object

11-06-2024T18:10:24 - [TEST_STEP][PASSED] - logInfo(sfccAuthorization): eyJ2ZXIiOiIxLjAiLCJqa3UiOiJzbGFzL3Byb2QvYmpjbF9kZXYiLCJraWQiOiIzOWM0NGRmMy01OGI5LTQ3YWEtODNhMC05NWMwOTBiZGNkMzciLCJ0eXAiOiJqd3QiLCJjbHYiOiJKMi4zLjQiLCJhbGciOiJFUzI1NiJ9.eyJhdXQiOiJHVUlEIiwic2NwIjoic2ZjYy5zaG9wcGVyLW15YWNjb3VudC5iYXNrZXRzIHNmY2Muc2hvcHBlci1kaXNjb3Zlcnktc2VhcmNoIHNmY2Muc2hvcHBlci1teWFjY291bnQuYWRkcmVzc2VzIHNmY2Muc2hvcHBlci1wcm9kdWN0cyBzZmNjLnNob3BwZXItbXlhY2NvdW50LnJ3IHNmY2Muc2hvcHBlci1teWFjY291bnQucGF5bWVudGluc3RydW1lbnRzIHNmY2Muc2hvcHBlci1jdXN0b21lcnMubG9naW4gc2ZjYy5zaG9wcGVyLXN0b3JlcyBzZmNjLnNob3BwZXItbXlhY2NvdW50Lm9yZGVycyBzZmNjLnNob3BwZXItYmFza2V0cy1vcmRlcnMgc2ZjYy5zaG9wcGVyLWN1c3RvbWVycy5yZWdpc3RlciBzZmNjLnNob3BwZXItbXlhY2NvdW50LmFkZHJlc3Nlcy5ydyBzZmNjLnNob3BwZXItbXlhY2NvdW50LnByb2R1Y3RsaXN0cy5ydyBzZmNjLnNob3BwZXItcHJvZHVjdGxpc3RzIHNmY2Muc2hvcHBlci1wcm9tb3Rpb25zIHNmY2Muc2hvcHBlci1iYXNrZXRzLW9yZGVycy5ydyBzZmNjLnNob3BwZXItZ2lmdC1jZXJ0aWZpY2F0ZXMgc2ZjYy5zaG9wcGVyLW15YWNjb3VudC5wYXltZW50aW5zdHJ1bWVudHMucncgc2ZjYy5zaG9wcGVyLXByb2R1Y3Qtc2VhcmNoIHNmY2Muc2hvcHBlci1teWFjY291bnQucHJvZHVjdGxpc3RzIHNmY2Muc2hvcHBlci1jYXRlZ29yaWVzIHNmY2Muc2hvcHBlci1teWFjY291bnQiLCJzdWIiOiJjYy1zbGFzOjpiamNsX2Rldjo6c2NpZDo1ZDI1ZjVmYS01YTRmLTQ2YjUtYTIxMS04NzU1NDJjODVhYzE6OnVzaWQ6NmVmZTI2YTctN2U5Ny00Y2E4LWIwNGQtYzFmZjVhMzliMjNjIiwiY3R4Ijoic2xhcyIsImlzcyI6InNsYXMvcHJvZC9iamNsX2RldiIsImlzdCI6MSwiZG50IjoiMCIsImF1ZCI6ImNvbW1lcmNlY2xvdWQvcHJvZC9iamNsX2RldiIsIm5iZiI6MTcxODEwOTU5NCwic3R5IjoiVXNlciIsImlzYiI6InVpZG86ZWNvbTo6dXBuOnFhLnRvdGFscGxheSswMTAwOTg3MTA1QGdtYWlsLmNvbTo6dWlkbjpSaWNhcmRvICBDb3JvbmEgQ3J1ejo6Z2NpZDphYmxLdEt4cmcwd3JBUmwwczNsV1lZdzBjMjo6cmNpZDphY25SYldxdWpIQ3BnOW9xNlYyaGt1VGFTVzo6Y2hpZDpUUC1TSE9QIiwiZXhwIjoxNzE4MTExNDI0LCJpYXQiOjE3MTgxMDk2MjQsImp0aSI6IkMyQy0xMzExNTYzNTcwMTc4NzUxMTg1MDI5MDMzMDE3NzYxMzI1MzEifQ.2OtRg2HqiVOtvGtpURImUCAWwUY8CX43vJcJrQ8o75m-FckbHCHEwUSWALdqtTN08HVdRmDqOwUB6XoUgboc1Q

11-06-2024T18:10:24 - [MESSAGE][INFO] - eyJ2ZXIiOiIxLjAiLCJqa3UiOiJzbGFzL3Byb2QvYmpjbF9kZXYiLCJraWQiOiIzOWM0NGRmMy01OGI5LTQ3YWEtODNhMC05NWMwOTBiZGNkMzciLCJ0eXAiOiJqd3QiLCJjbHYiOiJKMi4zLjQiLCJhbGciOiJFUzI1NiJ9.eyJhdXQiOiJHVUlEIiwic2NwIjoic2ZjYy5zaG9wcGVyLW15YWNjb3VudC5iYXNrZXRzIHNmY2Muc2hvcHBlci1kaXNjb3Zlcnktc2VhcmNoIHNmY2Muc2hvcHBlci1teWFjY291bnQuYWRkcmVzc2VzIHNmY2Muc2hvcHBlci1wcm9kdWN0cyBzZmNjLnNob3BwZXItbXlhY2NvdW50LnJ3IHNmY2Muc2hvcHBlci1teWFjY291bnQucGF5bWVudGluc3RydW1lbnRzIHNmY2Muc2hvcHBlci1jdXN0b21lcnMubG9naW4gc2ZjYy5zaG9wcGVyLXN0b3JlcyBzZmNjLnNob3BwZXItbXlhY2NvdW50Lm9yZGVycyBzZmNjLnNob3BwZXItYmFza2V0cy1vcmRlcnMgc2ZjYy5zaG9wcGVyLWN1c3RvbWVycy5yZWdpc3RlciBzZmNjLnNob3BwZXItbXlhY2NvdW50LmFkZHJlc3Nlcy5ydyBzZmNjLnNob3BwZXItbXlhY2NvdW50LnByb2R1Y3RsaXN0cy5ydyBzZmNjLnNob3BwZXItcHJvZHVjdGxpc3RzIHNmY2Muc2hvcHBlci1wcm9tb3Rpb25zIHNmY2Muc2hvcHBlci1iYXNrZXRzLW9yZGVycy5ydyBzZmNjLnNob3BwZXItZ2lmdC1jZXJ0aWZpY2F0ZXMgc2ZjYy5zaG9wcGVyLW15YWNjb3VudC5wYXltZW50aW5zdHJ1bWVudHMucncgc2ZjYy5zaG9wcGVyLXByb2R1Y3Qtc2VhcmNoIHNmY2Muc2hvcHBlci1teWFjY291bnQucHJvZHVjdGxpc3RzIHNmY2Muc2hvcHBlci1jYXRlZ29yaWVzIHNmY2Muc2hvcHBlci1teWFjY291bnQiLCJzdWIiOiJjYy1zbGFzOjpiamNsX2Rldjo6c2NpZDo1ZDI1ZjVmYS01YTRmLTQ2YjUtYTIxMS04NzU1NDJjODVhYzE6OnVzaWQ6NmVmZTI2YTctN2U5Ny00Y2E4LWIwNGQtYzFmZjVhMzliMjNjIiwiY3R4Ijoic2xhcyIsImlzcyI6InNsYXMvcHJvZC9iamNsX2RldiIsImlzdCI6MSwiZG50IjoiMCIsImF1ZCI6ImNvbW1lcmNlY2xvdWQvcHJvZC9iamNsX2RldiIsIm5iZiI6MTcxODEwOTU5NCwic3R5IjoiVXNlciIsImlzYiI6InVpZG86ZWNvbTo6dXBuOnFhLnRvdGFscGxheSswMTAwOTg3MTA1QGdtYWlsLmNvbTo6dWlkbjpSaWNhcmRvICBDb3JvbmEgQ3J1ejo6Z2NpZDphYmxLdEt4cmcwd3JBUmwwczNsV1lZdzBjMjo6cmNpZDphY25SYldxdWpIQ3BnOW9xNlYyaGt1VGFTVzo6Y2hpZDpUUC1TSE9QIiwiZXhwIjoxNzE4MTExNDI0LCJpYXQiOjE3MTgxMDk2MjQsImp0aSI6IkMyQy0xMzExNTYzNTcwMTc4NzUxMTg1MDI5MDMzMDE3NzYxMzI1MzEifQ.2OtRg2HqiVOtvGtpURImUCAWwUY8CX43vJcJrQ8o75m-FckbHCHEwUSWALdqtTN08HVdRmDqOwUB6XoUgboc1Q

11-06-2024T18:10:24 - [TEST_STEP][PASSED] - Authorization = "Bearer " + sfccAuthorization: null

11-06-2024T18:10:24 - [TEST_STEP][PASSED] - logInfo(bm_auth_token): 

11-06-2024T18:10:24 - [MESSAGE][INFO] - 

11-06-2024T18:10:24 - [TEST_STEP][PASSED] - if (sfccAuthorization.length() == 0): null

11-06-2024T18:10:24 - [TEST_STEP][PASSED] - else: authorization generated

11-06-2024T18:10:24 - [TEST_STEP][PASSED] - markPassed("authorization generated"): authorization generated

11-06-2024T18:10:24 - [MESSAGE][PASSED] - authorization generated

11-06-2024T18:10:24 - [TEST_STEP][PASSED] - BasketId_loginResponse = "ocapiResponse.c_basketId": null

11-06-2024T18:10:24 - [TEST_STEP][PASSED] - CustomerId_loginResponse = "ocapiResponse.customer_id": null

11-06-2024T18:10:24 - [TEST_STEP][PASSED] - basketId = getElementPropertyValue(LoginResponse, BasketId_loginResponse): Checking response object

11-06-2024T18:10:24 - [MESSAGE][INFO] - Checking response object

11-06-2024T18:10:24 - [TEST_STEP][PASSED] - customerId = getElementPropertyValue(LoginResponse, CustomerId_loginResponse): Checking response object

11-06-2024T18:10:24 - [MESSAGE][INFO] - Checking response object

11-06-2024T18:10:24 - [TEST_STEP][PASSED] - basketID = basketId: null

11-06-2024T18:10:24 - [TEST_STEP][PASSED] - sla_customerId = customerId: null

11-06-2024T18:10:24 - [TEST_STEP][PASSED] - println(basketID): null

11-06-2024T18:10:24 - [TEST_STEP][PASSED] - println(sla_customerId): null

11-06-2024T18:10:24 - [TEST_STEP][PASSED] - refresh_token = "ocapiResponse.refresh_token": null

11-06-2024T18:10:24 - [TEST_STEP][PASSED] - customer_email = "ocapiResponse.customer_email": null

11-06-2024T18:10:24 - [TEST_STEP][PASSED] - c_brmId = "ocapiResponse.c_brmId": null

11-06-2024T18:10:24 - [TEST_STEP][PASSED] - customer_name = "ocapiResponse.customer_name": null

11-06-2024T18:10:24 - [TEST_STEP][PASSED] - totalplay.Common.verifyPropertyExist(LoginResponse, refresh_token): totalplay.Common.verifyPropertyExist is PASSED

11-06-2024T18:10:24 - [MESSAGE][INFO] - Checking response object

11-06-2024T18:10:25 - [MESSAGE][PASSED] - totalplay.Common.verifyPropertyExist is PASSED

11-06-2024T18:10:25 - [TEST_STEP][PASSED] - totalplay.Common.verifyPropertyValueExist(LoginResponse, refresh_token): totalplay.Common.verifyPropertyValueExist is PASSED

11-06-2024T18:10:25 - [MESSAGE][INFO] - Checking response object

11-06-2024T18:10:25 - [MESSAGE][INFO] - idxTyq9mCEK0u-XafW8XJ3fkyv6GnQpgmDFQKnrbyAg

11-06-2024T18:10:25 - [MESSAGE][PASSED] - totalplay.Common.verifyPropertyValueExist is PASSED

11-06-2024T18:10:25 - [TEST_STEP][PASSED] - totalplay.Common.verifyPropertyExist(LoginResponse, customer_email): totalplay.Common.verifyPropertyExist is PASSED

11-06-2024T18:10:25 - [MESSAGE][INFO] - Checking response object

11-06-2024T18:10:25 - [MESSAGE][PASSED] - totalplay.Common.verifyPropertyExist is PASSED

11-06-2024T18:10:25 - [TEST_STEP][PASSED] - totalplay.Common.verifyPropertyValueExist(LoginResponse, customer_email): totalplay.Common.verifyPropertyValueExist is PASSED

11-06-2024T18:10:25 - [MESSAGE][INFO] - Checking response object

11-06-2024T18:10:25 - [MESSAGE][INFO] - qa.totalplay@gmail.com

11-06-2024T18:10:25 - [MESSAGE][PASSED] - totalplay.Common.verifyPropertyValueExist is PASSED

11-06-2024T18:10:25 - [TEST_STEP][PASSED] - totalplay.Common.verifyPropertyExist(LoginResponse, customer_name): totalplay.Common.verifyPropertyExist is PASSED

11-06-2024T18:10:25 - [MESSAGE][INFO] - Checking response object

11-06-2024T18:10:25 - [MESSAGE][PASSED] - totalplay.Common.verifyPropertyExist is PASSED

11-06-2024T18:10:25 - [TEST_STEP][PASSED] - totalplay.Common.verifyPropertyValueExist(LoginResponse, customer_name): totalplay.Common.verifyPropertyValueExist is PASSED

11-06-2024T18:10:25 - [MESSAGE][INFO] - Checking response object

11-06-2024T18:10:25 - [MESSAGE][INFO] - Ricardo  Corona Cruz

11-06-2024T18:10:25 - [MESSAGE][PASSED] - totalplay.Common.verifyPropertyValueExist is PASSED

11-06-2024T18:10:25 - [TEST_STEP][PASSED] - totalplay.Common.verifyPropertyExist(LoginResponse, c_brmId): totalplay.Common.verifyPropertyExist is PASSED

11-06-2024T18:10:25 - [MESSAGE][INFO] - Checking response object

11-06-2024T18:10:25 - [MESSAGE][PASSED] - totalplay.Common.verifyPropertyExist is PASSED

11-06-2024T18:10:25 - [TEST_STEP][PASSED] - totalplay.Common.verifyPropertyValueExist(LoginResponse, c_brmId): totalplay.Common.verifyPropertyValueExist is PASSED

11-06-2024T18:10:25 - [MESSAGE][INFO] - Checking response object

11-06-2024T18:10:25 - [MESSAGE][INFO] - 0100987105

11-06-2024T18:10:25 - [MESSAGE][PASSED] - totalplay.Common.verifyPropertyValueExist is PASSED

11-06-2024T18:10:25 - [MESSAGE][PASSED] - Call Test Case 'Test Cases/TotalPlay-Shop/TC_1_InterfaceLogin' successfully

11-06-2024T18:10:25 - [TEST_STEP][PASSED] - AddCart = sendRequest(findTestObject("TotalPlay-Shop/Postman/Cart/AddProductToBasket", ["URL":URL, "SITEID":SITEID, "basketID":basketID])): Send request successfully

11-06-2024T18:10:25 - [MESSAGE][INFO] - Finding Test Object 'Object Repository/TotalPlay-Shop/Postman/Cart/AddProductToBasket'

11-06-2024T18:10:25 - [MESSAGE][INFO] - Checking request object

11-06-2024T18:10:26 - [MESSAGE][INFO] - HAR: D:\Automation\KogniveraGithub\TotalPlay_Automation\totalplay-API\totalplay-automation\Reports\20240611_180136\Shop-Services\20240611_180137\requests\main\76.har

11-06-2024T18:10:26 - [MESSAGE][PASSED] - Send request successfully

11-06-2024T18:10:26 - [TEST_STEP][PASSED] - verifyResponseStatusCode(AddCart, 200): Verify response status code successfully

11-06-2024T18:10:26 - [MESSAGE][INFO] - Checking response object

11-06-2024T18:10:26 - [MESSAGE][PASSED] - Verify response status code successfully

11-06-2024T18:10:26 - [TEST_STEP][PASSED] - GetCustomerAdd = sendRequest(findTestObject("TotalPlay-Shop/Postman/Checkout/Get Customer Address", ["URL":URL, "SITEID":SITEID, "sla_customerId":sla_customerId])): Send request successfully

11-06-2024T18:10:26 - [MESSAGE][INFO] - Finding Test Object 'Object Repository/TotalPlay-Shop/Postman/Checkout/Get Customer Address'

11-06-2024T18:10:26 - [MESSAGE][INFO] - Checking request object

11-06-2024T18:10:26 - [MESSAGE][INFO] - HAR: D:\Automation\KogniveraGithub\TotalPlay_Automation\totalplay-API\totalplay-automation\Reports\20240611_180136\Shop-Services\20240611_180137\requests\main\77.har

11-06-2024T18:10:26 - [MESSAGE][PASSED] - Send request successfully

11-06-2024T18:10:26 - [TEST_STEP][PASSED] - verifyResponseStatusCode(GetCustomerAdd, 200): Verify response status code successfully

11-06-2024T18:10:26 - [MESSAGE][INFO] - Checking response object

11-06-2024T18:10:26 - [MESSAGE][PASSED] - Verify response status code successfully

11-06-2024T18:10:26 - [TEST_STEP][PASSED] - crmadd = "data[0].c_crm_address_id": null

11-06-2024T18:10:26 - [TEST_STEP][PASSED] - crm_address = getElementPropertyValue(GetCustomerAdd, crmadd): Checking response object

11-06-2024T18:10:26 - [MESSAGE][INFO] - Checking response object

11-06-2024T18:10:26 - [TEST_STEP][PASSED] - setBillingAndShipping = sendRequest(findTestObject("TotalPlay-Shop/Postman/Checkout/Set Billing and Shipment", ["URL":URL, "SITEID":SITEID, "basketID":basketID])): Send request successfully

11-06-2024T18:10:26 - [MESSAGE][INFO] - Finding Test Object 'Object Repository/TotalPlay-Shop/Postman/Checkout/Set Billing and Shipment'

11-06-2024T18:10:27 - [MESSAGE][INFO] - Checking request object

11-06-2024T18:10:27 - [MESSAGE][INFO] - HAR: D:\Automation\KogniveraGithub\TotalPlay_Automation\totalplay-API\totalplay-automation\Reports\20240611_180136\Shop-Services\20240611_180137\requests\main\78.har

11-06-2024T18:10:27 - [MESSAGE][PASSED] - Send request successfully

11-06-2024T18:10:27 - [TEST_STEP][PASSED] - verifyResponseStatusCode(setBillingAndShipping, 200): Verify response status code successfully

11-06-2024T18:10:27 - [MESSAGE][INFO] - Checking response object

11-06-2024T18:10:27 - [MESSAGE][PASSED] - Verify response status code successfully

11-06-2024T18:10:27 - [TEST_STEP][PASSED] - creditCard = sendRequest(findTestObject("TotalPlay-Shop/Postman/Checkout/Submit Payment Method-Credit Card", ["URL":URL, "SITEID":SITEID, "basketID":basketID])): Send request successfully

11-06-2024T18:10:27 - [MESSAGE][INFO] - Finding Test Object 'Object Repository/TotalPlay-Shop/Postman/Checkout/Submit Payment Method-Credit Card'

11-06-2024T18:10:28 - [MESSAGE][INFO] - Checking request object

11-06-2024T18:10:43 - [MESSAGE][INFO] - HAR: D:\Automation\KogniveraGithub\TotalPlay_Automation\totalplay-API\totalplay-automation\Reports\20240611_180136\Shop-Services\20240611_180137\requests\main\79.har

11-06-2024T18:10:43 - [MESSAGE][PASSED] - Send request successfully

11-06-2024T18:10:43 - [TEST_STEP][PASSED] - verifyResponseStatusCode(creditCard, 200): Verify response status code successfully

11-06-2024T18:10:43 - [MESSAGE][INFO] - Checking response object

11-06-2024T18:10:43 - [MESSAGE][PASSED] - Verify response status code successfully

11-06-2024T18:10:43 - [TEST_STEP][PASSED] - preAuthPayments = sendRequest(findTestObject("TotalPlay-Shop/Postman/Checkout/Pre-Auth Payments", ["URL":URL, "SITEID":SITEID, "basketID":basketID])): Send request successfully

11-06-2024T18:10:43 - [MESSAGE][INFO] - Finding Test Object 'Object Repository/TotalPlay-Shop/Postman/Checkout/Pre-Auth Payments'

11-06-2024T18:10:43 - [MESSAGE][INFO] - Checking request object

11-06-2024T18:10:46 - [MESSAGE][INFO] - HAR: D:\Automation\KogniveraGithub\TotalPlay_Automation\totalplay-API\totalplay-automation\Reports\20240611_180136\Shop-Services\20240611_180137\requests\main\80.har

11-06-2024T18:10:46 - [MESSAGE][PASSED] - Send request successfully

11-06-2024T18:10:46 - [TEST_STEP][PASSED] - verifyResponseStatusCode(preAuthPayments, 200): Verify response status code successfully

11-06-2024T18:10:46 - [MESSAGE][INFO] - Checking response object

11-06-2024T18:10:46 - [MESSAGE][PASSED] - Verify response status code successfully

11-06-2024T18:10:46 - [TEST_STEP][PASSED] - resource_state = "_resource_state": null

11-06-2024T18:10:46 - [TEST_STEP][PASSED] - adjusted_merchandize_total_tax = "adjusted_merchandize_total_tax": null

11-06-2024T18:10:46 - [TEST_STEP][PASSED] - basket_id = "basket_id": null

11-06-2024T18:10:46 - [TEST_STEP][PASSED] - billing_address = "billing_address": null

11-06-2024T18:10:46 - [TEST_STEP][PASSED] - billing_address_type = "billing_address._type": null

11-06-2024T18:10:46 - [TEST_STEP][PASSED] - billing_address_address1 = "billing_address.address1": null

11-06-2024T18:10:46 - [TEST_STEP][PASSED] - billing_address_city = "billing_address.city": null

11-06-2024T18:10:46 - [TEST_STEP][PASSED] - billing_address_company_name = "billing_address.company_name": null

11-06-2024T18:10:46 - [TEST_STEP][PASSED] - billing_address_country_code = "billing_address.country_code": null

11-06-2024T18:10:46 - [TEST_STEP][PASSED] - billing_address_first_name = "billing_address.first_name": null

11-06-2024T18:10:46 - [TEST_STEP][PASSED] - billing_address_full_name = "billing_address.full_name": null

11-06-2024T18:10:46 - [TEST_STEP][PASSED] - billing_address_id = "billing_address.id": null

11-06-2024T18:10:46 - [TEST_STEP][PASSED] - billing_address_last_name = "billing_address.last_name": null

11-06-2024T18:10:46 - [TEST_STEP][PASSED] - billing_address_phone = "billing_address.phone": null

11-06-2024T18:10:46 - [TEST_STEP][PASSED] - billing_address_postal_code = "billing_address.postal_code": null

11-06-2024T18:10:46 - [TEST_STEP][PASSED] - billing_address_second_name = "billing_address.second_name": null

11-06-2024T18:10:46 - [TEST_STEP][PASSED] - billing_address_c_alias = "billing_address.c_alias": null

11-06-2024T18:10:46 - [TEST_STEP][PASSED] - billing_address_c_delegation = "billing_address.c_delegation": null

11-06-2024T18:10:46 - [TEST_STEP][PASSED] - billing_address_c_label = "billing_address.c_label": null

11-06-2024T18:10:46 - [TEST_STEP][PASSED] - billing_address_c_latitude = "billing_address.c_latitude": null

11-06-2024T18:10:46 - [TEST_STEP][PASSED] - billing_address_c_longitude = "billing_address.c_longitude": null

11-06-2024T18:10:46 - [TEST_STEP][PASSED] - billing_address_c_nInt = "billing_address.c_nInt": null

11-06-2024T18:10:46 - [TEST_STEP][PASSED] - billing_address_c_nExt = "billing_address.c_nExt": null

11-06-2024T18:10:46 - [TEST_STEP][PASSED] - billing_address_c_neighborhood = "billing_address.c_neighborhood": null

11-06-2024T18:10:46 - [TEST_STEP][PASSED] - billing_address_c_references = "billing_address.c_references": null

11-06-2024T18:10:46 - [TEST_STEP][PASSED] - billing_address_c_rfc = "billing_address.c_rfc": null

11-06-2024T18:10:46 - [TEST_STEP][PASSED] - billing_address_c_state = "billing_address.c_state": null

11-06-2024T18:10:46 - [TEST_STEP][PASSED] - billing_address_c_streetNumber = "billing_address.c_streetNumber": null

11-06-2024T18:10:46 - [TEST_STEP][PASSED] - billing_address_c_streetName = "billing_address.c_streetName": null

11-06-2024T18:10:46 - [TEST_STEP][PASSED] - channel_type = "channel_type": null

11-06-2024T18:10:46 - [TEST_STEP][PASSED] - creation_date = "creation_date": null

11-06-2024T18:10:46 - [TEST_STEP][PASSED] - currency = "currency": null

11-06-2024T18:10:46 - [TEST_STEP][PASSED] - customer_info = "customer_info": null

11-06-2024T18:10:46 - [TEST_STEP][PASSED] - customer_info_type = "customer_info._type": null

11-06-2024T18:10:46 - [TEST_STEP][PASSED] - customer_info_customer_id = "customer_info.customer_id": null

11-06-2024T18:10:46 - [TEST_STEP][PASSED] - customer_info_customer_no = "customer_info.customer_no": null

11-06-2024T18:10:46 - [TEST_STEP][PASSED] - customer_info_email = "customer_info.email": null

11-06-2024T18:10:46 - [TEST_STEP][PASSED] - merchandize_total_tax = "merchandize_total_tax": null

11-06-2024T18:10:46 - [TEST_STEP][PASSED] - last_modified = "last_modified": null

11-06-2024T18:10:46 - [TEST_STEP][PASSED] - notes = "notes": null

11-06-2024T18:10:46 - [TEST_STEP][PASSED] - notes_link = "notes.link": null

11-06-2024T18:10:46 - [TEST_STEP][PASSED] - notes_type = "notes._type": null

11-06-2024T18:10:46 - [TEST_STEP][PASSED] - order_total = "order_total": null

11-06-2024T18:10:46 - [TEST_STEP][PASSED] - payment_instruments = "payment_instruments": null

11-06-2024T18:10:46 - [TEST_STEP][PASSED] - payment_instruments_type = "payment_instruments[0]._type": null

11-06-2024T18:10:46 - [TEST_STEP][PASSED] - payment_instruments_amount = "payment_instruments[0].amount": null

11-06-2024T18:10:46 - [TEST_STEP][PASSED] - payment_instruments_payment_card = "payment_instruments[0].payment_card": null

11-06-2024T18:10:46 - [TEST_STEP][PASSED] - payment_instruments_payment_card_type = "payment_instruments[0].payment_card._type": null

11-06-2024T18:10:46 - [TEST_STEP][PASSED] - payment_instruments_payment_card_card_type = "payment_instruments[0].payment_card.card_type": null

11-06-2024T18:10:46 - [TEST_STEP][PASSED] - payment_instruments_payment_card_credit_card_expired = "payment_instruments[0].payment_card.credit_card_expired": null

11-06-2024T18:10:46 - [TEST_STEP][PASSED] - payment_instruments_payment_card_expiration_month = "payment_instruments[0].payment_card.expiration_month": null

11-06-2024T18:10:46 - [TEST_STEP][PASSED] - payment_instruments_payment_card_expiration_year = "payment_instruments[0].payment_card.expiration_year": null

11-06-2024T18:10:46 - [TEST_STEP][PASSED] - payment_instruments_payment_instrument_id = "payment_instruments[0].payment_instrument_id": null

11-06-2024T18:10:46 - [TEST_STEP][PASSED] - payment_instruments_payment_method_id = "payment_instruments[0].payment_method_id": null

11-06-2024T18:10:46 - [TEST_STEP][PASSED] - product_items = "product_items": null

11-06-2024T18:10:46 - [TEST_STEP][PASSED] - product_items_type = "product_items[0]._type": null

11-06-2024T18:10:46 - [TEST_STEP][PASSED] - product_items_adjusted_tax = "product_items[0].adjusted_tax": null

11-06-2024T18:10:46 - [TEST_STEP][PASSED] - product_items_base_price = "product_items[0].base_price": null

11-06-2024T18:10:46 - [TEST_STEP][PASSED] - product_items_bonus_product_line_item = "product_items[0].bonus_product_line_item": null

11-06-2024T18:10:46 - [TEST_STEP][PASSED] - product_items_bonus_product_line_item = "product_items[0].bonus_product_line_item": null

11-06-2024T18:10:46 - [TEST_STEP][PASSED] - product_items_gift = "product_items[0].gift": null

11-06-2024T18:10:46 - [TEST_STEP][PASSED] - product_items_inventory_id = "product_items[0].inventory_id": null

11-06-2024T18:10:46 - [TEST_STEP][PASSED] - product_items_item_id = "product_items[0].item_id": null

11-06-2024T18:10:46 - [TEST_STEP][PASSED] - product_items_item_text = "product_items[0].item_text": null

11-06-2024T18:10:46 - [TEST_STEP][PASSED] - product_items_item_text = "product_items[0].item_text": null

11-06-2024T18:10:46 - [TEST_STEP][PASSED] - product_items_price = "product_items[0].price": null

11-06-2024T18:10:46 - [TEST_STEP][PASSED] - product_items_price_after_item_discount = "product_items[0].price_after_item_discount": null

11-06-2024T18:10:46 - [TEST_STEP][PASSED] - product_items_price_after_order_discount = "product_items[0].price_after_order_discount": null

11-06-2024T18:10:46 - [TEST_STEP][PASSED] - product_items_product_id = "product_items[0].product_id": null

11-06-2024T18:10:46 - [TEST_STEP][PASSED] - product_items_product_name = "product_items[0].product_name": null

11-06-2024T18:10:46 - [TEST_STEP][PASSED] - product_items_quantity = "product_items[0].quantity": null

11-06-2024T18:10:46 - [TEST_STEP][PASSED] - product_items_shipment_id = "product_items[0].shipment_id": null

11-06-2024T18:10:46 - [TEST_STEP][PASSED] - product_items_tax = "product_items[0].tax": null

11-06-2024T18:10:46 - [TEST_STEP][PASSED] - product_items_tax_basis = "product_items[0].tax_basis": null

11-06-2024T18:10:46 - [TEST_STEP][PASSED] - product_items_tax_class_id = "product_items[0].tax_class_id": null

11-06-2024T18:10:46 - [TEST_STEP][PASSED] - product_items_tax_rate = "product_items[0].tax_rate": null

11-06-2024T18:10:46 - [TEST_STEP][PASSED] - product_items_c_fromStoreId = "product_items[0].c_fromStoreId": null

11-06-2024T18:10:46 - [TEST_STEP][PASSED] - product_items_c_isOnDemandStoreItem = "product_items[0].c_isOnDemandStoreItem": null

11-06-2024T18:10:46 - [TEST_STEP][PASSED] - product_items_c_miraklChannels = "product_items[0].c_miraklChannels": null

11-06-2024T18:10:46 - [TEST_STEP][PASSED] - product_items_c_miraklEarliestDeliveryDays = "product_items[0].c_miraklEarliestDeliveryDays": null

11-06-2024T18:10:46 - [TEST_STEP][PASSED] - product_items_c_miraklLatestDeliveryDays = "product_items[0].c_miraklLatestDeliveryDays": null

11-06-2024T18:10:46 - [TEST_STEP][PASSED] - product_items_c_miraklLeadTimeToShip = "product_items[0].c_miraklLeadTimeToShip": null

11-06-2024T18:10:46 - [TEST_STEP][PASSED] - product_items_c_miraklLineShippingPrice = "product_items[0].c_miraklLineShippingPrice": null

11-06-2024T18:10:46 - [TEST_STEP][PASSED] - product_items_c_miraklOperatorProductId = "product_items[0].c_miraklOperatorProductId": null

11-06-2024T18:10:46 - [TEST_STEP][PASSED] - product_items_c_miraklShippingTaxes = "product_items[0].c_miraklShippingTaxes": null

11-06-2024T18:10:46 - [TEST_STEP][PASSED] - product_items_c_miraklTaxes = "product_items[0].c_miraklTaxes": null

11-06-2024T18:10:46 - [TEST_STEP][PASSED] - product_items_c_offerId = "product_items[0].c_offerId": null

11-06-2024T18:10:46 - [TEST_STEP][PASSED] - product_items_c_offerListPrice = "product_items[0].c_offerListPrice": null

11-06-2024T18:10:46 - [TEST_STEP][PASSED] - product_items_c_offerSalesPrice = "product_items[0].c_offerSalesPrice": null

11-06-2024T18:10:46 - [TEST_STEP][PASSED] - product_items_c_offerState = "product_items[0].c_offerState": null

11-06-2024T18:10:46 - [TEST_STEP][PASSED] - product_items_c_productImage = "product_items[0].c_productImage": null

11-06-2024T18:10:46 - [TEST_STEP][PASSED] - product_items_c_productImage_url = "product_items[0].c_productImage[0].url": null

11-06-2024T18:10:46 - [TEST_STEP][PASSED] - product_items_c_productImage_title = "product_items[0].c_productImage[0].title": null

11-06-2024T18:10:46 - [TEST_STEP][PASSED] - product_items_c_shopId = "product_items[0].c_shopId": null

11-06-2024T18:10:46 - [TEST_STEP][PASSED] - product_items_c_shopName = "product_items[0].c_shopName": null

11-06-2024T18:10:46 - [TEST_STEP][PASSED] - product_items_c_availableQty = "product_items[0].c_availableQty": null

11-06-2024T18:10:46 - [TEST_STEP][PASSED] - product_sub_total = "product_sub_total": null

11-06-2024T18:10:46 - [TEST_STEP][PASSED] - product_total = "product_total": null

11-06-2024T18:10:46 - [TEST_STEP][PASSED] - shipments = "shipments": null

11-06-2024T18:10:46 - [TEST_STEP][PASSED] - shipments_type = "shipments[0]._type": null

11-06-2024T18:10:46 - [TEST_STEP][PASSED] - shipments_adjusted_shipping_total_tax = "shipments[0].adjusted_shipping_total_tax": null

11-06-2024T18:10:46 - [TEST_STEP][PASSED] - shipments_adjusted_merchandize_total_tax = "shipments[0].adjusted_merchandize_total_tax": null

11-06-2024T18:10:46 - [TEST_STEP][PASSED] - shipments_gift = "shipments[0].gift": null

11-06-2024T18:10:46 - [TEST_STEP][PASSED] - shipments_merchandize_total_tax = "shipments[0].merchandize_total_tax": null

11-06-2024T18:10:46 - [TEST_STEP][PASSED] - shipments_product_sub_total = "shipments[0].product_sub_total": null

11-06-2024T18:10:46 - [TEST_STEP][PASSED] - shipments_product_total = "shipments[0].product_total": null

11-06-2024T18:10:46 - [TEST_STEP][PASSED] - shipments_shipment_id = "shipments[0].shipment_id": null

11-06-2024T18:10:46 - [TEST_STEP][PASSED] - shipments_shipping_address = "shipments[0].shipping_address": null

11-06-2024T18:10:46 - [TEST_STEP][PASSED] - shipments_shipment_total = "shipments[0].shipment_total": null

11-06-2024T18:10:46 - [TEST_STEP][PASSED] - shipments_shipping_address_type = "shipments[0].shipping_address._type": null

11-06-2024T18:10:46 - [TEST_STEP][PASSED] - shipments_shipping_address_address1 = "shipments[0].shipping_address.address1": null

11-06-2024T18:10:46 - [TEST_STEP][PASSED] - shipments_shipping_address_city = "shipments[0].shipping_address.city": null

11-06-2024T18:10:46 - [TEST_STEP][PASSED] - shipments_shipping_address_company_name = "shipments[0].shipping_address.company_name": null

11-06-2024T18:10:46 - [TEST_STEP][PASSED] - shipments_shipping_address_country_code = "shipments[0].shipping_address.country_code": null

11-06-2024T18:10:46 - [TEST_STEP][PASSED] - shipments_shipping_address_first_name = "shipments[0].shipping_address.first_name": null

11-06-2024T18:10:46 - [TEST_STEP][PASSED] - shipments_shipping_address_full_name = "shipments[0].shipping_address.full_name": null

11-06-2024T18:10:46 - [TEST_STEP][PASSED] - shipments_shipping_address_id = "shipments[0].shipping_address.id": null

11-06-2024T18:10:46 - [TEST_STEP][PASSED] - shipments_shipping_address_last_name = "shipments[0].shipping_address.last_name": null

11-06-2024T18:10:46 - [TEST_STEP][PASSED] - shipments_shipping_address_phone = "shipments[0].shipping_address.phone": null

11-06-2024T18:10:46 - [TEST_STEP][PASSED] - shipments_shipping_address_postal_code = "shipments[0].shipping_address.postal_code": null

11-06-2024T18:10:46 - [TEST_STEP][PASSED] - shipments_shipping_address_second_name = "shipments[0].shipping_address.second_name": null

11-06-2024T18:10:46 - [TEST_STEP][PASSED] - shipments_shipping_address_c_alias = "shipments[0].shipping_address.c_alias": null

11-06-2024T18:10:46 - [TEST_STEP][PASSED] - shipments_shipping_address_c_delegation = "shipments[0].shipping_address.c_delegation": null

11-06-2024T18:10:46 - [TEST_STEP][PASSED] - shipments_shipping_address_c_isBilling = "shipments[0].shipping_address.c_isBilling": null

11-06-2024T18:10:46 - [TEST_STEP][PASSED] - shipments_shipping_address_c_isContact = "shipments[0].shipping_address.c_isContact": null

11-06-2024T18:10:46 - [TEST_STEP][PASSED] - shipments_shipping_address_c_isShipping = "shipments[0].shipping_address.c_isShipping": null

11-06-2024T18:10:46 - [TEST_STEP][PASSED] - shipments_shipping_address_c_label = "shipments[0].shipping_address.c_label": null

11-06-2024T18:10:46 - [TEST_STEP][PASSED] - shipments_shipping_address_c_latitude = "shipments[0].shipping_address.c_latitude": null

11-06-2024T18:10:46 - [TEST_STEP][PASSED] - shipments_shipping_address_c_longitude = "shipments[0].shipping_address.c_longitude": null

11-06-2024T18:10:46 - [TEST_STEP][PASSED] - shipments_shipping_address_c_nExt = "shipments[0].shipping_address.c_nExt": null

11-06-2024T18:10:46 - [TEST_STEP][PASSED] - shipments_shipping_address_c_nInt = "shipments[0].shipping_address.c_nInt": null

11-06-2024T18:10:46 - [TEST_STEP][PASSED] - shipments_shipping_address_c_neighborhood = "shipments[0].shipping_address.c_neighborhood": null

11-06-2024T18:10:46 - [TEST_STEP][PASSED] - shipments_shipping_address_c_references = "shipments[0].shipping_address.c_references": null

11-06-2024T18:10:46 - [TEST_STEP][PASSED] - shipments_shipping_address_c_rfc = "shipments[0].shipping_address.c_rfc": null

11-06-2024T18:10:46 - [TEST_STEP][PASSED] - shipments_shipping_address_c_state = "shipments[0].shipping_address.c_state": null

11-06-2024T18:10:46 - [TEST_STEP][PASSED] - shipments_shipping_address_c_streetName = "shipments[0].shipping_address.c_streetName": null

11-06-2024T18:10:46 - [TEST_STEP][PASSED] - shipments_shipping_address_c_streetNumber = "shipments[0].shipping_address.c_streetNumber": null

11-06-2024T18:10:46 - [TEST_STEP][PASSED] - shipments_shipping_method = "shipments[0].shipping_method": null

11-06-2024T18:10:46 - [TEST_STEP][PASSED] - shipments_shipping_method_type = "shipments[0].shipping_method._type": null

11-06-2024T18:10:46 - [TEST_STEP][PASSED] - shipments_shipping_method_description = "shipments[0].shipping_method.description": null

11-06-2024T18:10:46 - [TEST_STEP][PASSED] - shipments_shipping_method_id = "shipments[0].shipping_method.id": null

11-06-2024T18:10:46 - [TEST_STEP][PASSED] - shipments_shipping_method_name = "shipments[0].shipping_method.name": null

11-06-2024T18:10:46 - [TEST_STEP][PASSED] - shipments_shipping_method_shipping_promotions = "shipments[0].shipping_method.shipping_promotions": null

11-06-2024T18:10:46 - [TEST_STEP][PASSED] - shipments_shipping_method_shipping_promotions_type = "shipments[0].shipping_method.shipping_promotions[0]._type": null

11-06-2024T18:10:46 - [TEST_STEP][PASSED] - shipments_shipping_method_shipping_promotions_link = "shipments[0].shipping_method.shipping_promotions[0].link": null

11-06-2024T18:10:46 - [TEST_STEP][PASSED] - shipments_shipping_method_shipping_promotions_promotion_id = "shipments[0].shipping_method.shipping_promotions[0].promotion_id": null

11-06-2024T18:10:46 - [TEST_STEP][PASSED] - shipments_shipping_method_shipping_promotions_promotion_name = "shipments[0].shipping_method.shipping_promotions[0].promotion_name": null

11-06-2024T18:10:46 - [TEST_STEP][PASSED] - shipments_shipping_method_shipping_promotions_type = "shipments[0].shipping_method.shipping_promotions[1]._type": null

11-06-2024T18:10:46 - [TEST_STEP][PASSED] - shipments_shipping_method_shipping_promotions_callout_msg = "shipments[0].shipping_method.shipping_promotions[1].callout_msg": null

11-06-2024T18:10:46 - [TEST_STEP][PASSED] - shipments_shipping_method_shipping_promotions_link = "shipments[0].shipping_method.shipping_promotions[1].link": null

11-06-2024T18:10:46 - [TEST_STEP][PASSED] - shipments_shipping_method_shipping_promotions_promotion_id = "shipments[0].shipping_method.shipping_promotions[1].promotion_id": null

11-06-2024T18:10:46 - [TEST_STEP][PASSED] - shipments_shipping_method_shipping_promotions_promotion_name = "shipments[0].shipping_method.shipping_promotions[1].promotion_name": null

11-06-2024T18:10:46 - [TEST_STEP][PASSED] - shipments_shipping_method_shipping_promotions_type = "shipments[0].shipping_method.shipping_promotions[2]._type": null

11-06-2024T18:10:46 - [TEST_STEP][PASSED] - shipments_shipping_method_shipping_promotions_callout_msg = "shipments[0].shipping_method.shipping_promotions[2].callout_msg": null

11-06-2024T18:10:46 - [TEST_STEP][PASSED] - shipments_shipping_method_shipping_promotions_link = "shipments[0].shipping_method.shipping_promotions[2].link": null

11-06-2024T18:10:46 - [TEST_STEP][PASSED] - shipments_shipping_method_c_onlinePickupEnabled = "shipments[0].shipping_method.c_onlinePickupEnabled": null

11-06-2024T18:10:46 - [TEST_STEP][PASSED] - shipments_shipping_method_c_storePickupEnabled = "shipments[0].shipping_method.c_storePickupEnabled": null

11-06-2024T18:10:46 - [TEST_STEP][PASSED] - shipments_shipping_status = "shipments[0].shipping_status": null

11-06-2024T18:10:46 - [TEST_STEP][PASSED] - shipments_shipping_total = "shipments[0].shipping_total": null

11-06-2024T18:10:46 - [TEST_STEP][PASSED] - shipments_c_packageSize = "shipments[0].c_packageSize": null

11-06-2024T18:10:46 - [TEST_STEP][PASSED] - shipments_c_serviceCharge = "shipments[0].c_serviceCharge": null

11-06-2024T18:10:46 - [TEST_STEP][PASSED] - shipments_c_shippingRates = "shipments[0].c_shippingRates": null

11-06-2024T18:10:46 - [TEST_STEP][PASSED] - shipments_c_totalShippingCost = "shipments[0].c_totalShippingCost": null

11-06-2024T18:10:46 - [TEST_STEP][PASSED] - shipping_items = "shipping_items": null

11-06-2024T18:10:46 - [TEST_STEP][PASSED] - shipping_items_type = "shipping_items[0]._type": null

11-06-2024T18:10:46 - [TEST_STEP][PASSED] - shipping_items_item_id = "shipping_items[0].item_id": null

11-06-2024T18:10:46 - [TEST_STEP][PASSED] - shipping_items_price = "shipping_items[0].price": null

11-06-2024T18:10:46 - [TEST_STEP][PASSED] - shipping_items_item_text = "shipping_items[0].item_text": null

11-06-2024T18:10:46 - [TEST_STEP][PASSED] - shipping_items_price_after_item_discount = "shipping_items[0].price_after_item_discount": null

11-06-2024T18:10:46 - [TEST_STEP][PASSED] - shipping_items_shipment_id = "shipping_items[0].shipment_id": null

11-06-2024T18:10:46 - [TEST_STEP][PASSED] - shipping_items_tax = "shipping_items[0].tax": null

11-06-2024T18:10:46 - [TEST_STEP][PASSED] - shipping_items_tax_basis = "shipping_items[0].tax_basis": null

11-06-2024T18:10:46 - [TEST_STEP][PASSED] - shipping_items_tax_class_id = "shipping_items[0].tax_class_id": null

11-06-2024T18:10:46 - [TEST_STEP][PASSED] - shipping_items_tax_rate = "shipping_items[0].tax_rate": null

11-06-2024T18:10:46 - [TEST_STEP][PASSED] - shipping_total = "shipping_total": null

11-06-2024T18:10:46 - [TEST_STEP][PASSED] - shipping_total_tax = "shipping_total_tax": null

11-06-2024T18:10:46 - [TEST_STEP][PASSED] - taxation = "taxation": null

11-06-2024T18:10:46 - [TEST_STEP][PASSED] - tax_total = "tax_total": null

11-06-2024T18:10:46 - [TEST_STEP][PASSED] - c_corporateImgUrl = "c_corporateImgUrl": null

11-06-2024T18:10:46 - [TEST_STEP][PASSED] - c_currentCorporate = "c_currentCorporate": null

11-06-2024T18:10:46 - [TEST_STEP][PASSED] - c_isLock = "c_isLock": null

11-06-2024T18:10:46 - [TEST_STEP][PASSED] - c_isMiraklOrder = "c_isMiraklOrder": null

11-06-2024T18:10:46 - [TEST_STEP][PASSED] - c_lockTime = "c_lockTime": null

11-06-2024T18:10:46 - [TEST_STEP][PASSED] - c_miraklSH02Response = "c_miraklSH02Response": null

11-06-2024T18:10:46 - [TEST_STEP][PASSED] - c_miraklShippingZoneCode = "c_miraklShippingZoneCode": null

11-06-2024T18:10:46 - [TEST_STEP][PASSED] - c_multiStoreEDD = "c_multiStoreEDD": null

11-06-2024T18:10:46 - [TEST_STEP][PASSED] - c_seller_id = "c_seller_id": null

11-06-2024T18:10:46 - [TEST_STEP][PASSED] - c_serviceChargeTotalGrossPrice = "c_serviceChargeTotalGrossPrice": null

11-06-2024T18:10:46 - [TEST_STEP][PASSED] - c_storeDeliveryType = "c_storeDeliveryType": null

11-06-2024T18:10:46 - [TEST_STEP][PASSED] - c_shipmentPaymentStatuses = "c_shipmentPaymentStatuses": null

11-06-2024T18:10:46 - [TEST_STEP][PASSED] - c_shipmentPaymentStatuses_shipmentID = "c_shipmentPaymentStatuses[0].shipmentID": null

11-06-2024T18:10:46 - [TEST_STEP][PASSED] - c_shipmentPaymentStatuses_paymentStatus = "c_shipmentPaymentStatuses[0].paymentStatus": null

11-06-2024T18:10:46 - [TEST_STEP][PASSED] - c_SellerList = "c_SellerList": null

11-06-2024T18:10:46 - [TEST_STEP][PASSED] - c_SellerList_name = "c_SellerList[0].name": null

11-06-2024T18:10:46 - [TEST_STEP][PASSED] - c_SellerList_corporateColorCode = "c_SellerList[0].corporateColorCode": null

11-06-2024T18:10:46 - [TEST_STEP][PASSED] - c_SellerList_cartItems = "c_SellerList[0].cartItems": null

11-06-2024T18:10:46 - [TEST_STEP][PASSED] - c_SellerList_cartItems_productID = "c_SellerList[0].cartItems[0].productID": null

11-06-2024T18:10:46 - [TEST_STEP][PASSED] - c_SellerList_cartItems_sellerId = "c_SellerList[0].cartItems[0].sellerId": null

11-06-2024T18:10:46 - [TEST_STEP][PASSED] - c_SellerList_cartItems_isOnDemandStoreItem = "c_SellerList[0].cartItems[0].isOnDemandStoreItem": null

11-06-2024T18:10:46 - [TEST_STEP][PASSED] - c_SellerList_cartItems_productImage = "c_SellerList[0].cartItems[0].productImage": null

11-06-2024T18:10:46 - [TEST_STEP][PASSED] - c_SellerList_cartItems_productImage_title = "c_SellerList[0].cartItems[0].productImage[0].title": null

11-06-2024T18:10:46 - [TEST_STEP][PASSED] - c_SellerList_cartItems_productImage_alt = "c_SellerList[0].cartItems[0].productImage[0].alt": null

11-06-2024T18:10:46 - [TEST_STEP][PASSED] - c_SellerList_cartItems_name = "c_SellerList[0].cartItems[0].name": null

11-06-2024T18:10:46 - [TEST_STEP][PASSED] - c_preferredAddress = "c_preferredAddress": null

11-06-2024T18:10:46 - [TEST_STEP][PASSED] - c_corporateColorCode = "c_corporateColorCode": null

11-06-2024T18:10:46 - [TEST_STEP][PASSED] - c_OnDemandStoreOpenHours = "c_OnDemandStoreOpenHours": null

11-06-2024T18:10:46 - [TEST_STEP][PASSED] - c_savingsTotal = "c_savingsTotal": null

11-06-2024T18:10:46 - [TEST_STEP][PASSED] - c_formatedSavingsTotal = "c_formatedSavingsTotal": null

11-06-2024T18:10:46 - [TEST_STEP][PASSED] - c_formatedOrderTotal = "c_formatedOrderTotal": null

11-06-2024T18:10:46 - [TEST_STEP][PASSED] - c_formatedProductTotal = "c_formatedProductTotal": null]]></system-out>
         <system-err><![CDATA[]]></system-err>
      </testcase>
      <testcase name="Test Cases/TotalPlay-Shop/TC_31_OrderHistory" time="8.34" classname="Test Cases/TotalPlay-Shop/TC_31_OrderHistory" status="PASSED">
         <system-out><![CDATA[11-06-2024T18:10:46 - [TEST_CASE][PASSED] - Test Cases/TotalPlay-Shop/TC_31_OrderHistory: Test Cases/TotalPlay-Shop/TC_31_OrderHistory

11-06-2024T18:10:47 - [TEST_STEP][PASSED] - callTestCase(findTestCase("TotalPlay-Shop/TC_1_InterfaceLogin"), [:], STOP_ON_FAILURE): Call Test Case 'Test Cases/TotalPlay-Shop/TC_1_InterfaceLogin' successfully

11-06-2024T18:10:47 - [MESSAGE][INFO] - Checking called Test Case

11-06-2024T18:10:47 - [MESSAGE][INFO] - Starting to call Test Case 'Test Cases/TotalPlay-Shop/TC_1_InterfaceLogin'

11-06-2024T18:10:47 - [TEST_CASE][PASSED] - Test Cases/TotalPlay-Shop/TC_1_InterfaceLogin: Test Cases/TotalPlay-Shop/TC_1_InterfaceLogin

11-06-2024T18:10:47 - [TEST_STEP][PASSED] - LoginResponse = sendRequest(findTestObject("TotalPlay-Shop/Interface Login (SLAS)", ["URL":URL, "SITEID":SITEID])): Send request successfully

11-06-2024T18:10:47 - [MESSAGE][INFO] - Finding Test Object 'Object Repository/TotalPlay-Shop/Interface Login (SLAS)'

11-06-2024T18:10:47 - [MESSAGE][INFO] - Checking request object

11-06-2024T18:10:50 - [MESSAGE][INFO] - HAR: D:\Automation\KogniveraGithub\TotalPlay_Automation\totalplay-API\totalplay-automation\Reports\20240611_180136\Shop-Services\20240611_180137\requests\main\81.har

11-06-2024T18:10:50 - [MESSAGE][PASSED] - Send request successfully

11-06-2024T18:10:50 - [TEST_STEP][PASSED] - assert getResponseStatusCode(LoginResponse) == 200: Checking response object

11-06-2024T18:10:50 - [MESSAGE][INFO] - Checking response object

11-06-2024T18:10:50 - [TEST_STEP][PASSED] - Auth = "ocapiResponse.access_token": null

11-06-2024T18:10:50 - [TEST_STEP][PASSED] - sfccAuthorization = getElementPropertyValue(LoginResponse, Auth): Checking response object

11-06-2024T18:10:50 - [MESSAGE][INFO] - Checking response object

11-06-2024T18:10:50 - [TEST_STEP][PASSED] - logInfo(sfccAuthorization): eyJ2ZXIiOiIxLjAiLCJqa3UiOiJzbGFzL3Byb2QvYmpjbF9kZXYiLCJraWQiOiIzOWM0NGRmMy01OGI5LTQ3YWEtODNhMC05NWMwOTBiZGNkMzciLCJ0eXAiOiJqd3QiLCJjbHYiOiJKMi4zLjQiLCJhbGciOiJFUzI1NiJ9.eyJhdXQiOiJHVUlEIiwic2NwIjoic2ZjYy5zaG9wcGVyLW15YWNjb3VudC5iYXNrZXRzIHNmY2Muc2hvcHBlci1kaXNjb3Zlcnktc2VhcmNoIHNmY2Muc2hvcHBlci1teWFjY291bnQuYWRkcmVzc2VzIHNmY2Muc2hvcHBlci1wcm9kdWN0cyBzZmNjLnNob3BwZXItbXlhY2NvdW50LnJ3IHNmY2Muc2hvcHBlci1teWFjY291bnQucGF5bWVudGluc3RydW1lbnRzIHNmY2Muc2hvcHBlci1jdXN0b21lcnMubG9naW4gc2ZjYy5zaG9wcGVyLXN0b3JlcyBzZmNjLnNob3BwZXItbXlhY2NvdW50Lm9yZGVycyBzZmNjLnNob3BwZXItYmFza2V0cy1vcmRlcnMgc2ZjYy5zaG9wcGVyLWN1c3RvbWVycy5yZWdpc3RlciBzZmNjLnNob3BwZXItbXlhY2NvdW50LmFkZHJlc3Nlcy5ydyBzZmNjLnNob3BwZXItbXlhY2NvdW50LnByb2R1Y3RsaXN0cy5ydyBzZmNjLnNob3BwZXItcHJvZHVjdGxpc3RzIHNmY2Muc2hvcHBlci1wcm9tb3Rpb25zIHNmY2Muc2hvcHBlci1iYXNrZXRzLW9yZGVycy5ydyBzZmNjLnNob3BwZXItZ2lmdC1jZXJ0aWZpY2F0ZXMgc2ZjYy5zaG9wcGVyLW15YWNjb3VudC5wYXltZW50aW5zdHJ1bWVudHMucncgc2ZjYy5zaG9wcGVyLXByb2R1Y3Qtc2VhcmNoIHNmY2Muc2hvcHBlci1teWFjY291bnQucHJvZHVjdGxpc3RzIHNmY2Muc2hvcHBlci1jYXRlZ29yaWVzIHNmY2Muc2hvcHBlci1teWFjY291bnQiLCJzdWIiOiJjYy1zbGFzOjpiamNsX2Rldjo6c2NpZDo1ZDI1ZjVmYS01YTRmLTQ2YjUtYTIxMS04NzU1NDJjODVhYzE6OnVzaWQ6ZTIwZTBhN2QtNjFiNS00NDgzLWI2ZGQtYWZhN2JmZmQyNjg5IiwiY3R4Ijoic2xhcyIsImlzcyI6InNsYXMvcHJvZC9iamNsX2RldiIsImlzdCI6MSwiZG50IjoiMCIsImF1ZCI6ImNvbW1lcmNlY2xvdWQvcHJvZC9iamNsX2RldiIsIm5iZiI6MTcxODEwOTYyMCwic3R5IjoiVXNlciIsImlzYiI6InVpZG86ZWNvbTo6dXBuOnFhLnRvdGFscGxheSswMTAwOTg3MTA1QGdtYWlsLmNvbTo6dWlkbjpSaWNhcmRvICBDb3JvbmEgQ3J1ejo6Z2NpZDphY3hyZ1V4cmFGbDBvUmxIZEdscVlZbGJFWDo6cmNpZDphY25SYldxdWpIQ3BnOW9xNlYyaGt1VGFTVzo6Y2hpZDpUUC1TSE9QIiwiZXhwIjoxNzE4MTExNDUwLCJpYXQiOjE3MTgxMDk2NTAsImp0aSI6IkMyQy0xMzExNTYzNTcwMTc4NzUxMTg1MDEwMjM1MDk0MDExMjYyODcifQ.0nizQOX-dukS8gvAXJI7OJAMZIVJuezi8DtAmVfDVNAE_l5eiNpD0BrfMWiiNvrh84pnb-PCj95BauVj5-Mt_Q

11-06-2024T18:10:50 - [MESSAGE][INFO] - eyJ2ZXIiOiIxLjAiLCJqa3UiOiJzbGFzL3Byb2QvYmpjbF9kZXYiLCJraWQiOiIzOWM0NGRmMy01OGI5LTQ3YWEtODNhMC05NWMwOTBiZGNkMzciLCJ0eXAiOiJqd3QiLCJjbHYiOiJKMi4zLjQiLCJhbGciOiJFUzI1NiJ9.eyJhdXQiOiJHVUlEIiwic2NwIjoic2ZjYy5zaG9wcGVyLW15YWNjb3VudC5iYXNrZXRzIHNmY2Muc2hvcHBlci1kaXNjb3Zlcnktc2VhcmNoIHNmY2Muc2hvcHBlci1teWFjY291bnQuYWRkcmVzc2VzIHNmY2Muc2hvcHBlci1wcm9kdWN0cyBzZmNjLnNob3BwZXItbXlhY2NvdW50LnJ3IHNmY2Muc2hvcHBlci1teWFjY291bnQucGF5bWVudGluc3RydW1lbnRzIHNmY2Muc2hvcHBlci1jdXN0b21lcnMubG9naW4gc2ZjYy5zaG9wcGVyLXN0b3JlcyBzZmNjLnNob3BwZXItbXlhY2NvdW50Lm9yZGVycyBzZmNjLnNob3BwZXItYmFza2V0cy1vcmRlcnMgc2ZjYy5zaG9wcGVyLWN1c3RvbWVycy5yZWdpc3RlciBzZmNjLnNob3BwZXItbXlhY2NvdW50LmFkZHJlc3Nlcy5ydyBzZmNjLnNob3BwZXItbXlhY2NvdW50LnByb2R1Y3RsaXN0cy5ydyBzZmNjLnNob3BwZXItcHJvZHVjdGxpc3RzIHNmY2Muc2hvcHBlci1wcm9tb3Rpb25zIHNmY2Muc2hvcHBlci1iYXNrZXRzLW9yZGVycy5ydyBzZmNjLnNob3BwZXItZ2lmdC1jZXJ0aWZpY2F0ZXMgc2ZjYy5zaG9wcGVyLW15YWNjb3VudC5wYXltZW50aW5zdHJ1bWVudHMucncgc2ZjYy5zaG9wcGVyLXByb2R1Y3Qtc2VhcmNoIHNmY2Muc2hvcHBlci1teWFjY291bnQucHJvZHVjdGxpc3RzIHNmY2Muc2hvcHBlci1jYXRlZ29yaWVzIHNmY2Muc2hvcHBlci1teWFjY291bnQiLCJzdWIiOiJjYy1zbGFzOjpiamNsX2Rldjo6c2NpZDo1ZDI1ZjVmYS01YTRmLTQ2YjUtYTIxMS04NzU1NDJjODVhYzE6OnVzaWQ6ZTIwZTBhN2QtNjFiNS00NDgzLWI2ZGQtYWZhN2JmZmQyNjg5IiwiY3R4Ijoic2xhcyIsImlzcyI6InNsYXMvcHJvZC9iamNsX2RldiIsImlzdCI6MSwiZG50IjoiMCIsImF1ZCI6ImNvbW1lcmNlY2xvdWQvcHJvZC9iamNsX2RldiIsIm5iZiI6MTcxODEwOTYyMCwic3R5IjoiVXNlciIsImlzYiI6InVpZG86ZWNvbTo6dXBuOnFhLnRvdGFscGxheSswMTAwOTg3MTA1QGdtYWlsLmNvbTo6dWlkbjpSaWNhcmRvICBDb3JvbmEgQ3J1ejo6Z2NpZDphY3hyZ1V4cmFGbDBvUmxIZEdscVlZbGJFWDo6cmNpZDphY25SYldxdWpIQ3BnOW9xNlYyaGt1VGFTVzo6Y2hpZDpUUC1TSE9QIiwiZXhwIjoxNzE4MTExNDUwLCJpYXQiOjE3MTgxMDk2NTAsImp0aSI6IkMyQy0xMzExNTYzNTcwMTc4NzUxMTg1MDEwMjM1MDk0MDExMjYyODcifQ.0nizQOX-dukS8gvAXJI7OJAMZIVJuezi8DtAmVfDVNAE_l5eiNpD0BrfMWiiNvrh84pnb-PCj95BauVj5-Mt_Q

11-06-2024T18:10:50 - [TEST_STEP][PASSED] - Authorization = "Bearer " + sfccAuthorization: null

11-06-2024T18:10:50 - [TEST_STEP][PASSED] - logInfo(bm_auth_token): 

11-06-2024T18:10:50 - [MESSAGE][INFO] - 

11-06-2024T18:10:50 - [TEST_STEP][PASSED] - if (sfccAuthorization.length() == 0): null

11-06-2024T18:10:50 - [TEST_STEP][PASSED] - else: authorization generated

11-06-2024T18:10:50 - [TEST_STEP][PASSED] - markPassed("authorization generated"): authorization generated

11-06-2024T18:10:50 - [MESSAGE][PASSED] - authorization generated

11-06-2024T18:10:50 - [TEST_STEP][PASSED] - BasketId_loginResponse = "ocapiResponse.c_basketId": null

11-06-2024T18:10:50 - [TEST_STEP][PASSED] - CustomerId_loginResponse = "ocapiResponse.customer_id": null

11-06-2024T18:10:50 - [TEST_STEP][PASSED] - basketId = getElementPropertyValue(LoginResponse, BasketId_loginResponse): Checking response object

11-06-2024T18:10:50 - [MESSAGE][INFO] - Checking response object

11-06-2024T18:10:50 - [TEST_STEP][PASSED] - customerId = getElementPropertyValue(LoginResponse, CustomerId_loginResponse): Checking response object

11-06-2024T18:10:50 - [MESSAGE][INFO] - Checking response object

11-06-2024T18:10:50 - [TEST_STEP][PASSED] - basketID = basketId: null

11-06-2024T18:10:50 - [TEST_STEP][PASSED] - sla_customerId = customerId: null

11-06-2024T18:10:50 - [TEST_STEP][PASSED] - println(basketID): null

11-06-2024T18:10:50 - [TEST_STEP][PASSED] - println(sla_customerId): null

11-06-2024T18:10:50 - [TEST_STEP][PASSED] - refresh_token = "ocapiResponse.refresh_token": null

11-06-2024T18:10:50 - [TEST_STEP][PASSED] - customer_email = "ocapiResponse.customer_email": null

11-06-2024T18:10:50 - [TEST_STEP][PASSED] - c_brmId = "ocapiResponse.c_brmId": null

11-06-2024T18:10:50 - [TEST_STEP][PASSED] - customer_name = "ocapiResponse.customer_name": null

11-06-2024T18:10:50 - [TEST_STEP][PASSED] - totalplay.Common.verifyPropertyExist(LoginResponse, refresh_token): totalplay.Common.verifyPropertyExist is PASSED

11-06-2024T18:10:50 - [MESSAGE][INFO] - Checking response object

11-06-2024T18:10:50 - [MESSAGE][PASSED] - totalplay.Common.verifyPropertyExist is PASSED

11-06-2024T18:10:50 - [TEST_STEP][PASSED] - totalplay.Common.verifyPropertyValueExist(LoginResponse, refresh_token): totalplay.Common.verifyPropertyValueExist is PASSED

11-06-2024T18:10:50 - [MESSAGE][INFO] - Checking response object

11-06-2024T18:10:50 - [MESSAGE][INFO] - RxEtT2E5Jrh1qR_hnk0c-S42QmepKQQQiMQZOUe6ETU

11-06-2024T18:10:50 - [MESSAGE][PASSED] - totalplay.Common.verifyPropertyValueExist is PASSED

11-06-2024T18:10:50 - [TEST_STEP][PASSED] - totalplay.Common.verifyPropertyExist(LoginResponse, customer_email): totalplay.Common.verifyPropertyExist is PASSED

11-06-2024T18:10:50 - [MESSAGE][INFO] - Checking response object

11-06-2024T18:10:50 - [MESSAGE][PASSED] - totalplay.Common.verifyPropertyExist is PASSED

11-06-2024T18:10:50 - [TEST_STEP][PASSED] - totalplay.Common.verifyPropertyValueExist(LoginResponse, customer_email): totalplay.Common.verifyPropertyValueExist is PASSED

11-06-2024T18:10:50 - [MESSAGE][INFO] - Checking response object

11-06-2024T18:10:50 - [MESSAGE][INFO] - qa.totalplay@gmail.com

11-06-2024T18:10:50 - [MESSAGE][PASSED] - totalplay.Common.verifyPropertyValueExist is PASSED

11-06-2024T18:10:50 - [TEST_STEP][PASSED] - totalplay.Common.verifyPropertyExist(LoginResponse, customer_name): totalplay.Common.verifyPropertyExist is PASSED

11-06-2024T18:10:50 - [MESSAGE][INFO] - Checking response object

11-06-2024T18:10:50 - [MESSAGE][PASSED] - totalplay.Common.verifyPropertyExist is PASSED

11-06-2024T18:10:50 - [TEST_STEP][PASSED] - totalplay.Common.verifyPropertyValueExist(LoginResponse, customer_name): totalplay.Common.verifyPropertyValueExist is PASSED

11-06-2024T18:10:50 - [MESSAGE][INFO] - Checking response object

11-06-2024T18:10:50 - [MESSAGE][INFO] - Ricardo  Corona Cruz

11-06-2024T18:10:50 - [MESSAGE][PASSED] - totalplay.Common.verifyPropertyValueExist is PASSED

11-06-2024T18:10:50 - [TEST_STEP][PASSED] - totalplay.Common.verifyPropertyExist(LoginResponse, c_brmId): totalplay.Common.verifyPropertyExist is PASSED

11-06-2024T18:10:50 - [MESSAGE][INFO] - Checking response object

11-06-2024T18:10:50 - [MESSAGE][PASSED] - totalplay.Common.verifyPropertyExist is PASSED

11-06-2024T18:10:50 - [TEST_STEP][PASSED] - totalplay.Common.verifyPropertyValueExist(LoginResponse, c_brmId): totalplay.Common.verifyPropertyValueExist is PASSED

11-06-2024T18:10:50 - [MESSAGE][INFO] - Checking response object

11-06-2024T18:10:50 - [MESSAGE][INFO] - 0100987105

11-06-2024T18:10:50 - [MESSAGE][PASSED] - totalplay.Common.verifyPropertyValueExist is PASSED

11-06-2024T18:10:50 - [MESSAGE][PASSED] - Call Test Case 'Test Cases/TotalPlay-Shop/TC_1_InterfaceLogin' successfully

11-06-2024T18:10:50 - [TEST_STEP][PASSED] - orderHistory = sendRequest(findTestObject("TotalPlay-Shop/Postman/OrderHistory/OrderHistory", ["URL":URL, "SITEID":SITEID, "Authorization":Authorization])): Send request successfully

11-06-2024T18:10:50 - [MESSAGE][INFO] - Finding Test Object 'Object Repository/TotalPlay-Shop/Postman/OrderHistory/OrderHistory'

11-06-2024T18:10:51 - [MESSAGE][INFO] - Checking request object

11-06-2024T18:10:55 - [MESSAGE][INFO] - HAR: D:\Automation\KogniveraGithub\TotalPlay_Automation\totalplay-API\totalplay-automation\Reports\20240611_180136\Shop-Services\20240611_180137\requests\main\82.har

11-06-2024T18:10:55 - [MESSAGE][PASSED] - Send request successfully

11-06-2024T18:10:55 - [TEST_STEP][PASSED] - c_result_total_pages = "c_result.total_pages": null

11-06-2024T18:10:55 - [TEST_STEP][PASSED] - c_result_order_total_count = "c_result.order_total_count": null

11-06-2024T18:10:55 - [TEST_STEP][PASSED] - _type = "_type": null

11-06-2024T18:10:55 - [TEST_STEP][PASSED] - name = "name": null

11-06-2024T18:10:55 - [TEST_STEP][PASSED] - id = "id": null

11-06-2024T18:10:55 - [TEST_STEP][PASSED] - c_result = "c_result": null

11-06-2024T18:10:55 - [TEST_STEP][PASSED] - c_result_orders = "c_result.orders": null

11-06-2024T18:10:55 - [TEST_STEP][PASSED] - c_result_orders_sellerNames = "c_result.orders[0].sellerNames": null

11-06-2024T18:10:55 - [TEST_STEP][PASSED] - c_result_orders_order_no = "c_result.orders[0].order_no": null

11-06-2024T18:10:55 - [TEST_STEP][PASSED] - c_result_orders_sellerNames = "c_result.orders[0].sellerNames": null

11-06-2024T18:10:55 - [TEST_STEP][PASSED] - c_result_orders_edd = "c_result.orders[0].edd": null

11-06-2024T18:10:55 - [TEST_STEP][PASSED] - c_result_orders_order_created = "c_result.orders[0].order_created": null

11-06-2024T18:10:55 - [TEST_STEP][PASSED] - c_result_orders_products_count = "c_result.orders[0].products_count": null

11-06-2024T18:10:55 - [TEST_STEP][PASSED] - c_result_orders_corporate_name = "c_result.orders[0].corporate_name": null

11-06-2024T18:10:55 - [TEST_STEP][PASSED] - c_result_orders_order_total = "c_result.orders[0].order_total": null

11-06-2024T18:10:55 - [TEST_STEP][PASSED] - c_result_orders_sellerIds = "c_result.orders[0].sellerIds": null

11-06-2024T18:10:55 - [TEST_STEP][PASSED] - c_result_orders_productType = "c_result.orders[0].productType": null

11-06-2024T18:10:55 - [TEST_STEP][PASSED] - c_result_orders_storeDetails = "c_result.orders[0].storeDetails": null

11-06-2024T18:10:55 - [TEST_STEP][PASSED] - c_result_orders_storeDetails_ID = "c_result.orders[0].storeDetails.ID": null

11-06-2024T18:10:55 - [TEST_STEP][PASSED] - c_result_orders_storeDetails_name = "c_result.orders[0].storeDetails.name": null

11-06-2024T18:10:55 - [TEST_STEP][PASSED] - c_result_orders_storeDetails_phone = "c_result.orders[0].storeDetails.phone": null

11-06-2024T18:10:55 - [TEST_STEP][PASSED] - c_result_orders_storeDetails_storeEvents = "c_result.orders[0].storeDetails.storeEvents": null

11-06-2024T18:10:55 - [TEST_STEP][PASSED] - c_result_orders_storeDetails_logo = "c_result.orders[0].storeDetails.logo": null

11-06-2024T18:10:55 - [TEST_STEP][PASSED] - c_result_orders_storeDetails_storeHours = "c_result.orders[0].storeDetails.storeHours": null

11-06-2024T18:10:55 - [TEST_STEP][PASSED] - c_result_orders_storeDetails_verticalType = "c_result.orders[0].storeDetails.verticalType": null

11-06-2024T18:10:55 - [TEST_STEP][PASSED] - c_result_orders_status = "c_result.orders[0].status": null]]></system-out>
         <system-err><![CDATA[]]></system-err>
      </testcase>
      <testcase name="Test Cases/TotalPlay-Shop/TC_32_GetOrderById" time="3.958" classname="Test Cases/TotalPlay-Shop/TC_32_GetOrderById" status="PASSED">
         <system-out><![CDATA[11-06-2024T18:10:55 - [TEST_CASE][PASSED] - Test Cases/TotalPlay-Shop/TC_32_GetOrderById: Test Cases/TotalPlay-Shop/TC_32_GetOrderById

11-06-2024T18:10:55 - [TEST_STEP][PASSED] - callTestCase(findTestCase("TotalPlay-Shop/TC_1_InterfaceLogin"), [:], STOP_ON_FAILURE): Call Test Case 'Test Cases/TotalPlay-Shop/TC_1_InterfaceLogin' successfully

11-06-2024T18:10:55 - [MESSAGE][INFO] - Checking called Test Case

11-06-2024T18:10:55 - [MESSAGE][INFO] - Starting to call Test Case 'Test Cases/TotalPlay-Shop/TC_1_InterfaceLogin'

11-06-2024T18:10:55 - [TEST_CASE][PASSED] - Test Cases/TotalPlay-Shop/TC_1_InterfaceLogin: Test Cases/TotalPlay-Shop/TC_1_InterfaceLogin

11-06-2024T18:10:55 - [TEST_STEP][PASSED] - LoginResponse = sendRequest(findTestObject("TotalPlay-Shop/Interface Login (SLAS)", ["URL":URL, "SITEID":SITEID])): Send request successfully

11-06-2024T18:10:55 - [MESSAGE][INFO] - Finding Test Object 'Object Repository/TotalPlay-Shop/Interface Login (SLAS)'

11-06-2024T18:10:55 - [MESSAGE][INFO] - Checking request object

11-06-2024T18:10:58 - [MESSAGE][INFO] - HAR: D:\Automation\KogniveraGithub\TotalPlay_Automation\totalplay-API\totalplay-automation\Reports\20240611_180136\Shop-Services\20240611_180137\requests\main\83.har

11-06-2024T18:10:58 - [MESSAGE][PASSED] - Send request successfully

11-06-2024T18:10:58 - [TEST_STEP][PASSED] - assert getResponseStatusCode(LoginResponse) == 200: Checking response object

11-06-2024T18:10:58 - [MESSAGE][INFO] - Checking response object

11-06-2024T18:10:58 - [TEST_STEP][PASSED] - Auth = "ocapiResponse.access_token": null

11-06-2024T18:10:58 - [TEST_STEP][PASSED] - sfccAuthorization = getElementPropertyValue(LoginResponse, Auth): Checking response object

11-06-2024T18:10:58 - [MESSAGE][INFO] - Checking response object

11-06-2024T18:10:58 - [TEST_STEP][PASSED] - logInfo(sfccAuthorization): eyJ2ZXIiOiIxLjAiLCJqa3UiOiJzbGFzL3Byb2QvYmpjbF9kZXYiLCJraWQiOiIzOWM0NGRmMy01OGI5LTQ3YWEtODNhMC05NWMwOTBiZGNkMzciLCJ0eXAiOiJqd3QiLCJjbHYiOiJKMi4zLjQiLCJhbGciOiJFUzI1NiJ9.eyJhdXQiOiJHVUlEIiwic2NwIjoic2ZjYy5zaG9wcGVyLW15YWNjb3VudC5iYXNrZXRzIHNmY2Muc2hvcHBlci1kaXNjb3Zlcnktc2VhcmNoIHNmY2Muc2hvcHBlci1teWFjY291bnQuYWRkcmVzc2VzIHNmY2Muc2hvcHBlci1wcm9kdWN0cyBzZmNjLnNob3BwZXItbXlhY2NvdW50LnJ3IHNmY2Muc2hvcHBlci1teWFjY291bnQucGF5bWVudGluc3RydW1lbnRzIHNmY2Muc2hvcHBlci1jdXN0b21lcnMubG9naW4gc2ZjYy5zaG9wcGVyLXN0b3JlcyBzZmNjLnNob3BwZXItbXlhY2NvdW50Lm9yZGVycyBzZmNjLnNob3BwZXItYmFza2V0cy1vcmRlcnMgc2ZjYy5zaG9wcGVyLWN1c3RvbWVycy5yZWdpc3RlciBzZmNjLnNob3BwZXItbXlhY2NvdW50LmFkZHJlc3Nlcy5ydyBzZmNjLnNob3BwZXItbXlhY2NvdW50LnByb2R1Y3RsaXN0cy5ydyBzZmNjLnNob3BwZXItcHJvZHVjdGxpc3RzIHNmY2Muc2hvcHBlci1wcm9tb3Rpb25zIHNmY2Muc2hvcHBlci1iYXNrZXRzLW9yZGVycy5ydyBzZmNjLnNob3BwZXItZ2lmdC1jZXJ0aWZpY2F0ZXMgc2ZjYy5zaG9wcGVyLW15YWNjb3VudC5wYXltZW50aW5zdHJ1bWVudHMucncgc2ZjYy5zaG9wcGVyLXByb2R1Y3Qtc2VhcmNoIHNmY2Muc2hvcHBlci1teWFjY291bnQucHJvZHVjdGxpc3RzIHNmY2Muc2hvcHBlci1jYXRlZ29yaWVzIHNmY2Muc2hvcHBlci1teWFjY291bnQiLCJzdWIiOiJjYy1zbGFzOjpiamNsX2Rldjo6c2NpZDo1ZDI1ZjVmYS01YTRmLTQ2YjUtYTIxMS04NzU1NDJjODVhYzE6OnVzaWQ6YjIxNTAxMDEtMmQ5ZC00ZjFiLWI4ODAtNzhjN2Q3MTI4ODVhIiwiY3R4Ijoic2xhcyIsImlzcyI6InNsYXMvcHJvZC9iamNsX2RldiIsImlzdCI6MSwiZG50IjoiMCIsImF1ZCI6ImNvbW1lcmNlY2xvdWQvcHJvZC9iamNsX2RldiIsIm5iZiI6MTcxODEwOTYyNywic3R5IjoiVXNlciIsImlzYiI6InVpZG86ZWNvbTo6dXBuOnFhLnRvdGFscGxheSswMTAwOTg3MTA1QGdtYWlsLmNvbTo6dWlkbjpSaWNhcmRvICBDb3JvbmEgQ3J1ejo6Z2NpZDpiZ3dIZ1ZscmFWa2NkUmtLbzN4YllZeEhlRzo6cmNpZDphY25SYldxdWpIQ3BnOW9xNlYyaGt1VGFTVzo6Y2hpZDpUUC1TSE9QIiwiZXhwIjoxNzE4MTExNDU3LCJpYXQiOjE3MTgxMDk2NTcsImp0aSI6IkMyQy0xMzExNTYzNTcwMTc4NzUxMTg1MDI5MDMxNTIyNDM5NjI2MjkifQ.RHlo3cSrYHjv-Sv1tpsW2UEsBu4bIX3SPAQpv469h4s-JhgKHY2_PHf5YMp8L9mzcbYG4h00SvahiOUPjjYmVg

11-06-2024T18:10:58 - [MESSAGE][INFO] - eyJ2ZXIiOiIxLjAiLCJqa3UiOiJzbGFzL3Byb2QvYmpjbF9kZXYiLCJraWQiOiIzOWM0NGRmMy01OGI5LTQ3YWEtODNhMC05NWMwOTBiZGNkMzciLCJ0eXAiOiJqd3QiLCJjbHYiOiJKMi4zLjQiLCJhbGciOiJFUzI1NiJ9.eyJhdXQiOiJHVUlEIiwic2NwIjoic2ZjYy5zaG9wcGVyLW15YWNjb3VudC5iYXNrZXRzIHNmY2Muc2hvcHBlci1kaXNjb3Zlcnktc2VhcmNoIHNmY2Muc2hvcHBlci1teWFjY291bnQuYWRkcmVzc2VzIHNmY2Muc2hvcHBlci1wcm9kdWN0cyBzZmNjLnNob3BwZXItbXlhY2NvdW50LnJ3IHNmY2Muc2hvcHBlci1teWFjY291bnQucGF5bWVudGluc3RydW1lbnRzIHNmY2Muc2hvcHBlci1jdXN0b21lcnMubG9naW4gc2ZjYy5zaG9wcGVyLXN0b3JlcyBzZmNjLnNob3BwZXItbXlhY2NvdW50Lm9yZGVycyBzZmNjLnNob3BwZXItYmFza2V0cy1vcmRlcnMgc2ZjYy5zaG9wcGVyLWN1c3RvbWVycy5yZWdpc3RlciBzZmNjLnNob3BwZXItbXlhY2NvdW50LmFkZHJlc3Nlcy5ydyBzZmNjLnNob3BwZXItbXlhY2NvdW50LnByb2R1Y3RsaXN0cy5ydyBzZmNjLnNob3BwZXItcHJvZHVjdGxpc3RzIHNmY2Muc2hvcHBlci1wcm9tb3Rpb25zIHNmY2Muc2hvcHBlci1iYXNrZXRzLW9yZGVycy5ydyBzZmNjLnNob3BwZXItZ2lmdC1jZXJ0aWZpY2F0ZXMgc2ZjYy5zaG9wcGVyLW15YWNjb3VudC5wYXltZW50aW5zdHJ1bWVudHMucncgc2ZjYy5zaG9wcGVyLXByb2R1Y3Qtc2VhcmNoIHNmY2Muc2hvcHBlci1teWFjY291bnQucHJvZHVjdGxpc3RzIHNmY2Muc2hvcHBlci1jYXRlZ29yaWVzIHNmY2Muc2hvcHBlci1teWFjY291bnQiLCJzdWIiOiJjYy1zbGFzOjpiamNsX2Rldjo6c2NpZDo1ZDI1ZjVmYS01YTRmLTQ2YjUtYTIxMS04NzU1NDJjODVhYzE6OnVzaWQ6YjIxNTAxMDEtMmQ5ZC00ZjFiLWI4ODAtNzhjN2Q3MTI4ODVhIiwiY3R4Ijoic2xhcyIsImlzcyI6InNsYXMvcHJvZC9iamNsX2RldiIsImlzdCI6MSwiZG50IjoiMCIsImF1ZCI6ImNvbW1lcmNlY2xvdWQvcHJvZC9iamNsX2RldiIsIm5iZiI6MTcxODEwOTYyNywic3R5IjoiVXNlciIsImlzYiI6InVpZG86ZWNvbTo6dXBuOnFhLnRvdGFscGxheSswMTAwOTg3MTA1QGdtYWlsLmNvbTo6dWlkbjpSaWNhcmRvICBDb3JvbmEgQ3J1ejo6Z2NpZDpiZ3dIZ1ZscmFWa2NkUmtLbzN4YllZeEhlRzo6cmNpZDphY25SYldxdWpIQ3BnOW9xNlYyaGt1VGFTVzo6Y2hpZDpUUC1TSE9QIiwiZXhwIjoxNzE4MTExNDU3LCJpYXQiOjE3MTgxMDk2NTcsImp0aSI6IkMyQy0xMzExNTYzNTcwMTc4NzUxMTg1MDI5MDMxNTIyNDM5NjI2MjkifQ.RHlo3cSrYHjv-Sv1tpsW2UEsBu4bIX3SPAQpv469h4s-JhgKHY2_PHf5YMp8L9mzcbYG4h00SvahiOUPjjYmVg

11-06-2024T18:10:58 - [TEST_STEP][PASSED] - Authorization = "Bearer " + sfccAuthorization: null

11-06-2024T18:10:58 - [TEST_STEP][PASSED] - logInfo(bm_auth_token): 

11-06-2024T18:10:58 - [MESSAGE][INFO] - 

11-06-2024T18:10:58 - [TEST_STEP][PASSED] - if (sfccAuthorization.length() == 0): null

11-06-2024T18:10:58 - [TEST_STEP][PASSED] - else: authorization generated

11-06-2024T18:10:58 - [TEST_STEP][PASSED] - markPassed("authorization generated"): authorization generated

11-06-2024T18:10:58 - [MESSAGE][PASSED] - authorization generated

11-06-2024T18:10:58 - [TEST_STEP][PASSED] - BasketId_loginResponse = "ocapiResponse.c_basketId": null

11-06-2024T18:10:58 - [TEST_STEP][PASSED] - CustomerId_loginResponse = "ocapiResponse.customer_id": null

11-06-2024T18:10:58 - [TEST_STEP][PASSED] - basketId = getElementPropertyValue(LoginResponse, BasketId_loginResponse): Checking response object

11-06-2024T18:10:58 - [MESSAGE][INFO] - Checking response object

11-06-2024T18:10:58 - [TEST_STEP][PASSED] - customerId = getElementPropertyValue(LoginResponse, CustomerId_loginResponse): Checking response object

11-06-2024T18:10:58 - [MESSAGE][INFO] - Checking response object

11-06-2024T18:10:58 - [TEST_STEP][PASSED] - basketID = basketId: null

11-06-2024T18:10:58 - [TEST_STEP][PASSED] - sla_customerId = customerId: null

11-06-2024T18:10:58 - [TEST_STEP][PASSED] - println(basketID): null

11-06-2024T18:10:58 - [TEST_STEP][PASSED] - println(sla_customerId): null

11-06-2024T18:10:58 - [TEST_STEP][PASSED] - refresh_token = "ocapiResponse.refresh_token": null

11-06-2024T18:10:58 - [TEST_STEP][PASSED] - customer_email = "ocapiResponse.customer_email": null

11-06-2024T18:10:58 - [TEST_STEP][PASSED] - c_brmId = "ocapiResponse.c_brmId": null

11-06-2024T18:10:58 - [TEST_STEP][PASSED] - customer_name = "ocapiResponse.customer_name": null

11-06-2024T18:10:58 - [TEST_STEP][PASSED] - totalplay.Common.verifyPropertyExist(LoginResponse, refresh_token): totalplay.Common.verifyPropertyExist is PASSED

11-06-2024T18:10:58 - [MESSAGE][INFO] - Checking response object

11-06-2024T18:10:58 - [MESSAGE][PASSED] - totalplay.Common.verifyPropertyExist is PASSED

11-06-2024T18:10:58 - [TEST_STEP][PASSED] - totalplay.Common.verifyPropertyValueExist(LoginResponse, refresh_token): totalplay.Common.verifyPropertyValueExist is PASSED

11-06-2024T18:10:58 - [MESSAGE][INFO] - Checking response object

11-06-2024T18:10:58 - [MESSAGE][INFO] - fF_S6ujZfxj4vjEfIg70HCxJnQcUjnoKDkniM4ARgY4

11-06-2024T18:10:58 - [MESSAGE][PASSED] - totalplay.Common.verifyPropertyValueExist is PASSED

11-06-2024T18:10:58 - [TEST_STEP][PASSED] - totalplay.Common.verifyPropertyExist(LoginResponse, customer_email): totalplay.Common.verifyPropertyExist is PASSED

11-06-2024T18:10:58 - [MESSAGE][INFO] - Checking response object

11-06-2024T18:10:58 - [MESSAGE][PASSED] - totalplay.Common.verifyPropertyExist is PASSED

11-06-2024T18:10:58 - [TEST_STEP][PASSED] - totalplay.Common.verifyPropertyValueExist(LoginResponse, customer_email): totalplay.Common.verifyPropertyValueExist is PASSED

11-06-2024T18:10:58 - [MESSAGE][INFO] - Checking response object

11-06-2024T18:10:58 - [MESSAGE][INFO] - qa.totalplay@gmail.com

11-06-2024T18:10:58 - [MESSAGE][PASSED] - totalplay.Common.verifyPropertyValueExist is PASSED

11-06-2024T18:10:58 - [TEST_STEP][PASSED] - totalplay.Common.verifyPropertyExist(LoginResponse, customer_name): totalplay.Common.verifyPropertyExist is PASSED

11-06-2024T18:10:58 - [MESSAGE][INFO] - Checking response object

11-06-2024T18:10:58 - [MESSAGE][PASSED] - totalplay.Common.verifyPropertyExist is PASSED

11-06-2024T18:10:58 - [TEST_STEP][PASSED] - totalplay.Common.verifyPropertyValueExist(LoginResponse, customer_name): totalplay.Common.verifyPropertyValueExist is PASSED

11-06-2024T18:10:58 - [MESSAGE][INFO] - Checking response object

11-06-2024T18:10:58 - [MESSAGE][INFO] - Ricardo  Corona Cruz

11-06-2024T18:10:58 - [MESSAGE][PASSED] - totalplay.Common.verifyPropertyValueExist is PASSED

11-06-2024T18:10:58 - [TEST_STEP][PASSED] - totalplay.Common.verifyPropertyExist(LoginResponse, c_brmId): totalplay.Common.verifyPropertyExist is PASSED

11-06-2024T18:10:58 - [MESSAGE][INFO] - Checking response object

11-06-2024T18:10:58 - [MESSAGE][PASSED] - totalplay.Common.verifyPropertyExist is PASSED

11-06-2024T18:10:58 - [TEST_STEP][PASSED] - totalplay.Common.verifyPropertyValueExist(LoginResponse, c_brmId): totalplay.Common.verifyPropertyValueExist is PASSED

11-06-2024T18:10:58 - [MESSAGE][INFO] - Checking response object

11-06-2024T18:10:58 - [MESSAGE][INFO] - 0100987105

11-06-2024T18:10:58 - [MESSAGE][PASSED] - totalplay.Common.verifyPropertyValueExist is PASSED

11-06-2024T18:10:58 - [MESSAGE][PASSED] - Call Test Case 'Test Cases/TotalPlay-Shop/TC_1_InterfaceLogin' successfully

11-06-2024T18:10:58 - [TEST_STEP][PASSED] - getOrderByID = sendRequest(findTestObject("TotalPlay-Shop/Postman/OrderHistory/getOrderById", ["URL":URL, "SITEID":SITEID])): Send request successfully

11-06-2024T18:10:58 - [MESSAGE][INFO] - Finding Test Object 'Object Repository/TotalPlay-Shop/Postman/OrderHistory/getOrderById'

11-06-2024T18:10:58 - [MESSAGE][INFO] - Checking request object

11-06-2024T18:10:59 - [MESSAGE][INFO] - HAR: D:\Automation\KogniveraGithub\TotalPlay_Automation\totalplay-API\totalplay-automation\Reports\20240611_180136\Shop-Services\20240611_180137\requests\main\84.har

11-06-2024T18:10:59 - [MESSAGE][PASSED] - Send request successfully]]></system-out>
         <system-err><![CDATA[]]></system-err>
      </testcase>
      <system-out><![CDATA[11-06-2024T18:01:44 - [TEST_SUITE][ERROR] - Shop-Services: Test Cases/TotalPlay-Shop/TC_2_StoreListingPage(SLP) FAILED.
Reason:
org.codehaus.groovy.runtime.InvokerInvocationException: Assertion failed: 

assert PropertyCount>0
       |            |
       0            false

	at com.kms.katalon.core.main.CustomKeywordDelegatingMetaClass.invokeStaticMethod(CustomKeywordDelegatingMetaClass.java:55)
	at TC_2_StoreListingPage(SLP).run(TC_2_StoreListingPage(SLP):183)
	at com.kms.katalon.core.main.ScriptEngine.run(ScriptEngine.java:194)
	at com.kms.katalon.core.main.ScriptEngine.runScriptAsRawText(ScriptEngine.java:119)
	at com.kms.katalon.core.main.TestCaseExecutor.runScript(TestCaseExecutor.java:448)
	at com.kms.katalon.core.main.TestCaseExecutor.doExecute(TestCaseExecutor.java:439)
	at com.kms.katalon.core.main.TestCaseExecutor.processExecutionPhase(TestCaseExecutor.java:418)
	at com.kms.katalon.core.main.TestCaseExecutor.accessMainPhase(TestCaseExecutor.java:410)
	at com.kms.katalon.core.main.TestCaseExecutor.execute(TestCaseExecutor.java:285)
	at com.kms.katalon.core.common.CommonExecutor.accessTestCaseMainPhase(CommonExecutor.java:65)
	at com.kms.katalon.core.main.TestSuiteExecutor.accessTestSuiteMainPhase(TestSuiteExecutor.java:150)
	at com.kms.katalon.core.main.TestSuiteExecutor.execute(TestSuiteExecutor.java:106)
	at com.kms.katalon.core.main.TestCaseMain.startTestSuite(TestCaseMain.java:180)
	at TempTestSuite1718109097791.run(TempTestSuite1718109097791.groovy:35)
	at java.base/jdk.internal.reflect.NativeMethodAccessorImpl.invoke0(Native Method)
	at java.base/jdk.internal.reflect.NativeMethodAccessorImpl.invoke(NativeMethodAccessorImpl.java:77)
	at java.base/jdk.internal.reflect.DelegatingMethodAccessorImpl.invoke(DelegatingMethodAccessorImpl.java:43)
Caused by: Assertion failed: 

assert PropertyCount>0
       |            |
       0            false

	at totalplay.Common.verifyPropertyExist(Common.groovy:40)
	at jdk.internal.reflect.GeneratedMethodAccessor7.invoke(Unknown Source)
	at java.base/jdk.internal.reflect.DelegatingMethodAccessorImpl.invoke(DelegatingMethodAccessorImpl.java:43)
	... 17 more]]></system-out>
      <system-err><![CDATA[11-06-2024T18:01:44 - [TEST_SUITE][ERROR] - Shop-Services: Test Cases/TotalPlay-Shop/TC_2_StoreListingPage(SLP) FAILED.
Reason:
org.codehaus.groovy.runtime.InvokerInvocationException: Assertion failed: 

assert PropertyCount>0
       |            |
       0            false

	at com.kms.katalon.core.main.CustomKeywordDelegatingMetaClass.invokeStaticMethod(CustomKeywordDelegatingMetaClass.java:55)
	at TC_2_StoreListingPage(SLP).run(TC_2_StoreListingPage(SLP):183)
	at com.kms.katalon.core.main.ScriptEngine.run(ScriptEngine.java:194)
	at com.kms.katalon.core.main.ScriptEngine.runScriptAsRawText(ScriptEngine.java:119)
	at com.kms.katalon.core.main.TestCaseExecutor.runScript(TestCaseExecutor.java:448)
	at com.kms.katalon.core.main.TestCaseExecutor.doExecute(TestCaseExecutor.java:439)
	at com.kms.katalon.core.main.TestCaseExecutor.processExecutionPhase(TestCaseExecutor.java:418)
	at com.kms.katalon.core.main.TestCaseExecutor.accessMainPhase(TestCaseExecutor.java:410)
	at com.kms.katalon.core.main.TestCaseExecutor.execute(TestCaseExecutor.java:285)
	at com.kms.katalon.core.common.CommonExecutor.accessTestCaseMainPhase(CommonExecutor.java:65)
	at com.kms.katalon.core.main.TestSuiteExecutor.accessTestSuiteMainPhase(TestSuiteExecutor.java:150)
	at com.kms.katalon.core.main.TestSuiteExecutor.execute(TestSuiteExecutor.java:106)
	at com.kms.katalon.core.main.TestCaseMain.startTestSuite(TestCaseMain.java:180)
	at TempTestSuite1718109097791.run(TempTestSuite1718109097791.groovy:35)
	at java.base/jdk.internal.reflect.NativeMethodAccessorImpl.invoke0(Native Method)
	at java.base/jdk.internal.reflect.NativeMethodAccessorImpl.invoke(NativeMethodAccessorImpl.java:77)
	at java.base/jdk.internal.reflect.DelegatingMethodAccessorImpl.invoke(DelegatingMethodAccessorImpl.java:43)
Caused by: Assertion failed: 

assert PropertyCount>0
       |            |
       0            false

	at totalplay.Common.verifyPropertyExist(Common.groovy:40)
	at jdk.internal.reflect.GeneratedMethodAccessor7.invoke(Unknown Source)
	at java.base/jdk.internal.reflect.DelegatingMethodAccessorImpl.invoke(DelegatingMethodAccessorImpl.java:43)
	... 17 more]]></system-err>
   </testsuite>
</testsuites>
