<?xml version="1.0" encoding="UTF-8"?>
<testsuites name="Food_Services" time="81.504" tests="10" failures="0" errors="0">
   <testsuite name="Food_Services" tests="10" failures="0" errors="0" time="81.504" skipped="0" timestamp="26-07-2024T17:57:18" hostname="ShubhamKumarThakur - KVITSPL-0406" id="Test Suites/Food_Services">
      <properties>
         <property name="deviceName" value=""/>
         <property name="devicePlatform"/>
         <property name="logFolder" value="C:\\Users\\ShubhamKumarThakur\\OneDrive - Kognivera\\Documents\\TotalPlay\\totalplay-automation\\Reports\\20240726_175712\\Food_Services\\20240726_175712"/>
         <property name="logFiles" value="C:\\Users\\ShubhamKumarThakur\\OneDrive - Kognivera\\Documents\\TotalPlay\\totalplay-automation\\Reports\\20240726_175712\\Food_Services\\20240726_175712\\execution0.log"/>
         <property name="attachments" value=""/>
         <property name="hostName" value="ShubhamKumarThakur - KVITSPL-0406"/>
         <property name="hostAddress" value="10.3.1.126"/>
         <property name="os" value="Windows 10 64bit"/>
         <property name="katalonVersion" value="9.6.0.217"/>
      </properties>
      <testcase name="Test Cases/TotalPlay-Food/TC_1_Login_Service" time="7.092" classname="Test Cases/TotalPlay-Food/TC_1_Login_Service" status="PASSED">
         <system-out><![CDATA[26-07-2024T17:57:19 - [TEST_CASE][PASSED] - Test Cases/TotalPlay-Food/TC_1_Login_Service: Test Cases/TotalPlay-Food/TC_1_Login_Service

26-07-2024T17:57:19 - [TEST_STEP][PASSED] - LoginResponse = sendRequest(findTestObject("TotalPlay-Food/getTokenDelivery", ["URL":URL])): Send request successfully

26-07-2024T17:57:20 - [MESSAGE][INFO] - Finding Test Object 'Object Repository/TotalPlay-Food/getTokenDelivery'

26-07-2024T17:57:20 - [MESSAGE][INFO] - Checking request object

26-07-2024T17:57:25 - [MESSAGE][INFO] - HAR: C:\Users\ShubhamKumarThakur\OneDrive - Kognivera\Documents\TotalPlay\totalplay-automation\Reports\20240726_175712\Food_Services\20240726_175712\requests\main\0.har

26-07-2024T17:57:25 - [MESSAGE][PASSED] - Send request successfully

26-07-2024T17:57:25 - [TEST_STEP][PASSED] - assert getResponseStatusCode(LoginResponse) == 200: Checking response object

26-07-2024T17:57:25 - [MESSAGE][INFO] - Checking response object

26-07-2024T17:57:25 - [TEST_STEP][PASSED] - Auth = "ocapiResponse.access_token": null

26-07-2024T17:57:25 - [TEST_STEP][PASSED] - FoodBascketId = "ocapiResponse.c_basketId_TP_FOOD": null

26-07-2024T17:57:25 - [TEST_STEP][PASSED] - FoodBasId = getElementPropertyValue(LoginResponse, FoodBascketId): Checking response object

26-07-2024T17:57:25 - [MESSAGE][INFO] - Checking response object

26-07-2024T17:57:25 - [TEST_STEP][PASSED] - sfccAuthorization = getElementPropertyValue(LoginResponse, Auth): Checking response object

26-07-2024T17:57:25 - [MESSAGE][INFO] - Checking response object

26-07-2024T17:57:25 - [TEST_STEP][PASSED] - Authorization = "Bearer " + sfccAuthorization: null

26-07-2024T17:57:25 - [TEST_STEP][PASSED] - FoodBasketId = FoodBasId: null

26-07-2024T17:57:25 - [TEST_STEP][PASSED] - logInfo(bm_auth_token): 

26-07-2024T17:57:25 - [MESSAGE][INFO] - 

26-07-2024T17:57:25 - [TEST_STEP][PASSED] - if (sfccAuthorization.length() == 0): null

26-07-2024T17:57:25 - [TEST_STEP][PASSED] - else: authorization generated

26-07-2024T17:57:25 - [TEST_STEP][PASSED] - markPassed("authorization generated"): authorization generated

26-07-2024T17:57:25 - [MESSAGE][PASSED] - authorization generated

26-07-2024T17:57:25 - [TEST_STEP][PASSED] - BasketId_loginResponse = "ocapiResponse.c_basketId": null

26-07-2024T17:57:25 - [TEST_STEP][PASSED] - CustomerId_loginResponse = "ocapiResponse.customer_id": null

26-07-2024T17:57:25 - [TEST_STEP][PASSED] - basketId = getElementPropertyValue(LoginResponse, BasketId_loginResponse): Checking response object

26-07-2024T17:57:25 - [MESSAGE][INFO] - Checking response object

26-07-2024T17:57:25 - [TEST_STEP][PASSED] - customerId = getElementPropertyValue(LoginResponse, CustomerId_loginResponse): Checking response object

26-07-2024T17:57:25 - [MESSAGE][INFO] - Checking response object

26-07-2024T17:57:25 - [TEST_STEP][PASSED] - basketID = basketId: null

26-07-2024T17:57:25 - [TEST_STEP][PASSED] - sla_customerId = customerId: null

26-07-2024T17:57:25 - [TEST_STEP][PASSED] - println(basketID): null

26-07-2024T17:57:25 - [TEST_STEP][PASSED] - println(sla_customerId): null

26-07-2024T17:57:25 - [TEST_STEP][PASSED] - refresh_token = "ocapiResponse.refresh_token": null

26-07-2024T17:57:25 - [TEST_STEP][PASSED] - customer_email = "ocapiResponse.customer_email": null

26-07-2024T17:57:25 - [TEST_STEP][PASSED] - c_brmId = "ocapiResponse.c_brmId": null

26-07-2024T17:57:25 - [TEST_STEP][PASSED] - customer_name = "ocapiResponse.customer_name": null

26-07-2024T17:57:25 - [TEST_STEP][PASSED] - totalplay.Common.verifyPropertyExist(LoginResponse, refresh_token): totalplay.Common.verifyPropertyExist is PASSED

26-07-2024T17:57:25 - [MESSAGE][INFO] - Checking response object

26-07-2024T17:57:26 - [MESSAGE][PASSED] - totalplay.Common.verifyPropertyExist is PASSED

26-07-2024T17:57:26 - [TEST_STEP][PASSED] - totalplay.Common.verifyPropertyValueExist(LoginResponse, refresh_token): totalplay.Common.verifyPropertyValueExist is PASSED

26-07-2024T17:57:26 - [MESSAGE][INFO] - Checking response object

26-07-2024T17:57:26 - [MESSAGE][INFO] - mtM2wKdbAhuGCB2Zho6if33ODlXSWh2YDB7o6PgnKxM

26-07-2024T17:57:26 - [MESSAGE][PASSED] - totalplay.Common.verifyPropertyValueExist is PASSED

26-07-2024T17:57:26 - [TEST_STEP][PASSED] - totalplay.Common.verifyPropertyExist(LoginResponse, customer_email): totalplay.Common.verifyPropertyExist is PASSED

26-07-2024T17:57:26 - [MESSAGE][INFO] - Checking response object

26-07-2024T17:57:26 - [MESSAGE][PASSED] - totalplay.Common.verifyPropertyExist is PASSED

26-07-2024T17:57:26 - [TEST_STEP][PASSED] - totalplay.Common.verifyPropertyValueExist(LoginResponse, customer_email): totalplay.Common.verifyPropertyValueExist is PASSED

26-07-2024T17:57:26 - [MESSAGE][INFO] - Checking response object

26-07-2024T17:57:26 - [MESSAGE][INFO] - cesar.waldo93@gmail.com

26-07-2024T17:57:26 - [MESSAGE][PASSED] - totalplay.Common.verifyPropertyValueExist is PASSED

26-07-2024T17:57:26 - [TEST_STEP][PASSED] - totalplay.Common.verifyPropertyExist(LoginResponse, customer_name): totalplay.Common.verifyPropertyExist is PASSED

26-07-2024T17:57:26 - [MESSAGE][INFO] - Checking response object

26-07-2024T17:57:26 - [MESSAGE][PASSED] - totalplay.Common.verifyPropertyExist is PASSED

26-07-2024T17:57:26 - [TEST_STEP][PASSED] - totalplay.Common.verifyPropertyValueExist(LoginResponse, customer_name): totalplay.Common.verifyPropertyValueExist is PASSED

26-07-2024T17:57:26 - [MESSAGE][INFO] - Checking response object

26-07-2024T17:57:26 - [MESSAGE][INFO] - CESAR GERARDO WALDO GONZALEZ

26-07-2024T17:57:26 - [MESSAGE][PASSED] - totalplay.Common.verifyPropertyValueExist is PASSED

26-07-2024T17:57:26 - [TEST_STEP][PASSED] - totalplay.Common.verifyPropertyExist(LoginResponse, c_brmId): totalplay.Common.verifyPropertyExist is PASSED

26-07-2024T17:57:26 - [MESSAGE][INFO] - Checking response object

26-07-2024T17:57:26 - [MESSAGE][PASSED] - totalplay.Common.verifyPropertyExist is PASSED

26-07-2024T17:57:26 - [TEST_STEP][PASSED] - totalplay.Common.verifyPropertyValueExist(LoginResponse, c_brmId): totalplay.Common.verifyPropertyValueExist is PASSED

26-07-2024T17:57:26 - [MESSAGE][INFO] - Checking response object

26-07-2024T17:57:26 - [MESSAGE][INFO] - 0106378356

26-07-2024T17:57:26 - [MESSAGE][PASSED] - totalplay.Common.verifyPropertyValueExist is PASSED]]></system-out>
         <system-err><![CDATA[]]></system-err>
      </testcase>
      <testcase name="Test Cases/TotalPlay-Food/TC_2_Food_Store_Listing_Page_(SLP)" time="7.454" classname="Test Cases/TotalPlay-Food/TC_2_Food_Store_Listing_Page_(SLP)" status="PASSED">
         <system-out><![CDATA[26-07-2024T17:57:26 - [TEST_CASE][PASSED] - Test Cases/TotalPlay-Food/TC_2_Food_Store_Listing_Page_(SLP): Test Cases/TotalPlay-Food/TC_2_Food_Store_Listing_Page_(SLP)

26-07-2024T17:57:26 - [TEST_STEP][PASSED] - callTestCase(findTestCase("TotalPlay-Food/TC_1_Login_Service"), [:], STOP_ON_FAILURE): Call Test Case 'Test Cases/TotalPlay-Food/TC_1_Login_Service' successfully

26-07-2024T17:57:26 - [MESSAGE][INFO] - Checking called Test Case

26-07-2024T17:57:26 - [MESSAGE][INFO] - Starting to call Test Case 'Test Cases/TotalPlay-Food/TC_1_Login_Service'

26-07-2024T17:57:26 - [TEST_CASE][PASSED] - Test Cases/TotalPlay-Food/TC_1_Login_Service: Test Cases/TotalPlay-Food/TC_1_Login_Service

26-07-2024T17:57:26 - [TEST_STEP][PASSED] - LoginResponse = sendRequest(findTestObject("TotalPlay-Food/getTokenDelivery", ["URL":URL])): Send request successfully

26-07-2024T17:57:26 - [MESSAGE][INFO] - Finding Test Object 'Object Repository/TotalPlay-Food/getTokenDelivery'

26-07-2024T17:57:27 - [MESSAGE][INFO] - Checking request object

26-07-2024T17:57:30 - [MESSAGE][INFO] - HAR: C:\Users\ShubhamKumarThakur\OneDrive - Kognivera\Documents\TotalPlay\totalplay-automation\Reports\20240726_175712\Food_Services\20240726_175712\requests\main\1.har

26-07-2024T17:57:30 - [MESSAGE][PASSED] - Send request successfully

26-07-2024T17:57:30 - [TEST_STEP][PASSED] - assert getResponseStatusCode(LoginResponse) == 200: Checking response object

26-07-2024T17:57:30 - [MESSAGE][INFO] - Checking response object

26-07-2024T17:57:30 - [TEST_STEP][PASSED] - Auth = "ocapiResponse.access_token": null

26-07-2024T17:57:30 - [TEST_STEP][PASSED] - FoodBascketId = "ocapiResponse.c_basketId_TP_FOOD": null

26-07-2024T17:57:30 - [TEST_STEP][PASSED] - FoodBasId = getElementPropertyValue(LoginResponse, FoodBascketId): Checking response object

26-07-2024T17:57:30 - [MESSAGE][INFO] - Checking response object

26-07-2024T17:57:30 - [TEST_STEP][PASSED] - sfccAuthorization = getElementPropertyValue(LoginResponse, Auth): Checking response object

26-07-2024T17:57:30 - [MESSAGE][INFO] - Checking response object

26-07-2024T17:57:30 - [TEST_STEP][PASSED] - Authorization = "Bearer " + sfccAuthorization: null

26-07-2024T17:57:30 - [TEST_STEP][PASSED] - FoodBasketId = FoodBasId: null

26-07-2024T17:57:30 - [TEST_STEP][PASSED] - logInfo(bm_auth_token): 

26-07-2024T17:57:30 - [MESSAGE][INFO] - 

26-07-2024T17:57:30 - [TEST_STEP][PASSED] - if (sfccAuthorization.length() == 0): null

26-07-2024T17:57:30 - [TEST_STEP][PASSED] - else: authorization generated

26-07-2024T17:57:30 - [TEST_STEP][PASSED] - markPassed("authorization generated"): authorization generated

26-07-2024T17:57:30 - [MESSAGE][PASSED] - authorization generated

26-07-2024T17:57:30 - [TEST_STEP][PASSED] - BasketId_loginResponse = "ocapiResponse.c_basketId": null

26-07-2024T17:57:30 - [TEST_STEP][PASSED] - CustomerId_loginResponse = "ocapiResponse.customer_id": null

26-07-2024T17:57:30 - [TEST_STEP][PASSED] - basketId = getElementPropertyValue(LoginResponse, BasketId_loginResponse): Checking response object

26-07-2024T17:57:30 - [MESSAGE][INFO] - Checking response object

26-07-2024T17:57:30 - [TEST_STEP][PASSED] - customerId = getElementPropertyValue(LoginResponse, CustomerId_loginResponse): Checking response object

26-07-2024T17:57:30 - [MESSAGE][INFO] - Checking response object

26-07-2024T17:57:30 - [TEST_STEP][PASSED] - basketID = basketId: null

26-07-2024T17:57:30 - [TEST_STEP][PASSED] - sla_customerId = customerId: null

26-07-2024T17:57:30 - [TEST_STEP][PASSED] - println(basketID): null

26-07-2024T17:57:30 - [TEST_STEP][PASSED] - println(sla_customerId): null

26-07-2024T17:57:30 - [TEST_STEP][PASSED] - refresh_token = "ocapiResponse.refresh_token": null

26-07-2024T17:57:30 - [TEST_STEP][PASSED] - customer_email = "ocapiResponse.customer_email": null

26-07-2024T17:57:30 - [TEST_STEP][PASSED] - c_brmId = "ocapiResponse.c_brmId": null

26-07-2024T17:57:30 - [TEST_STEP][PASSED] - customer_name = "ocapiResponse.customer_name": null

26-07-2024T17:57:30 - [TEST_STEP][PASSED] - totalplay.Common.verifyPropertyExist(LoginResponse, refresh_token): totalplay.Common.verifyPropertyExist is PASSED

26-07-2024T17:57:30 - [MESSAGE][INFO] - Checking response object

26-07-2024T17:57:30 - [MESSAGE][PASSED] - totalplay.Common.verifyPropertyExist is PASSED

26-07-2024T17:57:30 - [TEST_STEP][PASSED] - totalplay.Common.verifyPropertyValueExist(LoginResponse, refresh_token): totalplay.Common.verifyPropertyValueExist is PASSED

26-07-2024T17:57:30 - [MESSAGE][INFO] - Checking response object

26-07-2024T17:57:30 - [MESSAGE][INFO] - 0KuVGUSK1ImRLK6f80uJfUMgM6Tnr4pvqJTu6QeHJmY

26-07-2024T17:57:30 - [MESSAGE][PASSED] - totalplay.Common.verifyPropertyValueExist is PASSED

26-07-2024T17:57:30 - [TEST_STEP][PASSED] - totalplay.Common.verifyPropertyExist(LoginResponse, customer_email): totalplay.Common.verifyPropertyExist is PASSED

26-07-2024T17:57:30 - [MESSAGE][INFO] - Checking response object

26-07-2024T17:57:30 - [MESSAGE][PASSED] - totalplay.Common.verifyPropertyExist is PASSED

26-07-2024T17:57:30 - [TEST_STEP][PASSED] - totalplay.Common.verifyPropertyValueExist(LoginResponse, customer_email): totalplay.Common.verifyPropertyValueExist is PASSED

26-07-2024T17:57:30 - [MESSAGE][INFO] - Checking response object

26-07-2024T17:57:30 - [MESSAGE][INFO] - cesar.waldo93@gmail.com

26-07-2024T17:57:30 - [MESSAGE][PASSED] - totalplay.Common.verifyPropertyValueExist is PASSED

26-07-2024T17:57:30 - [TEST_STEP][PASSED] - totalplay.Common.verifyPropertyExist(LoginResponse, customer_name): totalplay.Common.verifyPropertyExist is PASSED

26-07-2024T17:57:30 - [MESSAGE][INFO] - Checking response object

26-07-2024T17:57:30 - [MESSAGE][PASSED] - totalplay.Common.verifyPropertyExist is PASSED

26-07-2024T17:57:30 - [TEST_STEP][PASSED] - totalplay.Common.verifyPropertyValueExist(LoginResponse, customer_name): totalplay.Common.verifyPropertyValueExist is PASSED

26-07-2024T17:57:30 - [MESSAGE][INFO] - Checking response object

26-07-2024T17:57:30 - [MESSAGE][INFO] - CESAR GERARDO WALDO GONZALEZ

26-07-2024T17:57:30 - [MESSAGE][PASSED] - totalplay.Common.verifyPropertyValueExist is PASSED

26-07-2024T17:57:30 - [TEST_STEP][PASSED] - totalplay.Common.verifyPropertyExist(LoginResponse, c_brmId): totalplay.Common.verifyPropertyExist is PASSED

26-07-2024T17:57:30 - [MESSAGE][INFO] - Checking response object

26-07-2024T17:57:30 - [MESSAGE][PASSED] - totalplay.Common.verifyPropertyExist is PASSED

26-07-2024T17:57:30 - [TEST_STEP][PASSED] - totalplay.Common.verifyPropertyValueExist(LoginResponse, c_brmId): totalplay.Common.verifyPropertyValueExist is PASSED

26-07-2024T17:57:30 - [MESSAGE][INFO] - Checking response object

26-07-2024T17:57:30 - [MESSAGE][INFO] - 0106378356

26-07-2024T17:57:30 - [MESSAGE][PASSED] - totalplay.Common.verifyPropertyValueExist is PASSED

26-07-2024T17:57:30 - [MESSAGE][PASSED] - Call Test Case 'Test Cases/TotalPlay-Food/TC_1_Login_Service' successfully

26-07-2024T17:57:30 - [TEST_STEP][PASSED] - FoodSLP = sendRequest(findTestObject("TotalPlay-Food/Food SLP", ["URL":URL])): Send request successfully

26-07-2024T17:57:30 - [MESSAGE][INFO] - Finding Test Object 'Object Repository/TotalPlay-Food/Food SLP'

26-07-2024T17:57:30 - [MESSAGE][INFO] - Checking request object

26-07-2024T17:57:32 - [MESSAGE][INFO] - HAR: C:\Users\ShubhamKumarThakur\OneDrive - Kognivera\Documents\TotalPlay\totalplay-automation\Reports\20240726_175712\Food_Services\20240726_175712\requests\main\2.har

26-07-2024T17:57:32 - [MESSAGE][PASSED] - Send request successfully

26-07-2024T17:57:32 - [TEST_STEP][PASSED] - verifyResponseStatusCode(FoodSLP, 200): Verify response status code successfully

26-07-2024T17:57:32 - [MESSAGE][INFO] - Checking response object

26-07-2024T17:57:32 - [MESSAGE][PASSED] - Verify response status code successfully

26-07-2024T17:57:32 - [TEST_STEP][PASSED] - pageId = "pageId": null

26-07-2024T17:57:32 - [TEST_STEP][PASSED] - pageTypeId = "pageTypeId": null

26-07-2024T17:57:32 - [TEST_STEP][PASSED] - pageTitle = "pageTitle": null

26-07-2024T17:57:32 - [TEST_STEP][PASSED] - components_componentTypeId = "components[0].componentTypeId": null

26-07-2024T17:57:32 - [TEST_STEP][PASSED] - components = "components": null

26-07-2024T17:57:32 - [TEST_STEP][PASSED] - components_componentType = "components[0].componentType": null

26-07-2024T17:57:32 - [TEST_STEP][PASSED] - components_bannerLayout = "components[0].bannerLayout": null

26-07-2024T17:57:32 - [TEST_STEP][PASSED] - components_textHeadline = "components[0].textHeadline": null

26-07-2024T17:57:32 - [TEST_STEP][PASSED] - components_componentAssets = "components[0].componentAssets": null

26-07-2024T17:57:32 - [TEST_STEP][PASSED] - components_componentAssets_componentTypeId = "components[0].componentAssets[0].componentTypeId": null

26-07-2024T17:57:32 - [TEST_STEP][PASSED] - components_componentAssets_image = "components[0].componentAssets[0].image": null

26-07-2024T17:57:32 - [TEST_STEP][PASSED] - components_componentAssets_componentType = "components[0].componentAssets[0].componentType": null

26-07-2024T17:57:32 - [TEST_STEP][PASSED] - components_componentAssets_corporateColorCode = "components[0].componentAssets[0].corporateColorCode": null

26-07-2024T17:57:32 - [TEST_STEP][PASSED] - components_componentAssets_bannerDesc = "components[0].componentAssets[0].bannerDesc": null

26-07-2024T17:57:32 - [TEST_STEP][PASSED] - components_componentAssets_isAgeRestricted = "components[0].componentAssets[0].isAgeRestricted": null

26-07-2024T17:57:32 - [TEST_STEP][PASSED] - components_componentAssets_link = "components[0].componentAssets[0].link": null

26-07-2024T17:57:32 - [TEST_STEP][PASSED] - components_componentAssets_bannerName = "components[0].componentAssets[0].bannerName": null

26-07-2024T17:57:32 - [TEST_STEP][PASSED] - components_componentAssets_logo = "components[0].componentAssets[0].logo": null

26-07-2024T17:57:32 - [TEST_STEP][PASSED] - components_componentAssets_linkType = "components[0].componentAssets[0].linkType": null

26-07-2024T17:57:32 - [TEST_STEP][PASSED] - components_componentAssets_positionAfter = "components[0].componentAssets[0].positionAfter": null

26-07-2024T17:57:32 - [TEST_STEP][PASSED] - components_componentAssets_deliveryTime = "components[0].componentAssets[0].deliveryTime": null

26-07-2024T17:57:32 - [TEST_STEP][PASSED] - components_componentAssets_promotion = "components[0].componentAssets[0].promotion": null

26-07-2024T17:57:32 - [TEST_STEP][PASSED] - components_componentAssets_storeName = "components[0].componentAssets[0].storeName": null

26-07-2024T17:57:32 - [TEST_STEP][PASSED] - components_componentAssets_ID = "components[0].componentAssets[0].ID": null

26-07-2024T17:57:32 - [TEST_STEP][PASSED] - totalplay.Common.verifyPropertyExist(FoodSLP, pageId): totalplay.Common.verifyPropertyExist is PASSED

26-07-2024T17:57:32 - [MESSAGE][INFO] - Checking response object

26-07-2024T17:57:32 - [MESSAGE][PASSED] - totalplay.Common.verifyPropertyExist is PASSED

26-07-2024T17:57:32 - [TEST_STEP][PASSED] - totalplay.Common.verifyPropertyValueExist(FoodSLP, pageId): totalplay.Common.verifyPropertyValueExist is PASSED

26-07-2024T17:57:32 - [MESSAGE][INFO] - Checking response object

26-07-2024T17:57:32 - [MESSAGE][INFO] - storelistingpage

26-07-2024T17:57:32 - [MESSAGE][PASSED] - totalplay.Common.verifyPropertyValueExist is PASSED

26-07-2024T17:57:32 - [TEST_STEP][PASSED] - totalplay.Common.verifyPropertyExist(FoodSLP, components_componentType): totalplay.Common.verifyPropertyExist is PASSED

26-07-2024T17:57:32 - [MESSAGE][INFO] - Checking response object

26-07-2024T17:57:32 - [MESSAGE][PASSED] - totalplay.Common.verifyPropertyExist is PASSED

26-07-2024T17:57:32 - [TEST_STEP][PASSED] - totalplay.Common.verifyPropertyValueExist(FoodSLP, components_componentType): totalplay.Common.verifyPropertyValueExist is PASSED

26-07-2024T17:57:32 - [MESSAGE][INFO] - Checking response object

26-07-2024T17:57:32 - [MESSAGE][INFO] - commerce_layouts

26-07-2024T17:57:32 - [MESSAGE][PASSED] - totalplay.Common.verifyPropertyValueExist is PASSED

26-07-2024T17:57:32 - [TEST_STEP][PASSED] - totalplay.Common.verifyPropertyExist(FoodSLP, components_bannerLayout): totalplay.Common.verifyPropertyExist is PASSED

26-07-2024T17:57:32 - [MESSAGE][INFO] - Checking response object

26-07-2024T17:57:32 - [MESSAGE][PASSED] - totalplay.Common.verifyPropertyExist is PASSED

26-07-2024T17:57:32 - [TEST_STEP][PASSED] - totalplay.Common.verifyPropertyValueExist(FoodSLP, components_bannerLayout): totalplay.Common.verifyPropertyValueExist is PASSED

26-07-2024T17:57:32 - [MESSAGE][INFO] - Checking response object

26-07-2024T17:57:32 - [MESSAGE][INFO] - hero display

26-07-2024T17:57:32 - [MESSAGE][PASSED] - totalplay.Common.verifyPropertyValueExist is PASSED

26-07-2024T17:57:32 - [TEST_STEP][PASSED] - totalplay.Common.verifyPropertyExist(FoodSLP, components_componentTypeId): totalplay.Common.verifyPropertyExist is PASSED

26-07-2024T17:57:32 - [MESSAGE][INFO] - Checking response object

26-07-2024T17:57:32 - [MESSAGE][PASSED] - totalplay.Common.verifyPropertyExist is PASSED

26-07-2024T17:57:32 - [TEST_STEP][PASSED] - totalplay.Common.verifyPropertyValueExist(FoodSLP, components_componentTypeId): totalplay.Common.verifyPropertyValueExist is PASSED

26-07-2024T17:57:32 - [MESSAGE][INFO] - Checking response object

26-07-2024T17:57:32 - [MESSAGE][INFO] - commerce_layouts.FoodHomeCarousel

26-07-2024T17:57:32 - [MESSAGE][PASSED] - totalplay.Common.verifyPropertyValueExist is PASSED

26-07-2024T17:57:32 - [TEST_STEP][PASSED] - totalplay.Common.verifyPropertyExist(FoodSLP, components): totalplay.Common.verifyPropertyExist is PASSED

26-07-2024T17:57:32 - [MESSAGE][INFO] - Checking response object

26-07-2024T17:57:32 - [MESSAGE][PASSED] - totalplay.Common.verifyPropertyExist is PASSED

26-07-2024T17:57:32 - [TEST_STEP][PASSED] - totalplay.Common.verifyPropertyExist(FoodSLP, pageTitle): totalplay.Common.verifyPropertyExist is PASSED

26-07-2024T17:57:32 - [MESSAGE][INFO] - Checking response object

26-07-2024T17:57:32 - [MESSAGE][PASSED] - totalplay.Common.verifyPropertyExist is PASSED

26-07-2024T17:57:32 - [TEST_STEP][PASSED] - totalplay.Common.verifyPropertyValueExist(FoodSLP, pageTitle): totalplay.Common.verifyPropertyValueExist is PASSED

26-07-2024T17:57:32 - [MESSAGE][INFO] - Checking response object

26-07-2024T17:57:32 - [MESSAGE][INFO] - Store Listing Page (SLP) - Resturant

26-07-2024T17:57:32 - [MESSAGE][PASSED] - totalplay.Common.verifyPropertyValueExist is PASSED

26-07-2024T17:57:32 - [TEST_STEP][PASSED] - totalplay.Common.verifyPropertyExist(FoodSLP, pageTypeId): totalplay.Common.verifyPropertyExist is PASSED

26-07-2024T17:57:32 - [MESSAGE][INFO] - Checking response object

26-07-2024T17:57:32 - [MESSAGE][PASSED] - totalplay.Common.verifyPropertyExist is PASSED

26-07-2024T17:57:32 - [TEST_STEP][PASSED] - totalplay.Common.verifyPropertyValueExist(FoodSLP, pageTypeId): totalplay.Common.verifyPropertyValueExist is PASSED

26-07-2024T17:57:32 - [MESSAGE][INFO] - Checking response object

26-07-2024T17:57:32 - [MESSAGE][INFO] - FoodStoreListing

26-07-2024T17:57:32 - [MESSAGE][PASSED] - totalplay.Common.verifyPropertyValueExist is PASSED

26-07-2024T17:57:32 - [TEST_STEP][PASSED] - verifyElementPropertyValue(FoodSLP, "components[0].componentAssets[0].corporateColorCode", ""): Verify element property value successfully

26-07-2024T17:57:32 - [MESSAGE][INFO] - Checking response object

26-07-2024T17:57:32 - [MESSAGE][PASSED] - Verify element property value successfully

26-07-2024T17:57:32 - [TEST_STEP][PASSED] - totalplay.Common.verifyPropertyValueEmptyString(FoodSLP, components_componentAssets_corporateColorCode): totalplay.Common.verifyPropertyValueEmptyString is PASSED

26-07-2024T17:57:32 - [MESSAGE][INFO] - Checking response object

26-07-2024T17:57:32 - [MESSAGE][INFO] - 

26-07-2024T17:57:32 - [MESSAGE][PASSED] - totalplay.Common.verifyPropertyValueEmptyString is PASSED

26-07-2024T17:57:32 - [TEST_STEP][PASSED] - totalplay.Common.verifyPropertyExist(FoodSLP, components_componentAssets_componentType): totalplay.Common.verifyPropertyExist is PASSED

26-07-2024T17:57:32 - [MESSAGE][INFO] - Checking response object

26-07-2024T17:57:32 - [MESSAGE][PASSED] - totalplay.Common.verifyPropertyExist is PASSED

26-07-2024T17:57:32 - [TEST_STEP][PASSED] - totalplay.Common.verifyPropertyValueExist(FoodSLP, components_componentAssets_componentType): totalplay.Common.verifyPropertyValueExist is PASSED

26-07-2024T17:57:32 - [MESSAGE][INFO] - Checking response object

26-07-2024T17:57:32 - [MESSAGE][INFO] - commerce_assets

26-07-2024T17:57:32 - [MESSAGE][PASSED] - totalplay.Common.verifyPropertyValueExist is PASSED

26-07-2024T17:57:32 - [TEST_STEP][PASSED] - totalplay.Common.verifyPropertyExist(FoodSLP, components_componentAssets_image): totalplay.Common.verifyPropertyExist is PASSED

26-07-2024T17:57:32 - [MESSAGE][INFO] - Checking response object

26-07-2024T17:57:32 - [MESSAGE][PASSED] - totalplay.Common.verifyPropertyExist is PASSED

26-07-2024T17:57:32 - [TEST_STEP][PASSED] - totalplay.Common.verifyPropertyValueExist(FoodSLP, components_componentAssets_image): totalplay.Common.verifyPropertyValueExist is PASSED

26-07-2024T17:57:32 - [MESSAGE][INFO] - Checking response object

26-07-2024T17:57:33 - [MESSAGE][INFO] - https://salesforceqa.sistemastp.com.mx/dw/image/v2/BJCL_DEV/on/demandware.static/-/Sites-TP-FOOD-Library/default/dw38fd802d/mirakl/banner1.jpg

26-07-2024T17:57:33 - [MESSAGE][PASSED] - totalplay.Common.verifyPropertyValueExist is PASSED

26-07-2024T17:57:33 - [TEST_STEP][PASSED] - totalplay.Common.verifyPropertyExist(FoodSLP, components_componentAssets): totalplay.Common.verifyPropertyExist is PASSED

26-07-2024T17:57:33 - [MESSAGE][INFO] - Checking response object

26-07-2024T17:57:33 - [MESSAGE][PASSED] - totalplay.Common.verifyPropertyExist is PASSED

26-07-2024T17:57:33 - [TEST_STEP][PASSED] - totalplay.Common.verifyPropertyExist(FoodSLP, components_componentAssets_componentTypeId): totalplay.Common.verifyPropertyExist is PASSED

26-07-2024T17:57:33 - [MESSAGE][INFO] - Checking response object

26-07-2024T17:57:33 - [MESSAGE][PASSED] - totalplay.Common.verifyPropertyExist is PASSED

26-07-2024T17:57:33 - [TEST_STEP][PASSED] - totalplay.Common.verifyPropertyValueExist(FoodSLP, components_componentAssets_componentTypeId): totalplay.Common.verifyPropertyValueExist is PASSED

26-07-2024T17:57:33 - [MESSAGE][INFO] - Checking response object

26-07-2024T17:57:33 - [MESSAGE][INFO] - commerce_assets.FoodHomeBanner

26-07-2024T17:57:33 - [MESSAGE][PASSED] - totalplay.Common.verifyPropertyValueExist is PASSED

26-07-2024T17:57:33 - [TEST_STEP][PASSED] - totalplay.Common.verifyPropertyExist(FoodSLP, components_textHeadline): totalplay.Common.verifyPropertyExist is PASSED

26-07-2024T17:57:33 - [MESSAGE][INFO] - Checking response object

26-07-2024T17:57:33 - [MESSAGE][PASSED] - totalplay.Common.verifyPropertyExist is PASSED

26-07-2024T17:57:33 - [TEST_STEP][PASSED] - totalplay.Common.verifyPropertyValueExist(FoodSLP, components_textHeadline): totalplay.Common.verifyPropertyValueExist is PASSED

26-07-2024T17:57:33 - [MESSAGE][INFO] - Checking response object

26-07-2024T17:57:33 - [MESSAGE][INFO] - hero banner

26-07-2024T17:57:33 - [MESSAGE][PASSED] - totalplay.Common.verifyPropertyValueExist is PASSED

26-07-2024T17:57:33 - [TEST_STEP][PASSED] - totalplay.Common.verifyPropertyExist(FoodSLP, components_componentAssets_bannerName): totalplay.Common.verifyPropertyExist is PASSED

26-07-2024T17:57:33 - [MESSAGE][INFO] - Checking response object

26-07-2024T17:57:33 - [MESSAGE][PASSED] - totalplay.Common.verifyPropertyExist is PASSED

26-07-2024T17:57:33 - [TEST_STEP][PASSED] - totalplay.Common.verifyPropertyValueExist(FoodSLP, components_componentAssets_bannerName): totalplay.Common.verifyPropertyValueExist is PASSED

26-07-2024T17:57:33 - [MESSAGE][INFO] - Checking response object

26-07-2024T17:57:33 - [MESSAGE][INFO] - credit

26-07-2024T17:57:33 - [MESSAGE][PASSED] - totalplay.Common.verifyPropertyValueExist is PASSED

26-07-2024T17:57:33 - [TEST_STEP][PASSED] - totalplay.Common.verifyPropertyExist(FoodSLP, components_componentAssets_link): totalplay.Common.verifyPropertyExist is PASSED

26-07-2024T17:57:33 - [MESSAGE][INFO] - Checking response object

26-07-2024T17:57:33 - [MESSAGE][PASSED] - totalplay.Common.verifyPropertyExist is PASSED

26-07-2024T17:57:33 - [TEST_STEP][PASSED] - totalplay.Common.verifyPropertyValueExist(FoodSLP, components_componentAssets_link): totalplay.Common.verifyPropertyValueExist is PASSED

26-07-2024T17:57:33 - [MESSAGE][INFO] - Checking response object

26-07-2024T17:57:33 - [MESSAGE][INFO] - /on/demandware.store/Sites-TP-FOOD-Site/es/OnDemand-Show?isOndemand=true&corporateName=LaCasadelosAbuelos

26-07-2024T17:57:33 - [MESSAGE][PASSED] - totalplay.Common.verifyPropertyValueExist is PASSED

26-07-2024T17:57:33 - [TEST_STEP][PASSED] - totalplay.Common.getBooleanValueofObject(FoodSLP, components_componentAssets_isAgeRestricted): totalplay.Common.getBooleanValueofObject is PASSED

26-07-2024T17:57:33 - [MESSAGE][INFO] - Checking response object

26-07-2024T17:57:33 - [MESSAGE][PASSED] - totalplay.Common.getBooleanValueofObject is PASSED

26-07-2024T17:57:33 - [TEST_STEP][PASSED] - totalplay.Common.verifyPropertyExist(FoodSLP, components_componentAssets_bannerDesc): totalplay.Common.verifyPropertyExist is PASSED

26-07-2024T17:57:33 - [MESSAGE][INFO] - Checking response object

26-07-2024T17:57:33 - [MESSAGE][PASSED] - totalplay.Common.verifyPropertyExist is PASSED

26-07-2024T17:57:33 - [TEST_STEP][PASSED] - totalplay.Common.verifyPropertyValueExist(FoodSLP, components_componentAssets_bannerDesc): totalplay.Common.verifyPropertyValueExist is PASSED

26-07-2024T17:57:33 - [MESSAGE][INFO] - Checking response object

26-07-2024T17:57:33 - [MESSAGE][INFO] - credit

26-07-2024T17:57:33 - [MESSAGE][PASSED] - totalplay.Common.verifyPropertyValueExist is PASSED

26-07-2024T17:57:33 - [TEST_STEP][PASSED] - totalplay.Common.verifyPropertyValueExist(FoodSLP, components_componentAssets_deliveryTime): totalplay.Common.verifyPropertyValueExist is PASSED

26-07-2024T17:57:33 - [MESSAGE][INFO] - Checking response object

26-07-2024T17:57:33 - [MESSAGE][INFO] - 

26-07-2024T17:57:33 - [MESSAGE][PASSED] - totalplay.Common.verifyPropertyValueExist is PASSED

26-07-2024T17:57:33 - [TEST_STEP][PASSED] - totalplay.Common.verifyPropertyExist(FoodSLP, components_componentAssets_promotion): totalplay.Common.verifyPropertyExist is PASSED

26-07-2024T17:57:33 - [MESSAGE][INFO] - Checking response object

26-07-2024T17:57:33 - [MESSAGE][PASSED] - totalplay.Common.verifyPropertyExist is PASSED

26-07-2024T17:57:33 - [TEST_STEP][PASSED] - totalplay.Common.verifyPropertyValueExist(FoodSLP, components_componentAssets_promotion): totalplay.Common.verifyPropertyValueExist is PASSED

26-07-2024T17:57:33 - [MESSAGE][INFO] - Checking response object

26-07-2024T17:57:33 - [MESSAGE][INFO] - 1

26-07-2024T17:57:33 - [MESSAGE][PASSED] - totalplay.Common.verifyPropertyValueExist is PASSED

26-07-2024T17:57:33 - [TEST_STEP][PASSED] - totalplay.Common.verifyPropertyValueEmptyString(FoodSLP, components_componentAssets_positionAfter): totalplay.Common.verifyPropertyValueEmptyString is PASSED

26-07-2024T17:57:33 - [MESSAGE][INFO] - Checking response object

26-07-2024T17:57:33 - [MESSAGE][INFO] - 

26-07-2024T17:57:33 - [MESSAGE][PASSED] - totalplay.Common.verifyPropertyValueEmptyString is PASSED

26-07-2024T17:57:33 - [TEST_STEP][PASSED] - totalplay.Common.verifyPropertyExist(FoodSLP, components_componentAssets_linkType): totalplay.Common.verifyPropertyExist is PASSED

26-07-2024T17:57:33 - [MESSAGE][INFO] - Checking response object

26-07-2024T17:57:33 - [MESSAGE][PASSED] - totalplay.Common.verifyPropertyExist is PASSED

26-07-2024T17:57:33 - [TEST_STEP][PASSED] - totalplay.Common.verifyPropertyValueExist(FoodSLP, components_componentAssets_linkType): totalplay.Common.verifyPropertyValueExist is PASSED

26-07-2024T17:57:33 - [MESSAGE][INFO] - Checking response object

26-07-2024T17:57:33 - [MESSAGE][INFO] - PLP

26-07-2024T17:57:33 - [MESSAGE][PASSED] - totalplay.Common.verifyPropertyValueExist is PASSED

26-07-2024T17:57:33 - [TEST_STEP][PASSED] - totalplay.Common.verifyPropertyExist(FoodSLP, components_componentAssets_storeName): totalplay.Common.verifyPropertyExist is PASSED

26-07-2024T17:57:33 - [MESSAGE][INFO] - Checking response object

26-07-2024T17:57:33 - [MESSAGE][PASSED] - totalplay.Common.verifyPropertyExist is PASSED

26-07-2024T17:57:33 - [TEST_STEP][PASSED] - totalplay.Common.verifyPropertyValueExist(FoodSLP, components_componentAssets_storeName): totalplay.Common.verifyPropertyValueExist is PASSED

26-07-2024T17:57:33 - [MESSAGE][INFO] - Checking response object

26-07-2024T17:57:33 - [MESSAGE][INFO] - credit

26-07-2024T17:57:33 - [MESSAGE][PASSED] - totalplay.Common.verifyPropertyValueExist is PASSED

26-07-2024T17:57:33 - [TEST_STEP][PASSED] - totalplay.Common.verifyPropertyValueEmptyString(FoodSLP, components_componentAssets_ID): totalplay.Common.verifyPropertyValueEmptyString is PASSED

26-07-2024T17:57:33 - [MESSAGE][INFO] - Checking response object

26-07-2024T17:57:33 - [MESSAGE][INFO] - 

26-07-2024T17:57:33 - [MESSAGE][PASSED] - totalplay.Common.verifyPropertyValueEmptyString is PASSED]]></system-out>
         <system-err><![CDATA[]]></system-err>
      </testcase>
      <testcase name="Test Cases/TotalPlay-Food/TC_3_Food_PLP" time="6.905" classname="Test Cases/TotalPlay-Food/TC_3_Food_PLP" status="PASSED">
         <system-out><![CDATA[26-07-2024T17:57:33 - [TEST_CASE][PASSED] - Test Cases/TotalPlay-Food/TC_3_Food_PLP: Test Cases/TotalPlay-Food/TC_3_Food_PLP

26-07-2024T17:57:34 - [TEST_STEP][PASSED] - callTestCase(findTestCase("TotalPlay-Food/TC_1_Login_Service"), [:], STOP_ON_FAILURE): Call Test Case 'Test Cases/TotalPlay-Food/TC_1_Login_Service' successfully

26-07-2024T17:57:34 - [MESSAGE][INFO] - Checking called Test Case

26-07-2024T17:57:34 - [MESSAGE][INFO] - Starting to call Test Case 'Test Cases/TotalPlay-Food/TC_1_Login_Service'

26-07-2024T17:57:34 - [TEST_CASE][PASSED] - Test Cases/TotalPlay-Food/TC_1_Login_Service: Test Cases/TotalPlay-Food/TC_1_Login_Service

26-07-2024T17:57:34 - [TEST_STEP][PASSED] - LoginResponse = sendRequest(findTestObject("TotalPlay-Food/getTokenDelivery", ["URL":URL])): Send request successfully

26-07-2024T17:57:34 - [MESSAGE][INFO] - Finding Test Object 'Object Repository/TotalPlay-Food/getTokenDelivery'

26-07-2024T17:57:34 - [MESSAGE][INFO] - Checking request object

26-07-2024T17:57:37 - [MESSAGE][INFO] - HAR: C:\Users\ShubhamKumarThakur\OneDrive - Kognivera\Documents\TotalPlay\totalplay-automation\Reports\20240726_175712\Food_Services\20240726_175712\requests\main\3.har

26-07-2024T17:57:37 - [MESSAGE][PASSED] - Send request successfully

26-07-2024T17:57:37 - [TEST_STEP][PASSED] - assert getResponseStatusCode(LoginResponse) == 200: Checking response object

26-07-2024T17:57:37 - [MESSAGE][INFO] - Checking response object

26-07-2024T17:57:37 - [TEST_STEP][PASSED] - Auth = "ocapiResponse.access_token": null

26-07-2024T17:57:37 - [TEST_STEP][PASSED] - FoodBascketId = "ocapiResponse.c_basketId_TP_FOOD": null

26-07-2024T17:57:37 - [TEST_STEP][PASSED] - FoodBasId = getElementPropertyValue(LoginResponse, FoodBascketId): Checking response object

26-07-2024T17:57:37 - [MESSAGE][INFO] - Checking response object

26-07-2024T17:57:37 - [TEST_STEP][PASSED] - sfccAuthorization = getElementPropertyValue(LoginResponse, Auth): Checking response object

26-07-2024T17:57:37 - [MESSAGE][INFO] - Checking response object

26-07-2024T17:57:37 - [TEST_STEP][PASSED] - Authorization = "Bearer " + sfccAuthorization: null

26-07-2024T17:57:37 - [TEST_STEP][PASSED] - FoodBasketId = FoodBasId: null

26-07-2024T17:57:37 - [TEST_STEP][PASSED] - logInfo(bm_auth_token): 

26-07-2024T17:57:37 - [MESSAGE][INFO] - 

26-07-2024T17:57:37 - [TEST_STEP][PASSED] - if (sfccAuthorization.length() == 0): null

26-07-2024T17:57:37 - [TEST_STEP][PASSED] - else: authorization generated

26-07-2024T17:57:37 - [TEST_STEP][PASSED] - markPassed("authorization generated"): authorization generated

26-07-2024T17:57:37 - [MESSAGE][PASSED] - authorization generated

26-07-2024T17:57:37 - [TEST_STEP][PASSED] - BasketId_loginResponse = "ocapiResponse.c_basketId": null

26-07-2024T17:57:37 - [TEST_STEP][PASSED] - CustomerId_loginResponse = "ocapiResponse.customer_id": null

26-07-2024T17:57:37 - [TEST_STEP][PASSED] - basketId = getElementPropertyValue(LoginResponse, BasketId_loginResponse): Checking response object

26-07-2024T17:57:37 - [MESSAGE][INFO] - Checking response object

26-07-2024T17:57:37 - [TEST_STEP][PASSED] - customerId = getElementPropertyValue(LoginResponse, CustomerId_loginResponse): Checking response object

26-07-2024T17:57:37 - [MESSAGE][INFO] - Checking response object

26-07-2024T17:57:37 - [TEST_STEP][PASSED] - basketID = basketId: null

26-07-2024T17:57:37 - [TEST_STEP][PASSED] - sla_customerId = customerId: null

26-07-2024T17:57:37 - [TEST_STEP][PASSED] - println(basketID): null

26-07-2024T17:57:37 - [TEST_STEP][PASSED] - println(sla_customerId): null

26-07-2024T17:57:37 - [TEST_STEP][PASSED] - refresh_token = "ocapiResponse.refresh_token": null

26-07-2024T17:57:37 - [TEST_STEP][PASSED] - customer_email = "ocapiResponse.customer_email": null

26-07-2024T17:57:37 - [TEST_STEP][PASSED] - c_brmId = "ocapiResponse.c_brmId": null

26-07-2024T17:57:37 - [TEST_STEP][PASSED] - customer_name = "ocapiResponse.customer_name": null

26-07-2024T17:57:37 - [TEST_STEP][PASSED] - totalplay.Common.verifyPropertyExist(LoginResponse, refresh_token): totalplay.Common.verifyPropertyExist is PASSED

26-07-2024T17:57:37 - [MESSAGE][INFO] - Checking response object

26-07-2024T17:57:37 - [MESSAGE][PASSED] - totalplay.Common.verifyPropertyExist is PASSED

26-07-2024T17:57:37 - [TEST_STEP][PASSED] - totalplay.Common.verifyPropertyValueExist(LoginResponse, refresh_token): totalplay.Common.verifyPropertyValueExist is PASSED

26-07-2024T17:57:37 - [MESSAGE][INFO] - Checking response object

26-07-2024T17:57:37 - [MESSAGE][INFO] - xA4pMmKmkKTFUko97W2kROzffhBFFJh-yXurTzOXHIA

26-07-2024T17:57:37 - [MESSAGE][PASSED] - totalplay.Common.verifyPropertyValueExist is PASSED

26-07-2024T17:57:37 - [TEST_STEP][PASSED] - totalplay.Common.verifyPropertyExist(LoginResponse, customer_email): totalplay.Common.verifyPropertyExist is PASSED

26-07-2024T17:57:37 - [MESSAGE][INFO] - Checking response object

26-07-2024T17:57:37 - [MESSAGE][PASSED] - totalplay.Common.verifyPropertyExist is PASSED

26-07-2024T17:57:37 - [TEST_STEP][PASSED] - totalplay.Common.verifyPropertyValueExist(LoginResponse, customer_email): totalplay.Common.verifyPropertyValueExist is PASSED

26-07-2024T17:57:37 - [MESSAGE][INFO] - Checking response object

26-07-2024T17:57:37 - [MESSAGE][INFO] - cesar.waldo93@gmail.com

26-07-2024T17:57:37 - [MESSAGE][PASSED] - totalplay.Common.verifyPropertyValueExist is PASSED

26-07-2024T17:57:37 - [TEST_STEP][PASSED] - totalplay.Common.verifyPropertyExist(LoginResponse, customer_name): totalplay.Common.verifyPropertyExist is PASSED

26-07-2024T17:57:37 - [MESSAGE][INFO] - Checking response object

26-07-2024T17:57:37 - [MESSAGE][PASSED] - totalplay.Common.verifyPropertyExist is PASSED

26-07-2024T17:57:37 - [TEST_STEP][PASSED] - totalplay.Common.verifyPropertyValueExist(LoginResponse, customer_name): totalplay.Common.verifyPropertyValueExist is PASSED

26-07-2024T17:57:37 - [MESSAGE][INFO] - Checking response object

26-07-2024T17:57:37 - [MESSAGE][INFO] - CESAR GERARDO WALDO GONZALEZ

26-07-2024T17:57:37 - [MESSAGE][PASSED] - totalplay.Common.verifyPropertyValueExist is PASSED

26-07-2024T17:57:37 - [TEST_STEP][PASSED] - totalplay.Common.verifyPropertyExist(LoginResponse, c_brmId): totalplay.Common.verifyPropertyExist is PASSED

26-07-2024T17:57:37 - [MESSAGE][INFO] - Checking response object

26-07-2024T17:57:37 - [MESSAGE][PASSED] - totalplay.Common.verifyPropertyExist is PASSED

26-07-2024T17:57:37 - [TEST_STEP][PASSED] - totalplay.Common.verifyPropertyValueExist(LoginResponse, c_brmId): totalplay.Common.verifyPropertyValueExist is PASSED

26-07-2024T17:57:37 - [MESSAGE][INFO] - Checking response object

26-07-2024T17:57:37 - [MESSAGE][INFO] - 0106378356

26-07-2024T17:57:37 - [MESSAGE][PASSED] - totalplay.Common.verifyPropertyValueExist is PASSED

26-07-2024T17:57:37 - [MESSAGE][PASSED] - Call Test Case 'Test Cases/TotalPlay-Food/TC_1_Login_Service' successfully

26-07-2024T17:57:37 - [TEST_STEP][PASSED] - FoodPLP = sendRequest(findTestObject("TotalPlay-Food/Food PLP", ["URL":URL])): Send request successfully

26-07-2024T17:57:37 - [MESSAGE][INFO] - Finding Test Object 'Object Repository/TotalPlay-Food/Food PLP'

26-07-2024T17:57:37 - [MESSAGE][INFO] - Checking request object

26-07-2024T17:57:38 - [MESSAGE][INFO] - HAR: C:\Users\ShubhamKumarThakur\OneDrive - Kognivera\Documents\TotalPlay\totalplay-automation\Reports\20240726_175712\Food_Services\20240726_175712\requests\main\4.har

26-07-2024T17:57:38 - [MESSAGE][PASSED] - Send request successfully

26-07-2024T17:57:38 - [TEST_STEP][PASSED] - verifyResponseStatusCode(FoodPLP, 200): Verify response status code successfully

26-07-2024T17:57:38 - [MESSAGE][INFO] - Checking response object

26-07-2024T17:57:38 - [MESSAGE][PASSED] - Verify response status code successfully

26-07-2024T17:57:38 - [TEST_STEP][PASSED] - action = "action": null

26-07-2024T17:57:38 - [TEST_STEP][PASSED] - queryString = "queryString": null

26-07-2024T17:57:38 - [TEST_STEP][PASSED] - locale = "locale": null

26-07-2024T17:57:38 - [TEST_STEP][PASSED] - pageTitle = "pageTitle": null

26-07-2024T17:57:38 - [TEST_STEP][PASSED] - pageId = "pageId": null

26-07-2024T17:57:38 - [TEST_STEP][PASSED] - pageTypeId = "pageTypeId": null

26-07-2024T17:57:38 - [TEST_STEP][PASSED] - components = "components": null

26-07-2024T17:57:38 - [TEST_STEP][PASSED] - components_componentTypeId = "components[0].componentTypeId": null

26-07-2024T17:57:38 - [TEST_STEP][PASSED] - components_componentType = "components[0].componentType": null

26-07-2024T17:57:38 - [TEST_STEP][PASSED] - components_storeData = "components[1].storeData": null

26-07-2024T17:57:38 - [TEST_STEP][PASSED] - components_storeData_ID = "components[1].storeData.ID": null

26-07-2024T17:57:38 - [TEST_STEP][PASSED] - components_storeData_name = "components[1].storeData.name": null

26-07-2024T17:57:38 - [TEST_STEP][PASSED] - components_storeData_phone = "components[1].storeData.phone": null

26-07-2024T17:57:38 - [TEST_STEP][PASSED] - components_storeData_address = "components[1].storeData.address": null

26-07-2024T17:57:38 - [TEST_STEP][PASSED] - components_storeData_postalCode = "components[1].storeData.postalCode": null

26-07-2024T17:57:38 - [TEST_STEP][PASSED] - components_storeData_logo = "components[1].storeData.logo": null

26-07-2024T17:57:38 - [TEST_STEP][PASSED] - components_storeData_city = "components[1].storeData.city": null

26-07-2024T17:57:38 - [TEST_STEP][PASSED] - components_storeData_banner = "components[1].storeData.banner": null

26-07-2024T17:57:38 - [TEST_STEP][PASSED] - components_storeData_image = "components[1].storeData.image": null

26-07-2024T17:57:38 - [TEST_STEP][PASSED] - components_storeData_latitude = "components[1].storeData.latitude": null

26-07-2024T17:57:38 - [TEST_STEP][PASSED] - components_storeData_longitude = "components[1].storeData.longitude": null

26-07-2024T17:57:38 - [TEST_STEP][PASSED] - components_storeData_verticalsAvailable = "components[1].storeData.verticalsAvailable": null

26-07-2024T17:57:38 - [TEST_STEP][PASSED] - components_storeData_OndemandEDD = "components[1].storeData.OndemandEDD": null

26-07-2024T17:57:38 - [TEST_STEP][PASSED] - components_storeData_link = "components[1].storeData.link": null

26-07-2024T17:57:38 - [TEST_STEP][PASSED] - components_storeData_MultistoreEDD = "components[1].storeData.MultistoreEDD": null

26-07-2024T17:57:38 - [TEST_STEP][PASSED] - components_storeData_linkType = "components[1].storeData.linkType": null

26-07-2024T17:57:38 - [TEST_STEP][PASSED] - components_storeData_grade = "components[1].storeData.grade": null

26-07-2024T17:57:38 - [TEST_STEP][PASSED] - components_storeData_open = "components[1].storeData.open": null

26-07-2024T17:57:38 - [TEST_STEP][PASSED] - components_storeData_evaluationsCount = "components[1].storeData.evaluationsCount": null

26-07-2024T17:57:38 - [TEST_STEP][PASSED] - components_storeData_openHours = "components[1].storeData.openHours": null

26-07-2024T17:57:38 - [TEST_STEP][PASSED] - components_storeData_openHours_time = "components[1].storeData.openHours[0].time": null

26-07-2024T17:57:38 - [TEST_STEP][PASSED] - components_storeData_openHours_time_openingTime = "components[1].storeData.openHours[0].time[0].openingTime": null

26-07-2024T17:57:38 - [TEST_STEP][PASSED] - components_storeData_openHours_time_closingTime = "components[1].storeData.openHours[0].time[0].closingTime": null

26-07-2024T17:57:38 - [TEST_STEP][PASSED] - components_storeData_openHours_day = "components[1].storeData.openHours[0].day": null

26-07-2024T17:57:38 - [TEST_STEP][PASSED] - components_storeData_shipmentCost = "components[1].storeData.shipmentCost": null

26-07-2024T17:57:38 - [TEST_STEP][PASSED] - components_storeData_shipmentCost_currency = "components[1].storeData.shipmentCost.currency": null

26-07-2024T17:57:38 - [TEST_STEP][PASSED] - components_storeData_shipmentCost_formatted = "components[1].storeData.shipmentCost.formatted": null

26-07-2024T17:57:38 - [TEST_STEP][PASSED] - components_storeData_storeType = "components[1].storeData.storeType": null

26-07-2024T17:57:38 - [TEST_STEP][PASSED] - components__storeData_ratings = "components[1].storeData.ratings": null

26-07-2024T17:57:38 - [TEST_STEP][PASSED] - components_storeData_corporateColorCode = "components[1].storeData.corporateColorCode": null

26-07-2024T17:57:38 - [TEST_STEP][PASSED] - components_storeData_grantiasDeLaTienda = "components[1].storeData.grantiasDeLaTienda": null

26-07-2024T17:57:38 - [TEST_STEP][PASSED] - components_storeData_tarifaDeEntrega = "components[1].storeData.tarifaDeEntrega": null

26-07-2024T17:57:38 - [TEST_STEP][PASSED] - components_storeData_politicaDePrecios = "components[1].storeData.politicaDePrecios": null

26-07-2024T17:57:38 - [TEST_STEP][PASSED] - components_storeData_ageShowWarningModel = "components[1].storeData.ageShowWarningModel": null

26-07-2024T17:57:38 - [TEST_STEP][PASSED] - components_componentAssets = "components[2].componentAssets[0]": null

26-07-2024T17:57:38 - [TEST_STEP][PASSED] - components_componentAssets_componentTypeId = "components[2].componentAssets[0].componentTypeId": null

26-07-2024T17:57:38 - [TEST_STEP][PASSED] - components_componentAssets_link = "components[2].componentAssets[0].link": null

26-07-2024T17:57:38 - [TEST_STEP][PASSED] - components_componentAssets_isAgeRestricted = "components[2].componentAssets[0].isAgeRestricted": null

26-07-2024T17:57:38 - [TEST_STEP][PASSED] - components_componentAssets_bannerDesc = "components[2].componentAssets[0].bannerDesc": null

26-07-2024T17:57:38 - [TEST_STEP][PASSED] - components_componentAssets_bannerName = "components[2].componentAssets[0].bannerName": null

26-07-2024T17:57:38 - [TEST_STEP][PASSED] - components_componentAssets_linkType = "components[2].componentAssets[0].linkType": null

26-07-2024T17:57:38 - [TEST_STEP][PASSED] - components_componentAssets_logo = "components[2].componentAssets[0].logo": null

26-07-2024T17:57:38 - [TEST_STEP][PASSED] - components_componentAssets_corporateColorCode = "components[2].componentAssets[0].corporateColorCode": null

26-07-2024T17:57:38 - [TEST_STEP][PASSED] - components_componentAssets_deliveryTime = "components[2].componentAssets[0].deliveryTime": null

26-07-2024T17:57:38 - [TEST_STEP][PASSED] - components_componentAssets_positionAfter = "components[2].componentAssets[0].positionAfter": null

26-07-2024T17:57:38 - [TEST_STEP][PASSED] - totalplay.Common.verifyPropertyExist(FoodPLP, components_componentType): totalplay.Common.verifyPropertyExist is PASSED

26-07-2024T17:57:38 - [MESSAGE][INFO] - Checking response object

26-07-2024T17:57:38 - [MESSAGE][PASSED] - totalplay.Common.verifyPropertyExist is PASSED

26-07-2024T17:57:38 - [TEST_STEP][PASSED] - totalplay.Common.verifyPropertyValueExist(FoodPLP, components_componentType): totalplay.Common.verifyPropertyValueExist is PASSED

26-07-2024T17:57:38 - [MESSAGE][INFO] - Checking response object

26-07-2024T17:57:38 - [MESSAGE][INFO] - commerce_assets

26-07-2024T17:57:38 - [MESSAGE][PASSED] - totalplay.Common.verifyPropertyValueExist is PASSED

26-07-2024T17:57:38 - [TEST_STEP][PASSED] - totalplay.Common.verifyPropertyExist(FoodPLP, components_componentType): totalplay.Common.verifyPropertyExist is PASSED

26-07-2024T17:57:38 - [MESSAGE][INFO] - Checking response object

26-07-2024T17:57:38 - [MESSAGE][PASSED] - totalplay.Common.verifyPropertyExist is PASSED

26-07-2024T17:57:38 - [TEST_STEP][PASSED] - totalplay.Common.verifyPropertyValueExist(FoodPLP, components_componentType): totalplay.Common.verifyPropertyValueExist is PASSED

26-07-2024T17:57:38 - [MESSAGE][INFO] - Checking response object

26-07-2024T17:57:38 - [MESSAGE][INFO] - commerce_assets

26-07-2024T17:57:38 - [MESSAGE][PASSED] - totalplay.Common.verifyPropertyValueExist is PASSED

26-07-2024T17:57:38 - [TEST_STEP][PASSED] - totalplay.Common.verifyPropertyExist(FoodPLP, components_storeData): totalplay.Common.verifyPropertyExist is PASSED

26-07-2024T17:57:38 - [MESSAGE][INFO] - Checking response object

26-07-2024T17:57:38 - [MESSAGE][PASSED] - totalplay.Common.verifyPropertyExist is PASSED

26-07-2024T17:57:38 - [TEST_STEP][PASSED] - totalplay.Common.verifyPropertyExist(FoodPLP, components_storeData_ID): totalplay.Common.verifyPropertyExist is PASSED

26-07-2024T17:57:38 - [MESSAGE][INFO] - Checking response object

26-07-2024T17:57:38 - [MESSAGE][PASSED] - totalplay.Common.verifyPropertyExist is PASSED

26-07-2024T17:57:38 - [TEST_STEP][PASSED] - totalplay.Common.verifyPropertyValueExist(FoodPLP, components_storeData_ID): totalplay.Common.verifyPropertyValueExist is PASSED

26-07-2024T17:57:38 - [MESSAGE][INFO] - Checking response object

26-07-2024T17:57:38 - [MESSAGE][INFO] - 2071

26-07-2024T17:57:38 - [MESSAGE][PASSED] - totalplay.Common.verifyPropertyValueExist is PASSED

26-07-2024T17:57:38 - [TEST_STEP][PASSED] - totalplay.Common.verifyPropertyExist(FoodPLP, components_storeData_name): totalplay.Common.verifyPropertyExist is PASSED

26-07-2024T17:57:38 - [MESSAGE][INFO] - Checking response object

26-07-2024T17:57:38 - [MESSAGE][PASSED] - totalplay.Common.verifyPropertyExist is PASSED

26-07-2024T17:57:38 - [TEST_STEP][PASSED] - totalplay.Common.verifyPropertyValueExist(FoodPLP, components_storeData_name): totalplay.Common.verifyPropertyValueExist is PASSED

26-07-2024T17:57:38 - [MESSAGE][INFO] - Checking response object

26-07-2024T17:57:38 - [MESSAGE][INFO] - Sirloin Food

26-07-2024T17:57:38 - [MESSAGE][PASSED] - totalplay.Common.verifyPropertyValueExist is PASSED

26-07-2024T17:57:38 - [TEST_STEP][PASSED] - totalplay.Common.verifyPropertyExist(FoodPLP, components_storeData_address): totalplay.Common.verifyPropertyExist is PASSED

26-07-2024T17:57:38 - [MESSAGE][INFO] - Checking response object

26-07-2024T17:57:38 - [MESSAGE][PASSED] - totalplay.Common.verifyPropertyExist is PASSED

26-07-2024T17:57:38 - [TEST_STEP][PASSED] - totalplay.Common.verifyPropertyValueExist(FoodPLP, components_storeData_address): totalplay.Common.verifyPropertyValueExist is PASSED

26-07-2024T17:57:38 - [MESSAGE][INFO] - Checking response object

26-07-2024T17:57:38 - [MESSAGE][INFO] - Av. San Jerónimo 252, Tizapán San Ángel, La Otra Banda, Coyoacán, 04510 Ciudad de México, CDMX

26-07-2024T17:57:38 - [MESSAGE][PASSED] - totalplay.Common.verifyPropertyValueExist is PASSED

26-07-2024T17:57:38 - [TEST_STEP][PASSED] - totalplay.Common.verifyPropertyExist(FoodPLP, components_storeData_postalCode): totalplay.Common.verifyPropertyExist is PASSED

26-07-2024T17:57:38 - [MESSAGE][INFO] - Checking response object

26-07-2024T17:57:38 - [MESSAGE][PASSED] - totalplay.Common.verifyPropertyExist is PASSED

26-07-2024T17:57:38 - [TEST_STEP][PASSED] - totalplay.Common.verifyPropertyValueExist(FoodPLP, components_storeData_postalCode): totalplay.Common.verifyPropertyValueExist is PASSED

26-07-2024T17:57:38 - [MESSAGE][INFO] - Checking response object

26-07-2024T17:57:38 - [MESSAGE][INFO] - 04510

26-07-2024T17:57:38 - [MESSAGE][PASSED] - totalplay.Common.verifyPropertyValueExist is PASSED

26-07-2024T17:57:38 - [TEST_STEP][PASSED] - totalplay.Common.verifyPropertyExist(FoodPLP, components_storeData_logo): totalplay.Common.verifyPropertyExist is PASSED

26-07-2024T17:57:38 - [MESSAGE][INFO] - Checking response object

26-07-2024T17:57:38 - [MESSAGE][PASSED] - totalplay.Common.verifyPropertyExist is PASSED

26-07-2024T17:57:38 - [TEST_STEP][PASSED] - totalplay.Common.verifyPropertyValueExist(FoodPLP, components_storeData_logo): totalplay.Common.verifyPropertyValueExist is PASSED

26-07-2024T17:57:38 - [MESSAGE][INFO] - Checking response object

26-07-2024T17:57:38 - [MESSAGE][INFO] - https://salesforceqa.sistemastp.com.mx/on/demandware.static/-/Sites/default/dwb78a20a1/filler_REC.jpg

26-07-2024T17:57:38 - [MESSAGE][PASSED] - totalplay.Common.verifyPropertyValueExist is PASSED

26-07-2024T17:57:38 - [TEST_STEP][PASSED] - totalplay.Common.verifyPropertyExist(FoodPLP, components_storeData_city): totalplay.Common.verifyPropertyExist is PASSED

26-07-2024T17:57:38 - [MESSAGE][INFO] - Checking response object

26-07-2024T17:57:39 - [MESSAGE][PASSED] - totalplay.Common.verifyPropertyExist is PASSED

26-07-2024T17:57:39 - [TEST_STEP][PASSED] - totalplay.Common.verifyPropertyValueExist(FoodPLP, components_storeData_city): totalplay.Common.verifyPropertyValueExist is PASSED

26-07-2024T17:57:39 - [MESSAGE][INFO] - Checking response object

26-07-2024T17:57:39 - [MESSAGE][INFO] - México

26-07-2024T17:57:39 - [MESSAGE][PASSED] - totalplay.Common.verifyPropertyValueExist is PASSED

26-07-2024T17:57:39 - [TEST_STEP][PASSED] - totalplay.Common.verifyPropertyExist(FoodPLP, components_storeData_banner): totalplay.Common.verifyPropertyExist is PASSED

26-07-2024T17:57:39 - [MESSAGE][INFO] - Checking response object

26-07-2024T17:57:39 - [MESSAGE][PASSED] - totalplay.Common.verifyPropertyExist is PASSED

26-07-2024T17:57:39 - [TEST_STEP][PASSED] - totalplay.Common.verifyPropertyValueExist(FoodPLP, components_storeData_banner): totalplay.Common.verifyPropertyValueExist is PASSED

26-07-2024T17:57:39 - [MESSAGE][INFO] - Checking response object

26-07-2024T17:57:39 - [MESSAGE][INFO] - https://salesforceqa.sistemastp.com.mx/on/demandware.static/-/Sites/default/dwb78a20a1/filler_REC.jpg

26-07-2024T17:57:39 - [MESSAGE][PASSED] - totalplay.Common.verifyPropertyValueExist is PASSED

26-07-2024T17:57:39 - [TEST_STEP][PASSED] - totalplay.Common.verifyPropertyExist(FoodPLP, components_storeData_image): totalplay.Common.verifyPropertyExist is PASSED

26-07-2024T17:57:39 - [MESSAGE][INFO] - Checking response object

26-07-2024T17:57:39 - [MESSAGE][PASSED] - totalplay.Common.verifyPropertyExist is PASSED

26-07-2024T17:57:39 - [TEST_STEP][PASSED] - totalplay.Common.verifyPropertyValueExist(FoodPLP, components_storeData_image): totalplay.Common.verifyPropertyValueExist is PASSED

26-07-2024T17:57:39 - [MESSAGE][INFO] - Checking response object

26-07-2024T17:57:39 - [MESSAGE][INFO] - https://salesforceqa.sistemastp.com.mx/on/demandware.static/-/Sites/default/dwb78a20a1/filler_REC.jpg

26-07-2024T17:57:39 - [MESSAGE][PASSED] - totalplay.Common.verifyPropertyValueExist is PASSED

26-07-2024T17:57:39 - [TEST_STEP][PASSED] - totalplay.Common.getDecimalValueofObject(FoodPLP, components_storeData_latitude): totalplay.Common.getDecimalValueofObject is PASSED

26-07-2024T17:57:39 - [MESSAGE][INFO] - Checking response object

26-07-2024T17:57:39 - [MESSAGE][PASSED] - totalplay.Common.getDecimalValueofObject is PASSED

26-07-2024T17:57:39 - [TEST_STEP][PASSED] - totalplay.Common.getDecimalValueofObject(FoodPLP, components_storeData_longitude): totalplay.Common.getDecimalValueofObject is PASSED

26-07-2024T17:57:39 - [MESSAGE][INFO] - Checking response object

26-07-2024T17:57:39 - [MESSAGE][PASSED] - totalplay.Common.getDecimalValueofObject is PASSED

26-07-2024T17:57:39 - [TEST_STEP][PASSED] - totalplay.Common.getBooleanValueofObject(FoodPLP, components_storeData_verticalsAvailable): totalplay.Common.getBooleanValueofObject is PASSED

26-07-2024T17:57:39 - [MESSAGE][INFO] - Checking response object

26-07-2024T17:57:39 - [MESSAGE][PASSED] - totalplay.Common.getBooleanValueofObject is PASSED

26-07-2024T17:57:39 - [TEST_STEP][PASSED] - totalplay.Common.verifyPropertyExist(FoodPLP, components_storeData_link): totalplay.Common.verifyPropertyExist is PASSED

26-07-2024T17:57:39 - [MESSAGE][INFO] - Checking response object

26-07-2024T17:57:39 - [MESSAGE][PASSED] - totalplay.Common.verifyPropertyExist is PASSED

26-07-2024T17:57:39 - [TEST_STEP][PASSED] - totalplay.Common.verifyPropertyValueExist(FoodPLP, components_storeData_link): totalplay.Common.verifyPropertyValueExist is PASSED

26-07-2024T17:57:39 - [MESSAGE][INFO] - Checking response object

26-07-2024T17:57:39 - [MESSAGE][INFO] - /on/demandware.store/Sites-TP-FOOD-Site/es/OnDemand-Show?storeName=Sirloin Food

26-07-2024T17:57:39 - [MESSAGE][PASSED] - totalplay.Common.verifyPropertyValueExist is PASSED

26-07-2024T17:57:39 - [TEST_STEP][PASSED] - totalplay.Common.getBooleanValueofObject(FoodPLP, components_componentAssets_deliveryTime): totalplay.Common.getBooleanValueofObject is PASSED

26-07-2024T17:57:39 - [MESSAGE][INFO] - Checking response object

26-07-2024T17:57:39 - [MESSAGE][PASSED] - totalplay.Common.getBooleanValueofObject is PASSED

26-07-2024T17:57:39 - [TEST_STEP][PASSED] - totalplay.Common.getBooleanValueofObject(FoodPLP, components_storeData_MultistoreEDD): totalplay.Common.getBooleanValueofObject is PASSED

26-07-2024T17:57:39 - [MESSAGE][INFO] - Checking response object

26-07-2024T17:57:39 - [MESSAGE][PASSED] - totalplay.Common.getBooleanValueofObject is PASSED

26-07-2024T17:57:39 - [TEST_STEP][PASSED] - totalplay.Common.verifyPropertyExist(FoodPLP, components_storeData_linkType): totalplay.Common.verifyPropertyExist is PASSED

26-07-2024T17:57:39 - [MESSAGE][INFO] - Checking response object

26-07-2024T17:57:39 - [MESSAGE][PASSED] - totalplay.Common.verifyPropertyExist is PASSED

26-07-2024T17:57:39 - [TEST_STEP][PASSED] - totalplay.Common.verifyPropertyValueExist(FoodPLP, components_storeData_linkType): totalplay.Common.verifyPropertyValueExist is PASSED

26-07-2024T17:57:39 - [MESSAGE][INFO] - Checking response object

26-07-2024T17:57:39 - [MESSAGE][INFO] - PLP

26-07-2024T17:57:39 - [MESSAGE][PASSED] - totalplay.Common.verifyPropertyValueExist is PASSED

26-07-2024T17:57:39 - [TEST_STEP][PASSED] - totalplay.Common.getNumValueofObject(FoodPLP, components_storeData_grade): totalplay.Common.getNumValueofObject is PASSED

26-07-2024T17:57:39 - [MESSAGE][INFO] - Checking response object

26-07-2024T17:57:39 - [MESSAGE][PASSED] - totalplay.Common.getNumValueofObject is PASSED

26-07-2024T17:57:39 - [TEST_STEP][PASSED] - totalplay.Common.getBooleanValueofObject(FoodPLP, components_storeData_open): totalplay.Common.getBooleanValueofObject is PASSED

26-07-2024T17:57:39 - [MESSAGE][INFO] - Checking response object

26-07-2024T17:57:39 - [MESSAGE][PASSED] - totalplay.Common.getBooleanValueofObject is PASSED

26-07-2024T17:57:39 - [TEST_STEP][PASSED] - totalplay.Common.getNumValueofObject(FoodPLP, components_storeData_evaluationsCount): totalplay.Common.getNumValueofObject is PASSED

26-07-2024T17:57:39 - [MESSAGE][INFO] - Checking response object

26-07-2024T17:57:39 - [MESSAGE][PASSED] - totalplay.Common.getNumValueofObject is PASSED

26-07-2024T17:57:39 - [TEST_STEP][PASSED] - totalplay.Common.verifyPropertyExist(FoodPLP, components_storeData_openHours): totalplay.Common.verifyPropertyExist is PASSED

26-07-2024T17:57:39 - [MESSAGE][INFO] - Checking response object

26-07-2024T17:57:39 - [MESSAGE][PASSED] - totalplay.Common.verifyPropertyExist is PASSED

26-07-2024T17:57:39 - [TEST_STEP][PASSED] - totalplay.Common.verifyPropertyExist(FoodPLP, components_storeData_openHours_time): totalplay.Common.verifyPropertyExist is PASSED

26-07-2024T17:57:39 - [MESSAGE][INFO] - Checking response object

26-07-2024T17:57:39 - [MESSAGE][PASSED] - totalplay.Common.verifyPropertyExist is PASSED

26-07-2024T17:57:39 - [TEST_STEP][PASSED] - totalplay.Common.verifyPropertyExist(FoodPLP, components_storeData_openHours_time_openingTime): totalplay.Common.verifyPropertyExist is PASSED

26-07-2024T17:57:39 - [MESSAGE][INFO] - Checking response object

26-07-2024T17:57:39 - [MESSAGE][PASSED] - totalplay.Common.verifyPropertyExist is PASSED

26-07-2024T17:57:39 - [TEST_STEP][PASSED] - totalplay.Common.verifyPropertyValueExist(FoodPLP, components_storeData_openHours_time_openingTime): totalplay.Common.verifyPropertyValueExist is PASSED

26-07-2024T17:57:39 - [MESSAGE][INFO] - Checking response object

26-07-2024T17:57:39 - [MESSAGE][INFO] - 13:30

26-07-2024T17:57:39 - [MESSAGE][PASSED] - totalplay.Common.verifyPropertyValueExist is PASSED

26-07-2024T17:57:39 - [TEST_STEP][PASSED] - totalplay.Common.verifyPropertyExist(FoodPLP, components_storeData_openHours_time_closingTime): totalplay.Common.verifyPropertyExist is PASSED

26-07-2024T17:57:39 - [MESSAGE][INFO] - Checking response object

26-07-2024T17:57:39 - [MESSAGE][PASSED] - totalplay.Common.verifyPropertyExist is PASSED

26-07-2024T17:57:39 - [TEST_STEP][PASSED] - totalplay.Common.verifyPropertyValueExist(FoodPLP, components_storeData_openHours_time_closingTime): totalplay.Common.verifyPropertyValueExist is PASSED

26-07-2024T17:57:39 - [MESSAGE][INFO] - Checking response object

26-07-2024T17:57:39 - [MESSAGE][INFO] - 15:30

26-07-2024T17:57:39 - [MESSAGE][PASSED] - totalplay.Common.verifyPropertyValueExist is PASSED

26-07-2024T17:57:39 - [TEST_STEP][PASSED] - totalplay.Common.verifyPropertyExist(FoodPLP, components_storeData_openHours_day): totalplay.Common.verifyPropertyExist is PASSED

26-07-2024T17:57:39 - [MESSAGE][INFO] - Checking response object

26-07-2024T17:57:39 - [MESSAGE][PASSED] - totalplay.Common.verifyPropertyExist is PASSED

26-07-2024T17:57:39 - [TEST_STEP][PASSED] - totalplay.Common.verifyPropertyValueExist(FoodPLP, components_storeData_openHours_day): totalplay.Common.verifyPropertyValueExist is PASSED

26-07-2024T17:57:39 - [MESSAGE][INFO] - Checking response object

26-07-2024T17:57:39 - [MESSAGE][INFO] - Lunes

26-07-2024T17:57:39 - [MESSAGE][PASSED] - totalplay.Common.verifyPropertyValueExist is PASSED

26-07-2024T17:57:39 - [TEST_STEP][PASSED] - totalplay.Common.verifyPropertyExist(FoodPLP, components_storeData_shipmentCost): totalplay.Common.verifyPropertyExist is PASSED

26-07-2024T17:57:39 - [MESSAGE][INFO] - Checking response object

26-07-2024T17:57:39 - [MESSAGE][PASSED] - totalplay.Common.verifyPropertyExist is PASSED

26-07-2024T17:57:39 - [TEST_STEP][PASSED] - totalplay.Common.verifyPropertyExist(FoodPLP, components_storeData_shipmentCost_currency): totalplay.Common.verifyPropertyExist is PASSED

26-07-2024T17:57:39 - [MESSAGE][INFO] - Checking response object

26-07-2024T17:57:39 - [MESSAGE][PASSED] - totalplay.Common.verifyPropertyExist is PASSED

26-07-2024T17:57:39 - [TEST_STEP][PASSED] - totalplay.Common.verifyPropertyValueExist(FoodPLP, components_storeData_shipmentCost_currency): totalplay.Common.verifyPropertyValueExist is PASSED

26-07-2024T17:57:39 - [MESSAGE][INFO] - Checking response object

26-07-2024T17:57:39 - [MESSAGE][INFO] - MXN

26-07-2024T17:57:39 - [MESSAGE][PASSED] - totalplay.Common.verifyPropertyValueExist is PASSED

26-07-2024T17:57:39 - [TEST_STEP][PASSED] - totalplay.Common.verifyPropertyExist(FoodPLP, components_storeData_shipmentCost_formatted): totalplay.Common.verifyPropertyExist is PASSED

26-07-2024T17:57:39 - [MESSAGE][INFO] - Checking response object

26-07-2024T17:57:39 - [MESSAGE][PASSED] - totalplay.Common.verifyPropertyExist is PASSED

26-07-2024T17:57:39 - [TEST_STEP][PASSED] - totalplay.Common.verifyPropertyValueExist(FoodPLP, components_storeData_shipmentCost_formatted): totalplay.Common.verifyPropertyValueExist is PASSED

26-07-2024T17:57:39 - [MESSAGE][INFO] - Checking response object

26-07-2024T17:57:39 - [MESSAGE][INFO] - $50.00

26-07-2024T17:57:39 - [MESSAGE][PASSED] - totalplay.Common.verifyPropertyValueExist is PASSED

26-07-2024T17:57:39 - [TEST_STEP][PASSED] - totalplay.Common.verifyPropertyExist(FoodPLP, components_storeData_storeType): totalplay.Common.verifyPropertyExist is PASSED

26-07-2024T17:57:39 - [MESSAGE][INFO] - Checking response object

26-07-2024T17:57:40 - [MESSAGE][PASSED] - totalplay.Common.verifyPropertyExist is PASSED

26-07-2024T17:57:40 - [TEST_STEP][PASSED] - totalplay.Common.verifyPropertyValueExist(FoodPLP, components_storeData_storeType): totalplay.Common.verifyPropertyValueExist is PASSED

26-07-2024T17:57:40 - [MESSAGE][INFO] - Checking response object

26-07-2024T17:57:40 - [MESSAGE][INFO] - krusty

26-07-2024T17:57:40 - [MESSAGE][PASSED] - totalplay.Common.verifyPropertyValueExist is PASSED

26-07-2024T17:57:40 - [TEST_STEP][PASSED] - totalplay.Common.getNumValueofObject(FoodPLP, components__storeData_ratings): totalplay.Common.getNumValueofObject is PASSED

26-07-2024T17:57:40 - [MESSAGE][INFO] - Checking response object

26-07-2024T17:57:40 - [MESSAGE][PASSED] - totalplay.Common.getNumValueofObject is PASSED

26-07-2024T17:57:40 - [TEST_STEP][PASSED] - totalplay.Common.getBooleanValueofObject(FoodPLP, components_storeData_grantiasDeLaTienda): totalplay.Common.getBooleanValueofObject is PASSED

26-07-2024T17:57:40 - [MESSAGE][INFO] - Checking response object

26-07-2024T17:57:40 - [MESSAGE][PASSED] - totalplay.Common.getBooleanValueofObject is PASSED

26-07-2024T17:57:40 - [TEST_STEP][PASSED] - totalplay.Common.getBooleanValueofObject(FoodPLP, components_storeData_tarifaDeEntrega): totalplay.Common.getBooleanValueofObject is PASSED

26-07-2024T17:57:40 - [MESSAGE][INFO] - Checking response object

26-07-2024T17:57:40 - [MESSAGE][PASSED] - totalplay.Common.getBooleanValueofObject is PASSED

26-07-2024T17:57:40 - [TEST_STEP][PASSED] - totalplay.Common.getBooleanValueofObject(FoodPLP, components_storeData_politicaDePrecios): totalplay.Common.getBooleanValueofObject is PASSED

26-07-2024T17:57:40 - [MESSAGE][INFO] - Checking response object

26-07-2024T17:57:40 - [MESSAGE][PASSED] - totalplay.Common.getBooleanValueofObject is PASSED

26-07-2024T17:57:40 - [TEST_STEP][PASSED] - totalplay.Common.getBooleanValueofObject(FoodPLP, components_storeData_ageShowWarningModel): totalplay.Common.getBooleanValueofObject is PASSED

26-07-2024T17:57:40 - [MESSAGE][INFO] - Checking response object

26-07-2024T17:57:40 - [MESSAGE][PASSED] - totalplay.Common.getBooleanValueofObject is PASSED

26-07-2024T17:57:40 - [TEST_STEP][PASSED] - totalplay.Common.verifyPropertyExist(FoodPLP, components_componentAssets): totalplay.Common.verifyPropertyExist is PASSED

26-07-2024T17:57:40 - [MESSAGE][INFO] - Checking response object

26-07-2024T17:57:40 - [MESSAGE][PASSED] - totalplay.Common.verifyPropertyExist is PASSED

26-07-2024T17:57:40 - [TEST_STEP][PASSED] - totalplay.Common.verifyPropertyExist(FoodPLP, components_componentAssets_componentTypeId): totalplay.Common.verifyPropertyExist is PASSED

26-07-2024T17:57:40 - [MESSAGE][INFO] - Checking response object

26-07-2024T17:57:40 - [MESSAGE][PASSED] - totalplay.Common.verifyPropertyExist is PASSED

26-07-2024T17:57:40 - [TEST_STEP][PASSED] - totalplay.Common.verifyPropertyValueExist(FoodPLP, components_componentAssets_componentTypeId): totalplay.Common.verifyPropertyValueExist is PASSED

26-07-2024T17:57:40 - [MESSAGE][INFO] - Checking response object

26-07-2024T17:57:40 - [MESSAGE][INFO] - commerce_assets.FoodHomeBanner

26-07-2024T17:57:40 - [MESSAGE][PASSED] - totalplay.Common.verifyPropertyValueExist is PASSED

26-07-2024T17:57:40 - [TEST_STEP][PASSED] - totalplay.Common.verifyPropertyExist(FoodPLP, components_componentAssets_link): totalplay.Common.verifyPropertyExist is PASSED

26-07-2024T17:57:40 - [MESSAGE][INFO] - Checking response object

26-07-2024T17:57:40 - [MESSAGE][PASSED] - totalplay.Common.verifyPropertyExist is PASSED

26-07-2024T17:57:40 - [TEST_STEP][PASSED] - totalplay.Common.verifyPropertyValueExist(FoodPLP, components_componentAssets_link): totalplay.Common.verifyPropertyValueExist is PASSED

26-07-2024T17:57:40 - [MESSAGE][INFO] - Checking response object

26-07-2024T17:57:40 - [MESSAGE][INFO] - link

26-07-2024T17:57:40 - [MESSAGE][PASSED] - totalplay.Common.verifyPropertyValueExist is PASSED

26-07-2024T17:57:40 - [TEST_STEP][PASSED] - totalplay.Common.getBooleanValueofObject(FoodPLP, components_componentAssets_isAgeRestricted): totalplay.Common.getBooleanValueofObject is PASSED

26-07-2024T17:57:40 - [MESSAGE][INFO] - Checking response object

26-07-2024T17:57:40 - [MESSAGE][PASSED] - totalplay.Common.getBooleanValueofObject is PASSED

26-07-2024T17:57:40 - [TEST_STEP][PASSED] - totalplay.Common.verifyPropertyExist(FoodPLP, components_componentAssets_bannerDesc): totalplay.Common.verifyPropertyExist is PASSED

26-07-2024T17:57:40 - [MESSAGE][INFO] - Checking response object

26-07-2024T17:57:40 - [MESSAGE][PASSED] - totalplay.Common.verifyPropertyExist is PASSED

26-07-2024T17:57:40 - [TEST_STEP][PASSED] - totalplay.Common.verifyPropertyValueExist(FoodPLP, components_componentAssets_bannerDesc): totalplay.Common.verifyPropertyValueExist is PASSED

26-07-2024T17:57:40 - [MESSAGE][INFO] - Checking response object

26-07-2024T17:57:40 - [MESSAGE][INFO] - En la compra de un rollo de temporada llevete un clasico gratis

26-07-2024T17:57:40 - [MESSAGE][PASSED] - totalplay.Common.verifyPropertyValueExist is PASSED

26-07-2024T17:57:40 - [TEST_STEP][PASSED] - totalplay.Common.verifyPropertyExist(FoodPLP, components_componentAssets_bannerName): totalplay.Common.verifyPropertyExist is PASSED

26-07-2024T17:57:40 - [MESSAGE][INFO] - Checking response object

26-07-2024T17:57:40 - [MESSAGE][PASSED] - totalplay.Common.verifyPropertyExist is PASSED

26-07-2024T17:57:40 - [TEST_STEP][PASSED] - totalplay.Common.verifyPropertyValueExist(FoodPLP, components_componentAssets_bannerName): totalplay.Common.verifyPropertyValueExist is PASSED

26-07-2024T17:57:40 - [MESSAGE][INFO] - Checking response object

26-07-2024T17:57:40 - [MESSAGE][INFO] - Rollos de temporada

26-07-2024T17:57:40 - [MESSAGE][PASSED] - totalplay.Common.verifyPropertyValueExist is PASSED

26-07-2024T17:57:40 - [TEST_STEP][PASSED] - totalplay.Common.verifyPropertyExist(FoodPLP, components_componentAssets_linkType): totalplay.Common.verifyPropertyExist is PASSED

26-07-2024T17:57:40 - [MESSAGE][INFO] - Checking response object

26-07-2024T17:57:40 - [MESSAGE][PASSED] - totalplay.Common.verifyPropertyExist is PASSED

26-07-2024T17:57:40 - [TEST_STEP][PASSED] - totalplay.Common.verifyPropertyValueExist(FoodPLP, components_componentAssets_linkType): totalplay.Common.verifyPropertyValueExist is PASSED

26-07-2024T17:57:40 - [MESSAGE][INFO] - Checking response object

26-07-2024T17:57:40 - [MESSAGE][INFO] - SCP

26-07-2024T17:57:40 - [MESSAGE][PASSED] - totalplay.Common.verifyPropertyValueExist is PASSED

26-07-2024T17:57:40 - [TEST_STEP][PASSED] - totalplay.Common.getBooleanValueofObject(FoodPLP, components_componentAssets_logo): totalplay.Common.getBooleanValueofObject is PASSED

26-07-2024T17:57:40 - [MESSAGE][INFO] - Checking response object

26-07-2024T17:57:40 - [MESSAGE][PASSED] - totalplay.Common.getBooleanValueofObject is PASSED

26-07-2024T17:57:40 - [TEST_STEP][PASSED] - totalplay.Common.getBooleanValueofObject(FoodPLP, components_componentAssets_corporateColorCode): totalplay.Common.getBooleanValueofObject is PASSED

26-07-2024T17:57:40 - [MESSAGE][INFO] - Checking response object

26-07-2024T17:57:40 - [MESSAGE][PASSED] - totalplay.Common.getBooleanValueofObject is PASSED

26-07-2024T17:57:40 - [TEST_STEP][PASSED] - totalplay.Common.getBooleanValueofObject(FoodPLP, components_componentAssets_deliveryTime): totalplay.Common.getBooleanValueofObject is PASSED

26-07-2024T17:57:40 - [MESSAGE][INFO] - Checking response object

26-07-2024T17:57:40 - [MESSAGE][PASSED] - totalplay.Common.getBooleanValueofObject is PASSED

26-07-2024T17:57:40 - [TEST_STEP][PASSED] - totalplay.Common.getBooleanValueofObject(FoodPLP, components_componentAssets_positionAfter): totalplay.Common.getBooleanValueofObject is PASSED

26-07-2024T17:57:40 - [MESSAGE][INFO] - Checking response object

26-07-2024T17:57:40 - [MESSAGE][PASSED] - totalplay.Common.getBooleanValueofObject is PASSED]]></system-out>
         <system-err><![CDATA[]]></system-err>
      </testcase>
      <testcase name="Test Cases/TotalPlay-Food/TC_4_Food_SCP" time="5.79" classname="Test Cases/TotalPlay-Food/TC_4_Food_SCP" status="PASSED">
         <system-out><![CDATA[26-07-2024T17:57:40 - [TEST_CASE][PASSED] - Test Cases/TotalPlay-Food/TC_4_Food_SCP: Test Cases/TotalPlay-Food/TC_4_Food_SCP

26-07-2024T17:57:41 - [TEST_STEP][PASSED] - callTestCase(findTestCase("TotalPlay-Food/TC_1_Login_Service"), [:], STOP_ON_FAILURE): Call Test Case 'Test Cases/TotalPlay-Food/TC_1_Login_Service' successfully

26-07-2024T17:57:41 - [MESSAGE][INFO] - Checking called Test Case

26-07-2024T17:57:41 - [MESSAGE][INFO] - Starting to call Test Case 'Test Cases/TotalPlay-Food/TC_1_Login_Service'

26-07-2024T17:57:41 - [TEST_CASE][PASSED] - Test Cases/TotalPlay-Food/TC_1_Login_Service: Test Cases/TotalPlay-Food/TC_1_Login_Service

26-07-2024T17:57:41 - [TEST_STEP][PASSED] - LoginResponse = sendRequest(findTestObject("TotalPlay-Food/getTokenDelivery", ["URL":URL])): Send request successfully

26-07-2024T17:57:41 - [MESSAGE][INFO] - Finding Test Object 'Object Repository/TotalPlay-Food/getTokenDelivery'

26-07-2024T17:57:41 - [MESSAGE][INFO] - Checking request object

26-07-2024T17:57:44 - [MESSAGE][INFO] - HAR: C:\Users\ShubhamKumarThakur\OneDrive - Kognivera\Documents\TotalPlay\totalplay-automation\Reports\20240726_175712\Food_Services\20240726_175712\requests\main\5.har

26-07-2024T17:57:44 - [MESSAGE][PASSED] - Send request successfully

26-07-2024T17:57:44 - [TEST_STEP][PASSED] - assert getResponseStatusCode(LoginResponse) == 200: Checking response object

26-07-2024T17:57:44 - [MESSAGE][INFO] - Checking response object

26-07-2024T17:57:44 - [TEST_STEP][PASSED] - Auth = "ocapiResponse.access_token": null

26-07-2024T17:57:44 - [TEST_STEP][PASSED] - FoodBascketId = "ocapiResponse.c_basketId_TP_FOOD": null

26-07-2024T17:57:44 - [TEST_STEP][PASSED] - FoodBasId = getElementPropertyValue(LoginResponse, FoodBascketId): Checking response object

26-07-2024T17:57:44 - [MESSAGE][INFO] - Checking response object

26-07-2024T17:57:44 - [TEST_STEP][PASSED] - sfccAuthorization = getElementPropertyValue(LoginResponse, Auth): Checking response object

26-07-2024T17:57:44 - [MESSAGE][INFO] - Checking response object

26-07-2024T17:57:44 - [TEST_STEP][PASSED] - Authorization = "Bearer " + sfccAuthorization: null

26-07-2024T17:57:44 - [TEST_STEP][PASSED] - FoodBasketId = FoodBasId: null

26-07-2024T17:57:44 - [TEST_STEP][PASSED] - logInfo(bm_auth_token): 

26-07-2024T17:57:44 - [MESSAGE][INFO] - 

26-07-2024T17:57:44 - [TEST_STEP][PASSED] - if (sfccAuthorization.length() == 0): null

26-07-2024T17:57:44 - [TEST_STEP][PASSED] - else: authorization generated

26-07-2024T17:57:44 - [TEST_STEP][PASSED] - markPassed("authorization generated"): authorization generated

26-07-2024T17:57:44 - [MESSAGE][PASSED] - authorization generated

26-07-2024T17:57:44 - [TEST_STEP][PASSED] - BasketId_loginResponse = "ocapiResponse.c_basketId": null

26-07-2024T17:57:44 - [TEST_STEP][PASSED] - CustomerId_loginResponse = "ocapiResponse.customer_id": null

26-07-2024T17:57:44 - [TEST_STEP][PASSED] - basketId = getElementPropertyValue(LoginResponse, BasketId_loginResponse): Checking response object

26-07-2024T17:57:44 - [MESSAGE][INFO] - Checking response object

26-07-2024T17:57:44 - [TEST_STEP][PASSED] - customerId = getElementPropertyValue(LoginResponse, CustomerId_loginResponse): Checking response object

26-07-2024T17:57:44 - [MESSAGE][INFO] - Checking response object

26-07-2024T17:57:44 - [TEST_STEP][PASSED] - basketID = basketId: null

26-07-2024T17:57:44 - [TEST_STEP][PASSED] - sla_customerId = customerId: null

26-07-2024T17:57:44 - [TEST_STEP][PASSED] - println(basketID): null

26-07-2024T17:57:44 - [TEST_STEP][PASSED] - println(sla_customerId): null

26-07-2024T17:57:44 - [TEST_STEP][PASSED] - refresh_token = "ocapiResponse.refresh_token": null

26-07-2024T17:57:44 - [TEST_STEP][PASSED] - customer_email = "ocapiResponse.customer_email": null

26-07-2024T17:57:44 - [TEST_STEP][PASSED] - c_brmId = "ocapiResponse.c_brmId": null

26-07-2024T17:57:44 - [TEST_STEP][PASSED] - customer_name = "ocapiResponse.customer_name": null

26-07-2024T17:57:44 - [TEST_STEP][PASSED] - totalplay.Common.verifyPropertyExist(LoginResponse, refresh_token): totalplay.Common.verifyPropertyExist is PASSED

26-07-2024T17:57:44 - [MESSAGE][INFO] - Checking response object

26-07-2024T17:57:44 - [MESSAGE][PASSED] - totalplay.Common.verifyPropertyExist is PASSED

26-07-2024T17:57:44 - [TEST_STEP][PASSED] - totalplay.Common.verifyPropertyValueExist(LoginResponse, refresh_token): totalplay.Common.verifyPropertyValueExist is PASSED

26-07-2024T17:57:44 - [MESSAGE][INFO] - Checking response object

26-07-2024T17:57:44 - [MESSAGE][INFO] - tkexa8cSZC_iG0w8RTU0YZXn1ktiCNURIcc3aWmkT6Y

26-07-2024T17:57:44 - [MESSAGE][PASSED] - totalplay.Common.verifyPropertyValueExist is PASSED

26-07-2024T17:57:44 - [TEST_STEP][PASSED] - totalplay.Common.verifyPropertyExist(LoginResponse, customer_email): totalplay.Common.verifyPropertyExist is PASSED

26-07-2024T17:57:44 - [MESSAGE][INFO] - Checking response object

26-07-2024T17:57:44 - [MESSAGE][PASSED] - totalplay.Common.verifyPropertyExist is PASSED

26-07-2024T17:57:44 - [TEST_STEP][PASSED] - totalplay.Common.verifyPropertyValueExist(LoginResponse, customer_email): totalplay.Common.verifyPropertyValueExist is PASSED

26-07-2024T17:57:44 - [MESSAGE][INFO] - Checking response object

26-07-2024T17:57:44 - [MESSAGE][INFO] - cesar.waldo93@gmail.com

26-07-2024T17:57:44 - [MESSAGE][PASSED] - totalplay.Common.verifyPropertyValueExist is PASSED

26-07-2024T17:57:44 - [TEST_STEP][PASSED] - totalplay.Common.verifyPropertyExist(LoginResponse, customer_name): totalplay.Common.verifyPropertyExist is PASSED

26-07-2024T17:57:44 - [MESSAGE][INFO] - Checking response object

26-07-2024T17:57:44 - [MESSAGE][PASSED] - totalplay.Common.verifyPropertyExist is PASSED

26-07-2024T17:57:44 - [TEST_STEP][PASSED] - totalplay.Common.verifyPropertyValueExist(LoginResponse, customer_name): totalplay.Common.verifyPropertyValueExist is PASSED

26-07-2024T17:57:44 - [MESSAGE][INFO] - Checking response object

26-07-2024T17:57:44 - [MESSAGE][INFO] - CESAR GERARDO WALDO GONZALEZ

26-07-2024T17:57:44 - [MESSAGE][PASSED] - totalplay.Common.verifyPropertyValueExist is PASSED

26-07-2024T17:57:44 - [TEST_STEP][PASSED] - totalplay.Common.verifyPropertyExist(LoginResponse, c_brmId): totalplay.Common.verifyPropertyExist is PASSED

26-07-2024T17:57:44 - [MESSAGE][INFO] - Checking response object

26-07-2024T17:57:44 - [MESSAGE][PASSED] - totalplay.Common.verifyPropertyExist is PASSED

26-07-2024T17:57:44 - [TEST_STEP][PASSED] - totalplay.Common.verifyPropertyValueExist(LoginResponse, c_brmId): totalplay.Common.verifyPropertyValueExist is PASSED

26-07-2024T17:57:44 - [MESSAGE][INFO] - Checking response object

26-07-2024T17:57:44 - [MESSAGE][INFO] - 0106378356

26-07-2024T17:57:44 - [MESSAGE][PASSED] - totalplay.Common.verifyPropertyValueExist is PASSED

26-07-2024T17:57:44 - [MESSAGE][PASSED] - Call Test Case 'Test Cases/TotalPlay-Food/TC_1_Login_Service' successfully

26-07-2024T17:57:44 - [TEST_STEP][PASSED] - FoodSCP = sendRequest(findTestObject("TotalPlay-Food/Food SCP")): Send request successfully

26-07-2024T17:57:44 - [MESSAGE][INFO] - Finding Test Object 'Object Repository/TotalPlay-Food/Food SCP'

26-07-2024T17:57:44 - [MESSAGE][INFO] - Checking request object

26-07-2024T17:57:45 - [MESSAGE][INFO] - HAR: C:\Users\ShubhamKumarThakur\OneDrive - Kognivera\Documents\TotalPlay\totalplay-automation\Reports\20240726_175712\Food_Services\20240726_175712\requests\main\6.har

26-07-2024T17:57:45 - [MESSAGE][PASSED] - Send request successfully

26-07-2024T17:57:45 - [TEST_STEP][PASSED] - verifyResponseStatusCode(FoodSCP, 200): Verify response status code successfully

26-07-2024T17:57:45 - [MESSAGE][INFO] - Checking response object

26-07-2024T17:57:45 - [MESSAGE][PASSED] - Verify response status code successfully

26-07-2024T17:57:45 - [TEST_STEP][PASSED] - id = "id": null

26-07-2024T17:57:45 - [TEST_STEP][PASSED] - name = "name": null

26-07-2024T17:57:45 - [TEST_STEP][PASSED] - c_result = "c_result": null

26-07-2024T17:57:45 - [TEST_STEP][PASSED] - c_result_stores = "c_result.stores": null

26-07-2024T17:57:45 - [TEST_STEP][PASSED] - c_result_stores_ID = "c_result.stores[0].ID": null

26-07-2024T17:57:45 - [TEST_STEP][PASSED] - c_result_stores_name = "c_result.stores[0].name": null

26-07-2024T17:57:45 - [TEST_STEP][PASSED] - c_result_stores_corporateName = "c_result.stores[0].corporateName": null

26-07-2024T17:57:45 - [TEST_STEP][PASSED] - c_result_stores_corporateColorCode = "c_result.stores[0].corporateColorCode": null

26-07-2024T17:57:45 - [TEST_STEP][PASSED] - c_result_stores_image = "c_result.stores[0].image": null

26-07-2024T17:57:45 - [TEST_STEP][PASSED] - c_result_stores_ondemandEDD = "c_result.stores[0].ondemandEDD": null

26-07-2024T17:57:45 - [TEST_STEP][PASSED] - c_result_stores_promotionalBannerImage = "c_result.stores[0].promotionalBannerImage": null

26-07-2024T17:57:45 - [TEST_STEP][PASSED] - c_result_stores_link = "c_result.stores[0].link": null

26-07-2024T17:57:45 - [TEST_STEP][PASSED] - c_result_stores_storeOpen = "c_result.stores[0].storeOpen": null

26-07-2024T17:57:45 - [TEST_STEP][PASSED] - c_result_stores_isStoreActive = "c_result.stores[0].isStoreActive": null

26-07-2024T17:57:45 - [TEST_STEP][PASSED] - c_result_stores_todayOpenHrs_time = "c_result.stores[0].todayOpenHrs.time": null

26-07-2024T17:57:45 - [TEST_STEP][PASSED] - c_result_stores_todayOpenHrs_time_openingTime = "c_result.stores[0].todayOpenHrs.time[0].openingTime": null

26-07-2024T17:57:45 - [TEST_STEP][PASSED] - c_result_stores_todayOpenHrs_time_closingTime = "c_result.stores[0].todayOpenHrs.time[0].closingTime": null

26-07-2024T17:57:45 - [TEST_STEP][PASSED] - c_result_stores_todayOpenHrs_closed = "c_result.stores[0].todayOpenHrs.closed": null

26-07-2024T17:57:45 - [TEST_STEP][PASSED] - c_result_stores_todayOpenHrs_day = "c_result.stores[0].todayOpenHrs.day": null

26-07-2024T17:57:45 - [TEST_STEP][PASSED] - c_result_stores_linkType = "c_result.stores[0].linkType": null

26-07-2024T17:57:45 - [TEST_STEP][PASSED] - c_result_pageDetails = "c_result.pageDetails": null

26-07-2024T17:57:45 - [TEST_STEP][PASSED] - c_result_pageDetails_pagesCount = "c_result.pageDetails.pagesCount": null

26-07-2024T17:57:45 - [TEST_STEP][PASSED] - c_result_pageDetails_storesPerPage = "c_result.pageDetails.storesPerPage": null

26-07-2024T17:57:45 - [TEST_STEP][PASSED] - c_result_pageDetails_currentPage = "c_result.pageDetails.currentPage": null

26-07-2024T17:57:45 - [TEST_STEP][PASSED] - c_result_stores_count = "c_result.stores_count": null

26-07-2024T17:57:45 - [TEST_STEP][PASSED] - c_result_overall_stores_count = "c_result.overall_stores_count": null

26-07-2024T17:57:45 - [TEST_STEP][PASSED] - totalplay.Common.verifyPropertyExist(FoodSCP, id): totalplay.Common.verifyPropertyExist is PASSED

26-07-2024T17:57:45 - [MESSAGE][INFO] - Checking response object

26-07-2024T17:57:45 - [MESSAGE][PASSED] - totalplay.Common.verifyPropertyExist is PASSED

26-07-2024T17:57:45 - [TEST_STEP][PASSED] - totalplay.Common.verifyPropertyValueExist(FoodSCP, id): totalplay.Common.verifyPropertyValueExist is PASSED

26-07-2024T17:57:45 - [MESSAGE][INFO] - Checking response object

26-07-2024T17:57:45 - [MESSAGE][INFO] - seller-category-page

26-07-2024T17:57:45 - [MESSAGE][PASSED] - totalplay.Common.verifyPropertyValueExist is PASSED

26-07-2024T17:57:45 - [TEST_STEP][PASSED] - totalplay.Common.verifyPropertyExist(FoodSCP, name): totalplay.Common.verifyPropertyExist is PASSED

26-07-2024T17:57:45 - [MESSAGE][INFO] - Checking response object

26-07-2024T17:57:45 - [MESSAGE][PASSED] - totalplay.Common.verifyPropertyExist is PASSED

26-07-2024T17:57:45 - [TEST_STEP][PASSED] - totalplay.Common.verifyPropertyValueExist(FoodSCP, name): totalplay.Common.verifyPropertyValueExist is PASSED

26-07-2024T17:57:45 - [MESSAGE][INFO] - Checking response object

26-07-2024T17:57:45 - [MESSAGE][INFO] - seller-category-page

26-07-2024T17:57:45 - [MESSAGE][PASSED] - totalplay.Common.verifyPropertyValueExist is PASSED

26-07-2024T17:57:45 - [TEST_STEP][PASSED] - totalplay.Common.verifyPropertyExist(FoodSCP, c_result): totalplay.Common.verifyPropertyExist is PASSED

26-07-2024T17:57:45 - [MESSAGE][INFO] - Checking response object

26-07-2024T17:57:45 - [MESSAGE][PASSED] - totalplay.Common.verifyPropertyExist is PASSED

26-07-2024T17:57:45 - [TEST_STEP][PASSED] - totalplay.Common.verifyPropertyExist(FoodSCP, c_result_stores): totalplay.Common.verifyPropertyExist is PASSED

26-07-2024T17:57:45 - [MESSAGE][INFO] - Checking response object

26-07-2024T17:57:45 - [MESSAGE][PASSED] - totalplay.Common.verifyPropertyExist is PASSED

26-07-2024T17:57:45 - [TEST_STEP][PASSED] - totalplay.Common.verifyPropertyExist(FoodSCP, c_result_stores_ID): totalplay.Common.verifyPropertyExist is PASSED

26-07-2024T17:57:45 - [MESSAGE][INFO] - Checking response object

26-07-2024T17:57:45 - [MESSAGE][PASSED] - totalplay.Common.verifyPropertyExist is PASSED

26-07-2024T17:57:45 - [TEST_STEP][PASSED] - totalplay.Common.verifyPropertyValueExist(FoodSCP, c_result_stores_ID): totalplay.Common.verifyPropertyValueExist is PASSED

26-07-2024T17:57:45 - [MESSAGE][INFO] - Checking response object

26-07-2024T17:57:45 - [MESSAGE][INFO] - 7691

26-07-2024T17:57:45 - [MESSAGE][PASSED] - totalplay.Common.verifyPropertyValueExist is PASSED

26-07-2024T17:57:45 - [TEST_STEP][PASSED] - totalplay.Common.verifyPropertyExist(FoodSCP, c_result_stores_name): totalplay.Common.verifyPropertyExist is PASSED

26-07-2024T17:57:45 - [MESSAGE][INFO] - Checking response object

26-07-2024T17:57:45 - [MESSAGE][PASSED] - totalplay.Common.verifyPropertyExist is PASSED

26-07-2024T17:57:45 - [TEST_STEP][PASSED] - totalplay.Common.verifyPropertyValueExist(FoodSCP, c_result_stores_name): totalplay.Common.verifyPropertyValueExist is PASSED

26-07-2024T17:57:45 - [MESSAGE][INFO] - Checking response object

26-07-2024T17:57:45 - [MESSAGE][INFO] - Simplementedeli Torre Aleph

26-07-2024T17:57:45 - [MESSAGE][PASSED] - totalplay.Common.verifyPropertyValueExist is PASSED

26-07-2024T17:57:45 - [TEST_STEP][PASSED] - totalplay.Common.verifyPropertyExist(FoodSCP, c_result_stores_corporateName): totalplay.Common.verifyPropertyExist is PASSED

26-07-2024T17:57:45 - [MESSAGE][INFO] - Checking response object

26-07-2024T17:57:45 - [MESSAGE][PASSED] - totalplay.Common.verifyPropertyExist is PASSED

26-07-2024T17:57:45 - [TEST_STEP][PASSED] - totalplay.Common.verifyPropertyValueExist(FoodSCP, c_result_stores_corporateName): totalplay.Common.verifyPropertyValueExist is PASSED

26-07-2024T17:57:45 - [MESSAGE][INFO] - Checking response object

26-07-2024T17:57:45 - [MESSAGE][INFO] - SimplementedeliTorreAleph

26-07-2024T17:57:45 - [MESSAGE][PASSED] - totalplay.Common.verifyPropertyValueExist is PASSED

26-07-2024T17:57:45 - [TEST_STEP][PASSED] - totalplay.Common.verifyPropertyExist(FoodSCP, c_result_stores_corporateColorCode): totalplay.Common.verifyPropertyExist is PASSED

26-07-2024T17:57:45 - [MESSAGE][INFO] - Checking response object

26-07-2024T17:57:45 - [MESSAGE][PASSED] - totalplay.Common.verifyPropertyExist is PASSED

26-07-2024T17:57:45 - [TEST_STEP][PASSED] - totalplay.Common.verifyPropertyValueExist(FoodSCP, c_result_stores_corporateColorCode): totalplay.Common.verifyPropertyValueExist is PASSED

26-07-2024T17:57:45 - [MESSAGE][INFO] - Checking response object

26-07-2024T17:57:45 - [MESSAGE][INFO] - #4A566D

26-07-2024T17:57:45 - [MESSAGE][PASSED] - totalplay.Common.verifyPropertyValueExist is PASSED

26-07-2024T17:57:45 - [TEST_STEP][PASSED] - totalplay.Common.verifyPropertyExist(FoodSCP, c_result_stores_image): totalplay.Common.verifyPropertyExist is PASSED

26-07-2024T17:57:45 - [MESSAGE][INFO] - Checking response object

26-07-2024T17:57:45 - [MESSAGE][PASSED] - totalplay.Common.verifyPropertyExist is PASSED

26-07-2024T17:57:45 - [TEST_STEP][PASSED] - totalplay.Common.verifyPropertyValueExist(FoodSCP, c_result_stores_image): totalplay.Common.verifyPropertyValueExist is PASSED

26-07-2024T17:57:45 - [MESSAGE][INFO] - Checking response object

26-07-2024T17:57:45 - [MESSAGE][INFO] - https://salesforceqa.sistemastp.com.mx/on/demandware.static/-/Sites/default/dwb78a20a1/filler_REC.jpg

26-07-2024T17:57:45 - [MESSAGE][PASSED] - totalplay.Common.verifyPropertyValueExist is PASSED

26-07-2024T17:57:45 - [TEST_STEP][PASSED] - totalplay.Common.verifyPropertyExist(FoodSCP, c_result_stores_ondemandEDD): totalplay.Common.verifyPropertyExist is PASSED

26-07-2024T17:57:45 - [MESSAGE][INFO] - Checking response object

26-07-2024T17:57:45 - [MESSAGE][PASSED] - totalplay.Common.verifyPropertyExist is PASSED

26-07-2024T17:57:45 - [TEST_STEP][PASSED] - totalplay.Common.verifyPropertyValueExist(FoodSCP, c_result_stores_ondemandEDD): totalplay.Common.verifyPropertyValueExist is PASSED

26-07-2024T17:57:45 - [MESSAGE][INFO] - Checking response object

26-07-2024T17:57:45 - [MESSAGE][INFO] - 90 Min

26-07-2024T17:57:45 - [MESSAGE][PASSED] - totalplay.Common.verifyPropertyValueExist is PASSED

26-07-2024T17:57:45 - [TEST_STEP][PASSED] - totalplay.Common.verifyPropertyExist(FoodSCP, c_result_stores_promotionalBannerImage): totalplay.Common.verifyPropertyExist is PASSED

26-07-2024T17:57:45 - [MESSAGE][INFO] - Checking response object

26-07-2024T17:57:46 - [MESSAGE][PASSED] - totalplay.Common.verifyPropertyExist is PASSED

26-07-2024T17:57:46 - [TEST_STEP][PASSED] - totalplay.Common.verifyPropertyValueExist(FoodSCP, c_result_stores_promotionalBannerImage): totalplay.Common.verifyPropertyValueExist is PASSED

26-07-2024T17:57:46 - [MESSAGE][INFO] - Checking response object

26-07-2024T17:57:46 - [MESSAGE][INFO] - https://salesforceqa.sistemastp.com.mx/on/demandware.static/-/Sites/default/dwb78a20a1/filler_REC.jpg

26-07-2024T17:57:46 - [MESSAGE][PASSED] - totalplay.Common.verifyPropertyValueExist is PASSED

26-07-2024T17:57:46 - [TEST_STEP][PASSED] - totalplay.Common.verifyPropertyExist(FoodSCP, c_result_stores_link): totalplay.Common.verifyPropertyExist is PASSED

26-07-2024T17:57:46 - [MESSAGE][INFO] - Checking response object

26-07-2024T17:57:46 - [MESSAGE][PASSED] - totalplay.Common.verifyPropertyExist is PASSED

26-07-2024T17:57:46 - [TEST_STEP][PASSED] - totalplay.Common.verifyPropertyValueExist(FoodSCP, c_result_stores_link): totalplay.Common.verifyPropertyValueExist is PASSED

26-07-2024T17:57:46 - [MESSAGE][INFO] - Checking response object

26-07-2024T17:57:46 - [MESSAGE][INFO] - /dw/shop/v23_2/product_search?pcpPage=true&count=30&refine_1=c_miraklShopID=7691&q=Desayuno

26-07-2024T17:57:46 - [MESSAGE][PASSED] - totalplay.Common.verifyPropertyValueExist is PASSED

26-07-2024T17:57:46 - [TEST_STEP][PASSED] - totalplay.Common.getBooleanValueofObject(FoodSCP, c_result_stores_storeOpen): totalplay.Common.getBooleanValueofObject is PASSED

26-07-2024T17:57:46 - [MESSAGE][INFO] - Checking response object

26-07-2024T17:57:46 - [MESSAGE][PASSED] - totalplay.Common.getBooleanValueofObject is PASSED

26-07-2024T17:57:46 - [TEST_STEP][PASSED] - totalplay.Common.verifyPropertyExist(FoodSCP, c_result_stores_linkType): totalplay.Common.verifyPropertyExist is PASSED

26-07-2024T17:57:46 - [MESSAGE][INFO] - Checking response object

26-07-2024T17:57:46 - [MESSAGE][PASSED] - totalplay.Common.verifyPropertyExist is PASSED

26-07-2024T17:57:46 - [TEST_STEP][PASSED] - totalplay.Common.verifyPropertyValueExist(FoodSCP, c_result_stores_linkType): totalplay.Common.verifyPropertyValueExist is PASSED

26-07-2024T17:57:46 - [MESSAGE][INFO] - Checking response object

26-07-2024T17:57:46 - [MESSAGE][INFO] - PCP

26-07-2024T17:57:46 - [MESSAGE][PASSED] - totalplay.Common.verifyPropertyValueExist is PASSED

26-07-2024T17:57:46 - [TEST_STEP][PASSED] - totalplay.Common.verifyPropertyExist(FoodSCP, c_result_pageDetails): totalplay.Common.verifyPropertyExist is PASSED

26-07-2024T17:57:46 - [MESSAGE][INFO] - Checking response object

26-07-2024T17:57:46 - [MESSAGE][PASSED] - totalplay.Common.verifyPropertyExist is PASSED

26-07-2024T17:57:46 - [TEST_STEP][PASSED] - totalplay.Common.getNumValueofObject(FoodSCP, c_result_pageDetails_pagesCount): totalplay.Common.getNumValueofObject is PASSED

26-07-2024T17:57:46 - [MESSAGE][INFO] - Checking response object

26-07-2024T17:57:46 - [MESSAGE][PASSED] - totalplay.Common.getNumValueofObject is PASSED

26-07-2024T17:57:46 - [TEST_STEP][PASSED] - totalplay.Common.getNumValueofObject(FoodSCP, c_result_pageDetails_storesPerPage): totalplay.Common.getNumValueofObject is PASSED

26-07-2024T17:57:46 - [MESSAGE][INFO] - Checking response object

26-07-2024T17:57:46 - [MESSAGE][PASSED] - totalplay.Common.getNumValueofObject is PASSED

26-07-2024T17:57:46 - [TEST_STEP][PASSED] - totalplay.Common.verifyPropertyExist(FoodSCP, c_result_pageDetails_currentPage): totalplay.Common.verifyPropertyExist is PASSED

26-07-2024T17:57:46 - [MESSAGE][INFO] - Checking response object

26-07-2024T17:57:46 - [MESSAGE][PASSED] - totalplay.Common.verifyPropertyExist is PASSED

26-07-2024T17:57:46 - [TEST_STEP][PASSED] - totalplay.Common.verifyPropertyValueExist(FoodSCP, c_result_pageDetails_currentPage): totalplay.Common.verifyPropertyValueExist is PASSED

26-07-2024T17:57:46 - [MESSAGE][INFO] - Checking response object

26-07-2024T17:57:46 - [MESSAGE][INFO] - 1

26-07-2024T17:57:46 - [MESSAGE][PASSED] - totalplay.Common.verifyPropertyValueExist is PASSED

26-07-2024T17:57:46 - [TEST_STEP][PASSED] - totalplay.Common.getNumValueofObject(FoodSCP, c_result_overall_stores_count): totalplay.Common.getNumValueofObject is PASSED

26-07-2024T17:57:46 - [MESSAGE][INFO] - Checking response object

26-07-2024T17:57:46 - [MESSAGE][PASSED] - totalplay.Common.getNumValueofObject is PASSED

26-07-2024T17:57:46 - [TEST_STEP][PASSED] - totalplay.Common.getNumValueofObject(FoodSCP, c_result_stores_count): totalplay.Common.getNumValueofObject is PASSED

26-07-2024T17:57:46 - [MESSAGE][INFO] - Checking response object

26-07-2024T17:57:46 - [MESSAGE][PASSED] - totalplay.Common.getNumValueofObject is PASSED

26-07-2024T17:57:46 - [TEST_STEP][PASSED] - totalplay.Common.verifyPropertyExist(FoodSCP, c_result_stores_todayOpenHrs_time): totalplay.Common.verifyPropertyExist is PASSED

26-07-2024T17:57:46 - [MESSAGE][INFO] - Checking response object

26-07-2024T17:57:46 - [MESSAGE][PASSED] - totalplay.Common.verifyPropertyExist is PASSED

26-07-2024T17:57:46 - [TEST_STEP][PASSED] - totalplay.Common.verifyPropertyExist(FoodSCP, c_result_stores_todayOpenHrs_time_openingTime): totalplay.Common.verifyPropertyExist is PASSED

26-07-2024T17:57:46 - [MESSAGE][INFO] - Checking response object

26-07-2024T17:57:46 - [MESSAGE][PASSED] - totalplay.Common.verifyPropertyExist is PASSED

26-07-2024T17:57:46 - [TEST_STEP][PASSED] - totalplay.Common.verifyPropertyExist(FoodSCP, c_result_stores_todayOpenHrs_time_closingTime): totalplay.Common.verifyPropertyExist is PASSED

26-07-2024T17:57:46 - [MESSAGE][INFO] - Checking response object

26-07-2024T17:57:46 - [MESSAGE][PASSED] - totalplay.Common.verifyPropertyExist is PASSED

26-07-2024T17:57:46 - [TEST_STEP][PASSED] - totalplay.Common.getBooleanValueofObject(FoodSCP, c_result_stores_todayOpenHrs_closed): totalplay.Common.getBooleanValueofObject is PASSED

26-07-2024T17:57:46 - [MESSAGE][INFO] - Checking response object

26-07-2024T17:57:46 - [MESSAGE][PASSED] - totalplay.Common.getBooleanValueofObject is PASSED

26-07-2024T17:57:46 - [TEST_STEP][PASSED] - totalplay.Common.verifyPropertyExist(FoodSCP, c_result_stores_todayOpenHrs_day): totalplay.Common.verifyPropertyExist is PASSED

26-07-2024T17:57:46 - [MESSAGE][INFO] - Checking response object

26-07-2024T17:57:46 - [MESSAGE][PASSED] - totalplay.Common.verifyPropertyExist is PASSED

26-07-2024T17:57:46 - [TEST_STEP][PASSED] - totalplay.Common.getBooleanValueofObject(FoodSCP, c_result_stores_isStoreActive): totalplay.Common.getBooleanValueofObject is PASSED

26-07-2024T17:57:46 - [MESSAGE][INFO] - Checking response object

26-07-2024T17:57:46 - [MESSAGE][PASSED] - totalplay.Common.getBooleanValueofObject is PASSED]]></system-out>
         <system-err><![CDATA[]]></system-err>
      </testcase>
      <testcase name="Test Cases/TotalPlay-Food/TC_5_Food_PCP" time="6.24" classname="Test Cases/TotalPlay-Food/TC_5_Food_PCP" status="PASSED">
         <system-out><![CDATA[26-07-2024T17:57:46 - [TEST_CASE][PASSED] - Test Cases/TotalPlay-Food/TC_5_Food_PCP: Test Cases/TotalPlay-Food/TC_5_Food_PCP

26-07-2024T17:57:47 - [TEST_STEP][PASSED] - callTestCase(findTestCase("TotalPlay-Food/TC_1_Login_Service"), [:], STOP_ON_FAILURE): Call Test Case 'Test Cases/TotalPlay-Food/TC_1_Login_Service' successfully

26-07-2024T17:57:47 - [MESSAGE][INFO] - Checking called Test Case

26-07-2024T17:57:47 - [MESSAGE][INFO] - Starting to call Test Case 'Test Cases/TotalPlay-Food/TC_1_Login_Service'

26-07-2024T17:57:47 - [TEST_CASE][PASSED] - Test Cases/TotalPlay-Food/TC_1_Login_Service: Test Cases/TotalPlay-Food/TC_1_Login_Service

26-07-2024T17:57:47 - [TEST_STEP][PASSED] - LoginResponse = sendRequest(findTestObject("TotalPlay-Food/getTokenDelivery", ["URL":URL])): Send request successfully

26-07-2024T17:57:47 - [MESSAGE][INFO] - Finding Test Object 'Object Repository/TotalPlay-Food/getTokenDelivery'

26-07-2024T17:57:47 - [MESSAGE][INFO] - Checking request object

26-07-2024T17:57:49 - [MESSAGE][INFO] - HAR: C:\Users\ShubhamKumarThakur\OneDrive - Kognivera\Documents\TotalPlay\totalplay-automation\Reports\20240726_175712\Food_Services\20240726_175712\requests\main\7.har

26-07-2024T17:57:49 - [MESSAGE][PASSED] - Send request successfully

26-07-2024T17:57:49 - [TEST_STEP][PASSED] - assert getResponseStatusCode(LoginResponse) == 200: Checking response object

26-07-2024T17:57:49 - [MESSAGE][INFO] - Checking response object

26-07-2024T17:57:49 - [TEST_STEP][PASSED] - Auth = "ocapiResponse.access_token": null

26-07-2024T17:57:49 - [TEST_STEP][PASSED] - FoodBascketId = "ocapiResponse.c_basketId_TP_FOOD": null

26-07-2024T17:57:49 - [TEST_STEP][PASSED] - FoodBasId = getElementPropertyValue(LoginResponse, FoodBascketId): Checking response object

26-07-2024T17:57:49 - [MESSAGE][INFO] - Checking response object

26-07-2024T17:57:49 - [TEST_STEP][PASSED] - sfccAuthorization = getElementPropertyValue(LoginResponse, Auth): Checking response object

26-07-2024T17:57:49 - [MESSAGE][INFO] - Checking response object

26-07-2024T17:57:49 - [TEST_STEP][PASSED] - Authorization = "Bearer " + sfccAuthorization: null

26-07-2024T17:57:49 - [TEST_STEP][PASSED] - FoodBasketId = FoodBasId: null

26-07-2024T17:57:49 - [TEST_STEP][PASSED] - logInfo(bm_auth_token): 

26-07-2024T17:57:49 - [MESSAGE][INFO] - 

26-07-2024T17:57:49 - [TEST_STEP][PASSED] - if (sfccAuthorization.length() == 0): null

26-07-2024T17:57:49 - [TEST_STEP][PASSED] - else: authorization generated

26-07-2024T17:57:49 - [TEST_STEP][PASSED] - markPassed("authorization generated"): authorization generated

26-07-2024T17:57:49 - [MESSAGE][PASSED] - authorization generated

26-07-2024T17:57:49 - [TEST_STEP][PASSED] - BasketId_loginResponse = "ocapiResponse.c_basketId": null

26-07-2024T17:57:49 - [TEST_STEP][PASSED] - CustomerId_loginResponse = "ocapiResponse.customer_id": null

26-07-2024T17:57:49 - [TEST_STEP][PASSED] - basketId = getElementPropertyValue(LoginResponse, BasketId_loginResponse): Checking response object

26-07-2024T17:57:49 - [MESSAGE][INFO] - Checking response object

26-07-2024T17:57:49 - [TEST_STEP][PASSED] - customerId = getElementPropertyValue(LoginResponse, CustomerId_loginResponse): Checking response object

26-07-2024T17:57:49 - [MESSAGE][INFO] - Checking response object

26-07-2024T17:57:49 - [TEST_STEP][PASSED] - basketID = basketId: null

26-07-2024T17:57:49 - [TEST_STEP][PASSED] - sla_customerId = customerId: null

26-07-2024T17:57:49 - [TEST_STEP][PASSED] - println(basketID): null

26-07-2024T17:57:49 - [TEST_STEP][PASSED] - println(sla_customerId): null

26-07-2024T17:57:49 - [TEST_STEP][PASSED] - refresh_token = "ocapiResponse.refresh_token": null

26-07-2024T17:57:49 - [TEST_STEP][PASSED] - customer_email = "ocapiResponse.customer_email": null

26-07-2024T17:57:49 - [TEST_STEP][PASSED] - c_brmId = "ocapiResponse.c_brmId": null

26-07-2024T17:57:49 - [TEST_STEP][PASSED] - customer_name = "ocapiResponse.customer_name": null

26-07-2024T17:57:49 - [TEST_STEP][PASSED] - totalplay.Common.verifyPropertyExist(LoginResponse, refresh_token): totalplay.Common.verifyPropertyExist is PASSED

26-07-2024T17:57:49 - [MESSAGE][INFO] - Checking response object

26-07-2024T17:57:49 - [MESSAGE][PASSED] - totalplay.Common.verifyPropertyExist is PASSED

26-07-2024T17:57:49 - [TEST_STEP][PASSED] - totalplay.Common.verifyPropertyValueExist(LoginResponse, refresh_token): totalplay.Common.verifyPropertyValueExist is PASSED

26-07-2024T17:57:49 - [MESSAGE][INFO] - Checking response object

26-07-2024T17:57:49 - [MESSAGE][INFO] - 9L6NwWd-BiY2juWdJXyX2Xdn11blGy6ZF-EbZkpbwhg

26-07-2024T17:57:49 - [MESSAGE][PASSED] - totalplay.Common.verifyPropertyValueExist is PASSED

26-07-2024T17:57:49 - [TEST_STEP][PASSED] - totalplay.Common.verifyPropertyExist(LoginResponse, customer_email): totalplay.Common.verifyPropertyExist is PASSED

26-07-2024T17:57:49 - [MESSAGE][INFO] - Checking response object

26-07-2024T17:57:49 - [MESSAGE][PASSED] - totalplay.Common.verifyPropertyExist is PASSED

26-07-2024T17:57:49 - [TEST_STEP][PASSED] - totalplay.Common.verifyPropertyValueExist(LoginResponse, customer_email): totalplay.Common.verifyPropertyValueExist is PASSED

26-07-2024T17:57:49 - [MESSAGE][INFO] - Checking response object

26-07-2024T17:57:49 - [MESSAGE][INFO] - cesar.waldo93@gmail.com

26-07-2024T17:57:49 - [MESSAGE][PASSED] - totalplay.Common.verifyPropertyValueExist is PASSED

26-07-2024T17:57:49 - [TEST_STEP][PASSED] - totalplay.Common.verifyPropertyExist(LoginResponse, customer_name): totalplay.Common.verifyPropertyExist is PASSED

26-07-2024T17:57:49 - [MESSAGE][INFO] - Checking response object

26-07-2024T17:57:49 - [MESSAGE][PASSED] - totalplay.Common.verifyPropertyExist is PASSED

26-07-2024T17:57:49 - [TEST_STEP][PASSED] - totalplay.Common.verifyPropertyValueExist(LoginResponse, customer_name): totalplay.Common.verifyPropertyValueExist is PASSED

26-07-2024T17:57:49 - [MESSAGE][INFO] - Checking response object

26-07-2024T17:57:49 - [MESSAGE][INFO] - CESAR GERARDO WALDO GONZALEZ

26-07-2024T17:57:49 - [MESSAGE][PASSED] - totalplay.Common.verifyPropertyValueExist is PASSED

26-07-2024T17:57:49 - [TEST_STEP][PASSED] - totalplay.Common.verifyPropertyExist(LoginResponse, c_brmId): totalplay.Common.verifyPropertyExist is PASSED

26-07-2024T17:57:49 - [MESSAGE][INFO] - Checking response object

26-07-2024T17:57:49 - [MESSAGE][PASSED] - totalplay.Common.verifyPropertyExist is PASSED

26-07-2024T17:57:49 - [TEST_STEP][PASSED] - totalplay.Common.verifyPropertyValueExist(LoginResponse, c_brmId): totalplay.Common.verifyPropertyValueExist is PASSED

26-07-2024T17:57:49 - [MESSAGE][INFO] - Checking response object

26-07-2024T17:57:50 - [MESSAGE][INFO] - 0106378356

26-07-2024T17:57:50 - [MESSAGE][PASSED] - totalplay.Common.verifyPropertyValueExist is PASSED

26-07-2024T17:57:50 - [MESSAGE][PASSED] - Call Test Case 'Test Cases/TotalPlay-Food/TC_1_Login_Service' successfully

26-07-2024T17:57:50 - [TEST_STEP][PASSED] - FoodPCP = sendRequest(findTestObject("TotalPlay-Food/Food PCP", ["URL":URL])): Send request successfully

26-07-2024T17:57:50 - [MESSAGE][INFO] - Finding Test Object 'Object Repository/TotalPlay-Food/Food PCP'

26-07-2024T17:57:50 - [MESSAGE][INFO] - Checking request object

26-07-2024T17:57:50 - [MESSAGE][INFO] - HAR: C:\Users\ShubhamKumarThakur\OneDrive - Kognivera\Documents\TotalPlay\totalplay-automation\Reports\20240726_175712\Food_Services\20240726_175712\requests\main\8.har

26-07-2024T17:57:50 - [MESSAGE][PASSED] - Send request successfully

26-07-2024T17:57:50 - [TEST_STEP][PASSED] - verifyResponseStatusCode(FoodPCP, 200): Verify response status code successfully

26-07-2024T17:57:50 - [MESSAGE][INFO] - Checking response object

26-07-2024T17:57:50 - [MESSAGE][PASSED] - Verify response status code successfully

26-07-2024T17:57:50 - [TEST_STEP][PASSED] - count = "count": null

26-07-2024T17:57:50 - [TEST_STEP][PASSED] - hits = "hits": null

26-07-2024T17:57:50 - [TEST_STEP][PASSED] - hits_type = "hits[0]._type": null

26-07-2024T17:57:50 - [TEST_STEP][PASSED] - hits_hit_type = "hits[0].hit_type": null

26-07-2024T17:57:50 - [TEST_STEP][PASSED] - hits_link = "hits[0].link": null

26-07-2024T17:57:50 - [TEST_STEP][PASSED] - hits_product_name = "hits[0].product_name": null

26-07-2024T17:57:50 - [TEST_STEP][PASSED] - hits_product_id = "hits[0].product_id": null

26-07-2024T17:57:50 - [TEST_STEP][PASSED] - hits_product_type = "hits[0].product_type": null

26-07-2024T17:57:50 - [TEST_STEP][PASSED] - hits_product_type_type = "hits[0].product_type._type": null

26-07-2024T17:57:50 - [TEST_STEP][PASSED] - hits_product_type_item = "hits[0].product_type.item": null

26-07-2024T17:57:50 - [TEST_STEP][PASSED] - hits_c_description = "hits[0].c_description": null

26-07-2024T17:57:50 - [TEST_STEP][PASSED] - hits_c_basePrice = "hits[0].c_basePrice": null

26-07-2024T17:57:50 - [TEST_STEP][PASSED] - hits_c_linkType = "hits[0].c_linkType": null

26-07-2024T17:57:50 - [TEST_STEP][PASSED] - hits_c_productType = "hits[0].c_productType": null

26-07-2024T17:57:50 - [TEST_STEP][PASSED] - hits_c_basePrice_value = "hits[0].c_basePrice.value": null

26-07-2024T17:57:50 - [TEST_STEP][PASSED] - hits_c_basePrice_currency = "hits[0].c_basePrice.currency": null

26-07-2024T17:57:50 - [TEST_STEP][PASSED] - hits_c_basePrice_formatted = "hits[0].c_basePrice.formatted": null

26-07-2024T17:57:50 - [TEST_STEP][PASSED] - hits_c_basePrice_decimalPrice = "hits[0].c_basePrice.decimalPrice": null

26-07-2024T17:57:50 - [TEST_STEP][PASSED] - hits_c_salePrice = "hits[0].c_salePrice": null

26-07-2024T17:57:50 - [TEST_STEP][PASSED] - hits_c_salePrice_value = "hits[0].c_salePrice.value": null

26-07-2024T17:57:50 - [TEST_STEP][PASSED] - hits_c_salePrice_currency = "hits[0].c_salePrice.currency": null

26-07-2024T17:57:50 - [TEST_STEP][PASSED] - hits_c_salePrice_formatted = "hits[0].c_salePrice.formatted": null

26-07-2024T17:57:50 - [TEST_STEP][PASSED] - hits_c_salePrice_decimalPrice = "hits[0].c_salePrice.decimalPrice": null

26-07-2024T17:57:50 - [TEST_STEP][PASSED] - hits_c_Image = "hits[0].c_Image": null

26-07-2024T17:57:50 - [TEST_STEP][PASSED] - hits_c_Image_alt = "hits[0].c_Image[0].alt": null

26-07-2024T17:57:50 - [TEST_STEP][PASSED] - hits_c_Image_url = "hits[0].c_Image[0].url": null

26-07-2024T17:57:50 - [TEST_STEP][PASSED] - hits_c_Image_title = "hits[0].c_Image[0].title": null

26-07-2024T17:57:50 - [TEST_STEP][PASSED] - hits_c_promoPrice = "hits[0].c_promoPrice": null

26-07-2024T17:57:50 - [TEST_STEP][PASSED] - hits_c_discount_percentage = "hits[0].c_discount_percentage": null

26-07-2024T17:57:50 - [TEST_STEP][PASSED] - hits_c_isVariant = "hits[0].c_isVariant": null

26-07-2024T17:57:50 - [TEST_STEP][PASSED] - hits_c_emi_months = "hits[0].c_emi_months": null

26-07-2024T17:57:50 - [TEST_STEP][PASSED] - hits_c_emi_installment_amount = "hits[0].c_emi_installment_amount": null

26-07-2024T17:57:50 - [TEST_STEP][PASSED] - hits_c_Edd = "hits[0].c_Edd": null

26-07-2024T17:57:50 - [TEST_STEP][PASSED] - refinements = "refinements": null

26-07-2024T17:57:50 - [TEST_STEP][PASSED] - refinements_type0 = "refinements[0]._type": null

26-07-2024T17:57:50 - [TEST_STEP][PASSED] - refinements_attribute_id0 = "refinements[0].attribute_id": null

26-07-2024T17:57:50 - [TEST_STEP][PASSED] - refinements_label0 = "refinements[0].label": null

26-07-2024T17:57:50 - [TEST_STEP][PASSED] - refinements_type = "refinements[1]._type": null

26-07-2024T17:57:50 - [TEST_STEP][PASSED] - refinements_attribute_id = "refinements[1].attribute_id": null

26-07-2024T17:57:50 - [TEST_STEP][PASSED] - refinements_label = "refinements[1].label": null

26-07-2024T17:57:50 - [TEST_STEP][PASSED] - refinements_values = "refinements[1].values": null

26-07-2024T17:57:50 - [TEST_STEP][PASSED] - search_phrase_suggestions = "search_phrase_suggestions": null

26-07-2024T17:57:50 - [TEST_STEP][PASSED] - search_phrase_suggestions_type = "search_phrase_suggestions._type": null

26-07-2024T17:57:50 - [TEST_STEP][PASSED] - sorting_options = "sorting_options": null

26-07-2024T17:57:50 - [TEST_STEP][PASSED] - sorting_options_type = "sorting_options[0]._type": null

26-07-2024T17:57:50 - [TEST_STEP][PASSED] - sorting_options_label = "sorting_options[0].label": null

26-07-2024T17:57:50 - [TEST_STEP][PASSED] - sorting_options_id = "sorting_options[0].id": null

26-07-2024T17:57:50 - [TEST_STEP][PASSED] - start = "start": null

26-07-2024T17:57:50 - [TEST_STEP][PASSED] - total = "total": null

26-07-2024T17:57:50 - [TEST_STEP][PASSED] - totalplay.Common.getNumValueofObject(FoodPCP, count): totalplay.Common.getNumValueofObject is PASSED

26-07-2024T17:57:50 - [MESSAGE][INFO] - Checking response object

26-07-2024T17:57:50 - [MESSAGE][PASSED] - totalplay.Common.getNumValueofObject is PASSED

26-07-2024T17:57:50 - [TEST_STEP][PASSED] - totalplay.Common.verifyPropertyExist(FoodPCP, hits): totalplay.Common.verifyPropertyExist is PASSED

26-07-2024T17:57:50 - [MESSAGE][INFO] - Checking response object

26-07-2024T17:57:50 - [MESSAGE][PASSED] - totalplay.Common.verifyPropertyExist is PASSED

26-07-2024T17:57:50 - [TEST_STEP][PASSED] - totalplay.Common.verifyPropertyExist(FoodPCP, hits_type): totalplay.Common.verifyPropertyExist is PASSED

26-07-2024T17:57:50 - [MESSAGE][INFO] - Checking response object

26-07-2024T17:57:50 - [MESSAGE][PASSED] - totalplay.Common.verifyPropertyExist is PASSED

26-07-2024T17:57:50 - [TEST_STEP][PASSED] - totalplay.Common.verifyPropertyValueExist(FoodPCP, hits_type): totalplay.Common.verifyPropertyValueExist is PASSED

26-07-2024T17:57:50 - [MESSAGE][INFO] - Checking response object

26-07-2024T17:57:50 - [MESSAGE][INFO] - product_search_hit

26-07-2024T17:57:50 - [MESSAGE][PASSED] - totalplay.Common.verifyPropertyValueExist is PASSED

26-07-2024T17:57:50 - [TEST_STEP][PASSED] - totalplay.Common.verifyPropertyExist(FoodPCP, hits_hit_type): totalplay.Common.verifyPropertyExist is PASSED

26-07-2024T17:57:50 - [MESSAGE][INFO] - Checking response object

26-07-2024T17:57:50 - [MESSAGE][PASSED] - totalplay.Common.verifyPropertyExist is PASSED

26-07-2024T17:57:50 - [TEST_STEP][PASSED] - totalplay.Common.verifyPropertyValueExist(FoodPCP, hits_hit_type): totalplay.Common.verifyPropertyValueExist is PASSED

26-07-2024T17:57:50 - [MESSAGE][INFO] - Checking response object

26-07-2024T17:57:50 - [MESSAGE][INFO] - product

26-07-2024T17:57:50 - [MESSAGE][PASSED] - totalplay.Common.verifyPropertyValueExist is PASSED

26-07-2024T17:57:50 - [TEST_STEP][PASSED] - totalplay.Common.verifyPropertyExist(FoodPCP, hits_link): totalplay.Common.verifyPropertyExist is PASSED

26-07-2024T17:57:50 - [MESSAGE][INFO] - Checking response object

26-07-2024T17:57:51 - [MESSAGE][PASSED] - totalplay.Common.verifyPropertyExist is PASSED

26-07-2024T17:57:51 - [TEST_STEP][PASSED] - totalplay.Common.verifyPropertyValueExist(FoodPCP, hits_link): totalplay.Common.verifyPropertyValueExist is PASSED

26-07-2024T17:57:51 - [MESSAGE][INFO] - Checking response object

26-07-2024T17:57:51 - [MESSAGE][INFO] - /dw/shop/v23_2/products/C569910765?sellerId=4158

26-07-2024T17:57:51 - [MESSAGE][PASSED] - totalplay.Common.verifyPropertyValueExist is PASSED

26-07-2024T17:57:51 - [TEST_STEP][PASSED] - totalplay.Common.verifyPropertyExist(FoodPCP, hits_product_name): totalplay.Common.verifyPropertyExist is PASSED

26-07-2024T17:57:51 - [MESSAGE][INFO] - Checking response object

26-07-2024T17:57:51 - [MESSAGE][PASSED] - totalplay.Common.verifyPropertyExist is PASSED

26-07-2024T17:57:51 - [TEST_STEP][PASSED] - totalplay.Common.verifyPropertyValueExist(FoodPCP, hits_product_name): totalplay.Common.verifyPropertyValueExist is PASSED

26-07-2024T17:57:51 - [MESSAGE][INFO] - Checking response object

26-07-2024T17:57:51 - [MESSAGE][INFO] - Orden de Cabeza (100 g)

26-07-2024T17:57:51 - [MESSAGE][PASSED] - totalplay.Common.verifyPropertyValueExist is PASSED

26-07-2024T17:57:51 - [TEST_STEP][PASSED] - totalplay.Common.verifyPropertyExist(FoodPCP, hits_product_id): totalplay.Common.verifyPropertyExist is PASSED

26-07-2024T17:57:51 - [MESSAGE][INFO] - Checking response object

26-07-2024T17:57:51 - [MESSAGE][PASSED] - totalplay.Common.verifyPropertyExist is PASSED

26-07-2024T17:57:51 - [TEST_STEP][PASSED] - totalplay.Common.verifyPropertyValueExist(FoodPCP, hits_product_id): totalplay.Common.verifyPropertyValueExist is PASSED

26-07-2024T17:57:51 - [MESSAGE][INFO] - Checking response object

26-07-2024T17:57:51 - [MESSAGE][INFO] - C569910765

26-07-2024T17:57:51 - [MESSAGE][PASSED] - totalplay.Common.verifyPropertyValueExist is PASSED

26-07-2024T17:57:51 - [TEST_STEP][PASSED] - totalplay.Common.verifyPropertyExist(FoodPCP, hits_product_type_type): totalplay.Common.verifyPropertyExist is PASSED

26-07-2024T17:57:51 - [MESSAGE][INFO] - Checking response object

26-07-2024T17:57:51 - [MESSAGE][PASSED] - totalplay.Common.verifyPropertyExist is PASSED

26-07-2024T17:57:51 - [TEST_STEP][PASSED] - totalplay.Common.verifyPropertyValueExist(FoodPCP, hits_product_type_type): totalplay.Common.verifyPropertyValueExist is PASSED

26-07-2024T17:57:51 - [MESSAGE][INFO] - Checking response object

26-07-2024T17:57:51 - [MESSAGE][INFO] - product_type

26-07-2024T17:57:51 - [MESSAGE][PASSED] - totalplay.Common.verifyPropertyValueExist is PASSED

26-07-2024T17:57:51 - [TEST_STEP][PASSED] - totalplay.Common.verifyPropertyExist(FoodPCP, hits_product_type): totalplay.Common.verifyPropertyExist is PASSED

26-07-2024T17:57:51 - [MESSAGE][INFO] - Checking response object

26-07-2024T17:57:51 - [MESSAGE][PASSED] - totalplay.Common.verifyPropertyExist is PASSED

26-07-2024T17:57:51 - [TEST_STEP][PASSED] - totalplay.Common.getBooleanValueofObject(FoodPCP, hits_product_type_item): totalplay.Common.getBooleanValueofObject is PASSED

26-07-2024T17:57:51 - [MESSAGE][INFO] - Checking response object

26-07-2024T17:57:51 - [MESSAGE][PASSED] - totalplay.Common.getBooleanValueofObject is PASSED

26-07-2024T17:57:51 - [TEST_STEP][PASSED] - totalplay.Common.verifyPropertyExist(FoodPCP, hits_c_basePrice): totalplay.Common.verifyPropertyExist is PASSED

26-07-2024T17:57:51 - [MESSAGE][INFO] - Checking response object

26-07-2024T17:57:51 - [MESSAGE][PASSED] - totalplay.Common.verifyPropertyExist is PASSED

26-07-2024T17:57:51 - [TEST_STEP][PASSED] - totalplay.Common.verifyPropertyExist(FoodPCP, hits_c_linkType): totalplay.Common.verifyPropertyExist is PASSED

26-07-2024T17:57:51 - [MESSAGE][INFO] - Checking response object

26-07-2024T17:57:51 - [MESSAGE][PASSED] - totalplay.Common.verifyPropertyExist is PASSED

26-07-2024T17:57:51 - [TEST_STEP][PASSED] - totalplay.Common.verifyPropertyValueExist(FoodPCP, hits_c_linkType): totalplay.Common.verifyPropertyValueExist is PASSED

26-07-2024T17:57:51 - [MESSAGE][INFO] - Checking response object

26-07-2024T17:57:51 - [MESSAGE][INFO] - PDP

26-07-2024T17:57:51 - [MESSAGE][PASSED] - totalplay.Common.verifyPropertyValueExist is PASSED

26-07-2024T17:57:51 - [TEST_STEP][PASSED] - totalplay.Common.verifyPropertyExist(FoodPCP, hits_c_productType): totalplay.Common.verifyPropertyExist is PASSED

26-07-2024T17:57:51 - [MESSAGE][INFO] - Checking response object

26-07-2024T17:57:51 - [MESSAGE][PASSED] - totalplay.Common.verifyPropertyExist is PASSED

26-07-2024T17:57:51 - [TEST_STEP][PASSED] - totalplay.Common.verifyPropertyValueExist(FoodPCP, hits_c_productType): totalplay.Common.verifyPropertyValueExist is PASSED

26-07-2024T17:57:51 - [MESSAGE][INFO] - Checking response object

26-07-2024T17:57:51 - [MESSAGE][INFO] - regular

26-07-2024T17:57:51 - [MESSAGE][PASSED] - totalplay.Common.verifyPropertyValueExist is PASSED

26-07-2024T17:57:51 - [TEST_STEP][PASSED] - totalplay.Common.getDecimalValueofObject(FoodPCP, hits_c_basePrice_value): totalplay.Common.getDecimalValueofObject is PASSED

26-07-2024T17:57:51 - [MESSAGE][INFO] - Checking response object

26-07-2024T17:57:51 - [MESSAGE][PASSED] - totalplay.Common.getDecimalValueofObject is PASSED

26-07-2024T17:57:51 - [TEST_STEP][PASSED] - totalplay.Common.verifyPropertyExist(FoodPCP, hits_c_basePrice_currency): totalplay.Common.verifyPropertyExist is PASSED

26-07-2024T17:57:51 - [MESSAGE][INFO] - Checking response object

26-07-2024T17:57:51 - [MESSAGE][PASSED] - totalplay.Common.verifyPropertyExist is PASSED

26-07-2024T17:57:51 - [TEST_STEP][PASSED] - totalplay.Common.verifyPropertyValueExist(FoodPCP, hits_c_basePrice_currency): totalplay.Common.verifyPropertyValueExist is PASSED

26-07-2024T17:57:51 - [MESSAGE][INFO] - Checking response object

26-07-2024T17:57:51 - [MESSAGE][INFO] - MXN

26-07-2024T17:57:51 - [MESSAGE][PASSED] - totalplay.Common.verifyPropertyValueExist is PASSED

26-07-2024T17:57:51 - [TEST_STEP][PASSED] - totalplay.Common.verifyPropertyExist(FoodPCP, hits_c_basePrice_formatted): totalplay.Common.verifyPropertyExist is PASSED

26-07-2024T17:57:51 - [MESSAGE][INFO] - Checking response object

26-07-2024T17:57:51 - [MESSAGE][PASSED] - totalplay.Common.verifyPropertyExist is PASSED

26-07-2024T17:57:51 - [TEST_STEP][PASSED] - totalplay.Common.verifyPropertyValueExist(FoodPCP, hits_c_basePrice_formatted): totalplay.Common.verifyPropertyValueExist is PASSED

26-07-2024T17:57:51 - [MESSAGE][INFO] - Checking response object

26-07-2024T17:57:51 - [MESSAGE][INFO] - $32.00

26-07-2024T17:57:51 - [MESSAGE][PASSED] - totalplay.Common.verifyPropertyValueExist is PASSED

26-07-2024T17:57:51 - [TEST_STEP][PASSED] - totalplay.Common.verifyPropertyExist(FoodPCP, hits_c_basePrice_decimalPrice): totalplay.Common.verifyPropertyExist is PASSED

26-07-2024T17:57:51 - [MESSAGE][INFO] - Checking response object

26-07-2024T17:57:51 - [MESSAGE][PASSED] - totalplay.Common.verifyPropertyExist is PASSED

26-07-2024T17:57:51 - [TEST_STEP][PASSED] - totalplay.Common.verifyPropertyValueExist(FoodPCP, hits_c_basePrice_decimalPrice): totalplay.Common.verifyPropertyValueExist is PASSED

26-07-2024T17:57:51 - [MESSAGE][INFO] - Checking response object

26-07-2024T17:57:51 - [MESSAGE][INFO] - 32.00

26-07-2024T17:57:51 - [MESSAGE][PASSED] - totalplay.Common.verifyPropertyValueExist is PASSED

26-07-2024T17:57:51 - [TEST_STEP][PASSED] - totalplay.Common.verifyPropertyExist(FoodPCP, hits_c_salePrice): totalplay.Common.verifyPropertyExist is PASSED

26-07-2024T17:57:51 - [MESSAGE][INFO] - Checking response object

26-07-2024T17:57:51 - [MESSAGE][PASSED] - totalplay.Common.verifyPropertyExist is PASSED

26-07-2024T17:57:51 - [TEST_STEP][PASSED] - totalplay.Common.verifyPropertyExist(FoodPCP, hits_c_Image_alt): totalplay.Common.verifyPropertyExist is PASSED

26-07-2024T17:57:51 - [MESSAGE][INFO] - Checking response object

26-07-2024T17:57:51 - [MESSAGE][PASSED] - totalplay.Common.verifyPropertyExist is PASSED

26-07-2024T17:57:51 - [TEST_STEP][PASSED] - totalplay.Common.verifyPropertyValueExist(FoodPCP, hits_c_Image_alt): totalplay.Common.verifyPropertyValueExist is PASSED

26-07-2024T17:57:51 - [MESSAGE][INFO] - Checking response object

26-07-2024T17:57:51 - [MESSAGE][INFO] - Orden de Cabeza (100 g)

26-07-2024T17:57:51 - [MESSAGE][PASSED] - totalplay.Common.verifyPropertyValueExist is PASSED

26-07-2024T17:57:51 - [TEST_STEP][PASSED] - totalplay.Common.verifyPropertyValueEmptyString(FoodPCP, hits_c_salePrice_currency): totalplay.Common.verifyPropertyValueEmptyString is PASSED

26-07-2024T17:57:51 - [MESSAGE][INFO] - Checking response object

26-07-2024T17:57:51 - [MESSAGE][INFO] - 

26-07-2024T17:57:51 - [MESSAGE][PASSED] - totalplay.Common.verifyPropertyValueEmptyString is PASSED

26-07-2024T17:57:51 - [TEST_STEP][PASSED] - totalplay.Common.verifyPropertyValueEmptyString(FoodPCP, hits_c_salePrice_formatted): totalplay.Common.verifyPropertyValueEmptyString is PASSED

26-07-2024T17:57:51 - [MESSAGE][INFO] - Checking response object

26-07-2024T17:57:51 - [MESSAGE][INFO] - 

26-07-2024T17:57:51 - [MESSAGE][PASSED] - totalplay.Common.verifyPropertyValueEmptyString is PASSED

26-07-2024T17:57:51 - [TEST_STEP][PASSED] - totalplay.Common.verifyPropertyValueEmptyString(FoodPCP, hits_c_salePrice_decimalPrice): totalplay.Common.verifyPropertyValueEmptyString is PASSED

26-07-2024T17:57:51 - [MESSAGE][INFO] - Checking response object

26-07-2024T17:57:51 - [MESSAGE][INFO] - 

26-07-2024T17:57:51 - [MESSAGE][PASSED] - totalplay.Common.verifyPropertyValueEmptyString is PASSED

26-07-2024T17:57:51 - [TEST_STEP][PASSED] - totalplay.Common.verifyPropertyValueEmptyString(FoodPCP, hits_c_Image_url): totalplay.Common.verifyPropertyValueEmptyString is PASSED

26-07-2024T17:57:51 - [MESSAGE][INFO] - Checking response object

26-07-2024T17:57:51 - [MESSAGE][INFO] - 

26-07-2024T17:57:51 - [MESSAGE][PASSED] - totalplay.Common.verifyPropertyValueEmptyString is PASSED

26-07-2024T17:57:51 - [TEST_STEP][PASSED] - totalplay.Common.verifyPropertyExist(FoodPCP, hits_c_Image_title): totalplay.Common.verifyPropertyExist is PASSED

26-07-2024T17:57:51 - [MESSAGE][INFO] - Checking response object

26-07-2024T17:57:51 - [MESSAGE][PASSED] - totalplay.Common.verifyPropertyExist is PASSED

26-07-2024T17:57:51 - [TEST_STEP][PASSED] - totalplay.Common.verifyPropertyValueExist(FoodPCP, hits_c_Image_title): totalplay.Common.verifyPropertyValueExist is PASSED

26-07-2024T17:57:51 - [MESSAGE][INFO] - Checking response object

26-07-2024T17:57:51 - [MESSAGE][INFO] - Orden de Cabeza (100 g)

26-07-2024T17:57:51 - [MESSAGE][PASSED] - totalplay.Common.verifyPropertyValueExist is PASSED

26-07-2024T17:57:51 - [TEST_STEP][PASSED] - totalplay.Common.getDecimalValueofObject(FoodPCP, hits_c_promoPrice): totalplay.Common.getDecimalValueofObject is PASSED

26-07-2024T17:57:51 - [MESSAGE][INFO] - Checking response object

26-07-2024T17:57:51 - [MESSAGE][PASSED] - totalplay.Common.getDecimalValueofObject is PASSED

26-07-2024T17:57:51 - [TEST_STEP][PASSED] - totalplay.Common.getDecimalValueofObject(FoodPCP, hits_c_salePrice_value): totalplay.Common.getDecimalValueofObject is PASSED

26-07-2024T17:57:51 - [MESSAGE][INFO] - Checking response object

26-07-2024T17:57:51 - [MESSAGE][PASSED] - totalplay.Common.getDecimalValueofObject is PASSED

26-07-2024T17:57:51 - [TEST_STEP][PASSED] - totalplay.Common.getBooleanValueofObject(FoodPCP, hits_c_isVariant): totalplay.Common.getBooleanValueofObject is PASSED

26-07-2024T17:57:51 - [MESSAGE][INFO] - Checking response object

26-07-2024T17:57:51 - [MESSAGE][PASSED] - totalplay.Common.getBooleanValueofObject is PASSED

26-07-2024T17:57:51 - [TEST_STEP][PASSED] - totalplay.Common.getDecimalValueofObject(FoodPCP, hits_c_emi_months): totalplay.Common.getDecimalValueofObject is PASSED

26-07-2024T17:57:51 - [MESSAGE][INFO] - Checking response object

26-07-2024T17:57:51 - [MESSAGE][PASSED] - totalplay.Common.getDecimalValueofObject is PASSED

26-07-2024T17:57:51 - [TEST_STEP][PASSED] - totalplay.Common.getDecimalValueofObject(FoodPCP, hits_c_emi_installment_amount): totalplay.Common.getDecimalValueofObject is PASSED

26-07-2024T17:57:51 - [MESSAGE][INFO] - Checking response object

26-07-2024T17:57:51 - [MESSAGE][PASSED] - totalplay.Common.getDecimalValueofObject is PASSED

26-07-2024T17:57:51 - [TEST_STEP][PASSED] - totalplay.Common.verifyPropertyExist(FoodPCP, hits_c_Edd): totalplay.Common.verifyPropertyExist is PASSED

26-07-2024T17:57:51 - [MESSAGE][INFO] - Checking response object

26-07-2024T17:57:51 - [MESSAGE][PASSED] - totalplay.Common.verifyPropertyExist is PASSED

26-07-2024T17:57:52 - [TEST_STEP][PASSED] - totalplay.Common.verifyPropertyValueExist(FoodPCP, hits_c_Edd): totalplay.Common.verifyPropertyValueExist is PASSED

26-07-2024T17:57:52 - [MESSAGE][INFO] - Checking response object

26-07-2024T17:57:52 - [MESSAGE][INFO] - 90 Min

26-07-2024T17:57:52 - [MESSAGE][PASSED] - totalplay.Common.verifyPropertyValueExist is PASSED

26-07-2024T17:57:52 - [TEST_STEP][PASSED] - totalplay.Common.verifyPropertyExist(FoodPCP, refinements): totalplay.Common.verifyPropertyExist is PASSED

26-07-2024T17:57:52 - [MESSAGE][INFO] - Checking response object

26-07-2024T17:57:52 - [MESSAGE][PASSED] - totalplay.Common.verifyPropertyExist is PASSED

26-07-2024T17:57:52 - [TEST_STEP][PASSED] - totalplay.Common.verifyPropertyExist(FoodPCP, refinements_type0): totalplay.Common.verifyPropertyExist is PASSED

26-07-2024T17:57:52 - [MESSAGE][INFO] - Checking response object

26-07-2024T17:57:52 - [MESSAGE][PASSED] - totalplay.Common.verifyPropertyExist is PASSED

26-07-2024T17:57:52 - [TEST_STEP][PASSED] - totalplay.Common.verifyPropertyValueExist(FoodPCP, refinements_type0): totalplay.Common.verifyPropertyValueExist is PASSED

26-07-2024T17:57:52 - [MESSAGE][INFO] - Checking response object

26-07-2024T17:57:52 - [MESSAGE][INFO] - product_search_refinement

26-07-2024T17:57:52 - [MESSAGE][PASSED] - totalplay.Common.verifyPropertyValueExist is PASSED

26-07-2024T17:57:52 - [TEST_STEP][PASSED] - totalplay.Common.verifyPropertyExist(FoodPCP, refinements_attribute_id0): totalplay.Common.verifyPropertyExist is PASSED

26-07-2024T17:57:52 - [MESSAGE][INFO] - Checking response object

26-07-2024T17:57:52 - [MESSAGE][PASSED] - totalplay.Common.verifyPropertyExist is PASSED

26-07-2024T17:57:52 - [TEST_STEP][PASSED] - totalplay.Common.verifyPropertyValueExist(FoodPCP, refinements_attribute_id0): totalplay.Common.verifyPropertyValueExist is PASSED

26-07-2024T17:57:52 - [MESSAGE][INFO] - Checking response object

26-07-2024T17:57:52 - [MESSAGE][INFO] - c_availableTimings

26-07-2024T17:57:52 - [MESSAGE][PASSED] - totalplay.Common.verifyPropertyValueExist is PASSED

26-07-2024T17:57:52 - [TEST_STEP][PASSED] - totalplay.Common.verifyPropertyExist(FoodPCP, refinements_label0): totalplay.Common.verifyPropertyExist is PASSED

26-07-2024T17:57:52 - [MESSAGE][INFO] - Checking response object

26-07-2024T17:57:52 - [MESSAGE][PASSED] - totalplay.Common.verifyPropertyExist is PASSED

26-07-2024T17:57:52 - [TEST_STEP][PASSED] - totalplay.Common.verifyPropertyValueExist(FoodPCP, refinements_label0): totalplay.Common.verifyPropertyValueExist is PASSED

26-07-2024T17:57:52 - [MESSAGE][INFO] - Checking response object

26-07-2024T17:57:52 - [MESSAGE][INFO] - Available Timings

26-07-2024T17:57:52 - [MESSAGE][PASSED] - totalplay.Common.verifyPropertyValueExist is PASSED

26-07-2024T17:57:52 - [TEST_STEP][PASSED] - totalplay.Common.verifyPropertyExist(FoodPCP, refinements_type): totalplay.Common.verifyPropertyExist is PASSED

26-07-2024T17:57:52 - [MESSAGE][INFO] - Checking response object

26-07-2024T17:57:52 - [MESSAGE][PASSED] - totalplay.Common.verifyPropertyExist is PASSED

26-07-2024T17:57:52 - [TEST_STEP][PASSED] - totalplay.Common.verifyPropertyValueExist(FoodPCP, refinements_type): totalplay.Common.verifyPropertyValueExist is PASSED

26-07-2024T17:57:52 - [MESSAGE][INFO] - Checking response object

26-07-2024T17:57:52 - [MESSAGE][INFO] - product_search_refinement

26-07-2024T17:57:52 - [MESSAGE][PASSED] - totalplay.Common.verifyPropertyValueExist is PASSED

26-07-2024T17:57:52 - [TEST_STEP][PASSED] - totalplay.Common.verifyPropertyExist(FoodPCP, refinements_label): totalplay.Common.verifyPropertyExist is PASSED

26-07-2024T17:57:52 - [MESSAGE][INFO] - Checking response object

26-07-2024T17:57:52 - [MESSAGE][PASSED] - totalplay.Common.verifyPropertyExist is PASSED

26-07-2024T17:57:52 - [TEST_STEP][PASSED] - totalplay.Common.verifyPropertyValueExist(FoodPCP, refinements_label): totalplay.Common.verifyPropertyValueExist is PASSED

26-07-2024T17:57:52 - [MESSAGE][INFO] - Checking response object

26-07-2024T17:57:52 - [MESSAGE][INFO] - Category

26-07-2024T17:57:52 - [MESSAGE][PASSED] - totalplay.Common.verifyPropertyValueExist is PASSED

26-07-2024T17:57:52 - [TEST_STEP][PASSED] - totalplay.Common.verifyPropertyExist(FoodPCP, refinements_attribute_id): totalplay.Common.verifyPropertyExist is PASSED

26-07-2024T17:57:52 - [MESSAGE][INFO] - Checking response object

26-07-2024T17:57:52 - [MESSAGE][PASSED] - totalplay.Common.verifyPropertyExist is PASSED

26-07-2024T17:57:52 - [TEST_STEP][PASSED] - totalplay.Common.verifyPropertyValueExist(FoodPCP, refinements_attribute_id): totalplay.Common.verifyPropertyValueExist is PASSED

26-07-2024T17:57:52 - [MESSAGE][INFO] - Checking response object

26-07-2024T17:57:52 - [MESSAGE][INFO] - cgid

26-07-2024T17:57:52 - [MESSAGE][PASSED] - totalplay.Common.verifyPropertyValueExist is PASSED

26-07-2024T17:57:52 - [TEST_STEP][PASSED] - totalplay.Common.verifyPropertyExist(FoodPCP, refinements_values): totalplay.Common.verifyPropertyExist is PASSED

26-07-2024T17:57:52 - [MESSAGE][INFO] - Checking response object

26-07-2024T17:57:52 - [MESSAGE][PASSED] - totalplay.Common.verifyPropertyExist is PASSED

26-07-2024T17:57:52 - [TEST_STEP][PASSED] - totalplay.Common.verifyPropertyExist(FoodPCP, search_phrase_suggestions): totalplay.Common.verifyPropertyExist is PASSED

26-07-2024T17:57:52 - [MESSAGE][INFO] - Checking response object

26-07-2024T17:57:52 - [MESSAGE][PASSED] - totalplay.Common.verifyPropertyExist is PASSED

26-07-2024T17:57:52 - [TEST_STEP][PASSED] - totalplay.Common.verifyPropertyExist(FoodPCP, search_phrase_suggestions_type): totalplay.Common.verifyPropertyExist is PASSED

26-07-2024T17:57:52 - [MESSAGE][INFO] - Checking response object

26-07-2024T17:57:52 - [MESSAGE][PASSED] - totalplay.Common.verifyPropertyExist is PASSED

26-07-2024T17:57:52 - [TEST_STEP][PASSED] - totalplay.Common.verifyPropertyValueExist(FoodPCP, search_phrase_suggestions_type): totalplay.Common.verifyPropertyValueExist is PASSED

26-07-2024T17:57:52 - [MESSAGE][INFO] - Checking response object

26-07-2024T17:57:52 - [MESSAGE][INFO] - suggestion

26-07-2024T17:57:52 - [MESSAGE][PASSED] - totalplay.Common.verifyPropertyValueExist is PASSED

26-07-2024T17:57:52 - [TEST_STEP][PASSED] - totalplay.Common.verifyPropertyExist(FoodPCP, sorting_options): totalplay.Common.verifyPropertyExist is PASSED

26-07-2024T17:57:52 - [MESSAGE][INFO] - Checking response object

26-07-2024T17:57:52 - [MESSAGE][PASSED] - totalplay.Common.verifyPropertyExist is PASSED

26-07-2024T17:57:52 - [TEST_STEP][PASSED] - totalplay.Common.verifyPropertyExist(FoodPCP, sorting_options_type): totalplay.Common.verifyPropertyExist is PASSED

26-07-2024T17:57:52 - [MESSAGE][INFO] - Checking response object

26-07-2024T17:57:52 - [MESSAGE][PASSED] - totalplay.Common.verifyPropertyExist is PASSED

26-07-2024T17:57:52 - [TEST_STEP][PASSED] - totalplay.Common.verifyPropertyValueExist(FoodPCP, sorting_options_type): totalplay.Common.verifyPropertyValueExist is PASSED

26-07-2024T17:57:52 - [MESSAGE][INFO] - Checking response object

26-07-2024T17:57:52 - [MESSAGE][INFO] - product_search_sorting_option

26-07-2024T17:57:52 - [MESSAGE][PASSED] - totalplay.Common.verifyPropertyValueExist is PASSED

26-07-2024T17:57:52 - [TEST_STEP][PASSED] - totalplay.Common.verifyPropertyExist(FoodPCP, sorting_options_label): totalplay.Common.verifyPropertyExist is PASSED

26-07-2024T17:57:52 - [MESSAGE][INFO] - Checking response object

26-07-2024T17:57:52 - [MESSAGE][PASSED] - totalplay.Common.verifyPropertyExist is PASSED

26-07-2024T17:57:52 - [TEST_STEP][PASSED] - totalplay.Common.verifyPropertyValueExist(FoodPCP, sorting_options_label): totalplay.Common.verifyPropertyValueExist is PASSED

26-07-2024T17:57:52 - [MESSAGE][INFO] - Checking response object

26-07-2024T17:57:52 - [MESSAGE][INFO] - Best Matches

26-07-2024T17:57:52 - [MESSAGE][PASSED] - totalplay.Common.verifyPropertyValueExist is PASSED

26-07-2024T17:57:52 - [TEST_STEP][PASSED] - totalplay.Common.verifyPropertyExist(FoodPCP, sorting_options_id): totalplay.Common.verifyPropertyExist is PASSED

26-07-2024T17:57:52 - [MESSAGE][INFO] - Checking response object

26-07-2024T17:57:52 - [MESSAGE][PASSED] - totalplay.Common.verifyPropertyExist is PASSED

26-07-2024T17:57:52 - [TEST_STEP][PASSED] - totalplay.Common.verifyPropertyValueExist(FoodPCP, sorting_options_id): totalplay.Common.verifyPropertyValueExist is PASSED

26-07-2024T17:57:52 - [MESSAGE][INFO] - Checking response object

26-07-2024T17:57:52 - [MESSAGE][INFO] - best-matches

26-07-2024T17:57:52 - [MESSAGE][PASSED] - totalplay.Common.verifyPropertyValueExist is PASSED

26-07-2024T17:57:52 - [TEST_STEP][PASSED] - totalplay.Common.getNumValueofObject(FoodPCP, start): totalplay.Common.getNumValueofObject is PASSED

26-07-2024T17:57:52 - [MESSAGE][INFO] - Checking response object

26-07-2024T17:57:52 - [MESSAGE][PASSED] - totalplay.Common.getNumValueofObject is PASSED

26-07-2024T17:57:52 - [TEST_STEP][PASSED] - totalplay.Common.getNumValueofObject(FoodPCP, total): totalplay.Common.getNumValueofObject is PASSED

26-07-2024T17:57:52 - [MESSAGE][INFO] - Checking response object

26-07-2024T17:57:52 - [MESSAGE][PASSED] - totalplay.Common.getNumValueofObject is PASSED]]></system-out>
         <system-err><![CDATA[]]></system-err>
      </testcase>
      <testcase name="Test Cases/TotalPlay-Food/TC_6_Food PDP" time="8.038" classname="Test Cases/TotalPlay-Food/TC_6_Food PDP" status="PASSED">
         <system-out><![CDATA[26-07-2024T17:57:52 - [TEST_CASE][PASSED] - Test Cases/TotalPlay-Food/TC_6_Food PDP: Test Cases/TotalPlay-Food/TC_6_Food PDP

26-07-2024T17:57:53 - [TEST_STEP][PASSED] - callTestCase(findTestCase("TotalPlay-Food/TC_1_Login_Service"), [:], STOP_ON_FAILURE): Call Test Case 'Test Cases/TotalPlay-Food/TC_1_Login_Service' successfully

26-07-2024T17:57:53 - [MESSAGE][INFO] - Checking called Test Case

26-07-2024T17:57:53 - [MESSAGE][INFO] - Starting to call Test Case 'Test Cases/TotalPlay-Food/TC_1_Login_Service'

26-07-2024T17:57:53 - [TEST_CASE][PASSED] - Test Cases/TotalPlay-Food/TC_1_Login_Service: Test Cases/TotalPlay-Food/TC_1_Login_Service

26-07-2024T17:57:53 - [TEST_STEP][PASSED] - LoginResponse = sendRequest(findTestObject("TotalPlay-Food/getTokenDelivery", ["URL":URL])): Send request successfully

26-07-2024T17:57:53 - [MESSAGE][INFO] - Finding Test Object 'Object Repository/TotalPlay-Food/getTokenDelivery'

26-07-2024T17:57:53 - [MESSAGE][INFO] - Checking request object

26-07-2024T17:57:56 - [MESSAGE][INFO] - HAR: C:\Users\ShubhamKumarThakur\OneDrive - Kognivera\Documents\TotalPlay\totalplay-automation\Reports\20240726_175712\Food_Services\20240726_175712\requests\main\9.har

26-07-2024T17:57:56 - [MESSAGE][PASSED] - Send request successfully

26-07-2024T17:57:56 - [TEST_STEP][PASSED] - assert getResponseStatusCode(LoginResponse) == 200: Checking response object

26-07-2024T17:57:56 - [MESSAGE][INFO] - Checking response object

26-07-2024T17:57:56 - [TEST_STEP][PASSED] - Auth = "ocapiResponse.access_token": null

26-07-2024T17:57:56 - [TEST_STEP][PASSED] - FoodBascketId = "ocapiResponse.c_basketId_TP_FOOD": null

26-07-2024T17:57:56 - [TEST_STEP][PASSED] - FoodBasId = getElementPropertyValue(LoginResponse, FoodBascketId): Checking response object

26-07-2024T17:57:56 - [MESSAGE][INFO] - Checking response object

26-07-2024T17:57:56 - [TEST_STEP][PASSED] - sfccAuthorization = getElementPropertyValue(LoginResponse, Auth): Checking response object

26-07-2024T17:57:56 - [MESSAGE][INFO] - Checking response object

26-07-2024T17:57:56 - [TEST_STEP][PASSED] - Authorization = "Bearer " + sfccAuthorization: null

26-07-2024T17:57:56 - [TEST_STEP][PASSED] - FoodBasketId = FoodBasId: null

26-07-2024T17:57:56 - [TEST_STEP][PASSED] - logInfo(bm_auth_token): 

26-07-2024T17:57:56 - [MESSAGE][INFO] - 

26-07-2024T17:57:56 - [TEST_STEP][PASSED] - if (sfccAuthorization.length() == 0): null

26-07-2024T17:57:56 - [TEST_STEP][PASSED] - else: authorization generated

26-07-2024T17:57:56 - [TEST_STEP][PASSED] - markPassed("authorization generated"): authorization generated

26-07-2024T17:57:56 - [MESSAGE][PASSED] - authorization generated

26-07-2024T17:57:56 - [TEST_STEP][PASSED] - BasketId_loginResponse = "ocapiResponse.c_basketId": null

26-07-2024T17:57:56 - [TEST_STEP][PASSED] - CustomerId_loginResponse = "ocapiResponse.customer_id": null

26-07-2024T17:57:56 - [TEST_STEP][PASSED] - basketId = getElementPropertyValue(LoginResponse, BasketId_loginResponse): Checking response object

26-07-2024T17:57:56 - [MESSAGE][INFO] - Checking response object

26-07-2024T17:57:56 - [TEST_STEP][PASSED] - customerId = getElementPropertyValue(LoginResponse, CustomerId_loginResponse): Checking response object

26-07-2024T17:57:56 - [MESSAGE][INFO] - Checking response object

26-07-2024T17:57:56 - [TEST_STEP][PASSED] - basketID = basketId: null

26-07-2024T17:57:56 - [TEST_STEP][PASSED] - sla_customerId = customerId: null

26-07-2024T17:57:56 - [TEST_STEP][PASSED] - println(basketID): null

26-07-2024T17:57:56 - [TEST_STEP][PASSED] - println(sla_customerId): null

26-07-2024T17:57:56 - [TEST_STEP][PASSED] - refresh_token = "ocapiResponse.refresh_token": null

26-07-2024T17:57:56 - [TEST_STEP][PASSED] - customer_email = "ocapiResponse.customer_email": null

26-07-2024T17:57:56 - [TEST_STEP][PASSED] - c_brmId = "ocapiResponse.c_brmId": null

26-07-2024T17:57:56 - [TEST_STEP][PASSED] - customer_name = "ocapiResponse.customer_name": null

26-07-2024T17:57:56 - [TEST_STEP][PASSED] - totalplay.Common.verifyPropertyExist(LoginResponse, refresh_token): totalplay.Common.verifyPropertyExist is PASSED

26-07-2024T17:57:56 - [MESSAGE][INFO] - Checking response object

26-07-2024T17:57:56 - [MESSAGE][PASSED] - totalplay.Common.verifyPropertyExist is PASSED

26-07-2024T17:57:56 - [TEST_STEP][PASSED] - totalplay.Common.verifyPropertyValueExist(LoginResponse, refresh_token): totalplay.Common.verifyPropertyValueExist is PASSED

26-07-2024T17:57:56 - [MESSAGE][INFO] - Checking response object

26-07-2024T17:57:56 - [MESSAGE][INFO] - WK38hlBw8X5qICQtAy6uAetcqWKCUko-0WIbTE4MVdc

26-07-2024T17:57:56 - [MESSAGE][PASSED] - totalplay.Common.verifyPropertyValueExist is PASSED

26-07-2024T17:57:56 - [TEST_STEP][PASSED] - totalplay.Common.verifyPropertyExist(LoginResponse, customer_email): totalplay.Common.verifyPropertyExist is PASSED

26-07-2024T17:57:56 - [MESSAGE][INFO] - Checking response object

26-07-2024T17:57:56 - [MESSAGE][PASSED] - totalplay.Common.verifyPropertyExist is PASSED

26-07-2024T17:57:56 - [TEST_STEP][PASSED] - totalplay.Common.verifyPropertyValueExist(LoginResponse, customer_email): totalplay.Common.verifyPropertyValueExist is PASSED

26-07-2024T17:57:56 - [MESSAGE][INFO] - Checking response object

26-07-2024T17:57:56 - [MESSAGE][INFO] - cesar.waldo93@gmail.com

26-07-2024T17:57:56 - [MESSAGE][PASSED] - totalplay.Common.verifyPropertyValueExist is PASSED

26-07-2024T17:57:56 - [TEST_STEP][PASSED] - totalplay.Common.verifyPropertyExist(LoginResponse, customer_name): totalplay.Common.verifyPropertyExist is PASSED

26-07-2024T17:57:56 - [MESSAGE][INFO] - Checking response object

26-07-2024T17:57:56 - [MESSAGE][PASSED] - totalplay.Common.verifyPropertyExist is PASSED

26-07-2024T17:57:56 - [TEST_STEP][PASSED] - totalplay.Common.verifyPropertyValueExist(LoginResponse, customer_name): totalplay.Common.verifyPropertyValueExist is PASSED

26-07-2024T17:57:56 - [MESSAGE][INFO] - Checking response object

26-07-2024T17:57:56 - [MESSAGE][INFO] - CESAR GERARDO WALDO GONZALEZ

26-07-2024T17:57:56 - [MESSAGE][PASSED] - totalplay.Common.verifyPropertyValueExist is PASSED

26-07-2024T17:57:56 - [TEST_STEP][PASSED] - totalplay.Common.verifyPropertyExist(LoginResponse, c_brmId): totalplay.Common.verifyPropertyExist is PASSED

26-07-2024T17:57:56 - [MESSAGE][INFO] - Checking response object

26-07-2024T17:57:56 - [MESSAGE][PASSED] - totalplay.Common.verifyPropertyExist is PASSED

26-07-2024T17:57:56 - [TEST_STEP][PASSED] - totalplay.Common.verifyPropertyValueExist(LoginResponse, c_brmId): totalplay.Common.verifyPropertyValueExist is PASSED

26-07-2024T17:57:56 - [MESSAGE][INFO] - Checking response object

26-07-2024T17:57:56 - [MESSAGE][INFO] - 0106378356

26-07-2024T17:57:56 - [MESSAGE][PASSED] - totalplay.Common.verifyPropertyValueExist is PASSED

26-07-2024T17:57:56 - [MESSAGE][PASSED] - Call Test Case 'Test Cases/TotalPlay-Food/TC_1_Login_Service' successfully

26-07-2024T17:57:56 - [TEST_STEP][PASSED] - FoodPDP = sendRequest(findTestObject("TotalPlay-Food/Food PDP", ["URL":URL])): Send request successfully

26-07-2024T17:57:56 - [MESSAGE][INFO] - Finding Test Object 'Object Repository/TotalPlay-Food/Food PDP'

26-07-2024T17:57:56 - [MESSAGE][INFO] - Checking request object

26-07-2024T17:57:58 - [MESSAGE][INFO] - HAR: C:\Users\ShubhamKumarThakur\OneDrive - Kognivera\Documents\TotalPlay\totalplay-automation\Reports\20240726_175712\Food_Services\20240726_175712\requests\main\10.har

26-07-2024T17:57:58 - [MESSAGE][PASSED] - Send request successfully

26-07-2024T17:57:58 - [TEST_STEP][PASSED] - verifyResponseStatusCode(FoodPDP, 200): Verify response status code successfully

26-07-2024T17:57:58 - [MESSAGE][INFO] - Checking response object

26-07-2024T17:57:58 - [MESSAGE][PASSED] - Verify response status code successfully

26-07-2024T17:57:58 - [TEST_STEP][PASSED] - type = "_type": null

26-07-2024T17:57:58 - [TEST_STEP][PASSED] - brand = "brand": null

26-07-2024T17:57:58 - [TEST_STEP][PASSED] - currency = "currency": null

26-07-2024T17:57:58 - [TEST_STEP][PASSED] - id = "id": null

26-07-2024T17:57:58 - [TEST_STEP][PASSED] - inventory = "inventory": null

26-07-2024T17:57:58 - [TEST_STEP][PASSED] - inventory_type = "inventory._type": null

26-07-2024T17:57:58 - [TEST_STEP][PASSED] - inventory_ats = "inventory.ats": null

26-07-2024T17:57:58 - [TEST_STEP][PASSED] - inventory_backorderable = "inventory.backorderable": null

26-07-2024T17:57:58 - [TEST_STEP][PASSED] - inventory_id = "inventory.id": null

26-07-2024T17:57:58 - [TEST_STEP][PASSED] - inventory_orderable = "inventory.orderable": null

26-07-2024T17:57:58 - [TEST_STEP][PASSED] - inventory_preorderable = "inventory.preorderable": null

26-07-2024T17:57:58 - [TEST_STEP][PASSED] - inventory_stock_level = "inventory.stock_level": null

26-07-2024T17:57:58 - [TEST_STEP][PASSED] - min_order_quantity = "min_order_quantity": null

26-07-2024T17:57:58 - [TEST_STEP][PASSED] - name = "name": null

26-07-2024T17:57:58 - [TEST_STEP][PASSED] - price = "price": null

26-07-2024T17:57:58 - [TEST_STEP][PASSED] - price_per_unit = "price_per_unit": null

26-07-2024T17:57:58 - [TEST_STEP][PASSED] - product_promotions = "product_promotions": null

26-07-2024T17:57:58 - [TEST_STEP][PASSED] - product_promotions_type = "product_promotions[0]._type": null

26-07-2024T17:57:58 - [TEST_STEP][PASSED] - product_promotions_link = "product_promotions[0].link": null

26-07-2024T17:57:58 - [TEST_STEP][PASSED] - product_promotions_promotion_id = "product_promotions[0].promotion_id": null

26-07-2024T17:57:58 - [TEST_STEP][PASSED] - step_quantity = "step_quantity": null

26-07-2024T17:57:58 - [TEST_STEP][PASSED] - type_type = "type._type": null

26-07-2024T17:57:58 - [TEST_STEP][PASSED] - c_PromoAvailable = "c_PromoAvailable": null

26-07-2024T17:57:58 - [TEST_STEP][PASSED] - c_corporateName = "c_corporateName": null

26-07-2024T17:57:58 - [TEST_STEP][PASSED] - c_description = "c_description": null

26-07-2024T17:57:58 - [TEST_STEP][PASSED] - c_discountPercentage = "c_discountPercentage": null

26-07-2024T17:57:58 - [TEST_STEP][PASSED] - c_individualDelivery = "c_individualDelivery": null

26-07-2024T17:57:58 - [TEST_STEP][PASSED] - c_marketplaceProduct = "c_marketplaceProduct": null

26-07-2024T17:57:58 - [TEST_STEP][PASSED] - c_miraklProductDataSource = "c_miraklProductDataSource": null

26-07-2024T17:57:58 - [TEST_STEP][PASSED] - c_miraklProductId = "c_miraklProductId": null

26-07-2024T17:57:58 - [TEST_STEP][PASSED] - c_miraklShopID = "c_miraklShopID": null

26-07-2024T17:57:58 - [TEST_STEP][PASSED] - c_miraklShopName = "c_miraklShopName": null

26-07-2024T17:57:58 - [TEST_STEP][PASSED] - c_productType = "c_productType": null

26-07-2024T17:57:58 - [TEST_STEP][PASSED] - c_promotionName = "c_promotionName": null

26-07-2024T17:57:58 - [TEST_STEP][PASSED] - c_sapId = "c_sapId": null

26-07-2024T17:57:58 - [TEST_STEP][PASSED] - c_selectable = "c_selectable": null

26-07-2024T17:57:58 - [TEST_STEP][PASSED] - c_seller_lead_times = "c_seller-lead-times": null

26-07-2024T17:57:58 - [TEST_STEP][PASSED] - c_sellerDescription = "c_sellerDescription": null

26-07-2024T17:57:58 - [TEST_STEP][PASSED] - c_shopIdName = "c_shopIdName": null

26-07-2024T17:57:58 - [TEST_STEP][PASSED] - c_tpshop = "c_tpshop": null

26-07-2024T17:57:58 - [TEST_STEP][PASSED] - c_updateMiraklImages = "c_updateMiraklImages": null

26-07-2024T17:57:58 - [TEST_STEP][PASSED] - c_verticalType = "c_verticalType": null

26-07-2024T17:57:58 - [TEST_STEP][PASSED] - c_salePrice = "c_salePrice": null

26-07-2024T17:57:58 - [TEST_STEP][PASSED] - c_salePrice_value = "c_salePrice.value": null

26-07-2024T17:57:58 - [TEST_STEP][PASSED] - c_salePrice_currency = "c_salePrice.currency": null

26-07-2024T17:57:58 - [TEST_STEP][PASSED] - c_salePrice_decimalPrice = "c_salePrice.decimalPrice": null

26-07-2024T17:57:58 - [TEST_STEP][PASSED] - c_basePrice = "c_basePrice": null

26-07-2024T17:57:58 - [TEST_STEP][PASSED] - c_basePrice_currency = "c_basePrice.currency": null

26-07-2024T17:57:58 - [TEST_STEP][PASSED] - c_basePrice_decimalPrice = "c_basePrice.decimalPrice": null

26-07-2024T17:57:58 - [TEST_STEP][PASSED] - c_similarProducts = "c_similarProducts": null

26-07-2024T17:57:58 - [TEST_STEP][PASSED] - c_similarProducts_online = "c_similarProducts[0].online": null

26-07-2024T17:57:58 - [TEST_STEP][PASSED] - c_similarProducts_link = "c_similarProducts[0].link": null

26-07-2024T17:57:58 - [TEST_STEP][PASSED] - c_similarProducts_linkType = "c_similarProducts[0].linkType": null

26-07-2024T17:57:58 - [TEST_STEP][PASSED] - c_similarProducts_productId = "c_similarProducts[0].productId": null

26-07-2024T17:57:58 - [TEST_STEP][PASSED] - c_similarProducts_productName = "c_similarProducts[0].productName": null

26-07-2024T17:57:58 - [TEST_STEP][PASSED] - c_similarProducts_productDesc = "c_similarProducts[0].productDesc": null

26-07-2024T17:57:58 - [TEST_STEP][PASSED] - c_similarProducts_productType = "c_similarProducts[0].productType": null

26-07-2024T17:57:58 - [TEST_STEP][PASSED] - c_similarProducts_basePrice = "c_similarProducts[0].basePrice": null

26-07-2024T17:57:58 - [TEST_STEP][PASSED] - c_similarProducts_basePrice_currency = "c_similarProducts[0].basePrice.currency": null

26-07-2024T17:57:58 - [TEST_STEP][PASSED] - c_similarProducts_basePrice_decimalPrice = "c_similarProducts[0].basePrice.decimalPrice": null

26-07-2024T17:57:58 - [TEST_STEP][PASSED] - c_similarProducts_salePrice = "c_similarProducts[0].salePrice": null

26-07-2024T17:57:58 - [TEST_STEP][PASSED] - c_similarProducts_salePrice_value = "c_similarProducts[0].salePrice.value": null

26-07-2024T17:57:58 - [TEST_STEP][PASSED] - c_similarProducts_salePrice_currency = "c_similarProducts[0].salePrice.currency": null

26-07-2024T17:57:58 - [TEST_STEP][PASSED] - c_similarProducts_salePrice_formatted = "c_similarProducts[0].salePrice.formatted": null

26-07-2024T17:57:58 - [TEST_STEP][PASSED] - c_similarProducts_image_alt = "c_similarProducts[0].image[0].alt": null

26-07-2024T17:57:58 - [TEST_STEP][PASSED] - c_similarProducts_image_url = "c_similarProducts[0].image[0].url": null

26-07-2024T17:57:58 - [TEST_STEP][PASSED] - c_similarProducts_imagetitle = "c_similarProducts[0].image[0].title": null

26-07-2024T17:57:58 - [TEST_STEP][PASSED] - c_similarProducts_discount_percentage = "c_similarProducts[0].discount_percentage": null

26-07-2024T17:57:58 - [TEST_STEP][PASSED] - c_similarProducts_promotionName = "c_similarProducts[0].promotionName": null

26-07-2024T17:57:58 - [TEST_STEP][PASSED] - c_similarProducts_promotionName_calloutMsg = "c_similarProducts[0].promotionName[0].calloutMsg": null

26-07-2024T17:57:58 - [TEST_STEP][PASSED] - c_similarProducts_promotionName_details = "c_similarProducts[0].promotionName[0].details": null

26-07-2024T17:57:58 - [TEST_STEP][PASSED] - c_similarProducts_promotionName_enabled = "c_similarProducts[0].promotionName[0].enabled": null

26-07-2024T17:57:58 - [TEST_STEP][PASSED] - c_similarProducts_promotionName_id = "c_similarProducts[0].promotionName[0].id": null

26-07-2024T17:57:58 - [TEST_STEP][PASSED] - c_similarProducts_promotionName_name = "c_similarProducts[0].promotionName[0].name": null

26-07-2024T17:57:58 - [TEST_STEP][PASSED] - c_similarProducts_promotionName_promotionClass = "c_similarProducts[0].promotionName[0].promotionClass": null

26-07-2024T17:57:58 - [TEST_STEP][PASSED] - c_similarProducts_promotionName_rank = "c_similarProducts[0].promotionName[0].rank": null

26-07-2024T17:57:58 - [TEST_STEP][PASSED] - c_similarProducts_promoPrice = "c_similarProducts[0].promoPrice": null

26-07-2024T17:57:58 - [TEST_STEP][PASSED] - c_similarProducts_isVariant = "c_similarProducts[0].isVariant": null

26-07-2024T17:57:58 - [TEST_STEP][PASSED] - c_similarProducts_colorSwatches = "c_similarProducts[0].colorSwatches": null

26-07-2024T17:57:58 - [TEST_STEP][PASSED] - c_similarProducts_emi_installment_amount = "c_similarProducts[0].emi_installment_amount": null

26-07-2024T17:57:58 - [TEST_STEP][PASSED] - c_similarProducts_bestOfferPrice = "c_similarProducts[0].bestOfferPrice": null

26-07-2024T17:57:58 - [TEST_STEP][PASSED] - totalplay.Common.verifyPropertyExist(FoodPDP, type): totalplay.Common.verifyPropertyExist is PASSED

26-07-2024T17:57:58 - [MESSAGE][INFO] - Checking response object

26-07-2024T17:57:58 - [MESSAGE][PASSED] - totalplay.Common.verifyPropertyExist is PASSED

26-07-2024T17:57:58 - [TEST_STEP][PASSED] - totalplay.Common.verifyPropertyValueExist(FoodPDP, type): totalplay.Common.verifyPropertyValueExist is PASSED

26-07-2024T17:57:58 - [MESSAGE][INFO] - Checking response object

26-07-2024T17:57:58 - [MESSAGE][INFO] - product

26-07-2024T17:57:58 - [MESSAGE][PASSED] - totalplay.Common.verifyPropertyValueExist is PASSED

26-07-2024T17:57:58 - [TEST_STEP][PASSED] - totalplay.Common.verifyPropertyExist(FoodPDP, brand): totalplay.Common.verifyPropertyExist is PASSED

26-07-2024T17:57:58 - [MESSAGE][INFO] - Checking response object

26-07-2024T17:57:58 - [MESSAGE][PASSED] - totalplay.Common.verifyPropertyExist is PASSED

26-07-2024T17:57:58 - [TEST_STEP][PASSED] - totalplay.Common.verifyPropertyValueExist(FoodPDP, brand): totalplay.Common.verifyPropertyValueExist is PASSED

26-07-2024T17:57:58 - [MESSAGE][INFO] - Checking response object

26-07-2024T17:57:58 - [MESSAGE][INFO] - Casa de Too

26-07-2024T17:57:58 - [MESSAGE][PASSED] - totalplay.Common.verifyPropertyValueExist is PASSED

26-07-2024T17:57:58 - [TEST_STEP][PASSED] - totalplay.Common.verifyPropertyExist(FoodPDP, currency): totalplay.Common.verifyPropertyExist is PASSED

26-07-2024T17:57:58 - [MESSAGE][INFO] - Checking response object

26-07-2024T17:57:58 - [MESSAGE][PASSED] - totalplay.Common.verifyPropertyExist is PASSED

26-07-2024T17:57:58 - [TEST_STEP][PASSED] - totalplay.Common.verifyPropertyValueExist(FoodPDP, currency): totalplay.Common.verifyPropertyValueExist is PASSED

26-07-2024T17:57:58 - [MESSAGE][INFO] - Checking response object

26-07-2024T17:57:58 - [MESSAGE][INFO] - MXN

26-07-2024T17:57:58 - [MESSAGE][PASSED] - totalplay.Common.verifyPropertyValueExist is PASSED

26-07-2024T17:57:58 - [TEST_STEP][PASSED] - totalplay.Common.verifyPropertyExist(FoodPDP, id): totalplay.Common.verifyPropertyExist is PASSED

26-07-2024T17:57:58 - [MESSAGE][INFO] - Checking response object

26-07-2024T17:57:58 - [MESSAGE][PASSED] - totalplay.Common.verifyPropertyExist is PASSED

26-07-2024T17:57:58 - [TEST_STEP][PASSED] - totalplay.Common.verifyPropertyValueExist(FoodPDP, id): totalplay.Common.verifyPropertyValueExist is PASSED

26-07-2024T17:57:58 - [MESSAGE][INFO] - Checking response object

26-07-2024T17:57:58 - [MESSAGE][INFO] - C163098040

26-07-2024T17:57:58 - [MESSAGE][PASSED] - totalplay.Common.verifyPropertyValueExist is PASSED

26-07-2024T17:57:58 - [TEST_STEP][PASSED] - totalplay.Common.verifyPropertyExist(FoodPDP, inventory): totalplay.Common.verifyPropertyExist is PASSED

26-07-2024T17:57:58 - [MESSAGE][INFO] - Checking response object

26-07-2024T17:57:58 - [MESSAGE][PASSED] - totalplay.Common.verifyPropertyExist is PASSED

26-07-2024T17:57:58 - [TEST_STEP][PASSED] - totalplay.Common.verifyPropertyExist(FoodPDP, inventory_type): totalplay.Common.verifyPropertyExist is PASSED

26-07-2024T17:57:58 - [MESSAGE][INFO] - Checking response object

26-07-2024T17:57:58 - [MESSAGE][PASSED] - totalplay.Common.verifyPropertyExist is PASSED

26-07-2024T17:57:58 - [TEST_STEP][PASSED] - totalplay.Common.verifyPropertyValueExist(FoodPDP, inventory_type): totalplay.Common.verifyPropertyValueExist is PASSED

26-07-2024T17:57:58 - [MESSAGE][INFO] - Checking response object

26-07-2024T17:57:58 - [MESSAGE][INFO] - inventory

26-07-2024T17:57:58 - [MESSAGE][PASSED] - totalplay.Common.verifyPropertyValueExist is PASSED

26-07-2024T17:57:58 - [TEST_STEP][PASSED] - totalplay.Common.getNumValueofObject(FoodPDP, inventory_ats): totalplay.Common.getNumValueofObject is PASSED

26-07-2024T17:57:58 - [MESSAGE][INFO] - Checking response object

26-07-2024T17:57:58 - [MESSAGE][PASSED] - totalplay.Common.getNumValueofObject is PASSED

26-07-2024T17:57:58 - [TEST_STEP][PASSED] - totalplay.Common.getBooleanValueofObject(FoodPDP, inventory_backorderable): totalplay.Common.getBooleanValueofObject is PASSED

26-07-2024T17:57:58 - [MESSAGE][INFO] - Checking response object

26-07-2024T17:57:58 - [MESSAGE][PASSED] - totalplay.Common.getBooleanValueofObject is PASSED

26-07-2024T17:57:58 - [TEST_STEP][PASSED] - totalplay.Common.verifyPropertyExist(FoodPDP, inventory_id): totalplay.Common.verifyPropertyExist is PASSED

26-07-2024T17:57:58 - [MESSAGE][INFO] - Checking response object

26-07-2024T17:57:58 - [MESSAGE][PASSED] - totalplay.Common.verifyPropertyExist is PASSED

26-07-2024T17:57:58 - [TEST_STEP][PASSED] - totalplay.Common.verifyPropertyValueExist(FoodPDP, inventory_id): totalplay.Common.verifyPropertyValueExist is PASSED

26-07-2024T17:57:58 - [MESSAGE][INFO] - Checking response object

26-07-2024T17:57:58 - [MESSAGE][INFO] - inventory_m_food_mirakl

26-07-2024T17:57:58 - [MESSAGE][PASSED] - totalplay.Common.verifyPropertyValueExist is PASSED

26-07-2024T17:57:58 - [TEST_STEP][PASSED] - totalplay.Common.getBooleanValueofObject(FoodPDP, inventory_orderable): totalplay.Common.getBooleanValueofObject is PASSED

26-07-2024T17:57:58 - [MESSAGE][INFO] - Checking response object

26-07-2024T17:57:58 - [MESSAGE][PASSED] - totalplay.Common.getBooleanValueofObject is PASSED

26-07-2024T17:57:58 - [TEST_STEP][PASSED] - totalplay.Common.getBooleanValueofObject(FoodPDP, inventory_preorderable): totalplay.Common.getBooleanValueofObject is PASSED

26-07-2024T17:57:58 - [MESSAGE][INFO] - Checking response object

26-07-2024T17:57:58 - [MESSAGE][PASSED] - totalplay.Common.getBooleanValueofObject is PASSED

26-07-2024T17:57:58 - [TEST_STEP][PASSED] - totalplay.Common.getNumValueofObject(FoodPDP, inventory_stock_level): totalplay.Common.getNumValueofObject is PASSED

26-07-2024T17:57:58 - [MESSAGE][INFO] - Checking response object

26-07-2024T17:57:59 - [MESSAGE][PASSED] - totalplay.Common.getNumValueofObject is PASSED

26-07-2024T17:57:59 - [TEST_STEP][PASSED] - totalplay.Common.getNumValueofObject(FoodPDP, min_order_quantity): totalplay.Common.getNumValueofObject is PASSED

26-07-2024T17:57:59 - [MESSAGE][INFO] - Checking response object

26-07-2024T17:57:59 - [MESSAGE][PASSED] - totalplay.Common.getNumValueofObject is PASSED

26-07-2024T17:57:59 - [TEST_STEP][PASSED] - totalplay.Common.verifyPropertyExist(FoodPDP, name): totalplay.Common.verifyPropertyExist is PASSED

26-07-2024T17:57:59 - [MESSAGE][INFO] - Checking response object

26-07-2024T17:57:59 - [MESSAGE][PASSED] - totalplay.Common.verifyPropertyExist is PASSED

26-07-2024T17:57:59 - [TEST_STEP][PASSED] - totalplay.Common.verifyPropertyValueExist(FoodPDP, name): totalplay.Common.verifyPropertyValueExist is PASSED

26-07-2024T17:57:59 - [MESSAGE][INFO] - Checking response object

26-07-2024T17:57:59 - [MESSAGE][INFO] - Sidral 355 ml

26-07-2024T17:57:59 - [MESSAGE][PASSED] - totalplay.Common.verifyPropertyValueExist is PASSED

26-07-2024T17:57:59 - [TEST_STEP][PASSED] - totalplay.Common.getNumValueofObject(FoodPDP, price): totalplay.Common.getNumValueofObject is PASSED

26-07-2024T17:57:59 - [MESSAGE][INFO] - Checking response object

26-07-2024T17:57:59 - [MESSAGE][PASSED] - totalplay.Common.getNumValueofObject is PASSED

26-07-2024T17:57:59 - [TEST_STEP][PASSED] - totalplay.Common.getNumValueofObject(FoodPDP, price_per_unit): totalplay.Common.getNumValueofObject is PASSED

26-07-2024T17:57:59 - [MESSAGE][INFO] - Checking response object

26-07-2024T17:57:59 - [MESSAGE][PASSED] - totalplay.Common.getNumValueofObject is PASSED

26-07-2024T17:57:59 - [TEST_STEP][PASSED] - totalplay.Common.verifyPropertyExist(FoodPDP, type_type): totalplay.Common.verifyPropertyExist is PASSED

26-07-2024T17:57:59 - [MESSAGE][INFO] - Checking response object

26-07-2024T17:57:59 - [MESSAGE][PASSED] - totalplay.Common.verifyPropertyExist is PASSED

26-07-2024T17:57:59 - [TEST_STEP][PASSED] - totalplay.Common.verifyPropertyValueExist(FoodPDP, type_type): totalplay.Common.verifyPropertyValueExist is PASSED

26-07-2024T17:57:59 - [MESSAGE][INFO] - Checking response object

26-07-2024T17:57:59 - [MESSAGE][INFO] - product_type

26-07-2024T17:57:59 - [MESSAGE][PASSED] - totalplay.Common.verifyPropertyValueExist is PASSED

26-07-2024T17:57:59 - [TEST_STEP][PASSED] - totalplay.Common.verifyPropertyExist(FoodPDP, c_PromoAvailable): totalplay.Common.verifyPropertyExist is PASSED

26-07-2024T17:57:59 - [MESSAGE][INFO] - Checking response object

26-07-2024T17:57:59 - [MESSAGE][PASSED] - totalplay.Common.verifyPropertyExist is PASSED

26-07-2024T17:57:59 - [TEST_STEP][PASSED] - totalplay.Common.verifyPropertyValueExist(FoodPDP, c_PromoAvailable): totalplay.Common.verifyPropertyValueExist is PASSED

26-07-2024T17:57:59 - [MESSAGE][INFO] - Checking response object

26-07-2024T17:57:59 - [MESSAGE][INFO] - no

26-07-2024T17:57:59 - [MESSAGE][PASSED] - totalplay.Common.verifyPropertyValueExist is PASSED

26-07-2024T17:57:59 - [TEST_STEP][PASSED] - totalplay.Common.verifyPropertyExist(FoodPDP, c_description): totalplay.Common.verifyPropertyExist is PASSED

26-07-2024T17:57:59 - [MESSAGE][INFO] - Checking response object

26-07-2024T17:57:59 - [MESSAGE][PASSED] - totalplay.Common.verifyPropertyExist is PASSED

26-07-2024T17:57:59 - [TEST_STEP][PASSED] - totalplay.Common.verifyPropertyValueExist(FoodPDP, c_description): totalplay.Common.verifyPropertyValueExist is PASSED

26-07-2024T17:57:59 - [MESSAGE][INFO] - Checking response object

26-07-2024T17:57:59 - [MESSAGE][INFO] - 355 ml

26-07-2024T17:57:59 - [MESSAGE][PASSED] - totalplay.Common.verifyPropertyValueExist is PASSED

26-07-2024T17:57:59 - [TEST_STEP][PASSED] - totalplay.Common.getBooleanValueofObject(FoodPDP, c_individualDelivery): totalplay.Common.getBooleanValueofObject is PASSED

26-07-2024T17:57:59 - [MESSAGE][INFO] - Checking response object

26-07-2024T17:57:59 - [MESSAGE][PASSED] - totalplay.Common.getBooleanValueofObject is PASSED

26-07-2024T17:57:59 - [TEST_STEP][PASSED] - totalplay.Common.getBooleanValueofObject(FoodPDP, c_marketplaceProduct): totalplay.Common.getBooleanValueofObject is PASSED

26-07-2024T17:57:59 - [MESSAGE][INFO] - Checking response object

26-07-2024T17:57:59 - [MESSAGE][PASSED] - totalplay.Common.getBooleanValueofObject is PASSED

26-07-2024T17:57:59 - [TEST_STEP][PASSED] - totalplay.Common.verifyPropertyExist(FoodPDP, c_miraklProductDataSource): totalplay.Common.verifyPropertyExist is PASSED

26-07-2024T17:57:59 - [MESSAGE][INFO] - Checking response object

26-07-2024T17:57:59 - [MESSAGE][PASSED] - totalplay.Common.verifyPropertyExist is PASSED

26-07-2024T17:57:59 - [TEST_STEP][PASSED] - totalplay.Common.verifyPropertyValueExist(FoodPDP, c_miraklProductDataSource): totalplay.Common.verifyPropertyValueExist is PASSED

26-07-2024T17:57:59 - [MESSAGE][INFO] - Checking response object

26-07-2024T17:57:59 - [MESSAGE][INFO] - MIRAKL

26-07-2024T17:57:59 - [MESSAGE][PASSED] - totalplay.Common.verifyPropertyValueExist is PASSED

26-07-2024T17:57:59 - [TEST_STEP][PASSED] - totalplay.Common.verifyPropertyExist(FoodPDP, c_miraklProductId): totalplay.Common.verifyPropertyExist is PASSED

26-07-2024T17:57:59 - [MESSAGE][INFO] - Checking response object

26-07-2024T17:57:59 - [MESSAGE][PASSED] - totalplay.Common.verifyPropertyExist is PASSED

26-07-2024T17:57:59 - [TEST_STEP][PASSED] - totalplay.Common.verifyPropertyValueExist(FoodPDP, c_miraklProductId): totalplay.Common.verifyPropertyValueExist is PASSED

26-07-2024T17:57:59 - [MESSAGE][INFO] - Checking response object

26-07-2024T17:57:59 - [MESSAGE][INFO] - 1abec504-de42-434e-bab7-a9ed20259762

26-07-2024T17:57:59 - [MESSAGE][PASSED] - totalplay.Common.verifyPropertyValueExist is PASSED

26-07-2024T17:57:59 - [TEST_STEP][PASSED] - totalplay.Common.verifyPropertyExist(FoodPDP, c_miraklShopID): totalplay.Common.verifyPropertyExist is PASSED

26-07-2024T17:57:59 - [MESSAGE][INFO] - Checking response object

26-07-2024T17:57:59 - [MESSAGE][PASSED] - totalplay.Common.verifyPropertyExist is PASSED

26-07-2024T17:57:59 - [TEST_STEP][PASSED] - totalplay.Common.verifyPropertyExist(FoodPDP, c_miraklShopName): totalplay.Common.verifyPropertyExist is PASSED

26-07-2024T17:57:59 - [MESSAGE][INFO] - Checking response object

26-07-2024T17:57:59 - [MESSAGE][PASSED] - totalplay.Common.verifyPropertyExist is PASSED

26-07-2024T17:57:59 - [TEST_STEP][PASSED] - totalplay.Common.verifyPropertyExist(FoodPDP, c_productType): totalplay.Common.verifyPropertyExist is PASSED

26-07-2024T17:57:59 - [MESSAGE][INFO] - Checking response object

26-07-2024T17:57:59 - [MESSAGE][PASSED] - totalplay.Common.verifyPropertyExist is PASSED

26-07-2024T17:57:59 - [TEST_STEP][PASSED] - totalplay.Common.verifyPropertyValueExist(FoodPDP, c_productType): totalplay.Common.verifyPropertyValueExist is PASSED

26-07-2024T17:57:59 - [MESSAGE][INFO] - Checking response object

26-07-2024T17:57:59 - [MESSAGE][INFO] - regular

26-07-2024T17:57:59 - [MESSAGE][PASSED] - totalplay.Common.verifyPropertyValueExist is PASSED

26-07-2024T17:57:59 - [TEST_STEP][PASSED] - totalplay.Common.verifyPropertyExist(FoodPDP, c_sapId): totalplay.Common.verifyPropertyExist is PASSED

26-07-2024T17:57:59 - [MESSAGE][INFO] - Checking response object

26-07-2024T17:57:59 - [MESSAGE][PASSED] - totalplay.Common.verifyPropertyExist is PASSED

26-07-2024T17:57:59 - [TEST_STEP][PASSED] - totalplay.Common.verifyPropertyValueExist(FoodPDP, c_sapId): totalplay.Common.verifyPropertyValueExist is PASSED

26-07-2024T17:57:59 - [MESSAGE][INFO] - Checking response object

26-07-2024T17:57:59 - [MESSAGE][INFO] - D2515_P077_230508A

26-07-2024T17:57:59 - [MESSAGE][PASSED] - totalplay.Common.verifyPropertyValueExist is PASSED

26-07-2024T17:57:59 - [TEST_STEP][PASSED] - totalplay.Common.verifyPropertyExist(FoodPDP, c_selectable): totalplay.Common.verifyPropertyExist is PASSED

26-07-2024T17:57:59 - [MESSAGE][INFO] - Checking response object

26-07-2024T17:57:59 - [MESSAGE][PASSED] - totalplay.Common.verifyPropertyExist is PASSED

26-07-2024T17:57:59 - [TEST_STEP][PASSED] - totalplay.Common.verifyPropertyValueExist(FoodPDP, c_selectable): totalplay.Common.verifyPropertyValueExist is PASSED

26-07-2024T17:57:59 - [MESSAGE][INFO] - Checking response object

26-07-2024T17:57:59 - [MESSAGE][INFO] - nTrue

26-07-2024T17:57:59 - [MESSAGE][PASSED] - totalplay.Common.verifyPropertyValueExist is PASSED

26-07-2024T17:57:59 - [TEST_STEP][PASSED] - totalplay.Common.verifyPropertyExist(FoodPDP, c_sellerDescription): totalplay.Common.verifyPropertyExist is PASSED

26-07-2024T17:57:59 - [MESSAGE][INFO] - Checking response object

26-07-2024T17:57:59 - [MESSAGE][PASSED] - totalplay.Common.verifyPropertyExist is PASSED

26-07-2024T17:57:59 - [TEST_STEP][PASSED] - totalplay.Common.verifyPropertyValueExist(FoodPDP, c_sellerDescription): totalplay.Common.verifyPropertyValueExist is PASSED

26-07-2024T17:57:59 - [MESSAGE][INFO] - Checking response object

26-07-2024T17:57:59 - [MESSAGE][INFO] - Mexicana|La Casa De Toño Polanco|La Casa De Toño Tlalpan

26-07-2024T17:57:59 - [MESSAGE][PASSED] - totalplay.Common.verifyPropertyValueExist is PASSED

26-07-2024T17:57:59 - [TEST_STEP][PASSED] - totalplay.Common.verifyPropertyExist(FoodPDP, c_shopIdName): totalplay.Common.verifyPropertyExist is PASSED

26-07-2024T17:57:59 - [MESSAGE][INFO] - Checking response object

26-07-2024T17:57:59 - [MESSAGE][PASSED] - totalplay.Common.verifyPropertyExist is PASSED

26-07-2024T17:57:59 - [TEST_STEP][PASSED] - totalplay.Common.getBooleanValueofObject(FoodPDP, c_tpshop): totalplay.Common.getBooleanValueofObject is PASSED

26-07-2024T17:57:59 - [MESSAGE][INFO] - Checking response object

26-07-2024T17:57:59 - [MESSAGE][PASSED] - totalplay.Common.getBooleanValueofObject is PASSED

26-07-2024T17:57:59 - [TEST_STEP][PASSED] - totalplay.Common.getBooleanValueofObject(FoodPDP, c_updateMiraklImages): totalplay.Common.getBooleanValueofObject is PASSED

26-07-2024T17:57:59 - [MESSAGE][INFO] - Checking response object

26-07-2024T17:57:59 - [MESSAGE][PASSED] - totalplay.Common.getBooleanValueofObject is PASSED

26-07-2024T17:57:59 - [TEST_STEP][PASSED] - totalplay.Common.verifyPropertyExist(FoodPDP, c_verticalType): totalplay.Common.verifyPropertyExist is PASSED

26-07-2024T17:57:59 - [MESSAGE][INFO] - Checking response object

26-07-2024T17:57:59 - [MESSAGE][PASSED] - totalplay.Common.verifyPropertyExist is PASSED

26-07-2024T17:57:59 - [TEST_STEP][PASSED] - totalplay.Common.verifyPropertyExist(FoodPDP, c_salePrice): totalplay.Common.verifyPropertyExist is PASSED

26-07-2024T17:57:59 - [MESSAGE][INFO] - Checking response object

26-07-2024T17:57:59 - [MESSAGE][PASSED] - totalplay.Common.verifyPropertyExist is PASSED

26-07-2024T17:57:59 - [TEST_STEP][PASSED] - totalplay.Common.verifyPropertyExist(FoodPDP, c_salePrice_currency): totalplay.Common.verifyPropertyExist is PASSED

26-07-2024T17:57:59 - [MESSAGE][INFO] - Checking response object

26-07-2024T17:58:00 - [MESSAGE][PASSED] - totalplay.Common.verifyPropertyExist is PASSED

26-07-2024T17:58:00 - [TEST_STEP][PASSED] - totalplay.Common.verifyPropertyValueExist(FoodPDP, c_salePrice_currency): totalplay.Common.verifyPropertyValueExist is PASSED

26-07-2024T17:58:00 - [MESSAGE][INFO] - Checking response object

26-07-2024T17:58:00 - [MESSAGE][INFO] - MXN

26-07-2024T17:58:00 - [MESSAGE][PASSED] - totalplay.Common.verifyPropertyValueExist is PASSED

26-07-2024T17:58:00 - [TEST_STEP][PASSED] - totalplay.Common.verifyPropertyExist(FoodPDP, c_salePrice_decimalPrice): totalplay.Common.verifyPropertyExist is PASSED

26-07-2024T17:58:00 - [MESSAGE][INFO] - Checking response object

26-07-2024T17:58:00 - [MESSAGE][PASSED] - totalplay.Common.verifyPropertyExist is PASSED

26-07-2024T17:58:00 - [TEST_STEP][PASSED] - totalplay.Common.verifyPropertyValueExist(FoodPDP, c_salePrice_decimalPrice): totalplay.Common.verifyPropertyValueExist is PASSED

26-07-2024T17:58:00 - [MESSAGE][INFO] - Checking response object

26-07-2024T17:58:00 - [MESSAGE][INFO] - 0.00

26-07-2024T17:58:00 - [MESSAGE][PASSED] - totalplay.Common.verifyPropertyValueExist is PASSED

26-07-2024T17:58:00 - [TEST_STEP][PASSED] - totalplay.Common.verifyPropertyExist(FoodPDP, c_basePrice_currency): totalplay.Common.verifyPropertyExist is PASSED

26-07-2024T17:58:00 - [MESSAGE][INFO] - Checking response object

26-07-2024T17:58:00 - [MESSAGE][PASSED] - totalplay.Common.verifyPropertyExist is PASSED

26-07-2024T17:58:00 - [TEST_STEP][PASSED] - totalplay.Common.verifyPropertyValueExist(FoodPDP, c_basePrice_currency): totalplay.Common.verifyPropertyValueExist is PASSED

26-07-2024T17:58:00 - [MESSAGE][INFO] - Checking response object

26-07-2024T17:58:00 - [MESSAGE][INFO] - MXN

26-07-2024T17:58:00 - [MESSAGE][PASSED] - totalplay.Common.verifyPropertyValueExist is PASSED

26-07-2024T17:58:00 - [TEST_STEP][PASSED] - totalplay.Common.verifyPropertyExist(FoodPDP, c_basePrice_decimalPrice): totalplay.Common.verifyPropertyExist is PASSED

26-07-2024T17:58:00 - [MESSAGE][INFO] - Checking response object

26-07-2024T17:58:00 - [MESSAGE][PASSED] - totalplay.Common.verifyPropertyExist is PASSED

26-07-2024T17:58:00 - [TEST_STEP][PASSED] - totalplay.Common.verifyPropertyValueExist(FoodPDP, c_basePrice_decimalPrice): totalplay.Common.verifyPropertyValueExist is PASSED

26-07-2024T17:58:00 - [MESSAGE][INFO] - Checking response object

26-07-2024T17:58:00 - [MESSAGE][INFO] - 20.00

26-07-2024T17:58:00 - [MESSAGE][PASSED] - totalplay.Common.verifyPropertyValueExist is PASSED

26-07-2024T17:58:00 - [TEST_STEP][PASSED] - totalplay.Common.verifyPropertyExist(FoodPDP, c_similarProducts): totalplay.Common.verifyPropertyExist is PASSED

26-07-2024T17:58:00 - [MESSAGE][INFO] - Checking response object

26-07-2024T17:58:00 - [MESSAGE][PASSED] - totalplay.Common.verifyPropertyExist is PASSED

26-07-2024T17:58:00 - [TEST_STEP][PASSED] - totalplay.Common.getBooleanValueofObject(FoodPDP, c_similarProducts_online): totalplay.Common.getBooleanValueofObject is PASSED

26-07-2024T17:58:00 - [MESSAGE][INFO] - Checking response object

26-07-2024T17:58:00 - [MESSAGE][PASSED] - totalplay.Common.getBooleanValueofObject is PASSED

26-07-2024T17:58:00 - [TEST_STEP][PASSED] - totalplay.Common.verifyPropertyExist(FoodPDP, c_similarProducts_link): totalplay.Common.verifyPropertyExist is PASSED

26-07-2024T17:58:00 - [MESSAGE][INFO] - Checking response object

26-07-2024T17:58:00 - [MESSAGE][PASSED] - totalplay.Common.verifyPropertyExist is PASSED

26-07-2024T17:58:00 - [TEST_STEP][PASSED] - totalplay.Common.verifyPropertyValueExist(FoodPDP, c_similarProducts_link): totalplay.Common.verifyPropertyValueExist is PASSED

26-07-2024T17:58:00 - [MESSAGE][INFO] - Checking response object

26-07-2024T17:58:00 - [MESSAGE][INFO] - /dw/shop/v23_1/content/seller-pdp?sellerID=4158&c_productid=C1076828573

26-07-2024T17:58:00 - [MESSAGE][PASSED] - totalplay.Common.verifyPropertyValueExist is PASSED

26-07-2024T17:58:00 - [TEST_STEP][PASSED] - totalplay.Common.verifyPropertyExist(FoodPDP, c_similarProducts_linkType): totalplay.Common.verifyPropertyExist is PASSED

26-07-2024T17:58:00 - [MESSAGE][INFO] - Checking response object

26-07-2024T17:58:00 - [MESSAGE][PASSED] - totalplay.Common.verifyPropertyExist is PASSED

26-07-2024T17:58:00 - [TEST_STEP][PASSED] - totalplay.Common.verifyPropertyValueExist(FoodPDP, c_similarProducts_linkType): totalplay.Common.verifyPropertyValueExist is PASSED

26-07-2024T17:58:00 - [MESSAGE][INFO] - Checking response object

26-07-2024T17:58:00 - [MESSAGE][INFO] - PDP

26-07-2024T17:58:00 - [MESSAGE][PASSED] - totalplay.Common.verifyPropertyValueExist is PASSED

26-07-2024T17:58:00 - [TEST_STEP][PASSED] - totalplay.Common.verifyPropertyExist(FoodPDP, c_similarProducts_productId): totalplay.Common.verifyPropertyExist is PASSED

26-07-2024T17:58:00 - [MESSAGE][INFO] - Checking response object

26-07-2024T17:58:00 - [MESSAGE][PASSED] - totalplay.Common.verifyPropertyExist is PASSED

26-07-2024T17:58:00 - [TEST_STEP][PASSED] - totalplay.Common.verifyPropertyValueExist(FoodPDP, c_similarProducts_productId): totalplay.Common.verifyPropertyValueExist is PASSED

26-07-2024T17:58:00 - [MESSAGE][INFO] - Checking response object

26-07-2024T17:58:00 - [MESSAGE][INFO] - C1076828573

26-07-2024T17:58:00 - [MESSAGE][PASSED] - totalplay.Common.verifyPropertyValueExist is PASSED

26-07-2024T17:58:00 - [TEST_STEP][PASSED] - totalplay.Common.verifyPropertyExist(FoodPDP, c_similarProducts_productName): totalplay.Common.verifyPropertyExist is PASSED

26-07-2024T17:58:00 - [MESSAGE][INFO] - Checking response object

26-07-2024T17:58:00 - [MESSAGE][PASSED] - totalplay.Common.verifyPropertyExist is PASSED

26-07-2024T17:58:00 - [TEST_STEP][PASSED] - totalplay.Common.verifyPropertyValueExist(FoodPDP, c_similarProducts_productName): totalplay.Common.verifyPropertyValueExist is PASSED

26-07-2024T17:58:00 - [MESSAGE][INFO] - Checking response object

26-07-2024T17:58:00 - [MESSAGE][INFO] - Coca Cola Clsica 400 ml

26-07-2024T17:58:00 - [MESSAGE][PASSED] - totalplay.Common.verifyPropertyValueExist is PASSED

26-07-2024T17:58:00 - [TEST_STEP][PASSED] - totalplay.Common.verifyPropertyExist(FoodPDP, c_similarProducts_productDesc): totalplay.Common.verifyPropertyExist is PASSED

26-07-2024T17:58:00 - [MESSAGE][INFO] - Checking response object

26-07-2024T17:58:00 - [MESSAGE][PASSED] - totalplay.Common.verifyPropertyExist is PASSED

26-07-2024T17:58:00 - [TEST_STEP][PASSED] - totalplay.Common.verifyPropertyValueExist(FoodPDP, c_similarProducts_productDesc): totalplay.Common.verifyPropertyValueExist is PASSED

26-07-2024T17:58:00 - [MESSAGE][INFO] - Checking response object

26-07-2024T17:58:00 - [MESSAGE][INFO] - 400 ml

26-07-2024T17:58:00 - [MESSAGE][PASSED] - totalplay.Common.verifyPropertyValueExist is PASSED

26-07-2024T17:58:00 - [TEST_STEP][PASSED] - totalplay.Common.verifyPropertyExist(FoodPDP, c_similarProducts_productType): totalplay.Common.verifyPropertyExist is PASSED

26-07-2024T17:58:00 - [MESSAGE][INFO] - Checking response object

26-07-2024T17:58:00 - [MESSAGE][PASSED] - totalplay.Common.verifyPropertyExist is PASSED

26-07-2024T17:58:00 - [TEST_STEP][PASSED] - totalplay.Common.verifyPropertyValueExist(FoodPDP, c_similarProducts_productType): totalplay.Common.verifyPropertyValueExist is PASSED

26-07-2024T17:58:00 - [MESSAGE][INFO] - Checking response object

26-07-2024T17:58:00 - [MESSAGE][INFO] - regular

26-07-2024T17:58:00 - [MESSAGE][PASSED] - totalplay.Common.verifyPropertyValueExist is PASSED

26-07-2024T17:58:00 - [TEST_STEP][PASSED] - totalplay.Common.verifyPropertyExist(FoodPDP, c_similarProducts_basePrice): totalplay.Common.verifyPropertyExist is PASSED

26-07-2024T17:58:00 - [MESSAGE][INFO] - Checking response object

26-07-2024T17:58:00 - [MESSAGE][PASSED] - totalplay.Common.verifyPropertyExist is PASSED

26-07-2024T17:58:00 - [TEST_STEP][PASSED] - totalplay.Common.verifyPropertyValueExist(FoodPDP, c_similarProducts_basePrice_currency): totalplay.Common.verifyPropertyValueExist is PASSED

26-07-2024T17:58:00 - [MESSAGE][INFO] - Checking response object

26-07-2024T17:58:00 - [MESSAGE][INFO] - MXN

26-07-2024T17:58:00 - [MESSAGE][PASSED] - totalplay.Common.verifyPropertyValueExist is PASSED

26-07-2024T17:58:00 - [TEST_STEP][PASSED] - totalplay.Common.verifyPropertyExist(FoodPDP, c_similarProducts_basePrice_currency): totalplay.Common.verifyPropertyExist is PASSED

26-07-2024T17:58:00 - [MESSAGE][INFO] - Checking response object

26-07-2024T17:58:00 - [MESSAGE][PASSED] - totalplay.Common.verifyPropertyExist is PASSED

26-07-2024T17:58:00 - [TEST_STEP][PASSED] - totalplay.Common.verifyPropertyValueExist(FoodPDP, c_similarProducts_basePrice_decimalPrice): totalplay.Common.verifyPropertyValueExist is PASSED

26-07-2024T17:58:00 - [MESSAGE][INFO] - Checking response object

26-07-2024T17:58:00 - [MESSAGE][INFO] - 20.00

26-07-2024T17:58:00 - [MESSAGE][PASSED] - totalplay.Common.verifyPropertyValueExist is PASSED

26-07-2024T17:58:00 - [TEST_STEP][PASSED] - totalplay.Common.verifyPropertyExist(FoodPDP, c_similarProducts_basePrice_decimalPrice): totalplay.Common.verifyPropertyExist is PASSED

26-07-2024T17:58:00 - [MESSAGE][INFO] - Checking response object

26-07-2024T17:58:00 - [MESSAGE][PASSED] - totalplay.Common.verifyPropertyExist is PASSED

26-07-2024T17:58:00 - [TEST_STEP][PASSED] - totalplay.Common.verifyPropertyExist(FoodPDP, c_similarProducts_salePrice): totalplay.Common.verifyPropertyExist is PASSED

26-07-2024T17:58:00 - [MESSAGE][INFO] - Checking response object

26-07-2024T17:58:00 - [MESSAGE][PASSED] - totalplay.Common.verifyPropertyExist is PASSED

26-07-2024T17:58:00 - [TEST_STEP][PASSED] - totalplay.Common.verifyPropertyExist(FoodPDP, c_similarProducts_image_alt): totalplay.Common.verifyPropertyExist is PASSED

26-07-2024T17:58:00 - [MESSAGE][INFO] - Checking response object

26-07-2024T17:58:00 - [MESSAGE][PASSED] - totalplay.Common.verifyPropertyExist is PASSED

26-07-2024T17:58:00 - [TEST_STEP][PASSED] - totalplay.Common.verifyPropertyValueExist(FoodPDP, c_similarProducts_image_alt): totalplay.Common.verifyPropertyValueExist is PASSED

26-07-2024T17:58:00 - [MESSAGE][INFO] - Checking response object

26-07-2024T17:58:00 - [MESSAGE][INFO] - Coca Cola Clsica 400 ml

26-07-2024T17:58:00 - [MESSAGE][PASSED] - totalplay.Common.verifyPropertyValueExist is PASSED

26-07-2024T17:58:00 - [TEST_STEP][PASSED] - totalplay.Common.verifyPropertyExist(FoodPDP, c_similarProducts_imagetitle): totalplay.Common.verifyPropertyExist is PASSED

26-07-2024T17:58:00 - [MESSAGE][INFO] - Checking response object

26-07-2024T17:58:00 - [MESSAGE][PASSED] - totalplay.Common.verifyPropertyExist is PASSED]]></system-out>
         <system-err><![CDATA[]]></system-err>
      </testcase>
      <testcase name="Test Cases/TotalPlay-Food/TC_7_SLP_Search" time="6.404" classname="Test Cases/TotalPlay-Food/TC_7_SLP_Search" status="PASSED">
         <system-out><![CDATA[26-07-2024T17:58:00 - [TEST_CASE][PASSED] - Test Cases/TotalPlay-Food/TC_7_SLP_Search: Test Cases/TotalPlay-Food/TC_7_SLP_Search

26-07-2024T17:58:01 - [TEST_STEP][PASSED] - callTestCase(findTestCase("TotalPlay-Food/TC_1_Login_Service"), [:], STOP_ON_FAILURE): Call Test Case 'Test Cases/TotalPlay-Food/TC_1_Login_Service' successfully

26-07-2024T17:58:01 - [MESSAGE][INFO] - Checking called Test Case

26-07-2024T17:58:01 - [MESSAGE][INFO] - Starting to call Test Case 'Test Cases/TotalPlay-Food/TC_1_Login_Service'

26-07-2024T17:58:01 - [TEST_CASE][PASSED] - Test Cases/TotalPlay-Food/TC_1_Login_Service: Test Cases/TotalPlay-Food/TC_1_Login_Service

26-07-2024T17:58:01 - [TEST_STEP][PASSED] - LoginResponse = sendRequest(findTestObject("TotalPlay-Food/getTokenDelivery", ["URL":URL])): Send request successfully

26-07-2024T17:58:01 - [MESSAGE][INFO] - Finding Test Object 'Object Repository/TotalPlay-Food/getTokenDelivery'

26-07-2024T17:58:01 - [MESSAGE][INFO] - Checking request object

26-07-2024T17:58:04 - [MESSAGE][INFO] - HAR: C:\Users\ShubhamKumarThakur\OneDrive - Kognivera\Documents\TotalPlay\totalplay-automation\Reports\20240726_175712\Food_Services\20240726_175712\requests\main\11.har

26-07-2024T17:58:04 - [MESSAGE][PASSED] - Send request successfully

26-07-2024T17:58:04 - [TEST_STEP][PASSED] - assert getResponseStatusCode(LoginResponse) == 200: Checking response object

26-07-2024T17:58:04 - [MESSAGE][INFO] - Checking response object

26-07-2024T17:58:04 - [TEST_STEP][PASSED] - Auth = "ocapiResponse.access_token": null

26-07-2024T17:58:04 - [TEST_STEP][PASSED] - FoodBascketId = "ocapiResponse.c_basketId_TP_FOOD": null

26-07-2024T17:58:04 - [TEST_STEP][PASSED] - FoodBasId = getElementPropertyValue(LoginResponse, FoodBascketId): Checking response object

26-07-2024T17:58:04 - [MESSAGE][INFO] - Checking response object

26-07-2024T17:58:04 - [TEST_STEP][PASSED] - sfccAuthorization = getElementPropertyValue(LoginResponse, Auth): Checking response object

26-07-2024T17:58:04 - [MESSAGE][INFO] - Checking response object

26-07-2024T17:58:04 - [TEST_STEP][PASSED] - Authorization = "Bearer " + sfccAuthorization: null

26-07-2024T17:58:04 - [TEST_STEP][PASSED] - FoodBasketId = FoodBasId: null

26-07-2024T17:58:04 - [TEST_STEP][PASSED] - logInfo(bm_auth_token): 

26-07-2024T17:58:04 - [MESSAGE][INFO] - 

26-07-2024T17:58:04 - [TEST_STEP][PASSED] - if (sfccAuthorization.length() == 0): null

26-07-2024T17:58:04 - [TEST_STEP][PASSED] - else: authorization generated

26-07-2024T17:58:04 - [TEST_STEP][PASSED] - markPassed("authorization generated"): authorization generated

26-07-2024T17:58:04 - [MESSAGE][PASSED] - authorization generated

26-07-2024T17:58:04 - [TEST_STEP][PASSED] - BasketId_loginResponse = "ocapiResponse.c_basketId": null

26-07-2024T17:58:04 - [TEST_STEP][PASSED] - CustomerId_loginResponse = "ocapiResponse.customer_id": null

26-07-2024T17:58:04 - [TEST_STEP][PASSED] - basketId = getElementPropertyValue(LoginResponse, BasketId_loginResponse): Checking response object

26-07-2024T17:58:04 - [MESSAGE][INFO] - Checking response object

26-07-2024T17:58:04 - [TEST_STEP][PASSED] - customerId = getElementPropertyValue(LoginResponse, CustomerId_loginResponse): Checking response object

26-07-2024T17:58:04 - [MESSAGE][INFO] - Checking response object

26-07-2024T17:58:04 - [TEST_STEP][PASSED] - basketID = basketId: null

26-07-2024T17:58:04 - [TEST_STEP][PASSED] - sla_customerId = customerId: null

26-07-2024T17:58:04 - [TEST_STEP][PASSED] - println(basketID): null

26-07-2024T17:58:04 - [TEST_STEP][PASSED] - println(sla_customerId): null

26-07-2024T17:58:04 - [TEST_STEP][PASSED] - refresh_token = "ocapiResponse.refresh_token": null

26-07-2024T17:58:04 - [TEST_STEP][PASSED] - customer_email = "ocapiResponse.customer_email": null

26-07-2024T17:58:04 - [TEST_STEP][PASSED] - c_brmId = "ocapiResponse.c_brmId": null

26-07-2024T17:58:04 - [TEST_STEP][PASSED] - customer_name = "ocapiResponse.customer_name": null

26-07-2024T17:58:04 - [TEST_STEP][PASSED] - totalplay.Common.verifyPropertyExist(LoginResponse, refresh_token): totalplay.Common.verifyPropertyExist is PASSED

26-07-2024T17:58:04 - [MESSAGE][INFO] - Checking response object

26-07-2024T17:58:04 - [MESSAGE][PASSED] - totalplay.Common.verifyPropertyExist is PASSED

26-07-2024T17:58:04 - [TEST_STEP][PASSED] - totalplay.Common.verifyPropertyValueExist(LoginResponse, refresh_token): totalplay.Common.verifyPropertyValueExist is PASSED

26-07-2024T17:58:04 - [MESSAGE][INFO] - Checking response object

26-07-2024T17:58:04 - [MESSAGE][INFO] - qb_bKiQ9JI53o2Ie_U0uO8B1PFyoux_fMvHkU_-pUbM

26-07-2024T17:58:04 - [MESSAGE][PASSED] - totalplay.Common.verifyPropertyValueExist is PASSED

26-07-2024T17:58:04 - [TEST_STEP][PASSED] - totalplay.Common.verifyPropertyExist(LoginResponse, customer_email): totalplay.Common.verifyPropertyExist is PASSED

26-07-2024T17:58:04 - [MESSAGE][INFO] - Checking response object

26-07-2024T17:58:04 - [MESSAGE][PASSED] - totalplay.Common.verifyPropertyExist is PASSED

26-07-2024T17:58:04 - [TEST_STEP][PASSED] - totalplay.Common.verifyPropertyValueExist(LoginResponse, customer_email): totalplay.Common.verifyPropertyValueExist is PASSED

26-07-2024T17:58:04 - [MESSAGE][INFO] - Checking response object

26-07-2024T17:58:04 - [MESSAGE][INFO] - cesar.waldo93@gmail.com

26-07-2024T17:58:04 - [MESSAGE][PASSED] - totalplay.Common.verifyPropertyValueExist is PASSED

26-07-2024T17:58:04 - [TEST_STEP][PASSED] - totalplay.Common.verifyPropertyExist(LoginResponse, customer_name): totalplay.Common.verifyPropertyExist is PASSED

26-07-2024T17:58:04 - [MESSAGE][INFO] - Checking response object

26-07-2024T17:58:04 - [MESSAGE][PASSED] - totalplay.Common.verifyPropertyExist is PASSED

26-07-2024T17:58:04 - [TEST_STEP][PASSED] - totalplay.Common.verifyPropertyValueExist(LoginResponse, customer_name): totalplay.Common.verifyPropertyValueExist is PASSED

26-07-2024T17:58:04 - [MESSAGE][INFO] - Checking response object

26-07-2024T17:58:04 - [MESSAGE][INFO] - CESAR GERARDO WALDO GONZALEZ

26-07-2024T17:58:04 - [MESSAGE][PASSED] - totalplay.Common.verifyPropertyValueExist is PASSED

26-07-2024T17:58:04 - [TEST_STEP][PASSED] - totalplay.Common.verifyPropertyExist(LoginResponse, c_brmId): totalplay.Common.verifyPropertyExist is PASSED

26-07-2024T17:58:04 - [MESSAGE][INFO] - Checking response object

26-07-2024T17:58:04 - [MESSAGE][PASSED] - totalplay.Common.verifyPropertyExist is PASSED

26-07-2024T17:58:04 - [TEST_STEP][PASSED] - totalplay.Common.verifyPropertyValueExist(LoginResponse, c_brmId): totalplay.Common.verifyPropertyValueExist is PASSED

26-07-2024T17:58:04 - [MESSAGE][INFO] - Checking response object

26-07-2024T17:58:04 - [MESSAGE][INFO] - 0106378356

26-07-2024T17:58:04 - [MESSAGE][PASSED] - totalplay.Common.verifyPropertyValueExist is PASSED

26-07-2024T17:58:04 - [MESSAGE][PASSED] - Call Test Case 'Test Cases/TotalPlay-Food/TC_1_Login_Service' successfully

26-07-2024T17:58:04 - [TEST_STEP][PASSED] - SLPSearch = sendRequest(findTestObject("TotalPlay-Food/SLP Search")): Send request successfully

26-07-2024T17:58:04 - [MESSAGE][INFO] - Finding Test Object 'Object Repository/TotalPlay-Food/SLP Search'

26-07-2024T17:58:04 - [MESSAGE][INFO] - Checking request object

26-07-2024T17:58:06 - [MESSAGE][INFO] - HAR: C:\Users\ShubhamKumarThakur\OneDrive - Kognivera\Documents\TotalPlay\totalplay-automation\Reports\20240726_175712\Food_Services\20240726_175712\requests\main\12.har

26-07-2024T17:58:06 - [MESSAGE][PASSED] - Send request successfully

26-07-2024T17:58:06 - [TEST_STEP][PASSED] - verifyResponseStatusCode(SLPSearch, 200): Verify response status code successfully

26-07-2024T17:58:06 - [MESSAGE][INFO] - Checking response object

26-07-2024T17:58:06 - [MESSAGE][PASSED] - Verify response status code successfully

26-07-2024T17:58:06 - [TEST_STEP][PASSED] - stores_0_name = "stores[0].name": null

26-07-2024T17:58:06 - [TEST_STEP][PASSED] - stores_0_corporateName = "stores[0].corporateName": null

26-07-2024T17:58:06 - [TEST_STEP][PASSED] - stores_0_ondemandEDD = "stores[0].ondemandEDD": null

26-07-2024T17:58:06 - [TEST_STEP][PASSED] - stores_0_multiStoreEDD = "stores[0].multiStoreEDD": null

26-07-2024T17:58:06 - [TEST_STEP][PASSED] - stores_0_image = "stores[0].image": null

26-07-2024T17:58:06 - [TEST_STEP][PASSED] - stores_0_productsCount = "stores[0].productsCount": null

26-07-2024T17:58:06 - [TEST_STEP][PASSED] - stores_0_link = "stores[0].link": null

26-07-2024T17:58:06 - [TEST_STEP][PASSED] - stores_0_linkType = "stores[0].linkType": null

26-07-2024T17:58:06 - [TEST_STEP][PASSED] - stores_0_corporateColorCode = "stores[0].corporateColorCode": null

26-07-2024T17:58:06 - [TEST_STEP][PASSED] - stores_0_verticalType = "stores[0].verticalType": null

26-07-2024T17:58:06 - [TEST_STEP][PASSED] - stores_0_distance = "stores[0].distance": null

26-07-2024T17:58:06 - [TEST_STEP][PASSED] - stores_0_isInRange = "stores[0].isInRange": null

26-07-2024T17:58:06 - [TEST_STEP][PASSED] - stores_0_storeOpen = "stores[0].storeOpen": null

26-07-2024T17:58:06 - [TEST_STEP][PASSED] - stores_0_isAgeRestricted = "stores[0].isAgeRestricted": null

26-07-2024T17:58:06 - [TEST_STEP][PASSED] - stores_0_categoryName = "stores[0].categoryName": null

26-07-2024T17:58:06 - [TEST_STEP][PASSED] - stores_0_products_0_productId = "stores[0].products[0].productId": null

26-07-2024T17:58:06 - [TEST_STEP][PASSED] - stores_0_products_0_productName = "stores[0].products[0].productName": null

26-07-2024T17:58:06 - [TEST_STEP][PASSED] - stores_0_products_0_link = "stores[0].products[0].link": null

26-07-2024T17:58:06 - [TEST_STEP][PASSED] - stores_0_products_0_linkType = "stores[0].products[0].linkType": null

26-07-2024T17:58:06 - [TEST_STEP][PASSED] - totalplay.Common.verifyPropertyExist(SLPSearch, stores_0_name): totalplay.Common.verifyPropertyExist is PASSED

26-07-2024T17:58:06 - [MESSAGE][INFO] - Checking response object

26-07-2024T17:58:06 - [MESSAGE][PASSED] - totalplay.Common.verifyPropertyExist is PASSED

26-07-2024T17:58:06 - [TEST_STEP][PASSED] - totalplay.Common.verifyPropertyValueExist(SLPSearch, stores_0_name): totalplay.Common.verifyPropertyValueExist is PASSED

26-07-2024T17:58:06 - [MESSAGE][INFO] - Checking response object

26-07-2024T17:58:06 - [MESSAGE][INFO] - El Pollito Campesino Alamos

26-07-2024T17:58:06 - [MESSAGE][PASSED] - totalplay.Common.verifyPropertyValueExist is PASSED

26-07-2024T17:58:06 - [TEST_STEP][PASSED] - totalplay.Common.verifyPropertyExist(SLPSearch, stores_0_corporateName): totalplay.Common.verifyPropertyExist is PASSED

26-07-2024T17:58:06 - [MESSAGE][INFO] - Checking response object

26-07-2024T17:58:06 - [MESSAGE][PASSED] - totalplay.Common.verifyPropertyExist is PASSED

26-07-2024T17:58:06 - [TEST_STEP][PASSED] - totalplay.Common.verifyPropertyValueExist(SLPSearch, stores_0_corporateName): totalplay.Common.verifyPropertyValueExist is PASSED

26-07-2024T17:58:06 - [MESSAGE][INFO] - Checking response object

26-07-2024T17:58:06 - [MESSAGE][INFO] - ElPollitoCampesino

26-07-2024T17:58:06 - [MESSAGE][PASSED] - totalplay.Common.verifyPropertyValueExist is PASSED

26-07-2024T17:58:06 - [TEST_STEP][PASSED] - totalplay.Common.verifyPropertyExist(SLPSearch, stores_0_ondemandEDD): totalplay.Common.verifyPropertyExist is PASSED

26-07-2024T17:58:06 - [MESSAGE][INFO] - Checking response object

26-07-2024T17:58:06 - [MESSAGE][PASSED] - totalplay.Common.verifyPropertyExist is PASSED

26-07-2024T17:58:06 - [TEST_STEP][PASSED] - totalplay.Common.verifyPropertyValueExist(SLPSearch, stores_0_ondemandEDD): totalplay.Common.verifyPropertyValueExist is PASSED

26-07-2024T17:58:06 - [MESSAGE][INFO] - Checking response object

26-07-2024T17:58:06 - [MESSAGE][INFO] - 90 Min

26-07-2024T17:58:06 - [MESSAGE][PASSED] - totalplay.Common.verifyPropertyValueExist is PASSED

26-07-2024T17:58:06 - [TEST_STEP][PASSED] - totalplay.Common.verifyPropertyValueEmptyString(SLPSearch, stores_0_multiStoreEDD): totalplay.Common.verifyPropertyValueEmptyString is PASSED

26-07-2024T17:58:06 - [MESSAGE][INFO] - Checking response object

26-07-2024T17:58:06 - [MESSAGE][INFO] - 

26-07-2024T17:58:06 - [MESSAGE][PASSED] - totalplay.Common.verifyPropertyValueEmptyString is PASSED

26-07-2024T17:58:06 - [TEST_STEP][PASSED] - totalplay.Common.verifyPropertyEmpty(SLPSearch, stores_0_image): totalplay.Common.verifyPropertyEmpty is PASSED

26-07-2024T17:58:06 - [MESSAGE][PASSED] - totalplay.Common.verifyPropertyEmpty is PASSED

26-07-2024T17:58:06 - [TEST_STEP][PASSED] - totalplay.Common.getNumValueofObject(SLPSearch, stores_0_productsCount): totalplay.Common.getNumValueofObject is PASSED

26-07-2024T17:58:06 - [MESSAGE][INFO] - Checking response object

26-07-2024T17:58:06 - [MESSAGE][PASSED] - totalplay.Common.getNumValueofObject is PASSED

26-07-2024T17:58:06 - [TEST_STEP][PASSED] - totalplay.Common.verifyPropertyExist(SLPSearch, stores_0_link): totalplay.Common.verifyPropertyExist is PASSED

26-07-2024T17:58:06 - [MESSAGE][INFO] - Checking response object

26-07-2024T17:58:06 - [MESSAGE][PASSED] - totalplay.Common.verifyPropertyExist is PASSED

26-07-2024T17:58:06 - [TEST_STEP][PASSED] - totalplay.Common.verifyPropertyValueExist(SLPSearch, stores_0_link): totalplay.Common.verifyPropertyValueExist is PASSED

26-07-2024T17:58:06 - [MESSAGE][INFO] - Checking response object

26-07-2024T17:58:06 - [MESSAGE][INFO] - /dw/shop/v24_5/product_search?pcpPage=true&refine_1=c_miraklShopID=8348&count=30

26-07-2024T17:58:06 - [MESSAGE][PASSED] - totalplay.Common.verifyPropertyValueExist is PASSED

26-07-2024T17:58:06 - [TEST_STEP][PASSED] - totalplay.Common.verifyPropertyExist(SLPSearch, stores_0_linkType): totalplay.Common.verifyPropertyExist is PASSED

26-07-2024T17:58:06 - [MESSAGE][INFO] - Checking response object

26-07-2024T17:58:06 - [MESSAGE][PASSED] - totalplay.Common.verifyPropertyExist is PASSED

26-07-2024T17:58:06 - [TEST_STEP][PASSED] - totalplay.Common.verifyPropertyValueExist(SLPSearch, stores_0_linkType): totalplay.Common.verifyPropertyValueExist is PASSED

26-07-2024T17:58:06 - [MESSAGE][INFO] - Checking response object

26-07-2024T17:58:06 - [MESSAGE][INFO] - PCP

26-07-2024T17:58:06 - [MESSAGE][PASSED] - totalplay.Common.verifyPropertyValueExist is PASSED

26-07-2024T17:58:06 - [TEST_STEP][PASSED] - totalplay.Common.verifyPropertyValueEmptyString(SLPSearch, stores_0_corporateColorCode): totalplay.Common.verifyPropertyValueEmptyString is PASSED

26-07-2024T17:58:06 - [MESSAGE][INFO] - Checking response object

26-07-2024T17:58:06 - [MESSAGE][INFO] - 

26-07-2024T17:58:06 - [MESSAGE][PASSED] - totalplay.Common.verifyPropertyValueEmptyString is PASSED

26-07-2024T17:58:06 - [TEST_STEP][PASSED] - totalplay.Common.verifyPropertyValueEmptyString(SLPSearch, stores_0_verticalType): totalplay.Common.verifyPropertyValueEmptyString is PASSED

26-07-2024T17:58:06 - [MESSAGE][INFO] - Checking response object

26-07-2024T17:58:06 - [MESSAGE][INFO] - 

26-07-2024T17:58:06 - [MESSAGE][PASSED] - totalplay.Common.verifyPropertyValueEmptyString is PASSED

26-07-2024T17:58:06 - [TEST_STEP][PASSED] - totalplay.Common.verifyPropertyValueEmptyString(SLPSearch, stores_0_distance): totalplay.Common.verifyPropertyValueEmptyString is PASSED

26-07-2024T17:58:06 - [MESSAGE][INFO] - Checking response object

26-07-2024T17:58:06 - [MESSAGE][INFO] - 

26-07-2024T17:58:06 - [MESSAGE][PASSED] - totalplay.Common.verifyPropertyValueEmptyString is PASSED

26-07-2024T17:58:06 - [TEST_STEP][PASSED] - totalplay.Common.getBooleanValueofObject(SLPSearch, stores_0_isInRange): totalplay.Common.getBooleanValueofObject is PASSED

26-07-2024T17:58:06 - [MESSAGE][INFO] - Checking response object

26-07-2024T17:58:06 - [MESSAGE][PASSED] - totalplay.Common.getBooleanValueofObject is PASSED

26-07-2024T17:58:06 - [TEST_STEP][PASSED] - totalplay.Common.getBooleanValueofObject(SLPSearch, stores_0_storeOpen): totalplay.Common.getBooleanValueofObject is PASSED

26-07-2024T17:58:06 - [MESSAGE][INFO] - Checking response object

26-07-2024T17:58:06 - [MESSAGE][PASSED] - totalplay.Common.getBooleanValueofObject is PASSED

26-07-2024T17:58:06 - [TEST_STEP][PASSED] - totalplay.Common.getBooleanValueofObject(SLPSearch, stores_0_isAgeRestricted): totalplay.Common.getBooleanValueofObject is PASSED

26-07-2024T17:58:06 - [MESSAGE][INFO] - Checking response object

26-07-2024T17:58:06 - [MESSAGE][PASSED] - totalplay.Common.getBooleanValueofObject is PASSED

26-07-2024T17:58:06 - [TEST_STEP][PASSED] - totalplay.Common.verifyPropertyExist(SLPSearch, stores_0_categoryName): totalplay.Common.verifyPropertyExist is PASSED

26-07-2024T17:58:06 - [MESSAGE][INFO] - Checking response object

26-07-2024T17:58:06 - [MESSAGE][PASSED] - totalplay.Common.verifyPropertyExist is PASSED

26-07-2024T17:58:06 - [TEST_STEP][PASSED] - totalplay.Common.verifyPropertyValueExist(SLPSearch, stores_0_categoryName): totalplay.Common.verifyPropertyValueExist is PASSED

26-07-2024T17:58:06 - [MESSAGE][INFO] - Checking response object

26-07-2024T17:58:07 - [MESSAGE][INFO] - El Pollito Campesino Alamos

26-07-2024T17:58:07 - [MESSAGE][PASSED] - totalplay.Common.verifyPropertyValueExist is PASSED

26-07-2024T17:58:07 - [TEST_STEP][PASSED] - totalplay.Common.verifyPropertyExist(SLPSearch, stores_0_products_0_productId): totalplay.Common.verifyPropertyExist is PASSED

26-07-2024T17:58:07 - [MESSAGE][INFO] - Checking response object

26-07-2024T17:58:07 - [MESSAGE][PASSED] - totalplay.Common.verifyPropertyExist is PASSED

26-07-2024T17:58:07 - [TEST_STEP][PASSED] - totalplay.Common.verifyPropertyValueExist(SLPSearch, stores_0_products_0_productId): totalplay.Common.verifyPropertyValueExist is PASSED

26-07-2024T17:58:07 - [MESSAGE][INFO] - Checking response object

26-07-2024T17:58:07 - [MESSAGE][INFO] - C542392773

26-07-2024T17:58:07 - [MESSAGE][PASSED] - totalplay.Common.verifyPropertyValueExist is PASSED

26-07-2024T17:58:07 - [TEST_STEP][PASSED] - totalplay.Common.verifyPropertyExist(SLPSearch, stores_0_products_0_productName): totalplay.Common.verifyPropertyExist is PASSED

26-07-2024T17:58:07 - [MESSAGE][INFO] - Checking response object

26-07-2024T17:58:07 - [MESSAGE][PASSED] - totalplay.Common.verifyPropertyExist is PASSED

26-07-2024T17:58:07 - [TEST_STEP][PASSED] - totalplay.Common.verifyPropertyValueExist(SLPSearch, stores_0_products_0_productName): totalplay.Common.verifyPropertyValueExist is PASSED

26-07-2024T17:58:07 - [MESSAGE][INFO] - Checking response object

26-07-2024T17:58:07 - [MESSAGE][INFO] - Combode_la_Casa

26-07-2024T17:58:07 - [MESSAGE][PASSED] - totalplay.Common.verifyPropertyValueExist is PASSED

26-07-2024T17:58:07 - [TEST_STEP][PASSED] - totalplay.Common.verifyPropertyExist(SLPSearch, stores_0_products_0_link): totalplay.Common.verifyPropertyExist is PASSED

26-07-2024T17:58:07 - [MESSAGE][INFO] - Checking response object

26-07-2024T17:58:07 - [MESSAGE][PASSED] - totalplay.Common.verifyPropertyExist is PASSED

26-07-2024T17:58:07 - [TEST_STEP][PASSED] - totalplay.Common.verifyPropertyValueExist(SLPSearch, stores_0_products_0_link): totalplay.Common.verifyPropertyValueExist is PASSED

26-07-2024T17:58:07 - [MESSAGE][INFO] - Checking response object

26-07-2024T17:58:07 - [MESSAGE][INFO] - /dw/shop/v24_5/content/seller-pdp?sellerID=8348&c_productid=C542392773

26-07-2024T17:58:07 - [MESSAGE][PASSED] - totalplay.Common.verifyPropertyValueExist is PASSED

26-07-2024T17:58:07 - [TEST_STEP][PASSED] - totalplay.Common.verifyPropertyExist(SLPSearch, stores_0_products_0_linkType): totalplay.Common.verifyPropertyExist is PASSED

26-07-2024T17:58:07 - [MESSAGE][INFO] - Checking response object

26-07-2024T17:58:07 - [MESSAGE][PASSED] - totalplay.Common.verifyPropertyExist is PASSED

26-07-2024T17:58:07 - [TEST_STEP][PASSED] - totalplay.Common.verifyPropertyValueExist(SLPSearch, stores_0_products_0_linkType): totalplay.Common.verifyPropertyValueExist is PASSED

26-07-2024T17:58:07 - [MESSAGE][INFO] - Checking response object

26-07-2024T17:58:07 - [MESSAGE][INFO] - PDP

26-07-2024T17:58:07 - [MESSAGE][PASSED] - totalplay.Common.verifyPropertyValueExist is PASSED]]></system-out>
         <system-err><![CDATA[]]></system-err>
      </testcase>
      <testcase name="Test Cases/TotalPlay-Food/TC_8_PLP_Search" time="6.073" classname="Test Cases/TotalPlay-Food/TC_8_PLP_Search" status="PASSED">
         <system-out><![CDATA[26-07-2024T17:58:07 - [TEST_CASE][PASSED] - Test Cases/TotalPlay-Food/TC_8_PLP_Search: Test Cases/TotalPlay-Food/TC_8_PLP_Search

26-07-2024T17:58:07 - [TEST_STEP][PASSED] - callTestCase(findTestCase("TotalPlay-Food/TC_1_Login_Service"), [:], STOP_ON_FAILURE): Call Test Case 'Test Cases/TotalPlay-Food/TC_1_Login_Service' successfully

26-07-2024T17:58:07 - [MESSAGE][INFO] - Checking called Test Case

26-07-2024T17:58:07 - [MESSAGE][INFO] - Starting to call Test Case 'Test Cases/TotalPlay-Food/TC_1_Login_Service'

26-07-2024T17:58:07 - [TEST_CASE][PASSED] - Test Cases/TotalPlay-Food/TC_1_Login_Service: Test Cases/TotalPlay-Food/TC_1_Login_Service

26-07-2024T17:58:07 - [TEST_STEP][PASSED] - LoginResponse = sendRequest(findTestObject("TotalPlay-Food/getTokenDelivery", ["URL":URL])): Send request successfully

26-07-2024T17:58:07 - [MESSAGE][INFO] - Finding Test Object 'Object Repository/TotalPlay-Food/getTokenDelivery'

26-07-2024T17:58:07 - [MESSAGE][INFO] - Checking request object

26-07-2024T17:58:10 - [MESSAGE][INFO] - HAR: C:\Users\ShubhamKumarThakur\OneDrive - Kognivera\Documents\TotalPlay\totalplay-automation\Reports\20240726_175712\Food_Services\20240726_175712\requests\main\13.har

26-07-2024T17:58:10 - [MESSAGE][PASSED] - Send request successfully

26-07-2024T17:58:10 - [TEST_STEP][PASSED] - assert getResponseStatusCode(LoginResponse) == 200: Checking response object

26-07-2024T17:58:10 - [MESSAGE][INFO] - Checking response object

26-07-2024T17:58:10 - [TEST_STEP][PASSED] - Auth = "ocapiResponse.access_token": null

26-07-2024T17:58:10 - [TEST_STEP][PASSED] - FoodBascketId = "ocapiResponse.c_basketId_TP_FOOD": null

26-07-2024T17:58:10 - [TEST_STEP][PASSED] - FoodBasId = getElementPropertyValue(LoginResponse, FoodBascketId): Checking response object

26-07-2024T17:58:10 - [MESSAGE][INFO] - Checking response object

26-07-2024T17:58:10 - [TEST_STEP][PASSED] - sfccAuthorization = getElementPropertyValue(LoginResponse, Auth): Checking response object

26-07-2024T17:58:10 - [MESSAGE][INFO] - Checking response object

26-07-2024T17:58:10 - [TEST_STEP][PASSED] - Authorization = "Bearer " + sfccAuthorization: null

26-07-2024T17:58:10 - [TEST_STEP][PASSED] - FoodBasketId = FoodBasId: null

26-07-2024T17:58:10 - [TEST_STEP][PASSED] - logInfo(bm_auth_token): 

26-07-2024T17:58:10 - [MESSAGE][INFO] - 

26-07-2024T17:58:10 - [TEST_STEP][PASSED] - if (sfccAuthorization.length() == 0): null

26-07-2024T17:58:10 - [TEST_STEP][PASSED] - else: authorization generated

26-07-2024T17:58:10 - [TEST_STEP][PASSED] - markPassed("authorization generated"): authorization generated

26-07-2024T17:58:10 - [MESSAGE][PASSED] - authorization generated

26-07-2024T17:58:10 - [TEST_STEP][PASSED] - BasketId_loginResponse = "ocapiResponse.c_basketId": null

26-07-2024T17:58:10 - [TEST_STEP][PASSED] - CustomerId_loginResponse = "ocapiResponse.customer_id": null

26-07-2024T17:58:10 - [TEST_STEP][PASSED] - basketId = getElementPropertyValue(LoginResponse, BasketId_loginResponse): Checking response object

26-07-2024T17:58:10 - [MESSAGE][INFO] - Checking response object

26-07-2024T17:58:10 - [TEST_STEP][PASSED] - customerId = getElementPropertyValue(LoginResponse, CustomerId_loginResponse): Checking response object

26-07-2024T17:58:10 - [MESSAGE][INFO] - Checking response object

26-07-2024T17:58:10 - [TEST_STEP][PASSED] - basketID = basketId: null

26-07-2024T17:58:10 - [TEST_STEP][PASSED] - sla_customerId = customerId: null

26-07-2024T17:58:10 - [TEST_STEP][PASSED] - println(basketID): null

26-07-2024T17:58:10 - [TEST_STEP][PASSED] - println(sla_customerId): null

26-07-2024T17:58:10 - [TEST_STEP][PASSED] - refresh_token = "ocapiResponse.refresh_token": null

26-07-2024T17:58:10 - [TEST_STEP][PASSED] - customer_email = "ocapiResponse.customer_email": null

26-07-2024T17:58:10 - [TEST_STEP][PASSED] - c_brmId = "ocapiResponse.c_brmId": null

26-07-2024T17:58:10 - [TEST_STEP][PASSED] - customer_name = "ocapiResponse.customer_name": null

26-07-2024T17:58:10 - [TEST_STEP][PASSED] - totalplay.Common.verifyPropertyExist(LoginResponse, refresh_token): totalplay.Common.verifyPropertyExist is PASSED

26-07-2024T17:58:10 - [MESSAGE][INFO] - Checking response object

26-07-2024T17:58:10 - [MESSAGE][PASSED] - totalplay.Common.verifyPropertyExist is PASSED

26-07-2024T17:58:10 - [TEST_STEP][PASSED] - totalplay.Common.verifyPropertyValueExist(LoginResponse, refresh_token): totalplay.Common.verifyPropertyValueExist is PASSED

26-07-2024T17:58:10 - [MESSAGE][INFO] - Checking response object

26-07-2024T17:58:10 - [MESSAGE][INFO] - QX4CkZrxdjYGjb1M95Af4lPa4-HH1BqAC4NxBO02Spc

26-07-2024T17:58:10 - [MESSAGE][PASSED] - totalplay.Common.verifyPropertyValueExist is PASSED

26-07-2024T17:58:10 - [TEST_STEP][PASSED] - totalplay.Common.verifyPropertyExist(LoginResponse, customer_email): totalplay.Common.verifyPropertyExist is PASSED

26-07-2024T17:58:10 - [MESSAGE][INFO] - Checking response object

26-07-2024T17:58:10 - [MESSAGE][PASSED] - totalplay.Common.verifyPropertyExist is PASSED

26-07-2024T17:58:10 - [TEST_STEP][PASSED] - totalplay.Common.verifyPropertyValueExist(LoginResponse, customer_email): totalplay.Common.verifyPropertyValueExist is PASSED

26-07-2024T17:58:10 - [MESSAGE][INFO] - Checking response object

26-07-2024T17:58:10 - [MESSAGE][INFO] - cesar.waldo93@gmail.com

26-07-2024T17:58:10 - [MESSAGE][PASSED] - totalplay.Common.verifyPropertyValueExist is PASSED

26-07-2024T17:58:10 - [TEST_STEP][PASSED] - totalplay.Common.verifyPropertyExist(LoginResponse, customer_name): totalplay.Common.verifyPropertyExist is PASSED

26-07-2024T17:58:10 - [MESSAGE][INFO] - Checking response object

26-07-2024T17:58:10 - [MESSAGE][PASSED] - totalplay.Common.verifyPropertyExist is PASSED

26-07-2024T17:58:10 - [TEST_STEP][PASSED] - totalplay.Common.verifyPropertyValueExist(LoginResponse, customer_name): totalplay.Common.verifyPropertyValueExist is PASSED

26-07-2024T17:58:10 - [MESSAGE][INFO] - Checking response object

26-07-2024T17:58:10 - [MESSAGE][INFO] - CESAR GERARDO WALDO GONZALEZ

26-07-2024T17:58:10 - [MESSAGE][PASSED] - totalplay.Common.verifyPropertyValueExist is PASSED

26-07-2024T17:58:10 - [TEST_STEP][PASSED] - totalplay.Common.verifyPropertyExist(LoginResponse, c_brmId): totalplay.Common.verifyPropertyExist is PASSED

26-07-2024T17:58:10 - [MESSAGE][INFO] - Checking response object

26-07-2024T17:58:10 - [MESSAGE][PASSED] - totalplay.Common.verifyPropertyExist is PASSED

26-07-2024T17:58:10 - [TEST_STEP][PASSED] - totalplay.Common.verifyPropertyValueExist(LoginResponse, c_brmId): totalplay.Common.verifyPropertyValueExist is PASSED

26-07-2024T17:58:10 - [MESSAGE][INFO] - Checking response object

26-07-2024T17:58:10 - [MESSAGE][INFO] - 0106378356

26-07-2024T17:58:10 - [MESSAGE][PASSED] - totalplay.Common.verifyPropertyValueExist is PASSED

26-07-2024T17:58:10 - [MESSAGE][PASSED] - Call Test Case 'Test Cases/TotalPlay-Food/TC_1_Login_Service' successfully

26-07-2024T17:58:10 - [TEST_STEP][PASSED] - PLPSearch = sendRequest(findTestObject("TotalPlay-Food/PLP Search", ["URL":URL])): Send request successfully

26-07-2024T17:58:10 - [MESSAGE][INFO] - Finding Test Object 'Object Repository/TotalPlay-Food/PLP Search'

26-07-2024T17:58:10 - [MESSAGE][INFO] - Checking request object

26-07-2024T17:58:11 - [MESSAGE][INFO] - HAR: C:\Users\ShubhamKumarThakur\OneDrive - Kognivera\Documents\TotalPlay\totalplay-automation\Reports\20240726_175712\Food_Services\20240726_175712\requests\main\14.har

26-07-2024T17:58:11 - [MESSAGE][PASSED] - Send request successfully

26-07-2024T17:58:11 - [TEST_STEP][PASSED] - verifyResponseStatusCode(PLPSearch, 200): Verify response status code successfully

26-07-2024T17:58:11 - [MESSAGE][INFO] - Checking response object

26-07-2024T17:58:11 - [MESSAGE][PASSED] - Verify response status code successfully

26-07-2024T17:58:11 - [TEST_STEP][PASSED] - categories_0_id = "categories[0].id": null

26-07-2024T17:58:11 - [TEST_STEP][PASSED] - categories_0_name = "categories[0].name": null

26-07-2024T17:58:11 - [TEST_STEP][PASSED] - categories_0_link = "categories[0].link": null

26-07-2024T17:58:11 - [TEST_STEP][PASSED] - categories_0_linkType = "categories[0].linkType": null

26-07-2024T17:58:11 - [TEST_STEP][PASSED] - categories_0_parentCategoryName = "categories[0].parentCategoryName": null

26-07-2024T17:58:11 - [TEST_STEP][PASSED] - categories_1_id = "categories[1].id": null

26-07-2024T17:58:11 - [TEST_STEP][PASSED] - categories_1_name = "categories[1].name": null

26-07-2024T17:58:11 - [TEST_STEP][PASSED] - categories_1_link = "categories[1].link": null

26-07-2024T17:58:11 - [TEST_STEP][PASSED] - categories_1_linkType = "categories[1].linkType": null

26-07-2024T17:58:11 - [TEST_STEP][PASSED] - categories_1_parentCategoryName = "categories[1].parentCategoryName": null

26-07-2024T17:58:11 - [TEST_STEP][PASSED] - products_0_online = "products[0].online": null

26-07-2024T17:58:11 - [TEST_STEP][PASSED] - products_0_link = "products[0].link": null

26-07-2024T17:58:11 - [TEST_STEP][PASSED] - products_0_linkType = "products[0].linkType": null

26-07-2024T17:58:11 - [TEST_STEP][PASSED] - products_0_productId = "products[0].productId": null

26-07-2024T17:58:11 - [TEST_STEP][PASSED] - products_0_productName = "products[0].productName": null

26-07-2024T17:58:11 - [TEST_STEP][PASSED] - products_0_productDesc = "products[0].productDesc": null

26-07-2024T17:58:11 - [TEST_STEP][PASSED] - products_0_productType = "products[0].productType": null

26-07-2024T17:58:11 - [TEST_STEP][PASSED] - products_0_basePrice_value = "products[0].basePrice.value": null

26-07-2024T17:58:11 - [TEST_STEP][PASSED] - products_0_basePrice_currency = "products[0].basePrice.currency": null

26-07-2024T17:58:11 - [TEST_STEP][PASSED] - products_0_basePrice_formatted = "products[0].basePrice.formatted": null

26-07-2024T17:58:11 - [TEST_STEP][PASSED] - products_0_basePrice_decimalPrice = "products[0].basePrice.decimalPrice": null

26-07-2024T17:58:11 - [TEST_STEP][PASSED] - products_0_salePrice_value = "products[0].salePrice.value": null

26-07-2024T17:58:11 - [TEST_STEP][PASSED] - products_0_salePrice_currency = "products[0].salePrice.currency": null

26-07-2024T17:58:11 - [TEST_STEP][PASSED] - products_0_salePrice_formatted = "products[0].salePrice.formatted": null

26-07-2024T17:58:11 - [TEST_STEP][PASSED] - products_0_salePrice_decimalPrice = "products[0].salePrice.decimalPrice": null

26-07-2024T17:58:11 - [TEST_STEP][PASSED] - products_0_image_0_alt = "products[0].image[0].alt": null

26-07-2024T17:58:11 - [TEST_STEP][PASSED] - products_0_image_0_url = "products[0].image[0].url": null

26-07-2024T17:58:11 - [TEST_STEP][PASSED] - products_0_image_0_title = "products[0].image[0].title": null

26-07-2024T17:58:11 - [TEST_STEP][PASSED] - products_0_discount_percentage = "products[0].discount_percentage": null

26-07-2024T17:58:11 - [TEST_STEP][PASSED] - products_0_isVariant = "products[0].isVariant": null

26-07-2024T17:58:11 - [TEST_STEP][PASSED] - totalplay.Common.verifyPropertyExist(PLPSearch, categories_0_id): totalplay.Common.verifyPropertyExist is PASSED

26-07-2024T17:58:11 - [MESSAGE][INFO] - Checking response object

26-07-2024T17:58:11 - [MESSAGE][PASSED] - totalplay.Common.verifyPropertyExist is PASSED

26-07-2024T17:58:11 - [TEST_STEP][PASSED] - totalplay.Common.verifyPropertyValueExist(PLPSearch, categories_0_id): totalplay.Common.verifyPropertyValueExist is PASSED

26-07-2024T17:58:11 - [MESSAGE][INFO] - Checking response object

26-07-2024T17:58:11 - [MESSAGE][INFO] - SF_burger_king_santa_fe_burger

26-07-2024T17:58:11 - [MESSAGE][PASSED] - totalplay.Common.verifyPropertyValueExist is PASSED

26-07-2024T17:58:11 - [TEST_STEP][PASSED] - totalplay.Common.verifyPropertyExist(PLPSearch, categories_0_name): totalplay.Common.verifyPropertyExist is PASSED

26-07-2024T17:58:11 - [MESSAGE][INFO] - Checking response object

26-07-2024T17:58:11 - [MESSAGE][PASSED] - totalplay.Common.verifyPropertyExist is PASSED

26-07-2024T17:58:11 - [TEST_STEP][PASSED] - totalplay.Common.verifyPropertyValueExist(PLPSearch, categories_0_name): totalplay.Common.verifyPropertyValueExist is PASSED

26-07-2024T17:58:11 - [MESSAGE][INFO] - Checking response object

26-07-2024T17:58:11 - [MESSAGE][INFO] - Burger

26-07-2024T17:58:11 - [MESSAGE][PASSED] - totalplay.Common.verifyPropertyValueExist is PASSED

26-07-2024T17:58:11 - [TEST_STEP][PASSED] - totalplay.Common.verifyPropertyExist(PLPSearch, categories_0_link): totalplay.Common.verifyPropertyExist is PASSED

26-07-2024T17:58:11 - [MESSAGE][INFO] - Checking response object

26-07-2024T17:58:11 - [MESSAGE][PASSED] - totalplay.Common.verifyPropertyExist is PASSED

26-07-2024T17:58:11 - [TEST_STEP][PASSED] - totalplay.Common.verifyPropertyValueExist(PLPSearch, categories_0_link): totalplay.Common.verifyPropertyValueExist is PASSED

26-07-2024T17:58:11 - [MESSAGE][INFO] - Checking response object

26-07-2024T17:58:11 - [MESSAGE][INFO] - /dw/shop/v24_5/product_search?pcpPage=true&refine_2=cgid=SF_burger_king_santa_fe_burger&count=30

26-07-2024T17:58:11 - [MESSAGE][PASSED] - totalplay.Common.verifyPropertyValueExist is PASSED

26-07-2024T17:58:11 - [TEST_STEP][PASSED] - totalplay.Common.verifyPropertyExist(PLPSearch, categories_0_linkType): totalplay.Common.verifyPropertyExist is PASSED

26-07-2024T17:58:11 - [MESSAGE][INFO] - Checking response object

26-07-2024T17:58:11 - [MESSAGE][PASSED] - totalplay.Common.verifyPropertyExist is PASSED

26-07-2024T17:58:11 - [TEST_STEP][PASSED] - totalplay.Common.verifyPropertyValueExist(PLPSearch, categories_0_linkType): totalplay.Common.verifyPropertyValueExist is PASSED

26-07-2024T17:58:11 - [MESSAGE][INFO] - Checking response object

26-07-2024T17:58:11 - [MESSAGE][INFO] - PCP

26-07-2024T17:58:11 - [MESSAGE][PASSED] - totalplay.Common.verifyPropertyValueExist is PASSED

26-07-2024T17:58:11 - [TEST_STEP][PASSED] - totalplay.Common.verifyPropertyExist(PLPSearch, categories_0_parentCategoryName): totalplay.Common.verifyPropertyExist is PASSED

26-07-2024T17:58:11 - [MESSAGE][INFO] - Checking response object

26-07-2024T17:58:11 - [MESSAGE][PASSED] - totalplay.Common.verifyPropertyExist is PASSED

26-07-2024T17:58:11 - [TEST_STEP][PASSED] - totalplay.Common.verifyPropertyValueExist(PLPSearch, categories_0_parentCategoryName): totalplay.Common.verifyPropertyValueExist is PASSED

26-07-2024T17:58:11 - [MESSAGE][INFO] - Checking response object

26-07-2024T17:58:11 - [MESSAGE][INFO] - Burger King Santa Fe

26-07-2024T17:58:11 - [MESSAGE][PASSED] - totalplay.Common.verifyPropertyValueExist is PASSED

26-07-2024T17:58:11 - [TEST_STEP][PASSED] - totalplay.Common.verifyPropertyExist(PLPSearch, categories_1_id): totalplay.Common.verifyPropertyExist is PASSED

26-07-2024T17:58:11 - [MESSAGE][INFO] - Checking response object

26-07-2024T17:58:11 - [MESSAGE][PASSED] - totalplay.Common.verifyPropertyExist is PASSED

26-07-2024T17:58:11 - [TEST_STEP][PASSED] - totalplay.Common.verifyPropertyValueExist(PLPSearch, categories_1_id): totalplay.Common.verifyPropertyValueExist is PASSED

26-07-2024T17:58:11 - [MESSAGE][INFO] - Checking response object

26-07-2024T17:58:11 - [MESSAGE][INFO] - SF_americanburgers_hamburguesas_burger

26-07-2024T17:58:11 - [MESSAGE][PASSED] - totalplay.Common.verifyPropertyValueExist is PASSED

26-07-2024T17:58:11 - [TEST_STEP][PASSED] - totalplay.Common.verifyPropertyExist(PLPSearch, categories_1_name): totalplay.Common.verifyPropertyExist is PASSED

26-07-2024T17:58:11 - [MESSAGE][INFO] - Checking response object

26-07-2024T17:58:11 - [MESSAGE][PASSED] - totalplay.Common.verifyPropertyExist is PASSED

26-07-2024T17:58:11 - [TEST_STEP][PASSED] - totalplay.Common.verifyPropertyValueExist(PLPSearch, categories_1_name): totalplay.Common.verifyPropertyValueExist is PASSED

26-07-2024T17:58:11 - [MESSAGE][INFO] - Checking response object

26-07-2024T17:58:11 - [MESSAGE][INFO] - Burger

26-07-2024T17:58:11 - [MESSAGE][PASSED] - totalplay.Common.verifyPropertyValueExist is PASSED

26-07-2024T17:58:11 - [TEST_STEP][PASSED] - totalplay.Common.verifyPropertyExist(PLPSearch, categories_1_link): totalplay.Common.verifyPropertyExist is PASSED

26-07-2024T17:58:11 - [MESSAGE][INFO] - Checking response object

26-07-2024T17:58:11 - [MESSAGE][PASSED] - totalplay.Common.verifyPropertyExist is PASSED

26-07-2024T17:58:11 - [TEST_STEP][PASSED] - totalplay.Common.verifyPropertyValueExist(PLPSearch, categories_1_link): totalplay.Common.verifyPropertyValueExist is PASSED

26-07-2024T17:58:11 - [MESSAGE][INFO] - Checking response object

26-07-2024T17:58:11 - [MESSAGE][INFO] - /dw/shop/v24_5/product_search?pcpPage=true&refine_2=cgid=SF_americanburgers_hamburguesas_burger&count=30

26-07-2024T17:58:11 - [MESSAGE][PASSED] - totalplay.Common.verifyPropertyValueExist is PASSED

26-07-2024T17:58:11 - [TEST_STEP][PASSED] - totalplay.Common.verifyPropertyExist(PLPSearch, categories_1_linkType): totalplay.Common.verifyPropertyExist is PASSED

26-07-2024T17:58:11 - [MESSAGE][INFO] - Checking response object

26-07-2024T17:58:11 - [MESSAGE][PASSED] - totalplay.Common.verifyPropertyExist is PASSED

26-07-2024T17:58:11 - [TEST_STEP][PASSED] - totalplay.Common.verifyPropertyValueExist(PLPSearch, categories_1_linkType): totalplay.Common.verifyPropertyValueExist is PASSED

26-07-2024T17:58:11 - [MESSAGE][INFO] - Checking response object

26-07-2024T17:58:11 - [MESSAGE][INFO] - PCP

26-07-2024T17:58:11 - [MESSAGE][PASSED] - totalplay.Common.verifyPropertyValueExist is PASSED

26-07-2024T17:58:11 - [TEST_STEP][PASSED] - totalplay.Common.verifyPropertyExist(PLPSearch, categories_1_parentCategoryName): totalplay.Common.verifyPropertyExist is PASSED

26-07-2024T17:58:11 - [MESSAGE][INFO] - Checking response object

26-07-2024T17:58:11 - [MESSAGE][PASSED] - totalplay.Common.verifyPropertyExist is PASSED

26-07-2024T17:58:11 - [TEST_STEP][PASSED] - totalplay.Common.verifyPropertyValueExist(PLPSearch, categories_1_parentCategoryName): totalplay.Common.verifyPropertyValueExist is PASSED

26-07-2024T17:58:11 - [MESSAGE][INFO] - Checking response object

26-07-2024T17:58:12 - [MESSAGE][INFO] - Hamburguesas

26-07-2024T17:58:12 - [MESSAGE][PASSED] - totalplay.Common.verifyPropertyValueExist is PASSED

26-07-2024T17:58:12 - [TEST_STEP][PASSED] - totalplay.Common.getBooleanValueofObject(PLPSearch, products_0_online): totalplay.Common.getBooleanValueofObject is PASSED

26-07-2024T17:58:12 - [MESSAGE][INFO] - Checking response object

26-07-2024T17:58:12 - [MESSAGE][PASSED] - totalplay.Common.getBooleanValueofObject is PASSED

26-07-2024T17:58:12 - [TEST_STEP][PASSED] - totalplay.Common.verifyPropertyExist(PLPSearch, products_0_link): totalplay.Common.verifyPropertyExist is PASSED

26-07-2024T17:58:12 - [MESSAGE][INFO] - Checking response object

26-07-2024T17:58:12 - [MESSAGE][PASSED] - totalplay.Common.verifyPropertyExist is PASSED

26-07-2024T17:58:12 - [TEST_STEP][PASSED] - totalplay.Common.verifyPropertyValueExist(PLPSearch, products_0_link): totalplay.Common.verifyPropertyValueExist is PASSED

26-07-2024T17:58:12 - [MESSAGE][INFO] - Checking response object

26-07-2024T17:58:12 - [MESSAGE][INFO] - /dw/shop/v23_1/content/seller-pdp?sellerID=2073&c_productid=C2037456455

26-07-2024T17:58:12 - [MESSAGE][PASSED] - totalplay.Common.verifyPropertyValueExist is PASSED

26-07-2024T17:58:12 - [TEST_STEP][PASSED] - totalplay.Common.verifyPropertyExist(PLPSearch, products_0_linkType): totalplay.Common.verifyPropertyExist is PASSED

26-07-2024T17:58:12 - [MESSAGE][INFO] - Checking response object

26-07-2024T17:58:12 - [MESSAGE][PASSED] - totalplay.Common.verifyPropertyExist is PASSED

26-07-2024T17:58:12 - [TEST_STEP][PASSED] - totalplay.Common.verifyPropertyValueExist(PLPSearch, products_0_linkType): totalplay.Common.verifyPropertyValueExist is PASSED

26-07-2024T17:58:12 - [MESSAGE][INFO] - Checking response object

26-07-2024T17:58:12 - [MESSAGE][INFO] - PDP

26-07-2024T17:58:12 - [MESSAGE][PASSED] - totalplay.Common.verifyPropertyValueExist is PASSED

26-07-2024T17:58:12 - [TEST_STEP][PASSED] - totalplay.Common.verifyPropertyExist(PLPSearch, products_0_productId): totalplay.Common.verifyPropertyExist is PASSED

26-07-2024T17:58:12 - [MESSAGE][INFO] - Checking response object

26-07-2024T17:58:12 - [MESSAGE][PASSED] - totalplay.Common.verifyPropertyExist is PASSED

26-07-2024T17:58:12 - [TEST_STEP][PASSED] - totalplay.Common.verifyPropertyValueExist(PLPSearch, products_0_productId): totalplay.Common.verifyPropertyValueExist is PASSED

26-07-2024T17:58:12 - [MESSAGE][INFO] - Checking response object

26-07-2024T17:58:12 - [MESSAGE][INFO] - C2037456455

26-07-2024T17:58:12 - [MESSAGE][PASSED] - totalplay.Common.verifyPropertyValueExist is PASSED

26-07-2024T17:58:12 - [TEST_STEP][PASSED] - totalplay.Common.verifyPropertyExist(PLPSearch, products_0_productName): totalplay.Common.verifyPropertyExist is PASSED

26-07-2024T17:58:12 - [MESSAGE][INFO] - Checking response object

26-07-2024T17:58:12 - [MESSAGE][PASSED] - totalplay.Common.verifyPropertyExist is PASSED

26-07-2024T17:58:12 - [TEST_STEP][PASSED] - totalplay.Common.verifyPropertyValueExist(PLPSearch, products_0_productName): totalplay.Common.verifyPropertyValueExist is PASSED

26-07-2024T17:58:12 - [MESSAGE][INFO] - Checking response object

26-07-2024T17:58:12 - [MESSAGE][INFO] - Juicy Homemade  Burgers

26-07-2024T17:58:12 - [MESSAGE][PASSED] - totalplay.Common.verifyPropertyValueExist is PASSED

26-07-2024T17:58:12 - [TEST_STEP][PASSED] - totalplay.Common.verifyPropertyExist(PLPSearch, products_0_productDesc): totalplay.Common.verifyPropertyExist is PASSED

26-07-2024T17:58:12 - [MESSAGE][INFO] - Checking response object

26-07-2024T17:58:12 - [MESSAGE][PASSED] - totalplay.Common.verifyPropertyExist is PASSED

26-07-2024T17:58:12 - [TEST_STEP][PASSED] - totalplay.Common.verifyPropertyValueExist(PLPSearch, products_0_productDesc): totalplay.Common.verifyPropertyValueExist is PASSED

26-07-2024T17:58:12 - [MESSAGE][INFO] - Checking response object

26-07-2024T17:58:12 - [MESSAGE][INFO] - Juicy Homemade  Burgers

26-07-2024T17:58:12 - [MESSAGE][PASSED] - totalplay.Common.verifyPropertyValueExist is PASSED

26-07-2024T17:58:12 - [TEST_STEP][PASSED] - totalplay.Common.verifyPropertyExist(PLPSearch, products_0_productType): totalplay.Common.verifyPropertyExist is PASSED

26-07-2024T17:58:12 - [MESSAGE][INFO] - Checking response object

26-07-2024T17:58:12 - [MESSAGE][PASSED] - totalplay.Common.verifyPropertyExist is PASSED

26-07-2024T17:58:12 - [TEST_STEP][PASSED] - totalplay.Common.verifyPropertyValueExist(PLPSearch, products_0_productType): totalplay.Common.verifyPropertyValueExist is PASSED

26-07-2024T17:58:12 - [MESSAGE][INFO] - Checking response object

26-07-2024T17:58:12 - [MESSAGE][INFO] - configurable

26-07-2024T17:58:12 - [MESSAGE][PASSED] - totalplay.Common.verifyPropertyValueExist is PASSED

26-07-2024T17:58:12 - [TEST_STEP][PASSED] - totalplay.Common.getNumValueofObject(PLPSearch, products_0_basePrice_value): totalplay.Common.getNumValueofObject is PASSED

26-07-2024T17:58:12 - [MESSAGE][INFO] - Checking response object

26-07-2024T17:58:12 - [MESSAGE][PASSED] - totalplay.Common.getNumValueofObject is PASSED

26-07-2024T17:58:12 - [TEST_STEP][PASSED] - totalplay.Common.verifyPropertyExist(PLPSearch, products_0_basePrice_currency): totalplay.Common.verifyPropertyExist is PASSED

26-07-2024T17:58:12 - [MESSAGE][INFO] - Checking response object

26-07-2024T17:58:12 - [MESSAGE][PASSED] - totalplay.Common.verifyPropertyExist is PASSED

26-07-2024T17:58:12 - [TEST_STEP][PASSED] - totalplay.Common.verifyPropertyValueExist(PLPSearch, products_0_basePrice_currency): totalplay.Common.verifyPropertyValueExist is PASSED

26-07-2024T17:58:12 - [MESSAGE][INFO] - Checking response object

26-07-2024T17:58:12 - [MESSAGE][INFO] - MXN

26-07-2024T17:58:12 - [MESSAGE][PASSED] - totalplay.Common.verifyPropertyValueExist is PASSED

26-07-2024T17:58:12 - [TEST_STEP][PASSED] - totalplay.Common.verifyPropertyExist(PLPSearch, products_0_basePrice_formatted): totalplay.Common.verifyPropertyExist is PASSED

26-07-2024T17:58:12 - [MESSAGE][INFO] - Checking response object

26-07-2024T17:58:12 - [MESSAGE][PASSED] - totalplay.Common.verifyPropertyExist is PASSED

26-07-2024T17:58:12 - [TEST_STEP][PASSED] - totalplay.Common.verifyPropertyValueExist(PLPSearch, products_0_basePrice_formatted): totalplay.Common.verifyPropertyValueExist is PASSED

26-07-2024T17:58:12 - [MESSAGE][INFO] - Checking response object

26-07-2024T17:58:12 - [MESSAGE][INFO] - $50.00

26-07-2024T17:58:12 - [MESSAGE][PASSED] - totalplay.Common.verifyPropertyValueExist is PASSED

26-07-2024T17:58:12 - [TEST_STEP][PASSED] - totalplay.Common.verifyPropertyExist(PLPSearch, products_0_basePrice_decimalPrice): totalplay.Common.verifyPropertyExist is PASSED

26-07-2024T17:58:12 - [MESSAGE][INFO] - Checking response object

26-07-2024T17:58:12 - [MESSAGE][PASSED] - totalplay.Common.verifyPropertyExist is PASSED

26-07-2024T17:58:12 - [TEST_STEP][PASSED] - totalplay.Common.verifyPropertyValueExist(PLPSearch, products_0_basePrice_decimalPrice): totalplay.Common.verifyPropertyValueExist is PASSED

26-07-2024T17:58:12 - [MESSAGE][INFO] - Checking response object

26-07-2024T17:58:12 - [MESSAGE][INFO] - 50.00

26-07-2024T17:58:12 - [MESSAGE][PASSED] - totalplay.Common.verifyPropertyValueExist is PASSED

26-07-2024T17:58:12 - [TEST_STEP][PASSED] - totalplay.Common.getNumValueofObject(PLPSearch, products_0_salePrice_value): totalplay.Common.getNumValueofObject is PASSED

26-07-2024T17:58:12 - [MESSAGE][INFO] - Checking response object

26-07-2024T17:58:12 - [MESSAGE][PASSED] - totalplay.Common.getNumValueofObject is PASSED

26-07-2024T17:58:12 - [TEST_STEP][PASSED] - totalplay.Common.verifyPropertyValueEmptyString(PLPSearch, products_0_salePrice_currency): totalplay.Common.verifyPropertyValueEmptyString is PASSED

26-07-2024T17:58:12 - [MESSAGE][INFO] - Checking response object

26-07-2024T17:58:12 - [MESSAGE][INFO] - 

26-07-2024T17:58:12 - [MESSAGE][PASSED] - totalplay.Common.verifyPropertyValueEmptyString is PASSED

26-07-2024T17:58:12 - [TEST_STEP][PASSED] - totalplay.Common.verifyPropertyValueEmptyString(PLPSearch, products_0_salePrice_formatted): totalplay.Common.verifyPropertyValueEmptyString is PASSED

26-07-2024T17:58:12 - [MESSAGE][INFO] - Checking response object

26-07-2024T17:58:12 - [MESSAGE][INFO] - 

26-07-2024T17:58:12 - [MESSAGE][PASSED] - totalplay.Common.verifyPropertyValueEmptyString is PASSED

26-07-2024T17:58:12 - [TEST_STEP][PASSED] - totalplay.Common.verifyPropertyValueEmptyString(PLPSearch, products_0_salePrice_decimalPrice): totalplay.Common.verifyPropertyValueEmptyString is PASSED

26-07-2024T17:58:12 - [MESSAGE][INFO] - Checking response object

26-07-2024T17:58:12 - [MESSAGE][INFO] - 

26-07-2024T17:58:12 - [MESSAGE][PASSED] - totalplay.Common.verifyPropertyValueEmptyString is PASSED

26-07-2024T17:58:12 - [TEST_STEP][PASSED] - totalplay.Common.verifyPropertyExist(PLPSearch, products_0_image_0_alt): totalplay.Common.verifyPropertyExist is PASSED

26-07-2024T17:58:12 - [MESSAGE][INFO] - Checking response object

26-07-2024T17:58:13 - [MESSAGE][PASSED] - totalplay.Common.verifyPropertyExist is PASSED

26-07-2024T17:58:13 - [TEST_STEP][PASSED] - totalplay.Common.verifyPropertyValueExist(PLPSearch, products_0_image_0_alt): totalplay.Common.verifyPropertyValueExist is PASSED

26-07-2024T17:58:13 - [MESSAGE][INFO] - Checking response object

26-07-2024T17:58:13 - [MESSAGE][INFO] - Juicy Homemade  Burgers

26-07-2024T17:58:13 - [MESSAGE][PASSED] - totalplay.Common.verifyPropertyValueExist is PASSED

26-07-2024T17:58:13 - [TEST_STEP][PASSED] - totalplay.Common.verifyPropertyExist(PLPSearch, products_0_image_0_url): totalplay.Common.verifyPropertyExist is PASSED

26-07-2024T17:58:13 - [MESSAGE][INFO] - Checking response object

26-07-2024T17:58:13 - [MESSAGE][PASSED] - totalplay.Common.verifyPropertyExist is PASSED

26-07-2024T17:58:13 - [TEST_STEP][PASSED] - totalplay.Common.verifyPropertyValueExist(PLPSearch, products_0_image_0_url): totalplay.Common.verifyPropertyValueExist is PASSED

26-07-2024T17:58:13 - [MESSAGE][INFO] - Checking response object

26-07-2024T17:58:13 - [MESSAGE][INFO] - https://salesforceqa.sistemastp.com.mx/on/demandware.static/-/Sites-Standard/default/dw35712cfd/images/large/3a0a6e91d788457da9195cc7ac848dd7.jpg

26-07-2024T17:58:13 - [MESSAGE][PASSED] - totalplay.Common.verifyPropertyValueExist is PASSED

26-07-2024T17:58:13 - [TEST_STEP][PASSED] - totalplay.Common.verifyPropertyExist(PLPSearch, products_0_image_0_title): totalplay.Common.verifyPropertyExist is PASSED

26-07-2024T17:58:13 - [MESSAGE][INFO] - Checking response object

26-07-2024T17:58:13 - [MESSAGE][PASSED] - totalplay.Common.verifyPropertyExist is PASSED

26-07-2024T17:58:13 - [TEST_STEP][PASSED] - totalplay.Common.verifyPropertyValueExist(PLPSearch, products_0_image_0_title): totalplay.Common.verifyPropertyValueExist is PASSED

26-07-2024T17:58:13 - [MESSAGE][INFO] - Checking response object

26-07-2024T17:58:13 - [MESSAGE][INFO] - Juicy Homemade  Burgers

26-07-2024T17:58:13 - [MESSAGE][PASSED] - totalplay.Common.verifyPropertyValueExist is PASSED

26-07-2024T17:58:13 - [TEST_STEP][PASSED] - totalplay.Common.getNumValueofObject(PLPSearch, products_0_discount_percentage): totalplay.Common.getNumValueofObject is PASSED

26-07-2024T17:58:13 - [MESSAGE][INFO] - Checking response object

26-07-2024T17:58:13 - [MESSAGE][PASSED] - totalplay.Common.getNumValueofObject is PASSED

26-07-2024T17:58:13 - [TEST_STEP][PASSED] - totalplay.Common.getBooleanValueofObject(PLPSearch, products_0_isVariant): totalplay.Common.getBooleanValueofObject is PASSED

26-07-2024T17:58:13 - [MESSAGE][INFO] - Checking response object

26-07-2024T17:58:13 - [MESSAGE][PASSED] - totalplay.Common.getBooleanValueofObject is PASSED]]></system-out>
         <system-err><![CDATA[]]></system-err>
      </testcase>
      <testcase name="Test Cases/TotalPlay-Food/TC_10_Update_Customer_Address" time="5.254" classname="Test Cases/TotalPlay-Food/TC_10_Update_Customer_Address" status="PASSED">
         <system-out><![CDATA[26-07-2024T17:58:13 - [TEST_CASE][PASSED] - Test Cases/TotalPlay-Food/TC_10_Update_Customer_Address: Test Cases/TotalPlay-Food/TC_10_Update_Customer_Address

26-07-2024T17:58:13 - [TEST_STEP][PASSED] - callTestCase(findTestCase("TotalPlay-Food/TC_1_Login_Service"), [:], STOP_ON_FAILURE): Call Test Case 'Test Cases/TotalPlay-Food/TC_1_Login_Service' successfully

26-07-2024T17:58:13 - [MESSAGE][INFO] - Checking called Test Case

26-07-2024T17:58:13 - [MESSAGE][INFO] - Starting to call Test Case 'Test Cases/TotalPlay-Food/TC_1_Login_Service'

26-07-2024T17:58:13 - [TEST_CASE][PASSED] - Test Cases/TotalPlay-Food/TC_1_Login_Service: Test Cases/TotalPlay-Food/TC_1_Login_Service

26-07-2024T17:58:13 - [TEST_STEP][PASSED] - LoginResponse = sendRequest(findTestObject("TotalPlay-Food/getTokenDelivery", ["URL":URL])): Send request successfully

26-07-2024T17:58:13 - [MESSAGE][INFO] - Finding Test Object 'Object Repository/TotalPlay-Food/getTokenDelivery'

26-07-2024T17:58:13 - [MESSAGE][INFO] - Checking request object

26-07-2024T17:58:17 - [MESSAGE][INFO] - HAR: C:\Users\ShubhamKumarThakur\OneDrive - Kognivera\Documents\TotalPlay\totalplay-automation\Reports\20240726_175712\Food_Services\20240726_175712\requests\main\15.har

26-07-2024T17:58:17 - [MESSAGE][PASSED] - Send request successfully

26-07-2024T17:58:17 - [TEST_STEP][PASSED] - assert getResponseStatusCode(LoginResponse) == 200: Checking response object

26-07-2024T17:58:17 - [MESSAGE][INFO] - Checking response object

26-07-2024T17:58:17 - [TEST_STEP][PASSED] - Auth = "ocapiResponse.access_token": null

26-07-2024T17:58:17 - [TEST_STEP][PASSED] - FoodBascketId = "ocapiResponse.c_basketId_TP_FOOD": null

26-07-2024T17:58:17 - [TEST_STEP][PASSED] - FoodBasId = getElementPropertyValue(LoginResponse, FoodBascketId): Checking response object

26-07-2024T17:58:17 - [MESSAGE][INFO] - Checking response object

26-07-2024T17:58:17 - [TEST_STEP][PASSED] - sfccAuthorization = getElementPropertyValue(LoginResponse, Auth): Checking response object

26-07-2024T17:58:17 - [MESSAGE][INFO] - Checking response object

26-07-2024T17:58:17 - [TEST_STEP][PASSED] - Authorization = "Bearer " + sfccAuthorization: null

26-07-2024T17:58:17 - [TEST_STEP][PASSED] - FoodBasketId = FoodBasId: null

26-07-2024T17:58:17 - [TEST_STEP][PASSED] - logInfo(bm_auth_token): 

26-07-2024T17:58:17 - [MESSAGE][INFO] - 

26-07-2024T17:58:17 - [TEST_STEP][PASSED] - if (sfccAuthorization.length() == 0): null

26-07-2024T17:58:17 - [TEST_STEP][PASSED] - else: authorization generated

26-07-2024T17:58:17 - [TEST_STEP][PASSED] - markPassed("authorization generated"): authorization generated

26-07-2024T17:58:17 - [MESSAGE][PASSED] - authorization generated

26-07-2024T17:58:17 - [TEST_STEP][PASSED] - BasketId_loginResponse = "ocapiResponse.c_basketId": null

26-07-2024T17:58:17 - [TEST_STEP][PASSED] - CustomerId_loginResponse = "ocapiResponse.customer_id": null

26-07-2024T17:58:17 - [TEST_STEP][PASSED] - basketId = getElementPropertyValue(LoginResponse, BasketId_loginResponse): Checking response object

26-07-2024T17:58:17 - [MESSAGE][INFO] - Checking response object

26-07-2024T17:58:17 - [TEST_STEP][PASSED] - customerId = getElementPropertyValue(LoginResponse, CustomerId_loginResponse): Checking response object

26-07-2024T17:58:17 - [MESSAGE][INFO] - Checking response object

26-07-2024T17:58:17 - [TEST_STEP][PASSED] - basketID = basketId: null

26-07-2024T17:58:17 - [TEST_STEP][PASSED] - sla_customerId = customerId: null

26-07-2024T17:58:17 - [TEST_STEP][PASSED] - println(basketID): null

26-07-2024T17:58:17 - [TEST_STEP][PASSED] - println(sla_customerId): null

26-07-2024T17:58:17 - [TEST_STEP][PASSED] - refresh_token = "ocapiResponse.refresh_token": null

26-07-2024T17:58:17 - [TEST_STEP][PASSED] - customer_email = "ocapiResponse.customer_email": null

26-07-2024T17:58:17 - [TEST_STEP][PASSED] - c_brmId = "ocapiResponse.c_brmId": null

26-07-2024T17:58:17 - [TEST_STEP][PASSED] - customer_name = "ocapiResponse.customer_name": null

26-07-2024T17:58:17 - [TEST_STEP][PASSED] - totalplay.Common.verifyPropertyExist(LoginResponse, refresh_token): totalplay.Common.verifyPropertyExist is PASSED

26-07-2024T17:58:17 - [MESSAGE][INFO] - Checking response object

26-07-2024T17:58:17 - [MESSAGE][PASSED] - totalplay.Common.verifyPropertyExist is PASSED

26-07-2024T17:58:17 - [TEST_STEP][PASSED] - totalplay.Common.verifyPropertyValueExist(LoginResponse, refresh_token): totalplay.Common.verifyPropertyValueExist is PASSED

26-07-2024T17:58:17 - [MESSAGE][INFO] - Checking response object

26-07-2024T17:58:17 - [MESSAGE][INFO] - IBLtZMtREe3xI2sHia80tLjZOwXHXwzbQgWl17Enb9A

26-07-2024T17:58:17 - [MESSAGE][PASSED] - totalplay.Common.verifyPropertyValueExist is PASSED

26-07-2024T17:58:17 - [TEST_STEP][PASSED] - totalplay.Common.verifyPropertyExist(LoginResponse, customer_email): totalplay.Common.verifyPropertyExist is PASSED

26-07-2024T17:58:17 - [MESSAGE][INFO] - Checking response object

26-07-2024T17:58:17 - [MESSAGE][PASSED] - totalplay.Common.verifyPropertyExist is PASSED

26-07-2024T17:58:17 - [TEST_STEP][PASSED] - totalplay.Common.verifyPropertyValueExist(LoginResponse, customer_email): totalplay.Common.verifyPropertyValueExist is PASSED

26-07-2024T17:58:17 - [MESSAGE][INFO] - Checking response object

26-07-2024T17:58:17 - [MESSAGE][INFO] - cesar.waldo93@gmail.com

26-07-2024T17:58:17 - [MESSAGE][PASSED] - totalplay.Common.verifyPropertyValueExist is PASSED

26-07-2024T17:58:17 - [TEST_STEP][PASSED] - totalplay.Common.verifyPropertyExist(LoginResponse, customer_name): totalplay.Common.verifyPropertyExist is PASSED

26-07-2024T17:58:17 - [MESSAGE][INFO] - Checking response object

26-07-2024T17:58:17 - [MESSAGE][PASSED] - totalplay.Common.verifyPropertyExist is PASSED

26-07-2024T17:58:17 - [TEST_STEP][PASSED] - totalplay.Common.verifyPropertyValueExist(LoginResponse, customer_name): totalplay.Common.verifyPropertyValueExist is PASSED

26-07-2024T17:58:17 - [MESSAGE][INFO] - Checking response object

26-07-2024T17:58:17 - [MESSAGE][INFO] - CESAR GERARDO WALDO GONZALEZ

26-07-2024T17:58:17 - [MESSAGE][PASSED] - totalplay.Common.verifyPropertyValueExist is PASSED

26-07-2024T17:58:17 - [TEST_STEP][PASSED] - totalplay.Common.verifyPropertyExist(LoginResponse, c_brmId): totalplay.Common.verifyPropertyExist is PASSED

26-07-2024T17:58:17 - [MESSAGE][INFO] - Checking response object

26-07-2024T17:58:17 - [MESSAGE][PASSED] - totalplay.Common.verifyPropertyExist is PASSED

26-07-2024T17:58:17 - [TEST_STEP][PASSED] - totalplay.Common.verifyPropertyValueExist(LoginResponse, c_brmId): totalplay.Common.verifyPropertyValueExist is PASSED

26-07-2024T17:58:17 - [MESSAGE][INFO] - Checking response object

26-07-2024T17:58:17 - [MESSAGE][INFO] - 0106378356

26-07-2024T17:58:17 - [MESSAGE][PASSED] - totalplay.Common.verifyPropertyValueExist is PASSED

26-07-2024T17:58:17 - [MESSAGE][PASSED] - Call Test Case 'Test Cases/TotalPlay-Food/TC_1_Login_Service' successfully

26-07-2024T17:58:17 - [TEST_STEP][PASSED] - UpdateAddress = sendRequest(findTestObject("TotalPlay-Food/update customer address", ["URL":URL, "CustomerID":sla_customerId])): Send request successfully

26-07-2024T17:58:17 - [MESSAGE][INFO] - Finding Test Object 'Object Repository/TotalPlay-Food/update customer address'

26-07-2024T17:58:17 - [MESSAGE][INFO] - Checking request object

26-07-2024T17:58:18 - [MESSAGE][INFO] - HAR: C:\Users\ShubhamKumarThakur\OneDrive - Kognivera\Documents\TotalPlay\totalplay-automation\Reports\20240726_175712\Food_Services\20240726_175712\requests\main\16.har

26-07-2024T17:58:18 - [MESSAGE][PASSED] - Send request successfully

26-07-2024T17:58:18 - [TEST_STEP][PASSED] - verifyResponseStatusCode(UpdateAddress, 200): Verify response status code successfully

26-07-2024T17:58:18 - [MESSAGE][INFO] - Checking response object

26-07-2024T17:58:18 - [MESSAGE][PASSED] - Verify response status code successfully

26-07-2024T17:58:18 - [TEST_STEP][PASSED] - GetAddress = sendRequest(findTestObject("TotalPlay-Food/GetAddresses", ["URL":URL, "sla_customerId":sla_customerId, "shop_auth_token":shop_auth_token])): Send request successfully

26-07-2024T17:58:18 - [MESSAGE][INFO] - Finding Test Object 'Object Repository/TotalPlay-Food/GetAddresses'

26-07-2024T17:58:18 - [MESSAGE][INFO] - Checking request object

26-07-2024T17:58:18 - [MESSAGE][INFO] - HAR: C:\Users\ShubhamKumarThakur\OneDrive - Kognivera\Documents\TotalPlay\totalplay-automation\Reports\20240726_175712\Food_Services\20240726_175712\requests\main\17.har

26-07-2024T17:58:18 - [MESSAGE][PASSED] - Send request successfully

26-07-2024T17:58:18 - [TEST_STEP][PASSED] - verifyResponseStatusCode(GetAddress, 200): Verify response status code successfully

26-07-2024T17:58:18 - [MESSAGE][INFO] - Checking response object

26-07-2024T17:58:18 - [MESSAGE][PASSED] - Verify response status code successfully

26-07-2024T17:58:18 - [TEST_STEP][PASSED] - addresses_postalCode = "data[0].postal_code": null

26-07-2024T17:58:18 - [TEST_STEP][PASSED] - PostalCode = getElementPropertyValue(GetAddress, addresses_postalCode): Checking response object

26-07-2024T17:58:18 - [MESSAGE][INFO] - Checking response object

26-07-2024T17:58:18 - [TEST_STEP][PASSED] - if (PostalCode == "55120"): null

26-07-2024T17:58:18 - [TEST_STEP][PASSED] - println("Address Updated"): null]]></system-out>
         <system-err><![CDATA[]]></system-err>
      </testcase>
      <testcase name="Test Cases/TotalPlay-Food/TC_11_Food_Add_To_Cart" time="21.851" classname="Test Cases/TotalPlay-Food/TC_11_Food_Add_To_Cart" status="PASSED">
         <system-out><![CDATA[26-07-2024T17:58:18 - [TEST_CASE][PASSED] - Test Cases/TotalPlay-Food/TC_11_Food_Add_To_Cart: Test Cases/TotalPlay-Food/TC_11_Food_Add_To_Cart

26-07-2024T17:58:20 - [TEST_STEP][PASSED] - callTestCase(findTestCase("TotalPlay-Food/TC_1_Login_Service"), [:], STOP_ON_FAILURE): Call Test Case 'Test Cases/TotalPlay-Food/TC_1_Login_Service' successfully

26-07-2024T17:58:20 - [MESSAGE][INFO] - Checking called Test Case

26-07-2024T17:58:20 - [MESSAGE][INFO] - Starting to call Test Case 'Test Cases/TotalPlay-Food/TC_1_Login_Service'

26-07-2024T17:58:20 - [TEST_CASE][PASSED] - Test Cases/TotalPlay-Food/TC_1_Login_Service: Test Cases/TotalPlay-Food/TC_1_Login_Service

26-07-2024T17:58:20 - [TEST_STEP][PASSED] - LoginResponse = sendRequest(findTestObject("TotalPlay-Food/getTokenDelivery", ["URL":URL])): Send request successfully

26-07-2024T17:58:20 - [MESSAGE][INFO] - Finding Test Object 'Object Repository/TotalPlay-Food/getTokenDelivery'

26-07-2024T17:58:20 - [MESSAGE][INFO] - Checking request object

26-07-2024T17:58:23 - [MESSAGE][INFO] - HAR: C:\Users\ShubhamKumarThakur\OneDrive - Kognivera\Documents\TotalPlay\totalplay-automation\Reports\20240726_175712\Food_Services\20240726_175712\requests\main\18.har

26-07-2024T17:58:23 - [MESSAGE][PASSED] - Send request successfully

26-07-2024T17:58:23 - [TEST_STEP][PASSED] - assert getResponseStatusCode(LoginResponse) == 200: Checking response object

26-07-2024T17:58:23 - [MESSAGE][INFO] - Checking response object

26-07-2024T17:58:23 - [TEST_STEP][PASSED] - Auth = "ocapiResponse.access_token": null

26-07-2024T17:58:23 - [TEST_STEP][PASSED] - FoodBascketId = "ocapiResponse.c_basketId_TP_FOOD": null

26-07-2024T17:58:23 - [TEST_STEP][PASSED] - FoodBasId = getElementPropertyValue(LoginResponse, FoodBascketId): Checking response object

26-07-2024T17:58:23 - [MESSAGE][INFO] - Checking response object

26-07-2024T17:58:23 - [TEST_STEP][PASSED] - sfccAuthorization = getElementPropertyValue(LoginResponse, Auth): Checking response object

26-07-2024T17:58:23 - [MESSAGE][INFO] - Checking response object

26-07-2024T17:58:23 - [TEST_STEP][PASSED] - Authorization = "Bearer " + sfccAuthorization: null

26-07-2024T17:58:23 - [TEST_STEP][PASSED] - FoodBasketId = FoodBasId: null

26-07-2024T17:58:23 - [TEST_STEP][PASSED] - logInfo(bm_auth_token): 

26-07-2024T17:58:23 - [MESSAGE][INFO] - 

26-07-2024T17:58:23 - [TEST_STEP][PASSED] - if (sfccAuthorization.length() == 0): null

26-07-2024T17:58:23 - [TEST_STEP][PASSED] - else: authorization generated

26-07-2024T17:58:23 - [TEST_STEP][PASSED] - markPassed("authorization generated"): authorization generated

26-07-2024T17:58:23 - [MESSAGE][PASSED] - authorization generated

26-07-2024T17:58:23 - [TEST_STEP][PASSED] - BasketId_loginResponse = "ocapiResponse.c_basketId": null

26-07-2024T17:58:23 - [TEST_STEP][PASSED] - CustomerId_loginResponse = "ocapiResponse.customer_id": null

26-07-2024T17:58:23 - [TEST_STEP][PASSED] - basketId = getElementPropertyValue(LoginResponse, BasketId_loginResponse): Checking response object

26-07-2024T17:58:23 - [MESSAGE][INFO] - Checking response object

26-07-2024T17:58:23 - [TEST_STEP][PASSED] - customerId = getElementPropertyValue(LoginResponse, CustomerId_loginResponse): Checking response object

26-07-2024T17:58:23 - [MESSAGE][INFO] - Checking response object

26-07-2024T17:58:23 - [TEST_STEP][PASSED] - basketID = basketId: null

26-07-2024T17:58:23 - [TEST_STEP][PASSED] - sla_customerId = customerId: null

26-07-2024T17:58:23 - [TEST_STEP][PASSED] - println(basketID): null

26-07-2024T17:58:23 - [TEST_STEP][PASSED] - println(sla_customerId): null

26-07-2024T17:58:23 - [TEST_STEP][PASSED] - refresh_token = "ocapiResponse.refresh_token": null

26-07-2024T17:58:23 - [TEST_STEP][PASSED] - customer_email = "ocapiResponse.customer_email": null

26-07-2024T17:58:23 - [TEST_STEP][PASSED] - c_brmId = "ocapiResponse.c_brmId": null

26-07-2024T17:58:23 - [TEST_STEP][PASSED] - customer_name = "ocapiResponse.customer_name": null

26-07-2024T17:58:23 - [TEST_STEP][PASSED] - totalplay.Common.verifyPropertyExist(LoginResponse, refresh_token): totalplay.Common.verifyPropertyExist is PASSED

26-07-2024T17:58:23 - [MESSAGE][INFO] - Checking response object

26-07-2024T17:58:23 - [MESSAGE][PASSED] - totalplay.Common.verifyPropertyExist is PASSED

26-07-2024T17:58:23 - [TEST_STEP][PASSED] - totalplay.Common.verifyPropertyValueExist(LoginResponse, refresh_token): totalplay.Common.verifyPropertyValueExist is PASSED

26-07-2024T17:58:23 - [MESSAGE][INFO] - Checking response object

26-07-2024T17:58:23 - [MESSAGE][INFO] - 23g9MqLqxhfO38VCHlV0-GCFH3n0Rzepk3r0pHbcnd0

26-07-2024T17:58:23 - [MESSAGE][PASSED] - totalplay.Common.verifyPropertyValueExist is PASSED

26-07-2024T17:58:23 - [TEST_STEP][PASSED] - totalplay.Common.verifyPropertyExist(LoginResponse, customer_email): totalplay.Common.verifyPropertyExist is PASSED

26-07-2024T17:58:23 - [MESSAGE][INFO] - Checking response object

26-07-2024T17:58:23 - [MESSAGE][PASSED] - totalplay.Common.verifyPropertyExist is PASSED

26-07-2024T17:58:23 - [TEST_STEP][PASSED] - totalplay.Common.verifyPropertyValueExist(LoginResponse, customer_email): totalplay.Common.verifyPropertyValueExist is PASSED

26-07-2024T17:58:23 - [MESSAGE][INFO] - Checking response object

26-07-2024T17:58:23 - [MESSAGE][INFO] - cesar.waldo93@gmail.com

26-07-2024T17:58:23 - [MESSAGE][PASSED] - totalplay.Common.verifyPropertyValueExist is PASSED

26-07-2024T17:58:23 - [TEST_STEP][PASSED] - totalplay.Common.verifyPropertyExist(LoginResponse, customer_name): totalplay.Common.verifyPropertyExist is PASSED

26-07-2024T17:58:23 - [MESSAGE][INFO] - Checking response object

26-07-2024T17:58:23 - [MESSAGE][PASSED] - totalplay.Common.verifyPropertyExist is PASSED

26-07-2024T17:58:23 - [TEST_STEP][PASSED] - totalplay.Common.verifyPropertyValueExist(LoginResponse, customer_name): totalplay.Common.verifyPropertyValueExist is PASSED

26-07-2024T17:58:23 - [MESSAGE][INFO] - Checking response object

26-07-2024T17:58:23 - [MESSAGE][INFO] - CESAR GERARDO WALDO GONZALEZ

26-07-2024T17:58:23 - [MESSAGE][PASSED] - totalplay.Common.verifyPropertyValueExist is PASSED

26-07-2024T17:58:23 - [TEST_STEP][PASSED] - totalplay.Common.verifyPropertyExist(LoginResponse, c_brmId): totalplay.Common.verifyPropertyExist is PASSED

26-07-2024T17:58:23 - [MESSAGE][INFO] - Checking response object

26-07-2024T17:58:24 - [MESSAGE][PASSED] - totalplay.Common.verifyPropertyExist is PASSED

26-07-2024T17:58:24 - [TEST_STEP][PASSED] - totalplay.Common.verifyPropertyValueExist(LoginResponse, c_brmId): totalplay.Common.verifyPropertyValueExist is PASSED

26-07-2024T17:58:24 - [MESSAGE][INFO] - Checking response object

26-07-2024T17:58:24 - [MESSAGE][INFO] - 0106378356

26-07-2024T17:58:24 - [MESSAGE][PASSED] - totalplay.Common.verifyPropertyValueExist is PASSED

26-07-2024T17:58:24 - [MESSAGE][PASSED] - Call Test Case 'Test Cases/TotalPlay-Food/TC_1_Login_Service' successfully

26-07-2024T17:58:24 - [TEST_STEP][PASSED] - AddToCart = sendRequest(findTestObject("TotalPlay-Food/Food_Add to cart", ["URL":URL, "basketID":basketID])): Send request successfully

26-07-2024T17:58:24 - [MESSAGE][INFO] - Finding Test Object 'Object Repository/TotalPlay-Food/Food_Add to cart'

26-07-2024T17:58:24 - [MESSAGE][INFO] - Checking request object

26-07-2024T17:58:30 - [MESSAGE][INFO] - HAR: C:\Users\ShubhamKumarThakur\OneDrive - Kognivera\Documents\TotalPlay\totalplay-automation\Reports\20240726_175712\Food_Services\20240726_175712\requests\main\19.har

26-07-2024T17:58:30 - [MESSAGE][PASSED] - Send request successfully

26-07-2024T17:58:30 - [TEST_STEP][PASSED] - totalplay.Common.printResponseinText(AddToCart): totalplay.Common.printResponseinText is PASSED

26-07-2024T17:58:30 - [MESSAGE][PASSED] - totalplay.Common.printResponseinText is PASSED

26-07-2024T17:58:30 - [TEST_STEP][PASSED] - verifyResponseStatusCode(AddToCart, 200): Verify response status code successfully

26-07-2024T17:58:30 - [MESSAGE][INFO] - Checking response object

26-07-2024T17:58:30 - [MESSAGE][PASSED] - Verify response status code successfully

26-07-2024T17:58:30 - [TEST_STEP][PASSED] - _v = "_v": null

26-07-2024T17:58:30 - [TEST_STEP][PASSED] - _type = "_type": null

26-07-2024T17:58:30 - [TEST_STEP][PASSED] - _resource_state = "_resource_state": null

26-07-2024T17:58:30 - [TEST_STEP][PASSED] - adjusted_merchandize_total_tax = "adjusted_merchandize_total_tax": null

26-07-2024T17:58:30 - [TEST_STEP][PASSED] - adjusted_shipping_total_tax = "adjusted_shipping_total_tax": null

26-07-2024T17:58:30 - [TEST_STEP][PASSED] - agent_basket = "agent_basket": null

26-07-2024T17:58:30 - [TEST_STEP][PASSED] - basket_id = "basket_id": null

26-07-2024T17:58:30 - [TEST_STEP][PASSED] - billing_address__type = "billing_address._type": null

26-07-2024T17:58:30 - [TEST_STEP][PASSED] - billing_address_address1 = "billing_address.address1": null

26-07-2024T17:58:30 - [TEST_STEP][PASSED] - billing_address_city = "billing_address.city": null

26-07-2024T17:58:30 - [TEST_STEP][PASSED] - billing_address_country_code = "billing_address.country_code": null

26-07-2024T17:58:30 - [TEST_STEP][PASSED] - billing_address_first_name = "billing_address.first_name": null

26-07-2024T17:58:30 - [TEST_STEP][PASSED] - billing_address_full_name = "billing_address.full_name": null

26-07-2024T17:58:30 - [TEST_STEP][PASSED] - billing_address_id = "billing_address.id": null

26-07-2024T17:58:30 - [TEST_STEP][PASSED] - billing_address_last_name = "billing_address.last_name": null

26-07-2024T17:58:30 - [TEST_STEP][PASSED] - billing_address_phone = "billing_address.phone": null

26-07-2024T17:58:30 - [TEST_STEP][PASSED] - billing_address_postal_code = "billing_address.postal_code": null

26-07-2024T17:58:30 - [TEST_STEP][PASSED] - billing_address_c_alias = "billing_address.c_alias": null

26-07-2024T17:58:30 - [TEST_STEP][PASSED] - billing_address_c_delegation = "billing_address.c_delegation": null

26-07-2024T17:58:30 - [TEST_STEP][PASSED] - billing_address_c_label = "billing_address.c_label": null

26-07-2024T17:58:30 - [TEST_STEP][PASSED] - billing_address_c_latitude = "billing_address.c_latitude": null

26-07-2024T17:58:30 - [TEST_STEP][PASSED] - billing_address_c_longitude = "billing_address.c_longitude": null

26-07-2024T17:58:30 - [TEST_STEP][PASSED] - billing_address_c_nExt = "billing_address.c_nExt": null

26-07-2024T17:58:30 - [TEST_STEP][PASSED] - billing_address_c_neighborhood = "billing_address.c_neighborhood": null

26-07-2024T17:58:30 - [TEST_STEP][PASSED] - billing_address_c_references = "billing_address.c_references": null

26-07-2024T17:58:30 - [TEST_STEP][PASSED] - billing_address_c_rfc = "billing_address.c_rfc": null

26-07-2024T17:58:30 - [TEST_STEP][PASSED] - billing_address_c_state = "billing_address.c_state": null

26-07-2024T17:58:30 - [TEST_STEP][PASSED] - billing_address_c_streetName = "billing_address.c_streetName": null

26-07-2024T17:58:30 - [TEST_STEP][PASSED] - channel_type = "channel_type": null

26-07-2024T17:58:30 - [TEST_STEP][PASSED] - creation_date = "creation_date": null

26-07-2024T17:58:30 - [TEST_STEP][PASSED] - currency = "currency": null

26-07-2024T17:58:30 - [TEST_STEP][PASSED] - customer_info__type = "customer_info._type": null

26-07-2024T17:58:30 - [TEST_STEP][PASSED] - customer_info_customer_id = "customer_info.customer_id": null

26-07-2024T17:58:30 - [TEST_STEP][PASSED] - customer_info_customer_no = "customer_info.customer_no": null

26-07-2024T17:58:30 - [TEST_STEP][PASSED] - customer_info_email = "customer_info.email": null

26-07-2024T17:58:30 - [TEST_STEP][PASSED] - last_modified = "last_modified": null

26-07-2024T17:58:30 - [TEST_STEP][PASSED] - merchandize_total_tax = "merchandize_total_tax": null

26-07-2024T17:58:30 - [TEST_STEP][PASSED] - notes__type = "notes._type": null

26-07-2024T17:58:30 - [TEST_STEP][PASSED] - notes_link = "notes.link": null

26-07-2024T17:58:30 - [TEST_STEP][PASSED] - order_total = "order_total": null

26-07-2024T17:58:30 - [TEST_STEP][PASSED] - payment_instruments_0__type = "payment_instruments[0]._type": null

26-07-2024T17:58:30 - [TEST_STEP][PASSED] - payment_instruments_0_amount = "payment_instruments[0].amount": null

26-07-2024T17:58:30 - [TEST_STEP][PASSED] - payment_instruments_0_payment_instrument_id = "payment_instruments[0].payment_instrument_id": null

26-07-2024T17:58:30 - [TEST_STEP][PASSED] - payment_instruments_0_payment_method_id = "payment_instruments[0].payment_method_id": null

26-07-2024T17:58:30 - [TEST_STEP][PASSED] - product_items_0__type = "product_items[0]._type": null

26-07-2024T17:58:30 - [TEST_STEP][PASSED] - product_items_0_adjusted_tax = "product_items[0].adjusted_tax": null

26-07-2024T17:58:30 - [TEST_STEP][PASSED] - product_items_0_base_price = "product_items[0].base_price": null

26-07-2024T17:58:30 - [TEST_STEP][PASSED] - product_items_0_bonus_product_line_item = "product_items[0].bonus_product_line_item": null

26-07-2024T17:58:30 - [TEST_STEP][PASSED] - product_items_0_gift = "product_items[0].gift": null

26-07-2024T17:58:30 - [TEST_STEP][PASSED] - product_items_0_inventory_id = "product_items[0].inventory_id": null

26-07-2024T17:58:30 - [TEST_STEP][PASSED] - product_items_0_item_id = "product_items[0].item_id": null

26-07-2024T17:58:30 - [TEST_STEP][PASSED] - product_items_0_item_text = "product_items[0].item_text": null

26-07-2024T17:58:30 - [TEST_STEP][PASSED] - product_items_0_price = "product_items[0].price": null

26-07-2024T17:58:30 - [TEST_STEP][PASSED] - product_items_0_price_after_item_discount = "product_items[0].price_after_item_discount": null

26-07-2024T17:58:30 - [TEST_STEP][PASSED] - product_items_0_price_after_order_discount = "product_items[0].price_after_order_discount": null

26-07-2024T17:58:30 - [TEST_STEP][PASSED] - product_items_0_product_id = "product_items[0].product_id": null

26-07-2024T17:58:30 - [TEST_STEP][PASSED] - product_items_0_product_name = "product_items[0].product_name": null

26-07-2024T17:58:30 - [TEST_STEP][PASSED] - product_items_0_quantity = "product_items[0].quantity": null

26-07-2024T17:58:30 - [TEST_STEP][PASSED] - product_items_0_shipment_id = "product_items[0].shipment_id": null

26-07-2024T17:58:30 - [TEST_STEP][PASSED] - product_items_0_tax = "product_items[0].tax": null

26-07-2024T17:58:30 - [TEST_STEP][PASSED] - product_items_0_tax_basis = "product_items[0].tax_basis": null

26-07-2024T17:58:30 - [TEST_STEP][PASSED] - product_items_0_tax_class_id = "product_items[0].tax_class_id": null

26-07-2024T17:58:30 - [TEST_STEP][PASSED] - product_items_0_tax_rate = "product_items[0].tax_rate": null

26-07-2024T17:58:30 - [TEST_STEP][PASSED] - product_items_0_c_fromStoreId = "product_items[0].c_fromStoreId": null

26-07-2024T17:58:30 - [TEST_STEP][PASSED] - product_items_0_c_miraklChannels = "product_items[0].c_miraklChannels": null

26-07-2024T17:58:30 - [TEST_STEP][PASSED] - product_items_0_c_miraklOperatorProductId = "product_items[0].c_miraklOperatorProductId": null

26-07-2024T17:58:30 - [TEST_STEP][PASSED] - product_items_0_c_miraklShippingTaxes = "product_items[0].c_miraklShippingTaxes": null

26-07-2024T17:58:30 - [TEST_STEP][PASSED] - product_items_0_c_miraklTaxes = "product_items[0].c_miraklTaxes": null

26-07-2024T17:58:30 - [TEST_STEP][PASSED] - product_items_0_c_offerId = "product_items[0].c_offerId": null

26-07-2024T17:58:30 - [TEST_STEP][PASSED] - product_items_0_c_offerSalesPrice = "product_items[0].c_offerSalesPrice": null

26-07-2024T17:58:30 - [TEST_STEP][PASSED] - product_items_0_c_offerState = "product_items[0].c_offerState": null

26-07-2024T17:58:30 - [TEST_STEP][PASSED] - product_items_0_c_offerStateCode = "product_items[0].c_offerStateCode": null

26-07-2024T17:58:30 - [TEST_STEP][PASSED] - product_items_0_c_shopId = "product_items[0].c_shopId": null

26-07-2024T17:58:30 - [TEST_STEP][PASSED] - product_items_0_c_shopName = "product_items[0].c_shopName": null

26-07-2024T17:58:30 - [TEST_STEP][PASSED] - product_items_0_c_priceWithComplement = "product_items[0].c_priceWithComplement": null

26-07-2024T17:58:30 - [TEST_STEP][PASSED] - product_items_0_c_imagesData_large_0_alt = "product_items[0].c_imagesData.large[0].alt": null

26-07-2024T17:58:30 - [TEST_STEP][PASSED] - product_items_0_c_imagesData_large_0_url = "product_items[0].c_imagesData.large[0].url": null

26-07-2024T17:58:30 - [TEST_STEP][PASSED] - product_items_0_c_imagesData_large_0_title = "product_items[0].c_imagesData.large[0].title": null

26-07-2024T17:58:30 - [TEST_STEP][PASSED] - product_items_0_c_description = "product_items[0].c_description": null

26-07-2024T17:58:30 - [TEST_STEP][PASSED] - product_sub_total = "product_sub_total": null

26-07-2024T17:58:30 - [TEST_STEP][PASSED] - product_total = "product_total": null

26-07-2024T17:58:30 - [TEST_STEP][PASSED] - shipments_0__type = "shipments[0]._type": null

26-07-2024T17:58:30 - [TEST_STEP][PASSED] - shipments_0_adjusted_merchandize_total_tax = "shipments[0].adjusted_merchandize_total_tax": null

26-07-2024T17:58:30 - [TEST_STEP][PASSED] - shipments_0_adjusted_shipping_total_tax = "shipments[0].adjusted_shipping_total_tax": null

26-07-2024T17:58:30 - [TEST_STEP][PASSED] - shipments_0_gift = "shipments[0].gift": null

26-07-2024T17:58:30 - [TEST_STEP][PASSED] - shipments_0_merchandize_total_tax = "shipments[0].merchandize_total_tax": null

26-07-2024T17:58:30 - [TEST_STEP][PASSED] - shipments_0_product_sub_total = "shipments[0].product_sub_total": null

26-07-2024T17:58:30 - [TEST_STEP][PASSED] - shipments_0_product_total = "shipments[0].product_total": null

26-07-2024T17:58:30 - [TEST_STEP][PASSED] - shipments_0_shipment_id = "shipments[0].shipment_id": null

26-07-2024T17:58:30 - [TEST_STEP][PASSED] - shipments_0_shipment_total = "shipments[0].shipment_total": null

26-07-2024T17:58:30 - [TEST_STEP][PASSED] - shipments_0_shipping_address__type = "shipments[0].shipping_address._type": null

26-07-2024T17:58:30 - [TEST_STEP][PASSED] - shipments_0_shipping_address_address1 = "shipments[0].shipping_address.address1": null

26-07-2024T17:58:30 - [TEST_STEP][PASSED] - shipments_0_shipping_address_city = "shipments[0].shipping_address.city": null

26-07-2024T17:58:30 - [TEST_STEP][PASSED] - shipments_0_shipping_address_country_code = "shipments[0].shipping_address.country_code": null

26-07-2024T17:58:30 - [TEST_STEP][PASSED] - shipments_0_shipping_address_first_name = "shipments[0].shipping_address.first_name": null

26-07-2024T17:58:30 - [TEST_STEP][PASSED] - shipments_0_shipping_address_full_name = "shipments[0].shipping_address.full_name": null

26-07-2024T17:58:30 - [TEST_STEP][PASSED] - shipments_0_shipping_address_id = "shipments[0].shipping_address.id": null

26-07-2024T17:58:30 - [TEST_STEP][PASSED] - shipments_0_shipping_address_last_name = "shipments[0].shipping_address.last_name": null

26-07-2024T17:58:30 - [TEST_STEP][PASSED] - shipments_0_shipping_address_phone = "shipments[0].shipping_address.phone": null

26-07-2024T17:58:30 - [TEST_STEP][PASSED] - shipments_0_shipping_address_postal_code = "shipments[0].shipping_address.postal_code": null

26-07-2024T17:58:30 - [TEST_STEP][PASSED] - shipments_0_shipping_address_c_alias = "shipments[0].shipping_address.c_alias": null

26-07-2024T17:58:30 - [TEST_STEP][PASSED] - shipments_0_shipping_address_c_delegation = "shipments[0].shipping_address.c_delegation": null

26-07-2024T17:58:30 - [TEST_STEP][PASSED] - shipments_0_shipping_address_c_label = "shipments[0].shipping_address.c_label": null

26-07-2024T17:58:30 - [TEST_STEP][PASSED] - shipments_0_shipping_address_c_latitude = "shipments[0].shipping_address.c_latitude": null

26-07-2024T17:58:30 - [TEST_STEP][PASSED] - shipments_0_shipping_address_c_longitude = "shipments[0].shipping_address.c_longitude": null

26-07-2024T17:58:30 - [TEST_STEP][PASSED] - shipments_0_shipping_address_c_nExt = "shipments[0].shipping_address.c_nExt": null

26-07-2024T17:58:30 - [TEST_STEP][PASSED] - shipments_0_shipping_address_c_neighborhood = "shipments[0].shipping_address.c_neighborhood": null

26-07-2024T17:58:30 - [TEST_STEP][PASSED] - shipments_0_shipping_address_c_references = "shipments[0].shipping_address.c_references": null

26-07-2024T17:58:30 - [TEST_STEP][PASSED] - shipments_0_shipping_address_c_rfc = "shipments[0].shipping_address.c_rfc": null

26-07-2024T17:58:30 - [TEST_STEP][PASSED] - shipments_0_shipping_address_c_state = "shipments[0].shipping_address.c_state": null

26-07-2024T17:58:30 - [TEST_STEP][PASSED] - shipments_0_shipping_address_c_streetName = "shipments[0].shipping_address.c_streetName": null

26-07-2024T17:58:30 - [TEST_STEP][PASSED] - shipments_0_shipping_method__type = "shipments[0].shipping_method._type": null

26-07-2024T17:58:30 - [TEST_STEP][PASSED] - shipments_0_shipping_method_description = "shipments[0].shipping_method.description": null

26-07-2024T17:58:30 - [TEST_STEP][PASSED] - shipments_0_shipping_method_id = "shipments[0].shipping_method.id": null

26-07-2024T17:58:30 - [TEST_STEP][PASSED] - shipments_0_shipping_method_name = "shipments[0].shipping_method.name": null

26-07-2024T17:58:30 - [TEST_STEP][PASSED] - shipments_0_shipping_method_shipping_promotions_0__type = "shipments[0].shipping_method.shipping_promotions[0]._type": null

26-07-2024T17:58:30 - [TEST_STEP][PASSED] - shipments_0_shipping_method_shipping_promotions_0_callout_msg = "shipments[0].shipping_method.shipping_promotions[0].callout_msg": null

26-07-2024T17:58:30 - [TEST_STEP][PASSED] - shipments_0_shipping_method_shipping_promotions_0_link = "shipments[0].shipping_method.shipping_promotions[0].link": null

26-07-2024T17:58:30 - [TEST_STEP][PASSED] - shipments_0_shipping_method_shipping_promotions_0_promotion_id = "shipments[0].shipping_method.shipping_promotions[0].promotion_id": null

26-07-2024T17:58:30 - [TEST_STEP][PASSED] - shipments_0_shipping_method_shipping_promotions_0_promotion_name = "shipments[0].shipping_method.shipping_promotions[0].promotion_name": null

26-07-2024T17:58:30 - [TEST_STEP][PASSED] - shipments_0_shipping_status = "shipments[0].shipping_status": null

26-07-2024T17:58:30 - [TEST_STEP][PASSED] - shipments_0_shipping_total = "shipments[0].shipping_total": null

26-07-2024T17:58:30 - [TEST_STEP][PASSED] - shipments_0_shipping_total_tax = "shipments[0].shipping_total_tax": null

26-07-2024T17:58:30 - [TEST_STEP][PASSED] - shipments_0_tax_total = "shipments[0].tax_total": null

26-07-2024T17:58:30 - [TEST_STEP][PASSED] - shipments_0_c_serviceCharge = "shipments[0].c_serviceCharge": null

26-07-2024T17:58:30 - [TEST_STEP][PASSED] - shipments_0_c_shippingRates = "shipments[0].c_shippingRates": null

26-07-2024T17:58:30 - [TEST_STEP][PASSED] - shipments_0_c_totalShippingCost = "shipments[0].c_totalShippingCost": null

26-07-2024T17:58:30 - [TEST_STEP][PASSED] - shipping_items_0__type = "shipping_items[0]._type": null

26-07-2024T17:58:30 - [TEST_STEP][PASSED] - shipping_items_0_adjusted_tax = "shipping_items[0].adjusted_tax": null

26-07-2024T17:58:30 - [TEST_STEP][PASSED] - shipping_items_0_base_price = "shipping_items[0].base_price": null

26-07-2024T17:58:30 - [TEST_STEP][PASSED] - shipping_total = "shipping_total": null

26-07-2024T17:58:30 - [TEST_STEP][PASSED] - shipping_total_tax = "shipping_total_tax": null

26-07-2024T17:58:30 - [TEST_STEP][PASSED] - taxation = "taxation": null

26-07-2024T17:58:30 - [TEST_STEP][PASSED] - tax_rounded_at_group = "tax_rounded_at_group": null

26-07-2024T17:58:30 - [TEST_STEP][PASSED] - tax_total = "tax_total": null

26-07-2024T17:58:30 - [TEST_STEP][PASSED] - temporary_basket = "temporary_basket": null

26-07-2024T17:58:30 - [TEST_STEP][PASSED] - c_currentCorporate = "c_currentCorporate": null

26-07-2024T17:58:30 - [TEST_STEP][PASSED] - c_forceDeleteOndemand = "c_forceDeleteOndemand": null

26-07-2024T17:58:30 - [TEST_STEP][PASSED] - c_isLock = "c_isLock": null

26-07-2024T17:58:30 - [TEST_STEP][PASSED] - c_isMiraklOrder = "c_isMiraklOrder": null

26-07-2024T17:58:30 - [TEST_STEP][PASSED] - c_lockTime = "c_lockTime": null

26-07-2024T17:58:30 - [TEST_STEP][PASSED] - c_miraklShippingZoneCode = "c_miraklShippingZoneCode": null

26-07-2024T17:58:30 - [TEST_STEP][PASSED] - c_pickerExpressShipment = "c_pickerExpressShipment": null

26-07-2024T17:58:30 - [TEST_STEP][PASSED] - c_seller_id = "c_seller_id": null

26-07-2024T17:58:30 - [TEST_STEP][PASSED] - c_serviceChargeTotalGrossPrice = "c_serviceChargeTotalGrossPrice": null

26-07-2024T17:58:30 - [TEST_STEP][PASSED] - c_savingsTotal = "c_savingsTotal": null

26-07-2024T17:58:30 - [TEST_STEP][PASSED] - totalplay.Common.verifyPropertyExist(AddToCart, _v): totalplay.Common.verifyPropertyExist is PASSED

26-07-2024T17:58:30 - [MESSAGE][INFO] - Checking response object

26-07-2024T17:58:30 - [MESSAGE][PASSED] - totalplay.Common.verifyPropertyExist is PASSED

26-07-2024T17:58:30 - [TEST_STEP][PASSED] - totalplay.Common.verifyPropertyValueExist(AddToCart, _v): totalplay.Common.verifyPropertyValueExist is PASSED

26-07-2024T17:58:30 - [MESSAGE][INFO] - Checking response object

26-07-2024T17:58:31 - [MESSAGE][INFO] - 24.5

26-07-2024T17:58:31 - [MESSAGE][PASSED] - totalplay.Common.verifyPropertyValueExist is PASSED

26-07-2024T17:58:31 - [TEST_STEP][PASSED] - totalplay.Common.verifyPropertyExist(AddToCart, _type): totalplay.Common.verifyPropertyExist is PASSED

26-07-2024T17:58:31 - [MESSAGE][INFO] - Checking response object

26-07-2024T17:58:31 - [MESSAGE][PASSED] - totalplay.Common.verifyPropertyExist is PASSED

26-07-2024T17:58:31 - [TEST_STEP][PASSED] - totalplay.Common.verifyPropertyValueExist(AddToCart, _type): totalplay.Common.verifyPropertyValueExist is PASSED

26-07-2024T17:58:31 - [MESSAGE][INFO] - Checking response object

26-07-2024T17:58:31 - [MESSAGE][INFO] - basket

26-07-2024T17:58:31 - [MESSAGE][PASSED] - totalplay.Common.verifyPropertyValueExist is PASSED

26-07-2024T17:58:31 - [TEST_STEP][PASSED] - totalplay.Common.verifyPropertyExist(AddToCart, _resource_state): totalplay.Common.verifyPropertyExist is PASSED

26-07-2024T17:58:31 - [MESSAGE][INFO] - Checking response object

26-07-2024T17:58:31 - [MESSAGE][PASSED] - totalplay.Common.verifyPropertyExist is PASSED

26-07-2024T17:58:31 - [TEST_STEP][PASSED] - totalplay.Common.verifyPropertyValueExist(AddToCart, _resource_state): totalplay.Common.verifyPropertyValueExist is PASSED

26-07-2024T17:58:31 - [MESSAGE][INFO] - Checking response object

26-07-2024T17:58:31 - [MESSAGE][INFO] - 9645e5ad5112253f73902f9f4a4c989c62a8bf13d6b62d6f18d47acb4e61375a

26-07-2024T17:58:31 - [MESSAGE][PASSED] - totalplay.Common.verifyPropertyValueExist is PASSED

26-07-2024T17:58:31 - [TEST_STEP][PASSED] - totalplay.Common.getDecimalValueofObject(AddToCart, adjusted_merchandize_total_tax): totalplay.Common.getDecimalValueofObject is PASSED

26-07-2024T17:58:31 - [MESSAGE][INFO] - Checking response object

26-07-2024T17:58:31 - [MESSAGE][PASSED] - totalplay.Common.getDecimalValueofObject is PASSED

26-07-2024T17:58:31 - [TEST_STEP][PASSED] - totalplay.Common.getDecimalValueofObject(AddToCart, adjusted_shipping_total_tax): totalplay.Common.getDecimalValueofObject is PASSED

26-07-2024T17:58:31 - [MESSAGE][INFO] - Checking response object

26-07-2024T17:58:31 - [MESSAGE][PASSED] - totalplay.Common.getDecimalValueofObject is PASSED

26-07-2024T17:58:31 - [TEST_STEP][PASSED] - totalplay.Common.getBooleanValueofObject(AddToCart, agent_basket): totalplay.Common.getBooleanValueofObject is PASSED

26-07-2024T17:58:31 - [MESSAGE][INFO] - Checking response object

26-07-2024T17:58:31 - [MESSAGE][PASSED] - totalplay.Common.getBooleanValueofObject is PASSED

26-07-2024T17:58:31 - [TEST_STEP][PASSED] - totalplay.Common.verifyPropertyExist(AddToCart, basket_id): totalplay.Common.verifyPropertyExist is PASSED

26-07-2024T17:58:31 - [MESSAGE][INFO] - Checking response object

26-07-2024T17:58:31 - [MESSAGE][PASSED] - totalplay.Common.verifyPropertyExist is PASSED

26-07-2024T17:58:31 - [TEST_STEP][PASSED] - totalplay.Common.verifyPropertyValueExist(AddToCart, basket_id): totalplay.Common.verifyPropertyValueExist is PASSED

26-07-2024T17:58:31 - [MESSAGE][INFO] - Checking response object

26-07-2024T17:58:31 - [MESSAGE][INFO] - 390b969272ab70b252ee63927e

26-07-2024T17:58:31 - [MESSAGE][PASSED] - totalplay.Common.verifyPropertyValueExist is PASSED

26-07-2024T17:58:31 - [TEST_STEP][PASSED] - totalplay.Common.verifyPropertyExist(AddToCart, billing_address__type): totalplay.Common.verifyPropertyExist is PASSED

26-07-2024T17:58:31 - [MESSAGE][INFO] - Checking response object

26-07-2024T17:58:31 - [MESSAGE][PASSED] - totalplay.Common.verifyPropertyExist is PASSED

26-07-2024T17:58:31 - [TEST_STEP][PASSED] - totalplay.Common.verifyPropertyValueExist(AddToCart, billing_address__type): totalplay.Common.verifyPropertyValueExist is PASSED

26-07-2024T17:58:31 - [MESSAGE][INFO] - Checking response object

26-07-2024T17:58:31 - [MESSAGE][INFO] - order_address

26-07-2024T17:58:31 - [MESSAGE][PASSED] - totalplay.Common.verifyPropertyValueExist is PASSED

26-07-2024T17:58:31 - [TEST_STEP][PASSED] - totalplay.Common.verifyPropertyExist(AddToCart, billing_address_address1): totalplay.Common.verifyPropertyExist is PASSED

26-07-2024T17:58:31 - [MESSAGE][INFO] - Checking response object

26-07-2024T17:58:31 - [MESSAGE][PASSED] - totalplay.Common.verifyPropertyExist is PASSED

26-07-2024T17:58:31 - [TEST_STEP][PASSED] - totalplay.Common.verifyPropertyValueExist(AddToCart, billing_address_address1): totalplay.Common.verifyPropertyValueExist is PASSED

26-07-2024T17:58:31 - [MESSAGE][INFO] - Checking response object

26-07-2024T17:58:31 - [MESSAGE][INFO] - Alejandro Dumas

26-07-2024T17:58:31 - [MESSAGE][PASSED] - totalplay.Common.verifyPropertyValueExist is PASSED

26-07-2024T17:58:31 - [TEST_STEP][PASSED] - totalplay.Common.verifyPropertyExist(AddToCart, billing_address_city): totalplay.Common.verifyPropertyExist is PASSED

26-07-2024T17:58:31 - [MESSAGE][INFO] - Checking response object

26-07-2024T17:58:31 - [MESSAGE][PASSED] - totalplay.Common.verifyPropertyExist is PASSED

26-07-2024T17:58:31 - [TEST_STEP][PASSED] - totalplay.Common.verifyPropertyValueExist(AddToCart, billing_address_city): totalplay.Common.verifyPropertyValueExist is PASSED

26-07-2024T17:58:31 - [MESSAGE][INFO] - Checking response object

26-07-2024T17:58:31 - [MESSAGE][INFO] - Ciudad de Mexico

26-07-2024T17:58:31 - [MESSAGE][PASSED] - totalplay.Common.verifyPropertyValueExist is PASSED

26-07-2024T17:58:31 - [TEST_STEP][PASSED] - totalplay.Common.verifyPropertyExist(AddToCart, billing_address_country_code): totalplay.Common.verifyPropertyExist is PASSED

26-07-2024T17:58:31 - [MESSAGE][INFO] - Checking response object

26-07-2024T17:58:31 - [MESSAGE][PASSED] - totalplay.Common.verifyPropertyExist is PASSED

26-07-2024T17:58:31 - [TEST_STEP][PASSED] - totalplay.Common.verifyPropertyValueExist(AddToCart, billing_address_country_code): totalplay.Common.verifyPropertyValueExist is PASSED

26-07-2024T17:58:31 - [MESSAGE][INFO] - Checking response object

26-07-2024T17:58:31 - [MESSAGE][INFO] - MX

26-07-2024T17:58:31 - [MESSAGE][PASSED] - totalplay.Common.verifyPropertyValueExist is PASSED

26-07-2024T17:58:31 - [TEST_STEP][PASSED] - totalplay.Common.verifyPropertyExist(AddToCart, billing_address_first_name): totalplay.Common.verifyPropertyExist is PASSED

26-07-2024T17:58:31 - [MESSAGE][INFO] - Checking response object

26-07-2024T17:58:31 - [MESSAGE][PASSED] - totalplay.Common.verifyPropertyExist is PASSED

26-07-2024T17:58:31 - [TEST_STEP][PASSED] - totalplay.Common.verifyPropertyValueExist(AddToCart, billing_address_first_name): totalplay.Common.verifyPropertyValueExist is PASSED

26-07-2024T17:58:31 - [MESSAGE][INFO] - Checking response object

26-07-2024T17:58:31 - [MESSAGE][INFO] - CESAR

26-07-2024T17:58:31 - [MESSAGE][PASSED] - totalplay.Common.verifyPropertyValueExist is PASSED

26-07-2024T17:58:31 - [TEST_STEP][PASSED] - totalplay.Common.verifyPropertyExist(AddToCart, billing_address_full_name): totalplay.Common.verifyPropertyExist is PASSED

26-07-2024T17:58:31 - [MESSAGE][INFO] - Checking response object

26-07-2024T17:58:31 - [MESSAGE][PASSED] - totalplay.Common.verifyPropertyExist is PASSED

26-07-2024T17:58:31 - [TEST_STEP][PASSED] - totalplay.Common.verifyPropertyValueExist(AddToCart, billing_address_full_name): totalplay.Common.verifyPropertyValueExist is PASSED

26-07-2024T17:58:31 - [MESSAGE][INFO] - Checking response object

26-07-2024T17:58:31 - [MESSAGE][INFO] - CESAR GERARDO WALDO GONZALEZ

26-07-2024T17:58:31 - [MESSAGE][PASSED] - totalplay.Common.verifyPropertyValueExist is PASSED

26-07-2024T17:58:31 - [TEST_STEP][PASSED] - totalplay.Common.verifyPropertyExist(AddToCart, channel_type): totalplay.Common.verifyPropertyExist is PASSED

26-07-2024T17:58:31 - [MESSAGE][INFO] - Checking response object

26-07-2024T17:58:31 - [MESSAGE][PASSED] - totalplay.Common.verifyPropertyExist is PASSED

26-07-2024T17:58:31 - [TEST_STEP][PASSED] - totalplay.Common.verifyPropertyValueExist(AddToCart, channel_type): totalplay.Common.verifyPropertyValueExist is PASSED

26-07-2024T17:58:31 - [MESSAGE][INFO] - Checking response object

26-07-2024T17:58:32 - [MESSAGE][INFO] - storefront

26-07-2024T17:58:32 - [MESSAGE][PASSED] - totalplay.Common.verifyPropertyValueExist is PASSED

26-07-2024T17:58:32 - [TEST_STEP][PASSED] - totalplay.Common.verifyPropertyExist(AddToCart, creation_date): totalplay.Common.verifyPropertyExist is PASSED

26-07-2024T17:58:32 - [MESSAGE][INFO] - Checking response object

26-07-2024T17:58:32 - [MESSAGE][PASSED] - totalplay.Common.verifyPropertyExist is PASSED

26-07-2024T17:58:32 - [TEST_STEP][PASSED] - totalplay.Common.verifyPropertyValueExist(AddToCart, creation_date): totalplay.Common.verifyPropertyValueExist is PASSED

26-07-2024T17:58:32 - [MESSAGE][INFO] - Checking response object

26-07-2024T17:58:32 - [MESSAGE][INFO] - 2024-07-25T07:46:45.330Z

26-07-2024T17:58:32 - [MESSAGE][PASSED] - totalplay.Common.verifyPropertyValueExist is PASSED

26-07-2024T17:58:32 - [TEST_STEP][PASSED] - totalplay.Common.verifyPropertyExist(AddToCart, currency): totalplay.Common.verifyPropertyExist is PASSED

26-07-2024T17:58:32 - [MESSAGE][INFO] - Checking response object

26-07-2024T17:58:32 - [MESSAGE][PASSED] - totalplay.Common.verifyPropertyExist is PASSED

26-07-2024T17:58:32 - [TEST_STEP][PASSED] - totalplay.Common.verifyPropertyValueExist(AddToCart, currency): totalplay.Common.verifyPropertyValueExist is PASSED

26-07-2024T17:58:32 - [MESSAGE][INFO] - Checking response object

26-07-2024T17:58:32 - [MESSAGE][INFO] - MXN

26-07-2024T17:58:32 - [MESSAGE][PASSED] - totalplay.Common.verifyPropertyValueExist is PASSED

26-07-2024T17:58:32 - [TEST_STEP][PASSED] - totalplay.Common.verifyPropertyExist(AddToCart, customer_info__type): totalplay.Common.verifyPropertyExist is PASSED

26-07-2024T17:58:32 - [MESSAGE][INFO] - Checking response object

26-07-2024T17:58:32 - [MESSAGE][PASSED] - totalplay.Common.verifyPropertyExist is PASSED

26-07-2024T17:58:32 - [TEST_STEP][PASSED] - totalplay.Common.verifyPropertyValueExist(AddToCart, customer_info__type): totalplay.Common.verifyPropertyValueExist is PASSED

26-07-2024T17:58:32 - [MESSAGE][INFO] - Checking response object

26-07-2024T17:58:32 - [MESSAGE][INFO] - customer_info

26-07-2024T17:58:32 - [MESSAGE][PASSED] - totalplay.Common.verifyPropertyValueExist is PASSED

26-07-2024T17:58:32 - [TEST_STEP][PASSED] - totalplay.Common.verifyPropertyExist(AddToCart, customer_info_customer_id): totalplay.Common.verifyPropertyExist is PASSED

26-07-2024T17:58:32 - [MESSAGE][INFO] - Checking response object

26-07-2024T17:58:32 - [MESSAGE][PASSED] - totalplay.Common.verifyPropertyExist is PASSED

26-07-2024T17:58:32 - [TEST_STEP][PASSED] - totalplay.Common.verifyPropertyValueExist(AddToCart, customer_info_customer_id): totalplay.Common.verifyPropertyValueExist is PASSED

26-07-2024T17:58:32 - [MESSAGE][INFO] - Checking response object

26-07-2024T17:58:32 - [MESSAGE][INFO] - acTAcwrTj6ECo7V8WDIa5leqor

26-07-2024T17:58:32 - [MESSAGE][PASSED] - totalplay.Common.verifyPropertyValueExist is PASSED

26-07-2024T17:58:32 - [TEST_STEP][PASSED] - totalplay.Common.verifyPropertyExist(AddToCart, customer_info_customer_no): totalplay.Common.verifyPropertyExist is PASSED

26-07-2024T17:58:32 - [MESSAGE][INFO] - Checking response object

26-07-2024T17:58:32 - [MESSAGE][PASSED] - totalplay.Common.verifyPropertyExist is PASSED

26-07-2024T17:58:32 - [TEST_STEP][PASSED] - totalplay.Common.verifyPropertyValueExist(AddToCart, customer_info_customer_no): totalplay.Common.verifyPropertyValueExist is PASSED

26-07-2024T17:58:32 - [MESSAGE][INFO] - Checking response object

26-07-2024T17:58:32 - [MESSAGE][INFO] - 00012002

26-07-2024T17:58:32 - [MESSAGE][PASSED] - totalplay.Common.verifyPropertyValueExist is PASSED

26-07-2024T17:58:32 - [TEST_STEP][PASSED] - totalplay.Common.verifyPropertyExist(AddToCart, customer_info_email): totalplay.Common.verifyPropertyExist is PASSED

26-07-2024T17:58:32 - [MESSAGE][INFO] - Checking response object

26-07-2024T17:58:32 - [MESSAGE][PASSED] - totalplay.Common.verifyPropertyExist is PASSED

26-07-2024T17:58:32 - [TEST_STEP][PASSED] - totalplay.Common.verifyPropertyValueExist(AddToCart, customer_info_email): totalplay.Common.verifyPropertyValueExist is PASSED

26-07-2024T17:58:32 - [MESSAGE][INFO] - Checking response object

26-07-2024T17:58:32 - [MESSAGE][INFO] - cesar.waldo93@gmail.com

26-07-2024T17:58:32 - [MESSAGE][PASSED] - totalplay.Common.verifyPropertyValueExist is PASSED

26-07-2024T17:58:32 - [TEST_STEP][PASSED] - totalplay.Common.verifyPropertyExist(AddToCart, last_modified): totalplay.Common.verifyPropertyExist is PASSED

26-07-2024T17:58:32 - [MESSAGE][INFO] - Checking response object

26-07-2024T17:58:32 - [MESSAGE][PASSED] - totalplay.Common.verifyPropertyExist is PASSED

26-07-2024T17:58:32 - [TEST_STEP][PASSED] - totalplay.Common.verifyPropertyValueExist(AddToCart, last_modified): totalplay.Common.verifyPropertyValueExist is PASSED

26-07-2024T17:58:32 - [MESSAGE][INFO] - Checking response object

26-07-2024T17:58:32 - [MESSAGE][INFO] - 2024-07-26T12:28:28.792Z

26-07-2024T17:58:32 - [MESSAGE][PASSED] - totalplay.Common.verifyPropertyValueExist is PASSED

26-07-2024T17:58:32 - [TEST_STEP][PASSED] - totalplay.Common.getDecimalValueofObject(AddToCart, merchandize_total_tax): totalplay.Common.getDecimalValueofObject is PASSED

26-07-2024T17:58:32 - [MESSAGE][INFO] - Checking response object

26-07-2024T17:58:32 - [MESSAGE][PASSED] - totalplay.Common.getDecimalValueofObject is PASSED

26-07-2024T17:58:32 - [TEST_STEP][PASSED] - totalplay.Common.verifyPropertyExist(AddToCart, notes__type): totalplay.Common.verifyPropertyExist is PASSED

26-07-2024T17:58:32 - [MESSAGE][INFO] - Checking response object

26-07-2024T17:58:32 - [MESSAGE][PASSED] - totalplay.Common.verifyPropertyExist is PASSED

26-07-2024T17:58:32 - [TEST_STEP][PASSED] - totalplay.Common.verifyPropertyValueExist(AddToCart, notes__type): totalplay.Common.verifyPropertyValueExist is PASSED

26-07-2024T17:58:32 - [MESSAGE][INFO] - Checking response object

26-07-2024T17:58:32 - [MESSAGE][INFO] - simple_link

26-07-2024T17:58:32 - [MESSAGE][PASSED] - totalplay.Common.verifyPropertyValueExist is PASSED

26-07-2024T17:58:32 - [TEST_STEP][PASSED] - totalplay.Common.verifyPropertyExist(AddToCart, notes_link): totalplay.Common.verifyPropertyExist is PASSED

26-07-2024T17:58:32 - [MESSAGE][INFO] - Checking response object

26-07-2024T17:58:32 - [MESSAGE][PASSED] - totalplay.Common.verifyPropertyExist is PASSED

26-07-2024T17:58:32 - [TEST_STEP][PASSED] - totalplay.Common.verifyPropertyValueExist(AddToCart, notes_link): totalplay.Common.verifyPropertyValueExist is PASSED

26-07-2024T17:58:32 - [MESSAGE][INFO] - Checking response object

26-07-2024T17:58:32 - [MESSAGE][INFO] - https://salesforceqa.sistemastp.com.mx/s/TP-FOOD/dw/shop/v24_5/baskets/390b969272ab70b252ee63927e/notes?isHomo=true&sellerId=4158

26-07-2024T17:58:32 - [MESSAGE][PASSED] - totalplay.Common.verifyPropertyValueExist is PASSED

26-07-2024T17:58:32 - [TEST_STEP][PASSED] - totalplay.Common.getDecimalValueofObject(AddToCart, order_total): totalplay.Common.getDecimalValueofObject is PASSED

26-07-2024T17:58:32 - [MESSAGE][INFO] - Checking response object

26-07-2024T17:58:33 - [MESSAGE][PASSED] - totalplay.Common.getDecimalValueofObject is PASSED

26-07-2024T17:58:33 - [TEST_STEP][PASSED] - totalplay.Common.verifyPropertyExist(AddToCart, payment_instruments_0__type): totalplay.Common.verifyPropertyExist is PASSED

26-07-2024T17:58:33 - [MESSAGE][INFO] - Checking response object

26-07-2024T17:58:33 - [MESSAGE][PASSED] - totalplay.Common.verifyPropertyExist is PASSED

26-07-2024T17:58:33 - [TEST_STEP][PASSED] - totalplay.Common.verifyPropertyValueExist(AddToCart, payment_instruments_0__type): totalplay.Common.verifyPropertyValueExist is PASSED

26-07-2024T17:58:33 - [MESSAGE][INFO] - Checking response object

26-07-2024T17:58:33 - [MESSAGE][INFO] - order_payment_instrument

26-07-2024T17:58:33 - [MESSAGE][PASSED] - totalplay.Common.verifyPropertyValueExist is PASSED

26-07-2024T17:58:33 - [TEST_STEP][PASSED] - totalplay.Common.getDecimalValueofObject(AddToCart, payment_instruments_0_amount): totalplay.Common.getDecimalValueofObject is PASSED

26-07-2024T17:58:33 - [MESSAGE][INFO] - Checking response object

26-07-2024T17:58:33 - [MESSAGE][PASSED] - totalplay.Common.getDecimalValueofObject is PASSED

26-07-2024T17:58:33 - [TEST_STEP][PASSED] - totalplay.Common.verifyPropertyExist(AddToCart, payment_instruments_0_payment_instrument_id): totalplay.Common.verifyPropertyExist is PASSED

26-07-2024T17:58:33 - [MESSAGE][INFO] - Checking response object

26-07-2024T17:58:33 - [MESSAGE][PASSED] - totalplay.Common.verifyPropertyExist is PASSED

26-07-2024T17:58:33 - [TEST_STEP][PASSED] - totalplay.Common.verifyPropertyValueExist(AddToCart, payment_instruments_0_payment_instrument_id): totalplay.Common.verifyPropertyValueExist is PASSED

26-07-2024T17:58:33 - [MESSAGE][INFO] - Checking response object

26-07-2024T17:58:33 - [MESSAGE][INFO] - 2b2cad2737d5585920ea2d9e29

26-07-2024T17:58:33 - [MESSAGE][PASSED] - totalplay.Common.verifyPropertyValueExist is PASSED

26-07-2024T17:58:33 - [TEST_STEP][PASSED] - totalplay.Common.verifyPropertyExist(AddToCart, payment_instruments_0_payment_method_id): totalplay.Common.verifyPropertyExist is PASSED

26-07-2024T17:58:33 - [MESSAGE][INFO] - Checking response object

26-07-2024T17:58:33 - [MESSAGE][PASSED] - totalplay.Common.verifyPropertyExist is PASSED

26-07-2024T17:58:33 - [TEST_STEP][PASSED] - totalplay.Common.verifyPropertyValueExist(AddToCart, payment_instruments_0_payment_method_id): totalplay.Common.verifyPropertyValueExist is PASSED

26-07-2024T17:58:33 - [MESSAGE][INFO] - Checking response object

26-07-2024T17:58:33 - [MESSAGE][INFO] - TP_CREDIT

26-07-2024T17:58:33 - [MESSAGE][PASSED] - totalplay.Common.verifyPropertyValueExist is PASSED

26-07-2024T17:58:33 - [TEST_STEP][PASSED] - totalplay.Common.verifyPropertyExist(AddToCart, product_items_0__type): totalplay.Common.verifyPropertyExist is PASSED

26-07-2024T17:58:33 - [MESSAGE][INFO] - Checking response object

26-07-2024T17:58:33 - [MESSAGE][PASSED] - totalplay.Common.verifyPropertyExist is PASSED

26-07-2024T17:58:33 - [TEST_STEP][PASSED] - totalplay.Common.verifyPropertyValueExist(AddToCart, product_items_0__type): totalplay.Common.verifyPropertyValueExist is PASSED

26-07-2024T17:58:33 - [MESSAGE][INFO] - Checking response object

26-07-2024T17:58:33 - [MESSAGE][INFO] - product_item

26-07-2024T17:58:33 - [MESSAGE][PASSED] - totalplay.Common.verifyPropertyValueExist is PASSED

26-07-2024T17:58:33 - [TEST_STEP][PASSED] - totalplay.Common.getDecimalValueofObject(AddToCart, product_items_0_adjusted_tax): totalplay.Common.getDecimalValueofObject is PASSED

26-07-2024T17:58:33 - [MESSAGE][INFO] - Checking response object

26-07-2024T17:58:33 - [MESSAGE][PASSED] - totalplay.Common.getDecimalValueofObject is PASSED

26-07-2024T17:58:33 - [TEST_STEP][PASSED] - totalplay.Common.getDecimalValueofObject(AddToCart, product_items_0_base_price): totalplay.Common.getDecimalValueofObject is PASSED

26-07-2024T17:58:33 - [MESSAGE][INFO] - Checking response object

26-07-2024T17:58:33 - [MESSAGE][PASSED] - totalplay.Common.getDecimalValueofObject is PASSED

26-07-2024T17:58:33 - [TEST_STEP][PASSED] - totalplay.Common.getBooleanValueofObject(AddToCart, product_items_0_bonus_product_line_item): totalplay.Common.getBooleanValueofObject is PASSED

26-07-2024T17:58:33 - [MESSAGE][INFO] - Checking response object

26-07-2024T17:58:33 - [MESSAGE][PASSED] - totalplay.Common.getBooleanValueofObject is PASSED

26-07-2024T17:58:33 - [TEST_STEP][PASSED] - totalplay.Common.getBooleanValueofObject(AddToCart, product_items_0_gift): totalplay.Common.getBooleanValueofObject is PASSED

26-07-2024T17:58:33 - [MESSAGE][INFO] - Checking response object

26-07-2024T17:58:33 - [MESSAGE][PASSED] - totalplay.Common.getBooleanValueofObject is PASSED

26-07-2024T17:58:33 - [TEST_STEP][PASSED] - totalplay.Common.verifyPropertyExist(AddToCart, product_items_0_inventory_id): totalplay.Common.verifyPropertyExist is PASSED

26-07-2024T17:58:33 - [MESSAGE][INFO] - Checking response object

26-07-2024T17:58:33 - [MESSAGE][PASSED] - totalplay.Common.verifyPropertyExist is PASSED

26-07-2024T17:58:33 - [TEST_STEP][PASSED] - totalplay.Common.verifyPropertyValueExist(AddToCart, product_items_0_inventory_id): totalplay.Common.verifyPropertyValueExist is PASSED

26-07-2024T17:58:33 - [MESSAGE][INFO] - Checking response object

26-07-2024T17:58:33 - [MESSAGE][INFO] - inventory_m_food_mirakl

26-07-2024T17:58:33 - [MESSAGE][PASSED] - totalplay.Common.verifyPropertyValueExist is PASSED

26-07-2024T17:58:33 - [TEST_STEP][PASSED] - totalplay.Common.verifyPropertyExist(AddToCart, product_items_0_item_id): totalplay.Common.verifyPropertyExist is PASSED

26-07-2024T17:58:33 - [MESSAGE][INFO] - Checking response object

26-07-2024T17:58:33 - [MESSAGE][PASSED] - totalplay.Common.verifyPropertyExist is PASSED

26-07-2024T17:58:33 - [TEST_STEP][PASSED] - totalplay.Common.verifyPropertyValueExist(AddToCart, product_items_0_item_id): totalplay.Common.verifyPropertyValueExist is PASSED

26-07-2024T17:58:33 - [MESSAGE][INFO] - Checking response object

26-07-2024T17:58:33 - [MESSAGE][INFO] - db38465a259f30e8223d3a6555

26-07-2024T17:58:33 - [MESSAGE][PASSED] - totalplay.Common.verifyPropertyValueExist is PASSED

26-07-2024T17:58:33 - [TEST_STEP][PASSED] - totalplay.Common.verifyPropertyExist(AddToCart, product_items_0_item_text): totalplay.Common.verifyPropertyExist is PASSED

26-07-2024T17:58:33 - [MESSAGE][INFO] - Checking response object

26-07-2024T17:58:33 - [MESSAGE][PASSED] - totalplay.Common.verifyPropertyExist is PASSED

26-07-2024T17:58:33 - [TEST_STEP][PASSED] - totalplay.Common.verifyPropertyValueExist(AddToCart, product_items_0_item_text): totalplay.Common.verifyPropertyValueExist is PASSED

26-07-2024T17:58:33 - [MESSAGE][INFO] - Checking response object

26-07-2024T17:58:34 - [MESSAGE][INFO] - Salsa Roja

26-07-2024T17:58:34 - [MESSAGE][PASSED] - totalplay.Common.verifyPropertyValueExist is PASSED

26-07-2024T17:58:34 - [TEST_STEP][PASSED] - totalplay.Common.getDecimalValueofObject(AddToCart, product_items_0_price): totalplay.Common.getDecimalValueofObject is PASSED

26-07-2024T17:58:34 - [MESSAGE][INFO] - Checking response object

26-07-2024T17:58:34 - [MESSAGE][PASSED] - totalplay.Common.getDecimalValueofObject is PASSED

26-07-2024T17:58:34 - [TEST_STEP][PASSED] - totalplay.Common.getDecimalValueofObject(AddToCart, product_items_0_price_after_item_discount): totalplay.Common.getDecimalValueofObject is PASSED

26-07-2024T17:58:34 - [MESSAGE][INFO] - Checking response object

26-07-2024T17:58:34 - [MESSAGE][PASSED] - totalplay.Common.getDecimalValueofObject is PASSED

26-07-2024T17:58:34 - [TEST_STEP][PASSED] - totalplay.Common.getDecimalValueofObject(AddToCart, product_items_0_price_after_order_discount): totalplay.Common.getDecimalValueofObject is PASSED

26-07-2024T17:58:34 - [MESSAGE][INFO] - Checking response object

26-07-2024T17:58:34 - [MESSAGE][PASSED] - totalplay.Common.getDecimalValueofObject is PASSED

26-07-2024T17:58:34 - [TEST_STEP][PASSED] - totalplay.Common.verifyPropertyExist(AddToCart, product_items_0_product_id): totalplay.Common.verifyPropertyExist is PASSED

26-07-2024T17:58:34 - [MESSAGE][INFO] - Checking response object

26-07-2024T17:58:34 - [MESSAGE][PASSED] - totalplay.Common.verifyPropertyExist is PASSED

26-07-2024T17:58:34 - [TEST_STEP][PASSED] - totalplay.Common.verifyPropertyValueExist(AddToCart, product_items_0_product_id): totalplay.Common.verifyPropertyValueExist is PASSED

26-07-2024T17:58:34 - [MESSAGE][INFO] - Checking response object

26-07-2024T17:58:34 - [MESSAGE][INFO] - C1615243382

26-07-2024T17:58:34 - [MESSAGE][PASSED] - totalplay.Common.verifyPropertyValueExist is PASSED

26-07-2024T17:58:34 - [TEST_STEP][PASSED] - totalplay.Common.verifyPropertyExist(AddToCart, product_items_0_product_name): totalplay.Common.verifyPropertyExist is PASSED

26-07-2024T17:58:34 - [MESSAGE][INFO] - Checking response object

26-07-2024T17:58:34 - [MESSAGE][PASSED] - totalplay.Common.verifyPropertyExist is PASSED

26-07-2024T17:58:34 - [TEST_STEP][PASSED] - totalplay.Common.verifyPropertyValueExist(AddToCart, product_items_0_product_name): totalplay.Common.verifyPropertyValueExist is PASSED

26-07-2024T17:58:34 - [MESSAGE][INFO] - Checking response object

26-07-2024T17:58:34 - [MESSAGE][INFO] - Salsa Roja

26-07-2024T17:58:34 - [MESSAGE][PASSED] - totalplay.Common.verifyPropertyValueExist is PASSED

26-07-2024T17:58:34 - [TEST_STEP][PASSED] - totalplay.Common.getNumValueofObject(AddToCart, product_items_0_quantity): totalplay.Common.getNumValueofObject is PASSED

26-07-2024T17:58:34 - [MESSAGE][INFO] - Checking response object

26-07-2024T17:58:34 - [MESSAGE][PASSED] - totalplay.Common.getNumValueofObject is PASSED

26-07-2024T17:58:34 - [TEST_STEP][PASSED] - totalplay.Common.verifyPropertyExist(AddToCart, product_items_0_shipment_id): totalplay.Common.verifyPropertyExist is PASSED

26-07-2024T17:58:34 - [MESSAGE][INFO] - Checking response object

26-07-2024T17:58:34 - [MESSAGE][PASSED] - totalplay.Common.verifyPropertyExist is PASSED

26-07-2024T17:58:34 - [TEST_STEP][PASSED] - totalplay.Common.verifyPropertyValueExist(AddToCart, product_items_0_shipment_id): totalplay.Common.verifyPropertyValueExist is PASSED

26-07-2024T17:58:34 - [MESSAGE][INFO] - Checking response object

26-07-2024T17:58:34 - [MESSAGE][INFO] - me

26-07-2024T17:58:34 - [MESSAGE][PASSED] - totalplay.Common.verifyPropertyValueExist is PASSED

26-07-2024T17:58:34 - [TEST_STEP][PASSED] - totalplay.Common.getDecimalValueofObject(AddToCart, product_items_0_tax): totalplay.Common.getDecimalValueofObject is PASSED

26-07-2024T17:58:34 - [MESSAGE][INFO] - Checking response object

26-07-2024T17:58:34 - [MESSAGE][PASSED] - totalplay.Common.getDecimalValueofObject is PASSED

26-07-2024T17:58:34 - [TEST_STEP][PASSED] - totalplay.Common.getDecimalValueofObject(AddToCart, product_items_0_tax_basis): totalplay.Common.getDecimalValueofObject is PASSED

26-07-2024T17:58:34 - [MESSAGE][INFO] - Checking response object

26-07-2024T17:58:34 - [MESSAGE][PASSED] - totalplay.Common.getDecimalValueofObject is PASSED

26-07-2024T17:58:34 - [TEST_STEP][PASSED] - totalplay.Common.verifyPropertyExist(AddToCart, product_items_0_tax_class_id): totalplay.Common.verifyPropertyExist is PASSED

26-07-2024T17:58:34 - [MESSAGE][INFO] - Checking response object

26-07-2024T17:58:34 - [MESSAGE][PASSED] - totalplay.Common.verifyPropertyExist is PASSED

26-07-2024T17:58:34 - [TEST_STEP][PASSED] - totalplay.Common.verifyPropertyValueExist(AddToCart, product_items_0_tax_class_id): totalplay.Common.verifyPropertyValueExist is PASSED

26-07-2024T17:58:34 - [MESSAGE][INFO] - Checking response object

26-07-2024T17:58:34 - [MESSAGE][INFO] - product_zero_tax

26-07-2024T17:58:34 - [MESSAGE][PASSED] - totalplay.Common.verifyPropertyValueExist is PASSED

26-07-2024T17:58:34 - [TEST_STEP][PASSED] - totalplay.Common.getDecimalValueofObject(AddToCart, product_items_0_tax_rate): totalplay.Common.getDecimalValueofObject is PASSED

26-07-2024T17:58:34 - [MESSAGE][INFO] - Checking response object

26-07-2024T17:58:34 - [MESSAGE][PASSED] - totalplay.Common.getDecimalValueofObject is PASSED

26-07-2024T17:58:34 - [TEST_STEP][PASSED] - totalplay.Common.verifyPropertyExist(AddToCart, product_items_0_c_fromStoreId): totalplay.Common.verifyPropertyExist is PASSED

26-07-2024T17:58:34 - [MESSAGE][INFO] - Checking response object

26-07-2024T17:58:34 - [MESSAGE][PASSED] - totalplay.Common.verifyPropertyExist is PASSED

26-07-2024T17:58:34 - [TEST_STEP][PASSED] - totalplay.Common.verifyPropertyValueExist(AddToCart, product_items_0_c_fromStoreId): totalplay.Common.verifyPropertyValueExist is PASSED

26-07-2024T17:58:34 - [MESSAGE][INFO] - Checking response object

26-07-2024T17:58:34 - [MESSAGE][INFO] - 4158

26-07-2024T17:58:34 - [MESSAGE][PASSED] - totalplay.Common.verifyPropertyValueExist is PASSED

26-07-2024T17:58:34 - [TEST_STEP][PASSED] - totalplay.Common.verifyPropertyExist(AddToCart, product_items_0_c_miraklChannels): totalplay.Common.verifyPropertyExist is PASSED

26-07-2024T17:58:34 - [MESSAGE][INFO] - Checking response object

26-07-2024T17:58:34 - [MESSAGE][PASSED] - totalplay.Common.verifyPropertyExist is PASSED

26-07-2024T17:58:34 - [TEST_STEP][PASSED] - totalplay.Common.verifyPropertyValueExist(AddToCart, product_items_0_c_miraklChannels): totalplay.Common.verifyPropertyValueExist is PASSED

26-07-2024T17:58:34 - [MESSAGE][INFO] - Checking response object

26-07-2024T17:58:34 - [MESSAGE][INFO] - ["INIT"]

26-07-2024T17:58:34 - [MESSAGE][PASSED] - totalplay.Common.verifyPropertyValueExist is PASSED

26-07-2024T17:58:34 - [TEST_STEP][PASSED] - totalplay.Common.verifyPropertyExist(AddToCart, product_items_0_c_miraklOperatorProductId): totalplay.Common.verifyPropertyExist is PASSED

26-07-2024T17:58:34 - [MESSAGE][INFO] - Checking response object

26-07-2024T17:58:34 - [MESSAGE][PASSED] - totalplay.Common.verifyPropertyExist is PASSED

26-07-2024T17:58:34 - [TEST_STEP][PASSED] - totalplay.Common.verifyPropertyValueExist(AddToCart, product_items_0_c_miraklOperatorProductId): totalplay.Common.verifyPropertyValueExist is PASSED

26-07-2024T17:58:34 - [MESSAGE][INFO] - Checking response object

26-07-2024T17:58:34 - [MESSAGE][INFO] - C1615243382

26-07-2024T17:58:34 - [MESSAGE][PASSED] - totalplay.Common.verifyPropertyValueExist is PASSED

26-07-2024T17:58:34 - [TEST_STEP][PASSED] - totalplay.Common.verifyPropertyExist(AddToCart, product_items_0_c_miraklShippingTaxes): totalplay.Common.verifyPropertyExist is PASSED

26-07-2024T17:58:34 - [MESSAGE][INFO] - Checking response object

26-07-2024T17:58:35 - [MESSAGE][PASSED] - totalplay.Common.verifyPropertyExist is PASSED

26-07-2024T17:58:35 - [TEST_STEP][PASSED] - totalplay.Common.verifyPropertyValueExist(AddToCart, product_items_0_c_miraklShippingTaxes): totalplay.Common.verifyPropertyValueExist is PASSED

26-07-2024T17:58:35 - [MESSAGE][INFO] - Checking response object

26-07-2024T17:58:35 - [MESSAGE][INFO] - [{"amount":0,"type":"product_zero_tax","isTaxRate":true,"rate":0}]

26-07-2024T17:58:35 - [MESSAGE][PASSED] - totalplay.Common.verifyPropertyValueExist is PASSED

26-07-2024T17:58:35 - [TEST_STEP][PASSED] - totalplay.Common.verifyPropertyExist(AddToCart, product_items_0_c_miraklTaxes): totalplay.Common.verifyPropertyExist is PASSED

26-07-2024T17:58:35 - [MESSAGE][INFO] - Checking response object

26-07-2024T17:58:35 - [MESSAGE][PASSED] - totalplay.Common.verifyPropertyExist is PASSED

26-07-2024T17:58:35 - [TEST_STEP][PASSED] - totalplay.Common.verifyPropertyValueExist(AddToCart, product_items_0_c_miraklTaxes): totalplay.Common.verifyPropertyValueExist is PASSED

26-07-2024T17:58:35 - [MESSAGE][INFO] - Checking response object

26-07-2024T17:58:35 - [MESSAGE][INFO] - [{"amount":0,"type":"product_zero_tax","isTaxRate":true,"rate":0}]

26-07-2024T17:58:35 - [MESSAGE][PASSED] - totalplay.Common.verifyPropertyValueExist is PASSED

26-07-2024T17:58:35 - [TEST_STEP][PASSED] - totalplay.Common.verifyPropertyExist(AddToCart, product_items_0_c_offerId): totalplay.Common.verifyPropertyExist is PASSED

26-07-2024T17:58:35 - [MESSAGE][INFO] - Checking response object

26-07-2024T17:58:35 - [MESSAGE][PASSED] - totalplay.Common.verifyPropertyExist is PASSED

26-07-2024T17:58:35 - [TEST_STEP][PASSED] - totalplay.Common.verifyPropertyValueExist(AddToCart, product_items_0_c_offerId): totalplay.Common.verifyPropertyValueExist is PASSED

26-07-2024T17:58:35 - [MESSAGE][INFO] - Checking response object

26-07-2024T17:58:35 - [MESSAGE][INFO] - 541107

26-07-2024T17:58:35 - [MESSAGE][PASSED] - totalplay.Common.verifyPropertyValueExist is PASSED

26-07-2024T17:58:35 - [TEST_STEP][PASSED] - totalplay.Common.getDecimalValueofObject(AddToCart, product_items_0_c_offerSalesPrice): totalplay.Common.getDecimalValueofObject is PASSED

26-07-2024T17:58:35 - [MESSAGE][INFO] - Checking response object

26-07-2024T17:58:35 - [MESSAGE][PASSED] - totalplay.Common.getDecimalValueofObject is PASSED

26-07-2024T17:58:35 - [TEST_STEP][PASSED] - totalplay.Common.verifyPropertyExist(AddToCart, product_items_0_c_offerState): totalplay.Common.verifyPropertyExist is PASSED

26-07-2024T17:58:35 - [MESSAGE][INFO] - Checking response object

26-07-2024T17:58:35 - [MESSAGE][PASSED] - totalplay.Common.verifyPropertyExist is PASSED

26-07-2024T17:58:35 - [TEST_STEP][PASSED] - totalplay.Common.verifyPropertyValueExist(AddToCart, product_items_0_c_offerState): totalplay.Common.verifyPropertyValueExist is PASSED

26-07-2024T17:58:35 - [MESSAGE][INFO] - Checking response object

26-07-2024T17:58:35 - [MESSAGE][INFO] - Nuevo

26-07-2024T17:58:35 - [MESSAGE][PASSED] - totalplay.Common.verifyPropertyValueExist is PASSED

26-07-2024T17:58:35 - [TEST_STEP][PASSED] - totalplay.Common.verifyPropertyExist(AddToCart, product_items_0_c_offerStateCode): totalplay.Common.verifyPropertyExist is PASSED

26-07-2024T17:58:35 - [MESSAGE][INFO] - Checking response object

26-07-2024T17:58:35 - [MESSAGE][PASSED] - totalplay.Common.verifyPropertyExist is PASSED

26-07-2024T17:58:35 - [TEST_STEP][PASSED] - totalplay.Common.verifyPropertyValueExist(AddToCart, product_items_0_c_offerStateCode): totalplay.Common.verifyPropertyValueExist is PASSED

26-07-2024T17:58:35 - [MESSAGE][INFO] - Checking response object

26-07-2024T17:58:35 - [MESSAGE][INFO] - 11

26-07-2024T17:58:35 - [MESSAGE][PASSED] - totalplay.Common.verifyPropertyValueExist is PASSED

26-07-2024T17:58:35 - [TEST_STEP][PASSED] - totalplay.Common.verifyPropertyExist(AddToCart, product_items_0_c_shopId): totalplay.Common.verifyPropertyExist is PASSED

26-07-2024T17:58:35 - [MESSAGE][INFO] - Checking response object

26-07-2024T17:58:35 - [MESSAGE][PASSED] - totalplay.Common.verifyPropertyExist is PASSED

26-07-2024T17:58:35 - [TEST_STEP][PASSED] - totalplay.Common.verifyPropertyValueExist(AddToCart, product_items_0_c_shopId): totalplay.Common.verifyPropertyValueExist is PASSED

26-07-2024T17:58:35 - [MESSAGE][INFO] - Checking response object

26-07-2024T17:58:35 - [MESSAGE][INFO] - 4158

26-07-2024T17:58:35 - [MESSAGE][PASSED] - totalplay.Common.verifyPropertyValueExist is PASSED

26-07-2024T17:58:35 - [TEST_STEP][PASSED] - totalplay.Common.verifyPropertyExist(AddToCart, product_items_0_c_shopName): totalplay.Common.verifyPropertyExist is PASSED

26-07-2024T17:58:35 - [MESSAGE][INFO] - Checking response object

26-07-2024T17:58:35 - [MESSAGE][PASSED] - totalplay.Common.verifyPropertyExist is PASSED

26-07-2024T17:58:35 - [TEST_STEP][PASSED] - totalplay.Common.verifyPropertyValueExist(AddToCart, product_items_0_c_shopName): totalplay.Common.verifyPropertyValueExist is PASSED

26-07-2024T17:58:35 - [MESSAGE][INFO] - Checking response object

26-07-2024T17:58:35 - [MESSAGE][INFO] - La Casa De Toño Polanco

26-07-2024T17:58:35 - [MESSAGE][PASSED] - totalplay.Common.verifyPropertyValueExist is PASSED

26-07-2024T17:58:35 - [TEST_STEP][PASSED] - totalplay.Common.getDecimalValueofObject(AddToCart, product_items_0_c_priceWithComplement): totalplay.Common.getDecimalValueofObject is PASSED

26-07-2024T17:58:35 - [MESSAGE][INFO] - Checking response object

26-07-2024T17:58:35 - [MESSAGE][PASSED] - totalplay.Common.getDecimalValueofObject is PASSED

26-07-2024T17:58:35 - [TEST_STEP][PASSED] - totalplay.Common.verifyPropertyExist(AddToCart, product_items_0_c_imagesData_large_0_alt): totalplay.Common.verifyPropertyExist is PASSED

26-07-2024T17:58:35 - [MESSAGE][INFO] - Checking response object

26-07-2024T17:58:35 - [MESSAGE][PASSED] - totalplay.Common.verifyPropertyExist is PASSED

26-07-2024T17:58:35 - [TEST_STEP][PASSED] - totalplay.Common.verifyPropertyValueExist(AddToCart, product_items_0_c_imagesData_large_0_alt): totalplay.Common.verifyPropertyValueExist is PASSED

26-07-2024T17:58:35 - [MESSAGE][INFO] - Checking response object

26-07-2024T17:58:35 - [MESSAGE][INFO] - Salsa Roja

26-07-2024T17:58:35 - [MESSAGE][PASSED] - totalplay.Common.verifyPropertyValueExist is PASSED

26-07-2024T17:58:35 - [TEST_STEP][PASSED] - totalplay.Common.verifyPropertyValueEmptyString(AddToCart, product_items_0_c_imagesData_large_0_url): totalplay.Common.verifyPropertyValueEmptyString is PASSED

26-07-2024T17:58:35 - [MESSAGE][INFO] - Checking response object

26-07-2024T17:58:35 - [MESSAGE][INFO] - 

26-07-2024T17:58:35 - [MESSAGE][PASSED] - totalplay.Common.verifyPropertyValueEmptyString is PASSED

26-07-2024T17:58:35 - [TEST_STEP][PASSED] - totalplay.Common.verifyPropertyExist(AddToCart, product_items_0_c_imagesData_large_0_title): totalplay.Common.verifyPropertyExist is PASSED

26-07-2024T17:58:35 - [MESSAGE][INFO] - Checking response object

26-07-2024T17:58:35 - [MESSAGE][PASSED] - totalplay.Common.verifyPropertyExist is PASSED

26-07-2024T17:58:35 - [TEST_STEP][PASSED] - totalplay.Common.verifyPropertyValueExist(AddToCart, product_items_0_c_imagesData_large_0_title): totalplay.Common.verifyPropertyValueExist is PASSED

26-07-2024T17:58:35 - [MESSAGE][INFO] - Checking response object

26-07-2024T17:58:35 - [MESSAGE][INFO] - Salsa Roja

26-07-2024T17:58:35 - [MESSAGE][PASSED] - totalplay.Common.verifyPropertyValueExist is PASSED

26-07-2024T17:58:35 - [TEST_STEP][PASSED] - totalplay.Common.verifyPropertyExist(AddToCart, product_items_0_c_description): totalplay.Common.verifyPropertyExist is PASSED

26-07-2024T17:58:35 - [MESSAGE][INFO] - Checking response object

26-07-2024T17:58:35 - [MESSAGE][PASSED] - totalplay.Common.verifyPropertyExist is PASSED

26-07-2024T17:58:35 - [TEST_STEP][PASSED] - totalplay.Common.verifyPropertyValueExist(AddToCart, product_items_0_c_description): totalplay.Common.verifyPropertyValueExist is PASSED

26-07-2024T17:58:35 - [MESSAGE][INFO] - Checking response object

26-07-2024T17:58:36 - [MESSAGE][INFO] - Salsa

26-07-2024T17:58:36 - [MESSAGE][PASSED] - totalplay.Common.verifyPropertyValueExist is PASSED

26-07-2024T17:58:36 - [TEST_STEP][PASSED] - totalplay.Common.getDecimalValueofObject(AddToCart, product_sub_total): totalplay.Common.getDecimalValueofObject is PASSED

26-07-2024T17:58:36 - [MESSAGE][INFO] - Checking response object

26-07-2024T17:58:36 - [MESSAGE][PASSED] - totalplay.Common.getDecimalValueofObject is PASSED

26-07-2024T17:58:36 - [TEST_STEP][PASSED] - totalplay.Common.getDecimalValueofObject(AddToCart, product_total): totalplay.Common.getDecimalValueofObject is PASSED

26-07-2024T17:58:36 - [MESSAGE][INFO] - Checking response object

26-07-2024T17:58:36 - [MESSAGE][PASSED] - totalplay.Common.getDecimalValueofObject is PASSED

26-07-2024T17:58:36 - [TEST_STEP][PASSED] - totalplay.Common.verifyPropertyExist(AddToCart, shipments_0__type): totalplay.Common.verifyPropertyExist is PASSED

26-07-2024T17:58:36 - [MESSAGE][INFO] - Checking response object

26-07-2024T17:58:36 - [MESSAGE][PASSED] - totalplay.Common.verifyPropertyExist is PASSED

26-07-2024T17:58:36 - [TEST_STEP][PASSED] - totalplay.Common.verifyPropertyValueExist(AddToCart, shipments_0__type): totalplay.Common.verifyPropertyValueExist is PASSED

26-07-2024T17:58:36 - [MESSAGE][INFO] - Checking response object

26-07-2024T17:58:36 - [MESSAGE][INFO] - shipment

26-07-2024T17:58:36 - [MESSAGE][PASSED] - totalplay.Common.verifyPropertyValueExist is PASSED

26-07-2024T17:58:36 - [TEST_STEP][PASSED] - totalplay.Common.getDecimalValueofObject(AddToCart, shipments_0_adjusted_merchandize_total_tax): totalplay.Common.getDecimalValueofObject is PASSED

26-07-2024T17:58:36 - [MESSAGE][INFO] - Checking response object

26-07-2024T17:58:36 - [MESSAGE][PASSED] - totalplay.Common.getDecimalValueofObject is PASSED

26-07-2024T17:58:36 - [TEST_STEP][PASSED] - totalplay.Common.getDecimalValueofObject(AddToCart, shipments_0_adjusted_shipping_total_tax): totalplay.Common.getDecimalValueofObject is PASSED

26-07-2024T17:58:36 - [MESSAGE][INFO] - Checking response object

26-07-2024T17:58:36 - [MESSAGE][PASSED] - totalplay.Common.getDecimalValueofObject is PASSED

26-07-2024T17:58:36 - [TEST_STEP][PASSED] - totalplay.Common.getBooleanValueofObject(AddToCart, shipments_0_gift): totalplay.Common.getBooleanValueofObject is PASSED

26-07-2024T17:58:36 - [MESSAGE][INFO] - Checking response object

26-07-2024T17:58:36 - [MESSAGE][PASSED] - totalplay.Common.getBooleanValueofObject is PASSED

26-07-2024T17:58:36 - [TEST_STEP][PASSED] - totalplay.Common.getDecimalValueofObject(AddToCart, shipments_0_merchandize_total_tax): totalplay.Common.getDecimalValueofObject is PASSED

26-07-2024T17:58:36 - [MESSAGE][INFO] - Checking response object

26-07-2024T17:58:36 - [MESSAGE][PASSED] - totalplay.Common.getDecimalValueofObject is PASSED

26-07-2024T17:58:36 - [TEST_STEP][PASSED] - totalplay.Common.getDecimalValueofObject(AddToCart, shipments_0_product_sub_total): totalplay.Common.getDecimalValueofObject is PASSED

26-07-2024T17:58:36 - [MESSAGE][INFO] - Checking response object

26-07-2024T17:58:36 - [MESSAGE][PASSED] - totalplay.Common.getDecimalValueofObject is PASSED

26-07-2024T17:58:36 - [TEST_STEP][PASSED] - totalplay.Common.getDecimalValueofObject(AddToCart, shipments_0_product_total): totalplay.Common.getDecimalValueofObject is PASSED

26-07-2024T17:58:36 - [MESSAGE][INFO] - Checking response object

26-07-2024T17:58:36 - [MESSAGE][PASSED] - totalplay.Common.getDecimalValueofObject is PASSED

26-07-2024T17:58:36 - [TEST_STEP][PASSED] - totalplay.Common.verifyPropertyExist(AddToCart, shipments_0_shipment_id): totalplay.Common.verifyPropertyExist is PASSED

26-07-2024T17:58:36 - [MESSAGE][INFO] - Checking response object

26-07-2024T17:58:36 - [MESSAGE][PASSED] - totalplay.Common.verifyPropertyExist is PASSED

26-07-2024T17:58:36 - [TEST_STEP][PASSED] - totalplay.Common.verifyPropertyValueExist(AddToCart, shipments_0_shipment_id): totalplay.Common.verifyPropertyValueExist is PASSED

26-07-2024T17:58:36 - [MESSAGE][INFO] - Checking response object

26-07-2024T17:58:36 - [MESSAGE][INFO] - me

26-07-2024T17:58:36 - [MESSAGE][PASSED] - totalplay.Common.verifyPropertyValueExist is PASSED

26-07-2024T17:58:36 - [TEST_STEP][PASSED] - totalplay.Common.getDecimalValueofObject(AddToCart, shipments_0_shipment_total): totalplay.Common.getDecimalValueofObject is PASSED

26-07-2024T17:58:36 - [MESSAGE][INFO] - Checking response object

26-07-2024T17:58:36 - [MESSAGE][PASSED] - totalplay.Common.getDecimalValueofObject is PASSED

26-07-2024T17:58:36 - [TEST_STEP][PASSED] - totalplay.Common.verifyPropertyExist(AddToCart, shipments_0_shipping_address__type): totalplay.Common.verifyPropertyExist is PASSED

26-07-2024T17:58:36 - [MESSAGE][INFO] - Checking response object

26-07-2024T17:58:36 - [MESSAGE][PASSED] - totalplay.Common.verifyPropertyExist is PASSED

26-07-2024T17:58:36 - [TEST_STEP][PASSED] - totalplay.Common.verifyPropertyValueExist(AddToCart, shipments_0_shipping_address__type): totalplay.Common.verifyPropertyValueExist is PASSED

26-07-2024T17:58:36 - [MESSAGE][INFO] - Checking response object

26-07-2024T17:58:36 - [MESSAGE][INFO] - order_address

26-07-2024T17:58:36 - [MESSAGE][PASSED] - totalplay.Common.verifyPropertyValueExist is PASSED

26-07-2024T17:58:36 - [TEST_STEP][PASSED] - totalplay.Common.verifyPropertyExist(AddToCart, shipments_0_shipping_address_address1): totalplay.Common.verifyPropertyExist is PASSED

26-07-2024T17:58:36 - [MESSAGE][INFO] - Checking response object

26-07-2024T17:58:36 - [MESSAGE][PASSED] - totalplay.Common.verifyPropertyExist is PASSED

26-07-2024T17:58:36 - [TEST_STEP][PASSED] - totalplay.Common.verifyPropertyValueExist(AddToCart, shipments_0_shipping_address_address1): totalplay.Common.verifyPropertyValueExist is PASSED

26-07-2024T17:58:36 - [MESSAGE][INFO] - Checking response object

26-07-2024T17:58:36 - [MESSAGE][INFO] - Alejandro Dumas

26-07-2024T17:58:36 - [MESSAGE][PASSED] - totalplay.Common.verifyPropertyValueExist is PASSED

26-07-2024T17:58:36 - [TEST_STEP][PASSED] - totalplay.Common.verifyPropertyExist(AddToCart, shipments_0_shipping_address_city): totalplay.Common.verifyPropertyExist is PASSED

26-07-2024T17:58:36 - [MESSAGE][INFO] - Checking response object

26-07-2024T17:58:36 - [MESSAGE][PASSED] - totalplay.Common.verifyPropertyExist is PASSED

26-07-2024T17:58:36 - [TEST_STEP][PASSED] - totalplay.Common.verifyPropertyValueExist(AddToCart, shipments_0_shipping_address_city): totalplay.Common.verifyPropertyValueExist is PASSED

26-07-2024T17:58:36 - [MESSAGE][INFO] - Checking response object

26-07-2024T17:58:36 - [MESSAGE][INFO] - Ciudad de Mexico

26-07-2024T17:58:36 - [MESSAGE][PASSED] - totalplay.Common.verifyPropertyValueExist is PASSED

26-07-2024T17:58:36 - [TEST_STEP][PASSED] - totalplay.Common.verifyPropertyExist(AddToCart, shipments_0_shipping_address_country_code): totalplay.Common.verifyPropertyExist is PASSED

26-07-2024T17:58:36 - [MESSAGE][INFO] - Checking response object

26-07-2024T17:58:36 - [MESSAGE][PASSED] - totalplay.Common.verifyPropertyExist is PASSED

26-07-2024T17:58:36 - [TEST_STEP][PASSED] - totalplay.Common.verifyPropertyValueExist(AddToCart, shipments_0_shipping_address_country_code): totalplay.Common.verifyPropertyValueExist is PASSED

26-07-2024T17:58:36 - [MESSAGE][INFO] - Checking response object

26-07-2024T17:58:36 - [MESSAGE][INFO] - MX

26-07-2024T17:58:36 - [MESSAGE][PASSED] - totalplay.Common.verifyPropertyValueExist is PASSED

26-07-2024T17:58:36 - [TEST_STEP][PASSED] - totalplay.Common.verifyPropertyExist(AddToCart, shipments_0_shipping_address_first_name): totalplay.Common.verifyPropertyExist is PASSED

26-07-2024T17:58:36 - [MESSAGE][INFO] - Checking response object

26-07-2024T17:58:36 - [MESSAGE][PASSED] - totalplay.Common.verifyPropertyExist is PASSED

26-07-2024T17:58:36 - [TEST_STEP][PASSED] - totalplay.Common.verifyPropertyValueExist(AddToCart, shipments_0_shipping_address_first_name): totalplay.Common.verifyPropertyValueExist is PASSED

26-07-2024T17:58:36 - [MESSAGE][INFO] - Checking response object

26-07-2024T17:58:37 - [MESSAGE][INFO] - CESAR

26-07-2024T17:58:37 - [MESSAGE][PASSED] - totalplay.Common.verifyPropertyValueExist is PASSED

26-07-2024T17:58:37 - [TEST_STEP][PASSED] - totalplay.Common.verifyPropertyExist(AddToCart, shipments_0_shipping_address_first_name): totalplay.Common.verifyPropertyExist is PASSED

26-07-2024T17:58:37 - [MESSAGE][INFO] - Checking response object

26-07-2024T17:58:37 - [MESSAGE][PASSED] - totalplay.Common.verifyPropertyExist is PASSED

26-07-2024T17:58:37 - [TEST_STEP][PASSED] - totalplay.Common.verifyPropertyValueExist(AddToCart, shipments_0_shipping_address_first_name): totalplay.Common.verifyPropertyValueExist is PASSED

26-07-2024T17:58:37 - [MESSAGE][INFO] - Checking response object

26-07-2024T17:58:37 - [MESSAGE][INFO] - CESAR

26-07-2024T17:58:37 - [MESSAGE][PASSED] - totalplay.Common.verifyPropertyValueExist is PASSED

26-07-2024T17:58:37 - [TEST_STEP][PASSED] - totalplay.Common.verifyPropertyExist(AddToCart, shipments_0_shipping_address_full_name): totalplay.Common.verifyPropertyExist is PASSED

26-07-2024T17:58:37 - [MESSAGE][INFO] - Checking response object

26-07-2024T17:58:37 - [MESSAGE][PASSED] - totalplay.Common.verifyPropertyExist is PASSED

26-07-2024T17:58:37 - [TEST_STEP][PASSED] - totalplay.Common.verifyPropertyValueExist(AddToCart, shipments_0_shipping_address_full_name): totalplay.Common.verifyPropertyValueExist is PASSED

26-07-2024T17:58:37 - [MESSAGE][INFO] - Checking response object

26-07-2024T17:58:37 - [MESSAGE][INFO] - CESAR GERARDO WALDO GONZALEZ

26-07-2024T17:58:37 - [MESSAGE][PASSED] - totalplay.Common.verifyPropertyValueExist is PASSED

26-07-2024T17:58:37 - [TEST_STEP][PASSED] - totalplay.Common.verifyPropertyExist(AddToCart, shipments_0_shipping_address_id): totalplay.Common.verifyPropertyExist is PASSED

26-07-2024T17:58:37 - [MESSAGE][INFO] - Checking response object

26-07-2024T17:58:37 - [MESSAGE][PASSED] - totalplay.Common.verifyPropertyExist is PASSED

26-07-2024T17:58:37 - [TEST_STEP][PASSED] - totalplay.Common.verifyPropertyValueExist(AddToCart, shipments_0_shipping_address_id): totalplay.Common.verifyPropertyValueExist is PASSED

26-07-2024T17:58:37 - [MESSAGE][INFO] - Checking response object

26-07-2024T17:58:37 - [MESSAGE][INFO] - a7781623db905a2701db912049

26-07-2024T17:58:37 - [MESSAGE][PASSED] - totalplay.Common.verifyPropertyValueExist is PASSED

26-07-2024T17:58:37 - [TEST_STEP][PASSED] - totalplay.Common.verifyPropertyExist(AddToCart, shipments_0_shipping_address_last_name): totalplay.Common.verifyPropertyExist is PASSED

26-07-2024T17:58:37 - [MESSAGE][INFO] - Checking response object

26-07-2024T17:58:37 - [MESSAGE][PASSED] - totalplay.Common.verifyPropertyExist is PASSED

26-07-2024T17:58:37 - [TEST_STEP][PASSED] - totalplay.Common.verifyPropertyValueExist(AddToCart, shipments_0_shipping_address_last_name): totalplay.Common.verifyPropertyValueExist is PASSED

26-07-2024T17:58:37 - [MESSAGE][INFO] - Checking response object

26-07-2024T17:58:37 - [MESSAGE][INFO] - GERARDO WALDO GONZALEZ

26-07-2024T17:58:37 - [MESSAGE][PASSED] - totalplay.Common.verifyPropertyValueExist is PASSED

26-07-2024T17:58:37 - [TEST_STEP][PASSED] - totalplay.Common.verifyPropertyExist(AddToCart, shipments_0_shipping_address_phone): totalplay.Common.verifyPropertyExist is PASSED

26-07-2024T17:58:37 - [MESSAGE][INFO] - Checking response object

26-07-2024T17:58:37 - [MESSAGE][PASSED] - totalplay.Common.verifyPropertyExist is PASSED

26-07-2024T17:58:37 - [TEST_STEP][PASSED] - totalplay.Common.verifyPropertyValueExist(AddToCart, shipments_0_shipping_address_phone): totalplay.Common.verifyPropertyValueExist is PASSED

26-07-2024T17:58:37 - [MESSAGE][INFO] - Checking response object

26-07-2024T17:58:37 - [MESSAGE][INFO] - 5579660270

26-07-2024T17:58:37 - [MESSAGE][PASSED] - totalplay.Common.verifyPropertyValueExist is PASSED

26-07-2024T17:58:37 - [TEST_STEP][PASSED] - totalplay.Common.verifyPropertyExist(AddToCart, shipments_0_shipping_address_postal_code): totalplay.Common.verifyPropertyExist is PASSED

26-07-2024T17:58:37 - [MESSAGE][INFO] - Checking response object

26-07-2024T17:58:37 - [MESSAGE][PASSED] - totalplay.Common.verifyPropertyExist is PASSED

26-07-2024T17:58:37 - [TEST_STEP][PASSED] - totalplay.Common.verifyPropertyValueExist(AddToCart, shipments_0_shipping_address_postal_code): totalplay.Common.verifyPropertyValueExist is PASSED

26-07-2024T17:58:37 - [MESSAGE][INFO] - Checking response object

26-07-2024T17:58:37 - [MESSAGE][INFO] - 55120

26-07-2024T17:58:37 - [MESSAGE][PASSED] - totalplay.Common.verifyPropertyValueExist is PASSED

26-07-2024T17:58:37 - [TEST_STEP][PASSED] - totalplay.Common.verifyPropertyExist(AddToCart, shipments_0_shipping_address_c_alias): totalplay.Common.verifyPropertyExist is PASSED

26-07-2024T17:58:37 - [MESSAGE][INFO] - Checking response object

26-07-2024T17:58:37 - [MESSAGE][PASSED] - totalplay.Common.verifyPropertyExist is PASSED

26-07-2024T17:58:37 - [TEST_STEP][PASSED] - totalplay.Common.verifyPropertyValueExist(AddToCart, shipments_0_shipping_address_c_alias): totalplay.Common.verifyPropertyValueExist is PASSED

26-07-2024T17:58:37 - [MESSAGE][INFO] - Checking response object

26-07-2024T17:58:37 - [MESSAGE][INFO] - CasaWaldoP

26-07-2024T17:58:37 - [MESSAGE][PASSED] - totalplay.Common.verifyPropertyValueExist is PASSED

26-07-2024T17:58:37 - [TEST_STEP][PASSED] - totalplay.Common.verifyPropertyExist(AddToCart, shipments_0_shipping_address_c_delegation): totalplay.Common.verifyPropertyExist is PASSED

26-07-2024T17:58:37 - [MESSAGE][INFO] - Checking response object

26-07-2024T17:58:37 - [MESSAGE][PASSED] - totalplay.Common.verifyPropertyExist is PASSED

26-07-2024T17:58:37 - [TEST_STEP][PASSED] - totalplay.Common.verifyPropertyValueExist(AddToCart, shipments_0_shipping_address_c_delegation): totalplay.Common.verifyPropertyValueExist is PASSED

26-07-2024T17:58:37 - [MESSAGE][INFO] - Checking response object

26-07-2024T17:58:37 - [MESSAGE][INFO] - Miguel Hidalgo

26-07-2024T17:58:37 - [MESSAGE][PASSED] - totalplay.Common.verifyPropertyValueExist is PASSED

26-07-2024T17:58:37 - [TEST_STEP][PASSED] - totalplay.Common.verifyPropertyExist(AddToCart, shipments_0_shipping_address_c_label): totalplay.Common.verifyPropertyExist is PASSED

26-07-2024T17:58:37 - [MESSAGE][INFO] - Checking response object

26-07-2024T17:58:37 - [MESSAGE][PASSED] - totalplay.Common.verifyPropertyExist is PASSED

26-07-2024T17:58:37 - [TEST_STEP][PASSED] - totalplay.Common.verifyPropertyValueExist(AddToCart, shipments_0_shipping_address_c_label): totalplay.Common.verifyPropertyValueExist is PASSED

26-07-2024T17:58:37 - [MESSAGE][INFO] - Checking response object

26-07-2024T17:58:37 - [MESSAGE][INFO] - {"home":true,"company":false,"other":false}

26-07-2024T17:58:37 - [MESSAGE][PASSED] - totalplay.Common.verifyPropertyValueExist is PASSED

26-07-2024T17:58:37 - [TEST_STEP][PASSED] - totalplay.Common.verifyPropertyExist(AddToCart, shipments_0_shipping_address_c_latitude): totalplay.Common.verifyPropertyExist is PASSED

26-07-2024T17:58:37 - [MESSAGE][INFO] - Checking response object

26-07-2024T17:58:37 - [MESSAGE][PASSED] - totalplay.Common.verifyPropertyExist is PASSED

26-07-2024T17:58:37 - [TEST_STEP][PASSED] - totalplay.Common.verifyPropertyValueExist(AddToCart, shipments_0_shipping_address_c_latitude): totalplay.Common.verifyPropertyValueExist is PASSED

26-07-2024T17:58:37 - [MESSAGE][INFO] - Checking response object

26-07-2024T17:58:37 - [MESSAGE][INFO] - 20.789968

26-07-2024T17:58:37 - [MESSAGE][PASSED] - totalplay.Common.verifyPropertyValueExist is PASSED

26-07-2024T17:58:37 - [TEST_STEP][PASSED] - totalplay.Common.verifyPropertyExist(AddToCart, shipments_0_shipping_address_c_longitude): totalplay.Common.verifyPropertyExist is PASSED

26-07-2024T17:58:37 - [MESSAGE][INFO] - Checking response object

26-07-2024T17:58:37 - [MESSAGE][PASSED] - totalplay.Common.verifyPropertyExist is PASSED

26-07-2024T17:58:37 - [TEST_STEP][PASSED] - totalplay.Common.verifyPropertyValueExist(AddToCart, shipments_0_shipping_address_c_longitude): totalplay.Common.verifyPropertyValueExist is PASSED

26-07-2024T17:58:37 - [MESSAGE][INFO] - Checking response object

26-07-2024T17:58:37 - [MESSAGE][INFO] - -100.474817

26-07-2024T17:58:37 - [MESSAGE][PASSED] - totalplay.Common.verifyPropertyValueExist is PASSED

26-07-2024T17:58:37 - [TEST_STEP][PASSED] - totalplay.Common.verifyPropertyExist(AddToCart, shipments_0_shipping_address_c_nExt): totalplay.Common.verifyPropertyExist is PASSED

26-07-2024T17:58:37 - [MESSAGE][INFO] - Checking response object

26-07-2024T17:58:37 - [MESSAGE][PASSED] - totalplay.Common.verifyPropertyExist is PASSED

26-07-2024T17:58:37 - [TEST_STEP][PASSED] - totalplay.Common.verifyPropertyValueExist(AddToCart, shipments_0_shipping_address_c_nExt): totalplay.Common.verifyPropertyValueExist is PASSED

26-07-2024T17:58:37 - [MESSAGE][INFO] - Checking response object

26-07-2024T17:58:37 - [MESSAGE][INFO] - 107

26-07-2024T17:58:37 - [MESSAGE][PASSED] - totalplay.Common.verifyPropertyValueExist is PASSED

26-07-2024T17:58:37 - [TEST_STEP][PASSED] - totalplay.Common.verifyPropertyExist(AddToCart, shipments_0_shipping_address_c_neighborhood): totalplay.Common.verifyPropertyExist is PASSED

26-07-2024T17:58:37 - [MESSAGE][INFO] - Checking response object

26-07-2024T17:58:38 - [MESSAGE][PASSED] - totalplay.Common.verifyPropertyExist is PASSED

26-07-2024T17:58:38 - [TEST_STEP][PASSED] - totalplay.Common.verifyPropertyValueExist(AddToCart, shipments_0_shipping_address_c_neighborhood): totalplay.Common.verifyPropertyValueExist is PASSED

26-07-2024T17:58:38 - [MESSAGE][INFO] - Checking response object

26-07-2024T17:58:38 - [MESSAGE][INFO] - Polanco

26-07-2024T17:58:38 - [MESSAGE][PASSED] - totalplay.Common.verifyPropertyValueExist is PASSED

26-07-2024T17:58:38 - [TEST_STEP][PASSED] - totalplay.Common.verifyPropertyExist(AddToCart, shipments_0_shipping_address_c_references): totalplay.Common.verifyPropertyExist is PASSED

26-07-2024T17:58:38 - [MESSAGE][INFO] - Checking response object

26-07-2024T17:58:38 - [MESSAGE][PASSED] - totalplay.Common.verifyPropertyExist is PASSED

26-07-2024T17:58:38 - [TEST_STEP][PASSED] - totalplay.Common.verifyPropertyValueExist(AddToCart, shipments_0_shipping_address_c_references): totalplay.Common.verifyPropertyValueExist is PASSED

26-07-2024T17:58:38 - [MESSAGE][INFO] - Checking response object

26-07-2024T17:58:38 - [MESSAGE][INFO] - Llamar al llegar

26-07-2024T17:58:38 - [MESSAGE][PASSED] - totalplay.Common.verifyPropertyValueExist is PASSED

26-07-2024T17:58:38 - [TEST_STEP][PASSED] - totalplay.Common.verifyPropertyExist(AddToCart, shipments_0_shipping_address_c_state): totalplay.Common.verifyPropertyExist is PASSED

26-07-2024T17:58:38 - [MESSAGE][INFO] - Checking response object

26-07-2024T17:58:38 - [MESSAGE][PASSED] - totalplay.Common.verifyPropertyExist is PASSED

26-07-2024T17:58:38 - [TEST_STEP][PASSED] - totalplay.Common.verifyPropertyValueExist(AddToCart, shipments_0_shipping_address_c_state): totalplay.Common.verifyPropertyValueExist is PASSED

26-07-2024T17:58:38 - [MESSAGE][INFO] - Checking response object

26-07-2024T17:58:38 - [MESSAGE][INFO] - CDMX

26-07-2024T17:58:38 - [MESSAGE][PASSED] - totalplay.Common.verifyPropertyValueExist is PASSED

26-07-2024T17:58:38 - [TEST_STEP][PASSED] - totalplay.Common.verifyPropertyExist(AddToCart, shipments_0_shipping_address_c_streetName): totalplay.Common.verifyPropertyExist is PASSED

26-07-2024T17:58:38 - [MESSAGE][INFO] - Checking response object

26-07-2024T17:58:38 - [MESSAGE][PASSED] - totalplay.Common.verifyPropertyExist is PASSED

26-07-2024T17:58:38 - [TEST_STEP][PASSED] - totalplay.Common.verifyPropertyValueExist(AddToCart, shipments_0_shipping_address_c_streetName): totalplay.Common.verifyPropertyValueExist is PASSED

26-07-2024T17:58:38 - [MESSAGE][INFO] - Checking response object

26-07-2024T17:58:38 - [MESSAGE][INFO] - Alejandro Dumas

26-07-2024T17:58:38 - [MESSAGE][PASSED] - totalplay.Common.verifyPropertyValueExist is PASSED

26-07-2024T17:58:38 - [TEST_STEP][PASSED] - totalplay.Common.verifyPropertyExist(AddToCart, shipments_0_shipping_address_c_rfc): totalplay.Common.verifyPropertyExist is PASSED

26-07-2024T17:58:38 - [MESSAGE][INFO] - Checking response object

26-07-2024T17:58:38 - [MESSAGE][PASSED] - totalplay.Common.verifyPropertyExist is PASSED

26-07-2024T17:58:38 - [TEST_STEP][PASSED] - totalplay.Common.verifyPropertyValueExist(AddToCart, shipments_0_shipping_address_c_rfc): totalplay.Common.verifyPropertyValueExist is PASSED

26-07-2024T17:58:38 - [MESSAGE][INFO] - Checking response object

26-07-2024T17:58:38 - [MESSAGE][INFO] - XAXA010101111

26-07-2024T17:58:38 - [MESSAGE][PASSED] - totalplay.Common.verifyPropertyValueExist is PASSED

26-07-2024T17:58:38 - [TEST_STEP][PASSED] - totalplay.Common.verifyPropertyExist(AddToCart, shipments_0_shipping_method__type): totalplay.Common.verifyPropertyExist is PASSED

26-07-2024T17:58:38 - [MESSAGE][INFO] - Checking response object

26-07-2024T17:58:38 - [MESSAGE][PASSED] - totalplay.Common.verifyPropertyExist is PASSED

26-07-2024T17:58:38 - [TEST_STEP][PASSED] - totalplay.Common.verifyPropertyValueExist(AddToCart, shipments_0_shipping_method__type): totalplay.Common.verifyPropertyValueExist is PASSED

26-07-2024T17:58:38 - [MESSAGE][INFO] - Checking response object

26-07-2024T17:58:38 - [MESSAGE][INFO] - shipping_method

26-07-2024T17:58:38 - [MESSAGE][PASSED] - totalplay.Common.verifyPropertyValueExist is PASSED

26-07-2024T17:58:38 - [TEST_STEP][PASSED] - totalplay.Common.verifyPropertyExist(AddToCart, shipments_0_shipping_method_description): totalplay.Common.verifyPropertyExist is PASSED

26-07-2024T17:58:38 - [MESSAGE][INFO] - Checking response object

26-07-2024T17:58:38 - [MESSAGE][PASSED] - totalplay.Common.verifyPropertyExist is PASSED

26-07-2024T17:58:38 - [TEST_STEP][PASSED] - totalplay.Common.verifyPropertyValueExist(AddToCart, shipments_0_shipping_method_description): totalplay.Common.verifyPropertyValueExist is PASSED

26-07-2024T17:58:38 - [MESSAGE][INFO] - Checking response object

26-07-2024T17:58:38 - [MESSAGE][INFO] - pickup

26-07-2024T17:58:38 - [MESSAGE][PASSED] - totalplay.Common.verifyPropertyValueExist is PASSED

26-07-2024T17:58:38 - [TEST_STEP][PASSED] - totalplay.Common.verifyPropertyExist(AddToCart, shipments_0_shipping_method_id): totalplay.Common.verifyPropertyExist is PASSED

26-07-2024T17:58:38 - [MESSAGE][INFO] - Checking response object

26-07-2024T17:58:38 - [MESSAGE][PASSED] - totalplay.Common.verifyPropertyExist is PASSED

26-07-2024T17:58:38 - [TEST_STEP][PASSED] - totalplay.Common.verifyPropertyValueExist(AddToCart, shipments_0_shipping_method_id): totalplay.Common.verifyPropertyValueExist is PASSED

26-07-2024T17:58:38 - [MESSAGE][INFO] - Checking response object

26-07-2024T17:58:38 - [MESSAGE][INFO] - pickup

26-07-2024T17:58:38 - [MESSAGE][PASSED] - totalplay.Common.verifyPropertyValueExist is PASSED

26-07-2024T17:58:38 - [TEST_STEP][PASSED] - totalplay.Common.verifyPropertyExist(AddToCart, shipments_0_shipping_method_name): totalplay.Common.verifyPropertyExist is PASSED

26-07-2024T17:58:38 - [MESSAGE][INFO] - Checking response object

26-07-2024T17:58:38 - [MESSAGE][PASSED] - totalplay.Common.verifyPropertyExist is PASSED

26-07-2024T17:58:38 - [TEST_STEP][PASSED] - totalplay.Common.verifyPropertyValueExist(AddToCart, shipments_0_shipping_method_name): totalplay.Common.verifyPropertyValueExist is PASSED

26-07-2024T17:58:38 - [MESSAGE][INFO] - Checking response object

26-07-2024T17:58:38 - [MESSAGE][INFO] - pickup

26-07-2024T17:58:38 - [MESSAGE][PASSED] - totalplay.Common.verifyPropertyValueExist is PASSED

26-07-2024T17:58:38 - [TEST_STEP][PASSED] - totalplay.Common.verifyPropertyExist(AddToCart, shipments_0_shipping_method_shipping_promotions_0__type): totalplay.Common.verifyPropertyExist is PASSED

26-07-2024T17:58:38 - [MESSAGE][INFO] - Checking response object

26-07-2024T17:58:38 - [MESSAGE][PASSED] - totalplay.Common.verifyPropertyExist is PASSED

26-07-2024T17:58:38 - [TEST_STEP][PASSED] - totalplay.Common.verifyPropertyValueExist(AddToCart, shipments_0_shipping_method_shipping_promotions_0__type): totalplay.Common.verifyPropertyValueExist is PASSED

26-07-2024T17:58:38 - [MESSAGE][INFO] - Checking response object

26-07-2024T17:58:38 - [MESSAGE][INFO] - shipping_promotion

26-07-2024T17:58:38 - [MESSAGE][PASSED] - totalplay.Common.verifyPropertyValueExist is PASSED

26-07-2024T17:58:38 - [TEST_STEP][PASSED] - totalplay.Common.verifyPropertyExist(AddToCart, shipments_0_shipping_method_shipping_promotions_0_callout_msg): totalplay.Common.verifyPropertyExist is PASSED

26-07-2024T17:58:38 - [MESSAGE][INFO] - Checking response object

26-07-2024T17:58:38 - [MESSAGE][PASSED] - totalplay.Common.verifyPropertyExist is PASSED

26-07-2024T17:58:38 - [TEST_STEP][PASSED] - totalplay.Common.verifyPropertyValueExist(AddToCart, shipments_0_shipping_method_shipping_promotions_0_callout_msg): totalplay.Common.verifyPropertyValueExist is PASSED

26-07-2024T17:58:38 - [MESSAGE][INFO] - Checking response object

26-07-2024T17:58:38 - [MESSAGE][INFO] - freeShippingForFirstOrder

26-07-2024T17:58:38 - [MESSAGE][PASSED] - totalplay.Common.verifyPropertyValueExist is PASSED

26-07-2024T17:58:38 - [TEST_STEP][PASSED] - totalplay.Common.verifyPropertyExist(AddToCart, shipments_0_shipping_method_shipping_promotions_0_link): totalplay.Common.verifyPropertyExist is PASSED

26-07-2024T17:58:38 - [MESSAGE][INFO] - Checking response object

26-07-2024T17:58:38 - [MESSAGE][PASSED] - totalplay.Common.verifyPropertyExist is PASSED

26-07-2024T17:58:38 - [TEST_STEP][PASSED] - totalplay.Common.verifyPropertyValueExist(AddToCart, shipments_0_shipping_method_shipping_promotions_0_link): totalplay.Common.verifyPropertyValueExist is PASSED

26-07-2024T17:58:38 - [MESSAGE][INFO] - Checking response object

26-07-2024T17:58:38 - [MESSAGE][INFO] - https://salesforceqa.sistemastp.com.mx/s/TP-FOOD/dw/shop/v24_5/promotions/8b10c9189b61a9ad6e7cee3531?isHomo=true&sellerId=4158

26-07-2024T17:58:38 - [MESSAGE][PASSED] - totalplay.Common.verifyPropertyValueExist is PASSED

26-07-2024T17:58:38 - [TEST_STEP][PASSED] - totalplay.Common.verifyPropertyExist(AddToCart, shipments_0_shipping_method_shipping_promotions_0_promotion_id): totalplay.Common.verifyPropertyExist is PASSED

26-07-2024T17:58:38 - [MESSAGE][INFO] - Checking response object

26-07-2024T17:58:38 - [MESSAGE][PASSED] - totalplay.Common.verifyPropertyExist is PASSED

26-07-2024T17:58:38 - [TEST_STEP][PASSED] - totalplay.Common.verifyPropertyValueExist(AddToCart, shipments_0_shipping_method_shipping_promotions_0_link): totalplay.Common.verifyPropertyValueExist is PASSED

26-07-2024T17:58:38 - [MESSAGE][INFO] - Checking response object

26-07-2024T17:58:39 - [MESSAGE][INFO] - https://salesforceqa.sistemastp.com.mx/s/TP-FOOD/dw/shop/v24_5/promotions/8b10c9189b61a9ad6e7cee3531?isHomo=true&sellerId=4158

26-07-2024T17:58:39 - [MESSAGE][PASSED] - totalplay.Common.verifyPropertyValueExist is PASSED

26-07-2024T17:58:39 - [TEST_STEP][PASSED] - totalplay.Common.verifyPropertyExist(AddToCart, shipments_0_shipping_method_shipping_promotions_0_promotion_name): totalplay.Common.verifyPropertyExist is PASSED

26-07-2024T17:58:39 - [MESSAGE][INFO] - Checking response object

26-07-2024T17:58:39 - [MESSAGE][PASSED] - totalplay.Common.verifyPropertyExist is PASSED

26-07-2024T17:58:39 - [TEST_STEP][PASSED] - totalplay.Common.verifyPropertyValueExist(AddToCart, shipments_0_shipping_method_shipping_promotions_0_promotion_name): totalplay.Common.verifyPropertyValueExist is PASSED

26-07-2024T17:58:39 - [MESSAGE][INFO] - Checking response object

26-07-2024T17:58:39 - [MESSAGE][INFO] - freeShippingForFirstOrder

26-07-2024T17:58:39 - [MESSAGE][PASSED] - totalplay.Common.verifyPropertyValueExist is PASSED

26-07-2024T17:58:39 - [TEST_STEP][PASSED] - totalplay.Common.verifyPropertyExist(AddToCart, shipments_0_shipping_status): totalplay.Common.verifyPropertyExist is PASSED

26-07-2024T17:58:39 - [MESSAGE][INFO] - Checking response object

26-07-2024T17:58:39 - [MESSAGE][PASSED] - totalplay.Common.verifyPropertyExist is PASSED

26-07-2024T17:58:39 - [TEST_STEP][PASSED] - totalplay.Common.verifyPropertyValueExist(AddToCart, shipments_0_shipping_status): totalplay.Common.verifyPropertyValueExist is PASSED

26-07-2024T17:58:39 - [MESSAGE][INFO] - Checking response object

26-07-2024T17:58:39 - [MESSAGE][INFO] - not_shipped

26-07-2024T17:58:39 - [MESSAGE][PASSED] - totalplay.Common.verifyPropertyValueExist is PASSED

26-07-2024T17:58:39 - [TEST_STEP][PASSED] - totalplay.Common.getDecimalValueofObject(AddToCart, shipments_0_shipping_total): totalplay.Common.getDecimalValueofObject is PASSED

26-07-2024T17:58:39 - [MESSAGE][INFO] - Checking response object

26-07-2024T17:58:39 - [MESSAGE][PASSED] - totalplay.Common.getDecimalValueofObject is PASSED

26-07-2024T17:58:39 - [TEST_STEP][PASSED] - totalplay.Common.getDecimalValueofObject(AddToCart, shipments_0_shipping_total_tax): totalplay.Common.getDecimalValueofObject is PASSED

26-07-2024T17:58:39 - [MESSAGE][INFO] - Checking response object

26-07-2024T17:58:39 - [MESSAGE][PASSED] - totalplay.Common.getDecimalValueofObject is PASSED

26-07-2024T17:58:39 - [TEST_STEP][PASSED] - totalplay.Common.getDecimalValueofObject(AddToCart, shipments_0_tax_total): totalplay.Common.getDecimalValueofObject is PASSED

26-07-2024T17:58:39 - [MESSAGE][INFO] - Checking response object

26-07-2024T17:58:39 - [MESSAGE][PASSED] - totalplay.Common.getDecimalValueofObject is PASSED

26-07-2024T17:58:39 - [TEST_STEP][PASSED] - totalplay.Common.getDecimalValueofObject(AddToCart, shipments_0_c_serviceCharge): totalplay.Common.getDecimalValueofObject is PASSED

26-07-2024T17:58:39 - [MESSAGE][INFO] - Checking response object

26-07-2024T17:58:39 - [MESSAGE][PASSED] - totalplay.Common.getDecimalValueofObject is PASSED

26-07-2024T17:58:39 - [TEST_STEP][PASSED] - totalplay.Common.verifyPropertyExist(AddToCart, shipments_0_c_shippingRates): totalplay.Common.verifyPropertyExist is PASSED

26-07-2024T17:58:39 - [MESSAGE][INFO] - Checking response object

26-07-2024T17:58:39 - [MESSAGE][PASSED] - totalplay.Common.verifyPropertyExist is PASSED

26-07-2024T17:58:39 - [TEST_STEP][PASSED] - totalplay.Common.verifyPropertyValueExist(AddToCart, shipments_0_c_shippingRates): totalplay.Common.verifyPropertyValueExist is PASSED

26-07-2024T17:58:39 - [MESSAGE][INFO] - Checking response object

26-07-2024T17:58:39 - [MESSAGE][INFO] - ["{\"shipCost\":40,\"idCotizacion\":\"PICK000000010587\"}"]

26-07-2024T17:58:39 - [MESSAGE][PASSED] - totalplay.Common.verifyPropertyValueExist is PASSED

26-07-2024T17:58:39 - [TEST_STEP][PASSED] - totalplay.Common.getDecimalValueofObject(AddToCart, shipments_0_c_totalShippingCost): totalplay.Common.getDecimalValueofObject is PASSED

26-07-2024T17:58:39 - [MESSAGE][INFO] - Checking response object

26-07-2024T17:58:39 - [MESSAGE][PASSED] - totalplay.Common.getDecimalValueofObject is PASSED

26-07-2024T17:58:39 - [TEST_STEP][PASSED] - totalplay.Common.verifyPropertyExist(AddToCart, shipping_items_0__type): totalplay.Common.verifyPropertyExist is PASSED

26-07-2024T17:58:39 - [MESSAGE][INFO] - Checking response object

26-07-2024T17:58:39 - [MESSAGE][PASSED] - totalplay.Common.verifyPropertyExist is PASSED

26-07-2024T17:58:39 - [TEST_STEP][PASSED] - totalplay.Common.verifyPropertyValueExist(AddToCart, shipping_items_0__type): totalplay.Common.verifyPropertyValueExist is PASSED

26-07-2024T17:58:39 - [MESSAGE][INFO] - Checking response object

26-07-2024T17:58:39 - [MESSAGE][INFO] - shipping_item

26-07-2024T17:58:39 - [MESSAGE][PASSED] - totalplay.Common.verifyPropertyValueExist is PASSED

26-07-2024T17:58:39 - [TEST_STEP][PASSED] - totalplay.Common.getDecimalValueofObject(AddToCart, shipping_items_0_adjusted_tax): totalplay.Common.getDecimalValueofObject is PASSED

26-07-2024T17:58:39 - [MESSAGE][INFO] - Checking response object

26-07-2024T17:58:39 - [MESSAGE][PASSED] - totalplay.Common.getDecimalValueofObject is PASSED

26-07-2024T17:58:39 - [TEST_STEP][PASSED] - totalplay.Common.getDecimalValueofObject(AddToCart, shipping_items_0_adjusted_tax): totalplay.Common.getDecimalValueofObject is PASSED

26-07-2024T17:58:39 - [MESSAGE][INFO] - Checking response object

26-07-2024T17:58:39 - [MESSAGE][PASSED] - totalplay.Common.getDecimalValueofObject is PASSED

26-07-2024T17:58:39 - [TEST_STEP][PASSED] - totalplay.Common.getDecimalValueofObject(AddToCart, shipping_total): totalplay.Common.getDecimalValueofObject is PASSED

26-07-2024T17:58:39 - [MESSAGE][INFO] - Checking response object

26-07-2024T17:58:39 - [MESSAGE][PASSED] - totalplay.Common.getDecimalValueofObject is PASSED

26-07-2024T17:58:39 - [TEST_STEP][PASSED] - totalplay.Common.getDecimalValueofObject(AddToCart, shipping_total_tax): totalplay.Common.getDecimalValueofObject is PASSED

26-07-2024T17:58:39 - [MESSAGE][INFO] - Checking response object

26-07-2024T17:58:39 - [MESSAGE][PASSED] - totalplay.Common.getDecimalValueofObject is PASSED

26-07-2024T17:58:39 - [TEST_STEP][PASSED] - totalplay.Common.verifyPropertyExist(AddToCart, taxation): totalplay.Common.verifyPropertyExist is PASSED

26-07-2024T17:58:39 - [MESSAGE][INFO] - Checking response object

26-07-2024T17:58:39 - [MESSAGE][PASSED] - totalplay.Common.verifyPropertyExist is PASSED

26-07-2024T17:58:39 - [TEST_STEP][PASSED] - totalplay.Common.verifyPropertyValueExist(AddToCart, taxation): totalplay.Common.verifyPropertyValueExist is PASSED

26-07-2024T17:58:39 - [MESSAGE][INFO] - Checking response object

26-07-2024T17:58:39 - [MESSAGE][INFO] - net

26-07-2024T17:58:39 - [MESSAGE][PASSED] - totalplay.Common.verifyPropertyValueExist is PASSED

26-07-2024T17:58:39 - [TEST_STEP][PASSED] - totalplay.Common.getDecimalValueofObject(AddToCart, tax_total): totalplay.Common.getDecimalValueofObject is PASSED

26-07-2024T17:58:39 - [MESSAGE][INFO] - Checking response object

26-07-2024T17:58:39 - [MESSAGE][PASSED] - totalplay.Common.getDecimalValueofObject is PASSED

26-07-2024T17:58:39 - [TEST_STEP][PASSED] - totalplay.Common.verifyPropertyExist(AddToCart, c_currentCorporate): totalplay.Common.verifyPropertyExist is PASSED

26-07-2024T17:58:39 - [MESSAGE][INFO] - Checking response object

26-07-2024T17:58:39 - [MESSAGE][PASSED] - totalplay.Common.verifyPropertyExist is PASSED

26-07-2024T17:58:39 - [TEST_STEP][PASSED] - totalplay.Common.verifyPropertyValueExist(AddToCart, c_currentCorporate): totalplay.Common.verifyPropertyValueExist is PASSED

26-07-2024T17:58:39 - [MESSAGE][INFO] - Checking response object

26-07-2024T17:58:39 - [MESSAGE][INFO] - LaCasaDeToño

26-07-2024T17:58:39 - [MESSAGE][PASSED] - totalplay.Common.verifyPropertyValueExist is PASSED

26-07-2024T17:58:39 - [TEST_STEP][PASSED] - totalplay.Common.verifyPropertyExist(AddToCart, c_miraklShippingZoneCode): totalplay.Common.verifyPropertyExist is PASSED

26-07-2024T17:58:39 - [MESSAGE][INFO] - Checking response object

26-07-2024T17:58:39 - [MESSAGE][PASSED] - totalplay.Common.verifyPropertyExist is PASSED

26-07-2024T17:58:39 - [TEST_STEP][PASSED] - totalplay.Common.verifyPropertyValueExist(AddToCart, c_miraklShippingZoneCode): totalplay.Common.verifyPropertyValueExist is PASSED

26-07-2024T17:58:39 - [MESSAGE][INFO] - Checking response object

26-07-2024T17:58:39 - [MESSAGE][INFO] - MX

26-07-2024T17:58:39 - [MESSAGE][PASSED] - totalplay.Common.verifyPropertyValueExist is PASSED

26-07-2024T17:58:39 - [TEST_STEP][PASSED] - totalplay.Common.getBooleanValueofObject(AddToCart, tax_rounded_at_group): totalplay.Common.getBooleanValueofObject is PASSED

26-07-2024T17:58:39 - [MESSAGE][INFO] - Checking response object

26-07-2024T17:58:40 - [MESSAGE][PASSED] - totalplay.Common.getBooleanValueofObject is PASSED

26-07-2024T17:58:40 - [TEST_STEP][PASSED] - totalplay.Common.getBooleanValueofObject(AddToCart, temporary_basket): totalplay.Common.getBooleanValueofObject is PASSED

26-07-2024T17:58:40 - [MESSAGE][INFO] - Checking response object

26-07-2024T17:58:40 - [MESSAGE][PASSED] - totalplay.Common.getBooleanValueofObject is PASSED

26-07-2024T17:58:40 - [TEST_STEP][PASSED] - totalplay.Common.getBooleanValueofObject(AddToCart, c_forceDeleteOndemand): totalplay.Common.getBooleanValueofObject is PASSED

26-07-2024T17:58:40 - [MESSAGE][INFO] - Checking response object

26-07-2024T17:58:40 - [MESSAGE][PASSED] - totalplay.Common.getBooleanValueofObject is PASSED

26-07-2024T17:58:40 - [TEST_STEP][PASSED] - totalplay.Common.getBooleanValueofObject(AddToCart, c_isLock): totalplay.Common.getBooleanValueofObject is PASSED

26-07-2024T17:58:40 - [MESSAGE][INFO] - Checking response object

26-07-2024T17:58:40 - [MESSAGE][PASSED] - totalplay.Common.getBooleanValueofObject is PASSED

26-07-2024T17:58:40 - [TEST_STEP][PASSED] - totalplay.Common.getBooleanValueofObject(AddToCart, c_isMiraklOrder): totalplay.Common.getBooleanValueofObject is PASSED

26-07-2024T17:58:40 - [MESSAGE][INFO] - Checking response object

26-07-2024T17:58:40 - [MESSAGE][PASSED] - totalplay.Common.getBooleanValueofObject is PASSED

26-07-2024T17:58:40 - [TEST_STEP][PASSED] - totalplay.Common.verifyPropertyExist(AddToCart, c_pickerExpressShipment): totalplay.Common.verifyPropertyExist is PASSED

26-07-2024T17:58:40 - [MESSAGE][INFO] - Checking response object

26-07-2024T17:58:40 - [MESSAGE][PASSED] - totalplay.Common.verifyPropertyExist is PASSED

26-07-2024T17:58:40 - [TEST_STEP][PASSED] - totalplay.Common.verifyPropertyValueExist(AddToCart, c_pickerExpressShipment): totalplay.Common.verifyPropertyValueExist is PASSED

26-07-2024T17:58:40 - [MESSAGE][INFO] - Checking response object

26-07-2024T17:58:40 - [MESSAGE][INFO] - {"shipCost":40,"idCotizacion":"PICK000000010587"}

26-07-2024T17:58:40 - [MESSAGE][PASSED] - totalplay.Common.verifyPropertyValueExist is PASSED

26-07-2024T17:58:40 - [TEST_STEP][PASSED] - totalplay.Common.verifyPropertyExist(AddToCart, c_seller_id): totalplay.Common.verifyPropertyExist is PASSED

26-07-2024T17:58:40 - [MESSAGE][INFO] - Checking response object

26-07-2024T17:58:40 - [MESSAGE][PASSED] - totalplay.Common.verifyPropertyExist is PASSED

26-07-2024T17:58:40 - [TEST_STEP][PASSED] - totalplay.Common.verifyPropertyValueExist(AddToCart, c_seller_id): totalplay.Common.verifyPropertyValueExist is PASSED

26-07-2024T17:58:40 - [MESSAGE][INFO] - Checking response object

26-07-2024T17:58:40 - [MESSAGE][INFO] - 4158

26-07-2024T17:58:40 - [MESSAGE][PASSED] - totalplay.Common.verifyPropertyValueExist is PASSED

26-07-2024T17:58:40 - [TEST_STEP][PASSED] - totalplay.Common.getDecimalValueofObject(AddToCart, c_serviceChargeTotalGrossPrice): totalplay.Common.getDecimalValueofObject is PASSED

26-07-2024T17:58:40 - [MESSAGE][INFO] - Checking response object

26-07-2024T17:58:40 - [MESSAGE][PASSED] - totalplay.Common.getDecimalValueofObject is PASSED

26-07-2024T17:58:40 - [TEST_STEP][PASSED] - totalplay.Common.getDecimalValueofObject(AddToCart, c_savingsTotal): totalplay.Common.getDecimalValueofObject is PASSED

26-07-2024T17:58:40 - [MESSAGE][INFO] - Checking response object

26-07-2024T17:58:40 - [MESSAGE][PASSED] - totalplay.Common.getDecimalValueofObject is PASSED]]></system-out>
         <system-err><![CDATA[]]></system-err>
      </testcase>
      <system-out><![CDATA[26-07-2024T17:57:18 - [TEST_SUITE][PASSED] - Food_Services: Test Cases/TotalPlay-Food/TC_11_Food_Add_To_Cart]]></system-out>
      <system-err><![CDATA[]]></system-err>
   </testsuite>
</testsuites>
