<?xml version="1.0" encoding="UTF-8"?>
<testsuites name="Food_Service_Normal_Flow_PlaceOrder" time="163.63" tests="11" failures="0" errors="0">
   <testsuite name="Food_Service_Normal_Flow_PlaceOrder" tests="11" failures="0" errors="0" time="163.63" skipped="0" timestamp="03-09-2024T18:13:42" hostname="ShubhamKumarThakur - 192.168.1.7" id="Test Suites/Food_Service_Normal_Flow_PlaceOrder">
      <properties>
         <property name="deviceName" value=""/>
         <property name="devicePlatform"/>
         <property name="logFolder" value="C:\\Users\\ShubhamKumarThakur\\OneDrive - Kognivera\\Documents\\TotalPlay\\totalplay-automation\\Reports\\20240903_181332\\Food_Service_Normal_Flow_PlaceOrder\\20240903_181332"/>
         <property name="logFiles" value="C:\\Users\\ShubhamKumarThakur\\OneDrive - Kognivera\\Documents\\TotalPlay\\totalplay-automation\\Reports\\20240903_181332\\Food_Service_Normal_Flow_PlaceOrder\\20240903_181332\\execution0.log"/>
         <property name="attachments" value=""/>
         <property name="hostName" value="ShubhamKumarThakur - 192.168.1.7"/>
         <property name="hostAddress" value="192.168.1.7"/>
         <property name="os" value="Windows 10 64bit"/>
         <property name="katalonVersion" value="9.6.0.217"/>
      </properties>
      <testcase name="Test Cases/TotalPlay-Food/TC_1_Login_Service" time="10.327" classname="Test Cases/TotalPlay-Food/TC_1_Login_Service" status="PASSED">
         <system-out><![CDATA[03-09-2024T18:13:42 - [TEST_CASE][PASSED] - Test Cases/TotalPlay-Food/TC_1_Login_Service: Test Cases/TotalPlay-Food/TC_1_Login_Service

03-09-2024T18:13:44 - [TEST_STEP][PASSED] - LoginResponse = sendRequest(findTestObject("TotalPlay-Food/getTokenDelivery", ["URL":URL])): Send request successfully

03-09-2024T18:13:44 - [MESSAGE][INFO] - Finding Test Object 'Object Repository/TotalPlay-Food/getTokenDelivery'

03-09-2024T18:13:45 - [MESSAGE][INFO] - Checking request object

03-09-2024T18:13:52 - [MESSAGE][INFO] - HAR: C:\Users\ShubhamKumarThakur\OneDrive - Kognivera\Documents\TotalPlay\totalplay-automation\Reports\20240903_181332\Food_Service_Normal_Flow_PlaceOrder\20240903_181332\requests\main\0.har

03-09-2024T18:13:52 - [MESSAGE][PASSED] - Send request successfully

03-09-2024T18:13:52 - [TEST_STEP][PASSED] - assert getResponseStatusCode(LoginResponse) == 200: Checking response object

03-09-2024T18:13:52 - [MESSAGE][INFO] - Checking response object

03-09-2024T18:13:52 - [TEST_STEP][PASSED] - Auth = "ocapiResponse.access_token": null

03-09-2024T18:13:52 - [TEST_STEP][PASSED] - FoodBascketId = "ocapiResponse.c_basketId_TP_FOOD": null

03-09-2024T18:13:52 - [TEST_STEP][PASSED] - FoodBasId = getElementPropertyValue(LoginResponse, FoodBascketId): Checking response object

03-09-2024T18:13:52 - [MESSAGE][INFO] - Checking response object

03-09-2024T18:13:52 - [TEST_STEP][PASSED] - sfccAuthorization = getElementPropertyValue(LoginResponse, Auth): Checking response object

03-09-2024T18:13:52 - [MESSAGE][INFO] - Checking response object

03-09-2024T18:13:52 - [TEST_STEP][PASSED] - Authorization = "Bearer " + sfccAuthorization: null

03-09-2024T18:13:52 - [TEST_STEP][PASSED] - FoodBasketId = FoodBasId: null

03-09-2024T18:13:52 - [TEST_STEP][PASSED] - logInfo(bm_auth_token): 

03-09-2024T18:13:52 - [MESSAGE][INFO] - 

03-09-2024T18:13:52 - [TEST_STEP][PASSED] - if (sfccAuthorization.length() == 0): null

03-09-2024T18:13:52 - [TEST_STEP][PASSED] - else: authorization generated

03-09-2024T18:13:52 - [TEST_STEP][PASSED] - markPassed("authorization generated"): authorization generated

03-09-2024T18:13:52 - [MESSAGE][PASSED] - authorization generated

03-09-2024T18:13:52 - [TEST_STEP][PASSED] - BasketId_loginResponse = "ocapiResponse.c_basketId": null

03-09-2024T18:13:52 - [TEST_STEP][PASSED] - CustomerId_loginResponse = "ocapiResponse.customer_id": null

03-09-2024T18:13:52 - [TEST_STEP][PASSED] - basketId = getElementPropertyValue(LoginResponse, BasketId_loginResponse): Checking response object

03-09-2024T18:13:52 - [MESSAGE][INFO] - Checking response object

03-09-2024T18:13:52 - [TEST_STEP][PASSED] - customerId = getElementPropertyValue(LoginResponse, CustomerId_loginResponse): Checking response object

03-09-2024T18:13:52 - [MESSAGE][INFO] - Checking response object

03-09-2024T18:13:52 - [TEST_STEP][PASSED] - basketID = basketId: null

03-09-2024T18:13:52 - [TEST_STEP][PASSED] - sla_customerId = customerId: null

03-09-2024T18:13:52 - [TEST_STEP][PASSED] - println(basketID): null

03-09-2024T18:13:52 - [TEST_STEP][PASSED] - println(sla_customerId): null

03-09-2024T18:13:52 - [TEST_STEP][PASSED] - refresh_token = "ocapiResponse.refresh_token": null

03-09-2024T18:13:52 - [TEST_STEP][PASSED] - customer_email = "ocapiResponse.customer_email": null

03-09-2024T18:13:52 - [TEST_STEP][PASSED] - c_brmId = "ocapiResponse.c_brmId": null

03-09-2024T18:13:52 - [TEST_STEP][PASSED] - customer_name = "ocapiResponse.customer_name": null

03-09-2024T18:13:52 - [TEST_STEP][PASSED] - totalplay.Common.verifyPropertyExist(LoginResponse, refresh_token): totalplay.Common.verifyPropertyExist is PASSED

03-09-2024T18:13:52 - [MESSAGE][INFO] - Checking response object

03-09-2024T18:13:52 - [MESSAGE][PASSED] - totalplay.Common.verifyPropertyExist is PASSED

03-09-2024T18:13:52 - [TEST_STEP][PASSED] - totalplay.Common.verifyPropertyValueExist(LoginResponse, refresh_token): totalplay.Common.verifyPropertyValueExist is PASSED

03-09-2024T18:13:52 - [MESSAGE][INFO] - Checking response object

03-09-2024T18:13:52 - [MESSAGE][INFO] - bTZq-PZQ1GlWz561mpsSpSKZdNnUSYav0T2mOwYyZ2o

03-09-2024T18:13:52 - [MESSAGE][PASSED] - totalplay.Common.verifyPropertyValueExist is PASSED

03-09-2024T18:13:52 - [TEST_STEP][PASSED] - totalplay.Common.verifyPropertyExist(LoginResponse, customer_email): totalplay.Common.verifyPropertyExist is PASSED

03-09-2024T18:13:52 - [MESSAGE][INFO] - Checking response object

03-09-2024T18:13:52 - [MESSAGE][PASSED] - totalplay.Common.verifyPropertyExist is PASSED

03-09-2024T18:13:52 - [TEST_STEP][PASSED] - totalplay.Common.verifyPropertyValueExist(LoginResponse, customer_email): totalplay.Common.verifyPropertyValueExist is PASSED

03-09-2024T18:13:52 - [MESSAGE][INFO] - Checking response object

03-09-2024T18:13:52 - [MESSAGE][INFO] - cesar.waldo93@gmail.com

03-09-2024T18:13:52 - [MESSAGE][PASSED] - totalplay.Common.verifyPropertyValueExist is PASSED

03-09-2024T18:13:52 - [TEST_STEP][PASSED] - totalplay.Common.verifyPropertyExist(LoginResponse, customer_name): totalplay.Common.verifyPropertyExist is PASSED

03-09-2024T18:13:52 - [MESSAGE][INFO] - Checking response object

03-09-2024T18:13:52 - [MESSAGE][PASSED] - totalplay.Common.verifyPropertyExist is PASSED

03-09-2024T18:13:52 - [TEST_STEP][PASSED] - totalplay.Common.verifyPropertyValueExist(LoginResponse, customer_name): totalplay.Common.verifyPropertyValueExist is PASSED

03-09-2024T18:13:52 - [MESSAGE][INFO] - Checking response object

03-09-2024T18:13:53 - [MESSAGE][INFO] - CESAR GERARDO WALDO GONZALEZ

03-09-2024T18:13:53 - [MESSAGE][PASSED] - totalplay.Common.verifyPropertyValueExist is PASSED

03-09-2024T18:13:53 - [TEST_STEP][PASSED] - totalplay.Common.verifyPropertyExist(LoginResponse, c_brmId): totalplay.Common.verifyPropertyExist is PASSED

03-09-2024T18:13:53 - [MESSAGE][INFO] - Checking response object

03-09-2024T18:13:53 - [MESSAGE][PASSED] - totalplay.Common.verifyPropertyExist is PASSED

03-09-2024T18:13:53 - [TEST_STEP][PASSED] - totalplay.Common.verifyPropertyValueExist(LoginResponse, c_brmId): totalplay.Common.verifyPropertyValueExist is PASSED

03-09-2024T18:13:53 - [MESSAGE][INFO] - Checking response object

03-09-2024T18:13:53 - [MESSAGE][INFO] - 0106378356

03-09-2024T18:13:53 - [MESSAGE][PASSED] - totalplay.Common.verifyPropertyValueExist is PASSED]]></system-out>
         <system-err><![CDATA[]]></system-err>
      </testcase>
      <testcase name="Test Cases/TotalPlay-Food/TC_2_Food_Store_Listing_Page_(SLP)" time="15.236" classname="Test Cases/TotalPlay-Food/TC_2_Food_Store_Listing_Page_(SLP)" status="PASSED">
         <system-out><![CDATA[03-09-2024T18:13:53 - [TEST_CASE][PASSED] - Test Cases/TotalPlay-Food/TC_2_Food_Store_Listing_Page_(SLP): Test Cases/TotalPlay-Food/TC_2_Food_Store_Listing_Page_(SLP)

03-09-2024T18:13:55 - [TEST_STEP][PASSED] - callTestCase(findTestCase("TotalPlay-Food/TC_1_Login_Service"), [:], STOP_ON_FAILURE): Call Test Case 'Test Cases/TotalPlay-Food/TC_1_Login_Service' successfully

03-09-2024T18:13:55 - [MESSAGE][INFO] - Checking called Test Case

03-09-2024T18:13:55 - [MESSAGE][INFO] - Starting to call Test Case 'Test Cases/TotalPlay-Food/TC_1_Login_Service'

03-09-2024T18:13:55 - [TEST_CASE][PASSED] - Test Cases/TotalPlay-Food/TC_1_Login_Service: Test Cases/TotalPlay-Food/TC_1_Login_Service

03-09-2024T18:13:55 - [TEST_STEP][PASSED] - LoginResponse = sendRequest(findTestObject("TotalPlay-Food/getTokenDelivery", ["URL":URL])): Send request successfully

03-09-2024T18:13:55 - [MESSAGE][INFO] - Finding Test Object 'Object Repository/TotalPlay-Food/getTokenDelivery'

03-09-2024T18:13:55 - [MESSAGE][INFO] - Checking request object

03-09-2024T18:13:58 - [MESSAGE][INFO] - HAR: C:\Users\ShubhamKumarThakur\OneDrive - Kognivera\Documents\TotalPlay\totalplay-automation\Reports\20240903_181332\Food_Service_Normal_Flow_PlaceOrder\20240903_181332\requests\main\1.har

03-09-2024T18:13:58 - [MESSAGE][PASSED] - Send request successfully

03-09-2024T18:13:58 - [TEST_STEP][PASSED] - assert getResponseStatusCode(LoginResponse) == 200: Checking response object

03-09-2024T18:13:58 - [MESSAGE][INFO] - Checking response object

03-09-2024T18:13:58 - [TEST_STEP][PASSED] - Auth = "ocapiResponse.access_token": null

03-09-2024T18:13:58 - [TEST_STEP][PASSED] - FoodBascketId = "ocapiResponse.c_basketId_TP_FOOD": null

03-09-2024T18:13:58 - [TEST_STEP][PASSED] - FoodBasId = getElementPropertyValue(LoginResponse, FoodBascketId): Checking response object

03-09-2024T18:13:58 - [MESSAGE][INFO] - Checking response object

03-09-2024T18:13:58 - [TEST_STEP][PASSED] - sfccAuthorization = getElementPropertyValue(LoginResponse, Auth): Checking response object

03-09-2024T18:13:58 - [MESSAGE][INFO] - Checking response object

03-09-2024T18:13:58 - [TEST_STEP][PASSED] - Authorization = "Bearer " + sfccAuthorization: null

03-09-2024T18:13:58 - [TEST_STEP][PASSED] - FoodBasketId = FoodBasId: null

03-09-2024T18:13:58 - [TEST_STEP][PASSED] - logInfo(bm_auth_token): 

03-09-2024T18:13:58 - [MESSAGE][INFO] - 

03-09-2024T18:13:58 - [TEST_STEP][PASSED] - if (sfccAuthorization.length() == 0): null

03-09-2024T18:13:58 - [TEST_STEP][PASSED] - else: authorization generated

03-09-2024T18:13:58 - [TEST_STEP][PASSED] - markPassed("authorization generated"): authorization generated

03-09-2024T18:13:58 - [MESSAGE][PASSED] - authorization generated

03-09-2024T18:13:58 - [TEST_STEP][PASSED] - BasketId_loginResponse = "ocapiResponse.c_basketId": null

03-09-2024T18:13:58 - [TEST_STEP][PASSED] - CustomerId_loginResponse = "ocapiResponse.customer_id": null

03-09-2024T18:13:58 - [TEST_STEP][PASSED] - basketId = getElementPropertyValue(LoginResponse, BasketId_loginResponse): Checking response object

03-09-2024T18:13:58 - [MESSAGE][INFO] - Checking response object

03-09-2024T18:13:58 - [TEST_STEP][PASSED] - customerId = getElementPropertyValue(LoginResponse, CustomerId_loginResponse): Checking response object

03-09-2024T18:13:58 - [MESSAGE][INFO] - Checking response object

03-09-2024T18:13:58 - [TEST_STEP][PASSED] - basketID = basketId: null

03-09-2024T18:13:58 - [TEST_STEP][PASSED] - sla_customerId = customerId: null

03-09-2024T18:13:58 - [TEST_STEP][PASSED] - println(basketID): null

03-09-2024T18:13:58 - [TEST_STEP][PASSED] - println(sla_customerId): null

03-09-2024T18:13:58 - [TEST_STEP][PASSED] - refresh_token = "ocapiResponse.refresh_token": null

03-09-2024T18:13:58 - [TEST_STEP][PASSED] - customer_email = "ocapiResponse.customer_email": null

03-09-2024T18:13:58 - [TEST_STEP][PASSED] - c_brmId = "ocapiResponse.c_brmId": null

03-09-2024T18:13:58 - [TEST_STEP][PASSED] - customer_name = "ocapiResponse.customer_name": null

03-09-2024T18:13:58 - [TEST_STEP][PASSED] - totalplay.Common.verifyPropertyExist(LoginResponse, refresh_token): totalplay.Common.verifyPropertyExist is PASSED

03-09-2024T18:13:58 - [MESSAGE][INFO] - Checking response object

03-09-2024T18:13:58 - [MESSAGE][PASSED] - totalplay.Common.verifyPropertyExist is PASSED

03-09-2024T18:13:58 - [TEST_STEP][PASSED] - totalplay.Common.verifyPropertyValueExist(LoginResponse, refresh_token): totalplay.Common.verifyPropertyValueExist is PASSED

03-09-2024T18:13:58 - [MESSAGE][INFO] - Checking response object

03-09-2024T18:13:58 - [MESSAGE][INFO] - HAHm0ZjLP8UKR5uxZztFQn8AfygoOqyKdOnOwQscg5w

03-09-2024T18:13:58 - [MESSAGE][PASSED] - totalplay.Common.verifyPropertyValueExist is PASSED

03-09-2024T18:13:58 - [TEST_STEP][PASSED] - totalplay.Common.verifyPropertyExist(LoginResponse, customer_email): totalplay.Common.verifyPropertyExist is PASSED

03-09-2024T18:13:58 - [MESSAGE][INFO] - Checking response object

03-09-2024T18:13:58 - [MESSAGE][PASSED] - totalplay.Common.verifyPropertyExist is PASSED

03-09-2024T18:13:58 - [TEST_STEP][PASSED] - totalplay.Common.verifyPropertyValueExist(LoginResponse, customer_email): totalplay.Common.verifyPropertyValueExist is PASSED

03-09-2024T18:13:58 - [MESSAGE][INFO] - Checking response object

03-09-2024T18:13:58 - [MESSAGE][INFO] - cesar.waldo93@gmail.com

03-09-2024T18:13:58 - [MESSAGE][PASSED] - totalplay.Common.verifyPropertyValueExist is PASSED

03-09-2024T18:13:58 - [TEST_STEP][PASSED] - totalplay.Common.verifyPropertyExist(LoginResponse, customer_name): totalplay.Common.verifyPropertyExist is PASSED

03-09-2024T18:13:58 - [MESSAGE][INFO] - Checking response object

03-09-2024T18:13:58 - [MESSAGE][PASSED] - totalplay.Common.verifyPropertyExist is PASSED

03-09-2024T18:13:58 - [TEST_STEP][PASSED] - totalplay.Common.verifyPropertyValueExist(LoginResponse, customer_name): totalplay.Common.verifyPropertyValueExist is PASSED

03-09-2024T18:13:58 - [MESSAGE][INFO] - Checking response object

03-09-2024T18:13:58 - [MESSAGE][INFO] - CESAR GERARDO WALDO GONZALEZ

03-09-2024T18:13:58 - [MESSAGE][PASSED] - totalplay.Common.verifyPropertyValueExist is PASSED

03-09-2024T18:13:58 - [TEST_STEP][PASSED] - totalplay.Common.verifyPropertyExist(LoginResponse, c_brmId): totalplay.Common.verifyPropertyExist is PASSED

03-09-2024T18:13:58 - [MESSAGE][INFO] - Checking response object

03-09-2024T18:13:58 - [MESSAGE][PASSED] - totalplay.Common.verifyPropertyExist is PASSED

03-09-2024T18:13:58 - [TEST_STEP][PASSED] - totalplay.Common.verifyPropertyValueExist(LoginResponse, c_brmId): totalplay.Common.verifyPropertyValueExist is PASSED

03-09-2024T18:13:58 - [MESSAGE][INFO] - Checking response object

03-09-2024T18:13:58 - [MESSAGE][INFO] - 0106378356

03-09-2024T18:13:58 - [MESSAGE][PASSED] - totalplay.Common.verifyPropertyValueExist is PASSED

03-09-2024T18:13:58 - [MESSAGE][PASSED] - Call Test Case 'Test Cases/TotalPlay-Food/TC_1_Login_Service' successfully

03-09-2024T18:13:58 - [TEST_STEP][PASSED] - FoodSLP = sendRequest(findTestObject("TotalPlay-Food/Food SLP", ["URL":URL])): Send request successfully

03-09-2024T18:13:58 - [MESSAGE][INFO] - Finding Test Object 'Object Repository/TotalPlay-Food/Food SLP'

03-09-2024T18:13:58 - [MESSAGE][INFO] - Checking request object

03-09-2024T18:14:00 - [MESSAGE][INFO] - HAR: C:\Users\ShubhamKumarThakur\OneDrive - Kognivera\Documents\TotalPlay\totalplay-automation\Reports\20240903_181332\Food_Service_Normal_Flow_PlaceOrder\20240903_181332\requests\main\2.har

03-09-2024T18:14:00 - [MESSAGE][PASSED] - Send request successfully

03-09-2024T18:14:00 - [TEST_STEP][PASSED] - verifyResponseStatusCode(FoodSLP, 200): Verify response status code successfully

03-09-2024T18:14:00 - [MESSAGE][INFO] - Checking response object

03-09-2024T18:14:00 - [MESSAGE][PASSED] - Verify response status code successfully

03-09-2024T18:14:00 - [TEST_STEP][PASSED] - pageId = "pageId": null

03-09-2024T18:14:00 - [TEST_STEP][PASSED] - pageTypeId = "pageTypeId": null

03-09-2024T18:14:00 - [TEST_STEP][PASSED] - pageTitle = "pageTitle": null

03-09-2024T18:14:00 - [TEST_STEP][PASSED] - components_0_componentTypeId = "components[0].componentTypeId": null

03-09-2024T18:14:00 - [TEST_STEP][PASSED] - components_0_componentType = "components[0].componentType": null

03-09-2024T18:14:00 - [TEST_STEP][PASSED] - components_0_bannerLayout = "components[0].bannerLayout": null

03-09-2024T18:14:00 - [TEST_STEP][PASSED] - components_0_textHeadline = "components[0].textHeadline": null

03-09-2024T18:14:00 - [TEST_STEP][PASSED] - components_0_componentAssets_0_componentTypeId = "components[0].componentAssets[0].componentTypeId": null

03-09-2024T18:14:00 - [TEST_STEP][PASSED] - components_0_componentAssets_0_componentType = "components[0].componentAssets[0].componentType": null

03-09-2024T18:14:00 - [TEST_STEP][PASSED] - components_0_componentAssets_0_image = "components[0].componentAssets[0].image": null

03-09-2024T18:14:00 - [TEST_STEP][PASSED] - components_0_componentAssets_0_bannerDesc = "components[0].componentAssets[0].bannerDesc": null

03-09-2024T18:14:00 - [TEST_STEP][PASSED] - components_0_componentAssets_0_isAgeRestricted = "components[0].componentAssets[0].isAgeRestricted": null

03-09-2024T18:14:00 - [TEST_STEP][PASSED] - components_0_componentAssets_0_link = "components[0].componentAssets[0].link": null

03-09-2024T18:14:00 - [TEST_STEP][PASSED] - components_0_componentAssets_0_storeSelector_value = "components[0].componentAssets[0].storeSelector.value": null

03-09-2024T18:14:00 - [TEST_STEP][PASSED] - components_0_componentAssets_0_bannerName = "components[0].componentAssets[0].bannerName": null

03-09-2024T18:14:00 - [TEST_STEP][PASSED] - components_0_componentAssets_0_linkType = "components[0].componentAssets[0].linkType": null

03-09-2024T18:14:00 - [TEST_STEP][PASSED] - components_0_componentAssets_0_storeId = "components[0].componentAssets[0].storeId": null

03-09-2024T18:14:00 - [TEST_STEP][PASSED] - components_0_componentAssets_0_promotion = "components[0].componentAssets[0].promotion": null

03-09-2024T18:14:00 - [TEST_STEP][PASSED] - components_0_componentAssets_0_storeName = "components[0].componentAssets[0].storeName": null

03-09-2024T18:14:00 - [TEST_STEP][PASSED] - components_0_componentAssets_0_ID = "components[0].componentAssets[0].ID": null

03-09-2024T18:14:00 - [TEST_STEP][PASSED] - components_0_componentAssets_0_corporateColorCode = "components[0].componentAssets[0].corporateColorCode": null

03-09-2024T18:14:00 - [TEST_STEP][PASSED] - components_0_componentAssets_0_deliveryTime = "components[0].componentAssets[0].deliveryTime": null

03-09-2024T18:14:00 - [TEST_STEP][PASSED] - components_0_componentAssets_0_positionAfter = "components[0].componentAssets[0].positionAfter": null

03-09-2024T18:14:00 - [TEST_STEP][PASSED] - components_1_componentTypeId = "components[1].componentTypeId": null

03-09-2024T18:14:00 - [TEST_STEP][PASSED] - components_1_componentType = "components[1].componentType": null

03-09-2024T18:14:00 - [TEST_STEP][PASSED] - components_1_groupingName = "components[1].groupingName": null

03-09-2024T18:14:00 - [TEST_STEP][PASSED] - components_1_sort = "components[1].sort": null

03-09-2024T18:14:00 - [TEST_STEP][PASSED] - components_1_componentAssets = "components[1].componentAssets": null

03-09-2024T18:14:00 - [TEST_STEP][PASSED] - components_1_componentAssets_0_componentTypeId = "components[1].componentAssets[0].componentTypeId": null

03-09-2024T18:14:00 - [TEST_STEP][PASSED] - components_1_componentAssets_0_componentType = "components[1].componentAssets[0].componentType": null

03-09-2024T18:14:00 - [TEST_STEP][PASSED] - components_1_componentAssets_0_category = "components[1].componentAssets[0].category": null

03-09-2024T18:14:00 - [TEST_STEP][PASSED] - components_1_componentAssets_0_name = "components[1].componentAssets[0].name": null

03-09-2024T18:14:00 - [TEST_STEP][PASSED] - components_1_componentAssets_0_id = "components[1].componentAssets[0].id": null

03-09-2024T18:14:00 - [TEST_STEP][PASSED] - components_1_componentAssets_0_image = "components[1].componentAssets[0].image": null

03-09-2024T18:14:00 - [TEST_STEP][PASSED] - components_1_componentAssets_0_url = "components[1].componentAssets[0].url": null

03-09-2024T18:14:00 - [TEST_STEP][PASSED] - components_1_componentAssets_0_linkType = "components[1].componentAssets[0].linkType": null

03-09-2024T18:14:00 - [TEST_STEP][PASSED] - components_2_viewType = "components[2].viewType": null

03-09-2024T18:14:00 - [TEST_STEP][PASSED] - components_2_heading = "components[2].heading": null

03-09-2024T18:14:00 - [TEST_STEP][PASSED] - components_2_linesToDisplay = "components[2].linesToDisplay": null

03-09-2024T18:14:00 - [TEST_STEP][PASSED] - components_2_componentAssets_0_storeList_0_categories_0_name = "components[2].componentAssets[0].storeList[0].categories[0].name": null

03-09-2024T18:14:00 - [TEST_STEP][PASSED] - components_2_componentAssets_0_storeList_0_categories_0_id = "components[2].componentAssets[0].storeList[0].categories[0].id": null

03-09-2024T18:14:00 - [TEST_STEP][PASSED] - components_2_componentAssets_0_storeList_0_categories_0_image = "components[2].componentAssets[0].storeList[0].categories[0].image": null

03-09-2024T18:14:00 - [TEST_STEP][PASSED] - components_2_componentAssets_0_storeList_0_categories_0_url = "components[2].componentAssets[0].storeList[0].categories[0].url": null

03-09-2024T18:14:00 - [TEST_STEP][PASSED] - components_2_componentAssets_0_storeList_0_categories_0_isLeaf = "components[2].componentAssets[0].storeList[0].categories[0].isLeaf": null

03-09-2024T18:14:00 - [TEST_STEP][PASSED] - components_2_componentAssets_0_storeList_0_ratings = "components[2].componentAssets[0].storeList[0].ratings": null

03-09-2024T18:14:00 - [TEST_STEP][PASSED] - components_2_componentAssets_0_storeList_0_isInRange = "components[2].componentAssets[0].storeList[0].isInRange": null

03-09-2024T18:14:00 - [TEST_STEP][PASSED] - components_2_componentAssets_0_storeList_0_storeOpen = "components[2].componentAssets[0].storeList[0].storeOpen": null

03-09-2024T18:14:00 - [TEST_STEP][PASSED] - components_2_componentAssets_0_storeList_0_OpenHrs = "components[2].componentAssets[0].storeList[0].OpenHrs": null

03-09-2024T18:14:00 - [TEST_STEP][PASSED] - components_2_componentAssets_0_storeList_0_OpenHrs_time_0_openingTime = "components[2].componentAssets[0].storeList[0].OpenHrs.time[0].openingTime": null

03-09-2024T18:14:00 - [TEST_STEP][PASSED] - components_2_componentAssets_0_storeList_0_OpenHrs_time_0_closingTime = "components[2].componentAssets[0].storeList[0].OpenHrs.time[0].closingTime": null

03-09-2024T18:14:00 - [TEST_STEP][PASSED] - components_2_componentAssets_0_storeList_0_OpenHrs_closed = "components[2].componentAssets[0].storeList[0].OpenHrs.closed": null

03-09-2024T18:14:00 - [TEST_STEP][PASSED] - components_2_componentAssets_0_storeList_0_OpenHrs_day = "components[2].componentAssets[0].storeList[0].OpenHrs.day": null

03-09-2024T18:14:00 - [TEST_STEP][PASSED] - components_2_componentAssets_0_storeList_0_link = "components[2].componentAssets[0].storeList[0].link": null

03-09-2024T18:14:00 - [TEST_STEP][PASSED] - components_2_componentAssets_0_storeList_0_linkType = "components[2].componentAssets[0].storeList[0].linkType": null

03-09-2024T18:14:00 - [TEST_STEP][PASSED] - components_2_componentAssets_0_storeList_0_ondemandEDD = "components[2].componentAssets[0].storeList[0].ondemandEDD": null

03-09-2024T18:14:00 - [TEST_STEP][PASSED] - components_2_componentAssets_1_componentTypeId = "components[2].componentAssets[1].componentTypeId": null

03-09-2024T18:14:00 - [TEST_STEP][PASSED] - components_2_componentAssets_1_componentType = "components[2].componentAssets[1].componentType": null

03-09-2024T18:14:00 - [TEST_STEP][PASSED] - components_2_componentAssets_1_storeSelector_value = "components[2].componentAssets[1].storeSelector.value": null

03-09-2024T18:14:00 - [TEST_STEP][PASSED] - components_2_componentAssets_1_linkType = "components[2].componentAssets[1].linkType": null

03-09-2024T18:14:00 - [TEST_STEP][PASSED] - components_2_componentAssets_1_nodesLength = "components[2].componentAssets[1].nodesLength": null

03-09-2024T18:14:00 - [TEST_STEP][PASSED] - components_2_componentAssets_1_link = "components[2].componentAssets[1].link": null

03-09-2024T18:14:00 - [TEST_STEP][PASSED] - components_2_componentAssets_1_storeList_0_ID = "components[2].componentAssets[1].storeList[0].ID": null

03-09-2024T18:14:00 - [TEST_STEP][PASSED] - components_2_componentAssets_1_storeList_0_name = "components[2].componentAssets[1].storeList[0].name": null

03-09-2024T18:14:00 - [TEST_STEP][PASSED] - components_2_componentAssets_1_storeList_0_logo = "components[2].componentAssets[1].storeList[0].logo": null

03-09-2024T18:14:00 - [TEST_STEP][PASSED] - components_2_componentAssets_1_storeList_0_bannerImage = "components[2].componentAssets[1].storeList[0].bannerImage": null

03-09-2024T18:14:00 - [TEST_STEP][PASSED] - components_2_componentAssets_1_storeList_0_corporateColorCode = "components[2].componentAssets[1].storeList[0].corporateColorCode": null

03-09-2024T18:14:00 - [TEST_STEP][PASSED] - components_2_componentAssets_1_storeList_0_corporateName = "components[2].componentAssets[1].storeList[0].corporateName": null

03-09-2024T18:14:00 - [TEST_STEP][PASSED] - components_2_componentAssets_1_storeList_0_isInRange = "components[2].componentAssets[1].storeList[0].isInRange": null

03-09-2024T18:14:00 - [TEST_STEP][PASSED] - components_2_componentAssets_1_storeList_0_storeOpen = "components[2].componentAssets[1].storeList[0].storeOpen": null

03-09-2024T18:14:00 - [TEST_STEP][PASSED] - components_2_componentAssets_1_storeList_0_link = "components[2].componentAssets[1].storeList[0].link": null

03-09-2024T18:14:00 - [TEST_STEP][PASSED] - components_2_componentAssets_1_storeList_0_linkType = "components[2].componentAssets[1].storeList[0].linkType": null

03-09-2024T18:14:00 - [TEST_STEP][PASSED] - components_2_componentAssets_1_storeList_0_ondemandEDD = "components[2].componentAssets[1].storeList[0].ondemandEDD": null

03-09-2024T18:14:00 - [TEST_STEP][PASSED] - components_3_carouselHeading = "components[3].carouselHeading": null

03-09-2024T18:14:00 - [TEST_STEP][PASSED] - components_3_viewType = "components[3].viewType": null

03-09-2024T18:14:00 - [TEST_STEP][PASSED] - components_3_linesToDisplay = "components[3].linesToDisplay": null

03-09-2024T18:14:00 - [TEST_STEP][PASSED] - components_3_heading = "components[3].heading": null

03-09-2024T18:14:00 - [TEST_STEP][PASSED] - components_3_componentAssets = "components[3].componentAssets": null

03-09-2024T18:14:00 - [TEST_STEP][PASSED] - components_3_componentAssets_0 = "components[3].componentAssets[0]": null

03-09-2024T18:14:00 - [TEST_STEP][PASSED] - totalplay.Common.verifyPropertyExist(FoodSLP, pageId): totalplay.Common.verifyPropertyExist is PASSED

03-09-2024T18:14:00 - [MESSAGE][INFO] - Checking response object

03-09-2024T18:14:00 - [MESSAGE][PASSED] - totalplay.Common.verifyPropertyExist is PASSED

03-09-2024T18:14:00 - [TEST_STEP][PASSED] - totalplay.Common.verifyPropertyValueExist(FoodSLP, pageId): totalplay.Common.verifyPropertyValueExist is PASSED

03-09-2024T18:14:00 - [MESSAGE][INFO] - Checking response object

03-09-2024T18:14:00 - [MESSAGE][INFO] - storelistingpage

03-09-2024T18:14:00 - [MESSAGE][PASSED] - totalplay.Common.verifyPropertyValueExist is PASSED

03-09-2024T18:14:00 - [TEST_STEP][PASSED] - totalplay.Common.verifyPropertyExist(FoodSLP, pageTypeId): totalplay.Common.verifyPropertyExist is PASSED

03-09-2024T18:14:00 - [MESSAGE][INFO] - Checking response object

03-09-2024T18:14:00 - [MESSAGE][PASSED] - totalplay.Common.verifyPropertyExist is PASSED

03-09-2024T18:14:00 - [TEST_STEP][PASSED] - totalplay.Common.verifyPropertyValueExist(FoodSLP, pageTypeId): totalplay.Common.verifyPropertyValueExist is PASSED

03-09-2024T18:14:00 - [MESSAGE][INFO] - Checking response object

03-09-2024T18:14:00 - [MESSAGE][INFO] - FoodStoreListing

03-09-2024T18:14:00 - [MESSAGE][PASSED] - totalplay.Common.verifyPropertyValueExist is PASSED

03-09-2024T18:14:00 - [TEST_STEP][PASSED] - totalplay.Common.verifyPropertyExist(FoodSLP, pageTitle): totalplay.Common.verifyPropertyExist is PASSED

03-09-2024T18:14:00 - [MESSAGE][INFO] - Checking response object

03-09-2024T18:14:00 - [MESSAGE][PASSED] - totalplay.Common.verifyPropertyExist is PASSED

03-09-2024T18:14:00 - [TEST_STEP][PASSED] - totalplay.Common.verifyPropertyValueExist(FoodSLP, pageTitle): totalplay.Common.verifyPropertyValueExist is PASSED

03-09-2024T18:14:00 - [MESSAGE][INFO] - Checking response object

03-09-2024T18:14:00 - [MESSAGE][INFO] - Store Listing Page (SLP) - Resturant

03-09-2024T18:14:00 - [MESSAGE][PASSED] - totalplay.Common.verifyPropertyValueExist is PASSED

03-09-2024T18:14:00 - [TEST_STEP][PASSED] - totalplay.Common.verifyPropertyExist(FoodSLP, components_0_componentTypeId): totalplay.Common.verifyPropertyExist is PASSED

03-09-2024T18:14:00 - [MESSAGE][INFO] - Checking response object

03-09-2024T18:14:00 - [MESSAGE][PASSED] - totalplay.Common.verifyPropertyExist is PASSED

03-09-2024T18:14:00 - [TEST_STEP][PASSED] - totalplay.Common.verifyPropertyValueExist(FoodSLP, components_0_componentTypeId): totalplay.Common.verifyPropertyValueExist is PASSED

03-09-2024T18:14:00 - [MESSAGE][INFO] - Checking response object

03-09-2024T18:14:01 - [MESSAGE][INFO] - commerce_layouts.FoodHomeCarousel

03-09-2024T18:14:01 - [MESSAGE][PASSED] - totalplay.Common.verifyPropertyValueExist is PASSED

03-09-2024T18:14:01 - [TEST_STEP][PASSED] - totalplay.Common.verifyPropertyExist(FoodSLP, components_0_componentType): totalplay.Common.verifyPropertyExist is PASSED

03-09-2024T18:14:01 - [MESSAGE][INFO] - Checking response object

03-09-2024T18:14:01 - [MESSAGE][PASSED] - totalplay.Common.verifyPropertyExist is PASSED

03-09-2024T18:14:01 - [TEST_STEP][PASSED] - totalplay.Common.verifyPropertyValueExist(FoodSLP, components_0_componentType): totalplay.Common.verifyPropertyValueExist is PASSED

03-09-2024T18:14:01 - [MESSAGE][INFO] - Checking response object

03-09-2024T18:14:01 - [MESSAGE][INFO] - commerce_layouts

03-09-2024T18:14:01 - [MESSAGE][PASSED] - totalplay.Common.verifyPropertyValueExist is PASSED

03-09-2024T18:14:01 - [TEST_STEP][PASSED] - totalplay.Common.verifyPropertyExist(FoodSLP, components_0_bannerLayout): totalplay.Common.verifyPropertyExist is PASSED

03-09-2024T18:14:01 - [MESSAGE][INFO] - Checking response object

03-09-2024T18:14:01 - [MESSAGE][PASSED] - totalplay.Common.verifyPropertyExist is PASSED

03-09-2024T18:14:01 - [TEST_STEP][PASSED] - totalplay.Common.verifyPropertyValueExist(FoodSLP, components_0_bannerLayout): totalplay.Common.verifyPropertyValueExist is PASSED

03-09-2024T18:14:01 - [MESSAGE][INFO] - Checking response object

03-09-2024T18:14:01 - [MESSAGE][INFO] - hero display

03-09-2024T18:14:01 - [MESSAGE][PASSED] - totalplay.Common.verifyPropertyValueExist is PASSED

03-09-2024T18:14:01 - [TEST_STEP][PASSED] - totalplay.Common.verifyPropertyExist(FoodSLP, components_0_textHeadline): totalplay.Common.verifyPropertyExist is PASSED

03-09-2024T18:14:01 - [MESSAGE][INFO] - Checking response object

03-09-2024T18:14:01 - [MESSAGE][PASSED] - totalplay.Common.verifyPropertyExist is PASSED

03-09-2024T18:14:01 - [TEST_STEP][PASSED] - totalplay.Common.verifyPropertyValueExist(FoodSLP, components_0_textHeadline): totalplay.Common.verifyPropertyValueExist is PASSED

03-09-2024T18:14:01 - [MESSAGE][INFO] - Checking response object

03-09-2024T18:14:01 - [MESSAGE][INFO] - hero banner

03-09-2024T18:14:01 - [MESSAGE][PASSED] - totalplay.Common.verifyPropertyValueExist is PASSED

03-09-2024T18:14:01 - [TEST_STEP][PASSED] - totalplay.Common.verifyPropertyExist(FoodSLP, components_0_componentAssets_0_componentTypeId): totalplay.Common.verifyPropertyExist is PASSED

03-09-2024T18:14:01 - [MESSAGE][INFO] - Checking response object

03-09-2024T18:14:01 - [MESSAGE][PASSED] - totalplay.Common.verifyPropertyExist is PASSED

03-09-2024T18:14:01 - [TEST_STEP][PASSED] - totalplay.Common.verifyPropertyValueExist(FoodSLP, components_0_componentAssets_0_componentTypeId): totalplay.Common.verifyPropertyValueExist is PASSED

03-09-2024T18:14:01 - [MESSAGE][INFO] - Checking response object

03-09-2024T18:14:01 - [MESSAGE][INFO] - commerce_assets.FoodHomeBanner

03-09-2024T18:14:01 - [MESSAGE][PASSED] - totalplay.Common.verifyPropertyValueExist is PASSED

03-09-2024T18:14:01 - [TEST_STEP][PASSED] - totalplay.Common.verifyPropertyExist(FoodSLP, components_0_componentAssets_0_componentType): totalplay.Common.verifyPropertyExist is PASSED

03-09-2024T18:14:01 - [MESSAGE][INFO] - Checking response object

03-09-2024T18:14:01 - [MESSAGE][PASSED] - totalplay.Common.verifyPropertyExist is PASSED

03-09-2024T18:14:01 - [TEST_STEP][PASSED] - totalplay.Common.verifyPropertyValueExist(FoodSLP, components_0_componentAssets_0_componentType): totalplay.Common.verifyPropertyValueExist is PASSED

03-09-2024T18:14:01 - [MESSAGE][INFO] - Checking response object

03-09-2024T18:14:01 - [MESSAGE][INFO] - commerce_assets

03-09-2024T18:14:01 - [MESSAGE][PASSED] - totalplay.Common.verifyPropertyValueExist is PASSED

03-09-2024T18:14:01 - [TEST_STEP][PASSED] - totalplay.Common.verifyPropertyExist(FoodSLP, components_0_componentAssets_0_image): totalplay.Common.verifyPropertyExist is PASSED

03-09-2024T18:14:01 - [MESSAGE][INFO] - Checking response object

03-09-2024T18:14:02 - [MESSAGE][PASSED] - totalplay.Common.verifyPropertyExist is PASSED

03-09-2024T18:14:02 - [TEST_STEP][PASSED] - totalplay.Common.verifyPropertyValueExist(FoodSLP, components_0_componentAssets_0_image): totalplay.Common.verifyPropertyValueExist is PASSED

03-09-2024T18:14:02 - [MESSAGE][INFO] - Checking response object

03-09-2024T18:14:02 - [MESSAGE][INFO] - https://salesforceqa.sistemastp.com.mx/dw/image/v2/BJCL_DEV/on/demandware.static/-/Sites-TP-FOOD-Library/default/dw38fd802d/mirakl/banner1.jpg

03-09-2024T18:14:02 - [MESSAGE][PASSED] - totalplay.Common.verifyPropertyValueExist is PASSED

03-09-2024T18:14:02 - [TEST_STEP][PASSED] - totalplay.Common.verifyPropertyExist(FoodSLP, components_0_componentAssets_0_image): totalplay.Common.verifyPropertyExist is PASSED

03-09-2024T18:14:02 - [MESSAGE][INFO] - Checking response object

03-09-2024T18:14:02 - [MESSAGE][PASSED] - totalplay.Common.verifyPropertyExist is PASSED

03-09-2024T18:14:02 - [TEST_STEP][PASSED] - totalplay.Common.verifyPropertyValueExist(FoodSLP, components_0_componentAssets_0_image): totalplay.Common.verifyPropertyValueExist is PASSED

03-09-2024T18:14:02 - [MESSAGE][INFO] - Checking response object

03-09-2024T18:14:02 - [MESSAGE][INFO] - https://salesforceqa.sistemastp.com.mx/dw/image/v2/BJCL_DEV/on/demandware.static/-/Sites-TP-FOOD-Library/default/dw38fd802d/mirakl/banner1.jpg

03-09-2024T18:14:02 - [MESSAGE][PASSED] - totalplay.Common.verifyPropertyValueExist is PASSED

03-09-2024T18:14:02 - [TEST_STEP][PASSED] - totalplay.Common.getBooleanValueofObject(FoodSLP, components_0_componentAssets_0_bannerDesc): totalplay.Common.getBooleanValueofObject is PASSED

03-09-2024T18:14:02 - [MESSAGE][INFO] - Checking response object

03-09-2024T18:14:02 - [MESSAGE][PASSED] - totalplay.Common.getBooleanValueofObject is PASSED

03-09-2024T18:14:02 - [TEST_STEP][PASSED] - totalplay.Common.verifyPropertyExist(FoodSLP, components_0_componentAssets_0_link): totalplay.Common.verifyPropertyExist is PASSED

03-09-2024T18:14:02 - [MESSAGE][INFO] - Checking response object

03-09-2024T18:14:02 - [MESSAGE][PASSED] - totalplay.Common.verifyPropertyExist is PASSED

03-09-2024T18:14:02 - [TEST_STEP][PASSED] - totalplay.Common.verifyPropertyValueExist(FoodSLP, components_0_componentAssets_0_link): totalplay.Common.verifyPropertyValueExist is PASSED

03-09-2024T18:14:02 - [MESSAGE][INFO] - Checking response object

03-09-2024T18:14:02 - [MESSAGE][INFO] - /on/demandware.store/Sites-TP-FOOD-Site/es/OnDemand-Show?isOndemand=true&corporateName=LosDeCeci

03-09-2024T18:14:02 - [MESSAGE][PASSED] - totalplay.Common.verifyPropertyValueExist is PASSED

03-09-2024T18:14:02 - [TEST_STEP][PASSED] - totalplay.Common.verifyPropertyExist(FoodSLP, components_0_componentAssets_0_storeSelector_value): totalplay.Common.verifyPropertyExist is PASSED

03-09-2024T18:14:02 - [MESSAGE][INFO] - Checking response object

03-09-2024T18:14:02 - [MESSAGE][PASSED] - totalplay.Common.verifyPropertyExist is PASSED

03-09-2024T18:14:02 - [TEST_STEP][PASSED] - totalplay.Common.verifyPropertyValueExist(FoodSLP, components_0_componentAssets_0_storeSelector_value): totalplay.Common.verifyPropertyValueExist is PASSED

03-09-2024T18:14:02 - [MESSAGE][INFO] - Checking response object

03-09-2024T18:14:02 - [MESSAGE][INFO] - 2049,2069,2071,2072,

03-09-2024T18:14:02 - [MESSAGE][PASSED] - totalplay.Common.verifyPropertyValueExist is PASSED

03-09-2024T18:14:02 - [TEST_STEP][PASSED] - totalplay.Common.verifyPropertyExist(FoodSLP, components_0_componentAssets_0_bannerName): totalplay.Common.verifyPropertyExist is PASSED

03-09-2024T18:14:02 - [MESSAGE][INFO] - Checking response object

03-09-2024T18:14:02 - [MESSAGE][PASSED] - totalplay.Common.verifyPropertyExist is PASSED

03-09-2024T18:14:02 - [TEST_STEP][PASSED] - totalplay.Common.verifyPropertyValueExist(FoodSLP, components_0_componentAssets_0_bannerName): totalplay.Common.verifyPropertyValueExist is PASSED

03-09-2024T18:14:02 - [MESSAGE][INFO] - Checking response object

03-09-2024T18:14:02 - [MESSAGE][INFO] - Activación de crédito 

03-09-2024T18:14:02 - [MESSAGE][PASSED] - totalplay.Common.verifyPropertyValueExist is PASSED

03-09-2024T18:14:02 - [TEST_STEP][PASSED] - totalplay.Common.verifyPropertyExist(FoodSLP, components_0_componentAssets_0_linkType): totalplay.Common.verifyPropertyExist is PASSED

03-09-2024T18:14:02 - [MESSAGE][INFO] - Checking response object

03-09-2024T18:14:02 - [MESSAGE][PASSED] - totalplay.Common.verifyPropertyExist is PASSED

03-09-2024T18:14:02 - [TEST_STEP][PASSED] - totalplay.Common.verifyPropertyValueExist(FoodSLP, components_0_componentAssets_0_linkType): totalplay.Common.verifyPropertyValueExist is PASSED

03-09-2024T18:14:02 - [MESSAGE][INFO] - Checking response object

03-09-2024T18:14:02 - [MESSAGE][INFO] - CreditoFlow

03-09-2024T18:14:02 - [MESSAGE][PASSED] - totalplay.Common.verifyPropertyValueExist is PASSED

03-09-2024T18:14:02 - [TEST_STEP][PASSED] - totalplay.Common.verifyPropertyExist(FoodSLP, components_0_componentAssets_0_linkType): totalplay.Common.verifyPropertyExist is PASSED

03-09-2024T18:14:02 - [MESSAGE][INFO] - Checking response object

03-09-2024T18:14:02 - [MESSAGE][PASSED] - totalplay.Common.verifyPropertyExist is PASSED

03-09-2024T18:14:02 - [TEST_STEP][PASSED] - totalplay.Common.verifyPropertyValueExist(FoodSLP, components_0_componentAssets_0_linkType): totalplay.Common.verifyPropertyValueExist is PASSED

03-09-2024T18:14:02 - [MESSAGE][INFO] - Checking response object

03-09-2024T18:14:03 - [MESSAGE][INFO] - CreditoFlow

03-09-2024T18:14:03 - [MESSAGE][PASSED] - totalplay.Common.verifyPropertyValueExist is PASSED

03-09-2024T18:14:03 - [TEST_STEP][PASSED] - totalplay.Common.verifyPropertyExist(FoodSLP, components_0_componentAssets_0_promotion): totalplay.Common.verifyPropertyExist is PASSED

03-09-2024T18:14:03 - [MESSAGE][INFO] - Checking response object

03-09-2024T18:14:03 - [MESSAGE][PASSED] - totalplay.Common.verifyPropertyExist is PASSED

03-09-2024T18:14:03 - [TEST_STEP][PASSED] - totalplay.Common.verifyPropertyValueExist(FoodSLP, components_0_componentAssets_0_promotion): totalplay.Common.verifyPropertyValueExist is PASSED

03-09-2024T18:14:03 - [MESSAGE][INFO] - Checking response object

03-09-2024T18:14:03 - [MESSAGE][INFO] - 1

03-09-2024T18:14:03 - [MESSAGE][PASSED] - totalplay.Common.verifyPropertyValueExist is PASSED

03-09-2024T18:14:03 - [TEST_STEP][PASSED] - totalplay.Common.verifyPropertyExist(FoodSLP, components_0_componentAssets_0_storeName): totalplay.Common.verifyPropertyExist is PASSED

03-09-2024T18:14:03 - [MESSAGE][INFO] - Checking response object

03-09-2024T18:14:03 - [MESSAGE][PASSED] - totalplay.Common.verifyPropertyExist is PASSED

03-09-2024T18:14:03 - [TEST_STEP][PASSED] - totalplay.Common.verifyPropertyValueExist(FoodSLP, components_0_componentAssets_0_storeName): totalplay.Common.verifyPropertyValueExist is PASSED

03-09-2024T18:14:03 - [MESSAGE][INFO] - Checking response object

03-09-2024T18:14:03 - [MESSAGE][INFO] - Activación de crédito 

03-09-2024T18:14:03 - [MESSAGE][PASSED] - totalplay.Common.verifyPropertyValueExist is PASSED

03-09-2024T18:14:03 - [TEST_STEP][PASSED] - totalplay.Common.verifyPropertyExist(FoodSLP, components_0_componentAssets_0_ID): totalplay.Common.verifyPropertyExist is PASSED

03-09-2024T18:14:03 - [MESSAGE][INFO] - Checking response object

03-09-2024T18:14:03 - [MESSAGE][PASSED] - totalplay.Common.verifyPropertyExist is PASSED

03-09-2024T18:14:03 - [TEST_STEP][PASSED] - totalplay.Common.verifyPropertyValueExist(FoodSLP, components_0_componentAssets_0_ID): totalplay.Common.verifyPropertyValueExist is PASSED

03-09-2024T18:14:03 - [MESSAGE][INFO] - Checking response object

03-09-2024T18:14:03 - [MESSAGE][INFO] - 4924

03-09-2024T18:14:03 - [MESSAGE][PASSED] - totalplay.Common.verifyPropertyValueExist is PASSED

03-09-2024T18:14:03 - [TEST_STEP][PASSED] - totalplay.Common.verifyPropertyValueEmptyString(FoodSLP, components_0_componentAssets_0_corporateColorCode): totalplay.Common.verifyPropertyValueEmptyString is PASSED

03-09-2024T18:14:03 - [MESSAGE][INFO] - Checking response object

03-09-2024T18:14:03 - [MESSAGE][INFO] - 

03-09-2024T18:14:03 - [MESSAGE][PASSED] - totalplay.Common.verifyPropertyValueEmptyString is PASSED

03-09-2024T18:14:03 - [TEST_STEP][PASSED] - totalplay.Common.verifyPropertyValueEmptyString(FoodSLP, components_0_componentAssets_0_deliveryTime): totalplay.Common.verifyPropertyValueEmptyString is PASSED

03-09-2024T18:14:03 - [MESSAGE][INFO] - Checking response object

03-09-2024T18:14:03 - [MESSAGE][INFO] - 

03-09-2024T18:14:03 - [MESSAGE][PASSED] - totalplay.Common.verifyPropertyValueEmptyString is PASSED

03-09-2024T18:14:03 - [TEST_STEP][PASSED] - totalplay.Common.verifyPropertyValueEmptyString(FoodSLP, components_0_componentAssets_0_positionAfter): totalplay.Common.verifyPropertyValueEmptyString is PASSED

03-09-2024T18:14:03 - [MESSAGE][INFO] - Checking response object

03-09-2024T18:14:03 - [MESSAGE][INFO] - 

03-09-2024T18:14:03 - [MESSAGE][PASSED] - totalplay.Common.verifyPropertyValueEmptyString is PASSED

03-09-2024T18:14:03 - [TEST_STEP][PASSED] - totalplay.Common.verifyPropertyExist(FoodSLP, components_1_componentTypeId): totalplay.Common.verifyPropertyExist is PASSED

03-09-2024T18:14:03 - [MESSAGE][INFO] - Checking response object

03-09-2024T18:14:03 - [MESSAGE][PASSED] - totalplay.Common.verifyPropertyExist is PASSED

03-09-2024T18:14:03 - [TEST_STEP][PASSED] - totalplay.Common.verifyPropertyValueExist(FoodSLP, components_1_componentTypeId): totalplay.Common.verifyPropertyValueExist is PASSED

03-09-2024T18:14:03 - [MESSAGE][INFO] - Checking response object

03-09-2024T18:14:03 - [MESSAGE][INFO] - commerce_layouts.FoodStoreCategoryGroup

03-09-2024T18:14:03 - [MESSAGE][PASSED] - totalplay.Common.verifyPropertyValueExist is PASSED

03-09-2024T18:14:03 - [TEST_STEP][PASSED] - totalplay.Common.verifyPropertyExist(FoodSLP, components_1_componentType): totalplay.Common.verifyPropertyExist is PASSED

03-09-2024T18:14:03 - [MESSAGE][INFO] - Checking response object

03-09-2024T18:14:03 - [MESSAGE][PASSED] - totalplay.Common.verifyPropertyExist is PASSED

03-09-2024T18:14:03 - [TEST_STEP][PASSED] - totalplay.Common.verifyPropertyValueExist(FoodSLP, components_1_componentType): totalplay.Common.verifyPropertyValueExist is PASSED

03-09-2024T18:14:03 - [MESSAGE][INFO] - Checking response object

03-09-2024T18:14:03 - [MESSAGE][INFO] - commerce_layouts

03-09-2024T18:14:03 - [MESSAGE][PASSED] - totalplay.Common.verifyPropertyValueExist is PASSED

03-09-2024T18:14:03 - [TEST_STEP][PASSED] - totalplay.Common.verifyPropertyExist(FoodSLP, components_1_groupingName): totalplay.Common.verifyPropertyExist is PASSED

03-09-2024T18:14:03 - [MESSAGE][INFO] - Checking response object

03-09-2024T18:14:03 - [MESSAGE][PASSED] - totalplay.Common.verifyPropertyExist is PASSED

03-09-2024T18:14:03 - [TEST_STEP][PASSED] - totalplay.Common.verifyPropertyValueExist(FoodSLP, components_1_groupingName): totalplay.Common.verifyPropertyValueExist is PASSED

03-09-2024T18:14:03 - [MESSAGE][INFO] - Checking response object

03-09-2024T18:14:03 - [MESSAGE][INFO] - Categories

03-09-2024T18:14:03 - [MESSAGE][PASSED] - totalplay.Common.verifyPropertyValueExist is PASSED

03-09-2024T18:14:03 - [TEST_STEP][PASSED] - totalplay.Common.verifyPropertyExist(FoodSLP, components_1_sort): totalplay.Common.verifyPropertyExist is PASSED

03-09-2024T18:14:03 - [MESSAGE][INFO] - Checking response object

03-09-2024T18:14:03 - [MESSAGE][PASSED] - totalplay.Common.verifyPropertyExist is PASSED

03-09-2024T18:14:03 - [TEST_STEP][PASSED] - totalplay.Common.verifyPropertyValueExist(FoodSLP, components_1_sort): totalplay.Common.verifyPropertyValueExist is PASSED

03-09-2024T18:14:03 - [MESSAGE][INFO] - Checking response object

03-09-2024T18:14:04 - [MESSAGE][INFO] - configured

03-09-2024T18:14:04 - [MESSAGE][PASSED] - totalplay.Common.verifyPropertyValueExist is PASSED

03-09-2024T18:14:04 - [TEST_STEP][PASSED] - totalplay.Common.verifyPropertyExist(FoodSLP, components_1_componentAssets_0_componentTypeId): totalplay.Common.verifyPropertyExist is PASSED

03-09-2024T18:14:04 - [MESSAGE][INFO] - Checking response object

03-09-2024T18:14:04 - [MESSAGE][PASSED] - totalplay.Common.verifyPropertyExist is PASSED

03-09-2024T18:14:04 - [TEST_STEP][PASSED] - totalplay.Common.verifyPropertyValueExist(FoodSLP, components_1_componentAssets_0_componentTypeId): totalplay.Common.verifyPropertyValueExist is PASSED

03-09-2024T18:14:04 - [MESSAGE][INFO] - Checking response object

03-09-2024T18:14:04 - [MESSAGE][INFO] - commerce_assets.FoodCategorySelector

03-09-2024T18:14:04 - [MESSAGE][PASSED] - totalplay.Common.verifyPropertyValueExist is PASSED

03-09-2024T18:14:04 - [TEST_STEP][PASSED] - totalplay.Common.verifyPropertyExist(FoodSLP, components_1_componentAssets_0_componentType): totalplay.Common.verifyPropertyExist is PASSED

03-09-2024T18:14:04 - [MESSAGE][INFO] - Checking response object

03-09-2024T18:14:04 - [MESSAGE][PASSED] - totalplay.Common.verifyPropertyExist is PASSED

03-09-2024T18:14:04 - [TEST_STEP][PASSED] - totalplay.Common.verifyPropertyValueExist(FoodSLP, components_1_componentAssets_0_componentType): totalplay.Common.verifyPropertyValueExist is PASSED

03-09-2024T18:14:04 - [MESSAGE][INFO] - Checking response object

03-09-2024T18:14:04 - [MESSAGE][INFO] - commerce_assets

03-09-2024T18:14:04 - [MESSAGE][PASSED] - totalplay.Common.verifyPropertyValueExist is PASSED

03-09-2024T18:14:04 - [TEST_STEP][PASSED] - totalplay.Common.verifyPropertyExist(FoodSLP, components_1_componentAssets_0_category): totalplay.Common.verifyPropertyExist is PASSED

03-09-2024T18:14:04 - [MESSAGE][INFO] - Checking response object

03-09-2024T18:14:04 - [MESSAGE][PASSED] - totalplay.Common.verifyPropertyExist is PASSED

03-09-2024T18:14:04 - [TEST_STEP][PASSED] - totalplay.Common.verifyPropertyValueExist(FoodSLP, components_1_componentAssets_0_category): totalplay.Common.verifyPropertyValueExist is PASSED

03-09-2024T18:14:04 - [MESSAGE][INFO] - Checking response object

03-09-2024T18:14:04 - [MESSAGE][INFO] - SF_benedettis_neza_pizza

03-09-2024T18:14:04 - [MESSAGE][PASSED] - totalplay.Common.verifyPropertyValueExist is PASSED

03-09-2024T18:14:04 - [TEST_STEP][PASSED] - totalplay.Common.verifyPropertyExist(FoodSLP, components_1_componentAssets_0_name): totalplay.Common.verifyPropertyExist is PASSED

03-09-2024T18:14:04 - [MESSAGE][INFO] - Checking response object

03-09-2024T18:14:04 - [MESSAGE][PASSED] - totalplay.Common.verifyPropertyExist is PASSED

03-09-2024T18:14:04 - [TEST_STEP][PASSED] - totalplay.Common.verifyPropertyValueExist(FoodSLP, components_1_componentAssets_0_name): totalplay.Common.verifyPropertyValueExist is PASSED

03-09-2024T18:14:04 - [MESSAGE][INFO] - Checking response object

03-09-2024T18:14:04 - [MESSAGE][INFO] - Pizza

03-09-2024T18:14:04 - [MESSAGE][PASSED] - totalplay.Common.verifyPropertyValueExist is PASSED

03-09-2024T18:14:04 - [TEST_STEP][PASSED] - totalplay.Common.verifyPropertyExist(FoodSLP, components_1_componentAssets_0_id): totalplay.Common.verifyPropertyExist is PASSED

03-09-2024T18:14:04 - [MESSAGE][INFO] - Checking response object

03-09-2024T18:14:04 - [MESSAGE][PASSED] - totalplay.Common.verifyPropertyExist is PASSED

03-09-2024T18:14:04 - [TEST_STEP][PASSED] - totalplay.Common.verifyPropertyValueExist(FoodSLP, components_1_componentAssets_0_id): totalplay.Common.verifyPropertyValueExist is PASSED

03-09-2024T18:14:04 - [MESSAGE][INFO] - Checking response object

03-09-2024T18:14:04 - [MESSAGE][INFO] - SF_benedettis_neza_pizza

03-09-2024T18:14:04 - [MESSAGE][PASSED] - totalplay.Common.verifyPropertyValueExist is PASSED

03-09-2024T18:14:04 - [TEST_STEP][PASSED] - totalplay.Common.verifyPropertyExist(FoodSLP, components_1_componentAssets_0_image): totalplay.Common.verifyPropertyExist is PASSED

03-09-2024T18:14:04 - [MESSAGE][INFO] - Checking response object

03-09-2024T18:14:04 - [MESSAGE][PASSED] - totalplay.Common.verifyPropertyExist is PASSED

03-09-2024T18:14:04 - [TEST_STEP][PASSED] - totalplay.Common.verifyPropertyValueExist(FoodSLP, components_1_componentAssets_0_image): totalplay.Common.verifyPropertyValueExist is PASSED

03-09-2024T18:14:04 - [MESSAGE][INFO] - Checking response object

03-09-2024T18:14:04 - [MESSAGE][INFO] - https://development-na01-totalplaymx.demandware.net/on/demandware.static/-/Sites-comida/default/v0bd0c8c6f9eba290f228fef3307cc06f71119021/CategoriaPostre.png

03-09-2024T18:14:04 - [MESSAGE][PASSED] - totalplay.Common.verifyPropertyValueExist is PASSED

03-09-2024T18:14:04 - [TEST_STEP][PASSED] - totalplay.Common.verifyPropertyExist(FoodSLP, components_1_componentAssets_0_url): totalplay.Common.verifyPropertyExist is PASSED

03-09-2024T18:14:04 - [MESSAGE][INFO] - Checking response object

03-09-2024T18:14:04 - [MESSAGE][PASSED] - totalplay.Common.verifyPropertyExist is PASSED

03-09-2024T18:14:04 - [TEST_STEP][PASSED] - totalplay.Common.verifyPropertyValueExist(FoodSLP, components_1_componentAssets_0_url): totalplay.Common.verifyPropertyValueExist is PASSED

03-09-2024T18:14:04 - [MESSAGE][INFO] - Checking response object

03-09-2024T18:14:04 - [MESSAGE][INFO] - /dw/shop/v24_5/content/seller-category-page?page=1&category=Pizza

03-09-2024T18:14:04 - [MESSAGE][PASSED] - totalplay.Common.verifyPropertyValueExist is PASSED

03-09-2024T18:14:04 - [TEST_STEP][PASSED] - totalplay.Common.verifyPropertyExist(FoodSLP, components_1_componentAssets_0_linkType): totalplay.Common.verifyPropertyExist is PASSED

03-09-2024T18:14:04 - [MESSAGE][INFO] - Checking response object

03-09-2024T18:14:04 - [MESSAGE][PASSED] - totalplay.Common.verifyPropertyExist is PASSED

03-09-2024T18:14:04 - [TEST_STEP][PASSED] - totalplay.Common.verifyPropertyValueExist(FoodSLP, components_1_componentAssets_0_linkType): totalplay.Common.verifyPropertyValueExist is PASSED

03-09-2024T18:14:04 - [MESSAGE][INFO] - Checking response object

03-09-2024T18:14:04 - [MESSAGE][INFO] - SCP

03-09-2024T18:14:04 - [MESSAGE][PASSED] - totalplay.Common.verifyPropertyValueExist is PASSED

03-09-2024T18:14:04 - [TEST_STEP][PASSED] - totalplay.Common.verifyPropertyExist(FoodSLP, components_2_viewType): totalplay.Common.verifyPropertyExist is PASSED

03-09-2024T18:14:04 - [MESSAGE][INFO] - Checking response object

03-09-2024T18:14:05 - [MESSAGE][PASSED] - totalplay.Common.verifyPropertyExist is PASSED

03-09-2024T18:14:05 - [TEST_STEP][PASSED] - totalplay.Common.verifyPropertyValueExist(FoodSLP, components_2_viewType): totalplay.Common.verifyPropertyValueExist is PASSED

03-09-2024T18:14:05 - [MESSAGE][INFO] - Checking response object

03-09-2024T18:14:05 - [MESSAGE][INFO] - veritcal

03-09-2024T18:14:05 - [MESSAGE][PASSED] - totalplay.Common.verifyPropertyValueExist is PASSED

03-09-2024T18:14:05 - [TEST_STEP][PASSED] - totalplay.Common.verifyPropertyExist(FoodSLP, components_2_heading): totalplay.Common.verifyPropertyExist is PASSED

03-09-2024T18:14:05 - [MESSAGE][INFO] - Checking response object

03-09-2024T18:14:05 - [MESSAGE][PASSED] - totalplay.Common.verifyPropertyExist is PASSED

03-09-2024T18:14:05 - [TEST_STEP][PASSED] - totalplay.Common.verifyPropertyValueExist(FoodSLP, components_2_heading): totalplay.Common.verifyPropertyValueExist is PASSED

03-09-2024T18:14:05 - [MESSAGE][INFO] - Checking response object

03-09-2024T18:14:05 - [MESSAGE][INFO] - Promociones para ti

03-09-2024T18:14:05 - [MESSAGE][PASSED] - totalplay.Common.verifyPropertyValueExist is PASSED

03-09-2024T18:14:05 - [TEST_STEP][PASSED] - totalplay.Common.verifyPropertyValueNotEmptyorNotNull(FoodSLP, components_2_linesToDisplay): totalplay.Common.verifyPropertyValueNotEmptyorNotNull is PASSED

03-09-2024T18:14:05 - [MESSAGE][INFO] - Checking response object

03-09-2024T18:14:05 - [MESSAGE][INFO] - 

03-09-2024T18:14:05 - [MESSAGE][PASSED] - totalplay.Common.verifyPropertyValueNotEmptyorNotNull is PASSED

03-09-2024T18:14:05 - [TEST_STEP][PASSED] - totalplay.Common.verifyPropertyExist(FoodSLP, components_2_componentAssets_0_storeList_0_categories_0_name): totalplay.Common.verifyPropertyExist is PASSED

03-09-2024T18:14:05 - [MESSAGE][INFO] - Checking response object

03-09-2024T18:14:05 - [MESSAGE][PASSED] - totalplay.Common.verifyPropertyExist is PASSED

03-09-2024T18:14:05 - [TEST_STEP][PASSED] - totalplay.Common.verifyPropertyValueExist(FoodSLP, components_2_componentAssets_0_storeList_0_categories_0_name): totalplay.Common.verifyPropertyValueExist is PASSED

03-09-2024T18:14:05 - [MESSAGE][INFO] - Checking response object

03-09-2024T18:14:05 - [MESSAGE][INFO] - Burguers

03-09-2024T18:14:05 - [MESSAGE][PASSED] - totalplay.Common.verifyPropertyValueExist is PASSED

03-09-2024T18:14:05 - [TEST_STEP][PASSED] - totalplay.Common.verifyPropertyExist(FoodSLP, components_2_componentAssets_0_storeList_0_categories_0_id): totalplay.Common.verifyPropertyExist is PASSED

03-09-2024T18:14:05 - [MESSAGE][INFO] - Checking response object

03-09-2024T18:14:05 - [MESSAGE][PASSED] - totalplay.Common.verifyPropertyExist is PASSED

03-09-2024T18:14:05 - [TEST_STEP][PASSED] - totalplay.Common.verifyPropertyValueExist(FoodSLP, components_2_componentAssets_0_storeList_0_categories_0_id): totalplay.Common.verifyPropertyValueExist is PASSED

03-09-2024T18:14:05 - [MESSAGE][INFO] - Checking response object

03-09-2024T18:14:05 - [MESSAGE][INFO] - SF_benedettis_66b3f3616b4c6676f4faf83c_4786

03-09-2024T18:14:05 - [MESSAGE][PASSED] - totalplay.Common.verifyPropertyValueExist is PASSED

03-09-2024T18:14:05 - [TEST_STEP][PASSED] - totalplay.Common.verifyPropertyValueNotEmptyorNotNull(FoodSLP, components_2_componentAssets_0_storeList_0_categories_0_image): totalplay.Common.verifyPropertyValueNotEmptyorNotNull is PASSED

03-09-2024T18:14:05 - [MESSAGE][INFO] - Checking response object

03-09-2024T18:14:05 - [MESSAGE][INFO] - 

03-09-2024T18:14:05 - [MESSAGE][PASSED] - totalplay.Common.verifyPropertyValueNotEmptyorNotNull is PASSED

03-09-2024T18:14:05 - [TEST_STEP][PASSED] - totalplay.Common.verifyPropertyExist(FoodSLP, components_2_componentAssets_0_storeList_0_categories_0_url): totalplay.Common.verifyPropertyExist is PASSED

03-09-2024T18:14:05 - [MESSAGE][INFO] - Checking response object

03-09-2024T18:14:05 - [MESSAGE][PASSED] - totalplay.Common.verifyPropertyExist is PASSED

03-09-2024T18:14:05 - [TEST_STEP][PASSED] - totalplay.Common.verifyPropertyValueExist(FoodSLP, components_2_componentAssets_0_storeList_0_categories_0_url): totalplay.Common.verifyPropertyValueExist is PASSED

03-09-2024T18:14:05 - [MESSAGE][INFO] - Checking response object

03-09-2024T18:14:05 - [MESSAGE][INFO] - /dw/shop/v24_5/content/seller-category-page?page=1&category=Burguers

03-09-2024T18:14:05 - [MESSAGE][PASSED] - totalplay.Common.verifyPropertyValueExist is PASSED

03-09-2024T18:14:05 - [TEST_STEP][PASSED] - totalplay.Common.getBooleanValueofObject(FoodSLP, components_2_componentAssets_0_storeList_0_categories_0_isLeaf): totalplay.Common.getBooleanValueofObject is PASSED

03-09-2024T18:14:05 - [MESSAGE][INFO] - Checking response object

03-09-2024T18:14:05 - [MESSAGE][PASSED] - totalplay.Common.getBooleanValueofObject is PASSED

03-09-2024T18:14:05 - [TEST_STEP][PASSED] - totalplay.Common.getNumValueofObject(FoodSLP, components_2_componentAssets_0_storeList_0_ratings): totalplay.Common.getNumValueofObject is PASSED

03-09-2024T18:14:05 - [MESSAGE][INFO] - Checking response object

03-09-2024T18:14:05 - [MESSAGE][PASSED] - totalplay.Common.getNumValueofObject is PASSED

03-09-2024T18:14:05 - [TEST_STEP][PASSED] - totalplay.Common.getBooleanValueofObject(FoodSLP, components_2_componentAssets_0_storeList_0_isInRange): totalplay.Common.getBooleanValueofObject is PASSED

03-09-2024T18:14:05 - [MESSAGE][INFO] - Checking response object

03-09-2024T18:14:05 - [MESSAGE][PASSED] - totalplay.Common.getBooleanValueofObject is PASSED

03-09-2024T18:14:05 - [TEST_STEP][PASSED] - totalplay.Common.getBooleanValueofObject(FoodSLP, components_2_componentAssets_0_storeList_0_storeOpen): totalplay.Common.getBooleanValueofObject is PASSED

03-09-2024T18:14:05 - [MESSAGE][INFO] - Checking response object

03-09-2024T18:14:05 - [MESSAGE][PASSED] - totalplay.Common.getBooleanValueofObject is PASSED

03-09-2024T18:14:05 - [TEST_STEP][PASSED] - totalplay.Common.verifyPropertyExist(FoodSLP, components_2_componentAssets_0_storeList_0_OpenHrs_time_0_openingTime): totalplay.Common.verifyPropertyExist is PASSED

03-09-2024T18:14:05 - [MESSAGE][INFO] - Checking response object

03-09-2024T18:14:05 - [MESSAGE][PASSED] - totalplay.Common.verifyPropertyExist is PASSED

03-09-2024T18:14:05 - [TEST_STEP][PASSED] - totalplay.Common.verifyPropertyValueExist(FoodSLP, components_2_componentAssets_0_storeList_0_OpenHrs_time_0_openingTime): totalplay.Common.verifyPropertyValueExist is PASSED

03-09-2024T18:14:05 - [MESSAGE][INFO] - Checking response object

03-09-2024T18:14:06 - [MESSAGE][INFO] - 00:00

03-09-2024T18:14:06 - [MESSAGE][PASSED] - totalplay.Common.verifyPropertyValueExist is PASSED

03-09-2024T18:14:06 - [TEST_STEP][PASSED] - totalplay.Common.verifyPropertyExist(FoodSLP, components_2_componentAssets_0_storeList_0_OpenHrs_time_0_closingTime): totalplay.Common.verifyPropertyExist is PASSED

03-09-2024T18:14:06 - [MESSAGE][INFO] - Checking response object

03-09-2024T18:14:06 - [MESSAGE][PASSED] - totalplay.Common.verifyPropertyExist is PASSED

03-09-2024T18:14:06 - [TEST_STEP][PASSED] - totalplay.Common.verifyPropertyValueExist(FoodSLP, components_2_componentAssets_0_storeList_0_OpenHrs_time_0_closingTime): totalplay.Common.verifyPropertyValueExist is PASSED

03-09-2024T18:14:06 - [MESSAGE][INFO] - Checking response object

03-09-2024T18:14:06 - [MESSAGE][INFO] - 23:59

03-09-2024T18:14:06 - [MESSAGE][PASSED] - totalplay.Common.verifyPropertyValueExist is PASSED

03-09-2024T18:14:06 - [TEST_STEP][PASSED] - totalplay.Common.getBooleanValueofObject(FoodSLP, components_2_componentAssets_0_storeList_0_OpenHrs_closed): totalplay.Common.getBooleanValueofObject is PASSED

03-09-2024T18:14:06 - [MESSAGE][INFO] - Checking response object

03-09-2024T18:14:06 - [MESSAGE][PASSED] - totalplay.Common.getBooleanValueofObject is PASSED

03-09-2024T18:14:06 - [TEST_STEP][PASSED] - totalplay.Common.verifyPropertyExist(FoodSLP, components_2_componentAssets_0_storeList_0_OpenHrs_day): totalplay.Common.verifyPropertyExist is PASSED

03-09-2024T18:14:06 - [MESSAGE][INFO] - Checking response object

03-09-2024T18:14:06 - [MESSAGE][PASSED] - totalplay.Common.verifyPropertyExist is PASSED

03-09-2024T18:14:06 - [TEST_STEP][PASSED] - totalplay.Common.verifyPropertyValueExist(FoodSLP, components_2_componentAssets_0_storeList_0_OpenHrs_day): totalplay.Common.verifyPropertyValueExist is PASSED

03-09-2024T18:14:06 - [MESSAGE][INFO] - Checking response object

03-09-2024T18:14:06 - [MESSAGE][INFO] - Martes

03-09-2024T18:14:06 - [MESSAGE][PASSED] - totalplay.Common.verifyPropertyValueExist is PASSED

03-09-2024T18:14:06 - [TEST_STEP][PASSED] - totalplay.Common.verifyPropertyExist(FoodSLP, components_2_componentAssets_0_storeList_0_link): totalplay.Common.verifyPropertyExist is PASSED

03-09-2024T18:14:06 - [MESSAGE][INFO] - Checking response object

03-09-2024T18:14:06 - [MESSAGE][PASSED] - totalplay.Common.verifyPropertyExist is PASSED

03-09-2024T18:14:06 - [TEST_STEP][PASSED] - totalplay.Common.verifyPropertyValueExist(FoodSLP, components_2_componentAssets_0_storeList_0_link): totalplay.Common.verifyPropertyValueExist is PASSED

03-09-2024T18:14:06 - [MESSAGE][INFO] - Checking response object

03-09-2024T18:14:06 - [MESSAGE][INFO] - /on/demandware.store/Sites-TP-FOOD-Site/es/OnDemand-Show?storeName=Benedetti's San Jeronimo

03-09-2024T18:14:06 - [MESSAGE][PASSED] - totalplay.Common.verifyPropertyValueExist is PASSED

03-09-2024T18:14:06 - [TEST_STEP][PASSED] - totalplay.Common.verifyPropertyExist(FoodSLP, components_2_componentAssets_0_storeList_0_linkType): totalplay.Common.verifyPropertyExist is PASSED

03-09-2024T18:14:06 - [MESSAGE][INFO] - Checking response object

03-09-2024T18:14:06 - [MESSAGE][PASSED] - totalplay.Common.verifyPropertyExist is PASSED

03-09-2024T18:14:06 - [TEST_STEP][PASSED] - totalplay.Common.verifyPropertyValueExist(FoodSLP, components_2_componentAssets_0_storeList_0_linkType): totalplay.Common.verifyPropertyValueExist is PASSED

03-09-2024T18:14:06 - [MESSAGE][INFO] - Checking response object

03-09-2024T18:14:06 - [MESSAGE][INFO] - PLP

03-09-2024T18:14:06 - [MESSAGE][PASSED] - totalplay.Common.verifyPropertyValueExist is PASSED

03-09-2024T18:14:06 - [TEST_STEP][PASSED] - totalplay.Common.verifyPropertyExist(FoodSLP, components_2_componentAssets_0_storeList_0_ondemandEDD): totalplay.Common.verifyPropertyExist is PASSED

03-09-2024T18:14:06 - [MESSAGE][INFO] - Checking response object

03-09-2024T18:14:06 - [MESSAGE][PASSED] - totalplay.Common.verifyPropertyExist is PASSED

03-09-2024T18:14:06 - [TEST_STEP][PASSED] - totalplay.Common.verifyPropertyValueExist(FoodSLP, components_2_componentAssets_0_storeList_0_ondemandEDD): totalplay.Common.verifyPropertyValueExist is PASSED

03-09-2024T18:14:06 - [MESSAGE][INFO] - Checking response object

03-09-2024T18:14:06 - [MESSAGE][INFO] - 90 Min

03-09-2024T18:14:06 - [MESSAGE][PASSED] - totalplay.Common.verifyPropertyValueExist is PASSED

03-09-2024T18:14:06 - [TEST_STEP][PASSED] - totalplay.Common.verifyPropertyExist(FoodSLP, components_2_componentAssets_1_componentTypeId): totalplay.Common.verifyPropertyExist is PASSED

03-09-2024T18:14:06 - [MESSAGE][INFO] - Checking response object

03-09-2024T18:14:06 - [MESSAGE][PASSED] - totalplay.Common.verifyPropertyExist is PASSED

03-09-2024T18:14:06 - [TEST_STEP][PASSED] - totalplay.Common.verifyPropertyValueExist(FoodSLP, components_2_componentAssets_1_componentTypeId): totalplay.Common.verifyPropertyValueExist is PASSED

03-09-2024T18:14:06 - [MESSAGE][INFO] - Checking response object

03-09-2024T18:14:06 - [MESSAGE][INFO] - commerce_assets.FoodStoreGroupCard

03-09-2024T18:14:06 - [MESSAGE][PASSED] - totalplay.Common.verifyPropertyValueExist is PASSED

03-09-2024T18:14:06 - [TEST_STEP][PASSED] - totalplay.Common.verifyPropertyExist(FoodSLP, components_2_componentAssets_1_componentType): totalplay.Common.verifyPropertyExist is PASSED

03-09-2024T18:14:06 - [MESSAGE][INFO] - Checking response object

03-09-2024T18:14:06 - [MESSAGE][PASSED] - totalplay.Common.verifyPropertyExist is PASSED

03-09-2024T18:14:06 - [TEST_STEP][PASSED] - totalplay.Common.verifyPropertyValueExist(FoodSLP, components_2_componentAssets_1_componentType): totalplay.Common.verifyPropertyValueExist is PASSED

03-09-2024T18:14:06 - [MESSAGE][INFO] - Checking response object

03-09-2024T18:14:06 - [MESSAGE][INFO] - commerce_assets

03-09-2024T18:14:06 - [MESSAGE][PASSED] - totalplay.Common.verifyPropertyValueExist is PASSED

03-09-2024T18:14:06 - [TEST_STEP][PASSED] - totalplay.Common.verifyPropertyExist(FoodSLP, components_2_componentAssets_1_storeSelector_value): totalplay.Common.verifyPropertyExist is PASSED

03-09-2024T18:14:06 - [MESSAGE][INFO] - Checking response object

03-09-2024T18:14:06 - [MESSAGE][PASSED] - totalplay.Common.verifyPropertyExist is PASSED

03-09-2024T18:14:06 - [TEST_STEP][PASSED] - totalplay.Common.verifyPropertyValueExist(FoodSLP, components_2_componentAssets_1_storeSelector_value): totalplay.Common.verifyPropertyValueExist is PASSED

03-09-2024T18:14:06 - [MESSAGE][INFO] - Checking response object

03-09-2024T18:14:06 - [MESSAGE][INFO] - 2003,4603,

03-09-2024T18:14:06 - [MESSAGE][PASSED] - totalplay.Common.verifyPropertyValueExist is PASSED

03-09-2024T18:14:06 - [TEST_STEP][PASSED] - totalplay.Common.verifyPropertyExist(FoodSLP, components_2_componentAssets_1_linkType): totalplay.Common.verifyPropertyExist is PASSED

03-09-2024T18:14:06 - [MESSAGE][INFO] - Checking response object

03-09-2024T18:14:06 - [MESSAGE][PASSED] - totalplay.Common.verifyPropertyExist is PASSED

03-09-2024T18:14:06 - [TEST_STEP][PASSED] - totalplay.Common.verifyPropertyValueExist(FoodSLP, components_2_componentAssets_1_linkType): totalplay.Common.verifyPropertyValueExist is PASSED

03-09-2024T18:14:06 - [MESSAGE][INFO] - Checking response object

03-09-2024T18:14:06 - [MESSAGE][INFO] - PLP

03-09-2024T18:14:06 - [MESSAGE][PASSED] - totalplay.Common.verifyPropertyValueExist is PASSED

03-09-2024T18:14:06 - [TEST_STEP][PASSED] - totalplay.Common.getNumValueofObject(FoodSLP, components_2_componentAssets_1_nodesLength): totalplay.Common.getNumValueofObject is PASSED

03-09-2024T18:14:06 - [MESSAGE][INFO] - Checking response object

03-09-2024T18:14:07 - [MESSAGE][PASSED] - totalplay.Common.getNumValueofObject is PASSED

03-09-2024T18:14:07 - [TEST_STEP][PASSED] - totalplay.Common.verifyPropertyExist(FoodSLP, components_2_componentAssets_1_link): totalplay.Common.verifyPropertyExist is PASSED

03-09-2024T18:14:07 - [MESSAGE][INFO] - Checking response object

03-09-2024T18:14:07 - [MESSAGE][PASSED] - totalplay.Common.verifyPropertyExist is PASSED

03-09-2024T18:14:07 - [TEST_STEP][PASSED] - totalplay.Common.verifyPropertyValueExist(FoodSLP, components_2_componentAssets_1_link): totalplay.Common.verifyPropertyValueExist is PASSED

03-09-2024T18:14:07 - [MESSAGE][INFO] - Checking response object

03-09-2024T18:14:07 - [MESSAGE][INFO] - /dw/shop/v23_3/content/seller-category-page?corporateName=VamosenMasa

03-09-2024T18:14:07 - [MESSAGE][PASSED] - totalplay.Common.verifyPropertyValueExist is PASSED

03-09-2024T18:14:07 - [TEST_STEP][PASSED] - totalplay.Common.verifyPropertyExist(FoodSLP, components_2_componentAssets_1_storeList_0_ID): totalplay.Common.verifyPropertyExist is PASSED

03-09-2024T18:14:07 - [MESSAGE][INFO] - Checking response object

03-09-2024T18:14:07 - [MESSAGE][PASSED] - totalplay.Common.verifyPropertyExist is PASSED

03-09-2024T18:14:07 - [TEST_STEP][PASSED] - totalplay.Common.verifyPropertyValueExist(FoodSLP, components_2_componentAssets_1_storeList_0_ID): totalplay.Common.verifyPropertyValueExist is PASSED

03-09-2024T18:14:07 - [MESSAGE][INFO] - Checking response object

03-09-2024T18:14:07 - [MESSAGE][INFO] - 2003

03-09-2024T18:14:07 - [MESSAGE][PASSED] - totalplay.Common.verifyPropertyValueExist is PASSED

03-09-2024T18:14:07 - [TEST_STEP][PASSED] - totalplay.Common.verifyPropertyExist(FoodSLP, components_2_componentAssets_1_storeList_0_name): totalplay.Common.verifyPropertyExist is PASSED

03-09-2024T18:14:07 - [MESSAGE][INFO] - Checking response object

03-09-2024T18:14:07 - [MESSAGE][PASSED] - totalplay.Common.verifyPropertyExist is PASSED

03-09-2024T18:14:07 - [TEST_STEP][PASSED] - totalplay.Common.verifyPropertyValueExist(FoodSLP, components_2_componentAssets_1_storeList_0_name): totalplay.Common.verifyPropertyValueExist is PASSED

03-09-2024T18:14:07 - [MESSAGE][INFO] - Checking response object

03-09-2024T18:14:07 - [MESSAGE][INFO] - Liverpool Santafee

03-09-2024T18:14:07 - [MESSAGE][PASSED] - totalplay.Common.verifyPropertyValueExist is PASSED

03-09-2024T18:14:07 - [TEST_STEP][PASSED] - totalplay.Common.verifyPropertyValueEmptyString(FoodSLP, components_2_componentAssets_1_storeList_0_logo): totalplay.Common.verifyPropertyValueEmptyString is PASSED

03-09-2024T18:14:07 - [MESSAGE][INFO] - Checking response object

03-09-2024T18:14:07 - [MESSAGE][INFO] - 

03-09-2024T18:14:07 - [MESSAGE][PASSED] - totalplay.Common.verifyPropertyValueEmptyString is PASSED

03-09-2024T18:14:07 - [TEST_STEP][PASSED] - totalplay.Common.verifyPropertyValueEmptyString(FoodSLP, components_2_componentAssets_1_storeList_0_bannerImage): totalplay.Common.verifyPropertyValueEmptyString is PASSED

03-09-2024T18:14:07 - [MESSAGE][INFO] - Checking response object

03-09-2024T18:14:07 - [MESSAGE][INFO] - 

03-09-2024T18:14:07 - [MESSAGE][PASSED] - totalplay.Common.verifyPropertyValueEmptyString is PASSED

03-09-2024T18:14:07 - [TEST_STEP][PASSED] - totalplay.Common.verifyPropertyValueEmptyString(FoodSLP, components_2_componentAssets_1_storeList_0_corporateColorCode): totalplay.Common.verifyPropertyValueEmptyString is PASSED

03-09-2024T18:14:07 - [MESSAGE][INFO] - Checking response object

03-09-2024T18:14:07 - [MESSAGE][INFO] - 

03-09-2024T18:14:07 - [MESSAGE][PASSED] - totalplay.Common.verifyPropertyValueEmptyString is PASSED

03-09-2024T18:14:07 - [TEST_STEP][PASSED] - totalplay.Common.verifyPropertyExist(FoodSLP, components_2_componentAssets_1_storeList_0_corporateName): totalplay.Common.verifyPropertyExist is PASSED

03-09-2024T18:14:07 - [MESSAGE][INFO] - Checking response object

03-09-2024T18:14:07 - [MESSAGE][PASSED] - totalplay.Common.verifyPropertyExist is PASSED

03-09-2024T18:14:07 - [TEST_STEP][PASSED] - totalplay.Common.verifyPropertyValueExist(FoodSLP, components_2_componentAssets_1_storeList_0_corporateName): totalplay.Common.verifyPropertyValueExist is PASSED

03-09-2024T18:14:07 - [MESSAGE][INFO] - Checking response object

03-09-2024T18:14:07 - [MESSAGE][INFO] - Liverpool

03-09-2024T18:14:07 - [MESSAGE][PASSED] - totalplay.Common.verifyPropertyValueExist is PASSED

03-09-2024T18:14:07 - [TEST_STEP][PASSED] - totalplay.Common.getBooleanValueofObject(FoodSLP, components_2_componentAssets_1_storeList_0_storeOpen): totalplay.Common.getBooleanValueofObject is PASSED

03-09-2024T18:14:07 - [MESSAGE][INFO] - Checking response object

03-09-2024T18:14:07 - [MESSAGE][PASSED] - totalplay.Common.getBooleanValueofObject is PASSED

03-09-2024T18:14:07 - [TEST_STEP][PASSED] - totalplay.Common.getBooleanValueofObject(FoodSLP, components_2_componentAssets_1_storeList_0_link): totalplay.Common.getBooleanValueofObject is PASSED

03-09-2024T18:14:07 - [MESSAGE][INFO] - Checking response object

03-09-2024T18:14:07 - [MESSAGE][PASSED] - totalplay.Common.getBooleanValueofObject is PASSED

03-09-2024T18:14:07 - [TEST_STEP][PASSED] - totalplay.Common.verifyPropertyExist(FoodSLP, components_2_componentAssets_1_storeList_0_linkType): totalplay.Common.verifyPropertyExist is PASSED

03-09-2024T18:14:07 - [MESSAGE][INFO] - Checking response object

03-09-2024T18:14:07 - [MESSAGE][PASSED] - totalplay.Common.verifyPropertyExist is PASSED

03-09-2024T18:14:07 - [TEST_STEP][PASSED] - totalplay.Common.verifyPropertyValueExist(FoodSLP, components_2_componentAssets_1_storeList_0_linkType): totalplay.Common.verifyPropertyValueExist is PASSED

03-09-2024T18:14:07 - [MESSAGE][INFO] - Checking response object

03-09-2024T18:14:07 - [MESSAGE][INFO] - PLP

03-09-2024T18:14:07 - [MESSAGE][PASSED] - totalplay.Common.verifyPropertyValueExist is PASSED

03-09-2024T18:14:07 - [TEST_STEP][PASSED] - totalplay.Common.verifyPropertyExist(FoodSLP, components_2_componentAssets_1_storeList_0_ondemandEDD): totalplay.Common.verifyPropertyExist is PASSED

03-09-2024T18:14:07 - [MESSAGE][INFO] - Checking response object

03-09-2024T18:14:07 - [MESSAGE][PASSED] - totalplay.Common.verifyPropertyExist is PASSED

03-09-2024T18:14:07 - [TEST_STEP][PASSED] - totalplay.Common.verifyPropertyValueExist(FoodSLP, components_2_componentAssets_1_storeList_0_ondemandEDD): totalplay.Common.verifyPropertyValueExist is PASSED

03-09-2024T18:14:07 - [MESSAGE][INFO] - Checking response object

03-09-2024T18:14:07 - [MESSAGE][INFO] - 90 Min

03-09-2024T18:14:07 - [MESSAGE][PASSED] - totalplay.Common.verifyPropertyValueExist is PASSED

03-09-2024T18:14:07 - [TEST_STEP][PASSED] - totalplay.Common.verifyPropertyExist(FoodSLP, components_3_carouselHeading): totalplay.Common.verifyPropertyExist is PASSED

03-09-2024T18:14:07 - [MESSAGE][INFO] - Checking response object

03-09-2024T18:14:07 - [MESSAGE][PASSED] - totalplay.Common.verifyPropertyExist is PASSED

03-09-2024T18:14:07 - [TEST_STEP][PASSED] - totalplay.Common.verifyPropertyValueExist(FoodSLP, components_3_carouselHeading): totalplay.Common.verifyPropertyValueExist is PASSED

03-09-2024T18:14:07 - [MESSAGE][INFO] - Checking response object

03-09-2024T18:14:08 - [MESSAGE][INFO] - Los más populares

03-09-2024T18:14:08 - [MESSAGE][PASSED] - totalplay.Common.verifyPropertyValueExist is PASSED

03-09-2024T18:14:08 - [TEST_STEP][PASSED] - totalplay.Common.verifyPropertyExist(FoodSLP, components_3_viewType): totalplay.Common.verifyPropertyExist is PASSED

03-09-2024T18:14:08 - [MESSAGE][INFO] - Checking response object

03-09-2024T18:14:08 - [MESSAGE][PASSED] - totalplay.Common.verifyPropertyExist is PASSED

03-09-2024T18:14:08 - [TEST_STEP][PASSED] - totalplay.Common.verifyPropertyValueExist(FoodSLP, components_3_viewType): totalplay.Common.verifyPropertyValueExist is PASSED

03-09-2024T18:14:08 - [MESSAGE][INFO] - Checking response object

03-09-2024T18:14:08 - [MESSAGE][INFO] - veritcal

03-09-2024T18:14:08 - [MESSAGE][PASSED] - totalplay.Common.verifyPropertyValueExist is PASSED

03-09-2024T18:14:08 - [TEST_STEP][PASSED] - totalplay.Common.verifyPropertyExist(FoodSLP, components_3_linesToDisplay): totalplay.Common.verifyPropertyExist is PASSED

03-09-2024T18:14:08 - [MESSAGE][INFO] - Checking response object

03-09-2024T18:14:08 - [MESSAGE][PASSED] - totalplay.Common.verifyPropertyExist is PASSED

03-09-2024T18:14:08 - [TEST_STEP][PASSED] - totalplay.Common.verifyPropertyValueExist(FoodSLP, components_3_linesToDisplay): totalplay.Common.verifyPropertyValueExist is PASSED

03-09-2024T18:14:08 - [MESSAGE][INFO] - Checking response object

03-09-2024T18:14:08 - [MESSAGE][INFO] - one line display

03-09-2024T18:14:08 - [MESSAGE][PASSED] - totalplay.Common.verifyPropertyValueExist is PASSED

03-09-2024T18:14:08 - [TEST_STEP][PASSED] - totalplay.Common.verifyPropertyExist(FoodSLP, components_3_heading): totalplay.Common.verifyPropertyExist is PASSED

03-09-2024T18:14:08 - [MESSAGE][INFO] - Checking response object

03-09-2024T18:14:08 - [MESSAGE][PASSED] - totalplay.Common.verifyPropertyExist is PASSED

03-09-2024T18:14:08 - [TEST_STEP][PASSED] - totalplay.Common.verifyPropertyValueExist(FoodSLP, components_3_heading): totalplay.Common.verifyPropertyValueExist is PASSED

03-09-2024T18:14:08 - [MESSAGE][INFO] - Checking response object

03-09-2024T18:14:08 - [MESSAGE][INFO] - Los más populares

03-09-2024T18:14:08 - [MESSAGE][PASSED] - totalplay.Common.verifyPropertyValueExist is PASSED]]></system-out>
         <system-err><![CDATA[]]></system-err>
      </testcase>
      <testcase name="Test Cases/TotalPlay-Food/TC_6_Food PDP" time="11.783" classname="Test Cases/TotalPlay-Food/TC_6_Food PDP" status="PASSED">
         <system-out><![CDATA[03-09-2024T18:14:08 - [TEST_CASE][PASSED] - Test Cases/TotalPlay-Food/TC_6_Food PDP: Test Cases/TotalPlay-Food/TC_6_Food PDP

03-09-2024T18:14:09 - [TEST_STEP][PASSED] - callTestCase(findTestCase("TotalPlay-Food/TC_1_Login_Service"), [:], STOP_ON_FAILURE): Call Test Case 'Test Cases/TotalPlay-Food/TC_1_Login_Service' successfully

03-09-2024T18:14:09 - [MESSAGE][INFO] - Checking called Test Case

03-09-2024T18:14:09 - [MESSAGE][INFO] - Starting to call Test Case 'Test Cases/TotalPlay-Food/TC_1_Login_Service'

03-09-2024T18:14:09 - [TEST_CASE][PASSED] - Test Cases/TotalPlay-Food/TC_1_Login_Service: Test Cases/TotalPlay-Food/TC_1_Login_Service

03-09-2024T18:14:09 - [TEST_STEP][PASSED] - LoginResponse = sendRequest(findTestObject("TotalPlay-Food/getTokenDelivery", ["URL":URL])): Send request successfully

03-09-2024T18:14:09 - [MESSAGE][INFO] - Finding Test Object 'Object Repository/TotalPlay-Food/getTokenDelivery'

03-09-2024T18:14:10 - [MESSAGE][INFO] - Checking request object

03-09-2024T18:14:13 - [MESSAGE][INFO] - HAR: C:\Users\ShubhamKumarThakur\OneDrive - Kognivera\Documents\TotalPlay\totalplay-automation\Reports\20240903_181332\Food_Service_Normal_Flow_PlaceOrder\20240903_181332\requests\main\3.har

03-09-2024T18:14:13 - [MESSAGE][PASSED] - Send request successfully

03-09-2024T18:14:13 - [TEST_STEP][PASSED] - assert getResponseStatusCode(LoginResponse) == 200: Checking response object

03-09-2024T18:14:13 - [MESSAGE][INFO] - Checking response object

03-09-2024T18:14:13 - [TEST_STEP][PASSED] - Auth = "ocapiResponse.access_token": null

03-09-2024T18:14:13 - [TEST_STEP][PASSED] - FoodBascketId = "ocapiResponse.c_basketId_TP_FOOD": null

03-09-2024T18:14:13 - [TEST_STEP][PASSED] - FoodBasId = getElementPropertyValue(LoginResponse, FoodBascketId): Checking response object

03-09-2024T18:14:13 - [MESSAGE][INFO] - Checking response object

03-09-2024T18:14:13 - [TEST_STEP][PASSED] - sfccAuthorization = getElementPropertyValue(LoginResponse, Auth): Checking response object

03-09-2024T18:14:13 - [MESSAGE][INFO] - Checking response object

03-09-2024T18:14:13 - [TEST_STEP][PASSED] - Authorization = "Bearer " + sfccAuthorization: null

03-09-2024T18:14:13 - [TEST_STEP][PASSED] - FoodBasketId = FoodBasId: null

03-09-2024T18:14:13 - [TEST_STEP][PASSED] - logInfo(bm_auth_token): 

03-09-2024T18:14:13 - [MESSAGE][INFO] - 

03-09-2024T18:14:13 - [TEST_STEP][PASSED] - if (sfccAuthorization.length() == 0): null

03-09-2024T18:14:13 - [TEST_STEP][PASSED] - else: authorization generated

03-09-2024T18:14:13 - [TEST_STEP][PASSED] - markPassed("authorization generated"): authorization generated

03-09-2024T18:14:13 - [MESSAGE][PASSED] - authorization generated

03-09-2024T18:14:13 - [TEST_STEP][PASSED] - BasketId_loginResponse = "ocapiResponse.c_basketId": null

03-09-2024T18:14:13 - [TEST_STEP][PASSED] - CustomerId_loginResponse = "ocapiResponse.customer_id": null

03-09-2024T18:14:13 - [TEST_STEP][PASSED] - basketId = getElementPropertyValue(LoginResponse, BasketId_loginResponse): Checking response object

03-09-2024T18:14:13 - [MESSAGE][INFO] - Checking response object

03-09-2024T18:14:13 - [TEST_STEP][PASSED] - customerId = getElementPropertyValue(LoginResponse, CustomerId_loginResponse): Checking response object

03-09-2024T18:14:13 - [MESSAGE][INFO] - Checking response object

03-09-2024T18:14:13 - [TEST_STEP][PASSED] - basketID = basketId: null

03-09-2024T18:14:13 - [TEST_STEP][PASSED] - sla_customerId = customerId: null

03-09-2024T18:14:13 - [TEST_STEP][PASSED] - println(basketID): null

03-09-2024T18:14:13 - [TEST_STEP][PASSED] - println(sla_customerId): null

03-09-2024T18:14:13 - [TEST_STEP][PASSED] - refresh_token = "ocapiResponse.refresh_token": null

03-09-2024T18:14:13 - [TEST_STEP][PASSED] - customer_email = "ocapiResponse.customer_email": null

03-09-2024T18:14:13 - [TEST_STEP][PASSED] - c_brmId = "ocapiResponse.c_brmId": null

03-09-2024T18:14:13 - [TEST_STEP][PASSED] - customer_name = "ocapiResponse.customer_name": null

03-09-2024T18:14:13 - [TEST_STEP][PASSED] - totalplay.Common.verifyPropertyExist(LoginResponse, refresh_token): totalplay.Common.verifyPropertyExist is PASSED

03-09-2024T18:14:13 - [MESSAGE][INFO] - Checking response object

03-09-2024T18:14:13 - [MESSAGE][PASSED] - totalplay.Common.verifyPropertyExist is PASSED

03-09-2024T18:14:13 - [TEST_STEP][PASSED] - totalplay.Common.verifyPropertyValueExist(LoginResponse, refresh_token): totalplay.Common.verifyPropertyValueExist is PASSED

03-09-2024T18:14:13 - [MESSAGE][INFO] - Checking response object

03-09-2024T18:14:13 - [MESSAGE][INFO] - 19xIG-NzqXUcN0ABEcRtD6wcI_b7VTAaWz_WQ3pUpHA

03-09-2024T18:14:13 - [MESSAGE][PASSED] - totalplay.Common.verifyPropertyValueExist is PASSED

03-09-2024T18:14:13 - [TEST_STEP][PASSED] - totalplay.Common.verifyPropertyExist(LoginResponse, customer_email): totalplay.Common.verifyPropertyExist is PASSED

03-09-2024T18:14:13 - [MESSAGE][INFO] - Checking response object

03-09-2024T18:14:13 - [MESSAGE][PASSED] - totalplay.Common.verifyPropertyExist is PASSED

03-09-2024T18:14:13 - [TEST_STEP][PASSED] - totalplay.Common.verifyPropertyValueExist(LoginResponse, customer_email): totalplay.Common.verifyPropertyValueExist is PASSED

03-09-2024T18:14:13 - [MESSAGE][INFO] - Checking response object

03-09-2024T18:14:13 - [MESSAGE][INFO] - cesar.waldo93@gmail.com

03-09-2024T18:14:13 - [MESSAGE][PASSED] - totalplay.Common.verifyPropertyValueExist is PASSED

03-09-2024T18:14:13 - [TEST_STEP][PASSED] - totalplay.Common.verifyPropertyExist(LoginResponse, customer_name): totalplay.Common.verifyPropertyExist is PASSED

03-09-2024T18:14:13 - [MESSAGE][INFO] - Checking response object

03-09-2024T18:14:13 - [MESSAGE][PASSED] - totalplay.Common.verifyPropertyExist is PASSED

03-09-2024T18:14:13 - [TEST_STEP][PASSED] - totalplay.Common.verifyPropertyValueExist(LoginResponse, customer_name): totalplay.Common.verifyPropertyValueExist is PASSED

03-09-2024T18:14:13 - [MESSAGE][INFO] - Checking response object

03-09-2024T18:14:13 - [MESSAGE][INFO] - CESAR GERARDO WALDO GONZALEZ

03-09-2024T18:14:13 - [MESSAGE][PASSED] - totalplay.Common.verifyPropertyValueExist is PASSED

03-09-2024T18:14:13 - [TEST_STEP][PASSED] - totalplay.Common.verifyPropertyExist(LoginResponse, c_brmId): totalplay.Common.verifyPropertyExist is PASSED

03-09-2024T18:14:13 - [MESSAGE][INFO] - Checking response object

03-09-2024T18:14:13 - [MESSAGE][PASSED] - totalplay.Common.verifyPropertyExist is PASSED

03-09-2024T18:14:13 - [TEST_STEP][PASSED] - totalplay.Common.verifyPropertyValueExist(LoginResponse, c_brmId): totalplay.Common.verifyPropertyValueExist is PASSED

03-09-2024T18:14:13 - [MESSAGE][INFO] - Checking response object

03-09-2024T18:14:13 - [MESSAGE][INFO] - 0106378356

03-09-2024T18:14:13 - [MESSAGE][PASSED] - totalplay.Common.verifyPropertyValueExist is PASSED

03-09-2024T18:14:13 - [MESSAGE][PASSED] - Call Test Case 'Test Cases/TotalPlay-Food/TC_1_Login_Service' successfully

03-09-2024T18:14:13 - [TEST_STEP][PASSED] - FoodPDP = sendRequest(findTestObject("TotalPlay-Food/Food PDP", ["URL":URL])): Send request successfully

03-09-2024T18:14:13 - [MESSAGE][INFO] - Finding Test Object 'Object Repository/TotalPlay-Food/Food PDP'

03-09-2024T18:14:13 - [MESSAGE][INFO] - Checking request object

03-09-2024T18:14:15 - [MESSAGE][INFO] - HAR: C:\Users\ShubhamKumarThakur\OneDrive - Kognivera\Documents\TotalPlay\totalplay-automation\Reports\20240903_181332\Food_Service_Normal_Flow_PlaceOrder\20240903_181332\requests\main\4.har

03-09-2024T18:14:15 - [MESSAGE][PASSED] - Send request successfully

03-09-2024T18:14:15 - [TEST_STEP][PASSED] - verifyResponseStatusCode(FoodPDP, 200): Verify response status code successfully

03-09-2024T18:14:15 - [MESSAGE][INFO] - Checking response object

03-09-2024T18:14:15 - [MESSAGE][PASSED] - Verify response status code successfully

03-09-2024T18:14:15 - [TEST_STEP][PASSED] - type = "_type": null

03-09-2024T18:14:15 - [TEST_STEP][PASSED] - brand = "brand": null

03-09-2024T18:14:15 - [TEST_STEP][PASSED] - currency = "currency": null

03-09-2024T18:14:15 - [TEST_STEP][PASSED] - id = "id": null

03-09-2024T18:14:15 - [TEST_STEP][PASSED] - inventory = "inventory": null

03-09-2024T18:14:15 - [TEST_STEP][PASSED] - inventory_type = "inventory._type": null

03-09-2024T18:14:15 - [TEST_STEP][PASSED] - inventory_ats = "inventory.ats": null

03-09-2024T18:14:15 - [TEST_STEP][PASSED] - inventory_backorderable = "inventory.backorderable": null

03-09-2024T18:14:15 - [TEST_STEP][PASSED] - inventory_id = "inventory.id": null

03-09-2024T18:14:15 - [TEST_STEP][PASSED] - inventory_orderable = "inventory.orderable": null

03-09-2024T18:14:15 - [TEST_STEP][PASSED] - inventory_preorderable = "inventory.preorderable": null

03-09-2024T18:14:15 - [TEST_STEP][PASSED] - inventory_stock_level = "inventory.stock_level": null

03-09-2024T18:14:15 - [TEST_STEP][PASSED] - min_order_quantity = "min_order_quantity": null

03-09-2024T18:14:15 - [TEST_STEP][PASSED] - name = "name": null

03-09-2024T18:14:15 - [TEST_STEP][PASSED] - price = "price": null

03-09-2024T18:14:15 - [TEST_STEP][PASSED] - price_per_unit = "price_per_unit": null

03-09-2024T18:14:15 - [TEST_STEP][PASSED] - product_promotions = "product_promotions": null

03-09-2024T18:14:15 - [TEST_STEP][PASSED] - product_promotions_type = "product_promotions[0]._type": null

03-09-2024T18:14:15 - [TEST_STEP][PASSED] - product_promotions_link = "product_promotions[0].link": null

03-09-2024T18:14:15 - [TEST_STEP][PASSED] - product_promotions_promotion_id = "product_promotions[0].promotion_id": null

03-09-2024T18:14:15 - [TEST_STEP][PASSED] - step_quantity = "step_quantity": null

03-09-2024T18:14:15 - [TEST_STEP][PASSED] - type_type = "type._type": null

03-09-2024T18:14:15 - [TEST_STEP][PASSED] - c_PromoAvailable = "c_PromoAvailable": null

03-09-2024T18:14:15 - [TEST_STEP][PASSED] - c_corporateName = "c_corporateName": null

03-09-2024T18:14:15 - [TEST_STEP][PASSED] - c_description = "c_description": null

03-09-2024T18:14:15 - [TEST_STEP][PASSED] - c_discountPercentage = "c_discountPercentage": null

03-09-2024T18:14:15 - [TEST_STEP][PASSED] - c_individualDelivery = "c_individualDelivery": null

03-09-2024T18:14:15 - [TEST_STEP][PASSED] - c_marketplaceProduct = "c_marketplaceProduct": null

03-09-2024T18:14:15 - [TEST_STEP][PASSED] - c_miraklProductDataSource = "c_miraklProductDataSource": null

03-09-2024T18:14:15 - [TEST_STEP][PASSED] - c_miraklProductId = "c_miraklProductId": null

03-09-2024T18:14:15 - [TEST_STEP][PASSED] - c_miraklShopID = "c_miraklShopID": null

03-09-2024T18:14:15 - [TEST_STEP][PASSED] - c_miraklShopName = "c_miraklShopName": null

03-09-2024T18:14:15 - [TEST_STEP][PASSED] - c_productType = "c_productType": null

03-09-2024T18:14:15 - [TEST_STEP][PASSED] - c_promotionName = "c_promotionName": null

03-09-2024T18:14:15 - [TEST_STEP][PASSED] - c_sapId = "c_sapId": null

03-09-2024T18:14:15 - [TEST_STEP][PASSED] - c_selectable = "c_selectable": null

03-09-2024T18:14:15 - [TEST_STEP][PASSED] - c_seller_lead_times = "c_seller-lead-times": null

03-09-2024T18:14:15 - [TEST_STEP][PASSED] - c_sellerDescription = "c_sellerDescription": null

03-09-2024T18:14:15 - [TEST_STEP][PASSED] - c_shopIdName = "c_shopIdName": null

03-09-2024T18:14:15 - [TEST_STEP][PASSED] - c_tpshop = "c_tpshop": null

03-09-2024T18:14:15 - [TEST_STEP][PASSED] - c_updateMiraklImages = "c_updateMiraklImages": null

03-09-2024T18:14:15 - [TEST_STEP][PASSED] - c_verticalType = "c_verticalType": null

03-09-2024T18:14:15 - [TEST_STEP][PASSED] - c_salePrice = "c_salePrice": null

03-09-2024T18:14:15 - [TEST_STEP][PASSED] - c_salePrice_value = "c_salePrice.value": null

03-09-2024T18:14:15 - [TEST_STEP][PASSED] - c_salePrice_currency = "c_salePrice.currency": null

03-09-2024T18:14:15 - [TEST_STEP][PASSED] - c_salePrice_decimalPrice = "c_salePrice.decimalPrice": null

03-09-2024T18:14:15 - [TEST_STEP][PASSED] - c_basePrice = "c_basePrice": null

03-09-2024T18:14:15 - [TEST_STEP][PASSED] - c_basePrice_currency = "c_basePrice.currency": null

03-09-2024T18:14:15 - [TEST_STEP][PASSED] - c_basePrice_decimalPrice = "c_basePrice.decimalPrice": null

03-09-2024T18:14:15 - [TEST_STEP][PASSED] - c_similarProducts = "c_similarProducts": null

03-09-2024T18:14:15 - [TEST_STEP][PASSED] - c_similarProducts_online = "c_similarProducts[0].online": null

03-09-2024T18:14:15 - [TEST_STEP][PASSED] - c_similarProducts_link = "c_similarProducts[0].link": null

03-09-2024T18:14:15 - [TEST_STEP][PASSED] - c_similarProducts_linkType = "c_similarProducts[0].linkType": null

03-09-2024T18:14:15 - [TEST_STEP][PASSED] - c_similarProducts_productId = "c_similarProducts[0].productId": null

03-09-2024T18:14:15 - [TEST_STEP][PASSED] - c_similarProducts_productName = "c_similarProducts[0].productName": null

03-09-2024T18:14:15 - [TEST_STEP][PASSED] - c_similarProducts_productDesc = "c_similarProducts[0].productDesc": null

03-09-2024T18:14:15 - [TEST_STEP][PASSED] - c_similarProducts_productType = "c_similarProducts[0].productType": null

03-09-2024T18:14:15 - [TEST_STEP][PASSED] - c_similarProducts_basePrice = "c_similarProducts[0].basePrice": null

03-09-2024T18:14:15 - [TEST_STEP][PASSED] - c_similarProducts_basePrice_currency = "c_similarProducts[0].basePrice.currency": null

03-09-2024T18:14:15 - [TEST_STEP][PASSED] - c_similarProducts_basePrice_decimalPrice = "c_similarProducts[0].basePrice.decimalPrice": null

03-09-2024T18:14:15 - [TEST_STEP][PASSED] - c_similarProducts_salePrice = "c_similarProducts[0].salePrice": null

03-09-2024T18:14:15 - [TEST_STEP][PASSED] - c_similarProducts_salePrice_value = "c_similarProducts[0].salePrice.value": null

03-09-2024T18:14:15 - [TEST_STEP][PASSED] - c_similarProducts_salePrice_currency = "c_similarProducts[0].salePrice.currency": null

03-09-2024T18:14:15 - [TEST_STEP][PASSED] - c_similarProducts_salePrice_formatted = "c_similarProducts[0].salePrice.formatted": null

03-09-2024T18:14:15 - [TEST_STEP][PASSED] - c_similarProducts_image_alt = "c_similarProducts[0].image[0].alt": null

03-09-2024T18:14:15 - [TEST_STEP][PASSED] - c_similarProducts_image_url = "c_similarProducts[0].image[0].url": null

03-09-2024T18:14:15 - [TEST_STEP][PASSED] - c_similarProducts_imagetitle = "c_similarProducts[0].image[0].title": null

03-09-2024T18:14:15 - [TEST_STEP][PASSED] - c_similarProducts_discount_percentage = "c_similarProducts[0].discount_percentage": null

03-09-2024T18:14:15 - [TEST_STEP][PASSED] - c_similarProducts_promotionName = "c_similarProducts[0].promotionName": null

03-09-2024T18:14:15 - [TEST_STEP][PASSED] - c_similarProducts_promotionName_calloutMsg = "c_similarProducts[0].promotionName[0].calloutMsg": null

03-09-2024T18:14:15 - [TEST_STEP][PASSED] - c_similarProducts_promotionName_details = "c_similarProducts[0].promotionName[0].details": null

03-09-2024T18:14:15 - [TEST_STEP][PASSED] - c_similarProducts_promotionName_enabled = "c_similarProducts[0].promotionName[0].enabled": null

03-09-2024T18:14:15 - [TEST_STEP][PASSED] - c_similarProducts_promotionName_id = "c_similarProducts[0].promotionName[0].id": null

03-09-2024T18:14:15 - [TEST_STEP][PASSED] - c_similarProducts_promotionName_name = "c_similarProducts[0].promotionName[0].name": null

03-09-2024T18:14:15 - [TEST_STEP][PASSED] - c_similarProducts_promotionName_promotionClass = "c_similarProducts[0].promotionName[0].promotionClass": null

03-09-2024T18:14:15 - [TEST_STEP][PASSED] - c_similarProducts_promotionName_rank = "c_similarProducts[0].promotionName[0].rank": null

03-09-2024T18:14:15 - [TEST_STEP][PASSED] - c_similarProducts_promoPrice = "c_similarProducts[0].promoPrice": null

03-09-2024T18:14:15 - [TEST_STEP][PASSED] - c_similarProducts_isVariant = "c_similarProducts[0].isVariant": null

03-09-2024T18:14:15 - [TEST_STEP][PASSED] - c_similarProducts_colorSwatches = "c_similarProducts[0].colorSwatches": null

03-09-2024T18:14:15 - [TEST_STEP][PASSED] - c_similarProducts_emi_installment_amount = "c_similarProducts[0].emi_installment_amount": null

03-09-2024T18:14:15 - [TEST_STEP][PASSED] - c_similarProducts_bestOfferPrice = "c_similarProducts[0].bestOfferPrice": null

03-09-2024T18:14:15 - [TEST_STEP][PASSED] - totalplay.Common.verifyPropertyExist(FoodPDP, type): totalplay.Common.verifyPropertyExist is PASSED

03-09-2024T18:14:15 - [MESSAGE][INFO] - Checking response object

03-09-2024T18:14:15 - [MESSAGE][PASSED] - totalplay.Common.verifyPropertyExist is PASSED

03-09-2024T18:14:15 - [TEST_STEP][PASSED] - totalplay.Common.verifyPropertyValueExist(FoodPDP, type): totalplay.Common.verifyPropertyValueExist is PASSED

03-09-2024T18:14:15 - [MESSAGE][INFO] - Checking response object

03-09-2024T18:14:15 - [MESSAGE][INFO] - product

03-09-2024T18:14:15 - [MESSAGE][PASSED] - totalplay.Common.verifyPropertyValueExist is PASSED

03-09-2024T18:14:15 - [TEST_STEP][PASSED] - totalplay.Common.verifyPropertyExist(FoodPDP, brand): totalplay.Common.verifyPropertyExist is PASSED

03-09-2024T18:14:15 - [MESSAGE][INFO] - Checking response object

03-09-2024T18:14:15 - [MESSAGE][PASSED] - totalplay.Common.verifyPropertyExist is PASSED

03-09-2024T18:14:15 - [TEST_STEP][PASSED] - totalplay.Common.verifyPropertyValueExist(FoodPDP, brand): totalplay.Common.verifyPropertyValueExist is PASSED

03-09-2024T18:14:15 - [MESSAGE][INFO] - Checking response object

03-09-2024T18:14:16 - [MESSAGE][INFO] - Casa de Too

03-09-2024T18:14:16 - [MESSAGE][PASSED] - totalplay.Common.verifyPropertyValueExist is PASSED

03-09-2024T18:14:16 - [TEST_STEP][PASSED] - totalplay.Common.verifyPropertyExist(FoodPDP, currency): totalplay.Common.verifyPropertyExist is PASSED

03-09-2024T18:14:16 - [MESSAGE][INFO] - Checking response object

03-09-2024T18:14:16 - [MESSAGE][PASSED] - totalplay.Common.verifyPropertyExist is PASSED

03-09-2024T18:14:16 - [TEST_STEP][PASSED] - totalplay.Common.verifyPropertyValueExist(FoodPDP, currency): totalplay.Common.verifyPropertyValueExist is PASSED

03-09-2024T18:14:16 - [MESSAGE][INFO] - Checking response object

03-09-2024T18:14:16 - [MESSAGE][INFO] - MXN

03-09-2024T18:14:16 - [MESSAGE][PASSED] - totalplay.Common.verifyPropertyValueExist is PASSED

03-09-2024T18:14:16 - [TEST_STEP][PASSED] - totalplay.Common.verifyPropertyExist(FoodPDP, id): totalplay.Common.verifyPropertyExist is PASSED

03-09-2024T18:14:16 - [MESSAGE][INFO] - Checking response object

03-09-2024T18:14:16 - [MESSAGE][PASSED] - totalplay.Common.verifyPropertyExist is PASSED

03-09-2024T18:14:16 - [TEST_STEP][PASSED] - totalplay.Common.verifyPropertyValueExist(FoodPDP, id): totalplay.Common.verifyPropertyValueExist is PASSED

03-09-2024T18:14:16 - [MESSAGE][INFO] - Checking response object

03-09-2024T18:14:16 - [MESSAGE][INFO] - C163098040

03-09-2024T18:14:16 - [MESSAGE][PASSED] - totalplay.Common.verifyPropertyValueExist is PASSED

03-09-2024T18:14:16 - [TEST_STEP][PASSED] - totalplay.Common.verifyPropertyExist(FoodPDP, inventory): totalplay.Common.verifyPropertyExist is PASSED

03-09-2024T18:14:16 - [MESSAGE][INFO] - Checking response object

03-09-2024T18:14:16 - [MESSAGE][PASSED] - totalplay.Common.verifyPropertyExist is PASSED

03-09-2024T18:14:16 - [TEST_STEP][PASSED] - totalplay.Common.verifyPropertyExist(FoodPDP, inventory_type): totalplay.Common.verifyPropertyExist is PASSED

03-09-2024T18:14:16 - [MESSAGE][INFO] - Checking response object

03-09-2024T18:14:16 - [MESSAGE][PASSED] - totalplay.Common.verifyPropertyExist is PASSED

03-09-2024T18:14:16 - [TEST_STEP][PASSED] - totalplay.Common.verifyPropertyValueExist(FoodPDP, inventory_type): totalplay.Common.verifyPropertyValueExist is PASSED

03-09-2024T18:14:16 - [MESSAGE][INFO] - Checking response object

03-09-2024T18:14:16 - [MESSAGE][INFO] - inventory

03-09-2024T18:14:16 - [MESSAGE][PASSED] - totalplay.Common.verifyPropertyValueExist is PASSED

03-09-2024T18:14:16 - [TEST_STEP][PASSED] - totalplay.Common.getNumValueofObject(FoodPDP, inventory_ats): totalplay.Common.getNumValueofObject is PASSED

03-09-2024T18:14:16 - [MESSAGE][INFO] - Checking response object

03-09-2024T18:14:16 - [MESSAGE][PASSED] - totalplay.Common.getNumValueofObject is PASSED

03-09-2024T18:14:16 - [TEST_STEP][PASSED] - totalplay.Common.getBooleanValueofObject(FoodPDP, inventory_backorderable): totalplay.Common.getBooleanValueofObject is PASSED

03-09-2024T18:14:16 - [MESSAGE][INFO] - Checking response object

03-09-2024T18:14:16 - [MESSAGE][PASSED] - totalplay.Common.getBooleanValueofObject is PASSED

03-09-2024T18:14:16 - [TEST_STEP][PASSED] - totalplay.Common.verifyPropertyExist(FoodPDP, inventory_id): totalplay.Common.verifyPropertyExist is PASSED

03-09-2024T18:14:16 - [MESSAGE][INFO] - Checking response object

03-09-2024T18:14:16 - [MESSAGE][PASSED] - totalplay.Common.verifyPropertyExist is PASSED

03-09-2024T18:14:16 - [TEST_STEP][PASSED] - totalplay.Common.verifyPropertyValueExist(FoodPDP, inventory_id): totalplay.Common.verifyPropertyValueExist is PASSED

03-09-2024T18:14:16 - [MESSAGE][INFO] - Checking response object

03-09-2024T18:14:16 - [MESSAGE][INFO] - inventory_m_food_mirakl

03-09-2024T18:14:16 - [MESSAGE][PASSED] - totalplay.Common.verifyPropertyValueExist is PASSED

03-09-2024T18:14:16 - [TEST_STEP][PASSED] - totalplay.Common.getBooleanValueofObject(FoodPDP, inventory_orderable): totalplay.Common.getBooleanValueofObject is PASSED

03-09-2024T18:14:16 - [MESSAGE][INFO] - Checking response object

03-09-2024T18:14:16 - [MESSAGE][PASSED] - totalplay.Common.getBooleanValueofObject is PASSED

03-09-2024T18:14:16 - [TEST_STEP][PASSED] - totalplay.Common.getBooleanValueofObject(FoodPDP, inventory_preorderable): totalplay.Common.getBooleanValueofObject is PASSED

03-09-2024T18:14:16 - [MESSAGE][INFO] - Checking response object

03-09-2024T18:14:16 - [MESSAGE][PASSED] - totalplay.Common.getBooleanValueofObject is PASSED

03-09-2024T18:14:16 - [TEST_STEP][PASSED] - totalplay.Common.getNumValueofObject(FoodPDP, inventory_stock_level): totalplay.Common.getNumValueofObject is PASSED

03-09-2024T18:14:16 - [MESSAGE][INFO] - Checking response object

03-09-2024T18:14:16 - [MESSAGE][PASSED] - totalplay.Common.getNumValueofObject is PASSED

03-09-2024T18:14:16 - [TEST_STEP][PASSED] - totalplay.Common.getNumValueofObject(FoodPDP, min_order_quantity): totalplay.Common.getNumValueofObject is PASSED

03-09-2024T18:14:16 - [MESSAGE][INFO] - Checking response object

03-09-2024T18:14:16 - [MESSAGE][PASSED] - totalplay.Common.getNumValueofObject is PASSED

03-09-2024T18:14:16 - [TEST_STEP][PASSED] - totalplay.Common.verifyPropertyExist(FoodPDP, name): totalplay.Common.verifyPropertyExist is PASSED

03-09-2024T18:14:16 - [MESSAGE][INFO] - Checking response object

03-09-2024T18:14:17 - [MESSAGE][PASSED] - totalplay.Common.verifyPropertyExist is PASSED

03-09-2024T18:14:17 - [TEST_STEP][PASSED] - totalplay.Common.verifyPropertyValueExist(FoodPDP, name): totalplay.Common.verifyPropertyValueExist is PASSED

03-09-2024T18:14:17 - [MESSAGE][INFO] - Checking response object

03-09-2024T18:14:17 - [MESSAGE][INFO] - Sidral 355 ml

03-09-2024T18:14:17 - [MESSAGE][PASSED] - totalplay.Common.verifyPropertyValueExist is PASSED

03-09-2024T18:14:17 - [TEST_STEP][PASSED] - totalplay.Common.getNumValueofObject(FoodPDP, price): totalplay.Common.getNumValueofObject is PASSED

03-09-2024T18:14:17 - [MESSAGE][INFO] - Checking response object

03-09-2024T18:14:17 - [MESSAGE][PASSED] - totalplay.Common.getNumValueofObject is PASSED

03-09-2024T18:14:17 - [TEST_STEP][PASSED] - totalplay.Common.getNumValueofObject(FoodPDP, price_per_unit): totalplay.Common.getNumValueofObject is PASSED

03-09-2024T18:14:17 - [MESSAGE][INFO] - Checking response object

03-09-2024T18:14:17 - [MESSAGE][PASSED] - totalplay.Common.getNumValueofObject is PASSED

03-09-2024T18:14:17 - [TEST_STEP][PASSED] - totalplay.Common.verifyPropertyExist(FoodPDP, type_type): totalplay.Common.verifyPropertyExist is PASSED

03-09-2024T18:14:17 - [MESSAGE][INFO] - Checking response object

03-09-2024T18:14:17 - [MESSAGE][PASSED] - totalplay.Common.verifyPropertyExist is PASSED

03-09-2024T18:14:17 - [TEST_STEP][PASSED] - totalplay.Common.verifyPropertyValueExist(FoodPDP, type_type): totalplay.Common.verifyPropertyValueExist is PASSED

03-09-2024T18:14:17 - [MESSAGE][INFO] - Checking response object

03-09-2024T18:14:17 - [MESSAGE][INFO] - product_type

03-09-2024T18:14:17 - [MESSAGE][PASSED] - totalplay.Common.verifyPropertyValueExist is PASSED

03-09-2024T18:14:17 - [TEST_STEP][PASSED] - totalplay.Common.verifyPropertyExist(FoodPDP, c_PromoAvailable): totalplay.Common.verifyPropertyExist is PASSED

03-09-2024T18:14:17 - [MESSAGE][INFO] - Checking response object

03-09-2024T18:14:17 - [MESSAGE][PASSED] - totalplay.Common.verifyPropertyExist is PASSED

03-09-2024T18:14:17 - [TEST_STEP][PASSED] - totalplay.Common.verifyPropertyValueExist(FoodPDP, c_PromoAvailable): totalplay.Common.verifyPropertyValueExist is PASSED

03-09-2024T18:14:17 - [MESSAGE][INFO] - Checking response object

03-09-2024T18:14:17 - [MESSAGE][INFO] - no

03-09-2024T18:14:17 - [MESSAGE][PASSED] - totalplay.Common.verifyPropertyValueExist is PASSED

03-09-2024T18:14:17 - [TEST_STEP][PASSED] - totalplay.Common.verifyPropertyExist(FoodPDP, c_description): totalplay.Common.verifyPropertyExist is PASSED

03-09-2024T18:14:17 - [MESSAGE][INFO] - Checking response object

03-09-2024T18:14:17 - [MESSAGE][PASSED] - totalplay.Common.verifyPropertyExist is PASSED

03-09-2024T18:14:17 - [TEST_STEP][PASSED] - totalplay.Common.verifyPropertyValueExist(FoodPDP, c_description): totalplay.Common.verifyPropertyValueExist is PASSED

03-09-2024T18:14:17 - [MESSAGE][INFO] - Checking response object

03-09-2024T18:14:17 - [MESSAGE][INFO] - 355 ml

03-09-2024T18:14:17 - [MESSAGE][PASSED] - totalplay.Common.verifyPropertyValueExist is PASSED

03-09-2024T18:14:17 - [TEST_STEP][PASSED] - totalplay.Common.getBooleanValueofObject(FoodPDP, c_individualDelivery): totalplay.Common.getBooleanValueofObject is PASSED

03-09-2024T18:14:17 - [MESSAGE][INFO] - Checking response object

03-09-2024T18:14:17 - [MESSAGE][PASSED] - totalplay.Common.getBooleanValueofObject is PASSED

03-09-2024T18:14:17 - [TEST_STEP][PASSED] - totalplay.Common.getBooleanValueofObject(FoodPDP, c_marketplaceProduct): totalplay.Common.getBooleanValueofObject is PASSED

03-09-2024T18:14:17 - [MESSAGE][INFO] - Checking response object

03-09-2024T18:14:17 - [MESSAGE][PASSED] - totalplay.Common.getBooleanValueofObject is PASSED

03-09-2024T18:14:17 - [TEST_STEP][PASSED] - totalplay.Common.verifyPropertyExist(FoodPDP, c_miraklProductDataSource): totalplay.Common.verifyPropertyExist is PASSED

03-09-2024T18:14:17 - [MESSAGE][INFO] - Checking response object

03-09-2024T18:14:17 - [MESSAGE][PASSED] - totalplay.Common.verifyPropertyExist is PASSED

03-09-2024T18:14:17 - [TEST_STEP][PASSED] - totalplay.Common.verifyPropertyValueExist(FoodPDP, c_miraklProductDataSource): totalplay.Common.verifyPropertyValueExist is PASSED

03-09-2024T18:14:17 - [MESSAGE][INFO] - Checking response object

03-09-2024T18:14:17 - [MESSAGE][INFO] - MIRAKL

03-09-2024T18:14:17 - [MESSAGE][PASSED] - totalplay.Common.verifyPropertyValueExist is PASSED

03-09-2024T18:14:17 - [TEST_STEP][PASSED] - totalplay.Common.verifyPropertyExist(FoodPDP, c_miraklProductId): totalplay.Common.verifyPropertyExist is PASSED

03-09-2024T18:14:17 - [MESSAGE][INFO] - Checking response object

03-09-2024T18:14:17 - [MESSAGE][PASSED] - totalplay.Common.verifyPropertyExist is PASSED

03-09-2024T18:14:17 - [TEST_STEP][PASSED] - totalplay.Common.verifyPropertyValueExist(FoodPDP, c_miraklProductId): totalplay.Common.verifyPropertyValueExist is PASSED

03-09-2024T18:14:17 - [MESSAGE][INFO] - Checking response object

03-09-2024T18:14:17 - [MESSAGE][INFO] - 1abec504-de42-434e-bab7-a9ed20259762

03-09-2024T18:14:17 - [MESSAGE][PASSED] - totalplay.Common.verifyPropertyValueExist is PASSED

03-09-2024T18:14:17 - [TEST_STEP][PASSED] - totalplay.Common.verifyPropertyExist(FoodPDP, c_miraklShopID): totalplay.Common.verifyPropertyExist is PASSED

03-09-2024T18:14:17 - [MESSAGE][INFO] - Checking response object

03-09-2024T18:14:18 - [MESSAGE][PASSED] - totalplay.Common.verifyPropertyExist is PASSED

03-09-2024T18:14:18 - [TEST_STEP][PASSED] - totalplay.Common.verifyPropertyExist(FoodPDP, c_miraklShopName): totalplay.Common.verifyPropertyExist is PASSED

03-09-2024T18:14:18 - [MESSAGE][INFO] - Checking response object

03-09-2024T18:14:18 - [MESSAGE][PASSED] - totalplay.Common.verifyPropertyExist is PASSED

03-09-2024T18:14:18 - [TEST_STEP][PASSED] - totalplay.Common.verifyPropertyExist(FoodPDP, c_productType): totalplay.Common.verifyPropertyExist is PASSED

03-09-2024T18:14:18 - [MESSAGE][INFO] - Checking response object

03-09-2024T18:14:18 - [MESSAGE][PASSED] - totalplay.Common.verifyPropertyExist is PASSED

03-09-2024T18:14:18 - [TEST_STEP][PASSED] - totalplay.Common.verifyPropertyValueExist(FoodPDP, c_productType): totalplay.Common.verifyPropertyValueExist is PASSED

03-09-2024T18:14:18 - [MESSAGE][INFO] - Checking response object

03-09-2024T18:14:18 - [MESSAGE][INFO] - regular

03-09-2024T18:14:18 - [MESSAGE][PASSED] - totalplay.Common.verifyPropertyValueExist is PASSED

03-09-2024T18:14:18 - [TEST_STEP][PASSED] - totalplay.Common.verifyPropertyExist(FoodPDP, c_sapId): totalplay.Common.verifyPropertyExist is PASSED

03-09-2024T18:14:18 - [MESSAGE][INFO] - Checking response object

03-09-2024T18:14:18 - [MESSAGE][PASSED] - totalplay.Common.verifyPropertyExist is PASSED

03-09-2024T18:14:18 - [TEST_STEP][PASSED] - totalplay.Common.verifyPropertyValueExist(FoodPDP, c_sapId): totalplay.Common.verifyPropertyValueExist is PASSED

03-09-2024T18:14:18 - [MESSAGE][INFO] - Checking response object

03-09-2024T18:14:18 - [MESSAGE][INFO] - D2515_P077_230508A

03-09-2024T18:14:18 - [MESSAGE][PASSED] - totalplay.Common.verifyPropertyValueExist is PASSED

03-09-2024T18:14:18 - [TEST_STEP][PASSED] - totalplay.Common.verifyPropertyExist(FoodPDP, c_selectable): totalplay.Common.verifyPropertyExist is PASSED

03-09-2024T18:14:18 - [MESSAGE][INFO] - Checking response object

03-09-2024T18:14:18 - [MESSAGE][PASSED] - totalplay.Common.verifyPropertyExist is PASSED

03-09-2024T18:14:18 - [TEST_STEP][PASSED] - totalplay.Common.verifyPropertyValueExist(FoodPDP, c_selectable): totalplay.Common.verifyPropertyValueExist is PASSED

03-09-2024T18:14:18 - [MESSAGE][INFO] - Checking response object

03-09-2024T18:14:18 - [MESSAGE][INFO] - nTrue

03-09-2024T18:14:18 - [MESSAGE][PASSED] - totalplay.Common.verifyPropertyValueExist is PASSED

03-09-2024T18:14:18 - [TEST_STEP][PASSED] - totalplay.Common.verifyPropertyExist(FoodPDP, c_sellerDescription): totalplay.Common.verifyPropertyExist is PASSED

03-09-2024T18:14:18 - [MESSAGE][INFO] - Checking response object

03-09-2024T18:14:18 - [MESSAGE][PASSED] - totalplay.Common.verifyPropertyExist is PASSED

03-09-2024T18:14:18 - [TEST_STEP][PASSED] - totalplay.Common.verifyPropertyValueExist(FoodPDP, c_sellerDescription): totalplay.Common.verifyPropertyValueExist is PASSED

03-09-2024T18:14:18 - [MESSAGE][INFO] - Checking response object

03-09-2024T18:14:18 - [MESSAGE][INFO] - Mexicana|La Casa De Toño Polanco|La Casa De Toño Tlalpan

03-09-2024T18:14:18 - [MESSAGE][PASSED] - totalplay.Common.verifyPropertyValueExist is PASSED

03-09-2024T18:14:18 - [TEST_STEP][PASSED] - totalplay.Common.verifyPropertyExist(FoodPDP, c_shopIdName): totalplay.Common.verifyPropertyExist is PASSED

03-09-2024T18:14:18 - [MESSAGE][INFO] - Checking response object

03-09-2024T18:14:18 - [MESSAGE][PASSED] - totalplay.Common.verifyPropertyExist is PASSED

03-09-2024T18:14:18 - [TEST_STEP][PASSED] - totalplay.Common.getBooleanValueofObject(FoodPDP, c_tpshop): totalplay.Common.getBooleanValueofObject is PASSED

03-09-2024T18:14:18 - [MESSAGE][INFO] - Checking response object

03-09-2024T18:14:18 - [MESSAGE][PASSED] - totalplay.Common.getBooleanValueofObject is PASSED

03-09-2024T18:14:18 - [TEST_STEP][PASSED] - totalplay.Common.getBooleanValueofObject(FoodPDP, c_updateMiraklImages): totalplay.Common.getBooleanValueofObject is PASSED

03-09-2024T18:14:18 - [MESSAGE][INFO] - Checking response object

03-09-2024T18:14:18 - [MESSAGE][PASSED] - totalplay.Common.getBooleanValueofObject is PASSED

03-09-2024T18:14:18 - [TEST_STEP][PASSED] - totalplay.Common.verifyPropertyExist(FoodPDP, c_verticalType): totalplay.Common.verifyPropertyExist is PASSED

03-09-2024T18:14:18 - [MESSAGE][INFO] - Checking response object

03-09-2024T18:14:18 - [MESSAGE][PASSED] - totalplay.Common.verifyPropertyExist is PASSED

03-09-2024T18:14:18 - [TEST_STEP][PASSED] - totalplay.Common.verifyPropertyExist(FoodPDP, c_salePrice): totalplay.Common.verifyPropertyExist is PASSED

03-09-2024T18:14:18 - [MESSAGE][INFO] - Checking response object

03-09-2024T18:14:18 - [MESSAGE][PASSED] - totalplay.Common.verifyPropertyExist is PASSED

03-09-2024T18:14:18 - [TEST_STEP][PASSED] - totalplay.Common.verifyPropertyExist(FoodPDP, c_salePrice_currency): totalplay.Common.verifyPropertyExist is PASSED

03-09-2024T18:14:18 - [MESSAGE][INFO] - Checking response object

03-09-2024T18:14:18 - [MESSAGE][PASSED] - totalplay.Common.verifyPropertyExist is PASSED

03-09-2024T18:14:18 - [TEST_STEP][PASSED] - totalplay.Common.verifyPropertyValueExist(FoodPDP, c_salePrice_currency): totalplay.Common.verifyPropertyValueExist is PASSED

03-09-2024T18:14:18 - [MESSAGE][INFO] - Checking response object

03-09-2024T18:14:18 - [MESSAGE][INFO] - MXN

03-09-2024T18:14:18 - [MESSAGE][PASSED] - totalplay.Common.verifyPropertyValueExist is PASSED

03-09-2024T18:14:18 - [TEST_STEP][PASSED] - totalplay.Common.verifyPropertyExist(FoodPDP, c_salePrice_decimalPrice): totalplay.Common.verifyPropertyExist is PASSED

03-09-2024T18:14:18 - [MESSAGE][INFO] - Checking response object

03-09-2024T18:14:18 - [MESSAGE][PASSED] - totalplay.Common.verifyPropertyExist is PASSED

03-09-2024T18:14:18 - [TEST_STEP][PASSED] - totalplay.Common.verifyPropertyValueExist(FoodPDP, c_salePrice_decimalPrice): totalplay.Common.verifyPropertyValueExist is PASSED

03-09-2024T18:14:18 - [MESSAGE][INFO] - Checking response object

03-09-2024T18:14:18 - [MESSAGE][INFO] - 0.00

03-09-2024T18:14:18 - [MESSAGE][PASSED] - totalplay.Common.verifyPropertyValueExist is PASSED

03-09-2024T18:14:18 - [TEST_STEP][PASSED] - totalplay.Common.verifyPropertyExist(FoodPDP, c_basePrice_currency): totalplay.Common.verifyPropertyExist is PASSED

03-09-2024T18:14:18 - [MESSAGE][INFO] - Checking response object

03-09-2024T18:14:18 - [MESSAGE][PASSED] - totalplay.Common.verifyPropertyExist is PASSED

03-09-2024T18:14:18 - [TEST_STEP][PASSED] - totalplay.Common.verifyPropertyValueExist(FoodPDP, c_basePrice_currency): totalplay.Common.verifyPropertyValueExist is PASSED

03-09-2024T18:14:18 - [MESSAGE][INFO] - Checking response object

03-09-2024T18:14:19 - [MESSAGE][INFO] - MXN

03-09-2024T18:14:19 - [MESSAGE][PASSED] - totalplay.Common.verifyPropertyValueExist is PASSED

03-09-2024T18:14:19 - [TEST_STEP][PASSED] - totalplay.Common.verifyPropertyExist(FoodPDP, c_basePrice_decimalPrice): totalplay.Common.verifyPropertyExist is PASSED

03-09-2024T18:14:19 - [MESSAGE][INFO] - Checking response object

03-09-2024T18:14:19 - [MESSAGE][PASSED] - totalplay.Common.verifyPropertyExist is PASSED

03-09-2024T18:14:19 - [TEST_STEP][PASSED] - totalplay.Common.verifyPropertyValueExist(FoodPDP, c_basePrice_decimalPrice): totalplay.Common.verifyPropertyValueExist is PASSED

03-09-2024T18:14:19 - [MESSAGE][INFO] - Checking response object

03-09-2024T18:14:19 - [MESSAGE][INFO] - 20.00

03-09-2024T18:14:19 - [MESSAGE][PASSED] - totalplay.Common.verifyPropertyValueExist is PASSED

03-09-2024T18:14:19 - [TEST_STEP][PASSED] - totalplay.Common.verifyPropertyExist(FoodPDP, c_similarProducts): totalplay.Common.verifyPropertyExist is PASSED

03-09-2024T18:14:19 - [MESSAGE][INFO] - Checking response object

03-09-2024T18:14:19 - [MESSAGE][PASSED] - totalplay.Common.verifyPropertyExist is PASSED

03-09-2024T18:14:19 - [TEST_STEP][PASSED] - totalplay.Common.getBooleanValueofObject(FoodPDP, c_similarProducts_online): totalplay.Common.getBooleanValueofObject is PASSED

03-09-2024T18:14:19 - [MESSAGE][INFO] - Checking response object

03-09-2024T18:14:19 - [MESSAGE][PASSED] - totalplay.Common.getBooleanValueofObject is PASSED

03-09-2024T18:14:19 - [TEST_STEP][PASSED] - totalplay.Common.verifyPropertyExist(FoodPDP, c_similarProducts_link): totalplay.Common.verifyPropertyExist is PASSED

03-09-2024T18:14:19 - [MESSAGE][INFO] - Checking response object

03-09-2024T18:14:19 - [MESSAGE][PASSED] - totalplay.Common.verifyPropertyExist is PASSED

03-09-2024T18:14:19 - [TEST_STEP][PASSED] - totalplay.Common.verifyPropertyValueExist(FoodPDP, c_similarProducts_link): totalplay.Common.verifyPropertyValueExist is PASSED

03-09-2024T18:14:19 - [MESSAGE][INFO] - Checking response object

03-09-2024T18:14:19 - [MESSAGE][INFO] - /dw/shop/v23_1/content/seller-pdp?sellerID=4158&c_productid=C1134019442

03-09-2024T18:14:19 - [MESSAGE][PASSED] - totalplay.Common.verifyPropertyValueExist is PASSED

03-09-2024T18:14:19 - [TEST_STEP][PASSED] - totalplay.Common.verifyPropertyExist(FoodPDP, c_similarProducts_linkType): totalplay.Common.verifyPropertyExist is PASSED

03-09-2024T18:14:19 - [MESSAGE][INFO] - Checking response object

03-09-2024T18:14:19 - [MESSAGE][PASSED] - totalplay.Common.verifyPropertyExist is PASSED

03-09-2024T18:14:19 - [TEST_STEP][PASSED] - totalplay.Common.verifyPropertyValueExist(FoodPDP, c_similarProducts_linkType): totalplay.Common.verifyPropertyValueExist is PASSED

03-09-2024T18:14:19 - [MESSAGE][INFO] - Checking response object

03-09-2024T18:14:19 - [MESSAGE][INFO] - PDP

03-09-2024T18:14:19 - [MESSAGE][PASSED] - totalplay.Common.verifyPropertyValueExist is PASSED

03-09-2024T18:14:19 - [TEST_STEP][PASSED] - totalplay.Common.verifyPropertyExist(FoodPDP, c_similarProducts_productId): totalplay.Common.verifyPropertyExist is PASSED

03-09-2024T18:14:19 - [MESSAGE][INFO] - Checking response object

03-09-2024T18:14:19 - [MESSAGE][PASSED] - totalplay.Common.verifyPropertyExist is PASSED

03-09-2024T18:14:19 - [TEST_STEP][PASSED] - totalplay.Common.verifyPropertyValueExist(FoodPDP, c_similarProducts_productId): totalplay.Common.verifyPropertyValueExist is PASSED

03-09-2024T18:14:19 - [MESSAGE][INFO] - Checking response object

03-09-2024T18:14:19 - [MESSAGE][INFO] - C1134019442

03-09-2024T18:14:19 - [MESSAGE][PASSED] - totalplay.Common.verifyPropertyValueExist is PASSED

03-09-2024T18:14:19 - [TEST_STEP][PASSED] - totalplay.Common.verifyPropertyExist(FoodPDP, c_similarProducts_productName): totalplay.Common.verifyPropertyExist is PASSED

03-09-2024T18:14:19 - [MESSAGE][INFO] - Checking response object

03-09-2024T18:14:19 - [MESSAGE][PASSED] - totalplay.Common.verifyPropertyExist is PASSED

03-09-2024T18:14:19 - [TEST_STEP][PASSED] - totalplay.Common.verifyPropertyValueExist(FoodPDP, c_similarProducts_productName): totalplay.Common.verifyPropertyValueExist is PASSED

03-09-2024T18:14:19 - [MESSAGE][INFO] - Checking response object

03-09-2024T18:14:19 - [MESSAGE][INFO] - Sprite 355 ml

03-09-2024T18:14:19 - [MESSAGE][PASSED] - totalplay.Common.verifyPropertyValueExist is PASSED

03-09-2024T18:14:19 - [TEST_STEP][PASSED] - totalplay.Common.verifyPropertyExist(FoodPDP, c_similarProducts_productDesc): totalplay.Common.verifyPropertyExist is PASSED

03-09-2024T18:14:19 - [MESSAGE][INFO] - Checking response object

03-09-2024T18:14:19 - [MESSAGE][PASSED] - totalplay.Common.verifyPropertyExist is PASSED

03-09-2024T18:14:19 - [TEST_STEP][PASSED] - totalplay.Common.verifyPropertyValueExist(FoodPDP, c_similarProducts_productDesc): totalplay.Common.verifyPropertyValueExist is PASSED

03-09-2024T18:14:19 - [MESSAGE][INFO] - Checking response object

03-09-2024T18:14:19 - [MESSAGE][INFO] - 355 ml

03-09-2024T18:14:19 - [MESSAGE][PASSED] - totalplay.Common.verifyPropertyValueExist is PASSED

03-09-2024T18:14:19 - [TEST_STEP][PASSED] - totalplay.Common.verifyPropertyExist(FoodPDP, c_similarProducts_productType): totalplay.Common.verifyPropertyExist is PASSED

03-09-2024T18:14:19 - [MESSAGE][INFO] - Checking response object

03-09-2024T18:14:19 - [MESSAGE][PASSED] - totalplay.Common.verifyPropertyExist is PASSED

03-09-2024T18:14:19 - [TEST_STEP][PASSED] - totalplay.Common.verifyPropertyValueExist(FoodPDP, c_similarProducts_productType): totalplay.Common.verifyPropertyValueExist is PASSED

03-09-2024T18:14:19 - [MESSAGE][INFO] - Checking response object

03-09-2024T18:14:19 - [MESSAGE][INFO] - regular

03-09-2024T18:14:19 - [MESSAGE][PASSED] - totalplay.Common.verifyPropertyValueExist is PASSED

03-09-2024T18:14:19 - [TEST_STEP][PASSED] - totalplay.Common.verifyPropertyExist(FoodPDP, c_similarProducts_basePrice): totalplay.Common.verifyPropertyExist is PASSED

03-09-2024T18:14:19 - [MESSAGE][INFO] - Checking response object

03-09-2024T18:14:19 - [MESSAGE][PASSED] - totalplay.Common.verifyPropertyExist is PASSED

03-09-2024T18:14:19 - [TEST_STEP][PASSED] - totalplay.Common.verifyPropertyValueExist(FoodPDP, c_similarProducts_basePrice_currency): totalplay.Common.verifyPropertyValueExist is PASSED

03-09-2024T18:14:19 - [MESSAGE][INFO] - Checking response object

03-09-2024T18:14:19 - [MESSAGE][INFO] - MXN

03-09-2024T18:14:19 - [MESSAGE][PASSED] - totalplay.Common.verifyPropertyValueExist is PASSED

03-09-2024T18:14:19 - [TEST_STEP][PASSED] - totalplay.Common.verifyPropertyExist(FoodPDP, c_similarProducts_basePrice_currency): totalplay.Common.verifyPropertyExist is PASSED

03-09-2024T18:14:19 - [MESSAGE][INFO] - Checking response object

03-09-2024T18:14:19 - [MESSAGE][PASSED] - totalplay.Common.verifyPropertyExist is PASSED

03-09-2024T18:14:19 - [TEST_STEP][PASSED] - totalplay.Common.verifyPropertyValueExist(FoodPDP, c_similarProducts_basePrice_decimalPrice): totalplay.Common.verifyPropertyValueExist is PASSED

03-09-2024T18:14:19 - [MESSAGE][INFO] - Checking response object

03-09-2024T18:14:19 - [MESSAGE][INFO] - 20.00

03-09-2024T18:14:19 - [MESSAGE][PASSED] - totalplay.Common.verifyPropertyValueExist is PASSED

03-09-2024T18:14:19 - [TEST_STEP][PASSED] - totalplay.Common.verifyPropertyExist(FoodPDP, c_similarProducts_basePrice_decimalPrice): totalplay.Common.verifyPropertyExist is PASSED

03-09-2024T18:14:19 - [MESSAGE][INFO] - Checking response object

03-09-2024T18:14:20 - [MESSAGE][PASSED] - totalplay.Common.verifyPropertyExist is PASSED

03-09-2024T18:14:20 - [TEST_STEP][PASSED] - totalplay.Common.verifyPropertyExist(FoodPDP, c_similarProducts_salePrice): totalplay.Common.verifyPropertyExist is PASSED

03-09-2024T18:14:20 - [MESSAGE][INFO] - Checking response object

03-09-2024T18:14:20 - [MESSAGE][PASSED] - totalplay.Common.verifyPropertyExist is PASSED

03-09-2024T18:14:20 - [TEST_STEP][PASSED] - totalplay.Common.verifyPropertyExist(FoodPDP, c_similarProducts_image_alt): totalplay.Common.verifyPropertyExist is PASSED

03-09-2024T18:14:20 - [MESSAGE][INFO] - Checking response object

03-09-2024T18:14:20 - [MESSAGE][PASSED] - totalplay.Common.verifyPropertyExist is PASSED

03-09-2024T18:14:20 - [TEST_STEP][PASSED] - totalplay.Common.verifyPropertyValueExist(FoodPDP, c_similarProducts_image_alt): totalplay.Common.verifyPropertyValueExist is PASSED

03-09-2024T18:14:20 - [MESSAGE][INFO] - Checking response object

03-09-2024T18:14:20 - [MESSAGE][INFO] - Sprite 355 ml

03-09-2024T18:14:20 - [MESSAGE][PASSED] - totalplay.Common.verifyPropertyValueExist is PASSED

03-09-2024T18:14:20 - [TEST_STEP][PASSED] - totalplay.Common.verifyPropertyExist(FoodPDP, c_similarProducts_imagetitle): totalplay.Common.verifyPropertyExist is PASSED

03-09-2024T18:14:20 - [MESSAGE][INFO] - Checking response object

03-09-2024T18:14:20 - [MESSAGE][PASSED] - totalplay.Common.verifyPropertyExist is PASSED]]></system-out>
         <system-err><![CDATA[]]></system-err>
      </testcase>
      <testcase name="Test Cases/TotalPlay-Food/TC_11_Food_Add_To_Cart" time="16.901" classname="Test Cases/TotalPlay-Food/TC_11_Food_Add_To_Cart" status="PASSED">
         <system-out><![CDATA[03-09-2024T18:14:20 - [TEST_CASE][PASSED] - Test Cases/TotalPlay-Food/TC_11_Food_Add_To_Cart: Test Cases/TotalPlay-Food/TC_11_Food_Add_To_Cart

03-09-2024T18:14:22 - [TEST_STEP][PASSED] - callTestCase(findTestCase("TotalPlay-Food/TC_1_Login_Service"), [:], STOP_ON_FAILURE): Call Test Case 'Test Cases/TotalPlay-Food/TC_1_Login_Service' successfully

03-09-2024T18:14:22 - [MESSAGE][INFO] - Checking called Test Case

03-09-2024T18:14:22 - [MESSAGE][INFO] - Starting to call Test Case 'Test Cases/TotalPlay-Food/TC_1_Login_Service'

03-09-2024T18:14:22 - [TEST_CASE][PASSED] - Test Cases/TotalPlay-Food/TC_1_Login_Service: Test Cases/TotalPlay-Food/TC_1_Login_Service

03-09-2024T18:14:22 - [TEST_STEP][PASSED] - LoginResponse = sendRequest(findTestObject("TotalPlay-Food/getTokenDelivery", ["URL":URL])): Send request successfully

03-09-2024T18:14:22 - [MESSAGE][INFO] - Finding Test Object 'Object Repository/TotalPlay-Food/getTokenDelivery'

03-09-2024T18:14:22 - [MESSAGE][INFO] - Checking request object

03-09-2024T18:14:25 - [MESSAGE][INFO] - HAR: C:\Users\ShubhamKumarThakur\OneDrive - Kognivera\Documents\TotalPlay\totalplay-automation\Reports\20240903_181332\Food_Service_Normal_Flow_PlaceOrder\20240903_181332\requests\main\5.har

03-09-2024T18:14:25 - [MESSAGE][PASSED] - Send request successfully

03-09-2024T18:14:25 - [TEST_STEP][PASSED] - assert getResponseStatusCode(LoginResponse) == 200: Checking response object

03-09-2024T18:14:25 - [MESSAGE][INFO] - Checking response object

03-09-2024T18:14:25 - [TEST_STEP][PASSED] - Auth = "ocapiResponse.access_token": null

03-09-2024T18:14:25 - [TEST_STEP][PASSED] - FoodBascketId = "ocapiResponse.c_basketId_TP_FOOD": null

03-09-2024T18:14:25 - [TEST_STEP][PASSED] - FoodBasId = getElementPropertyValue(LoginResponse, FoodBascketId): Checking response object

03-09-2024T18:14:25 - [MESSAGE][INFO] - Checking response object

03-09-2024T18:14:25 - [TEST_STEP][PASSED] - sfccAuthorization = getElementPropertyValue(LoginResponse, Auth): Checking response object

03-09-2024T18:14:25 - [MESSAGE][INFO] - Checking response object

03-09-2024T18:14:25 - [TEST_STEP][PASSED] - Authorization = "Bearer " + sfccAuthorization: null

03-09-2024T18:14:25 - [TEST_STEP][PASSED] - FoodBasketId = FoodBasId: null

03-09-2024T18:14:25 - [TEST_STEP][PASSED] - logInfo(bm_auth_token): 

03-09-2024T18:14:25 - [MESSAGE][INFO] - 

03-09-2024T18:14:25 - [TEST_STEP][PASSED] - if (sfccAuthorization.length() == 0): null

03-09-2024T18:14:25 - [TEST_STEP][PASSED] - else: authorization generated

03-09-2024T18:14:25 - [TEST_STEP][PASSED] - markPassed("authorization generated"): authorization generated

03-09-2024T18:14:25 - [MESSAGE][PASSED] - authorization generated

03-09-2024T18:14:25 - [TEST_STEP][PASSED] - BasketId_loginResponse = "ocapiResponse.c_basketId": null

03-09-2024T18:14:25 - [TEST_STEP][PASSED] - CustomerId_loginResponse = "ocapiResponse.customer_id": null

03-09-2024T18:14:25 - [TEST_STEP][PASSED] - basketId = getElementPropertyValue(LoginResponse, BasketId_loginResponse): Checking response object

03-09-2024T18:14:25 - [MESSAGE][INFO] - Checking response object

03-09-2024T18:14:25 - [TEST_STEP][PASSED] - customerId = getElementPropertyValue(LoginResponse, CustomerId_loginResponse): Checking response object

03-09-2024T18:14:25 - [MESSAGE][INFO] - Checking response object

03-09-2024T18:14:25 - [TEST_STEP][PASSED] - basketID = basketId: null

03-09-2024T18:14:25 - [TEST_STEP][PASSED] - sla_customerId = customerId: null

03-09-2024T18:14:25 - [TEST_STEP][PASSED] - println(basketID): null

03-09-2024T18:14:25 - [TEST_STEP][PASSED] - println(sla_customerId): null

03-09-2024T18:14:25 - [TEST_STEP][PASSED] - refresh_token = "ocapiResponse.refresh_token": null

03-09-2024T18:14:25 - [TEST_STEP][PASSED] - customer_email = "ocapiResponse.customer_email": null

03-09-2024T18:14:25 - [TEST_STEP][PASSED] - c_brmId = "ocapiResponse.c_brmId": null

03-09-2024T18:14:25 - [TEST_STEP][PASSED] - customer_name = "ocapiResponse.customer_name": null

03-09-2024T18:14:25 - [TEST_STEP][PASSED] - totalplay.Common.verifyPropertyExist(LoginResponse, refresh_token): totalplay.Common.verifyPropertyExist is PASSED

03-09-2024T18:14:25 - [MESSAGE][INFO] - Checking response object

03-09-2024T18:14:25 - [MESSAGE][PASSED] - totalplay.Common.verifyPropertyExist is PASSED

03-09-2024T18:14:25 - [TEST_STEP][PASSED] - totalplay.Common.verifyPropertyValueExist(LoginResponse, refresh_token): totalplay.Common.verifyPropertyValueExist is PASSED

03-09-2024T18:14:25 - [MESSAGE][INFO] - Checking response object

03-09-2024T18:14:25 - [MESSAGE][INFO] - b864-43FlOEawS23KlaHb_LEoXGTslDjs0MzYfkDlbE

03-09-2024T18:14:25 - [MESSAGE][PASSED] - totalplay.Common.verifyPropertyValueExist is PASSED

03-09-2024T18:14:25 - [TEST_STEP][PASSED] - totalplay.Common.verifyPropertyExist(LoginResponse, customer_email): totalplay.Common.verifyPropertyExist is PASSED

03-09-2024T18:14:25 - [MESSAGE][INFO] - Checking response object

03-09-2024T18:14:25 - [MESSAGE][PASSED] - totalplay.Common.verifyPropertyExist is PASSED

03-09-2024T18:14:25 - [TEST_STEP][PASSED] - totalplay.Common.verifyPropertyValueExist(LoginResponse, customer_email): totalplay.Common.verifyPropertyValueExist is PASSED

03-09-2024T18:14:25 - [MESSAGE][INFO] - Checking response object

03-09-2024T18:14:25 - [MESSAGE][INFO] - cesar.waldo93@gmail.com

03-09-2024T18:14:25 - [MESSAGE][PASSED] - totalplay.Common.verifyPropertyValueExist is PASSED

03-09-2024T18:14:25 - [TEST_STEP][PASSED] - totalplay.Common.verifyPropertyExist(LoginResponse, customer_name): totalplay.Common.verifyPropertyExist is PASSED

03-09-2024T18:14:25 - [MESSAGE][INFO] - Checking response object

03-09-2024T18:14:25 - [MESSAGE][PASSED] - totalplay.Common.verifyPropertyExist is PASSED

03-09-2024T18:14:25 - [TEST_STEP][PASSED] - totalplay.Common.verifyPropertyValueExist(LoginResponse, customer_name): totalplay.Common.verifyPropertyValueExist is PASSED

03-09-2024T18:14:25 - [MESSAGE][INFO] - Checking response object

03-09-2024T18:14:25 - [MESSAGE][INFO] - CESAR GERARDO WALDO GONZALEZ

03-09-2024T18:14:25 - [MESSAGE][PASSED] - totalplay.Common.verifyPropertyValueExist is PASSED

03-09-2024T18:14:25 - [TEST_STEP][PASSED] - totalplay.Common.verifyPropertyExist(LoginResponse, c_brmId): totalplay.Common.verifyPropertyExist is PASSED

03-09-2024T18:14:25 - [MESSAGE][INFO] - Checking response object

03-09-2024T18:14:25 - [MESSAGE][PASSED] - totalplay.Common.verifyPropertyExist is PASSED

03-09-2024T18:14:25 - [TEST_STEP][PASSED] - totalplay.Common.verifyPropertyValueExist(LoginResponse, c_brmId): totalplay.Common.verifyPropertyValueExist is PASSED

03-09-2024T18:14:25 - [MESSAGE][INFO] - Checking response object

03-09-2024T18:14:25 - [MESSAGE][INFO] - 0106378356

03-09-2024T18:14:25 - [MESSAGE][PASSED] - totalplay.Common.verifyPropertyValueExist is PASSED

03-09-2024T18:14:25 - [MESSAGE][PASSED] - Call Test Case 'Test Cases/TotalPlay-Food/TC_1_Login_Service' successfully

03-09-2024T18:14:25 - [TEST_STEP][PASSED] - AddToCart = sendRequest(findTestObject("TotalPlay-Food/Food_Add to cart", ["URL":URL, "basketID":basketID, "SellerId1":SellerId1])): Send request successfully

03-09-2024T18:14:25 - [MESSAGE][INFO] - Finding Test Object 'Object Repository/TotalPlay-Food/Food_Add to cart'

03-09-2024T18:14:25 - [MESSAGE][INFO] - Checking request object

03-09-2024T18:14:27 - [MESSAGE][INFO] - HAR: C:\Users\ShubhamKumarThakur\OneDrive - Kognivera\Documents\TotalPlay\totalplay-automation\Reports\20240903_181332\Food_Service_Normal_Flow_PlaceOrder\20240903_181332\requests\main\6.har

03-09-2024T18:14:27 - [MESSAGE][PASSED] - Send request successfully

03-09-2024T18:14:27 - [TEST_STEP][PASSED] - totalplay.Common.printResponseinText(AddToCart): totalplay.Common.printResponseinText is PASSED

03-09-2024T18:14:27 - [MESSAGE][PASSED] - totalplay.Common.printResponseinText is PASSED

03-09-2024T18:14:27 - [TEST_STEP][PASSED] - verifyResponseStatusCode(AddToCart, 200): Verify response status code successfully

03-09-2024T18:14:27 - [MESSAGE][INFO] - Checking response object

03-09-2024T18:14:27 - [MESSAGE][PASSED] - Verify response status code successfully

03-09-2024T18:14:27 - [TEST_STEP][PASSED] - _v = "_v": null

03-09-2024T18:14:27 - [TEST_STEP][PASSED] - _type = "_type": null

03-09-2024T18:14:27 - [TEST_STEP][PASSED] - _resource_state = "_resource_state": null

03-09-2024T18:14:27 - [TEST_STEP][PASSED] - _flash_0__type = "_flash[0]._type": null

03-09-2024T18:14:27 - [TEST_STEP][PASSED] - _flash_0_type = "_flash[0].type": null

03-09-2024T18:14:27 - [TEST_STEP][PASSED] - _flash_0_message = "_flash[0].message": null

03-09-2024T18:14:27 - [TEST_STEP][PASSED] - _flash_0_path = "_flash[0].path": null

03-09-2024T18:14:27 - [TEST_STEP][PASSED] - adjusted_merchandize_total_tax = "adjusted_merchandize_total_tax": null

03-09-2024T18:14:27 - [TEST_STEP][PASSED] - adjusted_shipping_total_tax = "adjusted_shipping_total_tax": null

03-09-2024T18:14:27 - [TEST_STEP][PASSED] - agent_basket = "agent_basket": null

03-09-2024T18:14:27 - [TEST_STEP][PASSED] - basket_id = "basket_id": null

03-09-2024T18:14:27 - [TEST_STEP][PASSED] - channel_type = "channel_type": null

03-09-2024T18:14:27 - [TEST_STEP][PASSED] - creation_date = "creation_date": null

03-09-2024T18:14:27 - [TEST_STEP][PASSED] - currency = "currency": null

03-09-2024T18:14:27 - [TEST_STEP][PASSED] - customer_info = "customer_info": null

03-09-2024T18:14:27 - [TEST_STEP][PASSED] - customer_info__type = "customer_info._type": null

03-09-2024T18:14:27 - [TEST_STEP][PASSED] - customer_info_customer_id = "customer_info.customer_id": null

03-09-2024T18:14:27 - [TEST_STEP][PASSED] - customer_info_customer_no = "customer_info.customer_no": null

03-09-2024T18:14:27 - [TEST_STEP][PASSED] - customer_info_email = "customer_info.email": null

03-09-2024T18:14:27 - [TEST_STEP][PASSED] - last_modified = "last_modified": null

03-09-2024T18:14:27 - [TEST_STEP][PASSED] - merchandize_total_tax = "merchandize_total_tax": null

03-09-2024T18:14:27 - [TEST_STEP][PASSED] - notes__type = "notes._type": null

03-09-2024T18:14:27 - [TEST_STEP][PASSED] - notes_link = "notes.link": null

03-09-2024T18:14:27 - [TEST_STEP][PASSED] - order_total = "order_total": null

03-09-2024T18:14:27 - [TEST_STEP][PASSED] - product_items_0__type = "product_items[0]._type": null

03-09-2024T18:14:27 - [TEST_STEP][PASSED] - product_items_0_adjusted_tax = "product_items[0].adjusted_tax": null

03-09-2024T18:14:27 - [TEST_STEP][PASSED] - product_items_0_base_price = "product_items[0].base_price": null

03-09-2024T18:14:27 - [TEST_STEP][PASSED] - product_items_0_bonus_product_line_item = "product_items[0].bonus_product_line_item": null

03-09-2024T18:14:27 - [TEST_STEP][PASSED] - product_items_0_gift = "product_items[0].gift": null

03-09-2024T18:14:27 - [TEST_STEP][PASSED] - product_items_0_inventory_id = "product_items[0].inventory_id": null

03-09-2024T18:14:27 - [TEST_STEP][PASSED] - product_items_0_item_id = "product_items[0].item_id": null

03-09-2024T18:14:27 - [TEST_STEP][PASSED] - product_items_0_item_text = "product_items[0].item_text": null

03-09-2024T18:14:27 - [TEST_STEP][PASSED] - product_items_0_price = "product_items[0].price": null

03-09-2024T18:14:27 - [TEST_STEP][PASSED] - product_items_0_price_after_item_discount = "product_items[0].price_after_item_discount": null

03-09-2024T18:14:27 - [TEST_STEP][PASSED] - product_items_0_price_after_order_discount = "product_items[0].price_after_order_discount": null

03-09-2024T18:14:27 - [TEST_STEP][PASSED] - product_items_0_product_id = "product_items[0].product_id": null

03-09-2024T18:14:27 - [TEST_STEP][PASSED] - product_items_0_product_name = "product_items[0].product_name": null

03-09-2024T18:14:27 - [TEST_STEP][PASSED] - product_items_0_quantity = "product_items[0].quantity": null

03-09-2024T18:14:27 - [TEST_STEP][PASSED] - product_items_0_shipment_id = "product_items[0].shipment_id": null

03-09-2024T18:14:27 - [TEST_STEP][PASSED] - product_items_0_tax = "product_items[0].tax": null

03-09-2024T18:14:27 - [TEST_STEP][PASSED] - product_items_0_tax_basis = "product_items[0].tax_basis": null

03-09-2024T18:14:27 - [TEST_STEP][PASSED] - product_items_0_tax_class_id = "product_items[0].tax_class_id": null

03-09-2024T18:14:27 - [TEST_STEP][PASSED] - product_items_0_tax_rate = "product_items[0].tax_rate": null

03-09-2024T18:14:27 - [TEST_STEP][PASSED] - product_items_0_c_fromStoreId = "product_items[0].c_fromStoreId": null

03-09-2024T18:14:27 - [TEST_STEP][PASSED] - product_items_0_c_isOnDemandStoreItem = "product_items[0].c_isOnDemandStoreItem": null

03-09-2024T18:14:27 - [TEST_STEP][PASSED] - product_items_0_c_miraklChannels = "product_items[0].c_miraklChannels": null

03-09-2024T18:14:27 - [TEST_STEP][PASSED] - product_items_0_c_miraklOperatorProductId = "product_items[0].c_miraklOperatorProductId": null

03-09-2024T18:14:27 - [TEST_STEP][PASSED] - product_items_0_c_miraklShippingTaxes = "product_items[0].c_miraklShippingTaxes": null

03-09-2024T18:14:27 - [TEST_STEP][PASSED] - product_items_0_c_miraklTaxes = "product_items[0].c_miraklTaxes": null

03-09-2024T18:14:27 - [TEST_STEP][PASSED] - product_items_0_c_offerId = "product_items[0].c_offerId": null

03-09-2024T18:14:27 - [TEST_STEP][PASSED] - product_items_0_c_offerSalesPrice = "product_items[0].c_offerSalesPrice": null

03-09-2024T18:14:27 - [TEST_STEP][PASSED] - product_items_0_c_offerState = "product_items[0].c_offerState": null

03-09-2024T18:14:27 - [TEST_STEP][PASSED] - product_items_0_c_offerStateCode = "product_items[0].c_offerStateCode": null

03-09-2024T18:14:27 - [TEST_STEP][PASSED] - product_items_0_c_shopId = "product_items[0].c_shopId": null

03-09-2024T18:14:27 - [TEST_STEP][PASSED] - product_items_0_c_shopName = "product_items[0].c_shopName": null

03-09-2024T18:14:27 - [TEST_STEP][PASSED] - product_items_0_c_total_crossed_price = "product_items[0].c_total_crossed_price": null

03-09-2024T18:14:27 - [TEST_STEP][PASSED] - product_items_0_c_priceWithComplement = "product_items[0].c_priceWithComplement": null

03-09-2024T18:14:27 - [TEST_STEP][PASSED] - product_items_0_c_imagesData_large_0_alt = "product_items[0].c_imagesData.large[0].alt": null

03-09-2024T18:14:27 - [TEST_STEP][PASSED] - product_items_0_c_imagesData_large_0_url = "product_items[0].c_imagesData.large[0].url": null

03-09-2024T18:14:27 - [TEST_STEP][PASSED] - product_items_0_c_imagesData_large_0_title = "product_items[0].c_imagesData.large[0].title": null

03-09-2024T18:14:27 - [TEST_STEP][PASSED] - product_items_0_c_description = "product_items[0].c_description": null

03-09-2024T18:14:27 - [TEST_STEP][PASSED] - product_sub_total = "product_sub_total": null

03-09-2024T18:14:27 - [TEST_STEP][PASSED] - product_total = "product_total": null

03-09-2024T18:14:27 - [TEST_STEP][PASSED] - shipments_0__type = "shipments[0]._type": null

03-09-2024T18:14:27 - [TEST_STEP][PASSED] - shipments_0_adjusted_merchandize_total_tax = "shipments[0].adjusted_merchandize_total_tax": null

03-09-2024T18:14:27 - [TEST_STEP][PASSED] - shipments_0_adjusted_shipping_total_tax = "shipments[0].adjusted_shipping_total_tax": null

03-09-2024T18:14:27 - [TEST_STEP][PASSED] - shipments_0_gift = "shipments[0].gift": null

03-09-2024T18:14:27 - [TEST_STEP][PASSED] - shipments_0_merchandize_total_tax = "shipments[0].merchandize_total_tax": null

03-09-2024T18:14:27 - [TEST_STEP][PASSED] - shipments_0_product_sub_total = "shipments[0].product_sub_total": null

03-09-2024T18:14:27 - [TEST_STEP][PASSED] - shipments_0_product_total = "shipments[0].product_total": null

03-09-2024T18:14:27 - [TEST_STEP][PASSED] - shipments_0_shipment_id = "shipments[0].shipment_id": null

03-09-2024T18:14:27 - [TEST_STEP][PASSED] - shipments_0_shipment_total = "shipments[0].shipment_total": null

03-09-2024T18:14:27 - [TEST_STEP][PASSED] - shipments_0_shipping_method__type = "shipments[0].shipping_method._type": null

03-09-2024T18:14:27 - [TEST_STEP][PASSED] - shipments_0_shipping_method_description = "shipments[0].shipping_method.description": null

03-09-2024T18:14:27 - [TEST_STEP][PASSED] - shipments_0_shipping_method_id = "shipments[0].shipping_method.id": null

03-09-2024T18:14:27 - [TEST_STEP][PASSED] - shipments_0_shipping_method_name = "shipments[0].shipping_method.name": null

03-09-2024T18:14:27 - [TEST_STEP][PASSED] - shipments_0_shipping_method_c_estimatedArrivalTime = "shipments[0].shipping_method.c_estimatedArrivalTime": null

03-09-2024T18:14:27 - [TEST_STEP][PASSED] - shipments_0_shipping_method_c_storePickupEnabled = "shipments[0].shipping_method.c_storePickupEnabled": null

03-09-2024T18:14:27 - [TEST_STEP][PASSED] - shipments_0_shipping_status = "shipments[0].shipping_status": null

03-09-2024T18:14:27 - [TEST_STEP][PASSED] - shipments_0_shipping_total = "shipments[0].shipping_total": null

03-09-2024T18:14:27 - [TEST_STEP][PASSED] - shipments_0_shipping_total_tax = "shipments[0].shipping_total_tax": null

03-09-2024T18:14:27 - [TEST_STEP][PASSED] - shipments_0_tax_total = "shipments[0].tax_total": null

03-09-2024T18:14:27 - [TEST_STEP][PASSED] - shipping_items_0__type = "shipping_items[0]._type": null

03-09-2024T18:14:27 - [TEST_STEP][PASSED] - shipping_items_0_adjusted_tax = "shipping_items[0].adjusted_tax": null

03-09-2024T18:14:27 - [TEST_STEP][PASSED] - shipping_items_0_base_price = "shipping_items[0].base_price": null

03-09-2024T18:14:27 - [TEST_STEP][PASSED] - shipping_items_0_item_id = "shipping_items[0].item_id": null

03-09-2024T18:14:27 - [TEST_STEP][PASSED] - shipping_items_0_item_text = "shipping_items[0].item_text": null

03-09-2024T18:14:27 - [TEST_STEP][PASSED] - shipping_items_0_price = "shipping_items[0].price": null

03-09-2024T18:14:27 - [TEST_STEP][PASSED] - shipping_items_0_price_after_item_discount = "shipping_items[0].price_after_item_discount": null

03-09-2024T18:14:27 - [TEST_STEP][PASSED] - shipping_items_0_shipment_id = "shipping_items[0].shipment_id": null

03-09-2024T18:14:27 - [TEST_STEP][PASSED] - shipping_items_0_tax = "shipping_items[0].tax": null

03-09-2024T18:14:27 - [TEST_STEP][PASSED] - shipping_items_0_tax_basis = "shipping_items[0].tax_basis": null

03-09-2024T18:14:27 - [TEST_STEP][PASSED] - shipping_items_0_tax_class_id = "shipping_items[0].tax_class_id": null

03-09-2024T18:14:27 - [TEST_STEP][PASSED] - shipping_items_0_tax_rate = "shipping_items[0].tax_rate": null

03-09-2024T18:14:27 - [TEST_STEP][PASSED] - shipping_total = "shipping_total": null

03-09-2024T18:14:27 - [TEST_STEP][PASSED] - shipping_total_tax = "shipping_total_tax": null

03-09-2024T18:14:27 - [TEST_STEP][PASSED] - taxation = "taxation": null

03-09-2024T18:14:27 - [TEST_STEP][PASSED] - tax_rounded_at_group = "tax_rounded_at_group": null

03-09-2024T18:14:27 - [TEST_STEP][PASSED] - tax_total = "tax_total": null

03-09-2024T18:14:27 - [TEST_STEP][PASSED] - temporary_basket = "temporary_basket": null

03-09-2024T18:14:27 - [TEST_STEP][PASSED] - c_currentCorporate = "c_currentCorporate": null

03-09-2024T18:14:27 - [TEST_STEP][PASSED] - c_forceDeleteOndemand = "c_forceDeleteOndemand": null

03-09-2024T18:14:27 - [TEST_STEP][PASSED] - c_seller_id = "c_seller_id": null

03-09-2024T18:14:27 - [TEST_STEP][PASSED] - c_savingsTotal = "c_savingsTotal": null

03-09-2024T18:14:27 - [TEST_STEP][PASSED] - totalplay.Common.verifyPropertyExist(AddToCart, _v): totalplay.Common.verifyPropertyExist is PASSED

03-09-2024T18:14:27 - [MESSAGE][INFO] - Checking response object

03-09-2024T18:14:27 - [MESSAGE][PASSED] - totalplay.Common.verifyPropertyExist is PASSED

03-09-2024T18:14:27 - [TEST_STEP][PASSED] - totalplay.Common.verifyPropertyValueExist(AddToCart, _v): totalplay.Common.verifyPropertyValueExist is PASSED

03-09-2024T18:14:27 - [MESSAGE][INFO] - Checking response object

03-09-2024T18:14:27 - [MESSAGE][INFO] - 24.5

03-09-2024T18:14:27 - [MESSAGE][PASSED] - totalplay.Common.verifyPropertyValueExist is PASSED

03-09-2024T18:14:27 - [TEST_STEP][PASSED] - totalplay.Common.verifyPropertyExist(AddToCart, _type): totalplay.Common.verifyPropertyExist is PASSED

03-09-2024T18:14:27 - [MESSAGE][INFO] - Checking response object

03-09-2024T18:14:27 - [MESSAGE][PASSED] - totalplay.Common.verifyPropertyExist is PASSED

03-09-2024T18:14:27 - [TEST_STEP][PASSED] - totalplay.Common.verifyPropertyValueExist(AddToCart, _type): totalplay.Common.verifyPropertyValueExist is PASSED

03-09-2024T18:14:27 - [MESSAGE][INFO] - Checking response object

03-09-2024T18:14:27 - [MESSAGE][INFO] - basket

03-09-2024T18:14:27 - [MESSAGE][PASSED] - totalplay.Common.verifyPropertyValueExist is PASSED

03-09-2024T18:14:27 - [TEST_STEP][PASSED] - totalplay.Common.verifyPropertyExist(AddToCart, _resource_state): totalplay.Common.verifyPropertyExist is PASSED

03-09-2024T18:14:27 - [MESSAGE][INFO] - Checking response object

03-09-2024T18:14:27 - [MESSAGE][PASSED] - totalplay.Common.verifyPropertyExist is PASSED

03-09-2024T18:14:27 - [TEST_STEP][PASSED] - totalplay.Common.verifyPropertyValueExist(AddToCart, _resource_state): totalplay.Common.verifyPropertyValueExist is PASSED

03-09-2024T18:14:27 - [MESSAGE][INFO] - Checking response object

03-09-2024T18:14:27 - [MESSAGE][INFO] - b681fa09e7ecc79cd08efc8376bbf1d1ef9ce941ff244d628778c83eeb085858

03-09-2024T18:14:27 - [MESSAGE][PASSED] - totalplay.Common.verifyPropertyValueExist is PASSED

03-09-2024T18:14:27 - [TEST_STEP][PASSED] - totalplay.Common.getDecimalValueofObject(AddToCart, adjusted_merchandize_total_tax): totalplay.Common.getDecimalValueofObject is PASSED

03-09-2024T18:14:27 - [MESSAGE][INFO] - Checking response object

03-09-2024T18:14:27 - [MESSAGE][PASSED] - totalplay.Common.getDecimalValueofObject is PASSED

03-09-2024T18:14:27 - [TEST_STEP][PASSED] - totalplay.Common.getDecimalValueofObject(AddToCart, adjusted_shipping_total_tax): totalplay.Common.getDecimalValueofObject is PASSED

03-09-2024T18:14:27 - [MESSAGE][INFO] - Checking response object

03-09-2024T18:14:27 - [MESSAGE][PASSED] - totalplay.Common.getDecimalValueofObject is PASSED

03-09-2024T18:14:27 - [TEST_STEP][PASSED] - totalplay.Common.getBooleanValueofObject(AddToCart, agent_basket): totalplay.Common.getBooleanValueofObject is PASSED

03-09-2024T18:14:27 - [MESSAGE][INFO] - Checking response object

03-09-2024T18:14:27 - [MESSAGE][PASSED] - totalplay.Common.getBooleanValueofObject is PASSED

03-09-2024T18:14:27 - [TEST_STEP][PASSED] - totalplay.Common.verifyPropertyExist(AddToCart, basket_id): totalplay.Common.verifyPropertyExist is PASSED

03-09-2024T18:14:27 - [MESSAGE][INFO] - Checking response object

03-09-2024T18:14:28 - [MESSAGE][PASSED] - totalplay.Common.verifyPropertyExist is PASSED

03-09-2024T18:14:28 - [TEST_STEP][PASSED] - totalplay.Common.verifyPropertyValueExist(AddToCart, basket_id): totalplay.Common.verifyPropertyValueExist is PASSED

03-09-2024T18:14:28 - [MESSAGE][INFO] - Checking response object

03-09-2024T18:14:28 - [MESSAGE][INFO] - 3830ba289bef3ffe7031901a87

03-09-2024T18:14:28 - [MESSAGE][PASSED] - totalplay.Common.verifyPropertyValueExist is PASSED

03-09-2024T18:14:28 - [TEST_STEP][PASSED] - totalplay.Common.verifyPropertyExist(AddToCart, channel_type): totalplay.Common.verifyPropertyExist is PASSED

03-09-2024T18:14:28 - [MESSAGE][INFO] - Checking response object

03-09-2024T18:14:28 - [MESSAGE][PASSED] - totalplay.Common.verifyPropertyExist is PASSED

03-09-2024T18:14:28 - [TEST_STEP][PASSED] - totalplay.Common.verifyPropertyValueExist(AddToCart, channel_type): totalplay.Common.verifyPropertyValueExist is PASSED

03-09-2024T18:14:28 - [MESSAGE][INFO] - Checking response object

03-09-2024T18:14:28 - [MESSAGE][INFO] - storefront

03-09-2024T18:14:28 - [MESSAGE][PASSED] - totalplay.Common.verifyPropertyValueExist is PASSED

03-09-2024T18:14:28 - [TEST_STEP][PASSED] - totalplay.Common.verifyPropertyExist(AddToCart, creation_date): totalplay.Common.verifyPropertyExist is PASSED

03-09-2024T18:14:28 - [MESSAGE][INFO] - Checking response object

03-09-2024T18:14:28 - [MESSAGE][PASSED] - totalplay.Common.verifyPropertyExist is PASSED

03-09-2024T18:14:28 - [TEST_STEP][PASSED] - totalplay.Common.verifyPropertyValueExist(AddToCart, creation_date): totalplay.Common.verifyPropertyValueExist is PASSED

03-09-2024T18:14:28 - [MESSAGE][INFO] - Checking response object

03-09-2024T18:14:28 - [MESSAGE][INFO] - 2024-09-03T12:16:55.700Z

03-09-2024T18:14:28 - [MESSAGE][PASSED] - totalplay.Common.verifyPropertyValueExist is PASSED

03-09-2024T18:14:28 - [TEST_STEP][PASSED] - totalplay.Common.verifyPropertyExist(AddToCart, currency): totalplay.Common.verifyPropertyExist is PASSED

03-09-2024T18:14:28 - [MESSAGE][INFO] - Checking response object

03-09-2024T18:14:28 - [MESSAGE][PASSED] - totalplay.Common.verifyPropertyExist is PASSED

03-09-2024T18:14:28 - [TEST_STEP][PASSED] - totalplay.Common.verifyPropertyValueExist(AddToCart, currency): totalplay.Common.verifyPropertyValueExist is PASSED

03-09-2024T18:14:28 - [MESSAGE][INFO] - Checking response object

03-09-2024T18:14:28 - [MESSAGE][INFO] - MXN

03-09-2024T18:14:28 - [MESSAGE][PASSED] - totalplay.Common.verifyPropertyValueExist is PASSED

03-09-2024T18:14:28 - [TEST_STEP][PASSED] - totalplay.Common.verifyPropertyExist(AddToCart, customer_info__type): totalplay.Common.verifyPropertyExist is PASSED

03-09-2024T18:14:28 - [MESSAGE][INFO] - Checking response object

03-09-2024T18:14:28 - [MESSAGE][PASSED] - totalplay.Common.verifyPropertyExist is PASSED

03-09-2024T18:14:28 - [TEST_STEP][PASSED] - totalplay.Common.verifyPropertyValueExist(AddToCart, customer_info__type): totalplay.Common.verifyPropertyValueExist is PASSED

03-09-2024T18:14:28 - [MESSAGE][INFO] - Checking response object

03-09-2024T18:14:28 - [MESSAGE][INFO] - customer_info

03-09-2024T18:14:28 - [MESSAGE][PASSED] - totalplay.Common.verifyPropertyValueExist is PASSED

03-09-2024T18:14:28 - [TEST_STEP][PASSED] - totalplay.Common.verifyPropertyExist(AddToCart, customer_info_customer_id): totalplay.Common.verifyPropertyExist is PASSED

03-09-2024T18:14:28 - [MESSAGE][INFO] - Checking response object

03-09-2024T18:14:28 - [MESSAGE][PASSED] - totalplay.Common.verifyPropertyExist is PASSED

03-09-2024T18:14:28 - [TEST_STEP][PASSED] - totalplay.Common.verifyPropertyValueExist(AddToCart, customer_info_customer_id): totalplay.Common.verifyPropertyValueExist is PASSED

03-09-2024T18:14:28 - [MESSAGE][INFO] - Checking response object

03-09-2024T18:14:28 - [MESSAGE][INFO] - acTAcwrTj6ECo7V8WDIa5leqor

03-09-2024T18:14:28 - [MESSAGE][PASSED] - totalplay.Common.verifyPropertyValueExist is PASSED

03-09-2024T18:14:28 - [TEST_STEP][PASSED] - totalplay.Common.verifyPropertyExist(AddToCart, customer_info_customer_no): totalplay.Common.verifyPropertyExist is PASSED

03-09-2024T18:14:28 - [MESSAGE][INFO] - Checking response object

03-09-2024T18:14:28 - [MESSAGE][PASSED] - totalplay.Common.verifyPropertyExist is PASSED

03-09-2024T18:14:28 - [TEST_STEP][PASSED] - totalplay.Common.verifyPropertyValueExist(AddToCart, customer_info_customer_no): totalplay.Common.verifyPropertyValueExist is PASSED

03-09-2024T18:14:28 - [MESSAGE][INFO] - Checking response object

03-09-2024T18:14:29 - [MESSAGE][INFO] - 00012002

03-09-2024T18:14:29 - [MESSAGE][PASSED] - totalplay.Common.verifyPropertyValueExist is PASSED

03-09-2024T18:14:29 - [TEST_STEP][PASSED] - totalplay.Common.verifyPropertyExist(AddToCart, customer_info_email): totalplay.Common.verifyPropertyExist is PASSED

03-09-2024T18:14:29 - [MESSAGE][INFO] - Checking response object

03-09-2024T18:14:29 - [MESSAGE][PASSED] - totalplay.Common.verifyPropertyExist is PASSED

03-09-2024T18:14:29 - [TEST_STEP][PASSED] - totalplay.Common.verifyPropertyValueExist(AddToCart, customer_info_email): totalplay.Common.verifyPropertyValueExist is PASSED

03-09-2024T18:14:29 - [MESSAGE][INFO] - Checking response object

03-09-2024T18:14:29 - [MESSAGE][INFO] - cesar.waldo93@gmail.com

03-09-2024T18:14:29 - [MESSAGE][PASSED] - totalplay.Common.verifyPropertyValueExist is PASSED

03-09-2024T18:14:29 - [TEST_STEP][PASSED] - totalplay.Common.verifyPropertyExist(AddToCart, last_modified): totalplay.Common.verifyPropertyExist is PASSED

03-09-2024T18:14:29 - [MESSAGE][INFO] - Checking response object

03-09-2024T18:14:29 - [MESSAGE][PASSED] - totalplay.Common.verifyPropertyExist is PASSED

03-09-2024T18:14:29 - [TEST_STEP][PASSED] - totalplay.Common.verifyPropertyValueExist(AddToCart, last_modified): totalplay.Common.verifyPropertyValueExist is PASSED

03-09-2024T18:14:29 - [MESSAGE][INFO] - Checking response object

03-09-2024T18:14:29 - [MESSAGE][INFO] - 2024-09-03T12:44:26.751Z

03-09-2024T18:14:29 - [MESSAGE][PASSED] - totalplay.Common.verifyPropertyValueExist is PASSED

03-09-2024T18:14:29 - [TEST_STEP][PASSED] - totalplay.Common.getDecimalValueofObject(AddToCart, merchandize_total_tax): totalplay.Common.getDecimalValueofObject is PASSED

03-09-2024T18:14:29 - [MESSAGE][INFO] - Checking response object

03-09-2024T18:14:29 - [MESSAGE][PASSED] - totalplay.Common.getDecimalValueofObject is PASSED

03-09-2024T18:14:29 - [TEST_STEP][PASSED] - totalplay.Common.verifyPropertyExist(AddToCart, notes__type): totalplay.Common.verifyPropertyExist is PASSED

03-09-2024T18:14:29 - [MESSAGE][INFO] - Checking response object

03-09-2024T18:14:29 - [MESSAGE][PASSED] - totalplay.Common.verifyPropertyExist is PASSED

03-09-2024T18:14:29 - [TEST_STEP][PASSED] - totalplay.Common.verifyPropertyValueExist(AddToCart, notes__type): totalplay.Common.verifyPropertyValueExist is PASSED

03-09-2024T18:14:29 - [MESSAGE][INFO] - Checking response object

03-09-2024T18:14:29 - [MESSAGE][INFO] - simple_link

03-09-2024T18:14:29 - [MESSAGE][PASSED] - totalplay.Common.verifyPropertyValueExist is PASSED

03-09-2024T18:14:29 - [TEST_STEP][PASSED] - totalplay.Common.verifyPropertyExist(AddToCart, notes_link): totalplay.Common.verifyPropertyExist is PASSED

03-09-2024T18:14:29 - [MESSAGE][INFO] - Checking response object

03-09-2024T18:14:29 - [MESSAGE][PASSED] - totalplay.Common.verifyPropertyExist is PASSED

03-09-2024T18:14:29 - [TEST_STEP][PASSED] - totalplay.Common.verifyPropertyValueExist(AddToCart, notes_link): totalplay.Common.verifyPropertyValueExist is PASSED

03-09-2024T18:14:29 - [MESSAGE][INFO] - Checking response object

03-09-2024T18:14:29 - [MESSAGE][INFO] - https://salesforceqa.sistemastp.com.mx/s/TP-FOOD/dw/shop/v24_5/baskets/3830ba289bef3ffe7031901a87/notes?isHomo=true&sellerId=4158

03-09-2024T18:14:29 - [MESSAGE][PASSED] - totalplay.Common.verifyPropertyValueExist is PASSED

03-09-2024T18:14:29 - [TEST_STEP][PASSED] - totalplay.Common.getDecimalValueofObject(AddToCart, order_total): totalplay.Common.getDecimalValueofObject is PASSED

03-09-2024T18:14:29 - [MESSAGE][INFO] - Checking response object

03-09-2024T18:14:29 - [MESSAGE][PASSED] - totalplay.Common.getDecimalValueofObject is PASSED

03-09-2024T18:14:29 - [TEST_STEP][PASSED] - totalplay.Common.verifyPropertyExist(AddToCart, product_items_0__type): totalplay.Common.verifyPropertyExist is PASSED

03-09-2024T18:14:29 - [MESSAGE][INFO] - Checking response object

03-09-2024T18:14:29 - [MESSAGE][PASSED] - totalplay.Common.verifyPropertyExist is PASSED

03-09-2024T18:14:29 - [TEST_STEP][PASSED] - totalplay.Common.verifyPropertyValueExist(AddToCart, product_items_0__type): totalplay.Common.verifyPropertyValueExist is PASSED

03-09-2024T18:14:29 - [MESSAGE][INFO] - Checking response object

03-09-2024T18:14:29 - [MESSAGE][INFO] - product_item

03-09-2024T18:14:29 - [MESSAGE][PASSED] - totalplay.Common.verifyPropertyValueExist is PASSED

03-09-2024T18:14:29 - [TEST_STEP][PASSED] - totalplay.Common.getDecimalValueofObject(AddToCart, product_items_0_adjusted_tax): totalplay.Common.getDecimalValueofObject is PASSED

03-09-2024T18:14:29 - [MESSAGE][INFO] - Checking response object

03-09-2024T18:14:29 - [MESSAGE][PASSED] - totalplay.Common.getDecimalValueofObject is PASSED

03-09-2024T18:14:29 - [TEST_STEP][PASSED] - totalplay.Common.getDecimalValueofObject(AddToCart, product_items_0_base_price): totalplay.Common.getDecimalValueofObject is PASSED

03-09-2024T18:14:29 - [MESSAGE][INFO] - Checking response object

03-09-2024T18:14:29 - [MESSAGE][PASSED] - totalplay.Common.getDecimalValueofObject is PASSED

03-09-2024T18:14:29 - [TEST_STEP][PASSED] - totalplay.Common.getBooleanValueofObject(AddToCart, product_items_0_bonus_product_line_item): totalplay.Common.getBooleanValueofObject is PASSED

03-09-2024T18:14:29 - [MESSAGE][INFO] - Checking response object

03-09-2024T18:14:29 - [MESSAGE][PASSED] - totalplay.Common.getBooleanValueofObject is PASSED

03-09-2024T18:14:29 - [TEST_STEP][PASSED] - totalplay.Common.getBooleanValueofObject(AddToCart, product_items_0_gift): totalplay.Common.getBooleanValueofObject is PASSED

03-09-2024T18:14:29 - [MESSAGE][INFO] - Checking response object

03-09-2024T18:14:29 - [MESSAGE][PASSED] - totalplay.Common.getBooleanValueofObject is PASSED

03-09-2024T18:14:29 - [TEST_STEP][PASSED] - totalplay.Common.verifyPropertyExist(AddToCart, product_items_0_inventory_id): totalplay.Common.verifyPropertyExist is PASSED

03-09-2024T18:14:29 - [MESSAGE][INFO] - Checking response object

03-09-2024T18:14:30 - [MESSAGE][PASSED] - totalplay.Common.verifyPropertyExist is PASSED

03-09-2024T18:14:30 - [TEST_STEP][PASSED] - totalplay.Common.verifyPropertyValueExist(AddToCart, product_items_0_inventory_id): totalplay.Common.verifyPropertyValueExist is PASSED

03-09-2024T18:14:30 - [MESSAGE][INFO] - Checking response object

03-09-2024T18:14:30 - [MESSAGE][INFO] - inventory_m_food_mirakl

03-09-2024T18:14:30 - [MESSAGE][PASSED] - totalplay.Common.verifyPropertyValueExist is PASSED

03-09-2024T18:14:30 - [TEST_STEP][PASSED] - totalplay.Common.verifyPropertyExist(AddToCart, product_items_0_item_id): totalplay.Common.verifyPropertyExist is PASSED

03-09-2024T18:14:30 - [MESSAGE][INFO] - Checking response object

03-09-2024T18:14:30 - [MESSAGE][PASSED] - totalplay.Common.verifyPropertyExist is PASSED

03-09-2024T18:14:30 - [TEST_STEP][PASSED] - totalplay.Common.verifyPropertyValueExist(AddToCart, product_items_0_item_id): totalplay.Common.verifyPropertyValueExist is PASSED

03-09-2024T18:14:30 - [MESSAGE][INFO] - Checking response object

03-09-2024T18:14:30 - [MESSAGE][INFO] - 1c753df17b3d116743d73ce1fb

03-09-2024T18:14:30 - [MESSAGE][PASSED] - totalplay.Common.verifyPropertyValueExist is PASSED

03-09-2024T18:14:30 - [TEST_STEP][PASSED] - totalplay.Common.verifyPropertyExist(AddToCart, product_items_0_item_text): totalplay.Common.verifyPropertyExist is PASSED

03-09-2024T18:14:30 - [MESSAGE][INFO] - Checking response object

03-09-2024T18:14:30 - [MESSAGE][PASSED] - totalplay.Common.verifyPropertyExist is PASSED

03-09-2024T18:14:30 - [TEST_STEP][PASSED] - totalplay.Common.verifyPropertyValueExist(AddToCart, product_items_0_item_text): totalplay.Common.verifyPropertyValueExist is PASSED

03-09-2024T18:14:30 - [MESSAGE][INFO] - Checking response object

03-09-2024T18:14:30 - [MESSAGE][INFO] - Orden de Maciza (100 g)

03-09-2024T18:14:30 - [MESSAGE][PASSED] - totalplay.Common.verifyPropertyValueExist is PASSED

03-09-2024T18:14:30 - [TEST_STEP][PASSED] - totalplay.Common.getDecimalValueofObject(AddToCart, product_items_0_price): totalplay.Common.getDecimalValueofObject is PASSED

03-09-2024T18:14:30 - [MESSAGE][INFO] - Checking response object

03-09-2024T18:14:30 - [MESSAGE][PASSED] - totalplay.Common.getDecimalValueofObject is PASSED

03-09-2024T18:14:30 - [TEST_STEP][PASSED] - totalplay.Common.getDecimalValueofObject(AddToCart, product_items_0_price_after_item_discount): totalplay.Common.getDecimalValueofObject is PASSED

03-09-2024T18:14:30 - [MESSAGE][INFO] - Checking response object

03-09-2024T18:14:30 - [MESSAGE][PASSED] - totalplay.Common.getDecimalValueofObject is PASSED

03-09-2024T18:14:30 - [TEST_STEP][PASSED] - totalplay.Common.getDecimalValueofObject(AddToCart, product_items_0_price_after_order_discount): totalplay.Common.getDecimalValueofObject is PASSED

03-09-2024T18:14:30 - [MESSAGE][INFO] - Checking response object

03-09-2024T18:14:30 - [MESSAGE][PASSED] - totalplay.Common.getDecimalValueofObject is PASSED

03-09-2024T18:14:30 - [TEST_STEP][PASSED] - totalplay.Common.verifyPropertyExist(AddToCart, product_items_0_product_id): totalplay.Common.verifyPropertyExist is PASSED

03-09-2024T18:14:30 - [MESSAGE][INFO] - Checking response object

03-09-2024T18:14:30 - [MESSAGE][PASSED] - totalplay.Common.verifyPropertyExist is PASSED

03-09-2024T18:14:30 - [TEST_STEP][PASSED] - totalplay.Common.verifyPropertyValueExist(AddToCart, product_items_0_product_id): totalplay.Common.verifyPropertyValueExist is PASSED

03-09-2024T18:14:30 - [MESSAGE][INFO] - Checking response object

03-09-2024T18:14:30 - [MESSAGE][INFO] - C828554986

03-09-2024T18:14:30 - [MESSAGE][PASSED] - totalplay.Common.verifyPropertyValueExist is PASSED

03-09-2024T18:14:30 - [TEST_STEP][PASSED] - totalplay.Common.verifyPropertyExist(AddToCart, product_items_0_product_name): totalplay.Common.verifyPropertyExist is PASSED

03-09-2024T18:14:30 - [MESSAGE][INFO] - Checking response object

03-09-2024T18:14:30 - [MESSAGE][PASSED] - totalplay.Common.verifyPropertyExist is PASSED

03-09-2024T18:14:30 - [TEST_STEP][PASSED] - totalplay.Common.verifyPropertyValueExist(AddToCart, product_items_0_product_name): totalplay.Common.verifyPropertyValueExist is PASSED

03-09-2024T18:14:30 - [MESSAGE][INFO] - Checking response object

03-09-2024T18:14:30 - [MESSAGE][INFO] - Orden de Maciza (100 g)

03-09-2024T18:14:30 - [MESSAGE][PASSED] - totalplay.Common.verifyPropertyValueExist is PASSED

03-09-2024T18:14:30 - [TEST_STEP][PASSED] - totalplay.Common.getNumValueofObject(AddToCart, product_items_0_quantity): totalplay.Common.getNumValueofObject is PASSED

03-09-2024T18:14:30 - [MESSAGE][INFO] - Checking response object

03-09-2024T18:14:30 - [MESSAGE][PASSED] - totalplay.Common.getNumValueofObject is PASSED

03-09-2024T18:14:30 - [TEST_STEP][PASSED] - totalplay.Common.verifyPropertyExist(AddToCart, product_items_0_product_name): totalplay.Common.verifyPropertyExist is PASSED

03-09-2024T18:14:30 - [MESSAGE][INFO] - Checking response object

03-09-2024T18:14:30 - [MESSAGE][PASSED] - totalplay.Common.verifyPropertyExist is PASSED

03-09-2024T18:14:30 - [TEST_STEP][PASSED] - totalplay.Common.verifyPropertyValueExist(AddToCart, product_items_0_product_name): totalplay.Common.verifyPropertyValueExist is PASSED

03-09-2024T18:14:30 - [MESSAGE][INFO] - Checking response object

03-09-2024T18:14:30 - [MESSAGE][INFO] - Orden de Maciza (100 g)

03-09-2024T18:14:30 - [MESSAGE][PASSED] - totalplay.Common.verifyPropertyValueExist is PASSED

03-09-2024T18:14:30 - [TEST_STEP][PASSED] - totalplay.Common.verifyPropertyExist(AddToCart, product_items_0_shipment_id): totalplay.Common.verifyPropertyExist is PASSED

03-09-2024T18:14:30 - [MESSAGE][INFO] - Checking response object

03-09-2024T18:14:31 - [MESSAGE][PASSED] - totalplay.Common.verifyPropertyExist is PASSED

03-09-2024T18:14:31 - [TEST_STEP][PASSED] - totalplay.Common.verifyPropertyValueExist(AddToCart, product_items_0_shipment_id): totalplay.Common.verifyPropertyValueExist is PASSED

03-09-2024T18:14:31 - [MESSAGE][INFO] - Checking response object

03-09-2024T18:14:31 - [MESSAGE][INFO] - me

03-09-2024T18:14:31 - [MESSAGE][PASSED] - totalplay.Common.verifyPropertyValueExist is PASSED

03-09-2024T18:14:31 - [TEST_STEP][PASSED] - totalplay.Common.getDecimalValueofObject(AddToCart, product_items_0_tax): totalplay.Common.getDecimalValueofObject is PASSED

03-09-2024T18:14:31 - [MESSAGE][INFO] - Checking response object

03-09-2024T18:14:31 - [MESSAGE][PASSED] - totalplay.Common.getDecimalValueofObject is PASSED

03-09-2024T18:14:31 - [TEST_STEP][PASSED] - totalplay.Common.getDecimalValueofObject(AddToCart, product_items_0_tax_basis): totalplay.Common.getDecimalValueofObject is PASSED

03-09-2024T18:14:31 - [MESSAGE][INFO] - Checking response object

03-09-2024T18:14:31 - [MESSAGE][PASSED] - totalplay.Common.getDecimalValueofObject is PASSED

03-09-2024T18:14:31 - [TEST_STEP][PASSED] - totalplay.Common.verifyPropertyExist(AddToCart, product_items_0_tax_class_id): totalplay.Common.verifyPropertyExist is PASSED

03-09-2024T18:14:31 - [MESSAGE][INFO] - Checking response object

03-09-2024T18:14:31 - [MESSAGE][PASSED] - totalplay.Common.verifyPropertyExist is PASSED

03-09-2024T18:14:31 - [TEST_STEP][PASSED] - totalplay.Common.verifyPropertyValueExist(AddToCart, product_items_0_tax_class_id): totalplay.Common.verifyPropertyValueExist is PASSED

03-09-2024T18:14:31 - [MESSAGE][INFO] - Checking response object

03-09-2024T18:14:31 - [MESSAGE][INFO] - product_zero_tax

03-09-2024T18:14:31 - [MESSAGE][PASSED] - totalplay.Common.verifyPropertyValueExist is PASSED

03-09-2024T18:14:31 - [TEST_STEP][PASSED] - totalplay.Common.getDecimalValueofObject(AddToCart, product_items_0_tax_rate): totalplay.Common.getDecimalValueofObject is PASSED

03-09-2024T18:14:31 - [MESSAGE][INFO] - Checking response object

03-09-2024T18:14:31 - [MESSAGE][PASSED] - totalplay.Common.getDecimalValueofObject is PASSED

03-09-2024T18:14:31 - [TEST_STEP][PASSED] - totalplay.Common.verifyPropertyExist(AddToCart, product_items_0_c_fromStoreId): totalplay.Common.verifyPropertyExist is PASSED

03-09-2024T18:14:31 - [MESSAGE][INFO] - Checking response object

03-09-2024T18:14:31 - [MESSAGE][PASSED] - totalplay.Common.verifyPropertyExist is PASSED

03-09-2024T18:14:31 - [TEST_STEP][PASSED] - totalplay.Common.verifyPropertyValueExist(AddToCart, product_items_0_c_fromStoreId): totalplay.Common.verifyPropertyValueExist is PASSED

03-09-2024T18:14:31 - [MESSAGE][INFO] - Checking response object

03-09-2024T18:14:31 - [MESSAGE][INFO] - 4158

03-09-2024T18:14:31 - [MESSAGE][PASSED] - totalplay.Common.verifyPropertyValueExist is PASSED

03-09-2024T18:14:31 - [TEST_STEP][PASSED] - totalplay.Common.getBooleanValueofObject(AddToCart, product_items_0_c_isOnDemandStoreItem): totalplay.Common.getBooleanValueofObject is PASSED

03-09-2024T18:14:31 - [MESSAGE][INFO] - Checking response object

03-09-2024T18:14:31 - [MESSAGE][PASSED] - totalplay.Common.getBooleanValueofObject is PASSED

03-09-2024T18:14:31 - [TEST_STEP][PASSED] - totalplay.Common.verifyPropertyExist(AddToCart, product_items_0_c_miraklChannels): totalplay.Common.verifyPropertyExist is PASSED

03-09-2024T18:14:31 - [MESSAGE][INFO] - Checking response object

03-09-2024T18:14:31 - [MESSAGE][PASSED] - totalplay.Common.verifyPropertyExist is PASSED

03-09-2024T18:14:31 - [TEST_STEP][PASSED] - totalplay.Common.verifyPropertyValueExist(AddToCart, product_items_0_c_miraklChannels): totalplay.Common.verifyPropertyValueExist is PASSED

03-09-2024T18:14:31 - [MESSAGE][INFO] - Checking response object

03-09-2024T18:14:31 - [MESSAGE][INFO] - ["INIT"]

03-09-2024T18:14:31 - [MESSAGE][PASSED] - totalplay.Common.verifyPropertyValueExist is PASSED

03-09-2024T18:14:31 - [TEST_STEP][PASSED] - totalplay.Common.verifyPropertyExist(AddToCart, product_items_0_c_miraklOperatorProductId): totalplay.Common.verifyPropertyExist is PASSED

03-09-2024T18:14:31 - [MESSAGE][INFO] - Checking response object

03-09-2024T18:14:31 - [MESSAGE][PASSED] - totalplay.Common.verifyPropertyExist is PASSED

03-09-2024T18:14:31 - [TEST_STEP][PASSED] - totalplay.Common.verifyPropertyValueExist(AddToCart, product_items_0_c_miraklOperatorProductId): totalplay.Common.verifyPropertyValueExist is PASSED

03-09-2024T18:14:31 - [MESSAGE][INFO] - Checking response object

03-09-2024T18:14:31 - [MESSAGE][INFO] - C828554986

03-09-2024T18:14:31 - [MESSAGE][PASSED] - totalplay.Common.verifyPropertyValueExist is PASSED

03-09-2024T18:14:31 - [TEST_STEP][PASSED] - totalplay.Common.verifyPropertyExist(AddToCart, product_items_0_c_miraklShippingTaxes): totalplay.Common.verifyPropertyExist is PASSED

03-09-2024T18:14:31 - [MESSAGE][INFO] - Checking response object

03-09-2024T18:14:31 - [MESSAGE][PASSED] - totalplay.Common.verifyPropertyExist is PASSED

03-09-2024T18:14:31 - [TEST_STEP][PASSED] - totalplay.Common.verifyPropertyValueExist(AddToCart, product_items_0_c_miraklShippingTaxes): totalplay.Common.verifyPropertyValueExist is PASSED

03-09-2024T18:14:31 - [MESSAGE][INFO] - Checking response object

03-09-2024T18:14:31 - [MESSAGE][INFO] - [{"amount":0,"type":"product_zero_tax","isTaxRate":true,"rate":0}]

03-09-2024T18:14:31 - [MESSAGE][PASSED] - totalplay.Common.verifyPropertyValueExist is PASSED

03-09-2024T18:14:31 - [TEST_STEP][PASSED] - totalplay.Common.verifyPropertyExist(AddToCart, product_items_0_c_miraklTaxes): totalplay.Common.verifyPropertyExist is PASSED

03-09-2024T18:14:31 - [MESSAGE][INFO] - Checking response object

03-09-2024T18:14:32 - [MESSAGE][PASSED] - totalplay.Common.verifyPropertyExist is PASSED

03-09-2024T18:14:32 - [TEST_STEP][PASSED] - totalplay.Common.verifyPropertyValueExist(AddToCart, product_items_0_c_miraklTaxes): totalplay.Common.verifyPropertyValueExist is PASSED

03-09-2024T18:14:32 - [MESSAGE][INFO] - Checking response object

03-09-2024T18:14:32 - [MESSAGE][INFO] - [{"amount":0,"type":"product_zero_tax","isTaxRate":true,"rate":0}]

03-09-2024T18:14:32 - [MESSAGE][PASSED] - totalplay.Common.verifyPropertyValueExist is PASSED

03-09-2024T18:14:32 - [TEST_STEP][PASSED] - totalplay.Common.verifyPropertyExist(AddToCart, product_items_0_c_offerId): totalplay.Common.verifyPropertyExist is PASSED

03-09-2024T18:14:32 - [MESSAGE][INFO] - Checking response object

03-09-2024T18:14:32 - [MESSAGE][PASSED] - totalplay.Common.verifyPropertyExist is PASSED

03-09-2024T18:14:32 - [TEST_STEP][PASSED] - totalplay.Common.verifyPropertyValueExist(AddToCart, product_items_0_c_offerId): totalplay.Common.verifyPropertyValueExist is PASSED

03-09-2024T18:14:32 - [MESSAGE][INFO] - Checking response object

03-09-2024T18:14:32 - [MESSAGE][INFO] - 541185

03-09-2024T18:14:32 - [MESSAGE][PASSED] - totalplay.Common.verifyPropertyValueExist is PASSED

03-09-2024T18:14:32 - [TEST_STEP][PASSED] - totalplay.Common.getDecimalValueofObject(AddToCart, product_items_0_c_offerSalesPrice): totalplay.Common.getDecimalValueofObject is PASSED

03-09-2024T18:14:32 - [MESSAGE][INFO] - Checking response object

03-09-2024T18:14:32 - [MESSAGE][PASSED] - totalplay.Common.getDecimalValueofObject is PASSED

03-09-2024T18:14:32 - [TEST_STEP][PASSED] - totalplay.Common.verifyPropertyExist(AddToCart, product_items_0_c_offerState): totalplay.Common.verifyPropertyExist is PASSED

03-09-2024T18:14:32 - [MESSAGE][INFO] - Checking response object

03-09-2024T18:14:32 - [MESSAGE][PASSED] - totalplay.Common.verifyPropertyExist is PASSED

03-09-2024T18:14:32 - [TEST_STEP][PASSED] - totalplay.Common.verifyPropertyValueExist(AddToCart, product_items_0_c_offerState): totalplay.Common.verifyPropertyValueExist is PASSED

03-09-2024T18:14:32 - [MESSAGE][INFO] - Checking response object

03-09-2024T18:14:32 - [MESSAGE][INFO] - Nuevo

03-09-2024T18:14:32 - [MESSAGE][PASSED] - totalplay.Common.verifyPropertyValueExist is PASSED

03-09-2024T18:14:32 - [TEST_STEP][PASSED] - totalplay.Common.verifyPropertyExist(AddToCart, product_items_0_c_offerStateCode): totalplay.Common.verifyPropertyExist is PASSED

03-09-2024T18:14:32 - [MESSAGE][INFO] - Checking response object

03-09-2024T18:14:32 - [MESSAGE][PASSED] - totalplay.Common.verifyPropertyExist is PASSED

03-09-2024T18:14:32 - [TEST_STEP][PASSED] - totalplay.Common.verifyPropertyValueExist(AddToCart, product_items_0_c_offerStateCode): totalplay.Common.verifyPropertyValueExist is PASSED

03-09-2024T18:14:32 - [MESSAGE][INFO] - Checking response object

03-09-2024T18:14:32 - [MESSAGE][INFO] - 11

03-09-2024T18:14:32 - [MESSAGE][PASSED] - totalplay.Common.verifyPropertyValueExist is PASSED

03-09-2024T18:14:32 - [TEST_STEP][PASSED] - totalplay.Common.verifyPropertyExist(AddToCart, product_items_0_c_shopId): totalplay.Common.verifyPropertyExist is PASSED

03-09-2024T18:14:32 - [MESSAGE][INFO] - Checking response object

03-09-2024T18:14:32 - [MESSAGE][PASSED] - totalplay.Common.verifyPropertyExist is PASSED

03-09-2024T18:14:32 - [TEST_STEP][PASSED] - totalplay.Common.verifyPropertyValueExist(AddToCart, product_items_0_c_shopId): totalplay.Common.verifyPropertyValueExist is PASSED

03-09-2024T18:14:32 - [MESSAGE][INFO] - Checking response object

03-09-2024T18:14:32 - [MESSAGE][INFO] - 4158

03-09-2024T18:14:32 - [MESSAGE][PASSED] - totalplay.Common.verifyPropertyValueExist is PASSED

03-09-2024T18:14:32 - [TEST_STEP][PASSED] - totalplay.Common.verifyPropertyExist(AddToCart, product_items_0_c_shopName): totalplay.Common.verifyPropertyExist is PASSED

03-09-2024T18:14:32 - [MESSAGE][INFO] - Checking response object

03-09-2024T18:14:32 - [MESSAGE][PASSED] - totalplay.Common.verifyPropertyExist is PASSED

03-09-2024T18:14:32 - [TEST_STEP][PASSED] - totalplay.Common.verifyPropertyValueExist(AddToCart, product_items_0_c_shopName): totalplay.Common.verifyPropertyValueExist is PASSED

03-09-2024T18:14:32 - [MESSAGE][INFO] - Checking response object

03-09-2024T18:14:32 - [MESSAGE][INFO] - La Casa De Toño Polanco

03-09-2024T18:14:32 - [MESSAGE][PASSED] - totalplay.Common.verifyPropertyValueExist is PASSED

03-09-2024T18:14:32 - [TEST_STEP][PASSED] - totalplay.Common.getDecimalValueofObject(AddToCart, product_items_0_c_total_crossed_price): totalplay.Common.getDecimalValueofObject is PASSED

03-09-2024T18:14:32 - [MESSAGE][INFO] - Checking response object

03-09-2024T18:14:32 - [MESSAGE][PASSED] - totalplay.Common.getDecimalValueofObject is PASSED

03-09-2024T18:14:32 - [TEST_STEP][PASSED] - totalplay.Common.getDecimalValueofObject(AddToCart, product_items_0_c_priceWithComplement): totalplay.Common.getDecimalValueofObject is PASSED

03-09-2024T18:14:32 - [MESSAGE][INFO] - Checking response object

03-09-2024T18:14:32 - [MESSAGE][PASSED] - totalplay.Common.getDecimalValueofObject is PASSED

03-09-2024T18:14:32 - [TEST_STEP][PASSED] - totalplay.Common.verifyPropertyExist(AddToCart, product_items_0_c_imagesData_large_0_alt): totalplay.Common.verifyPropertyExist is PASSED

03-09-2024T18:14:32 - [MESSAGE][INFO] - Checking response object

03-09-2024T18:14:33 - [MESSAGE][PASSED] - totalplay.Common.verifyPropertyExist is PASSED

03-09-2024T18:14:33 - [TEST_STEP][PASSED] - totalplay.Common.verifyPropertyValueExist(AddToCart, product_items_0_c_imagesData_large_0_alt): totalplay.Common.verifyPropertyValueExist is PASSED

03-09-2024T18:14:33 - [MESSAGE][INFO] - Checking response object

03-09-2024T18:14:33 - [MESSAGE][INFO] - Orden de Maciza (100 g)

03-09-2024T18:14:33 - [MESSAGE][PASSED] - totalplay.Common.verifyPropertyValueExist is PASSED

03-09-2024T18:14:33 - [TEST_STEP][PASSED] - totalplay.Common.verifyPropertyValueEmptyString(AddToCart, product_items_0_c_imagesData_large_0_url): totalplay.Common.verifyPropertyValueEmptyString is PASSED

03-09-2024T18:14:33 - [MESSAGE][INFO] - Checking response object

03-09-2024T18:14:33 - [MESSAGE][INFO] - 

03-09-2024T18:14:33 - [MESSAGE][PASSED] - totalplay.Common.verifyPropertyValueEmptyString is PASSED

03-09-2024T18:14:33 - [TEST_STEP][PASSED] - totalplay.Common.verifyPropertyExist(AddToCart, product_items_0_c_imagesData_large_0_title): totalplay.Common.verifyPropertyExist is PASSED

03-09-2024T18:14:33 - [MESSAGE][INFO] - Checking response object

03-09-2024T18:14:33 - [MESSAGE][PASSED] - totalplay.Common.verifyPropertyExist is PASSED

03-09-2024T18:14:33 - [TEST_STEP][PASSED] - totalplay.Common.verifyPropertyValueExist(AddToCart, product_items_0_c_imagesData_large_0_title): totalplay.Common.verifyPropertyValueExist is PASSED

03-09-2024T18:14:33 - [MESSAGE][INFO] - Checking response object

03-09-2024T18:14:33 - [MESSAGE][INFO] - Orden de Maciza (100 g)

03-09-2024T18:14:33 - [MESSAGE][PASSED] - totalplay.Common.verifyPropertyValueExist is PASSED

03-09-2024T18:14:33 - [TEST_STEP][PASSED] - totalplay.Common.verifyPropertyExist(AddToCart, product_items_0_c_description): totalplay.Common.verifyPropertyExist is PASSED

03-09-2024T18:14:33 - [MESSAGE][INFO] - Checking response object

03-09-2024T18:14:33 - [MESSAGE][PASSED] - totalplay.Common.verifyPropertyExist is PASSED

03-09-2024T18:14:33 - [TEST_STEP][PASSED] - totalplay.Common.verifyPropertyValueExist(AddToCart, product_items_0_c_description): totalplay.Common.verifyPropertyValueExist is PASSED

03-09-2024T18:14:33 - [MESSAGE][INFO] - Checking response object

03-09-2024T18:14:33 - [MESSAGE][INFO] - 100 g

03-09-2024T18:14:33 - [MESSAGE][PASSED] - totalplay.Common.verifyPropertyValueExist is PASSED

03-09-2024T18:14:33 - [TEST_STEP][PASSED] - totalplay.Common.getDecimalValueofObject(AddToCart, product_sub_total): totalplay.Common.getDecimalValueofObject is PASSED

03-09-2024T18:14:33 - [MESSAGE][INFO] - Checking response object

03-09-2024T18:14:33 - [MESSAGE][PASSED] - totalplay.Common.getDecimalValueofObject is PASSED

03-09-2024T18:14:33 - [TEST_STEP][PASSED] - totalplay.Common.getDecimalValueofObject(AddToCart, product_total): totalplay.Common.getDecimalValueofObject is PASSED

03-09-2024T18:14:33 - [MESSAGE][INFO] - Checking response object

03-09-2024T18:14:33 - [MESSAGE][PASSED] - totalplay.Common.getDecimalValueofObject is PASSED

03-09-2024T18:14:33 - [TEST_STEP][PASSED] - totalplay.Common.verifyPropertyExist(AddToCart, shipments_0__type): totalplay.Common.verifyPropertyExist is PASSED

03-09-2024T18:14:33 - [MESSAGE][INFO] - Checking response object

03-09-2024T18:14:33 - [MESSAGE][PASSED] - totalplay.Common.verifyPropertyExist is PASSED

03-09-2024T18:14:33 - [TEST_STEP][PASSED] - totalplay.Common.verifyPropertyValueExist(AddToCart, shipments_0__type): totalplay.Common.verifyPropertyValueExist is PASSED

03-09-2024T18:14:33 - [MESSAGE][INFO] - Checking response object

03-09-2024T18:14:33 - [MESSAGE][INFO] - shipment

03-09-2024T18:14:33 - [MESSAGE][PASSED] - totalplay.Common.verifyPropertyValueExist is PASSED

03-09-2024T18:14:33 - [TEST_STEP][PASSED] - totalplay.Common.getDecimalValueofObject(AddToCart, shipments_0_adjusted_merchandize_total_tax): totalplay.Common.getDecimalValueofObject is PASSED

03-09-2024T18:14:33 - [MESSAGE][INFO] - Checking response object

03-09-2024T18:14:33 - [MESSAGE][PASSED] - totalplay.Common.getDecimalValueofObject is PASSED

03-09-2024T18:14:33 - [TEST_STEP][PASSED] - totalplay.Common.getDecimalValueofObject(AddToCart, shipments_0_adjusted_shipping_total_tax): totalplay.Common.getDecimalValueofObject is PASSED

03-09-2024T18:14:33 - [MESSAGE][INFO] - Checking response object

03-09-2024T18:14:33 - [MESSAGE][PASSED] - totalplay.Common.getDecimalValueofObject is PASSED

03-09-2024T18:14:33 - [TEST_STEP][PASSED] - totalplay.Common.getBooleanValueofObject(AddToCart, shipments_0_gift): totalplay.Common.getBooleanValueofObject is PASSED

03-09-2024T18:14:33 - [MESSAGE][INFO] - Checking response object

03-09-2024T18:14:33 - [MESSAGE][PASSED] - totalplay.Common.getBooleanValueofObject is PASSED

03-09-2024T18:14:33 - [TEST_STEP][PASSED] - totalplay.Common.getDecimalValueofObject(AddToCart, shipments_0_merchandize_total_tax): totalplay.Common.getDecimalValueofObject is PASSED

03-09-2024T18:14:33 - [MESSAGE][INFO] - Checking response object

03-09-2024T18:14:33 - [MESSAGE][PASSED] - totalplay.Common.getDecimalValueofObject is PASSED

03-09-2024T18:14:33 - [TEST_STEP][PASSED] - totalplay.Common.getDecimalValueofObject(AddToCart, shipments_0_product_sub_total): totalplay.Common.getDecimalValueofObject is PASSED

03-09-2024T18:14:33 - [MESSAGE][INFO] - Checking response object

03-09-2024T18:14:33 - [MESSAGE][PASSED] - totalplay.Common.getDecimalValueofObject is PASSED

03-09-2024T18:14:33 - [TEST_STEP][PASSED] - totalplay.Common.getDecimalValueofObject(AddToCart, shipments_0_product_total): totalplay.Common.getDecimalValueofObject is PASSED

03-09-2024T18:14:33 - [MESSAGE][INFO] - Checking response object

03-09-2024T18:14:34 - [MESSAGE][PASSED] - totalplay.Common.getDecimalValueofObject is PASSED

03-09-2024T18:14:34 - [TEST_STEP][PASSED] - totalplay.Common.verifyPropertyExist(AddToCart, shipments_0_shipment_id): totalplay.Common.verifyPropertyExist is PASSED

03-09-2024T18:14:34 - [MESSAGE][INFO] - Checking response object

03-09-2024T18:14:34 - [MESSAGE][PASSED] - totalplay.Common.verifyPropertyExist is PASSED

03-09-2024T18:14:34 - [TEST_STEP][PASSED] - totalplay.Common.verifyPropertyValueExist(AddToCart, shipments_0_shipment_id): totalplay.Common.verifyPropertyValueExist is PASSED

03-09-2024T18:14:34 - [MESSAGE][INFO] - Checking response object

03-09-2024T18:14:34 - [MESSAGE][INFO] - me

03-09-2024T18:14:34 - [MESSAGE][PASSED] - totalplay.Common.verifyPropertyValueExist is PASSED

03-09-2024T18:14:34 - [TEST_STEP][PASSED] - totalplay.Common.getDecimalValueofObject(AddToCart, shipments_0_shipment_total): totalplay.Common.getDecimalValueofObject is PASSED

03-09-2024T18:14:34 - [MESSAGE][INFO] - Checking response object

03-09-2024T18:14:34 - [MESSAGE][PASSED] - totalplay.Common.getDecimalValueofObject is PASSED

03-09-2024T18:14:34 - [TEST_STEP][PASSED] - totalplay.Common.verifyPropertyExist(AddToCart, shipments_0_shipping_method__type): totalplay.Common.verifyPropertyExist is PASSED

03-09-2024T18:14:34 - [MESSAGE][INFO] - Checking response object

03-09-2024T18:14:34 - [MESSAGE][PASSED] - totalplay.Common.verifyPropertyExist is PASSED

03-09-2024T18:14:34 - [TEST_STEP][PASSED] - totalplay.Common.verifyPropertyValueExist(AddToCart, shipments_0_shipping_method__type): totalplay.Common.verifyPropertyValueExist is PASSED

03-09-2024T18:14:34 - [MESSAGE][INFO] - Checking response object

03-09-2024T18:14:34 - [MESSAGE][INFO] - shipping_method

03-09-2024T18:14:34 - [MESSAGE][PASSED] - totalplay.Common.verifyPropertyValueExist is PASSED

03-09-2024T18:14:34 - [TEST_STEP][PASSED] - totalplay.Common.verifyPropertyExist(AddToCart, shipments_0_shipping_method_description): totalplay.Common.verifyPropertyExist is PASSED

03-09-2024T18:14:34 - [MESSAGE][INFO] - Checking response object

03-09-2024T18:14:34 - [MESSAGE][PASSED] - totalplay.Common.verifyPropertyExist is PASSED

03-09-2024T18:14:34 - [TEST_STEP][PASSED] - totalplay.Common.verifyPropertyValueExist(AddToCart, shipments_0_shipping_method_description): totalplay.Common.verifyPropertyValueExist is PASSED

03-09-2024T18:14:34 - [MESSAGE][INFO] - Checking response object

03-09-2024T18:14:34 - [MESSAGE][INFO] - pickup

03-09-2024T18:14:34 - [MESSAGE][PASSED] - totalplay.Common.verifyPropertyValueExist is PASSED

03-09-2024T18:14:34 - [TEST_STEP][PASSED] - totalplay.Common.verifyPropertyExist(AddToCart, shipments_0_shipping_method_id): totalplay.Common.verifyPropertyExist is PASSED

03-09-2024T18:14:34 - [MESSAGE][INFO] - Checking response object

03-09-2024T18:14:34 - [MESSAGE][PASSED] - totalplay.Common.verifyPropertyExist is PASSED

03-09-2024T18:14:34 - [TEST_STEP][PASSED] - totalplay.Common.verifyPropertyValueExist(AddToCart, shipments_0_shipping_method_id): totalplay.Common.verifyPropertyValueExist is PASSED

03-09-2024T18:14:34 - [MESSAGE][INFO] - Checking response object

03-09-2024T18:14:34 - [MESSAGE][INFO] - pickup

03-09-2024T18:14:34 - [MESSAGE][PASSED] - totalplay.Common.verifyPropertyValueExist is PASSED

03-09-2024T18:14:34 - [TEST_STEP][PASSED] - totalplay.Common.verifyPropertyExist(AddToCart, shipments_0_shipping_method_name): totalplay.Common.verifyPropertyExist is PASSED

03-09-2024T18:14:34 - [MESSAGE][INFO] - Checking response object

03-09-2024T18:14:34 - [MESSAGE][PASSED] - totalplay.Common.verifyPropertyExist is PASSED

03-09-2024T18:14:34 - [TEST_STEP][PASSED] - totalplay.Common.verifyPropertyValueExist(AddToCart, shipments_0_shipping_method_name): totalplay.Common.verifyPropertyValueExist is PASSED

03-09-2024T18:14:34 - [MESSAGE][INFO] - Checking response object

03-09-2024T18:14:34 - [MESSAGE][INFO] - pickup

03-09-2024T18:14:34 - [MESSAGE][PASSED] - totalplay.Common.verifyPropertyValueExist is PASSED

03-09-2024T18:14:34 - [TEST_STEP][PASSED] - totalplay.Common.verifyPropertyExist(AddToCart, shipments_0_shipping_method_c_estimatedArrivalTime): totalplay.Common.verifyPropertyExist is PASSED

03-09-2024T18:14:34 - [MESSAGE][INFO] - Checking response object

03-09-2024T18:14:34 - [MESSAGE][PASSED] - totalplay.Common.verifyPropertyExist is PASSED

03-09-2024T18:14:34 - [TEST_STEP][PASSED] - totalplay.Common.verifyPropertyValueExist(AddToCart, shipments_0_shipping_method_c_estimatedArrivalTime): totalplay.Common.verifyPropertyValueExist is PASSED

03-09-2024T18:14:34 - [MESSAGE][INFO] - Checking response object

03-09-2024T18:14:34 - [MESSAGE][INFO] - 60 Mins

03-09-2024T18:14:34 - [MESSAGE][PASSED] - totalplay.Common.verifyPropertyValueExist is PASSED

03-09-2024T18:14:34 - [TEST_STEP][PASSED] - totalplay.Common.getBooleanValueofObject(AddToCart, shipments_0_shipping_status): totalplay.Common.getBooleanValueofObject is PASSED

03-09-2024T18:14:34 - [MESSAGE][INFO] - Checking response object

03-09-2024T18:14:34 - [MESSAGE][PASSED] - totalplay.Common.getBooleanValueofObject is PASSED

03-09-2024T18:14:34 - [TEST_STEP][PASSED] - totalplay.Common.verifyPropertyExist(AddToCart, shipments_0_shipping_status): totalplay.Common.verifyPropertyExist is PASSED

03-09-2024T18:14:34 - [MESSAGE][INFO] - Checking response object

03-09-2024T18:14:34 - [MESSAGE][PASSED] - totalplay.Common.verifyPropertyExist is PASSED

03-09-2024T18:14:34 - [TEST_STEP][PASSED] - totalplay.Common.verifyPropertyValueExist(AddToCart, shipments_0_shipping_status): totalplay.Common.verifyPropertyValueExist is PASSED

03-09-2024T18:14:34 - [MESSAGE][INFO] - Checking response object

03-09-2024T18:14:34 - [MESSAGE][INFO] - not_shipped

03-09-2024T18:14:34 - [MESSAGE][PASSED] - totalplay.Common.verifyPropertyValueExist is PASSED

03-09-2024T18:14:34 - [TEST_STEP][PASSED] - totalplay.Common.getDecimalValueofObject(AddToCart, shipments_0_shipping_total): totalplay.Common.getDecimalValueofObject is PASSED

03-09-2024T18:14:34 - [MESSAGE][INFO] - Checking response object

03-09-2024T18:14:35 - [MESSAGE][PASSED] - totalplay.Common.getDecimalValueofObject is PASSED

03-09-2024T18:14:35 - [TEST_STEP][PASSED] - totalplay.Common.getDecimalValueofObject(AddToCart, shipments_0_shipping_total_tax): totalplay.Common.getDecimalValueofObject is PASSED

03-09-2024T18:14:35 - [MESSAGE][INFO] - Checking response object

03-09-2024T18:14:35 - [MESSAGE][PASSED] - totalplay.Common.getDecimalValueofObject is PASSED

03-09-2024T18:14:35 - [TEST_STEP][PASSED] - totalplay.Common.getDecimalValueofObject(AddToCart, shipments_0_tax_total): totalplay.Common.getDecimalValueofObject is PASSED

03-09-2024T18:14:35 - [MESSAGE][INFO] - Checking response object

03-09-2024T18:14:35 - [MESSAGE][PASSED] - totalplay.Common.getDecimalValueofObject is PASSED

03-09-2024T18:14:35 - [TEST_STEP][PASSED] - totalplay.Common.verifyPropertyExist(AddToCart, shipping_items_0__type): totalplay.Common.verifyPropertyExist is PASSED

03-09-2024T18:14:35 - [MESSAGE][INFO] - Checking response object

03-09-2024T18:14:35 - [MESSAGE][PASSED] - totalplay.Common.verifyPropertyExist is PASSED

03-09-2024T18:14:35 - [TEST_STEP][PASSED] - totalplay.Common.verifyPropertyValueExist(AddToCart, shipping_items_0__type): totalplay.Common.verifyPropertyValueExist is PASSED

03-09-2024T18:14:35 - [MESSAGE][INFO] - Checking response object

03-09-2024T18:14:35 - [MESSAGE][INFO] - shipping_item

03-09-2024T18:14:35 - [MESSAGE][PASSED] - totalplay.Common.verifyPropertyValueExist is PASSED

03-09-2024T18:14:35 - [TEST_STEP][PASSED] - totalplay.Common.getDecimalValueofObject(AddToCart, shipping_items_0_adjusted_tax): totalplay.Common.getDecimalValueofObject is PASSED

03-09-2024T18:14:35 - [MESSAGE][INFO] - Checking response object

03-09-2024T18:14:35 - [MESSAGE][PASSED] - totalplay.Common.getDecimalValueofObject is PASSED

03-09-2024T18:14:35 - [TEST_STEP][PASSED] - totalplay.Common.getDecimalValueofObject(AddToCart, shipping_items_0_base_price): totalplay.Common.getDecimalValueofObject is PASSED

03-09-2024T18:14:35 - [MESSAGE][INFO] - Checking response object

03-09-2024T18:14:35 - [MESSAGE][PASSED] - totalplay.Common.getDecimalValueofObject is PASSED

03-09-2024T18:14:35 - [TEST_STEP][PASSED] - totalplay.Common.verifyPropertyExist(AddToCart, shipping_items_0_item_id): totalplay.Common.verifyPropertyExist is PASSED

03-09-2024T18:14:35 - [MESSAGE][INFO] - Checking response object

03-09-2024T18:14:35 - [MESSAGE][PASSED] - totalplay.Common.verifyPropertyExist is PASSED

03-09-2024T18:14:35 - [TEST_STEP][PASSED] - totalplay.Common.verifyPropertyValueExist(AddToCart, shipping_items_0_item_id): totalplay.Common.verifyPropertyValueExist is PASSED

03-09-2024T18:14:35 - [MESSAGE][INFO] - Checking response object

03-09-2024T18:14:35 - [MESSAGE][INFO] - b755012769c45f2458a2f8ba80

03-09-2024T18:14:35 - [MESSAGE][PASSED] - totalplay.Common.verifyPropertyValueExist is PASSED

03-09-2024T18:14:35 - [TEST_STEP][PASSED] - totalplay.Common.verifyPropertyExist(AddToCart, shipping_items_0_item_text): totalplay.Common.verifyPropertyExist is PASSED

03-09-2024T18:14:35 - [MESSAGE][INFO] - Checking response object

03-09-2024T18:14:35 - [MESSAGE][PASSED] - totalplay.Common.verifyPropertyExist is PASSED

03-09-2024T18:14:35 - [TEST_STEP][PASSED] - totalplay.Common.verifyPropertyValueExist(AddToCart, shipping_items_0_item_text): totalplay.Common.verifyPropertyValueExist is PASSED

03-09-2024T18:14:35 - [MESSAGE][INFO] - Checking response object

03-09-2024T18:14:35 - [MESSAGE][INFO] - Shipping

03-09-2024T18:14:35 - [MESSAGE][PASSED] - totalplay.Common.verifyPropertyValueExist is PASSED

03-09-2024T18:14:35 - [TEST_STEP][PASSED] - totalplay.Common.getDecimalValueofObject(AddToCart, shipping_items_0_price): totalplay.Common.getDecimalValueofObject is PASSED

03-09-2024T18:14:35 - [MESSAGE][INFO] - Checking response object

03-09-2024T18:14:35 - [MESSAGE][PASSED] - totalplay.Common.getDecimalValueofObject is PASSED

03-09-2024T18:14:35 - [TEST_STEP][PASSED] - totalplay.Common.getDecimalValueofObject(AddToCart, shipping_items_0_price_after_item_discount): totalplay.Common.getDecimalValueofObject is PASSED

03-09-2024T18:14:35 - [MESSAGE][INFO] - Checking response object

03-09-2024T18:14:35 - [MESSAGE][PASSED] - totalplay.Common.getDecimalValueofObject is PASSED

03-09-2024T18:14:35 - [TEST_STEP][PASSED] - totalplay.Common.verifyPropertyExist(AddToCart, shipping_items_0_shipment_id): totalplay.Common.verifyPropertyExist is PASSED

03-09-2024T18:14:36 - [MESSAGE][INFO] - Checking response object

03-09-2024T18:14:36 - [MESSAGE][PASSED] - totalplay.Common.verifyPropertyExist is PASSED

03-09-2024T18:14:36 - [TEST_STEP][PASSED] - totalplay.Common.verifyPropertyValueExist(AddToCart, shipping_items_0_shipment_id): totalplay.Common.verifyPropertyValueExist is PASSED

03-09-2024T18:14:36 - [MESSAGE][INFO] - Checking response object

03-09-2024T18:14:36 - [MESSAGE][INFO] - me

03-09-2024T18:14:36 - [MESSAGE][PASSED] - totalplay.Common.verifyPropertyValueExist is PASSED

03-09-2024T18:14:36 - [TEST_STEP][PASSED] - totalplay.Common.getDecimalValueofObject(AddToCart, shipping_items_0_tax): totalplay.Common.getDecimalValueofObject is PASSED

03-09-2024T18:14:36 - [MESSAGE][INFO] - Checking response object

03-09-2024T18:14:36 - [MESSAGE][PASSED] - totalplay.Common.getDecimalValueofObject is PASSED

03-09-2024T18:14:36 - [TEST_STEP][PASSED] - totalplay.Common.getDecimalValueofObject(AddToCart, shipping_items_0_tax_basis): totalplay.Common.getDecimalValueofObject is PASSED

03-09-2024T18:14:36 - [MESSAGE][INFO] - Checking response object

03-09-2024T18:14:36 - [MESSAGE][PASSED] - totalplay.Common.getDecimalValueofObject is PASSED

03-09-2024T18:14:36 - [TEST_STEP][PASSED] - totalplay.Common.verifyPropertyExist(AddToCart, shipping_items_0_tax_class_id): totalplay.Common.verifyPropertyExist is PASSED

03-09-2024T18:14:36 - [MESSAGE][INFO] - Checking response object

03-09-2024T18:14:36 - [MESSAGE][PASSED] - totalplay.Common.verifyPropertyExist is PASSED

03-09-2024T18:14:36 - [TEST_STEP][PASSED] - totalplay.Common.verifyPropertyValueExist(AddToCart, shipping_items_0_tax_class_id): totalplay.Common.verifyPropertyValueExist is PASSED

03-09-2024T18:14:36 - [MESSAGE][INFO] - Checking response object

03-09-2024T18:14:36 - [MESSAGE][INFO] - standard

03-09-2024T18:14:36 - [MESSAGE][PASSED] - totalplay.Common.verifyPropertyValueExist is PASSED

03-09-2024T18:14:36 - [TEST_STEP][PASSED] - totalplay.Common.getDecimalValueofObject(AddToCart, shipping_items_0_tax_rate): totalplay.Common.getDecimalValueofObject is PASSED

03-09-2024T18:14:36 - [MESSAGE][INFO] - Checking response object

03-09-2024T18:14:36 - [MESSAGE][PASSED] - totalplay.Common.getDecimalValueofObject is PASSED

03-09-2024T18:14:36 - [TEST_STEP][PASSED] - totalplay.Common.getDecimalValueofObject(AddToCart, shipping_total): totalplay.Common.getDecimalValueofObject is PASSED

03-09-2024T18:14:36 - [MESSAGE][INFO] - Checking response object

03-09-2024T18:14:36 - [MESSAGE][PASSED] - totalplay.Common.getDecimalValueofObject is PASSED

03-09-2024T18:14:36 - [TEST_STEP][PASSED] - totalplay.Common.getDecimalValueofObject(AddToCart, shipping_total_tax): totalplay.Common.getDecimalValueofObject is PASSED

03-09-2024T18:14:36 - [MESSAGE][INFO] - Checking response object

03-09-2024T18:14:36 - [MESSAGE][PASSED] - totalplay.Common.getDecimalValueofObject is PASSED

03-09-2024T18:14:36 - [TEST_STEP][PASSED] - totalplay.Common.verifyPropertyExist(AddToCart, taxation): totalplay.Common.verifyPropertyExist is PASSED

03-09-2024T18:14:36 - [MESSAGE][INFO] - Checking response object

03-09-2024T18:14:36 - [MESSAGE][PASSED] - totalplay.Common.verifyPropertyExist is PASSED

03-09-2024T18:14:36 - [TEST_STEP][PASSED] - totalplay.Common.verifyPropertyValueExist(AddToCart, taxation): totalplay.Common.verifyPropertyValueExist is PASSED

03-09-2024T18:14:36 - [MESSAGE][INFO] - Checking response object

03-09-2024T18:14:36 - [MESSAGE][INFO] - net

03-09-2024T18:14:36 - [MESSAGE][PASSED] - totalplay.Common.verifyPropertyValueExist is PASSED

03-09-2024T18:14:36 - [TEST_STEP][PASSED] - totalplay.Common.getBooleanValueofObject(AddToCart, tax_rounded_at_group): totalplay.Common.getBooleanValueofObject is PASSED

03-09-2024T18:14:36 - [MESSAGE][INFO] - Checking response object

03-09-2024T18:14:36 - [MESSAGE][PASSED] - totalplay.Common.getBooleanValueofObject is PASSED

03-09-2024T18:14:36 - [TEST_STEP][PASSED] - totalplay.Common.getDecimalValueofObject(AddToCart, tax_total): totalplay.Common.getDecimalValueofObject is PASSED

03-09-2024T18:14:36 - [MESSAGE][INFO] - Checking response object

03-09-2024T18:14:36 - [MESSAGE][PASSED] - totalplay.Common.getDecimalValueofObject is PASSED

03-09-2024T18:14:36 - [TEST_STEP][PASSED] - totalplay.Common.getBooleanValueofObject(AddToCart, temporary_basket): totalplay.Common.getBooleanValueofObject is PASSED

03-09-2024T18:14:36 - [MESSAGE][INFO] - Checking response object

03-09-2024T18:14:36 - [MESSAGE][PASSED] - totalplay.Common.getBooleanValueofObject is PASSED

03-09-2024T18:14:36 - [TEST_STEP][PASSED] - totalplay.Common.verifyPropertyExist(AddToCart, c_currentCorporate): totalplay.Common.verifyPropertyExist is PASSED

03-09-2024T18:14:36 - [MESSAGE][INFO] - Checking response object

03-09-2024T18:14:36 - [MESSAGE][PASSED] - totalplay.Common.verifyPropertyExist is PASSED

03-09-2024T18:14:36 - [TEST_STEP][PASSED] - totalplay.Common.verifyPropertyValueExist(AddToCart, c_currentCorporate): totalplay.Common.verifyPropertyValueExist is PASSED

03-09-2024T18:14:36 - [MESSAGE][INFO] - Checking response object

03-09-2024T18:14:36 - [MESSAGE][INFO] - LaCasaDeToño

03-09-2024T18:14:36 - [MESSAGE][PASSED] - totalplay.Common.verifyPropertyValueExist is PASSED

03-09-2024T18:14:36 - [TEST_STEP][PASSED] - totalplay.Common.getBooleanValueofObject(AddToCart, c_forceDeleteOndemand): totalplay.Common.getBooleanValueofObject is PASSED

03-09-2024T18:14:36 - [MESSAGE][INFO] - Checking response object

03-09-2024T18:14:36 - [MESSAGE][PASSED] - totalplay.Common.getBooleanValueofObject is PASSED

03-09-2024T18:14:36 - [TEST_STEP][PASSED] - totalplay.Common.verifyPropertyExist(AddToCart, c_seller_id): totalplay.Common.verifyPropertyExist is PASSED

03-09-2024T18:14:36 - [MESSAGE][INFO] - Checking response object

03-09-2024T18:14:36 - [MESSAGE][PASSED] - totalplay.Common.verifyPropertyExist is PASSED

03-09-2024T18:14:36 - [TEST_STEP][PASSED] - totalplay.Common.verifyPropertyValueExist(AddToCart, c_seller_id): totalplay.Common.verifyPropertyValueExist is PASSED

03-09-2024T18:14:37 - [MESSAGE][INFO] - Checking response object

03-09-2024T18:14:37 - [MESSAGE][INFO] - 4158

03-09-2024T18:14:37 - [MESSAGE][PASSED] - totalplay.Common.verifyPropertyValueExist is PASSED

03-09-2024T18:14:37 - [TEST_STEP][PASSED] - totalplay.Common.getDecimalValueofObject(AddToCart, c_savingsTotal): totalplay.Common.getDecimalValueofObject is PASSED

03-09-2024T18:14:37 - [MESSAGE][INFO] - Checking response object

03-09-2024T18:14:37 - [MESSAGE][PASSED] - totalplay.Common.getDecimalValueofObject is PASSED]]></system-out>
         <system-err><![CDATA[]]></system-err>
      </testcase>
      <testcase name="Test Cases/TotalPlay-Food/TC_12_Get_Basket_by_Id" time="16.933" classname="Test Cases/TotalPlay-Food/TC_12_Get_Basket_by_Id" status="PASSED">
         <system-out><![CDATA[03-09-2024T18:14:37 - [TEST_CASE][PASSED] - Test Cases/TotalPlay-Food/TC_12_Get_Basket_by_Id: Test Cases/TotalPlay-Food/TC_12_Get_Basket_by_Id

03-09-2024T18:14:39 - [TEST_STEP][PASSED] - callTestCase(findTestCase("TotalPlay-Food/TC_1_Login_Service"), [:], STOP_ON_FAILURE): Call Test Case 'Test Cases/TotalPlay-Food/TC_1_Login_Service' successfully

03-09-2024T18:14:39 - [MESSAGE][INFO] - Checking called Test Case

03-09-2024T18:14:39 - [MESSAGE][INFO] - Starting to call Test Case 'Test Cases/TotalPlay-Food/TC_1_Login_Service'

03-09-2024T18:14:39 - [TEST_CASE][PASSED] - Test Cases/TotalPlay-Food/TC_1_Login_Service: Test Cases/TotalPlay-Food/TC_1_Login_Service

03-09-2024T18:14:39 - [TEST_STEP][PASSED] - LoginResponse = sendRequest(findTestObject("TotalPlay-Food/getTokenDelivery", ["URL":URL])): Send request successfully

03-09-2024T18:14:39 - [MESSAGE][INFO] - Finding Test Object 'Object Repository/TotalPlay-Food/getTokenDelivery'

03-09-2024T18:14:39 - [MESSAGE][INFO] - Checking request object

03-09-2024T18:14:43 - [MESSAGE][INFO] - HAR: C:\Users\ShubhamKumarThakur\OneDrive - Kognivera\Documents\TotalPlay\totalplay-automation\Reports\20240903_181332\Food_Service_Normal_Flow_PlaceOrder\20240903_181332\requests\main\7.har

03-09-2024T18:14:43 - [MESSAGE][PASSED] - Send request successfully

03-09-2024T18:14:43 - [TEST_STEP][PASSED] - assert getResponseStatusCode(LoginResponse) == 200: Checking response object

03-09-2024T18:14:43 - [MESSAGE][INFO] - Checking response object

03-09-2024T18:14:43 - [TEST_STEP][PASSED] - Auth = "ocapiResponse.access_token": null

03-09-2024T18:14:43 - [TEST_STEP][PASSED] - FoodBascketId = "ocapiResponse.c_basketId_TP_FOOD": null

03-09-2024T18:14:43 - [TEST_STEP][PASSED] - FoodBasId = getElementPropertyValue(LoginResponse, FoodBascketId): Checking response object

03-09-2024T18:14:43 - [MESSAGE][INFO] - Checking response object

03-09-2024T18:14:43 - [TEST_STEP][PASSED] - sfccAuthorization = getElementPropertyValue(LoginResponse, Auth): Checking response object

03-09-2024T18:14:43 - [MESSAGE][INFO] - Checking response object

03-09-2024T18:14:43 - [TEST_STEP][PASSED] - Authorization = "Bearer " + sfccAuthorization: null

03-09-2024T18:14:43 - [TEST_STEP][PASSED] - FoodBasketId = FoodBasId: null

03-09-2024T18:14:43 - [TEST_STEP][PASSED] - logInfo(bm_auth_token): 

03-09-2024T18:14:43 - [MESSAGE][INFO] - 

03-09-2024T18:14:43 - [TEST_STEP][PASSED] - if (sfccAuthorization.length() == 0): null

03-09-2024T18:14:43 - [TEST_STEP][PASSED] - else: authorization generated

03-09-2024T18:14:43 - [TEST_STEP][PASSED] - markPassed("authorization generated"): authorization generated

03-09-2024T18:14:43 - [MESSAGE][PASSED] - authorization generated

03-09-2024T18:14:43 - [TEST_STEP][PASSED] - BasketId_loginResponse = "ocapiResponse.c_basketId": null

03-09-2024T18:14:43 - [TEST_STEP][PASSED] - CustomerId_loginResponse = "ocapiResponse.customer_id": null

03-09-2024T18:14:43 - [TEST_STEP][PASSED] - basketId = getElementPropertyValue(LoginResponse, BasketId_loginResponse): Checking response object

03-09-2024T18:14:43 - [MESSAGE][INFO] - Checking response object

03-09-2024T18:14:43 - [TEST_STEP][PASSED] - customerId = getElementPropertyValue(LoginResponse, CustomerId_loginResponse): Checking response object

03-09-2024T18:14:43 - [MESSAGE][INFO] - Checking response object

03-09-2024T18:14:43 - [TEST_STEP][PASSED] - basketID = basketId: null

03-09-2024T18:14:43 - [TEST_STEP][PASSED] - sla_customerId = customerId: null

03-09-2024T18:14:43 - [TEST_STEP][PASSED] - println(basketID): null

03-09-2024T18:14:43 - [TEST_STEP][PASSED] - println(sla_customerId): null

03-09-2024T18:14:43 - [TEST_STEP][PASSED] - refresh_token = "ocapiResponse.refresh_token": null

03-09-2024T18:14:43 - [TEST_STEP][PASSED] - customer_email = "ocapiResponse.customer_email": null

03-09-2024T18:14:43 - [TEST_STEP][PASSED] - c_brmId = "ocapiResponse.c_brmId": null

03-09-2024T18:14:43 - [TEST_STEP][PASSED] - customer_name = "ocapiResponse.customer_name": null

03-09-2024T18:14:43 - [TEST_STEP][PASSED] - totalplay.Common.verifyPropertyExist(LoginResponse, refresh_token): totalplay.Common.verifyPropertyExist is PASSED

03-09-2024T18:14:43 - [MESSAGE][INFO] - Checking response object

03-09-2024T18:14:43 - [MESSAGE][PASSED] - totalplay.Common.verifyPropertyExist is PASSED

03-09-2024T18:14:43 - [TEST_STEP][PASSED] - totalplay.Common.verifyPropertyValueExist(LoginResponse, refresh_token): totalplay.Common.verifyPropertyValueExist is PASSED

03-09-2024T18:14:43 - [MESSAGE][INFO] - Checking response object

03-09-2024T18:14:43 - [MESSAGE][INFO] - 43HWqa7RXtp569Y9-uPpiw9JOSn1eM3cXB-Jz0oKO5o

03-09-2024T18:14:43 - [MESSAGE][PASSED] - totalplay.Common.verifyPropertyValueExist is PASSED

03-09-2024T18:14:43 - [TEST_STEP][PASSED] - totalplay.Common.verifyPropertyExist(LoginResponse, customer_email): totalplay.Common.verifyPropertyExist is PASSED

03-09-2024T18:14:43 - [MESSAGE][INFO] - Checking response object

03-09-2024T18:14:43 - [MESSAGE][PASSED] - totalplay.Common.verifyPropertyExist is PASSED

03-09-2024T18:14:43 - [TEST_STEP][PASSED] - totalplay.Common.verifyPropertyValueExist(LoginResponse, customer_email): totalplay.Common.verifyPropertyValueExist is PASSED

03-09-2024T18:14:43 - [MESSAGE][INFO] - Checking response object

03-09-2024T18:14:43 - [MESSAGE][INFO] - cesar.waldo93@gmail.com

03-09-2024T18:14:43 - [MESSAGE][PASSED] - totalplay.Common.verifyPropertyValueExist is PASSED

03-09-2024T18:14:43 - [TEST_STEP][PASSED] - totalplay.Common.verifyPropertyExist(LoginResponse, customer_name): totalplay.Common.verifyPropertyExist is PASSED

03-09-2024T18:14:43 - [MESSAGE][INFO] - Checking response object

03-09-2024T18:14:43 - [MESSAGE][PASSED] - totalplay.Common.verifyPropertyExist is PASSED

03-09-2024T18:14:43 - [TEST_STEP][PASSED] - totalplay.Common.verifyPropertyValueExist(LoginResponse, customer_name): totalplay.Common.verifyPropertyValueExist is PASSED

03-09-2024T18:14:43 - [MESSAGE][INFO] - Checking response object

03-09-2024T18:14:43 - [MESSAGE][INFO] - CESAR GERARDO WALDO GONZALEZ

03-09-2024T18:14:43 - [MESSAGE][PASSED] - totalplay.Common.verifyPropertyValueExist is PASSED

03-09-2024T18:14:43 - [TEST_STEP][PASSED] - totalplay.Common.verifyPropertyExist(LoginResponse, c_brmId): totalplay.Common.verifyPropertyExist is PASSED

03-09-2024T18:14:43 - [MESSAGE][INFO] - Checking response object

03-09-2024T18:14:43 - [MESSAGE][PASSED] - totalplay.Common.verifyPropertyExist is PASSED

03-09-2024T18:14:43 - [TEST_STEP][PASSED] - totalplay.Common.verifyPropertyValueExist(LoginResponse, c_brmId): totalplay.Common.verifyPropertyValueExist is PASSED

03-09-2024T18:14:43 - [MESSAGE][INFO] - Checking response object

03-09-2024T18:14:43 - [MESSAGE][INFO] - 0106378356

03-09-2024T18:14:43 - [MESSAGE][PASSED] - totalplay.Common.verifyPropertyValueExist is PASSED

03-09-2024T18:14:43 - [MESSAGE][PASSED] - Call Test Case 'Test Cases/TotalPlay-Food/TC_1_Login_Service' successfully

03-09-2024T18:14:43 - [TEST_STEP][PASSED] - AddProductToBAsket = sendRequest(findTestObject("TotalPlay-Food/AddProductToBasket", ["URL":URL, "basketID":basketID])): Send request successfully

03-09-2024T18:14:43 - [MESSAGE][INFO] - Finding Test Object 'Object Repository/TotalPlay-Food/AddProductToBasket'

03-09-2024T18:14:44 - [MESSAGE][INFO] - Checking request object

03-09-2024T18:14:45 - [MESSAGE][INFO] - HAR: C:\Users\ShubhamKumarThakur\OneDrive - Kognivera\Documents\TotalPlay\totalplay-automation\Reports\20240903_181332\Food_Service_Normal_Flow_PlaceOrder\20240903_181332\requests\main\8.har

03-09-2024T18:14:45 - [MESSAGE][PASSED] - Send request successfully

03-09-2024T18:14:45 - [TEST_STEP][PASSED] - verifyResponseStatusCode(AddProductToBAsket, 200): Verify response status code successfully

03-09-2024T18:14:45 - [MESSAGE][INFO] - Checking response object

03-09-2024T18:14:45 - [MESSAGE][PASSED] - Verify response status code successfully

03-09-2024T18:14:45 - [TEST_STEP][PASSED] - product_productItemId = "product.productItemId": null

03-09-2024T18:14:45 - [TEST_STEP][PASSED] - Item_id = getElementPropertyValue(AddProductToBAsket, product_productItemId): Checking response object

03-09-2024T18:14:45 - [MESSAGE][INFO] - Checking response object

03-09-2024T18:14:45 - [TEST_STEP][PASSED] - GetBasket = sendRequest(findTestObject("TotalPlay-Food/getBasketById", ["URL":URL, "basketID":basketID])): Send request successfully

03-09-2024T18:14:45 - [MESSAGE][INFO] - Finding Test Object 'Object Repository/TotalPlay-Food/getBasketById'

03-09-2024T18:14:45 - [MESSAGE][INFO] - Checking request object

03-09-2024T18:14:45 - [MESSAGE][INFO] - HAR: C:\Users\ShubhamKumarThakur\OneDrive - Kognivera\Documents\TotalPlay\totalplay-automation\Reports\20240903_181332\Food_Service_Normal_Flow_PlaceOrder\20240903_181332\requests\main\9.har

03-09-2024T18:14:45 - [MESSAGE][PASSED] - Send request successfully

03-09-2024T18:14:45 - [TEST_STEP][PASSED] - verifyResponseStatusCode(GetBasket, 200): Verify response status code successfully

03-09-2024T18:14:45 - [MESSAGE][INFO] - Checking response object

03-09-2024T18:14:45 - [MESSAGE][PASSED] - Verify response status code successfully

03-09-2024T18:14:45 - [TEST_STEP][PASSED] - _v = "_v": null

03-09-2024T18:14:45 - [TEST_STEP][PASSED] - _type = "_type": null

03-09-2024T18:14:45 - [TEST_STEP][PASSED] - _resource_state = "_resource_state": null

03-09-2024T18:14:45 - [TEST_STEP][PASSED] - _flash_0__type = "_flash[0]._type": null

03-09-2024T18:14:45 - [TEST_STEP][PASSED] - _flash_0_type = "_flash[0].type": null

03-09-2024T18:14:45 - [TEST_STEP][PASSED] - _flash_0_message = "_flash[0].message": null

03-09-2024T18:14:45 - [TEST_STEP][PASSED] - _flash_0_path = "_flash[0].path": null

03-09-2024T18:14:45 - [TEST_STEP][PASSED] - adjusted_merchandize_total_tax = "adjusted_merchandize_total_tax": null

03-09-2024T18:14:45 - [TEST_STEP][PASSED] - adjusted_shipping_total_tax = "adjusted_shipping_total_tax": null

03-09-2024T18:14:45 - [TEST_STEP][PASSED] - agent_basket = "agent_basket": null

03-09-2024T18:14:45 - [TEST_STEP][PASSED] - basket_id = "basket_id": null

03-09-2024T18:14:45 - [TEST_STEP][PASSED] - channel_type = "channel_type": null

03-09-2024T18:14:45 - [TEST_STEP][PASSED] - creation_date = "creation_date": null

03-09-2024T18:14:45 - [TEST_STEP][PASSED] - currency = "currency": null

03-09-2024T18:14:45 - [TEST_STEP][PASSED] - customer_info__type = "customer_info._type": null

03-09-2024T18:14:45 - [TEST_STEP][PASSED] - customer_info_customer_id = "customer_info.customer_id": null

03-09-2024T18:14:45 - [TEST_STEP][PASSED] - customer_info_customer_no = "customer_info.customer_no": null

03-09-2024T18:14:45 - [TEST_STEP][PASSED] - customer_info_email = "customer_info.email": null

03-09-2024T18:14:45 - [TEST_STEP][PASSED] - last_modified = "last_modified": null

03-09-2024T18:14:45 - [TEST_STEP][PASSED] - merchandize_total_tax = "merchandize_total_tax": null

03-09-2024T18:14:45 - [TEST_STEP][PASSED] - notes__type = "notes._type": null

03-09-2024T18:14:45 - [TEST_STEP][PASSED] - notes_link = "notes.link": null

03-09-2024T18:14:45 - [TEST_STEP][PASSED] - order_total = "order_total": null

03-09-2024T18:14:45 - [TEST_STEP][PASSED] - product_items_0__type = "product_items[0]._type": null

03-09-2024T18:14:45 - [TEST_STEP][PASSED] - product_items_0_adjusted_tax = "product_items[0].adjusted_tax": null

03-09-2024T18:14:45 - [TEST_STEP][PASSED] - product_items_0_base_price = "product_items[0].base_price": null

03-09-2024T18:14:45 - [TEST_STEP][PASSED] - product_items_0_bonus_product_line_item = "product_items[0].bonus_product_line_item": null

03-09-2024T18:14:45 - [TEST_STEP][PASSED] - product_items_0_gift = "product_items[0].gift": null

03-09-2024T18:14:45 - [TEST_STEP][PASSED] - product_items_0_inventory_id = "product_items[0].inventory_id": null

03-09-2024T18:14:45 - [TEST_STEP][PASSED] - product_items_0_item_id = "product_items[0].item_id": null

03-09-2024T18:14:45 - [TEST_STEP][PASSED] - product_items_0_item_text = "product_items[0].item_text": null

03-09-2024T18:14:45 - [TEST_STEP][PASSED] - product_items_0_price = "product_items[0].price": null

03-09-2024T18:14:45 - [TEST_STEP][PASSED] - product_items_0_price_after_item_discount = "product_items[0].price_after_item_discount": null

03-09-2024T18:14:45 - [TEST_STEP][PASSED] - product_items_0_price_after_order_discount = "product_items[0].price_after_order_discount": null

03-09-2024T18:14:46 - [TEST_STEP][PASSED] - product_items_0_product_id = "product_items[0].product_id": null

03-09-2024T18:14:46 - [TEST_STEP][PASSED] - product_items_0_product_name = "product_items[0].product_name": null

03-09-2024T18:14:46 - [TEST_STEP][PASSED] - product_items_0_quantity = "product_items[0].quantity": null

03-09-2024T18:14:46 - [TEST_STEP][PASSED] - product_items_0_shipment_id = "product_items[0].shipment_id": null

03-09-2024T18:14:46 - [TEST_STEP][PASSED] - product_items_0_tax = "product_items[0].tax": null

03-09-2024T18:14:46 - [TEST_STEP][PASSED] - product_items_0_tax_basis = "product_items[0].tax_basis": null

03-09-2024T18:14:46 - [TEST_STEP][PASSED] - product_items_0_tax_class_id = "product_items[0].tax_class_id": null

03-09-2024T18:14:46 - [TEST_STEP][PASSED] - product_items_0_tax_rate = "product_items[0].tax_rate": null

03-09-2024T18:14:46 - [TEST_STEP][PASSED] - product_items_0_c_fromStoreId = "product_items[0].c_fromStoreId": null

03-09-2024T18:14:46 - [TEST_STEP][PASSED] - product_items_0_c_isOnDemandStoreItem = "product_items[0].c_isOnDemandStoreItem": null

03-09-2024T18:14:46 - [TEST_STEP][PASSED] - product_items_0_c_miraklChannels = "product_items[0].c_miraklChannels": null

03-09-2024T18:14:46 - [TEST_STEP][PASSED] - product_items_0_c_miraklOperatorProductId = "product_items[0].c_miraklOperatorProductId": null

03-09-2024T18:14:46 - [TEST_STEP][PASSED] - product_items_0_c_miraklShippingTaxes = "product_items[0].c_miraklShippingTaxes": null

03-09-2024T18:14:46 - [TEST_STEP][PASSED] - product_items_0_c_miraklTaxes = "product_items[0].c_miraklTaxes": null

03-09-2024T18:14:46 - [TEST_STEP][PASSED] - product_items_0_c_noOfPersons = "product_items[0].c_noOfPersons": null

03-09-2024T18:14:46 - [TEST_STEP][PASSED] - product_items_0_c_offerId = "product_items[0].c_offerId": null

03-09-2024T18:14:46 - [TEST_STEP][PASSED] - product_items_0_c_offerSalesPrice = "product_items[0].c_offerSalesPrice": null

03-09-2024T18:14:46 - [TEST_STEP][PASSED] - product_items_0_c_offerState = "product_items[0].c_offerState": null

03-09-2024T18:14:46 - [TEST_STEP][PASSED] - product_items_0_c_offerStateCode = "product_items[0].c_offerStateCode": null

03-09-2024T18:14:46 - [TEST_STEP][PASSED] - product_items_0_c_shopId = "product_items[0].c_shopId": null

03-09-2024T18:14:46 - [TEST_STEP][PASSED] - product_items_0_c_shopName = "product_items[0].c_shopName": null

03-09-2024T18:14:46 - [TEST_STEP][PASSED] - product_items_0_c_total_crossed_price = "product_items[0].c_total_crossed_price": null

03-09-2024T18:14:46 - [TEST_STEP][PASSED] - product_items_0_c_priceWithComplement = "product_items[0].c_priceWithComplement": null

03-09-2024T18:14:46 - [TEST_STEP][PASSED] - product_items_0_c_imagesData_large_0_alt = "product_items[0].c_imagesData.large[0].alt": null

03-09-2024T18:14:46 - [TEST_STEP][PASSED] - product_items_0_c_imagesData_large_0_url = "product_items[0].c_imagesData.large[0].url": null

03-09-2024T18:14:46 - [TEST_STEP][PASSED] - product_items_0_c_imagesData_large_0_title = "product_items[0].c_imagesData.large[0].title": null

03-09-2024T18:14:46 - [TEST_STEP][PASSED] - product_items_0_c_description = "product_items[0].c_description": null

03-09-2024T18:14:46 - [TEST_STEP][PASSED] - product_items_0_c_availableQty = "product_items[0].c_availableQty": null

03-09-2024T18:14:46 - [TEST_STEP][PASSED] - product_sub_total = "product_sub_total": null

03-09-2024T18:14:46 - [TEST_STEP][PASSED] - product_total = "product_total": null

03-09-2024T18:14:46 - [TEST_STEP][PASSED] - shipments_0__type = "shipments[0]._type": null

03-09-2024T18:14:46 - [TEST_STEP][PASSED] - shipments_0_adjusted_merchandize_total_tax = "shipments[0].adjusted_merchandize_total_tax": null

03-09-2024T18:14:46 - [TEST_STEP][PASSED] - shipments_0_adjusted_shipping_total_tax = "shipments[0].adjusted_shipping_total_tax": null

03-09-2024T18:14:46 - [TEST_STEP][PASSED] - shipments_0_gift = "shipments[0].gift": null

03-09-2024T18:14:46 - [TEST_STEP][PASSED] - shipments_0_merchandize_total_tax = "shipments[0].merchandize_total_tax": null

03-09-2024T18:14:46 - [TEST_STEP][PASSED] - shipments_0_product_sub_total = "shipments[0].product_sub_total": null

03-09-2024T18:14:46 - [TEST_STEP][PASSED] - shipments_0_product_total = "shipments[0].product_total": null

03-09-2024T18:14:46 - [TEST_STEP][PASSED] - shipments_0_shipment_id = "shipments[0].shipment_id": null

03-09-2024T18:14:46 - [TEST_STEP][PASSED] - shipments_0_shipment_total = "shipments[0].shipment_total": null

03-09-2024T18:14:46 - [TEST_STEP][PASSED] - shipments_0_shipping_method__type = "shipments[0].shipping_method._type": null

03-09-2024T18:14:46 - [TEST_STEP][PASSED] - shipments_0_shipping_method_description = "shipments[0].shipping_method.description": null

03-09-2024T18:14:46 - [TEST_STEP][PASSED] - shipments_0_shipping_method_id = "shipments[0].shipping_method.id": null

03-09-2024T18:14:46 - [TEST_STEP][PASSED] - shipments_0_shipping_method_name = "shipments[0].shipping_method.name": null

03-09-2024T18:14:46 - [TEST_STEP][PASSED] - shipments_0_shipping_method_c_estimatedArrivalTime = "shipments[0].shipping_method.c_estimatedArrivalTime": null

03-09-2024T18:14:46 - [TEST_STEP][PASSED] - shipments_0_shipping_method_c_storePickupEnabled = "shipments[0].shipping_method.c_storePickupEnabled": null

03-09-2024T18:14:46 - [TEST_STEP][PASSED] - shipments_0_shipping_status = "shipments[0].shipping_status": null

03-09-2024T18:14:46 - [TEST_STEP][PASSED] - shipments_0_shipping_total = "shipments[0].shipping_total": null

03-09-2024T18:14:46 - [TEST_STEP][PASSED] - shipments_0_shipping_total_tax = "shipments[0].shipping_total_tax": null

03-09-2024T18:14:46 - [TEST_STEP][PASSED] - shipments_0_tax_total = "shipments[0].tax_total": null

03-09-2024T18:14:46 - [TEST_STEP][PASSED] - shipments_0_c_totalShippingCost = "shipments[0].c_totalShippingCost": null

03-09-2024T18:14:46 - [TEST_STEP][PASSED] - shipping_items_0__type = "shipping_items[0]._type": null

03-09-2024T18:14:46 - [TEST_STEP][PASSED] - shipping_items_0_adjusted_tax = "shipping_items[0].adjusted_tax": null

03-09-2024T18:14:46 - [TEST_STEP][PASSED] - shipping_items_0_base_price = "shipping_items[0].base_price": null

03-09-2024T18:14:46 - [TEST_STEP][PASSED] - shipping_items_0_item_id = "shipping_items[0].item_id": null

03-09-2024T18:14:46 - [TEST_STEP][PASSED] - shipping_items_0_item_text = "shipping_items[0].item_text": null

03-09-2024T18:14:46 - [TEST_STEP][PASSED] - shipping_items_0_price = "shipping_items[0].price": null

03-09-2024T18:14:46 - [TEST_STEP][PASSED] - shipping_items_0_price_after_item_discount = "shipping_items[0].price_after_item_discount": null

03-09-2024T18:14:46 - [TEST_STEP][PASSED] - shipping_items_0_shipment_id = "shipping_items[0].shipment_id": null

03-09-2024T18:14:46 - [TEST_STEP][PASSED] - shipping_items_0_tax = "shipping_items[0].tax": null

03-09-2024T18:14:46 - [TEST_STEP][PASSED] - shipping_items_0_tax_basis = "shipping_items[0].tax_basis": null

03-09-2024T18:14:46 - [TEST_STEP][PASSED] - shipping_items_0_tax_class_id = "shipping_items[0].tax_class_id": null

03-09-2024T18:14:46 - [TEST_STEP][PASSED] - shipping_items_0_tax_rate = "shipping_items[0].tax_rate": null

03-09-2024T18:14:46 - [TEST_STEP][PASSED] - shipping_total = "shipping_total": null

03-09-2024T18:14:46 - [TEST_STEP][PASSED] - shipping_total_tax = "shipping_total_tax": null

03-09-2024T18:14:46 - [TEST_STEP][PASSED] - taxation = "taxation": null

03-09-2024T18:14:46 - [TEST_STEP][PASSED] - tax_total = "tax_total": null

03-09-2024T18:14:46 - [TEST_STEP][PASSED] - c_seller_id = "c_seller_id": null

03-09-2024T18:14:46 - [TEST_STEP][PASSED] - c_preferredAddress = "c_preferredAddress": null

03-09-2024T18:14:46 - [TEST_STEP][PASSED] - c_forceDeleteOndemand = "c_forceDeleteOndemand": null

03-09-2024T18:14:46 - [TEST_STEP][PASSED] - c_formatedserviceChargeTotalGrossPrice = "c_formatedserviceChargeTotalGrossPrice": null

03-09-2024T18:14:46 - [TEST_STEP][PASSED] - totalplay.Common.verifyPropertyExist(GetBasket, _v): totalplay.Common.verifyPropertyExist is PASSED

03-09-2024T18:14:46 - [MESSAGE][INFO] - Checking response object

03-09-2024T18:14:46 - [MESSAGE][PASSED] - totalplay.Common.verifyPropertyExist is PASSED

03-09-2024T18:14:46 - [TEST_STEP][PASSED] - totalplay.Common.verifyPropertyValueExist(GetBasket, _v): totalplay.Common.verifyPropertyValueExist is PASSED

03-09-2024T18:14:46 - [MESSAGE][INFO] - Checking response object

03-09-2024T18:14:46 - [MESSAGE][INFO] - 23.1

03-09-2024T18:14:46 - [MESSAGE][PASSED] - totalplay.Common.verifyPropertyValueExist is PASSED

03-09-2024T18:14:46 - [TEST_STEP][PASSED] - totalplay.Common.verifyPropertyExist(GetBasket, _type): totalplay.Common.verifyPropertyExist is PASSED

03-09-2024T18:14:46 - [MESSAGE][INFO] - Checking response object

03-09-2024T18:14:46 - [MESSAGE][PASSED] - totalplay.Common.verifyPropertyExist is PASSED

03-09-2024T18:14:46 - [TEST_STEP][PASSED] - totalplay.Common.verifyPropertyValueExist(GetBasket, _type): totalplay.Common.verifyPropertyValueExist is PASSED

03-09-2024T18:14:46 - [MESSAGE][INFO] - Checking response object

03-09-2024T18:14:46 - [MESSAGE][INFO] - basket

03-09-2024T18:14:46 - [MESSAGE][PASSED] - totalplay.Common.verifyPropertyValueExist is PASSED

03-09-2024T18:14:46 - [TEST_STEP][PASSED] - totalplay.Common.verifyPropertyExist(GetBasket, _resource_state): totalplay.Common.verifyPropertyExist is PASSED

03-09-2024T18:14:46 - [MESSAGE][INFO] - Checking response object

03-09-2024T18:14:46 - [MESSAGE][PASSED] - totalplay.Common.verifyPropertyExist is PASSED

03-09-2024T18:14:46 - [TEST_STEP][PASSED] - totalplay.Common.verifyPropertyValueExist(GetBasket, _resource_state): totalplay.Common.verifyPropertyValueExist is PASSED

03-09-2024T18:14:46 - [MESSAGE][INFO] - Checking response object

03-09-2024T18:14:46 - [MESSAGE][INFO] - 42c5a116092ade6ccbe95914253a331029e9c423150d6ae749ce44143a5b6e9e

03-09-2024T18:14:46 - [MESSAGE][PASSED] - totalplay.Common.verifyPropertyValueExist is PASSED

03-09-2024T18:14:46 - [TEST_STEP][PASSED] - totalplay.Common.getDecimalValueofObject(GetBasket, adjusted_merchandize_total_tax): totalplay.Common.getDecimalValueofObject is PASSED

03-09-2024T18:14:46 - [MESSAGE][INFO] - Checking response object

03-09-2024T18:14:46 - [MESSAGE][PASSED] - totalplay.Common.getDecimalValueofObject is PASSED

03-09-2024T18:14:46 - [TEST_STEP][PASSED] - totalplay.Common.getDecimalValueofObject(GetBasket, adjusted_shipping_total_tax): totalplay.Common.getDecimalValueofObject is PASSED

03-09-2024T18:14:46 - [MESSAGE][INFO] - Checking response object

03-09-2024T18:14:46 - [MESSAGE][PASSED] - totalplay.Common.getDecimalValueofObject is PASSED

03-09-2024T18:14:46 - [TEST_STEP][PASSED] - totalplay.Common.getBooleanValueofObject(GetBasket, agent_basket): totalplay.Common.getBooleanValueofObject is PASSED

03-09-2024T18:14:46 - [MESSAGE][INFO] - Checking response object

03-09-2024T18:14:47 - [MESSAGE][PASSED] - totalplay.Common.getBooleanValueofObject is PASSED

03-09-2024T18:14:47 - [TEST_STEP][PASSED] - totalplay.Common.verifyPropertyExist(GetBasket, basket_id): totalplay.Common.verifyPropertyExist is PASSED

03-09-2024T18:14:47 - [MESSAGE][INFO] - Checking response object

03-09-2024T18:14:47 - [MESSAGE][PASSED] - totalplay.Common.verifyPropertyExist is PASSED

03-09-2024T18:14:47 - [TEST_STEP][PASSED] - totalplay.Common.verifyPropertyValueExist(GetBasket, basket_id): totalplay.Common.verifyPropertyValueExist is PASSED

03-09-2024T18:14:47 - [MESSAGE][INFO] - Checking response object

03-09-2024T18:14:47 - [MESSAGE][INFO] - 3830ba289bef3ffe7031901a87

03-09-2024T18:14:47 - [MESSAGE][PASSED] - totalplay.Common.verifyPropertyValueExist is PASSED

03-09-2024T18:14:47 - [TEST_STEP][PASSED] - totalplay.Common.verifyPropertyExist(GetBasket, channel_type): totalplay.Common.verifyPropertyExist is PASSED

03-09-2024T18:14:47 - [MESSAGE][INFO] - Checking response object

03-09-2024T18:14:47 - [MESSAGE][PASSED] - totalplay.Common.verifyPropertyExist is PASSED

03-09-2024T18:14:47 - [TEST_STEP][PASSED] - totalplay.Common.verifyPropertyValueExist(GetBasket, channel_type): totalplay.Common.verifyPropertyValueExist is PASSED

03-09-2024T18:14:47 - [MESSAGE][INFO] - Checking response object

03-09-2024T18:14:47 - [MESSAGE][INFO] - storefront

03-09-2024T18:14:47 - [MESSAGE][PASSED] - totalplay.Common.verifyPropertyValueExist is PASSED

03-09-2024T18:14:47 - [TEST_STEP][PASSED] - totalplay.Common.verifyPropertyExist(GetBasket, creation_date): totalplay.Common.verifyPropertyExist is PASSED

03-09-2024T18:14:47 - [MESSAGE][INFO] - Checking response object

03-09-2024T18:14:47 - [MESSAGE][PASSED] - totalplay.Common.verifyPropertyExist is PASSED

03-09-2024T18:14:47 - [TEST_STEP][PASSED] - totalplay.Common.verifyPropertyValueExist(GetBasket, creation_date): totalplay.Common.verifyPropertyValueExist is PASSED

03-09-2024T18:14:47 - [MESSAGE][INFO] - Checking response object

03-09-2024T18:14:47 - [MESSAGE][INFO] - 2024-09-03T12:16:55.700Z

03-09-2024T18:14:47 - [MESSAGE][PASSED] - totalplay.Common.verifyPropertyValueExist is PASSED

03-09-2024T18:14:47 - [TEST_STEP][PASSED] - totalplay.Common.verifyPropertyExist(GetBasket, currency): totalplay.Common.verifyPropertyExist is PASSED

03-09-2024T18:14:47 - [MESSAGE][INFO] - Checking response object

03-09-2024T18:14:47 - [MESSAGE][PASSED] - totalplay.Common.verifyPropertyExist is PASSED

03-09-2024T18:14:47 - [TEST_STEP][PASSED] - totalplay.Common.verifyPropertyValueExist(GetBasket, currency): totalplay.Common.verifyPropertyValueExist is PASSED

03-09-2024T18:14:47 - [MESSAGE][INFO] - Checking response object

03-09-2024T18:14:47 - [MESSAGE][INFO] - MXN

03-09-2024T18:14:47 - [MESSAGE][PASSED] - totalplay.Common.verifyPropertyValueExist is PASSED

03-09-2024T18:14:47 - [TEST_STEP][PASSED] - totalplay.Common.verifyPropertyExist(GetBasket, customer_info__type): totalplay.Common.verifyPropertyExist is PASSED

03-09-2024T18:14:47 - [MESSAGE][INFO] - Checking response object

03-09-2024T18:14:47 - [MESSAGE][PASSED] - totalplay.Common.verifyPropertyExist is PASSED

03-09-2024T18:14:47 - [TEST_STEP][PASSED] - totalplay.Common.verifyPropertyValueExist(GetBasket, customer_info__type): totalplay.Common.verifyPropertyValueExist is PASSED

03-09-2024T18:14:47 - [MESSAGE][INFO] - Checking response object

03-09-2024T18:14:47 - [MESSAGE][INFO] - customer_info

03-09-2024T18:14:47 - [MESSAGE][PASSED] - totalplay.Common.verifyPropertyValueExist is PASSED

03-09-2024T18:14:47 - [TEST_STEP][PASSED] - totalplay.Common.verifyPropertyExist(GetBasket, customer_info_customer_id): totalplay.Common.verifyPropertyExist is PASSED

03-09-2024T18:14:47 - [MESSAGE][INFO] - Checking response object

03-09-2024T18:14:47 - [MESSAGE][PASSED] - totalplay.Common.verifyPropertyExist is PASSED

03-09-2024T18:14:47 - [TEST_STEP][PASSED] - totalplay.Common.verifyPropertyValueExist(GetBasket, customer_info_customer_id): totalplay.Common.verifyPropertyValueExist is PASSED

03-09-2024T18:14:47 - [MESSAGE][INFO] - Checking response object

03-09-2024T18:14:47 - [MESSAGE][INFO] - acTAcwrTj6ECo7V8WDIa5leqor

03-09-2024T18:14:47 - [MESSAGE][PASSED] - totalplay.Common.verifyPropertyValueExist is PASSED

03-09-2024T18:14:47 - [TEST_STEP][PASSED] - totalplay.Common.verifyPropertyExist(GetBasket, customer_info_customer_no): totalplay.Common.verifyPropertyExist is PASSED

03-09-2024T18:14:47 - [MESSAGE][INFO] - Checking response object

03-09-2024T18:14:48 - [MESSAGE][PASSED] - totalplay.Common.verifyPropertyExist is PASSED

03-09-2024T18:14:48 - [TEST_STEP][PASSED] - totalplay.Common.verifyPropertyValueExist(GetBasket, customer_info_customer_no): totalplay.Common.verifyPropertyValueExist is PASSED

03-09-2024T18:14:48 - [MESSAGE][INFO] - Checking response object

03-09-2024T18:14:48 - [MESSAGE][INFO] - 00012002

03-09-2024T18:14:48 - [MESSAGE][PASSED] - totalplay.Common.verifyPropertyValueExist is PASSED

03-09-2024T18:14:48 - [TEST_STEP][PASSED] - totalplay.Common.verifyPropertyExist(GetBasket, customer_info_email): totalplay.Common.verifyPropertyExist is PASSED

03-09-2024T18:14:48 - [MESSAGE][INFO] - Checking response object

03-09-2024T18:14:48 - [MESSAGE][PASSED] - totalplay.Common.verifyPropertyExist is PASSED

03-09-2024T18:14:48 - [TEST_STEP][PASSED] - totalplay.Common.verifyPropertyValueExist(GetBasket, customer_info_email): totalplay.Common.verifyPropertyValueExist is PASSED

03-09-2024T18:14:48 - [MESSAGE][INFO] - Checking response object

03-09-2024T18:14:48 - [MESSAGE][INFO] - cesar.waldo93@gmail.com

03-09-2024T18:14:48 - [MESSAGE][PASSED] - totalplay.Common.verifyPropertyValueExist is PASSED

03-09-2024T18:14:48 - [TEST_STEP][PASSED] - totalplay.Common.verifyPropertyExist(GetBasket, last_modified): totalplay.Common.verifyPropertyExist is PASSED

03-09-2024T18:14:48 - [MESSAGE][INFO] - Checking response object

03-09-2024T18:14:48 - [MESSAGE][PASSED] - totalplay.Common.verifyPropertyExist is PASSED

03-09-2024T18:14:48 - [TEST_STEP][PASSED] - totalplay.Common.verifyPropertyValueExist(GetBasket, last_modified): totalplay.Common.verifyPropertyValueExist is PASSED

03-09-2024T18:14:48 - [MESSAGE][INFO] - Checking response object

03-09-2024T18:14:48 - [MESSAGE][INFO] - 2024-09-03T12:44:45.093Z

03-09-2024T18:14:48 - [MESSAGE][PASSED] - totalplay.Common.verifyPropertyValueExist is PASSED

03-09-2024T18:14:48 - [TEST_STEP][PASSED] - totalplay.Common.getDecimalValueofObject(GetBasket, merchandize_total_tax): totalplay.Common.getDecimalValueofObject is PASSED

03-09-2024T18:14:48 - [MESSAGE][INFO] - Checking response object

03-09-2024T18:14:48 - [MESSAGE][PASSED] - totalplay.Common.getDecimalValueofObject is PASSED

03-09-2024T18:14:48 - [TEST_STEP][PASSED] - totalplay.Common.verifyPropertyExist(GetBasket, notes__type): totalplay.Common.verifyPropertyExist is PASSED

03-09-2024T18:14:48 - [MESSAGE][INFO] - Checking response object

03-09-2024T18:14:48 - [MESSAGE][PASSED] - totalplay.Common.verifyPropertyExist is PASSED

03-09-2024T18:14:48 - [TEST_STEP][PASSED] - totalplay.Common.verifyPropertyValueExist(GetBasket, notes__type): totalplay.Common.verifyPropertyValueExist is PASSED

03-09-2024T18:14:48 - [MESSAGE][INFO] - Checking response object

03-09-2024T18:14:48 - [MESSAGE][INFO] - simple_link

03-09-2024T18:14:48 - [MESSAGE][PASSED] - totalplay.Common.verifyPropertyValueExist is PASSED

03-09-2024T18:14:48 - [TEST_STEP][PASSED] - totalplay.Common.verifyPropertyExist(GetBasket, notes_link): totalplay.Common.verifyPropertyExist is PASSED

03-09-2024T18:14:48 - [MESSAGE][INFO] - Checking response object

03-09-2024T18:14:48 - [MESSAGE][PASSED] - totalplay.Common.verifyPropertyExist is PASSED

03-09-2024T18:14:48 - [TEST_STEP][PASSED] - totalplay.Common.verifyPropertyValueExist(GetBasket, notes_link): totalplay.Common.verifyPropertyValueExist is PASSED

03-09-2024T18:14:48 - [MESSAGE][INFO] - Checking response object

03-09-2024T18:14:48 - [MESSAGE][INFO] - https://salesforceqa.sistemastp.com.mx/s/TP-FOOD/dw/shop/v23_1/baskets/3830ba289bef3ffe7031901a87/notes

03-09-2024T18:14:48 - [MESSAGE][PASSED] - totalplay.Common.verifyPropertyValueExist is PASSED

03-09-2024T18:14:48 - [TEST_STEP][PASSED] - totalplay.Common.getDecimalValueofObject(GetBasket, order_total): totalplay.Common.getDecimalValueofObject is PASSED

03-09-2024T18:14:48 - [MESSAGE][INFO] - Checking response object

03-09-2024T18:14:48 - [MESSAGE][PASSED] - totalplay.Common.getDecimalValueofObject is PASSED

03-09-2024T18:14:48 - [TEST_STEP][PASSED] - totalplay.Common.verifyPropertyExist(GetBasket, product_items_0__type): totalplay.Common.verifyPropertyExist is PASSED

03-09-2024T18:14:48 - [MESSAGE][INFO] - Checking response object

03-09-2024T18:14:48 - [MESSAGE][PASSED] - totalplay.Common.verifyPropertyExist is PASSED

03-09-2024T18:14:48 - [TEST_STEP][PASSED] - totalplay.Common.verifyPropertyValueExist(GetBasket, product_items_0__type): totalplay.Common.verifyPropertyValueExist is PASSED

03-09-2024T18:14:48 - [MESSAGE][INFO] - Checking response object

03-09-2024T18:14:48 - [MESSAGE][INFO] - product_item

03-09-2024T18:14:48 - [MESSAGE][PASSED] - totalplay.Common.verifyPropertyValueExist is PASSED

03-09-2024T18:14:48 - [TEST_STEP][PASSED] - totalplay.Common.getDecimalValueofObject(GetBasket, product_items_0_adjusted_tax): totalplay.Common.getDecimalValueofObject is PASSED

03-09-2024T18:14:48 - [MESSAGE][INFO] - Checking response object

03-09-2024T18:14:48 - [MESSAGE][PASSED] - totalplay.Common.getDecimalValueofObject is PASSED

03-09-2024T18:14:48 - [TEST_STEP][PASSED] - totalplay.Common.getDecimalValueofObject(GetBasket, product_items_0_base_price): totalplay.Common.getDecimalValueofObject is PASSED

03-09-2024T18:14:48 - [MESSAGE][INFO] - Checking response object

03-09-2024T18:14:48 - [MESSAGE][PASSED] - totalplay.Common.getDecimalValueofObject is PASSED

03-09-2024T18:14:48 - [TEST_STEP][PASSED] - totalplay.Common.getBooleanValueofObject(GetBasket, product_items_0_bonus_product_line_item): totalplay.Common.getBooleanValueofObject is PASSED

03-09-2024T18:14:48 - [MESSAGE][INFO] - Checking response object

03-09-2024T18:14:49 - [MESSAGE][PASSED] - totalplay.Common.getBooleanValueofObject is PASSED

03-09-2024T18:14:49 - [TEST_STEP][PASSED] - totalplay.Common.getBooleanValueofObject(GetBasket, product_items_0_gift): totalplay.Common.getBooleanValueofObject is PASSED

03-09-2024T18:14:49 - [MESSAGE][INFO] - Checking response object

03-09-2024T18:14:49 - [MESSAGE][PASSED] - totalplay.Common.getBooleanValueofObject is PASSED

03-09-2024T18:14:49 - [TEST_STEP][PASSED] - totalplay.Common.verifyPropertyExist(GetBasket, product_items_0_inventory_id): totalplay.Common.verifyPropertyExist is PASSED

03-09-2024T18:14:49 - [MESSAGE][INFO] - Checking response object

03-09-2024T18:14:49 - [MESSAGE][PASSED] - totalplay.Common.verifyPropertyExist is PASSED

03-09-2024T18:14:49 - [TEST_STEP][PASSED] - totalplay.Common.verifyPropertyValueExist(GetBasket, product_items_0_inventory_id): totalplay.Common.verifyPropertyValueExist is PASSED

03-09-2024T18:14:49 - [MESSAGE][INFO] - Checking response object

03-09-2024T18:14:49 - [MESSAGE][INFO] - inventory_m_food_mirakl

03-09-2024T18:14:49 - [MESSAGE][PASSED] - totalplay.Common.verifyPropertyValueExist is PASSED

03-09-2024T18:14:49 - [TEST_STEP][PASSED] - totalplay.Common.verifyPropertyExist(GetBasket, product_items_0_item_id): totalplay.Common.verifyPropertyExist is PASSED

03-09-2024T18:14:49 - [MESSAGE][INFO] - Checking response object

03-09-2024T18:14:49 - [MESSAGE][PASSED] - totalplay.Common.verifyPropertyExist is PASSED

03-09-2024T18:14:49 - [TEST_STEP][PASSED] - totalplay.Common.verifyPropertyValueExist(GetBasket, product_items_0_item_id): totalplay.Common.verifyPropertyValueExist is PASSED

03-09-2024T18:14:49 - [MESSAGE][INFO] - Checking response object

03-09-2024T18:14:49 - [MESSAGE][INFO] - 1c753df17b3d116743d73ce1fb

03-09-2024T18:14:49 - [MESSAGE][PASSED] - totalplay.Common.verifyPropertyValueExist is PASSED

03-09-2024T18:14:49 - [TEST_STEP][PASSED] - totalplay.Common.verifyPropertyExist(GetBasket, product_items_0_item_text): totalplay.Common.verifyPropertyExist is PASSED

03-09-2024T18:14:49 - [MESSAGE][INFO] - Checking response object

03-09-2024T18:14:49 - [MESSAGE][PASSED] - totalplay.Common.verifyPropertyExist is PASSED

03-09-2024T18:14:49 - [TEST_STEP][PASSED] - totalplay.Common.verifyPropertyValueExist(GetBasket, product_items_0_item_text): totalplay.Common.verifyPropertyValueExist is PASSED

03-09-2024T18:14:49 - [MESSAGE][INFO] - Checking response object

03-09-2024T18:14:49 - [MESSAGE][INFO] - Orden de Maciza (100 g)

03-09-2024T18:14:49 - [MESSAGE][PASSED] - totalplay.Common.verifyPropertyValueExist is PASSED

03-09-2024T18:14:49 - [TEST_STEP][PASSED] - totalplay.Common.getDecimalValueofObject(GetBasket, product_items_0_price): totalplay.Common.getDecimalValueofObject is PASSED

03-09-2024T18:14:49 - [MESSAGE][INFO] - Checking response object

03-09-2024T18:14:49 - [MESSAGE][PASSED] - totalplay.Common.getDecimalValueofObject is PASSED

03-09-2024T18:14:49 - [TEST_STEP][PASSED] - totalplay.Common.getDecimalValueofObject(GetBasket, product_items_0_price_after_item_discount): totalplay.Common.getDecimalValueofObject is PASSED

03-09-2024T18:14:49 - [MESSAGE][INFO] - Checking response object

03-09-2024T18:14:49 - [MESSAGE][PASSED] - totalplay.Common.getDecimalValueofObject is PASSED

03-09-2024T18:14:49 - [TEST_STEP][PASSED] - totalplay.Common.getDecimalValueofObject(GetBasket, product_items_0_price_after_order_discount): totalplay.Common.getDecimalValueofObject is PASSED

03-09-2024T18:14:49 - [MESSAGE][INFO] - Checking response object

03-09-2024T18:14:49 - [MESSAGE][PASSED] - totalplay.Common.getDecimalValueofObject is PASSED

03-09-2024T18:14:49 - [TEST_STEP][PASSED] - totalplay.Common.verifyPropertyExist(GetBasket, product_items_0_product_id): totalplay.Common.verifyPropertyExist is PASSED

03-09-2024T18:14:49 - [MESSAGE][INFO] - Checking response object

03-09-2024T18:14:49 - [MESSAGE][PASSED] - totalplay.Common.verifyPropertyExist is PASSED

03-09-2024T18:14:49 - [TEST_STEP][PASSED] - totalplay.Common.verifyPropertyValueExist(GetBasket, product_items_0_product_id): totalplay.Common.verifyPropertyValueExist is PASSED

03-09-2024T18:14:49 - [MESSAGE][INFO] - Checking response object

03-09-2024T18:14:49 - [MESSAGE][INFO] - C828554986

03-09-2024T18:14:49 - [MESSAGE][PASSED] - totalplay.Common.verifyPropertyValueExist is PASSED

03-09-2024T18:14:49 - [TEST_STEP][PASSED] - totalplay.Common.verifyPropertyExist(GetBasket, product_items_0_product_name): totalplay.Common.verifyPropertyExist is PASSED

03-09-2024T18:14:49 - [MESSAGE][INFO] - Checking response object

03-09-2024T18:14:49 - [MESSAGE][PASSED] - totalplay.Common.verifyPropertyExist is PASSED

03-09-2024T18:14:49 - [TEST_STEP][PASSED] - totalplay.Common.verifyPropertyValueExist(GetBasket, product_items_0_product_name): totalplay.Common.verifyPropertyValueExist is PASSED

03-09-2024T18:14:49 - [MESSAGE][INFO] - Checking response object

03-09-2024T18:14:49 - [MESSAGE][INFO] - Orden de Maciza (100 g)

03-09-2024T18:14:49 - [MESSAGE][PASSED] - totalplay.Common.verifyPropertyValueExist is PASSED

03-09-2024T18:14:49 - [TEST_STEP][PASSED] - totalplay.Common.getNumValueofObject(GetBasket, product_items_0_quantity): totalplay.Common.getNumValueofObject is PASSED

03-09-2024T18:14:49 - [MESSAGE][INFO] - Checking response object

03-09-2024T18:14:49 - [MESSAGE][PASSED] - totalplay.Common.getNumValueofObject is PASSED

03-09-2024T18:14:49 - [TEST_STEP][PASSED] - totalplay.Common.verifyPropertyExist(GetBasket, product_items_0_shipment_id): totalplay.Common.verifyPropertyExist is PASSED

03-09-2024T18:14:49 - [MESSAGE][INFO] - Checking response object

03-09-2024T18:14:49 - [MESSAGE][PASSED] - totalplay.Common.verifyPropertyExist is PASSED

03-09-2024T18:14:49 - [TEST_STEP][PASSED] - totalplay.Common.verifyPropertyValueExist(GetBasket, product_items_0_shipment_id): totalplay.Common.verifyPropertyValueExist is PASSED

03-09-2024T18:14:49 - [MESSAGE][INFO] - Checking response object

03-09-2024T18:14:49 - [MESSAGE][INFO] - me

03-09-2024T18:14:49 - [MESSAGE][PASSED] - totalplay.Common.verifyPropertyValueExist is PASSED

03-09-2024T18:14:49 - [TEST_STEP][PASSED] - totalplay.Common.getDecimalValueofObject(GetBasket, product_items_0_tax): totalplay.Common.getDecimalValueofObject is PASSED

03-09-2024T18:14:49 - [MESSAGE][INFO] - Checking response object

03-09-2024T18:14:49 - [MESSAGE][PASSED] - totalplay.Common.getDecimalValueofObject is PASSED

03-09-2024T18:14:49 - [TEST_STEP][PASSED] - totalplay.Common.getDecimalValueofObject(GetBasket, product_items_0_tax_basis): totalplay.Common.getDecimalValueofObject is PASSED

03-09-2024T18:14:49 - [MESSAGE][INFO] - Checking response object

03-09-2024T18:14:49 - [MESSAGE][PASSED] - totalplay.Common.getDecimalValueofObject is PASSED

03-09-2024T18:14:49 - [TEST_STEP][PASSED] - totalplay.Common.verifyPropertyExist(GetBasket, product_items_0_tax_class_id): totalplay.Common.verifyPropertyExist is PASSED

03-09-2024T18:14:49 - [MESSAGE][INFO] - Checking response object

03-09-2024T18:14:49 - [MESSAGE][PASSED] - totalplay.Common.verifyPropertyExist is PASSED

03-09-2024T18:14:49 - [TEST_STEP][PASSED] - totalplay.Common.verifyPropertyValueExist(GetBasket, product_items_0_tax_class_id): totalplay.Common.verifyPropertyValueExist is PASSED

03-09-2024T18:14:49 - [MESSAGE][INFO] - Checking response object

03-09-2024T18:14:49 - [MESSAGE][INFO] - product_zero_tax

03-09-2024T18:14:50 - [MESSAGE][PASSED] - totalplay.Common.verifyPropertyValueExist is PASSED

03-09-2024T18:14:50 - [TEST_STEP][PASSED] - totalplay.Common.getDecimalValueofObject(GetBasket, product_items_0_tax_rate): totalplay.Common.getDecimalValueofObject is PASSED

03-09-2024T18:14:50 - [MESSAGE][INFO] - Checking response object

03-09-2024T18:14:50 - [MESSAGE][PASSED] - totalplay.Common.getDecimalValueofObject is PASSED

03-09-2024T18:14:50 - [TEST_STEP][PASSED] - totalplay.Common.verifyPropertyExist(GetBasket, product_items_0_c_fromStoreId): totalplay.Common.verifyPropertyExist is PASSED

03-09-2024T18:14:50 - [MESSAGE][INFO] - Checking response object

03-09-2024T18:14:50 - [MESSAGE][PASSED] - totalplay.Common.verifyPropertyExist is PASSED

03-09-2024T18:14:50 - [TEST_STEP][PASSED] - totalplay.Common.verifyPropertyValueExist(GetBasket, product_items_0_c_fromStoreId): totalplay.Common.verifyPropertyValueExist is PASSED

03-09-2024T18:14:50 - [MESSAGE][INFO] - Checking response object

03-09-2024T18:14:50 - [MESSAGE][INFO] - 4158

03-09-2024T18:14:50 - [MESSAGE][PASSED] - totalplay.Common.verifyPropertyValueExist is PASSED

03-09-2024T18:14:50 - [TEST_STEP][PASSED] - totalplay.Common.getBooleanValueofObject(GetBasket, product_items_0_c_isOnDemandStoreItem): totalplay.Common.getBooleanValueofObject is PASSED

03-09-2024T18:14:50 - [MESSAGE][INFO] - Checking response object

03-09-2024T18:14:50 - [MESSAGE][PASSED] - totalplay.Common.getBooleanValueofObject is PASSED

03-09-2024T18:14:50 - [TEST_STEP][PASSED] - totalplay.Common.verifyPropertyExist(GetBasket, product_items_0_c_miraklChannels): totalplay.Common.verifyPropertyExist is PASSED

03-09-2024T18:14:50 - [MESSAGE][INFO] - Checking response object

03-09-2024T18:14:50 - [MESSAGE][PASSED] - totalplay.Common.verifyPropertyExist is PASSED

03-09-2024T18:14:50 - [TEST_STEP][PASSED] - totalplay.Common.verifyPropertyValueExist(GetBasket, product_items_0_c_miraklChannels): totalplay.Common.verifyPropertyValueExist is PASSED

03-09-2024T18:14:50 - [MESSAGE][INFO] - Checking response object

03-09-2024T18:14:50 - [MESSAGE][INFO] - ["INIT"]

03-09-2024T18:14:50 - [MESSAGE][PASSED] - totalplay.Common.verifyPropertyValueExist is PASSED

03-09-2024T18:14:50 - [TEST_STEP][PASSED] - totalplay.Common.verifyPropertyExist(GetBasket, product_items_0_c_miraklOperatorProductId): totalplay.Common.verifyPropertyExist is PASSED

03-09-2024T18:14:50 - [MESSAGE][INFO] - Checking response object

03-09-2024T18:14:50 - [MESSAGE][PASSED] - totalplay.Common.verifyPropertyExist is PASSED

03-09-2024T18:14:50 - [TEST_STEP][PASSED] - totalplay.Common.verifyPropertyValueExist(GetBasket, product_items_0_c_miraklOperatorProductId): totalplay.Common.verifyPropertyValueExist is PASSED

03-09-2024T18:14:50 - [MESSAGE][INFO] - Checking response object

03-09-2024T18:14:50 - [MESSAGE][INFO] - C828554986

03-09-2024T18:14:50 - [MESSAGE][PASSED] - totalplay.Common.verifyPropertyValueExist is PASSED

03-09-2024T18:14:50 - [TEST_STEP][PASSED] - totalplay.Common.verifyPropertyExist(GetBasket, product_items_0_c_miraklShippingTaxes): totalplay.Common.verifyPropertyExist is PASSED

03-09-2024T18:14:50 - [MESSAGE][INFO] - Checking response object

03-09-2024T18:14:50 - [MESSAGE][PASSED] - totalplay.Common.verifyPropertyExist is PASSED

03-09-2024T18:14:50 - [TEST_STEP][PASSED] - totalplay.Common.verifyPropertyValueExist(GetBasket, product_items_0_c_miraklShippingTaxes): totalplay.Common.verifyPropertyValueExist is PASSED

03-09-2024T18:14:50 - [MESSAGE][INFO] - Checking response object

03-09-2024T18:14:50 - [MESSAGE][INFO] - [{"amount":0,"type":"product_zero_tax","isTaxRate":true,"rate":0}]

03-09-2024T18:14:50 - [MESSAGE][PASSED] - totalplay.Common.verifyPropertyValueExist is PASSED

03-09-2024T18:14:50 - [TEST_STEP][PASSED] - totalplay.Common.verifyPropertyExist(GetBasket, product_items_0_c_miraklTaxes): totalplay.Common.verifyPropertyExist is PASSED

03-09-2024T18:14:50 - [MESSAGE][INFO] - Checking response object

03-09-2024T18:14:50 - [MESSAGE][PASSED] - totalplay.Common.verifyPropertyExist is PASSED

03-09-2024T18:14:50 - [TEST_STEP][PASSED] - totalplay.Common.verifyPropertyValueExist(GetBasket, product_items_0_c_miraklTaxes): totalplay.Common.verifyPropertyValueExist is PASSED

03-09-2024T18:14:50 - [MESSAGE][INFO] - Checking response object

03-09-2024T18:14:50 - [MESSAGE][INFO] - [{"amount":0,"type":"product_zero_tax","isTaxRate":true,"rate":0}]

03-09-2024T18:14:50 - [MESSAGE][PASSED] - totalplay.Common.verifyPropertyValueExist is PASSED

03-09-2024T18:14:50 - [TEST_STEP][PASSED] - totalplay.Common.getNumValueofObject(GetBasket, product_items_0_c_noOfPersons): totalplay.Common.getNumValueofObject is PASSED

03-09-2024T18:14:50 - [MESSAGE][INFO] - Checking response object

03-09-2024T18:14:50 - [MESSAGE][PASSED] - totalplay.Common.getNumValueofObject is PASSED

03-09-2024T18:14:50 - [TEST_STEP][PASSED] - totalplay.Common.verifyPropertyExist(GetBasket, product_items_0_c_offerId): totalplay.Common.verifyPropertyExist is PASSED

03-09-2024T18:14:50 - [MESSAGE][INFO] - Checking response object

03-09-2024T18:14:50 - [MESSAGE][PASSED] - totalplay.Common.verifyPropertyExist is PASSED

03-09-2024T18:14:50 - [TEST_STEP][PASSED] - totalplay.Common.verifyPropertyValueExist(GetBasket, product_items_0_c_offerId): totalplay.Common.verifyPropertyValueExist is PASSED

03-09-2024T18:14:50 - [MESSAGE][INFO] - Checking response object

03-09-2024T18:14:50 - [MESSAGE][INFO] - 541185

03-09-2024T18:14:50 - [MESSAGE][PASSED] - totalplay.Common.verifyPropertyValueExist is PASSED

03-09-2024T18:14:50 - [TEST_STEP][PASSED] - totalplay.Common.getDecimalValueofObject(GetBasket, product_items_0_c_offerSalesPrice): totalplay.Common.getDecimalValueofObject is PASSED

03-09-2024T18:14:50 - [MESSAGE][INFO] - Checking response object

03-09-2024T18:14:50 - [MESSAGE][PASSED] - totalplay.Common.getDecimalValueofObject is PASSED

03-09-2024T18:14:50 - [TEST_STEP][PASSED] - totalplay.Common.verifyPropertyExist(GetBasket, product_items_0_c_offerState): totalplay.Common.verifyPropertyExist is PASSED

03-09-2024T18:14:50 - [MESSAGE][INFO] - Checking response object

03-09-2024T18:14:50 - [MESSAGE][PASSED] - totalplay.Common.verifyPropertyExist is PASSED

03-09-2024T18:14:50 - [TEST_STEP][PASSED] - totalplay.Common.verifyPropertyValueExist(GetBasket, product_items_0_c_offerState): totalplay.Common.verifyPropertyValueExist is PASSED

03-09-2024T18:14:50 - [MESSAGE][INFO] - Checking response object

03-09-2024T18:14:50 - [MESSAGE][INFO] - Nuevo

03-09-2024T18:14:50 - [MESSAGE][PASSED] - totalplay.Common.verifyPropertyValueExist is PASSED

03-09-2024T18:14:50 - [TEST_STEP][PASSED] - totalplay.Common.verifyPropertyExist(GetBasket, product_items_0_c_offerStateCode): totalplay.Common.verifyPropertyExist is PASSED

03-09-2024T18:14:50 - [MESSAGE][INFO] - Checking response object

03-09-2024T18:14:50 - [MESSAGE][PASSED] - totalplay.Common.verifyPropertyExist is PASSED

03-09-2024T18:14:50 - [TEST_STEP][PASSED] - totalplay.Common.verifyPropertyValueExist(GetBasket, product_items_0_c_offerStateCode): totalplay.Common.verifyPropertyValueExist is PASSED

03-09-2024T18:14:50 - [MESSAGE][INFO] - Checking response object

03-09-2024T18:14:50 - [MESSAGE][INFO] - 11

03-09-2024T18:14:50 - [MESSAGE][PASSED] - totalplay.Common.verifyPropertyValueExist is PASSED

03-09-2024T18:14:50 - [TEST_STEP][PASSED] - totalplay.Common.verifyPropertyExist(GetBasket, product_items_0_c_shopId): totalplay.Common.verifyPropertyExist is PASSED

03-09-2024T18:14:50 - [MESSAGE][INFO] - Checking response object

03-09-2024T18:14:50 - [MESSAGE][PASSED] - totalplay.Common.verifyPropertyExist is PASSED

03-09-2024T18:14:50 - [TEST_STEP][PASSED] - totalplay.Common.verifyPropertyValueExist(GetBasket, product_items_0_c_shopId): totalplay.Common.verifyPropertyValueExist is PASSED

03-09-2024T18:14:50 - [MESSAGE][INFO] - Checking response object

03-09-2024T18:14:50 - [MESSAGE][INFO] - 4158

03-09-2024T18:14:50 - [MESSAGE][PASSED] - totalplay.Common.verifyPropertyValueExist is PASSED

03-09-2024T18:14:50 - [TEST_STEP][PASSED] - totalplay.Common.verifyPropertyExist(GetBasket, product_items_0_c_shopName): totalplay.Common.verifyPropertyExist is PASSED

03-09-2024T18:14:50 - [MESSAGE][INFO] - Checking response object

03-09-2024T18:14:50 - [MESSAGE][PASSED] - totalplay.Common.verifyPropertyExist is PASSED

03-09-2024T18:14:50 - [TEST_STEP][PASSED] - totalplay.Common.verifyPropertyValueExist(GetBasket, product_items_0_c_shopName): totalplay.Common.verifyPropertyValueExist is PASSED

03-09-2024T18:14:50 - [MESSAGE][INFO] - Checking response object

03-09-2024T18:14:51 - [MESSAGE][INFO] - La Casa De Toño Polanco

03-09-2024T18:14:51 - [MESSAGE][PASSED] - totalplay.Common.verifyPropertyValueExist is PASSED

03-09-2024T18:14:51 - [TEST_STEP][PASSED] - totalplay.Common.getDecimalValueofObject(GetBasket, product_items_0_c_total_crossed_price): totalplay.Common.getDecimalValueofObject is PASSED

03-09-2024T18:14:51 - [MESSAGE][INFO] - Checking response object

03-09-2024T18:14:51 - [MESSAGE][PASSED] - totalplay.Common.getDecimalValueofObject is PASSED

03-09-2024T18:14:51 - [TEST_STEP][PASSED] - totalplay.Common.getDecimalValueofObject(GetBasket, product_items_0_c_priceWithComplement): totalplay.Common.getDecimalValueofObject is PASSED

03-09-2024T18:14:51 - [MESSAGE][INFO] - Checking response object

03-09-2024T18:14:51 - [MESSAGE][PASSED] - totalplay.Common.getDecimalValueofObject is PASSED

03-09-2024T18:14:51 - [TEST_STEP][PASSED] - totalplay.Common.verifyPropertyExist(GetBasket, product_items_0_c_imagesData_large_0_alt): totalplay.Common.verifyPropertyExist is PASSED

03-09-2024T18:14:51 - [MESSAGE][INFO] - Checking response object

03-09-2024T18:14:51 - [MESSAGE][PASSED] - totalplay.Common.verifyPropertyExist is PASSED

03-09-2024T18:14:51 - [TEST_STEP][PASSED] - totalplay.Common.verifyPropertyValueExist(GetBasket, product_items_0_c_imagesData_large_0_alt): totalplay.Common.verifyPropertyValueExist is PASSED

03-09-2024T18:14:51 - [MESSAGE][INFO] - Checking response object

03-09-2024T18:14:51 - [MESSAGE][INFO] - Orden de Maciza (100 g)

03-09-2024T18:14:51 - [MESSAGE][PASSED] - totalplay.Common.verifyPropertyValueExist is PASSED

03-09-2024T18:14:51 - [TEST_STEP][PASSED] - totalplay.Common.verifyPropertyValueEmptyString(GetBasket, product_items_0_c_imagesData_large_0_url): totalplay.Common.verifyPropertyValueEmptyString is PASSED

03-09-2024T18:14:51 - [MESSAGE][INFO] - Checking response object

03-09-2024T18:14:51 - [MESSAGE][INFO] - 

03-09-2024T18:14:51 - [MESSAGE][PASSED] - totalplay.Common.verifyPropertyValueEmptyString is PASSED

03-09-2024T18:14:51 - [TEST_STEP][PASSED] - totalplay.Common.verifyPropertyExist(GetBasket, product_items_0_c_imagesData_large_0_title): totalplay.Common.verifyPropertyExist is PASSED

03-09-2024T18:14:51 - [MESSAGE][INFO] - Checking response object

03-09-2024T18:14:51 - [MESSAGE][PASSED] - totalplay.Common.verifyPropertyExist is PASSED

03-09-2024T18:14:51 - [TEST_STEP][PASSED] - totalplay.Common.verifyPropertyValueExist(GetBasket, product_items_0_c_imagesData_large_0_title): totalplay.Common.verifyPropertyValueExist is PASSED

03-09-2024T18:14:51 - [MESSAGE][INFO] - Checking response object

03-09-2024T18:14:51 - [MESSAGE][INFO] - Orden de Maciza (100 g)

03-09-2024T18:14:51 - [MESSAGE][PASSED] - totalplay.Common.verifyPropertyValueExist is PASSED

03-09-2024T18:14:51 - [TEST_STEP][PASSED] - totalplay.Common.verifyPropertyExist(GetBasket, product_items_0_c_description): totalplay.Common.verifyPropertyExist is PASSED

03-09-2024T18:14:51 - [MESSAGE][INFO] - Checking response object

03-09-2024T18:14:51 - [MESSAGE][PASSED] - totalplay.Common.verifyPropertyExist is PASSED

03-09-2024T18:14:51 - [TEST_STEP][PASSED] - totalplay.Common.verifyPropertyValueExist(GetBasket, product_items_0_c_description): totalplay.Common.verifyPropertyValueExist is PASSED

03-09-2024T18:14:51 - [MESSAGE][INFO] - Checking response object

03-09-2024T18:14:51 - [MESSAGE][INFO] - 100 g

03-09-2024T18:14:51 - [MESSAGE][PASSED] - totalplay.Common.verifyPropertyValueExist is PASSED

03-09-2024T18:14:51 - [TEST_STEP][PASSED] - totalplay.Common.verifyPropertyExist(GetBasket, product_items_0_c_availableQty): totalplay.Common.verifyPropertyExist is PASSED

03-09-2024T18:14:51 - [MESSAGE][INFO] - Checking response object

03-09-2024T18:14:51 - [MESSAGE][PASSED] - totalplay.Common.verifyPropertyExist is PASSED

03-09-2024T18:14:51 - [TEST_STEP][PASSED] - totalplay.Common.verifyPropertyValueExist(GetBasket, product_items_0_c_availableQty): totalplay.Common.verifyPropertyValueExist is PASSED

03-09-2024T18:14:51 - [MESSAGE][INFO] - Checking response object

03-09-2024T18:14:51 - [MESSAGE][INFO] - 30

03-09-2024T18:14:51 - [MESSAGE][PASSED] - totalplay.Common.verifyPropertyValueExist is PASSED

03-09-2024T18:14:51 - [TEST_STEP][PASSED] - totalplay.Common.getDecimalValueofObject(GetBasket, product_sub_total): totalplay.Common.getDecimalValueofObject is PASSED

03-09-2024T18:14:51 - [MESSAGE][INFO] - Checking response object

03-09-2024T18:14:51 - [MESSAGE][PASSED] - totalplay.Common.getDecimalValueofObject is PASSED

03-09-2024T18:14:51 - [TEST_STEP][PASSED] - totalplay.Common.getDecimalValueofObject(GetBasket, product_total): totalplay.Common.getDecimalValueofObject is PASSED

03-09-2024T18:14:51 - [MESSAGE][INFO] - Checking response object

03-09-2024T18:14:51 - [MESSAGE][PASSED] - totalplay.Common.getDecimalValueofObject is PASSED

03-09-2024T18:14:51 - [TEST_STEP][PASSED] - totalplay.Common.verifyPropertyExist(GetBasket, shipments_0__type): totalplay.Common.verifyPropertyExist is PASSED

03-09-2024T18:14:51 - [MESSAGE][INFO] - Checking response object

03-09-2024T18:14:51 - [MESSAGE][PASSED] - totalplay.Common.verifyPropertyExist is PASSED

03-09-2024T18:14:51 - [TEST_STEP][PASSED] - totalplay.Common.verifyPropertyValueExist(GetBasket, shipments_0__type): totalplay.Common.verifyPropertyValueExist is PASSED

03-09-2024T18:14:51 - [MESSAGE][INFO] - Checking response object

03-09-2024T18:14:51 - [MESSAGE][INFO] - shipment

03-09-2024T18:14:51 - [MESSAGE][PASSED] - totalplay.Common.verifyPropertyValueExist is PASSED

03-09-2024T18:14:51 - [TEST_STEP][PASSED] - totalplay.Common.getDecimalValueofObject(GetBasket, shipments_0_adjusted_merchandize_total_tax): totalplay.Common.getDecimalValueofObject is PASSED

03-09-2024T18:14:51 - [MESSAGE][INFO] - Checking response object

03-09-2024T18:14:51 - [MESSAGE][PASSED] - totalplay.Common.getDecimalValueofObject is PASSED

03-09-2024T18:14:51 - [TEST_STEP][PASSED] - totalplay.Common.getDecimalValueofObject(GetBasket, shipments_0_adjusted_shipping_total_tax): totalplay.Common.getDecimalValueofObject is PASSED

03-09-2024T18:14:51 - [MESSAGE][INFO] - Checking response object

03-09-2024T18:14:51 - [MESSAGE][PASSED] - totalplay.Common.getDecimalValueofObject is PASSED

03-09-2024T18:14:51 - [TEST_STEP][PASSED] - totalplay.Common.getBooleanValueofObject(GetBasket, shipments_0_gift): totalplay.Common.getBooleanValueofObject is PASSED

03-09-2024T18:14:51 - [MESSAGE][INFO] - Checking response object

03-09-2024T18:14:51 - [MESSAGE][PASSED] - totalplay.Common.getBooleanValueofObject is PASSED

03-09-2024T18:14:51 - [TEST_STEP][PASSED] - totalplay.Common.getDecimalValueofObject(GetBasket, shipments_0_merchandize_total_tax): totalplay.Common.getDecimalValueofObject is PASSED

03-09-2024T18:14:51 - [MESSAGE][INFO] - Checking response object

03-09-2024T18:14:51 - [MESSAGE][PASSED] - totalplay.Common.getDecimalValueofObject is PASSED

03-09-2024T18:14:51 - [TEST_STEP][PASSED] - totalplay.Common.getDecimalValueofObject(GetBasket, shipments_0_product_sub_total): totalplay.Common.getDecimalValueofObject is PASSED

03-09-2024T18:14:51 - [MESSAGE][INFO] - Checking response object

03-09-2024T18:14:51 - [MESSAGE][PASSED] - totalplay.Common.getDecimalValueofObject is PASSED

03-09-2024T18:14:51 - [TEST_STEP][PASSED] - totalplay.Common.getDecimalValueofObject(GetBasket, shipments_0_product_total): totalplay.Common.getDecimalValueofObject is PASSED

03-09-2024T18:14:51 - [MESSAGE][INFO] - Checking response object

03-09-2024T18:14:51 - [MESSAGE][PASSED] - totalplay.Common.getDecimalValueofObject is PASSED

03-09-2024T18:14:51 - [TEST_STEP][PASSED] - totalplay.Common.verifyPropertyExist(GetBasket, shipments_0_shipment_id): totalplay.Common.verifyPropertyExist is PASSED

03-09-2024T18:14:51 - [MESSAGE][INFO] - Checking response object

03-09-2024T18:14:51 - [MESSAGE][PASSED] - totalplay.Common.verifyPropertyExist is PASSED

03-09-2024T18:14:51 - [TEST_STEP][PASSED] - totalplay.Common.verifyPropertyValueExist(GetBasket, shipments_0_shipment_id): totalplay.Common.verifyPropertyValueExist is PASSED

03-09-2024T18:14:51 - [MESSAGE][INFO] - Checking response object

03-09-2024T18:14:51 - [MESSAGE][INFO] - me

03-09-2024T18:14:51 - [MESSAGE][PASSED] - totalplay.Common.verifyPropertyValueExist is PASSED

03-09-2024T18:14:51 - [TEST_STEP][PASSED] - totalplay.Common.getDecimalValueofObject(GetBasket, shipments_0_shipment_total): totalplay.Common.getDecimalValueofObject is PASSED

03-09-2024T18:14:51 - [MESSAGE][INFO] - Checking response object

03-09-2024T18:14:51 - [MESSAGE][PASSED] - totalplay.Common.getDecimalValueofObject is PASSED

03-09-2024T18:14:51 - [TEST_STEP][PASSED] - totalplay.Common.verifyPropertyExist(GetBasket, shipments_0_shipping_method__type): totalplay.Common.verifyPropertyExist is PASSED

03-09-2024T18:14:51 - [MESSAGE][INFO] - Checking response object

03-09-2024T18:14:51 - [MESSAGE][PASSED] - totalplay.Common.verifyPropertyExist is PASSED

03-09-2024T18:14:51 - [TEST_STEP][PASSED] - totalplay.Common.verifyPropertyValueExist(GetBasket, shipments_0_shipping_method__type): totalplay.Common.verifyPropertyValueExist is PASSED

03-09-2024T18:14:51 - [MESSAGE][INFO] - Checking response object

03-09-2024T18:14:51 - [MESSAGE][INFO] - shipping_method

03-09-2024T18:14:51 - [MESSAGE][PASSED] - totalplay.Common.verifyPropertyValueExist is PASSED

03-09-2024T18:14:51 - [TEST_STEP][PASSED] - totalplay.Common.verifyPropertyExist(GetBasket, shipments_0_shipping_method_description): totalplay.Common.verifyPropertyExist is PASSED

03-09-2024T18:14:51 - [MESSAGE][INFO] - Checking response object

03-09-2024T18:14:52 - [MESSAGE][PASSED] - totalplay.Common.verifyPropertyExist is PASSED

03-09-2024T18:14:52 - [TEST_STEP][PASSED] - totalplay.Common.verifyPropertyValueExist(GetBasket, shipments_0_shipping_method_description): totalplay.Common.verifyPropertyValueExist is PASSED

03-09-2024T18:14:52 - [MESSAGE][INFO] - Checking response object

03-09-2024T18:14:52 - [MESSAGE][INFO] - pickup

03-09-2024T18:14:52 - [MESSAGE][PASSED] - totalplay.Common.verifyPropertyValueExist is PASSED

03-09-2024T18:14:52 - [TEST_STEP][PASSED] - totalplay.Common.verifyPropertyExist(GetBasket, shipments_0_shipping_method_id): totalplay.Common.verifyPropertyExist is PASSED

03-09-2024T18:14:52 - [MESSAGE][INFO] - Checking response object

03-09-2024T18:14:52 - [MESSAGE][PASSED] - totalplay.Common.verifyPropertyExist is PASSED

03-09-2024T18:14:52 - [TEST_STEP][PASSED] - totalplay.Common.verifyPropertyValueExist(GetBasket, shipments_0_shipping_method_id): totalplay.Common.verifyPropertyValueExist is PASSED

03-09-2024T18:14:52 - [MESSAGE][INFO] - Checking response object

03-09-2024T18:14:52 - [MESSAGE][INFO] - pickup

03-09-2024T18:14:52 - [MESSAGE][PASSED] - totalplay.Common.verifyPropertyValueExist is PASSED

03-09-2024T18:14:52 - [TEST_STEP][PASSED] - totalplay.Common.verifyPropertyExist(GetBasket, shipments_0_shipping_method_name): totalplay.Common.verifyPropertyExist is PASSED

03-09-2024T18:14:52 - [MESSAGE][INFO] - Checking response object

03-09-2024T18:14:52 - [MESSAGE][PASSED] - totalplay.Common.verifyPropertyExist is PASSED

03-09-2024T18:14:52 - [TEST_STEP][PASSED] - totalplay.Common.verifyPropertyValueExist(GetBasket, shipments_0_shipping_method_name): totalplay.Common.verifyPropertyValueExist is PASSED

03-09-2024T18:14:52 - [MESSAGE][INFO] - Checking response object

03-09-2024T18:14:52 - [MESSAGE][INFO] - pickup

03-09-2024T18:14:52 - [MESSAGE][PASSED] - totalplay.Common.verifyPropertyValueExist is PASSED

03-09-2024T18:14:52 - [TEST_STEP][PASSED] - totalplay.Common.verifyPropertyExist(GetBasket, shipments_0_shipping_method_c_estimatedArrivalTime): totalplay.Common.verifyPropertyExist is PASSED

03-09-2024T18:14:52 - [MESSAGE][INFO] - Checking response object

03-09-2024T18:14:52 - [MESSAGE][PASSED] - totalplay.Common.verifyPropertyExist is PASSED

03-09-2024T18:14:52 - [TEST_STEP][PASSED] - totalplay.Common.verifyPropertyValueExist(GetBasket, shipments_0_shipping_method_c_estimatedArrivalTime): totalplay.Common.verifyPropertyValueExist is PASSED

03-09-2024T18:14:52 - [MESSAGE][INFO] - Checking response object

03-09-2024T18:14:52 - [MESSAGE][INFO] - 60 Mins

03-09-2024T18:14:52 - [MESSAGE][PASSED] - totalplay.Common.verifyPropertyValueExist is PASSED

03-09-2024T18:14:52 - [TEST_STEP][PASSED] - totalplay.Common.getBooleanValueofObject(GetBasket, shipments_0_shipping_method_c_storePickupEnabled): totalplay.Common.getBooleanValueofObject is PASSED

03-09-2024T18:14:52 - [MESSAGE][INFO] - Checking response object

03-09-2024T18:14:52 - [MESSAGE][PASSED] - totalplay.Common.getBooleanValueofObject is PASSED

03-09-2024T18:14:52 - [TEST_STEP][PASSED] - totalplay.Common.verifyPropertyExist(GetBasket, shipments_0_shipping_status): totalplay.Common.verifyPropertyExist is PASSED

03-09-2024T18:14:52 - [MESSAGE][INFO] - Checking response object

03-09-2024T18:14:52 - [MESSAGE][PASSED] - totalplay.Common.verifyPropertyExist is PASSED

03-09-2024T18:14:52 - [TEST_STEP][PASSED] - totalplay.Common.verifyPropertyValueExist(GetBasket, shipments_0_shipping_status): totalplay.Common.verifyPropertyValueExist is PASSED

03-09-2024T18:14:52 - [MESSAGE][INFO] - Checking response object

03-09-2024T18:14:52 - [MESSAGE][INFO] - not_shipped

03-09-2024T18:14:52 - [MESSAGE][PASSED] - totalplay.Common.verifyPropertyValueExist is PASSED

03-09-2024T18:14:52 - [TEST_STEP][PASSED] - totalplay.Common.getDecimalValueofObject(GetBasket, shipments_0_shipping_total): totalplay.Common.getDecimalValueofObject is PASSED

03-09-2024T18:14:52 - [MESSAGE][INFO] - Checking response object

03-09-2024T18:14:52 - [MESSAGE][PASSED] - totalplay.Common.getDecimalValueofObject is PASSED

03-09-2024T18:14:52 - [TEST_STEP][PASSED] - totalplay.Common.getDecimalValueofObject(GetBasket, shipments_0_shipping_total_tax): totalplay.Common.getDecimalValueofObject is PASSED

03-09-2024T18:14:52 - [MESSAGE][INFO] - Checking response object

03-09-2024T18:14:52 - [MESSAGE][PASSED] - totalplay.Common.getDecimalValueofObject is PASSED

03-09-2024T18:14:52 - [TEST_STEP][PASSED] - totalplay.Common.getDecimalValueofObject(GetBasket, shipments_0_tax_total): totalplay.Common.getDecimalValueofObject is PASSED

03-09-2024T18:14:52 - [MESSAGE][INFO] - Checking response object

03-09-2024T18:14:52 - [MESSAGE][PASSED] - totalplay.Common.getDecimalValueofObject is PASSED

03-09-2024T18:14:52 - [TEST_STEP][PASSED] - totalplay.Common.getDecimalValueofObject(GetBasket, shipments_0_c_totalShippingCost): totalplay.Common.getDecimalValueofObject is PASSED

03-09-2024T18:14:52 - [MESSAGE][INFO] - Checking response object

03-09-2024T18:14:52 - [MESSAGE][PASSED] - totalplay.Common.getDecimalValueofObject is PASSED

03-09-2024T18:14:52 - [TEST_STEP][PASSED] - totalplay.Common.verifyPropertyExist(GetBasket, shipping_items_0__type): totalplay.Common.verifyPropertyExist is PASSED

03-09-2024T18:14:52 - [MESSAGE][INFO] - Checking response object

03-09-2024T18:14:52 - [MESSAGE][PASSED] - totalplay.Common.verifyPropertyExist is PASSED

03-09-2024T18:14:52 - [TEST_STEP][PASSED] - totalplay.Common.verifyPropertyValueExist(GetBasket, shipping_items_0__type): totalplay.Common.verifyPropertyValueExist is PASSED

03-09-2024T18:14:52 - [MESSAGE][INFO] - Checking response object

03-09-2024T18:14:52 - [MESSAGE][INFO] - shipping_item

03-09-2024T18:14:52 - [MESSAGE][PASSED] - totalplay.Common.verifyPropertyValueExist is PASSED

03-09-2024T18:14:52 - [TEST_STEP][PASSED] - totalplay.Common.getDecimalValueofObject(GetBasket, shipping_items_0_adjusted_tax): totalplay.Common.getDecimalValueofObject is PASSED

03-09-2024T18:14:52 - [MESSAGE][INFO] - Checking response object

03-09-2024T18:14:52 - [MESSAGE][PASSED] - totalplay.Common.getDecimalValueofObject is PASSED

03-09-2024T18:14:52 - [TEST_STEP][PASSED] - totalplay.Common.getDecimalValueofObject(GetBasket, shipping_items_0_base_price): totalplay.Common.getDecimalValueofObject is PASSED

03-09-2024T18:14:52 - [MESSAGE][INFO] - Checking response object

03-09-2024T18:14:52 - [MESSAGE][PASSED] - totalplay.Common.getDecimalValueofObject is PASSED

03-09-2024T18:14:52 - [TEST_STEP][PASSED] - totalplay.Common.verifyPropertyExist(GetBasket, shipping_items_0_item_id): totalplay.Common.verifyPropertyExist is PASSED

03-09-2024T18:14:52 - [MESSAGE][INFO] - Checking response object

03-09-2024T18:14:52 - [MESSAGE][PASSED] - totalplay.Common.verifyPropertyExist is PASSED

03-09-2024T18:14:52 - [TEST_STEP][PASSED] - totalplay.Common.verifyPropertyValueExist(GetBasket, shipping_items_0_item_id): totalplay.Common.verifyPropertyValueExist is PASSED

03-09-2024T18:14:52 - [MESSAGE][INFO] - Checking response object

03-09-2024T18:14:52 - [MESSAGE][INFO] - b755012769c45f2458a2f8ba80

03-09-2024T18:14:52 - [MESSAGE][PASSED] - totalplay.Common.verifyPropertyValueExist is PASSED

03-09-2024T18:14:52 - [TEST_STEP][PASSED] - totalplay.Common.verifyPropertyExist(GetBasket, shipping_items_0_item_text): totalplay.Common.verifyPropertyExist is PASSED

03-09-2024T18:14:52 - [MESSAGE][INFO] - Checking response object

03-09-2024T18:14:53 - [MESSAGE][PASSED] - totalplay.Common.verifyPropertyExist is PASSED

03-09-2024T18:14:53 - [TEST_STEP][PASSED] - totalplay.Common.verifyPropertyValueExist(GetBasket, shipping_items_0_item_text): totalplay.Common.verifyPropertyValueExist is PASSED

03-09-2024T18:14:53 - [MESSAGE][INFO] - Checking response object

03-09-2024T18:14:53 - [MESSAGE][INFO] - Shipping

03-09-2024T18:14:53 - [MESSAGE][PASSED] - totalplay.Common.verifyPropertyValueExist is PASSED

03-09-2024T18:14:53 - [TEST_STEP][PASSED] - totalplay.Common.getDecimalValueofObject(GetBasket, shipping_items_0_price): totalplay.Common.getDecimalValueofObject is PASSED

03-09-2024T18:14:53 - [MESSAGE][INFO] - Checking response object

03-09-2024T18:14:53 - [MESSAGE][PASSED] - totalplay.Common.getDecimalValueofObject is PASSED

03-09-2024T18:14:53 - [TEST_STEP][PASSED] - totalplay.Common.getDecimalValueofObject(GetBasket, shipping_items_0_price_after_item_discount): totalplay.Common.getDecimalValueofObject is PASSED

03-09-2024T18:14:53 - [MESSAGE][INFO] - Checking response object

03-09-2024T18:14:53 - [MESSAGE][PASSED] - totalplay.Common.getDecimalValueofObject is PASSED

03-09-2024T18:14:53 - [TEST_STEP][PASSED] - totalplay.Common.verifyPropertyExist(GetBasket, shipping_items_0_shipment_id): totalplay.Common.verifyPropertyExist is PASSED

03-09-2024T18:14:53 - [MESSAGE][INFO] - Checking response object

03-09-2024T18:14:53 - [MESSAGE][PASSED] - totalplay.Common.verifyPropertyExist is PASSED

03-09-2024T18:14:53 - [TEST_STEP][PASSED] - totalplay.Common.verifyPropertyValueExist(GetBasket, shipping_items_0_shipment_id): totalplay.Common.verifyPropertyValueExist is PASSED

03-09-2024T18:14:53 - [MESSAGE][INFO] - Checking response object

03-09-2024T18:14:53 - [MESSAGE][INFO] - me

03-09-2024T18:14:53 - [MESSAGE][PASSED] - totalplay.Common.verifyPropertyValueExist is PASSED

03-09-2024T18:14:53 - [TEST_STEP][PASSED] - totalplay.Common.getDecimalValueofObject(GetBasket, shipping_items_0_tax): totalplay.Common.getDecimalValueofObject is PASSED

03-09-2024T18:14:53 - [MESSAGE][INFO] - Checking response object

03-09-2024T18:14:53 - [MESSAGE][PASSED] - totalplay.Common.getDecimalValueofObject is PASSED

03-09-2024T18:14:53 - [TEST_STEP][PASSED] - totalplay.Common.getDecimalValueofObject(GetBasket, shipping_items_0_tax_basis): totalplay.Common.getDecimalValueofObject is PASSED

03-09-2024T18:14:53 - [MESSAGE][INFO] - Checking response object

03-09-2024T18:14:53 - [MESSAGE][PASSED] - totalplay.Common.getDecimalValueofObject is PASSED

03-09-2024T18:14:53 - [TEST_STEP][PASSED] - totalplay.Common.verifyPropertyExist(GetBasket, shipping_items_0_tax_class_id): totalplay.Common.verifyPropertyExist is PASSED

03-09-2024T18:14:53 - [MESSAGE][INFO] - Checking response object

03-09-2024T18:14:53 - [MESSAGE][PASSED] - totalplay.Common.verifyPropertyExist is PASSED

03-09-2024T18:14:53 - [TEST_STEP][PASSED] - totalplay.Common.verifyPropertyValueExist(GetBasket, shipping_items_0_tax_class_id): totalplay.Common.verifyPropertyValueExist is PASSED

03-09-2024T18:14:53 - [MESSAGE][INFO] - Checking response object

03-09-2024T18:14:53 - [MESSAGE][INFO] - standard

03-09-2024T18:14:53 - [MESSAGE][PASSED] - totalplay.Common.verifyPropertyValueExist is PASSED

03-09-2024T18:14:53 - [TEST_STEP][PASSED] - totalplay.Common.getDecimalValueofObject(GetBasket, shipping_items_0_tax_rate): totalplay.Common.getDecimalValueofObject is PASSED

03-09-2024T18:14:53 - [MESSAGE][INFO] - Checking response object

03-09-2024T18:14:53 - [MESSAGE][PASSED] - totalplay.Common.getDecimalValueofObject is PASSED

03-09-2024T18:14:53 - [TEST_STEP][PASSED] - totalplay.Common.getDecimalValueofObject(GetBasket, shipping_total): totalplay.Common.getDecimalValueofObject is PASSED

03-09-2024T18:14:53 - [MESSAGE][INFO] - Checking response object

03-09-2024T18:14:53 - [MESSAGE][PASSED] - totalplay.Common.getDecimalValueofObject is PASSED

03-09-2024T18:14:53 - [TEST_STEP][PASSED] - totalplay.Common.getDecimalValueofObject(GetBasket, shipping_total_tax): totalplay.Common.getDecimalValueofObject is PASSED

03-09-2024T18:14:53 - [MESSAGE][INFO] - Checking response object

03-09-2024T18:14:53 - [MESSAGE][PASSED] - totalplay.Common.getDecimalValueofObject is PASSED

03-09-2024T18:14:53 - [TEST_STEP][PASSED] - totalplay.Common.verifyPropertyExist(GetBasket, taxation): totalplay.Common.verifyPropertyExist is PASSED

03-09-2024T18:14:53 - [MESSAGE][INFO] - Checking response object

03-09-2024T18:14:53 - [MESSAGE][PASSED] - totalplay.Common.verifyPropertyExist is PASSED

03-09-2024T18:14:53 - [TEST_STEP][PASSED] - totalplay.Common.verifyPropertyValueExist(GetBasket, taxation): totalplay.Common.verifyPropertyValueExist is PASSED

03-09-2024T18:14:53 - [MESSAGE][INFO] - Checking response object

03-09-2024T18:14:53 - [MESSAGE][INFO] - net

03-09-2024T18:14:53 - [MESSAGE][PASSED] - totalplay.Common.verifyPropertyValueExist is PASSED

03-09-2024T18:14:53 - [TEST_STEP][PASSED] - totalplay.Common.getDecimalValueofObject(GetBasket, tax_total): totalplay.Common.getDecimalValueofObject is PASSED

03-09-2024T18:14:53 - [MESSAGE][INFO] - Checking response object

03-09-2024T18:14:53 - [MESSAGE][PASSED] - totalplay.Common.getDecimalValueofObject is PASSED

03-09-2024T18:14:53 - [TEST_STEP][PASSED] - totalplay.Common.verifyPropertyExist(GetBasket, c_seller_id): totalplay.Common.verifyPropertyExist is PASSED

03-09-2024T18:14:53 - [MESSAGE][INFO] - Checking response object

03-09-2024T18:14:53 - [MESSAGE][PASSED] - totalplay.Common.verifyPropertyExist is PASSED

03-09-2024T18:14:53 - [TEST_STEP][PASSED] - totalplay.Common.verifyPropertyValueExist(GetBasket, c_seller_id): totalplay.Common.verifyPropertyValueExist is PASSED

03-09-2024T18:14:53 - [MESSAGE][INFO] - Checking response object

03-09-2024T18:14:53 - [MESSAGE][INFO] - 4158

03-09-2024T18:14:53 - [MESSAGE][PASSED] - totalplay.Common.verifyPropertyValueExist is PASSED

03-09-2024T18:14:53 - [TEST_STEP][PASSED] - totalplay.Common.verifyPropertyExist(GetBasket, c_preferredAddress): totalplay.Common.verifyPropertyExist is PASSED

03-09-2024T18:14:53 - [MESSAGE][INFO] - Checking response object

03-09-2024T18:14:53 - [MESSAGE][PASSED] - totalplay.Common.verifyPropertyExist is PASSED

03-09-2024T18:14:53 - [TEST_STEP][PASSED] - totalplay.Common.verifyPropertyValueExist(GetBasket, c_preferredAddress): totalplay.Common.verifyPropertyValueExist is PASSED

03-09-2024T18:14:53 - [MESSAGE][INFO] - Checking response object

03-09-2024T18:14:53 - [MESSAGE][INFO] - {"address1":"Alejandro Dumas","address2":null,"city":"Ciudad de Mexico","firstName":"CESAR","lastName":"GERARDO WALDO GONZALEZ","phone":"5579660270","postalCode":"11500","states":{"stateCode":null},"country":{},"jobTitle":null,"postBox":null,"salutation":null,"secondName":null,"companyName":null,"suffix":null,"suite":null,"title":null}

03-09-2024T18:14:53 - [MESSAGE][PASSED] - totalplay.Common.verifyPropertyValueExist is PASSED

03-09-2024T18:14:53 - [TEST_STEP][PASSED] - totalplay.Common.getBooleanValueofObject(GetBasket, c_forceDeleteOndemand): totalplay.Common.getBooleanValueofObject is PASSED

03-09-2024T18:14:53 - [MESSAGE][INFO] - Checking response object

03-09-2024T18:14:53 - [MESSAGE][PASSED] - totalplay.Common.getBooleanValueofObject is PASSED

03-09-2024T18:14:53 - [TEST_STEP][PASSED] - totalplay.Common.verifyPropertyExist(GetBasket, c_formatedserviceChargeTotalGrossPrice): totalplay.Common.verifyPropertyExist is PASSED

03-09-2024T18:14:53 - [MESSAGE][INFO] - Checking response object

03-09-2024T18:14:54 - [MESSAGE][PASSED] - totalplay.Common.verifyPropertyExist is PASSED

03-09-2024T18:14:54 - [TEST_STEP][PASSED] - totalplay.Common.verifyPropertyValueExist(GetBasket, c_formatedserviceChargeTotalGrossPrice): totalplay.Common.verifyPropertyValueExist is PASSED

03-09-2024T18:14:54 - [MESSAGE][INFO] - Checking response object

03-09-2024T18:14:54 - [MESSAGE][INFO] - $0.00

03-09-2024T18:14:54 - [MESSAGE][PASSED] - totalplay.Common.verifyPropertyValueExist is PASSED]]></system-out>
         <system-err><![CDATA[]]></system-err>
      </testcase>
      <testcase name="Test Cases/TotalPlay-Food/TC_9_Get_Customer_Address" time="8.571" classname="Test Cases/TotalPlay-Food/TC_9_Get_Customer_Address" status="PASSED">
         <system-out><![CDATA[03-09-2024T18:14:54 - [TEST_CASE][PASSED] - Test Cases/TotalPlay-Food/TC_9_Get_Customer_Address: Test Cases/TotalPlay-Food/TC_9_Get_Customer_Address

03-09-2024T18:14:54 - [TEST_STEP][PASSED] - callTestCase(findTestCase("TotalPlay-Food/TC_1_Login_Service"), [:], STOP_ON_FAILURE): Call Test Case 'Test Cases/TotalPlay-Food/TC_1_Login_Service' successfully

03-09-2024T18:14:54 - [MESSAGE][INFO] - Checking called Test Case

03-09-2024T18:14:54 - [MESSAGE][INFO] - Starting to call Test Case 'Test Cases/TotalPlay-Food/TC_1_Login_Service'

03-09-2024T18:14:54 - [TEST_CASE][PASSED] - Test Cases/TotalPlay-Food/TC_1_Login_Service: Test Cases/TotalPlay-Food/TC_1_Login_Service

03-09-2024T18:14:55 - [TEST_STEP][PASSED] - LoginResponse = sendRequest(findTestObject("TotalPlay-Food/getTokenDelivery", ["URL":URL])): Send request successfully

03-09-2024T18:14:55 - [MESSAGE][INFO] - Finding Test Object 'Object Repository/TotalPlay-Food/getTokenDelivery'

03-09-2024T18:14:55 - [MESSAGE][INFO] - Checking request object

03-09-2024T18:14:58 - [MESSAGE][INFO] - HAR: C:\Users\ShubhamKumarThakur\OneDrive - Kognivera\Documents\TotalPlay\totalplay-automation\Reports\20240903_181332\Food_Service_Normal_Flow_PlaceOrder\20240903_181332\requests\main\10.har

03-09-2024T18:14:58 - [MESSAGE][PASSED] - Send request successfully

03-09-2024T18:14:58 - [TEST_STEP][PASSED] - assert getResponseStatusCode(LoginResponse) == 200: Checking response object

03-09-2024T18:14:58 - [MESSAGE][INFO] - Checking response object

03-09-2024T18:14:58 - [TEST_STEP][PASSED] - Auth = "ocapiResponse.access_token": null

03-09-2024T18:14:58 - [TEST_STEP][PASSED] - FoodBascketId = "ocapiResponse.c_basketId_TP_FOOD": null

03-09-2024T18:14:58 - [TEST_STEP][PASSED] - FoodBasId = getElementPropertyValue(LoginResponse, FoodBascketId): Checking response object

03-09-2024T18:14:58 - [MESSAGE][INFO] - Checking response object

03-09-2024T18:14:58 - [TEST_STEP][PASSED] - sfccAuthorization = getElementPropertyValue(LoginResponse, Auth): Checking response object

03-09-2024T18:14:58 - [MESSAGE][INFO] - Checking response object

03-09-2024T18:14:58 - [TEST_STEP][PASSED] - Authorization = "Bearer " + sfccAuthorization: null

03-09-2024T18:14:58 - [TEST_STEP][PASSED] - FoodBasketId = FoodBasId: null

03-09-2024T18:14:58 - [TEST_STEP][PASSED] - logInfo(bm_auth_token): 

03-09-2024T18:14:58 - [MESSAGE][INFO] - 

03-09-2024T18:14:58 - [TEST_STEP][PASSED] - if (sfccAuthorization.length() == 0): null

03-09-2024T18:14:58 - [TEST_STEP][PASSED] - else: authorization generated

03-09-2024T18:14:58 - [TEST_STEP][PASSED] - markPassed("authorization generated"): authorization generated

03-09-2024T18:14:58 - [MESSAGE][PASSED] - authorization generated

03-09-2024T18:14:58 - [TEST_STEP][PASSED] - BasketId_loginResponse = "ocapiResponse.c_basketId": null

03-09-2024T18:14:58 - [TEST_STEP][PASSED] - CustomerId_loginResponse = "ocapiResponse.customer_id": null

03-09-2024T18:14:58 - [TEST_STEP][PASSED] - basketId = getElementPropertyValue(LoginResponse, BasketId_loginResponse): Checking response object

03-09-2024T18:14:58 - [MESSAGE][INFO] - Checking response object

03-09-2024T18:14:58 - [TEST_STEP][PASSED] - customerId = getElementPropertyValue(LoginResponse, CustomerId_loginResponse): Checking response object

03-09-2024T18:14:58 - [MESSAGE][INFO] - Checking response object

03-09-2024T18:14:58 - [TEST_STEP][PASSED] - basketID = basketId: null

03-09-2024T18:14:58 - [TEST_STEP][PASSED] - sla_customerId = customerId: null

03-09-2024T18:14:58 - [TEST_STEP][PASSED] - println(basketID): null

03-09-2024T18:14:58 - [TEST_STEP][PASSED] - println(sla_customerId): null

03-09-2024T18:14:58 - [TEST_STEP][PASSED] - refresh_token = "ocapiResponse.refresh_token": null

03-09-2024T18:14:58 - [TEST_STEP][PASSED] - customer_email = "ocapiResponse.customer_email": null

03-09-2024T18:14:58 - [TEST_STEP][PASSED] - c_brmId = "ocapiResponse.c_brmId": null

03-09-2024T18:14:58 - [TEST_STEP][PASSED] - customer_name = "ocapiResponse.customer_name": null

03-09-2024T18:14:58 - [TEST_STEP][PASSED] - totalplay.Common.verifyPropertyExist(LoginResponse, refresh_token): totalplay.Common.verifyPropertyExist is PASSED

03-09-2024T18:14:58 - [MESSAGE][INFO] - Checking response object

03-09-2024T18:14:58 - [MESSAGE][PASSED] - totalplay.Common.verifyPropertyExist is PASSED

03-09-2024T18:14:58 - [TEST_STEP][PASSED] - totalplay.Common.verifyPropertyValueExist(LoginResponse, refresh_token): totalplay.Common.verifyPropertyValueExist is PASSED

03-09-2024T18:14:58 - [MESSAGE][INFO] - Checking response object

03-09-2024T18:14:58 - [MESSAGE][INFO] - rQiL08wXgc7V5AG2UeoXMoLQMasg6mO1qfjUDqsSwfY

03-09-2024T18:14:58 - [MESSAGE][PASSED] - totalplay.Common.verifyPropertyValueExist is PASSED

03-09-2024T18:14:58 - [TEST_STEP][PASSED] - totalplay.Common.verifyPropertyExist(LoginResponse, customer_email): totalplay.Common.verifyPropertyExist is PASSED

03-09-2024T18:14:58 - [MESSAGE][INFO] - Checking response object

03-09-2024T18:14:58 - [MESSAGE][PASSED] - totalplay.Common.verifyPropertyExist is PASSED

03-09-2024T18:14:58 - [TEST_STEP][PASSED] - totalplay.Common.verifyPropertyValueExist(LoginResponse, customer_email): totalplay.Common.verifyPropertyValueExist is PASSED

03-09-2024T18:14:58 - [MESSAGE][INFO] - Checking response object

03-09-2024T18:14:58 - [MESSAGE][INFO] - cesar.waldo93@gmail.com

03-09-2024T18:14:58 - [MESSAGE][PASSED] - totalplay.Common.verifyPropertyValueExist is PASSED

03-09-2024T18:14:58 - [TEST_STEP][PASSED] - totalplay.Common.verifyPropertyExist(LoginResponse, customer_name): totalplay.Common.verifyPropertyExist is PASSED

03-09-2024T18:14:58 - [MESSAGE][INFO] - Checking response object

03-09-2024T18:14:58 - [MESSAGE][PASSED] - totalplay.Common.verifyPropertyExist is PASSED

03-09-2024T18:14:58 - [TEST_STEP][PASSED] - totalplay.Common.verifyPropertyValueExist(LoginResponse, customer_name): totalplay.Common.verifyPropertyValueExist is PASSED

03-09-2024T18:14:58 - [MESSAGE][INFO] - Checking response object

03-09-2024T18:14:58 - [MESSAGE][INFO] - CESAR GERARDO WALDO GONZALEZ

03-09-2024T18:14:58 - [MESSAGE][PASSED] - totalplay.Common.verifyPropertyValueExist is PASSED

03-09-2024T18:14:58 - [TEST_STEP][PASSED] - totalplay.Common.verifyPropertyExist(LoginResponse, c_brmId): totalplay.Common.verifyPropertyExist is PASSED

03-09-2024T18:14:58 - [MESSAGE][INFO] - Checking response object

03-09-2024T18:14:58 - [MESSAGE][PASSED] - totalplay.Common.verifyPropertyExist is PASSED

03-09-2024T18:14:58 - [TEST_STEP][PASSED] - totalplay.Common.verifyPropertyValueExist(LoginResponse, c_brmId): totalplay.Common.verifyPropertyValueExist is PASSED

03-09-2024T18:14:58 - [MESSAGE][INFO] - Checking response object

03-09-2024T18:14:58 - [MESSAGE][INFO] - 0106378356

03-09-2024T18:14:58 - [MESSAGE][PASSED] - totalplay.Common.verifyPropertyValueExist is PASSED

03-09-2024T18:14:58 - [MESSAGE][PASSED] - Call Test Case 'Test Cases/TotalPlay-Food/TC_1_Login_Service' successfully

03-09-2024T18:14:58 - [TEST_STEP][PASSED] - GetAddress_Response = sendRequest(findTestObject("TotalPlay-Food/GetAddresses", ["URL":URL, "sla_customerId":sla_customerId])): Send request successfully

03-09-2024T18:14:58 - [MESSAGE][INFO] - Finding Test Object 'Object Repository/TotalPlay-Food/GetAddresses'

03-09-2024T18:14:58 - [MESSAGE][INFO] - Checking request object

03-09-2024T18:14:59 - [MESSAGE][INFO] - HAR: C:\Users\ShubhamKumarThakur\OneDrive - Kognivera\Documents\TotalPlay\totalplay-automation\Reports\20240903_181332\Food_Service_Normal_Flow_PlaceOrder\20240903_181332\requests\main\11.har

03-09-2024T18:14:59 - [MESSAGE][PASSED] - Send request successfully

03-09-2024T18:14:59 - [TEST_STEP][PASSED] - verifyResponseStatusCode(GetAddress_Response, 200): Verify response status code successfully

03-09-2024T18:14:59 - [MESSAGE][INFO] - Checking response object

03-09-2024T18:14:59 - [MESSAGE][PASSED] - Verify response status code successfully

03-09-2024T18:14:59 - [TEST_STEP][PASSED] - _v = "_v": null

03-09-2024T18:14:59 - [TEST_STEP][PASSED] - _type = "_type": null

03-09-2024T18:14:59 - [TEST_STEP][PASSED] - count = "count": null

03-09-2024T18:14:59 - [TEST_STEP][PASSED] - data_0__type = "data[0]._type": null

03-09-2024T18:14:59 - [TEST_STEP][PASSED] - data_0__resource_state = "data[0]._resource_state": null

03-09-2024T18:14:59 - [TEST_STEP][PASSED] - data_0_address1 = "data[0].address1": null

03-09-2024T18:14:59 - [TEST_STEP][PASSED] - data_0_address_id = "data[0].address_id": null

03-09-2024T18:14:59 - [TEST_STEP][PASSED] - data_0_city = "data[0].city": null

03-09-2024T18:14:59 - [TEST_STEP][PASSED] - data_0_country_code = "data[0].country_code": null

03-09-2024T18:14:59 - [TEST_STEP][PASSED] - data_0_creation_date = "data[0].creation_date": null

03-09-2024T18:14:59 - [TEST_STEP][PASSED] - data_0_first_name = "data[0].first_name": null

03-09-2024T18:14:59 - [TEST_STEP][PASSED] - data_0_full_name = "data[0].full_name": null

03-09-2024T18:14:59 - [TEST_STEP][PASSED] - data_0_last_modified = "data[0].last_modified": null

03-09-2024T18:14:59 - [TEST_STEP][PASSED] - data_0_last_name = "data[0].last_name": null

03-09-2024T18:14:59 - [TEST_STEP][PASSED] - data_0_phone = "data[0].phone": null

03-09-2024T18:14:59 - [TEST_STEP][PASSED] - data_0_postal_code = "data[0].postal_code": null

03-09-2024T18:14:59 - [TEST_STEP][PASSED] - data_0_preferred = "data[0].preferred": null

03-09-2024T18:14:59 - [TEST_STEP][PASSED] - data_0_c_addressupdatedtime = "data[0].c_addressupdatedtime": null

03-09-2024T18:14:59 - [TEST_STEP][PASSED] - data_0_c_alias = "data[0].c_alias": null

03-09-2024T18:14:59 - [TEST_STEP][PASSED] - data_0_c_brmId = "data[0].c_brmId": null

03-09-2024T18:14:59 - [TEST_STEP][PASSED] - data_0_c_crm_address_id = "data[0].c_crm_address_id": null

03-09-2024T18:14:59 - [TEST_STEP][PASSED] - data_0_c_dateRegister = "data[0].c_dateRegister": null

03-09-2024T18:14:59 - [TEST_STEP][PASSED] - data_0_c_dateUpdate = "data[0].c_dateUpdate": null

03-09-2024T18:14:59 - [TEST_STEP][PASSED] - data_0_c_delegation = "data[0].c_delegation": null

03-09-2024T18:14:59 - [TEST_STEP][PASSED] - data_0_c_isBilling = "data[0].c_isBilling": null

03-09-2024T18:14:59 - [TEST_STEP][PASSED] - data_0_c_isContact = "data[0].c_isContact": null

03-09-2024T18:14:59 - [TEST_STEP][PASSED] - data_0_c_isShipping = "data[0].c_isShipping": null

03-09-2024T18:14:59 - [TEST_STEP][PASSED] - data_0_c_label = "data[0].c_label": null

03-09-2024T18:14:59 - [TEST_STEP][PASSED] - data_0_c_latitude = "data[0].c_latitude": null

03-09-2024T18:14:59 - [TEST_STEP][PASSED] - data_0_c_longitude = "data[0].c_longitude": null

03-09-2024T18:14:59 - [TEST_STEP][PASSED] - data_0_c_nExt = "data[0].c_nExt": null

03-09-2024T18:14:59 - [TEST_STEP][PASSED] - data_0_c_neighborhood = "data[0].c_neighborhood": null

03-09-2024T18:14:59 - [TEST_STEP][PASSED] - data_0_c_references = "data[0].c_references": null

03-09-2024T18:14:59 - [TEST_STEP][PASSED] - data_0_c_rfc = "data[0].c_rfc": null

03-09-2024T18:14:59 - [TEST_STEP][PASSED] - data_0_c_state = "data[0].c_state": null

03-09-2024T18:14:59 - [TEST_STEP][PASSED] - data_0_c_status = "data[0].c_status": null

03-09-2024T18:14:59 - [TEST_STEP][PASSED] - data_0_c_streetName = "data[0].c_streetName": null

03-09-2024T18:14:59 - [TEST_STEP][PASSED] - start = "start": null

03-09-2024T18:14:59 - [TEST_STEP][PASSED] - total = "total": null

03-09-2024T18:14:59 - [TEST_STEP][PASSED] - totalplay.Common.verifyPropertyExist(GetAddress_Response, _v): totalplay.Common.verifyPropertyExist is PASSED

03-09-2024T18:14:59 - [MESSAGE][INFO] - Checking response object

03-09-2024T18:14:59 - [MESSAGE][PASSED] - totalplay.Common.verifyPropertyExist is PASSED

03-09-2024T18:14:59 - [TEST_STEP][PASSED] - totalplay.Common.verifyPropertyValueExist(GetAddress_Response, _v): totalplay.Common.verifyPropertyValueExist is PASSED

03-09-2024T18:14:59 - [MESSAGE][INFO] - Checking response object

03-09-2024T18:14:59 - [MESSAGE][INFO] - 23.2

03-09-2024T18:14:59 - [MESSAGE][PASSED] - totalplay.Common.verifyPropertyValueExist is PASSED

03-09-2024T18:14:59 - [TEST_STEP][PASSED] - totalplay.Common.verifyPropertyExist(GetAddress_Response, _type): totalplay.Common.verifyPropertyExist is PASSED

03-09-2024T18:14:59 - [MESSAGE][INFO] - Checking response object

03-09-2024T18:14:59 - [MESSAGE][PASSED] - totalplay.Common.verifyPropertyExist is PASSED

03-09-2024T18:14:59 - [TEST_STEP][PASSED] - totalplay.Common.verifyPropertyValueExist(GetAddress_Response, _type): totalplay.Common.verifyPropertyValueExist is PASSED

03-09-2024T18:14:59 - [MESSAGE][INFO] - Checking response object

03-09-2024T18:14:59 - [MESSAGE][INFO] - customer_address_result

03-09-2024T18:14:59 - [MESSAGE][PASSED] - totalplay.Common.verifyPropertyValueExist is PASSED

03-09-2024T18:14:59 - [TEST_STEP][PASSED] - totalplay.Common.getNumValueofObject(GetAddress_Response, count): totalplay.Common.getNumValueofObject is PASSED

03-09-2024T18:14:59 - [MESSAGE][INFO] - Checking response object

03-09-2024T18:14:59 - [MESSAGE][PASSED] - totalplay.Common.getNumValueofObject is PASSED

03-09-2024T18:14:59 - [TEST_STEP][PASSED] - totalplay.Common.verifyPropertyExist(GetAddress_Response, data_0__type): totalplay.Common.verifyPropertyExist is PASSED

03-09-2024T18:14:59 - [MESSAGE][INFO] - Checking response object

03-09-2024T18:14:59 - [MESSAGE][PASSED] - totalplay.Common.verifyPropertyExist is PASSED

03-09-2024T18:14:59 - [TEST_STEP][PASSED] - totalplay.Common.verifyPropertyValueExist(GetAddress_Response, data_0__type): totalplay.Common.verifyPropertyValueExist is PASSED

03-09-2024T18:14:59 - [MESSAGE][INFO] - Checking response object

03-09-2024T18:14:59 - [MESSAGE][INFO] - customer_address

03-09-2024T18:14:59 - [MESSAGE][PASSED] - totalplay.Common.verifyPropertyValueExist is PASSED

03-09-2024T18:14:59 - [TEST_STEP][PASSED] - totalplay.Common.verifyPropertyExist(GetAddress_Response, data_0__resource_state): totalplay.Common.verifyPropertyExist is PASSED

03-09-2024T18:14:59 - [MESSAGE][INFO] - Checking response object

03-09-2024T18:14:59 - [MESSAGE][PASSED] - totalplay.Common.verifyPropertyExist is PASSED

03-09-2024T18:14:59 - [TEST_STEP][PASSED] - totalplay.Common.verifyPropertyValueExist(GetAddress_Response, data_0__resource_state): totalplay.Common.verifyPropertyValueExist is PASSED

03-09-2024T18:14:59 - [MESSAGE][INFO] - Checking response object

03-09-2024T18:14:59 - [MESSAGE][INFO] - 4eb9f0fa375d524e0d7961643a9d1847de392fe5f7eaa6e392bcd1c2f1569e2f

03-09-2024T18:14:59 - [MESSAGE][PASSED] - totalplay.Common.verifyPropertyValueExist is PASSED

03-09-2024T18:14:59 - [TEST_STEP][PASSED] - totalplay.Common.verifyPropertyExist(GetAddress_Response, data_0_address1): totalplay.Common.verifyPropertyExist is PASSED

03-09-2024T18:14:59 - [MESSAGE][INFO] - Checking response object

03-09-2024T18:14:59 - [MESSAGE][PASSED] - totalplay.Common.verifyPropertyExist is PASSED

03-09-2024T18:14:59 - [TEST_STEP][PASSED] - totalplay.Common.verifyPropertyValueExist(GetAddress_Response, data_0_address1): totalplay.Common.verifyPropertyValueExist is PASSED

03-09-2024T18:14:59 - [MESSAGE][INFO] - Checking response object

03-09-2024T18:14:59 - [MESSAGE][INFO] - Alejandro Dumas

03-09-2024T18:14:59 - [MESSAGE][PASSED] - totalplay.Common.verifyPropertyValueExist is PASSED

03-09-2024T18:14:59 - [TEST_STEP][PASSED] - totalplay.Common.verifyPropertyExist(GetAddress_Response, data_0_address_id): totalplay.Common.verifyPropertyExist is PASSED

03-09-2024T18:14:59 - [MESSAGE][INFO] - Checking response object

03-09-2024T18:14:59 - [MESSAGE][PASSED] - totalplay.Common.verifyPropertyExist is PASSED

03-09-2024T18:14:59 - [TEST_STEP][PASSED] - totalplay.Common.verifyPropertyValueExist(GetAddress_Response, data_0_address_id): totalplay.Common.verifyPropertyValueExist is PASSED

03-09-2024T18:14:59 - [MESSAGE][INFO] - Checking response object

03-09-2024T18:14:59 - [MESSAGE][INFO] - crm_default_address

03-09-2024T18:14:59 - [MESSAGE][PASSED] - totalplay.Common.verifyPropertyValueExist is PASSED

03-09-2024T18:14:59 - [TEST_STEP][PASSED] - totalplay.Common.verifyPropertyExist(GetAddress_Response, data_0_city): totalplay.Common.verifyPropertyExist is PASSED

03-09-2024T18:14:59 - [MESSAGE][INFO] - Checking response object

03-09-2024T18:14:59 - [MESSAGE][PASSED] - totalplay.Common.verifyPropertyExist is PASSED

03-09-2024T18:14:59 - [TEST_STEP][PASSED] - totalplay.Common.verifyPropertyValueExist(GetAddress_Response, data_0_city): totalplay.Common.verifyPropertyValueExist is PASSED

03-09-2024T18:14:59 - [MESSAGE][INFO] - Checking response object

03-09-2024T18:14:59 - [MESSAGE][INFO] - Ciudad de Mexico

03-09-2024T18:14:59 - [MESSAGE][PASSED] - totalplay.Common.verifyPropertyValueExist is PASSED

03-09-2024T18:14:59 - [TEST_STEP][PASSED] - totalplay.Common.verifyPropertyExist(GetAddress_Response, data_0_country_code): totalplay.Common.verifyPropertyExist is PASSED

03-09-2024T18:14:59 - [MESSAGE][INFO] - Checking response object

03-09-2024T18:15:00 - [MESSAGE][PASSED] - totalplay.Common.verifyPropertyExist is PASSED

03-09-2024T18:15:00 - [TEST_STEP][PASSED] - totalplay.Common.verifyPropertyValueExist(GetAddress_Response, data_0_country_code): totalplay.Common.verifyPropertyValueExist is PASSED

03-09-2024T18:15:00 - [MESSAGE][INFO] - Checking response object

03-09-2024T18:15:00 - [MESSAGE][INFO] - MX

03-09-2024T18:15:00 - [MESSAGE][PASSED] - totalplay.Common.verifyPropertyValueExist is PASSED

03-09-2024T18:15:00 - [TEST_STEP][PASSED] - totalplay.Common.verifyPropertyExist(GetAddress_Response, data_0_creation_date): totalplay.Common.verifyPropertyExist is PASSED

03-09-2024T18:15:00 - [MESSAGE][INFO] - Checking response object

03-09-2024T18:15:00 - [MESSAGE][PASSED] - totalplay.Common.verifyPropertyExist is PASSED

03-09-2024T18:15:00 - [TEST_STEP][PASSED] - totalplay.Common.verifyPropertyValueExist(GetAddress_Response, data_0_creation_date): totalplay.Common.verifyPropertyValueExist is PASSED

03-09-2024T18:15:00 - [MESSAGE][INFO] - Checking response object

03-09-2024T18:15:00 - [MESSAGE][INFO] - 2023-11-01T17:38:08.000Z

03-09-2024T18:15:00 - [MESSAGE][PASSED] - totalplay.Common.verifyPropertyValueExist is PASSED

03-09-2024T18:15:00 - [TEST_STEP][PASSED] - totalplay.Common.verifyPropertyExist(GetAddress_Response, data_0_first_name): totalplay.Common.verifyPropertyExist is PASSED

03-09-2024T18:15:00 - [MESSAGE][INFO] - Checking response object

03-09-2024T18:15:00 - [MESSAGE][PASSED] - totalplay.Common.verifyPropertyExist is PASSED

03-09-2024T18:15:00 - [TEST_STEP][PASSED] - totalplay.Common.verifyPropertyValueExist(GetAddress_Response, data_0_first_name): totalplay.Common.verifyPropertyValueExist is PASSED

03-09-2024T18:15:00 - [MESSAGE][INFO] - Checking response object

03-09-2024T18:15:00 - [MESSAGE][INFO] - CESAR

03-09-2024T18:15:00 - [MESSAGE][PASSED] - totalplay.Common.verifyPropertyValueExist is PASSED

03-09-2024T18:15:00 - [TEST_STEP][PASSED] - totalplay.Common.verifyPropertyExist(GetAddress_Response, data_0_full_name): totalplay.Common.verifyPropertyExist is PASSED

03-09-2024T18:15:00 - [MESSAGE][INFO] - Checking response object

03-09-2024T18:15:00 - [MESSAGE][PASSED] - totalplay.Common.verifyPropertyExist is PASSED

03-09-2024T18:15:00 - [TEST_STEP][PASSED] - totalplay.Common.verifyPropertyValueExist(GetAddress_Response, data_0_full_name): totalplay.Common.verifyPropertyValueExist is PASSED

03-09-2024T18:15:00 - [MESSAGE][INFO] - Checking response object

03-09-2024T18:15:00 - [MESSAGE][INFO] - CESAR GERARDO WALDO GONZALEZ

03-09-2024T18:15:00 - [MESSAGE][PASSED] - totalplay.Common.verifyPropertyValueExist is PASSED

03-09-2024T18:15:00 - [TEST_STEP][PASSED] - totalplay.Common.verifyPropertyExist(GetAddress_Response, data_0_last_modified): totalplay.Common.verifyPropertyExist is PASSED

03-09-2024T18:15:00 - [MESSAGE][INFO] - Checking response object

03-09-2024T18:15:00 - [MESSAGE][PASSED] - totalplay.Common.verifyPropertyExist is PASSED

03-09-2024T18:15:00 - [TEST_STEP][PASSED] - totalplay.Common.verifyPropertyValueExist(GetAddress_Response, data_0_last_modified): totalplay.Common.verifyPropertyValueExist is PASSED

03-09-2024T18:15:00 - [MESSAGE][INFO] - Checking response object

03-09-2024T18:15:00 - [MESSAGE][INFO] - 2024-09-03T10:25:56.000Z

03-09-2024T18:15:00 - [MESSAGE][PASSED] - totalplay.Common.verifyPropertyValueExist is PASSED

03-09-2024T18:15:00 - [TEST_STEP][PASSED] - totalplay.Common.verifyPropertyExist(GetAddress_Response, data_0_last_name): totalplay.Common.verifyPropertyExist is PASSED

03-09-2024T18:15:00 - [MESSAGE][INFO] - Checking response object

03-09-2024T18:15:00 - [MESSAGE][PASSED] - totalplay.Common.verifyPropertyExist is PASSED

03-09-2024T18:15:00 - [TEST_STEP][PASSED] - totalplay.Common.verifyPropertyValueExist(GetAddress_Response, data_0_last_name): totalplay.Common.verifyPropertyValueExist is PASSED

03-09-2024T18:15:00 - [MESSAGE][INFO] - Checking response object

03-09-2024T18:15:00 - [MESSAGE][INFO] - GERARDO WALDO GONZALEZ

03-09-2024T18:15:00 - [MESSAGE][PASSED] - totalplay.Common.verifyPropertyValueExist is PASSED

03-09-2024T18:15:00 - [TEST_STEP][PASSED] - totalplay.Common.verifyPropertyExist(GetAddress_Response, data_0_phone): totalplay.Common.verifyPropertyExist is PASSED

03-09-2024T18:15:00 - [MESSAGE][INFO] - Checking response object

03-09-2024T18:15:00 - [MESSAGE][PASSED] - totalplay.Common.verifyPropertyExist is PASSED

03-09-2024T18:15:00 - [TEST_STEP][PASSED] - totalplay.Common.verifyPropertyValueExist(GetAddress_Response, data_0_phone): totalplay.Common.verifyPropertyValueExist is PASSED

03-09-2024T18:15:00 - [MESSAGE][INFO] - Checking response object

03-09-2024T18:15:00 - [MESSAGE][INFO] - 5579660270

03-09-2024T18:15:00 - [MESSAGE][PASSED] - totalplay.Common.verifyPropertyValueExist is PASSED

03-09-2024T18:15:00 - [TEST_STEP][PASSED] - totalplay.Common.verifyPropertyExist(GetAddress_Response, data_0_postal_code): totalplay.Common.verifyPropertyExist is PASSED

03-09-2024T18:15:00 - [MESSAGE][INFO] - Checking response object

03-09-2024T18:15:00 - [MESSAGE][PASSED] - totalplay.Common.verifyPropertyExist is PASSED

03-09-2024T18:15:00 - [TEST_STEP][PASSED] - totalplay.Common.verifyPropertyValueExist(GetAddress_Response, data_0_postal_code): totalplay.Common.verifyPropertyValueExist is PASSED

03-09-2024T18:15:00 - [MESSAGE][INFO] - Checking response object

03-09-2024T18:15:00 - [MESSAGE][INFO] - 11500

03-09-2024T18:15:00 - [MESSAGE][PASSED] - totalplay.Common.verifyPropertyValueExist is PASSED

03-09-2024T18:15:00 - [TEST_STEP][PASSED] - totalplay.Common.getBooleanValueofObject(GetAddress_Response, data_0_preferred): totalplay.Common.getBooleanValueofObject is PASSED

03-09-2024T18:15:00 - [MESSAGE][INFO] - Checking response object

03-09-2024T18:15:00 - [MESSAGE][PASSED] - totalplay.Common.getBooleanValueofObject is PASSED

03-09-2024T18:15:00 - [TEST_STEP][PASSED] - totalplay.Common.verifyPropertyExist(GetAddress_Response, data_0_c_addressupdatedtime): totalplay.Common.verifyPropertyExist is PASSED

03-09-2024T18:15:00 - [MESSAGE][INFO] - Checking response object

03-09-2024T18:15:00 - [MESSAGE][PASSED] - totalplay.Common.verifyPropertyExist is PASSED

03-09-2024T18:15:00 - [TEST_STEP][PASSED] - totalplay.Common.verifyPropertyValueExist(GetAddress_Response, data_0_c_addressupdatedtime): totalplay.Common.verifyPropertyValueExist is PASSED

03-09-2024T18:15:00 - [MESSAGE][INFO] - Checking response object

03-09-2024T18:15:00 - [MESSAGE][INFO] - 1725261335944

03-09-2024T18:15:00 - [MESSAGE][PASSED] - totalplay.Common.verifyPropertyValueExist is PASSED

03-09-2024T18:15:00 - [TEST_STEP][PASSED] - totalplay.Common.verifyPropertyExist(GetAddress_Response, data_0_c_alias): totalplay.Common.verifyPropertyExist is PASSED

03-09-2024T18:15:00 - [MESSAGE][INFO] - Checking response object

03-09-2024T18:15:00 - [MESSAGE][PASSED] - totalplay.Common.verifyPropertyExist is PASSED

03-09-2024T18:15:00 - [TEST_STEP][PASSED] - totalplay.Common.verifyPropertyValueExist(GetAddress_Response, data_0_c_alias): totalplay.Common.verifyPropertyValueExist is PASSED

03-09-2024T18:15:00 - [MESSAGE][INFO] - Checking response object

03-09-2024T18:15:00 - [MESSAGE][INFO] - CasaWaldoP

03-09-2024T18:15:00 - [MESSAGE][PASSED] - totalplay.Common.verifyPropertyValueExist is PASSED

03-09-2024T18:15:00 - [TEST_STEP][PASSED] - totalplay.Common.verifyPropertyExist(GetAddress_Response, data_0_c_brmId): totalplay.Common.verifyPropertyExist is PASSED

03-09-2024T18:15:00 - [MESSAGE][INFO] - Checking response object

03-09-2024T18:15:00 - [MESSAGE][PASSED] - totalplay.Common.verifyPropertyExist is PASSED

03-09-2024T18:15:00 - [TEST_STEP][PASSED] - totalplay.Common.verifyPropertyValueExist(GetAddress_Response, data_0_c_brmId): totalplay.Common.verifyPropertyValueExist is PASSED

03-09-2024T18:15:00 - [MESSAGE][INFO] - Checking response object

03-09-2024T18:15:01 - [MESSAGE][INFO] - 0106378356

03-09-2024T18:15:01 - [MESSAGE][PASSED] - totalplay.Common.verifyPropertyValueExist is PASSED

03-09-2024T18:15:01 - [TEST_STEP][PASSED] - totalplay.Common.verifyPropertyExist(GetAddress_Response, data_0_c_crm_address_id): totalplay.Common.verifyPropertyExist is PASSED

03-09-2024T18:15:01 - [MESSAGE][INFO] - Checking response object

03-09-2024T18:15:01 - [MESSAGE][PASSED] - totalplay.Common.verifyPropertyExist is PASSED

03-09-2024T18:15:01 - [TEST_STEP][PASSED] - totalplay.Common.verifyPropertyValueExist(GetAddress_Response, data_0_c_crm_address_id): totalplay.Common.verifyPropertyValueExist is PASSED

03-09-2024T18:15:01 - [MESSAGE][INFO] - Checking response object

03-09-2024T18:15:01 - [MESSAGE][INFO] - a4z3C0000009B0mQAE

03-09-2024T18:15:01 - [MESSAGE][PASSED] - totalplay.Common.verifyPropertyValueExist is PASSED

03-09-2024T18:15:01 - [TEST_STEP][PASSED] - totalplay.Common.verifyPropertyExist(GetAddress_Response, data_0_c_dateRegister): totalplay.Common.verifyPropertyExist is PASSED

03-09-2024T18:15:01 - [MESSAGE][INFO] - Checking response object

03-09-2024T18:15:01 - [MESSAGE][PASSED] - totalplay.Common.verifyPropertyExist is PASSED

03-09-2024T18:15:01 - [TEST_STEP][PASSED] - totalplay.Common.verifyPropertyValueExist(GetAddress_Response, data_0_c_dateRegister): totalplay.Common.verifyPropertyValueExist is PASSED

03-09-2024T18:15:01 - [MESSAGE][INFO] - Checking response object

03-09-2024T18:15:01 - [MESSAGE][INFO] - 2024-05-30T22:44:06.000Z

03-09-2024T18:15:01 - [MESSAGE][PASSED] - totalplay.Common.verifyPropertyValueExist is PASSED

03-09-2024T18:15:01 - [TEST_STEP][PASSED] - totalplay.Common.verifyPropertyExist(GetAddress_Response, data_0_c_dateUpdate): totalplay.Common.verifyPropertyExist is PASSED

03-09-2024T18:15:01 - [MESSAGE][INFO] - Checking response object

03-09-2024T18:15:01 - [MESSAGE][PASSED] - totalplay.Common.verifyPropertyExist is PASSED

03-09-2024T18:15:01 - [TEST_STEP][PASSED] - totalplay.Common.verifyPropertyValueExist(GetAddress_Response, data_0_c_dateUpdate): totalplay.Common.verifyPropertyValueExist is PASSED

03-09-2024T18:15:01 - [MESSAGE][INFO] - Checking response object

03-09-2024T18:15:01 - [MESSAGE][INFO] - 2024-05-30T22:44:06.000Z

03-09-2024T18:15:01 - [MESSAGE][PASSED] - totalplay.Common.verifyPropertyValueExist is PASSED

03-09-2024T18:15:01 - [TEST_STEP][PASSED] - totalplay.Common.verifyPropertyExist(GetAddress_Response, data_0_c_delegation): totalplay.Common.verifyPropertyExist is PASSED

03-09-2024T18:15:01 - [MESSAGE][INFO] - Checking response object

03-09-2024T18:15:01 - [MESSAGE][PASSED] - totalplay.Common.verifyPropertyExist is PASSED

03-09-2024T18:15:01 - [TEST_STEP][PASSED] - totalplay.Common.verifyPropertyValueExist(GetAddress_Response, data_0_c_delegation): totalplay.Common.verifyPropertyValueExist is PASSED

03-09-2024T18:15:01 - [MESSAGE][INFO] - Checking response object

03-09-2024T18:15:01 - [MESSAGE][INFO] - Miguel Hidalgo

03-09-2024T18:15:01 - [MESSAGE][PASSED] - totalplay.Common.verifyPropertyValueExist is PASSED

03-09-2024T18:15:01 - [TEST_STEP][PASSED] - totalplay.Common.verifyPropertyExist(GetAddress_Response, data_0_c_isBilling): totalplay.Common.verifyPropertyExist is PASSED

03-09-2024T18:15:01 - [MESSAGE][INFO] - Checking response object

03-09-2024T18:15:01 - [MESSAGE][PASSED] - totalplay.Common.verifyPropertyExist is PASSED

03-09-2024T18:15:01 - [TEST_STEP][PASSED] - totalplay.Common.verifyPropertyValueExist(GetAddress_Response, data_0_c_isBilling): totalplay.Common.verifyPropertyValueExist is PASSED

03-09-2024T18:15:01 - [MESSAGE][INFO] - Checking response object

03-09-2024T18:15:01 - [MESSAGE][INFO] - false

03-09-2024T18:15:01 - [MESSAGE][PASSED] - totalplay.Common.verifyPropertyValueExist is PASSED

03-09-2024T18:15:01 - [TEST_STEP][PASSED] - totalplay.Common.verifyPropertyExist(GetAddress_Response, data_0_c_isContact): totalplay.Common.verifyPropertyExist is PASSED

03-09-2024T18:15:01 - [MESSAGE][INFO] - Checking response object

03-09-2024T18:15:01 - [MESSAGE][PASSED] - totalplay.Common.verifyPropertyExist is PASSED

03-09-2024T18:15:01 - [TEST_STEP][PASSED] - totalplay.Common.verifyPropertyValueExist(GetAddress_Response, data_0_c_isContact): totalplay.Common.verifyPropertyValueExist is PASSED

03-09-2024T18:15:01 - [MESSAGE][INFO] - Checking response object

03-09-2024T18:15:01 - [MESSAGE][INFO] - false

03-09-2024T18:15:01 - [MESSAGE][PASSED] - totalplay.Common.verifyPropertyValueExist is PASSED

03-09-2024T18:15:01 - [TEST_STEP][PASSED] - totalplay.Common.verifyPropertyExist(GetAddress_Response, data_0_c_isShipping): totalplay.Common.verifyPropertyExist is PASSED

03-09-2024T18:15:01 - [MESSAGE][INFO] - Checking response object

03-09-2024T18:15:01 - [MESSAGE][PASSED] - totalplay.Common.verifyPropertyExist is PASSED

03-09-2024T18:15:01 - [TEST_STEP][PASSED] - totalplay.Common.verifyPropertyValueExist(GetAddress_Response, data_0_c_isShipping): totalplay.Common.verifyPropertyValueExist is PASSED

03-09-2024T18:15:01 - [MESSAGE][INFO] - Checking response object

03-09-2024T18:15:01 - [MESSAGE][INFO] - false

03-09-2024T18:15:01 - [MESSAGE][PASSED] - totalplay.Common.verifyPropertyValueExist is PASSED

03-09-2024T18:15:01 - [TEST_STEP][PASSED] - totalplay.Common.verifyPropertyExist(GetAddress_Response, data_0_c_label): totalplay.Common.verifyPropertyExist is PASSED

03-09-2024T18:15:01 - [MESSAGE][INFO] - Checking response object

03-09-2024T18:15:01 - [MESSAGE][PASSED] - totalplay.Common.verifyPropertyExist is PASSED

03-09-2024T18:15:01 - [TEST_STEP][PASSED] - totalplay.Common.verifyPropertyValueExist(GetAddress_Response, data_0_c_label): totalplay.Common.verifyPropertyValueExist is PASSED

03-09-2024T18:15:01 - [MESSAGE][INFO] - Checking response object

03-09-2024T18:15:01 - [MESSAGE][INFO] - {"home":true,"company":false,"other":false}

03-09-2024T18:15:01 - [MESSAGE][PASSED] - totalplay.Common.verifyPropertyValueExist is PASSED

03-09-2024T18:15:01 - [TEST_STEP][PASSED] - totalplay.Common.verifyPropertyExist(GetAddress_Response, data_0_c_latitude): totalplay.Common.verifyPropertyExist is PASSED

03-09-2024T18:15:01 - [MESSAGE][INFO] - Checking response object

03-09-2024T18:15:01 - [MESSAGE][PASSED] - totalplay.Common.verifyPropertyExist is PASSED

03-09-2024T18:15:01 - [TEST_STEP][PASSED] - totalplay.Common.verifyPropertyValueExist(GetAddress_Response, data_0_c_latitude): totalplay.Common.verifyPropertyValueExist is PASSED

03-09-2024T18:15:01 - [MESSAGE][INFO] - Checking response object

03-09-2024T18:15:01 - [MESSAGE][INFO] - 19.439691

03-09-2024T18:15:01 - [MESSAGE][PASSED] - totalplay.Common.verifyPropertyValueExist is PASSED

03-09-2024T18:15:01 - [TEST_STEP][PASSED] - totalplay.Common.verifyPropertyExist(GetAddress_Response, data_0_c_longitude): totalplay.Common.verifyPropertyExist is PASSED

03-09-2024T18:15:01 - [MESSAGE][INFO] - Checking response object

03-09-2024T18:15:01 - [MESSAGE][PASSED] - totalplay.Common.verifyPropertyExist is PASSED

03-09-2024T18:15:01 - [TEST_STEP][PASSED] - totalplay.Common.verifyPropertyValueExist(GetAddress_Response, data_0_c_longitude): totalplay.Common.verifyPropertyValueExist is PASSED

03-09-2024T18:15:01 - [MESSAGE][INFO] - Checking response object

03-09-2024T18:15:01 - [MESSAGE][INFO] - -99.205670

03-09-2024T18:15:01 - [MESSAGE][PASSED] - totalplay.Common.verifyPropertyValueExist is PASSED

03-09-2024T18:15:01 - [TEST_STEP][PASSED] - totalplay.Common.verifyPropertyExist(GetAddress_Response, data_0_c_nExt): totalplay.Common.verifyPropertyExist is PASSED

03-09-2024T18:15:01 - [MESSAGE][INFO] - Checking response object

03-09-2024T18:15:01 - [MESSAGE][PASSED] - totalplay.Common.verifyPropertyExist is PASSED

03-09-2024T18:15:01 - [TEST_STEP][PASSED] - totalplay.Common.verifyPropertyValueExist(GetAddress_Response, data_0_c_nExt): totalplay.Common.verifyPropertyValueExist is PASSED

03-09-2024T18:15:01 - [MESSAGE][INFO] - Checking response object

03-09-2024T18:15:02 - [MESSAGE][INFO] - 107

03-09-2024T18:15:02 - [MESSAGE][PASSED] - totalplay.Common.verifyPropertyValueExist is PASSED

03-09-2024T18:15:02 - [TEST_STEP][PASSED] - totalplay.Common.verifyPropertyExist(GetAddress_Response, data_0_c_neighborhood): totalplay.Common.verifyPropertyExist is PASSED

03-09-2024T18:15:02 - [MESSAGE][INFO] - Checking response object

03-09-2024T18:15:02 - [MESSAGE][PASSED] - totalplay.Common.verifyPropertyExist is PASSED

03-09-2024T18:15:02 - [TEST_STEP][PASSED] - totalplay.Common.verifyPropertyValueExist(GetAddress_Response, data_0_c_neighborhood): totalplay.Common.verifyPropertyValueExist is PASSED

03-09-2024T18:15:02 - [MESSAGE][INFO] - Checking response object

03-09-2024T18:15:02 - [MESSAGE][INFO] - Polanco

03-09-2024T18:15:02 - [MESSAGE][PASSED] - totalplay.Common.verifyPropertyValueExist is PASSED

03-09-2024T18:15:02 - [TEST_STEP][PASSED] - totalplay.Common.verifyPropertyExist(GetAddress_Response, data_0_c_references): totalplay.Common.verifyPropertyExist is PASSED

03-09-2024T18:15:02 - [MESSAGE][INFO] - Checking response object

03-09-2024T18:15:02 - [MESSAGE][PASSED] - totalplay.Common.verifyPropertyExist is PASSED

03-09-2024T18:15:02 - [TEST_STEP][PASSED] - totalplay.Common.verifyPropertyValueExist(GetAddress_Response, data_0_c_references): totalplay.Common.verifyPropertyValueExist is PASSED

03-09-2024T18:15:02 - [MESSAGE][INFO] - Checking response object

03-09-2024T18:15:02 - [MESSAGE][INFO] - Llamar al llegar

03-09-2024T18:15:02 - [MESSAGE][PASSED] - totalplay.Common.verifyPropertyValueExist is PASSED

03-09-2024T18:15:02 - [TEST_STEP][PASSED] - totalplay.Common.verifyPropertyExist(GetAddress_Response, data_0_c_rfc): totalplay.Common.verifyPropertyExist is PASSED

03-09-2024T18:15:02 - [MESSAGE][INFO] - Checking response object

03-09-2024T18:15:02 - [MESSAGE][PASSED] - totalplay.Common.verifyPropertyExist is PASSED

03-09-2024T18:15:02 - [TEST_STEP][PASSED] - totalplay.Common.verifyPropertyValueExist(GetAddress_Response, data_0_c_rfc): totalplay.Common.verifyPropertyValueExist is PASSED

03-09-2024T18:15:02 - [MESSAGE][INFO] - Checking response object

03-09-2024T18:15:02 - [MESSAGE][INFO] - XAXA010101111

03-09-2024T18:15:02 - [MESSAGE][PASSED] - totalplay.Common.verifyPropertyValueExist is PASSED

03-09-2024T18:15:02 - [TEST_STEP][PASSED] - totalplay.Common.verifyPropertyExist(GetAddress_Response, data_0_c_state): totalplay.Common.verifyPropertyExist is PASSED

03-09-2024T18:15:02 - [MESSAGE][INFO] - Checking response object

03-09-2024T18:15:02 - [MESSAGE][PASSED] - totalplay.Common.verifyPropertyExist is PASSED

03-09-2024T18:15:02 - [TEST_STEP][PASSED] - totalplay.Common.verifyPropertyValueExist(GetAddress_Response, data_0_c_state): totalplay.Common.verifyPropertyValueExist is PASSED

03-09-2024T18:15:02 - [MESSAGE][INFO] - Checking response object

03-09-2024T18:15:02 - [MESSAGE][INFO] - CDMX

03-09-2024T18:15:02 - [MESSAGE][PASSED] - totalplay.Common.verifyPropertyValueExist is PASSED

03-09-2024T18:15:02 - [TEST_STEP][PASSED] - totalplay.Common.verifyPropertyExist(GetAddress_Response, data_0_c_status): totalplay.Common.verifyPropertyExist is PASSED

03-09-2024T18:15:02 - [MESSAGE][INFO] - Checking response object

03-09-2024T18:15:02 - [MESSAGE][PASSED] - totalplay.Common.verifyPropertyExist is PASSED

03-09-2024T18:15:02 - [TEST_STEP][PASSED] - totalplay.Common.verifyPropertyValueExist(GetAddress_Response, data_0_c_status): totalplay.Common.verifyPropertyValueExist is PASSED

03-09-2024T18:15:02 - [MESSAGE][INFO] - Checking response object

03-09-2024T18:15:02 - [MESSAGE][INFO] - true

03-09-2024T18:15:02 - [MESSAGE][PASSED] - totalplay.Common.verifyPropertyValueExist is PASSED

03-09-2024T18:15:02 - [TEST_STEP][PASSED] - totalplay.Common.verifyPropertyExist(GetAddress_Response, data_0_c_streetName): totalplay.Common.verifyPropertyExist is PASSED

03-09-2024T18:15:02 - [MESSAGE][INFO] - Checking response object

03-09-2024T18:15:02 - [MESSAGE][PASSED] - totalplay.Common.verifyPropertyExist is PASSED

03-09-2024T18:15:02 - [TEST_STEP][PASSED] - totalplay.Common.verifyPropertyValueExist(GetAddress_Response, data_0_c_streetName): totalplay.Common.verifyPropertyValueExist is PASSED

03-09-2024T18:15:02 - [MESSAGE][INFO] - Checking response object

03-09-2024T18:15:02 - [MESSAGE][INFO] - Alejandro Dumas

03-09-2024T18:15:02 - [MESSAGE][PASSED] - totalplay.Common.verifyPropertyValueExist is PASSED

03-09-2024T18:15:02 - [TEST_STEP][PASSED] - totalplay.Common.getNumValueofObject(GetAddress_Response, start): totalplay.Common.getNumValueofObject is PASSED

03-09-2024T18:15:02 - [MESSAGE][INFO] - Checking response object

03-09-2024T18:15:02 - [MESSAGE][PASSED] - totalplay.Common.getNumValueofObject is PASSED

03-09-2024T18:15:02 - [TEST_STEP][PASSED] - totalplay.Common.getNumValueofObject(GetAddress_Response, total): totalplay.Common.getNumValueofObject is PASSED

03-09-2024T18:15:02 - [MESSAGE][INFO] - Checking response object

03-09-2024T18:15:02 - [MESSAGE][PASSED] - totalplay.Common.getNumValueofObject is PASSED]]></system-out>
         <system-err><![CDATA[]]></system-err>
      </testcase>
      <testcase name="Test Cases/TotalPlay-Food/TC_10_Update_Customer_Address" time="5.202" classname="Test Cases/TotalPlay-Food/TC_10_Update_Customer_Address" status="PASSED">
         <system-out><![CDATA[03-09-2024T18:15:02 - [TEST_CASE][PASSED] - Test Cases/TotalPlay-Food/TC_10_Update_Customer_Address: Test Cases/TotalPlay-Food/TC_10_Update_Customer_Address

03-09-2024T18:15:03 - [TEST_STEP][PASSED] - callTestCase(findTestCase("TotalPlay-Food/TC_1_Login_Service"), [:], STOP_ON_FAILURE): Call Test Case 'Test Cases/TotalPlay-Food/TC_1_Login_Service' successfully

03-09-2024T18:15:03 - [MESSAGE][INFO] - Checking called Test Case

03-09-2024T18:15:03 - [MESSAGE][INFO] - Starting to call Test Case 'Test Cases/TotalPlay-Food/TC_1_Login_Service'

03-09-2024T18:15:03 - [TEST_CASE][PASSED] - Test Cases/TotalPlay-Food/TC_1_Login_Service: Test Cases/TotalPlay-Food/TC_1_Login_Service

03-09-2024T18:15:03 - [TEST_STEP][PASSED] - LoginResponse = sendRequest(findTestObject("TotalPlay-Food/getTokenDelivery", ["URL":URL])): Send request successfully

03-09-2024T18:15:03 - [MESSAGE][INFO] - Finding Test Object 'Object Repository/TotalPlay-Food/getTokenDelivery'

03-09-2024T18:15:03 - [MESSAGE][INFO] - Checking request object

03-09-2024T18:15:06 - [MESSAGE][INFO] - HAR: C:\Users\ShubhamKumarThakur\OneDrive - Kognivera\Documents\TotalPlay\totalplay-automation\Reports\20240903_181332\Food_Service_Normal_Flow_PlaceOrder\20240903_181332\requests\main\12.har

03-09-2024T18:15:06 - [MESSAGE][PASSED] - Send request successfully

03-09-2024T18:15:06 - [TEST_STEP][PASSED] - assert getResponseStatusCode(LoginResponse) == 200: Checking response object

03-09-2024T18:15:06 - [MESSAGE][INFO] - Checking response object

03-09-2024T18:15:06 - [TEST_STEP][PASSED] - Auth = "ocapiResponse.access_token": null

03-09-2024T18:15:06 - [TEST_STEP][PASSED] - FoodBascketId = "ocapiResponse.c_basketId_TP_FOOD": null

03-09-2024T18:15:06 - [TEST_STEP][PASSED] - FoodBasId = getElementPropertyValue(LoginResponse, FoodBascketId): Checking response object

03-09-2024T18:15:06 - [MESSAGE][INFO] - Checking response object

03-09-2024T18:15:06 - [TEST_STEP][PASSED] - sfccAuthorization = getElementPropertyValue(LoginResponse, Auth): Checking response object

03-09-2024T18:15:06 - [MESSAGE][INFO] - Checking response object

03-09-2024T18:15:06 - [TEST_STEP][PASSED] - Authorization = "Bearer " + sfccAuthorization: null

03-09-2024T18:15:06 - [TEST_STEP][PASSED] - FoodBasketId = FoodBasId: null

03-09-2024T18:15:06 - [TEST_STEP][PASSED] - logInfo(bm_auth_token): 

03-09-2024T18:15:06 - [MESSAGE][INFO] - 

03-09-2024T18:15:06 - [TEST_STEP][PASSED] - if (sfccAuthorization.length() == 0): null

03-09-2024T18:15:06 - [TEST_STEP][PASSED] - else: authorization generated

03-09-2024T18:15:06 - [TEST_STEP][PASSED] - markPassed("authorization generated"): authorization generated

03-09-2024T18:15:06 - [MESSAGE][PASSED] - authorization generated

03-09-2024T18:15:06 - [TEST_STEP][PASSED] - BasketId_loginResponse = "ocapiResponse.c_basketId": null

03-09-2024T18:15:06 - [TEST_STEP][PASSED] - CustomerId_loginResponse = "ocapiResponse.customer_id": null

03-09-2024T18:15:06 - [TEST_STEP][PASSED] - basketId = getElementPropertyValue(LoginResponse, BasketId_loginResponse): Checking response object

03-09-2024T18:15:06 - [MESSAGE][INFO] - Checking response object

03-09-2024T18:15:06 - [TEST_STEP][PASSED] - customerId = getElementPropertyValue(LoginResponse, CustomerId_loginResponse): Checking response object

03-09-2024T18:15:06 - [MESSAGE][INFO] - Checking response object

03-09-2024T18:15:06 - [TEST_STEP][PASSED] - basketID = basketId: null

03-09-2024T18:15:06 - [TEST_STEP][PASSED] - sla_customerId = customerId: null

03-09-2024T18:15:06 - [TEST_STEP][PASSED] - println(basketID): null

03-09-2024T18:15:06 - [TEST_STEP][PASSED] - println(sla_customerId): null

03-09-2024T18:15:06 - [TEST_STEP][PASSED] - refresh_token = "ocapiResponse.refresh_token": null

03-09-2024T18:15:06 - [TEST_STEP][PASSED] - customer_email = "ocapiResponse.customer_email": null

03-09-2024T18:15:06 - [TEST_STEP][PASSED] - c_brmId = "ocapiResponse.c_brmId": null

03-09-2024T18:15:06 - [TEST_STEP][PASSED] - customer_name = "ocapiResponse.customer_name": null

03-09-2024T18:15:06 - [TEST_STEP][PASSED] - totalplay.Common.verifyPropertyExist(LoginResponse, refresh_token): totalplay.Common.verifyPropertyExist is PASSED

03-09-2024T18:15:06 - [MESSAGE][INFO] - Checking response object

03-09-2024T18:15:06 - [MESSAGE][PASSED] - totalplay.Common.verifyPropertyExist is PASSED

03-09-2024T18:15:06 - [TEST_STEP][PASSED] - totalplay.Common.verifyPropertyValueExist(LoginResponse, refresh_token): totalplay.Common.verifyPropertyValueExist is PASSED

03-09-2024T18:15:06 - [MESSAGE][INFO] - Checking response object

03-09-2024T18:15:06 - [MESSAGE][INFO] - 7bHeelK24SZNBZRLugWt0cQjjDb2-arbveDQFwYbQBI

03-09-2024T18:15:06 - [MESSAGE][PASSED] - totalplay.Common.verifyPropertyValueExist is PASSED

03-09-2024T18:15:06 - [TEST_STEP][PASSED] - totalplay.Common.verifyPropertyExist(LoginResponse, customer_email): totalplay.Common.verifyPropertyExist is PASSED

03-09-2024T18:15:06 - [MESSAGE][INFO] - Checking response object

03-09-2024T18:15:06 - [MESSAGE][PASSED] - totalplay.Common.verifyPropertyExist is PASSED

03-09-2024T18:15:06 - [TEST_STEP][PASSED] - totalplay.Common.verifyPropertyValueExist(LoginResponse, customer_email): totalplay.Common.verifyPropertyValueExist is PASSED

03-09-2024T18:15:06 - [MESSAGE][INFO] - Checking response object

03-09-2024T18:15:06 - [MESSAGE][INFO] - cesar.waldo93@gmail.com

03-09-2024T18:15:06 - [MESSAGE][PASSED] - totalplay.Common.verifyPropertyValueExist is PASSED

03-09-2024T18:15:06 - [TEST_STEP][PASSED] - totalplay.Common.verifyPropertyExist(LoginResponse, customer_name): totalplay.Common.verifyPropertyExist is PASSED

03-09-2024T18:15:06 - [MESSAGE][INFO] - Checking response object

03-09-2024T18:15:06 - [MESSAGE][PASSED] - totalplay.Common.verifyPropertyExist is PASSED

03-09-2024T18:15:06 - [TEST_STEP][PASSED] - totalplay.Common.verifyPropertyValueExist(LoginResponse, customer_name): totalplay.Common.verifyPropertyValueExist is PASSED

03-09-2024T18:15:06 - [MESSAGE][INFO] - Checking response object

03-09-2024T18:15:06 - [MESSAGE][INFO] - CESAR GERARDO WALDO GONZALEZ

03-09-2024T18:15:06 - [MESSAGE][PASSED] - totalplay.Common.verifyPropertyValueExist is PASSED

03-09-2024T18:15:06 - [TEST_STEP][PASSED] - totalplay.Common.verifyPropertyExist(LoginResponse, c_brmId): totalplay.Common.verifyPropertyExist is PASSED

03-09-2024T18:15:06 - [MESSAGE][INFO] - Checking response object

03-09-2024T18:15:06 - [MESSAGE][PASSED] - totalplay.Common.verifyPropertyExist is PASSED

03-09-2024T18:15:06 - [TEST_STEP][PASSED] - totalplay.Common.verifyPropertyValueExist(LoginResponse, c_brmId): totalplay.Common.verifyPropertyValueExist is PASSED

03-09-2024T18:15:06 - [MESSAGE][INFO] - Checking response object

03-09-2024T18:15:06 - [MESSAGE][INFO] - 0106378356

03-09-2024T18:15:06 - [MESSAGE][PASSED] - totalplay.Common.verifyPropertyValueExist is PASSED

03-09-2024T18:15:06 - [MESSAGE][PASSED] - Call Test Case 'Test Cases/TotalPlay-Food/TC_1_Login_Service' successfully

03-09-2024T18:15:06 - [TEST_STEP][PASSED] - UpdateAddress = sendRequest(findTestObject("TotalPlay-Food/update customer address", ["URL":URL, "CustomerID":sla_customerId])): Send request successfully

03-09-2024T18:15:06 - [MESSAGE][INFO] - Finding Test Object 'Object Repository/TotalPlay-Food/update customer address'

03-09-2024T18:15:06 - [MESSAGE][INFO] - Checking request object

03-09-2024T18:15:07 - [MESSAGE][INFO] - HAR: C:\Users\ShubhamKumarThakur\OneDrive - Kognivera\Documents\TotalPlay\totalplay-automation\Reports\20240903_181332\Food_Service_Normal_Flow_PlaceOrder\20240903_181332\requests\main\13.har

03-09-2024T18:15:07 - [MESSAGE][PASSED] - Send request successfully

03-09-2024T18:15:07 - [TEST_STEP][PASSED] - verifyResponseStatusCode(UpdateAddress, 200): Verify response status code successfully

03-09-2024T18:15:07 - [MESSAGE][INFO] - Checking response object

03-09-2024T18:15:07 - [MESSAGE][PASSED] - Verify response status code successfully

03-09-2024T18:15:07 - [TEST_STEP][PASSED] - GetAddress = sendRequest(findTestObject("TotalPlay-Food/GetAddresses", ["URL":URL, "sla_customerId":sla_customerId, "shop_auth_token":shop_auth_token])): Send request successfully

03-09-2024T18:15:07 - [MESSAGE][INFO] - Finding Test Object 'Object Repository/TotalPlay-Food/GetAddresses'

03-09-2024T18:15:07 - [MESSAGE][INFO] - Checking request object

03-09-2024T18:15:07 - [MESSAGE][INFO] - HAR: C:\Users\ShubhamKumarThakur\OneDrive - Kognivera\Documents\TotalPlay\totalplay-automation\Reports\20240903_181332\Food_Service_Normal_Flow_PlaceOrder\20240903_181332\requests\main\14.har

03-09-2024T18:15:07 - [MESSAGE][PASSED] - Send request successfully

03-09-2024T18:15:07 - [TEST_STEP][PASSED] - verifyResponseStatusCode(GetAddress, 200): Verify response status code successfully

03-09-2024T18:15:07 - [MESSAGE][INFO] - Checking response object

03-09-2024T18:15:07 - [MESSAGE][PASSED] - Verify response status code successfully

03-09-2024T18:15:07 - [TEST_STEP][PASSED] - addresses_postalCode = "data[0].postal_code": null

03-09-2024T18:15:07 - [TEST_STEP][PASSED] - PostalCode = getElementPropertyValue(GetAddress, addresses_postalCode): Checking response object

03-09-2024T18:15:07 - [MESSAGE][INFO] - Checking response object

03-09-2024T18:15:07 - [TEST_STEP][PASSED] - if (PostalCode == "55120"): null

03-09-2024T18:15:07 - [TEST_STEP][PASSED] - else: null

03-09-2024T18:15:07 - [TEST_STEP][PASSED] - println("Something went wrong"): null]]></system-out>
         <system-err><![CDATA[]]></system-err>
      </testcase>
      <testcase name="Test Cases/TotalPlay-Food/TC_18_Add Address to Cart" time="20.893" classname="Test Cases/TotalPlay-Food/TC_18_Add Address to Cart" status="PASSED">
         <system-out><![CDATA[03-09-2024T18:15:07 - [TEST_CASE][PASSED] - Test Cases/TotalPlay-Food/TC_18_Add Address to Cart: Test Cases/TotalPlay-Food/TC_18_Add Address to Cart

03-09-2024T18:15:10 - [TEST_STEP][PASSED] - callTestCase(findTestCase("TotalPlay-Food/TC_1_Login_Service"), [:], STOP_ON_FAILURE): Call Test Case 'Test Cases/TotalPlay-Food/TC_1_Login_Service' successfully

03-09-2024T18:15:10 - [MESSAGE][INFO] - Checking called Test Case

03-09-2024T18:15:10 - [MESSAGE][INFO] - Starting to call Test Case 'Test Cases/TotalPlay-Food/TC_1_Login_Service'

03-09-2024T18:15:10 - [TEST_CASE][PASSED] - Test Cases/TotalPlay-Food/TC_1_Login_Service: Test Cases/TotalPlay-Food/TC_1_Login_Service

03-09-2024T18:15:10 - [TEST_STEP][PASSED] - LoginResponse = sendRequest(findTestObject("TotalPlay-Food/getTokenDelivery", ["URL":URL])): Send request successfully

03-09-2024T18:15:10 - [MESSAGE][INFO] - Finding Test Object 'Object Repository/TotalPlay-Food/getTokenDelivery'

03-09-2024T18:15:10 - [MESSAGE][INFO] - Checking request object

03-09-2024T18:15:12 - [MESSAGE][INFO] - HAR: C:\Users\ShubhamKumarThakur\OneDrive - Kognivera\Documents\TotalPlay\totalplay-automation\Reports\20240903_181332\Food_Service_Normal_Flow_PlaceOrder\20240903_181332\requests\main\15.har

03-09-2024T18:15:12 - [MESSAGE][PASSED] - Send request successfully

03-09-2024T18:15:12 - [TEST_STEP][PASSED] - assert getResponseStatusCode(LoginResponse) == 200: Checking response object

03-09-2024T18:15:12 - [MESSAGE][INFO] - Checking response object

03-09-2024T18:15:12 - [TEST_STEP][PASSED] - Auth = "ocapiResponse.access_token": null

03-09-2024T18:15:12 - [TEST_STEP][PASSED] - FoodBascketId = "ocapiResponse.c_basketId_TP_FOOD": null

03-09-2024T18:15:12 - [TEST_STEP][PASSED] - FoodBasId = getElementPropertyValue(LoginResponse, FoodBascketId): Checking response object

03-09-2024T18:15:12 - [MESSAGE][INFO] - Checking response object

03-09-2024T18:15:12 - [TEST_STEP][PASSED] - sfccAuthorization = getElementPropertyValue(LoginResponse, Auth): Checking response object

03-09-2024T18:15:12 - [MESSAGE][INFO] - Checking response object

03-09-2024T18:15:13 - [TEST_STEP][PASSED] - Authorization = "Bearer " + sfccAuthorization: null

03-09-2024T18:15:13 - [TEST_STEP][PASSED] - FoodBasketId = FoodBasId: null

03-09-2024T18:15:13 - [TEST_STEP][PASSED] - logInfo(bm_auth_token): 

03-09-2024T18:15:13 - [MESSAGE][INFO] - 

03-09-2024T18:15:13 - [TEST_STEP][PASSED] - if (sfccAuthorization.length() == 0): null

03-09-2024T18:15:13 - [TEST_STEP][PASSED] - else: authorization generated

03-09-2024T18:15:13 - [TEST_STEP][PASSED] - markPassed("authorization generated"): authorization generated

03-09-2024T18:15:13 - [MESSAGE][PASSED] - authorization generated

03-09-2024T18:15:13 - [TEST_STEP][PASSED] - BasketId_loginResponse = "ocapiResponse.c_basketId": null

03-09-2024T18:15:13 - [TEST_STEP][PASSED] - CustomerId_loginResponse = "ocapiResponse.customer_id": null

03-09-2024T18:15:13 - [TEST_STEP][PASSED] - basketId = getElementPropertyValue(LoginResponse, BasketId_loginResponse): Checking response object

03-09-2024T18:15:13 - [MESSAGE][INFO] - Checking response object

03-09-2024T18:15:13 - [TEST_STEP][PASSED] - customerId = getElementPropertyValue(LoginResponse, CustomerId_loginResponse): Checking response object

03-09-2024T18:15:13 - [MESSAGE][INFO] - Checking response object

03-09-2024T18:15:13 - [TEST_STEP][PASSED] - basketID = basketId: null

03-09-2024T18:15:13 - [TEST_STEP][PASSED] - sla_customerId = customerId: null

03-09-2024T18:15:13 - [TEST_STEP][PASSED] - println(basketID): null

03-09-2024T18:15:13 - [TEST_STEP][PASSED] - println(sla_customerId): null

03-09-2024T18:15:13 - [TEST_STEP][PASSED] - refresh_token = "ocapiResponse.refresh_token": null

03-09-2024T18:15:13 - [TEST_STEP][PASSED] - customer_email = "ocapiResponse.customer_email": null

03-09-2024T18:15:13 - [TEST_STEP][PASSED] - c_brmId = "ocapiResponse.c_brmId": null

03-09-2024T18:15:13 - [TEST_STEP][PASSED] - customer_name = "ocapiResponse.customer_name": null

03-09-2024T18:15:13 - [TEST_STEP][PASSED] - totalplay.Common.verifyPropertyExist(LoginResponse, refresh_token): totalplay.Common.verifyPropertyExist is PASSED

03-09-2024T18:15:13 - [MESSAGE][INFO] - Checking response object

03-09-2024T18:15:13 - [MESSAGE][PASSED] - totalplay.Common.verifyPropertyExist is PASSED

03-09-2024T18:15:13 - [TEST_STEP][PASSED] - totalplay.Common.verifyPropertyValueExist(LoginResponse, refresh_token): totalplay.Common.verifyPropertyValueExist is PASSED

03-09-2024T18:15:13 - [MESSAGE][INFO] - Checking response object

03-09-2024T18:15:13 - [MESSAGE][INFO] - hgylKqCQnRmxoG51UfeOjPgdNHsJjVZenG4CqfKFyq8

03-09-2024T18:15:13 - [MESSAGE][PASSED] - totalplay.Common.verifyPropertyValueExist is PASSED

03-09-2024T18:15:13 - [TEST_STEP][PASSED] - totalplay.Common.verifyPropertyExist(LoginResponse, customer_email): totalplay.Common.verifyPropertyExist is PASSED

03-09-2024T18:15:13 - [MESSAGE][INFO] - Checking response object

03-09-2024T18:15:13 - [MESSAGE][PASSED] - totalplay.Common.verifyPropertyExist is PASSED

03-09-2024T18:15:13 - [TEST_STEP][PASSED] - totalplay.Common.verifyPropertyValueExist(LoginResponse, customer_email): totalplay.Common.verifyPropertyValueExist is PASSED

03-09-2024T18:15:13 - [MESSAGE][INFO] - Checking response object

03-09-2024T18:15:13 - [MESSAGE][INFO] - cesar.waldo93@gmail.com

03-09-2024T18:15:13 - [MESSAGE][PASSED] - totalplay.Common.verifyPropertyValueExist is PASSED

03-09-2024T18:15:13 - [TEST_STEP][PASSED] - totalplay.Common.verifyPropertyExist(LoginResponse, customer_name): totalplay.Common.verifyPropertyExist is PASSED

03-09-2024T18:15:13 - [MESSAGE][INFO] - Checking response object

03-09-2024T18:15:13 - [MESSAGE][PASSED] - totalplay.Common.verifyPropertyExist is PASSED

03-09-2024T18:15:13 - [TEST_STEP][PASSED] - totalplay.Common.verifyPropertyValueExist(LoginResponse, customer_name): totalplay.Common.verifyPropertyValueExist is PASSED

03-09-2024T18:15:13 - [MESSAGE][INFO] - Checking response object

03-09-2024T18:15:13 - [MESSAGE][INFO] - CESAR GERARDO WALDO GONZALEZ

03-09-2024T18:15:13 - [MESSAGE][PASSED] - totalplay.Common.verifyPropertyValueExist is PASSED

03-09-2024T18:15:13 - [TEST_STEP][PASSED] - totalplay.Common.verifyPropertyExist(LoginResponse, c_brmId): totalplay.Common.verifyPropertyExist is PASSED

03-09-2024T18:15:13 - [MESSAGE][INFO] - Checking response object

03-09-2024T18:15:13 - [MESSAGE][PASSED] - totalplay.Common.verifyPropertyExist is PASSED

03-09-2024T18:15:13 - [TEST_STEP][PASSED] - totalplay.Common.verifyPropertyValueExist(LoginResponse, c_brmId): totalplay.Common.verifyPropertyValueExist is PASSED

03-09-2024T18:15:13 - [MESSAGE][INFO] - Checking response object

03-09-2024T18:15:13 - [MESSAGE][INFO] - 0106378356

03-09-2024T18:15:13 - [MESSAGE][PASSED] - totalplay.Common.verifyPropertyValueExist is PASSED

03-09-2024T18:15:13 - [MESSAGE][PASSED] - Call Test Case 'Test Cases/TotalPlay-Food/TC_1_Login_Service' successfully

03-09-2024T18:15:13 - [TEST_STEP][PASSED] - AddProductbasket = sendRequest(findTestObject("TotalPlay-Food/AddProductToBasket", ["URL":URL, "basketID":basketID])): Send request successfully

03-09-2024T18:15:13 - [MESSAGE][INFO] - Finding Test Object 'Object Repository/TotalPlay-Food/AddProductToBasket'

03-09-2024T18:15:13 - [MESSAGE][INFO] - Checking request object

03-09-2024T18:15:14 - [MESSAGE][INFO] - HAR: C:\Users\ShubhamKumarThakur\OneDrive - Kognivera\Documents\TotalPlay\totalplay-automation\Reports\20240903_181332\Food_Service_Normal_Flow_PlaceOrder\20240903_181332\requests\main\16.har

03-09-2024T18:15:14 - [MESSAGE][PASSED] - Send request successfully

03-09-2024T18:15:14 - [TEST_STEP][PASSED] - verifyResponseStatusCode(AddProductbasket, 200): Verify response status code successfully

03-09-2024T18:15:14 - [MESSAGE][INFO] - Checking response object

03-09-2024T18:15:14 - [MESSAGE][PASSED] - Verify response status code successfully

03-09-2024T18:15:14 - [TEST_STEP][PASSED] - getAddress = sendRequest(findTestObject("TotalPlay-Food/GetAddresses", ["URL":URL, "sla_customerId":sla_customerId, "shop_auth_token":shop_auth_token])): Send request successfully

03-09-2024T18:15:14 - [MESSAGE][INFO] - Finding Test Object 'Object Repository/TotalPlay-Food/GetAddresses'

03-09-2024T18:15:15 - [MESSAGE][INFO] - Checking request object

03-09-2024T18:15:15 - [MESSAGE][INFO] - HAR: C:\Users\ShubhamKumarThakur\OneDrive - Kognivera\Documents\TotalPlay\totalplay-automation\Reports\20240903_181332\Food_Service_Normal_Flow_PlaceOrder\20240903_181332\requests\main\17.har

03-09-2024T18:15:15 - [MESSAGE][PASSED] - Send request successfully

03-09-2024T18:15:15 - [TEST_STEP][PASSED] - id = "data[0].c_crm_address_id": null

03-09-2024T18:15:15 - [TEST_STEP][PASSED] - crm_address_id = getElementPropertyValue(getAddress, id): Checking response object

03-09-2024T18:15:15 - [MESSAGE][INFO] - Checking response object

03-09-2024T18:15:15 - [TEST_STEP][PASSED] - verifyResponseStatusCode(getAddress, 200): Verify response status code successfully

03-09-2024T18:15:15 - [MESSAGE][INFO] - Checking response object

03-09-2024T18:15:15 - [MESSAGE][PASSED] - Verify response status code successfully

03-09-2024T18:15:15 - [TEST_STEP][PASSED] - AddAddressToCart = sendRequest(findTestObject("TotalPlay-Food/add address to cart", ["URL":URL, "basketID":basketID])): Send request successfully

03-09-2024T18:15:15 - [MESSAGE][INFO] - Finding Test Object 'Object Repository/TotalPlay-Food/add address to cart'

03-09-2024T18:15:15 - [MESSAGE][INFO] - Checking request object

03-09-2024T18:15:19 - [MESSAGE][INFO] - HAR: C:\Users\ShubhamKumarThakur\OneDrive - Kognivera\Documents\TotalPlay\totalplay-automation\Reports\20240903_181332\Food_Service_Normal_Flow_PlaceOrder\20240903_181332\requests\main\18.har

03-09-2024T18:15:19 - [MESSAGE][PASSED] - Send request successfully

03-09-2024T18:15:19 - [TEST_STEP][PASSED] - totalplay.Common.printResponseinText(AddAddressToCart): totalplay.Common.printResponseinText is PASSED

03-09-2024T18:15:19 - [MESSAGE][PASSED] - totalplay.Common.printResponseinText is PASSED

03-09-2024T18:15:19 - [TEST_STEP][PASSED] - _v = "_v": null

03-09-2024T18:15:19 - [TEST_STEP][PASSED] - _type = "_type": null

03-09-2024T18:15:19 - [TEST_STEP][PASSED] - _resource_state = "_resource_state": null

03-09-2024T18:15:19 - [TEST_STEP][PASSED] - _flash_0__type = "_flash[0]._type": null

03-09-2024T18:15:19 - [TEST_STEP][PASSED] - _flash_0_type = "_flash[0].type": null

03-09-2024T18:15:19 - [TEST_STEP][PASSED] - _flash_0_message = "_flash[0].message": null

03-09-2024T18:15:19 - [TEST_STEP][PASSED] - _flash_0_path = "_flash[0].path": null

03-09-2024T18:15:19 - [TEST_STEP][PASSED] - adjusted_merchandize_total_tax = "adjusted_merchandize_total_tax": null

03-09-2024T18:15:19 - [TEST_STEP][PASSED] - adjusted_shipping_total_tax = "adjusted_shipping_total_tax": null

03-09-2024T18:15:19 - [TEST_STEP][PASSED] - agent_basket = "agent_basket": null

03-09-2024T18:15:19 - [TEST_STEP][PASSED] - basket_id = "basket_id": null

03-09-2024T18:15:19 - [TEST_STEP][PASSED] - billing_address__type = "billing_address._type": null

03-09-2024T18:15:19 - [TEST_STEP][PASSED] - billing_address_address1 = "billing_address.address1": null

03-09-2024T18:15:19 - [TEST_STEP][PASSED] - billing_address_city = "billing_address.city": null

03-09-2024T18:15:19 - [TEST_STEP][PASSED] - billing_address_country_code = "billing_address.country_code": null

03-09-2024T18:15:19 - [TEST_STEP][PASSED] - billing_address_first_name = "billing_address.first_name": null

03-09-2024T18:15:19 - [TEST_STEP][PASSED] - billing_address_full_name = "billing_address.full_name": null

03-09-2024T18:15:19 - [TEST_STEP][PASSED] - billing_address_id = "billing_address.id": null

03-09-2024T18:15:19 - [TEST_STEP][PASSED] - billing_address_last_name = "billing_address.last_name": null

03-09-2024T18:15:19 - [TEST_STEP][PASSED] - billing_address_phone = "billing_address.phone": null

03-09-2024T18:15:19 - [TEST_STEP][PASSED] - billing_address_postal_code = "billing_address.postal_code": null

03-09-2024T18:15:19 - [TEST_STEP][PASSED] - billing_address_c_alias = "billing_address.c_alias": null

03-09-2024T18:15:19 - [TEST_STEP][PASSED] - billing_address_c_delegation = "billing_address.c_delegation": null

03-09-2024T18:15:19 - [TEST_STEP][PASSED] - billing_address_c_label = "billing_address.c_label": null

03-09-2024T18:15:19 - [TEST_STEP][PASSED] - billing_address_c_latitude = "billing_address.c_latitude": null

03-09-2024T18:15:19 - [TEST_STEP][PASSED] - billing_address_c_longitude = "billing_address.c_longitude": null

03-09-2024T18:15:19 - [TEST_STEP][PASSED] - billing_address_c_nExt = "billing_address.c_nExt": null

03-09-2024T18:15:19 - [TEST_STEP][PASSED] - billing_address_c_neighborhood = "billing_address.c_neighborhood": null

03-09-2024T18:15:19 - [TEST_STEP][PASSED] - billing_address_c_references = "billing_address.c_references": null

03-09-2024T18:15:19 - [TEST_STEP][PASSED] - billing_address_c_rfc = "billing_address.c_rfc": null

03-09-2024T18:15:19 - [TEST_STEP][PASSED] - billing_address_c_state = "billing_address.c_state": null

03-09-2024T18:15:19 - [TEST_STEP][PASSED] - billing_address_c_streetName = "billing_address.c_streetName": null

03-09-2024T18:15:19 - [TEST_STEP][PASSED] - channel_type = "channel_type": null

03-09-2024T18:15:19 - [TEST_STEP][PASSED] - creation_date = "creation_date": null

03-09-2024T18:15:19 - [TEST_STEP][PASSED] - currency = "currency": null

03-09-2024T18:15:19 - [TEST_STEP][PASSED] - customer_info__type = "customer_info._type": null

03-09-2024T18:15:19 - [TEST_STEP][PASSED] - customer_info_customer_id = "customer_info.customer_id": null

03-09-2024T18:15:19 - [TEST_STEP][PASSED] - customer_info_customer_no = "customer_info.customer_no": null

03-09-2024T18:15:19 - [TEST_STEP][PASSED] - customer_info_email = "customer_info.email": null

03-09-2024T18:15:19 - [TEST_STEP][PASSED] - last_modified = "last_modified": null

03-09-2024T18:15:19 - [TEST_STEP][PASSED] - merchandize_total_tax = "merchandize_total_tax": null

03-09-2024T18:15:19 - [TEST_STEP][PASSED] - notes__type = "notes._type": null

03-09-2024T18:15:19 - [TEST_STEP][PASSED] - notes_link = "notes.link": null

03-09-2024T18:15:19 - [TEST_STEP][PASSED] - order_total = "order_total": null

03-09-2024T18:15:19 - [TEST_STEP][PASSED] - product_items_0__type = "product_items[0]._type": null

03-09-2024T18:15:19 - [TEST_STEP][PASSED] - product_items_0_adjusted_tax = "product_items[0].adjusted_tax": null

03-09-2024T18:15:19 - [TEST_STEP][PASSED] - product_items_0_base_price = "product_items[0].base_price": null

03-09-2024T18:15:19 - [TEST_STEP][PASSED] - product_items_0_bonus_product_line_item = "product_items[0].bonus_product_line_item": null

03-09-2024T18:15:19 - [TEST_STEP][PASSED] - product_items_0_gift = "product_items[0].gift": null

03-09-2024T18:15:19 - [TEST_STEP][PASSED] - product_items_0_inventory_id = "product_items[0].inventory_id": null

03-09-2024T18:15:19 - [TEST_STEP][PASSED] - product_items_0_item_id = "product_items[0].item_id": null

03-09-2024T18:15:19 - [TEST_STEP][PASSED] - product_items_0_item_text = "product_items[0].item_text": null

03-09-2024T18:15:19 - [TEST_STEP][PASSED] - product_items_0_price = "product_items[0].price": null

03-09-2024T18:15:19 - [TEST_STEP][PASSED] - product_items_0_price_after_item_discount = "product_items[0].price_after_item_discount": null

03-09-2024T18:15:19 - [TEST_STEP][PASSED] - product_items_0_price_after_order_discount = "product_items[0].price_after_order_discount": null

03-09-2024T18:15:19 - [TEST_STEP][PASSED] - product_items_0_product_id = "product_items[0].product_id": null

03-09-2024T18:15:19 - [TEST_STEP][PASSED] - product_items_0_product_name = "product_items[0].product_name": null

03-09-2024T18:15:19 - [TEST_STEP][PASSED] - product_items_0_quantity = "product_items[0].quantity": null

03-09-2024T18:15:19 - [TEST_STEP][PASSED] - product_items_0_shipment_id = "product_items[0].shipment_id": null

03-09-2024T18:15:19 - [TEST_STEP][PASSED] - product_items_0_tax = "product_items[0].tax": null

03-09-2024T18:15:19 - [TEST_STEP][PASSED] - product_items_0_tax_basis = "product_items[0].tax_basis": null

03-09-2024T18:15:19 - [TEST_STEP][PASSED] - product_items_0_tax_class_id = "product_items[0].tax_class_id": null

03-09-2024T18:15:19 - [TEST_STEP][PASSED] - product_items_0_tax_rate = "product_items[0].tax_rate": null

03-09-2024T18:15:19 - [TEST_STEP][PASSED] - product_items_0_c_fromStoreId = "product_items[0].c_fromStoreId": null

03-09-2024T18:15:19 - [TEST_STEP][PASSED] - product_items_0_c_miraklChannels = "product_items[0].c_miraklChannels": null

03-09-2024T18:15:19 - [TEST_STEP][PASSED] - product_items_0_c_miraklOperatorProductId = "product_items[0].c_miraklOperatorProductId": null

03-09-2024T18:15:19 - [TEST_STEP][PASSED] - product_items_0_c_miraklShippingTaxes = "product_items[0].c_miraklShippingTaxes": null

03-09-2024T18:15:19 - [TEST_STEP][PASSED] - product_items_0_c_miraklTaxes = "product_items[0].c_miraklTaxes": null

03-09-2024T18:15:19 - [TEST_STEP][PASSED] - product_items_0_c_noOfPersons = "product_items[0].c_noOfPersons": null

03-09-2024T18:15:19 - [TEST_STEP][PASSED] - product_items_0_c_offerId = "product_items[0].c_offerId": null

03-09-2024T18:15:19 - [TEST_STEP][PASSED] - product_items_0_c_offerSalesPrice = "product_items[0].c_offerSalesPrice": null

03-09-2024T18:15:19 - [TEST_STEP][PASSED] - product_items_0_c_offerState = "product_items[0].c_offerState": null

03-09-2024T18:15:19 - [TEST_STEP][PASSED] - product_items_0_c_offerStateCode = "product_items[0].c_offerStateCode": null

03-09-2024T18:15:19 - [TEST_STEP][PASSED] - product_items_0_c_shopId = "product_items[0].c_shopId": null

03-09-2024T18:15:19 - [TEST_STEP][PASSED] - product_items_0_c_shopName = "product_items[0].c_shopName": null

03-09-2024T18:15:19 - [TEST_STEP][PASSED] - product_items_0_c_total_crossed_price = "product_items[0].c_total_crossed_price": null

03-09-2024T18:15:19 - [TEST_STEP][PASSED] - product_items_0_c_priceWithComplement = "product_items[0].c_priceWithComplement": null

03-09-2024T18:15:19 - [TEST_STEP][PASSED] - product_items_0_c_imagesData_large_0_alt = "product_items[0].c_imagesData.large[0].alt": null

03-09-2024T18:15:19 - [TEST_STEP][PASSED] - product_items_0_c_imagesData_large_0_url = "product_items[0].c_imagesData.large[0].url": null

03-09-2024T18:15:19 - [TEST_STEP][PASSED] - product_items_0_c_imagesData_large_0_title = "product_items[0].c_imagesData.large[0].title": null

03-09-2024T18:15:19 - [TEST_STEP][PASSED] - product_items_0_c_description = "product_items[0].c_description": null

03-09-2024T18:15:19 - [TEST_STEP][PASSED] - product_sub_total = "product_sub_total": null

03-09-2024T18:15:19 - [TEST_STEP][PASSED] - product_total = "product_total": null

03-09-2024T18:15:19 - [TEST_STEP][PASSED] - shipments_0__type = "shipments[0]._type": null

03-09-2024T18:15:19 - [TEST_STEP][PASSED] - shipments_0_adjusted_merchandize_total_tax = "shipments[0].adjusted_merchandize_total_tax": null

03-09-2024T18:15:19 - [TEST_STEP][PASSED] - shipments_0_adjusted_shipping_total_tax = "shipments[0].adjusted_shipping_total_tax": null

03-09-2024T18:15:19 - [TEST_STEP][PASSED] - shipments_0_gift = "shipments[0].gift": null

03-09-2024T18:15:19 - [TEST_STEP][PASSED] - shipments_0_merchandize_total_tax = "shipments[0].merchandize_total_tax": null

03-09-2024T18:15:19 - [TEST_STEP][PASSED] - shipments_0_product_sub_total = "shipments[0].product_sub_total": null

03-09-2024T18:15:19 - [TEST_STEP][PASSED] - shipments_0_product_total = "shipments[0].product_total": null

03-09-2024T18:15:19 - [TEST_STEP][PASSED] - shipments_0_shipment_id = "shipments[0].shipment_id": null

03-09-2024T18:15:19 - [TEST_STEP][PASSED] - shipments_0_shipment_total = "shipments[0].shipment_total": null

03-09-2024T18:15:19 - [TEST_STEP][PASSED] - shipments_0_shipping_address__type = "shipments[0].shipping_address._type": null

03-09-2024T18:15:19 - [TEST_STEP][PASSED] - shipments_0_shipping_address_address1 = "shipments[0].shipping_address.address1": null

03-09-2024T18:15:19 - [TEST_STEP][PASSED] - shipments_0_shipping_address_city = "shipments[0].shipping_address.city": null

03-09-2024T18:15:19 - [TEST_STEP][PASSED] - shipments_0_shipping_address_country_code = "shipments[0].shipping_address.country_code": null

03-09-2024T18:15:19 - [TEST_STEP][PASSED] - shipments_0_shipping_address_first_name = "shipments[0].shipping_address.first_name": null

03-09-2024T18:15:19 - [TEST_STEP][PASSED] - shipments_0_shipping_address_full_name = "shipments[0].shipping_address.full_name": null

03-09-2024T18:15:19 - [TEST_STEP][PASSED] - shipments_0_shipping_address_id = "shipments[0].shipping_address.id": null

03-09-2024T18:15:19 - [TEST_STEP][PASSED] - shipments_0_shipping_address_last_name = "shipments[0].shipping_address.last_name": null

03-09-2024T18:15:19 - [TEST_STEP][PASSED] - shipments_0_shipping_address_phone = "shipments[0].shipping_address.phone": null

03-09-2024T18:15:19 - [TEST_STEP][PASSED] - shipments_0_shipping_address_postal_code = "shipments[0].shipping_address.postal_code": null

03-09-2024T18:15:19 - [TEST_STEP][PASSED] - shipments_0_shipping_address_c_alias = "shipments[0].shipping_address.c_alias": null

03-09-2024T18:15:19 - [TEST_STEP][PASSED] - shipments_0_shipping_address_c_delegation = "shipments[0].shipping_address.c_delegation": null

03-09-2024T18:15:19 - [TEST_STEP][PASSED] - shipments_0_shipping_address_c_label = "shipments[0].shipping_address.c_label": null

03-09-2024T18:15:19 - [TEST_STEP][PASSED] - shipments_0_shipping_address_c_latitude = "shipments[0].shipping_address.c_latitude": null

03-09-2024T18:15:19 - [TEST_STEP][PASSED] - shipments_0_shipping_address_c_longitude = "shipments[0].shipping_address.c_longitude": null

03-09-2024T18:15:19 - [TEST_STEP][PASSED] - shipments_0_shipping_address_c_nExt = "shipments[0].shipping_address.c_nExt": null

03-09-2024T18:15:19 - [TEST_STEP][PASSED] - shipments_0_shipping_address_c_neighborhood = "shipments[0].shipping_address.c_neighborhood": null

03-09-2024T18:15:19 - [TEST_STEP][PASSED] - shipments_0_shipping_address_c_references = "shipments[0].shipping_address.c_references": null

03-09-2024T18:15:19 - [TEST_STEP][PASSED] - shipments_0_shipping_address_c_rfc = "shipments[0].shipping_address.c_rfc": null

03-09-2024T18:15:19 - [TEST_STEP][PASSED] - shipments_0_shipping_address_c_state = "shipments[0].shipping_address.c_state": null

03-09-2024T18:15:19 - [TEST_STEP][PASSED] - shipments_0_shipping_address_c_streetName = "shipments[0].shipping_address.c_streetName": null

03-09-2024T18:15:19 - [TEST_STEP][PASSED] - shipments_0_shipping_method__type = "shipments[0].shipping_method._type": null

03-09-2024T18:15:19 - [TEST_STEP][PASSED] - shipments_0_shipping_method_description = "shipments[0].shipping_method.description": null

03-09-2024T18:15:19 - [TEST_STEP][PASSED] - shipments_0_shipping_method_name = "shipments[0].shipping_method.name": null

03-09-2024T18:15:19 - [TEST_STEP][PASSED] - shipments_0_shipping_method_c_estimatedArrivalTime = "shipments[0].shipping_method.c_estimatedArrivalTime": null

03-09-2024T18:15:19 - [TEST_STEP][PASSED] - shipments_0_shipping_method_c_storePickupEnabled = "shipments[0].shipping_method.c_storePickupEnabled": null

03-09-2024T18:15:19 - [TEST_STEP][PASSED] - shipments_0_shipping_status = "shipments[0].shipping_status": null

03-09-2024T18:15:19 - [TEST_STEP][PASSED] - shipments_0_shipping_total = "shipments[0].shipping_total": null

03-09-2024T18:15:19 - [TEST_STEP][PASSED] - shipments_0_shipping_total_tax = "shipments[0].shipping_total_tax": null

03-09-2024T18:15:19 - [TEST_STEP][PASSED] - shipments_0_tax_total = "shipments[0].tax_total": null

03-09-2024T18:15:19 - [TEST_STEP][PASSED] - shipping_items_0__type = "shipping_items[0]._type": null

03-09-2024T18:15:19 - [TEST_STEP][PASSED] - shipping_items_0_adjusted_tax = "shipping_items[0].adjusted_tax": null

03-09-2024T18:15:19 - [TEST_STEP][PASSED] - shipping_items_0_base_price = "shipping_items[0].base_price": null

03-09-2024T18:15:19 - [TEST_STEP][PASSED] - shipping_items_0_item_id = "shipping_items[0].item_id": null

03-09-2024T18:15:19 - [TEST_STEP][PASSED] - shipping_items_0_item_text = "shipping_items[0].item_text": null

03-09-2024T18:15:19 - [TEST_STEP][PASSED] - shipping_items_0_price = "shipping_items[0].price": null

03-09-2024T18:15:19 - [TEST_STEP][PASSED] - shipping_items_0_price_after_item_discount = "shipping_items[0].price_after_item_discount": null

03-09-2024T18:15:19 - [TEST_STEP][PASSED] - shipping_items_0_shipment_id = "shipping_items[0].shipment_id": null

03-09-2024T18:15:19 - [TEST_STEP][PASSED] - shipping_items_0_tax = "shipping_items[0].tax": null

03-09-2024T18:15:19 - [TEST_STEP][PASSED] - shipping_items_0_tax_basis = "shipping_items[0].tax_basis": null

03-09-2024T18:15:19 - [TEST_STEP][PASSED] - shipping_items_0_tax_class_id = "shipping_items[0].tax_class_id": null

03-09-2024T18:15:19 - [TEST_STEP][PASSED] - shipping_items_0_tax_rate = "shipping_items[0].tax_rate": null

03-09-2024T18:15:19 - [TEST_STEP][PASSED] - shipping_total = "shipping_total": null

03-09-2024T18:15:19 - [TEST_STEP][PASSED] - shipping_total_tax = "shipping_total_tax": null

03-09-2024T18:15:19 - [TEST_STEP][PASSED] - taxation = "taxation": null

03-09-2024T18:15:19 - [TEST_STEP][PASSED] - tax_total = "tax_total": null

03-09-2024T18:15:19 - [TEST_STEP][PASSED] - c_currentCorporate = "c_currentCorporate": null

03-09-2024T18:15:19 - [TEST_STEP][PASSED] - c_forceDeleteOndemand = "c_forceDeleteOndemand": null

03-09-2024T18:15:19 - [TEST_STEP][PASSED] - c_pickerExpressShipment = "c_pickerExpressShipment": null

03-09-2024T18:15:19 - [TEST_STEP][PASSED] - totalplay.Common.verifyPropertyExist(AddAddressToCart, _v): totalplay.Common.verifyPropertyExist is PASSED

03-09-2024T18:15:19 - [MESSAGE][INFO] - Checking response object

03-09-2024T18:15:19 - [MESSAGE][PASSED] - totalplay.Common.verifyPropertyExist is PASSED

03-09-2024T18:15:19 - [TEST_STEP][PASSED] - totalplay.Common.verifyPropertyValueExist(AddAddressToCart, _v): totalplay.Common.verifyPropertyValueExist is PASSED

03-09-2024T18:15:19 - [MESSAGE][INFO] - Checking response object

03-09-2024T18:15:19 - [MESSAGE][INFO] - 24.5

03-09-2024T18:15:19 - [MESSAGE][PASSED] - totalplay.Common.verifyPropertyValueExist is PASSED

03-09-2024T18:15:19 - [TEST_STEP][PASSED] - totalplay.Common.verifyPropertyExist(AddAddressToCart, _type): totalplay.Common.verifyPropertyExist is PASSED

03-09-2024T18:15:19 - [MESSAGE][INFO] - Checking response object

03-09-2024T18:15:19 - [MESSAGE][PASSED] - totalplay.Common.verifyPropertyExist is PASSED

03-09-2024T18:15:19 - [TEST_STEP][PASSED] - totalplay.Common.verifyPropertyValueExist(AddAddressToCart, _type): totalplay.Common.verifyPropertyValueExist is PASSED

03-09-2024T18:15:19 - [MESSAGE][INFO] - Checking response object

03-09-2024T18:15:19 - [MESSAGE][INFO] - basket

03-09-2024T18:15:19 - [MESSAGE][PASSED] - totalplay.Common.verifyPropertyValueExist is PASSED

03-09-2024T18:15:19 - [TEST_STEP][PASSED] - totalplay.Common.verifyPropertyExist(AddAddressToCart, _resource_state): totalplay.Common.verifyPropertyExist is PASSED

03-09-2024T18:15:19 - [MESSAGE][INFO] - Checking response object

03-09-2024T18:15:19 - [MESSAGE][PASSED] - totalplay.Common.verifyPropertyExist is PASSED

03-09-2024T18:15:19 - [TEST_STEP][PASSED] - totalplay.Common.verifyPropertyValueExist(AddAddressToCart, _resource_state): totalplay.Common.verifyPropertyValueExist is PASSED

03-09-2024T18:15:19 - [MESSAGE][INFO] - Checking response object

03-09-2024T18:15:19 - [MESSAGE][INFO] - e0ad7173d81ed4531704edcb20bd58e144143afa60ab51253ac80cd520474d5a

03-09-2024T18:15:19 - [MESSAGE][PASSED] - totalplay.Common.verifyPropertyValueExist is PASSED

03-09-2024T18:15:19 - [TEST_STEP][PASSED] - totalplay.Common.getDecimalValueofObject(AddAddressToCart, adjusted_merchandize_total_tax): totalplay.Common.getDecimalValueofObject is PASSED

03-09-2024T18:15:19 - [MESSAGE][INFO] - Checking response object

03-09-2024T18:15:20 - [MESSAGE][PASSED] - totalplay.Common.getDecimalValueofObject is PASSED

03-09-2024T18:15:20 - [TEST_STEP][PASSED] - totalplay.Common.getDecimalValueofObject(AddAddressToCart, adjusted_shipping_total_tax): totalplay.Common.getDecimalValueofObject is PASSED

03-09-2024T18:15:20 - [MESSAGE][INFO] - Checking response object

03-09-2024T18:15:20 - [MESSAGE][PASSED] - totalplay.Common.getDecimalValueofObject is PASSED

03-09-2024T18:15:20 - [TEST_STEP][PASSED] - totalplay.Common.getBooleanValueofObject(AddAddressToCart, agent_basket): totalplay.Common.getBooleanValueofObject is PASSED

03-09-2024T18:15:20 - [MESSAGE][INFO] - Checking response object

03-09-2024T18:15:20 - [MESSAGE][PASSED] - totalplay.Common.getBooleanValueofObject is PASSED

03-09-2024T18:15:20 - [TEST_STEP][PASSED] - totalplay.Common.verifyPropertyExist(AddAddressToCart, basket_id): totalplay.Common.verifyPropertyExist is PASSED

03-09-2024T18:15:20 - [MESSAGE][INFO] - Checking response object

03-09-2024T18:15:20 - [MESSAGE][PASSED] - totalplay.Common.verifyPropertyExist is PASSED

03-09-2024T18:15:20 - [TEST_STEP][PASSED] - totalplay.Common.verifyPropertyValueExist(AddAddressToCart, basket_id): totalplay.Common.verifyPropertyValueExist is PASSED

03-09-2024T18:15:20 - [MESSAGE][INFO] - Checking response object

03-09-2024T18:15:20 - [MESSAGE][INFO] - 3830ba289bef3ffe7031901a87

03-09-2024T18:15:20 - [MESSAGE][PASSED] - totalplay.Common.verifyPropertyValueExist is PASSED

03-09-2024T18:15:20 - [TEST_STEP][PASSED] - totalplay.Common.verifyPropertyExist(AddAddressToCart, billing_address__type): totalplay.Common.verifyPropertyExist is PASSED

03-09-2024T18:15:20 - [MESSAGE][INFO] - Checking response object

03-09-2024T18:15:20 - [MESSAGE][PASSED] - totalplay.Common.verifyPropertyExist is PASSED

03-09-2024T18:15:20 - [TEST_STEP][PASSED] - totalplay.Common.verifyPropertyValueExist(AddAddressToCart, billing_address__type): totalplay.Common.verifyPropertyValueExist is PASSED

03-09-2024T18:15:20 - [MESSAGE][INFO] - Checking response object

03-09-2024T18:15:20 - [MESSAGE][INFO] - order_address

03-09-2024T18:15:20 - [MESSAGE][PASSED] - totalplay.Common.verifyPropertyValueExist is PASSED

03-09-2024T18:15:20 - [TEST_STEP][PASSED] - totalplay.Common.verifyPropertyExist(AddAddressToCart, billing_address_address1): totalplay.Common.verifyPropertyExist is PASSED

03-09-2024T18:15:20 - [MESSAGE][INFO] - Checking response object

03-09-2024T18:15:20 - [MESSAGE][PASSED] - totalplay.Common.verifyPropertyExist is PASSED

03-09-2024T18:15:20 - [TEST_STEP][PASSED] - totalplay.Common.verifyPropertyValueExist(AddAddressToCart, billing_address_address1): totalplay.Common.verifyPropertyValueExist is PASSED

03-09-2024T18:15:20 - [MESSAGE][INFO] - Checking response object

03-09-2024T18:15:20 - [MESSAGE][INFO] - Alejandro Dumas

03-09-2024T18:15:20 - [MESSAGE][PASSED] - totalplay.Common.verifyPropertyValueExist is PASSED

03-09-2024T18:15:20 - [TEST_STEP][PASSED] - totalplay.Common.verifyPropertyExist(AddAddressToCart, billing_address_city): totalplay.Common.verifyPropertyExist is PASSED

03-09-2024T18:15:20 - [MESSAGE][INFO] - Checking response object

03-09-2024T18:15:20 - [MESSAGE][PASSED] - totalplay.Common.verifyPropertyExist is PASSED

03-09-2024T18:15:20 - [TEST_STEP][PASSED] - totalplay.Common.verifyPropertyValueExist(AddAddressToCart, billing_address_city): totalplay.Common.verifyPropertyValueExist is PASSED

03-09-2024T18:15:20 - [MESSAGE][INFO] - Checking response object

03-09-2024T18:15:20 - [MESSAGE][INFO] - Ciudad de Mexico

03-09-2024T18:15:20 - [MESSAGE][PASSED] - totalplay.Common.verifyPropertyValueExist is PASSED

03-09-2024T18:15:20 - [TEST_STEP][PASSED] - totalplay.Common.verifyPropertyExist(AddAddressToCart, billing_address_country_code): totalplay.Common.verifyPropertyExist is PASSED

03-09-2024T18:15:20 - [MESSAGE][INFO] - Checking response object

03-09-2024T18:15:20 - [MESSAGE][PASSED] - totalplay.Common.verifyPropertyExist is PASSED

03-09-2024T18:15:20 - [TEST_STEP][PASSED] - totalplay.Common.verifyPropertyValueExist(AddAddressToCart, billing_address_country_code): totalplay.Common.verifyPropertyValueExist is PASSED

03-09-2024T18:15:20 - [MESSAGE][INFO] - Checking response object

03-09-2024T18:15:20 - [MESSAGE][INFO] - MX

03-09-2024T18:15:20 - [MESSAGE][PASSED] - totalplay.Common.verifyPropertyValueExist is PASSED

03-09-2024T18:15:20 - [TEST_STEP][PASSED] - totalplay.Common.verifyPropertyExist(AddAddressToCart, billing_address_first_name): totalplay.Common.verifyPropertyExist is PASSED

03-09-2024T18:15:20 - [MESSAGE][INFO] - Checking response object

03-09-2024T18:15:20 - [MESSAGE][PASSED] - totalplay.Common.verifyPropertyExist is PASSED

03-09-2024T18:15:20 - [TEST_STEP][PASSED] - totalplay.Common.verifyPropertyValueExist(AddAddressToCart, billing_address_first_name): totalplay.Common.verifyPropertyValueExist is PASSED

03-09-2024T18:15:20 - [MESSAGE][INFO] - Checking response object

03-09-2024T18:15:20 - [MESSAGE][INFO] - CESAR

03-09-2024T18:15:20 - [MESSAGE][PASSED] - totalplay.Common.verifyPropertyValueExist is PASSED

03-09-2024T18:15:20 - [TEST_STEP][PASSED] - totalplay.Common.verifyPropertyExist(AddAddressToCart, billing_address_full_name): totalplay.Common.verifyPropertyExist is PASSED

03-09-2024T18:15:20 - [MESSAGE][INFO] - Checking response object

03-09-2024T18:15:20 - [MESSAGE][PASSED] - totalplay.Common.verifyPropertyExist is PASSED

03-09-2024T18:15:20 - [TEST_STEP][PASSED] - totalplay.Common.verifyPropertyValueExist(AddAddressToCart, billing_address_full_name): totalplay.Common.verifyPropertyValueExist is PASSED

03-09-2024T18:15:20 - [MESSAGE][INFO] - Checking response object

03-09-2024T18:15:20 - [MESSAGE][INFO] - CESAR GERARDO WALDO GONZALEZ

03-09-2024T18:15:20 - [MESSAGE][PASSED] - totalplay.Common.verifyPropertyValueExist is PASSED

03-09-2024T18:15:20 - [TEST_STEP][PASSED] - totalplay.Common.verifyPropertyExist(AddAddressToCart, billing_address_id): totalplay.Common.verifyPropertyExist is PASSED

03-09-2024T18:15:20 - [MESSAGE][INFO] - Checking response object

03-09-2024T18:15:20 - [MESSAGE][PASSED] - totalplay.Common.verifyPropertyExist is PASSED

03-09-2024T18:15:20 - [TEST_STEP][PASSED] - totalplay.Common.verifyPropertyValueExist(AddAddressToCart, billing_address_id): totalplay.Common.verifyPropertyValueExist is PASSED

03-09-2024T18:15:20 - [MESSAGE][INFO] - Checking response object

03-09-2024T18:15:20 - [MESSAGE][INFO] - f0373e8dc6eab445e73a0c81a4

03-09-2024T18:15:20 - [MESSAGE][PASSED] - totalplay.Common.verifyPropertyValueExist is PASSED

03-09-2024T18:15:20 - [TEST_STEP][PASSED] - totalplay.Common.verifyPropertyExist(AddAddressToCart, billing_address_last_name): totalplay.Common.verifyPropertyExist is PASSED

03-09-2024T18:15:20 - [MESSAGE][INFO] - Checking response object

03-09-2024T18:15:20 - [MESSAGE][PASSED] - totalplay.Common.verifyPropertyExist is PASSED

03-09-2024T18:15:20 - [TEST_STEP][PASSED] - totalplay.Common.verifyPropertyValueExist(AddAddressToCart, billing_address_last_name): totalplay.Common.verifyPropertyValueExist is PASSED

03-09-2024T18:15:20 - [MESSAGE][INFO] - Checking response object

03-09-2024T18:15:20 - [MESSAGE][INFO] - GERARDO WALDO GONZALEZ

03-09-2024T18:15:20 - [MESSAGE][PASSED] - totalplay.Common.verifyPropertyValueExist is PASSED

03-09-2024T18:15:20 - [TEST_STEP][PASSED] - totalplay.Common.verifyPropertyExist(AddAddressToCart, billing_address_phone): totalplay.Common.verifyPropertyExist is PASSED

03-09-2024T18:15:20 - [MESSAGE][INFO] - Checking response object

03-09-2024T18:15:20 - [MESSAGE][PASSED] - totalplay.Common.verifyPropertyExist is PASSED

03-09-2024T18:15:20 - [TEST_STEP][PASSED] - totalplay.Common.verifyPropertyValueExist(AddAddressToCart, billing_address_phone): totalplay.Common.verifyPropertyValueExist is PASSED

03-09-2024T18:15:20 - [MESSAGE][INFO] - Checking response object

03-09-2024T18:15:21 - [MESSAGE][INFO] - 5579660270

03-09-2024T18:15:21 - [MESSAGE][PASSED] - totalplay.Common.verifyPropertyValueExist is PASSED

03-09-2024T18:15:21 - [TEST_STEP][PASSED] - totalplay.Common.verifyPropertyExist(AddAddressToCart, billing_address_postal_code): totalplay.Common.verifyPropertyExist is PASSED

03-09-2024T18:15:21 - [MESSAGE][INFO] - Checking response object

03-09-2024T18:15:21 - [MESSAGE][PASSED] - totalplay.Common.verifyPropertyExist is PASSED

03-09-2024T18:15:21 - [TEST_STEP][PASSED] - totalplay.Common.verifyPropertyValueExist(AddAddressToCart, billing_address_postal_code): totalplay.Common.verifyPropertyValueExist is PASSED

03-09-2024T18:15:21 - [MESSAGE][INFO] - Checking response object

03-09-2024T18:15:21 - [MESSAGE][INFO] - 11500

03-09-2024T18:15:21 - [MESSAGE][PASSED] - totalplay.Common.verifyPropertyValueExist is PASSED

03-09-2024T18:15:21 - [TEST_STEP][PASSED] - totalplay.Common.verifyPropertyExist(AddAddressToCart, billing_address_c_alias): totalplay.Common.verifyPropertyExist is PASSED

03-09-2024T18:15:21 - [MESSAGE][INFO] - Checking response object

03-09-2024T18:15:21 - [MESSAGE][PASSED] - totalplay.Common.verifyPropertyExist is PASSED

03-09-2024T18:15:21 - [TEST_STEP][PASSED] - totalplay.Common.verifyPropertyValueExist(AddAddressToCart, billing_address_c_alias): totalplay.Common.verifyPropertyValueExist is PASSED

03-09-2024T18:15:21 - [MESSAGE][INFO] - Checking response object

03-09-2024T18:15:21 - [MESSAGE][INFO] - CasaWaldoP

03-09-2024T18:15:21 - [MESSAGE][PASSED] - totalplay.Common.verifyPropertyValueExist is PASSED

03-09-2024T18:15:21 - [TEST_STEP][PASSED] - totalplay.Common.verifyPropertyExist(AddAddressToCart, billing_address_c_delegation): totalplay.Common.verifyPropertyExist is PASSED

03-09-2024T18:15:21 - [MESSAGE][INFO] - Checking response object

03-09-2024T18:15:21 - [MESSAGE][PASSED] - totalplay.Common.verifyPropertyExist is PASSED

03-09-2024T18:15:21 - [TEST_STEP][PASSED] - totalplay.Common.verifyPropertyValueExist(AddAddressToCart, billing_address_c_delegation): totalplay.Common.verifyPropertyValueExist is PASSED

03-09-2024T18:15:21 - [MESSAGE][INFO] - Checking response object

03-09-2024T18:15:21 - [MESSAGE][INFO] - Miguel Hidalgo

03-09-2024T18:15:21 - [MESSAGE][PASSED] - totalplay.Common.verifyPropertyValueExist is PASSED

03-09-2024T18:15:21 - [TEST_STEP][PASSED] - totalplay.Common.verifyPropertyExist(AddAddressToCart, billing_address_c_delegation): totalplay.Common.verifyPropertyExist is PASSED

03-09-2024T18:15:21 - [MESSAGE][INFO] - Checking response object

03-09-2024T18:15:21 - [MESSAGE][PASSED] - totalplay.Common.verifyPropertyExist is PASSED

03-09-2024T18:15:21 - [TEST_STEP][PASSED] - totalplay.Common.verifyPropertyValueExist(AddAddressToCart, billing_address_c_delegation): totalplay.Common.verifyPropertyValueExist is PASSED

03-09-2024T18:15:21 - [MESSAGE][INFO] - Checking response object

03-09-2024T18:15:21 - [MESSAGE][INFO] - Miguel Hidalgo

03-09-2024T18:15:21 - [MESSAGE][PASSED] - totalplay.Common.verifyPropertyValueExist is PASSED

03-09-2024T18:15:21 - [TEST_STEP][PASSED] - totalplay.Common.verifyPropertyExist(AddAddressToCart, billing_address_c_label): totalplay.Common.verifyPropertyExist is PASSED

03-09-2024T18:15:21 - [MESSAGE][INFO] - Checking response object

03-09-2024T18:15:21 - [MESSAGE][PASSED] - totalplay.Common.verifyPropertyExist is PASSED

03-09-2024T18:15:21 - [TEST_STEP][PASSED] - totalplay.Common.verifyPropertyValueExist(AddAddressToCart, billing_address_c_label): totalplay.Common.verifyPropertyValueExist is PASSED

03-09-2024T18:15:21 - [MESSAGE][INFO] - Checking response object

03-09-2024T18:15:21 - [MESSAGE][INFO] - {"home":true,"company":false,"other":false}

03-09-2024T18:15:21 - [MESSAGE][PASSED] - totalplay.Common.verifyPropertyValueExist is PASSED

03-09-2024T18:15:21 - [TEST_STEP][PASSED] - totalplay.Common.verifyPropertyExist(AddAddressToCart, billing_address_c_latitude): totalplay.Common.verifyPropertyExist is PASSED

03-09-2024T18:15:21 - [MESSAGE][INFO] - Checking response object

03-09-2024T18:15:21 - [MESSAGE][PASSED] - totalplay.Common.verifyPropertyExist is PASSED

03-09-2024T18:15:21 - [TEST_STEP][PASSED] - totalplay.Common.verifyPropertyValueExist(AddAddressToCart, billing_address_c_latitude): totalplay.Common.verifyPropertyValueExist is PASSED

03-09-2024T18:15:21 - [MESSAGE][INFO] - Checking response object

03-09-2024T18:15:21 - [MESSAGE][INFO] - 19.439691

03-09-2024T18:15:21 - [MESSAGE][PASSED] - totalplay.Common.verifyPropertyValueExist is PASSED

03-09-2024T18:15:21 - [TEST_STEP][PASSED] - totalplay.Common.verifyPropertyExist(AddAddressToCart, billing_address_c_longitude): totalplay.Common.verifyPropertyExist is PASSED

03-09-2024T18:15:21 - [MESSAGE][INFO] - Checking response object

03-09-2024T18:15:21 - [MESSAGE][PASSED] - totalplay.Common.verifyPropertyExist is PASSED

03-09-2024T18:15:21 - [TEST_STEP][PASSED] - totalplay.Common.verifyPropertyValueExist(AddAddressToCart, billing_address_c_longitude): totalplay.Common.verifyPropertyValueExist is PASSED

03-09-2024T18:15:21 - [MESSAGE][INFO] - Checking response object

03-09-2024T18:15:21 - [MESSAGE][INFO] - -99.205670

03-09-2024T18:15:21 - [MESSAGE][PASSED] - totalplay.Common.verifyPropertyValueExist is PASSED

03-09-2024T18:15:21 - [TEST_STEP][PASSED] - totalplay.Common.verifyPropertyExist(AddAddressToCart, billing_address_c_nExt): totalplay.Common.verifyPropertyExist is PASSED

03-09-2024T18:15:21 - [MESSAGE][INFO] - Checking response object

03-09-2024T18:15:21 - [MESSAGE][PASSED] - totalplay.Common.verifyPropertyExist is PASSED

03-09-2024T18:15:21 - [TEST_STEP][PASSED] - totalplay.Common.verifyPropertyValueExist(AddAddressToCart, billing_address_c_nExt): totalplay.Common.verifyPropertyValueExist is PASSED

03-09-2024T18:15:21 - [MESSAGE][INFO] - Checking response object

03-09-2024T18:15:21 - [MESSAGE][INFO] - 107

03-09-2024T18:15:21 - [MESSAGE][PASSED] - totalplay.Common.verifyPropertyValueExist is PASSED

03-09-2024T18:15:21 - [TEST_STEP][PASSED] - totalplay.Common.verifyPropertyExist(AddAddressToCart, billing_address_c_neighborhood): totalplay.Common.verifyPropertyExist is PASSED

03-09-2024T18:15:21 - [MESSAGE][INFO] - Checking response object

03-09-2024T18:15:21 - [MESSAGE][PASSED] - totalplay.Common.verifyPropertyExist is PASSED

03-09-2024T18:15:21 - [TEST_STEP][PASSED] - totalplay.Common.verifyPropertyValueExist(AddAddressToCart, billing_address_c_neighborhood): totalplay.Common.verifyPropertyValueExist is PASSED

03-09-2024T18:15:21 - [MESSAGE][INFO] - Checking response object

03-09-2024T18:15:21 - [MESSAGE][INFO] - Polanco

03-09-2024T18:15:21 - [MESSAGE][PASSED] - totalplay.Common.verifyPropertyValueExist is PASSED

03-09-2024T18:15:21 - [TEST_STEP][PASSED] - totalplay.Common.verifyPropertyExist(AddAddressToCart, billing_address_c_references): totalplay.Common.verifyPropertyExist is PASSED

03-09-2024T18:15:21 - [MESSAGE][INFO] - Checking response object

03-09-2024T18:15:21 - [MESSAGE][PASSED] - totalplay.Common.verifyPropertyExist is PASSED

03-09-2024T18:15:21 - [TEST_STEP][PASSED] - totalplay.Common.verifyPropertyValueExist(AddAddressToCart, billing_address_c_references): totalplay.Common.verifyPropertyValueExist is PASSED

03-09-2024T18:15:21 - [MESSAGE][INFO] - Checking response object

03-09-2024T18:15:21 - [MESSAGE][INFO] - Llamar al llegar

03-09-2024T18:15:21 - [MESSAGE][PASSED] - totalplay.Common.verifyPropertyValueExist is PASSED

03-09-2024T18:15:21 - [TEST_STEP][PASSED] - totalplay.Common.verifyPropertyExist(AddAddressToCart, billing_address_c_rfc): totalplay.Common.verifyPropertyExist is PASSED

03-09-2024T18:15:21 - [MESSAGE][INFO] - Checking response object

03-09-2024T18:15:21 - [MESSAGE][PASSED] - totalplay.Common.verifyPropertyExist is PASSED

03-09-2024T18:15:21 - [TEST_STEP][PASSED] - totalplay.Common.verifyPropertyValueExist(AddAddressToCart, billing_address_c_rfc): totalplay.Common.verifyPropertyValueExist is PASSED

03-09-2024T18:15:21 - [MESSAGE][INFO] - Checking response object

03-09-2024T18:15:21 - [MESSAGE][INFO] - XAXA010101111

03-09-2024T18:15:21 - [MESSAGE][PASSED] - totalplay.Common.verifyPropertyValueExist is PASSED

03-09-2024T18:15:21 - [TEST_STEP][PASSED] - totalplay.Common.verifyPropertyExist(AddAddressToCart, billing_address_c_state): totalplay.Common.verifyPropertyExist is PASSED

03-09-2024T18:15:21 - [MESSAGE][INFO] - Checking response object

03-09-2024T18:15:21 - [MESSAGE][PASSED] - totalplay.Common.verifyPropertyExist is PASSED

03-09-2024T18:15:21 - [TEST_STEP][PASSED] - totalplay.Common.verifyPropertyValueExist(AddAddressToCart, billing_address_c_state): totalplay.Common.verifyPropertyValueExist is PASSED

03-09-2024T18:15:21 - [MESSAGE][INFO] - Checking response object

03-09-2024T18:15:21 - [MESSAGE][INFO] - CDMX

03-09-2024T18:15:21 - [MESSAGE][PASSED] - totalplay.Common.verifyPropertyValueExist is PASSED

03-09-2024T18:15:21 - [TEST_STEP][PASSED] - totalplay.Common.verifyPropertyExist(AddAddressToCart, billing_address_c_streetName): totalplay.Common.verifyPropertyExist is PASSED

03-09-2024T18:15:21 - [MESSAGE][INFO] - Checking response object

03-09-2024T18:15:22 - [MESSAGE][PASSED] - totalplay.Common.verifyPropertyExist is PASSED

03-09-2024T18:15:22 - [TEST_STEP][PASSED] - totalplay.Common.verifyPropertyValueExist(AddAddressToCart, billing_address_c_streetName): totalplay.Common.verifyPropertyValueExist is PASSED

03-09-2024T18:15:22 - [MESSAGE][INFO] - Checking response object

03-09-2024T18:15:22 - [MESSAGE][INFO] - Alejandro Dumas

03-09-2024T18:15:22 - [MESSAGE][PASSED] - totalplay.Common.verifyPropertyValueExist is PASSED

03-09-2024T18:15:22 - [TEST_STEP][PASSED] - totalplay.Common.verifyPropertyExist(AddAddressToCart, channel_type): totalplay.Common.verifyPropertyExist is PASSED

03-09-2024T18:15:22 - [MESSAGE][INFO] - Checking response object

03-09-2024T18:15:22 - [MESSAGE][PASSED] - totalplay.Common.verifyPropertyExist is PASSED

03-09-2024T18:15:22 - [TEST_STEP][PASSED] - totalplay.Common.verifyPropertyValueExist(AddAddressToCart, channel_type): totalplay.Common.verifyPropertyValueExist is PASSED

03-09-2024T18:15:22 - [MESSAGE][INFO] - Checking response object

03-09-2024T18:15:22 - [MESSAGE][INFO] - storefront

03-09-2024T18:15:22 - [MESSAGE][PASSED] - totalplay.Common.verifyPropertyValueExist is PASSED

03-09-2024T18:15:22 - [TEST_STEP][PASSED] - totalplay.Common.verifyPropertyExist(AddAddressToCart, customer_info__type): totalplay.Common.verifyPropertyExist is PASSED

03-09-2024T18:15:22 - [MESSAGE][INFO] - Checking response object

03-09-2024T18:15:22 - [MESSAGE][PASSED] - totalplay.Common.verifyPropertyExist is PASSED

03-09-2024T18:15:22 - [TEST_STEP][PASSED] - totalplay.Common.verifyPropertyValueExist(AddAddressToCart, customer_info__type): totalplay.Common.verifyPropertyValueExist is PASSED

03-09-2024T18:15:22 - [MESSAGE][INFO] - Checking response object

03-09-2024T18:15:22 - [MESSAGE][INFO] - customer_info

03-09-2024T18:15:22 - [MESSAGE][PASSED] - totalplay.Common.verifyPropertyValueExist is PASSED

03-09-2024T18:15:22 - [TEST_STEP][PASSED] - totalplay.Common.verifyPropertyExist(AddAddressToCart, customer_info_customer_id): totalplay.Common.verifyPropertyExist is PASSED

03-09-2024T18:15:22 - [MESSAGE][INFO] - Checking response object

03-09-2024T18:15:22 - [MESSAGE][PASSED] - totalplay.Common.verifyPropertyExist is PASSED

03-09-2024T18:15:22 - [TEST_STEP][PASSED] - totalplay.Common.verifyPropertyValueExist(AddAddressToCart, customer_info_customer_id): totalplay.Common.verifyPropertyValueExist is PASSED

03-09-2024T18:15:22 - [MESSAGE][INFO] - Checking response object

03-09-2024T18:15:22 - [MESSAGE][INFO] - acTAcwrTj6ECo7V8WDIa5leqor

03-09-2024T18:15:22 - [MESSAGE][PASSED] - totalplay.Common.verifyPropertyValueExist is PASSED

03-09-2024T18:15:22 - [TEST_STEP][PASSED] - totalplay.Common.verifyPropertyExist(AddAddressToCart, customer_info_customer_no): totalplay.Common.verifyPropertyExist is PASSED

03-09-2024T18:15:22 - [MESSAGE][INFO] - Checking response object

03-09-2024T18:15:22 - [MESSAGE][PASSED] - totalplay.Common.verifyPropertyExist is PASSED

03-09-2024T18:15:22 - [TEST_STEP][PASSED] - totalplay.Common.verifyPropertyValueExist(AddAddressToCart, customer_info_customer_no): totalplay.Common.verifyPropertyValueExist is PASSED

03-09-2024T18:15:22 - [MESSAGE][INFO] - Checking response object

03-09-2024T18:15:22 - [MESSAGE][INFO] - 00012002

03-09-2024T18:15:22 - [MESSAGE][PASSED] - totalplay.Common.verifyPropertyValueExist is PASSED

03-09-2024T18:15:22 - [TEST_STEP][PASSED] - totalplay.Common.verifyPropertyExist(AddAddressToCart, customer_info_email): totalplay.Common.verifyPropertyExist is PASSED

03-09-2024T18:15:22 - [MESSAGE][INFO] - Checking response object

03-09-2024T18:15:22 - [MESSAGE][PASSED] - totalplay.Common.verifyPropertyExist is PASSED

03-09-2024T18:15:22 - [TEST_STEP][PASSED] - totalplay.Common.verifyPropertyValueExist(AddAddressToCart, customer_info_email): totalplay.Common.verifyPropertyValueExist is PASSED

03-09-2024T18:15:22 - [MESSAGE][INFO] - Checking response object

03-09-2024T18:15:22 - [MESSAGE][INFO] - cesar.waldo93@gmail.com

03-09-2024T18:15:22 - [MESSAGE][PASSED] - totalplay.Common.verifyPropertyValueExist is PASSED

03-09-2024T18:15:22 - [TEST_STEP][PASSED] - totalplay.Common.verifyPropertyExist(AddAddressToCart, last_modified): totalplay.Common.verifyPropertyExist is PASSED

03-09-2024T18:15:22 - [MESSAGE][INFO] - Checking response object

03-09-2024T18:15:22 - [MESSAGE][PASSED] - totalplay.Common.verifyPropertyExist is PASSED

03-09-2024T18:15:22 - [TEST_STEP][PASSED] - totalplay.Common.verifyPropertyValueExist(AddAddressToCart, last_modified): totalplay.Common.verifyPropertyValueExist is PASSED

03-09-2024T18:15:22 - [MESSAGE][INFO] - Checking response object

03-09-2024T18:15:22 - [MESSAGE][INFO] - 2024-09-03T12:45:19.328Z

03-09-2024T18:15:22 - [MESSAGE][PASSED] - totalplay.Common.verifyPropertyValueExist is PASSED

03-09-2024T18:15:22 - [TEST_STEP][PASSED] - totalplay.Common.getDecimalValueofObject(AddAddressToCart, merchandize_total_tax): totalplay.Common.getDecimalValueofObject is PASSED

03-09-2024T18:15:22 - [MESSAGE][INFO] - Checking response object

03-09-2024T18:15:22 - [MESSAGE][PASSED] - totalplay.Common.getDecimalValueofObject is PASSED

03-09-2024T18:15:22 - [TEST_STEP][PASSED] - totalplay.Common.verifyPropertyExist(AddAddressToCart, notes__type): totalplay.Common.verifyPropertyExist is PASSED

03-09-2024T18:15:22 - [MESSAGE][INFO] - Checking response object

03-09-2024T18:15:22 - [MESSAGE][PASSED] - totalplay.Common.verifyPropertyExist is PASSED

03-09-2024T18:15:22 - [TEST_STEP][PASSED] - totalplay.Common.verifyPropertyValueExist(AddAddressToCart, notes__type): totalplay.Common.verifyPropertyValueExist is PASSED

03-09-2024T18:15:22 - [MESSAGE][INFO] - Checking response object

03-09-2024T18:15:22 - [MESSAGE][INFO] - simple_link

03-09-2024T18:15:22 - [MESSAGE][PASSED] - totalplay.Common.verifyPropertyValueExist is PASSED

03-09-2024T18:15:22 - [TEST_STEP][PASSED] - totalplay.Common.verifyPropertyExist(AddAddressToCart, notes_link): totalplay.Common.verifyPropertyExist is PASSED

03-09-2024T18:15:22 - [MESSAGE][INFO] - Checking response object

03-09-2024T18:15:22 - [MESSAGE][PASSED] - totalplay.Common.verifyPropertyExist is PASSED

03-09-2024T18:15:22 - [TEST_STEP][PASSED] - totalplay.Common.verifyPropertyValueExist(AddAddressToCart, notes_link): totalplay.Common.verifyPropertyValueExist is PASSED

03-09-2024T18:15:22 - [MESSAGE][INFO] - Checking response object

03-09-2024T18:15:22 - [MESSAGE][INFO] - https://salesforceqa.sistemastp.com.mx/s/TP-FOOD/dw/shop/v24_5/baskets/3830ba289bef3ffe7031901a87/notes?use_as_shipping=true

03-09-2024T18:15:22 - [MESSAGE][PASSED] - totalplay.Common.verifyPropertyValueExist is PASSED

03-09-2024T18:15:22 - [TEST_STEP][PASSED] - totalplay.Common.getDecimalValueofObject(AddAddressToCart, order_total): totalplay.Common.getDecimalValueofObject is PASSED

03-09-2024T18:15:22 - [MESSAGE][INFO] - Checking response object

03-09-2024T18:15:22 - [MESSAGE][PASSED] - totalplay.Common.getDecimalValueofObject is PASSED

03-09-2024T18:15:22 - [TEST_STEP][PASSED] - totalplay.Common.verifyPropertyExist(AddAddressToCart, product_items_0__type): totalplay.Common.verifyPropertyExist is PASSED

03-09-2024T18:15:22 - [MESSAGE][INFO] - Checking response object

03-09-2024T18:15:22 - [MESSAGE][PASSED] - totalplay.Common.verifyPropertyExist is PASSED

03-09-2024T18:15:22 - [TEST_STEP][PASSED] - totalplay.Common.verifyPropertyValueExist(AddAddressToCart, product_items_0__type): totalplay.Common.verifyPropertyValueExist is PASSED

03-09-2024T18:15:22 - [MESSAGE][INFO] - Checking response object

03-09-2024T18:15:22 - [MESSAGE][INFO] - product_item

03-09-2024T18:15:22 - [MESSAGE][PASSED] - totalplay.Common.verifyPropertyValueExist is PASSED

03-09-2024T18:15:22 - [TEST_STEP][PASSED] - totalplay.Common.getDecimalValueofObject(AddAddressToCart, product_items_0_adjusted_tax): totalplay.Common.getDecimalValueofObject is PASSED

03-09-2024T18:15:22 - [MESSAGE][INFO] - Checking response object

03-09-2024T18:15:22 - [MESSAGE][PASSED] - totalplay.Common.getDecimalValueofObject is PASSED

03-09-2024T18:15:22 - [TEST_STEP][PASSED] - totalplay.Common.getDecimalValueofObject(AddAddressToCart, product_items_0_base_price): totalplay.Common.getDecimalValueofObject is PASSED

03-09-2024T18:15:22 - [MESSAGE][INFO] - Checking response object

03-09-2024T18:15:22 - [MESSAGE][PASSED] - totalplay.Common.getDecimalValueofObject is PASSED

03-09-2024T18:15:22 - [TEST_STEP][PASSED] - totalplay.Common.getBooleanValueofObject(AddAddressToCart, product_items_0_bonus_product_line_item): totalplay.Common.getBooleanValueofObject is PASSED

03-09-2024T18:15:22 - [MESSAGE][INFO] - Checking response object

03-09-2024T18:15:22 - [MESSAGE][PASSED] - totalplay.Common.getBooleanValueofObject is PASSED

03-09-2024T18:15:22 - [TEST_STEP][PASSED] - totalplay.Common.getBooleanValueofObject(AddAddressToCart, product_items_0_gift): totalplay.Common.getBooleanValueofObject is PASSED

03-09-2024T18:15:22 - [MESSAGE][INFO] - Checking response object

03-09-2024T18:15:23 - [MESSAGE][PASSED] - totalplay.Common.getBooleanValueofObject is PASSED

03-09-2024T18:15:23 - [TEST_STEP][PASSED] - totalplay.Common.verifyPropertyExist(AddAddressToCart, product_items_0_inventory_id): totalplay.Common.verifyPropertyExist is PASSED

03-09-2024T18:15:23 - [MESSAGE][INFO] - Checking response object

03-09-2024T18:15:23 - [MESSAGE][PASSED] - totalplay.Common.verifyPropertyExist is PASSED

03-09-2024T18:15:23 - [TEST_STEP][PASSED] - totalplay.Common.verifyPropertyValueExist(AddAddressToCart, product_items_0_inventory_id): totalplay.Common.verifyPropertyValueExist is PASSED

03-09-2024T18:15:23 - [MESSAGE][INFO] - Checking response object

03-09-2024T18:15:23 - [MESSAGE][INFO] - inventory_m_food_mirakl

03-09-2024T18:15:23 - [MESSAGE][PASSED] - totalplay.Common.verifyPropertyValueExist is PASSED

03-09-2024T18:15:23 - [TEST_STEP][PASSED] - totalplay.Common.verifyPropertyExist(AddAddressToCart, product_items_0_item_id): totalplay.Common.verifyPropertyExist is PASSED

03-09-2024T18:15:23 - [MESSAGE][INFO] - Checking response object

03-09-2024T18:15:23 - [MESSAGE][PASSED] - totalplay.Common.verifyPropertyExist is PASSED

03-09-2024T18:15:23 - [TEST_STEP][PASSED] - totalplay.Common.verifyPropertyValueExist(AddAddressToCart, product_items_0_item_id): totalplay.Common.verifyPropertyValueExist is PASSED

03-09-2024T18:15:23 - [MESSAGE][INFO] - Checking response object

03-09-2024T18:15:23 - [MESSAGE][INFO] - 1c753df17b3d116743d73ce1fb

03-09-2024T18:15:23 - [MESSAGE][PASSED] - totalplay.Common.verifyPropertyValueExist is PASSED

03-09-2024T18:15:23 - [TEST_STEP][PASSED] - totalplay.Common.verifyPropertyExist(AddAddressToCart, product_items_0_item_text): totalplay.Common.verifyPropertyExist is PASSED

03-09-2024T18:15:23 - [MESSAGE][INFO] - Checking response object

03-09-2024T18:15:23 - [MESSAGE][PASSED] - totalplay.Common.verifyPropertyExist is PASSED

03-09-2024T18:15:23 - [TEST_STEP][PASSED] - totalplay.Common.verifyPropertyValueExist(AddAddressToCart, product_items_0_item_text): totalplay.Common.verifyPropertyValueExist is PASSED

03-09-2024T18:15:23 - [MESSAGE][INFO] - Checking response object

03-09-2024T18:15:23 - [MESSAGE][INFO] - Orden de Maciza (100 g)

03-09-2024T18:15:23 - [MESSAGE][PASSED] - totalplay.Common.verifyPropertyValueExist is PASSED

03-09-2024T18:15:23 - [TEST_STEP][PASSED] - totalplay.Common.getDecimalValueofObject(AddAddressToCart, product_items_0_price): totalplay.Common.getDecimalValueofObject is PASSED

03-09-2024T18:15:23 - [MESSAGE][INFO] - Checking response object

03-09-2024T18:15:23 - [MESSAGE][PASSED] - totalplay.Common.getDecimalValueofObject is PASSED

03-09-2024T18:15:23 - [TEST_STEP][PASSED] - totalplay.Common.getDecimalValueofObject(AddAddressToCart, product_items_0_price_after_item_discount): totalplay.Common.getDecimalValueofObject is PASSED

03-09-2024T18:15:23 - [MESSAGE][INFO] - Checking response object

03-09-2024T18:15:23 - [MESSAGE][PASSED] - totalplay.Common.getDecimalValueofObject is PASSED

03-09-2024T18:15:23 - [TEST_STEP][PASSED] - totalplay.Common.getDecimalValueofObject(AddAddressToCart, product_items_0_price_after_order_discount): totalplay.Common.getDecimalValueofObject is PASSED

03-09-2024T18:15:23 - [MESSAGE][INFO] - Checking response object

03-09-2024T18:15:23 - [MESSAGE][PASSED] - totalplay.Common.getDecimalValueofObject is PASSED

03-09-2024T18:15:23 - [TEST_STEP][PASSED] - totalplay.Common.verifyPropertyExist(AddAddressToCart, product_items_0_product_id): totalplay.Common.verifyPropertyExist is PASSED

03-09-2024T18:15:23 - [MESSAGE][INFO] - Checking response object

03-09-2024T18:15:23 - [MESSAGE][PASSED] - totalplay.Common.verifyPropertyExist is PASSED

03-09-2024T18:15:23 - [TEST_STEP][PASSED] - totalplay.Common.verifyPropertyValueExist(AddAddressToCart, product_items_0_product_id): totalplay.Common.verifyPropertyValueExist is PASSED

03-09-2024T18:15:23 - [MESSAGE][INFO] - Checking response object

03-09-2024T18:15:23 - [MESSAGE][INFO] - C828554986

03-09-2024T18:15:23 - [MESSAGE][PASSED] - totalplay.Common.verifyPropertyValueExist is PASSED

03-09-2024T18:15:23 - [TEST_STEP][PASSED] - totalplay.Common.verifyPropertyExist(AddAddressToCart, product_items_0_product_name): totalplay.Common.verifyPropertyExist is PASSED

03-09-2024T18:15:23 - [MESSAGE][INFO] - Checking response object

03-09-2024T18:15:23 - [MESSAGE][PASSED] - totalplay.Common.verifyPropertyExist is PASSED

03-09-2024T18:15:23 - [TEST_STEP][PASSED] - totalplay.Common.verifyPropertyValueExist(AddAddressToCart, product_items_0_product_name): totalplay.Common.verifyPropertyValueExist is PASSED

03-09-2024T18:15:23 - [MESSAGE][INFO] - Checking response object

03-09-2024T18:15:23 - [MESSAGE][INFO] - Orden de Maciza (100 g)

03-09-2024T18:15:23 - [MESSAGE][PASSED] - totalplay.Common.verifyPropertyValueExist is PASSED

03-09-2024T18:15:23 - [TEST_STEP][PASSED] - totalplay.Common.getNumValueofObject(AddAddressToCart, product_items_0_quantity): totalplay.Common.getNumValueofObject is PASSED

03-09-2024T18:15:23 - [MESSAGE][INFO] - Checking response object

03-09-2024T18:15:23 - [MESSAGE][PASSED] - totalplay.Common.getNumValueofObject is PASSED

03-09-2024T18:15:23 - [TEST_STEP][PASSED] - totalplay.Common.verifyPropertyExist(AddAddressToCart, product_items_0_shipment_id): totalplay.Common.verifyPropertyExist is PASSED

03-09-2024T18:15:23 - [MESSAGE][INFO] - Checking response object

03-09-2024T18:15:23 - [MESSAGE][PASSED] - totalplay.Common.verifyPropertyExist is PASSED

03-09-2024T18:15:23 - [TEST_STEP][PASSED] - totalplay.Common.verifyPropertyValueExist(AddAddressToCart, product_items_0_shipment_id): totalplay.Common.verifyPropertyValueExist is PASSED

03-09-2024T18:15:23 - [MESSAGE][INFO] - Checking response object

03-09-2024T18:15:23 - [MESSAGE][INFO] - me

03-09-2024T18:15:23 - [MESSAGE][PASSED] - totalplay.Common.verifyPropertyValueExist is PASSED

03-09-2024T18:15:23 - [TEST_STEP][PASSED] - totalplay.Common.getDecimalValueofObject(AddAddressToCart, product_items_0_tax): totalplay.Common.getDecimalValueofObject is PASSED

03-09-2024T18:15:23 - [MESSAGE][INFO] - Checking response object

03-09-2024T18:15:23 - [MESSAGE][PASSED] - totalplay.Common.getDecimalValueofObject is PASSED

03-09-2024T18:15:23 - [TEST_STEP][PASSED] - totalplay.Common.getDecimalValueofObject(AddAddressToCart, product_items_0_tax_basis): totalplay.Common.getDecimalValueofObject is PASSED

03-09-2024T18:15:23 - [MESSAGE][INFO] - Checking response object

03-09-2024T18:15:23 - [MESSAGE][PASSED] - totalplay.Common.getDecimalValueofObject is PASSED

03-09-2024T18:15:23 - [TEST_STEP][PASSED] - totalplay.Common.verifyPropertyExist(AddAddressToCart, product_items_0_tax_class_id): totalplay.Common.verifyPropertyExist is PASSED

03-09-2024T18:15:23 - [MESSAGE][INFO] - Checking response object

03-09-2024T18:15:23 - [MESSAGE][PASSED] - totalplay.Common.verifyPropertyExist is PASSED

03-09-2024T18:15:23 - [TEST_STEP][PASSED] - totalplay.Common.verifyPropertyValueExist(AddAddressToCart, product_items_0_tax_class_id): totalplay.Common.verifyPropertyValueExist is PASSED

03-09-2024T18:15:23 - [MESSAGE][INFO] - Checking response object

03-09-2024T18:15:23 - [MESSAGE][INFO] - product_zero_tax

03-09-2024T18:15:23 - [MESSAGE][PASSED] - totalplay.Common.verifyPropertyValueExist is PASSED

03-09-2024T18:15:23 - [TEST_STEP][PASSED] - totalplay.Common.getDecimalValueofObject(AddAddressToCart, product_items_0_tax_rate): totalplay.Common.getDecimalValueofObject is PASSED

03-09-2024T18:15:23 - [MESSAGE][INFO] - Checking response object

03-09-2024T18:15:23 - [MESSAGE][PASSED] - totalplay.Common.getDecimalValueofObject is PASSED

03-09-2024T18:15:23 - [TEST_STEP][PASSED] - totalplay.Common.verifyPropertyExist(AddAddressToCart, product_items_0_c_fromStoreId): totalplay.Common.verifyPropertyExist is PASSED

03-09-2024T18:15:23 - [MESSAGE][INFO] - Checking response object

03-09-2024T18:15:23 - [MESSAGE][PASSED] - totalplay.Common.verifyPropertyExist is PASSED

03-09-2024T18:15:23 - [TEST_STEP][PASSED] - totalplay.Common.verifyPropertyValueExist(AddAddressToCart, product_items_0_c_fromStoreId): totalplay.Common.verifyPropertyValueExist is PASSED

03-09-2024T18:15:23 - [MESSAGE][INFO] - Checking response object

03-09-2024T18:15:23 - [MESSAGE][INFO] - 4158

03-09-2024T18:15:23 - [MESSAGE][PASSED] - totalplay.Common.verifyPropertyValueExist is PASSED

03-09-2024T18:15:23 - [TEST_STEP][PASSED] - totalplay.Common.verifyPropertyExist(AddAddressToCart, product_items_0_c_miraklChannels): totalplay.Common.verifyPropertyExist is PASSED

03-09-2024T18:15:23 - [MESSAGE][INFO] - Checking response object

03-09-2024T18:15:23 - [MESSAGE][PASSED] - totalplay.Common.verifyPropertyExist is PASSED

03-09-2024T18:15:23 - [TEST_STEP][PASSED] - totalplay.Common.verifyPropertyValueExist(AddAddressToCart, product_items_0_c_miraklChannels): totalplay.Common.verifyPropertyValueExist is PASSED

03-09-2024T18:15:23 - [MESSAGE][INFO] - Checking response object

03-09-2024T18:15:23 - [MESSAGE][INFO] - ["INIT"]

03-09-2024T18:15:23 - [MESSAGE][PASSED] - totalplay.Common.verifyPropertyValueExist is PASSED

03-09-2024T18:15:23 - [TEST_STEP][PASSED] - totalplay.Common.verifyPropertyExist(AddAddressToCart, product_items_0_c_miraklOperatorProductId): totalplay.Common.verifyPropertyExist is PASSED

03-09-2024T18:15:23 - [MESSAGE][INFO] - Checking response object

03-09-2024T18:15:23 - [MESSAGE][PASSED] - totalplay.Common.verifyPropertyExist is PASSED

03-09-2024T18:15:23 - [TEST_STEP][PASSED] - totalplay.Common.verifyPropertyValueExist(AddAddressToCart, product_items_0_c_miraklOperatorProductId): totalplay.Common.verifyPropertyValueExist is PASSED

03-09-2024T18:15:23 - [MESSAGE][INFO] - Checking response object

03-09-2024T18:15:23 - [MESSAGE][INFO] - C828554986

03-09-2024T18:15:23 - [MESSAGE][PASSED] - totalplay.Common.verifyPropertyValueExist is PASSED

03-09-2024T18:15:23 - [TEST_STEP][PASSED] - totalplay.Common.verifyPropertyExist(AddAddressToCart, product_items_0_c_miraklShippingTaxes): totalplay.Common.verifyPropertyExist is PASSED

03-09-2024T18:15:23 - [MESSAGE][INFO] - Checking response object

03-09-2024T18:15:23 - [MESSAGE][PASSED] - totalplay.Common.verifyPropertyExist is PASSED

03-09-2024T18:15:23 - [TEST_STEP][PASSED] - totalplay.Common.verifyPropertyValueExist(AddAddressToCart, product_items_0_c_miraklShippingTaxes): totalplay.Common.verifyPropertyValueExist is PASSED

03-09-2024T18:15:23 - [MESSAGE][INFO] - Checking response object

03-09-2024T18:15:23 - [MESSAGE][INFO] - [{"amount":0,"type":"product_zero_tax","isTaxRate":true,"rate":0}]

03-09-2024T18:15:23 - [MESSAGE][PASSED] - totalplay.Common.verifyPropertyValueExist is PASSED

03-09-2024T18:15:23 - [TEST_STEP][PASSED] - totalplay.Common.verifyPropertyExist(AddAddressToCart, product_items_0_c_miraklTaxes): totalplay.Common.verifyPropertyExist is PASSED

03-09-2024T18:15:23 - [MESSAGE][INFO] - Checking response object

03-09-2024T18:15:24 - [MESSAGE][PASSED] - totalplay.Common.verifyPropertyExist is PASSED

03-09-2024T18:15:24 - [TEST_STEP][PASSED] - totalplay.Common.verifyPropertyValueExist(AddAddressToCart, product_items_0_c_miraklTaxes): totalplay.Common.verifyPropertyValueExist is PASSED

03-09-2024T18:15:24 - [MESSAGE][INFO] - Checking response object

03-09-2024T18:15:24 - [MESSAGE][INFO] - [{"amount":0,"type":"product_zero_tax","isTaxRate":true,"rate":0}]

03-09-2024T18:15:24 - [MESSAGE][PASSED] - totalplay.Common.verifyPropertyValueExist is PASSED

03-09-2024T18:15:24 - [TEST_STEP][PASSED] - totalplay.Common.getNumValueofObject(AddAddressToCart, product_items_0_c_noOfPersons): totalplay.Common.getNumValueofObject is PASSED

03-09-2024T18:15:24 - [MESSAGE][INFO] - Checking response object

03-09-2024T18:15:24 - [MESSAGE][PASSED] - totalplay.Common.getNumValueofObject is PASSED

03-09-2024T18:15:24 - [TEST_STEP][PASSED] - totalplay.Common.verifyPropertyExist(AddAddressToCart, product_items_0_c_offerId): totalplay.Common.verifyPropertyExist is PASSED

03-09-2024T18:15:24 - [MESSAGE][INFO] - Checking response object

03-09-2024T18:15:24 - [MESSAGE][PASSED] - totalplay.Common.verifyPropertyExist is PASSED

03-09-2024T18:15:24 - [TEST_STEP][PASSED] - totalplay.Common.verifyPropertyValueExist(AddAddressToCart, product_items_0_c_offerId): totalplay.Common.verifyPropertyValueExist is PASSED

03-09-2024T18:15:24 - [MESSAGE][INFO] - Checking response object

03-09-2024T18:15:24 - [MESSAGE][INFO] - 541185

03-09-2024T18:15:24 - [MESSAGE][PASSED] - totalplay.Common.verifyPropertyValueExist is PASSED

03-09-2024T18:15:24 - [TEST_STEP][PASSED] - totalplay.Common.getDecimalValueofObject(AddAddressToCart, product_items_0_c_offerSalesPrice): totalplay.Common.getDecimalValueofObject is PASSED

03-09-2024T18:15:24 - [MESSAGE][INFO] - Checking response object

03-09-2024T18:15:24 - [MESSAGE][PASSED] - totalplay.Common.getDecimalValueofObject is PASSED

03-09-2024T18:15:24 - [TEST_STEP][PASSED] - totalplay.Common.verifyPropertyExist(AddAddressToCart, product_items_0_c_offerState): totalplay.Common.verifyPropertyExist is PASSED

03-09-2024T18:15:24 - [MESSAGE][INFO] - Checking response object

03-09-2024T18:15:24 - [MESSAGE][PASSED] - totalplay.Common.verifyPropertyExist is PASSED

03-09-2024T18:15:24 - [TEST_STEP][PASSED] - totalplay.Common.verifyPropertyValueExist(AddAddressToCart, product_items_0_c_offerState): totalplay.Common.verifyPropertyValueExist is PASSED

03-09-2024T18:15:24 - [MESSAGE][INFO] - Checking response object

03-09-2024T18:15:24 - [MESSAGE][INFO] - Nuevo

03-09-2024T18:15:24 - [MESSAGE][PASSED] - totalplay.Common.verifyPropertyValueExist is PASSED

03-09-2024T18:15:24 - [TEST_STEP][PASSED] - totalplay.Common.verifyPropertyExist(AddAddressToCart, product_items_0_c_offerStateCode): totalplay.Common.verifyPropertyExist is PASSED

03-09-2024T18:15:24 - [MESSAGE][INFO] - Checking response object

03-09-2024T18:15:24 - [MESSAGE][PASSED] - totalplay.Common.verifyPropertyExist is PASSED

03-09-2024T18:15:24 - [TEST_STEP][PASSED] - totalplay.Common.verifyPropertyValueExist(AddAddressToCart, product_items_0_c_offerStateCode): totalplay.Common.verifyPropertyValueExist is PASSED

03-09-2024T18:15:24 - [MESSAGE][INFO] - Checking response object

03-09-2024T18:15:24 - [MESSAGE][INFO] - 11

03-09-2024T18:15:24 - [MESSAGE][PASSED] - totalplay.Common.verifyPropertyValueExist is PASSED

03-09-2024T18:15:24 - [TEST_STEP][PASSED] - totalplay.Common.verifyPropertyExist(AddAddressToCart, product_items_0_c_shopId): totalplay.Common.verifyPropertyExist is PASSED

03-09-2024T18:15:24 - [MESSAGE][INFO] - Checking response object

03-09-2024T18:15:24 - [MESSAGE][PASSED] - totalplay.Common.verifyPropertyExist is PASSED

03-09-2024T18:15:24 - [TEST_STEP][PASSED] - totalplay.Common.verifyPropertyValueExist(AddAddressToCart, product_items_0_c_shopId): totalplay.Common.verifyPropertyValueExist is PASSED

03-09-2024T18:15:24 - [MESSAGE][INFO] - Checking response object

03-09-2024T18:15:24 - [MESSAGE][INFO] - 4158

03-09-2024T18:15:24 - [MESSAGE][PASSED] - totalplay.Common.verifyPropertyValueExist is PASSED

03-09-2024T18:15:24 - [TEST_STEP][PASSED] - totalplay.Common.verifyPropertyExist(AddAddressToCart, product_items_0_c_shopName): totalplay.Common.verifyPropertyExist is PASSED

03-09-2024T18:15:24 - [MESSAGE][INFO] - Checking response object

03-09-2024T18:15:24 - [MESSAGE][PASSED] - totalplay.Common.verifyPropertyExist is PASSED

03-09-2024T18:15:24 - [TEST_STEP][PASSED] - totalplay.Common.verifyPropertyValueExist(AddAddressToCart, product_items_0_c_shopName): totalplay.Common.verifyPropertyValueExist is PASSED

03-09-2024T18:15:24 - [MESSAGE][INFO] - Checking response object

03-09-2024T18:15:24 - [MESSAGE][INFO] - La Casa De Toño Polanco

03-09-2024T18:15:24 - [MESSAGE][PASSED] - totalplay.Common.verifyPropertyValueExist is PASSED

03-09-2024T18:15:24 - [TEST_STEP][PASSED] - totalplay.Common.getDecimalValueofObject(AddAddressToCart, product_items_0_c_total_crossed_price): totalplay.Common.getDecimalValueofObject is PASSED

03-09-2024T18:15:24 - [MESSAGE][INFO] - Checking response object

03-09-2024T18:15:24 - [MESSAGE][PASSED] - totalplay.Common.getDecimalValueofObject is PASSED

03-09-2024T18:15:24 - [TEST_STEP][PASSED] - totalplay.Common.getDecimalValueofObject(AddAddressToCart, product_items_0_c_priceWithComplement): totalplay.Common.getDecimalValueofObject is PASSED

03-09-2024T18:15:24 - [MESSAGE][INFO] - Checking response object

03-09-2024T18:15:24 - [MESSAGE][PASSED] - totalplay.Common.getDecimalValueofObject is PASSED

03-09-2024T18:15:24 - [TEST_STEP][PASSED] - totalplay.Common.verifyPropertyExist(AddAddressToCart, product_items_0_c_imagesData_large_0_alt): totalplay.Common.verifyPropertyExist is PASSED

03-09-2024T18:15:24 - [MESSAGE][INFO] - Checking response object

03-09-2024T18:15:24 - [MESSAGE][PASSED] - totalplay.Common.verifyPropertyExist is PASSED

03-09-2024T18:15:24 - [TEST_STEP][PASSED] - totalplay.Common.verifyPropertyValueExist(AddAddressToCart, product_items_0_c_shopName): totalplay.Common.verifyPropertyValueExist is PASSED

03-09-2024T18:15:24 - [MESSAGE][INFO] - Checking response object

03-09-2024T18:15:24 - [MESSAGE][INFO] - La Casa De Toño Polanco

03-09-2024T18:15:24 - [MESSAGE][PASSED] - totalplay.Common.verifyPropertyValueExist is PASSED

03-09-2024T18:15:24 - [TEST_STEP][PASSED] - totalplay.Common.verifyPropertyValueEmptyString(AddAddressToCart, product_items_0_c_imagesData_large_0_url): totalplay.Common.verifyPropertyValueEmptyString is PASSED

03-09-2024T18:15:24 - [MESSAGE][INFO] - Checking response object

03-09-2024T18:15:24 - [MESSAGE][INFO] - 

03-09-2024T18:15:24 - [MESSAGE][PASSED] - totalplay.Common.verifyPropertyValueEmptyString is PASSED

03-09-2024T18:15:24 - [TEST_STEP][PASSED] - totalplay.Common.verifyPropertyExist(AddAddressToCart, product_items_0_c_imagesData_large_0_title): totalplay.Common.verifyPropertyExist is PASSED

03-09-2024T18:15:24 - [MESSAGE][INFO] - Checking response object

03-09-2024T18:15:24 - [MESSAGE][PASSED] - totalplay.Common.verifyPropertyExist is PASSED

03-09-2024T18:15:24 - [TEST_STEP][PASSED] - totalplay.Common.verifyPropertyValueExist(AddAddressToCart, product_items_0_c_imagesData_large_0_title): totalplay.Common.verifyPropertyValueExist is PASSED

03-09-2024T18:15:24 - [MESSAGE][INFO] - Checking response object

03-09-2024T18:15:24 - [MESSAGE][INFO] - Orden de Maciza (100 g)

03-09-2024T18:15:24 - [MESSAGE][PASSED] - totalplay.Common.verifyPropertyValueExist is PASSED

03-09-2024T18:15:24 - [TEST_STEP][PASSED] - totalplay.Common.verifyPropertyExist(AddAddressToCart, product_items_0_c_description): totalplay.Common.verifyPropertyExist is PASSED

03-09-2024T18:15:24 - [MESSAGE][INFO] - Checking response object

03-09-2024T18:15:24 - [MESSAGE][PASSED] - totalplay.Common.verifyPropertyExist is PASSED

03-09-2024T18:15:24 - [TEST_STEP][PASSED] - totalplay.Common.verifyPropertyValueExist(AddAddressToCart, product_items_0_c_description): totalplay.Common.verifyPropertyValueExist is PASSED

03-09-2024T18:15:24 - [MESSAGE][INFO] - Checking response object

03-09-2024T18:15:24 - [MESSAGE][INFO] - 100 g

03-09-2024T18:15:24 - [MESSAGE][PASSED] - totalplay.Common.verifyPropertyValueExist is PASSED

03-09-2024T18:15:24 - [TEST_STEP][PASSED] - totalplay.Common.getDecimalValueofObject(AddAddressToCart, product_sub_total): totalplay.Common.getDecimalValueofObject is PASSED

03-09-2024T18:15:24 - [MESSAGE][INFO] - Checking response object

03-09-2024T18:15:24 - [MESSAGE][PASSED] - totalplay.Common.getDecimalValueofObject is PASSED

03-09-2024T18:15:24 - [TEST_STEP][PASSED] - totalplay.Common.getDecimalValueofObject(AddAddressToCart, product_total): totalplay.Common.getDecimalValueofObject is PASSED

03-09-2024T18:15:24 - [MESSAGE][INFO] - Checking response object

03-09-2024T18:15:24 - [MESSAGE][PASSED] - totalplay.Common.getDecimalValueofObject is PASSED

03-09-2024T18:15:24 - [TEST_STEP][PASSED] - totalplay.Common.verifyPropertyExist(AddAddressToCart, shipments_0__type): totalplay.Common.verifyPropertyExist is PASSED

03-09-2024T18:15:24 - [MESSAGE][INFO] - Checking response object

03-09-2024T18:15:24 - [MESSAGE][PASSED] - totalplay.Common.verifyPropertyExist is PASSED

03-09-2024T18:15:24 - [TEST_STEP][PASSED] - totalplay.Common.verifyPropertyValueExist(AddAddressToCart, shipments_0__type): totalplay.Common.verifyPropertyValueExist is PASSED

03-09-2024T18:15:24 - [MESSAGE][INFO] - Checking response object

03-09-2024T18:15:24 - [MESSAGE][INFO] - shipment

03-09-2024T18:15:24 - [MESSAGE][PASSED] - totalplay.Common.verifyPropertyValueExist is PASSED

03-09-2024T18:15:24 - [TEST_STEP][PASSED] - totalplay.Common.getDecimalValueofObject(AddAddressToCart, shipments_0_adjusted_merchandize_total_tax): totalplay.Common.getDecimalValueofObject is PASSED

03-09-2024T18:15:24 - [MESSAGE][INFO] - Checking response object

03-09-2024T18:15:25 - [MESSAGE][PASSED] - totalplay.Common.getDecimalValueofObject is PASSED

03-09-2024T18:15:25 - [TEST_STEP][PASSED] - totalplay.Common.getDecimalValueofObject(AddAddressToCart, shipments_0_adjusted_shipping_total_tax): totalplay.Common.getDecimalValueofObject is PASSED

03-09-2024T18:15:25 - [MESSAGE][INFO] - Checking response object

03-09-2024T18:15:25 - [MESSAGE][PASSED] - totalplay.Common.getDecimalValueofObject is PASSED

03-09-2024T18:15:25 - [TEST_STEP][PASSED] - totalplay.Common.getBooleanValueofObject(AddAddressToCart, shipments_0_gift): totalplay.Common.getBooleanValueofObject is PASSED

03-09-2024T18:15:25 - [MESSAGE][INFO] - Checking response object

03-09-2024T18:15:25 - [MESSAGE][PASSED] - totalplay.Common.getBooleanValueofObject is PASSED

03-09-2024T18:15:25 - [TEST_STEP][PASSED] - totalplay.Common.getDecimalValueofObject(AddAddressToCart, shipments_0_merchandize_total_tax): totalplay.Common.getDecimalValueofObject is PASSED

03-09-2024T18:15:25 - [MESSAGE][INFO] - Checking response object

03-09-2024T18:15:25 - [MESSAGE][PASSED] - totalplay.Common.getDecimalValueofObject is PASSED

03-09-2024T18:15:25 - [TEST_STEP][PASSED] - totalplay.Common.getDecimalValueofObject(AddAddressToCart, shipments_0_product_sub_total): totalplay.Common.getDecimalValueofObject is PASSED

03-09-2024T18:15:25 - [MESSAGE][INFO] - Checking response object

03-09-2024T18:15:25 - [MESSAGE][PASSED] - totalplay.Common.getDecimalValueofObject is PASSED

03-09-2024T18:15:25 - [TEST_STEP][PASSED] - totalplay.Common.getDecimalValueofObject(AddAddressToCart, shipments_0_product_total): totalplay.Common.getDecimalValueofObject is PASSED

03-09-2024T18:15:25 - [MESSAGE][INFO] - Checking response object

03-09-2024T18:15:25 - [MESSAGE][PASSED] - totalplay.Common.getDecimalValueofObject is PASSED

03-09-2024T18:15:25 - [TEST_STEP][PASSED] - totalplay.Common.verifyPropertyExist(AddAddressToCart, shipments_0_shipment_id): totalplay.Common.verifyPropertyExist is PASSED

03-09-2024T18:15:25 - [MESSAGE][INFO] - Checking response object

03-09-2024T18:15:25 - [MESSAGE][PASSED] - totalplay.Common.verifyPropertyExist is PASSED

03-09-2024T18:15:25 - [TEST_STEP][PASSED] - totalplay.Common.verifyPropertyValueExist(AddAddressToCart, shipments_0_shipment_id): totalplay.Common.verifyPropertyValueExist is PASSED

03-09-2024T18:15:25 - [MESSAGE][INFO] - Checking response object

03-09-2024T18:15:25 - [MESSAGE][INFO] - me

03-09-2024T18:15:25 - [MESSAGE][PASSED] - totalplay.Common.verifyPropertyValueExist is PASSED

03-09-2024T18:15:25 - [TEST_STEP][PASSED] - totalplay.Common.getDecimalValueofObject(AddAddressToCart, shipments_0_shipment_total): totalplay.Common.getDecimalValueofObject is PASSED

03-09-2024T18:15:25 - [MESSAGE][INFO] - Checking response object

03-09-2024T18:15:25 - [MESSAGE][PASSED] - totalplay.Common.getDecimalValueofObject is PASSED

03-09-2024T18:15:25 - [TEST_STEP][PASSED] - totalplay.Common.verifyPropertyExist(AddAddressToCart, shipments_0_shipping_address__type): totalplay.Common.verifyPropertyExist is PASSED

03-09-2024T18:15:25 - [MESSAGE][INFO] - Checking response object

03-09-2024T18:15:25 - [MESSAGE][PASSED] - totalplay.Common.verifyPropertyExist is PASSED

03-09-2024T18:15:25 - [TEST_STEP][PASSED] - totalplay.Common.verifyPropertyValueExist(AddAddressToCart, shipments_0_shipping_address__type): totalplay.Common.verifyPropertyValueExist is PASSED

03-09-2024T18:15:25 - [MESSAGE][INFO] - Checking response object

03-09-2024T18:15:25 - [MESSAGE][INFO] - order_address

03-09-2024T18:15:25 - [MESSAGE][PASSED] - totalplay.Common.verifyPropertyValueExist is PASSED

03-09-2024T18:15:25 - [TEST_STEP][PASSED] - totalplay.Common.verifyPropertyExist(AddAddressToCart, shipments_0_shipping_address_address1): totalplay.Common.verifyPropertyExist is PASSED

03-09-2024T18:15:25 - [MESSAGE][INFO] - Checking response object

03-09-2024T18:15:25 - [MESSAGE][PASSED] - totalplay.Common.verifyPropertyExist is PASSED

03-09-2024T18:15:25 - [TEST_STEP][PASSED] - totalplay.Common.verifyPropertyValueExist(AddAddressToCart, shipments_0_shipping_address_address1): totalplay.Common.verifyPropertyValueExist is PASSED

03-09-2024T18:15:25 - [MESSAGE][INFO] - Checking response object

03-09-2024T18:15:25 - [MESSAGE][INFO] - Alejandro Dumas

03-09-2024T18:15:25 - [MESSAGE][PASSED] - totalplay.Common.verifyPropertyValueExist is PASSED

03-09-2024T18:15:25 - [TEST_STEP][PASSED] - totalplay.Common.verifyPropertyExist(AddAddressToCart, shipments_0_shipping_address_city): totalplay.Common.verifyPropertyExist is PASSED

03-09-2024T18:15:25 - [MESSAGE][INFO] - Checking response object

03-09-2024T18:15:25 - [MESSAGE][PASSED] - totalplay.Common.verifyPropertyExist is PASSED

03-09-2024T18:15:25 - [TEST_STEP][PASSED] - totalplay.Common.verifyPropertyValueExist(AddAddressToCart, shipments_0_shipping_address_city): totalplay.Common.verifyPropertyValueExist is PASSED

03-09-2024T18:15:25 - [MESSAGE][INFO] - Checking response object

03-09-2024T18:15:25 - [MESSAGE][INFO] - Ciudad de Mexico

03-09-2024T18:15:25 - [MESSAGE][PASSED] - totalplay.Common.verifyPropertyValueExist is PASSED

03-09-2024T18:15:25 - [TEST_STEP][PASSED] - totalplay.Common.verifyPropertyExist(AddAddressToCart, shipments_0_shipping_address_country_code): totalplay.Common.verifyPropertyExist is PASSED

03-09-2024T18:15:25 - [MESSAGE][INFO] - Checking response object

03-09-2024T18:15:25 - [MESSAGE][PASSED] - totalplay.Common.verifyPropertyExist is PASSED

03-09-2024T18:15:25 - [TEST_STEP][PASSED] - totalplay.Common.verifyPropertyValueExist(AddAddressToCart, shipments_0_shipping_address_country_code): totalplay.Common.verifyPropertyValueExist is PASSED

03-09-2024T18:15:25 - [MESSAGE][INFO] - Checking response object

03-09-2024T18:15:25 - [MESSAGE][INFO] - MX

03-09-2024T18:15:25 - [MESSAGE][PASSED] - totalplay.Common.verifyPropertyValueExist is PASSED

03-09-2024T18:15:25 - [TEST_STEP][PASSED] - totalplay.Common.verifyPropertyExist(AddAddressToCart, shipments_0_shipping_address_first_name): totalplay.Common.verifyPropertyExist is PASSED

03-09-2024T18:15:25 - [MESSAGE][INFO] - Checking response object

03-09-2024T18:15:25 - [MESSAGE][PASSED] - totalplay.Common.verifyPropertyExist is PASSED

03-09-2024T18:15:25 - [TEST_STEP][PASSED] - totalplay.Common.verifyPropertyValueExist(AddAddressToCart, shipments_0_shipping_address_first_name): totalplay.Common.verifyPropertyValueExist is PASSED

03-09-2024T18:15:25 - [MESSAGE][INFO] - Checking response object

03-09-2024T18:15:25 - [MESSAGE][INFO] - CESAR

03-09-2024T18:15:25 - [MESSAGE][PASSED] - totalplay.Common.verifyPropertyValueExist is PASSED

03-09-2024T18:15:25 - [TEST_STEP][PASSED] - totalplay.Common.verifyPropertyExist(AddAddressToCart, shipments_0_shipping_address_full_name): totalplay.Common.verifyPropertyExist is PASSED

03-09-2024T18:15:25 - [MESSAGE][INFO] - Checking response object

03-09-2024T18:15:25 - [MESSAGE][PASSED] - totalplay.Common.verifyPropertyExist is PASSED

03-09-2024T18:15:25 - [TEST_STEP][PASSED] - totalplay.Common.verifyPropertyValueExist(AddAddressToCart, shipments_0_shipping_address_full_name): totalplay.Common.verifyPropertyValueExist is PASSED

03-09-2024T18:15:25 - [MESSAGE][INFO] - Checking response object

03-09-2024T18:15:25 - [MESSAGE][INFO] - CESAR GERARDO WALDO GONZALEZ

03-09-2024T18:15:25 - [MESSAGE][PASSED] - totalplay.Common.verifyPropertyValueExist is PASSED

03-09-2024T18:15:25 - [TEST_STEP][PASSED] - totalplay.Common.verifyPropertyExist(AddAddressToCart, shipments_0_shipping_address_id): totalplay.Common.verifyPropertyExist is PASSED

03-09-2024T18:15:25 - [MESSAGE][INFO] - Checking response object

03-09-2024T18:15:25 - [MESSAGE][PASSED] - totalplay.Common.verifyPropertyExist is PASSED

03-09-2024T18:15:25 - [TEST_STEP][PASSED] - totalplay.Common.verifyPropertyValueExist(AddAddressToCart, shipments_0_shipping_address_id): totalplay.Common.verifyPropertyValueExist is PASSED

03-09-2024T18:15:25 - [MESSAGE][INFO] - Checking response object

03-09-2024T18:15:25 - [MESSAGE][INFO] - 84c390bc543cc30ac678538367

03-09-2024T18:15:25 - [MESSAGE][PASSED] - totalplay.Common.verifyPropertyValueExist is PASSED

03-09-2024T18:15:25 - [TEST_STEP][PASSED] - totalplay.Common.verifyPropertyExist(AddAddressToCart, shipments_0_shipping_address_last_name): totalplay.Common.verifyPropertyExist is PASSED

03-09-2024T18:15:25 - [MESSAGE][INFO] - Checking response object

03-09-2024T18:15:25 - [MESSAGE][PASSED] - totalplay.Common.verifyPropertyExist is PASSED

03-09-2024T18:15:25 - [TEST_STEP][PASSED] - totalplay.Common.verifyPropertyValueExist(AddAddressToCart, shipments_0_shipping_address_last_name): totalplay.Common.verifyPropertyValueExist is PASSED

03-09-2024T18:15:25 - [MESSAGE][INFO] - Checking response object

03-09-2024T18:15:25 - [MESSAGE][INFO] - GERARDO WALDO GONZALEZ

03-09-2024T18:15:25 - [MESSAGE][PASSED] - totalplay.Common.verifyPropertyValueExist is PASSED

03-09-2024T18:15:25 - [TEST_STEP][PASSED] - totalplay.Common.verifyPropertyExist(AddAddressToCart, shipments_0_shipping_address_phone): totalplay.Common.verifyPropertyExist is PASSED

03-09-2024T18:15:25 - [MESSAGE][INFO] - Checking response object

03-09-2024T18:15:26 - [MESSAGE][PASSED] - totalplay.Common.verifyPropertyExist is PASSED

03-09-2024T18:15:26 - [TEST_STEP][PASSED] - totalplay.Common.verifyPropertyValueExist(AddAddressToCart, shipments_0_shipping_address_phone): totalplay.Common.verifyPropertyValueExist is PASSED

03-09-2024T18:15:26 - [MESSAGE][INFO] - Checking response object

03-09-2024T18:15:26 - [MESSAGE][INFO] - 5579660270

03-09-2024T18:15:26 - [MESSAGE][PASSED] - totalplay.Common.verifyPropertyValueExist is PASSED

03-09-2024T18:15:26 - [TEST_STEP][PASSED] - totalplay.Common.verifyPropertyExist(AddAddressToCart, shipments_0_shipping_address_postal_code): totalplay.Common.verifyPropertyExist is PASSED

03-09-2024T18:15:26 - [MESSAGE][INFO] - Checking response object

03-09-2024T18:15:26 - [MESSAGE][PASSED] - totalplay.Common.verifyPropertyExist is PASSED

03-09-2024T18:15:26 - [TEST_STEP][PASSED] - totalplay.Common.verifyPropertyValueExist(AddAddressToCart, shipments_0_shipping_address_postal_code): totalplay.Common.verifyPropertyValueExist is PASSED

03-09-2024T18:15:26 - [MESSAGE][INFO] - Checking response object

03-09-2024T18:15:26 - [MESSAGE][INFO] - 11500

03-09-2024T18:15:26 - [MESSAGE][PASSED] - totalplay.Common.verifyPropertyValueExist is PASSED

03-09-2024T18:15:26 - [TEST_STEP][PASSED] - totalplay.Common.verifyPropertyExist(AddAddressToCart, shipments_0_shipping_address_c_alias): totalplay.Common.verifyPropertyExist is PASSED

03-09-2024T18:15:26 - [MESSAGE][INFO] - Checking response object

03-09-2024T18:15:26 - [MESSAGE][PASSED] - totalplay.Common.verifyPropertyExist is PASSED

03-09-2024T18:15:26 - [TEST_STEP][PASSED] - totalplay.Common.verifyPropertyValueExist(AddAddressToCart, shipments_0_shipping_address_c_alias): totalplay.Common.verifyPropertyValueExist is PASSED

03-09-2024T18:15:26 - [MESSAGE][INFO] - Checking response object

03-09-2024T18:15:26 - [MESSAGE][INFO] - CasaWaldoP

03-09-2024T18:15:26 - [MESSAGE][PASSED] - totalplay.Common.verifyPropertyValueExist is PASSED

03-09-2024T18:15:26 - [TEST_STEP][PASSED] - totalplay.Common.verifyPropertyExist(AddAddressToCart, shipments_0_shipping_address_c_delegation): totalplay.Common.verifyPropertyExist is PASSED

03-09-2024T18:15:26 - [MESSAGE][INFO] - Checking response object

03-09-2024T18:15:26 - [MESSAGE][PASSED] - totalplay.Common.verifyPropertyExist is PASSED

03-09-2024T18:15:26 - [TEST_STEP][PASSED] - totalplay.Common.verifyPropertyValueExist(AddAddressToCart, shipments_0_shipping_address_c_delegation): totalplay.Common.verifyPropertyValueExist is PASSED

03-09-2024T18:15:26 - [MESSAGE][INFO] - Checking response object

03-09-2024T18:15:26 - [MESSAGE][INFO] - Miguel Hidalgo

03-09-2024T18:15:26 - [MESSAGE][PASSED] - totalplay.Common.verifyPropertyValueExist is PASSED

03-09-2024T18:15:26 - [TEST_STEP][PASSED] - totalplay.Common.verifyPropertyExist(AddAddressToCart, shipments_0_shipping_address_c_label): totalplay.Common.verifyPropertyExist is PASSED

03-09-2024T18:15:26 - [MESSAGE][INFO] - Checking response object

03-09-2024T18:15:26 - [MESSAGE][PASSED] - totalplay.Common.verifyPropertyExist is PASSED

03-09-2024T18:15:26 - [TEST_STEP][PASSED] - totalplay.Common.verifyPropertyValueExist(AddAddressToCart, shipments_0_shipping_address_c_label): totalplay.Common.verifyPropertyValueExist is PASSED

03-09-2024T18:15:26 - [MESSAGE][INFO] - Checking response object

03-09-2024T18:15:26 - [MESSAGE][INFO] - {"home":true,"company":false,"other":false}

03-09-2024T18:15:26 - [MESSAGE][PASSED] - totalplay.Common.verifyPropertyValueExist is PASSED

03-09-2024T18:15:26 - [TEST_STEP][PASSED] - totalplay.Common.verifyPropertyExist(AddAddressToCart, shipments_0_shipping_address_c_latitude): totalplay.Common.verifyPropertyExist is PASSED

03-09-2024T18:15:26 - [MESSAGE][INFO] - Checking response object

03-09-2024T18:15:26 - [MESSAGE][PASSED] - totalplay.Common.verifyPropertyExist is PASSED

03-09-2024T18:15:26 - [TEST_STEP][PASSED] - totalplay.Common.verifyPropertyValueExist(AddAddressToCart, shipments_0_shipping_address_c_latitude): totalplay.Common.verifyPropertyValueExist is PASSED

03-09-2024T18:15:26 - [MESSAGE][INFO] - Checking response object

03-09-2024T18:15:26 - [MESSAGE][INFO] - 19.439691

03-09-2024T18:15:26 - [MESSAGE][PASSED] - totalplay.Common.verifyPropertyValueExist is PASSED

03-09-2024T18:15:26 - [TEST_STEP][PASSED] - totalplay.Common.verifyPropertyExist(AddAddressToCart, shipments_0_shipping_address_c_longitude): totalplay.Common.verifyPropertyExist is PASSED

03-09-2024T18:15:26 - [MESSAGE][INFO] - Checking response object

03-09-2024T18:15:26 - [MESSAGE][PASSED] - totalplay.Common.verifyPropertyExist is PASSED

03-09-2024T18:15:26 - [TEST_STEP][PASSED] - totalplay.Common.verifyPropertyValueExist(AddAddressToCart, shipments_0_shipping_address_c_longitude): totalplay.Common.verifyPropertyValueExist is PASSED

03-09-2024T18:15:26 - [MESSAGE][INFO] - Checking response object

03-09-2024T18:15:26 - [MESSAGE][INFO] - -99.205670

03-09-2024T18:15:26 - [MESSAGE][PASSED] - totalplay.Common.verifyPropertyValueExist is PASSED

03-09-2024T18:15:26 - [TEST_STEP][PASSED] - totalplay.Common.verifyPropertyExist(AddAddressToCart, shipments_0_shipping_address_c_nExt): totalplay.Common.verifyPropertyExist is PASSED

03-09-2024T18:15:26 - [MESSAGE][INFO] - Checking response object

03-09-2024T18:15:26 - [MESSAGE][PASSED] - totalplay.Common.verifyPropertyExist is PASSED

03-09-2024T18:15:26 - [TEST_STEP][PASSED] - totalplay.Common.verifyPropertyValueExist(AddAddressToCart, shipments_0_shipping_address_c_nExt): totalplay.Common.verifyPropertyValueExist is PASSED

03-09-2024T18:15:26 - [MESSAGE][INFO] - Checking response object

03-09-2024T18:15:26 - [MESSAGE][INFO] - 107

03-09-2024T18:15:26 - [MESSAGE][PASSED] - totalplay.Common.verifyPropertyValueExist is PASSED

03-09-2024T18:15:26 - [TEST_STEP][PASSED] - totalplay.Common.verifyPropertyExist(AddAddressToCart, shipments_0_shipping_address_c_neighborhood): totalplay.Common.verifyPropertyExist is PASSED

03-09-2024T18:15:26 - [MESSAGE][INFO] - Checking response object

03-09-2024T18:15:26 - [MESSAGE][PASSED] - totalplay.Common.verifyPropertyExist is PASSED

03-09-2024T18:15:26 - [TEST_STEP][PASSED] - totalplay.Common.verifyPropertyValueExist(AddAddressToCart, shipments_0_shipping_address_c_neighborhood): totalplay.Common.verifyPropertyValueExist is PASSED

03-09-2024T18:15:26 - [MESSAGE][INFO] - Checking response object

03-09-2024T18:15:26 - [MESSAGE][INFO] - Polanco

03-09-2024T18:15:26 - [MESSAGE][PASSED] - totalplay.Common.verifyPropertyValueExist is PASSED

03-09-2024T18:15:26 - [TEST_STEP][PASSED] - totalplay.Common.verifyPropertyExist(AddAddressToCart, shipments_0_shipping_address_c_references): totalplay.Common.verifyPropertyExist is PASSED

03-09-2024T18:15:26 - [MESSAGE][INFO] - Checking response object

03-09-2024T18:15:26 - [MESSAGE][PASSED] - totalplay.Common.verifyPropertyExist is PASSED

03-09-2024T18:15:26 - [TEST_STEP][PASSED] - totalplay.Common.verifyPropertyValueExist(AddAddressToCart, shipments_0_shipping_address_c_references): totalplay.Common.verifyPropertyValueExist is PASSED

03-09-2024T18:15:26 - [MESSAGE][INFO] - Checking response object

03-09-2024T18:15:26 - [MESSAGE][INFO] - Llamar al llegar

03-09-2024T18:15:26 - [MESSAGE][PASSED] - totalplay.Common.verifyPropertyValueExist is PASSED

03-09-2024T18:15:26 - [TEST_STEP][PASSED] - totalplay.Common.verifyPropertyExist(AddAddressToCart, shipments_0_shipping_address_c_rfc): totalplay.Common.verifyPropertyExist is PASSED

03-09-2024T18:15:26 - [MESSAGE][INFO] - Checking response object

03-09-2024T18:15:26 - [MESSAGE][PASSED] - totalplay.Common.verifyPropertyExist is PASSED

03-09-2024T18:15:26 - [TEST_STEP][PASSED] - totalplay.Common.verifyPropertyValueExist(AddAddressToCart, shipments_0_shipping_address_c_rfc): totalplay.Common.verifyPropertyValueExist is PASSED

03-09-2024T18:15:26 - [MESSAGE][INFO] - Checking response object

03-09-2024T18:15:26 - [MESSAGE][INFO] - XAXA010101111

03-09-2024T18:15:26 - [MESSAGE][PASSED] - totalplay.Common.verifyPropertyValueExist is PASSED

03-09-2024T18:15:26 - [TEST_STEP][PASSED] - totalplay.Common.verifyPropertyExist(AddAddressToCart, shipments_0_shipping_address_c_state): totalplay.Common.verifyPropertyExist is PASSED

03-09-2024T18:15:26 - [MESSAGE][INFO] - Checking response object

03-09-2024T18:15:27 - [MESSAGE][PASSED] - totalplay.Common.verifyPropertyExist is PASSED

03-09-2024T18:15:27 - [TEST_STEP][PASSED] - totalplay.Common.verifyPropertyValueExist(AddAddressToCart, shipments_0_shipping_address_c_state): totalplay.Common.verifyPropertyValueExist is PASSED

03-09-2024T18:15:27 - [MESSAGE][INFO] - Checking response object

03-09-2024T18:15:27 - [MESSAGE][INFO] - CDMX

03-09-2024T18:15:27 - [MESSAGE][PASSED] - totalplay.Common.verifyPropertyValueExist is PASSED

03-09-2024T18:15:27 - [TEST_STEP][PASSED] - totalplay.Common.verifyPropertyExist(AddAddressToCart, shipments_0_shipping_address_c_streetName): totalplay.Common.verifyPropertyExist is PASSED

03-09-2024T18:15:27 - [MESSAGE][INFO] - Checking response object

03-09-2024T18:15:27 - [MESSAGE][PASSED] - totalplay.Common.verifyPropertyExist is PASSED

03-09-2024T18:15:27 - [TEST_STEP][PASSED] - totalplay.Common.verifyPropertyValueExist(AddAddressToCart, shipments_0_shipping_address_c_streetName): totalplay.Common.verifyPropertyValueExist is PASSED

03-09-2024T18:15:27 - [MESSAGE][INFO] - Checking response object

03-09-2024T18:15:27 - [MESSAGE][INFO] - Alejandro Dumas

03-09-2024T18:15:27 - [MESSAGE][PASSED] - totalplay.Common.verifyPropertyValueExist is PASSED

03-09-2024T18:15:27 - [TEST_STEP][PASSED] - totalplay.Common.verifyPropertyExist(AddAddressToCart, shipments_0_shipping_method__type): totalplay.Common.verifyPropertyExist is PASSED

03-09-2024T18:15:27 - [MESSAGE][INFO] - Checking response object

03-09-2024T18:15:27 - [MESSAGE][PASSED] - totalplay.Common.verifyPropertyExist is PASSED

03-09-2024T18:15:27 - [TEST_STEP][PASSED] - totalplay.Common.verifyPropertyValueExist(AddAddressToCart, shipments_0_shipping_method__type): totalplay.Common.verifyPropertyValueExist is PASSED

03-09-2024T18:15:27 - [MESSAGE][INFO] - Checking response object

03-09-2024T18:15:27 - [MESSAGE][INFO] - shipping_method

03-09-2024T18:15:27 - [MESSAGE][PASSED] - totalplay.Common.verifyPropertyValueExist is PASSED

03-09-2024T18:15:27 - [TEST_STEP][PASSED] - totalplay.Common.verifyPropertyExist(AddAddressToCart, shipments_0_shipping_method_description): totalplay.Common.verifyPropertyExist is PASSED

03-09-2024T18:15:27 - [MESSAGE][INFO] - Checking response object

03-09-2024T18:15:27 - [MESSAGE][PASSED] - totalplay.Common.verifyPropertyExist is PASSED

03-09-2024T18:15:27 - [TEST_STEP][PASSED] - totalplay.Common.verifyPropertyValueExist(AddAddressToCart, shipments_0_shipping_method_description): totalplay.Common.verifyPropertyValueExist is PASSED

03-09-2024T18:15:27 - [MESSAGE][INFO] - Checking response object

03-09-2024T18:15:27 - [MESSAGE][INFO] - pickup

03-09-2024T18:15:27 - [MESSAGE][PASSED] - totalplay.Common.verifyPropertyValueExist is PASSED

03-09-2024T18:15:27 - [TEST_STEP][PASSED] - totalplay.Common.verifyPropertyExist(AddAddressToCart, shipments_0_shipping_method_name): totalplay.Common.verifyPropertyExist is PASSED

03-09-2024T18:15:27 - [MESSAGE][INFO] - Checking response object

03-09-2024T18:15:27 - [MESSAGE][PASSED] - totalplay.Common.verifyPropertyExist is PASSED

03-09-2024T18:15:27 - [TEST_STEP][PASSED] - totalplay.Common.verifyPropertyValueExist(AddAddressToCart, shipments_0_shipping_method_name): totalplay.Common.verifyPropertyValueExist is PASSED

03-09-2024T18:15:27 - [MESSAGE][INFO] - Checking response object

03-09-2024T18:15:27 - [MESSAGE][INFO] - pickup

03-09-2024T18:15:27 - [MESSAGE][PASSED] - totalplay.Common.verifyPropertyValueExist is PASSED

03-09-2024T18:15:27 - [TEST_STEP][PASSED] - totalplay.Common.verifyPropertyExist(AddAddressToCart, shipments_0_shipping_method_c_estimatedArrivalTime): totalplay.Common.verifyPropertyExist is PASSED

03-09-2024T18:15:27 - [MESSAGE][INFO] - Checking response object

03-09-2024T18:15:27 - [MESSAGE][PASSED] - totalplay.Common.verifyPropertyExist is PASSED

03-09-2024T18:15:27 - [TEST_STEP][PASSED] - totalplay.Common.verifyPropertyValueExist(AddAddressToCart, shipments_0_shipping_method_c_estimatedArrivalTime): totalplay.Common.verifyPropertyValueExist is PASSED

03-09-2024T18:15:27 - [MESSAGE][INFO] - Checking response object

03-09-2024T18:15:27 - [MESSAGE][INFO] - 60 Mins

03-09-2024T18:15:27 - [MESSAGE][PASSED] - totalplay.Common.verifyPropertyValueExist is PASSED

03-09-2024T18:15:27 - [TEST_STEP][PASSED] - totalplay.Common.getBooleanValueofObject(AddAddressToCart, shipments_0_shipping_method_c_storePickupEnabled): totalplay.Common.getBooleanValueofObject is PASSED

03-09-2024T18:15:27 - [MESSAGE][INFO] - Checking response object

03-09-2024T18:15:27 - [MESSAGE][PASSED] - totalplay.Common.getBooleanValueofObject is PASSED

03-09-2024T18:15:27 - [TEST_STEP][PASSED] - totalplay.Common.verifyPropertyExist(AddAddressToCart, shipments_0_shipping_status): totalplay.Common.verifyPropertyExist is PASSED

03-09-2024T18:15:27 - [MESSAGE][INFO] - Checking response object

03-09-2024T18:15:27 - [MESSAGE][PASSED] - totalplay.Common.verifyPropertyExist is PASSED

03-09-2024T18:15:27 - [TEST_STEP][PASSED] - totalplay.Common.verifyPropertyValueExist(AddAddressToCart, shipments_0_shipping_status): totalplay.Common.verifyPropertyValueExist is PASSED

03-09-2024T18:15:27 - [MESSAGE][INFO] - Checking response object

03-09-2024T18:15:27 - [MESSAGE][INFO] - not_shipped

03-09-2024T18:15:27 - [MESSAGE][PASSED] - totalplay.Common.verifyPropertyValueExist is PASSED

03-09-2024T18:15:27 - [TEST_STEP][PASSED] - totalplay.Common.getDecimalValueofObject(AddAddressToCart, shipments_0_shipping_total): totalplay.Common.getDecimalValueofObject is PASSED

03-09-2024T18:15:27 - [MESSAGE][INFO] - Checking response object

03-09-2024T18:15:27 - [MESSAGE][PASSED] - totalplay.Common.getDecimalValueofObject is PASSED

03-09-2024T18:15:27 - [TEST_STEP][PASSED] - totalplay.Common.getDecimalValueofObject(AddAddressToCart, shipments_0_shipping_total_tax): totalplay.Common.getDecimalValueofObject is PASSED

03-09-2024T18:15:27 - [MESSAGE][INFO] - Checking response object

03-09-2024T18:15:27 - [MESSAGE][PASSED] - totalplay.Common.getDecimalValueofObject is PASSED

03-09-2024T18:15:27 - [TEST_STEP][PASSED] - totalplay.Common.getDecimalValueofObject(AddAddressToCart, shipments_0_tax_total): totalplay.Common.getDecimalValueofObject is PASSED

03-09-2024T18:15:27 - [MESSAGE][INFO] - Checking response object

03-09-2024T18:15:27 - [MESSAGE][PASSED] - totalplay.Common.getDecimalValueofObject is PASSED

03-09-2024T18:15:27 - [TEST_STEP][PASSED] - totalplay.Common.verifyPropertyExist(AddAddressToCart, shipping_items_0__type): totalplay.Common.verifyPropertyExist is PASSED

03-09-2024T18:15:27 - [MESSAGE][INFO] - Checking response object

03-09-2024T18:15:27 - [MESSAGE][PASSED] - totalplay.Common.verifyPropertyExist is PASSED

03-09-2024T18:15:27 - [TEST_STEP][PASSED] - totalplay.Common.verifyPropertyValueExist(AddAddressToCart, shipping_items_0__type): totalplay.Common.verifyPropertyValueExist is PASSED

03-09-2024T18:15:27 - [MESSAGE][INFO] - Checking response object

03-09-2024T18:15:27 - [MESSAGE][INFO] - shipping_item

03-09-2024T18:15:27 - [MESSAGE][PASSED] - totalplay.Common.verifyPropertyValueExist is PASSED

03-09-2024T18:15:27 - [TEST_STEP][PASSED] - totalplay.Common.getDecimalValueofObject(AddAddressToCart, shipping_items_0_adjusted_tax): totalplay.Common.getDecimalValueofObject is PASSED

03-09-2024T18:15:27 - [MESSAGE][INFO] - Checking response object

03-09-2024T18:15:27 - [MESSAGE][PASSED] - totalplay.Common.getDecimalValueofObject is PASSED

03-09-2024T18:15:27 - [TEST_STEP][PASSED] - totalplay.Common.getDecimalValueofObject(AddAddressToCart, shipping_items_0_base_price): totalplay.Common.getDecimalValueofObject is PASSED

03-09-2024T18:15:27 - [MESSAGE][INFO] - Checking response object

03-09-2024T18:15:27 - [MESSAGE][PASSED] - totalplay.Common.getDecimalValueofObject is PASSED

03-09-2024T18:15:27 - [TEST_STEP][PASSED] - totalplay.Common.verifyPropertyExist(AddAddressToCart, shipping_items_0_item_id): totalplay.Common.verifyPropertyExist is PASSED

03-09-2024T18:15:27 - [MESSAGE][INFO] - Checking response object

03-09-2024T18:15:27 - [MESSAGE][PASSED] - totalplay.Common.verifyPropertyExist is PASSED

03-09-2024T18:15:27 - [TEST_STEP][PASSED] - totalplay.Common.verifyPropertyValueExist(AddAddressToCart, shipping_items_0_item_id): totalplay.Common.verifyPropertyValueExist is PASSED

03-09-2024T18:15:27 - [MESSAGE][INFO] - Checking response object

03-09-2024T18:15:27 - [MESSAGE][INFO] - b755012769c45f2458a2f8ba80

03-09-2024T18:15:27 - [MESSAGE][PASSED] - totalplay.Common.verifyPropertyValueExist is PASSED

03-09-2024T18:15:27 - [TEST_STEP][PASSED] - totalplay.Common.verifyPropertyExist(AddAddressToCart, shipping_items_0_item_text): totalplay.Common.verifyPropertyExist is PASSED

03-09-2024T18:15:27 - [MESSAGE][INFO] - Checking response object

03-09-2024T18:15:27 - [MESSAGE][PASSED] - totalplay.Common.verifyPropertyExist is PASSED

03-09-2024T18:15:27 - [TEST_STEP][PASSED] - totalplay.Common.verifyPropertyValueExist(AddAddressToCart, shipping_items_0_item_text): totalplay.Common.verifyPropertyValueExist is PASSED

03-09-2024T18:15:27 - [MESSAGE][INFO] - Checking response object

03-09-2024T18:15:28 - [MESSAGE][INFO] - Shipping

03-09-2024T18:15:28 - [MESSAGE][PASSED] - totalplay.Common.verifyPropertyValueExist is PASSED

03-09-2024T18:15:28 - [TEST_STEP][PASSED] - totalplay.Common.getDecimalValueofObject(AddAddressToCart, shipping_items_0_price): totalplay.Common.getDecimalValueofObject is PASSED

03-09-2024T18:15:28 - [MESSAGE][INFO] - Checking response object

03-09-2024T18:15:28 - [MESSAGE][PASSED] - totalplay.Common.getDecimalValueofObject is PASSED

03-09-2024T18:15:28 - [TEST_STEP][PASSED] - totalplay.Common.getDecimalValueofObject(AddAddressToCart, shipping_items_0_price_after_item_discount): totalplay.Common.getDecimalValueofObject is PASSED

03-09-2024T18:15:28 - [MESSAGE][INFO] - Checking response object

03-09-2024T18:15:28 - [MESSAGE][PASSED] - totalplay.Common.getDecimalValueofObject is PASSED

03-09-2024T18:15:28 - [TEST_STEP][PASSED] - totalplay.Common.verifyPropertyExist(AddAddressToCart, shipping_items_0_shipment_id): totalplay.Common.verifyPropertyExist is PASSED

03-09-2024T18:15:28 - [MESSAGE][INFO] - Checking response object

03-09-2024T18:15:28 - [MESSAGE][PASSED] - totalplay.Common.verifyPropertyExist is PASSED

03-09-2024T18:15:28 - [TEST_STEP][PASSED] - totalplay.Common.verifyPropertyValueExist(AddAddressToCart, shipping_items_0_shipment_id): totalplay.Common.verifyPropertyValueExist is PASSED

03-09-2024T18:15:28 - [MESSAGE][INFO] - Checking response object

03-09-2024T18:15:28 - [MESSAGE][INFO] - me

03-09-2024T18:15:28 - [MESSAGE][PASSED] - totalplay.Common.verifyPropertyValueExist is PASSED

03-09-2024T18:15:28 - [TEST_STEP][PASSED] - totalplay.Common.getDecimalValueofObject(AddAddressToCart, shipping_items_0_tax): totalplay.Common.getDecimalValueofObject is PASSED

03-09-2024T18:15:28 - [MESSAGE][INFO] - Checking response object

03-09-2024T18:15:28 - [MESSAGE][PASSED] - totalplay.Common.getDecimalValueofObject is PASSED

03-09-2024T18:15:28 - [TEST_STEP][PASSED] - totalplay.Common.getDecimalValueofObject(AddAddressToCart, shipping_items_0_tax_basis): totalplay.Common.getDecimalValueofObject is PASSED

03-09-2024T18:15:28 - [MESSAGE][INFO] - Checking response object

03-09-2024T18:15:28 - [MESSAGE][PASSED] - totalplay.Common.getDecimalValueofObject is PASSED

03-09-2024T18:15:28 - [TEST_STEP][PASSED] - totalplay.Common.verifyPropertyExist(AddAddressToCart, shipping_items_0_tax_class_id): totalplay.Common.verifyPropertyExist is PASSED

03-09-2024T18:15:28 - [MESSAGE][INFO] - Checking response object

03-09-2024T18:15:28 - [MESSAGE][PASSED] - totalplay.Common.verifyPropertyExist is PASSED

03-09-2024T18:15:28 - [TEST_STEP][PASSED] - totalplay.Common.verifyPropertyValueExist(AddAddressToCart, shipping_items_0_tax_class_id): totalplay.Common.verifyPropertyValueExist is PASSED

03-09-2024T18:15:28 - [MESSAGE][INFO] - Checking response object

03-09-2024T18:15:28 - [MESSAGE][INFO] - new_tax

03-09-2024T18:15:28 - [MESSAGE][PASSED] - totalplay.Common.verifyPropertyValueExist is PASSED

03-09-2024T18:15:28 - [TEST_STEP][PASSED] - totalplay.Common.getDecimalValueofObject(AddAddressToCart, shipping_items_0_tax_rate): totalplay.Common.getDecimalValueofObject is PASSED

03-09-2024T18:15:28 - [MESSAGE][INFO] - Checking response object

03-09-2024T18:15:28 - [MESSAGE][PASSED] - totalplay.Common.getDecimalValueofObject is PASSED

03-09-2024T18:15:28 - [TEST_STEP][PASSED] - totalplay.Common.getDecimalValueofObject(AddAddressToCart, shipping_total): totalplay.Common.getDecimalValueofObject is PASSED

03-09-2024T18:15:28 - [MESSAGE][INFO] - Checking response object

03-09-2024T18:15:28 - [MESSAGE][PASSED] - totalplay.Common.getDecimalValueofObject is PASSED

03-09-2024T18:15:28 - [TEST_STEP][PASSED] - totalplay.Common.getDecimalValueofObject(AddAddressToCart, shipping_total_tax): totalplay.Common.getDecimalValueofObject is PASSED

03-09-2024T18:15:28 - [MESSAGE][INFO] - Checking response object

03-09-2024T18:15:28 - [MESSAGE][PASSED] - totalplay.Common.getDecimalValueofObject is PASSED

03-09-2024T18:15:28 - [TEST_STEP][PASSED] - totalplay.Common.verifyPropertyExist(AddAddressToCart, taxation): totalplay.Common.verifyPropertyExist is PASSED

03-09-2024T18:15:28 - [MESSAGE][INFO] - Checking response object

03-09-2024T18:15:28 - [MESSAGE][PASSED] - totalplay.Common.verifyPropertyExist is PASSED

03-09-2024T18:15:28 - [TEST_STEP][PASSED] - totalplay.Common.verifyPropertyValueExist(AddAddressToCart, taxation): totalplay.Common.verifyPropertyValueExist is PASSED

03-09-2024T18:15:28 - [MESSAGE][INFO] - Checking response object

03-09-2024T18:15:28 - [MESSAGE][INFO] - net

03-09-2024T18:15:28 - [MESSAGE][PASSED] - totalplay.Common.verifyPropertyValueExist is PASSED

03-09-2024T18:15:28 - [TEST_STEP][PASSED] - totalplay.Common.getDecimalValueofObject(AddAddressToCart, tax_total): totalplay.Common.getDecimalValueofObject is PASSED

03-09-2024T18:15:28 - [MESSAGE][INFO] - Checking response object

03-09-2024T18:15:28 - [MESSAGE][PASSED] - totalplay.Common.getDecimalValueofObject is PASSED

03-09-2024T18:15:28 - [TEST_STEP][PASSED] - totalplay.Common.verifyPropertyExist(AddAddressToCart, c_currentCorporate): totalplay.Common.verifyPropertyExist is PASSED

03-09-2024T18:15:28 - [MESSAGE][INFO] - Checking response object

03-09-2024T18:15:28 - [MESSAGE][PASSED] - totalplay.Common.verifyPropertyExist is PASSED

03-09-2024T18:15:28 - [TEST_STEP][PASSED] - totalplay.Common.verifyPropertyValueExist(AddAddressToCart, c_currentCorporate): totalplay.Common.verifyPropertyValueExist is PASSED

03-09-2024T18:15:28 - [MESSAGE][INFO] - Checking response object

03-09-2024T18:15:28 - [MESSAGE][INFO] - LaCasaDeToño

03-09-2024T18:15:28 - [MESSAGE][PASSED] - totalplay.Common.verifyPropertyValueExist is PASSED

03-09-2024T18:15:28 - [TEST_STEP][PASSED] - totalplay.Common.getBooleanValueofObject(AddAddressToCart, c_forceDeleteOndemand): totalplay.Common.getBooleanValueofObject is PASSED

03-09-2024T18:15:28 - [MESSAGE][INFO] - Checking response object

03-09-2024T18:15:28 - [MESSAGE][PASSED] - totalplay.Common.getBooleanValueofObject is PASSED

03-09-2024T18:15:28 - [TEST_STEP][PASSED] - totalplay.Common.verifyPropertyExist(AddAddressToCart, c_pickerExpressShipment): totalplay.Common.verifyPropertyExist is PASSED

03-09-2024T18:15:28 - [MESSAGE][INFO] - Checking response object

03-09-2024T18:15:28 - [MESSAGE][PASSED] - totalplay.Common.verifyPropertyExist is PASSED

03-09-2024T18:15:28 - [TEST_STEP][PASSED] - totalplay.Common.verifyPropertyValueExist(AddAddressToCart, c_pickerExpressShipment): totalplay.Common.verifyPropertyValueExist is PASSED

03-09-2024T18:15:28 - [MESSAGE][INFO] - Checking response object

03-09-2024T18:15:28 - [MESSAGE][INFO] - {"shipCost":40,"idCotizacion":"PICK000000011657"}

03-09-2024T18:15:28 - [MESSAGE][PASSED] - totalplay.Common.verifyPropertyValueExist is PASSED]]></system-out>
         <system-err><![CDATA[]]></system-err>
      </testcase>
      <testcase name="Test Cases/TotalPlay-Food/TC_20_Food TP - Credit Card" time="23.946" classname="Test Cases/TotalPlay-Food/TC_20_Food TP - Credit Card" status="PASSED">
         <system-out><![CDATA[03-09-2024T18:15:28 - [TEST_CASE][PASSED] - Test Cases/TotalPlay-Food/TC_20_Food TP - Credit Card: Test Cases/TotalPlay-Food/TC_20_Food TP - Credit Card

03-09-2024T18:15:30 - [TEST_STEP][PASSED] - callTestCase(findTestCase("TotalPlay-Food/TC_1_Login_Service"), [:], STOP_ON_FAILURE): Call Test Case 'Test Cases/TotalPlay-Food/TC_1_Login_Service' successfully

03-09-2024T18:15:30 - [MESSAGE][INFO] - Checking called Test Case

03-09-2024T18:15:30 - [MESSAGE][INFO] - Starting to call Test Case 'Test Cases/TotalPlay-Food/TC_1_Login_Service'

03-09-2024T18:15:30 - [TEST_CASE][PASSED] - Test Cases/TotalPlay-Food/TC_1_Login_Service: Test Cases/TotalPlay-Food/TC_1_Login_Service

03-09-2024T18:15:30 - [TEST_STEP][PASSED] - LoginResponse = sendRequest(findTestObject("TotalPlay-Food/getTokenDelivery", ["URL":URL])): Send request successfully

03-09-2024T18:15:30 - [MESSAGE][INFO] - Finding Test Object 'Object Repository/TotalPlay-Food/getTokenDelivery'

03-09-2024T18:15:31 - [MESSAGE][INFO] - Checking request object

03-09-2024T18:15:34 - [MESSAGE][INFO] - HAR: C:\Users\ShubhamKumarThakur\OneDrive - Kognivera\Documents\TotalPlay\totalplay-automation\Reports\20240903_181332\Food_Service_Normal_Flow_PlaceOrder\20240903_181332\requests\main\19.har

03-09-2024T18:15:34 - [MESSAGE][PASSED] - Send request successfully

03-09-2024T18:15:34 - [TEST_STEP][PASSED] - assert getResponseStatusCode(LoginResponse) == 200: Checking response object

03-09-2024T18:15:34 - [MESSAGE][INFO] - Checking response object

03-09-2024T18:15:34 - [TEST_STEP][PASSED] - Auth = "ocapiResponse.access_token": null

03-09-2024T18:15:34 - [TEST_STEP][PASSED] - FoodBascketId = "ocapiResponse.c_basketId_TP_FOOD": null

03-09-2024T18:15:34 - [TEST_STEP][PASSED] - FoodBasId = getElementPropertyValue(LoginResponse, FoodBascketId): Checking response object

03-09-2024T18:15:34 - [MESSAGE][INFO] - Checking response object

03-09-2024T18:15:34 - [TEST_STEP][PASSED] - sfccAuthorization = getElementPropertyValue(LoginResponse, Auth): Checking response object

03-09-2024T18:15:34 - [MESSAGE][INFO] - Checking response object

03-09-2024T18:15:34 - [TEST_STEP][PASSED] - Authorization = "Bearer " + sfccAuthorization: null

03-09-2024T18:15:34 - [TEST_STEP][PASSED] - FoodBasketId = FoodBasId: null

03-09-2024T18:15:34 - [TEST_STEP][PASSED] - logInfo(bm_auth_token): 

03-09-2024T18:15:34 - [MESSAGE][INFO] - 

03-09-2024T18:15:34 - [TEST_STEP][PASSED] - if (sfccAuthorization.length() == 0): null

03-09-2024T18:15:34 - [TEST_STEP][PASSED] - else: authorization generated

03-09-2024T18:15:34 - [TEST_STEP][PASSED] - markPassed("authorization generated"): authorization generated

03-09-2024T18:15:34 - [MESSAGE][PASSED] - authorization generated

03-09-2024T18:15:34 - [TEST_STEP][PASSED] - BasketId_loginResponse = "ocapiResponse.c_basketId": null

03-09-2024T18:15:34 - [TEST_STEP][PASSED] - CustomerId_loginResponse = "ocapiResponse.customer_id": null

03-09-2024T18:15:34 - [TEST_STEP][PASSED] - basketId = getElementPropertyValue(LoginResponse, BasketId_loginResponse): Checking response object

03-09-2024T18:15:34 - [MESSAGE][INFO] - Checking response object

03-09-2024T18:15:34 - [TEST_STEP][PASSED] - customerId = getElementPropertyValue(LoginResponse, CustomerId_loginResponse): Checking response object

03-09-2024T18:15:34 - [MESSAGE][INFO] - Checking response object

03-09-2024T18:15:34 - [TEST_STEP][PASSED] - basketID = basketId: null

03-09-2024T18:15:34 - [TEST_STEP][PASSED] - sla_customerId = customerId: null

03-09-2024T18:15:34 - [TEST_STEP][PASSED] - println(basketID): null

03-09-2024T18:15:34 - [TEST_STEP][PASSED] - println(sla_customerId): null

03-09-2024T18:15:34 - [TEST_STEP][PASSED] - refresh_token = "ocapiResponse.refresh_token": null

03-09-2024T18:15:34 - [TEST_STEP][PASSED] - customer_email = "ocapiResponse.customer_email": null

03-09-2024T18:15:34 - [TEST_STEP][PASSED] - c_brmId = "ocapiResponse.c_brmId": null

03-09-2024T18:15:34 - [TEST_STEP][PASSED] - customer_name = "ocapiResponse.customer_name": null

03-09-2024T18:15:34 - [TEST_STEP][PASSED] - totalplay.Common.verifyPropertyExist(LoginResponse, refresh_token): totalplay.Common.verifyPropertyExist is PASSED

03-09-2024T18:15:34 - [MESSAGE][INFO] - Checking response object

03-09-2024T18:15:34 - [MESSAGE][PASSED] - totalplay.Common.verifyPropertyExist is PASSED

03-09-2024T18:15:34 - [TEST_STEP][PASSED] - totalplay.Common.verifyPropertyValueExist(LoginResponse, refresh_token): totalplay.Common.verifyPropertyValueExist is PASSED

03-09-2024T18:15:34 - [MESSAGE][INFO] - Checking response object

03-09-2024T18:15:34 - [MESSAGE][INFO] - oJNfhgPH-E24X2sR3EgQdrc_TgC1gClgyMsptAqh0bY

03-09-2024T18:15:34 - [MESSAGE][PASSED] - totalplay.Common.verifyPropertyValueExist is PASSED

03-09-2024T18:15:34 - [TEST_STEP][PASSED] - totalplay.Common.verifyPropertyExist(LoginResponse, customer_email): totalplay.Common.verifyPropertyExist is PASSED

03-09-2024T18:15:34 - [MESSAGE][INFO] - Checking response object

03-09-2024T18:15:34 - [MESSAGE][PASSED] - totalplay.Common.verifyPropertyExist is PASSED

03-09-2024T18:15:34 - [TEST_STEP][PASSED] - totalplay.Common.verifyPropertyValueExist(LoginResponse, customer_email): totalplay.Common.verifyPropertyValueExist is PASSED

03-09-2024T18:15:34 - [MESSAGE][INFO] - Checking response object

03-09-2024T18:15:34 - [MESSAGE][INFO] - cesar.waldo93@gmail.com

03-09-2024T18:15:34 - [MESSAGE][PASSED] - totalplay.Common.verifyPropertyValueExist is PASSED

03-09-2024T18:15:34 - [TEST_STEP][PASSED] - totalplay.Common.verifyPropertyExist(LoginResponse, customer_name): totalplay.Common.verifyPropertyExist is PASSED

03-09-2024T18:15:34 - [MESSAGE][INFO] - Checking response object

03-09-2024T18:15:34 - [MESSAGE][PASSED] - totalplay.Common.verifyPropertyExist is PASSED

03-09-2024T18:15:34 - [TEST_STEP][PASSED] - totalplay.Common.verifyPropertyValueExist(LoginResponse, customer_name): totalplay.Common.verifyPropertyValueExist is PASSED

03-09-2024T18:15:34 - [MESSAGE][INFO] - Checking response object

03-09-2024T18:15:34 - [MESSAGE][INFO] - CESAR GERARDO WALDO GONZALEZ

03-09-2024T18:15:34 - [MESSAGE][PASSED] - totalplay.Common.verifyPropertyValueExist is PASSED

03-09-2024T18:15:34 - [TEST_STEP][PASSED] - totalplay.Common.verifyPropertyExist(LoginResponse, c_brmId): totalplay.Common.verifyPropertyExist is PASSED

03-09-2024T18:15:34 - [MESSAGE][INFO] - Checking response object

03-09-2024T18:15:34 - [MESSAGE][PASSED] - totalplay.Common.verifyPropertyExist is PASSED

03-09-2024T18:15:34 - [TEST_STEP][PASSED] - totalplay.Common.verifyPropertyValueExist(LoginResponse, c_brmId): totalplay.Common.verifyPropertyValueExist is PASSED

03-09-2024T18:15:34 - [MESSAGE][INFO] - Checking response object

03-09-2024T18:15:34 - [MESSAGE][INFO] - 0106378356

03-09-2024T18:15:34 - [MESSAGE][PASSED] - totalplay.Common.verifyPropertyValueExist is PASSED

03-09-2024T18:15:34 - [MESSAGE][PASSED] - Call Test Case 'Test Cases/TotalPlay-Food/TC_1_Login_Service' successfully

03-09-2024T18:15:34 - [TEST_STEP][PASSED] - AddProductbasket = sendRequest(findTestObject("TotalPlay-Food/AddProductToBasket", ["URL":URL, "basketID":FoodBasketId])): Send request successfully

03-09-2024T18:15:34 - [MESSAGE][INFO] - Finding Test Object 'Object Repository/TotalPlay-Food/AddProductToBasket'

03-09-2024T18:15:34 - [MESSAGE][INFO] - Checking request object

03-09-2024T18:15:36 - [MESSAGE][INFO] - HAR: C:\Users\ShubhamKumarThakur\OneDrive - Kognivera\Documents\TotalPlay\totalplay-automation\Reports\20240903_181332\Food_Service_Normal_Flow_PlaceOrder\20240903_181332\requests\main\20.har

03-09-2024T18:15:36 - [MESSAGE][PASSED] - Send request successfully

03-09-2024T18:15:36 - [TEST_STEP][PASSED] - verifyResponseStatusCode(AddProductbasket, 200): Verify response status code successfully

03-09-2024T18:15:36 - [MESSAGE][INFO] - Checking response object

03-09-2024T18:15:36 - [MESSAGE][PASSED] - Verify response status code successfully

03-09-2024T18:15:36 - [TEST_STEP][PASSED] - getAddress = sendRequest(findTestObject("TotalPlay-Food/GetAddresses", ["URL":URL, "sla_customerId":sla_customerId, "shop_auth_token":shop_auth_token])): Send request successfully

03-09-2024T18:15:36 - [MESSAGE][INFO] - Finding Test Object 'Object Repository/TotalPlay-Food/GetAddresses'

03-09-2024T18:15:36 - [MESSAGE][INFO] - Checking request object

03-09-2024T18:15:37 - [MESSAGE][INFO] - HAR: C:\Users\ShubhamKumarThakur\OneDrive - Kognivera\Documents\TotalPlay\totalplay-automation\Reports\20240903_181332\Food_Service_Normal_Flow_PlaceOrder\20240903_181332\requests\main\21.har

03-09-2024T18:15:37 - [MESSAGE][PASSED] - Send request successfully

03-09-2024T18:15:37 - [TEST_STEP][PASSED] - verifyResponseStatusCode(getAddress, 200): Verify response status code successfully

03-09-2024T18:15:37 - [MESSAGE][INFO] - Checking response object

03-09-2024T18:15:37 - [MESSAGE][PASSED] - Verify response status code successfully

03-09-2024T18:15:37 - [TEST_STEP][PASSED] - AddAddressToCart = sendRequest(findTestObject("TotalPlay-Food/add address to cart", ["URL":URL, "basketID":FoodBasketId])): Send request successfully

03-09-2024T18:15:37 - [MESSAGE][INFO] - Finding Test Object 'Object Repository/TotalPlay-Food/add address to cart'

03-09-2024T18:15:37 - [MESSAGE][INFO] - Checking request object

03-09-2024T18:15:39 - [MESSAGE][INFO] - HAR: C:\Users\ShubhamKumarThakur\OneDrive - Kognivera\Documents\TotalPlay\totalplay-automation\Reports\20240903_181332\Food_Service_Normal_Flow_PlaceOrder\20240903_181332\requests\main\22.har

03-09-2024T18:15:39 - [MESSAGE][PASSED] - Send request successfully

03-09-2024T18:15:39 - [TEST_STEP][PASSED] - verifyResponseStatusCode(AddAddressToCart, 200): Verify response status code successfully

03-09-2024T18:15:39 - [MESSAGE][INFO] - Checking response object

03-09-2024T18:15:39 - [MESSAGE][PASSED] - Verify response status code successfully

03-09-2024T18:15:39 - [TEST_STEP][PASSED] - SetPayment_instruments = sendRequest(findTestObject("TotalPlay-Food/Food TP Credit", ["URL":URL, "basketID":FoodBasketId, "orderTotal":orderTotal])): Send request successfully

03-09-2024T18:15:39 - [MESSAGE][INFO] - Finding Test Object 'Object Repository/TotalPlay-Food/Food TP Credit'

03-09-2024T18:15:39 - [MESSAGE][INFO] - Checking request object

03-09-2024T18:15:44 - [MESSAGE][INFO] - HAR: C:\Users\ShubhamKumarThakur\OneDrive - Kognivera\Documents\TotalPlay\totalplay-automation\Reports\20240903_181332\Food_Service_Normal_Flow_PlaceOrder\20240903_181332\requests\main\23.har

03-09-2024T18:15:44 - [MESSAGE][PASSED] - Send request successfully

03-09-2024T18:15:44 - [TEST_STEP][PASSED] - totalplay.Common.printResponseinText(SetPayment_instruments): totalplay.Common.printResponseinText is PASSED

03-09-2024T18:15:44 - [MESSAGE][PASSED] - totalplay.Common.printResponseinText is PASSED

03-09-2024T18:15:44 - [TEST_STEP][PASSED] - verifyResponseStatusCode(SetPayment_instruments, 200): Verify response status code successfully

03-09-2024T18:15:44 - [MESSAGE][INFO] - Checking response object

03-09-2024T18:15:44 - [MESSAGE][PASSED] - Verify response status code successfully

03-09-2024T18:15:44 - [TEST_STEP][PASSED] - _v = "_v": null

03-09-2024T18:15:44 - [TEST_STEP][PASSED] - _type = "_type": null

03-09-2024T18:15:44 - [TEST_STEP][PASSED] - _resource_state = "_resource_state": null

03-09-2024T18:15:44 - [TEST_STEP][PASSED] - adjusted_merchandize_total_tax = "adjusted_merchandize_total_tax": null

03-09-2024T18:15:44 - [TEST_STEP][PASSED] - adjusted_shipping_total_tax = "adjusted_shipping_total_tax": null

03-09-2024T18:15:44 - [TEST_STEP][PASSED] - agent_basket = "agent_basket": null

03-09-2024T18:15:44 - [TEST_STEP][PASSED] - basket_id = "basket_id": null

03-09-2024T18:15:44 - [TEST_STEP][PASSED] - billing_address__type = "billing_address._type": null

03-09-2024T18:15:44 - [TEST_STEP][PASSED] - billing_address_address1 = "billing_address.address1": null

03-09-2024T18:15:44 - [TEST_STEP][PASSED] - billing_address_city = "billing_address.city": null

03-09-2024T18:15:44 - [TEST_STEP][PASSED] - billing_address_country_code = "billing_address.country_code": null

03-09-2024T18:15:44 - [TEST_STEP][PASSED] - billing_address_first_name = "billing_address.first_name": null

03-09-2024T18:15:44 - [TEST_STEP][PASSED] - billing_address_full_name = "billing_address.full_name": null

03-09-2024T18:15:44 - [TEST_STEP][PASSED] - billing_address_id = "billing_address.id": null

03-09-2024T18:15:44 - [TEST_STEP][PASSED] - billing_address_last_name = "billing_address.last_name": null

03-09-2024T18:15:44 - [TEST_STEP][PASSED] - billing_address_phone = "billing_address.phone": null

03-09-2024T18:15:44 - [TEST_STEP][PASSED] - billing_address_postal_code = "billing_address.postal_code": null

03-09-2024T18:15:44 - [TEST_STEP][PASSED] - billing_address_c_alias = "billing_address.c_alias": null

03-09-2024T18:15:44 - [TEST_STEP][PASSED] - billing_address_c_delegation = "billing_address.c_delegation": null

03-09-2024T18:15:44 - [TEST_STEP][PASSED] - billing_address_c_label = "billing_address.c_label": null

03-09-2024T18:15:44 - [TEST_STEP][PASSED] - billing_address_c_latitude = "billing_address.c_latitude": null

03-09-2024T18:15:44 - [TEST_STEP][PASSED] - billing_address_c_longitude = "billing_address.c_longitude": null

03-09-2024T18:15:44 - [TEST_STEP][PASSED] - billing_address_c_nExt = "billing_address.c_nExt": null

03-09-2024T18:15:44 - [TEST_STEP][PASSED] - billing_address_c_neighborhood = "billing_address.c_neighborhood": null

03-09-2024T18:15:44 - [TEST_STEP][PASSED] - billing_address_c_references = "billing_address.c_references": null

03-09-2024T18:15:44 - [TEST_STEP][PASSED] - billing_address_c_rfc = "billing_address.c_rfc": null

03-09-2024T18:15:44 - [TEST_STEP][PASSED] - billing_address_c_state = "billing_address.c_state": null

03-09-2024T18:15:44 - [TEST_STEP][PASSED] - billing_address_c_streetName = "billing_address.c_streetName": null

03-09-2024T18:15:44 - [TEST_STEP][PASSED] - channel_type = "channel_type": null

03-09-2024T18:15:44 - [TEST_STEP][PASSED] - creation_date = "creation_date": null

03-09-2024T18:15:44 - [TEST_STEP][PASSED] - currency = "currency": null

03-09-2024T18:15:44 - [TEST_STEP][PASSED] - customer_info__type = "customer_info._type": null

03-09-2024T18:15:44 - [TEST_STEP][PASSED] - customer_info_customer_id = "customer_info.customer_id": null

03-09-2024T18:15:44 - [TEST_STEP][PASSED] - customer_info_customer_no = "customer_info.customer_no": null

03-09-2024T18:15:44 - [TEST_STEP][PASSED] - customer_info_email = "customer_info.email": null

03-09-2024T18:15:44 - [TEST_STEP][PASSED] - last_modified = "last_modified": null

03-09-2024T18:15:44 - [TEST_STEP][PASSED] - merchandize_total_tax = "merchandize_total_tax": null

03-09-2024T18:15:44 - [TEST_STEP][PASSED] - notes__type = "notes._type": null

03-09-2024T18:15:44 - [TEST_STEP][PASSED] - notes_link = "notes.link": null

03-09-2024T18:15:44 - [TEST_STEP][PASSED] - order_total = "order_total": null

03-09-2024T18:15:44 - [TEST_STEP][PASSED] - payment_instruments_0__type = "payment_instruments[0]._type": null

03-09-2024T18:15:44 - [TEST_STEP][PASSED] - payment_instruments_0_amount = "payment_instruments[0].amount": null

03-09-2024T18:15:44 - [TEST_STEP][PASSED] - payment_instruments_0_payment_instrument_id = "payment_instruments[0].payment_instrument_id": null

03-09-2024T18:15:44 - [TEST_STEP][PASSED] - payment_instruments_0_payment_method_id = "payment_instruments[0].payment_method_id": null

03-09-2024T18:15:44 - [TEST_STEP][PASSED] - product_items_0__type = "product_items[0]._type": null

03-09-2024T18:15:44 - [TEST_STEP][PASSED] - product_items_0_adjusted_tax = "product_items[0].adjusted_tax": null

03-09-2024T18:15:44 - [TEST_STEP][PASSED] - product_items_0_base_price = "product_items[0].base_price": null

03-09-2024T18:15:44 - [TEST_STEP][PASSED] - product_items_0_bonus_product_line_item = "product_items[0].bonus_product_line_item": null

03-09-2024T18:15:44 - [TEST_STEP][PASSED] - product_items_0_gift = "product_items[0].gift": null

03-09-2024T18:15:44 - [TEST_STEP][PASSED] - product_items_0_inventory_id = "product_items[0].inventory_id": null

03-09-2024T18:15:44 - [TEST_STEP][PASSED] - product_items_0_item_id = "product_items[0].item_id": null

03-09-2024T18:15:44 - [TEST_STEP][PASSED] - product_items_0_item_text = "product_items[0].item_text": null

03-09-2024T18:15:44 - [TEST_STEP][PASSED] - product_items_0_price = "product_items[0].price": null

03-09-2024T18:15:44 - [TEST_STEP][PASSED] - product_items_0_price_after_item_discount = "product_items[0].price_after_item_discount": null

03-09-2024T18:15:44 - [TEST_STEP][PASSED] - product_items_0_price_after_order_discount = "product_items[0].price_after_order_discount": null

03-09-2024T18:15:44 - [TEST_STEP][PASSED] - product_items_0_product_id = "product_items[0].product_id": null

03-09-2024T18:15:44 - [TEST_STEP][PASSED] - product_items_0_product_name = "product_items[0].product_name": null

03-09-2024T18:15:44 - [TEST_STEP][PASSED] - product_items_0_quantity = "product_items[0].quantity": null

03-09-2024T18:15:44 - [TEST_STEP][PASSED] - product_items_0_tax = "product_items[0].tax": null

03-09-2024T18:15:44 - [TEST_STEP][PASSED] - product_items_0_tax_basis = "product_items[0].tax_basis": null

03-09-2024T18:15:44 - [TEST_STEP][PASSED] - product_items_0_tax_class_id = "product_items[0].tax_class_id": null

03-09-2024T18:15:44 - [TEST_STEP][PASSED] - product_items_0_tax_rate = "product_items[0].tax_rate": null

03-09-2024T18:15:44 - [TEST_STEP][PASSED] - product_items_0_c_fromStoreId = "product_items[0].c_fromStoreId": null

03-09-2024T18:15:44 - [TEST_STEP][PASSED] - product_items_0_c_miraklChannels = "product_items[0].c_miraklChannels": null

03-09-2024T18:15:44 - [TEST_STEP][PASSED] - product_items_0_c_miraklEarliestDeliveryDays = "product_items[0].c_miraklEarliestDeliveryDays": null

03-09-2024T18:15:44 - [TEST_STEP][PASSED] - product_items_0_c_miraklLatestDeliveryDays = "product_items[0].c_miraklLatestDeliveryDays": null

03-09-2024T18:15:44 - [TEST_STEP][PASSED] - product_items_0_c_miraklLeadTimeToShip = "product_items[0].c_miraklLeadTimeToShip": null

03-09-2024T18:15:44 - [TEST_STEP][PASSED] - product_items_0_c_miraklLineShippingPrice = "product_items[0].c_miraklLineShippingPrice": null

03-09-2024T18:15:44 - [TEST_STEP][PASSED] - product_items_0_c_miraklOperatorProductId = "product_items[0].c_miraklOperatorProductId": null

03-09-2024T18:15:44 - [TEST_STEP][PASSED] - product_items_0_c_miraklShippingTaxes = "product_items[0].c_miraklShippingTaxes": null

03-09-2024T18:15:44 - [TEST_STEP][PASSED] - product_items_0_c_miraklTaxes = "product_items[0].c_miraklTaxes": null

03-09-2024T18:15:44 - [TEST_STEP][PASSED] - product_items_0_c_noOfPersons = "product_items[0].c_noOfPersons": null

03-09-2024T18:15:44 - [TEST_STEP][PASSED] - product_items_0_c_offerId = "product_items[0].c_offerId": null

03-09-2024T18:15:44 - [TEST_STEP][PASSED] - product_items_0_c_offerSalesPrice = "product_items[0].c_offerSalesPrice": null

03-09-2024T18:15:44 - [TEST_STEP][PASSED] - product_items_0_c_offerState = "product_items[0].c_offerState": null

03-09-2024T18:15:44 - [TEST_STEP][PASSED] - product_items_0_c_offerStateCode = "product_items[0].c_offerStateCode": null

03-09-2024T18:15:44 - [TEST_STEP][PASSED] - product_items_0_c_shopId = "product_items[0].c_shopId": null

03-09-2024T18:15:44 - [TEST_STEP][PASSED] - product_items_0_c_shopName = "product_items[0].c_shopName": null

03-09-2024T18:15:44 - [TEST_STEP][PASSED] - product_items_0_c_total_crossed_price = "product_items[0].c_total_crossed_price": null

03-09-2024T18:15:44 - [TEST_STEP][PASSED] - product_items_0_c_priceWithComplement = "product_items[0].c_priceWithComplement": null

03-09-2024T18:15:44 - [TEST_STEP][PASSED] - product_sub_total = "product_sub_total": null

03-09-2024T18:15:44 - [TEST_STEP][PASSED] - product_total = "product_total": null

03-09-2024T18:15:44 - [TEST_STEP][PASSED] - shipments_0__type = "shipments[0]._type": null

03-09-2024T18:15:44 - [TEST_STEP][PASSED] - shipments_0_adjusted_merchandize_total_tax = "shipments[0].adjusted_merchandize_total_tax": null

03-09-2024T18:15:44 - [TEST_STEP][PASSED] - shipments_0_adjusted_shipping_total_tax = "shipments[0].adjusted_shipping_total_tax": null

03-09-2024T18:15:44 - [TEST_STEP][PASSED] - shipments_0_gift = "shipments[0].gift": null

03-09-2024T18:15:44 - [TEST_STEP][PASSED] - shipments_0_merchandize_total_tax = "shipments[0].merchandize_total_tax": null

03-09-2024T18:15:44 - [TEST_STEP][PASSED] - shipments_0_product_sub_total = "shipments[0].product_sub_total": null

03-09-2024T18:15:44 - [TEST_STEP][PASSED] - shipments_0_product_total = "shipments[0].product_total": null

03-09-2024T18:15:44 - [TEST_STEP][PASSED] - shipments_0_shipment_id = "shipments[0].shipment_id": null

03-09-2024T18:15:44 - [TEST_STEP][PASSED] - shipments_0_shipment_total = "shipments[0].shipment_total": null

03-09-2024T18:15:44 - [TEST_STEP][PASSED] - shipments_0_shipping_address__type = "shipments[0].shipping_address._type": null

03-09-2024T18:15:44 - [TEST_STEP][PASSED] - shipments_0_shipping_address_address1 = "shipments[0].shipping_address.address1": null

03-09-2024T18:15:44 - [TEST_STEP][PASSED] - shipments_0_shipping_address_city = "shipments[0].shipping_address.city": null

03-09-2024T18:15:44 - [TEST_STEP][PASSED] - shipments_0_shipping_address_country_code = "shipments[0].shipping_address.country_code": null

03-09-2024T18:15:44 - [TEST_STEP][PASSED] - shipments_0_shipping_address_first_name = "shipments[0].shipping_address.first_name": null

03-09-2024T18:15:44 - [TEST_STEP][PASSED] - shipments_0_shipping_address_full_name = "shipments[0].shipping_address.full_name": null

03-09-2024T18:15:44 - [TEST_STEP][PASSED] - shipments_0_shipping_address_id = "shipments[0].shipping_address.id": null

03-09-2024T18:15:44 - [TEST_STEP][PASSED] - shipments_0_shipping_address_last_name = "shipments[0].shipping_address.last_name": null

03-09-2024T18:15:44 - [TEST_STEP][PASSED] - shipments_0_shipping_address_phone = "shipments[0].shipping_address.phone": null

03-09-2024T18:15:44 - [TEST_STEP][PASSED] - shipments_0_shipping_address_postal_code = "shipments[0].shipping_address.postal_code": null

03-09-2024T18:15:44 - [TEST_STEP][PASSED] - shipments_0_shipping_address_c_alias = "shipments[0].shipping_address.c_alias": null

03-09-2024T18:15:44 - [TEST_STEP][PASSED] - shipments_0_shipping_address_c_delegation = "shipments[0].shipping_address.c_delegation": null

03-09-2024T18:15:44 - [TEST_STEP][PASSED] - shipments_0_shipping_address_c_label = "shipments[0].shipping_address.c_label": null

03-09-2024T18:15:44 - [TEST_STEP][PASSED] - shipments_0_shipping_address_c_latitude = "shipments[0].shipping_address.c_latitude": null

03-09-2024T18:15:44 - [TEST_STEP][PASSED] - shipments_0_shipping_address_c_longitude = "shipments[0].shipping_address.c_longitude": null

03-09-2024T18:15:44 - [TEST_STEP][PASSED] - shipments_0_shipping_address_c_nExt = "shipments[0].shipping_address.c_nExt": null

03-09-2024T18:15:44 - [TEST_STEP][PASSED] - shipments_0_shipping_address_c_neighborhood = "shipments[0].shipping_address.c_neighborhood": null

03-09-2024T18:15:44 - [TEST_STEP][PASSED] - shipments_0_shipping_address_c_references = "shipments[0].shipping_address.c_references": null

03-09-2024T18:15:44 - [TEST_STEP][PASSED] - shipments_0_shipping_address_c_rfc = "shipments[0].shipping_address.c_rfc": null

03-09-2024T18:15:44 - [TEST_STEP][PASSED] - shipments_0_shipping_address_c_state = "shipments[0].shipping_address.c_state": null

03-09-2024T18:15:44 - [TEST_STEP][PASSED] - shipments_0_shipping_address_c_streetName = "shipments[0].shipping_address.c_streetName": null

03-09-2024T18:15:44 - [TEST_STEP][PASSED] - shipments_0_shipping_method__type = "shipments[0].shipping_method._type": null

03-09-2024T18:15:44 - [TEST_STEP][PASSED] - shipments_0_shipping_method_description = "shipments[0].shipping_method.description": null

03-09-2024T18:15:44 - [TEST_STEP][PASSED] - shipments_0_shipping_method_id = "shipments[0].shipping_method.id": null

03-09-2024T18:15:44 - [TEST_STEP][PASSED] - shipments_0_shipping_method_name = "shipments[0].shipping_method.name": null

03-09-2024T18:15:44 - [TEST_STEP][PASSED] - shipments_0_shipping_method_c_estimatedArrivalTime = "shipments[0].shipping_method.c_estimatedArrivalTime": null

03-09-2024T18:15:44 - [TEST_STEP][PASSED] - shipments_0_shipping_method_c_storePickupEnabled = "shipments[0].shipping_method.c_storePickupEnabled": null

03-09-2024T18:15:44 - [TEST_STEP][PASSED] - shipments_0_shipping_status = "shipments[0].shipping_status": null

03-09-2024T18:15:44 - [TEST_STEP][PASSED] - shipments_0_shipping_total = "shipments[0].shipping_total": null

03-09-2024T18:15:44 - [TEST_STEP][PASSED] - shipments_0_shipping_total_tax = "shipments[0].shipping_total_tax": null

03-09-2024T18:15:44 - [TEST_STEP][PASSED] - shipments_0_tax_total = "shipments[0].tax_total": null

03-09-2024T18:15:44 - [TEST_STEP][PASSED] - shipments_0_c_serviceCharge = "shipments[0].c_serviceCharge": null

03-09-2024T18:15:44 - [TEST_STEP][PASSED] - shipments_0_c_shippingRates = "shipments[0].c_shippingRates": null

03-09-2024T18:15:44 - [TEST_STEP][PASSED] - shipments_0_c_totalShippingCost = "shipments[0].c_totalShippingCost": null

03-09-2024T18:15:44 - [TEST_STEP][PASSED] - shipping_items_0__type = "shipping_items[0]._type": null

03-09-2024T18:15:44 - [TEST_STEP][PASSED] - shipping_items_0_adjusted_tax = "shipping_items[0].adjusted_tax": null

03-09-2024T18:15:44 - [TEST_STEP][PASSED] - shipping_items_0_base_price = "shipping_items[0].base_price": null

03-09-2024T18:15:44 - [TEST_STEP][PASSED] - shipping_items_0_item_id = "shipping_items[0].item_id": null

03-09-2024T18:15:44 - [TEST_STEP][PASSED] - shipping_items_0_item_text = "shipping_items[0].item_text": null

03-09-2024T18:15:44 - [TEST_STEP][PASSED] - shipping_items_0_price = "shipping_items[0].price": null

03-09-2024T18:15:44 - [TEST_STEP][PASSED] - shipping_items_0_price_after_item_discount = "shipping_items[0].price_after_item_discount": null

03-09-2024T18:15:44 - [TEST_STEP][PASSED] - shipping_items_0_shipment_id = "shipping_items[0].shipment_id": null

03-09-2024T18:15:44 - [TEST_STEP][PASSED] - shipping_items_0_tax = "shipping_items[0].tax": null

03-09-2024T18:15:44 - [TEST_STEP][PASSED] - c_seller_id = "c_seller_id": null

03-09-2024T18:15:44 - [TEST_STEP][PASSED] - c_serviceChargeTotalGrossPrice = "c_serviceChargeTotalGrossPrice": null

03-09-2024T18:15:44 - [TEST_STEP][PASSED] - c_formatedOrderTotal = "c_formatedOrderTotal": null

03-09-2024T18:15:44 - [TEST_STEP][PASSED] - c_formatedProductTotal = "c_formatedProductTotal": null

03-09-2024T18:15:44 - [TEST_STEP][PASSED] - totalplay.Common.verifyPropertyExist(SetPayment_instruments, _v): totalplay.Common.verifyPropertyExist is PASSED

03-09-2024T18:15:44 - [MESSAGE][INFO] - Checking response object

03-09-2024T18:15:44 - [MESSAGE][PASSED] - totalplay.Common.verifyPropertyExist is PASSED

03-09-2024T18:15:44 - [TEST_STEP][PASSED] - totalplay.Common.verifyPropertyValueExist(SetPayment_instruments, _v): totalplay.Common.verifyPropertyValueExist is PASSED

03-09-2024T18:15:44 - [MESSAGE][INFO] - Checking response object

03-09-2024T18:15:44 - [MESSAGE][INFO] - 24.5

03-09-2024T18:15:44 - [MESSAGE][PASSED] - totalplay.Common.verifyPropertyValueExist is PASSED

03-09-2024T18:15:44 - [TEST_STEP][PASSED] - totalplay.Common.verifyPropertyExist(SetPayment_instruments, _type): totalplay.Common.verifyPropertyExist is PASSED

03-09-2024T18:15:44 - [MESSAGE][INFO] - Checking response object

03-09-2024T18:15:44 - [MESSAGE][PASSED] - totalplay.Common.verifyPropertyExist is PASSED

03-09-2024T18:15:44 - [TEST_STEP][PASSED] - totalplay.Common.verifyPropertyValueExist(SetPayment_instruments, _type): totalplay.Common.verifyPropertyValueExist is PASSED

03-09-2024T18:15:44 - [MESSAGE][INFO] - Checking response object

03-09-2024T18:15:44 - [MESSAGE][INFO] - basket

03-09-2024T18:15:44 - [MESSAGE][PASSED] - totalplay.Common.verifyPropertyValueExist is PASSED

03-09-2024T18:15:44 - [TEST_STEP][PASSED] - totalplay.Common.verifyPropertyExist(SetPayment_instruments, _resource_state): totalplay.Common.verifyPropertyExist is PASSED

03-09-2024T18:15:44 - [MESSAGE][INFO] - Checking response object

03-09-2024T18:15:44 - [MESSAGE][PASSED] - totalplay.Common.verifyPropertyExist is PASSED

03-09-2024T18:15:44 - [TEST_STEP][PASSED] - totalplay.Common.verifyPropertyValueExist(SetPayment_instruments, _resource_state): totalplay.Common.verifyPropertyValueExist is PASSED

03-09-2024T18:15:44 - [MESSAGE][INFO] - Checking response object

03-09-2024T18:15:44 - [MESSAGE][INFO] - 4e66a9fa8833eef4cc780b1fb2dbee81efebe91c180f643c94ce83a12374a750

03-09-2024T18:15:44 - [MESSAGE][PASSED] - totalplay.Common.verifyPropertyValueExist is PASSED

03-09-2024T18:15:44 - [TEST_STEP][PASSED] - totalplay.Common.getDecimalValueofObject(SetPayment_instruments, adjusted_merchandize_total_tax): totalplay.Common.getDecimalValueofObject is PASSED

03-09-2024T18:15:44 - [MESSAGE][INFO] - Checking response object

03-09-2024T18:15:44 - [MESSAGE][PASSED] - totalplay.Common.getDecimalValueofObject is PASSED

03-09-2024T18:15:44 - [TEST_STEP][PASSED] - totalplay.Common.getDecimalValueofObject(SetPayment_instruments, adjusted_shipping_total_tax): totalplay.Common.getDecimalValueofObject is PASSED

03-09-2024T18:15:44 - [MESSAGE][INFO] - Checking response object

03-09-2024T18:15:44 - [MESSAGE][PASSED] - totalplay.Common.getDecimalValueofObject is PASSED

03-09-2024T18:15:44 - [TEST_STEP][PASSED] - totalplay.Common.getBooleanValueofObject(SetPayment_instruments, agent_basket): totalplay.Common.getBooleanValueofObject is PASSED

03-09-2024T18:15:44 - [MESSAGE][INFO] - Checking response object

03-09-2024T18:15:44 - [MESSAGE][PASSED] - totalplay.Common.getBooleanValueofObject is PASSED

03-09-2024T18:15:44 - [TEST_STEP][PASSED] - totalplay.Common.verifyPropertyExist(SetPayment_instruments, basket_id): totalplay.Common.verifyPropertyExist is PASSED

03-09-2024T18:15:44 - [MESSAGE][INFO] - Checking response object

03-09-2024T18:15:44 - [MESSAGE][PASSED] - totalplay.Common.verifyPropertyExist is PASSED

03-09-2024T18:15:44 - [TEST_STEP][PASSED] - totalplay.Common.verifyPropertyValueExist(SetPayment_instruments, basket_id): totalplay.Common.verifyPropertyValueExist is PASSED

03-09-2024T18:15:44 - [MESSAGE][INFO] - Checking response object

03-09-2024T18:15:44 - [MESSAGE][INFO] - 3830ba289bef3ffe7031901a87

03-09-2024T18:15:44 - [MESSAGE][PASSED] - totalplay.Common.verifyPropertyValueExist is PASSED

03-09-2024T18:15:44 - [TEST_STEP][PASSED] - totalplay.Common.verifyPropertyExist(SetPayment_instruments, billing_address__type): totalplay.Common.verifyPropertyExist is PASSED

03-09-2024T18:15:44 - [MESSAGE][INFO] - Checking response object

03-09-2024T18:15:44 - [MESSAGE][PASSED] - totalplay.Common.verifyPropertyExist is PASSED

03-09-2024T18:15:44 - [TEST_STEP][PASSED] - totalplay.Common.verifyPropertyValueExist(SetPayment_instruments, billing_address__type): totalplay.Common.verifyPropertyValueExist is PASSED

03-09-2024T18:15:44 - [MESSAGE][INFO] - Checking response object

03-09-2024T18:15:44 - [MESSAGE][INFO] - order_address

03-09-2024T18:15:44 - [MESSAGE][PASSED] - totalplay.Common.verifyPropertyValueExist is PASSED

03-09-2024T18:15:44 - [TEST_STEP][PASSED] - totalplay.Common.verifyPropertyExist(SetPayment_instruments, billing_address_address1): totalplay.Common.verifyPropertyExist is PASSED

03-09-2024T18:15:44 - [MESSAGE][INFO] - Checking response object

03-09-2024T18:15:44 - [MESSAGE][PASSED] - totalplay.Common.verifyPropertyExist is PASSED

03-09-2024T18:15:44 - [TEST_STEP][PASSED] - totalplay.Common.verifyPropertyValueExist(SetPayment_instruments, billing_address_address1): totalplay.Common.verifyPropertyValueExist is PASSED

03-09-2024T18:15:44 - [MESSAGE][INFO] - Checking response object

03-09-2024T18:15:44 - [MESSAGE][INFO] - Alejandro Dumas

03-09-2024T18:15:44 - [MESSAGE][PASSED] - totalplay.Common.verifyPropertyValueExist is PASSED

03-09-2024T18:15:44 - [TEST_STEP][PASSED] - totalplay.Common.verifyPropertyExist(SetPayment_instruments, billing_address_city): totalplay.Common.verifyPropertyExist is PASSED

03-09-2024T18:15:44 - [MESSAGE][INFO] - Checking response object

03-09-2024T18:15:44 - [MESSAGE][PASSED] - totalplay.Common.verifyPropertyExist is PASSED

03-09-2024T18:15:44 - [TEST_STEP][PASSED] - totalplay.Common.verifyPropertyValueExist(SetPayment_instruments, billing_address_city): totalplay.Common.verifyPropertyValueExist is PASSED

03-09-2024T18:15:44 - [MESSAGE][INFO] - Checking response object

03-09-2024T18:15:45 - [MESSAGE][INFO] - Ciudad de Mexico

03-09-2024T18:15:45 - [MESSAGE][PASSED] - totalplay.Common.verifyPropertyValueExist is PASSED

03-09-2024T18:15:45 - [TEST_STEP][PASSED] - totalplay.Common.verifyPropertyExist(SetPayment_instruments, billing_address_country_code): totalplay.Common.verifyPropertyExist is PASSED

03-09-2024T18:15:45 - [MESSAGE][INFO] - Checking response object

03-09-2024T18:15:45 - [MESSAGE][PASSED] - totalplay.Common.verifyPropertyExist is PASSED

03-09-2024T18:15:45 - [TEST_STEP][PASSED] - totalplay.Common.verifyPropertyValueExist(SetPayment_instruments, billing_address_country_code): totalplay.Common.verifyPropertyValueExist is PASSED

03-09-2024T18:15:45 - [MESSAGE][INFO] - Checking response object

03-09-2024T18:15:45 - [MESSAGE][INFO] - MX

03-09-2024T18:15:45 - [MESSAGE][PASSED] - totalplay.Common.verifyPropertyValueExist is PASSED

03-09-2024T18:15:45 - [TEST_STEP][PASSED] - totalplay.Common.verifyPropertyExist(SetPayment_instruments, billing_address_first_name): totalplay.Common.verifyPropertyExist is PASSED

03-09-2024T18:15:45 - [MESSAGE][INFO] - Checking response object

03-09-2024T18:15:45 - [MESSAGE][PASSED] - totalplay.Common.verifyPropertyExist is PASSED

03-09-2024T18:15:45 - [TEST_STEP][PASSED] - totalplay.Common.verifyPropertyValueExist(SetPayment_instruments, billing_address_first_name): totalplay.Common.verifyPropertyValueExist is PASSED

03-09-2024T18:15:45 - [MESSAGE][INFO] - Checking response object

03-09-2024T18:15:45 - [MESSAGE][INFO] - CESAR

03-09-2024T18:15:45 - [MESSAGE][PASSED] - totalplay.Common.verifyPropertyValueExist is PASSED

03-09-2024T18:15:45 - [TEST_STEP][PASSED] - totalplay.Common.verifyPropertyExist(SetPayment_instruments, billing_address_full_name): totalplay.Common.verifyPropertyExist is PASSED

03-09-2024T18:15:45 - [MESSAGE][INFO] - Checking response object

03-09-2024T18:15:45 - [MESSAGE][PASSED] - totalplay.Common.verifyPropertyExist is PASSED

03-09-2024T18:15:45 - [TEST_STEP][PASSED] - totalplay.Common.verifyPropertyValueExist(SetPayment_instruments, billing_address_full_name): totalplay.Common.verifyPropertyValueExist is PASSED

03-09-2024T18:15:45 - [MESSAGE][INFO] - Checking response object

03-09-2024T18:15:45 - [MESSAGE][INFO] - CESAR GERARDO WALDO GONZALEZ

03-09-2024T18:15:45 - [MESSAGE][PASSED] - totalplay.Common.verifyPropertyValueExist is PASSED

03-09-2024T18:15:45 - [TEST_STEP][PASSED] - totalplay.Common.verifyPropertyExist(SetPayment_instruments, billing_address_id): totalplay.Common.verifyPropertyExist is PASSED

03-09-2024T18:15:45 - [MESSAGE][INFO] - Checking response object

03-09-2024T18:15:45 - [MESSAGE][PASSED] - totalplay.Common.verifyPropertyExist is PASSED

03-09-2024T18:15:45 - [TEST_STEP][PASSED] - totalplay.Common.verifyPropertyValueExist(SetPayment_instruments, billing_address_id): totalplay.Common.verifyPropertyValueExist is PASSED

03-09-2024T18:15:45 - [MESSAGE][INFO] - Checking response object

03-09-2024T18:15:45 - [MESSAGE][INFO] - c4ca7f99dff15c68929b2ee06f

03-09-2024T18:15:45 - [MESSAGE][PASSED] - totalplay.Common.verifyPropertyValueExist is PASSED

03-09-2024T18:15:45 - [TEST_STEP][PASSED] - totalplay.Common.verifyPropertyExist(SetPayment_instruments, billing_address_last_name): totalplay.Common.verifyPropertyExist is PASSED

03-09-2024T18:15:45 - [MESSAGE][INFO] - Checking response object

03-09-2024T18:15:45 - [MESSAGE][PASSED] - totalplay.Common.verifyPropertyExist is PASSED

03-09-2024T18:15:45 - [TEST_STEP][PASSED] - totalplay.Common.verifyPropertyValueExist(SetPayment_instruments, billing_address_last_name): totalplay.Common.verifyPropertyValueExist is PASSED

03-09-2024T18:15:45 - [MESSAGE][INFO] - Checking response object

03-09-2024T18:15:45 - [MESSAGE][INFO] - GERARDO WALDO GONZALEZ

03-09-2024T18:15:45 - [MESSAGE][PASSED] - totalplay.Common.verifyPropertyValueExist is PASSED

03-09-2024T18:15:45 - [TEST_STEP][PASSED] - totalplay.Common.verifyPropertyExist(SetPayment_instruments, billing_address_phone): totalplay.Common.verifyPropertyExist is PASSED

03-09-2024T18:15:45 - [MESSAGE][INFO] - Checking response object

03-09-2024T18:15:45 - [MESSAGE][PASSED] - totalplay.Common.verifyPropertyExist is PASSED

03-09-2024T18:15:45 - [TEST_STEP][PASSED] - totalplay.Common.verifyPropertyValueExist(SetPayment_instruments, billing_address_phone): totalplay.Common.verifyPropertyValueExist is PASSED

03-09-2024T18:15:45 - [MESSAGE][INFO] - Checking response object

03-09-2024T18:15:45 - [MESSAGE][INFO] - 5579660270

03-09-2024T18:15:45 - [MESSAGE][PASSED] - totalplay.Common.verifyPropertyValueExist is PASSED

03-09-2024T18:15:45 - [TEST_STEP][PASSED] - totalplay.Common.verifyPropertyExist(SetPayment_instruments, billing_address_postal_code): totalplay.Common.verifyPropertyExist is PASSED

03-09-2024T18:15:45 - [MESSAGE][INFO] - Checking response object

03-09-2024T18:15:45 - [MESSAGE][PASSED] - totalplay.Common.verifyPropertyExist is PASSED

03-09-2024T18:15:45 - [TEST_STEP][PASSED] - totalplay.Common.verifyPropertyValueExist(SetPayment_instruments, billing_address_postal_code): totalplay.Common.verifyPropertyValueExist is PASSED

03-09-2024T18:15:45 - [MESSAGE][INFO] - Checking response object

03-09-2024T18:15:45 - [MESSAGE][INFO] - 11500

03-09-2024T18:15:45 - [MESSAGE][PASSED] - totalplay.Common.verifyPropertyValueExist is PASSED

03-09-2024T18:15:45 - [TEST_STEP][PASSED] - totalplay.Common.verifyPropertyExist(SetPayment_instruments, billing_address_c_alias): totalplay.Common.verifyPropertyExist is PASSED

03-09-2024T18:15:45 - [MESSAGE][INFO] - Checking response object

03-09-2024T18:15:45 - [MESSAGE][PASSED] - totalplay.Common.verifyPropertyExist is PASSED

03-09-2024T18:15:45 - [TEST_STEP][PASSED] - totalplay.Common.verifyPropertyValueExist(SetPayment_instruments, billing_address_c_alias): totalplay.Common.verifyPropertyValueExist is PASSED

03-09-2024T18:15:45 - [MESSAGE][INFO] - Checking response object

03-09-2024T18:15:45 - [MESSAGE][INFO] - CasaWaldoP

03-09-2024T18:15:45 - [MESSAGE][PASSED] - totalplay.Common.verifyPropertyValueExist is PASSED

03-09-2024T18:15:45 - [TEST_STEP][PASSED] - totalplay.Common.verifyPropertyExist(SetPayment_instruments, billing_address_c_delegation): totalplay.Common.verifyPropertyExist is PASSED

03-09-2024T18:15:45 - [MESSAGE][INFO] - Checking response object

03-09-2024T18:15:45 - [MESSAGE][PASSED] - totalplay.Common.verifyPropertyExist is PASSED

03-09-2024T18:15:45 - [TEST_STEP][PASSED] - totalplay.Common.verifyPropertyValueExist(SetPayment_instruments, billing_address_c_delegation): totalplay.Common.verifyPropertyValueExist is PASSED

03-09-2024T18:15:45 - [MESSAGE][INFO] - Checking response object

03-09-2024T18:15:45 - [MESSAGE][INFO] - Miguel Hidalgo

03-09-2024T18:15:45 - [MESSAGE][PASSED] - totalplay.Common.verifyPropertyValueExist is PASSED

03-09-2024T18:15:45 - [TEST_STEP][PASSED] - totalplay.Common.verifyPropertyExist(SetPayment_instruments, billing_address_c_delegation): totalplay.Common.verifyPropertyExist is PASSED

03-09-2024T18:15:45 - [MESSAGE][INFO] - Checking response object

03-09-2024T18:15:45 - [MESSAGE][PASSED] - totalplay.Common.verifyPropertyExist is PASSED

03-09-2024T18:15:45 - [TEST_STEP][PASSED] - totalplay.Common.verifyPropertyValueExist(SetPayment_instruments, billing_address_c_delegation): totalplay.Common.verifyPropertyValueExist is PASSED

03-09-2024T18:15:45 - [MESSAGE][INFO] - Checking response object

03-09-2024T18:15:45 - [MESSAGE][INFO] - Miguel Hidalgo

03-09-2024T18:15:45 - [MESSAGE][PASSED] - totalplay.Common.verifyPropertyValueExist is PASSED

03-09-2024T18:15:45 - [TEST_STEP][PASSED] - totalplay.Common.verifyPropertyExist(SetPayment_instruments, billing_address_c_label): totalplay.Common.verifyPropertyExist is PASSED

03-09-2024T18:15:45 - [MESSAGE][INFO] - Checking response object

03-09-2024T18:15:45 - [MESSAGE][PASSED] - totalplay.Common.verifyPropertyExist is PASSED

03-09-2024T18:15:45 - [TEST_STEP][PASSED] - totalplay.Common.verifyPropertyValueExist(SetPayment_instruments, billing_address_c_label): totalplay.Common.verifyPropertyValueExist is PASSED

03-09-2024T18:15:45 - [MESSAGE][INFO] - Checking response object

03-09-2024T18:15:45 - [MESSAGE][INFO] - {"home":true,"company":false,"other":false}

03-09-2024T18:15:45 - [MESSAGE][PASSED] - totalplay.Common.verifyPropertyValueExist is PASSED

03-09-2024T18:15:45 - [TEST_STEP][PASSED] - totalplay.Common.verifyPropertyExist(SetPayment_instruments, billing_address_c_latitude): totalplay.Common.verifyPropertyExist is PASSED

03-09-2024T18:15:45 - [MESSAGE][INFO] - Checking response object

03-09-2024T18:15:45 - [MESSAGE][PASSED] - totalplay.Common.verifyPropertyExist is PASSED

03-09-2024T18:15:45 - [TEST_STEP][PASSED] - totalplay.Common.verifyPropertyValueExist(SetPayment_instruments, billing_address_c_latitude): totalplay.Common.verifyPropertyValueExist is PASSED

03-09-2024T18:15:45 - [MESSAGE][INFO] - Checking response object

03-09-2024T18:15:46 - [MESSAGE][INFO] - 19.439691

03-09-2024T18:15:46 - [MESSAGE][PASSED] - totalplay.Common.verifyPropertyValueExist is PASSED

03-09-2024T18:15:46 - [TEST_STEP][PASSED] - totalplay.Common.verifyPropertyExist(SetPayment_instruments, billing_address_c_longitude): totalplay.Common.verifyPropertyExist is PASSED

03-09-2024T18:15:46 - [MESSAGE][INFO] - Checking response object

03-09-2024T18:15:46 - [MESSAGE][PASSED] - totalplay.Common.verifyPropertyExist is PASSED

03-09-2024T18:15:46 - [TEST_STEP][PASSED] - totalplay.Common.verifyPropertyValueExist(SetPayment_instruments, billing_address_c_longitude): totalplay.Common.verifyPropertyValueExist is PASSED

03-09-2024T18:15:46 - [MESSAGE][INFO] - Checking response object

03-09-2024T18:15:46 - [MESSAGE][INFO] - -99.205670

03-09-2024T18:15:46 - [MESSAGE][PASSED] - totalplay.Common.verifyPropertyValueExist is PASSED

03-09-2024T18:15:46 - [TEST_STEP][PASSED] - totalplay.Common.verifyPropertyExist(SetPayment_instruments, billing_address_c_nExt): totalplay.Common.verifyPropertyExist is PASSED

03-09-2024T18:15:46 - [MESSAGE][INFO] - Checking response object

03-09-2024T18:15:46 - [MESSAGE][PASSED] - totalplay.Common.verifyPropertyExist is PASSED

03-09-2024T18:15:46 - [TEST_STEP][PASSED] - totalplay.Common.verifyPropertyValueExist(SetPayment_instruments, billing_address_c_nExt): totalplay.Common.verifyPropertyValueExist is PASSED

03-09-2024T18:15:46 - [MESSAGE][INFO] - Checking response object

03-09-2024T18:15:46 - [MESSAGE][INFO] - 107

03-09-2024T18:15:46 - [MESSAGE][PASSED] - totalplay.Common.verifyPropertyValueExist is PASSED

03-09-2024T18:15:46 - [TEST_STEP][PASSED] - totalplay.Common.verifyPropertyExist(SetPayment_instruments, billing_address_c_neighborhood): totalplay.Common.verifyPropertyExist is PASSED

03-09-2024T18:15:46 - [MESSAGE][INFO] - Checking response object

03-09-2024T18:15:46 - [MESSAGE][PASSED] - totalplay.Common.verifyPropertyExist is PASSED

03-09-2024T18:15:46 - [TEST_STEP][PASSED] - totalplay.Common.verifyPropertyValueExist(SetPayment_instruments, billing_address_c_neighborhood): totalplay.Common.verifyPropertyValueExist is PASSED

03-09-2024T18:15:46 - [MESSAGE][INFO] - Checking response object

03-09-2024T18:15:46 - [MESSAGE][INFO] - Polanco

03-09-2024T18:15:46 - [MESSAGE][PASSED] - totalplay.Common.verifyPropertyValueExist is PASSED

03-09-2024T18:15:46 - [TEST_STEP][PASSED] - totalplay.Common.verifyPropertyExist(SetPayment_instruments, billing_address_c_references): totalplay.Common.verifyPropertyExist is PASSED

03-09-2024T18:15:46 - [MESSAGE][INFO] - Checking response object

03-09-2024T18:15:46 - [MESSAGE][PASSED] - totalplay.Common.verifyPropertyExist is PASSED

03-09-2024T18:15:46 - [TEST_STEP][PASSED] - totalplay.Common.verifyPropertyValueExist(SetPayment_instruments, billing_address_c_references): totalplay.Common.verifyPropertyValueExist is PASSED

03-09-2024T18:15:46 - [MESSAGE][INFO] - Checking response object

03-09-2024T18:15:46 - [MESSAGE][INFO] - Llamar al llegar

03-09-2024T18:15:46 - [MESSAGE][PASSED] - totalplay.Common.verifyPropertyValueExist is PASSED

03-09-2024T18:15:46 - [TEST_STEP][PASSED] - totalplay.Common.verifyPropertyExist(SetPayment_instruments, billing_address_c_rfc): totalplay.Common.verifyPropertyExist is PASSED

03-09-2024T18:15:46 - [MESSAGE][INFO] - Checking response object

03-09-2024T18:15:46 - [MESSAGE][PASSED] - totalplay.Common.verifyPropertyExist is PASSED

03-09-2024T18:15:46 - [TEST_STEP][PASSED] - totalplay.Common.verifyPropertyValueExist(SetPayment_instruments, billing_address_c_rfc): totalplay.Common.verifyPropertyValueExist is PASSED

03-09-2024T18:15:46 - [MESSAGE][INFO] - Checking response object

03-09-2024T18:15:46 - [MESSAGE][INFO] - XAXA010101111

03-09-2024T18:15:46 - [MESSAGE][PASSED] - totalplay.Common.verifyPropertyValueExist is PASSED

03-09-2024T18:15:46 - [TEST_STEP][PASSED] - totalplay.Common.verifyPropertyExist(SetPayment_instruments, billing_address_c_state): totalplay.Common.verifyPropertyExist is PASSED

03-09-2024T18:15:46 - [MESSAGE][INFO] - Checking response object

03-09-2024T18:15:46 - [MESSAGE][PASSED] - totalplay.Common.verifyPropertyExist is PASSED

03-09-2024T18:15:46 - [TEST_STEP][PASSED] - totalplay.Common.verifyPropertyValueExist(SetPayment_instruments, billing_address_c_state): totalplay.Common.verifyPropertyValueExist is PASSED

03-09-2024T18:15:46 - [MESSAGE][INFO] - Checking response object

03-09-2024T18:15:46 - [MESSAGE][INFO] - CDMX

03-09-2024T18:15:46 - [MESSAGE][PASSED] - totalplay.Common.verifyPropertyValueExist is PASSED

03-09-2024T18:15:46 - [TEST_STEP][PASSED] - totalplay.Common.verifyPropertyExist(SetPayment_instruments, billing_address_c_streetName): totalplay.Common.verifyPropertyExist is PASSED

03-09-2024T18:15:46 - [MESSAGE][INFO] - Checking response object

03-09-2024T18:15:46 - [MESSAGE][PASSED] - totalplay.Common.verifyPropertyExist is PASSED

03-09-2024T18:15:46 - [TEST_STEP][PASSED] - totalplay.Common.verifyPropertyValueExist(SetPayment_instruments, billing_address_c_streetName): totalplay.Common.verifyPropertyValueExist is PASSED

03-09-2024T18:15:46 - [MESSAGE][INFO] - Checking response object

03-09-2024T18:15:46 - [MESSAGE][INFO] - Alejandro Dumas

03-09-2024T18:15:46 - [MESSAGE][PASSED] - totalplay.Common.verifyPropertyValueExist is PASSED

03-09-2024T18:15:46 - [TEST_STEP][PASSED] - totalplay.Common.verifyPropertyExist(SetPayment_instruments, channel_type): totalplay.Common.verifyPropertyExist is PASSED

03-09-2024T18:15:46 - [MESSAGE][INFO] - Checking response object

03-09-2024T18:15:46 - [MESSAGE][PASSED] - totalplay.Common.verifyPropertyExist is PASSED

03-09-2024T18:15:46 - [TEST_STEP][PASSED] - totalplay.Common.verifyPropertyValueExist(SetPayment_instruments, channel_type): totalplay.Common.verifyPropertyValueExist is PASSED

03-09-2024T18:15:46 - [MESSAGE][INFO] - Checking response object

03-09-2024T18:15:46 - [MESSAGE][INFO] - storefront

03-09-2024T18:15:46 - [MESSAGE][PASSED] - totalplay.Common.verifyPropertyValueExist is PASSED

03-09-2024T18:15:46 - [TEST_STEP][PASSED] - totalplay.Common.verifyPropertyExist(SetPayment_instruments, customer_info__type): totalplay.Common.verifyPropertyExist is PASSED

03-09-2024T18:15:46 - [MESSAGE][INFO] - Checking response object

03-09-2024T18:15:46 - [MESSAGE][PASSED] - totalplay.Common.verifyPropertyExist is PASSED

03-09-2024T18:15:46 - [TEST_STEP][PASSED] - totalplay.Common.verifyPropertyValueExist(SetPayment_instruments, customer_info__type): totalplay.Common.verifyPropertyValueExist is PASSED

03-09-2024T18:15:46 - [MESSAGE][INFO] - Checking response object

03-09-2024T18:15:46 - [MESSAGE][INFO] - customer_info

03-09-2024T18:15:46 - [MESSAGE][PASSED] - totalplay.Common.verifyPropertyValueExist is PASSED

03-09-2024T18:15:46 - [TEST_STEP][PASSED] - totalplay.Common.verifyPropertyExist(SetPayment_instruments, customer_info_customer_id): totalplay.Common.verifyPropertyExist is PASSED

03-09-2024T18:15:46 - [MESSAGE][INFO] - Checking response object

03-09-2024T18:15:46 - [MESSAGE][PASSED] - totalplay.Common.verifyPropertyExist is PASSED

03-09-2024T18:15:46 - [TEST_STEP][PASSED] - totalplay.Common.verifyPropertyValueExist(SetPayment_instruments, customer_info_customer_id): totalplay.Common.verifyPropertyValueExist is PASSED

03-09-2024T18:15:46 - [MESSAGE][INFO] - Checking response object

03-09-2024T18:15:46 - [MESSAGE][INFO] - acTAcwrTj6ECo7V8WDIa5leqor

03-09-2024T18:15:46 - [MESSAGE][PASSED] - totalplay.Common.verifyPropertyValueExist is PASSED

03-09-2024T18:15:46 - [TEST_STEP][PASSED] - totalplay.Common.verifyPropertyExist(SetPayment_instruments, customer_info_customer_no): totalplay.Common.verifyPropertyExist is PASSED

03-09-2024T18:15:46 - [MESSAGE][INFO] - Checking response object

03-09-2024T18:15:46 - [MESSAGE][PASSED] - totalplay.Common.verifyPropertyExist is PASSED

03-09-2024T18:15:46 - [TEST_STEP][PASSED] - totalplay.Common.verifyPropertyValueExist(SetPayment_instruments, customer_info_customer_no): totalplay.Common.verifyPropertyValueExist is PASSED

03-09-2024T18:15:46 - [MESSAGE][INFO] - Checking response object

03-09-2024T18:15:47 - [MESSAGE][INFO] - 00012002

03-09-2024T18:15:47 - [MESSAGE][PASSED] - totalplay.Common.verifyPropertyValueExist is PASSED

03-09-2024T18:15:47 - [TEST_STEP][PASSED] - totalplay.Common.verifyPropertyExist(SetPayment_instruments, customer_info_email): totalplay.Common.verifyPropertyExist is PASSED

03-09-2024T18:15:47 - [MESSAGE][INFO] - Checking response object

03-09-2024T18:15:47 - [MESSAGE][PASSED] - totalplay.Common.verifyPropertyExist is PASSED

03-09-2024T18:15:47 - [TEST_STEP][PASSED] - totalplay.Common.verifyPropertyValueExist(SetPayment_instruments, customer_info_email): totalplay.Common.verifyPropertyValueExist is PASSED

03-09-2024T18:15:47 - [MESSAGE][INFO] - Checking response object

03-09-2024T18:15:47 - [MESSAGE][INFO] - cesar.waldo93@gmail.com

03-09-2024T18:15:47 - [MESSAGE][PASSED] - totalplay.Common.verifyPropertyValueExist is PASSED

03-09-2024T18:15:47 - [TEST_STEP][PASSED] - totalplay.Common.verifyPropertyExist(SetPayment_instruments, last_modified): totalplay.Common.verifyPropertyExist is PASSED

03-09-2024T18:15:47 - [MESSAGE][INFO] - Checking response object

03-09-2024T18:15:47 - [MESSAGE][PASSED] - totalplay.Common.verifyPropertyExist is PASSED

03-09-2024T18:15:47 - [TEST_STEP][PASSED] - totalplay.Common.verifyPropertyValueExist(SetPayment_instruments, last_modified): totalplay.Common.verifyPropertyValueExist is PASSED

03-09-2024T18:15:47 - [MESSAGE][INFO] - Checking response object

03-09-2024T18:15:47 - [MESSAGE][INFO] - 2024-09-03T12:45:43.908Z

03-09-2024T18:15:47 - [MESSAGE][PASSED] - totalplay.Common.verifyPropertyValueExist is PASSED

03-09-2024T18:15:47 - [TEST_STEP][PASSED] - totalplay.Common.getDecimalValueofObject(SetPayment_instruments, merchandize_total_tax): totalplay.Common.getDecimalValueofObject is PASSED

03-09-2024T18:15:47 - [MESSAGE][INFO] - Checking response object

03-09-2024T18:15:47 - [MESSAGE][PASSED] - totalplay.Common.getDecimalValueofObject is PASSED

03-09-2024T18:15:47 - [TEST_STEP][PASSED] - totalplay.Common.verifyPropertyExist(SetPayment_instruments, notes__type): totalplay.Common.verifyPropertyExist is PASSED

03-09-2024T18:15:47 - [MESSAGE][INFO] - Checking response object

03-09-2024T18:15:47 - [MESSAGE][PASSED] - totalplay.Common.verifyPropertyExist is PASSED

03-09-2024T18:15:47 - [TEST_STEP][PASSED] - totalplay.Common.verifyPropertyValueExist(SetPayment_instruments, notes__type): totalplay.Common.verifyPropertyValueExist is PASSED

03-09-2024T18:15:47 - [MESSAGE][INFO] - Checking response object

03-09-2024T18:15:47 - [MESSAGE][INFO] - simple_link

03-09-2024T18:15:47 - [MESSAGE][PASSED] - totalplay.Common.verifyPropertyValueExist is PASSED

03-09-2024T18:15:47 - [TEST_STEP][PASSED] - totalplay.Common.verifyPropertyExist(SetPayment_instruments, notes_link): totalplay.Common.verifyPropertyExist is PASSED

03-09-2024T18:15:47 - [MESSAGE][INFO] - Checking response object

03-09-2024T18:15:47 - [MESSAGE][PASSED] - totalplay.Common.verifyPropertyExist is PASSED

03-09-2024T18:15:47 - [TEST_STEP][PASSED] - totalplay.Common.verifyPropertyValueExist(SetPayment_instruments, notes_link): totalplay.Common.verifyPropertyValueExist is PASSED

03-09-2024T18:15:47 - [MESSAGE][INFO] - Checking response object

03-09-2024T18:15:47 - [MESSAGE][INFO] - https://salesforceqa.sistemastp.com.mx/s/TP-FOOD/dw/shop/v24_5/baskets/3830ba289bef3ffe7031901a87/notes

03-09-2024T18:15:47 - [MESSAGE][PASSED] - totalplay.Common.verifyPropertyValueExist is PASSED

03-09-2024T18:15:47 - [TEST_STEP][PASSED] - totalplay.Common.getDecimalValueofObject(SetPayment_instruments, order_total): totalplay.Common.getDecimalValueofObject is PASSED

03-09-2024T18:15:47 - [MESSAGE][INFO] - Checking response object

03-09-2024T18:15:47 - [MESSAGE][PASSED] - totalplay.Common.getDecimalValueofObject is PASSED

03-09-2024T18:15:47 - [TEST_STEP][PASSED] - totalplay.Common.verifyPropertyExist(SetPayment_instruments, payment_instruments_0__type): totalplay.Common.verifyPropertyExist is PASSED

03-09-2024T18:15:47 - [MESSAGE][INFO] - Checking response object

03-09-2024T18:15:47 - [MESSAGE][PASSED] - totalplay.Common.verifyPropertyExist is PASSED

03-09-2024T18:15:47 - [TEST_STEP][PASSED] - totalplay.Common.verifyPropertyValueExist(SetPayment_instruments, payment_instruments_0__type): totalplay.Common.verifyPropertyValueExist is PASSED

03-09-2024T18:15:47 - [MESSAGE][INFO] - Checking response object

03-09-2024T18:15:47 - [MESSAGE][INFO] - order_payment_instrument

03-09-2024T18:15:47 - [MESSAGE][PASSED] - totalplay.Common.verifyPropertyValueExist is PASSED

03-09-2024T18:15:47 - [TEST_STEP][PASSED] - totalplay.Common.getDecimalValueofObject(SetPayment_instruments, payment_instruments_0_amount): totalplay.Common.getDecimalValueofObject is PASSED

03-09-2024T18:15:47 - [MESSAGE][INFO] - Checking response object

03-09-2024T18:15:47 - [MESSAGE][PASSED] - totalplay.Common.getDecimalValueofObject is PASSED

03-09-2024T18:15:47 - [TEST_STEP][PASSED] - totalplay.Common.verifyPropertyExist(SetPayment_instruments, payment_instruments_0_payment_instrument_id): totalplay.Common.verifyPropertyExist is PASSED

03-09-2024T18:15:47 - [MESSAGE][INFO] - Checking response object

03-09-2024T18:15:47 - [MESSAGE][PASSED] - totalplay.Common.verifyPropertyExist is PASSED

03-09-2024T18:15:47 - [TEST_STEP][PASSED] - totalplay.Common.verifyPropertyValueExist(SetPayment_instruments, payment_instruments_0_payment_instrument_id): totalplay.Common.verifyPropertyValueExist is PASSED

03-09-2024T18:15:47 - [MESSAGE][INFO] - Checking response object

03-09-2024T18:15:47 - [MESSAGE][INFO] - cbd47eb6b312e7dabbca6235e0

03-09-2024T18:15:47 - [MESSAGE][PASSED] - totalplay.Common.verifyPropertyValueExist is PASSED

03-09-2024T18:15:47 - [TEST_STEP][PASSED] - totalplay.Common.verifyPropertyExist(SetPayment_instruments, payment_instruments_0_payment_method_id): totalplay.Common.verifyPropertyExist is PASSED

03-09-2024T18:15:47 - [MESSAGE][INFO] - Checking response object

03-09-2024T18:15:47 - [MESSAGE][PASSED] - totalplay.Common.verifyPropertyExist is PASSED

03-09-2024T18:15:47 - [TEST_STEP][PASSED] - totalplay.Common.verifyPropertyValueExist(SetPayment_instruments, payment_instruments_0_payment_method_id): totalplay.Common.verifyPropertyValueExist is PASSED

03-09-2024T18:15:47 - [MESSAGE][INFO] - Checking response object

03-09-2024T18:15:47 - [MESSAGE][INFO] - TP_CREDIT

03-09-2024T18:15:47 - [MESSAGE][PASSED] - totalplay.Common.verifyPropertyValueExist is PASSED

03-09-2024T18:15:47 - [TEST_STEP][PASSED] - totalplay.Common.verifyPropertyExist(SetPayment_instruments, product_items_0__type): totalplay.Common.verifyPropertyExist is PASSED

03-09-2024T18:15:47 - [MESSAGE][INFO] - Checking response object

03-09-2024T18:15:47 - [MESSAGE][PASSED] - totalplay.Common.verifyPropertyExist is PASSED

03-09-2024T18:15:47 - [TEST_STEP][PASSED] - totalplay.Common.verifyPropertyValueExist(SetPayment_instruments, product_items_0__type): totalplay.Common.verifyPropertyValueExist is PASSED

03-09-2024T18:15:47 - [MESSAGE][INFO] - Checking response object

03-09-2024T18:15:47 - [MESSAGE][INFO] - product_item

03-09-2024T18:15:47 - [MESSAGE][PASSED] - totalplay.Common.verifyPropertyValueExist is PASSED

03-09-2024T18:15:47 - [TEST_STEP][PASSED] - totalplay.Common.getDecimalValueofObject(SetPayment_instruments, product_items_0_adjusted_tax): totalplay.Common.getDecimalValueofObject is PASSED

03-09-2024T18:15:47 - [MESSAGE][INFO] - Checking response object

03-09-2024T18:15:48 - [MESSAGE][PASSED] - totalplay.Common.getDecimalValueofObject is PASSED

03-09-2024T18:15:48 - [TEST_STEP][PASSED] - totalplay.Common.getDecimalValueofObject(SetPayment_instruments, product_items_0_base_price): totalplay.Common.getDecimalValueofObject is PASSED

03-09-2024T18:15:48 - [MESSAGE][INFO] - Checking response object

03-09-2024T18:15:48 - [MESSAGE][PASSED] - totalplay.Common.getDecimalValueofObject is PASSED

03-09-2024T18:15:48 - [TEST_STEP][PASSED] - totalplay.Common.getBooleanValueofObject(SetPayment_instruments, product_items_0_bonus_product_line_item): totalplay.Common.getBooleanValueofObject is PASSED

03-09-2024T18:15:48 - [MESSAGE][INFO] - Checking response object

03-09-2024T18:15:48 - [MESSAGE][PASSED] - totalplay.Common.getBooleanValueofObject is PASSED

03-09-2024T18:15:48 - [TEST_STEP][PASSED] - totalplay.Common.getBooleanValueofObject(SetPayment_instruments, product_items_0_gift): totalplay.Common.getBooleanValueofObject is PASSED

03-09-2024T18:15:48 - [MESSAGE][INFO] - Checking response object

03-09-2024T18:15:48 - [MESSAGE][PASSED] - totalplay.Common.getBooleanValueofObject is PASSED

03-09-2024T18:15:48 - [TEST_STEP][PASSED] - totalplay.Common.verifyPropertyExist(SetPayment_instruments, product_items_0_inventory_id): totalplay.Common.verifyPropertyExist is PASSED

03-09-2024T18:15:48 - [MESSAGE][INFO] - Checking response object

03-09-2024T18:15:48 - [MESSAGE][PASSED] - totalplay.Common.verifyPropertyExist is PASSED

03-09-2024T18:15:48 - [TEST_STEP][PASSED] - totalplay.Common.verifyPropertyValueExist(SetPayment_instruments, product_items_0_inventory_id): totalplay.Common.verifyPropertyValueExist is PASSED

03-09-2024T18:15:48 - [MESSAGE][INFO] - Checking response object

03-09-2024T18:15:48 - [MESSAGE][INFO] - inventory_m_food_mirakl

03-09-2024T18:15:48 - [MESSAGE][PASSED] - totalplay.Common.verifyPropertyValueExist is PASSED

03-09-2024T18:15:48 - [TEST_STEP][PASSED] - totalplay.Common.verifyPropertyExist(SetPayment_instruments, product_items_0_item_id): totalplay.Common.verifyPropertyExist is PASSED

03-09-2024T18:15:48 - [MESSAGE][INFO] - Checking response object

03-09-2024T18:15:48 - [MESSAGE][PASSED] - totalplay.Common.verifyPropertyExist is PASSED

03-09-2024T18:15:48 - [TEST_STEP][PASSED] - totalplay.Common.verifyPropertyValueExist(SetPayment_instruments, product_items_0_item_id): totalplay.Common.verifyPropertyValueExist is PASSED

03-09-2024T18:15:48 - [MESSAGE][INFO] - Checking response object

03-09-2024T18:15:48 - [MESSAGE][INFO] - 1c753df17b3d116743d73ce1fb

03-09-2024T18:15:48 - [MESSAGE][PASSED] - totalplay.Common.verifyPropertyValueExist is PASSED

03-09-2024T18:15:48 - [TEST_STEP][PASSED] - totalplay.Common.verifyPropertyExist(SetPayment_instruments, product_items_0_item_text): totalplay.Common.verifyPropertyExist is PASSED

03-09-2024T18:15:48 - [MESSAGE][INFO] - Checking response object

03-09-2024T18:15:48 - [MESSAGE][PASSED] - totalplay.Common.verifyPropertyExist is PASSED

03-09-2024T18:15:48 - [TEST_STEP][PASSED] - totalplay.Common.verifyPropertyValueExist(SetPayment_instruments, product_items_0_item_text): totalplay.Common.verifyPropertyValueExist is PASSED

03-09-2024T18:15:48 - [MESSAGE][INFO] - Checking response object

03-09-2024T18:15:48 - [MESSAGE][INFO] - Orden de Maciza (100 g)

03-09-2024T18:15:48 - [MESSAGE][PASSED] - totalplay.Common.verifyPropertyValueExist is PASSED

03-09-2024T18:15:48 - [TEST_STEP][PASSED] - totalplay.Common.getDecimalValueofObject(SetPayment_instruments, product_items_0_price): totalplay.Common.getDecimalValueofObject is PASSED

03-09-2024T18:15:48 - [MESSAGE][INFO] - Checking response object

03-09-2024T18:15:48 - [MESSAGE][PASSED] - totalplay.Common.getDecimalValueofObject is PASSED

03-09-2024T18:15:48 - [TEST_STEP][PASSED] - totalplay.Common.getDecimalValueofObject(SetPayment_instruments, product_items_0_price_after_item_discount): totalplay.Common.getDecimalValueofObject is PASSED

03-09-2024T18:15:48 - [MESSAGE][INFO] - Checking response object

03-09-2024T18:15:48 - [MESSAGE][PASSED] - totalplay.Common.getDecimalValueofObject is PASSED

03-09-2024T18:15:48 - [TEST_STEP][PASSED] - totalplay.Common.getDecimalValueofObject(SetPayment_instruments, product_items_0_price_after_order_discount): totalplay.Common.getDecimalValueofObject is PASSED

03-09-2024T18:15:48 - [MESSAGE][INFO] - Checking response object

03-09-2024T18:15:48 - [MESSAGE][PASSED] - totalplay.Common.getDecimalValueofObject is PASSED

03-09-2024T18:15:48 - [TEST_STEP][PASSED] - totalplay.Common.verifyPropertyExist(SetPayment_instruments, product_items_0_product_id): totalplay.Common.verifyPropertyExist is PASSED

03-09-2024T18:15:48 - [MESSAGE][INFO] - Checking response object

03-09-2024T18:15:48 - [MESSAGE][PASSED] - totalplay.Common.verifyPropertyExist is PASSED

03-09-2024T18:15:48 - [TEST_STEP][PASSED] - totalplay.Common.verifyPropertyValueExist(SetPayment_instruments, product_items_0_product_id): totalplay.Common.verifyPropertyValueExist is PASSED

03-09-2024T18:15:48 - [MESSAGE][INFO] - Checking response object

03-09-2024T18:15:48 - [MESSAGE][INFO] - C828554986

03-09-2024T18:15:48 - [MESSAGE][PASSED] - totalplay.Common.verifyPropertyValueExist is PASSED

03-09-2024T18:15:48 - [TEST_STEP][PASSED] - totalplay.Common.verifyPropertyExist(SetPayment_instruments, product_items_0_product_name): totalplay.Common.verifyPropertyExist is PASSED

03-09-2024T18:15:48 - [MESSAGE][INFO] - Checking response object

03-09-2024T18:15:48 - [MESSAGE][PASSED] - totalplay.Common.verifyPropertyExist is PASSED

03-09-2024T18:15:48 - [TEST_STEP][PASSED] - totalplay.Common.verifyPropertyValueExist(SetPayment_instruments, product_items_0_product_name): totalplay.Common.verifyPropertyValueExist is PASSED

03-09-2024T18:15:48 - [MESSAGE][INFO] - Checking response object

03-09-2024T18:15:48 - [MESSAGE][INFO] - Orden de Maciza (100 g)

03-09-2024T18:15:48 - [MESSAGE][PASSED] - totalplay.Common.verifyPropertyValueExist is PASSED

03-09-2024T18:15:48 - [TEST_STEP][PASSED] - totalplay.Common.getNumValueofObject(SetPayment_instruments, product_items_0_quantity): totalplay.Common.getNumValueofObject is PASSED

03-09-2024T18:15:48 - [MESSAGE][INFO] - Checking response object

03-09-2024T18:15:48 - [MESSAGE][PASSED] - totalplay.Common.getNumValueofObject is PASSED

03-09-2024T18:15:48 - [TEST_STEP][PASSED] - totalplay.Common.getDecimalValueofObject(SetPayment_instruments, product_items_0_tax): totalplay.Common.getDecimalValueofObject is PASSED

03-09-2024T18:15:48 - [MESSAGE][INFO] - Checking response object

03-09-2024T18:15:48 - [MESSAGE][PASSED] - totalplay.Common.getDecimalValueofObject is PASSED

03-09-2024T18:15:48 - [TEST_STEP][PASSED] - totalplay.Common.getDecimalValueofObject(SetPayment_instruments, product_items_0_tax_basis): totalplay.Common.getDecimalValueofObject is PASSED

03-09-2024T18:15:48 - [MESSAGE][INFO] - Checking response object

03-09-2024T18:15:48 - [MESSAGE][PASSED] - totalplay.Common.getDecimalValueofObject is PASSED

03-09-2024T18:15:48 - [TEST_STEP][PASSED] - totalplay.Common.verifyPropertyExist(SetPayment_instruments, product_items_0_tax_class_id): totalplay.Common.verifyPropertyExist is PASSED

03-09-2024T18:15:48 - [MESSAGE][INFO] - Checking response object

03-09-2024T18:15:48 - [MESSAGE][PASSED] - totalplay.Common.verifyPropertyExist is PASSED

03-09-2024T18:15:48 - [TEST_STEP][PASSED] - totalplay.Common.verifyPropertyValueExist(SetPayment_instruments, product_items_0_tax_class_id): totalplay.Common.verifyPropertyValueExist is PASSED

03-09-2024T18:15:48 - [MESSAGE][INFO] - Checking response object

03-09-2024T18:15:48 - [MESSAGE][INFO] - product_zero_tax

03-09-2024T18:15:48 - [MESSAGE][PASSED] - totalplay.Common.verifyPropertyValueExist is PASSED

03-09-2024T18:15:48 - [TEST_STEP][PASSED] - totalplay.Common.getDecimalValueofObject(SetPayment_instruments, product_items_0_tax_rate): totalplay.Common.getDecimalValueofObject is PASSED

03-09-2024T18:15:48 - [MESSAGE][INFO] - Checking response object

03-09-2024T18:15:48 - [MESSAGE][PASSED] - totalplay.Common.getDecimalValueofObject is PASSED

03-09-2024T18:15:48 - [TEST_STEP][PASSED] - totalplay.Common.verifyPropertyExist(SetPayment_instruments, product_items_0_c_fromStoreId): totalplay.Common.verifyPropertyExist is PASSED

03-09-2024T18:15:48 - [MESSAGE][INFO] - Checking response object

03-09-2024T18:15:48 - [MESSAGE][PASSED] - totalplay.Common.verifyPropertyExist is PASSED

03-09-2024T18:15:48 - [TEST_STEP][PASSED] - totalplay.Common.verifyPropertyValueExist(SetPayment_instruments, product_items_0_c_fromStoreId): totalplay.Common.verifyPropertyValueExist is PASSED

03-09-2024T18:15:48 - [MESSAGE][INFO] - Checking response object

03-09-2024T18:15:48 - [MESSAGE][INFO] - 4158

03-09-2024T18:15:48 - [MESSAGE][PASSED] - totalplay.Common.verifyPropertyValueExist is PASSED

03-09-2024T18:15:48 - [TEST_STEP][PASSED] - totalplay.Common.verifyPropertyExist(SetPayment_instruments, product_items_0_c_miraklChannels): totalplay.Common.verifyPropertyExist is PASSED

03-09-2024T18:15:48 - [MESSAGE][INFO] - Checking response object

03-09-2024T18:15:48 - [MESSAGE][PASSED] - totalplay.Common.verifyPropertyExist is PASSED

03-09-2024T18:15:48 - [TEST_STEP][PASSED] - totalplay.Common.verifyPropertyValueExist(SetPayment_instruments, product_items_0_c_miraklChannels): totalplay.Common.verifyPropertyValueExist is PASSED

03-09-2024T18:15:48 - [MESSAGE][INFO] - Checking response object

03-09-2024T18:15:49 - [MESSAGE][INFO] - ["INIT"]

03-09-2024T18:15:49 - [MESSAGE][PASSED] - totalplay.Common.verifyPropertyValueExist is PASSED

03-09-2024T18:15:49 - [TEST_STEP][PASSED] - totalplay.Common.verifyPropertyExist(SetPayment_instruments, product_items_0_c_miraklOperatorProductId): totalplay.Common.verifyPropertyExist is PASSED

03-09-2024T18:15:49 - [MESSAGE][INFO] - Checking response object

03-09-2024T18:15:49 - [MESSAGE][PASSED] - totalplay.Common.verifyPropertyExist is PASSED

03-09-2024T18:15:49 - [TEST_STEP][PASSED] - totalplay.Common.verifyPropertyValueExist(SetPayment_instruments, product_items_0_c_miraklOperatorProductId): totalplay.Common.verifyPropertyValueExist is PASSED

03-09-2024T18:15:49 - [MESSAGE][INFO] - Checking response object

03-09-2024T18:15:49 - [MESSAGE][INFO] - C828554986

03-09-2024T18:15:49 - [MESSAGE][PASSED] - totalplay.Common.verifyPropertyValueExist is PASSED

03-09-2024T18:15:49 - [TEST_STEP][PASSED] - totalplay.Common.verifyPropertyExist(SetPayment_instruments, product_items_0_c_miraklShippingTaxes): totalplay.Common.verifyPropertyExist is PASSED

03-09-2024T18:15:49 - [MESSAGE][INFO] - Checking response object

03-09-2024T18:15:49 - [MESSAGE][PASSED] - totalplay.Common.verifyPropertyExist is PASSED

03-09-2024T18:15:49 - [TEST_STEP][PASSED] - totalplay.Common.verifyPropertyValueExist(SetPayment_instruments, product_items_0_c_miraklShippingTaxes): totalplay.Common.verifyPropertyValueExist is PASSED

03-09-2024T18:15:49 - [MESSAGE][INFO] - Checking response object

03-09-2024T18:15:49 - [MESSAGE][INFO] - [{"amount":0,"type":"product_zero_tax","isTaxRate":true,"rate":0}]

03-09-2024T18:15:49 - [MESSAGE][PASSED] - totalplay.Common.verifyPropertyValueExist is PASSED

03-09-2024T18:15:49 - [TEST_STEP][PASSED] - totalplay.Common.verifyPropertyExist(SetPayment_instruments, product_items_0_c_miraklTaxes): totalplay.Common.verifyPropertyExist is PASSED

03-09-2024T18:15:49 - [MESSAGE][INFO] - Checking response object

03-09-2024T18:15:49 - [MESSAGE][PASSED] - totalplay.Common.verifyPropertyExist is PASSED

03-09-2024T18:15:49 - [TEST_STEP][PASSED] - totalplay.Common.verifyPropertyValueExist(SetPayment_instruments, product_items_0_c_miraklTaxes): totalplay.Common.verifyPropertyValueExist is PASSED

03-09-2024T18:15:49 - [MESSAGE][INFO] - Checking response object

03-09-2024T18:15:49 - [MESSAGE][INFO] - [{"amount":0,"type":"product_zero_tax","isTaxRate":true,"rate":0}]

03-09-2024T18:15:49 - [MESSAGE][PASSED] - totalplay.Common.verifyPropertyValueExist is PASSED

03-09-2024T18:15:49 - [TEST_STEP][PASSED] - totalplay.Common.getNumValueofObject(SetPayment_instruments, product_items_0_c_noOfPersons): totalplay.Common.getNumValueofObject is PASSED

03-09-2024T18:15:49 - [MESSAGE][INFO] - Checking response object

03-09-2024T18:15:49 - [MESSAGE][PASSED] - totalplay.Common.getNumValueofObject is PASSED

03-09-2024T18:15:49 - [TEST_STEP][PASSED] - totalplay.Common.verifyPropertyExist(SetPayment_instruments, product_items_0_c_offerId): totalplay.Common.verifyPropertyExist is PASSED

03-09-2024T18:15:49 - [MESSAGE][INFO] - Checking response object

03-09-2024T18:15:49 - [MESSAGE][PASSED] - totalplay.Common.verifyPropertyExist is PASSED

03-09-2024T18:15:49 - [TEST_STEP][PASSED] - totalplay.Common.verifyPropertyValueExist(SetPayment_instruments, product_items_0_c_offerId): totalplay.Common.verifyPropertyValueExist is PASSED

03-09-2024T18:15:49 - [MESSAGE][INFO] - Checking response object

03-09-2024T18:15:49 - [MESSAGE][INFO] - 541185

03-09-2024T18:15:49 - [MESSAGE][PASSED] - totalplay.Common.verifyPropertyValueExist is PASSED

03-09-2024T18:15:49 - [TEST_STEP][PASSED] - totalplay.Common.getDecimalValueofObject(SetPayment_instruments, product_items_0_c_offerSalesPrice): totalplay.Common.getDecimalValueofObject is PASSED

03-09-2024T18:15:49 - [MESSAGE][INFO] - Checking response object

03-09-2024T18:15:49 - [MESSAGE][PASSED] - totalplay.Common.getDecimalValueofObject is PASSED

03-09-2024T18:15:49 - [TEST_STEP][PASSED] - totalplay.Common.verifyPropertyExist(SetPayment_instruments, product_items_0_c_offerState): totalplay.Common.verifyPropertyExist is PASSED

03-09-2024T18:15:49 - [MESSAGE][INFO] - Checking response object

03-09-2024T18:15:49 - [MESSAGE][PASSED] - totalplay.Common.verifyPropertyExist is PASSED

03-09-2024T18:15:49 - [TEST_STEP][PASSED] - totalplay.Common.verifyPropertyValueExist(SetPayment_instruments, product_items_0_c_offerState): totalplay.Common.verifyPropertyValueExist is PASSED

03-09-2024T18:15:49 - [MESSAGE][INFO] - Checking response object

03-09-2024T18:15:49 - [MESSAGE][INFO] - Nuevo

03-09-2024T18:15:49 - [MESSAGE][PASSED] - totalplay.Common.verifyPropertyValueExist is PASSED

03-09-2024T18:15:49 - [TEST_STEP][PASSED] - totalplay.Common.verifyPropertyExist(SetPayment_instruments, product_items_0_c_offerStateCode): totalplay.Common.verifyPropertyExist is PASSED

03-09-2024T18:15:49 - [MESSAGE][INFO] - Checking response object

03-09-2024T18:15:49 - [MESSAGE][PASSED] - totalplay.Common.verifyPropertyExist is PASSED

03-09-2024T18:15:49 - [TEST_STEP][PASSED] - totalplay.Common.verifyPropertyValueExist(SetPayment_instruments, product_items_0_c_offerStateCode): totalplay.Common.verifyPropertyValueExist is PASSED

03-09-2024T18:15:49 - [MESSAGE][INFO] - Checking response object

03-09-2024T18:15:49 - [MESSAGE][INFO] - 11

03-09-2024T18:15:49 - [MESSAGE][PASSED] - totalplay.Common.verifyPropertyValueExist is PASSED

03-09-2024T18:15:49 - [TEST_STEP][PASSED] - totalplay.Common.verifyPropertyExist(SetPayment_instruments, product_items_0_c_shopId): totalplay.Common.verifyPropertyExist is PASSED

03-09-2024T18:15:49 - [MESSAGE][INFO] - Checking response object

03-09-2024T18:15:49 - [MESSAGE][PASSED] - totalplay.Common.verifyPropertyExist is PASSED

03-09-2024T18:15:49 - [TEST_STEP][PASSED] - totalplay.Common.verifyPropertyValueExist(SetPayment_instruments, product_items_0_c_shopId): totalplay.Common.verifyPropertyValueExist is PASSED

03-09-2024T18:15:49 - [MESSAGE][INFO] - Checking response object

03-09-2024T18:15:49 - [MESSAGE][INFO] - 4158

03-09-2024T18:15:49 - [MESSAGE][PASSED] - totalplay.Common.verifyPropertyValueExist is PASSED

03-09-2024T18:15:49 - [TEST_STEP][PASSED] - totalplay.Common.verifyPropertyExist(SetPayment_instruments, product_items_0_c_shopName): totalplay.Common.verifyPropertyExist is PASSED

03-09-2024T18:15:49 - [MESSAGE][INFO] - Checking response object

03-09-2024T18:15:49 - [MESSAGE][PASSED] - totalplay.Common.verifyPropertyExist is PASSED

03-09-2024T18:15:49 - [TEST_STEP][PASSED] - totalplay.Common.verifyPropertyValueExist(SetPayment_instruments, product_items_0_c_shopName): totalplay.Common.verifyPropertyValueExist is PASSED

03-09-2024T18:15:49 - [MESSAGE][INFO] - Checking response object

03-09-2024T18:15:49 - [MESSAGE][INFO] - La Casa De Toño Polanco

03-09-2024T18:15:49 - [MESSAGE][PASSED] - totalplay.Common.verifyPropertyValueExist is PASSED

03-09-2024T18:15:49 - [TEST_STEP][PASSED] - totalplay.Common.getDecimalValueofObject(SetPayment_instruments, product_items_0_c_total_crossed_price): totalplay.Common.getDecimalValueofObject is PASSED

03-09-2024T18:15:49 - [MESSAGE][INFO] - Checking response object

03-09-2024T18:15:49 - [MESSAGE][PASSED] - totalplay.Common.getDecimalValueofObject is PASSED

03-09-2024T18:15:49 - [TEST_STEP][PASSED] - totalplay.Common.getDecimalValueofObject(SetPayment_instruments, product_items_0_c_priceWithComplement): totalplay.Common.getDecimalValueofObject is PASSED

03-09-2024T18:15:49 - [MESSAGE][INFO] - Checking response object

03-09-2024T18:15:49 - [MESSAGE][PASSED] - totalplay.Common.getDecimalValueofObject is PASSED

03-09-2024T18:15:49 - [TEST_STEP][PASSED] - totalplay.Common.getDecimalValueofObject(SetPayment_instruments, product_sub_total): totalplay.Common.getDecimalValueofObject is PASSED

03-09-2024T18:15:49 - [MESSAGE][INFO] - Checking response object

03-09-2024T18:15:49 - [MESSAGE][PASSED] - totalplay.Common.getDecimalValueofObject is PASSED

03-09-2024T18:15:49 - [TEST_STEP][PASSED] - totalplay.Common.getDecimalValueofObject(SetPayment_instruments, product_total): totalplay.Common.getDecimalValueofObject is PASSED

03-09-2024T18:15:49 - [MESSAGE][INFO] - Checking response object

03-09-2024T18:15:49 - [MESSAGE][PASSED] - totalplay.Common.getDecimalValueofObject is PASSED

03-09-2024T18:15:49 - [TEST_STEP][PASSED] - totalplay.Common.verifyPropertyExist(SetPayment_instruments, shipments_0__type): totalplay.Common.verifyPropertyExist is PASSED

03-09-2024T18:15:49 - [MESSAGE][INFO] - Checking response object

03-09-2024T18:15:49 - [MESSAGE][PASSED] - totalplay.Common.verifyPropertyExist is PASSED

03-09-2024T18:15:49 - [TEST_STEP][PASSED] - totalplay.Common.verifyPropertyValueExist(SetPayment_instruments, shipments_0__type): totalplay.Common.verifyPropertyValueExist is PASSED

03-09-2024T18:15:49 - [MESSAGE][INFO] - Checking response object

03-09-2024T18:15:49 - [MESSAGE][INFO] - shipment

03-09-2024T18:15:49 - [MESSAGE][PASSED] - totalplay.Common.verifyPropertyValueExist is PASSED

03-09-2024T18:15:49 - [TEST_STEP][PASSED] - totalplay.Common.getDecimalValueofObject(SetPayment_instruments, shipments_0_adjusted_merchandize_total_tax): totalplay.Common.getDecimalValueofObject is PASSED

03-09-2024T18:15:49 - [MESSAGE][INFO] - Checking response object

03-09-2024T18:15:49 - [MESSAGE][PASSED] - totalplay.Common.getDecimalValueofObject is PASSED

03-09-2024T18:15:49 - [TEST_STEP][PASSED] - totalplay.Common.getDecimalValueofObject(SetPayment_instruments, shipments_0_adjusted_shipping_total_tax): totalplay.Common.getDecimalValueofObject is PASSED

03-09-2024T18:15:49 - [MESSAGE][INFO] - Checking response object

03-09-2024T18:15:49 - [MESSAGE][PASSED] - totalplay.Common.getDecimalValueofObject is PASSED

03-09-2024T18:15:49 - [TEST_STEP][PASSED] - totalplay.Common.getBooleanValueofObject(SetPayment_instruments, shipments_0_gift): totalplay.Common.getBooleanValueofObject is PASSED

03-09-2024T18:15:49 - [MESSAGE][INFO] - Checking response object

03-09-2024T18:15:49 - [MESSAGE][PASSED] - totalplay.Common.getBooleanValueofObject is PASSED

03-09-2024T18:15:49 - [TEST_STEP][PASSED] - totalplay.Common.getDecimalValueofObject(SetPayment_instruments, shipments_0_merchandize_total_tax): totalplay.Common.getDecimalValueofObject is PASSED

03-09-2024T18:15:50 - [MESSAGE][INFO] - Checking response object

03-09-2024T18:15:50 - [MESSAGE][PASSED] - totalplay.Common.getDecimalValueofObject is PASSED

03-09-2024T18:15:50 - [TEST_STEP][PASSED] - totalplay.Common.getDecimalValueofObject(SetPayment_instruments, shipments_0_product_sub_total): totalplay.Common.getDecimalValueofObject is PASSED

03-09-2024T18:15:50 - [MESSAGE][INFO] - Checking response object

03-09-2024T18:15:50 - [MESSAGE][PASSED] - totalplay.Common.getDecimalValueofObject is PASSED

03-09-2024T18:15:50 - [TEST_STEP][PASSED] - totalplay.Common.getDecimalValueofObject(SetPayment_instruments, shipments_0_product_total): totalplay.Common.getDecimalValueofObject is PASSED

03-09-2024T18:15:50 - [MESSAGE][INFO] - Checking response object

03-09-2024T18:15:50 - [MESSAGE][PASSED] - totalplay.Common.getDecimalValueofObject is PASSED

03-09-2024T18:15:50 - [TEST_STEP][PASSED] - totalplay.Common.verifyPropertyExist(SetPayment_instruments, shipments_0_shipment_id): totalplay.Common.verifyPropertyExist is PASSED

03-09-2024T18:15:50 - [MESSAGE][INFO] - Checking response object

03-09-2024T18:15:50 - [MESSAGE][PASSED] - totalplay.Common.verifyPropertyExist is PASSED

03-09-2024T18:15:50 - [TEST_STEP][PASSED] - totalplay.Common.verifyPropertyValueExist(SetPayment_instruments, shipments_0_shipment_id): totalplay.Common.verifyPropertyValueExist is PASSED

03-09-2024T18:15:50 - [MESSAGE][INFO] - Checking response object

03-09-2024T18:15:50 - [MESSAGE][INFO] - me

03-09-2024T18:15:50 - [MESSAGE][PASSED] - totalplay.Common.verifyPropertyValueExist is PASSED

03-09-2024T18:15:50 - [TEST_STEP][PASSED] - totalplay.Common.getDecimalValueofObject(SetPayment_instruments, shipments_0_shipment_total): totalplay.Common.getDecimalValueofObject is PASSED

03-09-2024T18:15:50 - [MESSAGE][INFO] - Checking response object

03-09-2024T18:15:50 - [MESSAGE][PASSED] - totalplay.Common.getDecimalValueofObject is PASSED

03-09-2024T18:15:50 - [TEST_STEP][PASSED] - totalplay.Common.verifyPropertyExist(SetPayment_instruments, shipments_0_shipping_address__type): totalplay.Common.verifyPropertyExist is PASSED

03-09-2024T18:15:50 - [MESSAGE][INFO] - Checking response object

03-09-2024T18:15:50 - [MESSAGE][PASSED] - totalplay.Common.verifyPropertyExist is PASSED

03-09-2024T18:15:50 - [TEST_STEP][PASSED] - totalplay.Common.verifyPropertyValueExist(SetPayment_instruments, shipments_0_shipping_address__type): totalplay.Common.verifyPropertyValueExist is PASSED

03-09-2024T18:15:50 - [MESSAGE][INFO] - Checking response object

03-09-2024T18:15:50 - [MESSAGE][INFO] - order_address

03-09-2024T18:15:50 - [MESSAGE][PASSED] - totalplay.Common.verifyPropertyValueExist is PASSED

03-09-2024T18:15:50 - [TEST_STEP][PASSED] - totalplay.Common.verifyPropertyExist(SetPayment_instruments, shipments_0_shipping_address_address1): totalplay.Common.verifyPropertyExist is PASSED

03-09-2024T18:15:50 - [MESSAGE][INFO] - Checking response object

03-09-2024T18:15:50 - [MESSAGE][PASSED] - totalplay.Common.verifyPropertyExist is PASSED

03-09-2024T18:15:50 - [TEST_STEP][PASSED] - totalplay.Common.verifyPropertyValueExist(SetPayment_instruments, shipments_0_shipping_address_address1): totalplay.Common.verifyPropertyValueExist is PASSED

03-09-2024T18:15:50 - [MESSAGE][INFO] - Checking response object

03-09-2024T18:15:50 - [MESSAGE][INFO] - Alejandro Dumas

03-09-2024T18:15:50 - [MESSAGE][PASSED] - totalplay.Common.verifyPropertyValueExist is PASSED

03-09-2024T18:15:50 - [TEST_STEP][PASSED] - totalplay.Common.verifyPropertyExist(SetPayment_instruments, shipments_0_shipping_address_city): totalplay.Common.verifyPropertyExist is PASSED

03-09-2024T18:15:50 - [MESSAGE][INFO] - Checking response object

03-09-2024T18:15:50 - [MESSAGE][PASSED] - totalplay.Common.verifyPropertyExist is PASSED

03-09-2024T18:15:50 - [TEST_STEP][PASSED] - totalplay.Common.verifyPropertyValueExist(SetPayment_instruments, shipments_0_shipping_address_city): totalplay.Common.verifyPropertyValueExist is PASSED

03-09-2024T18:15:50 - [MESSAGE][INFO] - Checking response object

03-09-2024T18:15:50 - [MESSAGE][INFO] - Ciudad de Mexico

03-09-2024T18:15:50 - [MESSAGE][PASSED] - totalplay.Common.verifyPropertyValueExist is PASSED

03-09-2024T18:15:50 - [TEST_STEP][PASSED] - totalplay.Common.verifyPropertyExist(SetPayment_instruments, shipments_0_shipping_address_country_code): totalplay.Common.verifyPropertyExist is PASSED

03-09-2024T18:15:50 - [MESSAGE][INFO] - Checking response object

03-09-2024T18:15:50 - [MESSAGE][PASSED] - totalplay.Common.verifyPropertyExist is PASSED

03-09-2024T18:15:50 - [TEST_STEP][PASSED] - totalplay.Common.verifyPropertyValueExist(SetPayment_instruments, shipments_0_shipping_address_country_code): totalplay.Common.verifyPropertyValueExist is PASSED

03-09-2024T18:15:50 - [MESSAGE][INFO] - Checking response object

03-09-2024T18:15:50 - [MESSAGE][INFO] - MX

03-09-2024T18:15:50 - [MESSAGE][PASSED] - totalplay.Common.verifyPropertyValueExist is PASSED

03-09-2024T18:15:50 - [TEST_STEP][PASSED] - totalplay.Common.verifyPropertyExist(SetPayment_instruments, shipments_0_shipping_address_first_name): totalplay.Common.verifyPropertyExist is PASSED

03-09-2024T18:15:50 - [MESSAGE][INFO] - Checking response object

03-09-2024T18:15:50 - [MESSAGE][PASSED] - totalplay.Common.verifyPropertyExist is PASSED

03-09-2024T18:15:50 - [TEST_STEP][PASSED] - totalplay.Common.verifyPropertyValueExist(SetPayment_instruments, shipments_0_shipping_address_first_name): totalplay.Common.verifyPropertyValueExist is PASSED

03-09-2024T18:15:50 - [MESSAGE][INFO] - Checking response object

03-09-2024T18:15:50 - [MESSAGE][INFO] - CESAR

03-09-2024T18:15:50 - [MESSAGE][PASSED] - totalplay.Common.verifyPropertyValueExist is PASSED

03-09-2024T18:15:50 - [TEST_STEP][PASSED] - totalplay.Common.verifyPropertyExist(SetPayment_instruments, shipments_0_shipping_address_full_name): totalplay.Common.verifyPropertyExist is PASSED

03-09-2024T18:15:50 - [MESSAGE][INFO] - Checking response object

03-09-2024T18:15:50 - [MESSAGE][PASSED] - totalplay.Common.verifyPropertyExist is PASSED

03-09-2024T18:15:50 - [TEST_STEP][PASSED] - totalplay.Common.verifyPropertyValueExist(SetPayment_instruments, shipments_0_shipping_address_full_name): totalplay.Common.verifyPropertyValueExist is PASSED

03-09-2024T18:15:50 - [MESSAGE][INFO] - Checking response object

03-09-2024T18:15:50 - [MESSAGE][INFO] - CESAR GERARDO WALDO GONZALEZ

03-09-2024T18:15:50 - [MESSAGE][PASSED] - totalplay.Common.verifyPropertyValueExist is PASSED

03-09-2024T18:15:50 - [TEST_STEP][PASSED] - totalplay.Common.verifyPropertyExist(SetPayment_instruments, shipments_0_shipping_address_id): totalplay.Common.verifyPropertyExist is PASSED

03-09-2024T18:15:50 - [MESSAGE][INFO] - Checking response object

03-09-2024T18:15:50 - [MESSAGE][PASSED] - totalplay.Common.verifyPropertyExist is PASSED

03-09-2024T18:15:50 - [TEST_STEP][PASSED] - totalplay.Common.verifyPropertyValueExist(SetPayment_instruments, shipments_0_shipping_address_id): totalplay.Common.verifyPropertyValueExist is PASSED

03-09-2024T18:15:50 - [MESSAGE][INFO] - Checking response object

03-09-2024T18:15:50 - [MESSAGE][INFO] - a1b1a7704c352ce881b94d963f

03-09-2024T18:15:50 - [MESSAGE][PASSED] - totalplay.Common.verifyPropertyValueExist is PASSED

03-09-2024T18:15:50 - [TEST_STEP][PASSED] - totalplay.Common.verifyPropertyExist(SetPayment_instruments, shipments_0_shipping_address_last_name): totalplay.Common.verifyPropertyExist is PASSED

03-09-2024T18:15:50 - [MESSAGE][INFO] - Checking response object

03-09-2024T18:15:50 - [MESSAGE][PASSED] - totalplay.Common.verifyPropertyExist is PASSED

03-09-2024T18:15:50 - [TEST_STEP][PASSED] - totalplay.Common.verifyPropertyValueExist(SetPayment_instruments, shipments_0_shipping_address_last_name): totalplay.Common.verifyPropertyValueExist is PASSED

03-09-2024T18:15:50 - [MESSAGE][INFO] - Checking response object

03-09-2024T18:15:50 - [MESSAGE][INFO] - GERARDO WALDO GONZALEZ

03-09-2024T18:15:50 - [MESSAGE][PASSED] - totalplay.Common.verifyPropertyValueExist is PASSED

03-09-2024T18:15:50 - [TEST_STEP][PASSED] - totalplay.Common.verifyPropertyExist(SetPayment_instruments, shipments_0_shipping_address_phone): totalplay.Common.verifyPropertyExist is PASSED

03-09-2024T18:15:50 - [MESSAGE][INFO] - Checking response object

03-09-2024T18:15:50 - [MESSAGE][PASSED] - totalplay.Common.verifyPropertyExist is PASSED

03-09-2024T18:15:50 - [TEST_STEP][PASSED] - totalplay.Common.verifyPropertyValueExist(SetPayment_instruments, shipments_0_shipping_address_phone): totalplay.Common.verifyPropertyValueExist is PASSED

03-09-2024T18:15:50 - [MESSAGE][INFO] - Checking response object

03-09-2024T18:15:50 - [MESSAGE][INFO] - 5579660270

03-09-2024T18:15:50 - [MESSAGE][PASSED] - totalplay.Common.verifyPropertyValueExist is PASSED

03-09-2024T18:15:50 - [TEST_STEP][PASSED] - totalplay.Common.verifyPropertyExist(SetPayment_instruments, shipments_0_shipping_address_postal_code): totalplay.Common.verifyPropertyExist is PASSED

03-09-2024T18:15:50 - [MESSAGE][INFO] - Checking response object

03-09-2024T18:15:50 - [MESSAGE][PASSED] - totalplay.Common.verifyPropertyExist is PASSED

03-09-2024T18:15:50 - [TEST_STEP][PASSED] - totalplay.Common.verifyPropertyValueExist(SetPayment_instruments, shipments_0_shipping_address_postal_code): totalplay.Common.verifyPropertyValueExist is PASSED

03-09-2024T18:15:50 - [MESSAGE][INFO] - Checking response object

03-09-2024T18:15:51 - [MESSAGE][INFO] - 11500

03-09-2024T18:15:51 - [MESSAGE][PASSED] - totalplay.Common.verifyPropertyValueExist is PASSED

03-09-2024T18:15:51 - [TEST_STEP][PASSED] - totalplay.Common.verifyPropertyExist(SetPayment_instruments, shipments_0_shipping_address_c_alias): totalplay.Common.verifyPropertyExist is PASSED

03-09-2024T18:15:51 - [MESSAGE][INFO] - Checking response object

03-09-2024T18:15:51 - [MESSAGE][PASSED] - totalplay.Common.verifyPropertyExist is PASSED

03-09-2024T18:15:51 - [TEST_STEP][PASSED] - totalplay.Common.verifyPropertyValueExist(SetPayment_instruments, shipments_0_shipping_address_c_alias): totalplay.Common.verifyPropertyValueExist is PASSED

03-09-2024T18:15:51 - [MESSAGE][INFO] - Checking response object

03-09-2024T18:15:51 - [MESSAGE][INFO] - CasaWaldoP

03-09-2024T18:15:51 - [MESSAGE][PASSED] - totalplay.Common.verifyPropertyValueExist is PASSED

03-09-2024T18:15:51 - [TEST_STEP][PASSED] - totalplay.Common.verifyPropertyExist(SetPayment_instruments, shipments_0_shipping_address_c_delegation): totalplay.Common.verifyPropertyExist is PASSED

03-09-2024T18:15:51 - [MESSAGE][INFO] - Checking response object

03-09-2024T18:15:51 - [MESSAGE][PASSED] - totalplay.Common.verifyPropertyExist is PASSED

03-09-2024T18:15:51 - [TEST_STEP][PASSED] - totalplay.Common.verifyPropertyValueExist(SetPayment_instruments, shipments_0_shipping_address_c_delegation): totalplay.Common.verifyPropertyValueExist is PASSED

03-09-2024T18:15:51 - [MESSAGE][INFO] - Checking response object

03-09-2024T18:15:51 - [MESSAGE][INFO] - Miguel Hidalgo

03-09-2024T18:15:51 - [MESSAGE][PASSED] - totalplay.Common.verifyPropertyValueExist is PASSED

03-09-2024T18:15:51 - [TEST_STEP][PASSED] - totalplay.Common.verifyPropertyExist(SetPayment_instruments, shipments_0_shipping_address_c_label): totalplay.Common.verifyPropertyExist is PASSED

03-09-2024T18:15:51 - [MESSAGE][INFO] - Checking response object

03-09-2024T18:15:51 - [MESSAGE][PASSED] - totalplay.Common.verifyPropertyExist is PASSED

03-09-2024T18:15:51 - [TEST_STEP][PASSED] - totalplay.Common.verifyPropertyValueExist(SetPayment_instruments, shipments_0_shipping_address_c_label): totalplay.Common.verifyPropertyValueExist is PASSED

03-09-2024T18:15:51 - [MESSAGE][INFO] - Checking response object

03-09-2024T18:15:51 - [MESSAGE][INFO] - {"home":true,"company":false,"other":false}

03-09-2024T18:15:51 - [MESSAGE][PASSED] - totalplay.Common.verifyPropertyValueExist is PASSED

03-09-2024T18:15:51 - [TEST_STEP][PASSED] - totalplay.Common.verifyPropertyExist(SetPayment_instruments, shipments_0_shipping_address_c_latitude): totalplay.Common.verifyPropertyExist is PASSED

03-09-2024T18:15:51 - [MESSAGE][INFO] - Checking response object

03-09-2024T18:15:51 - [MESSAGE][PASSED] - totalplay.Common.verifyPropertyExist is PASSED

03-09-2024T18:15:51 - [TEST_STEP][PASSED] - totalplay.Common.verifyPropertyValueExist(SetPayment_instruments, shipments_0_shipping_address_c_latitude): totalplay.Common.verifyPropertyValueExist is PASSED

03-09-2024T18:15:51 - [MESSAGE][INFO] - Checking response object

03-09-2024T18:15:51 - [MESSAGE][INFO] - 19.439691

03-09-2024T18:15:51 - [MESSAGE][PASSED] - totalplay.Common.verifyPropertyValueExist is PASSED

03-09-2024T18:15:51 - [TEST_STEP][PASSED] - totalplay.Common.verifyPropertyExist(SetPayment_instruments, shipments_0_shipping_address_c_longitude): totalplay.Common.verifyPropertyExist is PASSED

03-09-2024T18:15:51 - [MESSAGE][INFO] - Checking response object

03-09-2024T18:15:51 - [MESSAGE][PASSED] - totalplay.Common.verifyPropertyExist is PASSED

03-09-2024T18:15:51 - [TEST_STEP][PASSED] - totalplay.Common.verifyPropertyValueExist(SetPayment_instruments, shipments_0_shipping_address_c_longitude): totalplay.Common.verifyPropertyValueExist is PASSED

03-09-2024T18:15:51 - [MESSAGE][INFO] - Checking response object

03-09-2024T18:15:51 - [MESSAGE][INFO] - -99.205670

03-09-2024T18:15:51 - [MESSAGE][PASSED] - totalplay.Common.verifyPropertyValueExist is PASSED

03-09-2024T18:15:51 - [TEST_STEP][PASSED] - totalplay.Common.verifyPropertyExist(SetPayment_instruments, shipments_0_shipping_address_c_nExt): totalplay.Common.verifyPropertyExist is PASSED

03-09-2024T18:15:51 - [MESSAGE][INFO] - Checking response object

03-09-2024T18:15:51 - [MESSAGE][PASSED] - totalplay.Common.verifyPropertyExist is PASSED

03-09-2024T18:15:51 - [TEST_STEP][PASSED] - totalplay.Common.verifyPropertyValueExist(SetPayment_instruments, shipments_0_shipping_address_c_nExt): totalplay.Common.verifyPropertyValueExist is PASSED

03-09-2024T18:15:51 - [MESSAGE][INFO] - Checking response object

03-09-2024T18:15:51 - [MESSAGE][INFO] - 107

03-09-2024T18:15:51 - [MESSAGE][PASSED] - totalplay.Common.verifyPropertyValueExist is PASSED

03-09-2024T18:15:51 - [TEST_STEP][PASSED] - totalplay.Common.verifyPropertyExist(SetPayment_instruments, shipments_0_shipping_address_c_neighborhood): totalplay.Common.verifyPropertyExist is PASSED

03-09-2024T18:15:51 - [MESSAGE][INFO] - Checking response object

03-09-2024T18:15:51 - [MESSAGE][PASSED] - totalplay.Common.verifyPropertyExist is PASSED

03-09-2024T18:15:51 - [TEST_STEP][PASSED] - totalplay.Common.verifyPropertyValueExist(SetPayment_instruments, shipments_0_shipping_address_c_neighborhood): totalplay.Common.verifyPropertyValueExist is PASSED

03-09-2024T18:15:51 - [MESSAGE][INFO] - Checking response object

03-09-2024T18:15:51 - [MESSAGE][INFO] - Polanco

03-09-2024T18:15:51 - [MESSAGE][PASSED] - totalplay.Common.verifyPropertyValueExist is PASSED

03-09-2024T18:15:51 - [TEST_STEP][PASSED] - totalplay.Common.verifyPropertyExist(SetPayment_instruments, shipments_0_shipping_address_c_references): totalplay.Common.verifyPropertyExist is PASSED

03-09-2024T18:15:51 - [MESSAGE][INFO] - Checking response object

03-09-2024T18:15:51 - [MESSAGE][PASSED] - totalplay.Common.verifyPropertyExist is PASSED

03-09-2024T18:15:51 - [TEST_STEP][PASSED] - totalplay.Common.verifyPropertyValueExist(SetPayment_instruments, shipments_0_shipping_address_c_references): totalplay.Common.verifyPropertyValueExist is PASSED

03-09-2024T18:15:51 - [MESSAGE][INFO] - Checking response object

03-09-2024T18:15:51 - [MESSAGE][INFO] - Llamar al llegar

03-09-2024T18:15:51 - [MESSAGE][PASSED] - totalplay.Common.verifyPropertyValueExist is PASSED

03-09-2024T18:15:51 - [TEST_STEP][PASSED] - totalplay.Common.verifyPropertyExist(SetPayment_instruments, shipments_0_shipping_address_c_rfc): totalplay.Common.verifyPropertyExist is PASSED

03-09-2024T18:15:51 - [MESSAGE][INFO] - Checking response object

03-09-2024T18:15:51 - [MESSAGE][PASSED] - totalplay.Common.verifyPropertyExist is PASSED

03-09-2024T18:15:51 - [TEST_STEP][PASSED] - totalplay.Common.verifyPropertyValueExist(SetPayment_instruments, shipments_0_shipping_address_c_rfc): totalplay.Common.verifyPropertyValueExist is PASSED

03-09-2024T18:15:51 - [MESSAGE][INFO] - Checking response object

03-09-2024T18:15:51 - [MESSAGE][INFO] - XAXA010101111

03-09-2024T18:15:51 - [MESSAGE][PASSED] - totalplay.Common.verifyPropertyValueExist is PASSED

03-09-2024T18:15:51 - [TEST_STEP][PASSED] - totalplay.Common.verifyPropertyExist(SetPayment_instruments, shipments_0_shipping_address_c_state): totalplay.Common.verifyPropertyExist is PASSED

03-09-2024T18:15:51 - [MESSAGE][INFO] - Checking response object

03-09-2024T18:15:51 - [MESSAGE][PASSED] - totalplay.Common.verifyPropertyExist is PASSED

03-09-2024T18:15:51 - [TEST_STEP][PASSED] - totalplay.Common.verifyPropertyValueExist(SetPayment_instruments, shipments_0_shipping_address_c_state): totalplay.Common.verifyPropertyValueExist is PASSED

03-09-2024T18:15:51 - [MESSAGE][INFO] - Checking response object

03-09-2024T18:15:51 - [MESSAGE][INFO] - CDMX

03-09-2024T18:15:51 - [MESSAGE][PASSED] - totalplay.Common.verifyPropertyValueExist is PASSED

03-09-2024T18:15:51 - [TEST_STEP][PASSED] - totalplay.Common.verifyPropertyExist(SetPayment_instruments, shipments_0_shipping_address_c_streetName): totalplay.Common.verifyPropertyExist is PASSED

03-09-2024T18:15:51 - [MESSAGE][INFO] - Checking response object

03-09-2024T18:15:51 - [MESSAGE][PASSED] - totalplay.Common.verifyPropertyExist is PASSED

03-09-2024T18:15:51 - [TEST_STEP][PASSED] - totalplay.Common.verifyPropertyValueExist(SetPayment_instruments, shipments_0_shipping_address_c_streetName): totalplay.Common.verifyPropertyValueExist is PASSED

03-09-2024T18:15:51 - [MESSAGE][INFO] - Checking response object

03-09-2024T18:15:51 - [MESSAGE][INFO] - Alejandro Dumas

03-09-2024T18:15:51 - [MESSAGE][PASSED] - totalplay.Common.verifyPropertyValueExist is PASSED

03-09-2024T18:15:51 - [TEST_STEP][PASSED] - totalplay.Common.verifyPropertyExist(SetPayment_instruments, shipments_0_shipping_method__type): totalplay.Common.verifyPropertyExist is PASSED

03-09-2024T18:15:51 - [MESSAGE][INFO] - Checking response object

03-09-2024T18:15:51 - [MESSAGE][PASSED] - totalplay.Common.verifyPropertyExist is PASSED

03-09-2024T18:15:51 - [TEST_STEP][PASSED] - totalplay.Common.verifyPropertyValueExist(SetPayment_instruments, shipments_0_shipping_method__type): totalplay.Common.verifyPropertyValueExist is PASSED

03-09-2024T18:15:51 - [MESSAGE][INFO] - Checking response object

03-09-2024T18:15:51 - [MESSAGE][INFO] - shipping_method

03-09-2024T18:15:51 - [MESSAGE][PASSED] - totalplay.Common.verifyPropertyValueExist is PASSED

03-09-2024T18:15:51 - [TEST_STEP][PASSED] - totalplay.Common.verifyPropertyExist(SetPayment_instruments, shipments_0_shipping_method_description): totalplay.Common.verifyPropertyExist is PASSED

03-09-2024T18:15:51 - [MESSAGE][INFO] - Checking response object

03-09-2024T18:15:52 - [MESSAGE][PASSED] - totalplay.Common.verifyPropertyExist is PASSED

03-09-2024T18:15:52 - [TEST_STEP][PASSED] - totalplay.Common.verifyPropertyValueExist(SetPayment_instruments, shipments_0_shipping_method_description): totalplay.Common.verifyPropertyValueExist is PASSED

03-09-2024T18:15:52 - [MESSAGE][INFO] - Checking response object

03-09-2024T18:15:52 - [MESSAGE][INFO] - pickup

03-09-2024T18:15:52 - [MESSAGE][PASSED] - totalplay.Common.verifyPropertyValueExist is PASSED

03-09-2024T18:15:52 - [TEST_STEP][PASSED] - totalplay.Common.verifyPropertyExist(SetPayment_instruments, shipments_0_shipping_method_name): totalplay.Common.verifyPropertyExist is PASSED

03-09-2024T18:15:52 - [MESSAGE][INFO] - Checking response object

03-09-2024T18:15:52 - [MESSAGE][PASSED] - totalplay.Common.verifyPropertyExist is PASSED

03-09-2024T18:15:52 - [TEST_STEP][PASSED] - totalplay.Common.verifyPropertyValueExist(SetPayment_instruments, shipments_0_shipping_method_name): totalplay.Common.verifyPropertyValueExist is PASSED

03-09-2024T18:15:52 - [MESSAGE][INFO] - Checking response object

03-09-2024T18:15:52 - [MESSAGE][INFO] - pickup

03-09-2024T18:15:52 - [MESSAGE][PASSED] - totalplay.Common.verifyPropertyValueExist is PASSED

03-09-2024T18:15:52 - [TEST_STEP][PASSED] - totalplay.Common.verifyPropertyExist(SetPayment_instruments, shipments_0_shipping_method_c_estimatedArrivalTime): totalplay.Common.verifyPropertyExist is PASSED

03-09-2024T18:15:52 - [MESSAGE][INFO] - Checking response object

03-09-2024T18:15:52 - [MESSAGE][PASSED] - totalplay.Common.verifyPropertyExist is PASSED

03-09-2024T18:15:52 - [TEST_STEP][PASSED] - totalplay.Common.verifyPropertyValueExist(SetPayment_instruments, shipments_0_shipping_method_c_estimatedArrivalTime): totalplay.Common.verifyPropertyValueExist is PASSED

03-09-2024T18:15:52 - [MESSAGE][INFO] - Checking response object

03-09-2024T18:15:52 - [MESSAGE][INFO] - 60 Mins

03-09-2024T18:15:52 - [MESSAGE][PASSED] - totalplay.Common.verifyPropertyValueExist is PASSED

03-09-2024T18:15:52 - [TEST_STEP][PASSED] - totalplay.Common.getBooleanValueofObject(SetPayment_instruments, shipments_0_shipping_method_c_storePickupEnabled): totalplay.Common.getBooleanValueofObject is PASSED

03-09-2024T18:15:52 - [MESSAGE][INFO] - Checking response object

03-09-2024T18:15:52 - [MESSAGE][PASSED] - totalplay.Common.getBooleanValueofObject is PASSED

03-09-2024T18:15:52 - [TEST_STEP][PASSED] - totalplay.Common.verifyPropertyExist(SetPayment_instruments, shipments_0_shipping_status): totalplay.Common.verifyPropertyExist is PASSED

03-09-2024T18:15:52 - [MESSAGE][INFO] - Checking response object

03-09-2024T18:15:52 - [MESSAGE][PASSED] - totalplay.Common.verifyPropertyExist is PASSED

03-09-2024T18:15:52 - [TEST_STEP][PASSED] - totalplay.Common.verifyPropertyValueExist(SetPayment_instruments, shipments_0_shipping_status): totalplay.Common.verifyPropertyValueExist is PASSED

03-09-2024T18:15:52 - [MESSAGE][INFO] - Checking response object

03-09-2024T18:15:52 - [MESSAGE][INFO] - not_shipped

03-09-2024T18:15:52 - [MESSAGE][PASSED] - totalplay.Common.verifyPropertyValueExist is PASSED

03-09-2024T18:15:52 - [TEST_STEP][PASSED] - totalplay.Common.getDecimalValueofObject(SetPayment_instruments, shipments_0_shipping_total): totalplay.Common.getDecimalValueofObject is PASSED

03-09-2024T18:15:52 - [MESSAGE][INFO] - Checking response object

03-09-2024T18:15:52 - [MESSAGE][PASSED] - totalplay.Common.getDecimalValueofObject is PASSED

03-09-2024T18:15:52 - [TEST_STEP][PASSED] - totalplay.Common.getDecimalValueofObject(SetPayment_instruments, shipments_0_shipping_total_tax): totalplay.Common.getDecimalValueofObject is PASSED

03-09-2024T18:15:52 - [MESSAGE][INFO] - Checking response object

03-09-2024T18:15:52 - [MESSAGE][PASSED] - totalplay.Common.getDecimalValueofObject is PASSED

03-09-2024T18:15:52 - [TEST_STEP][PASSED] - totalplay.Common.verifyPropertyExist(SetPayment_instruments, c_seller_id): totalplay.Common.verifyPropertyExist is PASSED

03-09-2024T18:15:52 - [MESSAGE][INFO] - Checking response object

03-09-2024T18:15:52 - [MESSAGE][PASSED] - totalplay.Common.verifyPropertyExist is PASSED

03-09-2024T18:15:52 - [TEST_STEP][PASSED] - totalplay.Common.verifyPropertyValueExist(SetPayment_instruments, c_seller_id): totalplay.Common.verifyPropertyValueExist is PASSED

03-09-2024T18:15:52 - [MESSAGE][INFO] - Checking response object

03-09-2024T18:15:52 - [MESSAGE][INFO] - 4158

03-09-2024T18:15:52 - [MESSAGE][PASSED] - totalplay.Common.verifyPropertyValueExist is PASSED

03-09-2024T18:15:52 - [TEST_STEP][PASSED] - totalplay.Common.getDecimalValueofObject(SetPayment_instruments, c_serviceChargeTotalGrossPrice): totalplay.Common.getDecimalValueofObject is PASSED

03-09-2024T18:15:52 - [MESSAGE][INFO] - Checking response object

03-09-2024T18:15:52 - [MESSAGE][PASSED] - totalplay.Common.getDecimalValueofObject is PASSED

03-09-2024T18:15:52 - [TEST_STEP][PASSED] - totalplay.Common.verifyPropertyExist(SetPayment_instruments, c_formatedOrderTotal): totalplay.Common.verifyPropertyExist is PASSED

03-09-2024T18:15:52 - [MESSAGE][INFO] - Checking response object

03-09-2024T18:15:52 - [MESSAGE][PASSED] - totalplay.Common.verifyPropertyExist is PASSED

03-09-2024T18:15:52 - [TEST_STEP][PASSED] - totalplay.Common.verifyPropertyValueExist(SetPayment_instruments, c_formatedOrderTotal): totalplay.Common.verifyPropertyValueExist is PASSED

03-09-2024T18:15:52 - [MESSAGE][INFO] - Checking response object

03-09-2024T18:15:52 - [MESSAGE][INFO] - $245.36

03-09-2024T18:15:52 - [MESSAGE][PASSED] - totalplay.Common.verifyPropertyValueExist is PASSED

03-09-2024T18:15:52 - [TEST_STEP][PASSED] - totalplay.Common.verifyPropertyExist(SetPayment_instruments, c_formatedProductTotal): totalplay.Common.verifyPropertyExist is PASSED

03-09-2024T18:15:52 - [MESSAGE][INFO] - Checking response object

03-09-2024T18:15:52 - [MESSAGE][PASSED] - totalplay.Common.verifyPropertyExist is PASSED

03-09-2024T18:15:52 - [TEST_STEP][PASSED] - totalplay.Common.verifyPropertyValueExist(SetPayment_instruments, c_formatedProductTotal): totalplay.Common.verifyPropertyValueExist is PASSED

03-09-2024T18:15:52 - [MESSAGE][INFO] - Checking response object

03-09-2024T18:15:52 - [MESSAGE][INFO] - $192.00

03-09-2024T18:15:52 - [MESSAGE][PASSED] - totalplay.Common.verifyPropertyValueExist is PASSED]]></system-out>
         <system-err><![CDATA[]]></system-err>
      </testcase>
      <testcase name="Test Cases/TotalPlay-Food/TC_19_Set Payment instruments - Credit Card" time="20.012" classname="Test Cases/TotalPlay-Food/TC_19_Set Payment instruments - Credit Card" status="PASSED">
         <system-out><![CDATA[03-09-2024T18:15:52 - [TEST_CASE][PASSED] - Test Cases/TotalPlay-Food/TC_19_Set Payment instruments - Credit Card: Test Cases/TotalPlay-Food/TC_19_Set Payment instruments - Credit Card

03-09-2024T18:15:55 - [TEST_STEP][PASSED] - callTestCase(findTestCase("TotalPlay-Food/TC_1_Login_Service"), [:], STOP_ON_FAILURE): Call Test Case 'Test Cases/TotalPlay-Food/TC_1_Login_Service' successfully

03-09-2024T18:15:55 - [MESSAGE][INFO] - Checking called Test Case

03-09-2024T18:15:55 - [MESSAGE][INFO] - Starting to call Test Case 'Test Cases/TotalPlay-Food/TC_1_Login_Service'

03-09-2024T18:15:55 - [TEST_CASE][PASSED] - Test Cases/TotalPlay-Food/TC_1_Login_Service: Test Cases/TotalPlay-Food/TC_1_Login_Service

03-09-2024T18:15:55 - [TEST_STEP][PASSED] - LoginResponse = sendRequest(findTestObject("TotalPlay-Food/getTokenDelivery", ["URL":URL])): Send request successfully

03-09-2024T18:15:55 - [MESSAGE][INFO] - Finding Test Object 'Object Repository/TotalPlay-Food/getTokenDelivery'

03-09-2024T18:15:55 - [MESSAGE][INFO] - Checking request object

03-09-2024T18:15:58 - [MESSAGE][INFO] - HAR: C:\Users\ShubhamKumarThakur\OneDrive - Kognivera\Documents\TotalPlay\totalplay-automation\Reports\20240903_181332\Food_Service_Normal_Flow_PlaceOrder\20240903_181332\requests\main\24.har

03-09-2024T18:15:58 - [MESSAGE][PASSED] - Send request successfully

03-09-2024T18:15:58 - [TEST_STEP][PASSED] - assert getResponseStatusCode(LoginResponse) == 200: Checking response object

03-09-2024T18:15:58 - [MESSAGE][INFO] - Checking response object

03-09-2024T18:15:58 - [TEST_STEP][PASSED] - Auth = "ocapiResponse.access_token": null

03-09-2024T18:15:58 - [TEST_STEP][PASSED] - FoodBascketId = "ocapiResponse.c_basketId_TP_FOOD": null

03-09-2024T18:15:58 - [TEST_STEP][PASSED] - FoodBasId = getElementPropertyValue(LoginResponse, FoodBascketId): Checking response object

03-09-2024T18:15:58 - [MESSAGE][INFO] - Checking response object

03-09-2024T18:15:58 - [TEST_STEP][PASSED] - sfccAuthorization = getElementPropertyValue(LoginResponse, Auth): Checking response object

03-09-2024T18:15:58 - [MESSAGE][INFO] - Checking response object

03-09-2024T18:15:58 - [TEST_STEP][PASSED] - Authorization = "Bearer " + sfccAuthorization: null

03-09-2024T18:15:58 - [TEST_STEP][PASSED] - FoodBasketId = FoodBasId: null

03-09-2024T18:15:58 - [TEST_STEP][PASSED] - logInfo(bm_auth_token): 

03-09-2024T18:15:58 - [MESSAGE][INFO] - 

03-09-2024T18:15:58 - [TEST_STEP][PASSED] - if (sfccAuthorization.length() == 0): null

03-09-2024T18:15:58 - [TEST_STEP][PASSED] - else: authorization generated

03-09-2024T18:15:58 - [TEST_STEP][PASSED] - markPassed("authorization generated"): authorization generated

03-09-2024T18:15:58 - [MESSAGE][PASSED] - authorization generated

03-09-2024T18:15:58 - [TEST_STEP][PASSED] - BasketId_loginResponse = "ocapiResponse.c_basketId": null

03-09-2024T18:15:58 - [TEST_STEP][PASSED] - CustomerId_loginResponse = "ocapiResponse.customer_id": null

03-09-2024T18:15:58 - [TEST_STEP][PASSED] - basketId = getElementPropertyValue(LoginResponse, BasketId_loginResponse): Checking response object

03-09-2024T18:15:58 - [MESSAGE][INFO] - Checking response object

03-09-2024T18:15:58 - [TEST_STEP][PASSED] - customerId = getElementPropertyValue(LoginResponse, CustomerId_loginResponse): Checking response object

03-09-2024T18:15:58 - [MESSAGE][INFO] - Checking response object

03-09-2024T18:15:58 - [TEST_STEP][PASSED] - basketID = basketId: null

03-09-2024T18:15:58 - [TEST_STEP][PASSED] - sla_customerId = customerId: null

03-09-2024T18:15:58 - [TEST_STEP][PASSED] - println(basketID): null

03-09-2024T18:15:58 - [TEST_STEP][PASSED] - println(sla_customerId): null

03-09-2024T18:15:58 - [TEST_STEP][PASSED] - refresh_token = "ocapiResponse.refresh_token": null

03-09-2024T18:15:58 - [TEST_STEP][PASSED] - customer_email = "ocapiResponse.customer_email": null

03-09-2024T18:15:58 - [TEST_STEP][PASSED] - c_brmId = "ocapiResponse.c_brmId": null

03-09-2024T18:15:58 - [TEST_STEP][PASSED] - customer_name = "ocapiResponse.customer_name": null

03-09-2024T18:15:58 - [TEST_STEP][PASSED] - totalplay.Common.verifyPropertyExist(LoginResponse, refresh_token): totalplay.Common.verifyPropertyExist is PASSED

03-09-2024T18:15:58 - [MESSAGE][INFO] - Checking response object

03-09-2024T18:15:58 - [MESSAGE][PASSED] - totalplay.Common.verifyPropertyExist is PASSED

03-09-2024T18:15:58 - [TEST_STEP][PASSED] - totalplay.Common.verifyPropertyValueExist(LoginResponse, refresh_token): totalplay.Common.verifyPropertyValueExist is PASSED

03-09-2024T18:15:58 - [MESSAGE][INFO] - Checking response object

03-09-2024T18:15:58 - [MESSAGE][INFO] - ELBcqh0GPEOOQCEyN-WOo57KQGUxTk_sNwfHdsuHUhw

03-09-2024T18:15:58 - [MESSAGE][PASSED] - totalplay.Common.verifyPropertyValueExist is PASSED

03-09-2024T18:15:58 - [TEST_STEP][PASSED] - totalplay.Common.verifyPropertyExist(LoginResponse, customer_email): totalplay.Common.verifyPropertyExist is PASSED

03-09-2024T18:15:58 - [MESSAGE][INFO] - Checking response object

03-09-2024T18:15:58 - [MESSAGE][PASSED] - totalplay.Common.verifyPropertyExist is PASSED

03-09-2024T18:15:58 - [TEST_STEP][PASSED] - totalplay.Common.verifyPropertyValueExist(LoginResponse, customer_email): totalplay.Common.verifyPropertyValueExist is PASSED

03-09-2024T18:15:58 - [MESSAGE][INFO] - Checking response object

03-09-2024T18:15:58 - [MESSAGE][INFO] - cesar.waldo93@gmail.com

03-09-2024T18:15:58 - [MESSAGE][PASSED] - totalplay.Common.verifyPropertyValueExist is PASSED

03-09-2024T18:15:58 - [TEST_STEP][PASSED] - totalplay.Common.verifyPropertyExist(LoginResponse, customer_name): totalplay.Common.verifyPropertyExist is PASSED

03-09-2024T18:15:58 - [MESSAGE][INFO] - Checking response object

03-09-2024T18:15:58 - [MESSAGE][PASSED] - totalplay.Common.verifyPropertyExist is PASSED

03-09-2024T18:15:58 - [TEST_STEP][PASSED] - totalplay.Common.verifyPropertyValueExist(LoginResponse, customer_name): totalplay.Common.verifyPropertyValueExist is PASSED

03-09-2024T18:15:58 - [MESSAGE][INFO] - Checking response object

03-09-2024T18:15:58 - [MESSAGE][INFO] - CESAR GERARDO WALDO GONZALEZ

03-09-2024T18:15:58 - [MESSAGE][PASSED] - totalplay.Common.verifyPropertyValueExist is PASSED

03-09-2024T18:15:58 - [TEST_STEP][PASSED] - totalplay.Common.verifyPropertyExist(LoginResponse, c_brmId): totalplay.Common.verifyPropertyExist is PASSED

03-09-2024T18:15:58 - [MESSAGE][INFO] - Checking response object

03-09-2024T18:15:58 - [MESSAGE][PASSED] - totalplay.Common.verifyPropertyExist is PASSED

03-09-2024T18:15:58 - [TEST_STEP][PASSED] - totalplay.Common.verifyPropertyValueExist(LoginResponse, c_brmId): totalplay.Common.verifyPropertyValueExist is PASSED

03-09-2024T18:15:58 - [MESSAGE][INFO] - Checking response object

03-09-2024T18:15:58 - [MESSAGE][INFO] - 0106378356

03-09-2024T18:15:58 - [MESSAGE][PASSED] - totalplay.Common.verifyPropertyValueExist is PASSED

03-09-2024T18:15:58 - [MESSAGE][PASSED] - Call Test Case 'Test Cases/TotalPlay-Food/TC_1_Login_Service' successfully

03-09-2024T18:15:58 - [TEST_STEP][PASSED] - AddProductbasket = sendRequest(findTestObject("TotalPlay-Food/AddProductToBasket", ["URL":URL, "basketID":basketID])): Send request successfully

03-09-2024T18:15:58 - [MESSAGE][INFO] - Finding Test Object 'Object Repository/TotalPlay-Food/AddProductToBasket'

03-09-2024T18:15:59 - [MESSAGE][INFO] - Checking request object

03-09-2024T18:16:00 - [MESSAGE][INFO] - HAR: C:\Users\ShubhamKumarThakur\OneDrive - Kognivera\Documents\TotalPlay\totalplay-automation\Reports\20240903_181332\Food_Service_Normal_Flow_PlaceOrder\20240903_181332\requests\main\25.har

03-09-2024T18:16:00 - [MESSAGE][PASSED] - Send request successfully

03-09-2024T18:16:00 - [TEST_STEP][PASSED] - verifyResponseStatusCode(AddProductbasket, 200): Verify response status code successfully

03-09-2024T18:16:00 - [MESSAGE][INFO] - Checking response object

03-09-2024T18:16:00 - [MESSAGE][PASSED] - Verify response status code successfully

03-09-2024T18:16:00 - [TEST_STEP][PASSED] - getAddress = sendRequest(findTestObject("TotalPlay-Food/GetAddresses", ["URL":URL, "sla_customerId":sla_customerId, "shop_auth_token":shop_auth_token])): Send request successfully

03-09-2024T18:16:00 - [MESSAGE][INFO] - Finding Test Object 'Object Repository/TotalPlay-Food/GetAddresses'

03-09-2024T18:16:01 - [MESSAGE][INFO] - Checking request object

03-09-2024T18:16:01 - [MESSAGE][INFO] - HAR: C:\Users\ShubhamKumarThakur\OneDrive - Kognivera\Documents\TotalPlay\totalplay-automation\Reports\20240903_181332\Food_Service_Normal_Flow_PlaceOrder\20240903_181332\requests\main\26.har

03-09-2024T18:16:01 - [MESSAGE][PASSED] - Send request successfully

03-09-2024T18:16:01 - [TEST_STEP][PASSED] - verifyResponseStatusCode(getAddress, 200): Verify response status code successfully

03-09-2024T18:16:01 - [MESSAGE][INFO] - Checking response object

03-09-2024T18:16:01 - [MESSAGE][PASSED] - Verify response status code successfully

03-09-2024T18:16:01 - [TEST_STEP][PASSED] - AddAddressToCart = sendRequest(findTestObject("TotalPlay-Food/add address to cart", ["URL":URL, "basketID":basketID])): Send request successfully

03-09-2024T18:16:01 - [MESSAGE][INFO] - Finding Test Object 'Object Repository/TotalPlay-Food/add address to cart'

03-09-2024T18:16:01 - [MESSAGE][INFO] - Checking request object

03-09-2024T18:16:03 - [MESSAGE][INFO] - HAR: C:\Users\ShubhamKumarThakur\OneDrive - Kognivera\Documents\TotalPlay\totalplay-automation\Reports\20240903_181332\Food_Service_Normal_Flow_PlaceOrder\20240903_181332\requests\main\27.har

03-09-2024T18:16:03 - [MESSAGE][PASSED] - Send request successfully

03-09-2024T18:16:03 - [TEST_STEP][PASSED] - verifyResponseStatusCode(AddAddressToCart, 200): Verify response status code successfully

03-09-2024T18:16:03 - [MESSAGE][INFO] - Checking response object

03-09-2024T18:16:03 - [MESSAGE][PASSED] - Verify response status code successfully

03-09-2024T18:16:03 - [TEST_STEP][PASSED] - SetPayment_instruments = sendRequest(findTestObject("TotalPlay-Food/SetPayment_instruments - Credit Card", ["URL":URL, "basketID":basketID, "shop_auth_token":shop_auth_token, "orderTotal":orderTotal])): Send request successfully

03-09-2024T18:16:03 - [MESSAGE][INFO] - Finding Test Object 'Object Repository/TotalPlay-Food/SetPayment_instruments - Credit Card'

03-09-2024T18:16:03 - [MESSAGE][INFO] - Checking request object

03-09-2024T18:16:04 - [MESSAGE][INFO] - HAR: C:\Users\ShubhamKumarThakur\OneDrive - Kognivera\Documents\TotalPlay\totalplay-automation\Reports\20240903_181332\Food_Service_Normal_Flow_PlaceOrder\20240903_181332\requests\main\28.har

03-09-2024T18:16:04 - [MESSAGE][PASSED] - Send request successfully

03-09-2024T18:16:04 - [TEST_STEP][PASSED] - verifyResponseStatusCode(SetPayment_instruments, 200): Verify response status code successfully

03-09-2024T18:16:04 - [MESSAGE][INFO] - Checking response object

03-09-2024T18:16:04 - [MESSAGE][PASSED] - Verify response status code successfully

03-09-2024T18:16:04 - [TEST_STEP][PASSED] - _v = "_v": null

03-09-2024T18:16:04 - [TEST_STEP][PASSED] - _type = "_type": null

03-09-2024T18:16:04 - [TEST_STEP][PASSED] - _resource_state = "_resource_state": null

03-09-2024T18:16:04 - [TEST_STEP][PASSED] - adjusted_merchandize_total_tax = "adjusted_merchandize_total_tax": null

03-09-2024T18:16:04 - [TEST_STEP][PASSED] - adjusted_shipping_total_tax = "adjusted_shipping_total_tax": null

03-09-2024T18:16:04 - [TEST_STEP][PASSED] - agent_basket = "agent_basket": null

03-09-2024T18:16:04 - [TEST_STEP][PASSED] - basket_id = "basket_id": null

03-09-2024T18:16:04 - [TEST_STEP][PASSED] - billing_address__type = "billing_address._type": null

03-09-2024T18:16:04 - [TEST_STEP][PASSED] - billing_address_address1 = "billing_address.address1": null

03-09-2024T18:16:04 - [TEST_STEP][PASSED] - billing_address_city = "billing_address.city": null

03-09-2024T18:16:04 - [TEST_STEP][PASSED] - billing_address_country_code = "billing_address.country_code": null

03-09-2024T18:16:04 - [TEST_STEP][PASSED] - billing_address_first_name = "billing_address.first_name": null

03-09-2024T18:16:04 - [TEST_STEP][PASSED] - billing_address_full_name = "billing_address.full_name": null

03-09-2024T18:16:04 - [TEST_STEP][PASSED] - billing_address_id = "billing_address.id": null

03-09-2024T18:16:04 - [TEST_STEP][PASSED] - billing_address_last_name = "billing_address.last_name": null

03-09-2024T18:16:04 - [TEST_STEP][PASSED] - billing_address_phone = "billing_address.phone": null

03-09-2024T18:16:04 - [TEST_STEP][PASSED] - billing_address_postal_code = "billing_address.postal_code": null

03-09-2024T18:16:04 - [TEST_STEP][PASSED] - billing_address_c_alias = "billing_address.c_alias": null

03-09-2024T18:16:04 - [TEST_STEP][PASSED] - billing_address_c_delegation = "billing_address.c_delegation": null

03-09-2024T18:16:04 - [TEST_STEP][PASSED] - billing_address_c_label = "billing_address.c_label": null

03-09-2024T18:16:04 - [TEST_STEP][PASSED] - billing_address_c_latitude = "billing_address.c_latitude": null

03-09-2024T18:16:04 - [TEST_STEP][PASSED] - billing_address_c_longitude = "billing_address.c_longitude": null

03-09-2024T18:16:04 - [TEST_STEP][PASSED] - billing_address_c_nExt = "billing_address.c_nExt": null

03-09-2024T18:16:04 - [TEST_STEP][PASSED] - billing_address_c_neighborhood = "billing_address.c_neighborhood": null

03-09-2024T18:16:04 - [TEST_STEP][PASSED] - billing_address_c_references = "billing_address.c_references": null

03-09-2024T18:16:04 - [TEST_STEP][PASSED] - billing_address_c_rfc = "billing_address.c_rfc": null

03-09-2024T18:16:04 - [TEST_STEP][PASSED] - billing_address_c_state = "billing_address.c_state": null

03-09-2024T18:16:04 - [TEST_STEP][PASSED] - billing_address_c_streetName = "billing_address.c_streetName": null

03-09-2024T18:16:04 - [TEST_STEP][PASSED] - channel_type = "channel_type": null

03-09-2024T18:16:04 - [TEST_STEP][PASSED] - creation_date = "creation_date": null

03-09-2024T18:16:04 - [TEST_STEP][PASSED] - currency = "currency": null

03-09-2024T18:16:04 - [TEST_STEP][PASSED] - customer_info__type = "customer_info._type": null

03-09-2024T18:16:04 - [TEST_STEP][PASSED] - customer_info_customer_id = "customer_info.customer_id": null

03-09-2024T18:16:04 - [TEST_STEP][PASSED] - customer_info_customer_no = "customer_info.customer_no": null

03-09-2024T18:16:04 - [TEST_STEP][PASSED] - customer_info_email = "customer_info.email": null

03-09-2024T18:16:04 - [TEST_STEP][PASSED] - last_modified = "last_modified": null

03-09-2024T18:16:04 - [TEST_STEP][PASSED] - merchandize_total_tax = "merchandize_total_tax": null

03-09-2024T18:16:04 - [TEST_STEP][PASSED] - notes__type = "notes._type": null

03-09-2024T18:16:04 - [TEST_STEP][PASSED] - notes_link = "notes.link": null

03-09-2024T18:16:04 - [TEST_STEP][PASSED] - order_total = "order_total": null

03-09-2024T18:16:04 - [TEST_STEP][PASSED] - payment_instruments_0__type = "payment_instruments[0]._type": null

03-09-2024T18:16:04 - [TEST_STEP][PASSED] - payment_instruments_0_amount = "payment_instruments[0].amount": null

03-09-2024T18:16:04 - [TEST_STEP][PASSED] - payment_instruments_0_payment_card__type = "payment_instruments[0].payment_card._type": null

03-09-2024T18:16:04 - [TEST_STEP][PASSED] - payment_instruments_0_payment_card_card_type = "payment_instruments[0].payment_card.card_type": null

03-09-2024T18:16:04 - [TEST_STEP][PASSED] - payment_instruments_0_payment_card_credit_card_expired = "payment_instruments[0].payment_card.credit_card_expired": null

03-09-2024T18:16:04 - [TEST_STEP][PASSED] - payment_instruments_0_payment_card_expiration_month = "payment_instruments[0].payment_card.expiration_month": null

03-09-2024T18:16:04 - [TEST_STEP][PASSED] - payment_instruments_0_payment_card_expiration_year = "payment_instruments[0].payment_card.expiration_year": null

03-09-2024T18:16:04 - [TEST_STEP][PASSED] - payment_instruments_0_payment_card_holder = "payment_instruments[0].payment_card.holder": null

03-09-2024T18:16:04 - [TEST_STEP][PASSED] - payment_instruments_0_payment_instrument_id = "payment_instruments[0].payment_instrument_id": null

03-09-2024T18:16:04 - [TEST_STEP][PASSED] - payment_instruments_0_payment_method_id = "payment_instruments[0].payment_method_id": null

03-09-2024T18:16:04 - [TEST_STEP][PASSED] - product_items_0__type = "product_items[0]._type": null

03-09-2024T18:16:04 - [TEST_STEP][PASSED] - product_items_0_adjusted_tax = "product_items[0].adjusted_tax": null

03-09-2024T18:16:04 - [TEST_STEP][PASSED] - product_items_0_base_price = "product_items[0].base_price": null

03-09-2024T18:16:04 - [TEST_STEP][PASSED] - product_items_0_bonus_product_line_item = "product_items[0].bonus_product_line_item": null

03-09-2024T18:16:04 - [TEST_STEP][PASSED] - product_items_0_gift = "product_items[0].gift": null

03-09-2024T18:16:04 - [TEST_STEP][PASSED] - product_items_0_inventory_id = "product_items[0].inventory_id": null

03-09-2024T18:16:04 - [TEST_STEP][PASSED] - product_items_0_item_id = "product_items[0].item_id": null

03-09-2024T18:16:04 - [TEST_STEP][PASSED] - product_items_0_item_text = "product_items[0].item_text": null

03-09-2024T18:16:04 - [TEST_STEP][PASSED] - product_items_0_price = "product_items[0].price": null

03-09-2024T18:16:04 - [TEST_STEP][PASSED] - product_items_0_price_after_item_discount = "product_items[0].price_after_item_discount": null

03-09-2024T18:16:04 - [TEST_STEP][PASSED] - product_items_0_price_after_order_discount = "product_items[0].price_after_order_discount": null

03-09-2024T18:16:04 - [TEST_STEP][PASSED] - product_items_0_product_id = "product_items[0].product_id": null

03-09-2024T18:16:04 - [TEST_STEP][PASSED] - product_items_0_product_name = "product_items[0].product_name": null

03-09-2024T18:16:04 - [TEST_STEP][PASSED] - product_items_0_quantity = "product_items[0].quantity": null

03-09-2024T18:16:04 - [TEST_STEP][PASSED] - product_items_0_tax = "product_items[0].tax": null

03-09-2024T18:16:04 - [TEST_STEP][PASSED] - product_items_0_tax_basis = "product_items[0].tax_basis": null

03-09-2024T18:16:04 - [TEST_STEP][PASSED] - product_items_0_tax_class_id = "product_items[0].tax_class_id": null

03-09-2024T18:16:04 - [TEST_STEP][PASSED] - product_items_0_tax_rate = "product_items[0].tax_rate": null

03-09-2024T18:16:04 - [TEST_STEP][PASSED] - product_items_0_c_fromStoreId = "product_items[0].c_fromStoreId": null

03-09-2024T18:16:04 - [TEST_STEP][PASSED] - product_items_0_c_miraklChannels = "product_items[0].c_miraklChannels": null

03-09-2024T18:16:04 - [TEST_STEP][PASSED] - product_items_0_c_miraklEarliestDeliveryDays = "product_items[0].c_miraklEarliestDeliveryDays": null

03-09-2024T18:16:04 - [TEST_STEP][PASSED] - product_items_0_c_miraklLatestDeliveryDays = "product_items[0].c_miraklLatestDeliveryDays": null

03-09-2024T18:16:04 - [TEST_STEP][PASSED] - product_items_0_c_miraklLeadTimeToShip = "product_items[0].c_miraklLeadTimeToShip": null

03-09-2024T18:16:04 - [TEST_STEP][PASSED] - product_items_0_c_miraklLineShippingPrice = "product_items[0].c_miraklLineShippingPrice": null

03-09-2024T18:16:04 - [TEST_STEP][PASSED] - product_items_0_c_miraklOperatorProductId = "product_items[0].c_miraklOperatorProductId": null

03-09-2024T18:16:04 - [TEST_STEP][PASSED] - product_items_0_c_miraklShippingTaxes = "product_items[0].c_miraklShippingTaxes": null

03-09-2024T18:16:04 - [TEST_STEP][PASSED] - product_items_0_c_miraklTaxes = "product_items[0].c_miraklTaxes": null

03-09-2024T18:16:04 - [TEST_STEP][PASSED] - product_items_0_c_noOfPersons = "product_items[0].c_noOfPersons": null

03-09-2024T18:16:04 - [TEST_STEP][PASSED] - product_items_0_c_offerId = "product_items[0].c_offerId": null

03-09-2024T18:16:04 - [TEST_STEP][PASSED] - product_items_0_c_offerSalesPrice = "product_items[0].c_offerSalesPrice": null

03-09-2024T18:16:04 - [TEST_STEP][PASSED] - product_items_0_c_offerState = "product_items[0].c_offerState": null

03-09-2024T18:16:04 - [TEST_STEP][PASSED] - product_items_0_c_offerStateCode = "product_items[0].c_offerStateCode": null

03-09-2024T18:16:04 - [TEST_STEP][PASSED] - product_items_0_c_shopId = "product_items[0].c_shopId": null

03-09-2024T18:16:04 - [TEST_STEP][PASSED] - product_items_0_c_shopName = "product_items[0].c_shopName": null

03-09-2024T18:16:04 - [TEST_STEP][PASSED] - product_items_0_c_total_crossed_price = "product_items[0].c_total_crossed_price": null

03-09-2024T18:16:04 - [TEST_STEP][PASSED] - product_items_0_c_priceWithComplement = "product_items[0].c_priceWithComplement": null

03-09-2024T18:16:04 - [TEST_STEP][PASSED] - product_sub_total = "product_sub_total": null

03-09-2024T18:16:04 - [TEST_STEP][PASSED] - product_total = "product_total": null

03-09-2024T18:16:04 - [TEST_STEP][PASSED] - shipments_0__type = "shipments[0]._type": null

03-09-2024T18:16:04 - [TEST_STEP][PASSED] - shipments_0_adjusted_merchandize_total_tax = "shipments[0].adjusted_merchandize_total_tax": null

03-09-2024T18:16:04 - [TEST_STEP][PASSED] - shipments_0_adjusted_shipping_total_tax = "shipments[0].adjusted_shipping_total_tax": null

03-09-2024T18:16:04 - [TEST_STEP][PASSED] - shipments_0_gift = "shipments[0].gift": null

03-09-2024T18:16:04 - [TEST_STEP][PASSED] - shipments_0_merchandize_total_tax = "shipments[0].merchandize_total_tax": null

03-09-2024T18:16:04 - [TEST_STEP][PASSED] - shipments_0_product_sub_total = "shipments[0].product_sub_total": null

03-09-2024T18:16:04 - [TEST_STEP][PASSED] - shipments_0_product_total = "shipments[0].product_total": null

03-09-2024T18:16:04 - [TEST_STEP][PASSED] - shipments_0_shipment_id = "shipments[0].shipment_id": null

03-09-2024T18:16:04 - [TEST_STEP][PASSED] - shipments_0_shipment_total = "shipments[0].shipment_total": null

03-09-2024T18:16:04 - [TEST_STEP][PASSED] - shipments_0_shipping_address__type = "shipments[0].shipping_address._type": null

03-09-2024T18:16:04 - [TEST_STEP][PASSED] - shipments_0_shipping_address_address1 = "shipments[0].shipping_address.address1": null

03-09-2024T18:16:04 - [TEST_STEP][PASSED] - shipments_0_shipping_address_city = "shipments[0].shipping_address.city": null

03-09-2024T18:16:04 - [TEST_STEP][PASSED] - shipments_0_shipping_address_country_code = "shipments[0].shipping_address.country_code": null

03-09-2024T18:16:04 - [TEST_STEP][PASSED] - shipments_0_shipping_address_first_name = "shipments[0].shipping_address.first_name": null

03-09-2024T18:16:04 - [TEST_STEP][PASSED] - shipments_0_shipping_address_full_name = "shipments[0].shipping_address.full_name": null

03-09-2024T18:16:04 - [TEST_STEP][PASSED] - shipments_0_shipping_address_id = "shipments[0].shipping_address.id": null

03-09-2024T18:16:04 - [TEST_STEP][PASSED] - shipments_0_shipping_address_last_name = "shipments[0].shipping_address.last_name": null

03-09-2024T18:16:04 - [TEST_STEP][PASSED] - shipments_0_shipping_address_phone = "shipments[0].shipping_address.phone": null

03-09-2024T18:16:04 - [TEST_STEP][PASSED] - shipments_0_shipping_address_postal_code = "shipments[0].shipping_address.postal_code": null

03-09-2024T18:16:04 - [TEST_STEP][PASSED] - shipments_0_shipping_address_c_alias = "shipments[0].shipping_address.c_alias": null

03-09-2024T18:16:04 - [TEST_STEP][PASSED] - shipments_0_shipping_address_c_delegation = "shipments[0].shipping_address.c_delegation": null

03-09-2024T18:16:04 - [TEST_STEP][PASSED] - shipments_0_shipping_address_c_label = "shipments[0].shipping_address.c_label": null

03-09-2024T18:16:04 - [TEST_STEP][PASSED] - shipments_0_shipping_address_c_latitude = "shipments[0].shipping_address.c_latitude": null

03-09-2024T18:16:04 - [TEST_STEP][PASSED] - shipments_0_shipping_address_c_longitude = "shipments[0].shipping_address.c_longitude": null

03-09-2024T18:16:04 - [TEST_STEP][PASSED] - shipments_0_shipping_address_c_nExt = "shipments[0].shipping_address.c_nExt": null

03-09-2024T18:16:04 - [TEST_STEP][PASSED] - shipments_0_shipping_address_c_neighborhood = "shipments[0].shipping_address.c_neighborhood": null

03-09-2024T18:16:04 - [TEST_STEP][PASSED] - shipments_0_shipping_address_c_references = "shipments[0].shipping_address.c_references": null

03-09-2024T18:16:04 - [TEST_STEP][PASSED] - shipments_0_shipping_address_c_rfc = "shipments[0].shipping_address.c_rfc": null

03-09-2024T18:16:04 - [TEST_STEP][PASSED] - shipments_0_shipping_address_c_state = "shipments[0].shipping_address.c_state": null

03-09-2024T18:16:04 - [TEST_STEP][PASSED] - shipments_0_shipping_address_c_streetName = "shipments[0].shipping_address.c_streetName": null

03-09-2024T18:16:04 - [TEST_STEP][PASSED] - shipments_0_shipping_method__type = "shipments[0].shipping_method._type": null

03-09-2024T18:16:04 - [TEST_STEP][PASSED] - shipments_0_shipping_method_description = "shipments[0].shipping_method.description": null

03-09-2024T18:16:04 - [TEST_STEP][PASSED] - shipments_0_shipping_method_id = "shipments[0].shipping_method.id": null

03-09-2024T18:16:04 - [TEST_STEP][PASSED] - shipments_0_shipping_method_name = "shipments[0].shipping_method.name": null

03-09-2024T18:16:04 - [TEST_STEP][PASSED] - shipments_0_shipping_method_c_estimatedArrivalTime = "shipments[0].shipping_method.c_estimatedArrivalTime": null

03-09-2024T18:16:04 - [TEST_STEP][PASSED] - shipments_0_shipping_method_c_storePickupEnabled = "shipments[0].shipping_method.c_storePickupEnabled": null

03-09-2024T18:16:04 - [TEST_STEP][PASSED] - shipments_0_shipping_status = "shipments[0].shipping_status": null

03-09-2024T18:16:04 - [TEST_STEP][PASSED] - shipments_0_shipping_total = "shipments[0].shipping_total": null

03-09-2024T18:16:04 - [TEST_STEP][PASSED] - shipments_0_shipping_total_tax = "shipments[0].shipping_total_tax": null

03-09-2024T18:16:04 - [TEST_STEP][PASSED] - shipments_0_tax_total = "shipments[0].tax_total": null

03-09-2024T18:16:04 - [TEST_STEP][PASSED] - shipments_0_c_serviceCharge = "shipments[0].c_serviceCharge": null

03-09-2024T18:16:04 - [TEST_STEP][PASSED] - shipments_0_c_shippingRates = "shipments[0].c_shippingRates": null

03-09-2024T18:16:04 - [TEST_STEP][PASSED] - shipments_0_c_totalShippingCost = "shipments[0].c_totalShippingCost": null

03-09-2024T18:16:04 - [TEST_STEP][PASSED] - shipping_items_0__type = "shipping_items[0]._type": null

03-09-2024T18:16:04 - [TEST_STEP][PASSED] - shipping_items_0_adjusted_tax = "shipping_items[0].adjusted_tax": null

03-09-2024T18:16:04 - [TEST_STEP][PASSED] - shipping_items_0_base_price = "shipping_items[0].base_price": null

03-09-2024T18:16:04 - [TEST_STEP][PASSED] - shipping_items_0_item_id = "shipping_items[0].item_id": null

03-09-2024T18:16:04 - [TEST_STEP][PASSED] - shipping_items_0_item_text = "shipping_items[0].item_text": null

03-09-2024T18:16:04 - [TEST_STEP][PASSED] - shipping_items_0_price = "shipping_items[0].price": null

03-09-2024T18:16:04 - [TEST_STEP][PASSED] - shipping_items_0_price_after_item_discount = "shipping_items[0].price_after_item_discount": null

03-09-2024T18:16:04 - [TEST_STEP][PASSED] - shipping_items_0_shipment_id = "shipping_items[0].shipment_id": null

03-09-2024T18:16:04 - [TEST_STEP][PASSED] - shipping_items_0_tax = "shipping_items[0].tax": null

03-09-2024T18:16:04 - [TEST_STEP][PASSED] - c_seller_id = "c_seller_id": null

03-09-2024T18:16:04 - [TEST_STEP][PASSED] - c_serviceChargeTotalGrossPrice = "c_serviceChargeTotalGrossPrice": null

03-09-2024T18:16:04 - [TEST_STEP][PASSED] - c_formatedOrderTotal = "c_formatedOrderTotal": null

03-09-2024T18:16:04 - [TEST_STEP][PASSED] - c_formatedProductTotal = "c_formatedProductTotal": null

03-09-2024T18:16:04 - [TEST_STEP][PASSED] - totalplay.Common.verifyPropertyExist(SetPayment_instruments, _v): totalplay.Common.verifyPropertyExist is PASSED

03-09-2024T18:16:04 - [MESSAGE][INFO] - Checking response object

03-09-2024T18:16:04 - [MESSAGE][PASSED] - totalplay.Common.verifyPropertyExist is PASSED

03-09-2024T18:16:04 - [TEST_STEP][PASSED] - totalplay.Common.verifyPropertyValueExist(SetPayment_instruments, _v): totalplay.Common.verifyPropertyValueExist is PASSED

03-09-2024T18:16:04 - [MESSAGE][INFO] - Checking response object

03-09-2024T18:16:04 - [MESSAGE][INFO] - 23.1

03-09-2024T18:16:04 - [MESSAGE][PASSED] - totalplay.Common.verifyPropertyValueExist is PASSED

03-09-2024T18:16:04 - [TEST_STEP][PASSED] - totalplay.Common.verifyPropertyExist(SetPayment_instruments, _type): totalplay.Common.verifyPropertyExist is PASSED

03-09-2024T18:16:04 - [MESSAGE][INFO] - Checking response object

03-09-2024T18:16:04 - [MESSAGE][PASSED] - totalplay.Common.verifyPropertyExist is PASSED

03-09-2024T18:16:04 - [TEST_STEP][PASSED] - totalplay.Common.verifyPropertyValueExist(SetPayment_instruments, _type): totalplay.Common.verifyPropertyValueExist is PASSED

03-09-2024T18:16:04 - [MESSAGE][INFO] - Checking response object

03-09-2024T18:16:04 - [MESSAGE][INFO] - basket

03-09-2024T18:16:04 - [MESSAGE][PASSED] - totalplay.Common.verifyPropertyValueExist is PASSED

03-09-2024T18:16:04 - [TEST_STEP][PASSED] - totalplay.Common.verifyPropertyExist(SetPayment_instruments, _resource_state): totalplay.Common.verifyPropertyExist is PASSED

03-09-2024T18:16:04 - [MESSAGE][INFO] - Checking response object

03-09-2024T18:16:04 - [MESSAGE][PASSED] - totalplay.Common.verifyPropertyExist is PASSED

03-09-2024T18:16:04 - [TEST_STEP][PASSED] - totalplay.Common.verifyPropertyValueExist(SetPayment_instruments, _resource_state): totalplay.Common.verifyPropertyValueExist is PASSED

03-09-2024T18:16:04 - [MESSAGE][INFO] - Checking response object

03-09-2024T18:16:04 - [MESSAGE][INFO] - 2d74bac85b82355fed05954a9bce62ba12e6389bd7fb63a04c18242dccd19685

03-09-2024T18:16:04 - [MESSAGE][PASSED] - totalplay.Common.verifyPropertyValueExist is PASSED

03-09-2024T18:16:04 - [TEST_STEP][PASSED] - totalplay.Common.getDecimalValueofObject(SetPayment_instruments, adjusted_merchandize_total_tax): totalplay.Common.getDecimalValueofObject is PASSED

03-09-2024T18:16:04 - [MESSAGE][INFO] - Checking response object

03-09-2024T18:16:04 - [MESSAGE][PASSED] - totalplay.Common.getDecimalValueofObject is PASSED

03-09-2024T18:16:04 - [TEST_STEP][PASSED] - totalplay.Common.getDecimalValueofObject(SetPayment_instruments, adjusted_shipping_total_tax): totalplay.Common.getDecimalValueofObject is PASSED

03-09-2024T18:16:04 - [MESSAGE][INFO] - Checking response object

03-09-2024T18:16:04 - [MESSAGE][PASSED] - totalplay.Common.getDecimalValueofObject is PASSED

03-09-2024T18:16:04 - [TEST_STEP][PASSED] - totalplay.Common.getBooleanValueofObject(SetPayment_instruments, agent_basket): totalplay.Common.getBooleanValueofObject is PASSED

03-09-2024T18:16:04 - [MESSAGE][INFO] - Checking response object

03-09-2024T18:16:04 - [MESSAGE][PASSED] - totalplay.Common.getBooleanValueofObject is PASSED

03-09-2024T18:16:04 - [TEST_STEP][PASSED] - totalplay.Common.verifyPropertyExist(SetPayment_instruments, basket_id): totalplay.Common.verifyPropertyExist is PASSED

03-09-2024T18:16:04 - [MESSAGE][INFO] - Checking response object

03-09-2024T18:16:04 - [MESSAGE][PASSED] - totalplay.Common.verifyPropertyExist is PASSED

03-09-2024T18:16:04 - [TEST_STEP][PASSED] - totalplay.Common.verifyPropertyValueExist(SetPayment_instruments, basket_id): totalplay.Common.verifyPropertyValueExist is PASSED

03-09-2024T18:16:04 - [MESSAGE][INFO] - Checking response object

03-09-2024T18:16:04 - [MESSAGE][INFO] - 3830ba289bef3ffe7031901a87

03-09-2024T18:16:04 - [MESSAGE][PASSED] - totalplay.Common.verifyPropertyValueExist is PASSED

03-09-2024T18:16:04 - [TEST_STEP][PASSED] - totalplay.Common.verifyPropertyExist(SetPayment_instruments, billing_address__type): totalplay.Common.verifyPropertyExist is PASSED

03-09-2024T18:16:04 - [MESSAGE][INFO] - Checking response object

03-09-2024T18:16:05 - [MESSAGE][PASSED] - totalplay.Common.verifyPropertyExist is PASSED

03-09-2024T18:16:05 - [TEST_STEP][PASSED] - totalplay.Common.verifyPropertyValueExist(SetPayment_instruments, billing_address__type): totalplay.Common.verifyPropertyValueExist is PASSED

03-09-2024T18:16:05 - [MESSAGE][INFO] - Checking response object

03-09-2024T18:16:05 - [MESSAGE][INFO] - order_address

03-09-2024T18:16:05 - [MESSAGE][PASSED] - totalplay.Common.verifyPropertyValueExist is PASSED

03-09-2024T18:16:05 - [TEST_STEP][PASSED] - totalplay.Common.verifyPropertyExist(SetPayment_instruments, billing_address_address1): totalplay.Common.verifyPropertyExist is PASSED

03-09-2024T18:16:05 - [MESSAGE][INFO] - Checking response object

03-09-2024T18:16:05 - [MESSAGE][PASSED] - totalplay.Common.verifyPropertyExist is PASSED

03-09-2024T18:16:05 - [TEST_STEP][PASSED] - totalplay.Common.verifyPropertyValueExist(SetPayment_instruments, billing_address_address1): totalplay.Common.verifyPropertyValueExist is PASSED

03-09-2024T18:16:05 - [MESSAGE][INFO] - Checking response object

03-09-2024T18:16:05 - [MESSAGE][INFO] - Alejandro Dumas

03-09-2024T18:16:05 - [MESSAGE][PASSED] - totalplay.Common.verifyPropertyValueExist is PASSED

03-09-2024T18:16:05 - [TEST_STEP][PASSED] - totalplay.Common.verifyPropertyExist(SetPayment_instruments, billing_address_city): totalplay.Common.verifyPropertyExist is PASSED

03-09-2024T18:16:05 - [MESSAGE][INFO] - Checking response object

03-09-2024T18:16:05 - [MESSAGE][PASSED] - totalplay.Common.verifyPropertyExist is PASSED

03-09-2024T18:16:05 - [TEST_STEP][PASSED] - totalplay.Common.verifyPropertyValueExist(SetPayment_instruments, billing_address_city): totalplay.Common.verifyPropertyValueExist is PASSED

03-09-2024T18:16:05 - [MESSAGE][INFO] - Checking response object

03-09-2024T18:16:05 - [MESSAGE][INFO] - Ciudad de Mexico

03-09-2024T18:16:05 - [MESSAGE][PASSED] - totalplay.Common.verifyPropertyValueExist is PASSED

03-09-2024T18:16:05 - [TEST_STEP][PASSED] - totalplay.Common.verifyPropertyExist(SetPayment_instruments, billing_address_country_code): totalplay.Common.verifyPropertyExist is PASSED

03-09-2024T18:16:05 - [MESSAGE][INFO] - Checking response object

03-09-2024T18:16:05 - [MESSAGE][PASSED] - totalplay.Common.verifyPropertyExist is PASSED

03-09-2024T18:16:05 - [TEST_STEP][PASSED] - totalplay.Common.verifyPropertyValueExist(SetPayment_instruments, billing_address_country_code): totalplay.Common.verifyPropertyValueExist is PASSED

03-09-2024T18:16:05 - [MESSAGE][INFO] - Checking response object

03-09-2024T18:16:05 - [MESSAGE][INFO] - MX

03-09-2024T18:16:05 - [MESSAGE][PASSED] - totalplay.Common.verifyPropertyValueExist is PASSED

03-09-2024T18:16:05 - [TEST_STEP][PASSED] - totalplay.Common.verifyPropertyExist(SetPayment_instruments, billing_address_first_name): totalplay.Common.verifyPropertyExist is PASSED

03-09-2024T18:16:05 - [MESSAGE][INFO] - Checking response object

03-09-2024T18:16:05 - [MESSAGE][PASSED] - totalplay.Common.verifyPropertyExist is PASSED

03-09-2024T18:16:05 - [TEST_STEP][PASSED] - totalplay.Common.verifyPropertyValueExist(SetPayment_instruments, billing_address_first_name): totalplay.Common.verifyPropertyValueExist is PASSED

03-09-2024T18:16:05 - [MESSAGE][INFO] - Checking response object

03-09-2024T18:16:05 - [MESSAGE][INFO] - CESAR

03-09-2024T18:16:05 - [MESSAGE][PASSED] - totalplay.Common.verifyPropertyValueExist is PASSED

03-09-2024T18:16:05 - [TEST_STEP][PASSED] - totalplay.Common.verifyPropertyExist(SetPayment_instruments, billing_address_full_name): totalplay.Common.verifyPropertyExist is PASSED

03-09-2024T18:16:05 - [MESSAGE][INFO] - Checking response object

03-09-2024T18:16:05 - [MESSAGE][PASSED] - totalplay.Common.verifyPropertyExist is PASSED

03-09-2024T18:16:05 - [TEST_STEP][PASSED] - totalplay.Common.verifyPropertyValueExist(SetPayment_instruments, billing_address_full_name): totalplay.Common.verifyPropertyValueExist is PASSED

03-09-2024T18:16:05 - [MESSAGE][INFO] - Checking response object

03-09-2024T18:16:05 - [MESSAGE][INFO] - CESAR GERARDO WALDO GONZALEZ

03-09-2024T18:16:05 - [MESSAGE][PASSED] - totalplay.Common.verifyPropertyValueExist is PASSED

03-09-2024T18:16:05 - [TEST_STEP][PASSED] - totalplay.Common.verifyPropertyExist(SetPayment_instruments, billing_address_id): totalplay.Common.verifyPropertyExist is PASSED

03-09-2024T18:16:05 - [MESSAGE][INFO] - Checking response object

03-09-2024T18:16:05 - [MESSAGE][PASSED] - totalplay.Common.verifyPropertyExist is PASSED

03-09-2024T18:16:05 - [TEST_STEP][PASSED] - totalplay.Common.verifyPropertyValueExist(SetPayment_instruments, billing_address_id): totalplay.Common.verifyPropertyValueExist is PASSED

03-09-2024T18:16:05 - [MESSAGE][INFO] - Checking response object

03-09-2024T18:16:05 - [MESSAGE][INFO] - 6bbfe21ce7a0e71582f56e9542

03-09-2024T18:16:05 - [MESSAGE][PASSED] - totalplay.Common.verifyPropertyValueExist is PASSED

03-09-2024T18:16:05 - [TEST_STEP][PASSED] - totalplay.Common.verifyPropertyExist(SetPayment_instruments, billing_address_last_name): totalplay.Common.verifyPropertyExist is PASSED

03-09-2024T18:16:05 - [MESSAGE][INFO] - Checking response object

03-09-2024T18:16:05 - [MESSAGE][PASSED] - totalplay.Common.verifyPropertyExist is PASSED

03-09-2024T18:16:05 - [TEST_STEP][PASSED] - totalplay.Common.verifyPropertyValueExist(SetPayment_instruments, billing_address_last_name): totalplay.Common.verifyPropertyValueExist is PASSED

03-09-2024T18:16:05 - [MESSAGE][INFO] - Checking response object

03-09-2024T18:16:05 - [MESSAGE][INFO] - GERARDO WALDO GONZALEZ

03-09-2024T18:16:05 - [MESSAGE][PASSED] - totalplay.Common.verifyPropertyValueExist is PASSED

03-09-2024T18:16:05 - [TEST_STEP][PASSED] - totalplay.Common.verifyPropertyExist(SetPayment_instruments, billing_address_phone): totalplay.Common.verifyPropertyExist is PASSED

03-09-2024T18:16:05 - [MESSAGE][INFO] - Checking response object

03-09-2024T18:16:05 - [MESSAGE][PASSED] - totalplay.Common.verifyPropertyExist is PASSED

03-09-2024T18:16:05 - [TEST_STEP][PASSED] - totalplay.Common.verifyPropertyValueExist(SetPayment_instruments, billing_address_phone): totalplay.Common.verifyPropertyValueExist is PASSED

03-09-2024T18:16:05 - [MESSAGE][INFO] - Checking response object

03-09-2024T18:16:05 - [MESSAGE][INFO] - 5579660270

03-09-2024T18:16:05 - [MESSAGE][PASSED] - totalplay.Common.verifyPropertyValueExist is PASSED

03-09-2024T18:16:05 - [TEST_STEP][PASSED] - totalplay.Common.verifyPropertyExist(SetPayment_instruments, billing_address_postal_code): totalplay.Common.verifyPropertyExist is PASSED

03-09-2024T18:16:05 - [MESSAGE][INFO] - Checking response object

03-09-2024T18:16:05 - [MESSAGE][PASSED] - totalplay.Common.verifyPropertyExist is PASSED

03-09-2024T18:16:05 - [TEST_STEP][PASSED] - totalplay.Common.verifyPropertyValueExist(SetPayment_instruments, billing_address_postal_code): totalplay.Common.verifyPropertyValueExist is PASSED

03-09-2024T18:16:05 - [MESSAGE][INFO] - Checking response object

03-09-2024T18:16:05 - [MESSAGE][INFO] - 11500

03-09-2024T18:16:05 - [MESSAGE][PASSED] - totalplay.Common.verifyPropertyValueExist is PASSED

03-09-2024T18:16:05 - [TEST_STEP][PASSED] - totalplay.Common.verifyPropertyExist(SetPayment_instruments, billing_address_c_alias): totalplay.Common.verifyPropertyExist is PASSED

03-09-2024T18:16:05 - [MESSAGE][INFO] - Checking response object

03-09-2024T18:16:05 - [MESSAGE][PASSED] - totalplay.Common.verifyPropertyExist is PASSED

03-09-2024T18:16:05 - [TEST_STEP][PASSED] - totalplay.Common.verifyPropertyValueExist(SetPayment_instruments, billing_address_c_alias): totalplay.Common.verifyPropertyValueExist is PASSED

03-09-2024T18:16:05 - [MESSAGE][INFO] - Checking response object

03-09-2024T18:16:05 - [MESSAGE][INFO] - CasaWaldoP

03-09-2024T18:16:05 - [MESSAGE][PASSED] - totalplay.Common.verifyPropertyValueExist is PASSED

03-09-2024T18:16:05 - [TEST_STEP][PASSED] - totalplay.Common.verifyPropertyExist(SetPayment_instruments, billing_address_c_delegation): totalplay.Common.verifyPropertyExist is PASSED

03-09-2024T18:16:05 - [MESSAGE][INFO] - Checking response object

03-09-2024T18:16:06 - [MESSAGE][PASSED] - totalplay.Common.verifyPropertyExist is PASSED

03-09-2024T18:16:06 - [TEST_STEP][PASSED] - totalplay.Common.verifyPropertyValueExist(SetPayment_instruments, billing_address_c_delegation): totalplay.Common.verifyPropertyValueExist is PASSED

03-09-2024T18:16:06 - [MESSAGE][INFO] - Checking response object

03-09-2024T18:16:06 - [MESSAGE][INFO] - Miguel Hidalgo

03-09-2024T18:16:06 - [MESSAGE][PASSED] - totalplay.Common.verifyPropertyValueExist is PASSED

03-09-2024T18:16:06 - [TEST_STEP][PASSED] - totalplay.Common.verifyPropertyExist(SetPayment_instruments, billing_address_c_delegation): totalplay.Common.verifyPropertyExist is PASSED

03-09-2024T18:16:06 - [MESSAGE][INFO] - Checking response object

03-09-2024T18:16:06 - [MESSAGE][PASSED] - totalplay.Common.verifyPropertyExist is PASSED

03-09-2024T18:16:06 - [TEST_STEP][PASSED] - totalplay.Common.verifyPropertyValueExist(SetPayment_instruments, billing_address_c_delegation): totalplay.Common.verifyPropertyValueExist is PASSED

03-09-2024T18:16:06 - [MESSAGE][INFO] - Checking response object

03-09-2024T18:16:06 - [MESSAGE][INFO] - Miguel Hidalgo

03-09-2024T18:16:06 - [MESSAGE][PASSED] - totalplay.Common.verifyPropertyValueExist is PASSED

03-09-2024T18:16:06 - [TEST_STEP][PASSED] - totalplay.Common.verifyPropertyExist(SetPayment_instruments, billing_address_c_label): totalplay.Common.verifyPropertyExist is PASSED

03-09-2024T18:16:06 - [MESSAGE][INFO] - Checking response object

03-09-2024T18:16:06 - [MESSAGE][PASSED] - totalplay.Common.verifyPropertyExist is PASSED

03-09-2024T18:16:06 - [TEST_STEP][PASSED] - totalplay.Common.verifyPropertyValueExist(SetPayment_instruments, billing_address_c_label): totalplay.Common.verifyPropertyValueExist is PASSED

03-09-2024T18:16:06 - [MESSAGE][INFO] - Checking response object

03-09-2024T18:16:06 - [MESSAGE][INFO] - {"home":true,"company":false,"other":false}

03-09-2024T18:16:06 - [MESSAGE][PASSED] - totalplay.Common.verifyPropertyValueExist is PASSED

03-09-2024T18:16:06 - [TEST_STEP][PASSED] - totalplay.Common.verifyPropertyExist(SetPayment_instruments, billing_address_c_latitude): totalplay.Common.verifyPropertyExist is PASSED

03-09-2024T18:16:06 - [MESSAGE][INFO] - Checking response object

03-09-2024T18:16:06 - [MESSAGE][PASSED] - totalplay.Common.verifyPropertyExist is PASSED

03-09-2024T18:16:06 - [TEST_STEP][PASSED] - totalplay.Common.verifyPropertyValueExist(SetPayment_instruments, billing_address_c_latitude): totalplay.Common.verifyPropertyValueExist is PASSED

03-09-2024T18:16:06 - [MESSAGE][INFO] - Checking response object

03-09-2024T18:16:06 - [MESSAGE][INFO] - 19.439691

03-09-2024T18:16:06 - [MESSAGE][PASSED] - totalplay.Common.verifyPropertyValueExist is PASSED

03-09-2024T18:16:06 - [TEST_STEP][PASSED] - totalplay.Common.verifyPropertyExist(SetPayment_instruments, billing_address_c_longitude): totalplay.Common.verifyPropertyExist is PASSED

03-09-2024T18:16:06 - [MESSAGE][INFO] - Checking response object

03-09-2024T18:16:06 - [MESSAGE][PASSED] - totalplay.Common.verifyPropertyExist is PASSED

03-09-2024T18:16:06 - [TEST_STEP][PASSED] - totalplay.Common.verifyPropertyValueExist(SetPayment_instruments, billing_address_c_longitude): totalplay.Common.verifyPropertyValueExist is PASSED

03-09-2024T18:16:06 - [MESSAGE][INFO] - Checking response object

03-09-2024T18:16:06 - [MESSAGE][INFO] - -99.205670

03-09-2024T18:16:06 - [MESSAGE][PASSED] - totalplay.Common.verifyPropertyValueExist is PASSED

03-09-2024T18:16:06 - [TEST_STEP][PASSED] - totalplay.Common.verifyPropertyExist(SetPayment_instruments, billing_address_c_nExt): totalplay.Common.verifyPropertyExist is PASSED

03-09-2024T18:16:06 - [MESSAGE][INFO] - Checking response object

03-09-2024T18:16:06 - [MESSAGE][PASSED] - totalplay.Common.verifyPropertyExist is PASSED

03-09-2024T18:16:06 - [TEST_STEP][PASSED] - totalplay.Common.verifyPropertyValueExist(SetPayment_instruments, billing_address_c_nExt): totalplay.Common.verifyPropertyValueExist is PASSED

03-09-2024T18:16:06 - [MESSAGE][INFO] - Checking response object

03-09-2024T18:16:06 - [MESSAGE][INFO] - 107

03-09-2024T18:16:06 - [MESSAGE][PASSED] - totalplay.Common.verifyPropertyValueExist is PASSED

03-09-2024T18:16:06 - [TEST_STEP][PASSED] - totalplay.Common.verifyPropertyExist(SetPayment_instruments, billing_address_c_neighborhood): totalplay.Common.verifyPropertyExist is PASSED

03-09-2024T18:16:06 - [MESSAGE][INFO] - Checking response object

03-09-2024T18:16:06 - [MESSAGE][PASSED] - totalplay.Common.verifyPropertyExist is PASSED

03-09-2024T18:16:06 - [TEST_STEP][PASSED] - totalplay.Common.verifyPropertyValueExist(SetPayment_instruments, billing_address_c_neighborhood): totalplay.Common.verifyPropertyValueExist is PASSED

03-09-2024T18:16:06 - [MESSAGE][INFO] - Checking response object

03-09-2024T18:16:06 - [MESSAGE][INFO] - Polanco

03-09-2024T18:16:06 - [MESSAGE][PASSED] - totalplay.Common.verifyPropertyValueExist is PASSED

03-09-2024T18:16:06 - [TEST_STEP][PASSED] - totalplay.Common.verifyPropertyExist(SetPayment_instruments, billing_address_c_references): totalplay.Common.verifyPropertyExist is PASSED

03-09-2024T18:16:06 - [MESSAGE][INFO] - Checking response object

03-09-2024T18:16:06 - [MESSAGE][PASSED] - totalplay.Common.verifyPropertyExist is PASSED

03-09-2024T18:16:06 - [TEST_STEP][PASSED] - totalplay.Common.verifyPropertyValueExist(SetPayment_instruments, billing_address_c_references): totalplay.Common.verifyPropertyValueExist is PASSED

03-09-2024T18:16:06 - [MESSAGE][INFO] - Checking response object

03-09-2024T18:16:06 - [MESSAGE][INFO] - Llamar al llegar

03-09-2024T18:16:06 - [MESSAGE][PASSED] - totalplay.Common.verifyPropertyValueExist is PASSED

03-09-2024T18:16:06 - [TEST_STEP][PASSED] - totalplay.Common.verifyPropertyExist(SetPayment_instruments, billing_address_c_rfc): totalplay.Common.verifyPropertyExist is PASSED

03-09-2024T18:16:06 - [MESSAGE][INFO] - Checking response object

03-09-2024T18:16:06 - [MESSAGE][PASSED] - totalplay.Common.verifyPropertyExist is PASSED

03-09-2024T18:16:06 - [TEST_STEP][PASSED] - totalplay.Common.verifyPropertyValueExist(SetPayment_instruments, billing_address_c_rfc): totalplay.Common.verifyPropertyValueExist is PASSED

03-09-2024T18:16:06 - [MESSAGE][INFO] - Checking response object

03-09-2024T18:16:06 - [MESSAGE][INFO] - XAXA010101111

03-09-2024T18:16:06 - [MESSAGE][PASSED] - totalplay.Common.verifyPropertyValueExist is PASSED

03-09-2024T18:16:06 - [TEST_STEP][PASSED] - totalplay.Common.verifyPropertyExist(SetPayment_instruments, billing_address_c_state): totalplay.Common.verifyPropertyExist is PASSED

03-09-2024T18:16:06 - [MESSAGE][INFO] - Checking response object

03-09-2024T18:16:06 - [MESSAGE][PASSED] - totalplay.Common.verifyPropertyExist is PASSED

03-09-2024T18:16:06 - [TEST_STEP][PASSED] - totalplay.Common.verifyPropertyValueExist(SetPayment_instruments, billing_address_c_state): totalplay.Common.verifyPropertyValueExist is PASSED

03-09-2024T18:16:06 - [MESSAGE][INFO] - Checking response object

03-09-2024T18:16:06 - [MESSAGE][INFO] - CDMX

03-09-2024T18:16:06 - [MESSAGE][PASSED] - totalplay.Common.verifyPropertyValueExist is PASSED

03-09-2024T18:16:06 - [TEST_STEP][PASSED] - totalplay.Common.verifyPropertyExist(SetPayment_instruments, billing_address_c_streetName): totalplay.Common.verifyPropertyExist is PASSED

03-09-2024T18:16:06 - [MESSAGE][INFO] - Checking response object

03-09-2024T18:16:06 - [MESSAGE][PASSED] - totalplay.Common.verifyPropertyExist is PASSED

03-09-2024T18:16:06 - [TEST_STEP][PASSED] - totalplay.Common.verifyPropertyValueExist(SetPayment_instruments, billing_address_c_streetName): totalplay.Common.verifyPropertyValueExist is PASSED

03-09-2024T18:16:06 - [MESSAGE][INFO] - Checking response object

03-09-2024T18:16:06 - [MESSAGE][INFO] - Alejandro Dumas

03-09-2024T18:16:06 - [MESSAGE][PASSED] - totalplay.Common.verifyPropertyValueExist is PASSED

03-09-2024T18:16:06 - [TEST_STEP][PASSED] - totalplay.Common.verifyPropertyExist(SetPayment_instruments, channel_type): totalplay.Common.verifyPropertyExist is PASSED

03-09-2024T18:16:06 - [MESSAGE][INFO] - Checking response object

03-09-2024T18:16:06 - [MESSAGE][PASSED] - totalplay.Common.verifyPropertyExist is PASSED

03-09-2024T18:16:06 - [TEST_STEP][PASSED] - totalplay.Common.verifyPropertyValueExist(SetPayment_instruments, channel_type): totalplay.Common.verifyPropertyValueExist is PASSED

03-09-2024T18:16:06 - [MESSAGE][INFO] - Checking response object

03-09-2024T18:16:06 - [MESSAGE][INFO] - storefront

03-09-2024T18:16:06 - [MESSAGE][PASSED] - totalplay.Common.verifyPropertyValueExist is PASSED

03-09-2024T18:16:06 - [TEST_STEP][PASSED] - totalplay.Common.verifyPropertyExist(SetPayment_instruments, customer_info__type): totalplay.Common.verifyPropertyExist is PASSED

03-09-2024T18:16:06 - [MESSAGE][INFO] - Checking response object

03-09-2024T18:16:07 - [MESSAGE][PASSED] - totalplay.Common.verifyPropertyExist is PASSED

03-09-2024T18:16:07 - [TEST_STEP][PASSED] - totalplay.Common.verifyPropertyValueExist(SetPayment_instruments, customer_info__type): totalplay.Common.verifyPropertyValueExist is PASSED

03-09-2024T18:16:07 - [MESSAGE][INFO] - Checking response object

03-09-2024T18:16:07 - [MESSAGE][INFO] - customer_info

03-09-2024T18:16:07 - [MESSAGE][PASSED] - totalplay.Common.verifyPropertyValueExist is PASSED

03-09-2024T18:16:07 - [TEST_STEP][PASSED] - totalplay.Common.verifyPropertyExist(SetPayment_instruments, customer_info_customer_id): totalplay.Common.verifyPropertyExist is PASSED

03-09-2024T18:16:07 - [MESSAGE][INFO] - Checking response object

03-09-2024T18:16:07 - [MESSAGE][PASSED] - totalplay.Common.verifyPropertyExist is PASSED

03-09-2024T18:16:07 - [TEST_STEP][PASSED] - totalplay.Common.verifyPropertyValueExist(SetPayment_instruments, customer_info_customer_id): totalplay.Common.verifyPropertyValueExist is PASSED

03-09-2024T18:16:07 - [MESSAGE][INFO] - Checking response object

03-09-2024T18:16:07 - [MESSAGE][INFO] - acTAcwrTj6ECo7V8WDIa5leqor

03-09-2024T18:16:07 - [MESSAGE][PASSED] - totalplay.Common.verifyPropertyValueExist is PASSED

03-09-2024T18:16:07 - [TEST_STEP][PASSED] - totalplay.Common.verifyPropertyExist(SetPayment_instruments, customer_info_customer_no): totalplay.Common.verifyPropertyExist is PASSED

03-09-2024T18:16:07 - [MESSAGE][INFO] - Checking response object

03-09-2024T18:16:07 - [MESSAGE][PASSED] - totalplay.Common.verifyPropertyExist is PASSED

03-09-2024T18:16:07 - [TEST_STEP][PASSED] - totalplay.Common.verifyPropertyValueExist(SetPayment_instruments, customer_info_customer_no): totalplay.Common.verifyPropertyValueExist is PASSED

03-09-2024T18:16:07 - [MESSAGE][INFO] - Checking response object

03-09-2024T18:16:07 - [MESSAGE][INFO] - 00012002

03-09-2024T18:16:07 - [MESSAGE][PASSED] - totalplay.Common.verifyPropertyValueExist is PASSED

03-09-2024T18:16:07 - [TEST_STEP][PASSED] - totalplay.Common.verifyPropertyExist(SetPayment_instruments, customer_info_email): totalplay.Common.verifyPropertyExist is PASSED

03-09-2024T18:16:07 - [MESSAGE][INFO] - Checking response object

03-09-2024T18:16:07 - [MESSAGE][PASSED] - totalplay.Common.verifyPropertyExist is PASSED

03-09-2024T18:16:07 - [TEST_STEP][PASSED] - totalplay.Common.verifyPropertyValueExist(SetPayment_instruments, customer_info_email): totalplay.Common.verifyPropertyValueExist is PASSED

03-09-2024T18:16:07 - [MESSAGE][INFO] - Checking response object

03-09-2024T18:16:07 - [MESSAGE][INFO] - cesar.waldo93@gmail.com

03-09-2024T18:16:07 - [MESSAGE][PASSED] - totalplay.Common.verifyPropertyValueExist is PASSED

03-09-2024T18:16:07 - [TEST_STEP][PASSED] - totalplay.Common.verifyPropertyExist(SetPayment_instruments, last_modified): totalplay.Common.verifyPropertyExist is PASSED

03-09-2024T18:16:07 - [MESSAGE][INFO] - Checking response object

03-09-2024T18:16:07 - [MESSAGE][PASSED] - totalplay.Common.verifyPropertyExist is PASSED

03-09-2024T18:16:07 - [TEST_STEP][PASSED] - totalplay.Common.verifyPropertyValueExist(SetPayment_instruments, last_modified): totalplay.Common.verifyPropertyValueExist is PASSED

03-09-2024T18:16:07 - [MESSAGE][INFO] - Checking response object

03-09-2024T18:16:07 - [MESSAGE][INFO] - 2024-09-03T12:46:04.191Z

03-09-2024T18:16:07 - [MESSAGE][PASSED] - totalplay.Common.verifyPropertyValueExist is PASSED

03-09-2024T18:16:07 - [TEST_STEP][PASSED] - totalplay.Common.getDecimalValueofObject(SetPayment_instruments, merchandize_total_tax): totalplay.Common.getDecimalValueofObject is PASSED

03-09-2024T18:16:07 - [MESSAGE][INFO] - Checking response object

03-09-2024T18:16:07 - [MESSAGE][PASSED] - totalplay.Common.getDecimalValueofObject is PASSED

03-09-2024T18:16:07 - [TEST_STEP][PASSED] - totalplay.Common.verifyPropertyExist(SetPayment_instruments, notes__type): totalplay.Common.verifyPropertyExist is PASSED

03-09-2024T18:16:07 - [MESSAGE][INFO] - Checking response object

03-09-2024T18:16:07 - [MESSAGE][PASSED] - totalplay.Common.verifyPropertyExist is PASSED

03-09-2024T18:16:07 - [TEST_STEP][PASSED] - totalplay.Common.verifyPropertyValueExist(SetPayment_instruments, notes__type): totalplay.Common.verifyPropertyValueExist is PASSED

03-09-2024T18:16:07 - [MESSAGE][INFO] - Checking response object

03-09-2024T18:16:07 - [MESSAGE][INFO] - simple_link

03-09-2024T18:16:07 - [MESSAGE][PASSED] - totalplay.Common.verifyPropertyValueExist is PASSED

03-09-2024T18:16:07 - [TEST_STEP][PASSED] - totalplay.Common.verifyPropertyExist(SetPayment_instruments, notes_link): totalplay.Common.verifyPropertyExist is PASSED

03-09-2024T18:16:07 - [MESSAGE][INFO] - Checking response object

03-09-2024T18:16:07 - [MESSAGE][PASSED] - totalplay.Common.verifyPropertyExist is PASSED

03-09-2024T18:16:07 - [TEST_STEP][PASSED] - totalplay.Common.verifyPropertyValueExist(SetPayment_instruments, notes_link): totalplay.Common.verifyPropertyValueExist is PASSED

03-09-2024T18:16:07 - [MESSAGE][INFO] - Checking response object

03-09-2024T18:16:07 - [MESSAGE][INFO] - https://salesforceqa.sistemastp.com.mx/s/TP-FOOD/dw/shop/v23_1/baskets/3830ba289bef3ffe7031901a87/notes

03-09-2024T18:16:07 - [MESSAGE][PASSED] - totalplay.Common.verifyPropertyValueExist is PASSED

03-09-2024T18:16:07 - [TEST_STEP][PASSED] - totalplay.Common.getDecimalValueofObject(SetPayment_instruments, order_total): totalplay.Common.getDecimalValueofObject is PASSED

03-09-2024T18:16:07 - [MESSAGE][INFO] - Checking response object

03-09-2024T18:16:07 - [MESSAGE][PASSED] - totalplay.Common.getDecimalValueofObject is PASSED

03-09-2024T18:16:07 - [TEST_STEP][PASSED] - totalplay.Common.verifyPropertyExist(SetPayment_instruments, payment_instruments_0__type): totalplay.Common.verifyPropertyExist is PASSED

03-09-2024T18:16:07 - [MESSAGE][INFO] - Checking response object

03-09-2024T18:16:07 - [MESSAGE][PASSED] - totalplay.Common.verifyPropertyExist is PASSED

03-09-2024T18:16:07 - [TEST_STEP][PASSED] - totalplay.Common.verifyPropertyValueExist(SetPayment_instruments, payment_instruments_0__type): totalplay.Common.verifyPropertyValueExist is PASSED

03-09-2024T18:16:07 - [MESSAGE][INFO] - Checking response object

03-09-2024T18:16:07 - [MESSAGE][INFO] - order_payment_instrument

03-09-2024T18:16:07 - [MESSAGE][PASSED] - totalplay.Common.verifyPropertyValueExist is PASSED

03-09-2024T18:16:07 - [TEST_STEP][PASSED] - totalplay.Common.getDecimalValueofObject(SetPayment_instruments, payment_instruments_0_amount): totalplay.Common.getDecimalValueofObject is PASSED

03-09-2024T18:16:07 - [MESSAGE][INFO] - Checking response object

03-09-2024T18:16:07 - [MESSAGE][PASSED] - totalplay.Common.getDecimalValueofObject is PASSED

03-09-2024T18:16:07 - [TEST_STEP][PASSED] - totalplay.Common.verifyPropertyExist(SetPayment_instruments, payment_instruments_0_payment_card__type): totalplay.Common.verifyPropertyExist is PASSED

03-09-2024T18:16:07 - [MESSAGE][INFO] - Checking response object

03-09-2024T18:16:07 - [MESSAGE][PASSED] - totalplay.Common.verifyPropertyExist is PASSED

03-09-2024T18:16:07 - [TEST_STEP][PASSED] - totalplay.Common.verifyPropertyValueExist(SetPayment_instruments, payment_instruments_0_payment_card__type): totalplay.Common.verifyPropertyValueExist is PASSED

03-09-2024T18:16:07 - [MESSAGE][INFO] - Checking response object

03-09-2024T18:16:07 - [MESSAGE][INFO] - payment_card

03-09-2024T18:16:07 - [MESSAGE][PASSED] - totalplay.Common.verifyPropertyValueExist is PASSED

03-09-2024T18:16:07 - [TEST_STEP][PASSED] - totalplay.Common.verifyPropertyExist(SetPayment_instruments, payment_instruments_0_payment_card_card_type): totalplay.Common.verifyPropertyExist is PASSED

03-09-2024T18:16:07 - [MESSAGE][INFO] - Checking response object

03-09-2024T18:16:07 - [MESSAGE][PASSED] - totalplay.Common.verifyPropertyExist is PASSED

03-09-2024T18:16:07 - [TEST_STEP][PASSED] - totalplay.Common.verifyPropertyValueExist(SetPayment_instruments, payment_instruments_0_payment_card_card_type): totalplay.Common.verifyPropertyValueExist is PASSED

03-09-2024T18:16:07 - [MESSAGE][INFO] - Checking response object

03-09-2024T18:16:07 - [MESSAGE][INFO] - Visa

03-09-2024T18:16:07 - [MESSAGE][PASSED] - totalplay.Common.verifyPropertyValueExist is PASSED

03-09-2024T18:16:07 - [TEST_STEP][PASSED] - totalplay.Common.getBooleanValueofObject(SetPayment_instruments, payment_instruments_0_payment_card_credit_card_expired): totalplay.Common.getBooleanValueofObject is PASSED

03-09-2024T18:16:07 - [MESSAGE][INFO] - Checking response object

03-09-2024T18:16:08 - [MESSAGE][PASSED] - totalplay.Common.getBooleanValueofObject is PASSED

03-09-2024T18:16:08 - [TEST_STEP][PASSED] - totalplay.Common.getNumValueofObject(SetPayment_instruments, payment_instruments_0_payment_card_expiration_month): totalplay.Common.getNumValueofObject is PASSED

03-09-2024T18:16:08 - [MESSAGE][INFO] - Checking response object

03-09-2024T18:16:08 - [MESSAGE][PASSED] - totalplay.Common.getNumValueofObject is PASSED

03-09-2024T18:16:08 - [TEST_STEP][PASSED] - totalplay.Common.getNumValueofObject(SetPayment_instruments, payment_instruments_0_payment_card_expiration_year): totalplay.Common.getNumValueofObject is PASSED

03-09-2024T18:16:08 - [MESSAGE][INFO] - Checking response object

03-09-2024T18:16:08 - [MESSAGE][PASSED] - totalplay.Common.getNumValueofObject is PASSED

03-09-2024T18:16:08 - [TEST_STEP][PASSED] - totalplay.Common.verifyPropertyExist(SetPayment_instruments, payment_instruments_0_payment_card_holder): totalplay.Common.verifyPropertyExist is PASSED

03-09-2024T18:16:08 - [MESSAGE][INFO] - Checking response object

03-09-2024T18:16:08 - [MESSAGE][PASSED] - totalplay.Common.verifyPropertyExist is PASSED

03-09-2024T18:16:08 - [TEST_STEP][PASSED] - totalplay.Common.verifyPropertyValueExist(SetPayment_instruments, payment_instruments_0_payment_card_holder): totalplay.Common.verifyPropertyValueExist is PASSED

03-09-2024T18:16:08 - [MESSAGE][INFO] - Checking response object

03-09-2024T18:16:08 - [MESSAGE][INFO] - Test Dev

03-09-2024T18:16:08 - [MESSAGE][PASSED] - totalplay.Common.verifyPropertyValueExist is PASSED

03-09-2024T18:16:08 - [TEST_STEP][PASSED] - totalplay.Common.verifyPropertyExist(SetPayment_instruments, payment_instruments_0_payment_instrument_id): totalplay.Common.verifyPropertyExist is PASSED

03-09-2024T18:16:08 - [MESSAGE][INFO] - Checking response object

03-09-2024T18:16:08 - [MESSAGE][PASSED] - totalplay.Common.verifyPropertyExist is PASSED

03-09-2024T18:16:08 - [TEST_STEP][PASSED] - totalplay.Common.verifyPropertyValueExist(SetPayment_instruments, payment_instruments_0_payment_instrument_id): totalplay.Common.verifyPropertyValueExist is PASSED

03-09-2024T18:16:08 - [MESSAGE][INFO] - Checking response object

03-09-2024T18:16:08 - [MESSAGE][INFO] - 72f47a7a6b5825dd89c5c0860d

03-09-2024T18:16:08 - [MESSAGE][PASSED] - totalplay.Common.verifyPropertyValueExist is PASSED

03-09-2024T18:16:08 - [TEST_STEP][PASSED] - totalplay.Common.verifyPropertyExist(SetPayment_instruments, payment_instruments_0_payment_method_id): totalplay.Common.verifyPropertyExist is PASSED

03-09-2024T18:16:08 - [MESSAGE][INFO] - Checking response object

03-09-2024T18:16:08 - [MESSAGE][PASSED] - totalplay.Common.verifyPropertyExist is PASSED

03-09-2024T18:16:08 - [TEST_STEP][PASSED] - totalplay.Common.verifyPropertyValueExist(SetPayment_instruments, payment_instruments_0_payment_method_id): totalplay.Common.verifyPropertyValueExist is PASSED

03-09-2024T18:16:08 - [MESSAGE][INFO] - Checking response object

03-09-2024T18:16:08 - [MESSAGE][INFO] - CREDIT_CARD

03-09-2024T18:16:08 - [MESSAGE][PASSED] - totalplay.Common.verifyPropertyValueExist is PASSED

03-09-2024T18:16:08 - [TEST_STEP][PASSED] - totalplay.Common.verifyPropertyExist(SetPayment_instruments, product_items_0__type): totalplay.Common.verifyPropertyExist is PASSED

03-09-2024T18:16:08 - [MESSAGE][INFO] - Checking response object

03-09-2024T18:16:08 - [MESSAGE][PASSED] - totalplay.Common.verifyPropertyExist is PASSED

03-09-2024T18:16:08 - [TEST_STEP][PASSED] - totalplay.Common.verifyPropertyValueExist(SetPayment_instruments, product_items_0__type): totalplay.Common.verifyPropertyValueExist is PASSED

03-09-2024T18:16:08 - [MESSAGE][INFO] - Checking response object

03-09-2024T18:16:08 - [MESSAGE][INFO] - product_item

03-09-2024T18:16:08 - [MESSAGE][PASSED] - totalplay.Common.verifyPropertyValueExist is PASSED

03-09-2024T18:16:08 - [TEST_STEP][PASSED] - totalplay.Common.getDecimalValueofObject(SetPayment_instruments, product_items_0_adjusted_tax): totalplay.Common.getDecimalValueofObject is PASSED

03-09-2024T18:16:08 - [MESSAGE][INFO] - Checking response object

03-09-2024T18:16:08 - [MESSAGE][PASSED] - totalplay.Common.getDecimalValueofObject is PASSED

03-09-2024T18:16:08 - [TEST_STEP][PASSED] - totalplay.Common.getDecimalValueofObject(SetPayment_instruments, product_items_0_base_price): totalplay.Common.getDecimalValueofObject is PASSED

03-09-2024T18:16:08 - [MESSAGE][INFO] - Checking response object

03-09-2024T18:16:08 - [MESSAGE][PASSED] - totalplay.Common.getDecimalValueofObject is PASSED

03-09-2024T18:16:08 - [TEST_STEP][PASSED] - totalplay.Common.getBooleanValueofObject(SetPayment_instruments, product_items_0_bonus_product_line_item): totalplay.Common.getBooleanValueofObject is PASSED

03-09-2024T18:16:08 - [MESSAGE][INFO] - Checking response object

03-09-2024T18:16:08 - [MESSAGE][PASSED] - totalplay.Common.getBooleanValueofObject is PASSED

03-09-2024T18:16:08 - [TEST_STEP][PASSED] - totalplay.Common.getBooleanValueofObject(SetPayment_instruments, product_items_0_gift): totalplay.Common.getBooleanValueofObject is PASSED

03-09-2024T18:16:08 - [MESSAGE][INFO] - Checking response object

03-09-2024T18:16:08 - [MESSAGE][PASSED] - totalplay.Common.getBooleanValueofObject is PASSED

03-09-2024T18:16:08 - [TEST_STEP][PASSED] - totalplay.Common.verifyPropertyExist(SetPayment_instruments, product_items_0_inventory_id): totalplay.Common.verifyPropertyExist is PASSED

03-09-2024T18:16:08 - [MESSAGE][INFO] - Checking response object

03-09-2024T18:16:08 - [MESSAGE][PASSED] - totalplay.Common.verifyPropertyExist is PASSED

03-09-2024T18:16:08 - [TEST_STEP][PASSED] - totalplay.Common.verifyPropertyValueExist(SetPayment_instruments, product_items_0_inventory_id): totalplay.Common.verifyPropertyValueExist is PASSED

03-09-2024T18:16:08 - [MESSAGE][INFO] - Checking response object

03-09-2024T18:16:08 - [MESSAGE][INFO] - inventory_m_food_mirakl

03-09-2024T18:16:08 - [MESSAGE][PASSED] - totalplay.Common.verifyPropertyValueExist is PASSED

03-09-2024T18:16:08 - [TEST_STEP][PASSED] - totalplay.Common.verifyPropertyExist(SetPayment_instruments, product_items_0_item_id): totalplay.Common.verifyPropertyExist is PASSED

03-09-2024T18:16:08 - [MESSAGE][INFO] - Checking response object

03-09-2024T18:16:08 - [MESSAGE][PASSED] - totalplay.Common.verifyPropertyExist is PASSED

03-09-2024T18:16:08 - [TEST_STEP][PASSED] - totalplay.Common.verifyPropertyValueExist(SetPayment_instruments, product_items_0_item_id): totalplay.Common.verifyPropertyValueExist is PASSED

03-09-2024T18:16:08 - [MESSAGE][INFO] - Checking response object

03-09-2024T18:16:08 - [MESSAGE][INFO] - 1c753df17b3d116743d73ce1fb

03-09-2024T18:16:08 - [MESSAGE][PASSED] - totalplay.Common.verifyPropertyValueExist is PASSED

03-09-2024T18:16:08 - [TEST_STEP][PASSED] - totalplay.Common.verifyPropertyExist(SetPayment_instruments, product_items_0_item_text): totalplay.Common.verifyPropertyExist is PASSED

03-09-2024T18:16:08 - [MESSAGE][INFO] - Checking response object

03-09-2024T18:16:08 - [MESSAGE][PASSED] - totalplay.Common.verifyPropertyExist is PASSED

03-09-2024T18:16:08 - [TEST_STEP][PASSED] - totalplay.Common.verifyPropertyValueExist(SetPayment_instruments, product_items_0_item_text): totalplay.Common.verifyPropertyValueExist is PASSED

03-09-2024T18:16:08 - [MESSAGE][INFO] - Checking response object

03-09-2024T18:16:08 - [MESSAGE][INFO] - Orden de Maciza (100 g)

03-09-2024T18:16:08 - [MESSAGE][PASSED] - totalplay.Common.verifyPropertyValueExist is PASSED

03-09-2024T18:16:08 - [TEST_STEP][PASSED] - totalplay.Common.getDecimalValueofObject(SetPayment_instruments, product_items_0_price): totalplay.Common.getDecimalValueofObject is PASSED

03-09-2024T18:16:08 - [MESSAGE][INFO] - Checking response object

03-09-2024T18:16:08 - [MESSAGE][PASSED] - totalplay.Common.getDecimalValueofObject is PASSED

03-09-2024T18:16:08 - [TEST_STEP][PASSED] - totalplay.Common.getDecimalValueofObject(SetPayment_instruments, product_items_0_price_after_item_discount): totalplay.Common.getDecimalValueofObject is PASSED

03-09-2024T18:16:08 - [MESSAGE][INFO] - Checking response object

03-09-2024T18:16:08 - [MESSAGE][PASSED] - totalplay.Common.getDecimalValueofObject is PASSED

03-09-2024T18:16:08 - [TEST_STEP][PASSED] - totalplay.Common.getDecimalValueofObject(SetPayment_instruments, product_items_0_price_after_order_discount): totalplay.Common.getDecimalValueofObject is PASSED

03-09-2024T18:16:08 - [MESSAGE][INFO] - Checking response object

03-09-2024T18:16:08 - [MESSAGE][PASSED] - totalplay.Common.getDecimalValueofObject is PASSED

03-09-2024T18:16:08 - [TEST_STEP][PASSED] - totalplay.Common.verifyPropertyExist(SetPayment_instruments, product_items_0_product_id): totalplay.Common.verifyPropertyExist is PASSED

03-09-2024T18:16:08 - [MESSAGE][INFO] - Checking response object

03-09-2024T18:16:08 - [MESSAGE][PASSED] - totalplay.Common.verifyPropertyExist is PASSED

03-09-2024T18:16:08 - [TEST_STEP][PASSED] - totalplay.Common.verifyPropertyValueExist(SetPayment_instruments, product_items_0_product_id): totalplay.Common.verifyPropertyValueExist is PASSED

03-09-2024T18:16:08 - [MESSAGE][INFO] - Checking response object

03-09-2024T18:16:09 - [MESSAGE][INFO] - C828554986

03-09-2024T18:16:09 - [MESSAGE][PASSED] - totalplay.Common.verifyPropertyValueExist is PASSED

03-09-2024T18:16:09 - [TEST_STEP][PASSED] - totalplay.Common.verifyPropertyExist(SetPayment_instruments, product_items_0_product_name): totalplay.Common.verifyPropertyExist is PASSED

03-09-2024T18:16:09 - [MESSAGE][INFO] - Checking response object

03-09-2024T18:16:09 - [MESSAGE][PASSED] - totalplay.Common.verifyPropertyExist is PASSED

03-09-2024T18:16:09 - [TEST_STEP][PASSED] - totalplay.Common.verifyPropertyValueExist(SetPayment_instruments, product_items_0_product_name): totalplay.Common.verifyPropertyValueExist is PASSED

03-09-2024T18:16:09 - [MESSAGE][INFO] - Checking response object

03-09-2024T18:16:09 - [MESSAGE][INFO] - Orden de Maciza (100 g)

03-09-2024T18:16:09 - [MESSAGE][PASSED] - totalplay.Common.verifyPropertyValueExist is PASSED

03-09-2024T18:16:09 - [TEST_STEP][PASSED] - totalplay.Common.getNumValueofObject(SetPayment_instruments, product_items_0_quantity): totalplay.Common.getNumValueofObject is PASSED

03-09-2024T18:16:09 - [MESSAGE][INFO] - Checking response object

03-09-2024T18:16:09 - [MESSAGE][PASSED] - totalplay.Common.getNumValueofObject is PASSED

03-09-2024T18:16:09 - [TEST_STEP][PASSED] - totalplay.Common.getDecimalValueofObject(SetPayment_instruments, product_items_0_tax): totalplay.Common.getDecimalValueofObject is PASSED

03-09-2024T18:16:09 - [MESSAGE][INFO] - Checking response object

03-09-2024T18:16:09 - [MESSAGE][PASSED] - totalplay.Common.getDecimalValueofObject is PASSED

03-09-2024T18:16:09 - [TEST_STEP][PASSED] - totalplay.Common.getDecimalValueofObject(SetPayment_instruments, product_items_0_tax_basis): totalplay.Common.getDecimalValueofObject is PASSED

03-09-2024T18:16:09 - [MESSAGE][INFO] - Checking response object

03-09-2024T18:16:09 - [MESSAGE][PASSED] - totalplay.Common.getDecimalValueofObject is PASSED

03-09-2024T18:16:09 - [TEST_STEP][PASSED] - totalplay.Common.verifyPropertyExist(SetPayment_instruments, product_items_0_tax_class_id): totalplay.Common.verifyPropertyExist is PASSED

03-09-2024T18:16:09 - [MESSAGE][INFO] - Checking response object

03-09-2024T18:16:09 - [MESSAGE][PASSED] - totalplay.Common.verifyPropertyExist is PASSED

03-09-2024T18:16:09 - [TEST_STEP][PASSED] - totalplay.Common.verifyPropertyValueExist(SetPayment_instruments, product_items_0_tax_class_id): totalplay.Common.verifyPropertyValueExist is PASSED

03-09-2024T18:16:09 - [MESSAGE][INFO] - Checking response object

03-09-2024T18:16:09 - [MESSAGE][INFO] - product_zero_tax

03-09-2024T18:16:09 - [MESSAGE][PASSED] - totalplay.Common.verifyPropertyValueExist is PASSED

03-09-2024T18:16:09 - [TEST_STEP][PASSED] - totalplay.Common.getDecimalValueofObject(SetPayment_instruments, product_items_0_tax_rate): totalplay.Common.getDecimalValueofObject is PASSED

03-09-2024T18:16:09 - [MESSAGE][INFO] - Checking response object

03-09-2024T18:16:09 - [MESSAGE][PASSED] - totalplay.Common.getDecimalValueofObject is PASSED

03-09-2024T18:16:09 - [TEST_STEP][PASSED] - totalplay.Common.verifyPropertyExist(SetPayment_instruments, product_items_0_c_fromStoreId): totalplay.Common.verifyPropertyExist is PASSED

03-09-2024T18:16:09 - [MESSAGE][INFO] - Checking response object

03-09-2024T18:16:09 - [MESSAGE][PASSED] - totalplay.Common.verifyPropertyExist is PASSED

03-09-2024T18:16:09 - [TEST_STEP][PASSED] - totalplay.Common.verifyPropertyValueExist(SetPayment_instruments, product_items_0_c_fromStoreId): totalplay.Common.verifyPropertyValueExist is PASSED

03-09-2024T18:16:09 - [MESSAGE][INFO] - Checking response object

03-09-2024T18:16:09 - [MESSAGE][INFO] - 4158

03-09-2024T18:16:09 - [MESSAGE][PASSED] - totalplay.Common.verifyPropertyValueExist is PASSED

03-09-2024T18:16:09 - [TEST_STEP][PASSED] - totalplay.Common.verifyPropertyExist(SetPayment_instruments, product_items_0_c_miraklChannels): totalplay.Common.verifyPropertyExist is PASSED

03-09-2024T18:16:09 - [MESSAGE][INFO] - Checking response object

03-09-2024T18:16:09 - [MESSAGE][PASSED] - totalplay.Common.verifyPropertyExist is PASSED

03-09-2024T18:16:09 - [TEST_STEP][PASSED] - totalplay.Common.verifyPropertyValueExist(SetPayment_instruments, product_items_0_c_miraklChannels): totalplay.Common.verifyPropertyValueExist is PASSED

03-09-2024T18:16:09 - [MESSAGE][INFO] - Checking response object

03-09-2024T18:16:09 - [MESSAGE][INFO] - ["INIT"]

03-09-2024T18:16:09 - [MESSAGE][PASSED] - totalplay.Common.verifyPropertyValueExist is PASSED

03-09-2024T18:16:09 - [TEST_STEP][PASSED] - totalplay.Common.verifyPropertyExist(SetPayment_instruments, product_items_0_c_miraklOperatorProductId): totalplay.Common.verifyPropertyExist is PASSED

03-09-2024T18:16:09 - [MESSAGE][INFO] - Checking response object

03-09-2024T18:16:09 - [MESSAGE][PASSED] - totalplay.Common.verifyPropertyExist is PASSED

03-09-2024T18:16:09 - [TEST_STEP][PASSED] - totalplay.Common.verifyPropertyValueExist(SetPayment_instruments, product_items_0_c_miraklOperatorProductId): totalplay.Common.verifyPropertyValueExist is PASSED

03-09-2024T18:16:09 - [MESSAGE][INFO] - Checking response object

03-09-2024T18:16:09 - [MESSAGE][INFO] - C828554986

03-09-2024T18:16:09 - [MESSAGE][PASSED] - totalplay.Common.verifyPropertyValueExist is PASSED

03-09-2024T18:16:09 - [TEST_STEP][PASSED] - totalplay.Common.verifyPropertyExist(SetPayment_instruments, product_items_0_c_miraklShippingTaxes): totalplay.Common.verifyPropertyExist is PASSED

03-09-2024T18:16:09 - [MESSAGE][INFO] - Checking response object

03-09-2024T18:16:09 - [MESSAGE][PASSED] - totalplay.Common.verifyPropertyExist is PASSED

03-09-2024T18:16:09 - [TEST_STEP][PASSED] - totalplay.Common.verifyPropertyValueExist(SetPayment_instruments, product_items_0_c_miraklShippingTaxes): totalplay.Common.verifyPropertyValueExist is PASSED

03-09-2024T18:16:09 - [MESSAGE][INFO] - Checking response object

03-09-2024T18:16:09 - [MESSAGE][INFO] - [{"amount":0,"type":"product_zero_tax","isTaxRate":true,"rate":0}]

03-09-2024T18:16:09 - [MESSAGE][PASSED] - totalplay.Common.verifyPropertyValueExist is PASSED

03-09-2024T18:16:09 - [TEST_STEP][PASSED] - totalplay.Common.verifyPropertyExist(SetPayment_instruments, product_items_0_c_miraklTaxes): totalplay.Common.verifyPropertyExist is PASSED

03-09-2024T18:16:09 - [MESSAGE][INFO] - Checking response object

03-09-2024T18:16:09 - [MESSAGE][PASSED] - totalplay.Common.verifyPropertyExist is PASSED

03-09-2024T18:16:09 - [TEST_STEP][PASSED] - totalplay.Common.verifyPropertyValueExist(SetPayment_instruments, product_items_0_c_miraklTaxes): totalplay.Common.verifyPropertyValueExist is PASSED

03-09-2024T18:16:09 - [MESSAGE][INFO] - Checking response object

03-09-2024T18:16:09 - [MESSAGE][INFO] - [{"amount":0,"type":"product_zero_tax","isTaxRate":true,"rate":0}]

03-09-2024T18:16:09 - [MESSAGE][PASSED] - totalplay.Common.verifyPropertyValueExist is PASSED

03-09-2024T18:16:09 - [TEST_STEP][PASSED] - totalplay.Common.getNumValueofObject(SetPayment_instruments, product_items_0_c_noOfPersons): totalplay.Common.getNumValueofObject is PASSED

03-09-2024T18:16:09 - [MESSAGE][INFO] - Checking response object

03-09-2024T18:16:09 - [MESSAGE][PASSED] - totalplay.Common.getNumValueofObject is PASSED

03-09-2024T18:16:09 - [TEST_STEP][PASSED] - totalplay.Common.verifyPropertyExist(SetPayment_instruments, product_items_0_c_offerId): totalplay.Common.verifyPropertyExist is PASSED

03-09-2024T18:16:09 - [MESSAGE][INFO] - Checking response object

03-09-2024T18:16:09 - [MESSAGE][PASSED] - totalplay.Common.verifyPropertyExist is PASSED

03-09-2024T18:16:09 - [TEST_STEP][PASSED] - totalplay.Common.verifyPropertyValueExist(SetPayment_instruments, product_items_0_c_offerId): totalplay.Common.verifyPropertyValueExist is PASSED

03-09-2024T18:16:09 - [MESSAGE][INFO] - Checking response object

03-09-2024T18:16:09 - [MESSAGE][INFO] - 541185

03-09-2024T18:16:09 - [MESSAGE][PASSED] - totalplay.Common.verifyPropertyValueExist is PASSED

03-09-2024T18:16:09 - [TEST_STEP][PASSED] - totalplay.Common.getDecimalValueofObject(SetPayment_instruments, product_items_0_c_offerSalesPrice): totalplay.Common.getDecimalValueofObject is PASSED

03-09-2024T18:16:09 - [MESSAGE][INFO] - Checking response object

03-09-2024T18:16:09 - [MESSAGE][PASSED] - totalplay.Common.getDecimalValueofObject is PASSED

03-09-2024T18:16:09 - [TEST_STEP][PASSED] - totalplay.Common.verifyPropertyExist(SetPayment_instruments, product_items_0_c_offerState): totalplay.Common.verifyPropertyExist is PASSED

03-09-2024T18:16:09 - [MESSAGE][INFO] - Checking response object

03-09-2024T18:16:09 - [MESSAGE][PASSED] - totalplay.Common.verifyPropertyExist is PASSED

03-09-2024T18:16:09 - [TEST_STEP][PASSED] - totalplay.Common.verifyPropertyValueExist(SetPayment_instruments, product_items_0_c_offerState): totalplay.Common.verifyPropertyValueExist is PASSED

03-09-2024T18:16:09 - [MESSAGE][INFO] - Checking response object

03-09-2024T18:16:09 - [MESSAGE][INFO] - Nuevo

03-09-2024T18:16:09 - [MESSAGE][PASSED] - totalplay.Common.verifyPropertyValueExist is PASSED

03-09-2024T18:16:09 - [TEST_STEP][PASSED] - totalplay.Common.verifyPropertyExist(SetPayment_instruments, product_items_0_c_offerStateCode): totalplay.Common.verifyPropertyExist is PASSED

03-09-2024T18:16:09 - [MESSAGE][INFO] - Checking response object

03-09-2024T18:16:09 - [MESSAGE][PASSED] - totalplay.Common.verifyPropertyExist is PASSED

03-09-2024T18:16:09 - [TEST_STEP][PASSED] - totalplay.Common.verifyPropertyValueExist(SetPayment_instruments, product_items_0_c_offerStateCode): totalplay.Common.verifyPropertyValueExist is PASSED

03-09-2024T18:16:09 - [MESSAGE][INFO] - Checking response object

03-09-2024T18:16:10 - [MESSAGE][INFO] - 11

03-09-2024T18:16:10 - [MESSAGE][PASSED] - totalplay.Common.verifyPropertyValueExist is PASSED

03-09-2024T18:16:10 - [TEST_STEP][PASSED] - totalplay.Common.verifyPropertyExist(SetPayment_instruments, product_items_0_c_shopId): totalplay.Common.verifyPropertyExist is PASSED

03-09-2024T18:16:10 - [MESSAGE][INFO] - Checking response object

03-09-2024T18:16:10 - [MESSAGE][PASSED] - totalplay.Common.verifyPropertyExist is PASSED

03-09-2024T18:16:10 - [TEST_STEP][PASSED] - totalplay.Common.verifyPropertyValueExist(SetPayment_instruments, product_items_0_c_shopId): totalplay.Common.verifyPropertyValueExist is PASSED

03-09-2024T18:16:10 - [MESSAGE][INFO] - Checking response object

03-09-2024T18:16:10 - [MESSAGE][INFO] - 4158

03-09-2024T18:16:10 - [MESSAGE][PASSED] - totalplay.Common.verifyPropertyValueExist is PASSED

03-09-2024T18:16:10 - [TEST_STEP][PASSED] - totalplay.Common.verifyPropertyExist(SetPayment_instruments, product_items_0_c_shopName): totalplay.Common.verifyPropertyExist is PASSED

03-09-2024T18:16:10 - [MESSAGE][INFO] - Checking response object

03-09-2024T18:16:10 - [MESSAGE][PASSED] - totalplay.Common.verifyPropertyExist is PASSED

03-09-2024T18:16:10 - [TEST_STEP][PASSED] - totalplay.Common.verifyPropertyValueExist(SetPayment_instruments, product_items_0_c_shopName): totalplay.Common.verifyPropertyValueExist is PASSED

03-09-2024T18:16:10 - [MESSAGE][INFO] - Checking response object

03-09-2024T18:16:10 - [MESSAGE][INFO] - La Casa De Toño Polanco

03-09-2024T18:16:10 - [MESSAGE][PASSED] - totalplay.Common.verifyPropertyValueExist is PASSED

03-09-2024T18:16:10 - [TEST_STEP][PASSED] - totalplay.Common.getDecimalValueofObject(SetPayment_instruments, product_items_0_c_total_crossed_price): totalplay.Common.getDecimalValueofObject is PASSED

03-09-2024T18:16:10 - [MESSAGE][INFO] - Checking response object

03-09-2024T18:16:10 - [MESSAGE][PASSED] - totalplay.Common.getDecimalValueofObject is PASSED

03-09-2024T18:16:10 - [TEST_STEP][PASSED] - totalplay.Common.getDecimalValueofObject(SetPayment_instruments, product_items_0_c_priceWithComplement): totalplay.Common.getDecimalValueofObject is PASSED

03-09-2024T18:16:10 - [MESSAGE][INFO] - Checking response object

03-09-2024T18:16:10 - [MESSAGE][PASSED] - totalplay.Common.getDecimalValueofObject is PASSED

03-09-2024T18:16:10 - [TEST_STEP][PASSED] - totalplay.Common.getDecimalValueofObject(SetPayment_instruments, product_sub_total): totalplay.Common.getDecimalValueofObject is PASSED

03-09-2024T18:16:10 - [MESSAGE][INFO] - Checking response object

03-09-2024T18:16:10 - [MESSAGE][PASSED] - totalplay.Common.getDecimalValueofObject is PASSED

03-09-2024T18:16:10 - [TEST_STEP][PASSED] - totalplay.Common.getDecimalValueofObject(SetPayment_instruments, product_total): totalplay.Common.getDecimalValueofObject is PASSED

03-09-2024T18:16:10 - [MESSAGE][INFO] - Checking response object

03-09-2024T18:16:10 - [MESSAGE][PASSED] - totalplay.Common.getDecimalValueofObject is PASSED

03-09-2024T18:16:10 - [TEST_STEP][PASSED] - totalplay.Common.verifyPropertyExist(SetPayment_instruments, shipments_0__type): totalplay.Common.verifyPropertyExist is PASSED

03-09-2024T18:16:10 - [MESSAGE][INFO] - Checking response object

03-09-2024T18:16:10 - [MESSAGE][PASSED] - totalplay.Common.verifyPropertyExist is PASSED

03-09-2024T18:16:10 - [TEST_STEP][PASSED] - totalplay.Common.verifyPropertyValueExist(SetPayment_instruments, shipments_0__type): totalplay.Common.verifyPropertyValueExist is PASSED

03-09-2024T18:16:10 - [MESSAGE][INFO] - Checking response object

03-09-2024T18:16:10 - [MESSAGE][INFO] - shipment

03-09-2024T18:16:10 - [MESSAGE][PASSED] - totalplay.Common.verifyPropertyValueExist is PASSED

03-09-2024T18:16:10 - [TEST_STEP][PASSED] - totalplay.Common.getDecimalValueofObject(SetPayment_instruments, shipments_0_adjusted_merchandize_total_tax): totalplay.Common.getDecimalValueofObject is PASSED

03-09-2024T18:16:10 - [MESSAGE][INFO] - Checking response object

03-09-2024T18:16:10 - [MESSAGE][PASSED] - totalplay.Common.getDecimalValueofObject is PASSED

03-09-2024T18:16:10 - [TEST_STEP][PASSED] - totalplay.Common.getDecimalValueofObject(SetPayment_instruments, shipments_0_adjusted_shipping_total_tax): totalplay.Common.getDecimalValueofObject is PASSED

03-09-2024T18:16:10 - [MESSAGE][INFO] - Checking response object

03-09-2024T18:16:10 - [MESSAGE][PASSED] - totalplay.Common.getDecimalValueofObject is PASSED

03-09-2024T18:16:10 - [TEST_STEP][PASSED] - totalplay.Common.getBooleanValueofObject(SetPayment_instruments, shipments_0_gift): totalplay.Common.getBooleanValueofObject is PASSED

03-09-2024T18:16:10 - [MESSAGE][INFO] - Checking response object

03-09-2024T18:16:10 - [MESSAGE][PASSED] - totalplay.Common.getBooleanValueofObject is PASSED

03-09-2024T18:16:10 - [TEST_STEP][PASSED] - totalplay.Common.getDecimalValueofObject(SetPayment_instruments, shipments_0_merchandize_total_tax): totalplay.Common.getDecimalValueofObject is PASSED

03-09-2024T18:16:10 - [MESSAGE][INFO] - Checking response object

03-09-2024T18:16:10 - [MESSAGE][PASSED] - totalplay.Common.getDecimalValueofObject is PASSED

03-09-2024T18:16:10 - [TEST_STEP][PASSED] - totalplay.Common.getDecimalValueofObject(SetPayment_instruments, shipments_0_product_sub_total): totalplay.Common.getDecimalValueofObject is PASSED

03-09-2024T18:16:10 - [MESSAGE][INFO] - Checking response object

03-09-2024T18:16:10 - [MESSAGE][PASSED] - totalplay.Common.getDecimalValueofObject is PASSED

03-09-2024T18:16:10 - [TEST_STEP][PASSED] - totalplay.Common.getDecimalValueofObject(SetPayment_instruments, shipments_0_product_total): totalplay.Common.getDecimalValueofObject is PASSED

03-09-2024T18:16:10 - [MESSAGE][INFO] - Checking response object

03-09-2024T18:16:10 - [MESSAGE][PASSED] - totalplay.Common.getDecimalValueofObject is PASSED

03-09-2024T18:16:10 - [TEST_STEP][PASSED] - totalplay.Common.verifyPropertyExist(SetPayment_instruments, shipments_0_shipment_id): totalplay.Common.verifyPropertyExist is PASSED

03-09-2024T18:16:10 - [MESSAGE][INFO] - Checking response object

03-09-2024T18:16:10 - [MESSAGE][PASSED] - totalplay.Common.verifyPropertyExist is PASSED

03-09-2024T18:16:10 - [TEST_STEP][PASSED] - totalplay.Common.verifyPropertyValueExist(SetPayment_instruments, shipments_0_shipment_id): totalplay.Common.verifyPropertyValueExist is PASSED

03-09-2024T18:16:10 - [MESSAGE][INFO] - Checking response object

03-09-2024T18:16:10 - [MESSAGE][INFO] - me

03-09-2024T18:16:10 - [MESSAGE][PASSED] - totalplay.Common.verifyPropertyValueExist is PASSED

03-09-2024T18:16:10 - [TEST_STEP][PASSED] - totalplay.Common.getDecimalValueofObject(SetPayment_instruments, shipments_0_shipment_total): totalplay.Common.getDecimalValueofObject is PASSED

03-09-2024T18:16:10 - [MESSAGE][INFO] - Checking response object

03-09-2024T18:16:10 - [MESSAGE][PASSED] - totalplay.Common.getDecimalValueofObject is PASSED

03-09-2024T18:16:10 - [TEST_STEP][PASSED] - totalplay.Common.verifyPropertyExist(SetPayment_instruments, shipments_0_shipping_address__type): totalplay.Common.verifyPropertyExist is PASSED

03-09-2024T18:16:10 - [MESSAGE][INFO] - Checking response object

03-09-2024T18:16:10 - [MESSAGE][PASSED] - totalplay.Common.verifyPropertyExist is PASSED

03-09-2024T18:16:10 - [TEST_STEP][PASSED] - totalplay.Common.verifyPropertyValueExist(SetPayment_instruments, shipments_0_shipping_address__type): totalplay.Common.verifyPropertyValueExist is PASSED

03-09-2024T18:16:10 - [MESSAGE][INFO] - Checking response object

03-09-2024T18:16:10 - [MESSAGE][INFO] - order_address

03-09-2024T18:16:10 - [MESSAGE][PASSED] - totalplay.Common.verifyPropertyValueExist is PASSED

03-09-2024T18:16:10 - [TEST_STEP][PASSED] - totalplay.Common.verifyPropertyExist(SetPayment_instruments, shipments_0_shipping_address_address1): totalplay.Common.verifyPropertyExist is PASSED

03-09-2024T18:16:10 - [MESSAGE][INFO] - Checking response object

03-09-2024T18:16:10 - [MESSAGE][PASSED] - totalplay.Common.verifyPropertyExist is PASSED

03-09-2024T18:16:10 - [TEST_STEP][PASSED] - totalplay.Common.verifyPropertyValueExist(SetPayment_instruments, shipments_0_shipping_address_address1): totalplay.Common.verifyPropertyValueExist is PASSED

03-09-2024T18:16:10 - [MESSAGE][INFO] - Checking response object

03-09-2024T18:16:10 - [MESSAGE][INFO] - Alejandro Dumas

03-09-2024T18:16:10 - [MESSAGE][PASSED] - totalplay.Common.verifyPropertyValueExist is PASSED

03-09-2024T18:16:10 - [TEST_STEP][PASSED] - totalplay.Common.verifyPropertyExist(SetPayment_instruments, shipments_0_shipping_address_city): totalplay.Common.verifyPropertyExist is PASSED

03-09-2024T18:16:10 - [MESSAGE][INFO] - Checking response object

03-09-2024T18:16:10 - [MESSAGE][PASSED] - totalplay.Common.verifyPropertyExist is PASSED

03-09-2024T18:16:10 - [TEST_STEP][PASSED] - totalplay.Common.verifyPropertyValueExist(SetPayment_instruments, shipments_0_shipping_address_city): totalplay.Common.verifyPropertyValueExist is PASSED

03-09-2024T18:16:10 - [MESSAGE][INFO] - Checking response object

03-09-2024T18:16:10 - [MESSAGE][INFO] - Ciudad de Mexico

03-09-2024T18:16:10 - [MESSAGE][PASSED] - totalplay.Common.verifyPropertyValueExist is PASSED

03-09-2024T18:16:10 - [TEST_STEP][PASSED] - totalplay.Common.verifyPropertyExist(SetPayment_instruments, shipments_0_shipping_address_country_code): totalplay.Common.verifyPropertyExist is PASSED

03-09-2024T18:16:10 - [MESSAGE][INFO] - Checking response object

03-09-2024T18:16:11 - [MESSAGE][PASSED] - totalplay.Common.verifyPropertyExist is PASSED

03-09-2024T18:16:11 - [TEST_STEP][PASSED] - totalplay.Common.verifyPropertyValueExist(SetPayment_instruments, shipments_0_shipping_address_country_code): totalplay.Common.verifyPropertyValueExist is PASSED

03-09-2024T18:16:11 - [MESSAGE][INFO] - Checking response object

03-09-2024T18:16:11 - [MESSAGE][INFO] - MX

03-09-2024T18:16:11 - [MESSAGE][PASSED] - totalplay.Common.verifyPropertyValueExist is PASSED

03-09-2024T18:16:11 - [TEST_STEP][PASSED] - totalplay.Common.verifyPropertyExist(SetPayment_instruments, shipments_0_shipping_address_first_name): totalplay.Common.verifyPropertyExist is PASSED

03-09-2024T18:16:11 - [MESSAGE][INFO] - Checking response object

03-09-2024T18:16:11 - [MESSAGE][PASSED] - totalplay.Common.verifyPropertyExist is PASSED

03-09-2024T18:16:11 - [TEST_STEP][PASSED] - totalplay.Common.verifyPropertyValueExist(SetPayment_instruments, shipments_0_shipping_address_first_name): totalplay.Common.verifyPropertyValueExist is PASSED

03-09-2024T18:16:11 - [MESSAGE][INFO] - Checking response object

03-09-2024T18:16:11 - [MESSAGE][INFO] - CESAR

03-09-2024T18:16:11 - [MESSAGE][PASSED] - totalplay.Common.verifyPropertyValueExist is PASSED

03-09-2024T18:16:11 - [TEST_STEP][PASSED] - totalplay.Common.verifyPropertyExist(SetPayment_instruments, shipments_0_shipping_address_full_name): totalplay.Common.verifyPropertyExist is PASSED

03-09-2024T18:16:11 - [MESSAGE][INFO] - Checking response object

03-09-2024T18:16:11 - [MESSAGE][PASSED] - totalplay.Common.verifyPropertyExist is PASSED

03-09-2024T18:16:11 - [TEST_STEP][PASSED] - totalplay.Common.verifyPropertyValueExist(SetPayment_instruments, shipments_0_shipping_address_full_name): totalplay.Common.verifyPropertyValueExist is PASSED

03-09-2024T18:16:11 - [MESSAGE][INFO] - Checking response object

03-09-2024T18:16:11 - [MESSAGE][INFO] - CESAR GERARDO WALDO GONZALEZ

03-09-2024T18:16:11 - [MESSAGE][PASSED] - totalplay.Common.verifyPropertyValueExist is PASSED

03-09-2024T18:16:11 - [TEST_STEP][PASSED] - totalplay.Common.verifyPropertyExist(SetPayment_instruments, shipments_0_shipping_address_id): totalplay.Common.verifyPropertyExist is PASSED

03-09-2024T18:16:11 - [MESSAGE][INFO] - Checking response object

03-09-2024T18:16:11 - [MESSAGE][PASSED] - totalplay.Common.verifyPropertyExist is PASSED

03-09-2024T18:16:11 - [TEST_STEP][PASSED] - totalplay.Common.verifyPropertyValueExist(SetPayment_instruments, shipments_0_shipping_address_id): totalplay.Common.verifyPropertyValueExist is PASSED

03-09-2024T18:16:11 - [MESSAGE][INFO] - Checking response object

03-09-2024T18:16:11 - [MESSAGE][INFO] - 5044cfb97bb95a8b86a80179e1

03-09-2024T18:16:11 - [MESSAGE][PASSED] - totalplay.Common.verifyPropertyValueExist is PASSED

03-09-2024T18:16:11 - [TEST_STEP][PASSED] - totalplay.Common.verifyPropertyExist(SetPayment_instruments, shipments_0_shipping_address_last_name): totalplay.Common.verifyPropertyExist is PASSED

03-09-2024T18:16:11 - [MESSAGE][INFO] - Checking response object

03-09-2024T18:16:11 - [MESSAGE][PASSED] - totalplay.Common.verifyPropertyExist is PASSED

03-09-2024T18:16:11 - [TEST_STEP][PASSED] - totalplay.Common.verifyPropertyValueExist(SetPayment_instruments, shipments_0_shipping_address_last_name): totalplay.Common.verifyPropertyValueExist is PASSED

03-09-2024T18:16:11 - [MESSAGE][INFO] - Checking response object

03-09-2024T18:16:11 - [MESSAGE][INFO] - GERARDO WALDO GONZALEZ

03-09-2024T18:16:11 - [MESSAGE][PASSED] - totalplay.Common.verifyPropertyValueExist is PASSED

03-09-2024T18:16:11 - [TEST_STEP][PASSED] - totalplay.Common.verifyPropertyExist(SetPayment_instruments, shipments_0_shipping_address_phone): totalplay.Common.verifyPropertyExist is PASSED

03-09-2024T18:16:11 - [MESSAGE][INFO] - Checking response object

03-09-2024T18:16:11 - [MESSAGE][PASSED] - totalplay.Common.verifyPropertyExist is PASSED

03-09-2024T18:16:11 - [TEST_STEP][PASSED] - totalplay.Common.verifyPropertyValueExist(SetPayment_instruments, shipments_0_shipping_address_phone): totalplay.Common.verifyPropertyValueExist is PASSED

03-09-2024T18:16:11 - [MESSAGE][INFO] - Checking response object

03-09-2024T18:16:11 - [MESSAGE][INFO] - 5579660270

03-09-2024T18:16:11 - [MESSAGE][PASSED] - totalplay.Common.verifyPropertyValueExist is PASSED

03-09-2024T18:16:11 - [TEST_STEP][PASSED] - totalplay.Common.verifyPropertyExist(SetPayment_instruments, shipments_0_shipping_address_postal_code): totalplay.Common.verifyPropertyExist is PASSED

03-09-2024T18:16:11 - [MESSAGE][INFO] - Checking response object

03-09-2024T18:16:11 - [MESSAGE][PASSED] - totalplay.Common.verifyPropertyExist is PASSED

03-09-2024T18:16:11 - [TEST_STEP][PASSED] - totalplay.Common.verifyPropertyValueExist(SetPayment_instruments, shipments_0_shipping_address_postal_code): totalplay.Common.verifyPropertyValueExist is PASSED

03-09-2024T18:16:11 - [MESSAGE][INFO] - Checking response object

03-09-2024T18:16:11 - [MESSAGE][INFO] - 11500

03-09-2024T18:16:11 - [MESSAGE][PASSED] - totalplay.Common.verifyPropertyValueExist is PASSED

03-09-2024T18:16:11 - [TEST_STEP][PASSED] - totalplay.Common.verifyPropertyExist(SetPayment_instruments, shipments_0_shipping_address_c_alias): totalplay.Common.verifyPropertyExist is PASSED

03-09-2024T18:16:11 - [MESSAGE][INFO] - Checking response object

03-09-2024T18:16:11 - [MESSAGE][PASSED] - totalplay.Common.verifyPropertyExist is PASSED

03-09-2024T18:16:11 - [TEST_STEP][PASSED] - totalplay.Common.verifyPropertyValueExist(SetPayment_instruments, shipments_0_shipping_address_c_alias): totalplay.Common.verifyPropertyValueExist is PASSED

03-09-2024T18:16:11 - [MESSAGE][INFO] - Checking response object

03-09-2024T18:16:11 - [MESSAGE][INFO] - CasaWaldoP

03-09-2024T18:16:11 - [MESSAGE][PASSED] - totalplay.Common.verifyPropertyValueExist is PASSED

03-09-2024T18:16:11 - [TEST_STEP][PASSED] - totalplay.Common.verifyPropertyExist(SetPayment_instruments, shipments_0_shipping_address_c_delegation): totalplay.Common.verifyPropertyExist is PASSED

03-09-2024T18:16:11 - [MESSAGE][INFO] - Checking response object

03-09-2024T18:16:11 - [MESSAGE][PASSED] - totalplay.Common.verifyPropertyExist is PASSED

03-09-2024T18:16:11 - [TEST_STEP][PASSED] - totalplay.Common.verifyPropertyValueExist(SetPayment_instruments, shipments_0_shipping_address_c_delegation): totalplay.Common.verifyPropertyValueExist is PASSED

03-09-2024T18:16:11 - [MESSAGE][INFO] - Checking response object

03-09-2024T18:16:11 - [MESSAGE][INFO] - Miguel Hidalgo

03-09-2024T18:16:11 - [MESSAGE][PASSED] - totalplay.Common.verifyPropertyValueExist is PASSED

03-09-2024T18:16:11 - [TEST_STEP][PASSED] - totalplay.Common.verifyPropertyExist(SetPayment_instruments, shipments_0_shipping_address_c_label): totalplay.Common.verifyPropertyExist is PASSED

03-09-2024T18:16:11 - [MESSAGE][INFO] - Checking response object

03-09-2024T18:16:11 - [MESSAGE][PASSED] - totalplay.Common.verifyPropertyExist is PASSED

03-09-2024T18:16:11 - [TEST_STEP][PASSED] - totalplay.Common.verifyPropertyValueExist(SetPayment_instruments, shipments_0_shipping_address_c_label): totalplay.Common.verifyPropertyValueExist is PASSED

03-09-2024T18:16:11 - [MESSAGE][INFO] - Checking response object

03-09-2024T18:16:11 - [MESSAGE][INFO] - {"home":true,"company":false,"other":false}

03-09-2024T18:16:11 - [MESSAGE][PASSED] - totalplay.Common.verifyPropertyValueExist is PASSED

03-09-2024T18:16:11 - [TEST_STEP][PASSED] - totalplay.Common.verifyPropertyExist(SetPayment_instruments, shipments_0_shipping_address_c_latitude): totalplay.Common.verifyPropertyExist is PASSED

03-09-2024T18:16:11 - [MESSAGE][INFO] - Checking response object

03-09-2024T18:16:11 - [MESSAGE][PASSED] - totalplay.Common.verifyPropertyExist is PASSED

03-09-2024T18:16:11 - [TEST_STEP][PASSED] - totalplay.Common.verifyPropertyValueExist(SetPayment_instruments, shipments_0_shipping_address_c_latitude): totalplay.Common.verifyPropertyValueExist is PASSED

03-09-2024T18:16:11 - [MESSAGE][INFO] - Checking response object

03-09-2024T18:16:11 - [MESSAGE][INFO] - 19.439691

03-09-2024T18:16:11 - [MESSAGE][PASSED] - totalplay.Common.verifyPropertyValueExist is PASSED

03-09-2024T18:16:11 - [TEST_STEP][PASSED] - totalplay.Common.verifyPropertyExist(SetPayment_instruments, shipments_0_shipping_address_c_longitude): totalplay.Common.verifyPropertyExist is PASSED

03-09-2024T18:16:11 - [MESSAGE][INFO] - Checking response object

03-09-2024T18:16:11 - [MESSAGE][PASSED] - totalplay.Common.verifyPropertyExist is PASSED

03-09-2024T18:16:11 - [TEST_STEP][PASSED] - totalplay.Common.verifyPropertyValueExist(SetPayment_instruments, shipments_0_shipping_address_c_longitude): totalplay.Common.verifyPropertyValueExist is PASSED

03-09-2024T18:16:11 - [MESSAGE][INFO] - Checking response object

03-09-2024T18:16:11 - [MESSAGE][INFO] - -99.205670

03-09-2024T18:16:11 - [MESSAGE][PASSED] - totalplay.Common.verifyPropertyValueExist is PASSED

03-09-2024T18:16:11 - [TEST_STEP][PASSED] - totalplay.Common.verifyPropertyExist(SetPayment_instruments, shipments_0_shipping_address_c_nExt): totalplay.Common.verifyPropertyExist is PASSED

03-09-2024T18:16:11 - [MESSAGE][INFO] - Checking response object

03-09-2024T18:16:11 - [MESSAGE][PASSED] - totalplay.Common.verifyPropertyExist is PASSED

03-09-2024T18:16:11 - [TEST_STEP][PASSED] - totalplay.Common.verifyPropertyValueExist(SetPayment_instruments, shipments_0_shipping_address_c_nExt): totalplay.Common.verifyPropertyValueExist is PASSED

03-09-2024T18:16:11 - [MESSAGE][INFO] - Checking response object

03-09-2024T18:16:11 - [MESSAGE][INFO] - 107

03-09-2024T18:16:11 - [MESSAGE][PASSED] - totalplay.Common.verifyPropertyValueExist is PASSED

03-09-2024T18:16:11 - [TEST_STEP][PASSED] - totalplay.Common.verifyPropertyExist(SetPayment_instruments, shipments_0_shipping_address_c_neighborhood): totalplay.Common.verifyPropertyExist is PASSED

03-09-2024T18:16:11 - [MESSAGE][INFO] - Checking response object

03-09-2024T18:16:11 - [MESSAGE][PASSED] - totalplay.Common.verifyPropertyExist is PASSED

03-09-2024T18:16:11 - [TEST_STEP][PASSED] - totalplay.Common.verifyPropertyValueExist(SetPayment_instruments, shipments_0_shipping_address_c_neighborhood): totalplay.Common.verifyPropertyValueExist is PASSED

03-09-2024T18:16:11 - [MESSAGE][INFO] - Checking response object

03-09-2024T18:16:11 - [MESSAGE][INFO] - Polanco

03-09-2024T18:16:11 - [MESSAGE][PASSED] - totalplay.Common.verifyPropertyValueExist is PASSED

03-09-2024T18:16:11 - [TEST_STEP][PASSED] - totalplay.Common.verifyPropertyExist(SetPayment_instruments, shipments_0_shipping_address_c_references): totalplay.Common.verifyPropertyExist is PASSED

03-09-2024T18:16:11 - [MESSAGE][INFO] - Checking response object

03-09-2024T18:16:11 - [MESSAGE][PASSED] - totalplay.Common.verifyPropertyExist is PASSED

03-09-2024T18:16:11 - [TEST_STEP][PASSED] - totalplay.Common.verifyPropertyValueExist(SetPayment_instruments, shipments_0_shipping_address_c_references): totalplay.Common.verifyPropertyValueExist is PASSED

03-09-2024T18:16:11 - [MESSAGE][INFO] - Checking response object

03-09-2024T18:16:11 - [MESSAGE][INFO] - Llamar al llegar

03-09-2024T18:16:11 - [MESSAGE][PASSED] - totalplay.Common.verifyPropertyValueExist is PASSED

03-09-2024T18:16:11 - [TEST_STEP][PASSED] - totalplay.Common.verifyPropertyExist(SetPayment_instruments, shipments_0_shipping_address_c_rfc): totalplay.Common.verifyPropertyExist is PASSED

03-09-2024T18:16:11 - [MESSAGE][INFO] - Checking response object

03-09-2024T18:16:12 - [MESSAGE][PASSED] - totalplay.Common.verifyPropertyExist is PASSED

03-09-2024T18:16:12 - [TEST_STEP][PASSED] - totalplay.Common.verifyPropertyValueExist(SetPayment_instruments, shipments_0_shipping_address_c_rfc): totalplay.Common.verifyPropertyValueExist is PASSED

03-09-2024T18:16:12 - [MESSAGE][INFO] - Checking response object

03-09-2024T18:16:12 - [MESSAGE][INFO] - XAXA010101111

03-09-2024T18:16:12 - [MESSAGE][PASSED] - totalplay.Common.verifyPropertyValueExist is PASSED

03-09-2024T18:16:12 - [TEST_STEP][PASSED] - totalplay.Common.verifyPropertyExist(SetPayment_instruments, shipments_0_shipping_address_c_state): totalplay.Common.verifyPropertyExist is PASSED

03-09-2024T18:16:12 - [MESSAGE][INFO] - Checking response object

03-09-2024T18:16:12 - [MESSAGE][PASSED] - totalplay.Common.verifyPropertyExist is PASSED

03-09-2024T18:16:12 - [TEST_STEP][PASSED] - totalplay.Common.verifyPropertyValueExist(SetPayment_instruments, shipments_0_shipping_address_c_state): totalplay.Common.verifyPropertyValueExist is PASSED

03-09-2024T18:16:12 - [MESSAGE][INFO] - Checking response object

03-09-2024T18:16:12 - [MESSAGE][INFO] - CDMX

03-09-2024T18:16:12 - [MESSAGE][PASSED] - totalplay.Common.verifyPropertyValueExist is PASSED

03-09-2024T18:16:12 - [TEST_STEP][PASSED] - totalplay.Common.verifyPropertyExist(SetPayment_instruments, shipments_0_shipping_address_c_streetName): totalplay.Common.verifyPropertyExist is PASSED

03-09-2024T18:16:12 - [MESSAGE][INFO] - Checking response object

03-09-2024T18:16:12 - [MESSAGE][PASSED] - totalplay.Common.verifyPropertyExist is PASSED

03-09-2024T18:16:12 - [TEST_STEP][PASSED] - totalplay.Common.verifyPropertyValueExist(SetPayment_instruments, shipments_0_shipping_address_c_streetName): totalplay.Common.verifyPropertyValueExist is PASSED

03-09-2024T18:16:12 - [MESSAGE][INFO] - Checking response object

03-09-2024T18:16:12 - [MESSAGE][INFO] - Alejandro Dumas

03-09-2024T18:16:12 - [MESSAGE][PASSED] - totalplay.Common.verifyPropertyValueExist is PASSED

03-09-2024T18:16:12 - [TEST_STEP][PASSED] - totalplay.Common.verifyPropertyExist(SetPayment_instruments, shipments_0_shipping_method__type): totalplay.Common.verifyPropertyExist is PASSED

03-09-2024T18:16:12 - [MESSAGE][INFO] - Checking response object

03-09-2024T18:16:12 - [MESSAGE][PASSED] - totalplay.Common.verifyPropertyExist is PASSED

03-09-2024T18:16:12 - [TEST_STEP][PASSED] - totalplay.Common.verifyPropertyValueExist(SetPayment_instruments, shipments_0_shipping_method__type): totalplay.Common.verifyPropertyValueExist is PASSED

03-09-2024T18:16:12 - [MESSAGE][INFO] - Checking response object

03-09-2024T18:16:12 - [MESSAGE][INFO] - shipping_method

03-09-2024T18:16:12 - [MESSAGE][PASSED] - totalplay.Common.verifyPropertyValueExist is PASSED

03-09-2024T18:16:12 - [TEST_STEP][PASSED] - totalplay.Common.verifyPropertyExist(SetPayment_instruments, shipments_0_shipping_method_description): totalplay.Common.verifyPropertyExist is PASSED

03-09-2024T18:16:12 - [MESSAGE][INFO] - Checking response object

03-09-2024T18:16:12 - [MESSAGE][PASSED] - totalplay.Common.verifyPropertyExist is PASSED

03-09-2024T18:16:12 - [TEST_STEP][PASSED] - totalplay.Common.verifyPropertyValueExist(SetPayment_instruments, shipments_0_shipping_method_description): totalplay.Common.verifyPropertyValueExist is PASSED

03-09-2024T18:16:12 - [MESSAGE][INFO] - Checking response object

03-09-2024T18:16:12 - [MESSAGE][INFO] - pickup

03-09-2024T18:16:12 - [MESSAGE][PASSED] - totalplay.Common.verifyPropertyValueExist is PASSED

03-09-2024T18:16:12 - [TEST_STEP][PASSED] - totalplay.Common.verifyPropertyExist(SetPayment_instruments, shipments_0_shipping_method_name): totalplay.Common.verifyPropertyExist is PASSED

03-09-2024T18:16:12 - [MESSAGE][INFO] - Checking response object

03-09-2024T18:16:12 - [MESSAGE][PASSED] - totalplay.Common.verifyPropertyExist is PASSED

03-09-2024T18:16:12 - [TEST_STEP][PASSED] - totalplay.Common.verifyPropertyValueExist(SetPayment_instruments, shipments_0_shipping_method_name): totalplay.Common.verifyPropertyValueExist is PASSED

03-09-2024T18:16:12 - [MESSAGE][INFO] - Checking response object

03-09-2024T18:16:12 - [MESSAGE][INFO] - pickup

03-09-2024T18:16:12 - [MESSAGE][PASSED] - totalplay.Common.verifyPropertyValueExist is PASSED

03-09-2024T18:16:12 - [TEST_STEP][PASSED] - totalplay.Common.verifyPropertyExist(SetPayment_instruments, shipments_0_shipping_method_c_estimatedArrivalTime): totalplay.Common.verifyPropertyExist is PASSED

03-09-2024T18:16:12 - [MESSAGE][INFO] - Checking response object

03-09-2024T18:16:12 - [MESSAGE][PASSED] - totalplay.Common.verifyPropertyExist is PASSED

03-09-2024T18:16:12 - [TEST_STEP][PASSED] - totalplay.Common.verifyPropertyValueExist(SetPayment_instruments, shipments_0_shipping_method_c_estimatedArrivalTime): totalplay.Common.verifyPropertyValueExist is PASSED

03-09-2024T18:16:12 - [MESSAGE][INFO] - Checking response object

03-09-2024T18:16:12 - [MESSAGE][INFO] - 60 Mins

03-09-2024T18:16:12 - [MESSAGE][PASSED] - totalplay.Common.verifyPropertyValueExist is PASSED

03-09-2024T18:16:12 - [TEST_STEP][PASSED] - totalplay.Common.getBooleanValueofObject(SetPayment_instruments, shipments_0_shipping_method_c_storePickupEnabled): totalplay.Common.getBooleanValueofObject is PASSED

03-09-2024T18:16:12 - [MESSAGE][INFO] - Checking response object

03-09-2024T18:16:12 - [MESSAGE][PASSED] - totalplay.Common.getBooleanValueofObject is PASSED

03-09-2024T18:16:12 - [TEST_STEP][PASSED] - totalplay.Common.verifyPropertyExist(SetPayment_instruments, shipments_0_shipping_status): totalplay.Common.verifyPropertyExist is PASSED

03-09-2024T18:16:12 - [MESSAGE][INFO] - Checking response object

03-09-2024T18:16:12 - [MESSAGE][PASSED] - totalplay.Common.verifyPropertyExist is PASSED

03-09-2024T18:16:12 - [TEST_STEP][PASSED] - totalplay.Common.verifyPropertyValueExist(SetPayment_instruments, shipments_0_shipping_status): totalplay.Common.verifyPropertyValueExist is PASSED

03-09-2024T18:16:12 - [MESSAGE][INFO] - Checking response object

03-09-2024T18:16:12 - [MESSAGE][INFO] - not_shipped

03-09-2024T18:16:12 - [MESSAGE][PASSED] - totalplay.Common.verifyPropertyValueExist is PASSED

03-09-2024T18:16:12 - [TEST_STEP][PASSED] - totalplay.Common.getDecimalValueofObject(SetPayment_instruments, shipments_0_shipping_total): totalplay.Common.getDecimalValueofObject is PASSED

03-09-2024T18:16:12 - [MESSAGE][INFO] - Checking response object

03-09-2024T18:16:12 - [MESSAGE][PASSED] - totalplay.Common.getDecimalValueofObject is PASSED

03-09-2024T18:16:12 - [TEST_STEP][PASSED] - totalplay.Common.getDecimalValueofObject(SetPayment_instruments, shipments_0_shipping_total_tax): totalplay.Common.getDecimalValueofObject is PASSED

03-09-2024T18:16:12 - [MESSAGE][INFO] - Checking response object

03-09-2024T18:16:12 - [MESSAGE][PASSED] - totalplay.Common.getDecimalValueofObject is PASSED

03-09-2024T18:16:12 - [TEST_STEP][PASSED] - totalplay.Common.verifyPropertyExist(SetPayment_instruments, c_seller_id): totalplay.Common.verifyPropertyExist is PASSED

03-09-2024T18:16:12 - [MESSAGE][INFO] - Checking response object

03-09-2024T18:16:12 - [MESSAGE][PASSED] - totalplay.Common.verifyPropertyExist is PASSED

03-09-2024T18:16:12 - [TEST_STEP][PASSED] - totalplay.Common.verifyPropertyValueExist(SetPayment_instruments, c_seller_id): totalplay.Common.verifyPropertyValueExist is PASSED

03-09-2024T18:16:12 - [MESSAGE][INFO] - Checking response object

03-09-2024T18:16:12 - [MESSAGE][INFO] - 4158

03-09-2024T18:16:12 - [MESSAGE][PASSED] - totalplay.Common.verifyPropertyValueExist is PASSED

03-09-2024T18:16:12 - [TEST_STEP][PASSED] - totalplay.Common.getDecimalValueofObject(SetPayment_instruments, c_serviceChargeTotalGrossPrice): totalplay.Common.getDecimalValueofObject is PASSED

03-09-2024T18:16:12 - [MESSAGE][INFO] - Checking response object

03-09-2024T18:16:12 - [MESSAGE][PASSED] - totalplay.Common.getDecimalValueofObject is PASSED

03-09-2024T18:16:12 - [TEST_STEP][PASSED] - totalplay.Common.verifyPropertyExist(SetPayment_instruments, c_formatedOrderTotal): totalplay.Common.verifyPropertyExist is PASSED

03-09-2024T18:16:12 - [MESSAGE][INFO] - Checking response object

03-09-2024T18:16:12 - [MESSAGE][PASSED] - totalplay.Common.verifyPropertyExist is PASSED

03-09-2024T18:16:12 - [TEST_STEP][PASSED] - totalplay.Common.verifyPropertyValueExist(SetPayment_instruments, c_formatedOrderTotal): totalplay.Common.verifyPropertyValueExist is PASSED

03-09-2024T18:16:12 - [MESSAGE][INFO] - Checking response object

03-09-2024T18:16:12 - [MESSAGE][INFO] - $277.36

03-09-2024T18:16:12 - [MESSAGE][PASSED] - totalplay.Common.verifyPropertyValueExist is PASSED

03-09-2024T18:16:12 - [TEST_STEP][PASSED] - totalplay.Common.verifyPropertyExist(SetPayment_instruments, c_formatedProductTotal): totalplay.Common.verifyPropertyExist is PASSED

03-09-2024T18:16:12 - [MESSAGE][INFO] - Checking response object

03-09-2024T18:16:12 - [MESSAGE][PASSED] - totalplay.Common.verifyPropertyExist is PASSED

03-09-2024T18:16:12 - [TEST_STEP][PASSED] - totalplay.Common.verifyPropertyValueExist(SetPayment_instruments, c_formatedProductTotal): totalplay.Common.verifyPropertyValueExist is PASSED

03-09-2024T18:16:12 - [MESSAGE][INFO] - Checking response object

03-09-2024T18:16:12 - [MESSAGE][INFO] - $224.00

03-09-2024T18:16:12 - [MESSAGE][PASSED] - totalplay.Common.verifyPropertyValueExist is PASSED]]></system-out>
         <system-err><![CDATA[]]></system-err>
      </testcase>
      <testcase name="Test Cases/TotalPlay-Food/TC_21_Pre- Auth Payments" time="13.043" classname="Test Cases/TotalPlay-Food/TC_21_Pre- Auth Payments" status="PASSED">
         <system-out><![CDATA[03-09-2024T18:16:12 - [TEST_CASE][PASSED] - Test Cases/TotalPlay-Food/TC_21_Pre- Auth Payments: Test Cases/TotalPlay-Food/TC_21_Pre- Auth Payments

03-09-2024T18:16:13 - [TEST_STEP][PASSED] - callTestCase(findTestCase("TotalPlay-Food/TC_1_Login_Service"), [:], STOP_ON_FAILURE): Call Test Case 'Test Cases/TotalPlay-Food/TC_1_Login_Service' successfully

03-09-2024T18:16:13 - [MESSAGE][INFO] - Checking called Test Case

03-09-2024T18:16:13 - [MESSAGE][INFO] - Starting to call Test Case 'Test Cases/TotalPlay-Food/TC_1_Login_Service'

03-09-2024T18:16:13 - [TEST_CASE][PASSED] - Test Cases/TotalPlay-Food/TC_1_Login_Service: Test Cases/TotalPlay-Food/TC_1_Login_Service

03-09-2024T18:16:13 - [TEST_STEP][PASSED] - LoginResponse = sendRequest(findTestObject("TotalPlay-Food/getTokenDelivery", ["URL":URL])): Send request successfully

03-09-2024T18:16:13 - [MESSAGE][INFO] - Finding Test Object 'Object Repository/TotalPlay-Food/getTokenDelivery'

03-09-2024T18:16:13 - [MESSAGE][INFO] - Checking request object

03-09-2024T18:16:16 - [MESSAGE][INFO] - HAR: C:\Users\ShubhamKumarThakur\OneDrive - Kognivera\Documents\TotalPlay\totalplay-automation\Reports\20240903_181332\Food_Service_Normal_Flow_PlaceOrder\20240903_181332\requests\main\29.har

03-09-2024T18:16:16 - [MESSAGE][PASSED] - Send request successfully

03-09-2024T18:16:16 - [TEST_STEP][PASSED] - assert getResponseStatusCode(LoginResponse) == 200: Checking response object

03-09-2024T18:16:16 - [MESSAGE][INFO] - Checking response object

03-09-2024T18:16:16 - [TEST_STEP][PASSED] - Auth = "ocapiResponse.access_token": null

03-09-2024T18:16:16 - [TEST_STEP][PASSED] - FoodBascketId = "ocapiResponse.c_basketId_TP_FOOD": null

03-09-2024T18:16:16 - [TEST_STEP][PASSED] - FoodBasId = getElementPropertyValue(LoginResponse, FoodBascketId): Checking response object

03-09-2024T18:16:16 - [MESSAGE][INFO] - Checking response object

03-09-2024T18:16:16 - [TEST_STEP][PASSED] - sfccAuthorization = getElementPropertyValue(LoginResponse, Auth): Checking response object

03-09-2024T18:16:16 - [MESSAGE][INFO] - Checking response object

03-09-2024T18:16:16 - [TEST_STEP][PASSED] - Authorization = "Bearer " + sfccAuthorization: null

03-09-2024T18:16:16 - [TEST_STEP][PASSED] - FoodBasketId = FoodBasId: null

03-09-2024T18:16:16 - [TEST_STEP][PASSED] - logInfo(bm_auth_token): 

03-09-2024T18:16:16 - [MESSAGE][INFO] - 

03-09-2024T18:16:16 - [TEST_STEP][PASSED] - if (sfccAuthorization.length() == 0): null

03-09-2024T18:16:16 - [TEST_STEP][PASSED] - else: authorization generated

03-09-2024T18:16:16 - [TEST_STEP][PASSED] - markPassed("authorization generated"): authorization generated

03-09-2024T18:16:16 - [MESSAGE][PASSED] - authorization generated

03-09-2024T18:16:16 - [TEST_STEP][PASSED] - BasketId_loginResponse = "ocapiResponse.c_basketId": null

03-09-2024T18:16:16 - [TEST_STEP][PASSED] - CustomerId_loginResponse = "ocapiResponse.customer_id": null

03-09-2024T18:16:16 - [TEST_STEP][PASSED] - basketId = getElementPropertyValue(LoginResponse, BasketId_loginResponse): Checking response object

03-09-2024T18:16:16 - [MESSAGE][INFO] - Checking response object

03-09-2024T18:16:16 - [TEST_STEP][PASSED] - customerId = getElementPropertyValue(LoginResponse, CustomerId_loginResponse): Checking response object

03-09-2024T18:16:16 - [MESSAGE][INFO] - Checking response object

03-09-2024T18:16:16 - [TEST_STEP][PASSED] - basketID = basketId: null

03-09-2024T18:16:16 - [TEST_STEP][PASSED] - sla_customerId = customerId: null

03-09-2024T18:16:16 - [TEST_STEP][PASSED] - println(basketID): null

03-09-2024T18:16:16 - [TEST_STEP][PASSED] - println(sla_customerId): null

03-09-2024T18:16:16 - [TEST_STEP][PASSED] - refresh_token = "ocapiResponse.refresh_token": null

03-09-2024T18:16:16 - [TEST_STEP][PASSED] - customer_email = "ocapiResponse.customer_email": null

03-09-2024T18:16:16 - [TEST_STEP][PASSED] - c_brmId = "ocapiResponse.c_brmId": null

03-09-2024T18:16:16 - [TEST_STEP][PASSED] - customer_name = "ocapiResponse.customer_name": null

03-09-2024T18:16:16 - [TEST_STEP][PASSED] - totalplay.Common.verifyPropertyExist(LoginResponse, refresh_token): totalplay.Common.verifyPropertyExist is PASSED

03-09-2024T18:16:16 - [MESSAGE][INFO] - Checking response object

03-09-2024T18:16:16 - [MESSAGE][PASSED] - totalplay.Common.verifyPropertyExist is PASSED

03-09-2024T18:16:16 - [TEST_STEP][PASSED] - totalplay.Common.verifyPropertyValueExist(LoginResponse, refresh_token): totalplay.Common.verifyPropertyValueExist is PASSED

03-09-2024T18:16:16 - [MESSAGE][INFO] - Checking response object

03-09-2024T18:16:16 - [MESSAGE][INFO] - NyHmD0zRydqVOf-5WjySUASjbOzperiP1jWSibEKiNM

03-09-2024T18:16:16 - [MESSAGE][PASSED] - totalplay.Common.verifyPropertyValueExist is PASSED

03-09-2024T18:16:16 - [TEST_STEP][PASSED] - totalplay.Common.verifyPropertyExist(LoginResponse, customer_email): totalplay.Common.verifyPropertyExist is PASSED

03-09-2024T18:16:16 - [MESSAGE][INFO] - Checking response object

03-09-2024T18:16:16 - [MESSAGE][PASSED] - totalplay.Common.verifyPropertyExist is PASSED

03-09-2024T18:16:16 - [TEST_STEP][PASSED] - totalplay.Common.verifyPropertyValueExist(LoginResponse, customer_email): totalplay.Common.verifyPropertyValueExist is PASSED

03-09-2024T18:16:16 - [MESSAGE][INFO] - Checking response object

03-09-2024T18:16:16 - [MESSAGE][INFO] - cesar.waldo93@gmail.com

03-09-2024T18:16:16 - [MESSAGE][PASSED] - totalplay.Common.verifyPropertyValueExist is PASSED

03-09-2024T18:16:16 - [TEST_STEP][PASSED] - totalplay.Common.verifyPropertyExist(LoginResponse, customer_name): totalplay.Common.verifyPropertyExist is PASSED

03-09-2024T18:16:16 - [MESSAGE][INFO] - Checking response object

03-09-2024T18:16:16 - [MESSAGE][PASSED] - totalplay.Common.verifyPropertyExist is PASSED

03-09-2024T18:16:16 - [TEST_STEP][PASSED] - totalplay.Common.verifyPropertyValueExist(LoginResponse, customer_name): totalplay.Common.verifyPropertyValueExist is PASSED

03-09-2024T18:16:16 - [MESSAGE][INFO] - Checking response object

03-09-2024T18:16:16 - [MESSAGE][INFO] - CESAR GERARDO WALDO GONZALEZ

03-09-2024T18:16:16 - [MESSAGE][PASSED] - totalplay.Common.verifyPropertyValueExist is PASSED

03-09-2024T18:16:16 - [TEST_STEP][PASSED] - totalplay.Common.verifyPropertyExist(LoginResponse, c_brmId): totalplay.Common.verifyPropertyExist is PASSED

03-09-2024T18:16:16 - [MESSAGE][INFO] - Checking response object

03-09-2024T18:16:16 - [MESSAGE][PASSED] - totalplay.Common.verifyPropertyExist is PASSED

03-09-2024T18:16:16 - [TEST_STEP][PASSED] - totalplay.Common.verifyPropertyValueExist(LoginResponse, c_brmId): totalplay.Common.verifyPropertyValueExist is PASSED

03-09-2024T18:16:16 - [MESSAGE][INFO] - Checking response object

03-09-2024T18:16:16 - [MESSAGE][INFO] - 0106378356

03-09-2024T18:16:16 - [MESSAGE][PASSED] - totalplay.Common.verifyPropertyValueExist is PASSED

03-09-2024T18:16:16 - [MESSAGE][PASSED] - Call Test Case 'Test Cases/TotalPlay-Food/TC_1_Login_Service' successfully

03-09-2024T18:16:16 - [TEST_STEP][PASSED] - AddProductbasket = sendRequest(findTestObject("TotalPlay-Food/AddProductToBasket", ["URL":URL, "basketID":basketID])): Send request successfully

03-09-2024T18:16:16 - [MESSAGE][INFO] - Finding Test Object 'Object Repository/TotalPlay-Food/AddProductToBasket'

03-09-2024T18:16:16 - [MESSAGE][INFO] - Checking request object

03-09-2024T18:16:18 - [MESSAGE][INFO] - HAR: C:\Users\ShubhamKumarThakur\OneDrive - Kognivera\Documents\TotalPlay\totalplay-automation\Reports\20240903_181332\Food_Service_Normal_Flow_PlaceOrder\20240903_181332\requests\main\30.har

03-09-2024T18:16:18 - [MESSAGE][PASSED] - Send request successfully

03-09-2024T18:16:18 - [TEST_STEP][PASSED] - verifyResponseStatusCode(AddProductbasket, 200): Verify response status code successfully

03-09-2024T18:16:18 - [MESSAGE][INFO] - Checking response object

03-09-2024T18:16:18 - [MESSAGE][PASSED] - Verify response status code successfully

03-09-2024T18:16:18 - [TEST_STEP][PASSED] - getAddress = sendRequest(findTestObject("TotalPlay-Food/GetAddresses", ["URL":URL, "sla_customerId":sla_customerId, "shop_auth_token":shop_auth_token])): Send request successfully

03-09-2024T18:16:18 - [MESSAGE][INFO] - Finding Test Object 'Object Repository/TotalPlay-Food/GetAddresses'

03-09-2024T18:16:18 - [MESSAGE][INFO] - Checking request object

03-09-2024T18:16:18 - [MESSAGE][INFO] - HAR: C:\Users\ShubhamKumarThakur\OneDrive - Kognivera\Documents\TotalPlay\totalplay-automation\Reports\20240903_181332\Food_Service_Normal_Flow_PlaceOrder\20240903_181332\requests\main\31.har

03-09-2024T18:16:18 - [MESSAGE][PASSED] - Send request successfully

03-09-2024T18:16:18 - [TEST_STEP][PASSED] - verifyResponseStatusCode(getAddress, 200): Verify response status code successfully

03-09-2024T18:16:18 - [MESSAGE][INFO] - Checking response object

03-09-2024T18:16:18 - [MESSAGE][PASSED] - Verify response status code successfully

03-09-2024T18:16:18 - [TEST_STEP][PASSED] - AddAddressToCart = sendRequest(findTestObject("TotalPlay-Food/add address to cart", ["URL":URL, "basketID":basketID])): Send request successfully

03-09-2024T18:16:18 - [MESSAGE][INFO] - Finding Test Object 'Object Repository/TotalPlay-Food/add address to cart'

03-09-2024T18:16:18 - [MESSAGE][INFO] - Checking request object

03-09-2024T18:16:20 - [MESSAGE][INFO] - HAR: C:\Users\ShubhamKumarThakur\OneDrive - Kognivera\Documents\TotalPlay\totalplay-automation\Reports\20240903_181332\Food_Service_Normal_Flow_PlaceOrder\20240903_181332\requests\main\32.har

03-09-2024T18:16:20 - [MESSAGE][PASSED] - Send request successfully

03-09-2024T18:16:20 - [TEST_STEP][PASSED] - verifyResponseStatusCode(AddAddressToCart, 200): Verify response status code successfully

03-09-2024T18:16:20 - [MESSAGE][INFO] - Checking response object

03-09-2024T18:16:20 - [MESSAGE][PASSED] - Verify response status code successfully

03-09-2024T18:16:20 - [TEST_STEP][PASSED] - SetPayment_instruments = sendRequest(findTestObject("TotalPlay-Food/SetPayment_instruments - Credit Card", ["URL":URL, "basketID":FoodBasketId, "shop_auth_token":shop_auth_token, "orderTotal":orderTotal])): Send request successfully

03-09-2024T18:16:20 - [MESSAGE][INFO] - Finding Test Object 'Object Repository/TotalPlay-Food/SetPayment_instruments - Credit Card'

03-09-2024T18:16:20 - [MESSAGE][INFO] - Checking request object

03-09-2024T18:16:21 - [MESSAGE][INFO] - HAR: C:\Users\ShubhamKumarThakur\OneDrive - Kognivera\Documents\TotalPlay\totalplay-automation\Reports\20240903_181332\Food_Service_Normal_Flow_PlaceOrder\20240903_181332\requests\main\33.har

03-09-2024T18:16:21 - [MESSAGE][PASSED] - Send request successfully

03-09-2024T18:16:21 - [TEST_STEP][PASSED] - verifyResponseStatusCode(SetPayment_instruments, 200): Verify response status code successfully

03-09-2024T18:16:21 - [MESSAGE][INFO] - Checking response object

03-09-2024T18:16:21 - [MESSAGE][PASSED] - Verify response status code successfully

03-09-2024T18:16:21 - [TEST_STEP][PASSED] - PreAuth = sendRequest(findTestObject("TotalPlay-Food/Pre-Auth", ["URL":URL, "basketID":basketID])): Send request successfully

03-09-2024T18:16:21 - [MESSAGE][INFO] - Finding Test Object 'Object Repository/TotalPlay-Food/Pre-Auth'

03-09-2024T18:16:21 - [MESSAGE][INFO] - Checking request object

03-09-2024T18:16:25 - [MESSAGE][INFO] - HAR: C:\Users\ShubhamKumarThakur\OneDrive - Kognivera\Documents\TotalPlay\totalplay-automation\Reports\20240903_181332\Food_Service_Normal_Flow_PlaceOrder\20240903_181332\requests\main\34.har

03-09-2024T18:16:25 - [MESSAGE][PASSED] - Send request successfully

03-09-2024T18:16:25 - [TEST_STEP][PASSED] - verifyResponseStatusCode(PreAuth, 200): Verify response status code successfully

03-09-2024T18:16:25 - [MESSAGE][INFO] - Checking response object

03-09-2024T18:16:25 - [MESSAGE][PASSED] - Verify response status code successfully

03-09-2024T18:16:25 - [TEST_STEP][PASSED] - shipmentID = "[0].shipmentID": null

03-09-2024T18:16:25 - [TEST_STEP][PASSED] - paymentStatus = "[0].paymentStatus": null

03-09-2024T18:16:25 - [TEST_STEP][PASSED] - totalplay.Common.verifyPropertyExist(PreAuth, shipmentID): totalplay.Common.verifyPropertyExist is PASSED

03-09-2024T18:16:25 - [MESSAGE][INFO] - Checking response object

03-09-2024T18:16:25 - [MESSAGE][PASSED] - totalplay.Common.verifyPropertyExist is PASSED

03-09-2024T18:16:25 - [TEST_STEP][PASSED] - totalplay.Common.verifyPropertyValueExist(PreAuth, shipmentID): totalplay.Common.verifyPropertyValueExist is PASSED

03-09-2024T18:16:25 - [MESSAGE][INFO] - Checking response object

03-09-2024T18:16:25 - [MESSAGE][INFO] - me

03-09-2024T18:16:25 - [MESSAGE][PASSED] - totalplay.Common.verifyPropertyValueExist is PASSED

03-09-2024T18:16:25 - [TEST_STEP][PASSED] - totalplay.Common.verifyPropertyExist(PreAuth, paymentStatus): totalplay.Common.verifyPropertyExist is PASSED

03-09-2024T18:16:25 - [MESSAGE][INFO] - Checking response object

03-09-2024T18:16:25 - [MESSAGE][PASSED] - totalplay.Common.verifyPropertyExist is PASSED

03-09-2024T18:16:25 - [TEST_STEP][PASSED] - totalplay.Common.verifyPropertyValueExist(PreAuth, paymentStatus): totalplay.Common.verifyPropertyValueExist is PASSED

03-09-2024T18:16:25 - [MESSAGE][INFO] - Checking response object

03-09-2024T18:16:25 - [MESSAGE][INFO] - Success

03-09-2024T18:16:25 - [MESSAGE][PASSED] - totalplay.Common.verifyPropertyValueExist is PASSED]]></system-out>
         <system-err><![CDATA[]]></system-err>
      </testcase>
      <system-out><![CDATA[03-09-2024T18:13:42 - [TEST_SUITE][PASSED] - Food_Service_Normal_Flow_PlaceOrder: Test Cases/TotalPlay-Food/TC_21_Pre- Auth Payments]]></system-out>
      <system-err><![CDATA[]]></system-err>
   </testsuite>
</testsuites>
