<?xml version="1.0" encoding="UTF-8"?>
<testsuites name="Food_Services" time="89.048" tests="9" failures="0" errors="0">
   <testsuite name="Food_Services" tests="9" failures="0" errors="0" time="89.048" skipped="0" timestamp="24-07-2024T10:49:41" hostname="ShubhamKumarThakur - KVITSPL-0406" id="Test Suites/Food_Services">
      <properties>
         <property name="deviceName" value=""/>
         <property name="devicePlatform"/>
         <property name="logFolder" value="C:\\Users\\ShubhamKumarThakur\\OneDrive - Kognivera\\Documents\\TotalPlay\\totalplay-automation\\Reports\\20240724_104928\\Food_Services\\20240724_104928"/>
         <property name="logFiles" value="C:\\Users\\ShubhamKumarThakur\\OneDrive - Kognivera\\Documents\\TotalPlay\\totalplay-automation\\Reports\\20240724_104928\\Food_Services\\20240724_104928\\execution0.log"/>
         <property name="attachments" value=""/>
         <property name="hostName" value="ShubhamKumarThakur - KVITSPL-0406"/>
         <property name="hostAddress" value="10.3.1.126"/>
         <property name="os" value="Windows 10 64bit"/>
         <property name="katalonVersion" value="9.6.0.217"/>
      </properties>
      <testcase name="Test Cases/TotalPlay-Food/TC_1_Login_Service" time="11.306" classname="Test Cases/TotalPlay-Food/TC_1_Login_Service" status="PASSED">
         <system-out><![CDATA[24-07-2024T10:49:42 - [TEST_CASE][PASSED] - Test Cases/TotalPlay-Food/TC_1_Login_Service: Test Cases/TotalPlay-Food/TC_1_Login_Service

24-07-2024T10:49:44 - [TEST_STEP][PASSED] - LoginResponse = sendRequest(findTestObject("TotalPlay-Food/getTokenDelivery", ["URL":URL])): Send request successfully

24-07-2024T10:49:45 - [MESSAGE][INFO] - Finding Test Object 'Object Repository/TotalPlay-Food/getTokenDelivery'

24-07-2024T10:49:46 - [MESSAGE][INFO] - Checking request object

24-07-2024T10:49:52 - [MESSAGE][INFO] - HAR: C:\Users\ShubhamKumarThakur\OneDrive - Kognivera\Documents\TotalPlay\totalplay-automation\Reports\20240724_104928\Food_Services\20240724_104928\requests\main\0.har

24-07-2024T10:49:52 - [MESSAGE][PASSED] - Send request successfully

24-07-2024T10:49:52 - [TEST_STEP][PASSED] - assert getResponseStatusCode(LoginResponse) == 200: Checking response object

24-07-2024T10:49:52 - [MESSAGE][INFO] - Checking response object

24-07-2024T10:49:52 - [TEST_STEP][PASSED] - Auth = "ocapiResponse.access_token": null

24-07-2024T10:49:52 - [TEST_STEP][PASSED] - FoodBascketId = "ocapiResponse.c_basketId_TP_FOOD": null

24-07-2024T10:49:52 - [TEST_STEP][PASSED] - FoodBasId = getElementPropertyValue(LoginResponse, FoodBascketId): Checking response object

24-07-2024T10:49:52 - [MESSAGE][INFO] - Checking response object

24-07-2024T10:49:52 - [TEST_STEP][PASSED] - sfccAuthorization = getElementPropertyValue(LoginResponse, Auth): Checking response object

24-07-2024T10:49:52 - [MESSAGE][INFO] - Checking response object

24-07-2024T10:49:53 - [TEST_STEP][PASSED] - Authorization = "Bearer " + sfccAuthorization: null

24-07-2024T10:49:53 - [TEST_STEP][PASSED] - FoodBasketId = FoodBasId: null

24-07-2024T10:49:53 - [TEST_STEP][PASSED] - logInfo(bm_auth_token): 

24-07-2024T10:49:53 - [MESSAGE][INFO] - 

24-07-2024T10:49:53 - [TEST_STEP][PASSED] - if (sfccAuthorization.length() == 0): null

24-07-2024T10:49:53 - [TEST_STEP][PASSED] - else: authorization generated

24-07-2024T10:49:53 - [TEST_STEP][PASSED] - markPassed("authorization generated"): authorization generated

24-07-2024T10:49:53 - [MESSAGE][PASSED] - authorization generated

24-07-2024T10:49:53 - [TEST_STEP][PASSED] - BasketId_loginResponse = "ocapiResponse.c_basketId": null

24-07-2024T10:49:53 - [TEST_STEP][PASSED] - CustomerId_loginResponse = "ocapiResponse.customer_id": null

24-07-2024T10:49:53 - [TEST_STEP][PASSED] - basketId = getElementPropertyValue(LoginResponse, BasketId_loginResponse): Checking response object

24-07-2024T10:49:53 - [MESSAGE][INFO] - Checking response object

24-07-2024T10:49:53 - [TEST_STEP][PASSED] - customerId = getElementPropertyValue(LoginResponse, CustomerId_loginResponse): Checking response object

24-07-2024T10:49:53 - [MESSAGE][INFO] - Checking response object

24-07-2024T10:49:53 - [TEST_STEP][PASSED] - basketID = basketId: null

24-07-2024T10:49:53 - [TEST_STEP][PASSED] - sla_customerId = customerId: null

24-07-2024T10:49:53 - [TEST_STEP][PASSED] - println(basketID): null

24-07-2024T10:49:53 - [TEST_STEP][PASSED] - println(sla_customerId): null

24-07-2024T10:49:53 - [TEST_STEP][PASSED] - refresh_token = "ocapiResponse.refresh_token": null

24-07-2024T10:49:53 - [TEST_STEP][PASSED] - customer_email = "ocapiResponse.customer_email": null

24-07-2024T10:49:53 - [TEST_STEP][PASSED] - c_brmId = "ocapiResponse.c_brmId": null

24-07-2024T10:49:53 - [TEST_STEP][PASSED] - customer_name = "ocapiResponse.customer_name": null

24-07-2024T10:49:53 - [TEST_STEP][PASSED] - totalplay.Common.verifyPropertyExist(LoginResponse, refresh_token): totalplay.Common.verifyPropertyExist is PASSED

24-07-2024T10:49:53 - [MESSAGE][INFO] - Checking response object

24-07-2024T10:49:53 - [MESSAGE][PASSED] - totalplay.Common.verifyPropertyExist is PASSED

24-07-2024T10:49:53 - [TEST_STEP][PASSED] - totalplay.Common.verifyPropertyValueExist(LoginResponse, refresh_token): totalplay.Common.verifyPropertyValueExist is PASSED

24-07-2024T10:49:53 - [MESSAGE][INFO] - Checking response object

24-07-2024T10:49:53 - [MESSAGE][INFO] - 8JRDgveOCFqIn72S-3-YQPMLMBQIZ0L82QqF8o8twEU

24-07-2024T10:49:53 - [MESSAGE][PASSED] - totalplay.Common.verifyPropertyValueExist is PASSED

24-07-2024T10:49:53 - [TEST_STEP][PASSED] - totalplay.Common.verifyPropertyExist(LoginResponse, customer_email): totalplay.Common.verifyPropertyExist is PASSED

24-07-2024T10:49:53 - [MESSAGE][INFO] - Checking response object

24-07-2024T10:49:53 - [MESSAGE][PASSED] - totalplay.Common.verifyPropertyExist is PASSED

24-07-2024T10:49:53 - [TEST_STEP][PASSED] - totalplay.Common.verifyPropertyValueExist(LoginResponse, customer_email): totalplay.Common.verifyPropertyValueExist is PASSED

24-07-2024T10:49:53 - [MESSAGE][INFO] - Checking response object

24-07-2024T10:49:53 - [MESSAGE][INFO] - cesar.waldo93@gmail.com

24-07-2024T10:49:53 - [MESSAGE][PASSED] - totalplay.Common.verifyPropertyValueExist is PASSED

24-07-2024T10:49:53 - [TEST_STEP][PASSED] - totalplay.Common.verifyPropertyExist(LoginResponse, customer_name): totalplay.Common.verifyPropertyExist is PASSED

24-07-2024T10:49:53 - [MESSAGE][INFO] - Checking response object

24-07-2024T10:49:53 - [MESSAGE][PASSED] - totalplay.Common.verifyPropertyExist is PASSED

24-07-2024T10:49:53 - [TEST_STEP][PASSED] - totalplay.Common.verifyPropertyValueExist(LoginResponse, customer_name): totalplay.Common.verifyPropertyValueExist is PASSED

24-07-2024T10:49:53 - [MESSAGE][INFO] - Checking response object

24-07-2024T10:49:54 - [MESSAGE][INFO] - CESAR GERARDO WALDO GONZALEZ

24-07-2024T10:49:54 - [MESSAGE][PASSED] - totalplay.Common.verifyPropertyValueExist is PASSED

24-07-2024T10:49:54 - [TEST_STEP][PASSED] - totalplay.Common.verifyPropertyExist(LoginResponse, c_brmId): totalplay.Common.verifyPropertyExist is PASSED

24-07-2024T10:49:54 - [MESSAGE][INFO] - Checking response object

24-07-2024T10:49:54 - [MESSAGE][PASSED] - totalplay.Common.verifyPropertyExist is PASSED

24-07-2024T10:49:54 - [TEST_STEP][PASSED] - totalplay.Common.verifyPropertyValueExist(LoginResponse, c_brmId): totalplay.Common.verifyPropertyValueExist is PASSED

24-07-2024T10:49:54 - [MESSAGE][INFO] - Checking response object

24-07-2024T10:49:54 - [MESSAGE][INFO] - 0106378356

24-07-2024T10:49:54 - [MESSAGE][PASSED] - totalplay.Common.verifyPropertyValueExist is PASSED]]></system-out>
         <system-err><![CDATA[]]></system-err>
      </testcase>
      <testcase name="Test Cases/TotalPlay-Food/TC_2_Food_Store_Listing_Page_(SLP)" time="11.318" classname="Test Cases/TotalPlay-Food/TC_2_Food_Store_Listing_Page_(SLP)" status="PASSED">
         <system-out><![CDATA[24-07-2024T10:49:54 - [TEST_CASE][PASSED] - Test Cases/TotalPlay-Food/TC_2_Food_Store_Listing_Page_(SLP): Test Cases/TotalPlay-Food/TC_2_Food_Store_Listing_Page_(SLP)

24-07-2024T10:49:55 - [TEST_STEP][PASSED] - callTestCase(findTestCase("TotalPlay-Food/TC_1_Login_Service"), [:], STOP_ON_FAILURE): Call Test Case 'Test Cases/TotalPlay-Food/TC_1_Login_Service' successfully

24-07-2024T10:49:55 - [MESSAGE][INFO] - Checking called Test Case

24-07-2024T10:49:55 - [MESSAGE][INFO] - Starting to call Test Case 'Test Cases/TotalPlay-Food/TC_1_Login_Service'

24-07-2024T10:49:55 - [TEST_CASE][PASSED] - Test Cases/TotalPlay-Food/TC_1_Login_Service: Test Cases/TotalPlay-Food/TC_1_Login_Service

24-07-2024T10:49:55 - [TEST_STEP][PASSED] - LoginResponse = sendRequest(findTestObject("TotalPlay-Food/getTokenDelivery", ["URL":URL])): Send request successfully

24-07-2024T10:49:55 - [MESSAGE][INFO] - Finding Test Object 'Object Repository/TotalPlay-Food/getTokenDelivery'

24-07-2024T10:49:55 - [MESSAGE][INFO] - Checking request object

24-07-2024T10:49:59 - [MESSAGE][INFO] - HAR: C:\Users\ShubhamKumarThakur\OneDrive - Kognivera\Documents\TotalPlay\totalplay-automation\Reports\20240724_104928\Food_Services\20240724_104928\requests\main\1.har

24-07-2024T10:49:59 - [MESSAGE][PASSED] - Send request successfully

24-07-2024T10:49:59 - [TEST_STEP][PASSED] - assert getResponseStatusCode(LoginResponse) == 200: Checking response object

24-07-2024T10:49:59 - [MESSAGE][INFO] - Checking response object

24-07-2024T10:49:59 - [TEST_STEP][PASSED] - Auth = "ocapiResponse.access_token": null

24-07-2024T10:49:59 - [TEST_STEP][PASSED] - FoodBascketId = "ocapiResponse.c_basketId_TP_FOOD": null

24-07-2024T10:49:59 - [TEST_STEP][PASSED] - FoodBasId = getElementPropertyValue(LoginResponse, FoodBascketId): Checking response object

24-07-2024T10:49:59 - [MESSAGE][INFO] - Checking response object

24-07-2024T10:49:59 - [TEST_STEP][PASSED] - sfccAuthorization = getElementPropertyValue(LoginResponse, Auth): Checking response object

24-07-2024T10:49:59 - [MESSAGE][INFO] - Checking response object

24-07-2024T10:49:59 - [TEST_STEP][PASSED] - Authorization = "Bearer " + sfccAuthorization: null

24-07-2024T10:49:59 - [TEST_STEP][PASSED] - FoodBasketId = FoodBasId: null

24-07-2024T10:49:59 - [TEST_STEP][PASSED] - logInfo(bm_auth_token): 

24-07-2024T10:49:59 - [MESSAGE][INFO] - 

24-07-2024T10:49:59 - [TEST_STEP][PASSED] - if (sfccAuthorization.length() == 0): null

24-07-2024T10:49:59 - [TEST_STEP][PASSED] - else: authorization generated

24-07-2024T10:49:59 - [TEST_STEP][PASSED] - markPassed("authorization generated"): authorization generated

24-07-2024T10:49:59 - [MESSAGE][PASSED] - authorization generated

24-07-2024T10:49:59 - [TEST_STEP][PASSED] - BasketId_loginResponse = "ocapiResponse.c_basketId": null

24-07-2024T10:49:59 - [TEST_STEP][PASSED] - CustomerId_loginResponse = "ocapiResponse.customer_id": null

24-07-2024T10:49:59 - [TEST_STEP][PASSED] - basketId = getElementPropertyValue(LoginResponse, BasketId_loginResponse): Checking response object

24-07-2024T10:49:59 - [MESSAGE][INFO] - Checking response object

24-07-2024T10:49:59 - [TEST_STEP][PASSED] - customerId = getElementPropertyValue(LoginResponse, CustomerId_loginResponse): Checking response object

24-07-2024T10:49:59 - [MESSAGE][INFO] - Checking response object

24-07-2024T10:49:59 - [TEST_STEP][PASSED] - basketID = basketId: null

24-07-2024T10:49:59 - [TEST_STEP][PASSED] - sla_customerId = customerId: null

24-07-2024T10:49:59 - [TEST_STEP][PASSED] - println(basketID): null

24-07-2024T10:49:59 - [TEST_STEP][PASSED] - println(sla_customerId): null

24-07-2024T10:49:59 - [TEST_STEP][PASSED] - refresh_token = "ocapiResponse.refresh_token": null

24-07-2024T10:49:59 - [TEST_STEP][PASSED] - customer_email = "ocapiResponse.customer_email": null

24-07-2024T10:49:59 - [TEST_STEP][PASSED] - c_brmId = "ocapiResponse.c_brmId": null

24-07-2024T10:49:59 - [TEST_STEP][PASSED] - customer_name = "ocapiResponse.customer_name": null

24-07-2024T10:49:59 - [TEST_STEP][PASSED] - totalplay.Common.verifyPropertyExist(LoginResponse, refresh_token): totalplay.Common.verifyPropertyExist is PASSED

24-07-2024T10:49:59 - [MESSAGE][INFO] - Checking response object

24-07-2024T10:49:59 - [MESSAGE][PASSED] - totalplay.Common.verifyPropertyExist is PASSED

24-07-2024T10:49:59 - [TEST_STEP][PASSED] - totalplay.Common.verifyPropertyValueExist(LoginResponse, refresh_token): totalplay.Common.verifyPropertyValueExist is PASSED

24-07-2024T10:49:59 - [MESSAGE][INFO] - Checking response object

24-07-2024T10:49:59 - [MESSAGE][INFO] - AJGmbqr_GKZd_7eS8M4HuNYATrVcFAzpFyNkq9F5OBM

24-07-2024T10:49:59 - [MESSAGE][PASSED] - totalplay.Common.verifyPropertyValueExist is PASSED

24-07-2024T10:49:59 - [TEST_STEP][PASSED] - totalplay.Common.verifyPropertyExist(LoginResponse, customer_email): totalplay.Common.verifyPropertyExist is PASSED

24-07-2024T10:49:59 - [MESSAGE][INFO] - Checking response object

24-07-2024T10:49:59 - [MESSAGE][PASSED] - totalplay.Common.verifyPropertyExist is PASSED

24-07-2024T10:49:59 - [TEST_STEP][PASSED] - totalplay.Common.verifyPropertyValueExist(LoginResponse, customer_email): totalplay.Common.verifyPropertyValueExist is PASSED

24-07-2024T10:49:59 - [MESSAGE][INFO] - Checking response object

24-07-2024T10:49:59 - [MESSAGE][INFO] - cesar.waldo93@gmail.com

24-07-2024T10:49:59 - [MESSAGE][PASSED] - totalplay.Common.verifyPropertyValueExist is PASSED

24-07-2024T10:49:59 - [TEST_STEP][PASSED] - totalplay.Common.verifyPropertyExist(LoginResponse, customer_name): totalplay.Common.verifyPropertyExist is PASSED

24-07-2024T10:49:59 - [MESSAGE][INFO] - Checking response object

24-07-2024T10:49:59 - [MESSAGE][PASSED] - totalplay.Common.verifyPropertyExist is PASSED

24-07-2024T10:49:59 - [TEST_STEP][PASSED] - totalplay.Common.verifyPropertyValueExist(LoginResponse, customer_name): totalplay.Common.verifyPropertyValueExist is PASSED

24-07-2024T10:49:59 - [MESSAGE][INFO] - Checking response object

24-07-2024T10:49:59 - [MESSAGE][INFO] - CESAR GERARDO WALDO GONZALEZ

24-07-2024T10:49:59 - [MESSAGE][PASSED] - totalplay.Common.verifyPropertyValueExist is PASSED

24-07-2024T10:49:59 - [TEST_STEP][PASSED] - totalplay.Common.verifyPropertyExist(LoginResponse, c_brmId): totalplay.Common.verifyPropertyExist is PASSED

24-07-2024T10:49:59 - [MESSAGE][INFO] - Checking response object

24-07-2024T10:49:59 - [MESSAGE][PASSED] - totalplay.Common.verifyPropertyExist is PASSED

24-07-2024T10:49:59 - [TEST_STEP][PASSED] - totalplay.Common.verifyPropertyValueExist(LoginResponse, c_brmId): totalplay.Common.verifyPropertyValueExist is PASSED

24-07-2024T10:49:59 - [MESSAGE][INFO] - Checking response object

24-07-2024T10:49:59 - [MESSAGE][INFO] - 0106378356

24-07-2024T10:49:59 - [MESSAGE][PASSED] - totalplay.Common.verifyPropertyValueExist is PASSED

24-07-2024T10:49:59 - [MESSAGE][PASSED] - Call Test Case 'Test Cases/TotalPlay-Food/TC_1_Login_Service' successfully

24-07-2024T10:49:59 - [TEST_STEP][PASSED] - FoodSLP = sendRequest(findTestObject("TotalPlay-Food/Food SLP", ["URL":URL])): Send request successfully

24-07-2024T10:49:59 - [MESSAGE][INFO] - Finding Test Object 'Object Repository/TotalPlay-Food/Food SLP'

24-07-2024T10:50:00 - [MESSAGE][INFO] - Checking request object

24-07-2024T10:50:01 - [MESSAGE][INFO] - HAR: C:\Users\ShubhamKumarThakur\OneDrive - Kognivera\Documents\TotalPlay\totalplay-automation\Reports\20240724_104928\Food_Services\20240724_104928\requests\main\2.har

24-07-2024T10:50:01 - [MESSAGE][PASSED] - Send request successfully

24-07-2024T10:50:01 - [TEST_STEP][PASSED] - verifyResponseStatusCode(FoodSLP, 200): Verify response status code successfully

24-07-2024T10:50:01 - [MESSAGE][INFO] - Checking response object

24-07-2024T10:50:01 - [MESSAGE][PASSED] - Verify response status code successfully

24-07-2024T10:50:01 - [TEST_STEP][PASSED] - pageId = "pageId": null

24-07-2024T10:50:01 - [TEST_STEP][PASSED] - pageTypeId = "pageTypeId": null

24-07-2024T10:50:01 - [TEST_STEP][PASSED] - pageTitle = "pageTitle": null

24-07-2024T10:50:01 - [TEST_STEP][PASSED] - components_componentTypeId = "components[0].componentTypeId": null

24-07-2024T10:50:01 - [TEST_STEP][PASSED] - components = "components": null

24-07-2024T10:50:01 - [TEST_STEP][PASSED] - components_componentType = "components[0].componentType": null

24-07-2024T10:50:01 - [TEST_STEP][PASSED] - components_bannerLayout = "components[0].bannerLayout": null

24-07-2024T10:50:01 - [TEST_STEP][PASSED] - components_textHeadline = "components[0].textHeadline": null

24-07-2024T10:50:01 - [TEST_STEP][PASSED] - components_componentAssets = "components[0].componentAssets": null

24-07-2024T10:50:01 - [TEST_STEP][PASSED] - components_componentAssets_componentTypeId = "components[0].componentAssets[0].componentTypeId": null

24-07-2024T10:50:01 - [TEST_STEP][PASSED] - components_componentAssets_image = "components[0].componentAssets[0].image": null

24-07-2024T10:50:01 - [TEST_STEP][PASSED] - components_componentAssets_componentType = "components[0].componentAssets[0].componentType": null

24-07-2024T10:50:01 - [TEST_STEP][PASSED] - components_componentAssets_corporateColorCode = "components[0].componentAssets[0].corporateColorCode": null

24-07-2024T10:50:01 - [TEST_STEP][PASSED] - components_componentAssets_bannerDesc = "components[0].componentAssets[0].bannerDesc": null

24-07-2024T10:50:01 - [TEST_STEP][PASSED] - components_componentAssets_isAgeRestricted = "components[0].componentAssets[0].isAgeRestricted": null

24-07-2024T10:50:01 - [TEST_STEP][PASSED] - components_componentAssets_link = "components[0].componentAssets[0].link": null

24-07-2024T10:50:01 - [TEST_STEP][PASSED] - components_componentAssets_bannerName = "components[0].componentAssets[0].bannerName": null

24-07-2024T10:50:01 - [TEST_STEP][PASSED] - components_componentAssets_logo = "components[0].componentAssets[0].logo": null

24-07-2024T10:50:01 - [TEST_STEP][PASSED] - components_componentAssets_linkType = "components[0].componentAssets[0].linkType": null

24-07-2024T10:50:01 - [TEST_STEP][PASSED] - components_componentAssets_positionAfter = "components[0].componentAssets[0].positionAfter": null

24-07-2024T10:50:01 - [TEST_STEP][PASSED] - components_componentAssets_deliveryTime = "components[0].componentAssets[0].deliveryTime": null

24-07-2024T10:50:01 - [TEST_STEP][PASSED] - components_componentAssets_promotion = "components[0].componentAssets[0].promotion": null

24-07-2024T10:50:01 - [TEST_STEP][PASSED] - components_componentAssets_storeName = "components[0].componentAssets[0].storeName": null

24-07-2024T10:50:01 - [TEST_STEP][PASSED] - components_componentAssets_ID = "components[0].componentAssets[0].ID": null

24-07-2024T10:50:01 - [TEST_STEP][PASSED] - totalplay.Common.verifyPropertyExist(FoodSLP, pageId): totalplay.Common.verifyPropertyExist is PASSED

24-07-2024T10:50:01 - [MESSAGE][INFO] - Checking response object

24-07-2024T10:50:01 - [MESSAGE][PASSED] - totalplay.Common.verifyPropertyExist is PASSED

24-07-2024T10:50:01 - [TEST_STEP][PASSED] - totalplay.Common.verifyPropertyValueExist(FoodSLP, pageId): totalplay.Common.verifyPropertyValueExist is PASSED

24-07-2024T10:50:01 - [MESSAGE][INFO] - Checking response object

24-07-2024T10:50:01 - [MESSAGE][INFO] - storelistingpage

24-07-2024T10:50:01 - [MESSAGE][PASSED] - totalplay.Common.verifyPropertyValueExist is PASSED

24-07-2024T10:50:01 - [TEST_STEP][PASSED] - totalplay.Common.verifyPropertyExist(FoodSLP, components_componentType): totalplay.Common.verifyPropertyExist is PASSED

24-07-2024T10:50:01 - [MESSAGE][INFO] - Checking response object

24-07-2024T10:50:02 - [MESSAGE][PASSED] - totalplay.Common.verifyPropertyExist is PASSED

24-07-2024T10:50:02 - [TEST_STEP][PASSED] - totalplay.Common.verifyPropertyValueExist(FoodSLP, components_componentType): totalplay.Common.verifyPropertyValueExist is PASSED

24-07-2024T10:50:02 - [MESSAGE][INFO] - Checking response object

24-07-2024T10:50:02 - [MESSAGE][INFO] - commerce_layouts

24-07-2024T10:50:02 - [MESSAGE][PASSED] - totalplay.Common.verifyPropertyValueExist is PASSED

24-07-2024T10:50:02 - [TEST_STEP][PASSED] - totalplay.Common.verifyPropertyExist(FoodSLP, components_bannerLayout): totalplay.Common.verifyPropertyExist is PASSED

24-07-2024T10:50:02 - [MESSAGE][INFO] - Checking response object

24-07-2024T10:50:02 - [MESSAGE][PASSED] - totalplay.Common.verifyPropertyExist is PASSED

24-07-2024T10:50:02 - [TEST_STEP][PASSED] - totalplay.Common.verifyPropertyValueExist(FoodSLP, components_bannerLayout): totalplay.Common.verifyPropertyValueExist is PASSED

24-07-2024T10:50:02 - [MESSAGE][INFO] - Checking response object

24-07-2024T10:50:02 - [MESSAGE][INFO] - hero display

24-07-2024T10:50:02 - [MESSAGE][PASSED] - totalplay.Common.verifyPropertyValueExist is PASSED

24-07-2024T10:50:02 - [TEST_STEP][PASSED] - totalplay.Common.verifyPropertyExist(FoodSLP, components_componentTypeId): totalplay.Common.verifyPropertyExist is PASSED

24-07-2024T10:50:02 - [MESSAGE][INFO] - Checking response object

24-07-2024T10:50:02 - [MESSAGE][PASSED] - totalplay.Common.verifyPropertyExist is PASSED

24-07-2024T10:50:02 - [TEST_STEP][PASSED] - totalplay.Common.verifyPropertyValueExist(FoodSLP, components_componentTypeId): totalplay.Common.verifyPropertyValueExist is PASSED

24-07-2024T10:50:02 - [MESSAGE][INFO] - Checking response object

24-07-2024T10:50:02 - [MESSAGE][INFO] - commerce_layouts.FoodHomeCarousel

24-07-2024T10:50:02 - [MESSAGE][PASSED] - totalplay.Common.verifyPropertyValueExist is PASSED

24-07-2024T10:50:02 - [TEST_STEP][PASSED] - totalplay.Common.verifyPropertyExist(FoodSLP, components): totalplay.Common.verifyPropertyExist is PASSED

24-07-2024T10:50:02 - [MESSAGE][INFO] - Checking response object

24-07-2024T10:50:02 - [MESSAGE][PASSED] - totalplay.Common.verifyPropertyExist is PASSED

24-07-2024T10:50:02 - [TEST_STEP][PASSED] - totalplay.Common.verifyPropertyExist(FoodSLP, pageTitle): totalplay.Common.verifyPropertyExist is PASSED

24-07-2024T10:50:02 - [MESSAGE][INFO] - Checking response object

24-07-2024T10:50:02 - [MESSAGE][PASSED] - totalplay.Common.verifyPropertyExist is PASSED

24-07-2024T10:50:02 - [TEST_STEP][PASSED] - totalplay.Common.verifyPropertyValueExist(FoodSLP, pageTitle): totalplay.Common.verifyPropertyValueExist is PASSED

24-07-2024T10:50:02 - [MESSAGE][INFO] - Checking response object

24-07-2024T10:50:02 - [MESSAGE][INFO] - Store Listing Page (SLP) - Resturant

24-07-2024T10:50:02 - [MESSAGE][PASSED] - totalplay.Common.verifyPropertyValueExist is PASSED

24-07-2024T10:50:02 - [TEST_STEP][PASSED] - totalplay.Common.verifyPropertyExist(FoodSLP, pageTypeId): totalplay.Common.verifyPropertyExist is PASSED

24-07-2024T10:50:02 - [MESSAGE][INFO] - Checking response object

24-07-2024T10:50:02 - [MESSAGE][PASSED] - totalplay.Common.verifyPropertyExist is PASSED

24-07-2024T10:50:02 - [TEST_STEP][PASSED] - totalplay.Common.verifyPropertyValueExist(FoodSLP, pageTypeId): totalplay.Common.verifyPropertyValueExist is PASSED

24-07-2024T10:50:02 - [MESSAGE][INFO] - Checking response object

24-07-2024T10:50:03 - [MESSAGE][INFO] - FoodStoreListing

24-07-2024T10:50:03 - [MESSAGE][PASSED] - totalplay.Common.verifyPropertyValueExist is PASSED

24-07-2024T10:50:03 - [TEST_STEP][PASSED] - verifyElementPropertyValue(FoodSLP, "components[0].componentAssets[0].corporateColorCode", ""): Verify element property value successfully

24-07-2024T10:50:03 - [MESSAGE][INFO] - Checking response object

24-07-2024T10:50:03 - [MESSAGE][PASSED] - Verify element property value successfully

24-07-2024T10:50:03 - [TEST_STEP][PASSED] - totalplay.Common.verifyPropertyValueEmptyString(FoodSLP, components_componentAssets_corporateColorCode): totalplay.Common.verifyPropertyValueEmptyString is PASSED

24-07-2024T10:50:03 - [MESSAGE][INFO] - Checking response object

24-07-2024T10:50:03 - [MESSAGE][INFO] - 

24-07-2024T10:50:03 - [MESSAGE][PASSED] - totalplay.Common.verifyPropertyValueEmptyString is PASSED

24-07-2024T10:50:03 - [TEST_STEP][PASSED] - totalplay.Common.verifyPropertyExist(FoodSLP, components_componentAssets_componentType): totalplay.Common.verifyPropertyExist is PASSED

24-07-2024T10:50:03 - [MESSAGE][INFO] - Checking response object

24-07-2024T10:50:03 - [MESSAGE][PASSED] - totalplay.Common.verifyPropertyExist is PASSED

24-07-2024T10:50:03 - [TEST_STEP][PASSED] - totalplay.Common.verifyPropertyValueExist(FoodSLP, components_componentAssets_componentType): totalplay.Common.verifyPropertyValueExist is PASSED

24-07-2024T10:50:03 - [MESSAGE][INFO] - Checking response object

24-07-2024T10:50:03 - [MESSAGE][INFO] - commerce_assets

24-07-2024T10:50:03 - [MESSAGE][PASSED] - totalplay.Common.verifyPropertyValueExist is PASSED

24-07-2024T10:50:03 - [TEST_STEP][PASSED] - totalplay.Common.verifyPropertyExist(FoodSLP, components_componentAssets_image): totalplay.Common.verifyPropertyExist is PASSED

24-07-2024T10:50:03 - [MESSAGE][INFO] - Checking response object

24-07-2024T10:50:03 - [MESSAGE][PASSED] - totalplay.Common.verifyPropertyExist is PASSED

24-07-2024T10:50:03 - [TEST_STEP][PASSED] - totalplay.Common.verifyPropertyValueExist(FoodSLP, components_componentAssets_image): totalplay.Common.verifyPropertyValueExist is PASSED

24-07-2024T10:50:03 - [MESSAGE][INFO] - Checking response object

24-07-2024T10:50:03 - [MESSAGE][INFO] - https://salesforceqa.sistemastp.com.mx/dw/image/v2/BJCL_DEV/on/demandware.static/-/Sites-TP-FOOD-Library/default/dw38fd802d/mirakl/banner1.jpg

24-07-2024T10:50:03 - [MESSAGE][PASSED] - totalplay.Common.verifyPropertyValueExist is PASSED

24-07-2024T10:50:03 - [TEST_STEP][PASSED] - totalplay.Common.verifyPropertyExist(FoodSLP, components_componentAssets): totalplay.Common.verifyPropertyExist is PASSED

24-07-2024T10:50:03 - [MESSAGE][INFO] - Checking response object

24-07-2024T10:50:03 - [MESSAGE][PASSED] - totalplay.Common.verifyPropertyExist is PASSED

24-07-2024T10:50:03 - [TEST_STEP][PASSED] - totalplay.Common.verifyPropertyExist(FoodSLP, components_componentAssets_componentTypeId): totalplay.Common.verifyPropertyExist is PASSED

24-07-2024T10:50:03 - [MESSAGE][INFO] - Checking response object

24-07-2024T10:50:03 - [MESSAGE][PASSED] - totalplay.Common.verifyPropertyExist is PASSED

24-07-2024T10:50:03 - [TEST_STEP][PASSED] - totalplay.Common.verifyPropertyValueExist(FoodSLP, components_componentAssets_componentTypeId): totalplay.Common.verifyPropertyValueExist is PASSED

24-07-2024T10:50:03 - [MESSAGE][INFO] - Checking response object

24-07-2024T10:50:04 - [MESSAGE][INFO] - commerce_assets.FoodHomeBanner

24-07-2024T10:50:04 - [MESSAGE][PASSED] - totalplay.Common.verifyPropertyValueExist is PASSED

24-07-2024T10:50:04 - [TEST_STEP][PASSED] - totalplay.Common.verifyPropertyExist(FoodSLP, components_textHeadline): totalplay.Common.verifyPropertyExist is PASSED

24-07-2024T10:50:04 - [MESSAGE][INFO] - Checking response object

24-07-2024T10:50:04 - [MESSAGE][PASSED] - totalplay.Common.verifyPropertyExist is PASSED

24-07-2024T10:50:04 - [TEST_STEP][PASSED] - totalplay.Common.verifyPropertyValueExist(FoodSLP, components_textHeadline): totalplay.Common.verifyPropertyValueExist is PASSED

24-07-2024T10:50:04 - [MESSAGE][INFO] - Checking response object

24-07-2024T10:50:04 - [MESSAGE][INFO] - hero banner

24-07-2024T10:50:04 - [MESSAGE][PASSED] - totalplay.Common.verifyPropertyValueExist is PASSED

24-07-2024T10:50:04 - [TEST_STEP][PASSED] - totalplay.Common.verifyPropertyExist(FoodSLP, components_componentAssets_bannerName): totalplay.Common.verifyPropertyExist is PASSED

24-07-2024T10:50:04 - [MESSAGE][INFO] - Checking response object

24-07-2024T10:50:04 - [MESSAGE][PASSED] - totalplay.Common.verifyPropertyExist is PASSED

24-07-2024T10:50:04 - [TEST_STEP][PASSED] - totalplay.Common.verifyPropertyValueExist(FoodSLP, components_componentAssets_bannerName): totalplay.Common.verifyPropertyValueExist is PASSED

24-07-2024T10:50:04 - [MESSAGE][INFO] - Checking response object

24-07-2024T10:50:04 - [MESSAGE][INFO] - credit

24-07-2024T10:50:04 - [MESSAGE][PASSED] - totalplay.Common.verifyPropertyValueExist is PASSED

24-07-2024T10:50:04 - [TEST_STEP][PASSED] - totalplay.Common.verifyPropertyExist(FoodSLP, components_componentAssets_link): totalplay.Common.verifyPropertyExist is PASSED

24-07-2024T10:50:04 - [MESSAGE][INFO] - Checking response object

24-07-2024T10:50:04 - [MESSAGE][PASSED] - totalplay.Common.verifyPropertyExist is PASSED

24-07-2024T10:50:04 - [TEST_STEP][PASSED] - totalplay.Common.verifyPropertyValueExist(FoodSLP, components_componentAssets_link): totalplay.Common.verifyPropertyValueExist is PASSED

24-07-2024T10:50:04 - [MESSAGE][INFO] - Checking response object

24-07-2024T10:50:04 - [MESSAGE][INFO] - /on/demandware.store/Sites-TP-FOOD-Site/es/OnDemand-Show?isOndemand=true&corporateName=LaCasadelosAbuelos

24-07-2024T10:50:04 - [MESSAGE][PASSED] - totalplay.Common.verifyPropertyValueExist is PASSED

24-07-2024T10:50:04 - [TEST_STEP][PASSED] - totalplay.Common.getBooleanValueofObject(FoodSLP, components_componentAssets_isAgeRestricted): totalplay.Common.getBooleanValueofObject is PASSED

24-07-2024T10:50:04 - [MESSAGE][INFO] - Checking response object

24-07-2024T10:50:04 - [MESSAGE][PASSED] - totalplay.Common.getBooleanValueofObject is PASSED

24-07-2024T10:50:04 - [TEST_STEP][PASSED] - totalplay.Common.verifyPropertyExist(FoodSLP, components_componentAssets_bannerDesc): totalplay.Common.verifyPropertyExist is PASSED

24-07-2024T10:50:04 - [MESSAGE][INFO] - Checking response object

24-07-2024T10:50:04 - [MESSAGE][PASSED] - totalplay.Common.verifyPropertyExist is PASSED

24-07-2024T10:50:04 - [TEST_STEP][PASSED] - totalplay.Common.verifyPropertyValueExist(FoodSLP, components_componentAssets_bannerDesc): totalplay.Common.verifyPropertyValueExist is PASSED

24-07-2024T10:50:04 - [MESSAGE][INFO] - Checking response object

24-07-2024T10:50:04 - [MESSAGE][INFO] - credit

24-07-2024T10:50:04 - [MESSAGE][PASSED] - totalplay.Common.verifyPropertyValueExist is PASSED

24-07-2024T10:50:04 - [TEST_STEP][PASSED] - totalplay.Common.verifyPropertyValueExist(FoodSLP, components_componentAssets_deliveryTime): totalplay.Common.verifyPropertyValueExist is PASSED

24-07-2024T10:50:04 - [MESSAGE][INFO] - Checking response object

24-07-2024T10:50:04 - [MESSAGE][INFO] - 

24-07-2024T10:50:04 - [MESSAGE][PASSED] - totalplay.Common.verifyPropertyValueExist is PASSED

24-07-2024T10:50:04 - [TEST_STEP][PASSED] - totalplay.Common.verifyPropertyExist(FoodSLP, components_componentAssets_promotion): totalplay.Common.verifyPropertyExist is PASSED

24-07-2024T10:50:04 - [MESSAGE][INFO] - Checking response object

24-07-2024T10:50:04 - [MESSAGE][PASSED] - totalplay.Common.verifyPropertyExist is PASSED

24-07-2024T10:50:04 - [TEST_STEP][PASSED] - totalplay.Common.verifyPropertyValueExist(FoodSLP, components_componentAssets_promotion): totalplay.Common.verifyPropertyValueExist is PASSED

24-07-2024T10:50:04 - [MESSAGE][INFO] - Checking response object

24-07-2024T10:50:05 - [MESSAGE][INFO] - 1

24-07-2024T10:50:05 - [MESSAGE][PASSED] - totalplay.Common.verifyPropertyValueExist is PASSED

24-07-2024T10:50:05 - [TEST_STEP][PASSED] - totalplay.Common.verifyPropertyValueEmptyString(FoodSLP, components_componentAssets_positionAfter): totalplay.Common.verifyPropertyValueEmptyString is PASSED

24-07-2024T10:50:05 - [MESSAGE][INFO] - Checking response object

24-07-2024T10:50:05 - [MESSAGE][INFO] - 

24-07-2024T10:50:05 - [MESSAGE][PASSED] - totalplay.Common.verifyPropertyValueEmptyString is PASSED

24-07-2024T10:50:05 - [TEST_STEP][PASSED] - totalplay.Common.verifyPropertyExist(FoodSLP, components_componentAssets_linkType): totalplay.Common.verifyPropertyExist is PASSED

24-07-2024T10:50:05 - [MESSAGE][INFO] - Checking response object

24-07-2024T10:50:05 - [MESSAGE][PASSED] - totalplay.Common.verifyPropertyExist is PASSED

24-07-2024T10:50:05 - [TEST_STEP][PASSED] - totalplay.Common.verifyPropertyValueExist(FoodSLP, components_componentAssets_linkType): totalplay.Common.verifyPropertyValueExist is PASSED

24-07-2024T10:50:05 - [MESSAGE][INFO] - Checking response object

24-07-2024T10:50:05 - [MESSAGE][INFO] - CreditoFlow

24-07-2024T10:50:05 - [MESSAGE][PASSED] - totalplay.Common.verifyPropertyValueExist is PASSED

24-07-2024T10:50:05 - [TEST_STEP][PASSED] - totalplay.Common.verifyPropertyExist(FoodSLP, components_componentAssets_storeName): totalplay.Common.verifyPropertyExist is PASSED

24-07-2024T10:50:05 - [MESSAGE][INFO] - Checking response object

24-07-2024T10:50:05 - [MESSAGE][PASSED] - totalplay.Common.verifyPropertyExist is PASSED

24-07-2024T10:50:05 - [TEST_STEP][PASSED] - totalplay.Common.verifyPropertyValueExist(FoodSLP, components_componentAssets_storeName): totalplay.Common.verifyPropertyValueExist is PASSED

24-07-2024T10:50:05 - [MESSAGE][INFO] - Checking response object

24-07-2024T10:50:05 - [MESSAGE][INFO] - credit

24-07-2024T10:50:05 - [MESSAGE][PASSED] - totalplay.Common.verifyPropertyValueExist is PASSED

24-07-2024T10:50:05 - [TEST_STEP][PASSED] - totalplay.Common.verifyPropertyValueEmptyString(FoodSLP, components_componentAssets_ID): totalplay.Common.verifyPropertyValueEmptyString is PASSED

24-07-2024T10:50:05 - [MESSAGE][INFO] - Checking response object

24-07-2024T10:50:05 - [MESSAGE][INFO] - 

24-07-2024T10:50:05 - [MESSAGE][PASSED] - totalplay.Common.verifyPropertyValueEmptyString is PASSED]]></system-out>
         <system-err><![CDATA[]]></system-err>
      </testcase>
      <testcase name="Test Cases/TotalPlay-Food/TC_3_Food_PLP" time="12.134" classname="Test Cases/TotalPlay-Food/TC_3_Food_PLP" status="PASSED">
         <system-out><![CDATA[24-07-2024T10:50:05 - [TEST_CASE][PASSED] - Test Cases/TotalPlay-Food/TC_3_Food_PLP: Test Cases/TotalPlay-Food/TC_3_Food_PLP

24-07-2024T10:50:07 - [TEST_STEP][PASSED] - callTestCase(findTestCase("TotalPlay-Food/TC_1_Login_Service"), [:], STOP_ON_FAILURE): Call Test Case 'Test Cases/TotalPlay-Food/TC_1_Login_Service' successfully

24-07-2024T10:50:07 - [MESSAGE][INFO] - Checking called Test Case

24-07-2024T10:50:07 - [MESSAGE][INFO] - Starting to call Test Case 'Test Cases/TotalPlay-Food/TC_1_Login_Service'

24-07-2024T10:50:08 - [TEST_CASE][PASSED] - Test Cases/TotalPlay-Food/TC_1_Login_Service: Test Cases/TotalPlay-Food/TC_1_Login_Service

24-07-2024T10:50:08 - [TEST_STEP][PASSED] - LoginResponse = sendRequest(findTestObject("TotalPlay-Food/getTokenDelivery", ["URL":URL])): Send request successfully

24-07-2024T10:50:08 - [MESSAGE][INFO] - Finding Test Object 'Object Repository/TotalPlay-Food/getTokenDelivery'

24-07-2024T10:50:08 - [MESSAGE][INFO] - Checking request object

24-07-2024T10:50:11 - [MESSAGE][INFO] - HAR: C:\Users\ShubhamKumarThakur\OneDrive - Kognivera\Documents\TotalPlay\totalplay-automation\Reports\20240724_104928\Food_Services\20240724_104928\requests\main\3.har

24-07-2024T10:50:11 - [MESSAGE][PASSED] - Send request successfully

24-07-2024T10:50:11 - [TEST_STEP][PASSED] - assert getResponseStatusCode(LoginResponse) == 200: Checking response object

24-07-2024T10:50:11 - [MESSAGE][INFO] - Checking response object

24-07-2024T10:50:11 - [TEST_STEP][PASSED] - Auth = "ocapiResponse.access_token": null

24-07-2024T10:50:11 - [TEST_STEP][PASSED] - FoodBascketId = "ocapiResponse.c_basketId_TP_FOOD": null

24-07-2024T10:50:11 - [TEST_STEP][PASSED] - FoodBasId = getElementPropertyValue(LoginResponse, FoodBascketId): Checking response object

24-07-2024T10:50:11 - [MESSAGE][INFO] - Checking response object

24-07-2024T10:50:11 - [TEST_STEP][PASSED] - sfccAuthorization = getElementPropertyValue(LoginResponse, Auth): Checking response object

24-07-2024T10:50:11 - [MESSAGE][INFO] - Checking response object

24-07-2024T10:50:11 - [TEST_STEP][PASSED] - Authorization = "Bearer " + sfccAuthorization: null

24-07-2024T10:50:11 - [TEST_STEP][PASSED] - FoodBasketId = FoodBasId: null

24-07-2024T10:50:11 - [TEST_STEP][PASSED] - logInfo(bm_auth_token): 

24-07-2024T10:50:11 - [MESSAGE][INFO] - 

24-07-2024T10:50:11 - [TEST_STEP][PASSED] - if (sfccAuthorization.length() == 0): null

24-07-2024T10:50:11 - [TEST_STEP][PASSED] - else: authorization generated

24-07-2024T10:50:11 - [TEST_STEP][PASSED] - markPassed("authorization generated"): authorization generated

24-07-2024T10:50:11 - [MESSAGE][PASSED] - authorization generated

24-07-2024T10:50:11 - [TEST_STEP][PASSED] - BasketId_loginResponse = "ocapiResponse.c_basketId": null

24-07-2024T10:50:11 - [TEST_STEP][PASSED] - CustomerId_loginResponse = "ocapiResponse.customer_id": null

24-07-2024T10:50:11 - [TEST_STEP][PASSED] - basketId = getElementPropertyValue(LoginResponse, BasketId_loginResponse): Checking response object

24-07-2024T10:50:11 - [MESSAGE][INFO] - Checking response object

24-07-2024T10:50:11 - [TEST_STEP][PASSED] - customerId = getElementPropertyValue(LoginResponse, CustomerId_loginResponse): Checking response object

24-07-2024T10:50:11 - [MESSAGE][INFO] - Checking response object

24-07-2024T10:50:11 - [TEST_STEP][PASSED] - basketID = basketId: null

24-07-2024T10:50:11 - [TEST_STEP][PASSED] - sla_customerId = customerId: null

24-07-2024T10:50:11 - [TEST_STEP][PASSED] - println(basketID): null

24-07-2024T10:50:11 - [TEST_STEP][PASSED] - println(sla_customerId): null

24-07-2024T10:50:11 - [TEST_STEP][PASSED] - refresh_token = "ocapiResponse.refresh_token": null

24-07-2024T10:50:11 - [TEST_STEP][PASSED] - customer_email = "ocapiResponse.customer_email": null

24-07-2024T10:50:11 - [TEST_STEP][PASSED] - c_brmId = "ocapiResponse.c_brmId": null

24-07-2024T10:50:11 - [TEST_STEP][PASSED] - customer_name = "ocapiResponse.customer_name": null

24-07-2024T10:50:11 - [TEST_STEP][PASSED] - totalplay.Common.verifyPropertyExist(LoginResponse, refresh_token): totalplay.Common.verifyPropertyExist is PASSED

24-07-2024T10:50:11 - [MESSAGE][INFO] - Checking response object

24-07-2024T10:50:11 - [MESSAGE][PASSED] - totalplay.Common.verifyPropertyExist is PASSED

24-07-2024T10:50:11 - [TEST_STEP][PASSED] - totalplay.Common.verifyPropertyValueExist(LoginResponse, refresh_token): totalplay.Common.verifyPropertyValueExist is PASSED

24-07-2024T10:50:11 - [MESSAGE][INFO] - Checking response object

24-07-2024T10:50:11 - [MESSAGE][INFO] - kGJzaq3bLzBeKUJTE6zwPD85SkZBIS5_RmpINJfp5dQ

24-07-2024T10:50:11 - [MESSAGE][PASSED] - totalplay.Common.verifyPropertyValueExist is PASSED

24-07-2024T10:50:11 - [TEST_STEP][PASSED] - totalplay.Common.verifyPropertyExist(LoginResponse, customer_email): totalplay.Common.verifyPropertyExist is PASSED

24-07-2024T10:50:11 - [MESSAGE][INFO] - Checking response object

24-07-2024T10:50:11 - [MESSAGE][PASSED] - totalplay.Common.verifyPropertyExist is PASSED

24-07-2024T10:50:11 - [TEST_STEP][PASSED] - totalplay.Common.verifyPropertyValueExist(LoginResponse, customer_email): totalplay.Common.verifyPropertyValueExist is PASSED

24-07-2024T10:50:11 - [MESSAGE][INFO] - Checking response object

24-07-2024T10:50:11 - [MESSAGE][INFO] - cesar.waldo93@gmail.com

24-07-2024T10:50:11 - [MESSAGE][PASSED] - totalplay.Common.verifyPropertyValueExist is PASSED

24-07-2024T10:50:11 - [TEST_STEP][PASSED] - totalplay.Common.verifyPropertyExist(LoginResponse, customer_name): totalplay.Common.verifyPropertyExist is PASSED

24-07-2024T10:50:11 - [MESSAGE][INFO] - Checking response object

24-07-2024T10:50:12 - [MESSAGE][PASSED] - totalplay.Common.verifyPropertyExist is PASSED

24-07-2024T10:50:12 - [TEST_STEP][PASSED] - totalplay.Common.verifyPropertyValueExist(LoginResponse, customer_name): totalplay.Common.verifyPropertyValueExist is PASSED

24-07-2024T10:50:12 - [MESSAGE][INFO] - Checking response object

24-07-2024T10:50:12 - [MESSAGE][INFO] - CESAR GERARDO WALDO GONZALEZ

24-07-2024T10:50:12 - [MESSAGE][PASSED] - totalplay.Common.verifyPropertyValueExist is PASSED

24-07-2024T10:50:12 - [TEST_STEP][PASSED] - totalplay.Common.verifyPropertyExist(LoginResponse, c_brmId): totalplay.Common.verifyPropertyExist is PASSED

24-07-2024T10:50:12 - [MESSAGE][INFO] - Checking response object

24-07-2024T10:50:12 - [MESSAGE][PASSED] - totalplay.Common.verifyPropertyExist is PASSED

24-07-2024T10:50:12 - [TEST_STEP][PASSED] - totalplay.Common.verifyPropertyValueExist(LoginResponse, c_brmId): totalplay.Common.verifyPropertyValueExist is PASSED

24-07-2024T10:50:12 - [MESSAGE][INFO] - Checking response object

24-07-2024T10:50:12 - [MESSAGE][INFO] - 0106378356

24-07-2024T10:50:12 - [MESSAGE][PASSED] - totalplay.Common.verifyPropertyValueExist is PASSED

24-07-2024T10:50:12 - [MESSAGE][PASSED] - Call Test Case 'Test Cases/TotalPlay-Food/TC_1_Login_Service' successfully

24-07-2024T10:50:12 - [TEST_STEP][PASSED] - FoodPLP = sendRequest(findTestObject("TotalPlay-Food/Food PLP", ["URL":URL])): Send request successfully

24-07-2024T10:50:12 - [MESSAGE][INFO] - Finding Test Object 'Object Repository/TotalPlay-Food/Food PLP'

24-07-2024T10:50:12 - [MESSAGE][INFO] - Checking request object

24-07-2024T10:50:12 - [MESSAGE][INFO] - HAR: C:\Users\ShubhamKumarThakur\OneDrive - Kognivera\Documents\TotalPlay\totalplay-automation\Reports\20240724_104928\Food_Services\20240724_104928\requests\main\4.har

24-07-2024T10:50:12 - [MESSAGE][PASSED] - Send request successfully

24-07-2024T10:50:12 - [TEST_STEP][PASSED] - verifyResponseStatusCode(FoodPLP, 200): Verify response status code successfully

24-07-2024T10:50:12 - [MESSAGE][INFO] - Checking response object

24-07-2024T10:50:12 - [MESSAGE][PASSED] - Verify response status code successfully

24-07-2024T10:50:12 - [TEST_STEP][PASSED] - action = "action": null

24-07-2024T10:50:12 - [TEST_STEP][PASSED] - queryString = "queryString": null

24-07-2024T10:50:12 - [TEST_STEP][PASSED] - locale = "locale": null

24-07-2024T10:50:12 - [TEST_STEP][PASSED] - pageTitle = "pageTitle": null

24-07-2024T10:50:12 - [TEST_STEP][PASSED] - pageId = "pageId": null

24-07-2024T10:50:12 - [TEST_STEP][PASSED] - pageTypeId = "pageTypeId": null

24-07-2024T10:50:12 - [TEST_STEP][PASSED] - components = "components": null

24-07-2024T10:50:12 - [TEST_STEP][PASSED] - components_componentTypeId = "components[0].componentTypeId": null

24-07-2024T10:50:12 - [TEST_STEP][PASSED] - components_componentType = "components[0].componentType": null

24-07-2024T10:50:12 - [TEST_STEP][PASSED] - components_storeData = "components[1].storeData": null

24-07-2024T10:50:12 - [TEST_STEP][PASSED] - components_storeData_ID = "components[1].storeData.ID": null

24-07-2024T10:50:12 - [TEST_STEP][PASSED] - components_storeData_name = "components[1].storeData.name": null

24-07-2024T10:50:12 - [TEST_STEP][PASSED] - components_storeData_phone = "components[1].storeData.phone": null

24-07-2024T10:50:12 - [TEST_STEP][PASSED] - components_storeData_address = "components[1].storeData.address": null

24-07-2024T10:50:12 - [TEST_STEP][PASSED] - components_storeData_postalCode = "components[1].storeData.postalCode": null

24-07-2024T10:50:12 - [TEST_STEP][PASSED] - components_storeData_logo = "components[1].storeData.logo": null

24-07-2024T10:50:12 - [TEST_STEP][PASSED] - components_storeData_city = "components[1].storeData.city": null

24-07-2024T10:50:12 - [TEST_STEP][PASSED] - components_storeData_banner = "components[1].storeData.banner": null

24-07-2024T10:50:12 - [TEST_STEP][PASSED] - components_storeData_image = "components[1].storeData.image": null

24-07-2024T10:50:12 - [TEST_STEP][PASSED] - components_storeData_latitude = "components[1].storeData.latitude": null

24-07-2024T10:50:12 - [TEST_STEP][PASSED] - components_storeData_longitude = "components[1].storeData.longitude": null

24-07-2024T10:50:12 - [TEST_STEP][PASSED] - components_storeData_verticalsAvailable = "components[1].storeData.verticalsAvailable": null

24-07-2024T10:50:12 - [TEST_STEP][PASSED] - components_storeData_OndemandEDD = "components[1].storeData.OndemandEDD": null

24-07-2024T10:50:12 - [TEST_STEP][PASSED] - components_storeData_link = "components[1].storeData.link": null

24-07-2024T10:50:12 - [TEST_STEP][PASSED] - components_storeData_MultistoreEDD = "components[1].storeData.MultistoreEDD": null

24-07-2024T10:50:12 - [TEST_STEP][PASSED] - components_storeData_linkType = "components[1].storeData.linkType": null

24-07-2024T10:50:12 - [TEST_STEP][PASSED] - components_storeData_grade = "components[1].storeData.grade": null

24-07-2024T10:50:12 - [TEST_STEP][PASSED] - components_storeData_open = "components[1].storeData.open": null

24-07-2024T10:50:12 - [TEST_STEP][PASSED] - components_storeData_evaluationsCount = "components[1].storeData.evaluationsCount": null

24-07-2024T10:50:12 - [TEST_STEP][PASSED] - components_storeData_openHours = "components[1].storeData.openHours": null

24-07-2024T10:50:12 - [TEST_STEP][PASSED] - components_storeData_openHours_time = "components[1].storeData.openHours[0].time": null

24-07-2024T10:50:12 - [TEST_STEP][PASSED] - components_storeData_openHours_time_openingTime = "components[1].storeData.openHours[0].time[0].openingTime": null

24-07-2024T10:50:12 - [TEST_STEP][PASSED] - components_storeData_openHours_time_closingTime = "components[1].storeData.openHours[0].time[0].closingTime": null

24-07-2024T10:50:12 - [TEST_STEP][PASSED] - components_storeData_openHours_day = "components[1].storeData.openHours[0].day": null

24-07-2024T10:50:12 - [TEST_STEP][PASSED] - components_storeData_shipmentCost = "components[1].storeData.shipmentCost": null

24-07-2024T10:50:12 - [TEST_STEP][PASSED] - components_storeData_shipmentCost_currency = "components[1].storeData.shipmentCost.currency": null

24-07-2024T10:50:12 - [TEST_STEP][PASSED] - components_storeData_shipmentCost_formatted = "components[1].storeData.shipmentCost.formatted": null

24-07-2024T10:50:12 - [TEST_STEP][PASSED] - components_storeData_storeType = "components[1].storeData.storeType": null

24-07-2024T10:50:12 - [TEST_STEP][PASSED] - components__storeData_ratings = "components[1].storeData.ratings": null

24-07-2024T10:50:12 - [TEST_STEP][PASSED] - components_storeData_corporateColorCode = "components[1].storeData.corporateColorCode": null

24-07-2024T10:50:12 - [TEST_STEP][PASSED] - components_storeData_grantiasDeLaTienda = "components[1].storeData.grantiasDeLaTienda": null

24-07-2024T10:50:12 - [TEST_STEP][PASSED] - components_storeData_tarifaDeEntrega = "components[1].storeData.tarifaDeEntrega": null

24-07-2024T10:50:12 - [TEST_STEP][PASSED] - components_storeData_politicaDePrecios = "components[1].storeData.politicaDePrecios": null

24-07-2024T10:50:12 - [TEST_STEP][PASSED] - components_storeData_ageShowWarningModel = "components[1].storeData.ageShowWarningModel": null

24-07-2024T10:50:12 - [TEST_STEP][PASSED] - components_componentAssets = "components[2].componentAssets[0]": null

24-07-2024T10:50:12 - [TEST_STEP][PASSED] - components_componentAssets_componentTypeId = "components[2].componentAssets[0].componentTypeId": null

24-07-2024T10:50:12 - [TEST_STEP][PASSED] - components_componentAssets_link = "components[2].componentAssets[0].link": null

24-07-2024T10:50:12 - [TEST_STEP][PASSED] - components_componentAssets_isAgeRestricted = "components[2].componentAssets[0].isAgeRestricted": null

24-07-2024T10:50:12 - [TEST_STEP][PASSED] - components_componentAssets_bannerDesc = "components[2].componentAssets[0].bannerDesc": null

24-07-2024T10:50:12 - [TEST_STEP][PASSED] - components_componentAssets_bannerName = "components[2].componentAssets[0].bannerName": null

24-07-2024T10:50:12 - [TEST_STEP][PASSED] - components_componentAssets_linkType = "components[2].componentAssets[0].linkType": null

24-07-2024T10:50:12 - [TEST_STEP][PASSED] - components_componentAssets_logo = "components[2].componentAssets[0].logo": null

24-07-2024T10:50:12 - [TEST_STEP][PASSED] - components_componentAssets_corporateColorCode = "components[2].componentAssets[0].corporateColorCode": null

24-07-2024T10:50:12 - [TEST_STEP][PASSED] - components_componentAssets_deliveryTime = "components[2].componentAssets[0].deliveryTime": null

24-07-2024T10:50:12 - [TEST_STEP][PASSED] - components_componentAssets_positionAfter = "components[2].componentAssets[0].positionAfter": null

24-07-2024T10:50:12 - [TEST_STEP][PASSED] - totalplay.Common.verifyPropertyExist(FoodPLP, components_componentType): totalplay.Common.verifyPropertyExist is PASSED

24-07-2024T10:50:12 - [MESSAGE][INFO] - Checking response object

24-07-2024T10:50:13 - [MESSAGE][PASSED] - totalplay.Common.verifyPropertyExist is PASSED

24-07-2024T10:50:13 - [TEST_STEP][PASSED] - totalplay.Common.verifyPropertyValueExist(FoodPLP, components_componentType): totalplay.Common.verifyPropertyValueExist is PASSED

24-07-2024T10:50:13 - [MESSAGE][INFO] - Checking response object

24-07-2024T10:50:13 - [MESSAGE][INFO] - commerce_assets

24-07-2024T10:50:13 - [MESSAGE][PASSED] - totalplay.Common.verifyPropertyValueExist is PASSED

24-07-2024T10:50:13 - [TEST_STEP][PASSED] - totalplay.Common.verifyPropertyExist(FoodPLP, components_componentType): totalplay.Common.verifyPropertyExist is PASSED

24-07-2024T10:50:13 - [MESSAGE][INFO] - Checking response object

24-07-2024T10:50:13 - [MESSAGE][PASSED] - totalplay.Common.verifyPropertyExist is PASSED

24-07-2024T10:50:13 - [TEST_STEP][PASSED] - totalplay.Common.verifyPropertyValueExist(FoodPLP, components_componentType): totalplay.Common.verifyPropertyValueExist is PASSED

24-07-2024T10:50:13 - [MESSAGE][INFO] - Checking response object

24-07-2024T10:50:13 - [MESSAGE][INFO] - commerce_assets

24-07-2024T10:50:13 - [MESSAGE][PASSED] - totalplay.Common.verifyPropertyValueExist is PASSED

24-07-2024T10:50:13 - [TEST_STEP][PASSED] - totalplay.Common.verifyPropertyExist(FoodPLP, components_storeData): totalplay.Common.verifyPropertyExist is PASSED

24-07-2024T10:50:13 - [MESSAGE][INFO] - Checking response object

24-07-2024T10:50:13 - [MESSAGE][PASSED] - totalplay.Common.verifyPropertyExist is PASSED

24-07-2024T10:50:13 - [TEST_STEP][PASSED] - totalplay.Common.verifyPropertyExist(FoodPLP, components_storeData_ID): totalplay.Common.verifyPropertyExist is PASSED

24-07-2024T10:50:13 - [MESSAGE][INFO] - Checking response object

24-07-2024T10:50:13 - [MESSAGE][PASSED] - totalplay.Common.verifyPropertyExist is PASSED

24-07-2024T10:50:13 - [TEST_STEP][PASSED] - totalplay.Common.verifyPropertyValueExist(FoodPLP, components_storeData_ID): totalplay.Common.verifyPropertyValueExist is PASSED

24-07-2024T10:50:13 - [MESSAGE][INFO] - Checking response object

24-07-2024T10:50:13 - [MESSAGE][INFO] - 2071

24-07-2024T10:50:13 - [MESSAGE][PASSED] - totalplay.Common.verifyPropertyValueExist is PASSED

24-07-2024T10:50:13 - [TEST_STEP][PASSED] - totalplay.Common.verifyPropertyExist(FoodPLP, components_storeData_name): totalplay.Common.verifyPropertyExist is PASSED

24-07-2024T10:50:13 - [MESSAGE][INFO] - Checking response object

24-07-2024T10:50:13 - [MESSAGE][PASSED] - totalplay.Common.verifyPropertyExist is PASSED

24-07-2024T10:50:13 - [TEST_STEP][PASSED] - totalplay.Common.verifyPropertyValueExist(FoodPLP, components_storeData_name): totalplay.Common.verifyPropertyValueExist is PASSED

24-07-2024T10:50:13 - [MESSAGE][INFO] - Checking response object

24-07-2024T10:50:13 - [MESSAGE][INFO] - Sirloin Food

24-07-2024T10:50:13 - [MESSAGE][PASSED] - totalplay.Common.verifyPropertyValueExist is PASSED

24-07-2024T10:50:13 - [TEST_STEP][PASSED] - totalplay.Common.verifyPropertyExist(FoodPLP, components_storeData_address): totalplay.Common.verifyPropertyExist is PASSED

24-07-2024T10:50:13 - [MESSAGE][INFO] - Checking response object

24-07-2024T10:50:13 - [MESSAGE][PASSED] - totalplay.Common.verifyPropertyExist is PASSED

24-07-2024T10:50:13 - [TEST_STEP][PASSED] - totalplay.Common.verifyPropertyValueExist(FoodPLP, components_storeData_address): totalplay.Common.verifyPropertyValueExist is PASSED

24-07-2024T10:50:13 - [MESSAGE][INFO] - Checking response object

24-07-2024T10:50:13 - [MESSAGE][INFO] - Av. San Jerónimo 252, Tizapán San Ángel, La Otra Banda, Coyoacán, 04510 Ciudad de México, CDMX

24-07-2024T10:50:13 - [MESSAGE][PASSED] - totalplay.Common.verifyPropertyValueExist is PASSED

24-07-2024T10:50:13 - [TEST_STEP][PASSED] - totalplay.Common.verifyPropertyExist(FoodPLP, components_storeData_postalCode): totalplay.Common.verifyPropertyExist is PASSED

24-07-2024T10:50:13 - [MESSAGE][INFO] - Checking response object

24-07-2024T10:50:13 - [MESSAGE][PASSED] - totalplay.Common.verifyPropertyExist is PASSED

24-07-2024T10:50:13 - [TEST_STEP][PASSED] - totalplay.Common.verifyPropertyValueExist(FoodPLP, components_storeData_postalCode): totalplay.Common.verifyPropertyValueExist is PASSED

24-07-2024T10:50:13 - [MESSAGE][INFO] - Checking response object

24-07-2024T10:50:13 - [MESSAGE][INFO] - 04510

24-07-2024T10:50:13 - [MESSAGE][PASSED] - totalplay.Common.verifyPropertyValueExist is PASSED

24-07-2024T10:50:13 - [TEST_STEP][PASSED] - totalplay.Common.verifyPropertyExist(FoodPLP, components_storeData_logo): totalplay.Common.verifyPropertyExist is PASSED

24-07-2024T10:50:13 - [MESSAGE][INFO] - Checking response object

24-07-2024T10:50:13 - [MESSAGE][PASSED] - totalplay.Common.verifyPropertyExist is PASSED

24-07-2024T10:50:13 - [TEST_STEP][PASSED] - totalplay.Common.verifyPropertyValueExist(FoodPLP, components_storeData_logo): totalplay.Common.verifyPropertyValueExist is PASSED

24-07-2024T10:50:13 - [MESSAGE][INFO] - Checking response object

24-07-2024T10:50:14 - [MESSAGE][INFO] - https://salesforceqa.sistemastp.com.mx/on/demandware.static/-/Sites/default/dwb78a20a1/filler_REC.jpg

24-07-2024T10:50:14 - [MESSAGE][PASSED] - totalplay.Common.verifyPropertyValueExist is PASSED

24-07-2024T10:50:14 - [TEST_STEP][PASSED] - totalplay.Common.verifyPropertyExist(FoodPLP, components_storeData_city): totalplay.Common.verifyPropertyExist is PASSED

24-07-2024T10:50:14 - [MESSAGE][INFO] - Checking response object

24-07-2024T10:50:14 - [MESSAGE][PASSED] - totalplay.Common.verifyPropertyExist is PASSED

24-07-2024T10:50:14 - [TEST_STEP][PASSED] - totalplay.Common.verifyPropertyValueExist(FoodPLP, components_storeData_city): totalplay.Common.verifyPropertyValueExist is PASSED

24-07-2024T10:50:14 - [MESSAGE][INFO] - Checking response object

24-07-2024T10:50:14 - [MESSAGE][INFO] - México

24-07-2024T10:50:14 - [MESSAGE][PASSED] - totalplay.Common.verifyPropertyValueExist is PASSED

24-07-2024T10:50:14 - [TEST_STEP][PASSED] - totalplay.Common.verifyPropertyExist(FoodPLP, components_storeData_banner): totalplay.Common.verifyPropertyExist is PASSED

24-07-2024T10:50:14 - [MESSAGE][INFO] - Checking response object

24-07-2024T10:50:14 - [MESSAGE][PASSED] - totalplay.Common.verifyPropertyExist is PASSED

24-07-2024T10:50:14 - [TEST_STEP][PASSED] - totalplay.Common.verifyPropertyValueExist(FoodPLP, components_storeData_banner): totalplay.Common.verifyPropertyValueExist is PASSED

24-07-2024T10:50:14 - [MESSAGE][INFO] - Checking response object

24-07-2024T10:50:14 - [MESSAGE][INFO] - https://salesforceqa.sistemastp.com.mx/on/demandware.static/-/Sites/default/dwb78a20a1/filler_REC.jpg

24-07-2024T10:50:14 - [MESSAGE][PASSED] - totalplay.Common.verifyPropertyValueExist is PASSED

24-07-2024T10:50:14 - [TEST_STEP][PASSED] - totalplay.Common.verifyPropertyExist(FoodPLP, components_storeData_image): totalplay.Common.verifyPropertyExist is PASSED

24-07-2024T10:50:14 - [MESSAGE][INFO] - Checking response object

24-07-2024T10:50:14 - [MESSAGE][PASSED] - totalplay.Common.verifyPropertyExist is PASSED

24-07-2024T10:50:14 - [TEST_STEP][PASSED] - totalplay.Common.verifyPropertyValueExist(FoodPLP, components_storeData_image): totalplay.Common.verifyPropertyValueExist is PASSED

24-07-2024T10:50:14 - [MESSAGE][INFO] - Checking response object

24-07-2024T10:50:14 - [MESSAGE][INFO] - https://salesforceqa.sistemastp.com.mx/on/demandware.static/-/Sites/default/dwb78a20a1/filler_REC.jpg

24-07-2024T10:50:14 - [MESSAGE][PASSED] - totalplay.Common.verifyPropertyValueExist is PASSED

24-07-2024T10:50:14 - [TEST_STEP][PASSED] - totalplay.Common.getDecimalValueofObject(FoodPLP, components_storeData_latitude): totalplay.Common.getDecimalValueofObject is PASSED

24-07-2024T10:50:14 - [MESSAGE][INFO] - Checking response object

24-07-2024T10:50:14 - [MESSAGE][PASSED] - totalplay.Common.getDecimalValueofObject is PASSED

24-07-2024T10:50:14 - [TEST_STEP][PASSED] - totalplay.Common.getDecimalValueofObject(FoodPLP, components_storeData_longitude): totalplay.Common.getDecimalValueofObject is PASSED

24-07-2024T10:50:14 - [MESSAGE][INFO] - Checking response object

24-07-2024T10:50:14 - [MESSAGE][PASSED] - totalplay.Common.getDecimalValueofObject is PASSED

24-07-2024T10:50:14 - [TEST_STEP][PASSED] - totalplay.Common.getBooleanValueofObject(FoodPLP, components_storeData_verticalsAvailable): totalplay.Common.getBooleanValueofObject is PASSED

24-07-2024T10:50:14 - [MESSAGE][INFO] - Checking response object

24-07-2024T10:50:14 - [MESSAGE][PASSED] - totalplay.Common.getBooleanValueofObject is PASSED

24-07-2024T10:50:14 - [TEST_STEP][PASSED] - totalplay.Common.verifyPropertyExist(FoodPLP, components_storeData_link): totalplay.Common.verifyPropertyExist is PASSED

24-07-2024T10:50:14 - [MESSAGE][INFO] - Checking response object

24-07-2024T10:50:14 - [MESSAGE][PASSED] - totalplay.Common.verifyPropertyExist is PASSED

24-07-2024T10:50:14 - [TEST_STEP][PASSED] - totalplay.Common.verifyPropertyValueExist(FoodPLP, components_storeData_link): totalplay.Common.verifyPropertyValueExist is PASSED

24-07-2024T10:50:14 - [MESSAGE][INFO] - Checking response object

24-07-2024T10:50:14 - [MESSAGE][INFO] - /on/demandware.store/Sites-TP-FOOD-Site/es/OnDemand-Show?storeName=Sirloin Food

24-07-2024T10:50:14 - [MESSAGE][PASSED] - totalplay.Common.verifyPropertyValueExist is PASSED

24-07-2024T10:50:14 - [TEST_STEP][PASSED] - totalplay.Common.getBooleanValueofObject(FoodPLP, components_componentAssets_deliveryTime): totalplay.Common.getBooleanValueofObject is PASSED

24-07-2024T10:50:14 - [MESSAGE][INFO] - Checking response object

24-07-2024T10:50:14 - [MESSAGE][PASSED] - totalplay.Common.getBooleanValueofObject is PASSED

24-07-2024T10:50:14 - [TEST_STEP][PASSED] - totalplay.Common.getBooleanValueofObject(FoodPLP, components_storeData_MultistoreEDD): totalplay.Common.getBooleanValueofObject is PASSED

24-07-2024T10:50:14 - [MESSAGE][INFO] - Checking response object

24-07-2024T10:50:14 - [MESSAGE][PASSED] - totalplay.Common.getBooleanValueofObject is PASSED

24-07-2024T10:50:14 - [TEST_STEP][PASSED] - totalplay.Common.verifyPropertyExist(FoodPLP, components_storeData_linkType): totalplay.Common.verifyPropertyExist is PASSED

24-07-2024T10:50:14 - [MESSAGE][INFO] - Checking response object

24-07-2024T10:50:14 - [MESSAGE][PASSED] - totalplay.Common.verifyPropertyExist is PASSED

24-07-2024T10:50:14 - [TEST_STEP][PASSED] - totalplay.Common.verifyPropertyValueExist(FoodPLP, components_storeData_linkType): totalplay.Common.verifyPropertyValueExist is PASSED

24-07-2024T10:50:14 - [MESSAGE][INFO] - Checking response object

24-07-2024T10:50:15 - [MESSAGE][INFO] - PLP

24-07-2024T10:50:15 - [MESSAGE][PASSED] - totalplay.Common.verifyPropertyValueExist is PASSED

24-07-2024T10:50:15 - [TEST_STEP][PASSED] - totalplay.Common.getNumValueofObject(FoodPLP, components_storeData_grade): totalplay.Common.getNumValueofObject is PASSED

24-07-2024T10:50:15 - [MESSAGE][INFO] - Checking response object

24-07-2024T10:50:15 - [MESSAGE][PASSED] - totalplay.Common.getNumValueofObject is PASSED

24-07-2024T10:50:15 - [TEST_STEP][PASSED] - totalplay.Common.getBooleanValueofObject(FoodPLP, components_storeData_open): totalplay.Common.getBooleanValueofObject is PASSED

24-07-2024T10:50:15 - [MESSAGE][INFO] - Checking response object

24-07-2024T10:50:15 - [MESSAGE][PASSED] - totalplay.Common.getBooleanValueofObject is PASSED

24-07-2024T10:50:15 - [TEST_STEP][PASSED] - totalplay.Common.getNumValueofObject(FoodPLP, components_storeData_evaluationsCount): totalplay.Common.getNumValueofObject is PASSED

24-07-2024T10:50:15 - [MESSAGE][INFO] - Checking response object

24-07-2024T10:50:15 - [MESSAGE][PASSED] - totalplay.Common.getNumValueofObject is PASSED

24-07-2024T10:50:15 - [TEST_STEP][PASSED] - totalplay.Common.verifyPropertyExist(FoodPLP, components_storeData_openHours): totalplay.Common.verifyPropertyExist is PASSED

24-07-2024T10:50:15 - [MESSAGE][INFO] - Checking response object

24-07-2024T10:50:15 - [MESSAGE][PASSED] - totalplay.Common.verifyPropertyExist is PASSED

24-07-2024T10:50:15 - [TEST_STEP][PASSED] - totalplay.Common.verifyPropertyExist(FoodPLP, components_storeData_openHours_time): totalplay.Common.verifyPropertyExist is PASSED

24-07-2024T10:50:15 - [MESSAGE][INFO] - Checking response object

24-07-2024T10:50:15 - [MESSAGE][PASSED] - totalplay.Common.verifyPropertyExist is PASSED

24-07-2024T10:50:15 - [TEST_STEP][PASSED] - totalplay.Common.verifyPropertyExist(FoodPLP, components_storeData_openHours_time_openingTime): totalplay.Common.verifyPropertyExist is PASSED

24-07-2024T10:50:15 - [MESSAGE][INFO] - Checking response object

24-07-2024T10:50:15 - [MESSAGE][PASSED] - totalplay.Common.verifyPropertyExist is PASSED

24-07-2024T10:50:15 - [TEST_STEP][PASSED] - totalplay.Common.verifyPropertyValueExist(FoodPLP, components_storeData_openHours_time_openingTime): totalplay.Common.verifyPropertyValueExist is PASSED

24-07-2024T10:50:15 - [MESSAGE][INFO] - Checking response object

24-07-2024T10:50:15 - [MESSAGE][INFO] - 13:30

24-07-2024T10:50:15 - [MESSAGE][PASSED] - totalplay.Common.verifyPropertyValueExist is PASSED

24-07-2024T10:50:15 - [TEST_STEP][PASSED] - totalplay.Common.verifyPropertyExist(FoodPLP, components_storeData_openHours_time_closingTime): totalplay.Common.verifyPropertyExist is PASSED

24-07-2024T10:50:15 - [MESSAGE][INFO] - Checking response object

24-07-2024T10:50:15 - [MESSAGE][PASSED] - totalplay.Common.verifyPropertyExist is PASSED

24-07-2024T10:50:15 - [TEST_STEP][PASSED] - totalplay.Common.verifyPropertyValueExist(FoodPLP, components_storeData_openHours_time_closingTime): totalplay.Common.verifyPropertyValueExist is PASSED

24-07-2024T10:50:15 - [MESSAGE][INFO] - Checking response object

24-07-2024T10:50:15 - [MESSAGE][INFO] - 15:30

24-07-2024T10:50:15 - [MESSAGE][PASSED] - totalplay.Common.verifyPropertyValueExist is PASSED

24-07-2024T10:50:15 - [TEST_STEP][PASSED] - totalplay.Common.verifyPropertyExist(FoodPLP, components_storeData_openHours_day): totalplay.Common.verifyPropertyExist is PASSED

24-07-2024T10:50:15 - [MESSAGE][INFO] - Checking response object

24-07-2024T10:50:15 - [MESSAGE][PASSED] - totalplay.Common.verifyPropertyExist is PASSED

24-07-2024T10:50:15 - [TEST_STEP][PASSED] - totalplay.Common.verifyPropertyValueExist(FoodPLP, components_storeData_openHours_day): totalplay.Common.verifyPropertyValueExist is PASSED

24-07-2024T10:50:15 - [MESSAGE][INFO] - Checking response object

24-07-2024T10:50:15 - [MESSAGE][INFO] - Lunes

24-07-2024T10:50:15 - [MESSAGE][PASSED] - totalplay.Common.verifyPropertyValueExist is PASSED

24-07-2024T10:50:15 - [TEST_STEP][PASSED] - totalplay.Common.verifyPropertyExist(FoodPLP, components_storeData_shipmentCost): totalplay.Common.verifyPropertyExist is PASSED

24-07-2024T10:50:15 - [MESSAGE][INFO] - Checking response object

24-07-2024T10:50:15 - [MESSAGE][PASSED] - totalplay.Common.verifyPropertyExist is PASSED

24-07-2024T10:50:15 - [TEST_STEP][PASSED] - totalplay.Common.verifyPropertyExist(FoodPLP, components_storeData_shipmentCost_currency): totalplay.Common.verifyPropertyExist is PASSED

24-07-2024T10:50:15 - [MESSAGE][INFO] - Checking response object

24-07-2024T10:50:15 - [MESSAGE][PASSED] - totalplay.Common.verifyPropertyExist is PASSED

24-07-2024T10:50:15 - [TEST_STEP][PASSED] - totalplay.Common.verifyPropertyValueExist(FoodPLP, components_storeData_shipmentCost_currency): totalplay.Common.verifyPropertyValueExist is PASSED

24-07-2024T10:50:15 - [MESSAGE][INFO] - Checking response object

24-07-2024T10:50:15 - [MESSAGE][INFO] - MXN

24-07-2024T10:50:15 - [MESSAGE][PASSED] - totalplay.Common.verifyPropertyValueExist is PASSED

24-07-2024T10:50:15 - [TEST_STEP][PASSED] - totalplay.Common.verifyPropertyExist(FoodPLP, components_storeData_shipmentCost_formatted): totalplay.Common.verifyPropertyExist is PASSED

24-07-2024T10:50:15 - [MESSAGE][INFO] - Checking response object

24-07-2024T10:50:16 - [MESSAGE][PASSED] - totalplay.Common.verifyPropertyExist is PASSED

24-07-2024T10:50:16 - [TEST_STEP][PASSED] - totalplay.Common.verifyPropertyValueExist(FoodPLP, components_storeData_shipmentCost_formatted): totalplay.Common.verifyPropertyValueExist is PASSED

24-07-2024T10:50:16 - [MESSAGE][INFO] - Checking response object

24-07-2024T10:50:16 - [MESSAGE][INFO] - $50.00

24-07-2024T10:50:16 - [MESSAGE][PASSED] - totalplay.Common.verifyPropertyValueExist is PASSED

24-07-2024T10:50:16 - [TEST_STEP][PASSED] - totalplay.Common.verifyPropertyExist(FoodPLP, components_storeData_storeType): totalplay.Common.verifyPropertyExist is PASSED

24-07-2024T10:50:16 - [MESSAGE][INFO] - Checking response object

24-07-2024T10:50:16 - [MESSAGE][PASSED] - totalplay.Common.verifyPropertyExist is PASSED

24-07-2024T10:50:16 - [TEST_STEP][PASSED] - totalplay.Common.verifyPropertyValueExist(FoodPLP, components_storeData_storeType): totalplay.Common.verifyPropertyValueExist is PASSED

24-07-2024T10:50:16 - [MESSAGE][INFO] - Checking response object

24-07-2024T10:50:16 - [MESSAGE][INFO] - krusty

24-07-2024T10:50:16 - [MESSAGE][PASSED] - totalplay.Common.verifyPropertyValueExist is PASSED

24-07-2024T10:50:16 - [TEST_STEP][PASSED] - totalplay.Common.getNumValueofObject(FoodPLP, components__storeData_ratings): totalplay.Common.getNumValueofObject is PASSED

24-07-2024T10:50:16 - [MESSAGE][INFO] - Checking response object

24-07-2024T10:50:16 - [MESSAGE][PASSED] - totalplay.Common.getNumValueofObject is PASSED

24-07-2024T10:50:16 - [TEST_STEP][PASSED] - totalplay.Common.getBooleanValueofObject(FoodPLP, components_storeData_grantiasDeLaTienda): totalplay.Common.getBooleanValueofObject is PASSED

24-07-2024T10:50:16 - [MESSAGE][INFO] - Checking response object

24-07-2024T10:50:16 - [MESSAGE][PASSED] - totalplay.Common.getBooleanValueofObject is PASSED

24-07-2024T10:50:16 - [TEST_STEP][PASSED] - totalplay.Common.getBooleanValueofObject(FoodPLP, components_storeData_tarifaDeEntrega): totalplay.Common.getBooleanValueofObject is PASSED

24-07-2024T10:50:16 - [MESSAGE][INFO] - Checking response object

24-07-2024T10:50:16 - [MESSAGE][PASSED] - totalplay.Common.getBooleanValueofObject is PASSED

24-07-2024T10:50:16 - [TEST_STEP][PASSED] - totalplay.Common.getBooleanValueofObject(FoodPLP, components_storeData_politicaDePrecios): totalplay.Common.getBooleanValueofObject is PASSED

24-07-2024T10:50:16 - [MESSAGE][INFO] - Checking response object

24-07-2024T10:50:16 - [MESSAGE][PASSED] - totalplay.Common.getBooleanValueofObject is PASSED

24-07-2024T10:50:16 - [TEST_STEP][PASSED] - totalplay.Common.getBooleanValueofObject(FoodPLP, components_storeData_ageShowWarningModel): totalplay.Common.getBooleanValueofObject is PASSED

24-07-2024T10:50:16 - [MESSAGE][INFO] - Checking response object

24-07-2024T10:50:16 - [MESSAGE][PASSED] - totalplay.Common.getBooleanValueofObject is PASSED

24-07-2024T10:50:16 - [TEST_STEP][PASSED] - totalplay.Common.verifyPropertyExist(FoodPLP, components_componentAssets): totalplay.Common.verifyPropertyExist is PASSED

24-07-2024T10:50:16 - [MESSAGE][INFO] - Checking response object

24-07-2024T10:50:16 - [MESSAGE][PASSED] - totalplay.Common.verifyPropertyExist is PASSED

24-07-2024T10:50:16 - [TEST_STEP][PASSED] - totalplay.Common.verifyPropertyExist(FoodPLP, components_componentAssets_componentTypeId): totalplay.Common.verifyPropertyExist is PASSED

24-07-2024T10:50:16 - [MESSAGE][INFO] - Checking response object

24-07-2024T10:50:16 - [MESSAGE][PASSED] - totalplay.Common.verifyPropertyExist is PASSED

24-07-2024T10:50:16 - [TEST_STEP][PASSED] - totalplay.Common.verifyPropertyValueExist(FoodPLP, components_componentAssets_componentTypeId): totalplay.Common.verifyPropertyValueExist is PASSED

24-07-2024T10:50:16 - [MESSAGE][INFO] - Checking response object

24-07-2024T10:50:16 - [MESSAGE][INFO] - commerce_assets.FoodHomeBanner

24-07-2024T10:50:16 - [MESSAGE][PASSED] - totalplay.Common.verifyPropertyValueExist is PASSED

24-07-2024T10:50:16 - [TEST_STEP][PASSED] - totalplay.Common.verifyPropertyExist(FoodPLP, components_componentAssets_link): totalplay.Common.verifyPropertyExist is PASSED

24-07-2024T10:50:16 - [MESSAGE][INFO] - Checking response object

24-07-2024T10:50:16 - [MESSAGE][PASSED] - totalplay.Common.verifyPropertyExist is PASSED

24-07-2024T10:50:16 - [TEST_STEP][PASSED] - totalplay.Common.verifyPropertyValueExist(FoodPLP, components_componentAssets_link): totalplay.Common.verifyPropertyValueExist is PASSED

24-07-2024T10:50:16 - [MESSAGE][INFO] - Checking response object

24-07-2024T10:50:16 - [MESSAGE][INFO] - link

24-07-2024T10:50:16 - [MESSAGE][PASSED] - totalplay.Common.verifyPropertyValueExist is PASSED

24-07-2024T10:50:16 - [TEST_STEP][PASSED] - totalplay.Common.getBooleanValueofObject(FoodPLP, components_componentAssets_isAgeRestricted): totalplay.Common.getBooleanValueofObject is PASSED

24-07-2024T10:50:16 - [MESSAGE][INFO] - Checking response object

24-07-2024T10:50:17 - [MESSAGE][PASSED] - totalplay.Common.getBooleanValueofObject is PASSED

24-07-2024T10:50:17 - [TEST_STEP][PASSED] - totalplay.Common.verifyPropertyExist(FoodPLP, components_componentAssets_bannerDesc): totalplay.Common.verifyPropertyExist is PASSED

24-07-2024T10:50:17 - [MESSAGE][INFO] - Checking response object

24-07-2024T10:50:17 - [MESSAGE][PASSED] - totalplay.Common.verifyPropertyExist is PASSED

24-07-2024T10:50:17 - [TEST_STEP][PASSED] - totalplay.Common.verifyPropertyValueExist(FoodPLP, components_componentAssets_bannerDesc): totalplay.Common.verifyPropertyValueExist is PASSED

24-07-2024T10:50:17 - [MESSAGE][INFO] - Checking response object

24-07-2024T10:50:17 - [MESSAGE][INFO] - En la compra de un rollo de temporada llevete un clasico gratis

24-07-2024T10:50:17 - [MESSAGE][PASSED] - totalplay.Common.verifyPropertyValueExist is PASSED

24-07-2024T10:50:17 - [TEST_STEP][PASSED] - totalplay.Common.verifyPropertyExist(FoodPLP, components_componentAssets_bannerName): totalplay.Common.verifyPropertyExist is PASSED

24-07-2024T10:50:17 - [MESSAGE][INFO] - Checking response object

24-07-2024T10:50:17 - [MESSAGE][PASSED] - totalplay.Common.verifyPropertyExist is PASSED

24-07-2024T10:50:17 - [TEST_STEP][PASSED] - totalplay.Common.verifyPropertyValueExist(FoodPLP, components_componentAssets_bannerName): totalplay.Common.verifyPropertyValueExist is PASSED

24-07-2024T10:50:17 - [MESSAGE][INFO] - Checking response object

24-07-2024T10:50:17 - [MESSAGE][INFO] - Rollos de temporada

24-07-2024T10:50:17 - [MESSAGE][PASSED] - totalplay.Common.verifyPropertyValueExist is PASSED

24-07-2024T10:50:17 - [TEST_STEP][PASSED] - totalplay.Common.verifyPropertyExist(FoodPLP, components_componentAssets_linkType): totalplay.Common.verifyPropertyExist is PASSED

24-07-2024T10:50:17 - [MESSAGE][INFO] - Checking response object

24-07-2024T10:50:17 - [MESSAGE][PASSED] - totalplay.Common.verifyPropertyExist is PASSED

24-07-2024T10:50:17 - [TEST_STEP][PASSED] - totalplay.Common.verifyPropertyValueExist(FoodPLP, components_componentAssets_linkType): totalplay.Common.verifyPropertyValueExist is PASSED

24-07-2024T10:50:17 - [MESSAGE][INFO] - Checking response object

24-07-2024T10:50:17 - [MESSAGE][INFO] - SCP

24-07-2024T10:50:17 - [MESSAGE][PASSED] - totalplay.Common.verifyPropertyValueExist is PASSED

24-07-2024T10:50:17 - [TEST_STEP][PASSED] - totalplay.Common.getBooleanValueofObject(FoodPLP, components_componentAssets_logo): totalplay.Common.getBooleanValueofObject is PASSED

24-07-2024T10:50:17 - [MESSAGE][INFO] - Checking response object

24-07-2024T10:50:17 - [MESSAGE][PASSED] - totalplay.Common.getBooleanValueofObject is PASSED

24-07-2024T10:50:17 - [TEST_STEP][PASSED] - totalplay.Common.getBooleanValueofObject(FoodPLP, components_componentAssets_corporateColorCode): totalplay.Common.getBooleanValueofObject is PASSED

24-07-2024T10:50:17 - [MESSAGE][INFO] - Checking response object

24-07-2024T10:50:17 - [MESSAGE][PASSED] - totalplay.Common.getBooleanValueofObject is PASSED

24-07-2024T10:50:17 - [TEST_STEP][PASSED] - totalplay.Common.getBooleanValueofObject(FoodPLP, components_componentAssets_deliveryTime): totalplay.Common.getBooleanValueofObject is PASSED

24-07-2024T10:50:17 - [MESSAGE][INFO] - Checking response object

24-07-2024T10:50:17 - [MESSAGE][PASSED] - totalplay.Common.getBooleanValueofObject is PASSED

24-07-2024T10:50:17 - [TEST_STEP][PASSED] - totalplay.Common.getBooleanValueofObject(FoodPLP, components_componentAssets_positionAfter): totalplay.Common.getBooleanValueofObject is PASSED

24-07-2024T10:50:17 - [MESSAGE][INFO] - Checking response object

24-07-2024T10:50:17 - [MESSAGE][PASSED] - totalplay.Common.getBooleanValueofObject is PASSED]]></system-out>
         <system-err><![CDATA[]]></system-err>
      </testcase>
      <testcase name="Test Cases/TotalPlay-Food/TC_4_Food_SCP" time="7.927" classname="Test Cases/TotalPlay-Food/TC_4_Food_SCP" status="PASSED">
         <system-out><![CDATA[24-07-2024T10:50:17 - [TEST_CASE][PASSED] - Test Cases/TotalPlay-Food/TC_4_Food_SCP: Test Cases/TotalPlay-Food/TC_4_Food_SCP

24-07-2024T10:50:18 - [TEST_STEP][PASSED] - callTestCase(findTestCase("TotalPlay-Food/TC_1_Login_Service"), [:], STOP_ON_FAILURE): Call Test Case 'Test Cases/TotalPlay-Food/TC_1_Login_Service' successfully

24-07-2024T10:50:18 - [MESSAGE][INFO] - Checking called Test Case

24-07-2024T10:50:18 - [MESSAGE][INFO] - Starting to call Test Case 'Test Cases/TotalPlay-Food/TC_1_Login_Service'

24-07-2024T10:50:18 - [TEST_CASE][PASSED] - Test Cases/TotalPlay-Food/TC_1_Login_Service: Test Cases/TotalPlay-Food/TC_1_Login_Service

24-07-2024T10:50:18 - [TEST_STEP][PASSED] - LoginResponse = sendRequest(findTestObject("TotalPlay-Food/getTokenDelivery", ["URL":URL])): Send request successfully

24-07-2024T10:50:18 - [MESSAGE][INFO] - Finding Test Object 'Object Repository/TotalPlay-Food/getTokenDelivery'

24-07-2024T10:50:18 - [MESSAGE][INFO] - Checking request object

24-07-2024T10:50:21 - [MESSAGE][INFO] - HAR: C:\Users\ShubhamKumarThakur\OneDrive - Kognivera\Documents\TotalPlay\totalplay-automation\Reports\20240724_104928\Food_Services\20240724_104928\requests\main\5.har

24-07-2024T10:50:21 - [MESSAGE][PASSED] - Send request successfully

24-07-2024T10:50:21 - [TEST_STEP][PASSED] - assert getResponseStatusCode(LoginResponse) == 200: Checking response object

24-07-2024T10:50:21 - [MESSAGE][INFO] - Checking response object

24-07-2024T10:50:21 - [TEST_STEP][PASSED] - Auth = "ocapiResponse.access_token": null

24-07-2024T10:50:21 - [TEST_STEP][PASSED] - FoodBascketId = "ocapiResponse.c_basketId_TP_FOOD": null

24-07-2024T10:50:21 - [TEST_STEP][PASSED] - FoodBasId = getElementPropertyValue(LoginResponse, FoodBascketId): Checking response object

24-07-2024T10:50:21 - [MESSAGE][INFO] - Checking response object

24-07-2024T10:50:21 - [TEST_STEP][PASSED] - sfccAuthorization = getElementPropertyValue(LoginResponse, Auth): Checking response object

24-07-2024T10:50:21 - [MESSAGE][INFO] - Checking response object

24-07-2024T10:50:21 - [TEST_STEP][PASSED] - Authorization = "Bearer " + sfccAuthorization: null

24-07-2024T10:50:21 - [TEST_STEP][PASSED] - FoodBasketId = FoodBasId: null

24-07-2024T10:50:21 - [TEST_STEP][PASSED] - logInfo(bm_auth_token): 

24-07-2024T10:50:21 - [MESSAGE][INFO] - 

24-07-2024T10:50:21 - [TEST_STEP][PASSED] - if (sfccAuthorization.length() == 0): null

24-07-2024T10:50:21 - [TEST_STEP][PASSED] - else: authorization generated

24-07-2024T10:50:21 - [TEST_STEP][PASSED] - markPassed("authorization generated"): authorization generated

24-07-2024T10:50:21 - [MESSAGE][PASSED] - authorization generated

24-07-2024T10:50:21 - [TEST_STEP][PASSED] - BasketId_loginResponse = "ocapiResponse.c_basketId": null

24-07-2024T10:50:21 - [TEST_STEP][PASSED] - CustomerId_loginResponse = "ocapiResponse.customer_id": null

24-07-2024T10:50:21 - [TEST_STEP][PASSED] - basketId = getElementPropertyValue(LoginResponse, BasketId_loginResponse): Checking response object

24-07-2024T10:50:21 - [MESSAGE][INFO] - Checking response object

24-07-2024T10:50:21 - [TEST_STEP][PASSED] - customerId = getElementPropertyValue(LoginResponse, CustomerId_loginResponse): Checking response object

24-07-2024T10:50:21 - [MESSAGE][INFO] - Checking response object

24-07-2024T10:50:21 - [TEST_STEP][PASSED] - basketID = basketId: null

24-07-2024T10:50:21 - [TEST_STEP][PASSED] - sla_customerId = customerId: null

24-07-2024T10:50:21 - [TEST_STEP][PASSED] - println(basketID): null

24-07-2024T10:50:21 - [TEST_STEP][PASSED] - println(sla_customerId): null

24-07-2024T10:50:21 - [TEST_STEP][PASSED] - refresh_token = "ocapiResponse.refresh_token": null

24-07-2024T10:50:21 - [TEST_STEP][PASSED] - customer_email = "ocapiResponse.customer_email": null

24-07-2024T10:50:21 - [TEST_STEP][PASSED] - c_brmId = "ocapiResponse.c_brmId": null

24-07-2024T10:50:21 - [TEST_STEP][PASSED] - customer_name = "ocapiResponse.customer_name": null

24-07-2024T10:50:21 - [TEST_STEP][PASSED] - totalplay.Common.verifyPropertyExist(LoginResponse, refresh_token): totalplay.Common.verifyPropertyExist is PASSED

24-07-2024T10:50:21 - [MESSAGE][INFO] - Checking response object

24-07-2024T10:50:21 - [MESSAGE][PASSED] - totalplay.Common.verifyPropertyExist is PASSED

24-07-2024T10:50:21 - [TEST_STEP][PASSED] - totalplay.Common.verifyPropertyValueExist(LoginResponse, refresh_token): totalplay.Common.verifyPropertyValueExist is PASSED

24-07-2024T10:50:21 - [MESSAGE][INFO] - Checking response object

24-07-2024T10:50:21 - [MESSAGE][INFO] - 4KwwWSJHMAY7rlKIYW6ySOC2RBi3s7BI9kzvSMTepR0

24-07-2024T10:50:21 - [MESSAGE][PASSED] - totalplay.Common.verifyPropertyValueExist is PASSED

24-07-2024T10:50:21 - [TEST_STEP][PASSED] - totalplay.Common.verifyPropertyExist(LoginResponse, customer_email): totalplay.Common.verifyPropertyExist is PASSED

24-07-2024T10:50:21 - [MESSAGE][INFO] - Checking response object

24-07-2024T10:50:21 - [MESSAGE][PASSED] - totalplay.Common.verifyPropertyExist is PASSED

24-07-2024T10:50:21 - [TEST_STEP][PASSED] - totalplay.Common.verifyPropertyValueExist(LoginResponse, customer_email): totalplay.Common.verifyPropertyValueExist is PASSED

24-07-2024T10:50:21 - [MESSAGE][INFO] - Checking response object

24-07-2024T10:50:21 - [MESSAGE][INFO] - cesar.waldo93@gmail.com

24-07-2024T10:50:21 - [MESSAGE][PASSED] - totalplay.Common.verifyPropertyValueExist is PASSED

24-07-2024T10:50:21 - [TEST_STEP][PASSED] - totalplay.Common.verifyPropertyExist(LoginResponse, customer_name): totalplay.Common.verifyPropertyExist is PASSED

24-07-2024T10:50:21 - [MESSAGE][INFO] - Checking response object

24-07-2024T10:50:21 - [MESSAGE][PASSED] - totalplay.Common.verifyPropertyExist is PASSED

24-07-2024T10:50:21 - [TEST_STEP][PASSED] - totalplay.Common.verifyPropertyValueExist(LoginResponse, customer_name): totalplay.Common.verifyPropertyValueExist is PASSED

24-07-2024T10:50:21 - [MESSAGE][INFO] - Checking response object

24-07-2024T10:50:21 - [MESSAGE][INFO] - CESAR GERARDO WALDO GONZALEZ

24-07-2024T10:50:21 - [MESSAGE][PASSED] - totalplay.Common.verifyPropertyValueExist is PASSED

24-07-2024T10:50:21 - [TEST_STEP][PASSED] - totalplay.Common.verifyPropertyExist(LoginResponse, c_brmId): totalplay.Common.verifyPropertyExist is PASSED

24-07-2024T10:50:21 - [MESSAGE][INFO] - Checking response object

24-07-2024T10:50:21 - [MESSAGE][PASSED] - totalplay.Common.verifyPropertyExist is PASSED

24-07-2024T10:50:21 - [TEST_STEP][PASSED] - totalplay.Common.verifyPropertyValueExist(LoginResponse, c_brmId): totalplay.Common.verifyPropertyValueExist is PASSED

24-07-2024T10:50:21 - [MESSAGE][INFO] - Checking response object

24-07-2024T10:50:22 - [MESSAGE][INFO] - 0106378356

24-07-2024T10:50:22 - [MESSAGE][PASSED] - totalplay.Common.verifyPropertyValueExist is PASSED

24-07-2024T10:50:22 - [MESSAGE][PASSED] - Call Test Case 'Test Cases/TotalPlay-Food/TC_1_Login_Service' successfully

24-07-2024T10:50:22 - [TEST_STEP][PASSED] - FoodSCP = sendRequest(findTestObject("TotalPlay-Food/Food SCP")): Send request successfully

24-07-2024T10:50:22 - [MESSAGE][INFO] - Finding Test Object 'Object Repository/TotalPlay-Food/Food SCP'

24-07-2024T10:50:22 - [MESSAGE][INFO] - Checking request object

24-07-2024T10:50:23 - [MESSAGE][INFO] - HAR: C:\Users\ShubhamKumarThakur\OneDrive - Kognivera\Documents\TotalPlay\totalplay-automation\Reports\20240724_104928\Food_Services\20240724_104928\requests\main\6.har

24-07-2024T10:50:23 - [MESSAGE][PASSED] - Send request successfully

24-07-2024T10:50:23 - [TEST_STEP][PASSED] - verifyResponseStatusCode(FoodSCP, 200): Verify response status code successfully

24-07-2024T10:50:23 - [MESSAGE][INFO] - Checking response object

24-07-2024T10:50:23 - [MESSAGE][PASSED] - Verify response status code successfully

24-07-2024T10:50:23 - [TEST_STEP][PASSED] - id = "id": null

24-07-2024T10:50:23 - [TEST_STEP][PASSED] - name = "name": null

24-07-2024T10:50:23 - [TEST_STEP][PASSED] - c_result = "c_result": null

24-07-2024T10:50:23 - [TEST_STEP][PASSED] - c_result_stores = "c_result.stores": null

24-07-2024T10:50:23 - [TEST_STEP][PASSED] - c_result_stores_ID = "c_result.stores[0].ID": null

24-07-2024T10:50:23 - [TEST_STEP][PASSED] - c_result_stores_name = "c_result.stores[0].name": null

24-07-2024T10:50:23 - [TEST_STEP][PASSED] - c_result_stores_corporateName = "c_result.stores[0].corporateName": null

24-07-2024T10:50:23 - [TEST_STEP][PASSED] - c_result_stores_corporateColorCode = "c_result.stores[0].corporateColorCode": null

24-07-2024T10:50:23 - [TEST_STEP][PASSED] - c_result_stores_image = "c_result.stores[0].image": null

24-07-2024T10:50:23 - [TEST_STEP][PASSED] - c_result_stores_ondemandEDD = "c_result.stores[0].ondemandEDD": null

24-07-2024T10:50:23 - [TEST_STEP][PASSED] - c_result_stores_promotionalBannerImage = "c_result.stores[0].promotionalBannerImage": null

24-07-2024T10:50:23 - [TEST_STEP][PASSED] - c_result_stores_link = "c_result.stores[0].link": null

24-07-2024T10:50:23 - [TEST_STEP][PASSED] - c_result_stores_storeOpen = "c_result.stores[0].storeOpen": null

24-07-2024T10:50:23 - [TEST_STEP][PASSED] - c_result_stores_isStoreActive = "c_result.stores[0].isStoreActive": null

24-07-2024T10:50:23 - [TEST_STEP][PASSED] - c_result_stores_todayOpenHrs_time = "c_result.stores[0].todayOpenHrs.time": null

24-07-2024T10:50:23 - [TEST_STEP][PASSED] - c_result_stores_todayOpenHrs_time_openingTime = "c_result.stores[0].todayOpenHrs.time[0].openingTime": null

24-07-2024T10:50:23 - [TEST_STEP][PASSED] - c_result_stores_todayOpenHrs_time_closingTime = "c_result.stores[0].todayOpenHrs.time[0].closingTime": null

24-07-2024T10:50:23 - [TEST_STEP][PASSED] - c_result_stores_todayOpenHrs_closed = "c_result.stores[0].todayOpenHrs.closed": null

24-07-2024T10:50:23 - [TEST_STEP][PASSED] - c_result_stores_todayOpenHrs_day = "c_result.stores[0].todayOpenHrs.day": null

24-07-2024T10:50:23 - [TEST_STEP][PASSED] - c_result_stores_linkType = "c_result.stores[0].linkType": null

24-07-2024T10:50:23 - [TEST_STEP][PASSED] - c_result_pageDetails = "c_result.pageDetails": null

24-07-2024T10:50:23 - [TEST_STEP][PASSED] - c_result_pageDetails_pagesCount = "c_result.pageDetails.pagesCount": null

24-07-2024T10:50:23 - [TEST_STEP][PASSED] - c_result_pageDetails_storesPerPage = "c_result.pageDetails.storesPerPage": null

24-07-2024T10:50:23 - [TEST_STEP][PASSED] - c_result_pageDetails_currentPage = "c_result.pageDetails.currentPage": null

24-07-2024T10:50:23 - [TEST_STEP][PASSED] - c_result_stores_count = "c_result.stores_count": null

24-07-2024T10:50:23 - [TEST_STEP][PASSED] - c_result_overall_stores_count = "c_result.overall_stores_count": null

24-07-2024T10:50:23 - [TEST_STEP][PASSED] - totalplay.Common.verifyPropertyExist(FoodSCP, id): totalplay.Common.verifyPropertyExist is PASSED

24-07-2024T10:50:23 - [MESSAGE][INFO] - Checking response object

24-07-2024T10:50:23 - [MESSAGE][PASSED] - totalplay.Common.verifyPropertyExist is PASSED

24-07-2024T10:50:23 - [TEST_STEP][PASSED] - totalplay.Common.verifyPropertyValueExist(FoodSCP, id): totalplay.Common.verifyPropertyValueExist is PASSED

24-07-2024T10:50:23 - [MESSAGE][INFO] - Checking response object

24-07-2024T10:50:23 - [MESSAGE][INFO] - seller-category-page

24-07-2024T10:50:23 - [MESSAGE][PASSED] - totalplay.Common.verifyPropertyValueExist is PASSED

24-07-2024T10:50:23 - [TEST_STEP][PASSED] - totalplay.Common.verifyPropertyExist(FoodSCP, name): totalplay.Common.verifyPropertyExist is PASSED

24-07-2024T10:50:23 - [MESSAGE][INFO] - Checking response object

24-07-2024T10:50:23 - [MESSAGE][PASSED] - totalplay.Common.verifyPropertyExist is PASSED

24-07-2024T10:50:23 - [TEST_STEP][PASSED] - totalplay.Common.verifyPropertyValueExist(FoodSCP, name): totalplay.Common.verifyPropertyValueExist is PASSED

24-07-2024T10:50:23 - [MESSAGE][INFO] - Checking response object

24-07-2024T10:50:23 - [MESSAGE][INFO] - seller-category-page

24-07-2024T10:50:23 - [MESSAGE][PASSED] - totalplay.Common.verifyPropertyValueExist is PASSED

24-07-2024T10:50:23 - [TEST_STEP][PASSED] - totalplay.Common.verifyPropertyExist(FoodSCP, c_result): totalplay.Common.verifyPropertyExist is PASSED

24-07-2024T10:50:23 - [MESSAGE][INFO] - Checking response object

24-07-2024T10:50:23 - [MESSAGE][PASSED] - totalplay.Common.verifyPropertyExist is PASSED

24-07-2024T10:50:23 - [TEST_STEP][PASSED] - totalplay.Common.verifyPropertyExist(FoodSCP, c_result_stores): totalplay.Common.verifyPropertyExist is PASSED

24-07-2024T10:50:23 - [MESSAGE][INFO] - Checking response object

24-07-2024T10:50:23 - [MESSAGE][PASSED] - totalplay.Common.verifyPropertyExist is PASSED

24-07-2024T10:50:23 - [TEST_STEP][PASSED] - totalplay.Common.verifyPropertyExist(FoodSCP, c_result_stores_ID): totalplay.Common.verifyPropertyExist is PASSED

24-07-2024T10:50:23 - [MESSAGE][INFO] - Checking response object

24-07-2024T10:50:23 - [MESSAGE][PASSED] - totalplay.Common.verifyPropertyExist is PASSED

24-07-2024T10:50:23 - [TEST_STEP][PASSED] - totalplay.Common.verifyPropertyValueExist(FoodSCP, c_result_stores_ID): totalplay.Common.verifyPropertyValueExist is PASSED

24-07-2024T10:50:23 - [MESSAGE][INFO] - Checking response object

24-07-2024T10:50:23 - [MESSAGE][INFO] - 7691

24-07-2024T10:50:23 - [MESSAGE][PASSED] - totalplay.Common.verifyPropertyValueExist is PASSED

24-07-2024T10:50:23 - [TEST_STEP][PASSED] - totalplay.Common.verifyPropertyExist(FoodSCP, c_result_stores_name): totalplay.Common.verifyPropertyExist is PASSED

24-07-2024T10:50:23 - [MESSAGE][INFO] - Checking response object

24-07-2024T10:50:23 - [MESSAGE][PASSED] - totalplay.Common.verifyPropertyExist is PASSED

24-07-2024T10:50:23 - [TEST_STEP][PASSED] - totalplay.Common.verifyPropertyValueExist(FoodSCP, c_result_stores_name): totalplay.Common.verifyPropertyValueExist is PASSED

24-07-2024T10:50:23 - [MESSAGE][INFO] - Checking response object

24-07-2024T10:50:23 - [MESSAGE][INFO] - Simplementedeli Torre Aleph

24-07-2024T10:50:23 - [MESSAGE][PASSED] - totalplay.Common.verifyPropertyValueExist is PASSED

24-07-2024T10:50:23 - [TEST_STEP][PASSED] - totalplay.Common.verifyPropertyExist(FoodSCP, c_result_stores_corporateName): totalplay.Common.verifyPropertyExist is PASSED

24-07-2024T10:50:23 - [MESSAGE][INFO] - Checking response object

24-07-2024T10:50:23 - [MESSAGE][PASSED] - totalplay.Common.verifyPropertyExist is PASSED

24-07-2024T10:50:23 - [TEST_STEP][PASSED] - totalplay.Common.verifyPropertyValueExist(FoodSCP, c_result_stores_corporateName): totalplay.Common.verifyPropertyValueExist is PASSED

24-07-2024T10:50:23 - [MESSAGE][INFO] - Checking response object

24-07-2024T10:50:24 - [MESSAGE][INFO] - SimplementedeliTorreAleph

24-07-2024T10:50:24 - [MESSAGE][PASSED] - totalplay.Common.verifyPropertyValueExist is PASSED

24-07-2024T10:50:24 - [TEST_STEP][PASSED] - totalplay.Common.verifyPropertyExist(FoodSCP, c_result_stores_corporateColorCode): totalplay.Common.verifyPropertyExist is PASSED

24-07-2024T10:50:24 - [MESSAGE][INFO] - Checking response object

24-07-2024T10:50:24 - [MESSAGE][PASSED] - totalplay.Common.verifyPropertyExist is PASSED

24-07-2024T10:50:24 - [TEST_STEP][PASSED] - totalplay.Common.verifyPropertyValueExist(FoodSCP, c_result_stores_corporateColorCode): totalplay.Common.verifyPropertyValueExist is PASSED

24-07-2024T10:50:24 - [MESSAGE][INFO] - Checking response object

24-07-2024T10:50:24 - [MESSAGE][INFO] - #4A566D

24-07-2024T10:50:24 - [MESSAGE][PASSED] - totalplay.Common.verifyPropertyValueExist is PASSED

24-07-2024T10:50:24 - [TEST_STEP][PASSED] - totalplay.Common.verifyPropertyExist(FoodSCP, c_result_stores_image): totalplay.Common.verifyPropertyExist is PASSED

24-07-2024T10:50:24 - [MESSAGE][INFO] - Checking response object

24-07-2024T10:50:24 - [MESSAGE][PASSED] - totalplay.Common.verifyPropertyExist is PASSED

24-07-2024T10:50:24 - [TEST_STEP][PASSED] - totalplay.Common.verifyPropertyValueExist(FoodSCP, c_result_stores_image): totalplay.Common.verifyPropertyValueExist is PASSED

24-07-2024T10:50:24 - [MESSAGE][INFO] - Checking response object

24-07-2024T10:50:24 - [MESSAGE][INFO] - https://salesforceqa.sistemastp.com.mx/on/demandware.static/-/Sites/default/dwb78a20a1/filler_REC.jpg

24-07-2024T10:50:24 - [MESSAGE][PASSED] - totalplay.Common.verifyPropertyValueExist is PASSED

24-07-2024T10:50:24 - [TEST_STEP][PASSED] - totalplay.Common.verifyPropertyExist(FoodSCP, c_result_stores_ondemandEDD): totalplay.Common.verifyPropertyExist is PASSED

24-07-2024T10:50:24 - [MESSAGE][INFO] - Checking response object

24-07-2024T10:50:24 - [MESSAGE][PASSED] - totalplay.Common.verifyPropertyExist is PASSED

24-07-2024T10:50:24 - [TEST_STEP][PASSED] - totalplay.Common.verifyPropertyValueExist(FoodSCP, c_result_stores_ondemandEDD): totalplay.Common.verifyPropertyValueExist is PASSED

24-07-2024T10:50:24 - [MESSAGE][INFO] - Checking response object

24-07-2024T10:50:24 - [MESSAGE][INFO] - 90 Min

24-07-2024T10:50:24 - [MESSAGE][PASSED] - totalplay.Common.verifyPropertyValueExist is PASSED

24-07-2024T10:50:24 - [TEST_STEP][PASSED] - totalplay.Common.verifyPropertyExist(FoodSCP, c_result_stores_promotionalBannerImage): totalplay.Common.verifyPropertyExist is PASSED

24-07-2024T10:50:24 - [MESSAGE][INFO] - Checking response object

24-07-2024T10:50:24 - [MESSAGE][PASSED] - totalplay.Common.verifyPropertyExist is PASSED

24-07-2024T10:50:24 - [TEST_STEP][PASSED] - totalplay.Common.verifyPropertyValueExist(FoodSCP, c_result_stores_promotionalBannerImage): totalplay.Common.verifyPropertyValueExist is PASSED

24-07-2024T10:50:24 - [MESSAGE][INFO] - Checking response object

24-07-2024T10:50:24 - [MESSAGE][INFO] - https://salesforceqa.sistemastp.com.mx/on/demandware.static/-/Sites/default/dwb78a20a1/filler_REC.jpg

24-07-2024T10:50:24 - [MESSAGE][PASSED] - totalplay.Common.verifyPropertyValueExist is PASSED

24-07-2024T10:50:24 - [TEST_STEP][PASSED] - totalplay.Common.verifyPropertyExist(FoodSCP, c_result_stores_link): totalplay.Common.verifyPropertyExist is PASSED

24-07-2024T10:50:24 - [MESSAGE][INFO] - Checking response object

24-07-2024T10:50:24 - [MESSAGE][PASSED] - totalplay.Common.verifyPropertyExist is PASSED

24-07-2024T10:50:24 - [TEST_STEP][PASSED] - totalplay.Common.verifyPropertyValueExist(FoodSCP, c_result_stores_link): totalplay.Common.verifyPropertyValueExist is PASSED

24-07-2024T10:50:24 - [MESSAGE][INFO] - Checking response object

24-07-2024T10:50:24 - [MESSAGE][INFO] - /dw/shop/v23_2/product_search?pcpPage=true&count=30&refine_1=c_miraklShopID=7691&q=Desayuno

24-07-2024T10:50:24 - [MESSAGE][PASSED] - totalplay.Common.verifyPropertyValueExist is PASSED

24-07-2024T10:50:24 - [TEST_STEP][PASSED] - totalplay.Common.getBooleanValueofObject(FoodSCP, c_result_stores_storeOpen): totalplay.Common.getBooleanValueofObject is PASSED

24-07-2024T10:50:24 - [MESSAGE][INFO] - Checking response object

24-07-2024T10:50:24 - [MESSAGE][PASSED] - totalplay.Common.getBooleanValueofObject is PASSED

24-07-2024T10:50:24 - [TEST_STEP][PASSED] - totalplay.Common.verifyPropertyExist(FoodSCP, c_result_stores_linkType): totalplay.Common.verifyPropertyExist is PASSED

24-07-2024T10:50:24 - [MESSAGE][INFO] - Checking response object

24-07-2024T10:50:24 - [MESSAGE][PASSED] - totalplay.Common.verifyPropertyExist is PASSED

24-07-2024T10:50:24 - [TEST_STEP][PASSED] - totalplay.Common.verifyPropertyValueExist(FoodSCP, c_result_stores_linkType): totalplay.Common.verifyPropertyValueExist is PASSED

24-07-2024T10:50:24 - [MESSAGE][INFO] - Checking response object

24-07-2024T10:50:24 - [MESSAGE][INFO] - PCP

24-07-2024T10:50:24 - [MESSAGE][PASSED] - totalplay.Common.verifyPropertyValueExist is PASSED

24-07-2024T10:50:24 - [TEST_STEP][PASSED] - totalplay.Common.verifyPropertyExist(FoodSCP, c_result_pageDetails): totalplay.Common.verifyPropertyExist is PASSED

24-07-2024T10:50:24 - [MESSAGE][INFO] - Checking response object

24-07-2024T10:50:24 - [MESSAGE][PASSED] - totalplay.Common.verifyPropertyExist is PASSED

24-07-2024T10:50:24 - [TEST_STEP][PASSED] - totalplay.Common.getNumValueofObject(FoodSCP, c_result_pageDetails_pagesCount): totalplay.Common.getNumValueofObject is PASSED

24-07-2024T10:50:24 - [MESSAGE][INFO] - Checking response object

24-07-2024T10:50:24 - [MESSAGE][PASSED] - totalplay.Common.getNumValueofObject is PASSED

24-07-2024T10:50:24 - [TEST_STEP][PASSED] - totalplay.Common.getNumValueofObject(FoodSCP, c_result_pageDetails_storesPerPage): totalplay.Common.getNumValueofObject is PASSED

24-07-2024T10:50:24 - [MESSAGE][INFO] - Checking response object

24-07-2024T10:50:24 - [MESSAGE][PASSED] - totalplay.Common.getNumValueofObject is PASSED

24-07-2024T10:50:24 - [TEST_STEP][PASSED] - totalplay.Common.verifyPropertyExist(FoodSCP, c_result_pageDetails_currentPage): totalplay.Common.verifyPropertyExist is PASSED

24-07-2024T10:50:24 - [MESSAGE][INFO] - Checking response object

24-07-2024T10:50:25 - [MESSAGE][PASSED] - totalplay.Common.verifyPropertyExist is PASSED

24-07-2024T10:50:25 - [TEST_STEP][PASSED] - totalplay.Common.verifyPropertyValueExist(FoodSCP, c_result_pageDetails_currentPage): totalplay.Common.verifyPropertyValueExist is PASSED

24-07-2024T10:50:25 - [MESSAGE][INFO] - Checking response object

24-07-2024T10:50:25 - [MESSAGE][INFO] - 1

24-07-2024T10:50:25 - [MESSAGE][PASSED] - totalplay.Common.verifyPropertyValueExist is PASSED

24-07-2024T10:50:25 - [TEST_STEP][PASSED] - totalplay.Common.getNumValueofObject(FoodSCP, c_result_overall_stores_count): totalplay.Common.getNumValueofObject is PASSED

24-07-2024T10:50:25 - [MESSAGE][INFO] - Checking response object

24-07-2024T10:50:25 - [MESSAGE][PASSED] - totalplay.Common.getNumValueofObject is PASSED

24-07-2024T10:50:25 - [TEST_STEP][PASSED] - totalplay.Common.getNumValueofObject(FoodSCP, c_result_stores_count): totalplay.Common.getNumValueofObject is PASSED

24-07-2024T10:50:25 - [MESSAGE][INFO] - Checking response object

24-07-2024T10:50:25 - [MESSAGE][PASSED] - totalplay.Common.getNumValueofObject is PASSED

24-07-2024T10:50:25 - [TEST_STEP][PASSED] - totalplay.Common.verifyPropertyExist(FoodSCP, c_result_stores_todayOpenHrs_time): totalplay.Common.verifyPropertyExist is PASSED

24-07-2024T10:50:25 - [MESSAGE][INFO] - Checking response object

24-07-2024T10:50:25 - [MESSAGE][PASSED] - totalplay.Common.verifyPropertyExist is PASSED

24-07-2024T10:50:25 - [TEST_STEP][PASSED] - totalplay.Common.verifyPropertyExist(FoodSCP, c_result_stores_todayOpenHrs_time_openingTime): totalplay.Common.verifyPropertyExist is PASSED

24-07-2024T10:50:25 - [MESSAGE][INFO] - Checking response object

24-07-2024T10:50:25 - [MESSAGE][PASSED] - totalplay.Common.verifyPropertyExist is PASSED

24-07-2024T10:50:25 - [TEST_STEP][PASSED] - totalplay.Common.verifyPropertyExist(FoodSCP, c_result_stores_todayOpenHrs_time_closingTime): totalplay.Common.verifyPropertyExist is PASSED

24-07-2024T10:50:25 - [MESSAGE][INFO] - Checking response object

24-07-2024T10:50:25 - [MESSAGE][PASSED] - totalplay.Common.verifyPropertyExist is PASSED

24-07-2024T10:50:25 - [TEST_STEP][PASSED] - totalplay.Common.getBooleanValueofObject(FoodSCP, c_result_stores_todayOpenHrs_closed): totalplay.Common.getBooleanValueofObject is PASSED

24-07-2024T10:50:25 - [MESSAGE][INFO] - Checking response object

24-07-2024T10:50:25 - [MESSAGE][PASSED] - totalplay.Common.getBooleanValueofObject is PASSED

24-07-2024T10:50:25 - [TEST_STEP][PASSED] - totalplay.Common.verifyPropertyExist(FoodSCP, c_result_stores_todayOpenHrs_day): totalplay.Common.verifyPropertyExist is PASSED

24-07-2024T10:50:25 - [MESSAGE][INFO] - Checking response object

24-07-2024T10:50:25 - [MESSAGE][PASSED] - totalplay.Common.verifyPropertyExist is PASSED

24-07-2024T10:50:25 - [TEST_STEP][PASSED] - totalplay.Common.getBooleanValueofObject(FoodSCP, c_result_stores_isStoreActive): totalplay.Common.getBooleanValueofObject is PASSED

24-07-2024T10:50:25 - [MESSAGE][INFO] - Checking response object

24-07-2024T10:50:25 - [MESSAGE][PASSED] - totalplay.Common.getBooleanValueofObject is PASSED]]></system-out>
         <system-err><![CDATA[]]></system-err>
      </testcase>
      <testcase name="Test Cases/TotalPlay-Food/TC_5_Food_PCP" time="10.343" classname="Test Cases/TotalPlay-Food/TC_5_Food_PCP" status="PASSED">
         <system-out><![CDATA[24-07-2024T10:50:25 - [TEST_CASE][PASSED] - Test Cases/TotalPlay-Food/TC_5_Food_PCP: Test Cases/TotalPlay-Food/TC_5_Food_PCP

24-07-2024T10:50:26 - [TEST_STEP][PASSED] - callTestCase(findTestCase("TotalPlay-Food/TC_1_Login_Service"), [:], STOP_ON_FAILURE): Call Test Case 'Test Cases/TotalPlay-Food/TC_1_Login_Service' successfully

24-07-2024T10:50:26 - [MESSAGE][INFO] - Checking called Test Case

24-07-2024T10:50:26 - [MESSAGE][INFO] - Starting to call Test Case 'Test Cases/TotalPlay-Food/TC_1_Login_Service'

24-07-2024T10:50:26 - [TEST_CASE][PASSED] - Test Cases/TotalPlay-Food/TC_1_Login_Service: Test Cases/TotalPlay-Food/TC_1_Login_Service

24-07-2024T10:50:26 - [TEST_STEP][PASSED] - LoginResponse = sendRequest(findTestObject("TotalPlay-Food/getTokenDelivery", ["URL":URL])): Send request successfully

24-07-2024T10:50:26 - [MESSAGE][INFO] - Finding Test Object 'Object Repository/TotalPlay-Food/getTokenDelivery'

24-07-2024T10:50:27 - [MESSAGE][INFO] - Checking request object

24-07-2024T10:50:29 - [MESSAGE][INFO] - HAR: C:\Users\ShubhamKumarThakur\OneDrive - Kognivera\Documents\TotalPlay\totalplay-automation\Reports\20240724_104928\Food_Services\20240724_104928\requests\main\7.har

24-07-2024T10:50:29 - [MESSAGE][PASSED] - Send request successfully

24-07-2024T10:50:29 - [TEST_STEP][PASSED] - assert getResponseStatusCode(LoginResponse) == 200: Checking response object

24-07-2024T10:50:29 - [MESSAGE][INFO] - Checking response object

24-07-2024T10:50:29 - [TEST_STEP][PASSED] - Auth = "ocapiResponse.access_token": null

24-07-2024T10:50:29 - [TEST_STEP][PASSED] - FoodBascketId = "ocapiResponse.c_basketId_TP_FOOD": null

24-07-2024T10:50:29 - [TEST_STEP][PASSED] - FoodBasId = getElementPropertyValue(LoginResponse, FoodBascketId): Checking response object

24-07-2024T10:50:29 - [MESSAGE][INFO] - Checking response object

24-07-2024T10:50:30 - [TEST_STEP][PASSED] - sfccAuthorization = getElementPropertyValue(LoginResponse, Auth): Checking response object

24-07-2024T10:50:30 - [MESSAGE][INFO] - Checking response object

24-07-2024T10:50:30 - [TEST_STEP][PASSED] - Authorization = "Bearer " + sfccAuthorization: null

24-07-2024T10:50:30 - [TEST_STEP][PASSED] - FoodBasketId = FoodBasId: null

24-07-2024T10:50:30 - [TEST_STEP][PASSED] - logInfo(bm_auth_token): 

24-07-2024T10:50:30 - [MESSAGE][INFO] - 

24-07-2024T10:50:30 - [TEST_STEP][PASSED] - if (sfccAuthorization.length() == 0): null

24-07-2024T10:50:30 - [TEST_STEP][PASSED] - else: authorization generated

24-07-2024T10:50:30 - [TEST_STEP][PASSED] - markPassed("authorization generated"): authorization generated

24-07-2024T10:50:30 - [MESSAGE][PASSED] - authorization generated

24-07-2024T10:50:30 - [TEST_STEP][PASSED] - BasketId_loginResponse = "ocapiResponse.c_basketId": null

24-07-2024T10:50:30 - [TEST_STEP][PASSED] - CustomerId_loginResponse = "ocapiResponse.customer_id": null

24-07-2024T10:50:30 - [TEST_STEP][PASSED] - basketId = getElementPropertyValue(LoginResponse, BasketId_loginResponse): Checking response object

24-07-2024T10:50:30 - [MESSAGE][INFO] - Checking response object

24-07-2024T10:50:30 - [TEST_STEP][PASSED] - customerId = getElementPropertyValue(LoginResponse, CustomerId_loginResponse): Checking response object

24-07-2024T10:50:30 - [MESSAGE][INFO] - Checking response object

24-07-2024T10:50:30 - [TEST_STEP][PASSED] - basketID = basketId: null

24-07-2024T10:50:30 - [TEST_STEP][PASSED] - sla_customerId = customerId: null

24-07-2024T10:50:30 - [TEST_STEP][PASSED] - println(basketID): null

24-07-2024T10:50:30 - [TEST_STEP][PASSED] - println(sla_customerId): null

24-07-2024T10:50:30 - [TEST_STEP][PASSED] - refresh_token = "ocapiResponse.refresh_token": null

24-07-2024T10:50:30 - [TEST_STEP][PASSED] - customer_email = "ocapiResponse.customer_email": null

24-07-2024T10:50:30 - [TEST_STEP][PASSED] - c_brmId = "ocapiResponse.c_brmId": null

24-07-2024T10:50:30 - [TEST_STEP][PASSED] - customer_name = "ocapiResponse.customer_name": null

24-07-2024T10:50:30 - [TEST_STEP][PASSED] - totalplay.Common.verifyPropertyExist(LoginResponse, refresh_token): totalplay.Common.verifyPropertyExist is PASSED

24-07-2024T10:50:30 - [MESSAGE][INFO] - Checking response object

24-07-2024T10:50:30 - [MESSAGE][PASSED] - totalplay.Common.verifyPropertyExist is PASSED

24-07-2024T10:50:30 - [TEST_STEP][PASSED] - totalplay.Common.verifyPropertyValueExist(LoginResponse, refresh_token): totalplay.Common.verifyPropertyValueExist is PASSED

24-07-2024T10:50:30 - [MESSAGE][INFO] - Checking response object

24-07-2024T10:50:30 - [MESSAGE][INFO] - OAgsnDXNG7TK9NkTllAtt_FSTt_BEQloToFstDTZl94

24-07-2024T10:50:30 - [MESSAGE][PASSED] - totalplay.Common.verifyPropertyValueExist is PASSED

24-07-2024T10:50:30 - [TEST_STEP][PASSED] - totalplay.Common.verifyPropertyExist(LoginResponse, customer_email): totalplay.Common.verifyPropertyExist is PASSED

24-07-2024T10:50:30 - [MESSAGE][INFO] - Checking response object

24-07-2024T10:50:30 - [MESSAGE][PASSED] - totalplay.Common.verifyPropertyExist is PASSED

24-07-2024T10:50:30 - [TEST_STEP][PASSED] - totalplay.Common.verifyPropertyValueExist(LoginResponse, customer_email): totalplay.Common.verifyPropertyValueExist is PASSED

24-07-2024T10:50:30 - [MESSAGE][INFO] - Checking response object

24-07-2024T10:50:30 - [MESSAGE][INFO] - cesar.waldo93@gmail.com

24-07-2024T10:50:30 - [MESSAGE][PASSED] - totalplay.Common.verifyPropertyValueExist is PASSED

24-07-2024T10:50:30 - [TEST_STEP][PASSED] - totalplay.Common.verifyPropertyExist(LoginResponse, customer_name): totalplay.Common.verifyPropertyExist is PASSED

24-07-2024T10:50:30 - [MESSAGE][INFO] - Checking response object

24-07-2024T10:50:30 - [MESSAGE][PASSED] - totalplay.Common.verifyPropertyExist is PASSED

24-07-2024T10:50:30 - [TEST_STEP][PASSED] - totalplay.Common.verifyPropertyValueExist(LoginResponse, customer_name): totalplay.Common.verifyPropertyValueExist is PASSED

24-07-2024T10:50:30 - [MESSAGE][INFO] - Checking response object

24-07-2024T10:50:30 - [MESSAGE][INFO] - CESAR GERARDO WALDO GONZALEZ

24-07-2024T10:50:30 - [MESSAGE][PASSED] - totalplay.Common.verifyPropertyValueExist is PASSED

24-07-2024T10:50:30 - [TEST_STEP][PASSED] - totalplay.Common.verifyPropertyExist(LoginResponse, c_brmId): totalplay.Common.verifyPropertyExist is PASSED

24-07-2024T10:50:30 - [MESSAGE][INFO] - Checking response object

24-07-2024T10:50:30 - [MESSAGE][PASSED] - totalplay.Common.verifyPropertyExist is PASSED

24-07-2024T10:50:30 - [TEST_STEP][PASSED] - totalplay.Common.verifyPropertyValueExist(LoginResponse, c_brmId): totalplay.Common.verifyPropertyValueExist is PASSED

24-07-2024T10:50:30 - [MESSAGE][INFO] - Checking response object

24-07-2024T10:50:30 - [MESSAGE][INFO] - 0106378356

24-07-2024T10:50:30 - [MESSAGE][PASSED] - totalplay.Common.verifyPropertyValueExist is PASSED

24-07-2024T10:50:30 - [MESSAGE][PASSED] - Call Test Case 'Test Cases/TotalPlay-Food/TC_1_Login_Service' successfully

24-07-2024T10:50:30 - [TEST_STEP][PASSED] - FoodPCP = sendRequest(findTestObject("TotalPlay-Food/Food PCP", ["URL":URL])): Send request successfully

24-07-2024T10:50:30 - [MESSAGE][INFO] - Finding Test Object 'Object Repository/TotalPlay-Food/Food PCP'

24-07-2024T10:50:30 - [MESSAGE][INFO] - Checking request object

24-07-2024T10:50:31 - [MESSAGE][INFO] - HAR: C:\Users\ShubhamKumarThakur\OneDrive - Kognivera\Documents\TotalPlay\totalplay-automation\Reports\20240724_104928\Food_Services\20240724_104928\requests\main\8.har

24-07-2024T10:50:31 - [MESSAGE][PASSED] - Send request successfully

24-07-2024T10:50:31 - [TEST_STEP][PASSED] - verifyResponseStatusCode(FoodPCP, 200): Verify response status code successfully

24-07-2024T10:50:31 - [MESSAGE][INFO] - Checking response object

24-07-2024T10:50:31 - [MESSAGE][PASSED] - Verify response status code successfully

24-07-2024T10:50:31 - [TEST_STEP][PASSED] - count = "count": null

24-07-2024T10:50:31 - [TEST_STEP][PASSED] - hits = "hits": null

24-07-2024T10:50:31 - [TEST_STEP][PASSED] - hits_type = "hits[0]._type": null

24-07-2024T10:50:31 - [TEST_STEP][PASSED] - hits_hit_type = "hits[0].hit_type": null

24-07-2024T10:50:31 - [TEST_STEP][PASSED] - hits_link = "hits[0].link": null

24-07-2024T10:50:31 - [TEST_STEP][PASSED] - hits_product_name = "hits[0].product_name": null

24-07-2024T10:50:31 - [TEST_STEP][PASSED] - hits_product_id = "hits[0].product_id": null

24-07-2024T10:50:31 - [TEST_STEP][PASSED] - hits_product_type = "hits[0].product_type": null

24-07-2024T10:50:31 - [TEST_STEP][PASSED] - hits_product_type_type = "hits[0].product_type._type": null

24-07-2024T10:50:31 - [TEST_STEP][PASSED] - hits_product_type_item = "hits[0].product_type.item": null

24-07-2024T10:50:31 - [TEST_STEP][PASSED] - hits_c_description = "hits[0].c_description": null

24-07-2024T10:50:31 - [TEST_STEP][PASSED] - hits_c_basePrice = "hits[0].c_basePrice": null

24-07-2024T10:50:31 - [TEST_STEP][PASSED] - hits_c_linkType = "hits[0].c_linkType": null

24-07-2024T10:50:31 - [TEST_STEP][PASSED] - hits_c_productType = "hits[0].c_productType": null

24-07-2024T10:50:31 - [TEST_STEP][PASSED] - hits_c_basePrice_value = "hits[0].c_basePrice.value": null

24-07-2024T10:50:31 - [TEST_STEP][PASSED] - hits_c_basePrice_currency = "hits[0].c_basePrice.currency": null

24-07-2024T10:50:31 - [TEST_STEP][PASSED] - hits_c_basePrice_formatted = "hits[0].c_basePrice.formatted": null

24-07-2024T10:50:31 - [TEST_STEP][PASSED] - hits_c_basePrice_decimalPrice = "hits[0].c_basePrice.decimalPrice": null

24-07-2024T10:50:31 - [TEST_STEP][PASSED] - hits_c_salePrice = "hits[0].c_salePrice": null

24-07-2024T10:50:31 - [TEST_STEP][PASSED] - hits_c_salePrice_value = "hits[0].c_salePrice.value": null

24-07-2024T10:50:31 - [TEST_STEP][PASSED] - hits_c_salePrice_currency = "hits[0].c_salePrice.currency": null

24-07-2024T10:50:31 - [TEST_STEP][PASSED] - hits_c_salePrice_formatted = "hits[0].c_salePrice.formatted": null

24-07-2024T10:50:31 - [TEST_STEP][PASSED] - hits_c_salePrice_decimalPrice = "hits[0].c_salePrice.decimalPrice": null

24-07-2024T10:50:31 - [TEST_STEP][PASSED] - hits_c_Image = "hits[0].c_Image": null

24-07-2024T10:50:31 - [TEST_STEP][PASSED] - hits_c_Image_alt = "hits[0].c_Image[0].alt": null

24-07-2024T10:50:31 - [TEST_STEP][PASSED] - hits_c_Image_url = "hits[0].c_Image[0].url": null

24-07-2024T10:50:31 - [TEST_STEP][PASSED] - hits_c_Image_title = "hits[0].c_Image[0].title": null

24-07-2024T10:50:31 - [TEST_STEP][PASSED] - hits_c_promoPrice = "hits[0].c_promoPrice": null

24-07-2024T10:50:31 - [TEST_STEP][PASSED] - hits_c_discount_percentage = "hits[0].c_discount_percentage": null

24-07-2024T10:50:31 - [TEST_STEP][PASSED] - hits_c_isVariant = "hits[0].c_isVariant": null

24-07-2024T10:50:31 - [TEST_STEP][PASSED] - hits_c_emi_months = "hits[0].c_emi_months": null

24-07-2024T10:50:31 - [TEST_STEP][PASSED] - hits_c_emi_installment_amount = "hits[0].c_emi_installment_amount": null

24-07-2024T10:50:31 - [TEST_STEP][PASSED] - hits_c_Edd = "hits[0].c_Edd": null

24-07-2024T10:50:31 - [TEST_STEP][PASSED] - refinements = "refinements": null

24-07-2024T10:50:31 - [TEST_STEP][PASSED] - refinements_type0 = "refinements[0]._type": null

24-07-2024T10:50:31 - [TEST_STEP][PASSED] - refinements_attribute_id0 = "refinements[0].attribute_id": null

24-07-2024T10:50:31 - [TEST_STEP][PASSED] - refinements_label0 = "refinements[0].label": null

24-07-2024T10:50:31 - [TEST_STEP][PASSED] - refinements_type = "refinements[1]._type": null

24-07-2024T10:50:31 - [TEST_STEP][PASSED] - refinements_attribute_id = "refinements[1].attribute_id": null

24-07-2024T10:50:31 - [TEST_STEP][PASSED] - refinements_label = "refinements[1].label": null

24-07-2024T10:50:31 - [TEST_STEP][PASSED] - refinements_values = "refinements[1].values": null

24-07-2024T10:50:31 - [TEST_STEP][PASSED] - search_phrase_suggestions = "search_phrase_suggestions": null

24-07-2024T10:50:31 - [TEST_STEP][PASSED] - search_phrase_suggestions_type = "search_phrase_suggestions._type": null

24-07-2024T10:50:31 - [TEST_STEP][PASSED] - sorting_options = "sorting_options": null

24-07-2024T10:50:31 - [TEST_STEP][PASSED] - sorting_options_type = "sorting_options[0]._type": null

24-07-2024T10:50:31 - [TEST_STEP][PASSED] - sorting_options_label = "sorting_options[0].label": null

24-07-2024T10:50:31 - [TEST_STEP][PASSED] - sorting_options_id = "sorting_options[0].id": null

24-07-2024T10:50:31 - [TEST_STEP][PASSED] - start = "start": null

24-07-2024T10:50:31 - [TEST_STEP][PASSED] - total = "total": null

24-07-2024T10:50:31 - [TEST_STEP][PASSED] - totalplay.Common.getNumValueofObject(FoodPCP, count): totalplay.Common.getNumValueofObject is PASSED

24-07-2024T10:50:31 - [MESSAGE][INFO] - Checking response object

24-07-2024T10:50:31 - [MESSAGE][PASSED] - totalplay.Common.getNumValueofObject is PASSED

24-07-2024T10:50:31 - [TEST_STEP][PASSED] - totalplay.Common.verifyPropertyExist(FoodPCP, hits): totalplay.Common.verifyPropertyExist is PASSED

24-07-2024T10:50:31 - [MESSAGE][INFO] - Checking response object

24-07-2024T10:50:31 - [MESSAGE][PASSED] - totalplay.Common.verifyPropertyExist is PASSED

24-07-2024T10:50:31 - [TEST_STEP][PASSED] - totalplay.Common.verifyPropertyExist(FoodPCP, hits_type): totalplay.Common.verifyPropertyExist is PASSED

24-07-2024T10:50:31 - [MESSAGE][INFO] - Checking response object

24-07-2024T10:50:31 - [MESSAGE][PASSED] - totalplay.Common.verifyPropertyExist is PASSED

24-07-2024T10:50:31 - [TEST_STEP][PASSED] - totalplay.Common.verifyPropertyValueExist(FoodPCP, hits_type): totalplay.Common.verifyPropertyValueExist is PASSED

24-07-2024T10:50:31 - [MESSAGE][INFO] - Checking response object

24-07-2024T10:50:31 - [MESSAGE][INFO] - product_search_hit

24-07-2024T10:50:31 - [MESSAGE][PASSED] - totalplay.Common.verifyPropertyValueExist is PASSED

24-07-2024T10:50:31 - [TEST_STEP][PASSED] - totalplay.Common.verifyPropertyExist(FoodPCP, hits_hit_type): totalplay.Common.verifyPropertyExist is PASSED

24-07-2024T10:50:31 - [MESSAGE][INFO] - Checking response object

24-07-2024T10:50:32 - [MESSAGE][PASSED] - totalplay.Common.verifyPropertyExist is PASSED

24-07-2024T10:50:32 - [TEST_STEP][PASSED] - totalplay.Common.verifyPropertyValueExist(FoodPCP, hits_hit_type): totalplay.Common.verifyPropertyValueExist is PASSED

24-07-2024T10:50:32 - [MESSAGE][INFO] - Checking response object

24-07-2024T10:50:32 - [MESSAGE][INFO] - product

24-07-2024T10:50:32 - [MESSAGE][PASSED] - totalplay.Common.verifyPropertyValueExist is PASSED

24-07-2024T10:50:32 - [TEST_STEP][PASSED] - totalplay.Common.verifyPropertyExist(FoodPCP, hits_link): totalplay.Common.verifyPropertyExist is PASSED

24-07-2024T10:50:32 - [MESSAGE][INFO] - Checking response object

24-07-2024T10:50:32 - [MESSAGE][PASSED] - totalplay.Common.verifyPropertyExist is PASSED

24-07-2024T10:50:32 - [TEST_STEP][PASSED] - totalplay.Common.verifyPropertyValueExist(FoodPCP, hits_link): totalplay.Common.verifyPropertyValueExist is PASSED

24-07-2024T10:50:32 - [MESSAGE][INFO] - Checking response object

24-07-2024T10:50:32 - [MESSAGE][INFO] - /dw/shop/v23_2/products/C1615243382?sellerId=4158

24-07-2024T10:50:32 - [MESSAGE][PASSED] - totalplay.Common.verifyPropertyValueExist is PASSED

24-07-2024T10:50:32 - [TEST_STEP][PASSED] - totalplay.Common.verifyPropertyExist(FoodPCP, hits_product_name): totalplay.Common.verifyPropertyExist is PASSED

24-07-2024T10:50:32 - [MESSAGE][INFO] - Checking response object

24-07-2024T10:50:32 - [MESSAGE][PASSED] - totalplay.Common.verifyPropertyExist is PASSED

24-07-2024T10:50:32 - [TEST_STEP][PASSED] - totalplay.Common.verifyPropertyValueExist(FoodPCP, hits_product_name): totalplay.Common.verifyPropertyValueExist is PASSED

24-07-2024T10:50:32 - [MESSAGE][INFO] - Checking response object

24-07-2024T10:50:32 - [MESSAGE][INFO] - Salsa Roja

24-07-2024T10:50:32 - [MESSAGE][PASSED] - totalplay.Common.verifyPropertyValueExist is PASSED

24-07-2024T10:50:32 - [TEST_STEP][PASSED] - totalplay.Common.verifyPropertyExist(FoodPCP, hits_product_id): totalplay.Common.verifyPropertyExist is PASSED

24-07-2024T10:50:32 - [MESSAGE][INFO] - Checking response object

24-07-2024T10:50:32 - [MESSAGE][PASSED] - totalplay.Common.verifyPropertyExist is PASSED

24-07-2024T10:50:32 - [TEST_STEP][PASSED] - totalplay.Common.verifyPropertyValueExist(FoodPCP, hits_product_id): totalplay.Common.verifyPropertyValueExist is PASSED

24-07-2024T10:50:32 - [MESSAGE][INFO] - Checking response object

24-07-2024T10:50:32 - [MESSAGE][INFO] - C1615243382

24-07-2024T10:50:32 - [MESSAGE][PASSED] - totalplay.Common.verifyPropertyValueExist is PASSED

24-07-2024T10:50:32 - [TEST_STEP][PASSED] - totalplay.Common.verifyPropertyExist(FoodPCP, hits_product_type_type): totalplay.Common.verifyPropertyExist is PASSED

24-07-2024T10:50:32 - [MESSAGE][INFO] - Checking response object

24-07-2024T10:50:32 - [MESSAGE][PASSED] - totalplay.Common.verifyPropertyExist is PASSED

24-07-2024T10:50:32 - [TEST_STEP][PASSED] - totalplay.Common.verifyPropertyValueExist(FoodPCP, hits_product_type_type): totalplay.Common.verifyPropertyValueExist is PASSED

24-07-2024T10:50:32 - [MESSAGE][INFO] - Checking response object

24-07-2024T10:50:32 - [MESSAGE][INFO] - product_type

24-07-2024T10:50:32 - [MESSAGE][PASSED] - totalplay.Common.verifyPropertyValueExist is PASSED

24-07-2024T10:50:32 - [TEST_STEP][PASSED] - totalplay.Common.verifyPropertyExist(FoodPCP, hits_product_type): totalplay.Common.verifyPropertyExist is PASSED

24-07-2024T10:50:32 - [MESSAGE][INFO] - Checking response object

24-07-2024T10:50:32 - [MESSAGE][PASSED] - totalplay.Common.verifyPropertyExist is PASSED

24-07-2024T10:50:32 - [TEST_STEP][PASSED] - totalplay.Common.getBooleanValueofObject(FoodPCP, hits_product_type_item): totalplay.Common.getBooleanValueofObject is PASSED

24-07-2024T10:50:32 - [MESSAGE][INFO] - Checking response object

24-07-2024T10:50:32 - [MESSAGE][PASSED] - totalplay.Common.getBooleanValueofObject is PASSED

24-07-2024T10:50:32 - [TEST_STEP][PASSED] - totalplay.Common.verifyPropertyExist(FoodPCP, hits_c_basePrice): totalplay.Common.verifyPropertyExist is PASSED

24-07-2024T10:50:32 - [MESSAGE][INFO] - Checking response object

24-07-2024T10:50:32 - [MESSAGE][PASSED] - totalplay.Common.verifyPropertyExist is PASSED

24-07-2024T10:50:32 - [TEST_STEP][PASSED] - totalplay.Common.verifyPropertyExist(FoodPCP, hits_c_linkType): totalplay.Common.verifyPropertyExist is PASSED

24-07-2024T10:50:32 - [MESSAGE][INFO] - Checking response object

24-07-2024T10:50:32 - [MESSAGE][PASSED] - totalplay.Common.verifyPropertyExist is PASSED

24-07-2024T10:50:32 - [TEST_STEP][PASSED] - totalplay.Common.verifyPropertyValueExist(FoodPCP, hits_c_linkType): totalplay.Common.verifyPropertyValueExist is PASSED

24-07-2024T10:50:32 - [MESSAGE][INFO] - Checking response object

24-07-2024T10:50:32 - [MESSAGE][INFO] - PDP

24-07-2024T10:50:32 - [MESSAGE][PASSED] - totalplay.Common.verifyPropertyValueExist is PASSED

24-07-2024T10:50:32 - [TEST_STEP][PASSED] - totalplay.Common.verifyPropertyExist(FoodPCP, hits_c_productType): totalplay.Common.verifyPropertyExist is PASSED

24-07-2024T10:50:32 - [MESSAGE][INFO] - Checking response object

24-07-2024T10:50:32 - [MESSAGE][PASSED] - totalplay.Common.verifyPropertyExist is PASSED

24-07-2024T10:50:32 - [TEST_STEP][PASSED] - totalplay.Common.verifyPropertyValueExist(FoodPCP, hits_c_productType): totalplay.Common.verifyPropertyValueExist is PASSED

24-07-2024T10:50:32 - [MESSAGE][INFO] - Checking response object

24-07-2024T10:50:33 - [MESSAGE][INFO] - regular

24-07-2024T10:50:33 - [MESSAGE][PASSED] - totalplay.Common.verifyPropertyValueExist is PASSED

24-07-2024T10:50:33 - [TEST_STEP][PASSED] - totalplay.Common.getDecimalValueofObject(FoodPCP, hits_c_basePrice_value): totalplay.Common.getDecimalValueofObject is PASSED

24-07-2024T10:50:33 - [MESSAGE][INFO] - Checking response object

24-07-2024T10:50:33 - [MESSAGE][PASSED] - totalplay.Common.getDecimalValueofObject is PASSED

24-07-2024T10:50:33 - [TEST_STEP][PASSED] - totalplay.Common.verifyPropertyExist(FoodPCP, hits_c_basePrice_currency): totalplay.Common.verifyPropertyExist is PASSED

24-07-2024T10:50:33 - [MESSAGE][INFO] - Checking response object

24-07-2024T10:50:33 - [MESSAGE][PASSED] - totalplay.Common.verifyPropertyExist is PASSED

24-07-2024T10:50:33 - [TEST_STEP][PASSED] - totalplay.Common.verifyPropertyValueExist(FoodPCP, hits_c_basePrice_currency): totalplay.Common.verifyPropertyValueExist is PASSED

24-07-2024T10:50:33 - [MESSAGE][INFO] - Checking response object

24-07-2024T10:50:33 - [MESSAGE][INFO] - MXN

24-07-2024T10:50:33 - [MESSAGE][PASSED] - totalplay.Common.verifyPropertyValueExist is PASSED

24-07-2024T10:50:33 - [TEST_STEP][PASSED] - totalplay.Common.verifyPropertyExist(FoodPCP, hits_c_basePrice_formatted): totalplay.Common.verifyPropertyExist is PASSED

24-07-2024T10:50:33 - [MESSAGE][INFO] - Checking response object

24-07-2024T10:50:33 - [MESSAGE][PASSED] - totalplay.Common.verifyPropertyExist is PASSED

24-07-2024T10:50:33 - [TEST_STEP][PASSED] - totalplay.Common.verifyPropertyValueExist(FoodPCP, hits_c_basePrice_formatted): totalplay.Common.verifyPropertyValueExist is PASSED

24-07-2024T10:50:33 - [MESSAGE][INFO] - Checking response object

24-07-2024T10:50:33 - [MESSAGE][INFO] - $10.00

24-07-2024T10:50:33 - [MESSAGE][PASSED] - totalplay.Common.verifyPropertyValueExist is PASSED

24-07-2024T10:50:33 - [TEST_STEP][PASSED] - totalplay.Common.verifyPropertyExist(FoodPCP, hits_c_basePrice_decimalPrice): totalplay.Common.verifyPropertyExist is PASSED

24-07-2024T10:50:33 - [MESSAGE][INFO] - Checking response object

24-07-2024T10:50:33 - [MESSAGE][PASSED] - totalplay.Common.verifyPropertyExist is PASSED

24-07-2024T10:50:33 - [TEST_STEP][PASSED] - totalplay.Common.verifyPropertyValueExist(FoodPCP, hits_c_basePrice_decimalPrice): totalplay.Common.verifyPropertyValueExist is PASSED

24-07-2024T10:50:33 - [MESSAGE][INFO] - Checking response object

24-07-2024T10:50:33 - [MESSAGE][INFO] - 10.00

24-07-2024T10:50:33 - [MESSAGE][PASSED] - totalplay.Common.verifyPropertyValueExist is PASSED

24-07-2024T10:50:33 - [TEST_STEP][PASSED] - totalplay.Common.verifyPropertyExist(FoodPCP, hits_c_salePrice): totalplay.Common.verifyPropertyExist is PASSED

24-07-2024T10:50:33 - [MESSAGE][INFO] - Checking response object

24-07-2024T10:50:33 - [MESSAGE][PASSED] - totalplay.Common.verifyPropertyExist is PASSED

24-07-2024T10:50:33 - [TEST_STEP][PASSED] - totalplay.Common.verifyPropertyExist(FoodPCP, hits_c_Image_alt): totalplay.Common.verifyPropertyExist is PASSED

24-07-2024T10:50:33 - [MESSAGE][INFO] - Checking response object

24-07-2024T10:50:33 - [MESSAGE][PASSED] - totalplay.Common.verifyPropertyExist is PASSED

24-07-2024T10:50:33 - [TEST_STEP][PASSED] - totalplay.Common.verifyPropertyValueExist(FoodPCP, hits_c_Image_alt): totalplay.Common.verifyPropertyValueExist is PASSED

24-07-2024T10:50:33 - [MESSAGE][INFO] - Checking response object

24-07-2024T10:50:33 - [MESSAGE][INFO] - Salsa Roja

24-07-2024T10:50:33 - [MESSAGE][PASSED] - totalplay.Common.verifyPropertyValueExist is PASSED

24-07-2024T10:50:33 - [TEST_STEP][PASSED] - totalplay.Common.verifyPropertyValueEmptyString(FoodPCP, hits_c_salePrice_currency): totalplay.Common.verifyPropertyValueEmptyString is PASSED

24-07-2024T10:50:33 - [MESSAGE][INFO] - Checking response object

24-07-2024T10:50:33 - [MESSAGE][INFO] - 

24-07-2024T10:50:33 - [MESSAGE][PASSED] - totalplay.Common.verifyPropertyValueEmptyString is PASSED

24-07-2024T10:50:33 - [TEST_STEP][PASSED] - totalplay.Common.verifyPropertyValueEmptyString(FoodPCP, hits_c_salePrice_formatted): totalplay.Common.verifyPropertyValueEmptyString is PASSED

24-07-2024T10:50:33 - [MESSAGE][INFO] - Checking response object

24-07-2024T10:50:33 - [MESSAGE][INFO] - 

24-07-2024T10:50:33 - [MESSAGE][PASSED] - totalplay.Common.verifyPropertyValueEmptyString is PASSED

24-07-2024T10:50:33 - [TEST_STEP][PASSED] - totalplay.Common.verifyPropertyValueEmptyString(FoodPCP, hits_c_salePrice_decimalPrice): totalplay.Common.verifyPropertyValueEmptyString is PASSED

24-07-2024T10:50:33 - [MESSAGE][INFO] - Checking response object

24-07-2024T10:50:33 - [MESSAGE][INFO] - 

24-07-2024T10:50:33 - [MESSAGE][PASSED] - totalplay.Common.verifyPropertyValueEmptyString is PASSED

24-07-2024T10:50:33 - [TEST_STEP][PASSED] - totalplay.Common.verifyPropertyValueEmptyString(FoodPCP, hits_c_Image_url): totalplay.Common.verifyPropertyValueEmptyString is PASSED

24-07-2024T10:50:33 - [MESSAGE][INFO] - Checking response object

24-07-2024T10:50:33 - [MESSAGE][INFO] - 

24-07-2024T10:50:33 - [MESSAGE][PASSED] - totalplay.Common.verifyPropertyValueEmptyString is PASSED

24-07-2024T10:50:33 - [TEST_STEP][PASSED] - totalplay.Common.verifyPropertyExist(FoodPCP, hits_c_Image_title): totalplay.Common.verifyPropertyExist is PASSED

24-07-2024T10:50:33 - [MESSAGE][INFO] - Checking response object

24-07-2024T10:50:34 - [MESSAGE][PASSED] - totalplay.Common.verifyPropertyExist is PASSED

24-07-2024T10:50:34 - [TEST_STEP][PASSED] - totalplay.Common.verifyPropertyValueExist(FoodPCP, hits_c_Image_title): totalplay.Common.verifyPropertyValueExist is PASSED

24-07-2024T10:50:34 - [MESSAGE][INFO] - Checking response object

24-07-2024T10:50:34 - [MESSAGE][INFO] - Salsa Roja

24-07-2024T10:50:34 - [MESSAGE][PASSED] - totalplay.Common.verifyPropertyValueExist is PASSED

24-07-2024T10:50:34 - [TEST_STEP][PASSED] - totalplay.Common.getDecimalValueofObject(FoodPCP, hits_c_promoPrice): totalplay.Common.getDecimalValueofObject is PASSED

24-07-2024T10:50:34 - [MESSAGE][INFO] - Checking response object

24-07-2024T10:50:34 - [MESSAGE][PASSED] - totalplay.Common.getDecimalValueofObject is PASSED

24-07-2024T10:50:34 - [TEST_STEP][PASSED] - totalplay.Common.getDecimalValueofObject(FoodPCP, hits_c_salePrice_value): totalplay.Common.getDecimalValueofObject is PASSED

24-07-2024T10:50:34 - [MESSAGE][INFO] - Checking response object

24-07-2024T10:50:34 - [MESSAGE][PASSED] - totalplay.Common.getDecimalValueofObject is PASSED

24-07-2024T10:50:34 - [TEST_STEP][PASSED] - totalplay.Common.getBooleanValueofObject(FoodPCP, hits_c_isVariant): totalplay.Common.getBooleanValueofObject is PASSED

24-07-2024T10:50:34 - [MESSAGE][INFO] - Checking response object

24-07-2024T10:50:34 - [MESSAGE][PASSED] - totalplay.Common.getBooleanValueofObject is PASSED

24-07-2024T10:50:34 - [TEST_STEP][PASSED] - totalplay.Common.getDecimalValueofObject(FoodPCP, hits_c_emi_months): totalplay.Common.getDecimalValueofObject is PASSED

24-07-2024T10:50:34 - [MESSAGE][INFO] - Checking response object

24-07-2024T10:50:34 - [MESSAGE][PASSED] - totalplay.Common.getDecimalValueofObject is PASSED

24-07-2024T10:50:34 - [TEST_STEP][PASSED] - totalplay.Common.getDecimalValueofObject(FoodPCP, hits_c_emi_installment_amount): totalplay.Common.getDecimalValueofObject is PASSED

24-07-2024T10:50:34 - [MESSAGE][INFO] - Checking response object

24-07-2024T10:50:34 - [MESSAGE][PASSED] - totalplay.Common.getDecimalValueofObject is PASSED

24-07-2024T10:50:34 - [TEST_STEP][PASSED] - totalplay.Common.verifyPropertyExist(FoodPCP, hits_c_Edd): totalplay.Common.verifyPropertyExist is PASSED

24-07-2024T10:50:34 - [MESSAGE][INFO] - Checking response object

24-07-2024T10:50:34 - [MESSAGE][PASSED] - totalplay.Common.verifyPropertyExist is PASSED

24-07-2024T10:50:34 - [TEST_STEP][PASSED] - totalplay.Common.verifyPropertyValueExist(FoodPCP, hits_c_Edd): totalplay.Common.verifyPropertyValueExist is PASSED

24-07-2024T10:50:34 - [MESSAGE][INFO] - Checking response object

24-07-2024T10:50:34 - [MESSAGE][INFO] - 90 Min

24-07-2024T10:50:34 - [MESSAGE][PASSED] - totalplay.Common.verifyPropertyValueExist is PASSED

24-07-2024T10:50:34 - [TEST_STEP][PASSED] - totalplay.Common.verifyPropertyExist(FoodPCP, refinements): totalplay.Common.verifyPropertyExist is PASSED

24-07-2024T10:50:34 - [MESSAGE][INFO] - Checking response object

24-07-2024T10:50:34 - [MESSAGE][PASSED] - totalplay.Common.verifyPropertyExist is PASSED

24-07-2024T10:50:34 - [TEST_STEP][PASSED] - totalplay.Common.verifyPropertyExist(FoodPCP, refinements_type0): totalplay.Common.verifyPropertyExist is PASSED

24-07-2024T10:50:34 - [MESSAGE][INFO] - Checking response object

24-07-2024T10:50:34 - [MESSAGE][PASSED] - totalplay.Common.verifyPropertyExist is PASSED

24-07-2024T10:50:34 - [TEST_STEP][PASSED] - totalplay.Common.verifyPropertyValueExist(FoodPCP, refinements_type0): totalplay.Common.verifyPropertyValueExist is PASSED

24-07-2024T10:50:34 - [MESSAGE][INFO] - Checking response object

24-07-2024T10:50:34 - [MESSAGE][INFO] - product_search_refinement

24-07-2024T10:50:34 - [MESSAGE][PASSED] - totalplay.Common.verifyPropertyValueExist is PASSED

24-07-2024T10:50:34 - [TEST_STEP][PASSED] - totalplay.Common.verifyPropertyExist(FoodPCP, refinements_attribute_id0): totalplay.Common.verifyPropertyExist is PASSED

24-07-2024T10:50:34 - [MESSAGE][INFO] - Checking response object

24-07-2024T10:50:34 - [MESSAGE][PASSED] - totalplay.Common.verifyPropertyExist is PASSED

24-07-2024T10:50:34 - [TEST_STEP][PASSED] - totalplay.Common.verifyPropertyValueExist(FoodPCP, refinements_attribute_id0): totalplay.Common.verifyPropertyValueExist is PASSED

24-07-2024T10:50:34 - [MESSAGE][INFO] - Checking response object

24-07-2024T10:50:34 - [MESSAGE][INFO] - c_availableTimings

24-07-2024T10:50:34 - [MESSAGE][PASSED] - totalplay.Common.verifyPropertyValueExist is PASSED

24-07-2024T10:50:34 - [TEST_STEP][PASSED] - totalplay.Common.verifyPropertyExist(FoodPCP, refinements_label0): totalplay.Common.verifyPropertyExist is PASSED

24-07-2024T10:50:34 - [MESSAGE][INFO] - Checking response object

24-07-2024T10:50:34 - [MESSAGE][PASSED] - totalplay.Common.verifyPropertyExist is PASSED

24-07-2024T10:50:34 - [TEST_STEP][PASSED] - totalplay.Common.verifyPropertyValueExist(FoodPCP, refinements_label0): totalplay.Common.verifyPropertyValueExist is PASSED

24-07-2024T10:50:34 - [MESSAGE][INFO] - Checking response object

24-07-2024T10:50:34 - [MESSAGE][INFO] - Available Timings

24-07-2024T10:50:34 - [MESSAGE][PASSED] - totalplay.Common.verifyPropertyValueExist is PASSED

24-07-2024T10:50:34 - [TEST_STEP][PASSED] - totalplay.Common.verifyPropertyExist(FoodPCP, refinements_type): totalplay.Common.verifyPropertyExist is PASSED

24-07-2024T10:50:34 - [MESSAGE][INFO] - Checking response object

24-07-2024T10:50:34 - [MESSAGE][PASSED] - totalplay.Common.verifyPropertyExist is PASSED

24-07-2024T10:50:34 - [TEST_STEP][PASSED] - totalplay.Common.verifyPropertyValueExist(FoodPCP, refinements_type): totalplay.Common.verifyPropertyValueExist is PASSED

24-07-2024T10:50:34 - [MESSAGE][INFO] - Checking response object

24-07-2024T10:50:34 - [MESSAGE][INFO] - product_search_refinement

24-07-2024T10:50:34 - [MESSAGE][PASSED] - totalplay.Common.verifyPropertyValueExist is PASSED

24-07-2024T10:50:34 - [TEST_STEP][PASSED] - totalplay.Common.verifyPropertyExist(FoodPCP, refinements_label): totalplay.Common.verifyPropertyExist is PASSED

24-07-2024T10:50:34 - [MESSAGE][INFO] - Checking response object

24-07-2024T10:50:34 - [MESSAGE][PASSED] - totalplay.Common.verifyPropertyExist is PASSED

24-07-2024T10:50:34 - [TEST_STEP][PASSED] - totalplay.Common.verifyPropertyValueExist(FoodPCP, refinements_label): totalplay.Common.verifyPropertyValueExist is PASSED

24-07-2024T10:50:34 - [MESSAGE][INFO] - Checking response object

24-07-2024T10:50:35 - [MESSAGE][INFO] - Category

24-07-2024T10:50:35 - [MESSAGE][PASSED] - totalplay.Common.verifyPropertyValueExist is PASSED

24-07-2024T10:50:35 - [TEST_STEP][PASSED] - totalplay.Common.verifyPropertyExist(FoodPCP, refinements_attribute_id): totalplay.Common.verifyPropertyExist is PASSED

24-07-2024T10:50:35 - [MESSAGE][INFO] - Checking response object

24-07-2024T10:50:35 - [MESSAGE][PASSED] - totalplay.Common.verifyPropertyExist is PASSED

24-07-2024T10:50:35 - [TEST_STEP][PASSED] - totalplay.Common.verifyPropertyValueExist(FoodPCP, refinements_attribute_id): totalplay.Common.verifyPropertyValueExist is PASSED

24-07-2024T10:50:35 - [MESSAGE][INFO] - Checking response object

24-07-2024T10:50:35 - [MESSAGE][INFO] - cgid

24-07-2024T10:50:35 - [MESSAGE][PASSED] - totalplay.Common.verifyPropertyValueExist is PASSED

24-07-2024T10:50:35 - [TEST_STEP][PASSED] - totalplay.Common.verifyPropertyExist(FoodPCP, refinements_values): totalplay.Common.verifyPropertyExist is PASSED

24-07-2024T10:50:35 - [MESSAGE][INFO] - Checking response object

24-07-2024T10:50:35 - [MESSAGE][PASSED] - totalplay.Common.verifyPropertyExist is PASSED

24-07-2024T10:50:35 - [TEST_STEP][PASSED] - totalplay.Common.verifyPropertyExist(FoodPCP, search_phrase_suggestions): totalplay.Common.verifyPropertyExist is PASSED

24-07-2024T10:50:35 - [MESSAGE][INFO] - Checking response object

24-07-2024T10:50:35 - [MESSAGE][PASSED] - totalplay.Common.verifyPropertyExist is PASSED

24-07-2024T10:50:35 - [TEST_STEP][PASSED] - totalplay.Common.verifyPropertyExist(FoodPCP, search_phrase_suggestions_type): totalplay.Common.verifyPropertyExist is PASSED

24-07-2024T10:50:35 - [MESSAGE][INFO] - Checking response object

24-07-2024T10:50:35 - [MESSAGE][PASSED] - totalplay.Common.verifyPropertyExist is PASSED

24-07-2024T10:50:35 - [TEST_STEP][PASSED] - totalplay.Common.verifyPropertyValueExist(FoodPCP, search_phrase_suggestions_type): totalplay.Common.verifyPropertyValueExist is PASSED

24-07-2024T10:50:35 - [MESSAGE][INFO] - Checking response object

24-07-2024T10:50:35 - [MESSAGE][INFO] - suggestion

24-07-2024T10:50:35 - [MESSAGE][PASSED] - totalplay.Common.verifyPropertyValueExist is PASSED

24-07-2024T10:50:35 - [TEST_STEP][PASSED] - totalplay.Common.verifyPropertyExist(FoodPCP, sorting_options): totalplay.Common.verifyPropertyExist is PASSED

24-07-2024T10:50:35 - [MESSAGE][INFO] - Checking response object

24-07-2024T10:50:35 - [MESSAGE][PASSED] - totalplay.Common.verifyPropertyExist is PASSED

24-07-2024T10:50:35 - [TEST_STEP][PASSED] - totalplay.Common.verifyPropertyExist(FoodPCP, sorting_options_type): totalplay.Common.verifyPropertyExist is PASSED

24-07-2024T10:50:35 - [MESSAGE][INFO] - Checking response object

24-07-2024T10:50:35 - [MESSAGE][PASSED] - totalplay.Common.verifyPropertyExist is PASSED

24-07-2024T10:50:35 - [TEST_STEP][PASSED] - totalplay.Common.verifyPropertyValueExist(FoodPCP, sorting_options_type): totalplay.Common.verifyPropertyValueExist is PASSED

24-07-2024T10:50:35 - [MESSAGE][INFO] - Checking response object

24-07-2024T10:50:35 - [MESSAGE][INFO] - product_search_sorting_option

24-07-2024T10:50:35 - [MESSAGE][PASSED] - totalplay.Common.verifyPropertyValueExist is PASSED

24-07-2024T10:50:35 - [TEST_STEP][PASSED] - totalplay.Common.verifyPropertyExist(FoodPCP, sorting_options_label): totalplay.Common.verifyPropertyExist is PASSED

24-07-2024T10:50:35 - [MESSAGE][INFO] - Checking response object

24-07-2024T10:50:35 - [MESSAGE][PASSED] - totalplay.Common.verifyPropertyExist is PASSED

24-07-2024T10:50:35 - [TEST_STEP][PASSED] - totalplay.Common.verifyPropertyValueExist(FoodPCP, sorting_options_label): totalplay.Common.verifyPropertyValueExist is PASSED

24-07-2024T10:50:35 - [MESSAGE][INFO] - Checking response object

24-07-2024T10:50:35 - [MESSAGE][INFO] - Best Matches

24-07-2024T10:50:35 - [MESSAGE][PASSED] - totalplay.Common.verifyPropertyValueExist is PASSED

24-07-2024T10:50:35 - [TEST_STEP][PASSED] - totalplay.Common.verifyPropertyExist(FoodPCP, sorting_options_id): totalplay.Common.verifyPropertyExist is PASSED

24-07-2024T10:50:35 - [MESSAGE][INFO] - Checking response object

24-07-2024T10:50:35 - [MESSAGE][PASSED] - totalplay.Common.verifyPropertyExist is PASSED

24-07-2024T10:50:35 - [TEST_STEP][PASSED] - totalplay.Common.verifyPropertyValueExist(FoodPCP, sorting_options_id): totalplay.Common.verifyPropertyValueExist is PASSED

24-07-2024T10:50:35 - [MESSAGE][INFO] - Checking response object

24-07-2024T10:50:35 - [MESSAGE][INFO] - best-matches

24-07-2024T10:50:35 - [MESSAGE][PASSED] - totalplay.Common.verifyPropertyValueExist is PASSED

24-07-2024T10:50:35 - [TEST_STEP][PASSED] - totalplay.Common.getNumValueofObject(FoodPCP, start): totalplay.Common.getNumValueofObject is PASSED

24-07-2024T10:50:35 - [MESSAGE][INFO] - Checking response object

24-07-2024T10:50:35 - [MESSAGE][PASSED] - totalplay.Common.getNumValueofObject is PASSED

24-07-2024T10:50:35 - [TEST_STEP][PASSED] - totalplay.Common.getNumValueofObject(FoodPCP, total): totalplay.Common.getNumValueofObject is PASSED

24-07-2024T10:50:35 - [MESSAGE][INFO] - Checking response object

24-07-2024T10:50:35 - [MESSAGE][PASSED] - totalplay.Common.getNumValueofObject is PASSED]]></system-out>
         <system-err><![CDATA[]]></system-err>
      </testcase>
      <testcase name="Test Cases/TotalPlay-Food/TC_6_Food PDP" time="13.083" classname="Test Cases/TotalPlay-Food/TC_6_Food PDP" status="PASSED">
         <system-out><![CDATA[24-07-2024T10:50:35 - [TEST_CASE][PASSED] - Test Cases/TotalPlay-Food/TC_6_Food PDP: Test Cases/TotalPlay-Food/TC_6_Food PDP

24-07-2024T10:50:37 - [TEST_STEP][PASSED] - callTestCase(findTestCase("TotalPlay-Food/TC_1_Login_Service"), [:], STOP_ON_FAILURE): Call Test Case 'Test Cases/TotalPlay-Food/TC_1_Login_Service' successfully

24-07-2024T10:50:37 - [MESSAGE][INFO] - Checking called Test Case

24-07-2024T10:50:37 - [MESSAGE][INFO] - Starting to call Test Case 'Test Cases/TotalPlay-Food/TC_1_Login_Service'

24-07-2024T10:50:37 - [TEST_CASE][PASSED] - Test Cases/TotalPlay-Food/TC_1_Login_Service: Test Cases/TotalPlay-Food/TC_1_Login_Service

24-07-2024T10:50:37 - [TEST_STEP][PASSED] - LoginResponse = sendRequest(findTestObject("TotalPlay-Food/getTokenDelivery", ["URL":URL])): Send request successfully

24-07-2024T10:50:37 - [MESSAGE][INFO] - Finding Test Object 'Object Repository/TotalPlay-Food/getTokenDelivery'

24-07-2024T10:50:38 - [MESSAGE][INFO] - Checking request object

24-07-2024T10:50:40 - [MESSAGE][INFO] - HAR: C:\Users\ShubhamKumarThakur\OneDrive - Kognivera\Documents\TotalPlay\totalplay-automation\Reports\20240724_104928\Food_Services\20240724_104928\requests\main\9.har

24-07-2024T10:50:40 - [MESSAGE][PASSED] - Send request successfully

24-07-2024T10:50:40 - [TEST_STEP][PASSED] - assert getResponseStatusCode(LoginResponse) == 200: Checking response object

24-07-2024T10:50:40 - [MESSAGE][INFO] - Checking response object

24-07-2024T10:50:40 - [TEST_STEP][PASSED] - Auth = "ocapiResponse.access_token": null

24-07-2024T10:50:40 - [TEST_STEP][PASSED] - FoodBascketId = "ocapiResponse.c_basketId_TP_FOOD": null

24-07-2024T10:50:40 - [TEST_STEP][PASSED] - FoodBasId = getElementPropertyValue(LoginResponse, FoodBascketId): Checking response object

24-07-2024T10:50:40 - [MESSAGE][INFO] - Checking response object

24-07-2024T10:50:40 - [TEST_STEP][PASSED] - sfccAuthorization = getElementPropertyValue(LoginResponse, Auth): Checking response object

24-07-2024T10:50:40 - [MESSAGE][INFO] - Checking response object

24-07-2024T10:50:41 - [TEST_STEP][PASSED] - Authorization = "Bearer " + sfccAuthorization: null

24-07-2024T10:50:41 - [TEST_STEP][PASSED] - FoodBasketId = FoodBasId: null

24-07-2024T10:50:41 - [TEST_STEP][PASSED] - logInfo(bm_auth_token): 

24-07-2024T10:50:41 - [MESSAGE][INFO] - 

24-07-2024T10:50:41 - [TEST_STEP][PASSED] - if (sfccAuthorization.length() == 0): null

24-07-2024T10:50:41 - [TEST_STEP][PASSED] - else: authorization generated

24-07-2024T10:50:41 - [TEST_STEP][PASSED] - markPassed("authorization generated"): authorization generated

24-07-2024T10:50:41 - [MESSAGE][PASSED] - authorization generated

24-07-2024T10:50:41 - [TEST_STEP][PASSED] - BasketId_loginResponse = "ocapiResponse.c_basketId": null

24-07-2024T10:50:41 - [TEST_STEP][PASSED] - CustomerId_loginResponse = "ocapiResponse.customer_id": null

24-07-2024T10:50:41 - [TEST_STEP][PASSED] - basketId = getElementPropertyValue(LoginResponse, BasketId_loginResponse): Checking response object

24-07-2024T10:50:41 - [MESSAGE][INFO] - Checking response object

24-07-2024T10:50:41 - [TEST_STEP][PASSED] - customerId = getElementPropertyValue(LoginResponse, CustomerId_loginResponse): Checking response object

24-07-2024T10:50:41 - [MESSAGE][INFO] - Checking response object

24-07-2024T10:50:41 - [TEST_STEP][PASSED] - basketID = basketId: null

24-07-2024T10:50:41 - [TEST_STEP][PASSED] - sla_customerId = customerId: null

24-07-2024T10:50:41 - [TEST_STEP][PASSED] - println(basketID): null

24-07-2024T10:50:41 - [TEST_STEP][PASSED] - println(sla_customerId): null

24-07-2024T10:50:41 - [TEST_STEP][PASSED] - refresh_token = "ocapiResponse.refresh_token": null

24-07-2024T10:50:41 - [TEST_STEP][PASSED] - customer_email = "ocapiResponse.customer_email": null

24-07-2024T10:50:41 - [TEST_STEP][PASSED] - c_brmId = "ocapiResponse.c_brmId": null

24-07-2024T10:50:41 - [TEST_STEP][PASSED] - customer_name = "ocapiResponse.customer_name": null

24-07-2024T10:50:41 - [TEST_STEP][PASSED] - totalplay.Common.verifyPropertyExist(LoginResponse, refresh_token): totalplay.Common.verifyPropertyExist is PASSED

24-07-2024T10:50:41 - [MESSAGE][INFO] - Checking response object

24-07-2024T10:50:41 - [MESSAGE][PASSED] - totalplay.Common.verifyPropertyExist is PASSED

24-07-2024T10:50:41 - [TEST_STEP][PASSED] - totalplay.Common.verifyPropertyValueExist(LoginResponse, refresh_token): totalplay.Common.verifyPropertyValueExist is PASSED

24-07-2024T10:50:41 - [MESSAGE][INFO] - Checking response object

24-07-2024T10:50:41 - [MESSAGE][INFO] - fFi6vCBX1Zi8Vyv-48qtw9WQEZ6jzpZ6NmopFR6UCbY

24-07-2024T10:50:41 - [MESSAGE][PASSED] - totalplay.Common.verifyPropertyValueExist is PASSED

24-07-2024T10:50:41 - [TEST_STEP][PASSED] - totalplay.Common.verifyPropertyExist(LoginResponse, customer_email): totalplay.Common.verifyPropertyExist is PASSED

24-07-2024T10:50:41 - [MESSAGE][INFO] - Checking response object

24-07-2024T10:50:41 - [MESSAGE][PASSED] - totalplay.Common.verifyPropertyExist is PASSED

24-07-2024T10:50:41 - [TEST_STEP][PASSED] - totalplay.Common.verifyPropertyValueExist(LoginResponse, customer_email): totalplay.Common.verifyPropertyValueExist is PASSED

24-07-2024T10:50:41 - [MESSAGE][INFO] - Checking response object

24-07-2024T10:50:41 - [MESSAGE][INFO] - cesar.waldo93@gmail.com

24-07-2024T10:50:41 - [MESSAGE][PASSED] - totalplay.Common.verifyPropertyValueExist is PASSED

24-07-2024T10:50:41 - [TEST_STEP][PASSED] - totalplay.Common.verifyPropertyExist(LoginResponse, customer_name): totalplay.Common.verifyPropertyExist is PASSED

24-07-2024T10:50:41 - [MESSAGE][INFO] - Checking response object

24-07-2024T10:50:41 - [MESSAGE][PASSED] - totalplay.Common.verifyPropertyExist is PASSED

24-07-2024T10:50:41 - [TEST_STEP][PASSED] - totalplay.Common.verifyPropertyValueExist(LoginResponse, customer_name): totalplay.Common.verifyPropertyValueExist is PASSED

24-07-2024T10:50:41 - [MESSAGE][INFO] - Checking response object

24-07-2024T10:50:41 - [MESSAGE][INFO] - CESAR GERARDO WALDO GONZALEZ

24-07-2024T10:50:41 - [MESSAGE][PASSED] - totalplay.Common.verifyPropertyValueExist is PASSED

24-07-2024T10:50:41 - [TEST_STEP][PASSED] - totalplay.Common.verifyPropertyExist(LoginResponse, c_brmId): totalplay.Common.verifyPropertyExist is PASSED

24-07-2024T10:50:41 - [MESSAGE][INFO] - Checking response object

24-07-2024T10:50:41 - [MESSAGE][PASSED] - totalplay.Common.verifyPropertyExist is PASSED

24-07-2024T10:50:41 - [TEST_STEP][PASSED] - totalplay.Common.verifyPropertyValueExist(LoginResponse, c_brmId): totalplay.Common.verifyPropertyValueExist is PASSED

24-07-2024T10:50:41 - [MESSAGE][INFO] - Checking response object

24-07-2024T10:50:41 - [MESSAGE][INFO] - 0106378356

24-07-2024T10:50:41 - [MESSAGE][PASSED] - totalplay.Common.verifyPropertyValueExist is PASSED

24-07-2024T10:50:41 - [MESSAGE][PASSED] - Call Test Case 'Test Cases/TotalPlay-Food/TC_1_Login_Service' successfully

24-07-2024T10:50:41 - [TEST_STEP][PASSED] - FoodPDP = sendRequest(findTestObject("TotalPlay-Food/Food PDP", ["URL":URL])): Send request successfully

24-07-2024T10:50:41 - [MESSAGE][INFO] - Finding Test Object 'Object Repository/TotalPlay-Food/Food PDP'

24-07-2024T10:50:41 - [MESSAGE][INFO] - Checking request object

24-07-2024T10:50:43 - [MESSAGE][INFO] - HAR: C:\Users\ShubhamKumarThakur\OneDrive - Kognivera\Documents\TotalPlay\totalplay-automation\Reports\20240724_104928\Food_Services\20240724_104928\requests\main\10.har

24-07-2024T10:50:43 - [MESSAGE][PASSED] - Send request successfully

24-07-2024T10:50:43 - [TEST_STEP][PASSED] - verifyResponseStatusCode(FoodPDP, 200): Verify response status code successfully

24-07-2024T10:50:43 - [MESSAGE][INFO] - Checking response object

24-07-2024T10:50:43 - [MESSAGE][PASSED] - Verify response status code successfully

24-07-2024T10:50:43 - [TEST_STEP][PASSED] - type = "_type": null

24-07-2024T10:50:43 - [TEST_STEP][PASSED] - brand = "brand": null

24-07-2024T10:50:43 - [TEST_STEP][PASSED] - currency = "currency": null

24-07-2024T10:50:43 - [TEST_STEP][PASSED] - id = "id": null

24-07-2024T10:50:43 - [TEST_STEP][PASSED] - inventory = "inventory": null

24-07-2024T10:50:43 - [TEST_STEP][PASSED] - inventory_type = "inventory._type": null

24-07-2024T10:50:43 - [TEST_STEP][PASSED] - inventory_ats = "inventory.ats": null

24-07-2024T10:50:43 - [TEST_STEP][PASSED] - inventory_backorderable = "inventory.backorderable": null

24-07-2024T10:50:43 - [TEST_STEP][PASSED] - inventory_id = "inventory.id": null

24-07-2024T10:50:43 - [TEST_STEP][PASSED] - inventory_orderable = "inventory.orderable": null

24-07-2024T10:50:43 - [TEST_STEP][PASSED] - inventory_preorderable = "inventory.preorderable": null

24-07-2024T10:50:43 - [TEST_STEP][PASSED] - inventory_stock_level = "inventory.stock_level": null

24-07-2024T10:50:43 - [TEST_STEP][PASSED] - min_order_quantity = "min_order_quantity": null

24-07-2024T10:50:43 - [TEST_STEP][PASSED] - name = "name": null

24-07-2024T10:50:43 - [TEST_STEP][PASSED] - price = "price": null

24-07-2024T10:50:43 - [TEST_STEP][PASSED] - price_per_unit = "price_per_unit": null

24-07-2024T10:50:43 - [TEST_STEP][PASSED] - product_promotions = "product_promotions": null

24-07-2024T10:50:43 - [TEST_STEP][PASSED] - product_promotions_type = "product_promotions[0]._type": null

24-07-2024T10:50:43 - [TEST_STEP][PASSED] - product_promotions_link = "product_promotions[0].link": null

24-07-2024T10:50:43 - [TEST_STEP][PASSED] - product_promotions_promotion_id = "product_promotions[0].promotion_id": null

24-07-2024T10:50:43 - [TEST_STEP][PASSED] - step_quantity = "step_quantity": null

24-07-2024T10:50:43 - [TEST_STEP][PASSED] - type_type = "type._type": null

24-07-2024T10:50:43 - [TEST_STEP][PASSED] - c_PromoAvailable = "c_PromoAvailable": null

24-07-2024T10:50:43 - [TEST_STEP][PASSED] - c_corporateName = "c_corporateName": null

24-07-2024T10:50:43 - [TEST_STEP][PASSED] - c_description = "c_description": null

24-07-2024T10:50:43 - [TEST_STEP][PASSED] - c_discountPercentage = "c_discountPercentage": null

24-07-2024T10:50:43 - [TEST_STEP][PASSED] - c_individualDelivery = "c_individualDelivery": null

24-07-2024T10:50:43 - [TEST_STEP][PASSED] - c_marketplaceProduct = "c_marketplaceProduct": null

24-07-2024T10:50:43 - [TEST_STEP][PASSED] - c_miraklProductDataSource = "c_miraklProductDataSource": null

24-07-2024T10:50:43 - [TEST_STEP][PASSED] - c_miraklProductId = "c_miraklProductId": null

24-07-2024T10:50:43 - [TEST_STEP][PASSED] - c_miraklShopID = "c_miraklShopID": null

24-07-2024T10:50:43 - [TEST_STEP][PASSED] - c_miraklShopName = "c_miraklShopName": null

24-07-2024T10:50:43 - [TEST_STEP][PASSED] - c_productType = "c_productType": null

24-07-2024T10:50:43 - [TEST_STEP][PASSED] - c_promotionName = "c_promotionName": null

24-07-2024T10:50:43 - [TEST_STEP][PASSED] - c_sapId = "c_sapId": null

24-07-2024T10:50:43 - [TEST_STEP][PASSED] - c_selectable = "c_selectable": null

24-07-2024T10:50:43 - [TEST_STEP][PASSED] - c_seller_lead_times = "c_seller-lead-times": null

24-07-2024T10:50:43 - [TEST_STEP][PASSED] - c_sellerDescription = "c_sellerDescription": null

24-07-2024T10:50:43 - [TEST_STEP][PASSED] - c_shopIdName = "c_shopIdName": null

24-07-2024T10:50:43 - [TEST_STEP][PASSED] - c_tpshop = "c_tpshop": null

24-07-2024T10:50:43 - [TEST_STEP][PASSED] - c_updateMiraklImages = "c_updateMiraklImages": null

24-07-2024T10:50:43 - [TEST_STEP][PASSED] - c_verticalType = "c_verticalType": null

24-07-2024T10:50:43 - [TEST_STEP][PASSED] - c_salePrice = "c_salePrice": null

24-07-2024T10:50:43 - [TEST_STEP][PASSED] - c_salePrice_value = "c_salePrice.value": null

24-07-2024T10:50:43 - [TEST_STEP][PASSED] - c_salePrice_currency = "c_salePrice.currency": null

24-07-2024T10:50:43 - [TEST_STEP][PASSED] - c_salePrice_decimalPrice = "c_salePrice.decimalPrice": null

24-07-2024T10:50:43 - [TEST_STEP][PASSED] - c_basePrice = "c_basePrice": null

24-07-2024T10:50:43 - [TEST_STEP][PASSED] - c_basePrice_currency = "c_basePrice.currency": null

24-07-2024T10:50:43 - [TEST_STEP][PASSED] - c_basePrice_decimalPrice = "c_basePrice.decimalPrice": null

24-07-2024T10:50:43 - [TEST_STEP][PASSED] - c_similarProducts = "c_similarProducts": null

24-07-2024T10:50:43 - [TEST_STEP][PASSED] - c_similarProducts_online = "c_similarProducts[0].online": null

24-07-2024T10:50:43 - [TEST_STEP][PASSED] - c_similarProducts_link = "c_similarProducts[0].link": null

24-07-2024T10:50:43 - [TEST_STEP][PASSED] - c_similarProducts_linkType = "c_similarProducts[0].linkType": null

24-07-2024T10:50:43 - [TEST_STEP][PASSED] - c_similarProducts_productId = "c_similarProducts[0].productId": null

24-07-2024T10:50:43 - [TEST_STEP][PASSED] - c_similarProducts_productName = "c_similarProducts[0].productName": null

24-07-2024T10:50:43 - [TEST_STEP][PASSED] - c_similarProducts_productDesc = "c_similarProducts[0].productDesc": null

24-07-2024T10:50:43 - [TEST_STEP][PASSED] - c_similarProducts_productType = "c_similarProducts[0].productType": null

24-07-2024T10:50:43 - [TEST_STEP][PASSED] - c_similarProducts_basePrice = "c_similarProducts[0].basePrice": null

24-07-2024T10:50:43 - [TEST_STEP][PASSED] - c_similarProducts_basePrice_currency = "c_similarProducts[0].basePrice.currency": null

24-07-2024T10:50:43 - [TEST_STEP][PASSED] - c_similarProducts_basePrice_decimalPrice = "c_similarProducts[0].basePrice.decimalPrice": null

24-07-2024T10:50:43 - [TEST_STEP][PASSED] - c_similarProducts_salePrice = "c_similarProducts[0].salePrice": null

24-07-2024T10:50:43 - [TEST_STEP][PASSED] - c_similarProducts_salePrice_value = "c_similarProducts[0].salePrice.value": null

24-07-2024T10:50:43 - [TEST_STEP][PASSED] - c_similarProducts_salePrice_currency = "c_similarProducts[0].salePrice.currency": null

24-07-2024T10:50:43 - [TEST_STEP][PASSED] - c_similarProducts_salePrice_formatted = "c_similarProducts[0].salePrice.formatted": null

24-07-2024T10:50:43 - [TEST_STEP][PASSED] - c_similarProducts_image_alt = "c_similarProducts[0].image[0].alt": null

24-07-2024T10:50:43 - [TEST_STEP][PASSED] - c_similarProducts_image_url = "c_similarProducts[0].image[0].url": null

24-07-2024T10:50:43 - [TEST_STEP][PASSED] - c_similarProducts_imagetitle = "c_similarProducts[0].image[0].title": null

24-07-2024T10:50:43 - [TEST_STEP][PASSED] - c_similarProducts_discount_percentage = "c_similarProducts[0].discount_percentage": null

24-07-2024T10:50:43 - [TEST_STEP][PASSED] - c_similarProducts_promotionName = "c_similarProducts[0].promotionName": null

24-07-2024T10:50:43 - [TEST_STEP][PASSED] - c_similarProducts_promotionName_calloutMsg = "c_similarProducts[0].promotionName[0].calloutMsg": null

24-07-2024T10:50:43 - [TEST_STEP][PASSED] - c_similarProducts_promotionName_details = "c_similarProducts[0].promotionName[0].details": null

24-07-2024T10:50:43 - [TEST_STEP][PASSED] - c_similarProducts_promotionName_enabled = "c_similarProducts[0].promotionName[0].enabled": null

24-07-2024T10:50:43 - [TEST_STEP][PASSED] - c_similarProducts_promotionName_id = "c_similarProducts[0].promotionName[0].id": null

24-07-2024T10:50:43 - [TEST_STEP][PASSED] - c_similarProducts_promotionName_name = "c_similarProducts[0].promotionName[0].name": null

24-07-2024T10:50:43 - [TEST_STEP][PASSED] - c_similarProducts_promotionName_promotionClass = "c_similarProducts[0].promotionName[0].promotionClass": null

24-07-2024T10:50:43 - [TEST_STEP][PASSED] - c_similarProducts_promotionName_rank = "c_similarProducts[0].promotionName[0].rank": null

24-07-2024T10:50:43 - [TEST_STEP][PASSED] - c_similarProducts_promoPrice = "c_similarProducts[0].promoPrice": null

24-07-2024T10:50:43 - [TEST_STEP][PASSED] - c_similarProducts_isVariant = "c_similarProducts[0].isVariant": null

24-07-2024T10:50:43 - [TEST_STEP][PASSED] - c_similarProducts_colorSwatches = "c_similarProducts[0].colorSwatches": null

24-07-2024T10:50:43 - [TEST_STEP][PASSED] - c_similarProducts_emi_installment_amount = "c_similarProducts[0].emi_installment_amount": null

24-07-2024T10:50:43 - [TEST_STEP][PASSED] - c_similarProducts_bestOfferPrice = "c_similarProducts[0].bestOfferPrice": null

24-07-2024T10:50:43 - [TEST_STEP][PASSED] - totalplay.Common.verifyPropertyExist(FoodPDP, type): totalplay.Common.verifyPropertyExist is PASSED

24-07-2024T10:50:43 - [MESSAGE][INFO] - Checking response object

24-07-2024T10:50:43 - [MESSAGE][PASSED] - totalplay.Common.verifyPropertyExist is PASSED

24-07-2024T10:50:43 - [TEST_STEP][PASSED] - totalplay.Common.verifyPropertyValueExist(FoodPDP, type): totalplay.Common.verifyPropertyValueExist is PASSED

24-07-2024T10:50:43 - [MESSAGE][INFO] - Checking response object

24-07-2024T10:50:43 - [MESSAGE][INFO] - product

24-07-2024T10:50:43 - [MESSAGE][PASSED] - totalplay.Common.verifyPropertyValueExist is PASSED

24-07-2024T10:50:43 - [TEST_STEP][PASSED] - totalplay.Common.verifyPropertyExist(FoodPDP, brand): totalplay.Common.verifyPropertyExist is PASSED

24-07-2024T10:50:43 - [MESSAGE][INFO] - Checking response object

24-07-2024T10:50:43 - [MESSAGE][PASSED] - totalplay.Common.verifyPropertyExist is PASSED

24-07-2024T10:50:43 - [TEST_STEP][PASSED] - totalplay.Common.verifyPropertyValueExist(FoodPDP, brand): totalplay.Common.verifyPropertyValueExist is PASSED

24-07-2024T10:50:43 - [MESSAGE][INFO] - Checking response object

24-07-2024T10:50:43 - [MESSAGE][INFO] - Casa de Too

24-07-2024T10:50:43 - [MESSAGE][PASSED] - totalplay.Common.verifyPropertyValueExist is PASSED

24-07-2024T10:50:43 - [TEST_STEP][PASSED] - totalplay.Common.verifyPropertyExist(FoodPDP, currency): totalplay.Common.verifyPropertyExist is PASSED

24-07-2024T10:50:43 - [MESSAGE][INFO] - Checking response object

24-07-2024T10:50:43 - [MESSAGE][PASSED] - totalplay.Common.verifyPropertyExist is PASSED

24-07-2024T10:50:43 - [TEST_STEP][PASSED] - totalplay.Common.verifyPropertyValueExist(FoodPDP, currency): totalplay.Common.verifyPropertyValueExist is PASSED

24-07-2024T10:50:43 - [MESSAGE][INFO] - Checking response object

24-07-2024T10:50:43 - [MESSAGE][INFO] - MXN

24-07-2024T10:50:43 - [MESSAGE][PASSED] - totalplay.Common.verifyPropertyValueExist is PASSED

24-07-2024T10:50:43 - [TEST_STEP][PASSED] - totalplay.Common.verifyPropertyExist(FoodPDP, id): totalplay.Common.verifyPropertyExist is PASSED

24-07-2024T10:50:43 - [MESSAGE][INFO] - Checking response object

24-07-2024T10:50:44 - [MESSAGE][PASSED] - totalplay.Common.verifyPropertyExist is PASSED

24-07-2024T10:50:44 - [TEST_STEP][PASSED] - totalplay.Common.verifyPropertyValueExist(FoodPDP, id): totalplay.Common.verifyPropertyValueExist is PASSED

24-07-2024T10:50:44 - [MESSAGE][INFO] - Checking response object

24-07-2024T10:50:44 - [MESSAGE][INFO] - C163098040

24-07-2024T10:50:44 - [MESSAGE][PASSED] - totalplay.Common.verifyPropertyValueExist is PASSED

24-07-2024T10:50:44 - [TEST_STEP][PASSED] - totalplay.Common.verifyPropertyExist(FoodPDP, inventory): totalplay.Common.verifyPropertyExist is PASSED

24-07-2024T10:50:44 - [MESSAGE][INFO] - Checking response object

24-07-2024T10:50:44 - [MESSAGE][PASSED] - totalplay.Common.verifyPropertyExist is PASSED

24-07-2024T10:50:44 - [TEST_STEP][PASSED] - totalplay.Common.verifyPropertyExist(FoodPDP, inventory_type): totalplay.Common.verifyPropertyExist is PASSED

24-07-2024T10:50:44 - [MESSAGE][INFO] - Checking response object

24-07-2024T10:50:44 - [MESSAGE][PASSED] - totalplay.Common.verifyPropertyExist is PASSED

24-07-2024T10:50:44 - [TEST_STEP][PASSED] - totalplay.Common.verifyPropertyValueExist(FoodPDP, inventory_type): totalplay.Common.verifyPropertyValueExist is PASSED

24-07-2024T10:50:44 - [MESSAGE][INFO] - Checking response object

24-07-2024T10:50:44 - [MESSAGE][INFO] - inventory

24-07-2024T10:50:44 - [MESSAGE][PASSED] - totalplay.Common.verifyPropertyValueExist is PASSED

24-07-2024T10:50:44 - [TEST_STEP][PASSED] - totalplay.Common.getNumValueofObject(FoodPDP, inventory_ats): totalplay.Common.getNumValueofObject is PASSED

24-07-2024T10:50:44 - [MESSAGE][INFO] - Checking response object

24-07-2024T10:50:44 - [MESSAGE][PASSED] - totalplay.Common.getNumValueofObject is PASSED

24-07-2024T10:50:44 - [TEST_STEP][PASSED] - totalplay.Common.getBooleanValueofObject(FoodPDP, inventory_backorderable): totalplay.Common.getBooleanValueofObject is PASSED

24-07-2024T10:50:44 - [MESSAGE][INFO] - Checking response object

24-07-2024T10:50:44 - [MESSAGE][PASSED] - totalplay.Common.getBooleanValueofObject is PASSED

24-07-2024T10:50:44 - [TEST_STEP][PASSED] - totalplay.Common.verifyPropertyExist(FoodPDP, inventory_id): totalplay.Common.verifyPropertyExist is PASSED

24-07-2024T10:50:44 - [MESSAGE][INFO] - Checking response object

24-07-2024T10:50:44 - [MESSAGE][PASSED] - totalplay.Common.verifyPropertyExist is PASSED

24-07-2024T10:50:44 - [TEST_STEP][PASSED] - totalplay.Common.verifyPropertyValueExist(FoodPDP, inventory_id): totalplay.Common.verifyPropertyValueExist is PASSED

24-07-2024T10:50:44 - [MESSAGE][INFO] - Checking response object

24-07-2024T10:50:44 - [MESSAGE][INFO] - inventory_m_food_mirakl

24-07-2024T10:50:44 - [MESSAGE][PASSED] - totalplay.Common.verifyPropertyValueExist is PASSED

24-07-2024T10:50:44 - [TEST_STEP][PASSED] - totalplay.Common.getBooleanValueofObject(FoodPDP, inventory_orderable): totalplay.Common.getBooleanValueofObject is PASSED

24-07-2024T10:50:44 - [MESSAGE][INFO] - Checking response object

24-07-2024T10:50:44 - [MESSAGE][PASSED] - totalplay.Common.getBooleanValueofObject is PASSED

24-07-2024T10:50:44 - [TEST_STEP][PASSED] - totalplay.Common.getBooleanValueofObject(FoodPDP, inventory_preorderable): totalplay.Common.getBooleanValueofObject is PASSED

24-07-2024T10:50:44 - [MESSAGE][INFO] - Checking response object

24-07-2024T10:50:44 - [MESSAGE][PASSED] - totalplay.Common.getBooleanValueofObject is PASSED

24-07-2024T10:50:44 - [TEST_STEP][PASSED] - totalplay.Common.getNumValueofObject(FoodPDP, inventory_stock_level): totalplay.Common.getNumValueofObject is PASSED

24-07-2024T10:50:44 - [MESSAGE][INFO] - Checking response object

24-07-2024T10:50:44 - [MESSAGE][PASSED] - totalplay.Common.getNumValueofObject is PASSED

24-07-2024T10:50:44 - [TEST_STEP][PASSED] - totalplay.Common.getNumValueofObject(FoodPDP, min_order_quantity): totalplay.Common.getNumValueofObject is PASSED

24-07-2024T10:50:44 - [MESSAGE][INFO] - Checking response object

24-07-2024T10:50:44 - [MESSAGE][PASSED] - totalplay.Common.getNumValueofObject is PASSED

24-07-2024T10:50:44 - [TEST_STEP][PASSED] - totalplay.Common.verifyPropertyExist(FoodPDP, name): totalplay.Common.verifyPropertyExist is PASSED

24-07-2024T10:50:44 - [MESSAGE][INFO] - Checking response object

24-07-2024T10:50:44 - [MESSAGE][PASSED] - totalplay.Common.verifyPropertyExist is PASSED

24-07-2024T10:50:44 - [TEST_STEP][PASSED] - totalplay.Common.verifyPropertyValueExist(FoodPDP, name): totalplay.Common.verifyPropertyValueExist is PASSED

24-07-2024T10:50:44 - [MESSAGE][INFO] - Checking response object

24-07-2024T10:50:44 - [MESSAGE][INFO] - Sidral 355 ml

24-07-2024T10:50:44 - [MESSAGE][PASSED] - totalplay.Common.verifyPropertyValueExist is PASSED

24-07-2024T10:50:44 - [TEST_STEP][PASSED] - totalplay.Common.getNumValueofObject(FoodPDP, price): totalplay.Common.getNumValueofObject is PASSED

24-07-2024T10:50:44 - [MESSAGE][INFO] - Checking response object

24-07-2024T10:50:44 - [MESSAGE][PASSED] - totalplay.Common.getNumValueofObject is PASSED

24-07-2024T10:50:44 - [TEST_STEP][PASSED] - totalplay.Common.getNumValueofObject(FoodPDP, price_per_unit): totalplay.Common.getNumValueofObject is PASSED

24-07-2024T10:50:44 - [MESSAGE][INFO] - Checking response object

24-07-2024T10:50:45 - [MESSAGE][PASSED] - totalplay.Common.getNumValueofObject is PASSED

24-07-2024T10:50:45 - [TEST_STEP][PASSED] - totalplay.Common.verifyPropertyExist(FoodPDP, product_promotions): totalplay.Common.verifyPropertyExist is PASSED

24-07-2024T10:50:45 - [MESSAGE][INFO] - Checking response object

24-07-2024T10:50:45 - [MESSAGE][PASSED] - totalplay.Common.verifyPropertyExist is PASSED

24-07-2024T10:50:45 - [TEST_STEP][PASSED] - totalplay.Common.verifyPropertyExist(FoodPDP, product_promotions_type): totalplay.Common.verifyPropertyExist is PASSED

24-07-2024T10:50:45 - [MESSAGE][INFO] - Checking response object

24-07-2024T10:50:45 - [MESSAGE][PASSED] - totalplay.Common.verifyPropertyExist is PASSED

24-07-2024T10:50:45 - [TEST_STEP][PASSED] - totalplay.Common.verifyPropertyValueExist(FoodPDP, product_promotions_type): totalplay.Common.verifyPropertyValueExist is PASSED

24-07-2024T10:50:45 - [MESSAGE][INFO] - Checking response object

24-07-2024T10:50:45 - [MESSAGE][INFO] - product_promotion

24-07-2024T10:50:45 - [MESSAGE][PASSED] - totalplay.Common.verifyPropertyValueExist is PASSED

24-07-2024T10:50:45 - [TEST_STEP][PASSED] - totalplay.Common.verifyPropertyExist(FoodPDP, product_promotions_link): totalplay.Common.verifyPropertyExist is PASSED

24-07-2024T10:50:45 - [MESSAGE][INFO] - Checking response object

24-07-2024T10:50:45 - [MESSAGE][PASSED] - totalplay.Common.verifyPropertyExist is PASSED

24-07-2024T10:50:45 - [TEST_STEP][PASSED] - totalplay.Common.verifyPropertyValueExist(FoodPDP, product_promotions_link): totalplay.Common.verifyPropertyValueExist is PASSED

24-07-2024T10:50:45 - [MESSAGE][INFO] - Checking response object

24-07-2024T10:50:45 - [MESSAGE][INFO] - https://salesforceqa.sistemastp.com.mx/s/TP-FOOD/dw/shop/v24_5/promotions/2x1%20La%20Casa%20de%20To%C3%B1o?sellerId=4158

24-07-2024T10:50:45 - [MESSAGE][PASSED] - totalplay.Common.verifyPropertyValueExist is PASSED

24-07-2024T10:50:45 - [TEST_STEP][PASSED] - totalplay.Common.verifyPropertyExist(FoodPDP, product_promotions_promotion_id): totalplay.Common.verifyPropertyExist is PASSED

24-07-2024T10:50:45 - [MESSAGE][INFO] - Checking response object

24-07-2024T10:50:45 - [MESSAGE][PASSED] - totalplay.Common.verifyPropertyExist is PASSED

24-07-2024T10:50:45 - [TEST_STEP][PASSED] - totalplay.Common.verifyPropertyValueExist(FoodPDP, product_promotions_promotion_id): totalplay.Common.verifyPropertyValueExist is PASSED

24-07-2024T10:50:45 - [MESSAGE][INFO] - Checking response object

24-07-2024T10:50:45 - [MESSAGE][INFO] - 2x1 La Casa de Toño

24-07-2024T10:50:45 - [MESSAGE][PASSED] - totalplay.Common.verifyPropertyValueExist is PASSED

24-07-2024T10:50:45 - [TEST_STEP][PASSED] - totalplay.Common.getNumValueofObject(FoodPDP, step_quantity): totalplay.Common.getNumValueofObject is PASSED

24-07-2024T10:50:45 - [MESSAGE][INFO] - Checking response object

24-07-2024T10:50:45 - [MESSAGE][PASSED] - totalplay.Common.getNumValueofObject is PASSED

24-07-2024T10:50:45 - [TEST_STEP][PASSED] - totalplay.Common.verifyPropertyExist(FoodPDP, type_type): totalplay.Common.verifyPropertyExist is PASSED

24-07-2024T10:50:45 - [MESSAGE][INFO] - Checking response object

24-07-2024T10:50:45 - [MESSAGE][PASSED] - totalplay.Common.verifyPropertyExist is PASSED

24-07-2024T10:50:45 - [TEST_STEP][PASSED] - totalplay.Common.verifyPropertyValueExist(FoodPDP, type_type): totalplay.Common.verifyPropertyValueExist is PASSED

24-07-2024T10:50:45 - [MESSAGE][INFO] - Checking response object

24-07-2024T10:50:45 - [MESSAGE][INFO] - product_type

24-07-2024T10:50:45 - [MESSAGE][PASSED] - totalplay.Common.verifyPropertyValueExist is PASSED

24-07-2024T10:50:45 - [TEST_STEP][PASSED] - totalplay.Common.verifyPropertyExist(FoodPDP, c_PromoAvailable): totalplay.Common.verifyPropertyExist is PASSED

24-07-2024T10:50:45 - [MESSAGE][INFO] - Checking response object

24-07-2024T10:50:45 - [MESSAGE][PASSED] - totalplay.Common.verifyPropertyExist is PASSED

24-07-2024T10:50:45 - [TEST_STEP][PASSED] - totalplay.Common.verifyPropertyValueExist(FoodPDP, c_PromoAvailable): totalplay.Common.verifyPropertyValueExist is PASSED

24-07-2024T10:50:45 - [MESSAGE][INFO] - Checking response object

24-07-2024T10:50:45 - [MESSAGE][INFO] - yes

24-07-2024T10:50:45 - [MESSAGE][PASSED] - totalplay.Common.verifyPropertyValueExist is PASSED

24-07-2024T10:50:45 - [TEST_STEP][PASSED] - totalplay.Common.verifyPropertyExist(FoodPDP, c_description): totalplay.Common.verifyPropertyExist is PASSED

24-07-2024T10:50:45 - [MESSAGE][INFO] - Checking response object

24-07-2024T10:50:45 - [MESSAGE][PASSED] - totalplay.Common.verifyPropertyExist is PASSED

24-07-2024T10:50:45 - [TEST_STEP][PASSED] - totalplay.Common.verifyPropertyValueExist(FoodPDP, c_description): totalplay.Common.verifyPropertyValueExist is PASSED

24-07-2024T10:50:45 - [MESSAGE][INFO] - Checking response object

24-07-2024T10:50:45 - [MESSAGE][INFO] - 355 ml

24-07-2024T10:50:45 - [MESSAGE][PASSED] - totalplay.Common.verifyPropertyValueExist is PASSED

24-07-2024T10:50:45 - [TEST_STEP][PASSED] - totalplay.Common.getBooleanValueofObject(FoodPDP, c_individualDelivery): totalplay.Common.getBooleanValueofObject is PASSED

24-07-2024T10:50:45 - [MESSAGE][INFO] - Checking response object

24-07-2024T10:50:45 - [MESSAGE][PASSED] - totalplay.Common.getBooleanValueofObject is PASSED

24-07-2024T10:50:45 - [TEST_STEP][PASSED] - totalplay.Common.getBooleanValueofObject(FoodPDP, c_marketplaceProduct): totalplay.Common.getBooleanValueofObject is PASSED

24-07-2024T10:50:45 - [MESSAGE][INFO] - Checking response object

24-07-2024T10:50:45 - [MESSAGE][PASSED] - totalplay.Common.getBooleanValueofObject is PASSED

24-07-2024T10:50:45 - [TEST_STEP][PASSED] - totalplay.Common.verifyPropertyExist(FoodPDP, c_miraklProductDataSource): totalplay.Common.verifyPropertyExist is PASSED

24-07-2024T10:50:45 - [MESSAGE][INFO] - Checking response object

24-07-2024T10:50:45 - [MESSAGE][PASSED] - totalplay.Common.verifyPropertyExist is PASSED

24-07-2024T10:50:45 - [TEST_STEP][PASSED] - totalplay.Common.verifyPropertyValueExist(FoodPDP, c_miraklProductDataSource): totalplay.Common.verifyPropertyValueExist is PASSED

24-07-2024T10:50:45 - [MESSAGE][INFO] - Checking response object

24-07-2024T10:50:45 - [MESSAGE][INFO] - MIRAKL

24-07-2024T10:50:45 - [MESSAGE][PASSED] - totalplay.Common.verifyPropertyValueExist is PASSED

24-07-2024T10:50:45 - [TEST_STEP][PASSED] - totalplay.Common.verifyPropertyExist(FoodPDP, c_miraklProductId): totalplay.Common.verifyPropertyExist is PASSED

24-07-2024T10:50:45 - [MESSAGE][INFO] - Checking response object

24-07-2024T10:50:46 - [MESSAGE][PASSED] - totalplay.Common.verifyPropertyExist is PASSED

24-07-2024T10:50:46 - [TEST_STEP][PASSED] - totalplay.Common.verifyPropertyValueExist(FoodPDP, c_miraklProductId): totalplay.Common.verifyPropertyValueExist is PASSED

24-07-2024T10:50:46 - [MESSAGE][INFO] - Checking response object

24-07-2024T10:50:46 - [MESSAGE][INFO] - 1abec504-de42-434e-bab7-a9ed20259762

24-07-2024T10:50:46 - [MESSAGE][PASSED] - totalplay.Common.verifyPropertyValueExist is PASSED

24-07-2024T10:50:46 - [TEST_STEP][PASSED] - totalplay.Common.verifyPropertyExist(FoodPDP, c_miraklShopID): totalplay.Common.verifyPropertyExist is PASSED

24-07-2024T10:50:46 - [MESSAGE][INFO] - Checking response object

24-07-2024T10:50:46 - [MESSAGE][PASSED] - totalplay.Common.verifyPropertyExist is PASSED

24-07-2024T10:50:46 - [TEST_STEP][PASSED] - totalplay.Common.verifyPropertyExist(FoodPDP, c_miraklShopName): totalplay.Common.verifyPropertyExist is PASSED

24-07-2024T10:50:46 - [MESSAGE][INFO] - Checking response object

24-07-2024T10:50:46 - [MESSAGE][PASSED] - totalplay.Common.verifyPropertyExist is PASSED

24-07-2024T10:50:46 - [TEST_STEP][PASSED] - totalplay.Common.verifyPropertyExist(FoodPDP, c_productType): totalplay.Common.verifyPropertyExist is PASSED

24-07-2024T10:50:46 - [MESSAGE][INFO] - Checking response object

24-07-2024T10:50:46 - [MESSAGE][PASSED] - totalplay.Common.verifyPropertyExist is PASSED

24-07-2024T10:50:46 - [TEST_STEP][PASSED] - totalplay.Common.verifyPropertyValueExist(FoodPDP, c_productType): totalplay.Common.verifyPropertyValueExist is PASSED

24-07-2024T10:50:46 - [MESSAGE][INFO] - Checking response object

24-07-2024T10:50:46 - [MESSAGE][INFO] - regular

24-07-2024T10:50:46 - [MESSAGE][PASSED] - totalplay.Common.verifyPropertyValueExist is PASSED

24-07-2024T10:50:46 - [TEST_STEP][PASSED] - totalplay.Common.verifyPropertyExist(FoodPDP, c_promotionName): totalplay.Common.verifyPropertyExist is PASSED

24-07-2024T10:50:46 - [MESSAGE][INFO] - Checking response object

24-07-2024T10:50:46 - [MESSAGE][PASSED] - totalplay.Common.verifyPropertyExist is PASSED

24-07-2024T10:50:46 - [TEST_STEP][PASSED] - totalplay.Common.verifyPropertyValueExist(FoodPDP, c_promotionName): totalplay.Common.verifyPropertyValueExist is PASSED

24-07-2024T10:50:46 - [MESSAGE][INFO] - Checking response object

24-07-2024T10:50:46 - [MESSAGE][INFO] - [{"promoId":"2x1 La Casa de Toño","promoName":"2x1"}]

24-07-2024T10:50:46 - [MESSAGE][PASSED] - totalplay.Common.verifyPropertyValueExist is PASSED

24-07-2024T10:50:46 - [TEST_STEP][PASSED] - totalplay.Common.verifyPropertyExist(FoodPDP, c_sapId): totalplay.Common.verifyPropertyExist is PASSED

24-07-2024T10:50:46 - [MESSAGE][INFO] - Checking response object

24-07-2024T10:50:46 - [MESSAGE][PASSED] - totalplay.Common.verifyPropertyExist is PASSED

24-07-2024T10:50:46 - [TEST_STEP][PASSED] - totalplay.Common.verifyPropertyValueExist(FoodPDP, c_sapId): totalplay.Common.verifyPropertyValueExist is PASSED

24-07-2024T10:50:46 - [MESSAGE][INFO] - Checking response object

24-07-2024T10:50:46 - [MESSAGE][INFO] - D2515_P077_230508A

24-07-2024T10:50:46 - [MESSAGE][PASSED] - totalplay.Common.verifyPropertyValueExist is PASSED

24-07-2024T10:50:46 - [TEST_STEP][PASSED] - totalplay.Common.verifyPropertyExist(FoodPDP, c_selectable): totalplay.Common.verifyPropertyExist is PASSED

24-07-2024T10:50:46 - [MESSAGE][INFO] - Checking response object

24-07-2024T10:50:46 - [MESSAGE][PASSED] - totalplay.Common.verifyPropertyExist is PASSED

24-07-2024T10:50:46 - [TEST_STEP][PASSED] - totalplay.Common.verifyPropertyValueExist(FoodPDP, c_selectable): totalplay.Common.verifyPropertyValueExist is PASSED

24-07-2024T10:50:46 - [MESSAGE][INFO] - Checking response object

24-07-2024T10:50:46 - [MESSAGE][INFO] - nTrue

24-07-2024T10:50:46 - [MESSAGE][PASSED] - totalplay.Common.verifyPropertyValueExist is PASSED

24-07-2024T10:50:46 - [TEST_STEP][PASSED] - totalplay.Common.verifyPropertyExist(FoodPDP, c_sellerDescription): totalplay.Common.verifyPropertyExist is PASSED

24-07-2024T10:50:46 - [MESSAGE][INFO] - Checking response object

24-07-2024T10:50:46 - [MESSAGE][PASSED] - totalplay.Common.verifyPropertyExist is PASSED

24-07-2024T10:50:46 - [TEST_STEP][PASSED] - totalplay.Common.verifyPropertyValueExist(FoodPDP, c_sellerDescription): totalplay.Common.verifyPropertyValueExist is PASSED

24-07-2024T10:50:46 - [MESSAGE][INFO] - Checking response object

24-07-2024T10:50:46 - [MESSAGE][INFO] - Mexicana|La Casa De Toño Polanco|La Casa De Toño Tlalpan

24-07-2024T10:50:46 - [MESSAGE][PASSED] - totalplay.Common.verifyPropertyValueExist is PASSED

24-07-2024T10:50:46 - [TEST_STEP][PASSED] - totalplay.Common.verifyPropertyExist(FoodPDP, c_shopIdName): totalplay.Common.verifyPropertyExist is PASSED

24-07-2024T10:50:46 - [MESSAGE][INFO] - Checking response object

24-07-2024T10:50:46 - [MESSAGE][PASSED] - totalplay.Common.verifyPropertyExist is PASSED

24-07-2024T10:50:46 - [TEST_STEP][PASSED] - totalplay.Common.getBooleanValueofObject(FoodPDP, c_tpshop): totalplay.Common.getBooleanValueofObject is PASSED

24-07-2024T10:50:46 - [MESSAGE][INFO] - Checking response object

24-07-2024T10:50:46 - [MESSAGE][PASSED] - totalplay.Common.getBooleanValueofObject is PASSED

24-07-2024T10:50:46 - [TEST_STEP][PASSED] - totalplay.Common.getBooleanValueofObject(FoodPDP, c_updateMiraklImages): totalplay.Common.getBooleanValueofObject is PASSED

24-07-2024T10:50:46 - [MESSAGE][INFO] - Checking response object

24-07-2024T10:50:46 - [MESSAGE][PASSED] - totalplay.Common.getBooleanValueofObject is PASSED

24-07-2024T10:50:46 - [TEST_STEP][PASSED] - totalplay.Common.verifyPropertyExist(FoodPDP, c_verticalType): totalplay.Common.verifyPropertyExist is PASSED

24-07-2024T10:50:46 - [MESSAGE][INFO] - Checking response object

24-07-2024T10:50:47 - [MESSAGE][PASSED] - totalplay.Common.verifyPropertyExist is PASSED

24-07-2024T10:50:47 - [TEST_STEP][PASSED] - totalplay.Common.verifyPropertyExist(FoodPDP, c_salePrice): totalplay.Common.verifyPropertyExist is PASSED

24-07-2024T10:50:47 - [MESSAGE][INFO] - Checking response object

24-07-2024T10:50:47 - [MESSAGE][PASSED] - totalplay.Common.verifyPropertyExist is PASSED

24-07-2024T10:50:47 - [TEST_STEP][PASSED] - totalplay.Common.verifyPropertyExist(FoodPDP, c_salePrice_currency): totalplay.Common.verifyPropertyExist is PASSED

24-07-2024T10:50:47 - [MESSAGE][INFO] - Checking response object

24-07-2024T10:50:47 - [MESSAGE][PASSED] - totalplay.Common.verifyPropertyExist is PASSED

24-07-2024T10:50:47 - [TEST_STEP][PASSED] - totalplay.Common.verifyPropertyValueExist(FoodPDP, c_salePrice_currency): totalplay.Common.verifyPropertyValueExist is PASSED

24-07-2024T10:50:47 - [MESSAGE][INFO] - Checking response object

24-07-2024T10:50:47 - [MESSAGE][INFO] - MXN

24-07-2024T10:50:47 - [MESSAGE][PASSED] - totalplay.Common.verifyPropertyValueExist is PASSED

24-07-2024T10:50:47 - [TEST_STEP][PASSED] - totalplay.Common.verifyPropertyExist(FoodPDP, c_salePrice_decimalPrice): totalplay.Common.verifyPropertyExist is PASSED

24-07-2024T10:50:47 - [MESSAGE][INFO] - Checking response object

24-07-2024T10:50:47 - [MESSAGE][PASSED] - totalplay.Common.verifyPropertyExist is PASSED

24-07-2024T10:50:47 - [TEST_STEP][PASSED] - totalplay.Common.verifyPropertyValueExist(FoodPDP, c_salePrice_decimalPrice): totalplay.Common.verifyPropertyValueExist is PASSED

24-07-2024T10:50:47 - [MESSAGE][INFO] - Checking response object

24-07-2024T10:50:47 - [MESSAGE][INFO] - 0.00

24-07-2024T10:50:47 - [MESSAGE][PASSED] - totalplay.Common.verifyPropertyValueExist is PASSED

24-07-2024T10:50:47 - [TEST_STEP][PASSED] - totalplay.Common.verifyPropertyExist(FoodPDP, c_basePrice_currency): totalplay.Common.verifyPropertyExist is PASSED

24-07-2024T10:50:47 - [MESSAGE][INFO] - Checking response object

24-07-2024T10:50:47 - [MESSAGE][PASSED] - totalplay.Common.verifyPropertyExist is PASSED

24-07-2024T10:50:47 - [TEST_STEP][PASSED] - totalplay.Common.verifyPropertyValueExist(FoodPDP, c_basePrice_currency): totalplay.Common.verifyPropertyValueExist is PASSED

24-07-2024T10:50:47 - [MESSAGE][INFO] - Checking response object

24-07-2024T10:50:47 - [MESSAGE][INFO] - MXN

24-07-2024T10:50:47 - [MESSAGE][PASSED] - totalplay.Common.verifyPropertyValueExist is PASSED

24-07-2024T10:50:47 - [TEST_STEP][PASSED] - totalplay.Common.verifyPropertyExist(FoodPDP, c_basePrice_decimalPrice): totalplay.Common.verifyPropertyExist is PASSED

24-07-2024T10:50:47 - [MESSAGE][INFO] - Checking response object

24-07-2024T10:50:47 - [MESSAGE][PASSED] - totalplay.Common.verifyPropertyExist is PASSED

24-07-2024T10:50:47 - [TEST_STEP][PASSED] - totalplay.Common.verifyPropertyValueExist(FoodPDP, c_basePrice_decimalPrice): totalplay.Common.verifyPropertyValueExist is PASSED

24-07-2024T10:50:47 - [MESSAGE][INFO] - Checking response object

24-07-2024T10:50:47 - [MESSAGE][INFO] - 20.00

24-07-2024T10:50:47 - [MESSAGE][PASSED] - totalplay.Common.verifyPropertyValueExist is PASSED

24-07-2024T10:50:47 - [TEST_STEP][PASSED] - totalplay.Common.verifyPropertyExist(FoodPDP, c_similarProducts): totalplay.Common.verifyPropertyExist is PASSED

24-07-2024T10:50:47 - [MESSAGE][INFO] - Checking response object

24-07-2024T10:50:47 - [MESSAGE][PASSED] - totalplay.Common.verifyPropertyExist is PASSED

24-07-2024T10:50:47 - [TEST_STEP][PASSED] - totalplay.Common.getBooleanValueofObject(FoodPDP, c_similarProducts_online): totalplay.Common.getBooleanValueofObject is PASSED

24-07-2024T10:50:47 - [MESSAGE][INFO] - Checking response object

24-07-2024T10:50:47 - [MESSAGE][PASSED] - totalplay.Common.getBooleanValueofObject is PASSED

24-07-2024T10:50:47 - [TEST_STEP][PASSED] - totalplay.Common.verifyPropertyExist(FoodPDP, c_similarProducts_link): totalplay.Common.verifyPropertyExist is PASSED

24-07-2024T10:50:47 - [MESSAGE][INFO] - Checking response object

24-07-2024T10:50:47 - [MESSAGE][PASSED] - totalplay.Common.verifyPropertyExist is PASSED

24-07-2024T10:50:47 - [TEST_STEP][PASSED] - totalplay.Common.verifyPropertyValueExist(FoodPDP, c_similarProducts_link): totalplay.Common.verifyPropertyValueExist is PASSED

24-07-2024T10:50:47 - [MESSAGE][INFO] - Checking response object

24-07-2024T10:50:47 - [MESSAGE][INFO] - /dw/shop/v23_1/content/seller-pdp?sellerID=4158&c_productid=C1134019442

24-07-2024T10:50:47 - [MESSAGE][PASSED] - totalplay.Common.verifyPropertyValueExist is PASSED

24-07-2024T10:50:47 - [TEST_STEP][PASSED] - totalplay.Common.verifyPropertyExist(FoodPDP, c_similarProducts_linkType): totalplay.Common.verifyPropertyExist is PASSED

24-07-2024T10:50:47 - [MESSAGE][INFO] - Checking response object

24-07-2024T10:50:47 - [MESSAGE][PASSED] - totalplay.Common.verifyPropertyExist is PASSED

24-07-2024T10:50:47 - [TEST_STEP][PASSED] - totalplay.Common.verifyPropertyValueExist(FoodPDP, c_similarProducts_linkType): totalplay.Common.verifyPropertyValueExist is PASSED

24-07-2024T10:50:47 - [MESSAGE][INFO] - Checking response object

24-07-2024T10:50:47 - [MESSAGE][INFO] - PDP

24-07-2024T10:50:47 - [MESSAGE][PASSED] - totalplay.Common.verifyPropertyValueExist is PASSED

24-07-2024T10:50:47 - [TEST_STEP][PASSED] - totalplay.Common.verifyPropertyExist(FoodPDP, c_similarProducts_productId): totalplay.Common.verifyPropertyExist is PASSED

24-07-2024T10:50:47 - [MESSAGE][INFO] - Checking response object

24-07-2024T10:50:47 - [MESSAGE][PASSED] - totalplay.Common.verifyPropertyExist is PASSED

24-07-2024T10:50:47 - [TEST_STEP][PASSED] - totalplay.Common.verifyPropertyValueExist(FoodPDP, c_similarProducts_productId): totalplay.Common.verifyPropertyValueExist is PASSED

24-07-2024T10:50:47 - [MESSAGE][INFO] - Checking response object

24-07-2024T10:50:47 - [MESSAGE][INFO] - C1134019442

24-07-2024T10:50:47 - [MESSAGE][PASSED] - totalplay.Common.verifyPropertyValueExist is PASSED

24-07-2024T10:50:47 - [TEST_STEP][PASSED] - totalplay.Common.verifyPropertyExist(FoodPDP, c_similarProducts_productName): totalplay.Common.verifyPropertyExist is PASSED

24-07-2024T10:50:47 - [MESSAGE][INFO] - Checking response object

24-07-2024T10:50:47 - [MESSAGE][PASSED] - totalplay.Common.verifyPropertyExist is PASSED

24-07-2024T10:50:47 - [TEST_STEP][PASSED] - totalplay.Common.verifyPropertyValueExist(FoodPDP, c_similarProducts_productName): totalplay.Common.verifyPropertyValueExist is PASSED

24-07-2024T10:50:47 - [MESSAGE][INFO] - Checking response object

24-07-2024T10:50:48 - [MESSAGE][INFO] - Sprite 355 ml

24-07-2024T10:50:48 - [MESSAGE][PASSED] - totalplay.Common.verifyPropertyValueExist is PASSED

24-07-2024T10:50:48 - [TEST_STEP][PASSED] - totalplay.Common.verifyPropertyExist(FoodPDP, c_similarProducts_productDesc): totalplay.Common.verifyPropertyExist is PASSED

24-07-2024T10:50:48 - [MESSAGE][INFO] - Checking response object

24-07-2024T10:50:48 - [MESSAGE][PASSED] - totalplay.Common.verifyPropertyExist is PASSED

24-07-2024T10:50:48 - [TEST_STEP][PASSED] - totalplay.Common.verifyPropertyValueExist(FoodPDP, c_similarProducts_productDesc): totalplay.Common.verifyPropertyValueExist is PASSED

24-07-2024T10:50:48 - [MESSAGE][INFO] - Checking response object

24-07-2024T10:50:48 - [MESSAGE][INFO] - 355 ml

24-07-2024T10:50:48 - [MESSAGE][PASSED] - totalplay.Common.verifyPropertyValueExist is PASSED

24-07-2024T10:50:48 - [TEST_STEP][PASSED] - totalplay.Common.verifyPropertyExist(FoodPDP, c_similarProducts_productType): totalplay.Common.verifyPropertyExist is PASSED

24-07-2024T10:50:48 - [MESSAGE][INFO] - Checking response object

24-07-2024T10:50:48 - [MESSAGE][PASSED] - totalplay.Common.verifyPropertyExist is PASSED

24-07-2024T10:50:48 - [TEST_STEP][PASSED] - totalplay.Common.verifyPropertyValueExist(FoodPDP, c_similarProducts_productType): totalplay.Common.verifyPropertyValueExist is PASSED

24-07-2024T10:50:48 - [MESSAGE][INFO] - Checking response object

24-07-2024T10:50:48 - [MESSAGE][INFO] - regular

24-07-2024T10:50:48 - [MESSAGE][PASSED] - totalplay.Common.verifyPropertyValueExist is PASSED

24-07-2024T10:50:48 - [TEST_STEP][PASSED] - totalplay.Common.verifyPropertyExist(FoodPDP, c_similarProducts_basePrice): totalplay.Common.verifyPropertyExist is PASSED

24-07-2024T10:50:48 - [MESSAGE][INFO] - Checking response object

24-07-2024T10:50:48 - [MESSAGE][PASSED] - totalplay.Common.verifyPropertyExist is PASSED

24-07-2024T10:50:48 - [TEST_STEP][PASSED] - totalplay.Common.verifyPropertyValueExist(FoodPDP, c_similarProducts_basePrice_currency): totalplay.Common.verifyPropertyValueExist is PASSED

24-07-2024T10:50:48 - [MESSAGE][INFO] - Checking response object

24-07-2024T10:50:48 - [MESSAGE][INFO] - MXN

24-07-2024T10:50:48 - [MESSAGE][PASSED] - totalplay.Common.verifyPropertyValueExist is PASSED

24-07-2024T10:50:48 - [TEST_STEP][PASSED] - totalplay.Common.verifyPropertyExist(FoodPDP, c_similarProducts_basePrice_currency): totalplay.Common.verifyPropertyExist is PASSED

24-07-2024T10:50:48 - [MESSAGE][INFO] - Checking response object

24-07-2024T10:50:48 - [MESSAGE][PASSED] - totalplay.Common.verifyPropertyExist is PASSED

24-07-2024T10:50:48 - [TEST_STEP][PASSED] - totalplay.Common.verifyPropertyValueExist(FoodPDP, c_similarProducts_basePrice_decimalPrice): totalplay.Common.verifyPropertyValueExist is PASSED

24-07-2024T10:50:48 - [MESSAGE][INFO] - Checking response object

24-07-2024T10:50:48 - [MESSAGE][INFO] - 20.00

24-07-2024T10:50:48 - [MESSAGE][PASSED] - totalplay.Common.verifyPropertyValueExist is PASSED

24-07-2024T10:50:48 - [TEST_STEP][PASSED] - totalplay.Common.verifyPropertyExist(FoodPDP, c_similarProducts_basePrice_decimalPrice): totalplay.Common.verifyPropertyExist is PASSED

24-07-2024T10:50:48 - [MESSAGE][INFO] - Checking response object

24-07-2024T10:50:48 - [MESSAGE][PASSED] - totalplay.Common.verifyPropertyExist is PASSED

24-07-2024T10:50:48 - [TEST_STEP][PASSED] - totalplay.Common.verifyPropertyExist(FoodPDP, c_similarProducts_salePrice): totalplay.Common.verifyPropertyExist is PASSED

24-07-2024T10:50:48 - [MESSAGE][INFO] - Checking response object

24-07-2024T10:50:48 - [MESSAGE][PASSED] - totalplay.Common.verifyPropertyExist is PASSED

24-07-2024T10:50:48 - [TEST_STEP][PASSED] - totalplay.Common.verifyPropertyExist(FoodPDP, c_similarProducts_image_alt): totalplay.Common.verifyPropertyExist is PASSED

24-07-2024T10:50:48 - [MESSAGE][INFO] - Checking response object

24-07-2024T10:50:48 - [MESSAGE][PASSED] - totalplay.Common.verifyPropertyExist is PASSED

24-07-2024T10:50:48 - [TEST_STEP][PASSED] - totalplay.Common.verifyPropertyValueExist(FoodPDP, c_similarProducts_image_alt): totalplay.Common.verifyPropertyValueExist is PASSED

24-07-2024T10:50:48 - [MESSAGE][INFO] - Checking response object

24-07-2024T10:50:48 - [MESSAGE][INFO] - Sprite 355 ml

24-07-2024T10:50:48 - [MESSAGE][PASSED] - totalplay.Common.verifyPropertyValueExist is PASSED

24-07-2024T10:50:48 - [TEST_STEP][PASSED] - totalplay.Common.verifyPropertyExist(FoodPDP, c_similarProducts_imagetitle): totalplay.Common.verifyPropertyExist is PASSED

24-07-2024T10:50:48 - [MESSAGE][INFO] - Checking response object

24-07-2024T10:50:48 - [MESSAGE][PASSED] - totalplay.Common.verifyPropertyExist is PASSED

24-07-2024T10:50:48 - [TEST_STEP][PASSED] - totalplay.Common.verifyPropertyExist(FoodPDP, c_similarProducts_promotionName): totalplay.Common.verifyPropertyExist is PASSED

24-07-2024T10:50:48 - [MESSAGE][INFO] - Checking response object

24-07-2024T10:50:49 - [MESSAGE][PASSED] - totalplay.Common.verifyPropertyExist is PASSED]]></system-out>
         <system-err><![CDATA[]]></system-err>
      </testcase>
      <testcase name="Test Cases/TotalPlay-Food/TC_7_SLP_Search" time="8.9" classname="Test Cases/TotalPlay-Food/TC_7_SLP_Search" status="PASSED">
         <system-out><![CDATA[24-07-2024T10:50:49 - [TEST_CASE][PASSED] - Test Cases/TotalPlay-Food/TC_7_SLP_Search: Test Cases/TotalPlay-Food/TC_7_SLP_Search

24-07-2024T10:50:49 - [TEST_STEP][PASSED] - callTestCase(findTestCase("TotalPlay-Food/TC_1_Login_Service"), [:], STOP_ON_FAILURE): Call Test Case 'Test Cases/TotalPlay-Food/TC_1_Login_Service' successfully

24-07-2024T10:50:50 - [MESSAGE][INFO] - Checking called Test Case

24-07-2024T10:50:50 - [MESSAGE][INFO] - Starting to call Test Case 'Test Cases/TotalPlay-Food/TC_1_Login_Service'

24-07-2024T10:50:50 - [TEST_CASE][PASSED] - Test Cases/TotalPlay-Food/TC_1_Login_Service: Test Cases/TotalPlay-Food/TC_1_Login_Service

24-07-2024T10:50:50 - [TEST_STEP][PASSED] - LoginResponse = sendRequest(findTestObject("TotalPlay-Food/getTokenDelivery", ["URL":URL])): Send request successfully

24-07-2024T10:50:50 - [MESSAGE][INFO] - Finding Test Object 'Object Repository/TotalPlay-Food/getTokenDelivery'

24-07-2024T10:50:50 - [MESSAGE][INFO] - Checking request object

24-07-2024T10:50:52 - [MESSAGE][INFO] - HAR: C:\Users\ShubhamKumarThakur\OneDrive - Kognivera\Documents\TotalPlay\totalplay-automation\Reports\20240724_104928\Food_Services\20240724_104928\requests\main\11.har

24-07-2024T10:50:52 - [MESSAGE][PASSED] - Send request successfully

24-07-2024T10:50:52 - [TEST_STEP][PASSED] - assert getResponseStatusCode(LoginResponse) == 200: Checking response object

24-07-2024T10:50:52 - [MESSAGE][INFO] - Checking response object

24-07-2024T10:50:52 - [TEST_STEP][PASSED] - Auth = "ocapiResponse.access_token": null

24-07-2024T10:50:52 - [TEST_STEP][PASSED] - FoodBascketId = "ocapiResponse.c_basketId_TP_FOOD": null

24-07-2024T10:50:52 - [TEST_STEP][PASSED] - FoodBasId = getElementPropertyValue(LoginResponse, FoodBascketId): Checking response object

24-07-2024T10:50:52 - [MESSAGE][INFO] - Checking response object

24-07-2024T10:50:53 - [TEST_STEP][PASSED] - sfccAuthorization = getElementPropertyValue(LoginResponse, Auth): Checking response object

24-07-2024T10:50:53 - [MESSAGE][INFO] - Checking response object

24-07-2024T10:50:53 - [TEST_STEP][PASSED] - Authorization = "Bearer " + sfccAuthorization: null

24-07-2024T10:50:53 - [TEST_STEP][PASSED] - FoodBasketId = FoodBasId: null

24-07-2024T10:50:53 - [TEST_STEP][PASSED] - logInfo(bm_auth_token): 

24-07-2024T10:50:53 - [MESSAGE][INFO] - 

24-07-2024T10:50:53 - [TEST_STEP][PASSED] - if (sfccAuthorization.length() == 0): null

24-07-2024T10:50:53 - [TEST_STEP][PASSED] - else: authorization generated

24-07-2024T10:50:53 - [TEST_STEP][PASSED] - markPassed("authorization generated"): authorization generated

24-07-2024T10:50:53 - [MESSAGE][PASSED] - authorization generated

24-07-2024T10:50:53 - [TEST_STEP][PASSED] - BasketId_loginResponse = "ocapiResponse.c_basketId": null

24-07-2024T10:50:53 - [TEST_STEP][PASSED] - CustomerId_loginResponse = "ocapiResponse.customer_id": null

24-07-2024T10:50:53 - [TEST_STEP][PASSED] - basketId = getElementPropertyValue(LoginResponse, BasketId_loginResponse): Checking response object

24-07-2024T10:50:53 - [MESSAGE][INFO] - Checking response object

24-07-2024T10:50:53 - [TEST_STEP][PASSED] - customerId = getElementPropertyValue(LoginResponse, CustomerId_loginResponse): Checking response object

24-07-2024T10:50:53 - [MESSAGE][INFO] - Checking response object

24-07-2024T10:50:53 - [TEST_STEP][PASSED] - basketID = basketId: null

24-07-2024T10:50:53 - [TEST_STEP][PASSED] - sla_customerId = customerId: null

24-07-2024T10:50:53 - [TEST_STEP][PASSED] - println(basketID): null

24-07-2024T10:50:53 - [TEST_STEP][PASSED] - println(sla_customerId): null

24-07-2024T10:50:53 - [TEST_STEP][PASSED] - refresh_token = "ocapiResponse.refresh_token": null

24-07-2024T10:50:53 - [TEST_STEP][PASSED] - customer_email = "ocapiResponse.customer_email": null

24-07-2024T10:50:53 - [TEST_STEP][PASSED] - c_brmId = "ocapiResponse.c_brmId": null

24-07-2024T10:50:53 - [TEST_STEP][PASSED] - customer_name = "ocapiResponse.customer_name": null

24-07-2024T10:50:53 - [TEST_STEP][PASSED] - totalplay.Common.verifyPropertyExist(LoginResponse, refresh_token): totalplay.Common.verifyPropertyExist is PASSED

24-07-2024T10:50:53 - [MESSAGE][INFO] - Checking response object

24-07-2024T10:50:53 - [MESSAGE][PASSED] - totalplay.Common.verifyPropertyExist is PASSED

24-07-2024T10:50:53 - [TEST_STEP][PASSED] - totalplay.Common.verifyPropertyValueExist(LoginResponse, refresh_token): totalplay.Common.verifyPropertyValueExist is PASSED

24-07-2024T10:50:53 - [MESSAGE][INFO] - Checking response object

24-07-2024T10:50:53 - [MESSAGE][INFO] - dmb7eCibZ_v_2v1KRNLRjsNNA4AIy31H4h-txP40EJE

24-07-2024T10:50:53 - [MESSAGE][PASSED] - totalplay.Common.verifyPropertyValueExist is PASSED

24-07-2024T10:50:53 - [TEST_STEP][PASSED] - totalplay.Common.verifyPropertyExist(LoginResponse, customer_email): totalplay.Common.verifyPropertyExist is PASSED

24-07-2024T10:50:53 - [MESSAGE][INFO] - Checking response object

24-07-2024T10:50:53 - [MESSAGE][PASSED] - totalplay.Common.verifyPropertyExist is PASSED

24-07-2024T10:50:53 - [TEST_STEP][PASSED] - totalplay.Common.verifyPropertyValueExist(LoginResponse, customer_email): totalplay.Common.verifyPropertyValueExist is PASSED

24-07-2024T10:50:53 - [MESSAGE][INFO] - Checking response object

24-07-2024T10:50:53 - [MESSAGE][INFO] - cesar.waldo93@gmail.com

24-07-2024T10:50:53 - [MESSAGE][PASSED] - totalplay.Common.verifyPropertyValueExist is PASSED

24-07-2024T10:50:53 - [TEST_STEP][PASSED] - totalplay.Common.verifyPropertyExist(LoginResponse, customer_name): totalplay.Common.verifyPropertyExist is PASSED

24-07-2024T10:50:53 - [MESSAGE][INFO] - Checking response object

24-07-2024T10:50:53 - [MESSAGE][PASSED] - totalplay.Common.verifyPropertyExist is PASSED

24-07-2024T10:50:53 - [TEST_STEP][PASSED] - totalplay.Common.verifyPropertyValueExist(LoginResponse, customer_name): totalplay.Common.verifyPropertyValueExist is PASSED

24-07-2024T10:50:53 - [MESSAGE][INFO] - Checking response object

24-07-2024T10:50:53 - [MESSAGE][INFO] - CESAR GERARDO WALDO GONZALEZ

24-07-2024T10:50:53 - [MESSAGE][PASSED] - totalplay.Common.verifyPropertyValueExist is PASSED

24-07-2024T10:50:53 - [TEST_STEP][PASSED] - totalplay.Common.verifyPropertyExist(LoginResponse, c_brmId): totalplay.Common.verifyPropertyExist is PASSED

24-07-2024T10:50:53 - [MESSAGE][INFO] - Checking response object

24-07-2024T10:50:53 - [MESSAGE][PASSED] - totalplay.Common.verifyPropertyExist is PASSED

24-07-2024T10:50:53 - [TEST_STEP][PASSED] - totalplay.Common.verifyPropertyValueExist(LoginResponse, c_brmId): totalplay.Common.verifyPropertyValueExist is PASSED

24-07-2024T10:50:53 - [MESSAGE][INFO] - Checking response object

24-07-2024T10:50:53 - [MESSAGE][INFO] - 0106378356

24-07-2024T10:50:53 - [MESSAGE][PASSED] - totalplay.Common.verifyPropertyValueExist is PASSED

24-07-2024T10:50:53 - [MESSAGE][PASSED] - Call Test Case 'Test Cases/TotalPlay-Food/TC_1_Login_Service' successfully

24-07-2024T10:50:53 - [TEST_STEP][PASSED] - SLPSearch = sendRequest(findTestObject("TotalPlay-Food/SLP Search")): Send request successfully

24-07-2024T10:50:53 - [MESSAGE][INFO] - Finding Test Object 'Object Repository/TotalPlay-Food/SLP Search'

24-07-2024T10:50:53 - [MESSAGE][INFO] - Checking request object

24-07-2024T10:50:54 - [MESSAGE][INFO] - HAR: C:\Users\ShubhamKumarThakur\OneDrive - Kognivera\Documents\TotalPlay\totalplay-automation\Reports\20240724_104928\Food_Services\20240724_104928\requests\main\12.har

24-07-2024T10:50:54 - [MESSAGE][PASSED] - Send request successfully

24-07-2024T10:50:54 - [TEST_STEP][PASSED] - verifyResponseStatusCode(SLPSearch, 200): Verify response status code successfully

24-07-2024T10:50:54 - [MESSAGE][INFO] - Checking response object

24-07-2024T10:50:54 - [MESSAGE][PASSED] - Verify response status code successfully

24-07-2024T10:50:54 - [TEST_STEP][PASSED] - stores_0_name = "stores[0].name": null

24-07-2024T10:50:54 - [TEST_STEP][PASSED] - stores_0_corporateName = "stores[0].corporateName": null

24-07-2024T10:50:54 - [TEST_STEP][PASSED] - stores_0_ondemandEDD = "stores[0].ondemandEDD": null

24-07-2024T10:50:54 - [TEST_STEP][PASSED] - stores_0_multiStoreEDD = "stores[0].multiStoreEDD": null

24-07-2024T10:50:54 - [TEST_STEP][PASSED] - stores_0_image = "stores[0].image": null

24-07-2024T10:50:54 - [TEST_STEP][PASSED] - stores_0_productsCount = "stores[0].productsCount": null

24-07-2024T10:50:54 - [TEST_STEP][PASSED] - stores_0_link = "stores[0].link": null

24-07-2024T10:50:54 - [TEST_STEP][PASSED] - stores_0_linkType = "stores[0].linkType": null

24-07-2024T10:50:54 - [TEST_STEP][PASSED] - stores_0_corporateColorCode = "stores[0].corporateColorCode": null

24-07-2024T10:50:54 - [TEST_STEP][PASSED] - stores_0_verticalType = "stores[0].verticalType": null

24-07-2024T10:50:54 - [TEST_STEP][PASSED] - stores_0_distance = "stores[0].distance": null

24-07-2024T10:50:54 - [TEST_STEP][PASSED] - stores_0_isInRange = "stores[0].isInRange": null

24-07-2024T10:50:54 - [TEST_STEP][PASSED] - stores_0_storeOpen = "stores[0].storeOpen": null

24-07-2024T10:50:54 - [TEST_STEP][PASSED] - stores_0_isAgeRestricted = "stores[0].isAgeRestricted": null

24-07-2024T10:50:54 - [TEST_STEP][PASSED] - stores_0_categoryName = "stores[0].categoryName": null

24-07-2024T10:50:54 - [TEST_STEP][PASSED] - stores_0_products_0_productId = "stores[0].products[0].productId": null

24-07-2024T10:50:54 - [TEST_STEP][PASSED] - stores_0_products_0_productName = "stores[0].products[0].productName": null

24-07-2024T10:50:54 - [TEST_STEP][PASSED] - stores_0_products_0_link = "stores[0].products[0].link": null

24-07-2024T10:50:54 - [TEST_STEP][PASSED] - stores_0_products_0_linkType = "stores[0].products[0].linkType": null

24-07-2024T10:50:54 - [TEST_STEP][PASSED] - stores_1_name = "stores[1].name": null

24-07-2024T10:50:54 - [TEST_STEP][PASSED] - stores_1_corporateName = "stores[1].corporateName": null

24-07-2024T10:50:54 - [TEST_STEP][PASSED] - stores_1_ondemandEDD = "stores[1].ondemandEDD": null

24-07-2024T10:50:54 - [TEST_STEP][PASSED] - stores_1_multiStoreEDD = "stores[1].multiStoreEDD": null

24-07-2024T10:50:54 - [TEST_STEP][PASSED] - stores_1_image = "stores[1].image": null

24-07-2024T10:50:54 - [TEST_STEP][PASSED] - stores_1_productsCount = "stores[1].productsCount": null

24-07-2024T10:50:54 - [TEST_STEP][PASSED] - stores_1_link = "stores[1].link": null

24-07-2024T10:50:54 - [TEST_STEP][PASSED] - stores_1_linkType = "stores[1].linkType": null

24-07-2024T10:50:54 - [TEST_STEP][PASSED] - stores_1_corporateColorCode = "stores[1].corporateColorCode": null

24-07-2024T10:50:54 - [TEST_STEP][PASSED] - stores_1_verticalType = "stores[1].verticalType": null

24-07-2024T10:50:54 - [TEST_STEP][PASSED] - stores_1_distance = "stores[1].distance": null

24-07-2024T10:50:54 - [TEST_STEP][PASSED] - stores_1_isInRange = "stores[1].isInRange": null

24-07-2024T10:50:54 - [TEST_STEP][PASSED] - stores_1_storeOpen = "stores[1].storeOpen": null

24-07-2024T10:50:54 - [TEST_STEP][PASSED] - stores_1_isAgeRestricted = "stores[1].isAgeRestricted": null

24-07-2024T10:50:54 - [TEST_STEP][PASSED] - stores_1_categoryName = "stores[1].categoryName": null

24-07-2024T10:50:54 - [TEST_STEP][PASSED] - stores_1_products_0_productId = "stores[1].products[0].productId": null

24-07-2024T10:50:54 - [TEST_STEP][PASSED] - stores_1_products_0_productName = "stores[1].products[0].productName": null

24-07-2024T10:50:54 - [TEST_STEP][PASSED] - stores_1_products_0_link = "stores[1].products[0].link": null

24-07-2024T10:50:54 - [TEST_STEP][PASSED] - stores_1_products_0_linkType = "stores[1].products[0].linkType": null

24-07-2024T10:50:54 - [TEST_STEP][PASSED] - totalplay.Common.verifyPropertyExist(SLPSearch, stores_0_name): totalplay.Common.verifyPropertyExist is PASSED

24-07-2024T10:50:54 - [MESSAGE][INFO] - Checking response object

24-07-2024T10:50:54 - [MESSAGE][PASSED] - totalplay.Common.verifyPropertyExist is PASSED

24-07-2024T10:50:54 - [TEST_STEP][PASSED] - totalplay.Common.verifyPropertyValueExist(SLPSearch, stores_0_name): totalplay.Common.verifyPropertyValueExist is PASSED

24-07-2024T10:50:54 - [MESSAGE][INFO] - Checking response object

24-07-2024T10:50:54 - [MESSAGE][INFO] - Gabriella Gourmet

24-07-2024T10:50:54 - [MESSAGE][PASSED] - totalplay.Common.verifyPropertyValueExist is PASSED

24-07-2024T10:50:54 - [TEST_STEP][PASSED] - totalplay.Common.verifyPropertyExist(SLPSearch, stores_0_corporateName): totalplay.Common.verifyPropertyExist is PASSED

24-07-2024T10:50:54 - [MESSAGE][INFO] - Checking response object

24-07-2024T10:50:54 - [MESSAGE][PASSED] - totalplay.Common.verifyPropertyExist is PASSED

24-07-2024T10:50:54 - [TEST_STEP][PASSED] - totalplay.Common.verifyPropertyValueExist(SLPSearch, stores_0_corporateName): totalplay.Common.verifyPropertyValueExist is PASSED

24-07-2024T10:50:54 - [MESSAGE][INFO] - Checking response object

24-07-2024T10:50:54 - [MESSAGE][INFO] - GabriellaGourmet

24-07-2024T10:50:54 - [MESSAGE][PASSED] - totalplay.Common.verifyPropertyValueExist is PASSED

24-07-2024T10:50:54 - [TEST_STEP][PASSED] - totalplay.Common.verifyPropertyExist(SLPSearch, stores_0_ondemandEDD): totalplay.Common.verifyPropertyExist is PASSED

24-07-2024T10:50:54 - [MESSAGE][INFO] - Checking response object

24-07-2024T10:50:54 - [MESSAGE][PASSED] - totalplay.Common.verifyPropertyExist is PASSED

24-07-2024T10:50:54 - [TEST_STEP][PASSED] - totalplay.Common.verifyPropertyValueExist(SLPSearch, stores_0_ondemandEDD): totalplay.Common.verifyPropertyValueExist is PASSED

24-07-2024T10:50:54 - [MESSAGE][INFO] - Checking response object

24-07-2024T10:50:54 - [MESSAGE][INFO] - 90 Min

24-07-2024T10:50:54 - [MESSAGE][PASSED] - totalplay.Common.verifyPropertyValueExist is PASSED

24-07-2024T10:50:54 - [TEST_STEP][PASSED] - totalplay.Common.verifyPropertyValueEmptyString(SLPSearch, stores_0_multiStoreEDD): totalplay.Common.verifyPropertyValueEmptyString is PASSED

24-07-2024T10:50:54 - [MESSAGE][INFO] - Checking response object

24-07-2024T10:50:54 - [MESSAGE][INFO] - 

24-07-2024T10:50:54 - [MESSAGE][PASSED] - totalplay.Common.verifyPropertyValueEmptyString is PASSED

24-07-2024T10:50:54 - [TEST_STEP][PASSED] - totalplay.Common.verifyPropertyEmpty(SLPSearch, stores_0_image): totalplay.Common.verifyPropertyEmpty is PASSED

24-07-2024T10:50:54 - [MESSAGE][PASSED] - totalplay.Common.verifyPropertyEmpty is PASSED

24-07-2024T10:50:54 - [TEST_STEP][PASSED] - totalplay.Common.getNumValueofObject(SLPSearch, stores_0_productsCount): totalplay.Common.getNumValueofObject is PASSED

24-07-2024T10:50:54 - [MESSAGE][INFO] - Checking response object

24-07-2024T10:50:54 - [MESSAGE][PASSED] - totalplay.Common.getNumValueofObject is PASSED

24-07-2024T10:50:54 - [TEST_STEP][PASSED] - totalplay.Common.verifyPropertyExist(SLPSearch, stores_0_link): totalplay.Common.verifyPropertyExist is PASSED

24-07-2024T10:50:54 - [MESSAGE][INFO] - Checking response object

24-07-2024T10:50:55 - [MESSAGE][PASSED] - totalplay.Common.verifyPropertyExist is PASSED

24-07-2024T10:50:55 - [TEST_STEP][PASSED] - totalplay.Common.verifyPropertyValueExist(SLPSearch, stores_0_link): totalplay.Common.verifyPropertyValueExist is PASSED

24-07-2024T10:50:55 - [MESSAGE][INFO] - Checking response object

24-07-2024T10:50:55 - [MESSAGE][INFO] - /dw/shop/v24_5/product_search?pcpPage=true&refine_1=c_miraklShopID=6001&count=30

24-07-2024T10:50:55 - [MESSAGE][PASSED] - totalplay.Common.verifyPropertyValueExist is PASSED

24-07-2024T10:50:55 - [TEST_STEP][PASSED] - totalplay.Common.verifyPropertyExist(SLPSearch, stores_0_linkType): totalplay.Common.verifyPropertyExist is PASSED

24-07-2024T10:50:55 - [MESSAGE][INFO] - Checking response object

24-07-2024T10:50:55 - [MESSAGE][PASSED] - totalplay.Common.verifyPropertyExist is PASSED

24-07-2024T10:50:55 - [TEST_STEP][PASSED] - totalplay.Common.verifyPropertyValueExist(SLPSearch, stores_0_linkType): totalplay.Common.verifyPropertyValueExist is PASSED

24-07-2024T10:50:55 - [MESSAGE][INFO] - Checking response object

24-07-2024T10:50:55 - [MESSAGE][INFO] - PCP

24-07-2024T10:50:55 - [MESSAGE][PASSED] - totalplay.Common.verifyPropertyValueExist is PASSED

24-07-2024T10:50:55 - [TEST_STEP][PASSED] - totalplay.Common.verifyPropertyExist(SLPSearch, stores_0_corporateColorCode): totalplay.Common.verifyPropertyExist is PASSED

24-07-2024T10:50:55 - [MESSAGE][INFO] - Checking response object

24-07-2024T10:50:55 - [MESSAGE][PASSED] - totalplay.Common.verifyPropertyExist is PASSED

24-07-2024T10:50:55 - [TEST_STEP][PASSED] - totalplay.Common.verifyPropertyValueExist(SLPSearch, stores_0_corporateColorCode): totalplay.Common.verifyPropertyValueExist is PASSED

24-07-2024T10:50:55 - [MESSAGE][INFO] - Checking response object

24-07-2024T10:50:55 - [MESSAGE][INFO] - #4A566D

24-07-2024T10:50:55 - [MESSAGE][PASSED] - totalplay.Common.verifyPropertyValueExist is PASSED

24-07-2024T10:50:55 - [TEST_STEP][PASSED] - totalplay.Common.verifyPropertyExist(SLPSearch, stores_0_verticalType): totalplay.Common.verifyPropertyExist is PASSED

24-07-2024T10:50:55 - [MESSAGE][INFO] - Checking response object

24-07-2024T10:50:55 - [MESSAGE][PASSED] - totalplay.Common.verifyPropertyExist is PASSED

24-07-2024T10:50:55 - [TEST_STEP][PASSED] - totalplay.Common.verifyPropertyValueExist(SLPSearch, stores_0_verticalType): totalplay.Common.verifyPropertyValueExist is PASSED

24-07-2024T10:50:55 - [MESSAGE][INFO] - Checking response object

24-07-2024T10:50:55 - [MESSAGE][INFO] - OnDemand

24-07-2024T10:50:55 - [MESSAGE][PASSED] - totalplay.Common.verifyPropertyValueExist is PASSED

24-07-2024T10:50:55 - [TEST_STEP][PASSED] - totalplay.Common.verifyPropertyExist(SLPSearch, stores_0_distance): totalplay.Common.verifyPropertyExist is PASSED

24-07-2024T10:50:55 - [MESSAGE][INFO] - Checking response object

24-07-2024T10:50:55 - [MESSAGE][PASSED] - totalplay.Common.verifyPropertyExist is PASSED

24-07-2024T10:50:55 - [TEST_STEP][PASSED] - totalplay.Common.verifyPropertyValueExist(SLPSearch, stores_0_distance): totalplay.Common.verifyPropertyValueExist is PASSED

24-07-2024T10:50:55 - [MESSAGE][INFO] - Checking response object

24-07-2024T10:50:55 - [MESSAGE][INFO] - 0.10

24-07-2024T10:50:55 - [MESSAGE][PASSED] - totalplay.Common.verifyPropertyValueExist is PASSED

24-07-2024T10:50:55 - [TEST_STEP][PASSED] - totalplay.Common.getBooleanValueofObject(SLPSearch, stores_0_isInRange): totalplay.Common.getBooleanValueofObject is PASSED

24-07-2024T10:50:55 - [MESSAGE][INFO] - Checking response object

24-07-2024T10:50:55 - [MESSAGE][PASSED] - totalplay.Common.getBooleanValueofObject is PASSED

24-07-2024T10:50:55 - [TEST_STEP][PASSED] - totalplay.Common.getBooleanValueofObject(SLPSearch, stores_0_storeOpen): totalplay.Common.getBooleanValueofObject is PASSED

24-07-2024T10:50:55 - [MESSAGE][INFO] - Checking response object

24-07-2024T10:50:55 - [MESSAGE][PASSED] - totalplay.Common.getBooleanValueofObject is PASSED

24-07-2024T10:50:55 - [TEST_STEP][PASSED] - totalplay.Common.getBooleanValueofObject(SLPSearch, stores_0_isAgeRestricted): totalplay.Common.getBooleanValueofObject is PASSED

24-07-2024T10:50:55 - [MESSAGE][INFO] - Checking response object

24-07-2024T10:50:55 - [MESSAGE][PASSED] - totalplay.Common.getBooleanValueofObject is PASSED

24-07-2024T10:50:55 - [TEST_STEP][PASSED] - totalplay.Common.verifyPropertyExist(SLPSearch, stores_0_categoryName): totalplay.Common.verifyPropertyExist is PASSED

24-07-2024T10:50:55 - [MESSAGE][INFO] - Checking response object

24-07-2024T10:50:55 - [MESSAGE][PASSED] - totalplay.Common.verifyPropertyExist is PASSED

24-07-2024T10:50:55 - [TEST_STEP][PASSED] - totalplay.Common.verifyPropertyValueExist(SLPSearch, stores_0_categoryName): totalplay.Common.verifyPropertyValueExist is PASSED

24-07-2024T10:50:55 - [MESSAGE][INFO] - Checking response object

24-07-2024T10:50:55 - [MESSAGE][INFO] - Cafeter��a

24-07-2024T10:50:55 - [MESSAGE][PASSED] - totalplay.Common.verifyPropertyValueExist is PASSED

24-07-2024T10:50:55 - [TEST_STEP][PASSED] - totalplay.Common.verifyPropertyExist(SLPSearch, stores_0_products_0_productId): totalplay.Common.verifyPropertyExist is PASSED

24-07-2024T10:50:55 - [MESSAGE][INFO] - Checking response object

24-07-2024T10:50:55 - [MESSAGE][PASSED] - totalplay.Common.verifyPropertyExist is PASSED

24-07-2024T10:50:55 - [TEST_STEP][PASSED] - totalplay.Common.verifyPropertyValueExist(SLPSearch, stores_0_products_0_productId): totalplay.Common.verifyPropertyValueExist is PASSED

24-07-2024T10:50:55 - [MESSAGE][INFO] - Checking response object

24-07-2024T10:50:55 - [MESSAGE][INFO] - C659578417

24-07-2024T10:50:55 - [MESSAGE][PASSED] - totalplay.Common.verifyPropertyValueExist is PASSED

24-07-2024T10:50:55 - [TEST_STEP][PASSED] - totalplay.Common.verifyPropertyExist(SLPSearch, stores_0_products_0_productName): totalplay.Common.verifyPropertyExist is PASSED

24-07-2024T10:50:55 - [MESSAGE][INFO] - Checking response object

24-07-2024T10:50:55 - [MESSAGE][PASSED] - totalplay.Common.verifyPropertyExist is PASSED

24-07-2024T10:50:55 - [TEST_STEP][PASSED] - totalplay.Common.verifyPropertyValueExist(SLPSearch, stores_0_products_0_productName): totalplay.Common.verifyPropertyValueExist is PASSED

24-07-2024T10:50:55 - [MESSAGE][INFO] - Checking response object

24-07-2024T10:50:55 - [MESSAGE][INFO] - Reduccin de Aceto Balsmico

24-07-2024T10:50:55 - [MESSAGE][PASSED] - totalplay.Common.verifyPropertyValueExist is PASSED

24-07-2024T10:50:55 - [TEST_STEP][PASSED] - totalplay.Common.verifyPropertyExist(SLPSearch, stores_0_products_0_link): totalplay.Common.verifyPropertyExist is PASSED

24-07-2024T10:50:55 - [MESSAGE][INFO] - Checking response object

24-07-2024T10:50:56 - [MESSAGE][PASSED] - totalplay.Common.verifyPropertyExist is PASSED

24-07-2024T10:50:56 - [TEST_STEP][PASSED] - totalplay.Common.verifyPropertyValueExist(SLPSearch, stores_0_products_0_link): totalplay.Common.verifyPropertyValueExist is PASSED

24-07-2024T10:50:56 - [MESSAGE][INFO] - Checking response object

24-07-2024T10:50:56 - [MESSAGE][INFO] - /dw/shop/v24_5/content/seller-pdp?sellerID=6001&c_productid=C659578417

24-07-2024T10:50:56 - [MESSAGE][PASSED] - totalplay.Common.verifyPropertyValueExist is PASSED

24-07-2024T10:50:56 - [TEST_STEP][PASSED] - totalplay.Common.verifyPropertyExist(SLPSearch, stores_0_products_0_linkType): totalplay.Common.verifyPropertyExist is PASSED

24-07-2024T10:50:56 - [MESSAGE][INFO] - Checking response object

24-07-2024T10:50:56 - [MESSAGE][PASSED] - totalplay.Common.verifyPropertyExist is PASSED

24-07-2024T10:50:56 - [TEST_STEP][PASSED] - totalplay.Common.verifyPropertyValueExist(SLPSearch, stores_0_products_0_linkType): totalplay.Common.verifyPropertyValueExist is PASSED

24-07-2024T10:50:56 - [MESSAGE][INFO] - Checking response object

24-07-2024T10:50:56 - [MESSAGE][INFO] - PDP

24-07-2024T10:50:56 - [MESSAGE][PASSED] - totalplay.Common.verifyPropertyValueExist is PASSED

24-07-2024T10:50:56 - [TEST_STEP][PASSED] - totalplay.Common.verifyPropertyExist(SLPSearch, stores_1_name): totalplay.Common.verifyPropertyExist is PASSED

24-07-2024T10:50:56 - [MESSAGE][INFO] - Checking response object

24-07-2024T10:50:56 - [MESSAGE][PASSED] - totalplay.Common.verifyPropertyExist is PASSED

24-07-2024T10:50:56 - [TEST_STEP][PASSED] - totalplay.Common.verifyPropertyValueExist(SLPSearch, stores_1_name): totalplay.Common.verifyPropertyValueExist is PASSED

24-07-2024T10:50:56 - [MESSAGE][INFO] - Checking response object

24-07-2024T10:50:56 - [MESSAGE][INFO] - La Casa de los Abuelos Insurgentes-3

24-07-2024T10:50:56 - [MESSAGE][PASSED] - totalplay.Common.verifyPropertyValueExist is PASSED

24-07-2024T10:50:56 - [TEST_STEP][PASSED] - totalplay.Common.verifyPropertyExist(SLPSearch, stores_1_corporateName): totalplay.Common.verifyPropertyExist is PASSED

24-07-2024T10:50:56 - [MESSAGE][INFO] - Checking response object

24-07-2024T10:50:56 - [MESSAGE][PASSED] - totalplay.Common.verifyPropertyExist is PASSED

24-07-2024T10:50:56 - [TEST_STEP][PASSED] - totalplay.Common.verifyPropertyValueExist(SLPSearch, stores_1_corporateName): totalplay.Common.verifyPropertyValueExist is PASSED

24-07-2024T10:50:56 - [MESSAGE][INFO] - Checking response object

24-07-2024T10:50:56 - [MESSAGE][INFO] - LaCasadelosAbuelos

24-07-2024T10:50:56 - [MESSAGE][PASSED] - totalplay.Common.verifyPropertyValueExist is PASSED

24-07-2024T10:50:56 - [TEST_STEP][PASSED] - totalplay.Common.verifyPropertyExist(SLPSearch, stores_1_ondemandEDD): totalplay.Common.verifyPropertyExist is PASSED

24-07-2024T10:50:56 - [MESSAGE][INFO] - Checking response object

24-07-2024T10:50:56 - [MESSAGE][PASSED] - totalplay.Common.verifyPropertyExist is PASSED

24-07-2024T10:50:56 - [TEST_STEP][PASSED] - totalplay.Common.verifyPropertyValueExist(SLPSearch, stores_1_ondemandEDD): totalplay.Common.verifyPropertyValueExist is PASSED

24-07-2024T10:50:56 - [MESSAGE][INFO] - Checking response object

24-07-2024T10:50:56 - [MESSAGE][INFO] - 90 Min

24-07-2024T10:50:56 - [MESSAGE][PASSED] - totalplay.Common.verifyPropertyValueExist is PASSED

24-07-2024T10:50:56 - [TEST_STEP][PASSED] - totalplay.Common.verifyPropertyValueEmptyString(SLPSearch, stores_1_multiStoreEDD): totalplay.Common.verifyPropertyValueEmptyString is PASSED

24-07-2024T10:50:56 - [MESSAGE][INFO] - Checking response object

24-07-2024T10:50:56 - [MESSAGE][INFO] - 

24-07-2024T10:50:56 - [MESSAGE][PASSED] - totalplay.Common.verifyPropertyValueEmptyString is PASSED

24-07-2024T10:50:56 - [TEST_STEP][PASSED] - totalplay.Common.verifyPropertyEmpty(SLPSearch, stores_1_image): totalplay.Common.verifyPropertyEmpty is PASSED

24-07-2024T10:50:56 - [MESSAGE][PASSED] - totalplay.Common.verifyPropertyEmpty is PASSED

24-07-2024T10:50:56 - [TEST_STEP][PASSED] - totalplay.Common.getNumValueofObject(SLPSearch, stores_1_productsCount): totalplay.Common.getNumValueofObject is PASSED

24-07-2024T10:50:56 - [MESSAGE][INFO] - Checking response object

24-07-2024T10:50:56 - [MESSAGE][PASSED] - totalplay.Common.getNumValueofObject is PASSED

24-07-2024T10:50:56 - [TEST_STEP][PASSED] - totalplay.Common.verifyPropertyExist(SLPSearch, stores_1_link): totalplay.Common.verifyPropertyExist is PASSED

24-07-2024T10:50:56 - [MESSAGE][INFO] - Checking response object

24-07-2024T10:50:56 - [MESSAGE][PASSED] - totalplay.Common.verifyPropertyExist is PASSED

24-07-2024T10:50:56 - [TEST_STEP][PASSED] - totalplay.Common.verifyPropertyValueExist(SLPSearch, stores_1_link): totalplay.Common.verifyPropertyValueExist is PASSED

24-07-2024T10:50:56 - [MESSAGE][INFO] - Checking response object

24-07-2024T10:50:56 - [MESSAGE][INFO] - /dw/shop/v24_5/product_search?pcpPage=true&refine_1=c_miraklShopID=4227&count=30

24-07-2024T10:50:56 - [MESSAGE][PASSED] - totalplay.Common.verifyPropertyValueExist is PASSED

24-07-2024T10:50:56 - [TEST_STEP][PASSED] - totalplay.Common.verifyPropertyExist(SLPSearch, stores_1_linkType): totalplay.Common.verifyPropertyExist is PASSED

24-07-2024T10:50:56 - [MESSAGE][INFO] - Checking response object

24-07-2024T10:50:56 - [MESSAGE][PASSED] - totalplay.Common.verifyPropertyExist is PASSED

24-07-2024T10:50:56 - [TEST_STEP][PASSED] - totalplay.Common.verifyPropertyValueExist(SLPSearch, stores_1_linkType): totalplay.Common.verifyPropertyValueExist is PASSED

24-07-2024T10:50:56 - [MESSAGE][INFO] - Checking response object

24-07-2024T10:50:56 - [MESSAGE][INFO] - PCP

24-07-2024T10:50:56 - [MESSAGE][PASSED] - totalplay.Common.verifyPropertyValueExist is PASSED

24-07-2024T10:50:56 - [TEST_STEP][PASSED] - totalplay.Common.verifyPropertyExist(SLPSearch, stores_1_corporateColorCode): totalplay.Common.verifyPropertyExist is PASSED

24-07-2024T10:50:56 - [MESSAGE][INFO] - Checking response object

24-07-2024T10:50:56 - [MESSAGE][PASSED] - totalplay.Common.verifyPropertyExist is PASSED

24-07-2024T10:50:56 - [TEST_STEP][PASSED] - totalplay.Common.verifyPropertyValueExist(SLPSearch, stores_1_corporateColorCode): totalplay.Common.verifyPropertyValueExist is PASSED

24-07-2024T10:50:56 - [MESSAGE][INFO] - Checking response object

24-07-2024T10:50:57 - [MESSAGE][INFO] - #4A566D

24-07-2024T10:50:57 - [MESSAGE][PASSED] - totalplay.Common.verifyPropertyValueExist is PASSED

24-07-2024T10:50:57 - [TEST_STEP][PASSED] - totalplay.Common.verifyPropertyExist(SLPSearch, stores_1_verticalType): totalplay.Common.verifyPropertyExist is PASSED

24-07-2024T10:50:57 - [MESSAGE][INFO] - Checking response object

24-07-2024T10:50:57 - [MESSAGE][PASSED] - totalplay.Common.verifyPropertyExist is PASSED

24-07-2024T10:50:57 - [TEST_STEP][PASSED] - totalplay.Common.verifyPropertyValueExist(SLPSearch, stores_1_verticalType): totalplay.Common.verifyPropertyValueExist is PASSED

24-07-2024T10:50:57 - [MESSAGE][INFO] - Checking response object

24-07-2024T10:50:57 - [MESSAGE][INFO] - OnDemand

24-07-2024T10:50:57 - [MESSAGE][PASSED] - totalplay.Common.verifyPropertyValueExist is PASSED

24-07-2024T10:50:57 - [TEST_STEP][PASSED] - totalplay.Common.verifyPropertyExist(SLPSearch, stores_1_distance): totalplay.Common.verifyPropertyExist is PASSED

24-07-2024T10:50:57 - [MESSAGE][INFO] - Checking response object

24-07-2024T10:50:57 - [MESSAGE][PASSED] - totalplay.Common.verifyPropertyExist is PASSED

24-07-2024T10:50:57 - [TEST_STEP][PASSED] - totalplay.Common.verifyPropertyValueExist(SLPSearch, stores_1_distance): totalplay.Common.verifyPropertyValueExist is PASSED

24-07-2024T10:50:57 - [MESSAGE][INFO] - Checking response object

24-07-2024T10:50:57 - [MESSAGE][INFO] - 0.49

24-07-2024T10:50:57 - [MESSAGE][PASSED] - totalplay.Common.verifyPropertyValueExist is PASSED

24-07-2024T10:50:57 - [TEST_STEP][PASSED] - totalplay.Common.getBooleanValueofObject(SLPSearch, stores_1_isInRange): totalplay.Common.getBooleanValueofObject is PASSED

24-07-2024T10:50:57 - [MESSAGE][INFO] - Checking response object

24-07-2024T10:50:57 - [MESSAGE][PASSED] - totalplay.Common.getBooleanValueofObject is PASSED

24-07-2024T10:50:57 - [TEST_STEP][PASSED] - totalplay.Common.getBooleanValueofObject(SLPSearch, stores_1_storeOpen): totalplay.Common.getBooleanValueofObject is PASSED

24-07-2024T10:50:57 - [MESSAGE][INFO] - Checking response object

24-07-2024T10:50:57 - [MESSAGE][PASSED] - totalplay.Common.getBooleanValueofObject is PASSED

24-07-2024T10:50:57 - [TEST_STEP][PASSED] - totalplay.Common.getBooleanValueofObject(SLPSearch, stores_1_isAgeRestricted): totalplay.Common.getBooleanValueofObject is PASSED

24-07-2024T10:50:57 - [MESSAGE][INFO] - Checking response object

24-07-2024T10:50:57 - [MESSAGE][PASSED] - totalplay.Common.getBooleanValueofObject is PASSED

24-07-2024T10:50:57 - [TEST_STEP][PASSED] - totalplay.Common.verifyPropertyExist(SLPSearch, stores_1_categoryName): totalplay.Common.verifyPropertyExist is PASSED

24-07-2024T10:50:57 - [MESSAGE][INFO] - Checking response object

24-07-2024T10:50:57 - [MESSAGE][PASSED] - totalplay.Common.verifyPropertyExist is PASSED

24-07-2024T10:50:57 - [TEST_STEP][PASSED] - totalplay.Common.verifyPropertyValueExist(SLPSearch, stores_1_categoryName): totalplay.Common.verifyPropertyValueExist is PASSED

24-07-2024T10:50:57 - [MESSAGE][INFO] - Checking response object

24-07-2024T10:50:57 - [MESSAGE][INFO] - La Casa de los Abuelos Insurgentes

24-07-2024T10:50:57 - [MESSAGE][PASSED] - totalplay.Common.verifyPropertyValueExist is PASSED

24-07-2024T10:50:57 - [TEST_STEP][PASSED] - totalplay.Common.verifyPropertyExist(SLPSearch, stores_1_products_0_productId): totalplay.Common.verifyPropertyExist is PASSED

24-07-2024T10:50:57 - [MESSAGE][INFO] - Checking response object

24-07-2024T10:50:57 - [MESSAGE][PASSED] - totalplay.Common.verifyPropertyExist is PASSED

24-07-2024T10:50:57 - [TEST_STEP][PASSED] - totalplay.Common.verifyPropertyValueExist(SLPSearch, stores_1_products_0_productId): totalplay.Common.verifyPropertyValueExist is PASSED

24-07-2024T10:50:57 - [MESSAGE][INFO] - Checking response object

24-07-2024T10:50:57 - [MESSAGE][INFO] - C1558756441

24-07-2024T10:50:57 - [MESSAGE][PASSED] - totalplay.Common.verifyPropertyValueExist is PASSED

24-07-2024T10:50:57 - [TEST_STEP][PASSED] - totalplay.Common.verifyPropertyExist(SLPSearch, stores_1_products_0_productName): totalplay.Common.verifyPropertyExist is PASSED

24-07-2024T10:50:57 - [MESSAGE][INFO] - Checking response object

24-07-2024T10:50:57 - [MESSAGE][PASSED] - totalplay.Common.verifyPropertyExist is PASSED

24-07-2024T10:50:57 - [TEST_STEP][PASSED] - totalplay.Common.verifyPropertyValueExist(SLPSearch, stores_1_products_0_productName): totalplay.Common.verifyPropertyValueExist is PASSED

24-07-2024T10:50:57 - [MESSAGE][INFO] - Checking response object

24-07-2024T10:50:57 - [MESSAGE][INFO] - Red Onion

24-07-2024T10:50:57 - [MESSAGE][PASSED] - totalplay.Common.verifyPropertyValueExist is PASSED

24-07-2024T10:50:57 - [TEST_STEP][PASSED] - totalplay.Common.verifyPropertyExist(SLPSearch, stores_1_products_0_link): totalplay.Common.verifyPropertyExist is PASSED

24-07-2024T10:50:57 - [MESSAGE][INFO] - Checking response object

24-07-2024T10:50:57 - [MESSAGE][PASSED] - totalplay.Common.verifyPropertyExist is PASSED

24-07-2024T10:50:57 - [TEST_STEP][PASSED] - totalplay.Common.verifyPropertyValueExist(SLPSearch, stores_1_products_0_link): totalplay.Common.verifyPropertyValueExist is PASSED

24-07-2024T10:50:57 - [MESSAGE][INFO] - Checking response object

24-07-2024T10:50:57 - [MESSAGE][INFO] - /dw/shop/v24_5/content/seller-pdp?sellerID=4227&c_productid=C1558756441

24-07-2024T10:50:57 - [MESSAGE][PASSED] - totalplay.Common.verifyPropertyValueExist is PASSED

24-07-2024T10:50:57 - [TEST_STEP][PASSED] - totalplay.Common.verifyPropertyExist(SLPSearch, stores_1_products_0_linkType): totalplay.Common.verifyPropertyExist is PASSED

24-07-2024T10:50:57 - [MESSAGE][INFO] - Checking response object

24-07-2024T10:50:57 - [MESSAGE][PASSED] - totalplay.Common.verifyPropertyExist is PASSED

24-07-2024T10:50:57 - [TEST_STEP][PASSED] - totalplay.Common.verifyPropertyValueExist(SLPSearch, stores_1_products_0_linkType): totalplay.Common.verifyPropertyValueExist is PASSED

24-07-2024T10:50:57 - [MESSAGE][INFO] - Checking response object

24-07-2024T10:50:57 - [MESSAGE][INFO] - PDP

24-07-2024T10:50:57 - [MESSAGE][PASSED] - totalplay.Common.verifyPropertyValueExist is PASSED]]></system-out>
         <system-err><![CDATA[]]></system-err>
      </testcase>
      <testcase name="Test Cases/TotalPlay-Food/TC_8_PLP_Search" time="7.591" classname="Test Cases/TotalPlay-Food/TC_8_PLP_Search" status="PASSED">
         <system-out><![CDATA[24-07-2024T10:50:58 - [TEST_CASE][PASSED] - Test Cases/TotalPlay-Food/TC_8_PLP_Search: Test Cases/TotalPlay-Food/TC_8_PLP_Search

24-07-2024T10:50:58 - [TEST_STEP][PASSED] - callTestCase(findTestCase("TotalPlay-Food/TC_1_Login_Service"), [:], STOP_ON_FAILURE): Call Test Case 'Test Cases/TotalPlay-Food/TC_1_Login_Service' successfully

24-07-2024T10:50:58 - [MESSAGE][INFO] - Checking called Test Case

24-07-2024T10:50:58 - [MESSAGE][INFO] - Starting to call Test Case 'Test Cases/TotalPlay-Food/TC_1_Login_Service'

24-07-2024T10:50:58 - [TEST_CASE][PASSED] - Test Cases/TotalPlay-Food/TC_1_Login_Service: Test Cases/TotalPlay-Food/TC_1_Login_Service

24-07-2024T10:50:58 - [TEST_STEP][PASSED] - LoginResponse = sendRequest(findTestObject("TotalPlay-Food/getTokenDelivery", ["URL":URL])): Send request successfully

24-07-2024T10:50:58 - [MESSAGE][INFO] - Finding Test Object 'Object Repository/TotalPlay-Food/getTokenDelivery'

24-07-2024T10:50:59 - [MESSAGE][INFO] - Checking request object

24-07-2024T10:51:01 - [MESSAGE][INFO] - HAR: C:\Users\ShubhamKumarThakur\OneDrive - Kognivera\Documents\TotalPlay\totalplay-automation\Reports\20240724_104928\Food_Services\20240724_104928\requests\main\13.har

24-07-2024T10:51:01 - [MESSAGE][PASSED] - Send request successfully

24-07-2024T10:51:01 - [TEST_STEP][PASSED] - assert getResponseStatusCode(LoginResponse) == 200: Checking response object

24-07-2024T10:51:01 - [MESSAGE][INFO] - Checking response object

24-07-2024T10:51:01 - [TEST_STEP][PASSED] - Auth = "ocapiResponse.access_token": null

24-07-2024T10:51:01 - [TEST_STEP][PASSED] - FoodBascketId = "ocapiResponse.c_basketId_TP_FOOD": null

24-07-2024T10:51:01 - [TEST_STEP][PASSED] - FoodBasId = getElementPropertyValue(LoginResponse, FoodBascketId): Checking response object

24-07-2024T10:51:01 - [MESSAGE][INFO] - Checking response object

24-07-2024T10:51:01 - [TEST_STEP][PASSED] - sfccAuthorization = getElementPropertyValue(LoginResponse, Auth): Checking response object

24-07-2024T10:51:01 - [MESSAGE][INFO] - Checking response object

24-07-2024T10:51:01 - [TEST_STEP][PASSED] - Authorization = "Bearer " + sfccAuthorization: null

24-07-2024T10:51:01 - [TEST_STEP][PASSED] - FoodBasketId = FoodBasId: null

24-07-2024T10:51:01 - [TEST_STEP][PASSED] - logInfo(bm_auth_token): 

24-07-2024T10:51:01 - [MESSAGE][INFO] - 

24-07-2024T10:51:01 - [TEST_STEP][PASSED] - if (sfccAuthorization.length() == 0): null

24-07-2024T10:51:01 - [TEST_STEP][PASSED] - else: authorization generated

24-07-2024T10:51:01 - [TEST_STEP][PASSED] - markPassed("authorization generated"): authorization generated

24-07-2024T10:51:01 - [MESSAGE][PASSED] - authorization generated

24-07-2024T10:51:01 - [TEST_STEP][PASSED] - BasketId_loginResponse = "ocapiResponse.c_basketId": null

24-07-2024T10:51:01 - [TEST_STEP][PASSED] - CustomerId_loginResponse = "ocapiResponse.customer_id": null

24-07-2024T10:51:01 - [TEST_STEP][PASSED] - basketId = getElementPropertyValue(LoginResponse, BasketId_loginResponse): Checking response object

24-07-2024T10:51:01 - [MESSAGE][INFO] - Checking response object

24-07-2024T10:51:01 - [TEST_STEP][PASSED] - customerId = getElementPropertyValue(LoginResponse, CustomerId_loginResponse): Checking response object

24-07-2024T10:51:01 - [MESSAGE][INFO] - Checking response object

24-07-2024T10:51:01 - [TEST_STEP][PASSED] - basketID = basketId: null

24-07-2024T10:51:01 - [TEST_STEP][PASSED] - sla_customerId = customerId: null

24-07-2024T10:51:01 - [TEST_STEP][PASSED] - println(basketID): null

24-07-2024T10:51:01 - [TEST_STEP][PASSED] - println(sla_customerId): null

24-07-2024T10:51:01 - [TEST_STEP][PASSED] - refresh_token = "ocapiResponse.refresh_token": null

24-07-2024T10:51:01 - [TEST_STEP][PASSED] - customer_email = "ocapiResponse.customer_email": null

24-07-2024T10:51:01 - [TEST_STEP][PASSED] - c_brmId = "ocapiResponse.c_brmId": null

24-07-2024T10:51:01 - [TEST_STEP][PASSED] - customer_name = "ocapiResponse.customer_name": null

24-07-2024T10:51:01 - [TEST_STEP][PASSED] - totalplay.Common.verifyPropertyExist(LoginResponse, refresh_token): totalplay.Common.verifyPropertyExist is PASSED

24-07-2024T10:51:01 - [MESSAGE][INFO] - Checking response object

24-07-2024T10:51:01 - [MESSAGE][PASSED] - totalplay.Common.verifyPropertyExist is PASSED

24-07-2024T10:51:01 - [TEST_STEP][PASSED] - totalplay.Common.verifyPropertyValueExist(LoginResponse, refresh_token): totalplay.Common.verifyPropertyValueExist is PASSED

24-07-2024T10:51:01 - [MESSAGE][INFO] - Checking response object

24-07-2024T10:51:01 - [MESSAGE][INFO] - PItwQURpFgZwfpV7Ba-P3yJptsxlHvuQ4H5ENTFMtvw

24-07-2024T10:51:01 - [MESSAGE][PASSED] - totalplay.Common.verifyPropertyValueExist is PASSED

24-07-2024T10:51:01 - [TEST_STEP][PASSED] - totalplay.Common.verifyPropertyExist(LoginResponse, customer_email): totalplay.Common.verifyPropertyExist is PASSED

24-07-2024T10:51:01 - [MESSAGE][INFO] - Checking response object

24-07-2024T10:51:01 - [MESSAGE][PASSED] - totalplay.Common.verifyPropertyExist is PASSED

24-07-2024T10:51:01 - [TEST_STEP][PASSED] - totalplay.Common.verifyPropertyValueExist(LoginResponse, customer_email): totalplay.Common.verifyPropertyValueExist is PASSED

24-07-2024T10:51:01 - [MESSAGE][INFO] - Checking response object

24-07-2024T10:51:02 - [MESSAGE][INFO] - cesar.waldo93@gmail.com

24-07-2024T10:51:02 - [MESSAGE][PASSED] - totalplay.Common.verifyPropertyValueExist is PASSED

24-07-2024T10:51:02 - [TEST_STEP][PASSED] - totalplay.Common.verifyPropertyExist(LoginResponse, customer_name): totalplay.Common.verifyPropertyExist is PASSED

24-07-2024T10:51:02 - [MESSAGE][INFO] - Checking response object

24-07-2024T10:51:02 - [MESSAGE][PASSED] - totalplay.Common.verifyPropertyExist is PASSED

24-07-2024T10:51:02 - [TEST_STEP][PASSED] - totalplay.Common.verifyPropertyValueExist(LoginResponse, customer_name): totalplay.Common.verifyPropertyValueExist is PASSED

24-07-2024T10:51:02 - [MESSAGE][INFO] - Checking response object

24-07-2024T10:51:02 - [MESSAGE][INFO] - CESAR GERARDO WALDO GONZALEZ

24-07-2024T10:51:02 - [MESSAGE][PASSED] - totalplay.Common.verifyPropertyValueExist is PASSED

24-07-2024T10:51:02 - [TEST_STEP][PASSED] - totalplay.Common.verifyPropertyExist(LoginResponse, c_brmId): totalplay.Common.verifyPropertyExist is PASSED

24-07-2024T10:51:02 - [MESSAGE][INFO] - Checking response object

24-07-2024T10:51:02 - [MESSAGE][PASSED] - totalplay.Common.verifyPropertyExist is PASSED

24-07-2024T10:51:02 - [TEST_STEP][PASSED] - totalplay.Common.verifyPropertyValueExist(LoginResponse, c_brmId): totalplay.Common.verifyPropertyValueExist is PASSED

24-07-2024T10:51:02 - [MESSAGE][INFO] - Checking response object

24-07-2024T10:51:02 - [MESSAGE][INFO] - 0106378356

24-07-2024T10:51:02 - [MESSAGE][PASSED] - totalplay.Common.verifyPropertyValueExist is PASSED

24-07-2024T10:51:02 - [MESSAGE][PASSED] - Call Test Case 'Test Cases/TotalPlay-Food/TC_1_Login_Service' successfully

24-07-2024T10:51:02 - [TEST_STEP][PASSED] - PLPSearch = sendRequest(findTestObject("TotalPlay-Food/PLP Search", ["URL":URL])): Send request successfully

24-07-2024T10:51:02 - [MESSAGE][INFO] - Finding Test Object 'Object Repository/TotalPlay-Food/PLP Search'

24-07-2024T10:51:02 - [MESSAGE][INFO] - Checking request object

24-07-2024T10:51:02 - [MESSAGE][INFO] - HAR: C:\Users\ShubhamKumarThakur\OneDrive - Kognivera\Documents\TotalPlay\totalplay-automation\Reports\20240724_104928\Food_Services\20240724_104928\requests\main\14.har

24-07-2024T10:51:02 - [MESSAGE][PASSED] - Send request successfully

24-07-2024T10:51:02 - [TEST_STEP][PASSED] - verifyResponseStatusCode(PLPSearch, 200): Verify response status code successfully

24-07-2024T10:51:02 - [MESSAGE][INFO] - Checking response object

24-07-2024T10:51:02 - [MESSAGE][PASSED] - Verify response status code successfully

24-07-2024T10:51:02 - [TEST_STEP][PASSED] - categories_0_id = "categories[0].id": null

24-07-2024T10:51:02 - [TEST_STEP][PASSED] - categories_0_name = "categories[0].name": null

24-07-2024T10:51:02 - [TEST_STEP][PASSED] - categories_0_link = "categories[0].link": null

24-07-2024T10:51:02 - [TEST_STEP][PASSED] - categories_0_linkType = "categories[0].linkType": null

24-07-2024T10:51:02 - [TEST_STEP][PASSED] - categories_0_parentCategoryName = "categories[0].parentCategoryName": null

24-07-2024T10:51:02 - [TEST_STEP][PASSED] - categories_1_id = "categories[1].id": null

24-07-2024T10:51:02 - [TEST_STEP][PASSED] - categories_1_name = "categories[1].name": null

24-07-2024T10:51:02 - [TEST_STEP][PASSED] - categories_1_link = "categories[1].link": null

24-07-2024T10:51:02 - [TEST_STEP][PASSED] - categories_1_linkType = "categories[1].linkType": null

24-07-2024T10:51:02 - [TEST_STEP][PASSED] - categories_1_parentCategoryName = "categories[1].parentCategoryName": null

24-07-2024T10:51:02 - [TEST_STEP][PASSED] - products_0_online = "products[0].online": null

24-07-2024T10:51:02 - [TEST_STEP][PASSED] - products_0_link = "products[0].link": null

24-07-2024T10:51:02 - [TEST_STEP][PASSED] - products_0_linkType = "products[0].linkType": null

24-07-2024T10:51:02 - [TEST_STEP][PASSED] - products_0_productId = "products[0].productId": null

24-07-2024T10:51:02 - [TEST_STEP][PASSED] - products_0_productName = "products[0].productName": null

24-07-2024T10:51:02 - [TEST_STEP][PASSED] - products_0_productDesc = "products[0].productDesc": null

24-07-2024T10:51:02 - [TEST_STEP][PASSED] - products_0_productType = "products[0].productType": null

24-07-2024T10:51:02 - [TEST_STEP][PASSED] - products_0_basePrice_value = "products[0].basePrice.value": null

24-07-2024T10:51:02 - [TEST_STEP][PASSED] - products_0_basePrice_currency = "products[0].basePrice.currency": null

24-07-2024T10:51:02 - [TEST_STEP][PASSED] - products_0_basePrice_formatted = "products[0].basePrice.formatted": null

24-07-2024T10:51:02 - [TEST_STEP][PASSED] - products_0_basePrice_decimalPrice = "products[0].basePrice.decimalPrice": null

24-07-2024T10:51:02 - [TEST_STEP][PASSED] - products_0_salePrice_value = "products[0].salePrice.value": null

24-07-2024T10:51:02 - [TEST_STEP][PASSED] - products_0_salePrice_currency = "products[0].salePrice.currency": null

24-07-2024T10:51:02 - [TEST_STEP][PASSED] - products_0_salePrice_formatted = "products[0].salePrice.formatted": null

24-07-2024T10:51:02 - [TEST_STEP][PASSED] - products_0_salePrice_decimalPrice = "products[0].salePrice.decimalPrice": null

24-07-2024T10:51:02 - [TEST_STEP][PASSED] - products_0_image_0_alt = "products[0].image[0].alt": null

24-07-2024T10:51:02 - [TEST_STEP][PASSED] - products_0_image_0_url = "products[0].image[0].url": null

24-07-2024T10:51:02 - [TEST_STEP][PASSED] - products_0_image_0_title = "products[0].image[0].title": null

24-07-2024T10:51:02 - [TEST_STEP][PASSED] - products_0_discount_percentage = "products[0].discount_percentage": null

24-07-2024T10:51:02 - [TEST_STEP][PASSED] - products_0_isVariant = "products[0].isVariant": null

24-07-2024T10:51:02 - [TEST_STEP][PASSED] - totalplay.Common.verifyPropertyExist(PLPSearch, categories_0_id): totalplay.Common.verifyPropertyExist is PASSED

24-07-2024T10:51:02 - [MESSAGE][INFO] - Checking response object

24-07-2024T10:51:02 - [MESSAGE][PASSED] - totalplay.Common.verifyPropertyExist is PASSED

24-07-2024T10:51:02 - [TEST_STEP][PASSED] - totalplay.Common.verifyPropertyValueExist(PLPSearch, categories_0_id): totalplay.Common.verifyPropertyValueExist is PASSED

24-07-2024T10:51:02 - [MESSAGE][INFO] - Checking response object

24-07-2024T10:51:02 - [MESSAGE][INFO] - SF_burger_king_santa_fe_burger

24-07-2024T10:51:02 - [MESSAGE][PASSED] - totalplay.Common.verifyPropertyValueExist is PASSED

24-07-2024T10:51:03 - [TEST_STEP][PASSED] - totalplay.Common.verifyPropertyExist(PLPSearch, categories_0_name): totalplay.Common.verifyPropertyExist is PASSED

24-07-2024T10:51:03 - [MESSAGE][INFO] - Checking response object

24-07-2024T10:51:03 - [MESSAGE][PASSED] - totalplay.Common.verifyPropertyExist is PASSED

24-07-2024T10:51:03 - [TEST_STEP][PASSED] - totalplay.Common.verifyPropertyValueExist(PLPSearch, categories_0_name): totalplay.Common.verifyPropertyValueExist is PASSED

24-07-2024T10:51:03 - [MESSAGE][INFO] - Checking response object

24-07-2024T10:51:03 - [MESSAGE][INFO] - Burger

24-07-2024T10:51:03 - [MESSAGE][PASSED] - totalplay.Common.verifyPropertyValueExist is PASSED

24-07-2024T10:51:03 - [TEST_STEP][PASSED] - totalplay.Common.verifyPropertyExist(PLPSearch, categories_0_link): totalplay.Common.verifyPropertyExist is PASSED

24-07-2024T10:51:03 - [MESSAGE][INFO] - Checking response object

24-07-2024T10:51:03 - [MESSAGE][PASSED] - totalplay.Common.verifyPropertyExist is PASSED

24-07-2024T10:51:03 - [TEST_STEP][PASSED] - totalplay.Common.verifyPropertyValueExist(PLPSearch, categories_0_link): totalplay.Common.verifyPropertyValueExist is PASSED

24-07-2024T10:51:03 - [MESSAGE][INFO] - Checking response object

24-07-2024T10:51:03 - [MESSAGE][INFO] - /dw/shop/v24_5/product_search?pcpPage=true&refine_2=cgid=SF_burger_king_santa_fe_burger&count=30

24-07-2024T10:51:03 - [MESSAGE][PASSED] - totalplay.Common.verifyPropertyValueExist is PASSED

24-07-2024T10:51:03 - [TEST_STEP][PASSED] - totalplay.Common.verifyPropertyExist(PLPSearch, categories_0_linkType): totalplay.Common.verifyPropertyExist is PASSED

24-07-2024T10:51:03 - [MESSAGE][INFO] - Checking response object

24-07-2024T10:51:03 - [MESSAGE][PASSED] - totalplay.Common.verifyPropertyExist is PASSED

24-07-2024T10:51:03 - [TEST_STEP][PASSED] - totalplay.Common.verifyPropertyValueExist(PLPSearch, categories_0_linkType): totalplay.Common.verifyPropertyValueExist is PASSED

24-07-2024T10:51:03 - [MESSAGE][INFO] - Checking response object

24-07-2024T10:51:03 - [MESSAGE][INFO] - PCP

24-07-2024T10:51:03 - [MESSAGE][PASSED] - totalplay.Common.verifyPropertyValueExist is PASSED

24-07-2024T10:51:03 - [TEST_STEP][PASSED] - totalplay.Common.verifyPropertyExist(PLPSearch, categories_0_parentCategoryName): totalplay.Common.verifyPropertyExist is PASSED

24-07-2024T10:51:03 - [MESSAGE][INFO] - Checking response object

24-07-2024T10:51:03 - [MESSAGE][PASSED] - totalplay.Common.verifyPropertyExist is PASSED

24-07-2024T10:51:03 - [TEST_STEP][PASSED] - totalplay.Common.verifyPropertyValueExist(PLPSearch, categories_0_parentCategoryName): totalplay.Common.verifyPropertyValueExist is PASSED

24-07-2024T10:51:03 - [MESSAGE][INFO] - Checking response object

24-07-2024T10:51:03 - [MESSAGE][INFO] - Burger King Santa Fe

24-07-2024T10:51:03 - [MESSAGE][PASSED] - totalplay.Common.verifyPropertyValueExist is PASSED

24-07-2024T10:51:03 - [TEST_STEP][PASSED] - totalplay.Common.verifyPropertyExist(PLPSearch, categories_1_id): totalplay.Common.verifyPropertyExist is PASSED

24-07-2024T10:51:03 - [MESSAGE][INFO] - Checking response object

24-07-2024T10:51:03 - [MESSAGE][PASSED] - totalplay.Common.verifyPropertyExist is PASSED

24-07-2024T10:51:03 - [TEST_STEP][PASSED] - totalplay.Common.verifyPropertyValueExist(PLPSearch, categories_1_id): totalplay.Common.verifyPropertyValueExist is PASSED

24-07-2024T10:51:03 - [MESSAGE][INFO] - Checking response object

24-07-2024T10:51:03 - [MESSAGE][INFO] - SF_americanburgers_hamburguesas_burger

24-07-2024T10:51:03 - [MESSAGE][PASSED] - totalplay.Common.verifyPropertyValueExist is PASSED

24-07-2024T10:51:03 - [TEST_STEP][PASSED] - totalplay.Common.verifyPropertyExist(PLPSearch, categories_1_name): totalplay.Common.verifyPropertyExist is PASSED

24-07-2024T10:51:03 - [MESSAGE][INFO] - Checking response object

24-07-2024T10:51:03 - [MESSAGE][PASSED] - totalplay.Common.verifyPropertyExist is PASSED

24-07-2024T10:51:03 - [TEST_STEP][PASSED] - totalplay.Common.verifyPropertyValueExist(PLPSearch, categories_1_name): totalplay.Common.verifyPropertyValueExist is PASSED

24-07-2024T10:51:03 - [MESSAGE][INFO] - Checking response object

24-07-2024T10:51:03 - [MESSAGE][INFO] - Burger

24-07-2024T10:51:03 - [MESSAGE][PASSED] - totalplay.Common.verifyPropertyValueExist is PASSED

24-07-2024T10:51:03 - [TEST_STEP][PASSED] - totalplay.Common.verifyPropertyExist(PLPSearch, categories_1_link): totalplay.Common.verifyPropertyExist is PASSED

24-07-2024T10:51:03 - [MESSAGE][INFO] - Checking response object

24-07-2024T10:51:03 - [MESSAGE][PASSED] - totalplay.Common.verifyPropertyExist is PASSED

24-07-2024T10:51:03 - [TEST_STEP][PASSED] - totalplay.Common.verifyPropertyValueExist(PLPSearch, categories_1_link): totalplay.Common.verifyPropertyValueExist is PASSED

24-07-2024T10:51:03 - [MESSAGE][INFO] - Checking response object

24-07-2024T10:51:03 - [MESSAGE][INFO] - /dw/shop/v24_5/product_search?pcpPage=true&refine_2=cgid=SF_americanburgers_hamburguesas_burger&count=30

24-07-2024T10:51:03 - [MESSAGE][PASSED] - totalplay.Common.verifyPropertyValueExist is PASSED

24-07-2024T10:51:03 - [TEST_STEP][PASSED] - totalplay.Common.verifyPropertyExist(PLPSearch, categories_1_linkType): totalplay.Common.verifyPropertyExist is PASSED

24-07-2024T10:51:03 - [MESSAGE][INFO] - Checking response object

24-07-2024T10:51:03 - [MESSAGE][PASSED] - totalplay.Common.verifyPropertyExist is PASSED

24-07-2024T10:51:03 - [TEST_STEP][PASSED] - totalplay.Common.verifyPropertyValueExist(PLPSearch, categories_1_linkType): totalplay.Common.verifyPropertyValueExist is PASSED

24-07-2024T10:51:03 - [MESSAGE][INFO] - Checking response object

24-07-2024T10:51:03 - [MESSAGE][INFO] - PCP

24-07-2024T10:51:03 - [MESSAGE][PASSED] - totalplay.Common.verifyPropertyValueExist is PASSED

24-07-2024T10:51:03 - [TEST_STEP][PASSED] - totalplay.Common.verifyPropertyExist(PLPSearch, categories_1_parentCategoryName): totalplay.Common.verifyPropertyExist is PASSED

24-07-2024T10:51:03 - [MESSAGE][INFO] - Checking response object

24-07-2024T10:51:03 - [MESSAGE][PASSED] - totalplay.Common.verifyPropertyExist is PASSED

24-07-2024T10:51:03 - [TEST_STEP][PASSED] - totalplay.Common.verifyPropertyValueExist(PLPSearch, categories_1_parentCategoryName): totalplay.Common.verifyPropertyValueExist is PASSED

24-07-2024T10:51:03 - [MESSAGE][INFO] - Checking response object

24-07-2024T10:51:03 - [MESSAGE][INFO] - Hamburguesas

24-07-2024T10:51:03 - [MESSAGE][PASSED] - totalplay.Common.verifyPropertyValueExist is PASSED

24-07-2024T10:51:03 - [TEST_STEP][PASSED] - totalplay.Common.getBooleanValueofObject(PLPSearch, products_0_online): totalplay.Common.getBooleanValueofObject is PASSED

24-07-2024T10:51:03 - [MESSAGE][INFO] - Checking response object

24-07-2024T10:51:04 - [MESSAGE][PASSED] - totalplay.Common.getBooleanValueofObject is PASSED

24-07-2024T10:51:04 - [TEST_STEP][PASSED] - totalplay.Common.verifyPropertyExist(PLPSearch, products_0_link): totalplay.Common.verifyPropertyExist is PASSED

24-07-2024T10:51:04 - [MESSAGE][INFO] - Checking response object

24-07-2024T10:51:04 - [MESSAGE][PASSED] - totalplay.Common.verifyPropertyExist is PASSED

24-07-2024T10:51:04 - [TEST_STEP][PASSED] - totalplay.Common.verifyPropertyValueExist(PLPSearch, products_0_link): totalplay.Common.verifyPropertyValueExist is PASSED

24-07-2024T10:51:04 - [MESSAGE][INFO] - Checking response object

24-07-2024T10:51:04 - [MESSAGE][INFO] - /dw/shop/v23_1/content/seller-pdp?sellerID=2073&c_productid=C2143897798

24-07-2024T10:51:04 - [MESSAGE][PASSED] - totalplay.Common.verifyPropertyValueExist is PASSED

24-07-2024T10:51:04 - [TEST_STEP][PASSED] - totalplay.Common.verifyPropertyExist(PLPSearch, products_0_linkType): totalplay.Common.verifyPropertyExist is PASSED

24-07-2024T10:51:04 - [MESSAGE][INFO] - Checking response object

24-07-2024T10:51:04 - [MESSAGE][PASSED] - totalplay.Common.verifyPropertyExist is PASSED

24-07-2024T10:51:04 - [TEST_STEP][PASSED] - totalplay.Common.verifyPropertyValueExist(PLPSearch, products_0_linkType): totalplay.Common.verifyPropertyValueExist is PASSED

24-07-2024T10:51:04 - [MESSAGE][INFO] - Checking response object

24-07-2024T10:51:04 - [MESSAGE][INFO] - PDP

24-07-2024T10:51:04 - [MESSAGE][PASSED] - totalplay.Common.verifyPropertyValueExist is PASSED

24-07-2024T10:51:04 - [TEST_STEP][PASSED] - totalplay.Common.verifyPropertyExist(PLPSearch, products_0_productId): totalplay.Common.verifyPropertyExist is PASSED

24-07-2024T10:51:04 - [MESSAGE][INFO] - Checking response object

24-07-2024T10:51:04 - [MESSAGE][PASSED] - totalplay.Common.verifyPropertyExist is PASSED

24-07-2024T10:51:04 - [TEST_STEP][PASSED] - totalplay.Common.verifyPropertyValueExist(PLPSearch, products_0_productId): totalplay.Common.verifyPropertyValueExist is PASSED

24-07-2024T10:51:04 - [MESSAGE][INFO] - Checking response object

24-07-2024T10:51:04 - [MESSAGE][INFO] - C2143897798

24-07-2024T10:51:04 - [MESSAGE][PASSED] - totalplay.Common.verifyPropertyValueExist is PASSED

24-07-2024T10:51:04 - [TEST_STEP][PASSED] - totalplay.Common.verifyPropertyExist(PLPSearch, products_0_productName): totalplay.Common.verifyPropertyExist is PASSED

24-07-2024T10:51:04 - [MESSAGE][INFO] - Checking response object

24-07-2024T10:51:04 - [MESSAGE][PASSED] - totalplay.Common.verifyPropertyExist is PASSED

24-07-2024T10:51:04 - [TEST_STEP][PASSED] - totalplay.Common.verifyPropertyValueExist(PLPSearch, products_0_productName): totalplay.Common.verifyPropertyValueExist is PASSED

24-07-2024T10:51:04 - [MESSAGE][INFO] - Checking response object

24-07-2024T10:51:04 - [MESSAGE][INFO] - Hamburguesa De Pollo Crujiente Con Queso

24-07-2024T10:51:04 - [MESSAGE][PASSED] - totalplay.Common.verifyPropertyValueExist is PASSED

24-07-2024T10:51:04 - [TEST_STEP][PASSED] - totalplay.Common.verifyPropertyExist(PLPSearch, products_0_productDesc): totalplay.Common.verifyPropertyExist is PASSED

24-07-2024T10:51:04 - [MESSAGE][INFO] - Checking response object

24-07-2024T10:51:04 - [MESSAGE][PASSED] - totalplay.Common.verifyPropertyExist is PASSED

24-07-2024T10:51:04 - [TEST_STEP][PASSED] - totalplay.Common.verifyPropertyValueExist(PLPSearch, products_0_productDesc): totalplay.Common.verifyPropertyValueExist is PASSED

24-07-2024T10:51:04 - [MESSAGE][INFO] - Checking response object

24-07-2024T10:51:04 - [MESSAGE][INFO] - Filete doble de pollo crujiente, lechuga iceberg, cargado con salsa secreta Gochick, bollos de mantequilla, 380 g-400 g, pollo 100 % libre de antibióticos

24-07-2024T10:51:04 - [MESSAGE][PASSED] - totalplay.Common.verifyPropertyValueExist is PASSED

24-07-2024T10:51:04 - [TEST_STEP][PASSED] - totalplay.Common.verifyPropertyExist(PLPSearch, products_0_productType): totalplay.Common.verifyPropertyExist is PASSED

24-07-2024T10:51:04 - [MESSAGE][INFO] - Checking response object

24-07-2024T10:51:04 - [MESSAGE][PASSED] - totalplay.Common.verifyPropertyExist is PASSED

24-07-2024T10:51:04 - [TEST_STEP][PASSED] - totalplay.Common.verifyPropertyValueExist(PLPSearch, products_0_productType): totalplay.Common.verifyPropertyValueExist is PASSED

24-07-2024T10:51:04 - [MESSAGE][INFO] - Checking response object

24-07-2024T10:51:04 - [MESSAGE][INFO] - configurable

24-07-2024T10:51:04 - [MESSAGE][PASSED] - totalplay.Common.verifyPropertyValueExist is PASSED

24-07-2024T10:51:04 - [TEST_STEP][PASSED] - totalplay.Common.getNumValueofObject(PLPSearch, products_0_basePrice_value): totalplay.Common.getNumValueofObject is PASSED

24-07-2024T10:51:04 - [MESSAGE][INFO] - Checking response object

24-07-2024T10:51:04 - [MESSAGE][PASSED] - totalplay.Common.getNumValueofObject is PASSED

24-07-2024T10:51:04 - [TEST_STEP][PASSED] - totalplay.Common.verifyPropertyExist(PLPSearch, products_0_basePrice_currency): totalplay.Common.verifyPropertyExist is PASSED

24-07-2024T10:51:04 - [MESSAGE][INFO] - Checking response object

24-07-2024T10:51:04 - [MESSAGE][PASSED] - totalplay.Common.verifyPropertyExist is PASSED

24-07-2024T10:51:04 - [TEST_STEP][PASSED] - totalplay.Common.verifyPropertyValueExist(PLPSearch, products_0_basePrice_currency): totalplay.Common.verifyPropertyValueExist is PASSED

24-07-2024T10:51:04 - [MESSAGE][INFO] - Checking response object

24-07-2024T10:51:04 - [MESSAGE][INFO] - MXN

24-07-2024T10:51:04 - [MESSAGE][PASSED] - totalplay.Common.verifyPropertyValueExist is PASSED

24-07-2024T10:51:04 - [TEST_STEP][PASSED] - totalplay.Common.verifyPropertyExist(PLPSearch, products_0_basePrice_formatted): totalplay.Common.verifyPropertyExist is PASSED

24-07-2024T10:51:04 - [MESSAGE][INFO] - Checking response object

24-07-2024T10:51:04 - [MESSAGE][PASSED] - totalplay.Common.verifyPropertyExist is PASSED

24-07-2024T10:51:04 - [TEST_STEP][PASSED] - totalplay.Common.verifyPropertyValueExist(PLPSearch, products_0_basePrice_formatted): totalplay.Common.verifyPropertyValueExist is PASSED

24-07-2024T10:51:04 - [MESSAGE][INFO] - Checking response object

24-07-2024T10:51:04 - [MESSAGE][INFO] - $14.00

24-07-2024T10:51:04 - [MESSAGE][PASSED] - totalplay.Common.verifyPropertyValueExist is PASSED

24-07-2024T10:51:04 - [TEST_STEP][PASSED] - totalplay.Common.verifyPropertyExist(PLPSearch, products_0_basePrice_decimalPrice): totalplay.Common.verifyPropertyExist is PASSED

24-07-2024T10:51:04 - [MESSAGE][INFO] - Checking response object

24-07-2024T10:51:04 - [MESSAGE][PASSED] - totalplay.Common.verifyPropertyExist is PASSED

24-07-2024T10:51:04 - [TEST_STEP][PASSED] - totalplay.Common.verifyPropertyValueExist(PLPSearch, products_0_basePrice_decimalPrice): totalplay.Common.verifyPropertyValueExist is PASSED

24-07-2024T10:51:04 - [MESSAGE][INFO] - Checking response object

24-07-2024T10:51:04 - [MESSAGE][INFO] - 14.00

24-07-2024T10:51:04 - [MESSAGE][PASSED] - totalplay.Common.verifyPropertyValueExist is PASSED

24-07-2024T10:51:04 - [TEST_STEP][PASSED] - totalplay.Common.getNumValueofObject(PLPSearch, products_0_salePrice_value): totalplay.Common.getNumValueofObject is PASSED

24-07-2024T10:51:05 - [MESSAGE][INFO] - Checking response object

24-07-2024T10:51:05 - [MESSAGE][PASSED] - totalplay.Common.getNumValueofObject is PASSED

24-07-2024T10:51:05 - [TEST_STEP][PASSED] - totalplay.Common.verifyPropertyValueEmptyString(PLPSearch, products_0_salePrice_currency): totalplay.Common.verifyPropertyValueEmptyString is PASSED

24-07-2024T10:51:05 - [MESSAGE][INFO] - Checking response object

24-07-2024T10:51:05 - [MESSAGE][INFO] - 

24-07-2024T10:51:05 - [MESSAGE][PASSED] - totalplay.Common.verifyPropertyValueEmptyString is PASSED

24-07-2024T10:51:05 - [TEST_STEP][PASSED] - totalplay.Common.verifyPropertyValueEmptyString(PLPSearch, products_0_salePrice_formatted): totalplay.Common.verifyPropertyValueEmptyString is PASSED

24-07-2024T10:51:05 - [MESSAGE][INFO] - Checking response object

24-07-2024T10:51:05 - [MESSAGE][INFO] - 

24-07-2024T10:51:05 - [MESSAGE][PASSED] - totalplay.Common.verifyPropertyValueEmptyString is PASSED

24-07-2024T10:51:05 - [TEST_STEP][PASSED] - totalplay.Common.verifyPropertyValueEmptyString(PLPSearch, products_0_salePrice_decimalPrice): totalplay.Common.verifyPropertyValueEmptyString is PASSED

24-07-2024T10:51:05 - [MESSAGE][INFO] - Checking response object

24-07-2024T10:51:05 - [MESSAGE][INFO] - 

24-07-2024T10:51:05 - [MESSAGE][PASSED] - totalplay.Common.verifyPropertyValueEmptyString is PASSED

24-07-2024T10:51:05 - [TEST_STEP][PASSED] - totalplay.Common.verifyPropertyExist(PLPSearch, products_0_image_0_alt): totalplay.Common.verifyPropertyExist is PASSED

24-07-2024T10:51:05 - [MESSAGE][INFO] - Checking response object

24-07-2024T10:51:05 - [MESSAGE][PASSED] - totalplay.Common.verifyPropertyExist is PASSED

24-07-2024T10:51:05 - [TEST_STEP][PASSED] - totalplay.Common.verifyPropertyValueExist(PLPSearch, products_0_image_0_alt): totalplay.Common.verifyPropertyValueExist is PASSED

24-07-2024T10:51:05 - [MESSAGE][INFO] - Checking response object

24-07-2024T10:51:05 - [MESSAGE][INFO] - Hamburguesa De Pollo Crujiente Con Queso

24-07-2024T10:51:05 - [MESSAGE][PASSED] - totalplay.Common.verifyPropertyValueExist is PASSED

24-07-2024T10:51:05 - [TEST_STEP][PASSED] - totalplay.Common.verifyPropertyExist(PLPSearch, products_0_image_0_url): totalplay.Common.verifyPropertyExist is PASSED

24-07-2024T10:51:05 - [MESSAGE][INFO] - Checking response object

24-07-2024T10:51:05 - [MESSAGE][PASSED] - totalplay.Common.verifyPropertyExist is PASSED

24-07-2024T10:51:05 - [TEST_STEP][PASSED] - totalplay.Common.verifyPropertyValueExist(PLPSearch, products_0_image_0_url): totalplay.Common.verifyPropertyValueExist is PASSED

24-07-2024T10:51:05 - [MESSAGE][INFO] - Checking response object

24-07-2024T10:51:05 - [MESSAGE][INFO] - https://salesforceqa.sistemastp.com.mx/on/demandware.static/-/Sites-Standard/default/dw2789b9b4/images/large/7d295c89e1fa4e88886229da3476834e.jpg

24-07-2024T10:51:05 - [MESSAGE][PASSED] - totalplay.Common.verifyPropertyValueExist is PASSED

24-07-2024T10:51:05 - [TEST_STEP][PASSED] - totalplay.Common.verifyPropertyExist(PLPSearch, products_0_image_0_title): totalplay.Common.verifyPropertyExist is PASSED

24-07-2024T10:51:05 - [MESSAGE][INFO] - Checking response object

24-07-2024T10:51:05 - [MESSAGE][PASSED] - totalplay.Common.verifyPropertyExist is PASSED

24-07-2024T10:51:05 - [TEST_STEP][PASSED] - totalplay.Common.verifyPropertyValueExist(PLPSearch, products_0_image_0_title): totalplay.Common.verifyPropertyValueExist is PASSED

24-07-2024T10:51:05 - [MESSAGE][INFO] - Checking response object

24-07-2024T10:51:05 - [MESSAGE][INFO] - Hamburguesa De Pollo Crujiente Con Queso

24-07-2024T10:51:05 - [MESSAGE][PASSED] - totalplay.Common.verifyPropertyValueExist is PASSED

24-07-2024T10:51:05 - [TEST_STEP][PASSED] - totalplay.Common.getNumValueofObject(PLPSearch, products_0_discount_percentage): totalplay.Common.getNumValueofObject is PASSED

24-07-2024T10:51:05 - [MESSAGE][INFO] - Checking response object

24-07-2024T10:51:05 - [MESSAGE][PASSED] - totalplay.Common.getNumValueofObject is PASSED

24-07-2024T10:51:05 - [TEST_STEP][PASSED] - totalplay.Common.getBooleanValueofObject(PLPSearch, products_0_isVariant): totalplay.Common.getBooleanValueofObject is PASSED

24-07-2024T10:51:05 - [MESSAGE][INFO] - Checking response object

24-07-2024T10:51:05 - [MESSAGE][PASSED] - totalplay.Common.getBooleanValueofObject is PASSED]]></system-out>
         <system-err><![CDATA[]]></system-err>
      </testcase>
      <testcase name="Test Cases/TotalPlay-Food/TC_10_Update_Customer_Address" time="5.16" classname="Test Cases/TotalPlay-Food/TC_10_Update_Customer_Address" status="PASSED">
         <system-out><![CDATA[24-07-2024T10:51:05 - [TEST_CASE][PASSED] - Test Cases/TotalPlay-Food/TC_10_Update_Customer_Address: Test Cases/TotalPlay-Food/TC_10_Update_Customer_Address

24-07-2024T10:51:05 - [TEST_STEP][PASSED] - callTestCase(findTestCase("TotalPlay-Food/TC_1_Login_Service"), [:], STOP_ON_FAILURE): Call Test Case 'Test Cases/TotalPlay-Food/TC_1_Login_Service' successfully

24-07-2024T10:51:05 - [MESSAGE][INFO] - Checking called Test Case

24-07-2024T10:51:05 - [MESSAGE][INFO] - Starting to call Test Case 'Test Cases/TotalPlay-Food/TC_1_Login_Service'

24-07-2024T10:51:06 - [TEST_CASE][PASSED] - Test Cases/TotalPlay-Food/TC_1_Login_Service: Test Cases/TotalPlay-Food/TC_1_Login_Service

24-07-2024T10:51:06 - [TEST_STEP][PASSED] - LoginResponse = sendRequest(findTestObject("TotalPlay-Food/getTokenDelivery", ["URL":URL])): Send request successfully

24-07-2024T10:51:06 - [MESSAGE][INFO] - Finding Test Object 'Object Repository/TotalPlay-Food/getTokenDelivery'

24-07-2024T10:51:06 - [MESSAGE][INFO] - Checking request object

24-07-2024T10:51:09 - [MESSAGE][INFO] - HAR: C:\Users\ShubhamKumarThakur\OneDrive - Kognivera\Documents\TotalPlay\totalplay-automation\Reports\20240724_104928\Food_Services\20240724_104928\requests\main\15.har

24-07-2024T10:51:09 - [MESSAGE][PASSED] - Send request successfully

24-07-2024T10:51:09 - [TEST_STEP][PASSED] - assert getResponseStatusCode(LoginResponse) == 200: Checking response object

24-07-2024T10:51:09 - [MESSAGE][INFO] - Checking response object

24-07-2024T10:51:09 - [TEST_STEP][PASSED] - Auth = "ocapiResponse.access_token": null

24-07-2024T10:51:09 - [TEST_STEP][PASSED] - FoodBascketId = "ocapiResponse.c_basketId_TP_FOOD": null

24-07-2024T10:51:09 - [TEST_STEP][PASSED] - FoodBasId = getElementPropertyValue(LoginResponse, FoodBascketId): Checking response object

24-07-2024T10:51:09 - [MESSAGE][INFO] - Checking response object

24-07-2024T10:51:09 - [TEST_STEP][PASSED] - sfccAuthorization = getElementPropertyValue(LoginResponse, Auth): Checking response object

24-07-2024T10:51:09 - [MESSAGE][INFO] - Checking response object

24-07-2024T10:51:09 - [TEST_STEP][PASSED] - Authorization = "Bearer " + sfccAuthorization: null

24-07-2024T10:51:09 - [TEST_STEP][PASSED] - FoodBasketId = FoodBasId: null

24-07-2024T10:51:09 - [TEST_STEP][PASSED] - logInfo(bm_auth_token): 

24-07-2024T10:51:09 - [MESSAGE][INFO] - 

24-07-2024T10:51:09 - [TEST_STEP][PASSED] - if (sfccAuthorization.length() == 0): null

24-07-2024T10:51:09 - [TEST_STEP][PASSED] - else: authorization generated

24-07-2024T10:51:09 - [TEST_STEP][PASSED] - markPassed("authorization generated"): authorization generated

24-07-2024T10:51:09 - [MESSAGE][PASSED] - authorization generated

24-07-2024T10:51:09 - [TEST_STEP][PASSED] - BasketId_loginResponse = "ocapiResponse.c_basketId": null

24-07-2024T10:51:09 - [TEST_STEP][PASSED] - CustomerId_loginResponse = "ocapiResponse.customer_id": null

24-07-2024T10:51:09 - [TEST_STEP][PASSED] - basketId = getElementPropertyValue(LoginResponse, BasketId_loginResponse): Checking response object

24-07-2024T10:51:09 - [MESSAGE][INFO] - Checking response object

24-07-2024T10:51:09 - [TEST_STEP][PASSED] - customerId = getElementPropertyValue(LoginResponse, CustomerId_loginResponse): Checking response object

24-07-2024T10:51:09 - [MESSAGE][INFO] - Checking response object

24-07-2024T10:51:09 - [TEST_STEP][PASSED] - basketID = basketId: null

24-07-2024T10:51:09 - [TEST_STEP][PASSED] - sla_customerId = customerId: null

24-07-2024T10:51:09 - [TEST_STEP][PASSED] - println(basketID): null

24-07-2024T10:51:09 - [TEST_STEP][PASSED] - println(sla_customerId): null

24-07-2024T10:51:09 - [TEST_STEP][PASSED] - refresh_token = "ocapiResponse.refresh_token": null

24-07-2024T10:51:09 - [TEST_STEP][PASSED] - customer_email = "ocapiResponse.customer_email": null

24-07-2024T10:51:09 - [TEST_STEP][PASSED] - c_brmId = "ocapiResponse.c_brmId": null

24-07-2024T10:51:09 - [TEST_STEP][PASSED] - customer_name = "ocapiResponse.customer_name": null

24-07-2024T10:51:09 - [TEST_STEP][PASSED] - totalplay.Common.verifyPropertyExist(LoginResponse, refresh_token): totalplay.Common.verifyPropertyExist is PASSED

24-07-2024T10:51:09 - [MESSAGE][INFO] - Checking response object

24-07-2024T10:51:09 - [MESSAGE][PASSED] - totalplay.Common.verifyPropertyExist is PASSED

24-07-2024T10:51:09 - [TEST_STEP][PASSED] - totalplay.Common.verifyPropertyValueExist(LoginResponse, refresh_token): totalplay.Common.verifyPropertyValueExist is PASSED

24-07-2024T10:51:09 - [MESSAGE][INFO] - Checking response object

24-07-2024T10:51:09 - [MESSAGE][INFO] - M3u0fwNgj09xybIpeCaR-lo1x76swH5nGFWIgZy5m-w

24-07-2024T10:51:09 - [MESSAGE][PASSED] - totalplay.Common.verifyPropertyValueExist is PASSED

24-07-2024T10:51:09 - [TEST_STEP][PASSED] - totalplay.Common.verifyPropertyExist(LoginResponse, customer_email): totalplay.Common.verifyPropertyExist is PASSED

24-07-2024T10:51:09 - [MESSAGE][INFO] - Checking response object

24-07-2024T10:51:09 - [MESSAGE][PASSED] - totalplay.Common.verifyPropertyExist is PASSED

24-07-2024T10:51:09 - [TEST_STEP][PASSED] - totalplay.Common.verifyPropertyValueExist(LoginResponse, customer_email): totalplay.Common.verifyPropertyValueExist is PASSED

24-07-2024T10:51:09 - [MESSAGE][INFO] - Checking response object

24-07-2024T10:51:09 - [MESSAGE][INFO] - cesar.waldo93@gmail.com

24-07-2024T10:51:09 - [MESSAGE][PASSED] - totalplay.Common.verifyPropertyValueExist is PASSED

24-07-2024T10:51:09 - [TEST_STEP][PASSED] - totalplay.Common.verifyPropertyExist(LoginResponse, customer_name): totalplay.Common.verifyPropertyExist is PASSED

24-07-2024T10:51:09 - [MESSAGE][INFO] - Checking response object

24-07-2024T10:51:09 - [MESSAGE][PASSED] - totalplay.Common.verifyPropertyExist is PASSED

24-07-2024T10:51:09 - [TEST_STEP][PASSED] - totalplay.Common.verifyPropertyValueExist(LoginResponse, customer_name): totalplay.Common.verifyPropertyValueExist is PASSED

24-07-2024T10:51:09 - [MESSAGE][INFO] - Checking response object

24-07-2024T10:51:09 - [MESSAGE][INFO] - CESAR GERARDO WALDO GONZALEZ

24-07-2024T10:51:09 - [MESSAGE][PASSED] - totalplay.Common.verifyPropertyValueExist is PASSED

24-07-2024T10:51:09 - [TEST_STEP][PASSED] - totalplay.Common.verifyPropertyExist(LoginResponse, c_brmId): totalplay.Common.verifyPropertyExist is PASSED

24-07-2024T10:51:09 - [MESSAGE][INFO] - Checking response object

24-07-2024T10:51:09 - [MESSAGE][PASSED] - totalplay.Common.verifyPropertyExist is PASSED

24-07-2024T10:51:09 - [TEST_STEP][PASSED] - totalplay.Common.verifyPropertyValueExist(LoginResponse, c_brmId): totalplay.Common.verifyPropertyValueExist is PASSED

24-07-2024T10:51:09 - [MESSAGE][INFO] - Checking response object

24-07-2024T10:51:09 - [MESSAGE][INFO] - 0106378356

24-07-2024T10:51:09 - [MESSAGE][PASSED] - totalplay.Common.verifyPropertyValueExist is PASSED

24-07-2024T10:51:09 - [MESSAGE][PASSED] - Call Test Case 'Test Cases/TotalPlay-Food/TC_1_Login_Service' successfully

24-07-2024T10:51:09 - [TEST_STEP][PASSED] - UpdateAddress = sendRequest(findTestObject("TotalPlay-Food/update customer address", ["URL":URL, "CustomerID":sla_customerId])): Send request successfully

24-07-2024T10:51:09 - [MESSAGE][INFO] - Finding Test Object 'Object Repository/TotalPlay-Food/update customer address'

24-07-2024T10:51:09 - [MESSAGE][INFO] - Checking request object

24-07-2024T10:51:10 - [MESSAGE][INFO] - HAR: C:\Users\ShubhamKumarThakur\OneDrive - Kognivera\Documents\TotalPlay\totalplay-automation\Reports\20240724_104928\Food_Services\20240724_104928\requests\main\16.har

24-07-2024T10:51:10 - [MESSAGE][PASSED] - Send request successfully

24-07-2024T10:51:10 - [TEST_STEP][PASSED] - verifyResponseStatusCode(UpdateAddress, 200): Verify response status code successfully

24-07-2024T10:51:10 - [MESSAGE][INFO] - Checking response object

24-07-2024T10:51:10 - [MESSAGE][PASSED] - Verify response status code successfully

24-07-2024T10:51:10 - [TEST_STEP][PASSED] - GetAddress = sendRequest(findTestObject("TotalPlay-Food/GetAddresses", ["URL":URL, "sla_customerId":sla_customerId, "shop_auth_token":shop_auth_token])): Send request successfully

24-07-2024T10:51:10 - [MESSAGE][INFO] - Finding Test Object 'Object Repository/TotalPlay-Food/GetAddresses'

24-07-2024T10:51:10 - [MESSAGE][INFO] - Checking request object

24-07-2024T10:51:10 - [MESSAGE][INFO] - HAR: C:\Users\ShubhamKumarThakur\OneDrive - Kognivera\Documents\TotalPlay\totalplay-automation\Reports\20240724_104928\Food_Services\20240724_104928\requests\main\17.har

24-07-2024T10:51:10 - [MESSAGE][PASSED] - Send request successfully

24-07-2024T10:51:10 - [TEST_STEP][PASSED] - verifyResponseStatusCode(GetAddress, 200): Verify response status code successfully

24-07-2024T10:51:10 - [MESSAGE][INFO] - Checking response object

24-07-2024T10:51:10 - [MESSAGE][PASSED] - Verify response status code successfully

24-07-2024T10:51:10 - [TEST_STEP][PASSED] - addresses_postalCode = "data[0].postal_code": null

24-07-2024T10:51:10 - [TEST_STEP][PASSED] - PostalCode = getElementPropertyValue(GetAddress, addresses_postalCode): Checking response object

24-07-2024T10:51:10 - [MESSAGE][INFO] - Checking response object

24-07-2024T10:51:10 - [TEST_STEP][PASSED] - if (PostalCode == "55120"): null

24-07-2024T10:51:10 - [TEST_STEP][PASSED] - println("Address Updated"): null]]></system-out>
         <system-err><![CDATA[]]></system-err>
      </testcase>
      <system-out><![CDATA[24-07-2024T10:49:41 - [TEST_SUITE][PASSED] - Food_Services: Test Cases/TotalPlay-Food/TC_10_Update_Customer_Address]]></system-out>
      <system-err><![CDATA[]]></system-err>
   </testsuite>
</testsuites>
