<?xml version="1.0" encoding="UTF-8"?>
<testsuites name="Food_Service_Normal_Flow_PlaceOrder" time="163.086" tests="11" failures="0" errors="0">
   <testsuite name="Food_Service_Normal_Flow_PlaceOrder" tests="11" failures="0" errors="0" time="163.086" skipped="0" timestamp="04-09-2024T08:29:20" hostname="ShubhamKumarThakur - 192.168.1.7" id="Test Suites/Food_Service_Normal_Flow_PlaceOrder">
      <properties>
         <property name="deviceName" value=""/>
         <property name="devicePlatform"/>
         <property name="logFolder" value="C:\\Users\\ShubhamKumarThakur\\OneDrive - Kognivera\\Documents\\TotalPlay\\totalplay-automation\\Reports\\20240904_082912\\Food_Service_Normal_Flow_PlaceOrder\\20240904_082912"/>
         <property name="logFiles" value="C:\\Users\\ShubhamKumarThakur\\OneDrive - Kognivera\\Documents\\TotalPlay\\totalplay-automation\\Reports\\20240904_082912\\Food_Service_Normal_Flow_PlaceOrder\\20240904_082912\\execution0.log"/>
         <property name="attachments" value=""/>
         <property name="hostName" value="ShubhamKumarThakur - 192.168.1.7"/>
         <property name="hostAddress" value="192.168.1.7"/>
         <property name="os" value="Windows 10 64bit"/>
         <property name="katalonVersion" value="9.6.0.217"/>
      </properties>
      <testcase name="Test Cases/TotalPlay-Food/TC_1_Login_Service" time="8.573" classname="Test Cases/TotalPlay-Food/TC_1_Login_Service" status="PASSED">
         <system-out><![CDATA[04-09-2024T08:29:20 - [TEST_CASE][PASSED] - Test Cases/TotalPlay-Food/TC_1_Login_Service: Test Cases/TotalPlay-Food/TC_1_Login_Service

04-09-2024T08:29:21 - [TEST_STEP][PASSED] - LoginResponse = sendRequest(findTestObject("TotalPlay-Food/getTokenDelivery", ["URL":URL])): Send request successfully

04-09-2024T08:29:21 - [MESSAGE][INFO] - Finding Test Object 'Object Repository/TotalPlay-Food/getTokenDelivery'

04-09-2024T08:29:22 - [MESSAGE][INFO] - Checking request object

04-09-2024T08:29:28 - [MESSAGE][INFO] - HAR: C:\Users\ShubhamKumarThakur\OneDrive - Kognivera\Documents\TotalPlay\totalplay-automation\Reports\20240904_082912\Food_Service_Normal_Flow_PlaceOrder\20240904_082912\requests\main\0.har

04-09-2024T08:29:28 - [MESSAGE][PASSED] - Send request successfully

04-09-2024T08:29:28 - [TEST_STEP][PASSED] - assert getResponseStatusCode(LoginResponse) == 200: Checking response object

04-09-2024T08:29:28 - [MESSAGE][INFO] - Checking response object

04-09-2024T08:29:28 - [TEST_STEP][PASSED] - Auth = "ocapiResponse.access_token": null

04-09-2024T08:29:28 - [TEST_STEP][PASSED] - FoodBascketId = "ocapiResponse.c_basketId_TP_FOOD": null

04-09-2024T08:29:28 - [TEST_STEP][PASSED] - FoodBasId = getElementPropertyValue(LoginResponse, FoodBascketId): Checking response object

04-09-2024T08:29:28 - [MESSAGE][INFO] - Checking response object

04-09-2024T08:29:28 - [TEST_STEP][PASSED] - sfccAuthorization = getElementPropertyValue(LoginResponse, Auth): Checking response object

04-09-2024T08:29:28 - [MESSAGE][INFO] - Checking response object

04-09-2024T08:29:28 - [TEST_STEP][PASSED] - Authorization = "Bearer " + sfccAuthorization: null

04-09-2024T08:29:28 - [TEST_STEP][PASSED] - FoodBasketId = FoodBasId: null

04-09-2024T08:29:28 - [TEST_STEP][PASSED] - logInfo(bm_auth_token): 

04-09-2024T08:29:28 - [MESSAGE][INFO] - 

04-09-2024T08:29:28 - [TEST_STEP][PASSED] - if (sfccAuthorization.length() == 0): null

04-09-2024T08:29:28 - [TEST_STEP][PASSED] - else: authorization generated

04-09-2024T08:29:28 - [TEST_STEP][PASSED] - markPassed("authorization generated"): authorization generated

04-09-2024T08:29:28 - [MESSAGE][PASSED] - authorization generated

04-09-2024T08:29:28 - [TEST_STEP][PASSED] - BasketId_loginResponse = "ocapiResponse.c_basketId": null

04-09-2024T08:29:28 - [TEST_STEP][PASSED] - CustomerId_loginResponse = "ocapiResponse.customer_id": null

04-09-2024T08:29:28 - [TEST_STEP][PASSED] - basketId = getElementPropertyValue(LoginResponse, BasketId_loginResponse): Checking response object

04-09-2024T08:29:28 - [MESSAGE][INFO] - Checking response object

04-09-2024T08:29:28 - [TEST_STEP][PASSED] - customerId = getElementPropertyValue(LoginResponse, CustomerId_loginResponse): Checking response object

04-09-2024T08:29:28 - [MESSAGE][INFO] - Checking response object

04-09-2024T08:29:28 - [TEST_STEP][PASSED] - basketID = basketId: null

04-09-2024T08:29:28 - [TEST_STEP][PASSED] - sla_customerId = customerId: null

04-09-2024T08:29:28 - [TEST_STEP][PASSED] - println(basketID): null

04-09-2024T08:29:28 - [TEST_STEP][PASSED] - println(sla_customerId): null

04-09-2024T08:29:28 - [TEST_STEP][PASSED] - refresh_token = "ocapiResponse.refresh_token": null

04-09-2024T08:29:28 - [TEST_STEP][PASSED] - customer_email = "ocapiResponse.customer_email": null

04-09-2024T08:29:28 - [TEST_STEP][PASSED] - c_brmId = "ocapiResponse.c_brmId": null

04-09-2024T08:29:28 - [TEST_STEP][PASSED] - customer_name = "ocapiResponse.customer_name": null

04-09-2024T08:29:28 - [TEST_STEP][PASSED] - totalplay.Common.verifyPropertyExist(LoginResponse, refresh_token): totalplay.Common.verifyPropertyExist is PASSED

04-09-2024T08:29:28 - [MESSAGE][INFO] - Checking response object

04-09-2024T08:29:29 - [MESSAGE][PASSED] - totalplay.Common.verifyPropertyExist is PASSED

04-09-2024T08:29:29 - [TEST_STEP][PASSED] - totalplay.Common.verifyPropertyValueExist(LoginResponse, refresh_token): totalplay.Common.verifyPropertyValueExist is PASSED

04-09-2024T08:29:29 - [MESSAGE][INFO] - Checking response object

04-09-2024T08:29:29 - [MESSAGE][INFO] - WcBC5AXkh04nmFQ21u6zknh8OuJMcmb6sOm3A2ZF3gY

04-09-2024T08:29:29 - [MESSAGE][PASSED] - totalplay.Common.verifyPropertyValueExist is PASSED

04-09-2024T08:29:29 - [TEST_STEP][PASSED] - totalplay.Common.verifyPropertyExist(LoginResponse, customer_email): totalplay.Common.verifyPropertyExist is PASSED

04-09-2024T08:29:29 - [MESSAGE][INFO] - Checking response object

04-09-2024T08:29:29 - [MESSAGE][PASSED] - totalplay.Common.verifyPropertyExist is PASSED

04-09-2024T08:29:29 - [TEST_STEP][PASSED] - totalplay.Common.verifyPropertyValueExist(LoginResponse, customer_email): totalplay.Common.verifyPropertyValueExist is PASSED

04-09-2024T08:29:29 - [MESSAGE][INFO] - Checking response object

04-09-2024T08:29:29 - [MESSAGE][INFO] - cesar.waldo93@gmail.com

04-09-2024T08:29:29 - [MESSAGE][PASSED] - totalplay.Common.verifyPropertyValueExist is PASSED

04-09-2024T08:29:29 - [TEST_STEP][PASSED] - totalplay.Common.verifyPropertyExist(LoginResponse, customer_name): totalplay.Common.verifyPropertyExist is PASSED

04-09-2024T08:29:29 - [MESSAGE][INFO] - Checking response object

04-09-2024T08:29:29 - [MESSAGE][PASSED] - totalplay.Common.verifyPropertyExist is PASSED

04-09-2024T08:29:29 - [TEST_STEP][PASSED] - totalplay.Common.verifyPropertyValueExist(LoginResponse, customer_name): totalplay.Common.verifyPropertyValueExist is PASSED

04-09-2024T08:29:29 - [MESSAGE][INFO] - Checking response object

04-09-2024T08:29:29 - [MESSAGE][INFO] - CESAR GERARDO WALDO GONZALEZ

04-09-2024T08:29:29 - [MESSAGE][PASSED] - totalplay.Common.verifyPropertyValueExist is PASSED

04-09-2024T08:29:29 - [TEST_STEP][PASSED] - totalplay.Common.verifyPropertyExist(LoginResponse, c_brmId): totalplay.Common.verifyPropertyExist is PASSED

04-09-2024T08:29:29 - [MESSAGE][INFO] - Checking response object

04-09-2024T08:29:29 - [MESSAGE][PASSED] - totalplay.Common.verifyPropertyExist is PASSED

04-09-2024T08:29:29 - [TEST_STEP][PASSED] - totalplay.Common.verifyPropertyValueExist(LoginResponse, c_brmId): totalplay.Common.verifyPropertyValueExist is PASSED

04-09-2024T08:29:29 - [MESSAGE][INFO] - Checking response object

04-09-2024T08:29:29 - [MESSAGE][INFO] - 0106378356

04-09-2024T08:29:29 - [MESSAGE][PASSED] - totalplay.Common.verifyPropertyValueExist is PASSED]]></system-out>
         <system-err><![CDATA[]]></system-err>
      </testcase>
      <testcase name="Test Cases/TotalPlay-Food/TC_2_Food_Store_Listing_Page_(SLP)" time="15.612" classname="Test Cases/TotalPlay-Food/TC_2_Food_Store_Listing_Page_(SLP)" status="PASSED">
         <system-out><![CDATA[04-09-2024T08:29:29 - [TEST_CASE][PASSED] - Test Cases/TotalPlay-Food/TC_2_Food_Store_Listing_Page_(SLP): Test Cases/TotalPlay-Food/TC_2_Food_Store_Listing_Page_(SLP)

04-09-2024T08:29:30 - [TEST_STEP][PASSED] - callTestCase(findTestCase("TotalPlay-Food/TC_1_Login_Service"), [:], STOP_ON_FAILURE): Call Test Case 'Test Cases/TotalPlay-Food/TC_1_Login_Service' successfully

04-09-2024T08:29:30 - [MESSAGE][INFO] - Checking called Test Case

04-09-2024T08:29:30 - [MESSAGE][INFO] - Starting to call Test Case 'Test Cases/TotalPlay-Food/TC_1_Login_Service'

04-09-2024T08:29:30 - [TEST_CASE][PASSED] - Test Cases/TotalPlay-Food/TC_1_Login_Service: Test Cases/TotalPlay-Food/TC_1_Login_Service

04-09-2024T08:29:30 - [TEST_STEP][PASSED] - LoginResponse = sendRequest(findTestObject("TotalPlay-Food/getTokenDelivery", ["URL":URL])): Send request successfully

04-09-2024T08:29:30 - [MESSAGE][INFO] - Finding Test Object 'Object Repository/TotalPlay-Food/getTokenDelivery'

04-09-2024T08:29:30 - [MESSAGE][INFO] - Checking request object

04-09-2024T08:29:33 - [MESSAGE][INFO] - HAR: C:\Users\ShubhamKumarThakur\OneDrive - Kognivera\Documents\TotalPlay\totalplay-automation\Reports\20240904_082912\Food_Service_Normal_Flow_PlaceOrder\20240904_082912\requests\main\1.har

04-09-2024T08:29:33 - [MESSAGE][PASSED] - Send request successfully

04-09-2024T08:29:33 - [TEST_STEP][PASSED] - assert getResponseStatusCode(LoginResponse) == 200: Checking response object

04-09-2024T08:29:33 - [MESSAGE][INFO] - Checking response object

04-09-2024T08:29:33 - [TEST_STEP][PASSED] - Auth = "ocapiResponse.access_token": null

04-09-2024T08:29:33 - [TEST_STEP][PASSED] - FoodBascketId = "ocapiResponse.c_basketId_TP_FOOD": null

04-09-2024T08:29:33 - [TEST_STEP][PASSED] - FoodBasId = getElementPropertyValue(LoginResponse, FoodBascketId): Checking response object

04-09-2024T08:29:33 - [MESSAGE][INFO] - Checking response object

04-09-2024T08:29:33 - [TEST_STEP][PASSED] - sfccAuthorization = getElementPropertyValue(LoginResponse, Auth): Checking response object

04-09-2024T08:29:33 - [MESSAGE][INFO] - Checking response object

04-09-2024T08:29:33 - [TEST_STEP][PASSED] - Authorization = "Bearer " + sfccAuthorization: null

04-09-2024T08:29:33 - [TEST_STEP][PASSED] - FoodBasketId = FoodBasId: null

04-09-2024T08:29:33 - [TEST_STEP][PASSED] - logInfo(bm_auth_token): 

04-09-2024T08:29:33 - [MESSAGE][INFO] - 

04-09-2024T08:29:33 - [TEST_STEP][PASSED] - if (sfccAuthorization.length() == 0): null

04-09-2024T08:29:33 - [TEST_STEP][PASSED] - else: authorization generated

04-09-2024T08:29:33 - [TEST_STEP][PASSED] - markPassed("authorization generated"): authorization generated

04-09-2024T08:29:33 - [MESSAGE][PASSED] - authorization generated

04-09-2024T08:29:33 - [TEST_STEP][PASSED] - BasketId_loginResponse = "ocapiResponse.c_basketId": null

04-09-2024T08:29:33 - [TEST_STEP][PASSED] - CustomerId_loginResponse = "ocapiResponse.customer_id": null

04-09-2024T08:29:33 - [TEST_STEP][PASSED] - basketId = getElementPropertyValue(LoginResponse, BasketId_loginResponse): Checking response object

04-09-2024T08:29:33 - [MESSAGE][INFO] - Checking response object

04-09-2024T08:29:33 - [TEST_STEP][PASSED] - customerId = getElementPropertyValue(LoginResponse, CustomerId_loginResponse): Checking response object

04-09-2024T08:29:33 - [MESSAGE][INFO] - Checking response object

04-09-2024T08:29:33 - [TEST_STEP][PASSED] - basketID = basketId: null

04-09-2024T08:29:33 - [TEST_STEP][PASSED] - sla_customerId = customerId: null

04-09-2024T08:29:33 - [TEST_STEP][PASSED] - println(basketID): null

04-09-2024T08:29:33 - [TEST_STEP][PASSED] - println(sla_customerId): null

04-09-2024T08:29:33 - [TEST_STEP][PASSED] - refresh_token = "ocapiResponse.refresh_token": null

04-09-2024T08:29:33 - [TEST_STEP][PASSED] - customer_email = "ocapiResponse.customer_email": null

04-09-2024T08:29:33 - [TEST_STEP][PASSED] - c_brmId = "ocapiResponse.c_brmId": null

04-09-2024T08:29:33 - [TEST_STEP][PASSED] - customer_name = "ocapiResponse.customer_name": null

04-09-2024T08:29:33 - [TEST_STEP][PASSED] - totalplay.Common.verifyPropertyExist(LoginResponse, refresh_token): totalplay.Common.verifyPropertyExist is PASSED

04-09-2024T08:29:33 - [MESSAGE][INFO] - Checking response object

04-09-2024T08:29:33 - [MESSAGE][PASSED] - totalplay.Common.verifyPropertyExist is PASSED

04-09-2024T08:29:33 - [TEST_STEP][PASSED] - totalplay.Common.verifyPropertyValueExist(LoginResponse, refresh_token): totalplay.Common.verifyPropertyValueExist is PASSED

04-09-2024T08:29:33 - [MESSAGE][INFO] - Checking response object

04-09-2024T08:29:33 - [MESSAGE][INFO] - 7Y1dfaB-PqIubZXE9P1L2_5GhjTGuRjdLMkK_yUf_GQ

04-09-2024T08:29:33 - [MESSAGE][PASSED] - totalplay.Common.verifyPropertyValueExist is PASSED

04-09-2024T08:29:33 - [TEST_STEP][PASSED] - totalplay.Common.verifyPropertyExist(LoginResponse, customer_email): totalplay.Common.verifyPropertyExist is PASSED

04-09-2024T08:29:33 - [MESSAGE][INFO] - Checking response object

04-09-2024T08:29:33 - [MESSAGE][PASSED] - totalplay.Common.verifyPropertyExist is PASSED

04-09-2024T08:29:33 - [TEST_STEP][PASSED] - totalplay.Common.verifyPropertyValueExist(LoginResponse, customer_email): totalplay.Common.verifyPropertyValueExist is PASSED

04-09-2024T08:29:33 - [MESSAGE][INFO] - Checking response object

04-09-2024T08:29:33 - [MESSAGE][INFO] - cesar.waldo93@gmail.com

04-09-2024T08:29:33 - [MESSAGE][PASSED] - totalplay.Common.verifyPropertyValueExist is PASSED

04-09-2024T08:29:33 - [TEST_STEP][PASSED] - totalplay.Common.verifyPropertyExist(LoginResponse, customer_name): totalplay.Common.verifyPropertyExist is PASSED

04-09-2024T08:29:33 - [MESSAGE][INFO] - Checking response object

04-09-2024T08:29:33 - [MESSAGE][PASSED] - totalplay.Common.verifyPropertyExist is PASSED

04-09-2024T08:29:33 - [TEST_STEP][PASSED] - totalplay.Common.verifyPropertyValueExist(LoginResponse, customer_name): totalplay.Common.verifyPropertyValueExist is PASSED

04-09-2024T08:29:33 - [MESSAGE][INFO] - Checking response object

04-09-2024T08:29:34 - [MESSAGE][INFO] - CESAR GERARDO WALDO GONZALEZ

04-09-2024T08:29:34 - [MESSAGE][PASSED] - totalplay.Common.verifyPropertyValueExist is PASSED

04-09-2024T08:29:34 - [TEST_STEP][PASSED] - totalplay.Common.verifyPropertyExist(LoginResponse, c_brmId): totalplay.Common.verifyPropertyExist is PASSED

04-09-2024T08:29:34 - [MESSAGE][INFO] - Checking response object

04-09-2024T08:29:34 - [MESSAGE][PASSED] - totalplay.Common.verifyPropertyExist is PASSED

04-09-2024T08:29:34 - [TEST_STEP][PASSED] - totalplay.Common.verifyPropertyValueExist(LoginResponse, c_brmId): totalplay.Common.verifyPropertyValueExist is PASSED

04-09-2024T08:29:34 - [MESSAGE][INFO] - Checking response object

04-09-2024T08:29:34 - [MESSAGE][INFO] - 0106378356

04-09-2024T08:29:34 - [MESSAGE][PASSED] - totalplay.Common.verifyPropertyValueExist is PASSED

04-09-2024T08:29:34 - [MESSAGE][PASSED] - Call Test Case 'Test Cases/TotalPlay-Food/TC_1_Login_Service' successfully

04-09-2024T08:29:34 - [TEST_STEP][PASSED] - FoodSLP = sendRequest(findTestObject("TotalPlay-Food/Food SLP", ["URL":URL])): Send request successfully

04-09-2024T08:29:34 - [MESSAGE][INFO] - Finding Test Object 'Object Repository/TotalPlay-Food/Food SLP'

04-09-2024T08:29:34 - [MESSAGE][INFO] - Checking request object

04-09-2024T08:29:35 - [MESSAGE][INFO] - HAR: C:\Users\ShubhamKumarThakur\OneDrive - Kognivera\Documents\TotalPlay\totalplay-automation\Reports\20240904_082912\Food_Service_Normal_Flow_PlaceOrder\20240904_082912\requests\main\2.har

04-09-2024T08:29:35 - [MESSAGE][PASSED] - Send request successfully

04-09-2024T08:29:35 - [TEST_STEP][PASSED] - verifyResponseStatusCode(FoodSLP, 200): Verify response status code successfully

04-09-2024T08:29:35 - [MESSAGE][INFO] - Checking response object

04-09-2024T08:29:35 - [MESSAGE][PASSED] - Verify response status code successfully

04-09-2024T08:29:35 - [TEST_STEP][PASSED] - pageId = "pageId": null

04-09-2024T08:29:35 - [TEST_STEP][PASSED] - pageTypeId = "pageTypeId": null

04-09-2024T08:29:35 - [TEST_STEP][PASSED] - pageTitle = "pageTitle": null

04-09-2024T08:29:35 - [TEST_STEP][PASSED] - components_0_componentTypeId = "components[0].componentTypeId": null

04-09-2024T08:29:35 - [TEST_STEP][PASSED] - components_0_componentType = "components[0].componentType": null

04-09-2024T08:29:35 - [TEST_STEP][PASSED] - components_0_bannerLayout = "components[0].bannerLayout": null

04-09-2024T08:29:35 - [TEST_STEP][PASSED] - components_0_textHeadline = "components[0].textHeadline": null

04-09-2024T08:29:35 - [TEST_STEP][PASSED] - components_0_componentAssets_0_componentTypeId = "components[0].componentAssets[0].componentTypeId": null

04-09-2024T08:29:35 - [TEST_STEP][PASSED] - components_0_componentAssets_0_componentType = "components[0].componentAssets[0].componentType": null

04-09-2024T08:29:35 - [TEST_STEP][PASSED] - components_0_componentAssets_0_image = "components[0].componentAssets[0].image": null

04-09-2024T08:29:35 - [TEST_STEP][PASSED] - components_0_componentAssets_0_bannerDesc = "components[0].componentAssets[0].bannerDesc": null

04-09-2024T08:29:35 - [TEST_STEP][PASSED] - components_0_componentAssets_0_isAgeRestricted = "components[0].componentAssets[0].isAgeRestricted": null

04-09-2024T08:29:35 - [TEST_STEP][PASSED] - components_0_componentAssets_0_link = "components[0].componentAssets[0].link": null

04-09-2024T08:29:35 - [TEST_STEP][PASSED] - components_0_componentAssets_0_storeSelector_value = "components[0].componentAssets[0].storeSelector.value": null

04-09-2024T08:29:35 - [TEST_STEP][PASSED] - components_0_componentAssets_0_bannerName = "components[0].componentAssets[0].bannerName": null

04-09-2024T08:29:35 - [TEST_STEP][PASSED] - components_0_componentAssets_0_linkType = "components[0].componentAssets[0].linkType": null

04-09-2024T08:29:35 - [TEST_STEP][PASSED] - components_0_componentAssets_0_storeId = "components[0].componentAssets[0].storeId": null

04-09-2024T08:29:35 - [TEST_STEP][PASSED] - components_0_componentAssets_0_promotion = "components[0].componentAssets[0].promotion": null

04-09-2024T08:29:35 - [TEST_STEP][PASSED] - components_0_componentAssets_0_storeName = "components[0].componentAssets[0].storeName": null

04-09-2024T08:29:35 - [TEST_STEP][PASSED] - components_0_componentAssets_0_ID = "components[0].componentAssets[0].ID": null

04-09-2024T08:29:35 - [TEST_STEP][PASSED] - components_0_componentAssets_0_corporateColorCode = "components[0].componentAssets[0].corporateColorCode": null

04-09-2024T08:29:35 - [TEST_STEP][PASSED] - components_0_componentAssets_0_deliveryTime = "components[0].componentAssets[0].deliveryTime": null

04-09-2024T08:29:35 - [TEST_STEP][PASSED] - components_0_componentAssets_0_positionAfter = "components[0].componentAssets[0].positionAfter": null

04-09-2024T08:29:35 - [TEST_STEP][PASSED] - components_1_componentTypeId = "components[1].componentTypeId": null

04-09-2024T08:29:35 - [TEST_STEP][PASSED] - components_1_componentType = "components[1].componentType": null

04-09-2024T08:29:35 - [TEST_STEP][PASSED] - components_1_groupingName = "components[1].groupingName": null

04-09-2024T08:29:35 - [TEST_STEP][PASSED] - components_1_sort = "components[1].sort": null

04-09-2024T08:29:35 - [TEST_STEP][PASSED] - components_1_componentAssets = "components[1].componentAssets": null

04-09-2024T08:29:35 - [TEST_STEP][PASSED] - components_1_componentAssets_0_componentTypeId = "components[1].componentAssets[0].componentTypeId": null

04-09-2024T08:29:35 - [TEST_STEP][PASSED] - components_1_componentAssets_0_componentType = "components[1].componentAssets[0].componentType": null

04-09-2024T08:29:35 - [TEST_STEP][PASSED] - components_1_componentAssets_0_category = "components[1].componentAssets[0].category": null

04-09-2024T08:29:35 - [TEST_STEP][PASSED] - components_1_componentAssets_0_name = "components[1].componentAssets[0].name": null

04-09-2024T08:29:35 - [TEST_STEP][PASSED] - components_1_componentAssets_0_id = "components[1].componentAssets[0].id": null

04-09-2024T08:29:35 - [TEST_STEP][PASSED] - components_1_componentAssets_0_image = "components[1].componentAssets[0].image": null

04-09-2024T08:29:35 - [TEST_STEP][PASSED] - components_1_componentAssets_0_url = "components[1].componentAssets[0].url": null

04-09-2024T08:29:35 - [TEST_STEP][PASSED] - components_1_componentAssets_0_linkType = "components[1].componentAssets[0].linkType": null

04-09-2024T08:29:35 - [TEST_STEP][PASSED] - components_2_viewType = "components[2].viewType": null

04-09-2024T08:29:35 - [TEST_STEP][PASSED] - components_2_heading = "components[2].heading": null

04-09-2024T08:29:35 - [TEST_STEP][PASSED] - components_2_linesToDisplay = "components[2].linesToDisplay": null

04-09-2024T08:29:35 - [TEST_STEP][PASSED] - components_2_componentAssets_0_storeList_0_categories_0_name = "components[2].componentAssets[0].storeList[0].categories[0].name": null

04-09-2024T08:29:35 - [TEST_STEP][PASSED] - components_2_componentAssets_0_storeList_0_categories_0_id = "components[2].componentAssets[0].storeList[0].categories[0].id": null

04-09-2024T08:29:35 - [TEST_STEP][PASSED] - components_2_componentAssets_0_storeList_0_categories_0_image = "components[2].componentAssets[0].storeList[0].categories[0].image": null

04-09-2024T08:29:35 - [TEST_STEP][PASSED] - components_2_componentAssets_0_storeList_0_categories_0_url = "components[2].componentAssets[0].storeList[0].categories[0].url": null

04-09-2024T08:29:35 - [TEST_STEP][PASSED] - components_2_componentAssets_0_storeList_0_categories_0_isLeaf = "components[2].componentAssets[0].storeList[0].categories[0].isLeaf": null

04-09-2024T08:29:35 - [TEST_STEP][PASSED] - components_2_componentAssets_0_storeList_0_ratings = "components[2].componentAssets[0].storeList[0].ratings": null

04-09-2024T08:29:35 - [TEST_STEP][PASSED] - components_2_componentAssets_0_storeList_0_isInRange = "components[2].componentAssets[0].storeList[0].isInRange": null

04-09-2024T08:29:35 - [TEST_STEP][PASSED] - components_2_componentAssets_0_storeList_0_storeOpen = "components[2].componentAssets[0].storeList[0].storeOpen": null

04-09-2024T08:29:35 - [TEST_STEP][PASSED] - components_2_componentAssets_0_storeList_0_OpenHrs = "components[2].componentAssets[0].storeList[0].OpenHrs": null

04-09-2024T08:29:35 - [TEST_STEP][PASSED] - components_2_componentAssets_0_storeList_0_OpenHrs_time_0_openingTime = "components[2].componentAssets[0].storeList[0].OpenHrs.time[0].openingTime": null

04-09-2024T08:29:35 - [TEST_STEP][PASSED] - components_2_componentAssets_0_storeList_0_OpenHrs_time_0_closingTime = "components[2].componentAssets[0].storeList[0].OpenHrs.time[0].closingTime": null

04-09-2024T08:29:35 - [TEST_STEP][PASSED] - components_2_componentAssets_0_storeList_0_OpenHrs_closed = "components[2].componentAssets[0].storeList[0].OpenHrs.closed": null

04-09-2024T08:29:35 - [TEST_STEP][PASSED] - components_2_componentAssets_0_storeList_0_OpenHrs_day = "components[2].componentAssets[0].storeList[0].OpenHrs.day": null

04-09-2024T08:29:35 - [TEST_STEP][PASSED] - components_2_componentAssets_0_storeList_0_link = "components[2].componentAssets[0].storeList[0].link": null

04-09-2024T08:29:35 - [TEST_STEP][PASSED] - components_2_componentAssets_0_storeList_0_linkType = "components[2].componentAssets[0].storeList[0].linkType": null

04-09-2024T08:29:35 - [TEST_STEP][PASSED] - components_2_componentAssets_0_storeList_0_ondemandEDD = "components[2].componentAssets[0].storeList[0].ondemandEDD": null

04-09-2024T08:29:35 - [TEST_STEP][PASSED] - components_2_componentAssets_1_componentTypeId = "components[2].componentAssets[1].componentTypeId": null

04-09-2024T08:29:35 - [TEST_STEP][PASSED] - components_2_componentAssets_1_componentType = "components[2].componentAssets[1].componentType": null

04-09-2024T08:29:35 - [TEST_STEP][PASSED] - components_2_componentAssets_1_storeSelector_value = "components[2].componentAssets[1].storeSelector.value": null

04-09-2024T08:29:35 - [TEST_STEP][PASSED] - components_2_componentAssets_1_linkType = "components[2].componentAssets[1].linkType": null

04-09-2024T08:29:35 - [TEST_STEP][PASSED] - components_2_componentAssets_1_nodesLength = "components[2].componentAssets[1].nodesLength": null

04-09-2024T08:29:35 - [TEST_STEP][PASSED] - components_2_componentAssets_1_link = "components[2].componentAssets[1].link": null

04-09-2024T08:29:35 - [TEST_STEP][PASSED] - components_2_componentAssets_1_storeList_0_ID = "components[2].componentAssets[1].storeList[0].ID": null

04-09-2024T08:29:35 - [TEST_STEP][PASSED] - components_2_componentAssets_1_storeList_0_name = "components[2].componentAssets[1].storeList[0].name": null

04-09-2024T08:29:35 - [TEST_STEP][PASSED] - components_2_componentAssets_1_storeList_0_logo = "components[2].componentAssets[1].storeList[0].logo": null

04-09-2024T08:29:35 - [TEST_STEP][PASSED] - components_2_componentAssets_1_storeList_0_bannerImage = "components[2].componentAssets[1].storeList[0].bannerImage": null

04-09-2024T08:29:35 - [TEST_STEP][PASSED] - components_2_componentAssets_1_storeList_0_corporateColorCode = "components[2].componentAssets[1].storeList[0].corporateColorCode": null

04-09-2024T08:29:35 - [TEST_STEP][PASSED] - components_2_componentAssets_1_storeList_0_corporateName = "components[2].componentAssets[1].storeList[0].corporateName": null

04-09-2024T08:29:35 - [TEST_STEP][PASSED] - components_2_componentAssets_1_storeList_0_isInRange = "components[2].componentAssets[1].storeList[0].isInRange": null

04-09-2024T08:29:35 - [TEST_STEP][PASSED] - components_2_componentAssets_1_storeList_0_storeOpen = "components[2].componentAssets[1].storeList[0].storeOpen": null

04-09-2024T08:29:35 - [TEST_STEP][PASSED] - components_2_componentAssets_1_storeList_0_link = "components[2].componentAssets[1].storeList[0].link": null

04-09-2024T08:29:35 - [TEST_STEP][PASSED] - components_2_componentAssets_1_storeList_0_linkType = "components[2].componentAssets[1].storeList[0].linkType": null

04-09-2024T08:29:35 - [TEST_STEP][PASSED] - components_2_componentAssets_1_storeList_0_ondemandEDD = "components[2].componentAssets[1].storeList[0].ondemandEDD": null

04-09-2024T08:29:35 - [TEST_STEP][PASSED] - components_3_carouselHeading = "components[3].carouselHeading": null

04-09-2024T08:29:35 - [TEST_STEP][PASSED] - components_3_viewType = "components[3].viewType": null

04-09-2024T08:29:35 - [TEST_STEP][PASSED] - components_3_linesToDisplay = "components[3].linesToDisplay": null

04-09-2024T08:29:35 - [TEST_STEP][PASSED] - components_3_heading = "components[3].heading": null

04-09-2024T08:29:35 - [TEST_STEP][PASSED] - components_3_componentAssets = "components[3].componentAssets": null

04-09-2024T08:29:35 - [TEST_STEP][PASSED] - components_3_componentAssets_0 = "components[3].componentAssets[0]": null

04-09-2024T08:29:35 - [TEST_STEP][PASSED] - totalplay.Common.verifyPropertyExist(FoodSLP, pageId): totalplay.Common.verifyPropertyExist is PASSED

04-09-2024T08:29:35 - [MESSAGE][INFO] - Checking response object

04-09-2024T08:29:35 - [MESSAGE][PASSED] - totalplay.Common.verifyPropertyExist is PASSED

04-09-2024T08:29:35 - [TEST_STEP][PASSED] - totalplay.Common.verifyPropertyValueExist(FoodSLP, pageId): totalplay.Common.verifyPropertyValueExist is PASSED

04-09-2024T08:29:35 - [MESSAGE][INFO] - Checking response object

04-09-2024T08:29:35 - [MESSAGE][INFO] - storelistingpage

04-09-2024T08:29:35 - [MESSAGE][PASSED] - totalplay.Common.verifyPropertyValueExist is PASSED

04-09-2024T08:29:35 - [TEST_STEP][PASSED] - totalplay.Common.verifyPropertyExist(FoodSLP, pageTypeId): totalplay.Common.verifyPropertyExist is PASSED

04-09-2024T08:29:35 - [MESSAGE][INFO] - Checking response object

04-09-2024T08:29:35 - [MESSAGE][PASSED] - totalplay.Common.verifyPropertyExist is PASSED

04-09-2024T08:29:35 - [TEST_STEP][PASSED] - totalplay.Common.verifyPropertyValueExist(FoodSLP, pageTypeId): totalplay.Common.verifyPropertyValueExist is PASSED

04-09-2024T08:29:35 - [MESSAGE][INFO] - Checking response object

04-09-2024T08:29:36 - [MESSAGE][INFO] - FoodStoreListing

04-09-2024T08:29:36 - [MESSAGE][PASSED] - totalplay.Common.verifyPropertyValueExist is PASSED

04-09-2024T08:29:36 - [TEST_STEP][PASSED] - totalplay.Common.verifyPropertyExist(FoodSLP, pageTitle): totalplay.Common.verifyPropertyExist is PASSED

04-09-2024T08:29:36 - [MESSAGE][INFO] - Checking response object

04-09-2024T08:29:36 - [MESSAGE][PASSED] - totalplay.Common.verifyPropertyExist is PASSED

04-09-2024T08:29:36 - [TEST_STEP][PASSED] - totalplay.Common.verifyPropertyValueExist(FoodSLP, pageTitle): totalplay.Common.verifyPropertyValueExist is PASSED

04-09-2024T08:29:36 - [MESSAGE][INFO] - Checking response object

04-09-2024T08:29:36 - [MESSAGE][INFO] - Store Listing Page (SLP) - Resturant

04-09-2024T08:29:36 - [MESSAGE][PASSED] - totalplay.Common.verifyPropertyValueExist is PASSED

04-09-2024T08:29:36 - [TEST_STEP][PASSED] - totalplay.Common.verifyPropertyExist(FoodSLP, components_0_componentTypeId): totalplay.Common.verifyPropertyExist is PASSED

04-09-2024T08:29:36 - [MESSAGE][INFO] - Checking response object

04-09-2024T08:29:36 - [MESSAGE][PASSED] - totalplay.Common.verifyPropertyExist is PASSED

04-09-2024T08:29:36 - [TEST_STEP][PASSED] - totalplay.Common.verifyPropertyValueExist(FoodSLP, components_0_componentTypeId): totalplay.Common.verifyPropertyValueExist is PASSED

04-09-2024T08:29:36 - [MESSAGE][INFO] - Checking response object

04-09-2024T08:29:36 - [MESSAGE][INFO] - commerce_layouts.FoodHomeCarousel

04-09-2024T08:29:36 - [MESSAGE][PASSED] - totalplay.Common.verifyPropertyValueExist is PASSED

04-09-2024T08:29:36 - [TEST_STEP][PASSED] - totalplay.Common.verifyPropertyExist(FoodSLP, components_0_componentType): totalplay.Common.verifyPropertyExist is PASSED

04-09-2024T08:29:36 - [MESSAGE][INFO] - Checking response object

04-09-2024T08:29:36 - [MESSAGE][PASSED] - totalplay.Common.verifyPropertyExist is PASSED

04-09-2024T08:29:36 - [TEST_STEP][PASSED] - totalplay.Common.verifyPropertyValueExist(FoodSLP, components_0_componentType): totalplay.Common.verifyPropertyValueExist is PASSED

04-09-2024T08:29:36 - [MESSAGE][INFO] - Checking response object

04-09-2024T08:29:36 - [MESSAGE][INFO] - commerce_layouts

04-09-2024T08:29:36 - [MESSAGE][PASSED] - totalplay.Common.verifyPropertyValueExist is PASSED

04-09-2024T08:29:36 - [TEST_STEP][PASSED] - totalplay.Common.verifyPropertyExist(FoodSLP, components_0_bannerLayout): totalplay.Common.verifyPropertyExist is PASSED

04-09-2024T08:29:36 - [MESSAGE][INFO] - Checking response object

04-09-2024T08:29:36 - [MESSAGE][PASSED] - totalplay.Common.verifyPropertyExist is PASSED

04-09-2024T08:29:36 - [TEST_STEP][PASSED] - totalplay.Common.verifyPropertyValueExist(FoodSLP, components_0_bannerLayout): totalplay.Common.verifyPropertyValueExist is PASSED

04-09-2024T08:29:36 - [MESSAGE][INFO] - Checking response object

04-09-2024T08:29:36 - [MESSAGE][INFO] - hero display

04-09-2024T08:29:36 - [MESSAGE][PASSED] - totalplay.Common.verifyPropertyValueExist is PASSED

04-09-2024T08:29:36 - [TEST_STEP][PASSED] - totalplay.Common.verifyPropertyExist(FoodSLP, components_0_textHeadline): totalplay.Common.verifyPropertyExist is PASSED

04-09-2024T08:29:36 - [MESSAGE][INFO] - Checking response object

04-09-2024T08:29:36 - [MESSAGE][PASSED] - totalplay.Common.verifyPropertyExist is PASSED

04-09-2024T08:29:36 - [TEST_STEP][PASSED] - totalplay.Common.verifyPropertyValueExist(FoodSLP, components_0_textHeadline): totalplay.Common.verifyPropertyValueExist is PASSED

04-09-2024T08:29:36 - [MESSAGE][INFO] - Checking response object

04-09-2024T08:29:36 - [MESSAGE][INFO] - hero banner

04-09-2024T08:29:36 - [MESSAGE][PASSED] - totalplay.Common.verifyPropertyValueExist is PASSED

04-09-2024T08:29:36 - [TEST_STEP][PASSED] - totalplay.Common.verifyPropertyExist(FoodSLP, components_0_componentAssets_0_componentTypeId): totalplay.Common.verifyPropertyExist is PASSED

04-09-2024T08:29:36 - [MESSAGE][INFO] - Checking response object

04-09-2024T08:29:36 - [MESSAGE][PASSED] - totalplay.Common.verifyPropertyExist is PASSED

04-09-2024T08:29:36 - [TEST_STEP][PASSED] - totalplay.Common.verifyPropertyValueExist(FoodSLP, components_0_componentAssets_0_componentTypeId): totalplay.Common.verifyPropertyValueExist is PASSED

04-09-2024T08:29:36 - [MESSAGE][INFO] - Checking response object

04-09-2024T08:29:36 - [MESSAGE][INFO] - commerce_assets.FoodHomeBanner

04-09-2024T08:29:36 - [MESSAGE][PASSED] - totalplay.Common.verifyPropertyValueExist is PASSED

04-09-2024T08:29:36 - [TEST_STEP][PASSED] - totalplay.Common.verifyPropertyExist(FoodSLP, components_0_componentAssets_0_componentType): totalplay.Common.verifyPropertyExist is PASSED

04-09-2024T08:29:36 - [MESSAGE][INFO] - Checking response object

04-09-2024T08:29:37 - [MESSAGE][PASSED] - totalplay.Common.verifyPropertyExist is PASSED

04-09-2024T08:29:37 - [TEST_STEP][PASSED] - totalplay.Common.verifyPropertyValueExist(FoodSLP, components_0_componentAssets_0_componentType): totalplay.Common.verifyPropertyValueExist is PASSED

04-09-2024T08:29:37 - [MESSAGE][INFO] - Checking response object

04-09-2024T08:29:37 - [MESSAGE][INFO] - commerce_assets

04-09-2024T08:29:37 - [MESSAGE][PASSED] - totalplay.Common.verifyPropertyValueExist is PASSED

04-09-2024T08:29:37 - [TEST_STEP][PASSED] - totalplay.Common.verifyPropertyExist(FoodSLP, components_0_componentAssets_0_image): totalplay.Common.verifyPropertyExist is PASSED

04-09-2024T08:29:37 - [MESSAGE][INFO] - Checking response object

04-09-2024T08:29:37 - [MESSAGE][PASSED] - totalplay.Common.verifyPropertyExist is PASSED

04-09-2024T08:29:37 - [TEST_STEP][PASSED] - totalplay.Common.verifyPropertyValueExist(FoodSLP, components_0_componentAssets_0_image): totalplay.Common.verifyPropertyValueExist is PASSED

04-09-2024T08:29:37 - [MESSAGE][INFO] - Checking response object

04-09-2024T08:29:37 - [MESSAGE][INFO] - https://salesforceqa.sistemastp.com.mx/dw/image/v2/BJCL_DEV/on/demandware.static/-/Sites-TP-FOOD-Library/default/dw38fd802d/mirakl/banner1.jpg

04-09-2024T08:29:37 - [MESSAGE][PASSED] - totalplay.Common.verifyPropertyValueExist is PASSED

04-09-2024T08:29:37 - [TEST_STEP][PASSED] - totalplay.Common.verifyPropertyExist(FoodSLP, components_0_componentAssets_0_image): totalplay.Common.verifyPropertyExist is PASSED

04-09-2024T08:29:37 - [MESSAGE][INFO] - Checking response object

04-09-2024T08:29:37 - [MESSAGE][PASSED] - totalplay.Common.verifyPropertyExist is PASSED

04-09-2024T08:29:37 - [TEST_STEP][PASSED] - totalplay.Common.verifyPropertyValueExist(FoodSLP, components_0_componentAssets_0_image): totalplay.Common.verifyPropertyValueExist is PASSED

04-09-2024T08:29:37 - [MESSAGE][INFO] - Checking response object

04-09-2024T08:29:37 - [MESSAGE][INFO] - https://salesforceqa.sistemastp.com.mx/dw/image/v2/BJCL_DEV/on/demandware.static/-/Sites-TP-FOOD-Library/default/dw38fd802d/mirakl/banner1.jpg

04-09-2024T08:29:37 - [MESSAGE][PASSED] - totalplay.Common.verifyPropertyValueExist is PASSED

04-09-2024T08:29:37 - [TEST_STEP][PASSED] - totalplay.Common.getBooleanValueofObject(FoodSLP, components_0_componentAssets_0_bannerDesc): totalplay.Common.getBooleanValueofObject is PASSED

04-09-2024T08:29:37 - [MESSAGE][INFO] - Checking response object

04-09-2024T08:29:37 - [MESSAGE][PASSED] - totalplay.Common.getBooleanValueofObject is PASSED

04-09-2024T08:29:37 - [TEST_STEP][PASSED] - totalplay.Common.verifyPropertyExist(FoodSLP, components_0_componentAssets_0_link): totalplay.Common.verifyPropertyExist is PASSED

04-09-2024T08:29:37 - [MESSAGE][INFO] - Checking response object

04-09-2024T08:29:37 - [MESSAGE][PASSED] - totalplay.Common.verifyPropertyExist is PASSED

04-09-2024T08:29:37 - [TEST_STEP][PASSED] - totalplay.Common.verifyPropertyValueExist(FoodSLP, components_0_componentAssets_0_link): totalplay.Common.verifyPropertyValueExist is PASSED

04-09-2024T08:29:37 - [MESSAGE][INFO] - Checking response object

04-09-2024T08:29:37 - [MESSAGE][INFO] - /on/demandware.store/Sites-TP-FOOD-Site/es/OnDemand-Show?isOndemand=true&corporateName=LosDeCeci

04-09-2024T08:29:37 - [MESSAGE][PASSED] - totalplay.Common.verifyPropertyValueExist is PASSED

04-09-2024T08:29:37 - [TEST_STEP][PASSED] - totalplay.Common.verifyPropertyExist(FoodSLP, components_0_componentAssets_0_storeSelector_value): totalplay.Common.verifyPropertyExist is PASSED

04-09-2024T08:29:37 - [MESSAGE][INFO] - Checking response object

04-09-2024T08:29:37 - [MESSAGE][PASSED] - totalplay.Common.verifyPropertyExist is PASSED

04-09-2024T08:29:37 - [TEST_STEP][PASSED] - totalplay.Common.verifyPropertyValueExist(FoodSLP, components_0_componentAssets_0_storeSelector_value): totalplay.Common.verifyPropertyValueExist is PASSED

04-09-2024T08:29:37 - [MESSAGE][INFO] - Checking response object

04-09-2024T08:29:37 - [MESSAGE][INFO] - 2049,2069,2071,2072,

04-09-2024T08:29:37 - [MESSAGE][PASSED] - totalplay.Common.verifyPropertyValueExist is PASSED

04-09-2024T08:29:37 - [TEST_STEP][PASSED] - totalplay.Common.verifyPropertyExist(FoodSLP, components_0_componentAssets_0_bannerName): totalplay.Common.verifyPropertyExist is PASSED

04-09-2024T08:29:37 - [MESSAGE][INFO] - Checking response object

04-09-2024T08:29:38 - [MESSAGE][PASSED] - totalplay.Common.verifyPropertyExist is PASSED

04-09-2024T08:29:38 - [TEST_STEP][PASSED] - totalplay.Common.verifyPropertyValueExist(FoodSLP, components_0_componentAssets_0_bannerName): totalplay.Common.verifyPropertyValueExist is PASSED

04-09-2024T08:29:38 - [MESSAGE][INFO] - Checking response object

04-09-2024T08:29:38 - [MESSAGE][INFO] - Activación de crédito 

04-09-2024T08:29:38 - [MESSAGE][PASSED] - totalplay.Common.verifyPropertyValueExist is PASSED

04-09-2024T08:29:38 - [TEST_STEP][PASSED] - totalplay.Common.verifyPropertyExist(FoodSLP, components_0_componentAssets_0_linkType): totalplay.Common.verifyPropertyExist is PASSED

04-09-2024T08:29:38 - [MESSAGE][INFO] - Checking response object

04-09-2024T08:29:38 - [MESSAGE][PASSED] - totalplay.Common.verifyPropertyExist is PASSED

04-09-2024T08:29:38 - [TEST_STEP][PASSED] - totalplay.Common.verifyPropertyValueExist(FoodSLP, components_0_componentAssets_0_linkType): totalplay.Common.verifyPropertyValueExist is PASSED

04-09-2024T08:29:38 - [MESSAGE][INFO] - Checking response object

04-09-2024T08:29:38 - [MESSAGE][INFO] - CreditoFlow

04-09-2024T08:29:38 - [MESSAGE][PASSED] - totalplay.Common.verifyPropertyValueExist is PASSED

04-09-2024T08:29:38 - [TEST_STEP][PASSED] - totalplay.Common.verifyPropertyExist(FoodSLP, components_0_componentAssets_0_linkType): totalplay.Common.verifyPropertyExist is PASSED

04-09-2024T08:29:38 - [MESSAGE][INFO] - Checking response object

04-09-2024T08:29:38 - [MESSAGE][PASSED] - totalplay.Common.verifyPropertyExist is PASSED

04-09-2024T08:29:38 - [TEST_STEP][PASSED] - totalplay.Common.verifyPropertyValueExist(FoodSLP, components_0_componentAssets_0_linkType): totalplay.Common.verifyPropertyValueExist is PASSED

04-09-2024T08:29:38 - [MESSAGE][INFO] - Checking response object

04-09-2024T08:29:38 - [MESSAGE][INFO] - CreditoFlow

04-09-2024T08:29:38 - [MESSAGE][PASSED] - totalplay.Common.verifyPropertyValueExist is PASSED

04-09-2024T08:29:38 - [TEST_STEP][PASSED] - totalplay.Common.verifyPropertyExist(FoodSLP, components_0_componentAssets_0_promotion): totalplay.Common.verifyPropertyExist is PASSED

04-09-2024T08:29:38 - [MESSAGE][INFO] - Checking response object

04-09-2024T08:29:38 - [MESSAGE][PASSED] - totalplay.Common.verifyPropertyExist is PASSED

04-09-2024T08:29:38 - [TEST_STEP][PASSED] - totalplay.Common.verifyPropertyValueExist(FoodSLP, components_0_componentAssets_0_promotion): totalplay.Common.verifyPropertyValueExist is PASSED

04-09-2024T08:29:38 - [MESSAGE][INFO] - Checking response object

04-09-2024T08:29:38 - [MESSAGE][INFO] - 1

04-09-2024T08:29:38 - [MESSAGE][PASSED] - totalplay.Common.verifyPropertyValueExist is PASSED

04-09-2024T08:29:38 - [TEST_STEP][PASSED] - totalplay.Common.verifyPropertyExist(FoodSLP, components_0_componentAssets_0_storeName): totalplay.Common.verifyPropertyExist is PASSED

04-09-2024T08:29:38 - [MESSAGE][INFO] - Checking response object

04-09-2024T08:29:38 - [MESSAGE][PASSED] - totalplay.Common.verifyPropertyExist is PASSED

04-09-2024T08:29:38 - [TEST_STEP][PASSED] - totalplay.Common.verifyPropertyValueExist(FoodSLP, components_0_componentAssets_0_storeName): totalplay.Common.verifyPropertyValueExist is PASSED

04-09-2024T08:29:38 - [MESSAGE][INFO] - Checking response object

04-09-2024T08:29:38 - [MESSAGE][INFO] - Activación de crédito 

04-09-2024T08:29:38 - [MESSAGE][PASSED] - totalplay.Common.verifyPropertyValueExist is PASSED

04-09-2024T08:29:38 - [TEST_STEP][PASSED] - totalplay.Common.verifyPropertyExist(FoodSLP, components_0_componentAssets_0_ID): totalplay.Common.verifyPropertyExist is PASSED

04-09-2024T08:29:38 - [MESSAGE][INFO] - Checking response object

04-09-2024T08:29:38 - [MESSAGE][PASSED] - totalplay.Common.verifyPropertyExist is PASSED

04-09-2024T08:29:38 - [TEST_STEP][PASSED] - totalplay.Common.verifyPropertyValueExist(FoodSLP, components_0_componentAssets_0_ID): totalplay.Common.verifyPropertyValueExist is PASSED

04-09-2024T08:29:38 - [MESSAGE][INFO] - Checking response object

04-09-2024T08:29:38 - [MESSAGE][INFO] - 4924

04-09-2024T08:29:38 - [MESSAGE][PASSED] - totalplay.Common.verifyPropertyValueExist is PASSED

04-09-2024T08:29:38 - [TEST_STEP][PASSED] - totalplay.Common.verifyPropertyValueEmptyString(FoodSLP, components_0_componentAssets_0_corporateColorCode): totalplay.Common.verifyPropertyValueEmptyString is PASSED

04-09-2024T08:29:38 - [MESSAGE][INFO] - Checking response object

04-09-2024T08:29:38 - [MESSAGE][INFO] - 

04-09-2024T08:29:38 - [MESSAGE][PASSED] - totalplay.Common.verifyPropertyValueEmptyString is PASSED

04-09-2024T08:29:38 - [TEST_STEP][PASSED] - totalplay.Common.verifyPropertyValueEmptyString(FoodSLP, components_0_componentAssets_0_deliveryTime): totalplay.Common.verifyPropertyValueEmptyString is PASSED

04-09-2024T08:29:38 - [MESSAGE][INFO] - Checking response object

04-09-2024T08:29:38 - [MESSAGE][INFO] - 

04-09-2024T08:29:38 - [MESSAGE][PASSED] - totalplay.Common.verifyPropertyValueEmptyString is PASSED

04-09-2024T08:29:38 - [TEST_STEP][PASSED] - totalplay.Common.verifyPropertyValueEmptyString(FoodSLP, components_0_componentAssets_0_positionAfter): totalplay.Common.verifyPropertyValueEmptyString is PASSED

04-09-2024T08:29:38 - [MESSAGE][INFO] - Checking response object

04-09-2024T08:29:39 - [MESSAGE][INFO] - 

04-09-2024T08:29:39 - [MESSAGE][PASSED] - totalplay.Common.verifyPropertyValueEmptyString is PASSED

04-09-2024T08:29:39 - [TEST_STEP][PASSED] - totalplay.Common.verifyPropertyExist(FoodSLP, components_1_componentTypeId): totalplay.Common.verifyPropertyExist is PASSED

04-09-2024T08:29:39 - [MESSAGE][INFO] - Checking response object

04-09-2024T08:29:39 - [MESSAGE][PASSED] - totalplay.Common.verifyPropertyExist is PASSED

04-09-2024T08:29:39 - [TEST_STEP][PASSED] - totalplay.Common.verifyPropertyValueExist(FoodSLP, components_1_componentTypeId): totalplay.Common.verifyPropertyValueExist is PASSED

04-09-2024T08:29:39 - [MESSAGE][INFO] - Checking response object

04-09-2024T08:29:39 - [MESSAGE][INFO] - commerce_layouts.FoodStoreCategoryGroup

04-09-2024T08:29:39 - [MESSAGE][PASSED] - totalplay.Common.verifyPropertyValueExist is PASSED

04-09-2024T08:29:39 - [TEST_STEP][PASSED] - totalplay.Common.verifyPropertyExist(FoodSLP, components_1_componentType): totalplay.Common.verifyPropertyExist is PASSED

04-09-2024T08:29:39 - [MESSAGE][INFO] - Checking response object

04-09-2024T08:29:39 - [MESSAGE][PASSED] - totalplay.Common.verifyPropertyExist is PASSED

04-09-2024T08:29:39 - [TEST_STEP][PASSED] - totalplay.Common.verifyPropertyValueExist(FoodSLP, components_1_componentType): totalplay.Common.verifyPropertyValueExist is PASSED

04-09-2024T08:29:39 - [MESSAGE][INFO] - Checking response object

04-09-2024T08:29:39 - [MESSAGE][INFO] - commerce_layouts

04-09-2024T08:29:39 - [MESSAGE][PASSED] - totalplay.Common.verifyPropertyValueExist is PASSED

04-09-2024T08:29:39 - [TEST_STEP][PASSED] - totalplay.Common.verifyPropertyExist(FoodSLP, components_1_groupingName): totalplay.Common.verifyPropertyExist is PASSED

04-09-2024T08:29:39 - [MESSAGE][INFO] - Checking response object

04-09-2024T08:29:39 - [MESSAGE][PASSED] - totalplay.Common.verifyPropertyExist is PASSED

04-09-2024T08:29:39 - [TEST_STEP][PASSED] - totalplay.Common.verifyPropertyValueExist(FoodSLP, components_1_groupingName): totalplay.Common.verifyPropertyValueExist is PASSED

04-09-2024T08:29:39 - [MESSAGE][INFO] - Checking response object

04-09-2024T08:29:39 - [MESSAGE][INFO] - Categories

04-09-2024T08:29:39 - [MESSAGE][PASSED] - totalplay.Common.verifyPropertyValueExist is PASSED

04-09-2024T08:29:39 - [TEST_STEP][PASSED] - totalplay.Common.verifyPropertyExist(FoodSLP, components_1_sort): totalplay.Common.verifyPropertyExist is PASSED

04-09-2024T08:29:39 - [MESSAGE][INFO] - Checking response object

04-09-2024T08:29:39 - [MESSAGE][PASSED] - totalplay.Common.verifyPropertyExist is PASSED

04-09-2024T08:29:39 - [TEST_STEP][PASSED] - totalplay.Common.verifyPropertyValueExist(FoodSLP, components_1_sort): totalplay.Common.verifyPropertyValueExist is PASSED

04-09-2024T08:29:39 - [MESSAGE][INFO] - Checking response object

04-09-2024T08:29:39 - [MESSAGE][INFO] - configured

04-09-2024T08:29:39 - [MESSAGE][PASSED] - totalplay.Common.verifyPropertyValueExist is PASSED

04-09-2024T08:29:39 - [TEST_STEP][PASSED] - totalplay.Common.verifyPropertyExist(FoodSLP, components_1_componentAssets_0_componentTypeId): totalplay.Common.verifyPropertyExist is PASSED

04-09-2024T08:29:39 - [MESSAGE][INFO] - Checking response object

04-09-2024T08:29:39 - [MESSAGE][PASSED] - totalplay.Common.verifyPropertyExist is PASSED

04-09-2024T08:29:39 - [TEST_STEP][PASSED] - totalplay.Common.verifyPropertyValueExist(FoodSLP, components_1_componentAssets_0_componentTypeId): totalplay.Common.verifyPropertyValueExist is PASSED

04-09-2024T08:29:39 - [MESSAGE][INFO] - Checking response object

04-09-2024T08:29:39 - [MESSAGE][INFO] - commerce_assets.FoodCategorySelector

04-09-2024T08:29:39 - [MESSAGE][PASSED] - totalplay.Common.verifyPropertyValueExist is PASSED

04-09-2024T08:29:39 - [TEST_STEP][PASSED] - totalplay.Common.verifyPropertyExist(FoodSLP, components_1_componentAssets_0_componentType): totalplay.Common.verifyPropertyExist is PASSED

04-09-2024T08:29:39 - [MESSAGE][INFO] - Checking response object

04-09-2024T08:29:39 - [MESSAGE][PASSED] - totalplay.Common.verifyPropertyExist is PASSED

04-09-2024T08:29:39 - [TEST_STEP][PASSED] - totalplay.Common.verifyPropertyValueExist(FoodSLP, components_1_componentAssets_0_componentType): totalplay.Common.verifyPropertyValueExist is PASSED

04-09-2024T08:29:39 - [MESSAGE][INFO] - Checking response object

04-09-2024T08:29:39 - [MESSAGE][INFO] - commerce_assets

04-09-2024T08:29:39 - [MESSAGE][PASSED] - totalplay.Common.verifyPropertyValueExist is PASSED

04-09-2024T08:29:39 - [TEST_STEP][PASSED] - totalplay.Common.verifyPropertyExist(FoodSLP, components_1_componentAssets_0_category): totalplay.Common.verifyPropertyExist is PASSED

04-09-2024T08:29:39 - [MESSAGE][INFO] - Checking response object

04-09-2024T08:29:39 - [MESSAGE][PASSED] - totalplay.Common.verifyPropertyExist is PASSED

04-09-2024T08:29:39 - [TEST_STEP][PASSED] - totalplay.Common.verifyPropertyValueExist(FoodSLP, components_1_componentAssets_0_category): totalplay.Common.verifyPropertyValueExist is PASSED

04-09-2024T08:29:39 - [MESSAGE][INFO] - Checking response object

04-09-2024T08:29:40 - [MESSAGE][INFO] - SF_benedettis_neza_pizza

04-09-2024T08:29:40 - [MESSAGE][PASSED] - totalplay.Common.verifyPropertyValueExist is PASSED

04-09-2024T08:29:40 - [TEST_STEP][PASSED] - totalplay.Common.verifyPropertyExist(FoodSLP, components_1_componentAssets_0_name): totalplay.Common.verifyPropertyExist is PASSED

04-09-2024T08:29:40 - [MESSAGE][INFO] - Checking response object

04-09-2024T08:29:40 - [MESSAGE][PASSED] - totalplay.Common.verifyPropertyExist is PASSED

04-09-2024T08:29:40 - [TEST_STEP][PASSED] - totalplay.Common.verifyPropertyValueExist(FoodSLP, components_1_componentAssets_0_name): totalplay.Common.verifyPropertyValueExist is PASSED

04-09-2024T08:29:40 - [MESSAGE][INFO] - Checking response object

04-09-2024T08:29:40 - [MESSAGE][INFO] - Pizza

04-09-2024T08:29:40 - [MESSAGE][PASSED] - totalplay.Common.verifyPropertyValueExist is PASSED

04-09-2024T08:29:40 - [TEST_STEP][PASSED] - totalplay.Common.verifyPropertyExist(FoodSLP, components_1_componentAssets_0_id): totalplay.Common.verifyPropertyExist is PASSED

04-09-2024T08:29:40 - [MESSAGE][INFO] - Checking response object

04-09-2024T08:29:40 - [MESSAGE][PASSED] - totalplay.Common.verifyPropertyExist is PASSED

04-09-2024T08:29:40 - [TEST_STEP][PASSED] - totalplay.Common.verifyPropertyValueExist(FoodSLP, components_1_componentAssets_0_id): totalplay.Common.verifyPropertyValueExist is PASSED

04-09-2024T08:29:40 - [MESSAGE][INFO] - Checking response object

04-09-2024T08:29:40 - [MESSAGE][INFO] - SF_benedettis_neza_pizza

04-09-2024T08:29:40 - [MESSAGE][PASSED] - totalplay.Common.verifyPropertyValueExist is PASSED

04-09-2024T08:29:40 - [TEST_STEP][PASSED] - totalplay.Common.verifyPropertyExist(FoodSLP, components_1_componentAssets_0_image): totalplay.Common.verifyPropertyExist is PASSED

04-09-2024T08:29:40 - [MESSAGE][INFO] - Checking response object

04-09-2024T08:29:40 - [MESSAGE][PASSED] - totalplay.Common.verifyPropertyExist is PASSED

04-09-2024T08:29:40 - [TEST_STEP][PASSED] - totalplay.Common.verifyPropertyValueExist(FoodSLP, components_1_componentAssets_0_image): totalplay.Common.verifyPropertyValueExist is PASSED

04-09-2024T08:29:40 - [MESSAGE][INFO] - Checking response object

04-09-2024T08:29:40 - [MESSAGE][INFO] - https://development-na01-totalplaymx.demandware.net/on/demandware.static/-/Sites-comida/default/v0bd0c8c6f9eba290f228fef3307cc06f71119021/CategoriaPostre.png

04-09-2024T08:29:40 - [MESSAGE][PASSED] - totalplay.Common.verifyPropertyValueExist is PASSED

04-09-2024T08:29:40 - [TEST_STEP][PASSED] - totalplay.Common.verifyPropertyExist(FoodSLP, components_1_componentAssets_0_url): totalplay.Common.verifyPropertyExist is PASSED

04-09-2024T08:29:40 - [MESSAGE][INFO] - Checking response object

04-09-2024T08:29:40 - [MESSAGE][PASSED] - totalplay.Common.verifyPropertyExist is PASSED

04-09-2024T08:29:40 - [TEST_STEP][PASSED] - totalplay.Common.verifyPropertyValueExist(FoodSLP, components_1_componentAssets_0_url): totalplay.Common.verifyPropertyValueExist is PASSED

04-09-2024T08:29:40 - [MESSAGE][INFO] - Checking response object

04-09-2024T08:29:40 - [MESSAGE][INFO] - /dw/shop/v24_5/content/seller-category-page?page=1&category=Pizza

04-09-2024T08:29:40 - [MESSAGE][PASSED] - totalplay.Common.verifyPropertyValueExist is PASSED

04-09-2024T08:29:40 - [TEST_STEP][PASSED] - totalplay.Common.verifyPropertyExist(FoodSLP, components_1_componentAssets_0_linkType): totalplay.Common.verifyPropertyExist is PASSED

04-09-2024T08:29:40 - [MESSAGE][INFO] - Checking response object

04-09-2024T08:29:40 - [MESSAGE][PASSED] - totalplay.Common.verifyPropertyExist is PASSED

04-09-2024T08:29:40 - [TEST_STEP][PASSED] - totalplay.Common.verifyPropertyValueExist(FoodSLP, components_1_componentAssets_0_linkType): totalplay.Common.verifyPropertyValueExist is PASSED

04-09-2024T08:29:40 - [MESSAGE][INFO] - Checking response object

04-09-2024T08:29:40 - [MESSAGE][INFO] - SCP

04-09-2024T08:29:40 - [MESSAGE][PASSED] - totalplay.Common.verifyPropertyValueExist is PASSED

04-09-2024T08:29:40 - [TEST_STEP][PASSED] - totalplay.Common.verifyPropertyExist(FoodSLP, components_2_viewType): totalplay.Common.verifyPropertyExist is PASSED

04-09-2024T08:29:40 - [MESSAGE][INFO] - Checking response object

04-09-2024T08:29:40 - [MESSAGE][PASSED] - totalplay.Common.verifyPropertyExist is PASSED

04-09-2024T08:29:40 - [TEST_STEP][PASSED] - totalplay.Common.verifyPropertyValueExist(FoodSLP, components_2_viewType): totalplay.Common.verifyPropertyValueExist is PASSED

04-09-2024T08:29:40 - [MESSAGE][INFO] - Checking response object

04-09-2024T08:29:41 - [MESSAGE][INFO] - veritcal

04-09-2024T08:29:41 - [MESSAGE][PASSED] - totalplay.Common.verifyPropertyValueExist is PASSED

04-09-2024T08:29:41 - [TEST_STEP][PASSED] - totalplay.Common.verifyPropertyExist(FoodSLP, components_2_heading): totalplay.Common.verifyPropertyExist is PASSED

04-09-2024T08:29:41 - [MESSAGE][INFO] - Checking response object

04-09-2024T08:29:41 - [MESSAGE][PASSED] - totalplay.Common.verifyPropertyExist is PASSED

04-09-2024T08:29:41 - [TEST_STEP][PASSED] - totalplay.Common.verifyPropertyValueExist(FoodSLP, components_2_heading): totalplay.Common.verifyPropertyValueExist is PASSED

04-09-2024T08:29:41 - [MESSAGE][INFO] - Checking response object

04-09-2024T08:29:41 - [MESSAGE][INFO] - Promociones para ti

04-09-2024T08:29:41 - [MESSAGE][PASSED] - totalplay.Common.verifyPropertyValueExist is PASSED

04-09-2024T08:29:41 - [TEST_STEP][PASSED] - totalplay.Common.verifyPropertyValueNotEmptyorNotNull(FoodSLP, components_2_linesToDisplay): totalplay.Common.verifyPropertyValueNotEmptyorNotNull is PASSED

04-09-2024T08:29:41 - [MESSAGE][INFO] - Checking response object

04-09-2024T08:29:41 - [MESSAGE][INFO] - 

04-09-2024T08:29:41 - [MESSAGE][PASSED] - totalplay.Common.verifyPropertyValueNotEmptyorNotNull is PASSED

04-09-2024T08:29:41 - [TEST_STEP][PASSED] - totalplay.Common.verifyPropertyExist(FoodSLP, components_2_componentAssets_0_storeList_0_categories_0_name): totalplay.Common.verifyPropertyExist is PASSED

04-09-2024T08:29:41 - [MESSAGE][INFO] - Checking response object

04-09-2024T08:29:41 - [MESSAGE][PASSED] - totalplay.Common.verifyPropertyExist is PASSED

04-09-2024T08:29:41 - [TEST_STEP][PASSED] - totalplay.Common.verifyPropertyValueExist(FoodSLP, components_2_componentAssets_0_storeList_0_categories_0_name): totalplay.Common.verifyPropertyValueExist is PASSED

04-09-2024T08:29:41 - [MESSAGE][INFO] - Checking response object

04-09-2024T08:29:41 - [MESSAGE][INFO] - Burguers

04-09-2024T08:29:41 - [MESSAGE][PASSED] - totalplay.Common.verifyPropertyValueExist is PASSED

04-09-2024T08:29:41 - [TEST_STEP][PASSED] - totalplay.Common.verifyPropertyExist(FoodSLP, components_2_componentAssets_0_storeList_0_categories_0_id): totalplay.Common.verifyPropertyExist is PASSED

04-09-2024T08:29:41 - [MESSAGE][INFO] - Checking response object

04-09-2024T08:29:41 - [MESSAGE][PASSED] - totalplay.Common.verifyPropertyExist is PASSED

04-09-2024T08:29:41 - [TEST_STEP][PASSED] - totalplay.Common.verifyPropertyValueExist(FoodSLP, components_2_componentAssets_0_storeList_0_categories_0_id): totalplay.Common.verifyPropertyValueExist is PASSED

04-09-2024T08:29:41 - [MESSAGE][INFO] - Checking response object

04-09-2024T08:29:41 - [MESSAGE][INFO] - SF_benedettis_66b3f3616b4c6676f4faf83c_4786

04-09-2024T08:29:41 - [MESSAGE][PASSED] - totalplay.Common.verifyPropertyValueExist is PASSED

04-09-2024T08:29:41 - [TEST_STEP][PASSED] - totalplay.Common.verifyPropertyValueNotEmptyorNotNull(FoodSLP, components_2_componentAssets_0_storeList_0_categories_0_image): totalplay.Common.verifyPropertyValueNotEmptyorNotNull is PASSED

04-09-2024T08:29:41 - [MESSAGE][INFO] - Checking response object

04-09-2024T08:29:41 - [MESSAGE][INFO] - 

04-09-2024T08:29:41 - [MESSAGE][PASSED] - totalplay.Common.verifyPropertyValueNotEmptyorNotNull is PASSED

04-09-2024T08:29:41 - [TEST_STEP][PASSED] - totalplay.Common.verifyPropertyExist(FoodSLP, components_2_componentAssets_0_storeList_0_categories_0_url): totalplay.Common.verifyPropertyExist is PASSED

04-09-2024T08:29:41 - [MESSAGE][INFO] - Checking response object

04-09-2024T08:29:41 - [MESSAGE][PASSED] - totalplay.Common.verifyPropertyExist is PASSED

04-09-2024T08:29:41 - [TEST_STEP][PASSED] - totalplay.Common.verifyPropertyValueExist(FoodSLP, components_2_componentAssets_0_storeList_0_categories_0_url): totalplay.Common.verifyPropertyValueExist is PASSED

04-09-2024T08:29:41 - [MESSAGE][INFO] - Checking response object

04-09-2024T08:29:41 - [MESSAGE][INFO] - /dw/shop/v24_5/content/seller-category-page?page=1&category=Burguers

04-09-2024T08:29:41 - [MESSAGE][PASSED] - totalplay.Common.verifyPropertyValueExist is PASSED

04-09-2024T08:29:41 - [TEST_STEP][PASSED] - totalplay.Common.getBooleanValueofObject(FoodSLP, components_2_componentAssets_0_storeList_0_categories_0_isLeaf): totalplay.Common.getBooleanValueofObject is PASSED

04-09-2024T08:29:41 - [MESSAGE][INFO] - Checking response object

04-09-2024T08:29:41 - [MESSAGE][PASSED] - totalplay.Common.getBooleanValueofObject is PASSED

04-09-2024T08:29:41 - [TEST_STEP][PASSED] - totalplay.Common.getNumValueofObject(FoodSLP, components_2_componentAssets_0_storeList_0_ratings): totalplay.Common.getNumValueofObject is PASSED

04-09-2024T08:29:41 - [MESSAGE][INFO] - Checking response object

04-09-2024T08:29:41 - [MESSAGE][PASSED] - totalplay.Common.getNumValueofObject is PASSED

04-09-2024T08:29:41 - [TEST_STEP][PASSED] - totalplay.Common.getBooleanValueofObject(FoodSLP, components_2_componentAssets_0_storeList_0_isInRange): totalplay.Common.getBooleanValueofObject is PASSED

04-09-2024T08:29:41 - [MESSAGE][INFO] - Checking response object

04-09-2024T08:29:41 - [MESSAGE][PASSED] - totalplay.Common.getBooleanValueofObject is PASSED

04-09-2024T08:29:41 - [TEST_STEP][PASSED] - totalplay.Common.getBooleanValueofObject(FoodSLP, components_2_componentAssets_0_storeList_0_storeOpen): totalplay.Common.getBooleanValueofObject is PASSED

04-09-2024T08:29:41 - [MESSAGE][INFO] - Checking response object

04-09-2024T08:29:41 - [MESSAGE][PASSED] - totalplay.Common.getBooleanValueofObject is PASSED

04-09-2024T08:29:41 - [TEST_STEP][PASSED] - totalplay.Common.verifyPropertyExist(FoodSLP, components_2_componentAssets_0_storeList_0_OpenHrs_time_0_openingTime): totalplay.Common.verifyPropertyExist is PASSED

04-09-2024T08:29:41 - [MESSAGE][INFO] - Checking response object

04-09-2024T08:29:41 - [MESSAGE][PASSED] - totalplay.Common.verifyPropertyExist is PASSED

04-09-2024T08:29:41 - [TEST_STEP][PASSED] - totalplay.Common.verifyPropertyValueExist(FoodSLP, components_2_componentAssets_0_storeList_0_OpenHrs_time_0_openingTime): totalplay.Common.verifyPropertyValueExist is PASSED

04-09-2024T08:29:41 - [MESSAGE][INFO] - Checking response object

04-09-2024T08:29:42 - [MESSAGE][INFO] - 00:00

04-09-2024T08:29:42 - [MESSAGE][PASSED] - totalplay.Common.verifyPropertyValueExist is PASSED

04-09-2024T08:29:42 - [TEST_STEP][PASSED] - totalplay.Common.verifyPropertyExist(FoodSLP, components_2_componentAssets_0_storeList_0_OpenHrs_time_0_closingTime): totalplay.Common.verifyPropertyExist is PASSED

04-09-2024T08:29:42 - [MESSAGE][INFO] - Checking response object

04-09-2024T08:29:42 - [MESSAGE][PASSED] - totalplay.Common.verifyPropertyExist is PASSED

04-09-2024T08:29:42 - [TEST_STEP][PASSED] - totalplay.Common.verifyPropertyValueExist(FoodSLP, components_2_componentAssets_0_storeList_0_OpenHrs_time_0_closingTime): totalplay.Common.verifyPropertyValueExist is PASSED

04-09-2024T08:29:42 - [MESSAGE][INFO] - Checking response object

04-09-2024T08:29:42 - [MESSAGE][INFO] - 23:59

04-09-2024T08:29:42 - [MESSAGE][PASSED] - totalplay.Common.verifyPropertyValueExist is PASSED

04-09-2024T08:29:42 - [TEST_STEP][PASSED] - totalplay.Common.getBooleanValueofObject(FoodSLP, components_2_componentAssets_0_storeList_0_OpenHrs_closed): totalplay.Common.getBooleanValueofObject is PASSED

04-09-2024T08:29:42 - [MESSAGE][INFO] - Checking response object

04-09-2024T08:29:42 - [MESSAGE][PASSED] - totalplay.Common.getBooleanValueofObject is PASSED

04-09-2024T08:29:42 - [TEST_STEP][PASSED] - totalplay.Common.verifyPropertyExist(FoodSLP, components_2_componentAssets_0_storeList_0_OpenHrs_day): totalplay.Common.verifyPropertyExist is PASSED

04-09-2024T08:29:42 - [MESSAGE][INFO] - Checking response object

04-09-2024T08:29:42 - [MESSAGE][PASSED] - totalplay.Common.verifyPropertyExist is PASSED

04-09-2024T08:29:42 - [TEST_STEP][PASSED] - totalplay.Common.verifyPropertyValueExist(FoodSLP, components_2_componentAssets_0_storeList_0_OpenHrs_day): totalplay.Common.verifyPropertyValueExist is PASSED

04-09-2024T08:29:42 - [MESSAGE][INFO] - Checking response object

04-09-2024T08:29:42 - [MESSAGE][INFO] - Miércoles

04-09-2024T08:29:42 - [MESSAGE][PASSED] - totalplay.Common.verifyPropertyValueExist is PASSED

04-09-2024T08:29:42 - [TEST_STEP][PASSED] - totalplay.Common.verifyPropertyExist(FoodSLP, components_2_componentAssets_0_storeList_0_link): totalplay.Common.verifyPropertyExist is PASSED

04-09-2024T08:29:42 - [MESSAGE][INFO] - Checking response object

04-09-2024T08:29:42 - [MESSAGE][PASSED] - totalplay.Common.verifyPropertyExist is PASSED

04-09-2024T08:29:42 - [TEST_STEP][PASSED] - totalplay.Common.verifyPropertyValueExist(FoodSLP, components_2_componentAssets_0_storeList_0_link): totalplay.Common.verifyPropertyValueExist is PASSED

04-09-2024T08:29:42 - [MESSAGE][INFO] - Checking response object

04-09-2024T08:29:42 - [MESSAGE][INFO] - /on/demandware.store/Sites-TP-FOOD-Site/es/OnDemand-Show?storeName=Benedetti's San Jeronimo

04-09-2024T08:29:42 - [MESSAGE][PASSED] - totalplay.Common.verifyPropertyValueExist is PASSED

04-09-2024T08:29:42 - [TEST_STEP][PASSED] - totalplay.Common.verifyPropertyExist(FoodSLP, components_2_componentAssets_0_storeList_0_linkType): totalplay.Common.verifyPropertyExist is PASSED

04-09-2024T08:29:42 - [MESSAGE][INFO] - Checking response object

04-09-2024T08:29:42 - [MESSAGE][PASSED] - totalplay.Common.verifyPropertyExist is PASSED

04-09-2024T08:29:42 - [TEST_STEP][PASSED] - totalplay.Common.verifyPropertyValueExist(FoodSLP, components_2_componentAssets_0_storeList_0_linkType): totalplay.Common.verifyPropertyValueExist is PASSED

04-09-2024T08:29:42 - [MESSAGE][INFO] - Checking response object

04-09-2024T08:29:42 - [MESSAGE][INFO] - PLP

04-09-2024T08:29:42 - [MESSAGE][PASSED] - totalplay.Common.verifyPropertyValueExist is PASSED

04-09-2024T08:29:42 - [TEST_STEP][PASSED] - totalplay.Common.verifyPropertyExist(FoodSLP, components_2_componentAssets_0_storeList_0_ondemandEDD): totalplay.Common.verifyPropertyExist is PASSED

04-09-2024T08:29:42 - [MESSAGE][INFO] - Checking response object

04-09-2024T08:29:42 - [MESSAGE][PASSED] - totalplay.Common.verifyPropertyExist is PASSED

04-09-2024T08:29:42 - [TEST_STEP][PASSED] - totalplay.Common.verifyPropertyValueExist(FoodSLP, components_2_componentAssets_0_storeList_0_ondemandEDD): totalplay.Common.verifyPropertyValueExist is PASSED

04-09-2024T08:29:42 - [MESSAGE][INFO] - Checking response object

04-09-2024T08:29:42 - [MESSAGE][INFO] - 90 Min

04-09-2024T08:29:42 - [MESSAGE][PASSED] - totalplay.Common.verifyPropertyValueExist is PASSED

04-09-2024T08:29:42 - [TEST_STEP][PASSED] - totalplay.Common.verifyPropertyExist(FoodSLP, components_2_componentAssets_1_componentTypeId): totalplay.Common.verifyPropertyExist is PASSED

04-09-2024T08:29:42 - [MESSAGE][INFO] - Checking response object

04-09-2024T08:29:42 - [MESSAGE][PASSED] - totalplay.Common.verifyPropertyExist is PASSED

04-09-2024T08:29:42 - [TEST_STEP][PASSED] - totalplay.Common.verifyPropertyValueExist(FoodSLP, components_2_componentAssets_1_componentTypeId): totalplay.Common.verifyPropertyValueExist is PASSED

04-09-2024T08:29:42 - [MESSAGE][INFO] - Checking response object

04-09-2024T08:29:42 - [MESSAGE][INFO] - commerce_assets.FoodStoreGroupCard

04-09-2024T08:29:42 - [MESSAGE][PASSED] - totalplay.Common.verifyPropertyValueExist is PASSED

04-09-2024T08:29:42 - [TEST_STEP][PASSED] - totalplay.Common.verifyPropertyExist(FoodSLP, components_2_componentAssets_1_componentType): totalplay.Common.verifyPropertyExist is PASSED

04-09-2024T08:29:42 - [MESSAGE][INFO] - Checking response object

04-09-2024T08:29:42 - [MESSAGE][PASSED] - totalplay.Common.verifyPropertyExist is PASSED

04-09-2024T08:29:42 - [TEST_STEP][PASSED] - totalplay.Common.verifyPropertyValueExist(FoodSLP, components_2_componentAssets_1_componentType): totalplay.Common.verifyPropertyValueExist is PASSED

04-09-2024T08:29:42 - [MESSAGE][INFO] - Checking response object

04-09-2024T08:29:42 - [MESSAGE][INFO] - commerce_assets

04-09-2024T08:29:42 - [MESSAGE][PASSED] - totalplay.Common.verifyPropertyValueExist is PASSED

04-09-2024T08:29:42 - [TEST_STEP][PASSED] - totalplay.Common.verifyPropertyExist(FoodSLP, components_2_componentAssets_1_storeSelector_value): totalplay.Common.verifyPropertyExist is PASSED

04-09-2024T08:29:42 - [MESSAGE][INFO] - Checking response object

04-09-2024T08:29:43 - [MESSAGE][PASSED] - totalplay.Common.verifyPropertyExist is PASSED

04-09-2024T08:29:43 - [TEST_STEP][PASSED] - totalplay.Common.verifyPropertyValueExist(FoodSLP, components_2_componentAssets_1_storeSelector_value): totalplay.Common.verifyPropertyValueExist is PASSED

04-09-2024T08:29:43 - [MESSAGE][INFO] - Checking response object

04-09-2024T08:29:43 - [MESSAGE][INFO] - 2003,4603,

04-09-2024T08:29:43 - [MESSAGE][PASSED] - totalplay.Common.verifyPropertyValueExist is PASSED

04-09-2024T08:29:43 - [TEST_STEP][PASSED] - totalplay.Common.verifyPropertyExist(FoodSLP, components_2_componentAssets_1_linkType): totalplay.Common.verifyPropertyExist is PASSED

04-09-2024T08:29:43 - [MESSAGE][INFO] - Checking response object

04-09-2024T08:29:43 - [MESSAGE][PASSED] - totalplay.Common.verifyPropertyExist is PASSED

04-09-2024T08:29:43 - [TEST_STEP][PASSED] - totalplay.Common.verifyPropertyValueExist(FoodSLP, components_2_componentAssets_1_linkType): totalplay.Common.verifyPropertyValueExist is PASSED

04-09-2024T08:29:43 - [MESSAGE][INFO] - Checking response object

04-09-2024T08:29:43 - [MESSAGE][INFO] - PLP

04-09-2024T08:29:43 - [MESSAGE][PASSED] - totalplay.Common.verifyPropertyValueExist is PASSED

04-09-2024T08:29:43 - [TEST_STEP][PASSED] - totalplay.Common.getNumValueofObject(FoodSLP, components_2_componentAssets_1_nodesLength): totalplay.Common.getNumValueofObject is PASSED

04-09-2024T08:29:43 - [MESSAGE][INFO] - Checking response object

04-09-2024T08:29:43 - [MESSAGE][PASSED] - totalplay.Common.getNumValueofObject is PASSED

04-09-2024T08:29:43 - [TEST_STEP][PASSED] - totalplay.Common.verifyPropertyExist(FoodSLP, components_2_componentAssets_1_link): totalplay.Common.verifyPropertyExist is PASSED

04-09-2024T08:29:43 - [MESSAGE][INFO] - Checking response object

04-09-2024T08:29:43 - [MESSAGE][PASSED] - totalplay.Common.verifyPropertyExist is PASSED

04-09-2024T08:29:43 - [TEST_STEP][PASSED] - totalplay.Common.verifyPropertyValueExist(FoodSLP, components_2_componentAssets_1_link): totalplay.Common.verifyPropertyValueExist is PASSED

04-09-2024T08:29:43 - [MESSAGE][INFO] - Checking response object

04-09-2024T08:29:43 - [MESSAGE][INFO] - /dw/shop/v23_3/content/seller-category-page?corporateName=VamosenMasa

04-09-2024T08:29:43 - [MESSAGE][PASSED] - totalplay.Common.verifyPropertyValueExist is PASSED

04-09-2024T08:29:43 - [TEST_STEP][PASSED] - totalplay.Common.verifyPropertyExist(FoodSLP, components_2_componentAssets_1_storeList_0_ID): totalplay.Common.verifyPropertyExist is PASSED

04-09-2024T08:29:43 - [MESSAGE][INFO] - Checking response object

04-09-2024T08:29:43 - [MESSAGE][PASSED] - totalplay.Common.verifyPropertyExist is PASSED

04-09-2024T08:29:43 - [TEST_STEP][PASSED] - totalplay.Common.verifyPropertyValueExist(FoodSLP, components_2_componentAssets_1_storeList_0_ID): totalplay.Common.verifyPropertyValueExist is PASSED

04-09-2024T08:29:43 - [MESSAGE][INFO] - Checking response object

04-09-2024T08:29:43 - [MESSAGE][INFO] - 2003

04-09-2024T08:29:43 - [MESSAGE][PASSED] - totalplay.Common.verifyPropertyValueExist is PASSED

04-09-2024T08:29:43 - [TEST_STEP][PASSED] - totalplay.Common.verifyPropertyExist(FoodSLP, components_2_componentAssets_1_storeList_0_name): totalplay.Common.verifyPropertyExist is PASSED

04-09-2024T08:29:43 - [MESSAGE][INFO] - Checking response object

04-09-2024T08:29:43 - [MESSAGE][PASSED] - totalplay.Common.verifyPropertyExist is PASSED

04-09-2024T08:29:43 - [TEST_STEP][PASSED] - totalplay.Common.verifyPropertyValueExist(FoodSLP, components_2_componentAssets_1_storeList_0_name): totalplay.Common.verifyPropertyValueExist is PASSED

04-09-2024T08:29:43 - [MESSAGE][INFO] - Checking response object

04-09-2024T08:29:43 - [MESSAGE][INFO] - Liverpool Santafee

04-09-2024T08:29:43 - [MESSAGE][PASSED] - totalplay.Common.verifyPropertyValueExist is PASSED

04-09-2024T08:29:43 - [TEST_STEP][PASSED] - totalplay.Common.verifyPropertyValueEmptyString(FoodSLP, components_2_componentAssets_1_storeList_0_logo): totalplay.Common.verifyPropertyValueEmptyString is PASSED

04-09-2024T08:29:43 - [MESSAGE][INFO] - Checking response object

04-09-2024T08:29:43 - [MESSAGE][INFO] - 

04-09-2024T08:29:43 - [MESSAGE][PASSED] - totalplay.Common.verifyPropertyValueEmptyString is PASSED

04-09-2024T08:29:43 - [TEST_STEP][PASSED] - totalplay.Common.verifyPropertyValueEmptyString(FoodSLP, components_2_componentAssets_1_storeList_0_bannerImage): totalplay.Common.verifyPropertyValueEmptyString is PASSED

04-09-2024T08:29:43 - [MESSAGE][INFO] - Checking response object

04-09-2024T08:29:43 - [MESSAGE][INFO] - 

04-09-2024T08:29:43 - [MESSAGE][PASSED] - totalplay.Common.verifyPropertyValueEmptyString is PASSED

04-09-2024T08:29:43 - [TEST_STEP][PASSED] - totalplay.Common.verifyPropertyValueEmptyString(FoodSLP, components_2_componentAssets_1_storeList_0_corporateColorCode): totalplay.Common.verifyPropertyValueEmptyString is PASSED

04-09-2024T08:29:43 - [MESSAGE][INFO] - Checking response object

04-09-2024T08:29:43 - [MESSAGE][INFO] - 

04-09-2024T08:29:43 - [MESSAGE][PASSED] - totalplay.Common.verifyPropertyValueEmptyString is PASSED

04-09-2024T08:29:43 - [TEST_STEP][PASSED] - totalplay.Common.verifyPropertyExist(FoodSLP, components_2_componentAssets_1_storeList_0_corporateName): totalplay.Common.verifyPropertyExist is PASSED

04-09-2024T08:29:43 - [MESSAGE][INFO] - Checking response object

04-09-2024T08:29:43 - [MESSAGE][PASSED] - totalplay.Common.verifyPropertyExist is PASSED

04-09-2024T08:29:43 - [TEST_STEP][PASSED] - totalplay.Common.verifyPropertyValueExist(FoodSLP, components_2_componentAssets_1_storeList_0_corporateName): totalplay.Common.verifyPropertyValueExist is PASSED

04-09-2024T08:29:43 - [MESSAGE][INFO] - Checking response object

04-09-2024T08:29:44 - [MESSAGE][INFO] - Liverpool

04-09-2024T08:29:44 - [MESSAGE][PASSED] - totalplay.Common.verifyPropertyValueExist is PASSED

04-09-2024T08:29:44 - [TEST_STEP][PASSED] - totalplay.Common.getBooleanValueofObject(FoodSLP, components_2_componentAssets_1_storeList_0_storeOpen): totalplay.Common.getBooleanValueofObject is PASSED

04-09-2024T08:29:44 - [MESSAGE][INFO] - Checking response object

04-09-2024T08:29:44 - [MESSAGE][PASSED] - totalplay.Common.getBooleanValueofObject is PASSED

04-09-2024T08:29:44 - [TEST_STEP][PASSED] - totalplay.Common.getBooleanValueofObject(FoodSLP, components_2_componentAssets_1_storeList_0_link): totalplay.Common.getBooleanValueofObject is PASSED

04-09-2024T08:29:44 - [MESSAGE][INFO] - Checking response object

04-09-2024T08:29:44 - [MESSAGE][PASSED] - totalplay.Common.getBooleanValueofObject is PASSED

04-09-2024T08:29:44 - [TEST_STEP][PASSED] - totalplay.Common.verifyPropertyExist(FoodSLP, components_2_componentAssets_1_storeList_0_linkType): totalplay.Common.verifyPropertyExist is PASSED

04-09-2024T08:29:44 - [MESSAGE][INFO] - Checking response object

04-09-2024T08:29:44 - [MESSAGE][PASSED] - totalplay.Common.verifyPropertyExist is PASSED

04-09-2024T08:29:44 - [TEST_STEP][PASSED] - totalplay.Common.verifyPropertyValueExist(FoodSLP, components_2_componentAssets_1_storeList_0_linkType): totalplay.Common.verifyPropertyValueExist is PASSED

04-09-2024T08:29:44 - [MESSAGE][INFO] - Checking response object

04-09-2024T08:29:44 - [MESSAGE][INFO] - PLP

04-09-2024T08:29:44 - [MESSAGE][PASSED] - totalplay.Common.verifyPropertyValueExist is PASSED

04-09-2024T08:29:44 - [TEST_STEP][PASSED] - totalplay.Common.verifyPropertyExist(FoodSLP, components_2_componentAssets_1_storeList_0_ondemandEDD): totalplay.Common.verifyPropertyExist is PASSED

04-09-2024T08:29:44 - [MESSAGE][INFO] - Checking response object

04-09-2024T08:29:44 - [MESSAGE][PASSED] - totalplay.Common.verifyPropertyExist is PASSED

04-09-2024T08:29:44 - [TEST_STEP][PASSED] - totalplay.Common.verifyPropertyValueExist(FoodSLP, components_2_componentAssets_1_storeList_0_ondemandEDD): totalplay.Common.verifyPropertyValueExist is PASSED

04-09-2024T08:29:44 - [MESSAGE][INFO] - Checking response object

04-09-2024T08:29:44 - [MESSAGE][INFO] - 90 Min

04-09-2024T08:29:44 - [MESSAGE][PASSED] - totalplay.Common.verifyPropertyValueExist is PASSED

04-09-2024T08:29:44 - [TEST_STEP][PASSED] - totalplay.Common.verifyPropertyExist(FoodSLP, components_3_carouselHeading): totalplay.Common.verifyPropertyExist is PASSED

04-09-2024T08:29:44 - [MESSAGE][INFO] - Checking response object

04-09-2024T08:29:44 - [MESSAGE][PASSED] - totalplay.Common.verifyPropertyExist is PASSED

04-09-2024T08:29:44 - [TEST_STEP][PASSED] - totalplay.Common.verifyPropertyValueExist(FoodSLP, components_3_carouselHeading): totalplay.Common.verifyPropertyValueExist is PASSED

04-09-2024T08:29:44 - [MESSAGE][INFO] - Checking response object

04-09-2024T08:29:44 - [MESSAGE][INFO] - Los más populares

04-09-2024T08:29:44 - [MESSAGE][PASSED] - totalplay.Common.verifyPropertyValueExist is PASSED

04-09-2024T08:29:44 - [TEST_STEP][PASSED] - totalplay.Common.verifyPropertyExist(FoodSLP, components_3_viewType): totalplay.Common.verifyPropertyExist is PASSED

04-09-2024T08:29:44 - [MESSAGE][INFO] - Checking response object

04-09-2024T08:29:44 - [MESSAGE][PASSED] - totalplay.Common.verifyPropertyExist is PASSED

04-09-2024T08:29:44 - [TEST_STEP][PASSED] - totalplay.Common.verifyPropertyValueExist(FoodSLP, components_3_viewType): totalplay.Common.verifyPropertyValueExist is PASSED

04-09-2024T08:29:44 - [MESSAGE][INFO] - Checking response object

04-09-2024T08:29:44 - [MESSAGE][INFO] - veritcal

04-09-2024T08:29:44 - [MESSAGE][PASSED] - totalplay.Common.verifyPropertyValueExist is PASSED

04-09-2024T08:29:44 - [TEST_STEP][PASSED] - totalplay.Common.verifyPropertyExist(FoodSLP, components_3_linesToDisplay): totalplay.Common.verifyPropertyExist is PASSED

04-09-2024T08:29:44 - [MESSAGE][INFO] - Checking response object

04-09-2024T08:29:44 - [MESSAGE][PASSED] - totalplay.Common.verifyPropertyExist is PASSED

04-09-2024T08:29:44 - [TEST_STEP][PASSED] - totalplay.Common.verifyPropertyValueExist(FoodSLP, components_3_linesToDisplay): totalplay.Common.verifyPropertyValueExist is PASSED

04-09-2024T08:29:44 - [MESSAGE][INFO] - Checking response object

04-09-2024T08:29:44 - [MESSAGE][INFO] - one line display

04-09-2024T08:29:44 - [MESSAGE][PASSED] - totalplay.Common.verifyPropertyValueExist is PASSED

04-09-2024T08:29:44 - [TEST_STEP][PASSED] - totalplay.Common.verifyPropertyExist(FoodSLP, components_3_heading): totalplay.Common.verifyPropertyExist is PASSED

04-09-2024T08:29:44 - [MESSAGE][INFO] - Checking response object

04-09-2024T08:29:44 - [MESSAGE][PASSED] - totalplay.Common.verifyPropertyExist is PASSED

04-09-2024T08:29:44 - [TEST_STEP][PASSED] - totalplay.Common.verifyPropertyValueExist(FoodSLP, components_3_heading): totalplay.Common.verifyPropertyValueExist is PASSED

04-09-2024T08:29:44 - [MESSAGE][INFO] - Checking response object

04-09-2024T08:29:44 - [MESSAGE][INFO] - Los más populares

04-09-2024T08:29:44 - [MESSAGE][PASSED] - totalplay.Common.verifyPropertyValueExist is PASSED]]></system-out>
         <system-err><![CDATA[]]></system-err>
      </testcase>
      <testcase name="Test Cases/TotalPlay-Food/TC_6_Food PDP" time="14.614" classname="Test Cases/TotalPlay-Food/TC_6_Food PDP" status="PASSED">
         <system-out><![CDATA[04-09-2024T08:29:45 - [TEST_CASE][PASSED] - Test Cases/TotalPlay-Food/TC_6_Food PDP: Test Cases/TotalPlay-Food/TC_6_Food PDP

04-09-2024T08:29:47 - [TEST_STEP][PASSED] - callTestCase(findTestCase("TotalPlay-Food/TC_1_Login_Service"), [:], STOP_ON_FAILURE): Call Test Case 'Test Cases/TotalPlay-Food/TC_1_Login_Service' successfully

04-09-2024T08:29:47 - [MESSAGE][INFO] - Checking called Test Case

04-09-2024T08:29:47 - [MESSAGE][INFO] - Starting to call Test Case 'Test Cases/TotalPlay-Food/TC_1_Login_Service'

04-09-2024T08:29:47 - [TEST_CASE][PASSED] - Test Cases/TotalPlay-Food/TC_1_Login_Service: Test Cases/TotalPlay-Food/TC_1_Login_Service

04-09-2024T08:29:47 - [TEST_STEP][PASSED] - LoginResponse = sendRequest(findTestObject("TotalPlay-Food/getTokenDelivery", ["URL":URL])): Send request successfully

04-09-2024T08:29:47 - [MESSAGE][INFO] - Finding Test Object 'Object Repository/TotalPlay-Food/getTokenDelivery'

04-09-2024T08:29:48 - [MESSAGE][INFO] - Checking request object

04-09-2024T08:29:52 - [MESSAGE][INFO] - HAR: C:\Users\ShubhamKumarThakur\OneDrive - Kognivera\Documents\TotalPlay\totalplay-automation\Reports\20240904_082912\Food_Service_Normal_Flow_PlaceOrder\20240904_082912\requests\main\3.har

04-09-2024T08:29:52 - [MESSAGE][PASSED] - Send request successfully

04-09-2024T08:29:52 - [TEST_STEP][PASSED] - assert getResponseStatusCode(LoginResponse) == 200: Checking response object

04-09-2024T08:29:52 - [MESSAGE][INFO] - Checking response object

04-09-2024T08:29:52 - [TEST_STEP][PASSED] - Auth = "ocapiResponse.access_token": null

04-09-2024T08:29:52 - [TEST_STEP][PASSED] - FoodBascketId = "ocapiResponse.c_basketId_TP_FOOD": null

04-09-2024T08:29:52 - [TEST_STEP][PASSED] - FoodBasId = getElementPropertyValue(LoginResponse, FoodBascketId): Checking response object

04-09-2024T08:29:52 - [MESSAGE][INFO] - Checking response object

04-09-2024T08:29:52 - [TEST_STEP][PASSED] - sfccAuthorization = getElementPropertyValue(LoginResponse, Auth): Checking response object

04-09-2024T08:29:52 - [MESSAGE][INFO] - Checking response object

04-09-2024T08:29:52 - [TEST_STEP][PASSED] - Authorization = "Bearer " + sfccAuthorization: null

04-09-2024T08:29:52 - [TEST_STEP][PASSED] - FoodBasketId = FoodBasId: null

04-09-2024T08:29:52 - [TEST_STEP][PASSED] - logInfo(bm_auth_token): 

04-09-2024T08:29:52 - [MESSAGE][INFO] - 

04-09-2024T08:29:52 - [TEST_STEP][PASSED] - if (sfccAuthorization.length() == 0): null

04-09-2024T08:29:52 - [TEST_STEP][PASSED] - else: authorization generated

04-09-2024T08:29:52 - [TEST_STEP][PASSED] - markPassed("authorization generated"): authorization generated

04-09-2024T08:29:52 - [MESSAGE][PASSED] - authorization generated

04-09-2024T08:29:52 - [TEST_STEP][PASSED] - BasketId_loginResponse = "ocapiResponse.c_basketId": null

04-09-2024T08:29:52 - [TEST_STEP][PASSED] - CustomerId_loginResponse = "ocapiResponse.customer_id": null

04-09-2024T08:29:52 - [TEST_STEP][PASSED] - basketId = getElementPropertyValue(LoginResponse, BasketId_loginResponse): Checking response object

04-09-2024T08:29:52 - [MESSAGE][INFO] - Checking response object

04-09-2024T08:29:52 - [TEST_STEP][PASSED] - customerId = getElementPropertyValue(LoginResponse, CustomerId_loginResponse): Checking response object

04-09-2024T08:29:52 - [MESSAGE][INFO] - Checking response object

04-09-2024T08:29:52 - [TEST_STEP][PASSED] - basketID = basketId: null

04-09-2024T08:29:52 - [TEST_STEP][PASSED] - sla_customerId = customerId: null

04-09-2024T08:29:52 - [TEST_STEP][PASSED] - println(basketID): null

04-09-2024T08:29:52 - [TEST_STEP][PASSED] - println(sla_customerId): null

04-09-2024T08:29:52 - [TEST_STEP][PASSED] - refresh_token = "ocapiResponse.refresh_token": null

04-09-2024T08:29:52 - [TEST_STEP][PASSED] - customer_email = "ocapiResponse.customer_email": null

04-09-2024T08:29:52 - [TEST_STEP][PASSED] - c_brmId = "ocapiResponse.c_brmId": null

04-09-2024T08:29:52 - [TEST_STEP][PASSED] - customer_name = "ocapiResponse.customer_name": null

04-09-2024T08:29:52 - [TEST_STEP][PASSED] - totalplay.Common.verifyPropertyExist(LoginResponse, refresh_token): totalplay.Common.verifyPropertyExist is PASSED

04-09-2024T08:29:52 - [MESSAGE][INFO] - Checking response object

04-09-2024T08:29:52 - [MESSAGE][PASSED] - totalplay.Common.verifyPropertyExist is PASSED

04-09-2024T08:29:52 - [TEST_STEP][PASSED] - totalplay.Common.verifyPropertyValueExist(LoginResponse, refresh_token): totalplay.Common.verifyPropertyValueExist is PASSED

04-09-2024T08:29:52 - [MESSAGE][INFO] - Checking response object

04-09-2024T08:29:52 - [MESSAGE][INFO] - HPpsvzVs3x_qTsz5siKcg9IR500n_C-vYWAVQ4_FA08

04-09-2024T08:29:52 - [MESSAGE][PASSED] - totalplay.Common.verifyPropertyValueExist is PASSED

04-09-2024T08:29:52 - [TEST_STEP][PASSED] - totalplay.Common.verifyPropertyExist(LoginResponse, customer_email): totalplay.Common.verifyPropertyExist is PASSED

04-09-2024T08:29:52 - [MESSAGE][INFO] - Checking response object

04-09-2024T08:29:52 - [MESSAGE][PASSED] - totalplay.Common.verifyPropertyExist is PASSED

04-09-2024T08:29:52 - [TEST_STEP][PASSED] - totalplay.Common.verifyPropertyValueExist(LoginResponse, customer_email): totalplay.Common.verifyPropertyValueExist is PASSED

04-09-2024T08:29:52 - [MESSAGE][INFO] - Checking response object

04-09-2024T08:29:52 - [MESSAGE][INFO] - cesar.waldo93@gmail.com

04-09-2024T08:29:52 - [MESSAGE][PASSED] - totalplay.Common.verifyPropertyValueExist is PASSED

04-09-2024T08:29:52 - [TEST_STEP][PASSED] - totalplay.Common.verifyPropertyExist(LoginResponse, customer_name): totalplay.Common.verifyPropertyExist is PASSED

04-09-2024T08:29:52 - [MESSAGE][INFO] - Checking response object

04-09-2024T08:29:52 - [MESSAGE][PASSED] - totalplay.Common.verifyPropertyExist is PASSED

04-09-2024T08:29:52 - [TEST_STEP][PASSED] - totalplay.Common.verifyPropertyValueExist(LoginResponse, customer_name): totalplay.Common.verifyPropertyValueExist is PASSED

04-09-2024T08:29:52 - [MESSAGE][INFO] - Checking response object

04-09-2024T08:29:52 - [MESSAGE][INFO] - CESAR GERARDO WALDO GONZALEZ

04-09-2024T08:29:52 - [MESSAGE][PASSED] - totalplay.Common.verifyPropertyValueExist is PASSED

04-09-2024T08:29:52 - [TEST_STEP][PASSED] - totalplay.Common.verifyPropertyExist(LoginResponse, c_brmId): totalplay.Common.verifyPropertyExist is PASSED

04-09-2024T08:29:52 - [MESSAGE][INFO] - Checking response object

04-09-2024T08:29:52 - [MESSAGE][PASSED] - totalplay.Common.verifyPropertyExist is PASSED

04-09-2024T08:29:52 - [TEST_STEP][PASSED] - totalplay.Common.verifyPropertyValueExist(LoginResponse, c_brmId): totalplay.Common.verifyPropertyValueExist is PASSED

04-09-2024T08:29:52 - [MESSAGE][INFO] - Checking response object

04-09-2024T08:29:52 - [MESSAGE][INFO] - 0106378356

04-09-2024T08:29:52 - [MESSAGE][PASSED] - totalplay.Common.verifyPropertyValueExist is PASSED

04-09-2024T08:29:52 - [MESSAGE][PASSED] - Call Test Case 'Test Cases/TotalPlay-Food/TC_1_Login_Service' successfully

04-09-2024T08:29:52 - [TEST_STEP][PASSED] - FoodPDP = sendRequest(findTestObject("TotalPlay-Food/Food PDP", ["URL":URL])): Send request successfully

04-09-2024T08:29:52 - [MESSAGE][INFO] - Finding Test Object 'Object Repository/TotalPlay-Food/Food PDP'

04-09-2024T08:29:52 - [MESSAGE][INFO] - Checking request object

04-09-2024T08:29:55 - [MESSAGE][INFO] - HAR: C:\Users\ShubhamKumarThakur\OneDrive - Kognivera\Documents\TotalPlay\totalplay-automation\Reports\20240904_082912\Food_Service_Normal_Flow_PlaceOrder\20240904_082912\requests\main\4.har

04-09-2024T08:29:55 - [MESSAGE][PASSED] - Send request successfully

04-09-2024T08:29:55 - [TEST_STEP][PASSED] - verifyResponseStatusCode(FoodPDP, 200): Verify response status code successfully

04-09-2024T08:29:55 - [MESSAGE][INFO] - Checking response object

04-09-2024T08:29:55 - [MESSAGE][PASSED] - Verify response status code successfully

04-09-2024T08:29:55 - [TEST_STEP][PASSED] - type = "_type": null

04-09-2024T08:29:55 - [TEST_STEP][PASSED] - brand = "brand": null

04-09-2024T08:29:55 - [TEST_STEP][PASSED] - currency = "currency": null

04-09-2024T08:29:55 - [TEST_STEP][PASSED] - id = "id": null

04-09-2024T08:29:55 - [TEST_STEP][PASSED] - inventory = "inventory": null

04-09-2024T08:29:55 - [TEST_STEP][PASSED] - inventory_type = "inventory._type": null

04-09-2024T08:29:55 - [TEST_STEP][PASSED] - inventory_ats = "inventory.ats": null

04-09-2024T08:29:55 - [TEST_STEP][PASSED] - inventory_backorderable = "inventory.backorderable": null

04-09-2024T08:29:55 - [TEST_STEP][PASSED] - inventory_id = "inventory.id": null

04-09-2024T08:29:55 - [TEST_STEP][PASSED] - inventory_orderable = "inventory.orderable": null

04-09-2024T08:29:55 - [TEST_STEP][PASSED] - inventory_preorderable = "inventory.preorderable": null

04-09-2024T08:29:55 - [TEST_STEP][PASSED] - inventory_stock_level = "inventory.stock_level": null

04-09-2024T08:29:55 - [TEST_STEP][PASSED] - min_order_quantity = "min_order_quantity": null

04-09-2024T08:29:55 - [TEST_STEP][PASSED] - name = "name": null

04-09-2024T08:29:55 - [TEST_STEP][PASSED] - price = "price": null

04-09-2024T08:29:55 - [TEST_STEP][PASSED] - price_per_unit = "price_per_unit": null

04-09-2024T08:29:55 - [TEST_STEP][PASSED] - product_promotions = "product_promotions": null

04-09-2024T08:29:55 - [TEST_STEP][PASSED] - product_promotions_type = "product_promotions[0]._type": null

04-09-2024T08:29:55 - [TEST_STEP][PASSED] - product_promotions_link = "product_promotions[0].link": null

04-09-2024T08:29:55 - [TEST_STEP][PASSED] - product_promotions_promotion_id = "product_promotions[0].promotion_id": null

04-09-2024T08:29:55 - [TEST_STEP][PASSED] - step_quantity = "step_quantity": null

04-09-2024T08:29:55 - [TEST_STEP][PASSED] - type_type = "type._type": null

04-09-2024T08:29:55 - [TEST_STEP][PASSED] - c_PromoAvailable = "c_PromoAvailable": null

04-09-2024T08:29:55 - [TEST_STEP][PASSED] - c_corporateName = "c_corporateName": null

04-09-2024T08:29:55 - [TEST_STEP][PASSED] - c_description = "c_description": null

04-09-2024T08:29:55 - [TEST_STEP][PASSED] - c_discountPercentage = "c_discountPercentage": null

04-09-2024T08:29:55 - [TEST_STEP][PASSED] - c_individualDelivery = "c_individualDelivery": null

04-09-2024T08:29:55 - [TEST_STEP][PASSED] - c_marketplaceProduct = "c_marketplaceProduct": null

04-09-2024T08:29:55 - [TEST_STEP][PASSED] - c_miraklProductDataSource = "c_miraklProductDataSource": null

04-09-2024T08:29:55 - [TEST_STEP][PASSED] - c_miraklProductId = "c_miraklProductId": null

04-09-2024T08:29:55 - [TEST_STEP][PASSED] - c_miraklShopID = "c_miraklShopID": null

04-09-2024T08:29:55 - [TEST_STEP][PASSED] - c_miraklShopName = "c_miraklShopName": null

04-09-2024T08:29:55 - [TEST_STEP][PASSED] - c_productType = "c_productType": null

04-09-2024T08:29:55 - [TEST_STEP][PASSED] - c_promotionName = "c_promotionName": null

04-09-2024T08:29:55 - [TEST_STEP][PASSED] - c_sapId = "c_sapId": null

04-09-2024T08:29:55 - [TEST_STEP][PASSED] - c_selectable = "c_selectable": null

04-09-2024T08:29:55 - [TEST_STEP][PASSED] - c_seller_lead_times = "c_seller-lead-times": null

04-09-2024T08:29:55 - [TEST_STEP][PASSED] - c_sellerDescription = "c_sellerDescription": null

04-09-2024T08:29:55 - [TEST_STEP][PASSED] - c_shopIdName = "c_shopIdName": null

04-09-2024T08:29:55 - [TEST_STEP][PASSED] - c_tpshop = "c_tpshop": null

04-09-2024T08:29:55 - [TEST_STEP][PASSED] - c_updateMiraklImages = "c_updateMiraklImages": null

04-09-2024T08:29:55 - [TEST_STEP][PASSED] - c_verticalType = "c_verticalType": null

04-09-2024T08:29:55 - [TEST_STEP][PASSED] - c_salePrice = "c_salePrice": null

04-09-2024T08:29:55 - [TEST_STEP][PASSED] - c_salePrice_value = "c_salePrice.value": null

04-09-2024T08:29:55 - [TEST_STEP][PASSED] - c_salePrice_currency = "c_salePrice.currency": null

04-09-2024T08:29:55 - [TEST_STEP][PASSED] - c_salePrice_decimalPrice = "c_salePrice.decimalPrice": null

04-09-2024T08:29:55 - [TEST_STEP][PASSED] - c_basePrice = "c_basePrice": null

04-09-2024T08:29:55 - [TEST_STEP][PASSED] - c_basePrice_currency = "c_basePrice.currency": null

04-09-2024T08:29:55 - [TEST_STEP][PASSED] - c_basePrice_decimalPrice = "c_basePrice.decimalPrice": null

04-09-2024T08:29:55 - [TEST_STEP][PASSED] - c_similarProducts = "c_similarProducts": null

04-09-2024T08:29:55 - [TEST_STEP][PASSED] - c_similarProducts_online = "c_similarProducts[0].online": null

04-09-2024T08:29:55 - [TEST_STEP][PASSED] - c_similarProducts_link = "c_similarProducts[0].link": null

04-09-2024T08:29:55 - [TEST_STEP][PASSED] - c_similarProducts_linkType = "c_similarProducts[0].linkType": null

04-09-2024T08:29:55 - [TEST_STEP][PASSED] - c_similarProducts_productId = "c_similarProducts[0].productId": null

04-09-2024T08:29:55 - [TEST_STEP][PASSED] - c_similarProducts_productName = "c_similarProducts[0].productName": null

04-09-2024T08:29:55 - [TEST_STEP][PASSED] - c_similarProducts_productDesc = "c_similarProducts[0].productDesc": null

04-09-2024T08:29:55 - [TEST_STEP][PASSED] - c_similarProducts_productType = "c_similarProducts[0].productType": null

04-09-2024T08:29:55 - [TEST_STEP][PASSED] - c_similarProducts_basePrice = "c_similarProducts[0].basePrice": null

04-09-2024T08:29:55 - [TEST_STEP][PASSED] - c_similarProducts_basePrice_currency = "c_similarProducts[0].basePrice.currency": null

04-09-2024T08:29:55 - [TEST_STEP][PASSED] - c_similarProducts_basePrice_decimalPrice = "c_similarProducts[0].basePrice.decimalPrice": null

04-09-2024T08:29:55 - [TEST_STEP][PASSED] - c_similarProducts_salePrice = "c_similarProducts[0].salePrice": null

04-09-2024T08:29:55 - [TEST_STEP][PASSED] - c_similarProducts_salePrice_value = "c_similarProducts[0].salePrice.value": null

04-09-2024T08:29:55 - [TEST_STEP][PASSED] - c_similarProducts_salePrice_currency = "c_similarProducts[0].salePrice.currency": null

04-09-2024T08:29:55 - [TEST_STEP][PASSED] - c_similarProducts_salePrice_formatted = "c_similarProducts[0].salePrice.formatted": null

04-09-2024T08:29:55 - [TEST_STEP][PASSED] - c_similarProducts_image_alt = "c_similarProducts[0].image[0].alt": null

04-09-2024T08:29:55 - [TEST_STEP][PASSED] - c_similarProducts_image_url = "c_similarProducts[0].image[0].url": null

04-09-2024T08:29:55 - [TEST_STEP][PASSED] - c_similarProducts_imagetitle = "c_similarProducts[0].image[0].title": null

04-09-2024T08:29:55 - [TEST_STEP][PASSED] - c_similarProducts_discount_percentage = "c_similarProducts[0].discount_percentage": null

04-09-2024T08:29:55 - [TEST_STEP][PASSED] - c_similarProducts_promotionName = "c_similarProducts[0].promotionName": null

04-09-2024T08:29:55 - [TEST_STEP][PASSED] - c_similarProducts_promotionName_calloutMsg = "c_similarProducts[0].promotionName[0].calloutMsg": null

04-09-2024T08:29:55 - [TEST_STEP][PASSED] - c_similarProducts_promotionName_details = "c_similarProducts[0].promotionName[0].details": null

04-09-2024T08:29:55 - [TEST_STEP][PASSED] - c_similarProducts_promotionName_enabled = "c_similarProducts[0].promotionName[0].enabled": null

04-09-2024T08:29:55 - [TEST_STEP][PASSED] - c_similarProducts_promotionName_id = "c_similarProducts[0].promotionName[0].id": null

04-09-2024T08:29:55 - [TEST_STEP][PASSED] - c_similarProducts_promotionName_name = "c_similarProducts[0].promotionName[0].name": null

04-09-2024T08:29:55 - [TEST_STEP][PASSED] - c_similarProducts_promotionName_promotionClass = "c_similarProducts[0].promotionName[0].promotionClass": null

04-09-2024T08:29:55 - [TEST_STEP][PASSED] - c_similarProducts_promotionName_rank = "c_similarProducts[0].promotionName[0].rank": null

04-09-2024T08:29:55 - [TEST_STEP][PASSED] - c_similarProducts_promoPrice = "c_similarProducts[0].promoPrice": null

04-09-2024T08:29:55 - [TEST_STEP][PASSED] - c_similarProducts_isVariant = "c_similarProducts[0].isVariant": null

04-09-2024T08:29:55 - [TEST_STEP][PASSED] - c_similarProducts_colorSwatches = "c_similarProducts[0].colorSwatches": null

04-09-2024T08:29:55 - [TEST_STEP][PASSED] - c_similarProducts_emi_installment_amount = "c_similarProducts[0].emi_installment_amount": null

04-09-2024T08:29:55 - [TEST_STEP][PASSED] - c_similarProducts_bestOfferPrice = "c_similarProducts[0].bestOfferPrice": null

04-09-2024T08:29:55 - [TEST_STEP][PASSED] - totalplay.Common.verifyPropertyExist(FoodPDP, type): totalplay.Common.verifyPropertyExist is PASSED

04-09-2024T08:29:55 - [MESSAGE][INFO] - Checking response object

04-09-2024T08:29:55 - [MESSAGE][PASSED] - totalplay.Common.verifyPropertyExist is PASSED

04-09-2024T08:29:55 - [TEST_STEP][PASSED] - totalplay.Common.verifyPropertyValueExist(FoodPDP, type): totalplay.Common.verifyPropertyValueExist is PASSED

04-09-2024T08:29:55 - [MESSAGE][INFO] - Checking response object

04-09-2024T08:29:55 - [MESSAGE][INFO] - product

04-09-2024T08:29:55 - [MESSAGE][PASSED] - totalplay.Common.verifyPropertyValueExist is PASSED

04-09-2024T08:29:55 - [TEST_STEP][PASSED] - totalplay.Common.verifyPropertyExist(FoodPDP, brand): totalplay.Common.verifyPropertyExist is PASSED

04-09-2024T08:29:55 - [MESSAGE][INFO] - Checking response object

04-09-2024T08:29:55 - [MESSAGE][PASSED] - totalplay.Common.verifyPropertyExist is PASSED

04-09-2024T08:29:55 - [TEST_STEP][PASSED] - totalplay.Common.verifyPropertyValueExist(FoodPDP, brand): totalplay.Common.verifyPropertyValueExist is PASSED

04-09-2024T08:29:55 - [MESSAGE][INFO] - Checking response object

04-09-2024T08:29:55 - [MESSAGE][INFO] - Casa de Too

04-09-2024T08:29:55 - [MESSAGE][PASSED] - totalplay.Common.verifyPropertyValueExist is PASSED

04-09-2024T08:29:55 - [TEST_STEP][PASSED] - totalplay.Common.verifyPropertyExist(FoodPDP, currency): totalplay.Common.verifyPropertyExist is PASSED

04-09-2024T08:29:55 - [MESSAGE][INFO] - Checking response object

04-09-2024T08:29:55 - [MESSAGE][PASSED] - totalplay.Common.verifyPropertyExist is PASSED

04-09-2024T08:29:55 - [TEST_STEP][PASSED] - totalplay.Common.verifyPropertyValueExist(FoodPDP, currency): totalplay.Common.verifyPropertyValueExist is PASSED

04-09-2024T08:29:55 - [MESSAGE][INFO] - Checking response object

04-09-2024T08:29:55 - [MESSAGE][INFO] - MXN

04-09-2024T08:29:55 - [MESSAGE][PASSED] - totalplay.Common.verifyPropertyValueExist is PASSED

04-09-2024T08:29:55 - [TEST_STEP][PASSED] - totalplay.Common.verifyPropertyExist(FoodPDP, id): totalplay.Common.verifyPropertyExist is PASSED

04-09-2024T08:29:55 - [MESSAGE][INFO] - Checking response object

04-09-2024T08:29:55 - [MESSAGE][PASSED] - totalplay.Common.verifyPropertyExist is PASSED

04-09-2024T08:29:55 - [TEST_STEP][PASSED] - totalplay.Common.verifyPropertyValueExist(FoodPDP, id): totalplay.Common.verifyPropertyValueExist is PASSED

04-09-2024T08:29:55 - [MESSAGE][INFO] - Checking response object

04-09-2024T08:29:55 - [MESSAGE][INFO] - C163098040

04-09-2024T08:29:55 - [MESSAGE][PASSED] - totalplay.Common.verifyPropertyValueExist is PASSED

04-09-2024T08:29:55 - [TEST_STEP][PASSED] - totalplay.Common.verifyPropertyExist(FoodPDP, inventory): totalplay.Common.verifyPropertyExist is PASSED

04-09-2024T08:29:55 - [MESSAGE][INFO] - Checking response object

04-09-2024T08:29:55 - [MESSAGE][PASSED] - totalplay.Common.verifyPropertyExist is PASSED

04-09-2024T08:29:55 - [TEST_STEP][PASSED] - totalplay.Common.verifyPropertyExist(FoodPDP, inventory_type): totalplay.Common.verifyPropertyExist is PASSED

04-09-2024T08:29:55 - [MESSAGE][INFO] - Checking response object

04-09-2024T08:29:55 - [MESSAGE][PASSED] - totalplay.Common.verifyPropertyExist is PASSED

04-09-2024T08:29:55 - [TEST_STEP][PASSED] - totalplay.Common.verifyPropertyValueExist(FoodPDP, inventory_type): totalplay.Common.verifyPropertyValueExist is PASSED

04-09-2024T08:29:55 - [MESSAGE][INFO] - Checking response object

04-09-2024T08:29:55 - [MESSAGE][INFO] - inventory

04-09-2024T08:29:55 - [MESSAGE][PASSED] - totalplay.Common.verifyPropertyValueExist is PASSED

04-09-2024T08:29:55 - [TEST_STEP][PASSED] - totalplay.Common.getNumValueofObject(FoodPDP, inventory_ats): totalplay.Common.getNumValueofObject is PASSED

04-09-2024T08:29:55 - [MESSAGE][INFO] - Checking response object

04-09-2024T08:29:55 - [MESSAGE][PASSED] - totalplay.Common.getNumValueofObject is PASSED

04-09-2024T08:29:55 - [TEST_STEP][PASSED] - totalplay.Common.getBooleanValueofObject(FoodPDP, inventory_backorderable): totalplay.Common.getBooleanValueofObject is PASSED

04-09-2024T08:29:55 - [MESSAGE][INFO] - Checking response object

04-09-2024T08:29:55 - [MESSAGE][PASSED] - totalplay.Common.getBooleanValueofObject is PASSED

04-09-2024T08:29:55 - [TEST_STEP][PASSED] - totalplay.Common.verifyPropertyExist(FoodPDP, inventory_id): totalplay.Common.verifyPropertyExist is PASSED

04-09-2024T08:29:55 - [MESSAGE][INFO] - Checking response object

04-09-2024T08:29:55 - [MESSAGE][PASSED] - totalplay.Common.verifyPropertyExist is PASSED

04-09-2024T08:29:55 - [TEST_STEP][PASSED] - totalplay.Common.verifyPropertyValueExist(FoodPDP, inventory_id): totalplay.Common.verifyPropertyValueExist is PASSED

04-09-2024T08:29:55 - [MESSAGE][INFO] - Checking response object

04-09-2024T08:29:56 - [MESSAGE][INFO] - inventory_m_food_mirakl

04-09-2024T08:29:56 - [MESSAGE][PASSED] - totalplay.Common.verifyPropertyValueExist is PASSED

04-09-2024T08:29:56 - [TEST_STEP][PASSED] - totalplay.Common.getBooleanValueofObject(FoodPDP, inventory_orderable): totalplay.Common.getBooleanValueofObject is PASSED

04-09-2024T08:29:56 - [MESSAGE][INFO] - Checking response object

04-09-2024T08:29:56 - [MESSAGE][PASSED] - totalplay.Common.getBooleanValueofObject is PASSED

04-09-2024T08:29:56 - [TEST_STEP][PASSED] - totalplay.Common.getBooleanValueofObject(FoodPDP, inventory_preorderable): totalplay.Common.getBooleanValueofObject is PASSED

04-09-2024T08:29:56 - [MESSAGE][INFO] - Checking response object

04-09-2024T08:29:56 - [MESSAGE][PASSED] - totalplay.Common.getBooleanValueofObject is PASSED

04-09-2024T08:29:56 - [TEST_STEP][PASSED] - totalplay.Common.getNumValueofObject(FoodPDP, inventory_stock_level): totalplay.Common.getNumValueofObject is PASSED

04-09-2024T08:29:56 - [MESSAGE][INFO] - Checking response object

04-09-2024T08:29:56 - [MESSAGE][PASSED] - totalplay.Common.getNumValueofObject is PASSED

04-09-2024T08:29:56 - [TEST_STEP][PASSED] - totalplay.Common.getNumValueofObject(FoodPDP, min_order_quantity): totalplay.Common.getNumValueofObject is PASSED

04-09-2024T08:29:56 - [MESSAGE][INFO] - Checking response object

04-09-2024T08:29:56 - [MESSAGE][PASSED] - totalplay.Common.getNumValueofObject is PASSED

04-09-2024T08:29:56 - [TEST_STEP][PASSED] - totalplay.Common.verifyPropertyExist(FoodPDP, name): totalplay.Common.verifyPropertyExist is PASSED

04-09-2024T08:29:56 - [MESSAGE][INFO] - Checking response object

04-09-2024T08:29:56 - [MESSAGE][PASSED] - totalplay.Common.verifyPropertyExist is PASSED

04-09-2024T08:29:56 - [TEST_STEP][PASSED] - totalplay.Common.verifyPropertyValueExist(FoodPDP, name): totalplay.Common.verifyPropertyValueExist is PASSED

04-09-2024T08:29:56 - [MESSAGE][INFO] - Checking response object

04-09-2024T08:29:56 - [MESSAGE][INFO] - Sidral 355 ml

04-09-2024T08:29:56 - [MESSAGE][PASSED] - totalplay.Common.verifyPropertyValueExist is PASSED

04-09-2024T08:29:56 - [TEST_STEP][PASSED] - totalplay.Common.getNumValueofObject(FoodPDP, price): totalplay.Common.getNumValueofObject is PASSED

04-09-2024T08:29:56 - [MESSAGE][INFO] - Checking response object

04-09-2024T08:29:56 - [MESSAGE][PASSED] - totalplay.Common.getNumValueofObject is PASSED

04-09-2024T08:29:56 - [TEST_STEP][PASSED] - totalplay.Common.getNumValueofObject(FoodPDP, price_per_unit): totalplay.Common.getNumValueofObject is PASSED

04-09-2024T08:29:56 - [MESSAGE][INFO] - Checking response object

04-09-2024T08:29:56 - [MESSAGE][PASSED] - totalplay.Common.getNumValueofObject is PASSED

04-09-2024T08:29:56 - [TEST_STEP][PASSED] - totalplay.Common.verifyPropertyExist(FoodPDP, type_type): totalplay.Common.verifyPropertyExist is PASSED

04-09-2024T08:29:56 - [MESSAGE][INFO] - Checking response object

04-09-2024T08:29:56 - [MESSAGE][PASSED] - totalplay.Common.verifyPropertyExist is PASSED

04-09-2024T08:29:56 - [TEST_STEP][PASSED] - totalplay.Common.verifyPropertyValueExist(FoodPDP, type_type): totalplay.Common.verifyPropertyValueExist is PASSED

04-09-2024T08:29:56 - [MESSAGE][INFO] - Checking response object

04-09-2024T08:29:56 - [MESSAGE][INFO] - product_type

04-09-2024T08:29:56 - [MESSAGE][PASSED] - totalplay.Common.verifyPropertyValueExist is PASSED

04-09-2024T08:29:56 - [TEST_STEP][PASSED] - totalplay.Common.verifyPropertyExist(FoodPDP, c_PromoAvailable): totalplay.Common.verifyPropertyExist is PASSED

04-09-2024T08:29:56 - [MESSAGE][INFO] - Checking response object

04-09-2024T08:29:56 - [MESSAGE][PASSED] - totalplay.Common.verifyPropertyExist is PASSED

04-09-2024T08:29:56 - [TEST_STEP][PASSED] - totalplay.Common.verifyPropertyValueExist(FoodPDP, c_PromoAvailable): totalplay.Common.verifyPropertyValueExist is PASSED

04-09-2024T08:29:56 - [MESSAGE][INFO] - Checking response object

04-09-2024T08:29:56 - [MESSAGE][INFO] - no

04-09-2024T08:29:56 - [MESSAGE][PASSED] - totalplay.Common.verifyPropertyValueExist is PASSED

04-09-2024T08:29:56 - [TEST_STEP][PASSED] - totalplay.Common.verifyPropertyExist(FoodPDP, c_description): totalplay.Common.verifyPropertyExist is PASSED

04-09-2024T08:29:56 - [MESSAGE][INFO] - Checking response object

04-09-2024T08:29:56 - [MESSAGE][PASSED] - totalplay.Common.verifyPropertyExist is PASSED

04-09-2024T08:29:56 - [TEST_STEP][PASSED] - totalplay.Common.verifyPropertyValueExist(FoodPDP, c_description): totalplay.Common.verifyPropertyValueExist is PASSED

04-09-2024T08:29:56 - [MESSAGE][INFO] - Checking response object

04-09-2024T08:29:56 - [MESSAGE][INFO] - 355 ml

04-09-2024T08:29:56 - [MESSAGE][PASSED] - totalplay.Common.verifyPropertyValueExist is PASSED

04-09-2024T08:29:56 - [TEST_STEP][PASSED] - totalplay.Common.getBooleanValueofObject(FoodPDP, c_individualDelivery): totalplay.Common.getBooleanValueofObject is PASSED

04-09-2024T08:29:56 - [MESSAGE][INFO] - Checking response object

04-09-2024T08:29:56 - [MESSAGE][PASSED] - totalplay.Common.getBooleanValueofObject is PASSED

04-09-2024T08:29:56 - [TEST_STEP][PASSED] - totalplay.Common.getBooleanValueofObject(FoodPDP, c_marketplaceProduct): totalplay.Common.getBooleanValueofObject is PASSED

04-09-2024T08:29:56 - [MESSAGE][INFO] - Checking response object

04-09-2024T08:29:57 - [MESSAGE][PASSED] - totalplay.Common.getBooleanValueofObject is PASSED

04-09-2024T08:29:57 - [TEST_STEP][PASSED] - totalplay.Common.verifyPropertyExist(FoodPDP, c_miraklProductDataSource): totalplay.Common.verifyPropertyExist is PASSED

04-09-2024T08:29:57 - [MESSAGE][INFO] - Checking response object

04-09-2024T08:29:57 - [MESSAGE][PASSED] - totalplay.Common.verifyPropertyExist is PASSED

04-09-2024T08:29:57 - [TEST_STEP][PASSED] - totalplay.Common.verifyPropertyValueExist(FoodPDP, c_miraklProductDataSource): totalplay.Common.verifyPropertyValueExist is PASSED

04-09-2024T08:29:57 - [MESSAGE][INFO] - Checking response object

04-09-2024T08:29:57 - [MESSAGE][INFO] - MIRAKL

04-09-2024T08:29:57 - [MESSAGE][PASSED] - totalplay.Common.verifyPropertyValueExist is PASSED

04-09-2024T08:29:57 - [TEST_STEP][PASSED] - totalplay.Common.verifyPropertyExist(FoodPDP, c_miraklProductId): totalplay.Common.verifyPropertyExist is PASSED

04-09-2024T08:29:57 - [MESSAGE][INFO] - Checking response object

04-09-2024T08:29:57 - [MESSAGE][PASSED] - totalplay.Common.verifyPropertyExist is PASSED

04-09-2024T08:29:57 - [TEST_STEP][PASSED] - totalplay.Common.verifyPropertyValueExist(FoodPDP, c_miraklProductId): totalplay.Common.verifyPropertyValueExist is PASSED

04-09-2024T08:29:57 - [MESSAGE][INFO] - Checking response object

04-09-2024T08:29:57 - [MESSAGE][INFO] - 1abec504-de42-434e-bab7-a9ed20259762

04-09-2024T08:29:57 - [MESSAGE][PASSED] - totalplay.Common.verifyPropertyValueExist is PASSED

04-09-2024T08:29:57 - [TEST_STEP][PASSED] - totalplay.Common.verifyPropertyExist(FoodPDP, c_miraklShopID): totalplay.Common.verifyPropertyExist is PASSED

04-09-2024T08:29:57 - [MESSAGE][INFO] - Checking response object

04-09-2024T08:29:57 - [MESSAGE][PASSED] - totalplay.Common.verifyPropertyExist is PASSED

04-09-2024T08:29:57 - [TEST_STEP][PASSED] - totalplay.Common.verifyPropertyExist(FoodPDP, c_miraklShopName): totalplay.Common.verifyPropertyExist is PASSED

04-09-2024T08:29:57 - [MESSAGE][INFO] - Checking response object

04-09-2024T08:29:57 - [MESSAGE][PASSED] - totalplay.Common.verifyPropertyExist is PASSED

04-09-2024T08:29:57 - [TEST_STEP][PASSED] - totalplay.Common.verifyPropertyExist(FoodPDP, c_productType): totalplay.Common.verifyPropertyExist is PASSED

04-09-2024T08:29:57 - [MESSAGE][INFO] - Checking response object

04-09-2024T08:29:57 - [MESSAGE][PASSED] - totalplay.Common.verifyPropertyExist is PASSED

04-09-2024T08:29:57 - [TEST_STEP][PASSED] - totalplay.Common.verifyPropertyValueExist(FoodPDP, c_productType): totalplay.Common.verifyPropertyValueExist is PASSED

04-09-2024T08:29:57 - [MESSAGE][INFO] - Checking response object

04-09-2024T08:29:57 - [MESSAGE][INFO] - regular

04-09-2024T08:29:57 - [MESSAGE][PASSED] - totalplay.Common.verifyPropertyValueExist is PASSED

04-09-2024T08:29:57 - [TEST_STEP][PASSED] - totalplay.Common.verifyPropertyExist(FoodPDP, c_sapId): totalplay.Common.verifyPropertyExist is PASSED

04-09-2024T08:29:57 - [MESSAGE][INFO] - Checking response object

04-09-2024T08:29:57 - [MESSAGE][PASSED] - totalplay.Common.verifyPropertyExist is PASSED

04-09-2024T08:29:57 - [TEST_STEP][PASSED] - totalplay.Common.verifyPropertyValueExist(FoodPDP, c_sapId): totalplay.Common.verifyPropertyValueExist is PASSED

04-09-2024T08:29:57 - [MESSAGE][INFO] - Checking response object

04-09-2024T08:29:57 - [MESSAGE][INFO] - D2515_P077_230508A

04-09-2024T08:29:57 - [MESSAGE][PASSED] - totalplay.Common.verifyPropertyValueExist is PASSED

04-09-2024T08:29:57 - [TEST_STEP][PASSED] - totalplay.Common.verifyPropertyExist(FoodPDP, c_selectable): totalplay.Common.verifyPropertyExist is PASSED

04-09-2024T08:29:57 - [MESSAGE][INFO] - Checking response object

04-09-2024T08:29:57 - [MESSAGE][PASSED] - totalplay.Common.verifyPropertyExist is PASSED

04-09-2024T08:29:57 - [TEST_STEP][PASSED] - totalplay.Common.verifyPropertyValueExist(FoodPDP, c_selectable): totalplay.Common.verifyPropertyValueExist is PASSED

04-09-2024T08:29:57 - [MESSAGE][INFO] - Checking response object

04-09-2024T08:29:57 - [MESSAGE][INFO] - nTrue

04-09-2024T08:29:57 - [MESSAGE][PASSED] - totalplay.Common.verifyPropertyValueExist is PASSED

04-09-2024T08:29:57 - [TEST_STEP][PASSED] - totalplay.Common.verifyPropertyExist(FoodPDP, c_sellerDescription): totalplay.Common.verifyPropertyExist is PASSED

04-09-2024T08:29:57 - [MESSAGE][INFO] - Checking response object

04-09-2024T08:29:57 - [MESSAGE][PASSED] - totalplay.Common.verifyPropertyExist is PASSED

04-09-2024T08:29:57 - [TEST_STEP][PASSED] - totalplay.Common.verifyPropertyValueExist(FoodPDP, c_sellerDescription): totalplay.Common.verifyPropertyValueExist is PASSED

04-09-2024T08:29:57 - [MESSAGE][INFO] - Checking response object

04-09-2024T08:29:57 - [MESSAGE][INFO] - Mexicana|La Casa De Toño Polanco|La Casa De Toño Tlalpan

04-09-2024T08:29:57 - [MESSAGE][PASSED] - totalplay.Common.verifyPropertyValueExist is PASSED

04-09-2024T08:29:57 - [TEST_STEP][PASSED] - totalplay.Common.verifyPropertyExist(FoodPDP, c_shopIdName): totalplay.Common.verifyPropertyExist is PASSED

04-09-2024T08:29:57 - [MESSAGE][INFO] - Checking response object

04-09-2024T08:29:57 - [MESSAGE][PASSED] - totalplay.Common.verifyPropertyExist is PASSED

04-09-2024T08:29:57 - [TEST_STEP][PASSED] - totalplay.Common.getBooleanValueofObject(FoodPDP, c_tpshop): totalplay.Common.getBooleanValueofObject is PASSED

04-09-2024T08:29:57 - [MESSAGE][INFO] - Checking response object

04-09-2024T08:29:57 - [MESSAGE][PASSED] - totalplay.Common.getBooleanValueofObject is PASSED

04-09-2024T08:29:57 - [TEST_STEP][PASSED] - totalplay.Common.getBooleanValueofObject(FoodPDP, c_updateMiraklImages): totalplay.Common.getBooleanValueofObject is PASSED

04-09-2024T08:29:58 - [MESSAGE][INFO] - Checking response object

04-09-2024T08:29:58 - [MESSAGE][PASSED] - totalplay.Common.getBooleanValueofObject is PASSED

04-09-2024T08:29:58 - [TEST_STEP][PASSED] - totalplay.Common.verifyPropertyExist(FoodPDP, c_verticalType): totalplay.Common.verifyPropertyExist is PASSED

04-09-2024T08:29:58 - [MESSAGE][INFO] - Checking response object

04-09-2024T08:29:58 - [MESSAGE][PASSED] - totalplay.Common.verifyPropertyExist is PASSED

04-09-2024T08:29:58 - [TEST_STEP][PASSED] - totalplay.Common.verifyPropertyExist(FoodPDP, c_salePrice): totalplay.Common.verifyPropertyExist is PASSED

04-09-2024T08:29:58 - [MESSAGE][INFO] - Checking response object

04-09-2024T08:29:58 - [MESSAGE][PASSED] - totalplay.Common.verifyPropertyExist is PASSED

04-09-2024T08:29:58 - [TEST_STEP][PASSED] - totalplay.Common.verifyPropertyExist(FoodPDP, c_salePrice_currency): totalplay.Common.verifyPropertyExist is PASSED

04-09-2024T08:29:58 - [MESSAGE][INFO] - Checking response object

04-09-2024T08:29:58 - [MESSAGE][PASSED] - totalplay.Common.verifyPropertyExist is PASSED

04-09-2024T08:29:58 - [TEST_STEP][PASSED] - totalplay.Common.verifyPropertyValueExist(FoodPDP, c_salePrice_currency): totalplay.Common.verifyPropertyValueExist is PASSED

04-09-2024T08:29:58 - [MESSAGE][INFO] - Checking response object

04-09-2024T08:29:58 - [MESSAGE][INFO] - MXN

04-09-2024T08:29:58 - [MESSAGE][PASSED] - totalplay.Common.verifyPropertyValueExist is PASSED

04-09-2024T08:29:58 - [TEST_STEP][PASSED] - totalplay.Common.verifyPropertyExist(FoodPDP, c_salePrice_decimalPrice): totalplay.Common.verifyPropertyExist is PASSED

04-09-2024T08:29:58 - [MESSAGE][INFO] - Checking response object

04-09-2024T08:29:58 - [MESSAGE][PASSED] - totalplay.Common.verifyPropertyExist is PASSED

04-09-2024T08:29:58 - [TEST_STEP][PASSED] - totalplay.Common.verifyPropertyValueExist(FoodPDP, c_salePrice_decimalPrice): totalplay.Common.verifyPropertyValueExist is PASSED

04-09-2024T08:29:58 - [MESSAGE][INFO] - Checking response object

04-09-2024T08:29:58 - [MESSAGE][INFO] - 0.00

04-09-2024T08:29:58 - [MESSAGE][PASSED] - totalplay.Common.verifyPropertyValueExist is PASSED

04-09-2024T08:29:58 - [TEST_STEP][PASSED] - totalplay.Common.verifyPropertyExist(FoodPDP, c_basePrice_currency): totalplay.Common.verifyPropertyExist is PASSED

04-09-2024T08:29:58 - [MESSAGE][INFO] - Checking response object

04-09-2024T08:29:58 - [MESSAGE][PASSED] - totalplay.Common.verifyPropertyExist is PASSED

04-09-2024T08:29:58 - [TEST_STEP][PASSED] - totalplay.Common.verifyPropertyValueExist(FoodPDP, c_basePrice_currency): totalplay.Common.verifyPropertyValueExist is PASSED

04-09-2024T08:29:58 - [MESSAGE][INFO] - Checking response object

04-09-2024T08:29:58 - [MESSAGE][INFO] - MXN

04-09-2024T08:29:58 - [MESSAGE][PASSED] - totalplay.Common.verifyPropertyValueExist is PASSED

04-09-2024T08:29:58 - [TEST_STEP][PASSED] - totalplay.Common.verifyPropertyExist(FoodPDP, c_basePrice_decimalPrice): totalplay.Common.verifyPropertyExist is PASSED

04-09-2024T08:29:58 - [MESSAGE][INFO] - Checking response object

04-09-2024T08:29:58 - [MESSAGE][PASSED] - totalplay.Common.verifyPropertyExist is PASSED

04-09-2024T08:29:58 - [TEST_STEP][PASSED] - totalplay.Common.verifyPropertyValueExist(FoodPDP, c_basePrice_decimalPrice): totalplay.Common.verifyPropertyValueExist is PASSED

04-09-2024T08:29:58 - [MESSAGE][INFO] - Checking response object

04-09-2024T08:29:58 - [MESSAGE][INFO] - 20.00

04-09-2024T08:29:58 - [MESSAGE][PASSED] - totalplay.Common.verifyPropertyValueExist is PASSED

04-09-2024T08:29:58 - [TEST_STEP][PASSED] - totalplay.Common.verifyPropertyExist(FoodPDP, c_similarProducts): totalplay.Common.verifyPropertyExist is PASSED

04-09-2024T08:29:58 - [MESSAGE][INFO] - Checking response object

04-09-2024T08:29:58 - [MESSAGE][PASSED] - totalplay.Common.verifyPropertyExist is PASSED

04-09-2024T08:29:58 - [TEST_STEP][PASSED] - totalplay.Common.getBooleanValueofObject(FoodPDP, c_similarProducts_online): totalplay.Common.getBooleanValueofObject is PASSED

04-09-2024T08:29:58 - [MESSAGE][INFO] - Checking response object

04-09-2024T08:29:58 - [MESSAGE][PASSED] - totalplay.Common.getBooleanValueofObject is PASSED

04-09-2024T08:29:58 - [TEST_STEP][PASSED] - totalplay.Common.verifyPropertyExist(FoodPDP, c_similarProducts_link): totalplay.Common.verifyPropertyExist is PASSED

04-09-2024T08:29:58 - [MESSAGE][INFO] - Checking response object

04-09-2024T08:29:58 - [MESSAGE][PASSED] - totalplay.Common.verifyPropertyExist is PASSED

04-09-2024T08:29:58 - [TEST_STEP][PASSED] - totalplay.Common.verifyPropertyValueExist(FoodPDP, c_similarProducts_link): totalplay.Common.verifyPropertyValueExist is PASSED

04-09-2024T08:29:58 - [MESSAGE][INFO] - Checking response object

04-09-2024T08:29:58 - [MESSAGE][INFO] - /dw/shop/v23_1/content/seller-pdp?sellerID=4158&c_productid=C1134019442

04-09-2024T08:29:58 - [MESSAGE][PASSED] - totalplay.Common.verifyPropertyValueExist is PASSED

04-09-2024T08:29:58 - [TEST_STEP][PASSED] - totalplay.Common.verifyPropertyExist(FoodPDP, c_similarProducts_linkType): totalplay.Common.verifyPropertyExist is PASSED

04-09-2024T08:29:58 - [MESSAGE][INFO] - Checking response object

04-09-2024T08:29:58 - [MESSAGE][PASSED] - totalplay.Common.verifyPropertyExist is PASSED

04-09-2024T08:29:58 - [TEST_STEP][PASSED] - totalplay.Common.verifyPropertyValueExist(FoodPDP, c_similarProducts_linkType): totalplay.Common.verifyPropertyValueExist is PASSED

04-09-2024T08:29:58 - [MESSAGE][INFO] - Checking response object

04-09-2024T08:29:58 - [MESSAGE][INFO] - PDP

04-09-2024T08:29:58 - [MESSAGE][PASSED] - totalplay.Common.verifyPropertyValueExist is PASSED

04-09-2024T08:29:58 - [TEST_STEP][PASSED] - totalplay.Common.verifyPropertyExist(FoodPDP, c_similarProducts_productId): totalplay.Common.verifyPropertyExist is PASSED

04-09-2024T08:29:58 - [MESSAGE][INFO] - Checking response object

04-09-2024T08:29:58 - [MESSAGE][PASSED] - totalplay.Common.verifyPropertyExist is PASSED

04-09-2024T08:29:58 - [TEST_STEP][PASSED] - totalplay.Common.verifyPropertyValueExist(FoodPDP, c_similarProducts_productId): totalplay.Common.verifyPropertyValueExist is PASSED

04-09-2024T08:29:58 - [MESSAGE][INFO] - Checking response object

04-09-2024T08:29:58 - [MESSAGE][INFO] - C1134019442

04-09-2024T08:29:58 - [MESSAGE][PASSED] - totalplay.Common.verifyPropertyValueExist is PASSED

04-09-2024T08:29:58 - [TEST_STEP][PASSED] - totalplay.Common.verifyPropertyExist(FoodPDP, c_similarProducts_productName): totalplay.Common.verifyPropertyExist is PASSED

04-09-2024T08:29:58 - [MESSAGE][INFO] - Checking response object

04-09-2024T08:29:58 - [MESSAGE][PASSED] - totalplay.Common.verifyPropertyExist is PASSED

04-09-2024T08:29:58 - [TEST_STEP][PASSED] - totalplay.Common.verifyPropertyValueExist(FoodPDP, c_similarProducts_productName): totalplay.Common.verifyPropertyValueExist is PASSED

04-09-2024T08:29:58 - [MESSAGE][INFO] - Checking response object

04-09-2024T08:29:59 - [MESSAGE][INFO] - Sprite 355 ml

04-09-2024T08:29:59 - [MESSAGE][PASSED] - totalplay.Common.verifyPropertyValueExist is PASSED

04-09-2024T08:29:59 - [TEST_STEP][PASSED] - totalplay.Common.verifyPropertyExist(FoodPDP, c_similarProducts_productDesc): totalplay.Common.verifyPropertyExist is PASSED

04-09-2024T08:29:59 - [MESSAGE][INFO] - Checking response object

04-09-2024T08:29:59 - [MESSAGE][PASSED] - totalplay.Common.verifyPropertyExist is PASSED

04-09-2024T08:29:59 - [TEST_STEP][PASSED] - totalplay.Common.verifyPropertyValueExist(FoodPDP, c_similarProducts_productDesc): totalplay.Common.verifyPropertyValueExist is PASSED

04-09-2024T08:29:59 - [MESSAGE][INFO] - Checking response object

04-09-2024T08:29:59 - [MESSAGE][INFO] - 355 ml

04-09-2024T08:29:59 - [MESSAGE][PASSED] - totalplay.Common.verifyPropertyValueExist is PASSED

04-09-2024T08:29:59 - [TEST_STEP][PASSED] - totalplay.Common.verifyPropertyExist(FoodPDP, c_similarProducts_productType): totalplay.Common.verifyPropertyExist is PASSED

04-09-2024T08:29:59 - [MESSAGE][INFO] - Checking response object

04-09-2024T08:29:59 - [MESSAGE][PASSED] - totalplay.Common.verifyPropertyExist is PASSED

04-09-2024T08:29:59 - [TEST_STEP][PASSED] - totalplay.Common.verifyPropertyValueExist(FoodPDP, c_similarProducts_productType): totalplay.Common.verifyPropertyValueExist is PASSED

04-09-2024T08:29:59 - [MESSAGE][INFO] - Checking response object

04-09-2024T08:29:59 - [MESSAGE][INFO] - regular

04-09-2024T08:29:59 - [MESSAGE][PASSED] - totalplay.Common.verifyPropertyValueExist is PASSED

04-09-2024T08:29:59 - [TEST_STEP][PASSED] - totalplay.Common.verifyPropertyExist(FoodPDP, c_similarProducts_basePrice): totalplay.Common.verifyPropertyExist is PASSED

04-09-2024T08:29:59 - [MESSAGE][INFO] - Checking response object

04-09-2024T08:29:59 - [MESSAGE][PASSED] - totalplay.Common.verifyPropertyExist is PASSED

04-09-2024T08:29:59 - [TEST_STEP][PASSED] - totalplay.Common.verifyPropertyValueExist(FoodPDP, c_similarProducts_basePrice_currency): totalplay.Common.verifyPropertyValueExist is PASSED

04-09-2024T08:29:59 - [MESSAGE][INFO] - Checking response object

04-09-2024T08:29:59 - [MESSAGE][INFO] - MXN

04-09-2024T08:29:59 - [MESSAGE][PASSED] - totalplay.Common.verifyPropertyValueExist is PASSED

04-09-2024T08:29:59 - [TEST_STEP][PASSED] - totalplay.Common.verifyPropertyExist(FoodPDP, c_similarProducts_basePrice_currency): totalplay.Common.verifyPropertyExist is PASSED

04-09-2024T08:29:59 - [MESSAGE][INFO] - Checking response object

04-09-2024T08:29:59 - [MESSAGE][PASSED] - totalplay.Common.verifyPropertyExist is PASSED

04-09-2024T08:29:59 - [TEST_STEP][PASSED] - totalplay.Common.verifyPropertyValueExist(FoodPDP, c_similarProducts_basePrice_decimalPrice): totalplay.Common.verifyPropertyValueExist is PASSED

04-09-2024T08:29:59 - [MESSAGE][INFO] - Checking response object

04-09-2024T08:29:59 - [MESSAGE][INFO] - 20.00

04-09-2024T08:29:59 - [MESSAGE][PASSED] - totalplay.Common.verifyPropertyValueExist is PASSED

04-09-2024T08:29:59 - [TEST_STEP][PASSED] - totalplay.Common.verifyPropertyExist(FoodPDP, c_similarProducts_basePrice_decimalPrice): totalplay.Common.verifyPropertyExist is PASSED

04-09-2024T08:29:59 - [MESSAGE][INFO] - Checking response object

04-09-2024T08:29:59 - [MESSAGE][PASSED] - totalplay.Common.verifyPropertyExist is PASSED

04-09-2024T08:29:59 - [TEST_STEP][PASSED] - totalplay.Common.verifyPropertyExist(FoodPDP, c_similarProducts_salePrice): totalplay.Common.verifyPropertyExist is PASSED

04-09-2024T08:29:59 - [MESSAGE][INFO] - Checking response object

04-09-2024T08:29:59 - [MESSAGE][PASSED] - totalplay.Common.verifyPropertyExist is PASSED

04-09-2024T08:29:59 - [TEST_STEP][PASSED] - totalplay.Common.verifyPropertyExist(FoodPDP, c_similarProducts_image_alt): totalplay.Common.verifyPropertyExist is PASSED

04-09-2024T08:29:59 - [MESSAGE][INFO] - Checking response object

04-09-2024T08:29:59 - [MESSAGE][PASSED] - totalplay.Common.verifyPropertyExist is PASSED

04-09-2024T08:29:59 - [TEST_STEP][PASSED] - totalplay.Common.verifyPropertyValueExist(FoodPDP, c_similarProducts_image_alt): totalplay.Common.verifyPropertyValueExist is PASSED

04-09-2024T08:29:59 - [MESSAGE][INFO] - Checking response object

04-09-2024T08:29:59 - [MESSAGE][INFO] - Sprite 355 ml

04-09-2024T08:29:59 - [MESSAGE][PASSED] - totalplay.Common.verifyPropertyValueExist is PASSED

04-09-2024T08:29:59 - [TEST_STEP][PASSED] - totalplay.Common.verifyPropertyExist(FoodPDP, c_similarProducts_imagetitle): totalplay.Common.verifyPropertyExist is PASSED

04-09-2024T08:29:59 - [MESSAGE][INFO] - Checking response object

04-09-2024T08:29:59 - [MESSAGE][PASSED] - totalplay.Common.verifyPropertyExist is PASSED]]></system-out>
         <system-err><![CDATA[]]></system-err>
      </testcase>
      <testcase name="Test Cases/TotalPlay-Food/TC_11_Food_Add_To_Cart" time="15.096" classname="Test Cases/TotalPlay-Food/TC_11_Food_Add_To_Cart" status="PASSED">
         <system-out><![CDATA[04-09-2024T08:29:59 - [TEST_CASE][PASSED] - Test Cases/TotalPlay-Food/TC_11_Food_Add_To_Cart: Test Cases/TotalPlay-Food/TC_11_Food_Add_To_Cart

04-09-2024T08:30:01 - [TEST_STEP][PASSED] - callTestCase(findTestCase("TotalPlay-Food/TC_1_Login_Service"), [:], STOP_ON_FAILURE): Call Test Case 'Test Cases/TotalPlay-Food/TC_1_Login_Service' successfully

04-09-2024T08:30:01 - [MESSAGE][INFO] - Checking called Test Case

04-09-2024T08:30:01 - [MESSAGE][INFO] - Starting to call Test Case 'Test Cases/TotalPlay-Food/TC_1_Login_Service'

04-09-2024T08:30:01 - [TEST_CASE][PASSED] - Test Cases/TotalPlay-Food/TC_1_Login_Service: Test Cases/TotalPlay-Food/TC_1_Login_Service

04-09-2024T08:30:01 - [TEST_STEP][PASSED] - LoginResponse = sendRequest(findTestObject("TotalPlay-Food/getTokenDelivery", ["URL":URL])): Send request successfully

04-09-2024T08:30:01 - [MESSAGE][INFO] - Finding Test Object 'Object Repository/TotalPlay-Food/getTokenDelivery'

04-09-2024T08:30:01 - [MESSAGE][INFO] - Checking request object

04-09-2024T08:30:04 - [MESSAGE][INFO] - HAR: C:\Users\ShubhamKumarThakur\OneDrive - Kognivera\Documents\TotalPlay\totalplay-automation\Reports\20240904_082912\Food_Service_Normal_Flow_PlaceOrder\20240904_082912\requests\main\5.har

04-09-2024T08:30:04 - [MESSAGE][PASSED] - Send request successfully

04-09-2024T08:30:04 - [TEST_STEP][PASSED] - assert getResponseStatusCode(LoginResponse) == 200: Checking response object

04-09-2024T08:30:04 - [MESSAGE][INFO] - Checking response object

04-09-2024T08:30:04 - [TEST_STEP][PASSED] - Auth = "ocapiResponse.access_token": null

04-09-2024T08:30:04 - [TEST_STEP][PASSED] - FoodBascketId = "ocapiResponse.c_basketId_TP_FOOD": null

04-09-2024T08:30:04 - [TEST_STEP][PASSED] - FoodBasId = getElementPropertyValue(LoginResponse, FoodBascketId): Checking response object

04-09-2024T08:30:04 - [MESSAGE][INFO] - Checking response object

04-09-2024T08:30:04 - [TEST_STEP][PASSED] - sfccAuthorization = getElementPropertyValue(LoginResponse, Auth): Checking response object

04-09-2024T08:30:04 - [MESSAGE][INFO] - Checking response object

04-09-2024T08:30:04 - [TEST_STEP][PASSED] - Authorization = "Bearer " + sfccAuthorization: null

04-09-2024T08:30:04 - [TEST_STEP][PASSED] - FoodBasketId = FoodBasId: null

04-09-2024T08:30:04 - [TEST_STEP][PASSED] - logInfo(bm_auth_token): 

04-09-2024T08:30:04 - [MESSAGE][INFO] - 

04-09-2024T08:30:04 - [TEST_STEP][PASSED] - if (sfccAuthorization.length() == 0): null

04-09-2024T08:30:04 - [TEST_STEP][PASSED] - else: authorization generated

04-09-2024T08:30:04 - [TEST_STEP][PASSED] - markPassed("authorization generated"): authorization generated

04-09-2024T08:30:04 - [MESSAGE][PASSED] - authorization generated

04-09-2024T08:30:04 - [TEST_STEP][PASSED] - BasketId_loginResponse = "ocapiResponse.c_basketId": null

04-09-2024T08:30:04 - [TEST_STEP][PASSED] - CustomerId_loginResponse = "ocapiResponse.customer_id": null

04-09-2024T08:30:04 - [TEST_STEP][PASSED] - basketId = getElementPropertyValue(LoginResponse, BasketId_loginResponse): Checking response object

04-09-2024T08:30:04 - [MESSAGE][INFO] - Checking response object

04-09-2024T08:30:05 - [TEST_STEP][PASSED] - customerId = getElementPropertyValue(LoginResponse, CustomerId_loginResponse): Checking response object

04-09-2024T08:30:05 - [MESSAGE][INFO] - Checking response object

04-09-2024T08:30:05 - [TEST_STEP][PASSED] - basketID = basketId: null

04-09-2024T08:30:05 - [TEST_STEP][PASSED] - sla_customerId = customerId: null

04-09-2024T08:30:05 - [TEST_STEP][PASSED] - println(basketID): null

04-09-2024T08:30:05 - [TEST_STEP][PASSED] - println(sla_customerId): null

04-09-2024T08:30:05 - [TEST_STEP][PASSED] - refresh_token = "ocapiResponse.refresh_token": null

04-09-2024T08:30:05 - [TEST_STEP][PASSED] - customer_email = "ocapiResponse.customer_email": null

04-09-2024T08:30:05 - [TEST_STEP][PASSED] - c_brmId = "ocapiResponse.c_brmId": null

04-09-2024T08:30:05 - [TEST_STEP][PASSED] - customer_name = "ocapiResponse.customer_name": null

04-09-2024T08:30:05 - [TEST_STEP][PASSED] - totalplay.Common.verifyPropertyExist(LoginResponse, refresh_token): totalplay.Common.verifyPropertyExist is PASSED

04-09-2024T08:30:05 - [MESSAGE][INFO] - Checking response object

04-09-2024T08:30:05 - [MESSAGE][PASSED] - totalplay.Common.verifyPropertyExist is PASSED

04-09-2024T08:30:05 - [TEST_STEP][PASSED] - totalplay.Common.verifyPropertyValueExist(LoginResponse, refresh_token): totalplay.Common.verifyPropertyValueExist is PASSED

04-09-2024T08:30:05 - [MESSAGE][INFO] - Checking response object

04-09-2024T08:30:05 - [MESSAGE][INFO] - 1em0cr5TVs9oZ0nQrKaHrlKyx3riDElPPjCuk7_0jEQ

04-09-2024T08:30:05 - [MESSAGE][PASSED] - totalplay.Common.verifyPropertyValueExist is PASSED

04-09-2024T08:30:05 - [TEST_STEP][PASSED] - totalplay.Common.verifyPropertyExist(LoginResponse, customer_email): totalplay.Common.verifyPropertyExist is PASSED

04-09-2024T08:30:05 - [MESSAGE][INFO] - Checking response object

04-09-2024T08:30:05 - [MESSAGE][PASSED] - totalplay.Common.verifyPropertyExist is PASSED

04-09-2024T08:30:05 - [TEST_STEP][PASSED] - totalplay.Common.verifyPropertyValueExist(LoginResponse, customer_email): totalplay.Common.verifyPropertyValueExist is PASSED

04-09-2024T08:30:05 - [MESSAGE][INFO] - Checking response object

04-09-2024T08:30:05 - [MESSAGE][INFO] - cesar.waldo93@gmail.com

04-09-2024T08:30:05 - [MESSAGE][PASSED] - totalplay.Common.verifyPropertyValueExist is PASSED

04-09-2024T08:30:05 - [TEST_STEP][PASSED] - totalplay.Common.verifyPropertyExist(LoginResponse, customer_name): totalplay.Common.verifyPropertyExist is PASSED

04-09-2024T08:30:05 - [MESSAGE][INFO] - Checking response object

04-09-2024T08:30:05 - [MESSAGE][PASSED] - totalplay.Common.verifyPropertyExist is PASSED

04-09-2024T08:30:05 - [TEST_STEP][PASSED] - totalplay.Common.verifyPropertyValueExist(LoginResponse, customer_name): totalplay.Common.verifyPropertyValueExist is PASSED

04-09-2024T08:30:05 - [MESSAGE][INFO] - Checking response object

04-09-2024T08:30:05 - [MESSAGE][INFO] - CESAR GERARDO WALDO GONZALEZ

04-09-2024T08:30:05 - [MESSAGE][PASSED] - totalplay.Common.verifyPropertyValueExist is PASSED

04-09-2024T08:30:05 - [TEST_STEP][PASSED] - totalplay.Common.verifyPropertyExist(LoginResponse, c_brmId): totalplay.Common.verifyPropertyExist is PASSED

04-09-2024T08:30:05 - [MESSAGE][INFO] - Checking response object

04-09-2024T08:30:05 - [MESSAGE][PASSED] - totalplay.Common.verifyPropertyExist is PASSED

04-09-2024T08:30:05 - [TEST_STEP][PASSED] - totalplay.Common.verifyPropertyValueExist(LoginResponse, c_brmId): totalplay.Common.verifyPropertyValueExist is PASSED

04-09-2024T08:30:05 - [MESSAGE][INFO] - Checking response object

04-09-2024T08:30:05 - [MESSAGE][INFO] - 0106378356

04-09-2024T08:30:05 - [MESSAGE][PASSED] - totalplay.Common.verifyPropertyValueExist is PASSED

04-09-2024T08:30:05 - [MESSAGE][PASSED] - Call Test Case 'Test Cases/TotalPlay-Food/TC_1_Login_Service' successfully

04-09-2024T08:30:05 - [TEST_STEP][PASSED] - AddToCart = sendRequest(findTestObject("TotalPlay-Food/Food_Add to cart", ["URL":URL, "basketID":basketID, "SellerId1":SellerId1])): Send request successfully

04-09-2024T08:30:05 - [MESSAGE][INFO] - Finding Test Object 'Object Repository/TotalPlay-Food/Food_Add to cart'

04-09-2024T08:30:05 - [MESSAGE][INFO] - Checking request object

04-09-2024T08:30:07 - [MESSAGE][INFO] - HAR: C:\Users\ShubhamKumarThakur\OneDrive - Kognivera\Documents\TotalPlay\totalplay-automation\Reports\20240904_082912\Food_Service_Normal_Flow_PlaceOrder\20240904_082912\requests\main\6.har

04-09-2024T08:30:07 - [MESSAGE][PASSED] - Send request successfully

04-09-2024T08:30:07 - [TEST_STEP][PASSED] - totalplay.Common.printResponseinText(AddToCart): totalplay.Common.printResponseinText is PASSED

04-09-2024T08:30:07 - [MESSAGE][PASSED] - totalplay.Common.printResponseinText is PASSED

04-09-2024T08:30:07 - [TEST_STEP][PASSED] - verifyResponseStatusCode(AddToCart, 200): Verify response status code successfully

04-09-2024T08:30:07 - [MESSAGE][INFO] - Checking response object

04-09-2024T08:30:07 - [MESSAGE][PASSED] - Verify response status code successfully

04-09-2024T08:30:07 - [TEST_STEP][PASSED] - _v = "_v": null

04-09-2024T08:30:07 - [TEST_STEP][PASSED] - _type = "_type": null

04-09-2024T08:30:07 - [TEST_STEP][PASSED] - _resource_state = "_resource_state": null

04-09-2024T08:30:07 - [TEST_STEP][PASSED] - _flash_0__type = "_flash[0]._type": null

04-09-2024T08:30:07 - [TEST_STEP][PASSED] - _flash_0_type = "_flash[0].type": null

04-09-2024T08:30:07 - [TEST_STEP][PASSED] - _flash_0_message = "_flash[0].message": null

04-09-2024T08:30:07 - [TEST_STEP][PASSED] - _flash_0_path = "_flash[0].path": null

04-09-2024T08:30:07 - [TEST_STEP][PASSED] - adjusted_merchandize_total_tax = "adjusted_merchandize_total_tax": null

04-09-2024T08:30:07 - [TEST_STEP][PASSED] - adjusted_shipping_total_tax = "adjusted_shipping_total_tax": null

04-09-2024T08:30:07 - [TEST_STEP][PASSED] - agent_basket = "agent_basket": null

04-09-2024T08:30:07 - [TEST_STEP][PASSED] - basket_id = "basket_id": null

04-09-2024T08:30:07 - [TEST_STEP][PASSED] - channel_type = "channel_type": null

04-09-2024T08:30:07 - [TEST_STEP][PASSED] - creation_date = "creation_date": null

04-09-2024T08:30:07 - [TEST_STEP][PASSED] - currency = "currency": null

04-09-2024T08:30:07 - [TEST_STEP][PASSED] - customer_info = "customer_info": null

04-09-2024T08:30:07 - [TEST_STEP][PASSED] - customer_info__type = "customer_info._type": null

04-09-2024T08:30:07 - [TEST_STEP][PASSED] - customer_info_customer_id = "customer_info.customer_id": null

04-09-2024T08:30:07 - [TEST_STEP][PASSED] - customer_info_customer_no = "customer_info.customer_no": null

04-09-2024T08:30:07 - [TEST_STEP][PASSED] - customer_info_email = "customer_info.email": null

04-09-2024T08:30:07 - [TEST_STEP][PASSED] - last_modified = "last_modified": null

04-09-2024T08:30:07 - [TEST_STEP][PASSED] - merchandize_total_tax = "merchandize_total_tax": null

04-09-2024T08:30:07 - [TEST_STEP][PASSED] - notes__type = "notes._type": null

04-09-2024T08:30:07 - [TEST_STEP][PASSED] - notes_link = "notes.link": null

04-09-2024T08:30:07 - [TEST_STEP][PASSED] - order_total = "order_total": null

04-09-2024T08:30:07 - [TEST_STEP][PASSED] - product_items_0__type = "product_items[0]._type": null

04-09-2024T08:30:07 - [TEST_STEP][PASSED] - product_items_0_adjusted_tax = "product_items[0].adjusted_tax": null

04-09-2024T08:30:07 - [TEST_STEP][PASSED] - product_items_0_base_price = "product_items[0].base_price": null

04-09-2024T08:30:07 - [TEST_STEP][PASSED] - product_items_0_bonus_product_line_item = "product_items[0].bonus_product_line_item": null

04-09-2024T08:30:07 - [TEST_STEP][PASSED] - product_items_0_gift = "product_items[0].gift": null

04-09-2024T08:30:07 - [TEST_STEP][PASSED] - product_items_0_inventory_id = "product_items[0].inventory_id": null

04-09-2024T08:30:07 - [TEST_STEP][PASSED] - product_items_0_item_id = "product_items[0].item_id": null

04-09-2024T08:30:07 - [TEST_STEP][PASSED] - product_items_0_item_text = "product_items[0].item_text": null

04-09-2024T08:30:07 - [TEST_STEP][PASSED] - product_items_0_price = "product_items[0].price": null

04-09-2024T08:30:07 - [TEST_STEP][PASSED] - product_items_0_price_after_item_discount = "product_items[0].price_after_item_discount": null

04-09-2024T08:30:07 - [TEST_STEP][PASSED] - product_items_0_price_after_order_discount = "product_items[0].price_after_order_discount": null

04-09-2024T08:30:07 - [TEST_STEP][PASSED] - product_items_0_product_id = "product_items[0].product_id": null

04-09-2024T08:30:07 - [TEST_STEP][PASSED] - product_items_0_product_name = "product_items[0].product_name": null

04-09-2024T08:30:07 - [TEST_STEP][PASSED] - product_items_0_quantity = "product_items[0].quantity": null

04-09-2024T08:30:07 - [TEST_STEP][PASSED] - product_items_0_shipment_id = "product_items[0].shipment_id": null

04-09-2024T08:30:07 - [TEST_STEP][PASSED] - product_items_0_tax = "product_items[0].tax": null

04-09-2024T08:30:07 - [TEST_STEP][PASSED] - product_items_0_tax_basis = "product_items[0].tax_basis": null

04-09-2024T08:30:07 - [TEST_STEP][PASSED] - product_items_0_tax_class_id = "product_items[0].tax_class_id": null

04-09-2024T08:30:07 - [TEST_STEP][PASSED] - product_items_0_tax_rate = "product_items[0].tax_rate": null

04-09-2024T08:30:07 - [TEST_STEP][PASSED] - product_items_0_c_fromStoreId = "product_items[0].c_fromStoreId": null

04-09-2024T08:30:07 - [TEST_STEP][PASSED] - product_items_0_c_isOnDemandStoreItem = "product_items[0].c_isOnDemandStoreItem": null

04-09-2024T08:30:07 - [TEST_STEP][PASSED] - product_items_0_c_miraklChannels = "product_items[0].c_miraklChannels": null

04-09-2024T08:30:07 - [TEST_STEP][PASSED] - product_items_0_c_miraklOperatorProductId = "product_items[0].c_miraklOperatorProductId": null

04-09-2024T08:30:07 - [TEST_STEP][PASSED] - product_items_0_c_miraklShippingTaxes = "product_items[0].c_miraklShippingTaxes": null

04-09-2024T08:30:07 - [TEST_STEP][PASSED] - product_items_0_c_miraklTaxes = "product_items[0].c_miraklTaxes": null

04-09-2024T08:30:07 - [TEST_STEP][PASSED] - product_items_0_c_offerId = "product_items[0].c_offerId": null

04-09-2024T08:30:07 - [TEST_STEP][PASSED] - product_items_0_c_offerSalesPrice = "product_items[0].c_offerSalesPrice": null

04-09-2024T08:30:07 - [TEST_STEP][PASSED] - product_items_0_c_offerState = "product_items[0].c_offerState": null

04-09-2024T08:30:07 - [TEST_STEP][PASSED] - product_items_0_c_offerStateCode = "product_items[0].c_offerStateCode": null

04-09-2024T08:30:07 - [TEST_STEP][PASSED] - product_items_0_c_shopId = "product_items[0].c_shopId": null

04-09-2024T08:30:07 - [TEST_STEP][PASSED] - product_items_0_c_shopName = "product_items[0].c_shopName": null

04-09-2024T08:30:07 - [TEST_STEP][PASSED] - product_items_0_c_total_crossed_price = "product_items[0].c_total_crossed_price": null

04-09-2024T08:30:07 - [TEST_STEP][PASSED] - product_items_0_c_priceWithComplement = "product_items[0].c_priceWithComplement": null

04-09-2024T08:30:07 - [TEST_STEP][PASSED] - product_items_0_c_imagesData_large_0_alt = "product_items[0].c_imagesData.large[0].alt": null

04-09-2024T08:30:07 - [TEST_STEP][PASSED] - product_items_0_c_imagesData_large_0_url = "product_items[0].c_imagesData.large[0].url": null

04-09-2024T08:30:07 - [TEST_STEP][PASSED] - product_items_0_c_imagesData_large_0_title = "product_items[0].c_imagesData.large[0].title": null

04-09-2024T08:30:07 - [TEST_STEP][PASSED] - product_items_0_c_description = "product_items[0].c_description": null

04-09-2024T08:30:07 - [TEST_STEP][PASSED] - product_sub_total = "product_sub_total": null

04-09-2024T08:30:07 - [TEST_STEP][PASSED] - product_total = "product_total": null

04-09-2024T08:30:07 - [TEST_STEP][PASSED] - shipments_0__type = "shipments[0]._type": null

04-09-2024T08:30:07 - [TEST_STEP][PASSED] - shipments_0_adjusted_merchandize_total_tax = "shipments[0].adjusted_merchandize_total_tax": null

04-09-2024T08:30:07 - [TEST_STEP][PASSED] - shipments_0_adjusted_shipping_total_tax = "shipments[0].adjusted_shipping_total_tax": null

04-09-2024T08:30:07 - [TEST_STEP][PASSED] - shipments_0_gift = "shipments[0].gift": null

04-09-2024T08:30:07 - [TEST_STEP][PASSED] - shipments_0_merchandize_total_tax = "shipments[0].merchandize_total_tax": null

04-09-2024T08:30:07 - [TEST_STEP][PASSED] - shipments_0_product_sub_total = "shipments[0].product_sub_total": null

04-09-2024T08:30:07 - [TEST_STEP][PASSED] - shipments_0_product_total = "shipments[0].product_total": null

04-09-2024T08:30:07 - [TEST_STEP][PASSED] - shipments_0_shipment_id = "shipments[0].shipment_id": null

04-09-2024T08:30:07 - [TEST_STEP][PASSED] - shipments_0_shipment_total = "shipments[0].shipment_total": null

04-09-2024T08:30:07 - [TEST_STEP][PASSED] - shipments_0_shipping_method__type = "shipments[0].shipping_method._type": null

04-09-2024T08:30:07 - [TEST_STEP][PASSED] - shipments_0_shipping_method_description = "shipments[0].shipping_method.description": null

04-09-2024T08:30:07 - [TEST_STEP][PASSED] - shipments_0_shipping_method_id = "shipments[0].shipping_method.id": null

04-09-2024T08:30:07 - [TEST_STEP][PASSED] - shipments_0_shipping_method_name = "shipments[0].shipping_method.name": null

04-09-2024T08:30:07 - [TEST_STEP][PASSED] - shipments_0_shipping_method_c_estimatedArrivalTime = "shipments[0].shipping_method.c_estimatedArrivalTime": null

04-09-2024T08:30:07 - [TEST_STEP][PASSED] - shipments_0_shipping_method_c_storePickupEnabled = "shipments[0].shipping_method.c_storePickupEnabled": null

04-09-2024T08:30:07 - [TEST_STEP][PASSED] - shipments_0_shipping_status = "shipments[0].shipping_status": null

04-09-2024T08:30:07 - [TEST_STEP][PASSED] - shipments_0_shipping_total = "shipments[0].shipping_total": null

04-09-2024T08:30:07 - [TEST_STEP][PASSED] - shipments_0_shipping_total_tax = "shipments[0].shipping_total_tax": null

04-09-2024T08:30:07 - [TEST_STEP][PASSED] - shipments_0_tax_total = "shipments[0].tax_total": null

04-09-2024T08:30:07 - [TEST_STEP][PASSED] - shipping_items_0__type = "shipping_items[0]._type": null

04-09-2024T08:30:07 - [TEST_STEP][PASSED] - shipping_items_0_adjusted_tax = "shipping_items[0].adjusted_tax": null

04-09-2024T08:30:07 - [TEST_STEP][PASSED] - shipping_items_0_base_price = "shipping_items[0].base_price": null

04-09-2024T08:30:07 - [TEST_STEP][PASSED] - shipping_items_0_item_id = "shipping_items[0].item_id": null

04-09-2024T08:30:07 - [TEST_STEP][PASSED] - shipping_items_0_item_text = "shipping_items[0].item_text": null

04-09-2024T08:30:07 - [TEST_STEP][PASSED] - shipping_items_0_price = "shipping_items[0].price": null

04-09-2024T08:30:07 - [TEST_STEP][PASSED] - shipping_items_0_price_after_item_discount = "shipping_items[0].price_after_item_discount": null

04-09-2024T08:30:07 - [TEST_STEP][PASSED] - shipping_items_0_shipment_id = "shipping_items[0].shipment_id": null

04-09-2024T08:30:07 - [TEST_STEP][PASSED] - shipping_items_0_tax = "shipping_items[0].tax": null

04-09-2024T08:30:07 - [TEST_STEP][PASSED] - shipping_items_0_tax_basis = "shipping_items[0].tax_basis": null

04-09-2024T08:30:07 - [TEST_STEP][PASSED] - shipping_items_0_tax_class_id = "shipping_items[0].tax_class_id": null

04-09-2024T08:30:07 - [TEST_STEP][PASSED] - shipping_items_0_tax_rate = "shipping_items[0].tax_rate": null

04-09-2024T08:30:07 - [TEST_STEP][PASSED] - shipping_total = "shipping_total": null

04-09-2024T08:30:07 - [TEST_STEP][PASSED] - shipping_total_tax = "shipping_total_tax": null

04-09-2024T08:30:07 - [TEST_STEP][PASSED] - taxation = "taxation": null

04-09-2024T08:30:07 - [TEST_STEP][PASSED] - tax_rounded_at_group = "tax_rounded_at_group": null

04-09-2024T08:30:07 - [TEST_STEP][PASSED] - tax_total = "tax_total": null

04-09-2024T08:30:07 - [TEST_STEP][PASSED] - temporary_basket = "temporary_basket": null

04-09-2024T08:30:07 - [TEST_STEP][PASSED] - c_currentCorporate = "c_currentCorporate": null

04-09-2024T08:30:07 - [TEST_STEP][PASSED] - c_forceDeleteOndemand = "c_forceDeleteOndemand": null

04-09-2024T08:30:07 - [TEST_STEP][PASSED] - c_seller_id = "c_seller_id": null

04-09-2024T08:30:07 - [TEST_STEP][PASSED] - c_savingsTotal = "c_savingsTotal": null

04-09-2024T08:30:07 - [TEST_STEP][PASSED] - totalplay.Common.verifyPropertyExist(AddToCart, _v): totalplay.Common.verifyPropertyExist is PASSED

04-09-2024T08:30:07 - [MESSAGE][INFO] - Checking response object

04-09-2024T08:30:07 - [MESSAGE][PASSED] - totalplay.Common.verifyPropertyExist is PASSED

04-09-2024T08:30:07 - [TEST_STEP][PASSED] - totalplay.Common.verifyPropertyValueExist(AddToCart, _v): totalplay.Common.verifyPropertyValueExist is PASSED

04-09-2024T08:30:07 - [MESSAGE][INFO] - Checking response object

04-09-2024T08:30:07 - [MESSAGE][INFO] - 24.5

04-09-2024T08:30:07 - [MESSAGE][PASSED] - totalplay.Common.verifyPropertyValueExist is PASSED

04-09-2024T08:30:07 - [TEST_STEP][PASSED] - totalplay.Common.verifyPropertyExist(AddToCart, _type): totalplay.Common.verifyPropertyExist is PASSED

04-09-2024T08:30:07 - [MESSAGE][INFO] - Checking response object

04-09-2024T08:30:07 - [MESSAGE][PASSED] - totalplay.Common.verifyPropertyExist is PASSED

04-09-2024T08:30:07 - [TEST_STEP][PASSED] - totalplay.Common.verifyPropertyValueExist(AddToCart, _type): totalplay.Common.verifyPropertyValueExist is PASSED

04-09-2024T08:30:07 - [MESSAGE][INFO] - Checking response object

04-09-2024T08:30:07 - [MESSAGE][INFO] - basket

04-09-2024T08:30:07 - [MESSAGE][PASSED] - totalplay.Common.verifyPropertyValueExist is PASSED

04-09-2024T08:30:07 - [TEST_STEP][PASSED] - totalplay.Common.verifyPropertyExist(AddToCart, _resource_state): totalplay.Common.verifyPropertyExist is PASSED

04-09-2024T08:30:07 - [MESSAGE][INFO] - Checking response object

04-09-2024T08:30:07 - [MESSAGE][PASSED] - totalplay.Common.verifyPropertyExist is PASSED

04-09-2024T08:30:07 - [TEST_STEP][PASSED] - totalplay.Common.verifyPropertyValueExist(AddToCart, _resource_state): totalplay.Common.verifyPropertyValueExist is PASSED

04-09-2024T08:30:07 - [MESSAGE][INFO] - Checking response object

04-09-2024T08:30:07 - [MESSAGE][INFO] - 84961e222a72c0445f7f748ae7ff022afed10c05e83de49cbabeb2518ea23045

04-09-2024T08:30:07 - [MESSAGE][PASSED] - totalplay.Common.verifyPropertyValueExist is PASSED

04-09-2024T08:30:07 - [TEST_STEP][PASSED] - totalplay.Common.getDecimalValueofObject(AddToCart, adjusted_merchandize_total_tax): totalplay.Common.getDecimalValueofObject is PASSED

04-09-2024T08:30:07 - [MESSAGE][INFO] - Checking response object

04-09-2024T08:30:07 - [MESSAGE][PASSED] - totalplay.Common.getDecimalValueofObject is PASSED

04-09-2024T08:30:07 - [TEST_STEP][PASSED] - totalplay.Common.getDecimalValueofObject(AddToCart, adjusted_shipping_total_tax): totalplay.Common.getDecimalValueofObject is PASSED

04-09-2024T08:30:07 - [MESSAGE][INFO] - Checking response object

04-09-2024T08:30:07 - [MESSAGE][PASSED] - totalplay.Common.getDecimalValueofObject is PASSED

04-09-2024T08:30:07 - [TEST_STEP][PASSED] - totalplay.Common.getBooleanValueofObject(AddToCart, agent_basket): totalplay.Common.getBooleanValueofObject is PASSED

04-09-2024T08:30:07 - [MESSAGE][INFO] - Checking response object

04-09-2024T08:30:07 - [MESSAGE][PASSED] - totalplay.Common.getBooleanValueofObject is PASSED

04-09-2024T08:30:07 - [TEST_STEP][PASSED] - totalplay.Common.verifyPropertyExist(AddToCart, basket_id): totalplay.Common.verifyPropertyExist is PASSED

04-09-2024T08:30:07 - [MESSAGE][INFO] - Checking response object

04-09-2024T08:30:07 - [MESSAGE][PASSED] - totalplay.Common.verifyPropertyExist is PASSED

04-09-2024T08:30:07 - [TEST_STEP][PASSED] - totalplay.Common.verifyPropertyValueExist(AddToCart, basket_id): totalplay.Common.verifyPropertyValueExist is PASSED

04-09-2024T08:30:07 - [MESSAGE][INFO] - Checking response object

04-09-2024T08:30:07 - [MESSAGE][INFO] - e6fb0f84530e584bfd75ed75eb

04-09-2024T08:30:07 - [MESSAGE][PASSED] - totalplay.Common.verifyPropertyValueExist is PASSED

04-09-2024T08:30:07 - [TEST_STEP][PASSED] - totalplay.Common.verifyPropertyExist(AddToCart, channel_type): totalplay.Common.verifyPropertyExist is PASSED

04-09-2024T08:30:07 - [MESSAGE][INFO] - Checking response object

04-09-2024T08:30:07 - [MESSAGE][PASSED] - totalplay.Common.verifyPropertyExist is PASSED

04-09-2024T08:30:07 - [TEST_STEP][PASSED] - totalplay.Common.verifyPropertyValueExist(AddToCart, channel_type): totalplay.Common.verifyPropertyValueExist is PASSED

04-09-2024T08:30:07 - [MESSAGE][INFO] - Checking response object

04-09-2024T08:30:07 - [MESSAGE][INFO] - storefront

04-09-2024T08:30:07 - [MESSAGE][PASSED] - totalplay.Common.verifyPropertyValueExist is PASSED

04-09-2024T08:30:07 - [TEST_STEP][PASSED] - totalplay.Common.verifyPropertyExist(AddToCart, creation_date): totalplay.Common.verifyPropertyExist is PASSED

04-09-2024T08:30:07 - [MESSAGE][INFO] - Checking response object

04-09-2024T08:30:07 - [MESSAGE][PASSED] - totalplay.Common.verifyPropertyExist is PASSED

04-09-2024T08:30:07 - [TEST_STEP][PASSED] - totalplay.Common.verifyPropertyValueExist(AddToCart, creation_date): totalplay.Common.verifyPropertyValueExist is PASSED

04-09-2024T08:30:07 - [MESSAGE][INFO] - Checking response object

04-09-2024T08:30:07 - [MESSAGE][INFO] - 2024-09-04T02:52:24.484Z

04-09-2024T08:30:07 - [MESSAGE][PASSED] - totalplay.Common.verifyPropertyValueExist is PASSED

04-09-2024T08:30:07 - [TEST_STEP][PASSED] - totalplay.Common.verifyPropertyExist(AddToCart, currency): totalplay.Common.verifyPropertyExist is PASSED

04-09-2024T08:30:07 - [MESSAGE][INFO] - Checking response object

04-09-2024T08:30:07 - [MESSAGE][PASSED] - totalplay.Common.verifyPropertyExist is PASSED

04-09-2024T08:30:07 - [TEST_STEP][PASSED] - totalplay.Common.verifyPropertyValueExist(AddToCart, currency): totalplay.Common.verifyPropertyValueExist is PASSED

04-09-2024T08:30:07 - [MESSAGE][INFO] - Checking response object

04-09-2024T08:30:07 - [MESSAGE][INFO] - MXN

04-09-2024T08:30:07 - [MESSAGE][PASSED] - totalplay.Common.verifyPropertyValueExist is PASSED

04-09-2024T08:30:07 - [TEST_STEP][PASSED] - totalplay.Common.verifyPropertyExist(AddToCart, customer_info__type): totalplay.Common.verifyPropertyExist is PASSED

04-09-2024T08:30:07 - [MESSAGE][INFO] - Checking response object

04-09-2024T08:30:07 - [MESSAGE][PASSED] - totalplay.Common.verifyPropertyExist is PASSED

04-09-2024T08:30:07 - [TEST_STEP][PASSED] - totalplay.Common.verifyPropertyValueExist(AddToCart, customer_info__type): totalplay.Common.verifyPropertyValueExist is PASSED

04-09-2024T08:30:07 - [MESSAGE][INFO] - Checking response object

04-09-2024T08:30:08 - [MESSAGE][INFO] - customer_info

04-09-2024T08:30:08 - [MESSAGE][PASSED] - totalplay.Common.verifyPropertyValueExist is PASSED

04-09-2024T08:30:08 - [TEST_STEP][PASSED] - totalplay.Common.verifyPropertyExist(AddToCart, customer_info_customer_id): totalplay.Common.verifyPropertyExist is PASSED

04-09-2024T08:30:08 - [MESSAGE][INFO] - Checking response object

04-09-2024T08:30:08 - [MESSAGE][PASSED] - totalplay.Common.verifyPropertyExist is PASSED

04-09-2024T08:30:08 - [TEST_STEP][PASSED] - totalplay.Common.verifyPropertyValueExist(AddToCart, customer_info_customer_id): totalplay.Common.verifyPropertyValueExist is PASSED

04-09-2024T08:30:08 - [MESSAGE][INFO] - Checking response object

04-09-2024T08:30:08 - [MESSAGE][INFO] - acTAcwrTj6ECo7V8WDIa5leqor

04-09-2024T08:30:08 - [MESSAGE][PASSED] - totalplay.Common.verifyPropertyValueExist is PASSED

04-09-2024T08:30:08 - [TEST_STEP][PASSED] - totalplay.Common.verifyPropertyExist(AddToCart, customer_info_customer_no): totalplay.Common.verifyPropertyExist is PASSED

04-09-2024T08:30:08 - [MESSAGE][INFO] - Checking response object

04-09-2024T08:30:08 - [MESSAGE][PASSED] - totalplay.Common.verifyPropertyExist is PASSED

04-09-2024T08:30:08 - [TEST_STEP][PASSED] - totalplay.Common.verifyPropertyValueExist(AddToCart, customer_info_customer_no): totalplay.Common.verifyPropertyValueExist is PASSED

04-09-2024T08:30:08 - [MESSAGE][INFO] - Checking response object

04-09-2024T08:30:08 - [MESSAGE][INFO] - 00012002

04-09-2024T08:30:08 - [MESSAGE][PASSED] - totalplay.Common.verifyPropertyValueExist is PASSED

04-09-2024T08:30:08 - [TEST_STEP][PASSED] - totalplay.Common.verifyPropertyExist(AddToCart, customer_info_email): totalplay.Common.verifyPropertyExist is PASSED

04-09-2024T08:30:08 - [MESSAGE][INFO] - Checking response object

04-09-2024T08:30:08 - [MESSAGE][PASSED] - totalplay.Common.verifyPropertyExist is PASSED

04-09-2024T08:30:08 - [TEST_STEP][PASSED] - totalplay.Common.verifyPropertyValueExist(AddToCart, customer_info_email): totalplay.Common.verifyPropertyValueExist is PASSED

04-09-2024T08:30:08 - [MESSAGE][INFO] - Checking response object

04-09-2024T08:30:08 - [MESSAGE][INFO] - cesar.waldo93@gmail.com

04-09-2024T08:30:08 - [MESSAGE][PASSED] - totalplay.Common.verifyPropertyValueExist is PASSED

04-09-2024T08:30:08 - [TEST_STEP][PASSED] - totalplay.Common.verifyPropertyExist(AddToCart, last_modified): totalplay.Common.verifyPropertyExist is PASSED

04-09-2024T08:30:08 - [MESSAGE][INFO] - Checking response object

04-09-2024T08:30:08 - [MESSAGE][PASSED] - totalplay.Common.verifyPropertyExist is PASSED

04-09-2024T08:30:08 - [TEST_STEP][PASSED] - totalplay.Common.verifyPropertyValueExist(AddToCart, last_modified): totalplay.Common.verifyPropertyValueExist is PASSED

04-09-2024T08:30:08 - [MESSAGE][INFO] - Checking response object

04-09-2024T08:30:08 - [MESSAGE][INFO] - 2024-09-04T03:00:06.035Z

04-09-2024T08:30:08 - [MESSAGE][PASSED] - totalplay.Common.verifyPropertyValueExist is PASSED

04-09-2024T08:30:08 - [TEST_STEP][PASSED] - totalplay.Common.getDecimalValueofObject(AddToCart, merchandize_total_tax): totalplay.Common.getDecimalValueofObject is PASSED

04-09-2024T08:30:08 - [MESSAGE][INFO] - Checking response object

04-09-2024T08:30:08 - [MESSAGE][PASSED] - totalplay.Common.getDecimalValueofObject is PASSED

04-09-2024T08:30:08 - [TEST_STEP][PASSED] - totalplay.Common.verifyPropertyExist(AddToCart, notes__type): totalplay.Common.verifyPropertyExist is PASSED

04-09-2024T08:30:08 - [MESSAGE][INFO] - Checking response object

04-09-2024T08:30:08 - [MESSAGE][PASSED] - totalplay.Common.verifyPropertyExist is PASSED

04-09-2024T08:30:08 - [TEST_STEP][PASSED] - totalplay.Common.verifyPropertyValueExist(AddToCart, notes__type): totalplay.Common.verifyPropertyValueExist is PASSED

04-09-2024T08:30:08 - [MESSAGE][INFO] - Checking response object

04-09-2024T08:30:08 - [MESSAGE][INFO] - simple_link

04-09-2024T08:30:08 - [MESSAGE][PASSED] - totalplay.Common.verifyPropertyValueExist is PASSED

04-09-2024T08:30:08 - [TEST_STEP][PASSED] - totalplay.Common.verifyPropertyExist(AddToCart, notes_link): totalplay.Common.verifyPropertyExist is PASSED

04-09-2024T08:30:08 - [MESSAGE][INFO] - Checking response object

04-09-2024T08:30:08 - [MESSAGE][PASSED] - totalplay.Common.verifyPropertyExist is PASSED

04-09-2024T08:30:08 - [TEST_STEP][PASSED] - totalplay.Common.verifyPropertyValueExist(AddToCart, notes_link): totalplay.Common.verifyPropertyValueExist is PASSED

04-09-2024T08:30:08 - [MESSAGE][INFO] - Checking response object

04-09-2024T08:30:08 - [MESSAGE][INFO] - https://salesforceqa.sistemastp.com.mx/s/TP-FOOD/dw/shop/v24_5/baskets/e6fb0f84530e584bfd75ed75eb/notes?isHomo=true&sellerId=4158

04-09-2024T08:30:08 - [MESSAGE][PASSED] - totalplay.Common.verifyPropertyValueExist is PASSED

04-09-2024T08:30:08 - [TEST_STEP][PASSED] - totalplay.Common.getDecimalValueofObject(AddToCart, order_total): totalplay.Common.getDecimalValueofObject is PASSED

04-09-2024T08:30:08 - [MESSAGE][INFO] - Checking response object

04-09-2024T08:30:08 - [MESSAGE][PASSED] - totalplay.Common.getDecimalValueofObject is PASSED

04-09-2024T08:30:08 - [TEST_STEP][PASSED] - totalplay.Common.verifyPropertyExist(AddToCart, product_items_0__type): totalplay.Common.verifyPropertyExist is PASSED

04-09-2024T08:30:08 - [MESSAGE][INFO] - Checking response object

04-09-2024T08:30:08 - [MESSAGE][PASSED] - totalplay.Common.verifyPropertyExist is PASSED

04-09-2024T08:30:08 - [TEST_STEP][PASSED] - totalplay.Common.verifyPropertyValueExist(AddToCart, product_items_0__type): totalplay.Common.verifyPropertyValueExist is PASSED

04-09-2024T08:30:08 - [MESSAGE][INFO] - Checking response object

04-09-2024T08:30:08 - [MESSAGE][INFO] - product_item

04-09-2024T08:30:08 - [MESSAGE][PASSED] - totalplay.Common.verifyPropertyValueExist is PASSED

04-09-2024T08:30:08 - [TEST_STEP][PASSED] - totalplay.Common.getDecimalValueofObject(AddToCart, product_items_0_adjusted_tax): totalplay.Common.getDecimalValueofObject is PASSED

04-09-2024T08:30:08 - [MESSAGE][INFO] - Checking response object

04-09-2024T08:30:08 - [MESSAGE][PASSED] - totalplay.Common.getDecimalValueofObject is PASSED

04-09-2024T08:30:08 - [TEST_STEP][PASSED] - totalplay.Common.getDecimalValueofObject(AddToCart, product_items_0_base_price): totalplay.Common.getDecimalValueofObject is PASSED

04-09-2024T08:30:08 - [MESSAGE][INFO] - Checking response object

04-09-2024T08:30:08 - [MESSAGE][PASSED] - totalplay.Common.getDecimalValueofObject is PASSED

04-09-2024T08:30:08 - [TEST_STEP][PASSED] - totalplay.Common.getBooleanValueofObject(AddToCart, product_items_0_bonus_product_line_item): totalplay.Common.getBooleanValueofObject is PASSED

04-09-2024T08:30:08 - [MESSAGE][INFO] - Checking response object

04-09-2024T08:30:08 - [MESSAGE][PASSED] - totalplay.Common.getBooleanValueofObject is PASSED

04-09-2024T08:30:08 - [TEST_STEP][PASSED] - totalplay.Common.getBooleanValueofObject(AddToCart, product_items_0_gift): totalplay.Common.getBooleanValueofObject is PASSED

04-09-2024T08:30:08 - [MESSAGE][INFO] - Checking response object

04-09-2024T08:30:08 - [MESSAGE][PASSED] - totalplay.Common.getBooleanValueofObject is PASSED

04-09-2024T08:30:08 - [TEST_STEP][PASSED] - totalplay.Common.verifyPropertyExist(AddToCart, product_items_0_inventory_id): totalplay.Common.verifyPropertyExist is PASSED

04-09-2024T08:30:08 - [MESSAGE][INFO] - Checking response object

04-09-2024T08:30:08 - [MESSAGE][PASSED] - totalplay.Common.verifyPropertyExist is PASSED

04-09-2024T08:30:08 - [TEST_STEP][PASSED] - totalplay.Common.verifyPropertyValueExist(AddToCart, product_items_0_inventory_id): totalplay.Common.verifyPropertyValueExist is PASSED

04-09-2024T08:30:08 - [MESSAGE][INFO] - Checking response object

04-09-2024T08:30:08 - [MESSAGE][INFO] - inventory_m_food_mirakl

04-09-2024T08:30:08 - [MESSAGE][PASSED] - totalplay.Common.verifyPropertyValueExist is PASSED

04-09-2024T08:30:08 - [TEST_STEP][PASSED] - totalplay.Common.verifyPropertyExist(AddToCart, product_items_0_item_id): totalplay.Common.verifyPropertyExist is PASSED

04-09-2024T08:30:08 - [MESSAGE][INFO] - Checking response object

04-09-2024T08:30:08 - [MESSAGE][PASSED] - totalplay.Common.verifyPropertyExist is PASSED

04-09-2024T08:30:08 - [TEST_STEP][PASSED] - totalplay.Common.verifyPropertyValueExist(AddToCart, product_items_0_item_id): totalplay.Common.verifyPropertyValueExist is PASSED

04-09-2024T08:30:08 - [MESSAGE][INFO] - Checking response object

04-09-2024T08:30:08 - [MESSAGE][INFO] - 36f6dba420379fe9ea537475c2

04-09-2024T08:30:08 - [MESSAGE][PASSED] - totalplay.Common.verifyPropertyValueExist is PASSED

04-09-2024T08:30:08 - [TEST_STEP][PASSED] - totalplay.Common.verifyPropertyExist(AddToCart, product_items_0_item_text): totalplay.Common.verifyPropertyExist is PASSED

04-09-2024T08:30:08 - [MESSAGE][INFO] - Checking response object

04-09-2024T08:30:09 - [MESSAGE][PASSED] - totalplay.Common.verifyPropertyExist is PASSED

04-09-2024T08:30:09 - [TEST_STEP][PASSED] - totalplay.Common.verifyPropertyValueExist(AddToCart, product_items_0_item_text): totalplay.Common.verifyPropertyValueExist is PASSED

04-09-2024T08:30:09 - [MESSAGE][INFO] - Checking response object

04-09-2024T08:30:09 - [MESSAGE][INFO] - Orden de Maciza (100 g)

04-09-2024T08:30:09 - [MESSAGE][PASSED] - totalplay.Common.verifyPropertyValueExist is PASSED

04-09-2024T08:30:09 - [TEST_STEP][PASSED] - totalplay.Common.getDecimalValueofObject(AddToCart, product_items_0_price): totalplay.Common.getDecimalValueofObject is PASSED

04-09-2024T08:30:09 - [MESSAGE][INFO] - Checking response object

04-09-2024T08:30:09 - [MESSAGE][PASSED] - totalplay.Common.getDecimalValueofObject is PASSED

04-09-2024T08:30:09 - [TEST_STEP][PASSED] - totalplay.Common.getDecimalValueofObject(AddToCart, product_items_0_price_after_item_discount): totalplay.Common.getDecimalValueofObject is PASSED

04-09-2024T08:30:09 - [MESSAGE][INFO] - Checking response object

04-09-2024T08:30:09 - [MESSAGE][PASSED] - totalplay.Common.getDecimalValueofObject is PASSED

04-09-2024T08:30:09 - [TEST_STEP][PASSED] - totalplay.Common.getDecimalValueofObject(AddToCart, product_items_0_price_after_order_discount): totalplay.Common.getDecimalValueofObject is PASSED

04-09-2024T08:30:09 - [MESSAGE][INFO] - Checking response object

04-09-2024T08:30:09 - [MESSAGE][PASSED] - totalplay.Common.getDecimalValueofObject is PASSED

04-09-2024T08:30:09 - [TEST_STEP][PASSED] - totalplay.Common.verifyPropertyExist(AddToCart, product_items_0_product_id): totalplay.Common.verifyPropertyExist is PASSED

04-09-2024T08:30:09 - [MESSAGE][INFO] - Checking response object

04-09-2024T08:30:09 - [MESSAGE][PASSED] - totalplay.Common.verifyPropertyExist is PASSED

04-09-2024T08:30:09 - [TEST_STEP][PASSED] - totalplay.Common.verifyPropertyValueExist(AddToCart, product_items_0_product_id): totalplay.Common.verifyPropertyValueExist is PASSED

04-09-2024T08:30:09 - [MESSAGE][INFO] - Checking response object

04-09-2024T08:30:09 - [MESSAGE][INFO] - C828554986

04-09-2024T08:30:09 - [MESSAGE][PASSED] - totalplay.Common.verifyPropertyValueExist is PASSED

04-09-2024T08:30:09 - [TEST_STEP][PASSED] - totalplay.Common.verifyPropertyExist(AddToCart, product_items_0_product_name): totalplay.Common.verifyPropertyExist is PASSED

04-09-2024T08:30:09 - [MESSAGE][INFO] - Checking response object

04-09-2024T08:30:09 - [MESSAGE][PASSED] - totalplay.Common.verifyPropertyExist is PASSED

04-09-2024T08:30:09 - [TEST_STEP][PASSED] - totalplay.Common.verifyPropertyValueExist(AddToCart, product_items_0_product_name): totalplay.Common.verifyPropertyValueExist is PASSED

04-09-2024T08:30:09 - [MESSAGE][INFO] - Checking response object

04-09-2024T08:30:09 - [MESSAGE][INFO] - Orden de Maciza (100 g)

04-09-2024T08:30:09 - [MESSAGE][PASSED] - totalplay.Common.verifyPropertyValueExist is PASSED

04-09-2024T08:30:09 - [TEST_STEP][PASSED] - totalplay.Common.getNumValueofObject(AddToCart, product_items_0_quantity): totalplay.Common.getNumValueofObject is PASSED

04-09-2024T08:30:09 - [MESSAGE][INFO] - Checking response object

04-09-2024T08:30:09 - [MESSAGE][PASSED] - totalplay.Common.getNumValueofObject is PASSED

04-09-2024T08:30:09 - [TEST_STEP][PASSED] - totalplay.Common.verifyPropertyExist(AddToCart, product_items_0_product_name): totalplay.Common.verifyPropertyExist is PASSED

04-09-2024T08:30:09 - [MESSAGE][INFO] - Checking response object

04-09-2024T08:30:09 - [MESSAGE][PASSED] - totalplay.Common.verifyPropertyExist is PASSED

04-09-2024T08:30:09 - [TEST_STEP][PASSED] - totalplay.Common.verifyPropertyValueExist(AddToCart, product_items_0_product_name): totalplay.Common.verifyPropertyValueExist is PASSED

04-09-2024T08:30:09 - [MESSAGE][INFO] - Checking response object

04-09-2024T08:30:09 - [MESSAGE][INFO] - Orden de Maciza (100 g)

04-09-2024T08:30:09 - [MESSAGE][PASSED] - totalplay.Common.verifyPropertyValueExist is PASSED

04-09-2024T08:30:09 - [TEST_STEP][PASSED] - totalplay.Common.verifyPropertyExist(AddToCart, product_items_0_shipment_id): totalplay.Common.verifyPropertyExist is PASSED

04-09-2024T08:30:09 - [MESSAGE][INFO] - Checking response object

04-09-2024T08:30:09 - [MESSAGE][PASSED] - totalplay.Common.verifyPropertyExist is PASSED

04-09-2024T08:30:09 - [TEST_STEP][PASSED] - totalplay.Common.verifyPropertyValueExist(AddToCart, product_items_0_shipment_id): totalplay.Common.verifyPropertyValueExist is PASSED

04-09-2024T08:30:09 - [MESSAGE][INFO] - Checking response object

04-09-2024T08:30:09 - [MESSAGE][INFO] - me

04-09-2024T08:30:09 - [MESSAGE][PASSED] - totalplay.Common.verifyPropertyValueExist is PASSED

04-09-2024T08:30:09 - [TEST_STEP][PASSED] - totalplay.Common.getDecimalValueofObject(AddToCart, product_items_0_tax): totalplay.Common.getDecimalValueofObject is PASSED

04-09-2024T08:30:09 - [MESSAGE][INFO] - Checking response object

04-09-2024T08:30:09 - [MESSAGE][PASSED] - totalplay.Common.getDecimalValueofObject is PASSED

04-09-2024T08:30:09 - [TEST_STEP][PASSED] - totalplay.Common.getDecimalValueofObject(AddToCart, product_items_0_tax_basis): totalplay.Common.getDecimalValueofObject is PASSED

04-09-2024T08:30:09 - [MESSAGE][INFO] - Checking response object

04-09-2024T08:30:09 - [MESSAGE][PASSED] - totalplay.Common.getDecimalValueofObject is PASSED

04-09-2024T08:30:09 - [TEST_STEP][PASSED] - totalplay.Common.verifyPropertyExist(AddToCart, product_items_0_tax_class_id): totalplay.Common.verifyPropertyExist is PASSED

04-09-2024T08:30:09 - [MESSAGE][INFO] - Checking response object

04-09-2024T08:30:09 - [MESSAGE][PASSED] - totalplay.Common.verifyPropertyExist is PASSED

04-09-2024T08:30:09 - [TEST_STEP][PASSED] - totalplay.Common.verifyPropertyValueExist(AddToCart, product_items_0_tax_class_id): totalplay.Common.verifyPropertyValueExist is PASSED

04-09-2024T08:30:09 - [MESSAGE][INFO] - Checking response object

04-09-2024T08:30:09 - [MESSAGE][INFO] - product_zero_tax

04-09-2024T08:30:09 - [MESSAGE][PASSED] - totalplay.Common.verifyPropertyValueExist is PASSED

04-09-2024T08:30:09 - [TEST_STEP][PASSED] - totalplay.Common.getDecimalValueofObject(AddToCart, product_items_0_tax_rate): totalplay.Common.getDecimalValueofObject is PASSED

04-09-2024T08:30:09 - [MESSAGE][INFO] - Checking response object

04-09-2024T08:30:09 - [MESSAGE][PASSED] - totalplay.Common.getDecimalValueofObject is PASSED

04-09-2024T08:30:09 - [TEST_STEP][PASSED] - totalplay.Common.verifyPropertyExist(AddToCart, product_items_0_c_fromStoreId): totalplay.Common.verifyPropertyExist is PASSED

04-09-2024T08:30:09 - [MESSAGE][INFO] - Checking response object

04-09-2024T08:30:09 - [MESSAGE][PASSED] - totalplay.Common.verifyPropertyExist is PASSED

04-09-2024T08:30:09 - [TEST_STEP][PASSED] - totalplay.Common.verifyPropertyValueExist(AddToCart, product_items_0_c_fromStoreId): totalplay.Common.verifyPropertyValueExist is PASSED

04-09-2024T08:30:09 - [MESSAGE][INFO] - Checking response object

04-09-2024T08:30:09 - [MESSAGE][INFO] - 4158

04-09-2024T08:30:09 - [MESSAGE][PASSED] - totalplay.Common.verifyPropertyValueExist is PASSED

04-09-2024T08:30:09 - [TEST_STEP][PASSED] - totalplay.Common.getBooleanValueofObject(AddToCart, product_items_0_c_isOnDemandStoreItem): totalplay.Common.getBooleanValueofObject is PASSED

04-09-2024T08:30:09 - [MESSAGE][INFO] - Checking response object

04-09-2024T08:30:09 - [MESSAGE][PASSED] - totalplay.Common.getBooleanValueofObject is PASSED

04-09-2024T08:30:09 - [TEST_STEP][PASSED] - totalplay.Common.verifyPropertyExist(AddToCart, product_items_0_c_miraklChannels): totalplay.Common.verifyPropertyExist is PASSED

04-09-2024T08:30:09 - [MESSAGE][INFO] - Checking response object

04-09-2024T08:30:09 - [MESSAGE][PASSED] - totalplay.Common.verifyPropertyExist is PASSED

04-09-2024T08:30:09 - [TEST_STEP][PASSED] - totalplay.Common.verifyPropertyValueExist(AddToCart, product_items_0_c_miraklChannels): totalplay.Common.verifyPropertyValueExist is PASSED

04-09-2024T08:30:09 - [MESSAGE][INFO] - Checking response object

04-09-2024T08:30:10 - [MESSAGE][INFO] - ["INIT"]

04-09-2024T08:30:10 - [MESSAGE][PASSED] - totalplay.Common.verifyPropertyValueExist is PASSED

04-09-2024T08:30:10 - [TEST_STEP][PASSED] - totalplay.Common.verifyPropertyExist(AddToCart, product_items_0_c_miraklOperatorProductId): totalplay.Common.verifyPropertyExist is PASSED

04-09-2024T08:30:10 - [MESSAGE][INFO] - Checking response object

04-09-2024T08:30:10 - [MESSAGE][PASSED] - totalplay.Common.verifyPropertyExist is PASSED

04-09-2024T08:30:10 - [TEST_STEP][PASSED] - totalplay.Common.verifyPropertyValueExist(AddToCart, product_items_0_c_miraklOperatorProductId): totalplay.Common.verifyPropertyValueExist is PASSED

04-09-2024T08:30:10 - [MESSAGE][INFO] - Checking response object

04-09-2024T08:30:10 - [MESSAGE][INFO] - C828554986

04-09-2024T08:30:10 - [MESSAGE][PASSED] - totalplay.Common.verifyPropertyValueExist is PASSED

04-09-2024T08:30:10 - [TEST_STEP][PASSED] - totalplay.Common.verifyPropertyExist(AddToCart, product_items_0_c_miraklShippingTaxes): totalplay.Common.verifyPropertyExist is PASSED

04-09-2024T08:30:10 - [MESSAGE][INFO] - Checking response object

04-09-2024T08:30:10 - [MESSAGE][PASSED] - totalplay.Common.verifyPropertyExist is PASSED

04-09-2024T08:30:10 - [TEST_STEP][PASSED] - totalplay.Common.verifyPropertyValueExist(AddToCart, product_items_0_c_miraklShippingTaxes): totalplay.Common.verifyPropertyValueExist is PASSED

04-09-2024T08:30:10 - [MESSAGE][INFO] - Checking response object

04-09-2024T08:30:10 - [MESSAGE][INFO] - [{"amount":0,"type":"product_zero_tax","isTaxRate":true,"rate":0}]

04-09-2024T08:30:10 - [MESSAGE][PASSED] - totalplay.Common.verifyPropertyValueExist is PASSED

04-09-2024T08:30:10 - [TEST_STEP][PASSED] - totalplay.Common.verifyPropertyExist(AddToCart, product_items_0_c_miraklTaxes): totalplay.Common.verifyPropertyExist is PASSED

04-09-2024T08:30:10 - [MESSAGE][INFO] - Checking response object

04-09-2024T08:30:10 - [MESSAGE][PASSED] - totalplay.Common.verifyPropertyExist is PASSED

04-09-2024T08:30:10 - [TEST_STEP][PASSED] - totalplay.Common.verifyPropertyValueExist(AddToCart, product_items_0_c_miraklTaxes): totalplay.Common.verifyPropertyValueExist is PASSED

04-09-2024T08:30:10 - [MESSAGE][INFO] - Checking response object

04-09-2024T08:30:10 - [MESSAGE][INFO] - [{"amount":0,"type":"product_zero_tax","isTaxRate":true,"rate":0}]

04-09-2024T08:30:10 - [MESSAGE][PASSED] - totalplay.Common.verifyPropertyValueExist is PASSED

04-09-2024T08:30:10 - [TEST_STEP][PASSED] - totalplay.Common.verifyPropertyExist(AddToCart, product_items_0_c_offerId): totalplay.Common.verifyPropertyExist is PASSED

04-09-2024T08:30:10 - [MESSAGE][INFO] - Checking response object

04-09-2024T08:30:10 - [MESSAGE][PASSED] - totalplay.Common.verifyPropertyExist is PASSED

04-09-2024T08:30:10 - [TEST_STEP][PASSED] - totalplay.Common.verifyPropertyValueExist(AddToCart, product_items_0_c_offerId): totalplay.Common.verifyPropertyValueExist is PASSED

04-09-2024T08:30:10 - [MESSAGE][INFO] - Checking response object

04-09-2024T08:30:10 - [MESSAGE][INFO] - 541185

04-09-2024T08:30:10 - [MESSAGE][PASSED] - totalplay.Common.verifyPropertyValueExist is PASSED

04-09-2024T08:30:10 - [TEST_STEP][PASSED] - totalplay.Common.getDecimalValueofObject(AddToCart, product_items_0_c_offerSalesPrice): totalplay.Common.getDecimalValueofObject is PASSED

04-09-2024T08:30:10 - [MESSAGE][INFO] - Checking response object

04-09-2024T08:30:10 - [MESSAGE][PASSED] - totalplay.Common.getDecimalValueofObject is PASSED

04-09-2024T08:30:10 - [TEST_STEP][PASSED] - totalplay.Common.verifyPropertyExist(AddToCart, product_items_0_c_offerState): totalplay.Common.verifyPropertyExist is PASSED

04-09-2024T08:30:10 - [MESSAGE][INFO] - Checking response object

04-09-2024T08:30:10 - [MESSAGE][PASSED] - totalplay.Common.verifyPropertyExist is PASSED

04-09-2024T08:30:10 - [TEST_STEP][PASSED] - totalplay.Common.verifyPropertyValueExist(AddToCart, product_items_0_c_offerState): totalplay.Common.verifyPropertyValueExist is PASSED

04-09-2024T08:30:10 - [MESSAGE][INFO] - Checking response object

04-09-2024T08:30:10 - [MESSAGE][INFO] - Nuevo

04-09-2024T08:30:10 - [MESSAGE][PASSED] - totalplay.Common.verifyPropertyValueExist is PASSED

04-09-2024T08:30:10 - [TEST_STEP][PASSED] - totalplay.Common.verifyPropertyExist(AddToCart, product_items_0_c_offerStateCode): totalplay.Common.verifyPropertyExist is PASSED

04-09-2024T08:30:10 - [MESSAGE][INFO] - Checking response object

04-09-2024T08:30:10 - [MESSAGE][PASSED] - totalplay.Common.verifyPropertyExist is PASSED

04-09-2024T08:30:10 - [TEST_STEP][PASSED] - totalplay.Common.verifyPropertyValueExist(AddToCart, product_items_0_c_offerStateCode): totalplay.Common.verifyPropertyValueExist is PASSED

04-09-2024T08:30:10 - [MESSAGE][INFO] - Checking response object

04-09-2024T08:30:10 - [MESSAGE][INFO] - 11

04-09-2024T08:30:10 - [MESSAGE][PASSED] - totalplay.Common.verifyPropertyValueExist is PASSED

04-09-2024T08:30:10 - [TEST_STEP][PASSED] - totalplay.Common.verifyPropertyExist(AddToCart, product_items_0_c_shopId): totalplay.Common.verifyPropertyExist is PASSED

04-09-2024T08:30:10 - [MESSAGE][INFO] - Checking response object

04-09-2024T08:30:10 - [MESSAGE][PASSED] - totalplay.Common.verifyPropertyExist is PASSED

04-09-2024T08:30:10 - [TEST_STEP][PASSED] - totalplay.Common.verifyPropertyValueExist(AddToCart, product_items_0_c_shopId): totalplay.Common.verifyPropertyValueExist is PASSED

04-09-2024T08:30:10 - [MESSAGE][INFO] - Checking response object

04-09-2024T08:30:10 - [MESSAGE][INFO] - 4158

04-09-2024T08:30:10 - [MESSAGE][PASSED] - totalplay.Common.verifyPropertyValueExist is PASSED

04-09-2024T08:30:10 - [TEST_STEP][PASSED] - totalplay.Common.verifyPropertyExist(AddToCart, product_items_0_c_shopName): totalplay.Common.verifyPropertyExist is PASSED

04-09-2024T08:30:10 - [MESSAGE][INFO] - Checking response object

04-09-2024T08:30:10 - [MESSAGE][PASSED] - totalplay.Common.verifyPropertyExist is PASSED

04-09-2024T08:30:10 - [TEST_STEP][PASSED] - totalplay.Common.verifyPropertyValueExist(AddToCart, product_items_0_c_shopName): totalplay.Common.verifyPropertyValueExist is PASSED

04-09-2024T08:30:10 - [MESSAGE][INFO] - Checking response object

04-09-2024T08:30:10 - [MESSAGE][INFO] - La Casa De Toño Polanco

04-09-2024T08:30:10 - [MESSAGE][PASSED] - totalplay.Common.verifyPropertyValueExist is PASSED

04-09-2024T08:30:10 - [TEST_STEP][PASSED] - totalplay.Common.getDecimalValueofObject(AddToCart, product_items_0_c_total_crossed_price): totalplay.Common.getDecimalValueofObject is PASSED

04-09-2024T08:30:10 - [MESSAGE][INFO] - Checking response object

04-09-2024T08:30:10 - [MESSAGE][PASSED] - totalplay.Common.getDecimalValueofObject is PASSED

04-09-2024T08:30:10 - [TEST_STEP][PASSED] - totalplay.Common.getDecimalValueofObject(AddToCart, product_items_0_c_priceWithComplement): totalplay.Common.getDecimalValueofObject is PASSED

04-09-2024T08:30:10 - [MESSAGE][INFO] - Checking response object

04-09-2024T08:30:10 - [MESSAGE][PASSED] - totalplay.Common.getDecimalValueofObject is PASSED

04-09-2024T08:30:10 - [TEST_STEP][PASSED] - totalplay.Common.verifyPropertyExist(AddToCart, product_items_0_c_imagesData_large_0_alt): totalplay.Common.verifyPropertyExist is PASSED

04-09-2024T08:30:10 - [MESSAGE][INFO] - Checking response object

04-09-2024T08:30:11 - [MESSAGE][PASSED] - totalplay.Common.verifyPropertyExist is PASSED

04-09-2024T08:30:11 - [TEST_STEP][PASSED] - totalplay.Common.verifyPropertyValueExist(AddToCart, product_items_0_c_imagesData_large_0_alt): totalplay.Common.verifyPropertyValueExist is PASSED

04-09-2024T08:30:11 - [MESSAGE][INFO] - Checking response object

04-09-2024T08:30:11 - [MESSAGE][INFO] - Orden de Maciza (100 g)

04-09-2024T08:30:11 - [MESSAGE][PASSED] - totalplay.Common.verifyPropertyValueExist is PASSED

04-09-2024T08:30:11 - [TEST_STEP][PASSED] - totalplay.Common.verifyPropertyValueEmptyString(AddToCart, product_items_0_c_imagesData_large_0_url): totalplay.Common.verifyPropertyValueEmptyString is PASSED

04-09-2024T08:30:11 - [MESSAGE][INFO] - Checking response object

04-09-2024T08:30:11 - [MESSAGE][INFO] - 

04-09-2024T08:30:11 - [MESSAGE][PASSED] - totalplay.Common.verifyPropertyValueEmptyString is PASSED

04-09-2024T08:30:11 - [TEST_STEP][PASSED] - totalplay.Common.verifyPropertyExist(AddToCart, product_items_0_c_imagesData_large_0_title): totalplay.Common.verifyPropertyExist is PASSED

04-09-2024T08:30:11 - [MESSAGE][INFO] - Checking response object

04-09-2024T08:30:11 - [MESSAGE][PASSED] - totalplay.Common.verifyPropertyExist is PASSED

04-09-2024T08:30:11 - [TEST_STEP][PASSED] - totalplay.Common.verifyPropertyValueExist(AddToCart, product_items_0_c_imagesData_large_0_title): totalplay.Common.verifyPropertyValueExist is PASSED

04-09-2024T08:30:11 - [MESSAGE][INFO] - Checking response object

04-09-2024T08:30:11 - [MESSAGE][INFO] - Orden de Maciza (100 g)

04-09-2024T08:30:11 - [MESSAGE][PASSED] - totalplay.Common.verifyPropertyValueExist is PASSED

04-09-2024T08:30:11 - [TEST_STEP][PASSED] - totalplay.Common.verifyPropertyExist(AddToCart, product_items_0_c_description): totalplay.Common.verifyPropertyExist is PASSED

04-09-2024T08:30:11 - [MESSAGE][INFO] - Checking response object

04-09-2024T08:30:11 - [MESSAGE][PASSED] - totalplay.Common.verifyPropertyExist is PASSED

04-09-2024T08:30:11 - [TEST_STEP][PASSED] - totalplay.Common.verifyPropertyValueExist(AddToCart, product_items_0_c_description): totalplay.Common.verifyPropertyValueExist is PASSED

04-09-2024T08:30:11 - [MESSAGE][INFO] - Checking response object

04-09-2024T08:30:11 - [MESSAGE][INFO] - 100 g

04-09-2024T08:30:11 - [MESSAGE][PASSED] - totalplay.Common.verifyPropertyValueExist is PASSED

04-09-2024T08:30:11 - [TEST_STEP][PASSED] - totalplay.Common.getDecimalValueofObject(AddToCart, product_sub_total): totalplay.Common.getDecimalValueofObject is PASSED

04-09-2024T08:30:11 - [MESSAGE][INFO] - Checking response object

04-09-2024T08:30:11 - [MESSAGE][PASSED] - totalplay.Common.getDecimalValueofObject is PASSED

04-09-2024T08:30:11 - [TEST_STEP][PASSED] - totalplay.Common.getDecimalValueofObject(AddToCart, product_total): totalplay.Common.getDecimalValueofObject is PASSED

04-09-2024T08:30:11 - [MESSAGE][INFO] - Checking response object

04-09-2024T08:30:11 - [MESSAGE][PASSED] - totalplay.Common.getDecimalValueofObject is PASSED

04-09-2024T08:30:11 - [TEST_STEP][PASSED] - totalplay.Common.verifyPropertyExist(AddToCart, shipments_0__type): totalplay.Common.verifyPropertyExist is PASSED

04-09-2024T08:30:11 - [MESSAGE][INFO] - Checking response object

04-09-2024T08:30:11 - [MESSAGE][PASSED] - totalplay.Common.verifyPropertyExist is PASSED

04-09-2024T08:30:11 - [TEST_STEP][PASSED] - totalplay.Common.verifyPropertyValueExist(AddToCart, shipments_0__type): totalplay.Common.verifyPropertyValueExist is PASSED

04-09-2024T08:30:11 - [MESSAGE][INFO] - Checking response object

04-09-2024T08:30:11 - [MESSAGE][INFO] - shipment

04-09-2024T08:30:11 - [MESSAGE][PASSED] - totalplay.Common.verifyPropertyValueExist is PASSED

04-09-2024T08:30:11 - [TEST_STEP][PASSED] - totalplay.Common.getDecimalValueofObject(AddToCart, shipments_0_adjusted_merchandize_total_tax): totalplay.Common.getDecimalValueofObject is PASSED

04-09-2024T08:30:11 - [MESSAGE][INFO] - Checking response object

04-09-2024T08:30:11 - [MESSAGE][PASSED] - totalplay.Common.getDecimalValueofObject is PASSED

04-09-2024T08:30:11 - [TEST_STEP][PASSED] - totalplay.Common.getDecimalValueofObject(AddToCart, shipments_0_adjusted_shipping_total_tax): totalplay.Common.getDecimalValueofObject is PASSED

04-09-2024T08:30:11 - [MESSAGE][INFO] - Checking response object

04-09-2024T08:30:11 - [MESSAGE][PASSED] - totalplay.Common.getDecimalValueofObject is PASSED

04-09-2024T08:30:11 - [TEST_STEP][PASSED] - totalplay.Common.getBooleanValueofObject(AddToCart, shipments_0_gift): totalplay.Common.getBooleanValueofObject is PASSED

04-09-2024T08:30:11 - [MESSAGE][INFO] - Checking response object

04-09-2024T08:30:11 - [MESSAGE][PASSED] - totalplay.Common.getBooleanValueofObject is PASSED

04-09-2024T08:30:11 - [TEST_STEP][PASSED] - totalplay.Common.getDecimalValueofObject(AddToCart, shipments_0_merchandize_total_tax): totalplay.Common.getDecimalValueofObject is PASSED

04-09-2024T08:30:11 - [MESSAGE][INFO] - Checking response object

04-09-2024T08:30:11 - [MESSAGE][PASSED] - totalplay.Common.getDecimalValueofObject is PASSED

04-09-2024T08:30:11 - [TEST_STEP][PASSED] - totalplay.Common.getDecimalValueofObject(AddToCart, shipments_0_product_sub_total): totalplay.Common.getDecimalValueofObject is PASSED

04-09-2024T08:30:11 - [MESSAGE][INFO] - Checking response object

04-09-2024T08:30:11 - [MESSAGE][PASSED] - totalplay.Common.getDecimalValueofObject is PASSED

04-09-2024T08:30:11 - [TEST_STEP][PASSED] - totalplay.Common.getDecimalValueofObject(AddToCart, shipments_0_product_total): totalplay.Common.getDecimalValueofObject is PASSED

04-09-2024T08:30:11 - [MESSAGE][INFO] - Checking response object

04-09-2024T08:30:11 - [MESSAGE][PASSED] - totalplay.Common.getDecimalValueofObject is PASSED

04-09-2024T08:30:11 - [TEST_STEP][PASSED] - totalplay.Common.verifyPropertyExist(AddToCart, shipments_0_shipment_id): totalplay.Common.verifyPropertyExist is PASSED

04-09-2024T08:30:11 - [MESSAGE][INFO] - Checking response object

04-09-2024T08:30:11 - [MESSAGE][PASSED] - totalplay.Common.verifyPropertyExist is PASSED

04-09-2024T08:30:12 - [TEST_STEP][PASSED] - totalplay.Common.verifyPropertyValueExist(AddToCart, shipments_0_shipment_id): totalplay.Common.verifyPropertyValueExist is PASSED

04-09-2024T08:30:12 - [MESSAGE][INFO] - Checking response object

04-09-2024T08:30:12 - [MESSAGE][INFO] - me

04-09-2024T08:30:12 - [MESSAGE][PASSED] - totalplay.Common.verifyPropertyValueExist is PASSED

04-09-2024T08:30:12 - [TEST_STEP][PASSED] - totalplay.Common.getDecimalValueofObject(AddToCart, shipments_0_shipment_total): totalplay.Common.getDecimalValueofObject is PASSED

04-09-2024T08:30:12 - [MESSAGE][INFO] - Checking response object

04-09-2024T08:30:12 - [MESSAGE][PASSED] - totalplay.Common.getDecimalValueofObject is PASSED

04-09-2024T08:30:12 - [TEST_STEP][PASSED] - totalplay.Common.verifyPropertyExist(AddToCart, shipments_0_shipping_method__type): totalplay.Common.verifyPropertyExist is PASSED

04-09-2024T08:30:12 - [MESSAGE][INFO] - Checking response object

04-09-2024T08:30:12 - [MESSAGE][PASSED] - totalplay.Common.verifyPropertyExist is PASSED

04-09-2024T08:30:12 - [TEST_STEP][PASSED] - totalplay.Common.verifyPropertyValueExist(AddToCart, shipments_0_shipping_method__type): totalplay.Common.verifyPropertyValueExist is PASSED

04-09-2024T08:30:12 - [MESSAGE][INFO] - Checking response object

04-09-2024T08:30:12 - [MESSAGE][INFO] - shipping_method

04-09-2024T08:30:12 - [MESSAGE][PASSED] - totalplay.Common.verifyPropertyValueExist is PASSED

04-09-2024T08:30:12 - [TEST_STEP][PASSED] - totalplay.Common.verifyPropertyExist(AddToCart, shipments_0_shipping_method_description): totalplay.Common.verifyPropertyExist is PASSED

04-09-2024T08:30:12 - [MESSAGE][INFO] - Checking response object

04-09-2024T08:30:12 - [MESSAGE][PASSED] - totalplay.Common.verifyPropertyExist is PASSED

04-09-2024T08:30:12 - [TEST_STEP][PASSED] - totalplay.Common.verifyPropertyValueExist(AddToCart, shipments_0_shipping_method_description): totalplay.Common.verifyPropertyValueExist is PASSED

04-09-2024T08:30:12 - [MESSAGE][INFO] - Checking response object

04-09-2024T08:30:12 - [MESSAGE][INFO] - pickup

04-09-2024T08:30:12 - [MESSAGE][PASSED] - totalplay.Common.verifyPropertyValueExist is PASSED

04-09-2024T08:30:12 - [TEST_STEP][PASSED] - totalplay.Common.verifyPropertyExist(AddToCart, shipments_0_shipping_method_id): totalplay.Common.verifyPropertyExist is PASSED

04-09-2024T08:30:12 - [MESSAGE][INFO] - Checking response object

04-09-2024T08:30:12 - [MESSAGE][PASSED] - totalplay.Common.verifyPropertyExist is PASSED

04-09-2024T08:30:12 - [TEST_STEP][PASSED] - totalplay.Common.verifyPropertyValueExist(AddToCart, shipments_0_shipping_method_id): totalplay.Common.verifyPropertyValueExist is PASSED

04-09-2024T08:30:12 - [MESSAGE][INFO] - Checking response object

04-09-2024T08:30:12 - [MESSAGE][INFO] - pickup

04-09-2024T08:30:12 - [MESSAGE][PASSED] - totalplay.Common.verifyPropertyValueExist is PASSED

04-09-2024T08:30:12 - [TEST_STEP][PASSED] - totalplay.Common.verifyPropertyExist(AddToCart, shipments_0_shipping_method_name): totalplay.Common.verifyPropertyExist is PASSED

04-09-2024T08:30:12 - [MESSAGE][INFO] - Checking response object

04-09-2024T08:30:12 - [MESSAGE][PASSED] - totalplay.Common.verifyPropertyExist is PASSED

04-09-2024T08:30:12 - [TEST_STEP][PASSED] - totalplay.Common.verifyPropertyValueExist(AddToCart, shipments_0_shipping_method_name): totalplay.Common.verifyPropertyValueExist is PASSED

04-09-2024T08:30:12 - [MESSAGE][INFO] - Checking response object

04-09-2024T08:30:12 - [MESSAGE][INFO] - pickup

04-09-2024T08:30:12 - [MESSAGE][PASSED] - totalplay.Common.verifyPropertyValueExist is PASSED

04-09-2024T08:30:12 - [TEST_STEP][PASSED] - totalplay.Common.verifyPropertyExist(AddToCart, shipments_0_shipping_method_c_estimatedArrivalTime): totalplay.Common.verifyPropertyExist is PASSED

04-09-2024T08:30:12 - [MESSAGE][INFO] - Checking response object

04-09-2024T08:30:12 - [MESSAGE][PASSED] - totalplay.Common.verifyPropertyExist is PASSED

04-09-2024T08:30:12 - [TEST_STEP][PASSED] - totalplay.Common.verifyPropertyValueExist(AddToCart, shipments_0_shipping_method_c_estimatedArrivalTime): totalplay.Common.verifyPropertyValueExist is PASSED

04-09-2024T08:30:12 - [MESSAGE][INFO] - Checking response object

04-09-2024T08:30:12 - [MESSAGE][INFO] - 60 Mins

04-09-2024T08:30:12 - [MESSAGE][PASSED] - totalplay.Common.verifyPropertyValueExist is PASSED

04-09-2024T08:30:12 - [TEST_STEP][PASSED] - totalplay.Common.getBooleanValueofObject(AddToCart, shipments_0_shipping_status): totalplay.Common.getBooleanValueofObject is PASSED

04-09-2024T08:30:12 - [MESSAGE][INFO] - Checking response object

04-09-2024T08:30:12 - [MESSAGE][PASSED] - totalplay.Common.getBooleanValueofObject is PASSED

04-09-2024T08:30:12 - [TEST_STEP][PASSED] - totalplay.Common.verifyPropertyExist(AddToCart, shipments_0_shipping_status): totalplay.Common.verifyPropertyExist is PASSED

04-09-2024T08:30:12 - [MESSAGE][INFO] - Checking response object

04-09-2024T08:30:12 - [MESSAGE][PASSED] - totalplay.Common.verifyPropertyExist is PASSED

04-09-2024T08:30:12 - [TEST_STEP][PASSED] - totalplay.Common.verifyPropertyValueExist(AddToCart, shipments_0_shipping_status): totalplay.Common.verifyPropertyValueExist is PASSED

04-09-2024T08:30:12 - [MESSAGE][INFO] - Checking response object

04-09-2024T08:30:12 - [MESSAGE][INFO] - not_shipped

04-09-2024T08:30:12 - [MESSAGE][PASSED] - totalplay.Common.verifyPropertyValueExist is PASSED

04-09-2024T08:30:12 - [TEST_STEP][PASSED] - totalplay.Common.getDecimalValueofObject(AddToCart, shipments_0_shipping_total): totalplay.Common.getDecimalValueofObject is PASSED

04-09-2024T08:30:12 - [MESSAGE][INFO] - Checking response object

04-09-2024T08:30:12 - [MESSAGE][PASSED] - totalplay.Common.getDecimalValueofObject is PASSED

04-09-2024T08:30:12 - [TEST_STEP][PASSED] - totalplay.Common.getDecimalValueofObject(AddToCart, shipments_0_shipping_total_tax): totalplay.Common.getDecimalValueofObject is PASSED

04-09-2024T08:30:12 - [MESSAGE][INFO] - Checking response object

04-09-2024T08:30:12 - [MESSAGE][PASSED] - totalplay.Common.getDecimalValueofObject is PASSED

04-09-2024T08:30:12 - [TEST_STEP][PASSED] - totalplay.Common.getDecimalValueofObject(AddToCart, shipments_0_tax_total): totalplay.Common.getDecimalValueofObject is PASSED

04-09-2024T08:30:12 - [MESSAGE][INFO] - Checking response object

04-09-2024T08:30:13 - [MESSAGE][PASSED] - totalplay.Common.getDecimalValueofObject is PASSED

04-09-2024T08:30:13 - [TEST_STEP][PASSED] - totalplay.Common.verifyPropertyExist(AddToCart, shipping_items_0__type): totalplay.Common.verifyPropertyExist is PASSED

04-09-2024T08:30:13 - [MESSAGE][INFO] - Checking response object

04-09-2024T08:30:13 - [MESSAGE][PASSED] - totalplay.Common.verifyPropertyExist is PASSED

04-09-2024T08:30:13 - [TEST_STEP][PASSED] - totalplay.Common.verifyPropertyValueExist(AddToCart, shipping_items_0__type): totalplay.Common.verifyPropertyValueExist is PASSED

04-09-2024T08:30:13 - [MESSAGE][INFO] - Checking response object

04-09-2024T08:30:13 - [MESSAGE][INFO] - shipping_item

04-09-2024T08:30:13 - [MESSAGE][PASSED] - totalplay.Common.verifyPropertyValueExist is PASSED

04-09-2024T08:30:13 - [TEST_STEP][PASSED] - totalplay.Common.getDecimalValueofObject(AddToCart, shipping_items_0_adjusted_tax): totalplay.Common.getDecimalValueofObject is PASSED

04-09-2024T08:30:13 - [MESSAGE][INFO] - Checking response object

04-09-2024T08:30:13 - [MESSAGE][PASSED] - totalplay.Common.getDecimalValueofObject is PASSED

04-09-2024T08:30:13 - [TEST_STEP][PASSED] - totalplay.Common.getDecimalValueofObject(AddToCart, shipping_items_0_base_price): totalplay.Common.getDecimalValueofObject is PASSED

04-09-2024T08:30:13 - [MESSAGE][INFO] - Checking response object

04-09-2024T08:30:13 - [MESSAGE][PASSED] - totalplay.Common.getDecimalValueofObject is PASSED

04-09-2024T08:30:13 - [TEST_STEP][PASSED] - totalplay.Common.verifyPropertyExist(AddToCart, shipping_items_0_item_id): totalplay.Common.verifyPropertyExist is PASSED

04-09-2024T08:30:13 - [MESSAGE][INFO] - Checking response object

04-09-2024T08:30:13 - [MESSAGE][PASSED] - totalplay.Common.verifyPropertyExist is PASSED

04-09-2024T08:30:13 - [TEST_STEP][PASSED] - totalplay.Common.verifyPropertyValueExist(AddToCart, shipping_items_0_item_id): totalplay.Common.verifyPropertyValueExist is PASSED

04-09-2024T08:30:13 - [MESSAGE][INFO] - Checking response object

04-09-2024T08:30:13 - [MESSAGE][INFO] - 9c7318e7f0d4a95edfef2caf41

04-09-2024T08:30:13 - [MESSAGE][PASSED] - totalplay.Common.verifyPropertyValueExist is PASSED

04-09-2024T08:30:13 - [TEST_STEP][PASSED] - totalplay.Common.verifyPropertyExist(AddToCart, shipping_items_0_item_text): totalplay.Common.verifyPropertyExist is PASSED

04-09-2024T08:30:13 - [MESSAGE][INFO] - Checking response object

04-09-2024T08:30:13 - [MESSAGE][PASSED] - totalplay.Common.verifyPropertyExist is PASSED

04-09-2024T08:30:13 - [TEST_STEP][PASSED] - totalplay.Common.verifyPropertyValueExist(AddToCart, shipping_items_0_item_text): totalplay.Common.verifyPropertyValueExist is PASSED

04-09-2024T08:30:13 - [MESSAGE][INFO] - Checking response object

04-09-2024T08:30:13 - [MESSAGE][INFO] - Shipping

04-09-2024T08:30:13 - [MESSAGE][PASSED] - totalplay.Common.verifyPropertyValueExist is PASSED

04-09-2024T08:30:13 - [TEST_STEP][PASSED] - totalplay.Common.getDecimalValueofObject(AddToCart, shipping_items_0_price): totalplay.Common.getDecimalValueofObject is PASSED

04-09-2024T08:30:13 - [MESSAGE][INFO] - Checking response object

04-09-2024T08:30:13 - [MESSAGE][PASSED] - totalplay.Common.getDecimalValueofObject is PASSED

04-09-2024T08:30:13 - [TEST_STEP][PASSED] - totalplay.Common.getDecimalValueofObject(AddToCart, shipping_items_0_price_after_item_discount): totalplay.Common.getDecimalValueofObject is PASSED

04-09-2024T08:30:13 - [MESSAGE][INFO] - Checking response object

04-09-2024T08:30:13 - [MESSAGE][PASSED] - totalplay.Common.getDecimalValueofObject is PASSED

04-09-2024T08:30:13 - [TEST_STEP][PASSED] - totalplay.Common.verifyPropertyExist(AddToCart, shipping_items_0_shipment_id): totalplay.Common.verifyPropertyExist is PASSED

04-09-2024T08:30:13 - [MESSAGE][INFO] - Checking response object

04-09-2024T08:30:13 - [MESSAGE][PASSED] - totalplay.Common.verifyPropertyExist is PASSED

04-09-2024T08:30:13 - [TEST_STEP][PASSED] - totalplay.Common.verifyPropertyValueExist(AddToCart, shipping_items_0_shipment_id): totalplay.Common.verifyPropertyValueExist is PASSED

04-09-2024T08:30:13 - [MESSAGE][INFO] - Checking response object

04-09-2024T08:30:13 - [MESSAGE][INFO] - me

04-09-2024T08:30:13 - [MESSAGE][PASSED] - totalplay.Common.verifyPropertyValueExist is PASSED

04-09-2024T08:30:13 - [TEST_STEP][PASSED] - totalplay.Common.getDecimalValueofObject(AddToCart, shipping_items_0_tax): totalplay.Common.getDecimalValueofObject is PASSED

04-09-2024T08:30:13 - [MESSAGE][INFO] - Checking response object

04-09-2024T08:30:13 - [MESSAGE][PASSED] - totalplay.Common.getDecimalValueofObject is PASSED

04-09-2024T08:30:13 - [TEST_STEP][PASSED] - totalplay.Common.getDecimalValueofObject(AddToCart, shipping_items_0_tax_basis): totalplay.Common.getDecimalValueofObject is PASSED

04-09-2024T08:30:13 - [MESSAGE][INFO] - Checking response object

04-09-2024T08:30:13 - [MESSAGE][PASSED] - totalplay.Common.getDecimalValueofObject is PASSED

04-09-2024T08:30:13 - [TEST_STEP][PASSED] - totalplay.Common.verifyPropertyExist(AddToCart, shipping_items_0_tax_class_id): totalplay.Common.verifyPropertyExist is PASSED

04-09-2024T08:30:13 - [MESSAGE][INFO] - Checking response object

04-09-2024T08:30:13 - [MESSAGE][PASSED] - totalplay.Common.verifyPropertyExist is PASSED

04-09-2024T08:30:13 - [TEST_STEP][PASSED] - totalplay.Common.verifyPropertyValueExist(AddToCart, shipping_items_0_tax_class_id): totalplay.Common.verifyPropertyValueExist is PASSED

04-09-2024T08:30:13 - [MESSAGE][INFO] - Checking response object

04-09-2024T08:30:13 - [MESSAGE][INFO] - standard

04-09-2024T08:30:13 - [MESSAGE][PASSED] - totalplay.Common.verifyPropertyValueExist is PASSED

04-09-2024T08:30:13 - [TEST_STEP][PASSED] - totalplay.Common.getDecimalValueofObject(AddToCart, shipping_items_0_tax_rate): totalplay.Common.getDecimalValueofObject is PASSED

04-09-2024T08:30:13 - [MESSAGE][INFO] - Checking response object

04-09-2024T08:30:14 - [MESSAGE][PASSED] - totalplay.Common.getDecimalValueofObject is PASSED

04-09-2024T08:30:14 - [TEST_STEP][PASSED] - totalplay.Common.getDecimalValueofObject(AddToCart, shipping_total): totalplay.Common.getDecimalValueofObject is PASSED

04-09-2024T08:30:14 - [MESSAGE][INFO] - Checking response object

04-09-2024T08:30:14 - [MESSAGE][PASSED] - totalplay.Common.getDecimalValueofObject is PASSED

04-09-2024T08:30:14 - [TEST_STEP][PASSED] - totalplay.Common.getDecimalValueofObject(AddToCart, shipping_total_tax): totalplay.Common.getDecimalValueofObject is PASSED

04-09-2024T08:30:14 - [MESSAGE][INFO] - Checking response object

04-09-2024T08:30:14 - [MESSAGE][PASSED] - totalplay.Common.getDecimalValueofObject is PASSED

04-09-2024T08:30:14 - [TEST_STEP][PASSED] - totalplay.Common.verifyPropertyExist(AddToCart, taxation): totalplay.Common.verifyPropertyExist is PASSED

04-09-2024T08:30:14 - [MESSAGE][INFO] - Checking response object

04-09-2024T08:30:14 - [MESSAGE][PASSED] - totalplay.Common.verifyPropertyExist is PASSED

04-09-2024T08:30:14 - [TEST_STEP][PASSED] - totalplay.Common.verifyPropertyValueExist(AddToCart, taxation): totalplay.Common.verifyPropertyValueExist is PASSED

04-09-2024T08:30:14 - [MESSAGE][INFO] - Checking response object

04-09-2024T08:30:14 - [MESSAGE][INFO] - net

04-09-2024T08:30:14 - [MESSAGE][PASSED] - totalplay.Common.verifyPropertyValueExist is PASSED

04-09-2024T08:30:14 - [TEST_STEP][PASSED] - totalplay.Common.getBooleanValueofObject(AddToCart, tax_rounded_at_group): totalplay.Common.getBooleanValueofObject is PASSED

04-09-2024T08:30:14 - [MESSAGE][INFO] - Checking response object

04-09-2024T08:30:14 - [MESSAGE][PASSED] - totalplay.Common.getBooleanValueofObject is PASSED

04-09-2024T08:30:14 - [TEST_STEP][PASSED] - totalplay.Common.getDecimalValueofObject(AddToCart, tax_total): totalplay.Common.getDecimalValueofObject is PASSED

04-09-2024T08:30:14 - [MESSAGE][INFO] - Checking response object

04-09-2024T08:30:14 - [MESSAGE][PASSED] - totalplay.Common.getDecimalValueofObject is PASSED

04-09-2024T08:30:14 - [TEST_STEP][PASSED] - totalplay.Common.getBooleanValueofObject(AddToCart, temporary_basket): totalplay.Common.getBooleanValueofObject is PASSED

04-09-2024T08:30:14 - [MESSAGE][INFO] - Checking response object

04-09-2024T08:30:14 - [MESSAGE][PASSED] - totalplay.Common.getBooleanValueofObject is PASSED

04-09-2024T08:30:14 - [TEST_STEP][PASSED] - totalplay.Common.verifyPropertyExist(AddToCart, c_currentCorporate): totalplay.Common.verifyPropertyExist is PASSED

04-09-2024T08:30:14 - [MESSAGE][INFO] - Checking response object

04-09-2024T08:30:14 - [MESSAGE][PASSED] - totalplay.Common.verifyPropertyExist is PASSED

04-09-2024T08:30:14 - [TEST_STEP][PASSED] - totalplay.Common.verifyPropertyValueExist(AddToCart, c_currentCorporate): totalplay.Common.verifyPropertyValueExist is PASSED

04-09-2024T08:30:14 - [MESSAGE][INFO] - Checking response object

04-09-2024T08:30:14 - [MESSAGE][INFO] - LaCasaDeToño

04-09-2024T08:30:14 - [MESSAGE][PASSED] - totalplay.Common.verifyPropertyValueExist is PASSED

04-09-2024T08:30:14 - [TEST_STEP][PASSED] - totalplay.Common.getBooleanValueofObject(AddToCart, c_forceDeleteOndemand): totalplay.Common.getBooleanValueofObject is PASSED

04-09-2024T08:30:14 - [MESSAGE][INFO] - Checking response object

04-09-2024T08:30:14 - [MESSAGE][PASSED] - totalplay.Common.getBooleanValueofObject is PASSED

04-09-2024T08:30:14 - [TEST_STEP][PASSED] - totalplay.Common.verifyPropertyExist(AddToCart, c_seller_id): totalplay.Common.verifyPropertyExist is PASSED

04-09-2024T08:30:14 - [MESSAGE][INFO] - Checking response object

04-09-2024T08:30:14 - [MESSAGE][PASSED] - totalplay.Common.verifyPropertyExist is PASSED

04-09-2024T08:30:14 - [TEST_STEP][PASSED] - totalplay.Common.verifyPropertyValueExist(AddToCart, c_seller_id): totalplay.Common.verifyPropertyValueExist is PASSED

04-09-2024T08:30:14 - [MESSAGE][INFO] - Checking response object

04-09-2024T08:30:14 - [MESSAGE][INFO] - 4158

04-09-2024T08:30:14 - [MESSAGE][PASSED] - totalplay.Common.verifyPropertyValueExist is PASSED

04-09-2024T08:30:14 - [TEST_STEP][PASSED] - totalplay.Common.getDecimalValueofObject(AddToCart, c_savingsTotal): totalplay.Common.getDecimalValueofObject is PASSED

04-09-2024T08:30:14 - [MESSAGE][INFO] - Checking response object

04-09-2024T08:30:14 - [MESSAGE][PASSED] - totalplay.Common.getDecimalValueofObject is PASSED]]></system-out>
         <system-err><![CDATA[]]></system-err>
      </testcase>
      <testcase name="Test Cases/TotalPlay-Food/TC_12_Get_Basket_by_Id" time="14.778" classname="Test Cases/TotalPlay-Food/TC_12_Get_Basket_by_Id" status="PASSED">
         <system-out><![CDATA[04-09-2024T08:30:14 - [TEST_CASE][PASSED] - Test Cases/TotalPlay-Food/TC_12_Get_Basket_by_Id: Test Cases/TotalPlay-Food/TC_12_Get_Basket_by_Id

04-09-2024T08:30:16 - [TEST_STEP][PASSED] - callTestCase(findTestCase("TotalPlay-Food/TC_1_Login_Service"), [:], STOP_ON_FAILURE): Call Test Case 'Test Cases/TotalPlay-Food/TC_1_Login_Service' successfully

04-09-2024T08:30:16 - [MESSAGE][INFO] - Checking called Test Case

04-09-2024T08:30:16 - [MESSAGE][INFO] - Starting to call Test Case 'Test Cases/TotalPlay-Food/TC_1_Login_Service'

04-09-2024T08:30:16 - [TEST_CASE][PASSED] - Test Cases/TotalPlay-Food/TC_1_Login_Service: Test Cases/TotalPlay-Food/TC_1_Login_Service

04-09-2024T08:30:16 - [TEST_STEP][PASSED] - LoginResponse = sendRequest(findTestObject("TotalPlay-Food/getTokenDelivery", ["URL":URL])): Send request successfully

04-09-2024T08:30:16 - [MESSAGE][INFO] - Finding Test Object 'Object Repository/TotalPlay-Food/getTokenDelivery'

04-09-2024T08:30:16 - [MESSAGE][INFO] - Checking request object

04-09-2024T08:30:19 - [MESSAGE][INFO] - HAR: C:\Users\ShubhamKumarThakur\OneDrive - Kognivera\Documents\TotalPlay\totalplay-automation\Reports\20240904_082912\Food_Service_Normal_Flow_PlaceOrder\20240904_082912\requests\main\7.har

04-09-2024T08:30:19 - [MESSAGE][PASSED] - Send request successfully

04-09-2024T08:30:19 - [TEST_STEP][PASSED] - assert getResponseStatusCode(LoginResponse) == 200: Checking response object

04-09-2024T08:30:19 - [MESSAGE][INFO] - Checking response object

04-09-2024T08:30:19 - [TEST_STEP][PASSED] - Auth = "ocapiResponse.access_token": null

04-09-2024T08:30:19 - [TEST_STEP][PASSED] - FoodBascketId = "ocapiResponse.c_basketId_TP_FOOD": null

04-09-2024T08:30:19 - [TEST_STEP][PASSED] - FoodBasId = getElementPropertyValue(LoginResponse, FoodBascketId): Checking response object

04-09-2024T08:30:19 - [MESSAGE][INFO] - Checking response object

04-09-2024T08:30:19 - [TEST_STEP][PASSED] - sfccAuthorization = getElementPropertyValue(LoginResponse, Auth): Checking response object

04-09-2024T08:30:19 - [MESSAGE][INFO] - Checking response object

04-09-2024T08:30:19 - [TEST_STEP][PASSED] - Authorization = "Bearer " + sfccAuthorization: null

04-09-2024T08:30:19 - [TEST_STEP][PASSED] - FoodBasketId = FoodBasId: null

04-09-2024T08:30:19 - [TEST_STEP][PASSED] - logInfo(bm_auth_token): 

04-09-2024T08:30:19 - [MESSAGE][INFO] - 

04-09-2024T08:30:19 - [TEST_STEP][PASSED] - if (sfccAuthorization.length() == 0): null

04-09-2024T08:30:19 - [TEST_STEP][PASSED] - else: authorization generated

04-09-2024T08:30:19 - [TEST_STEP][PASSED] - markPassed("authorization generated"): authorization generated

04-09-2024T08:30:19 - [MESSAGE][PASSED] - authorization generated

04-09-2024T08:30:19 - [TEST_STEP][PASSED] - BasketId_loginResponse = "ocapiResponse.c_basketId": null

04-09-2024T08:30:19 - [TEST_STEP][PASSED] - CustomerId_loginResponse = "ocapiResponse.customer_id": null

04-09-2024T08:30:19 - [TEST_STEP][PASSED] - basketId = getElementPropertyValue(LoginResponse, BasketId_loginResponse): Checking response object

04-09-2024T08:30:19 - [MESSAGE][INFO] - Checking response object

04-09-2024T08:30:19 - [TEST_STEP][PASSED] - customerId = getElementPropertyValue(LoginResponse, CustomerId_loginResponse): Checking response object

04-09-2024T08:30:19 - [MESSAGE][INFO] - Checking response object

04-09-2024T08:30:19 - [TEST_STEP][PASSED] - basketID = basketId: null

04-09-2024T08:30:19 - [TEST_STEP][PASSED] - sla_customerId = customerId: null

04-09-2024T08:30:19 - [TEST_STEP][PASSED] - println(basketID): null

04-09-2024T08:30:19 - [TEST_STEP][PASSED] - println(sla_customerId): null

04-09-2024T08:30:19 - [TEST_STEP][PASSED] - refresh_token = "ocapiResponse.refresh_token": null

04-09-2024T08:30:19 - [TEST_STEP][PASSED] - customer_email = "ocapiResponse.customer_email": null

04-09-2024T08:30:19 - [TEST_STEP][PASSED] - c_brmId = "ocapiResponse.c_brmId": null

04-09-2024T08:30:19 - [TEST_STEP][PASSED] - customer_name = "ocapiResponse.customer_name": null

04-09-2024T08:30:19 - [TEST_STEP][PASSED] - totalplay.Common.verifyPropertyExist(LoginResponse, refresh_token): totalplay.Common.verifyPropertyExist is PASSED

04-09-2024T08:30:19 - [MESSAGE][INFO] - Checking response object

04-09-2024T08:30:19 - [MESSAGE][PASSED] - totalplay.Common.verifyPropertyExist is PASSED

04-09-2024T08:30:19 - [TEST_STEP][PASSED] - totalplay.Common.verifyPropertyValueExist(LoginResponse, refresh_token): totalplay.Common.verifyPropertyValueExist is PASSED

04-09-2024T08:30:19 - [MESSAGE][INFO] - Checking response object

04-09-2024T08:30:19 - [MESSAGE][INFO] - jy1zCAem2xGo7RECLmRtaYkWpK0XOjA_4AbatuULbGQ

04-09-2024T08:30:19 - [MESSAGE][PASSED] - totalplay.Common.verifyPropertyValueExist is PASSED

04-09-2024T08:30:19 - [TEST_STEP][PASSED] - totalplay.Common.verifyPropertyExist(LoginResponse, customer_email): totalplay.Common.verifyPropertyExist is PASSED

04-09-2024T08:30:19 - [MESSAGE][INFO] - Checking response object

04-09-2024T08:30:19 - [MESSAGE][PASSED] - totalplay.Common.verifyPropertyExist is PASSED

04-09-2024T08:30:19 - [TEST_STEP][PASSED] - totalplay.Common.verifyPropertyValueExist(LoginResponse, customer_email): totalplay.Common.verifyPropertyValueExist is PASSED

04-09-2024T08:30:19 - [MESSAGE][INFO] - Checking response object

04-09-2024T08:30:19 - [MESSAGE][INFO] - cesar.waldo93@gmail.com

04-09-2024T08:30:19 - [MESSAGE][PASSED] - totalplay.Common.verifyPropertyValueExist is PASSED

04-09-2024T08:30:19 - [TEST_STEP][PASSED] - totalplay.Common.verifyPropertyExist(LoginResponse, customer_name): totalplay.Common.verifyPropertyExist is PASSED

04-09-2024T08:30:19 - [MESSAGE][INFO] - Checking response object

04-09-2024T08:30:19 - [MESSAGE][PASSED] - totalplay.Common.verifyPropertyExist is PASSED

04-09-2024T08:30:19 - [TEST_STEP][PASSED] - totalplay.Common.verifyPropertyValueExist(LoginResponse, customer_name): totalplay.Common.verifyPropertyValueExist is PASSED

04-09-2024T08:30:19 - [MESSAGE][INFO] - Checking response object

04-09-2024T08:30:19 - [MESSAGE][INFO] - CESAR GERARDO WALDO GONZALEZ

04-09-2024T08:30:19 - [MESSAGE][PASSED] - totalplay.Common.verifyPropertyValueExist is PASSED

04-09-2024T08:30:19 - [TEST_STEP][PASSED] - totalplay.Common.verifyPropertyExist(LoginResponse, c_brmId): totalplay.Common.verifyPropertyExist is PASSED

04-09-2024T08:30:19 - [MESSAGE][INFO] - Checking response object

04-09-2024T08:30:19 - [MESSAGE][PASSED] - totalplay.Common.verifyPropertyExist is PASSED

04-09-2024T08:30:19 - [TEST_STEP][PASSED] - totalplay.Common.verifyPropertyValueExist(LoginResponse, c_brmId): totalplay.Common.verifyPropertyValueExist is PASSED

04-09-2024T08:30:19 - [MESSAGE][INFO] - Checking response object

04-09-2024T08:30:19 - [MESSAGE][INFO] - 0106378356

04-09-2024T08:30:19 - [MESSAGE][PASSED] - totalplay.Common.verifyPropertyValueExist is PASSED

04-09-2024T08:30:19 - [MESSAGE][PASSED] - Call Test Case 'Test Cases/TotalPlay-Food/TC_1_Login_Service' successfully

04-09-2024T08:30:19 - [TEST_STEP][PASSED] - AddProductToBAsket = sendRequest(findTestObject("TotalPlay-Food/AddProductToBasket", ["URL":URL, "basketID":basketID])): Send request successfully

04-09-2024T08:30:19 - [MESSAGE][INFO] - Finding Test Object 'Object Repository/TotalPlay-Food/AddProductToBasket'

04-09-2024T08:30:20 - [MESSAGE][INFO] - Checking request object

04-09-2024T08:30:21 - [MESSAGE][INFO] - HAR: C:\Users\ShubhamKumarThakur\OneDrive - Kognivera\Documents\TotalPlay\totalplay-automation\Reports\20240904_082912\Food_Service_Normal_Flow_PlaceOrder\20240904_082912\requests\main\8.har

04-09-2024T08:30:21 - [MESSAGE][PASSED] - Send request successfully

04-09-2024T08:30:21 - [TEST_STEP][PASSED] - verifyResponseStatusCode(AddProductToBAsket, 200): Verify response status code successfully

04-09-2024T08:30:21 - [MESSAGE][INFO] - Checking response object

04-09-2024T08:30:21 - [MESSAGE][PASSED] - Verify response status code successfully

04-09-2024T08:30:21 - [TEST_STEP][PASSED] - product_productItemId = "product.productItemId": null

04-09-2024T08:30:21 - [TEST_STEP][PASSED] - Item_id = getElementPropertyValue(AddProductToBAsket, product_productItemId): Checking response object

04-09-2024T08:30:21 - [MESSAGE][INFO] - Checking response object

04-09-2024T08:30:21 - [TEST_STEP][PASSED] - GetBasket = sendRequest(findTestObject("TotalPlay-Food/getBasketById", ["URL":URL, "basketID":basketID])): Send request successfully

04-09-2024T08:30:21 - [MESSAGE][INFO] - Finding Test Object 'Object Repository/TotalPlay-Food/getBasketById'

04-09-2024T08:30:21 - [MESSAGE][INFO] - Checking request object

04-09-2024T08:30:22 - [MESSAGE][INFO] - HAR: C:\Users\ShubhamKumarThakur\OneDrive - Kognivera\Documents\TotalPlay\totalplay-automation\Reports\20240904_082912\Food_Service_Normal_Flow_PlaceOrder\20240904_082912\requests\main\9.har

04-09-2024T08:30:22 - [MESSAGE][PASSED] - Send request successfully

04-09-2024T08:30:22 - [TEST_STEP][PASSED] - verifyResponseStatusCode(GetBasket, 200): Verify response status code successfully

04-09-2024T08:30:22 - [MESSAGE][INFO] - Checking response object

04-09-2024T08:30:22 - [MESSAGE][PASSED] - Verify response status code successfully

04-09-2024T08:30:22 - [TEST_STEP][PASSED] - _v = "_v": null

04-09-2024T08:30:22 - [TEST_STEP][PASSED] - _type = "_type": null

04-09-2024T08:30:22 - [TEST_STEP][PASSED] - _resource_state = "_resource_state": null

04-09-2024T08:30:22 - [TEST_STEP][PASSED] - _flash_0__type = "_flash[0]._type": null

04-09-2024T08:30:22 - [TEST_STEP][PASSED] - _flash_0_type = "_flash[0].type": null

04-09-2024T08:30:22 - [TEST_STEP][PASSED] - _flash_0_message = "_flash[0].message": null

04-09-2024T08:30:22 - [TEST_STEP][PASSED] - _flash_0_path = "_flash[0].path": null

04-09-2024T08:30:22 - [TEST_STEP][PASSED] - adjusted_merchandize_total_tax = "adjusted_merchandize_total_tax": null

04-09-2024T08:30:22 - [TEST_STEP][PASSED] - adjusted_shipping_total_tax = "adjusted_shipping_total_tax": null

04-09-2024T08:30:22 - [TEST_STEP][PASSED] - agent_basket = "agent_basket": null

04-09-2024T08:30:22 - [TEST_STEP][PASSED] - basket_id = "basket_id": null

04-09-2024T08:30:22 - [TEST_STEP][PASSED] - channel_type = "channel_type": null

04-09-2024T08:30:22 - [TEST_STEP][PASSED] - creation_date = "creation_date": null

04-09-2024T08:30:22 - [TEST_STEP][PASSED] - currency = "currency": null

04-09-2024T08:30:22 - [TEST_STEP][PASSED] - customer_info__type = "customer_info._type": null

04-09-2024T08:30:22 - [TEST_STEP][PASSED] - customer_info_customer_id = "customer_info.customer_id": null

04-09-2024T08:30:22 - [TEST_STEP][PASSED] - customer_info_customer_no = "customer_info.customer_no": null

04-09-2024T08:30:22 - [TEST_STEP][PASSED] - customer_info_email = "customer_info.email": null

04-09-2024T08:30:22 - [TEST_STEP][PASSED] - last_modified = "last_modified": null

04-09-2024T08:30:22 - [TEST_STEP][PASSED] - merchandize_total_tax = "merchandize_total_tax": null

04-09-2024T08:30:22 - [TEST_STEP][PASSED] - notes__type = "notes._type": null

04-09-2024T08:30:22 - [TEST_STEP][PASSED] - notes_link = "notes.link": null

04-09-2024T08:30:22 - [TEST_STEP][PASSED] - order_total = "order_total": null

04-09-2024T08:30:22 - [TEST_STEP][PASSED] - product_items_0__type = "product_items[0]._type": null

04-09-2024T08:30:22 - [TEST_STEP][PASSED] - product_items_0_adjusted_tax = "product_items[0].adjusted_tax": null

04-09-2024T08:30:22 - [TEST_STEP][PASSED] - product_items_0_base_price = "product_items[0].base_price": null

04-09-2024T08:30:22 - [TEST_STEP][PASSED] - product_items_0_bonus_product_line_item = "product_items[0].bonus_product_line_item": null

04-09-2024T08:30:22 - [TEST_STEP][PASSED] - product_items_0_gift = "product_items[0].gift": null

04-09-2024T08:30:22 - [TEST_STEP][PASSED] - product_items_0_inventory_id = "product_items[0].inventory_id": null

04-09-2024T08:30:22 - [TEST_STEP][PASSED] - product_items_0_item_id = "product_items[0].item_id": null

04-09-2024T08:30:22 - [TEST_STEP][PASSED] - product_items_0_item_text = "product_items[0].item_text": null

04-09-2024T08:30:22 - [TEST_STEP][PASSED] - product_items_0_price = "product_items[0].price": null

04-09-2024T08:30:22 - [TEST_STEP][PASSED] - product_items_0_price_after_item_discount = "product_items[0].price_after_item_discount": null

04-09-2024T08:30:22 - [TEST_STEP][PASSED] - product_items_0_price_after_order_discount = "product_items[0].price_after_order_discount": null

04-09-2024T08:30:22 - [TEST_STEP][PASSED] - product_items_0_product_id = "product_items[0].product_id": null

04-09-2024T08:30:22 - [TEST_STEP][PASSED] - product_items_0_product_name = "product_items[0].product_name": null

04-09-2024T08:30:22 - [TEST_STEP][PASSED] - product_items_0_quantity = "product_items[0].quantity": null

04-09-2024T08:30:22 - [TEST_STEP][PASSED] - product_items_0_shipment_id = "product_items[0].shipment_id": null

04-09-2024T08:30:22 - [TEST_STEP][PASSED] - product_items_0_tax = "product_items[0].tax": null

04-09-2024T08:30:22 - [TEST_STEP][PASSED] - product_items_0_tax_basis = "product_items[0].tax_basis": null

04-09-2024T08:30:22 - [TEST_STEP][PASSED] - product_items_0_tax_class_id = "product_items[0].tax_class_id": null

04-09-2024T08:30:22 - [TEST_STEP][PASSED] - product_items_0_tax_rate = "product_items[0].tax_rate": null

04-09-2024T08:30:22 - [TEST_STEP][PASSED] - product_items_0_c_fromStoreId = "product_items[0].c_fromStoreId": null

04-09-2024T08:30:22 - [TEST_STEP][PASSED] - product_items_0_c_isOnDemandStoreItem = "product_items[0].c_isOnDemandStoreItem": null

04-09-2024T08:30:22 - [TEST_STEP][PASSED] - product_items_0_c_miraklChannels = "product_items[0].c_miraklChannels": null

04-09-2024T08:30:22 - [TEST_STEP][PASSED] - product_items_0_c_miraklOperatorProductId = "product_items[0].c_miraklOperatorProductId": null

04-09-2024T08:30:22 - [TEST_STEP][PASSED] - product_items_0_c_miraklShippingTaxes = "product_items[0].c_miraklShippingTaxes": null

04-09-2024T08:30:22 - [TEST_STEP][PASSED] - product_items_0_c_miraklTaxes = "product_items[0].c_miraklTaxes": null

04-09-2024T08:30:22 - [TEST_STEP][PASSED] - product_items_0_c_noOfPersons = "product_items[0].c_noOfPersons": null

04-09-2024T08:30:22 - [TEST_STEP][PASSED] - product_items_0_c_offerId = "product_items[0].c_offerId": null

04-09-2024T08:30:22 - [TEST_STEP][PASSED] - product_items_0_c_offerSalesPrice = "product_items[0].c_offerSalesPrice": null

04-09-2024T08:30:22 - [TEST_STEP][PASSED] - product_items_0_c_offerState = "product_items[0].c_offerState": null

04-09-2024T08:30:22 - [TEST_STEP][PASSED] - product_items_0_c_offerStateCode = "product_items[0].c_offerStateCode": null

04-09-2024T08:30:22 - [TEST_STEP][PASSED] - product_items_0_c_shopId = "product_items[0].c_shopId": null

04-09-2024T08:30:22 - [TEST_STEP][PASSED] - product_items_0_c_shopName = "product_items[0].c_shopName": null

04-09-2024T08:30:22 - [TEST_STEP][PASSED] - product_items_0_c_total_crossed_price = "product_items[0].c_total_crossed_price": null

04-09-2024T08:30:22 - [TEST_STEP][PASSED] - product_items_0_c_priceWithComplement = "product_items[0].c_priceWithComplement": null

04-09-2024T08:30:22 - [TEST_STEP][PASSED] - product_items_0_c_imagesData_large_0_alt = "product_items[0].c_imagesData.large[0].alt": null

04-09-2024T08:30:22 - [TEST_STEP][PASSED] - product_items_0_c_imagesData_large_0_url = "product_items[0].c_imagesData.large[0].url": null

04-09-2024T08:30:22 - [TEST_STEP][PASSED] - product_items_0_c_imagesData_large_0_title = "product_items[0].c_imagesData.large[0].title": null

04-09-2024T08:30:22 - [TEST_STEP][PASSED] - product_items_0_c_description = "product_items[0].c_description": null

04-09-2024T08:30:22 - [TEST_STEP][PASSED] - product_items_0_c_availableQty = "product_items[0].c_availableQty": null

04-09-2024T08:30:22 - [TEST_STEP][PASSED] - product_sub_total = "product_sub_total": null

04-09-2024T08:30:22 - [TEST_STEP][PASSED] - product_total = "product_total": null

04-09-2024T08:30:22 - [TEST_STEP][PASSED] - shipments_0__type = "shipments[0]._type": null

04-09-2024T08:30:22 - [TEST_STEP][PASSED] - shipments_0_adjusted_merchandize_total_tax = "shipments[0].adjusted_merchandize_total_tax": null

04-09-2024T08:30:22 - [TEST_STEP][PASSED] - shipments_0_adjusted_shipping_total_tax = "shipments[0].adjusted_shipping_total_tax": null

04-09-2024T08:30:22 - [TEST_STEP][PASSED] - shipments_0_gift = "shipments[0].gift": null

04-09-2024T08:30:22 - [TEST_STEP][PASSED] - shipments_0_merchandize_total_tax = "shipments[0].merchandize_total_tax": null

04-09-2024T08:30:22 - [TEST_STEP][PASSED] - shipments_0_product_sub_total = "shipments[0].product_sub_total": null

04-09-2024T08:30:22 - [TEST_STEP][PASSED] - shipments_0_product_total = "shipments[0].product_total": null

04-09-2024T08:30:22 - [TEST_STEP][PASSED] - shipments_0_shipment_id = "shipments[0].shipment_id": null

04-09-2024T08:30:22 - [TEST_STEP][PASSED] - shipments_0_shipment_total = "shipments[0].shipment_total": null

04-09-2024T08:30:22 - [TEST_STEP][PASSED] - shipments_0_shipping_method__type = "shipments[0].shipping_method._type": null

04-09-2024T08:30:22 - [TEST_STEP][PASSED] - shipments_0_shipping_method_description = "shipments[0].shipping_method.description": null

04-09-2024T08:30:22 - [TEST_STEP][PASSED] - shipments_0_shipping_method_id = "shipments[0].shipping_method.id": null

04-09-2024T08:30:22 - [TEST_STEP][PASSED] - shipments_0_shipping_method_name = "shipments[0].shipping_method.name": null

04-09-2024T08:30:22 - [TEST_STEP][PASSED] - shipments_0_shipping_method_c_estimatedArrivalTime = "shipments[0].shipping_method.c_estimatedArrivalTime": null

04-09-2024T08:30:22 - [TEST_STEP][PASSED] - shipments_0_shipping_method_c_storePickupEnabled = "shipments[0].shipping_method.c_storePickupEnabled": null

04-09-2024T08:30:22 - [TEST_STEP][PASSED] - shipments_0_shipping_status = "shipments[0].shipping_status": null

04-09-2024T08:30:22 - [TEST_STEP][PASSED] - shipments_0_shipping_total = "shipments[0].shipping_total": null

04-09-2024T08:30:22 - [TEST_STEP][PASSED] - shipments_0_shipping_total_tax = "shipments[0].shipping_total_tax": null

04-09-2024T08:30:22 - [TEST_STEP][PASSED] - shipments_0_tax_total = "shipments[0].tax_total": null

04-09-2024T08:30:22 - [TEST_STEP][PASSED] - shipments_0_c_totalShippingCost = "shipments[0].c_totalShippingCost": null

04-09-2024T08:30:22 - [TEST_STEP][PASSED] - shipping_items_0__type = "shipping_items[0]._type": null

04-09-2024T08:30:22 - [TEST_STEP][PASSED] - shipping_items_0_adjusted_tax = "shipping_items[0].adjusted_tax": null

04-09-2024T08:30:22 - [TEST_STEP][PASSED] - shipping_items_0_base_price = "shipping_items[0].base_price": null

04-09-2024T08:30:22 - [TEST_STEP][PASSED] - shipping_items_0_item_id = "shipping_items[0].item_id": null

04-09-2024T08:30:22 - [TEST_STEP][PASSED] - shipping_items_0_item_text = "shipping_items[0].item_text": null

04-09-2024T08:30:22 - [TEST_STEP][PASSED] - shipping_items_0_price = "shipping_items[0].price": null

04-09-2024T08:30:22 - [TEST_STEP][PASSED] - shipping_items_0_price_after_item_discount = "shipping_items[0].price_after_item_discount": null

04-09-2024T08:30:22 - [TEST_STEP][PASSED] - shipping_items_0_shipment_id = "shipping_items[0].shipment_id": null

04-09-2024T08:30:22 - [TEST_STEP][PASSED] - shipping_items_0_tax = "shipping_items[0].tax": null

04-09-2024T08:30:22 - [TEST_STEP][PASSED] - shipping_items_0_tax_basis = "shipping_items[0].tax_basis": null

04-09-2024T08:30:22 - [TEST_STEP][PASSED] - shipping_items_0_tax_class_id = "shipping_items[0].tax_class_id": null

04-09-2024T08:30:22 - [TEST_STEP][PASSED] - shipping_items_0_tax_rate = "shipping_items[0].tax_rate": null

04-09-2024T08:30:22 - [TEST_STEP][PASSED] - shipping_total = "shipping_total": null

04-09-2024T08:30:22 - [TEST_STEP][PASSED] - shipping_total_tax = "shipping_total_tax": null

04-09-2024T08:30:22 - [TEST_STEP][PASSED] - taxation = "taxation": null

04-09-2024T08:30:22 - [TEST_STEP][PASSED] - tax_total = "tax_total": null

04-09-2024T08:30:22 - [TEST_STEP][PASSED] - c_seller_id = "c_seller_id": null

04-09-2024T08:30:22 - [TEST_STEP][PASSED] - c_preferredAddress = "c_preferredAddress": null

04-09-2024T08:30:22 - [TEST_STEP][PASSED] - c_forceDeleteOndemand = "c_forceDeleteOndemand": null

04-09-2024T08:30:22 - [TEST_STEP][PASSED] - c_formatedserviceChargeTotalGrossPrice = "c_formatedserviceChargeTotalGrossPrice": null

04-09-2024T08:30:22 - [TEST_STEP][PASSED] - totalplay.Common.verifyPropertyExist(GetBasket, _v): totalplay.Common.verifyPropertyExist is PASSED

04-09-2024T08:30:22 - [MESSAGE][INFO] - Checking response object

04-09-2024T08:30:22 - [MESSAGE][PASSED] - totalplay.Common.verifyPropertyExist is PASSED

04-09-2024T08:30:22 - [TEST_STEP][PASSED] - totalplay.Common.verifyPropertyValueExist(GetBasket, _v): totalplay.Common.verifyPropertyValueExist is PASSED

04-09-2024T08:30:22 - [MESSAGE][INFO] - Checking response object

04-09-2024T08:30:22 - [MESSAGE][INFO] - 23.1

04-09-2024T08:30:22 - [MESSAGE][PASSED] - totalplay.Common.verifyPropertyValueExist is PASSED

04-09-2024T08:30:22 - [TEST_STEP][PASSED] - totalplay.Common.verifyPropertyExist(GetBasket, _type): totalplay.Common.verifyPropertyExist is PASSED

04-09-2024T08:30:22 - [MESSAGE][INFO] - Checking response object

04-09-2024T08:30:22 - [MESSAGE][PASSED] - totalplay.Common.verifyPropertyExist is PASSED

04-09-2024T08:30:22 - [TEST_STEP][PASSED] - totalplay.Common.verifyPropertyValueExist(GetBasket, _type): totalplay.Common.verifyPropertyValueExist is PASSED

04-09-2024T08:30:22 - [MESSAGE][INFO] - Checking response object

04-09-2024T08:30:22 - [MESSAGE][INFO] - basket

04-09-2024T08:30:22 - [MESSAGE][PASSED] - totalplay.Common.verifyPropertyValueExist is PASSED

04-09-2024T08:30:22 - [TEST_STEP][PASSED] - totalplay.Common.verifyPropertyExist(GetBasket, _resource_state): totalplay.Common.verifyPropertyExist is PASSED

04-09-2024T08:30:22 - [MESSAGE][INFO] - Checking response object

04-09-2024T08:30:22 - [MESSAGE][PASSED] - totalplay.Common.verifyPropertyExist is PASSED

04-09-2024T08:30:22 - [TEST_STEP][PASSED] - totalplay.Common.verifyPropertyValueExist(GetBasket, _resource_state): totalplay.Common.verifyPropertyValueExist is PASSED

04-09-2024T08:30:22 - [MESSAGE][INFO] - Checking response object

04-09-2024T08:30:22 - [MESSAGE][INFO] - 7f843d0bb73b963dcdbb2d13bd99e18d76b5237549dd66c13bb94a5e5e556491

04-09-2024T08:30:22 - [MESSAGE][PASSED] - totalplay.Common.verifyPropertyValueExist is PASSED

04-09-2024T08:30:22 - [TEST_STEP][PASSED] - totalplay.Common.getDecimalValueofObject(GetBasket, adjusted_merchandize_total_tax): totalplay.Common.getDecimalValueofObject is PASSED

04-09-2024T08:30:22 - [MESSAGE][INFO] - Checking response object

04-09-2024T08:30:22 - [MESSAGE][PASSED] - totalplay.Common.getDecimalValueofObject is PASSED

04-09-2024T08:30:22 - [TEST_STEP][PASSED] - totalplay.Common.getDecimalValueofObject(GetBasket, adjusted_shipping_total_tax): totalplay.Common.getDecimalValueofObject is PASSED

04-09-2024T08:30:22 - [MESSAGE][INFO] - Checking response object

04-09-2024T08:30:22 - [MESSAGE][PASSED] - totalplay.Common.getDecimalValueofObject is PASSED

04-09-2024T08:30:22 - [TEST_STEP][PASSED] - totalplay.Common.getBooleanValueofObject(GetBasket, agent_basket): totalplay.Common.getBooleanValueofObject is PASSED

04-09-2024T08:30:22 - [MESSAGE][INFO] - Checking response object

04-09-2024T08:30:22 - [MESSAGE][PASSED] - totalplay.Common.getBooleanValueofObject is PASSED

04-09-2024T08:30:22 - [TEST_STEP][PASSED] - totalplay.Common.verifyPropertyExist(GetBasket, basket_id): totalplay.Common.verifyPropertyExist is PASSED

04-09-2024T08:30:22 - [MESSAGE][INFO] - Checking response object

04-09-2024T08:30:22 - [MESSAGE][PASSED] - totalplay.Common.verifyPropertyExist is PASSED

04-09-2024T08:30:22 - [TEST_STEP][PASSED] - totalplay.Common.verifyPropertyValueExist(GetBasket, basket_id): totalplay.Common.verifyPropertyValueExist is PASSED

04-09-2024T08:30:22 - [MESSAGE][INFO] - Checking response object

04-09-2024T08:30:22 - [MESSAGE][INFO] - e6fb0f84530e584bfd75ed75eb

04-09-2024T08:30:22 - [MESSAGE][PASSED] - totalplay.Common.verifyPropertyValueExist is PASSED

04-09-2024T08:30:22 - [TEST_STEP][PASSED] - totalplay.Common.verifyPropertyExist(GetBasket, channel_type): totalplay.Common.verifyPropertyExist is PASSED

04-09-2024T08:30:22 - [MESSAGE][INFO] - Checking response object

04-09-2024T08:30:22 - [MESSAGE][PASSED] - totalplay.Common.verifyPropertyExist is PASSED

04-09-2024T08:30:22 - [TEST_STEP][PASSED] - totalplay.Common.verifyPropertyValueExist(GetBasket, channel_type): totalplay.Common.verifyPropertyValueExist is PASSED

04-09-2024T08:30:22 - [MESSAGE][INFO] - Checking response object

04-09-2024T08:30:22 - [MESSAGE][INFO] - storefront

04-09-2024T08:30:22 - [MESSAGE][PASSED] - totalplay.Common.verifyPropertyValueExist is PASSED

04-09-2024T08:30:22 - [TEST_STEP][PASSED] - totalplay.Common.verifyPropertyExist(GetBasket, creation_date): totalplay.Common.verifyPropertyExist is PASSED

04-09-2024T08:30:22 - [MESSAGE][INFO] - Checking response object

04-09-2024T08:30:22 - [MESSAGE][PASSED] - totalplay.Common.verifyPropertyExist is PASSED

04-09-2024T08:30:22 - [TEST_STEP][PASSED] - totalplay.Common.verifyPropertyValueExist(GetBasket, creation_date): totalplay.Common.verifyPropertyValueExist is PASSED

04-09-2024T08:30:22 - [MESSAGE][INFO] - Checking response object

04-09-2024T08:30:22 - [MESSAGE][INFO] - 2024-09-04T02:52:24.484Z

04-09-2024T08:30:22 - [MESSAGE][PASSED] - totalplay.Common.verifyPropertyValueExist is PASSED

04-09-2024T08:30:22 - [TEST_STEP][PASSED] - totalplay.Common.verifyPropertyExist(GetBasket, currency): totalplay.Common.verifyPropertyExist is PASSED

04-09-2024T08:30:22 - [MESSAGE][INFO] - Checking response object

04-09-2024T08:30:22 - [MESSAGE][PASSED] - totalplay.Common.verifyPropertyExist is PASSED

04-09-2024T08:30:22 - [TEST_STEP][PASSED] - totalplay.Common.verifyPropertyValueExist(GetBasket, currency): totalplay.Common.verifyPropertyValueExist is PASSED

04-09-2024T08:30:22 - [MESSAGE][INFO] - Checking response object

04-09-2024T08:30:23 - [MESSAGE][INFO] - MXN

04-09-2024T08:30:23 - [MESSAGE][PASSED] - totalplay.Common.verifyPropertyValueExist is PASSED

04-09-2024T08:30:23 - [TEST_STEP][PASSED] - totalplay.Common.verifyPropertyExist(GetBasket, customer_info__type): totalplay.Common.verifyPropertyExist is PASSED

04-09-2024T08:30:23 - [MESSAGE][INFO] - Checking response object

04-09-2024T08:30:23 - [MESSAGE][PASSED] - totalplay.Common.verifyPropertyExist is PASSED

04-09-2024T08:30:23 - [TEST_STEP][PASSED] - totalplay.Common.verifyPropertyValueExist(GetBasket, customer_info__type): totalplay.Common.verifyPropertyValueExist is PASSED

04-09-2024T08:30:23 - [MESSAGE][INFO] - Checking response object

04-09-2024T08:30:23 - [MESSAGE][INFO] - customer_info

04-09-2024T08:30:23 - [MESSAGE][PASSED] - totalplay.Common.verifyPropertyValueExist is PASSED

04-09-2024T08:30:23 - [TEST_STEP][PASSED] - totalplay.Common.verifyPropertyExist(GetBasket, customer_info_customer_id): totalplay.Common.verifyPropertyExist is PASSED

04-09-2024T08:30:23 - [MESSAGE][INFO] - Checking response object

04-09-2024T08:30:23 - [MESSAGE][PASSED] - totalplay.Common.verifyPropertyExist is PASSED

04-09-2024T08:30:23 - [TEST_STEP][PASSED] - totalplay.Common.verifyPropertyValueExist(GetBasket, customer_info_customer_id): totalplay.Common.verifyPropertyValueExist is PASSED

04-09-2024T08:30:23 - [MESSAGE][INFO] - Checking response object

04-09-2024T08:30:23 - [MESSAGE][INFO] - acTAcwrTj6ECo7V8WDIa5leqor

04-09-2024T08:30:23 - [MESSAGE][PASSED] - totalplay.Common.verifyPropertyValueExist is PASSED

04-09-2024T08:30:23 - [TEST_STEP][PASSED] - totalplay.Common.verifyPropertyExist(GetBasket, customer_info_customer_no): totalplay.Common.verifyPropertyExist is PASSED

04-09-2024T08:30:23 - [MESSAGE][INFO] - Checking response object

04-09-2024T08:30:23 - [MESSAGE][PASSED] - totalplay.Common.verifyPropertyExist is PASSED

04-09-2024T08:30:23 - [TEST_STEP][PASSED] - totalplay.Common.verifyPropertyValueExist(GetBasket, customer_info_customer_no): totalplay.Common.verifyPropertyValueExist is PASSED

04-09-2024T08:30:23 - [MESSAGE][INFO] - Checking response object

04-09-2024T08:30:23 - [MESSAGE][INFO] - 00012002

04-09-2024T08:30:23 - [MESSAGE][PASSED] - totalplay.Common.verifyPropertyValueExist is PASSED

04-09-2024T08:30:23 - [TEST_STEP][PASSED] - totalplay.Common.verifyPropertyExist(GetBasket, customer_info_email): totalplay.Common.verifyPropertyExist is PASSED

04-09-2024T08:30:23 - [MESSAGE][INFO] - Checking response object

04-09-2024T08:30:23 - [MESSAGE][PASSED] - totalplay.Common.verifyPropertyExist is PASSED

04-09-2024T08:30:23 - [TEST_STEP][PASSED] - totalplay.Common.verifyPropertyValueExist(GetBasket, customer_info_email): totalplay.Common.verifyPropertyValueExist is PASSED

04-09-2024T08:30:23 - [MESSAGE][INFO] - Checking response object

04-09-2024T08:30:23 - [MESSAGE][INFO] - cesar.waldo93@gmail.com

04-09-2024T08:30:23 - [MESSAGE][PASSED] - totalplay.Common.verifyPropertyValueExist is PASSED

04-09-2024T08:30:23 - [TEST_STEP][PASSED] - totalplay.Common.verifyPropertyExist(GetBasket, last_modified): totalplay.Common.verifyPropertyExist is PASSED

04-09-2024T08:30:23 - [MESSAGE][INFO] - Checking response object

04-09-2024T08:30:23 - [MESSAGE][PASSED] - totalplay.Common.verifyPropertyExist is PASSED

04-09-2024T08:30:23 - [TEST_STEP][PASSED] - totalplay.Common.verifyPropertyValueExist(GetBasket, last_modified): totalplay.Common.verifyPropertyValueExist is PASSED

04-09-2024T08:30:23 - [MESSAGE][INFO] - Checking response object

04-09-2024T08:30:23 - [MESSAGE][INFO] - 2024-09-04T03:00:20.562Z

04-09-2024T08:30:23 - [MESSAGE][PASSED] - totalplay.Common.verifyPropertyValueExist is PASSED

04-09-2024T08:30:23 - [TEST_STEP][PASSED] - totalplay.Common.getDecimalValueofObject(GetBasket, merchandize_total_tax): totalplay.Common.getDecimalValueofObject is PASSED

04-09-2024T08:30:23 - [MESSAGE][INFO] - Checking response object

04-09-2024T08:30:23 - [MESSAGE][PASSED] - totalplay.Common.getDecimalValueofObject is PASSED

04-09-2024T08:30:23 - [TEST_STEP][PASSED] - totalplay.Common.verifyPropertyExist(GetBasket, notes__type): totalplay.Common.verifyPropertyExist is PASSED

04-09-2024T08:30:23 - [MESSAGE][INFO] - Checking response object

04-09-2024T08:30:23 - [MESSAGE][PASSED] - totalplay.Common.verifyPropertyExist is PASSED

04-09-2024T08:30:23 - [TEST_STEP][PASSED] - totalplay.Common.verifyPropertyValueExist(GetBasket, notes__type): totalplay.Common.verifyPropertyValueExist is PASSED

04-09-2024T08:30:23 - [MESSAGE][INFO] - Checking response object

04-09-2024T08:30:23 - [MESSAGE][INFO] - simple_link

04-09-2024T08:30:23 - [MESSAGE][PASSED] - totalplay.Common.verifyPropertyValueExist is PASSED

04-09-2024T08:30:23 - [TEST_STEP][PASSED] - totalplay.Common.verifyPropertyExist(GetBasket, notes_link): totalplay.Common.verifyPropertyExist is PASSED

04-09-2024T08:30:23 - [MESSAGE][INFO] - Checking response object

04-09-2024T08:30:23 - [MESSAGE][PASSED] - totalplay.Common.verifyPropertyExist is PASSED

04-09-2024T08:30:23 - [TEST_STEP][PASSED] - totalplay.Common.verifyPropertyValueExist(GetBasket, notes_link): totalplay.Common.verifyPropertyValueExist is PASSED

04-09-2024T08:30:23 - [MESSAGE][INFO] - Checking response object

04-09-2024T08:30:23 - [MESSAGE][INFO] - https://salesforceqa.sistemastp.com.mx/s/TP-FOOD/dw/shop/v23_1/baskets/e6fb0f84530e584bfd75ed75eb/notes

04-09-2024T08:30:23 - [MESSAGE][PASSED] - totalplay.Common.verifyPropertyValueExist is PASSED

04-09-2024T08:30:23 - [TEST_STEP][PASSED] - totalplay.Common.getDecimalValueofObject(GetBasket, order_total): totalplay.Common.getDecimalValueofObject is PASSED

04-09-2024T08:30:23 - [MESSAGE][INFO] - Checking response object

04-09-2024T08:30:23 - [MESSAGE][PASSED] - totalplay.Common.getDecimalValueofObject is PASSED

04-09-2024T08:30:23 - [TEST_STEP][PASSED] - totalplay.Common.verifyPropertyExist(GetBasket, product_items_0__type): totalplay.Common.verifyPropertyExist is PASSED

04-09-2024T08:30:23 - [MESSAGE][INFO] - Checking response object

04-09-2024T08:30:23 - [MESSAGE][PASSED] - totalplay.Common.verifyPropertyExist is PASSED

04-09-2024T08:30:23 - [TEST_STEP][PASSED] - totalplay.Common.verifyPropertyValueExist(GetBasket, product_items_0__type): totalplay.Common.verifyPropertyValueExist is PASSED

04-09-2024T08:30:23 - [MESSAGE][INFO] - Checking response object

04-09-2024T08:30:23 - [MESSAGE][INFO] - product_item

04-09-2024T08:30:23 - [MESSAGE][PASSED] - totalplay.Common.verifyPropertyValueExist is PASSED

04-09-2024T08:30:23 - [TEST_STEP][PASSED] - totalplay.Common.getDecimalValueofObject(GetBasket, product_items_0_adjusted_tax): totalplay.Common.getDecimalValueofObject is PASSED

04-09-2024T08:30:23 - [MESSAGE][INFO] - Checking response object

04-09-2024T08:30:24 - [MESSAGE][PASSED] - totalplay.Common.getDecimalValueofObject is PASSED

04-09-2024T08:30:24 - [TEST_STEP][PASSED] - totalplay.Common.getDecimalValueofObject(GetBasket, product_items_0_base_price): totalplay.Common.getDecimalValueofObject is PASSED

04-09-2024T08:30:24 - [MESSAGE][INFO] - Checking response object

04-09-2024T08:30:24 - [MESSAGE][PASSED] - totalplay.Common.getDecimalValueofObject is PASSED

04-09-2024T08:30:24 - [TEST_STEP][PASSED] - totalplay.Common.getBooleanValueofObject(GetBasket, product_items_0_bonus_product_line_item): totalplay.Common.getBooleanValueofObject is PASSED

04-09-2024T08:30:24 - [MESSAGE][INFO] - Checking response object

04-09-2024T08:30:24 - [MESSAGE][PASSED] - totalplay.Common.getBooleanValueofObject is PASSED

04-09-2024T08:30:24 - [TEST_STEP][PASSED] - totalplay.Common.getBooleanValueofObject(GetBasket, product_items_0_gift): totalplay.Common.getBooleanValueofObject is PASSED

04-09-2024T08:30:24 - [MESSAGE][INFO] - Checking response object

04-09-2024T08:30:24 - [MESSAGE][PASSED] - totalplay.Common.getBooleanValueofObject is PASSED

04-09-2024T08:30:24 - [TEST_STEP][PASSED] - totalplay.Common.verifyPropertyExist(GetBasket, product_items_0_inventory_id): totalplay.Common.verifyPropertyExist is PASSED

04-09-2024T08:30:24 - [MESSAGE][INFO] - Checking response object

04-09-2024T08:30:24 - [MESSAGE][PASSED] - totalplay.Common.verifyPropertyExist is PASSED

04-09-2024T08:30:24 - [TEST_STEP][PASSED] - totalplay.Common.verifyPropertyValueExist(GetBasket, product_items_0_inventory_id): totalplay.Common.verifyPropertyValueExist is PASSED

04-09-2024T08:30:24 - [MESSAGE][INFO] - Checking response object

04-09-2024T08:30:24 - [MESSAGE][INFO] - inventory_m_food_mirakl

04-09-2024T08:30:24 - [MESSAGE][PASSED] - totalplay.Common.verifyPropertyValueExist is PASSED

04-09-2024T08:30:24 - [TEST_STEP][PASSED] - totalplay.Common.verifyPropertyExist(GetBasket, product_items_0_item_id): totalplay.Common.verifyPropertyExist is PASSED

04-09-2024T08:30:24 - [MESSAGE][INFO] - Checking response object

04-09-2024T08:30:24 - [MESSAGE][PASSED] - totalplay.Common.verifyPropertyExist is PASSED

04-09-2024T08:30:24 - [TEST_STEP][PASSED] - totalplay.Common.verifyPropertyValueExist(GetBasket, product_items_0_item_id): totalplay.Common.verifyPropertyValueExist is PASSED

04-09-2024T08:30:24 - [MESSAGE][INFO] - Checking response object

04-09-2024T08:30:24 - [MESSAGE][INFO] - 36f6dba420379fe9ea537475c2

04-09-2024T08:30:24 - [MESSAGE][PASSED] - totalplay.Common.verifyPropertyValueExist is PASSED

04-09-2024T08:30:24 - [TEST_STEP][PASSED] - totalplay.Common.verifyPropertyExist(GetBasket, product_items_0_item_text): totalplay.Common.verifyPropertyExist is PASSED

04-09-2024T08:30:24 - [MESSAGE][INFO] - Checking response object

04-09-2024T08:30:24 - [MESSAGE][PASSED] - totalplay.Common.verifyPropertyExist is PASSED

04-09-2024T08:30:24 - [TEST_STEP][PASSED] - totalplay.Common.verifyPropertyValueExist(GetBasket, product_items_0_item_text): totalplay.Common.verifyPropertyValueExist is PASSED

04-09-2024T08:30:24 - [MESSAGE][INFO] - Checking response object

04-09-2024T08:30:24 - [MESSAGE][INFO] - Orden de Maciza (100 g)

04-09-2024T08:30:24 - [MESSAGE][PASSED] - totalplay.Common.verifyPropertyValueExist is PASSED

04-09-2024T08:30:24 - [TEST_STEP][PASSED] - totalplay.Common.getDecimalValueofObject(GetBasket, product_items_0_price): totalplay.Common.getDecimalValueofObject is PASSED

04-09-2024T08:30:24 - [MESSAGE][INFO] - Checking response object

04-09-2024T08:30:24 - [MESSAGE][PASSED] - totalplay.Common.getDecimalValueofObject is PASSED

04-09-2024T08:30:24 - [TEST_STEP][PASSED] - totalplay.Common.getDecimalValueofObject(GetBasket, product_items_0_price_after_item_discount): totalplay.Common.getDecimalValueofObject is PASSED

04-09-2024T08:30:24 - [MESSAGE][INFO] - Checking response object

04-09-2024T08:30:24 - [MESSAGE][PASSED] - totalplay.Common.getDecimalValueofObject is PASSED

04-09-2024T08:30:24 - [TEST_STEP][PASSED] - totalplay.Common.getDecimalValueofObject(GetBasket, product_items_0_price_after_order_discount): totalplay.Common.getDecimalValueofObject is PASSED

04-09-2024T08:30:24 - [MESSAGE][INFO] - Checking response object

04-09-2024T08:30:24 - [MESSAGE][PASSED] - totalplay.Common.getDecimalValueofObject is PASSED

04-09-2024T08:30:24 - [TEST_STEP][PASSED] - totalplay.Common.verifyPropertyExist(GetBasket, product_items_0_product_id): totalplay.Common.verifyPropertyExist is PASSED

04-09-2024T08:30:24 - [MESSAGE][INFO] - Checking response object

04-09-2024T08:30:24 - [MESSAGE][PASSED] - totalplay.Common.verifyPropertyExist is PASSED

04-09-2024T08:30:24 - [TEST_STEP][PASSED] - totalplay.Common.verifyPropertyValueExist(GetBasket, product_items_0_product_id): totalplay.Common.verifyPropertyValueExist is PASSED

04-09-2024T08:30:24 - [MESSAGE][INFO] - Checking response object

04-09-2024T08:30:24 - [MESSAGE][INFO] - C828554986

04-09-2024T08:30:24 - [MESSAGE][PASSED] - totalplay.Common.verifyPropertyValueExist is PASSED

04-09-2024T08:30:24 - [TEST_STEP][PASSED] - totalplay.Common.verifyPropertyExist(GetBasket, product_items_0_product_name): totalplay.Common.verifyPropertyExist is PASSED

04-09-2024T08:30:24 - [MESSAGE][INFO] - Checking response object

04-09-2024T08:30:24 - [MESSAGE][PASSED] - totalplay.Common.verifyPropertyExist is PASSED

04-09-2024T08:30:24 - [TEST_STEP][PASSED] - totalplay.Common.verifyPropertyValueExist(GetBasket, product_items_0_product_name): totalplay.Common.verifyPropertyValueExist is PASSED

04-09-2024T08:30:24 - [MESSAGE][INFO] - Checking response object

04-09-2024T08:30:24 - [MESSAGE][INFO] - Orden de Maciza (100 g)

04-09-2024T08:30:24 - [MESSAGE][PASSED] - totalplay.Common.verifyPropertyValueExist is PASSED

04-09-2024T08:30:24 - [TEST_STEP][PASSED] - totalplay.Common.getNumValueofObject(GetBasket, product_items_0_quantity): totalplay.Common.getNumValueofObject is PASSED

04-09-2024T08:30:24 - [MESSAGE][INFO] - Checking response object

04-09-2024T08:30:24 - [MESSAGE][PASSED] - totalplay.Common.getNumValueofObject is PASSED

04-09-2024T08:30:24 - [TEST_STEP][PASSED] - totalplay.Common.verifyPropertyExist(GetBasket, product_items_0_shipment_id): totalplay.Common.verifyPropertyExist is PASSED

04-09-2024T08:30:24 - [MESSAGE][INFO] - Checking response object

04-09-2024T08:30:24 - [MESSAGE][PASSED] - totalplay.Common.verifyPropertyExist is PASSED

04-09-2024T08:30:24 - [TEST_STEP][PASSED] - totalplay.Common.verifyPropertyValueExist(GetBasket, product_items_0_shipment_id): totalplay.Common.verifyPropertyValueExist is PASSED

04-09-2024T08:30:24 - [MESSAGE][INFO] - Checking response object

04-09-2024T08:30:24 - [MESSAGE][INFO] - me

04-09-2024T08:30:24 - [MESSAGE][PASSED] - totalplay.Common.verifyPropertyValueExist is PASSED

04-09-2024T08:30:24 - [TEST_STEP][PASSED] - totalplay.Common.getDecimalValueofObject(GetBasket, product_items_0_tax): totalplay.Common.getDecimalValueofObject is PASSED

04-09-2024T08:30:24 - [MESSAGE][INFO] - Checking response object

04-09-2024T08:30:24 - [MESSAGE][PASSED] - totalplay.Common.getDecimalValueofObject is PASSED

04-09-2024T08:30:24 - [TEST_STEP][PASSED] - totalplay.Common.getDecimalValueofObject(GetBasket, product_items_0_tax_basis): totalplay.Common.getDecimalValueofObject is PASSED

04-09-2024T08:30:24 - [MESSAGE][INFO] - Checking response object

04-09-2024T08:30:24 - [MESSAGE][PASSED] - totalplay.Common.getDecimalValueofObject is PASSED

04-09-2024T08:30:24 - [TEST_STEP][PASSED] - totalplay.Common.verifyPropertyExist(GetBasket, product_items_0_tax_class_id): totalplay.Common.verifyPropertyExist is PASSED

04-09-2024T08:30:24 - [MESSAGE][INFO] - Checking response object

04-09-2024T08:30:25 - [MESSAGE][PASSED] - totalplay.Common.verifyPropertyExist is PASSED

04-09-2024T08:30:25 - [TEST_STEP][PASSED] - totalplay.Common.verifyPropertyValueExist(GetBasket, product_items_0_tax_class_id): totalplay.Common.verifyPropertyValueExist is PASSED

04-09-2024T08:30:25 - [MESSAGE][INFO] - Checking response object

04-09-2024T08:30:25 - [MESSAGE][INFO] - product_zero_tax

04-09-2024T08:30:25 - [MESSAGE][PASSED] - totalplay.Common.verifyPropertyValueExist is PASSED

04-09-2024T08:30:25 - [TEST_STEP][PASSED] - totalplay.Common.getDecimalValueofObject(GetBasket, product_items_0_tax_rate): totalplay.Common.getDecimalValueofObject is PASSED

04-09-2024T08:30:25 - [MESSAGE][INFO] - Checking response object

04-09-2024T08:30:25 - [MESSAGE][PASSED] - totalplay.Common.getDecimalValueofObject is PASSED

04-09-2024T08:30:25 - [TEST_STEP][PASSED] - totalplay.Common.verifyPropertyExist(GetBasket, product_items_0_c_fromStoreId): totalplay.Common.verifyPropertyExist is PASSED

04-09-2024T08:30:25 - [MESSAGE][INFO] - Checking response object

04-09-2024T08:30:25 - [MESSAGE][PASSED] - totalplay.Common.verifyPropertyExist is PASSED

04-09-2024T08:30:25 - [TEST_STEP][PASSED] - totalplay.Common.verifyPropertyValueExist(GetBasket, product_items_0_c_fromStoreId): totalplay.Common.verifyPropertyValueExist is PASSED

04-09-2024T08:30:25 - [MESSAGE][INFO] - Checking response object

04-09-2024T08:30:25 - [MESSAGE][INFO] - 4158

04-09-2024T08:30:25 - [MESSAGE][PASSED] - totalplay.Common.verifyPropertyValueExist is PASSED

04-09-2024T08:30:25 - [TEST_STEP][PASSED] - totalplay.Common.getBooleanValueofObject(GetBasket, product_items_0_c_isOnDemandStoreItem): totalplay.Common.getBooleanValueofObject is PASSED

04-09-2024T08:30:25 - [MESSAGE][INFO] - Checking response object

04-09-2024T08:30:25 - [MESSAGE][PASSED] - totalplay.Common.getBooleanValueofObject is PASSED

04-09-2024T08:30:25 - [TEST_STEP][PASSED] - totalplay.Common.verifyPropertyExist(GetBasket, product_items_0_c_miraklChannels): totalplay.Common.verifyPropertyExist is PASSED

04-09-2024T08:30:25 - [MESSAGE][INFO] - Checking response object

04-09-2024T08:30:25 - [MESSAGE][PASSED] - totalplay.Common.verifyPropertyExist is PASSED

04-09-2024T08:30:25 - [TEST_STEP][PASSED] - totalplay.Common.verifyPropertyValueExist(GetBasket, product_items_0_c_miraklChannels): totalplay.Common.verifyPropertyValueExist is PASSED

04-09-2024T08:30:25 - [MESSAGE][INFO] - Checking response object

04-09-2024T08:30:25 - [MESSAGE][INFO] - ["INIT"]

04-09-2024T08:30:25 - [MESSAGE][PASSED] - totalplay.Common.verifyPropertyValueExist is PASSED

04-09-2024T08:30:25 - [TEST_STEP][PASSED] - totalplay.Common.verifyPropertyExist(GetBasket, product_items_0_c_miraklOperatorProductId): totalplay.Common.verifyPropertyExist is PASSED

04-09-2024T08:30:25 - [MESSAGE][INFO] - Checking response object

04-09-2024T08:30:25 - [MESSAGE][PASSED] - totalplay.Common.verifyPropertyExist is PASSED

04-09-2024T08:30:25 - [TEST_STEP][PASSED] - totalplay.Common.verifyPropertyValueExist(GetBasket, product_items_0_c_miraklOperatorProductId): totalplay.Common.verifyPropertyValueExist is PASSED

04-09-2024T08:30:25 - [MESSAGE][INFO] - Checking response object

04-09-2024T08:30:25 - [MESSAGE][INFO] - C828554986

04-09-2024T08:30:25 - [MESSAGE][PASSED] - totalplay.Common.verifyPropertyValueExist is PASSED

04-09-2024T08:30:25 - [TEST_STEP][PASSED] - totalplay.Common.verifyPropertyExist(GetBasket, product_items_0_c_miraklShippingTaxes): totalplay.Common.verifyPropertyExist is PASSED

04-09-2024T08:30:25 - [MESSAGE][INFO] - Checking response object

04-09-2024T08:30:25 - [MESSAGE][PASSED] - totalplay.Common.verifyPropertyExist is PASSED

04-09-2024T08:30:25 - [TEST_STEP][PASSED] - totalplay.Common.verifyPropertyValueExist(GetBasket, product_items_0_c_miraklShippingTaxes): totalplay.Common.verifyPropertyValueExist is PASSED

04-09-2024T08:30:25 - [MESSAGE][INFO] - Checking response object

04-09-2024T08:30:25 - [MESSAGE][INFO] - [{"amount":0,"type":"product_zero_tax","isTaxRate":true,"rate":0}]

04-09-2024T08:30:25 - [MESSAGE][PASSED] - totalplay.Common.verifyPropertyValueExist is PASSED

04-09-2024T08:30:25 - [TEST_STEP][PASSED] - totalplay.Common.verifyPropertyExist(GetBasket, product_items_0_c_miraklTaxes): totalplay.Common.verifyPropertyExist is PASSED

04-09-2024T08:30:25 - [MESSAGE][INFO] - Checking response object

04-09-2024T08:30:25 - [MESSAGE][PASSED] - totalplay.Common.verifyPropertyExist is PASSED

04-09-2024T08:30:25 - [TEST_STEP][PASSED] - totalplay.Common.verifyPropertyValueExist(GetBasket, product_items_0_c_miraklTaxes): totalplay.Common.verifyPropertyValueExist is PASSED

04-09-2024T08:30:25 - [MESSAGE][INFO] - Checking response object

04-09-2024T08:30:25 - [MESSAGE][INFO] - [{"amount":0,"type":"product_zero_tax","isTaxRate":true,"rate":0}]

04-09-2024T08:30:25 - [MESSAGE][PASSED] - totalplay.Common.verifyPropertyValueExist is PASSED

04-09-2024T08:30:25 - [TEST_STEP][PASSED] - totalplay.Common.getNumValueofObject(GetBasket, product_items_0_c_noOfPersons): totalplay.Common.getNumValueofObject is PASSED

04-09-2024T08:30:25 - [MESSAGE][INFO] - Checking response object

04-09-2024T08:30:25 - [MESSAGE][PASSED] - totalplay.Common.getNumValueofObject is PASSED

04-09-2024T08:30:25 - [TEST_STEP][PASSED] - totalplay.Common.verifyPropertyExist(GetBasket, product_items_0_c_offerId): totalplay.Common.verifyPropertyExist is PASSED

04-09-2024T08:30:25 - [MESSAGE][INFO] - Checking response object

04-09-2024T08:30:25 - [MESSAGE][PASSED] - totalplay.Common.verifyPropertyExist is PASSED

04-09-2024T08:30:25 - [TEST_STEP][PASSED] - totalplay.Common.verifyPropertyValueExist(GetBasket, product_items_0_c_offerId): totalplay.Common.verifyPropertyValueExist is PASSED

04-09-2024T08:30:25 - [MESSAGE][INFO] - Checking response object

04-09-2024T08:30:25 - [MESSAGE][INFO] - 541185

04-09-2024T08:30:25 - [MESSAGE][PASSED] - totalplay.Common.verifyPropertyValueExist is PASSED

04-09-2024T08:30:25 - [TEST_STEP][PASSED] - totalplay.Common.getDecimalValueofObject(GetBasket, product_items_0_c_offerSalesPrice): totalplay.Common.getDecimalValueofObject is PASSED

04-09-2024T08:30:25 - [MESSAGE][INFO] - Checking response object

04-09-2024T08:30:25 - [MESSAGE][PASSED] - totalplay.Common.getDecimalValueofObject is PASSED

04-09-2024T08:30:25 - [TEST_STEP][PASSED] - totalplay.Common.verifyPropertyExist(GetBasket, product_items_0_c_offerState): totalplay.Common.verifyPropertyExist is PASSED

04-09-2024T08:30:25 - [MESSAGE][INFO] - Checking response object

04-09-2024T08:30:25 - [MESSAGE][PASSED] - totalplay.Common.verifyPropertyExist is PASSED

04-09-2024T08:30:25 - [TEST_STEP][PASSED] - totalplay.Common.verifyPropertyValueExist(GetBasket, product_items_0_c_offerState): totalplay.Common.verifyPropertyValueExist is PASSED

04-09-2024T08:30:25 - [MESSAGE][INFO] - Checking response object

04-09-2024T08:30:25 - [MESSAGE][INFO] - Nuevo

04-09-2024T08:30:25 - [MESSAGE][PASSED] - totalplay.Common.verifyPropertyValueExist is PASSED

04-09-2024T08:30:25 - [TEST_STEP][PASSED] - totalplay.Common.verifyPropertyExist(GetBasket, product_items_0_c_offerStateCode): totalplay.Common.verifyPropertyExist is PASSED

04-09-2024T08:30:25 - [MESSAGE][INFO] - Checking response object

04-09-2024T08:30:25 - [MESSAGE][PASSED] - totalplay.Common.verifyPropertyExist is PASSED

04-09-2024T08:30:25 - [TEST_STEP][PASSED] - totalplay.Common.verifyPropertyValueExist(GetBasket, product_items_0_c_offerStateCode): totalplay.Common.verifyPropertyValueExist is PASSED

04-09-2024T08:30:25 - [MESSAGE][INFO] - Checking response object

04-09-2024T08:30:25 - [MESSAGE][INFO] - 11

04-09-2024T08:30:25 - [MESSAGE][PASSED] - totalplay.Common.verifyPropertyValueExist is PASSED

04-09-2024T08:30:25 - [TEST_STEP][PASSED] - totalplay.Common.verifyPropertyExist(GetBasket, product_items_0_c_shopId): totalplay.Common.verifyPropertyExist is PASSED

04-09-2024T08:30:25 - [MESSAGE][INFO] - Checking response object

04-09-2024T08:30:26 - [MESSAGE][PASSED] - totalplay.Common.verifyPropertyExist is PASSED

04-09-2024T08:30:26 - [TEST_STEP][PASSED] - totalplay.Common.verifyPropertyValueExist(GetBasket, product_items_0_c_shopId): totalplay.Common.verifyPropertyValueExist is PASSED

04-09-2024T08:30:26 - [MESSAGE][INFO] - Checking response object

04-09-2024T08:30:26 - [MESSAGE][INFO] - 4158

04-09-2024T08:30:26 - [MESSAGE][PASSED] - totalplay.Common.verifyPropertyValueExist is PASSED

04-09-2024T08:30:26 - [TEST_STEP][PASSED] - totalplay.Common.verifyPropertyExist(GetBasket, product_items_0_c_shopName): totalplay.Common.verifyPropertyExist is PASSED

04-09-2024T08:30:26 - [MESSAGE][INFO] - Checking response object

04-09-2024T08:30:26 - [MESSAGE][PASSED] - totalplay.Common.verifyPropertyExist is PASSED

04-09-2024T08:30:26 - [TEST_STEP][PASSED] - totalplay.Common.verifyPropertyValueExist(GetBasket, product_items_0_c_shopName): totalplay.Common.verifyPropertyValueExist is PASSED

04-09-2024T08:30:26 - [MESSAGE][INFO] - Checking response object

04-09-2024T08:30:26 - [MESSAGE][INFO] - La Casa De Toño Polanco

04-09-2024T08:30:26 - [MESSAGE][PASSED] - totalplay.Common.verifyPropertyValueExist is PASSED

04-09-2024T08:30:26 - [TEST_STEP][PASSED] - totalplay.Common.getDecimalValueofObject(GetBasket, product_items_0_c_total_crossed_price): totalplay.Common.getDecimalValueofObject is PASSED

04-09-2024T08:30:26 - [MESSAGE][INFO] - Checking response object

04-09-2024T08:30:26 - [MESSAGE][PASSED] - totalplay.Common.getDecimalValueofObject is PASSED

04-09-2024T08:30:26 - [TEST_STEP][PASSED] - totalplay.Common.getDecimalValueofObject(GetBasket, product_items_0_c_priceWithComplement): totalplay.Common.getDecimalValueofObject is PASSED

04-09-2024T08:30:26 - [MESSAGE][INFO] - Checking response object

04-09-2024T08:30:26 - [MESSAGE][PASSED] - totalplay.Common.getDecimalValueofObject is PASSED

04-09-2024T08:30:26 - [TEST_STEP][PASSED] - totalplay.Common.verifyPropertyExist(GetBasket, product_items_0_c_imagesData_large_0_alt): totalplay.Common.verifyPropertyExist is PASSED

04-09-2024T08:30:26 - [MESSAGE][INFO] - Checking response object

04-09-2024T08:30:26 - [MESSAGE][PASSED] - totalplay.Common.verifyPropertyExist is PASSED

04-09-2024T08:30:26 - [TEST_STEP][PASSED] - totalplay.Common.verifyPropertyValueExist(GetBasket, product_items_0_c_imagesData_large_0_alt): totalplay.Common.verifyPropertyValueExist is PASSED

04-09-2024T08:30:26 - [MESSAGE][INFO] - Checking response object

04-09-2024T08:30:26 - [MESSAGE][INFO] - Orden de Maciza (100 g)

04-09-2024T08:30:26 - [MESSAGE][PASSED] - totalplay.Common.verifyPropertyValueExist is PASSED

04-09-2024T08:30:26 - [TEST_STEP][PASSED] - totalplay.Common.verifyPropertyValueEmptyString(GetBasket, product_items_0_c_imagesData_large_0_url): totalplay.Common.verifyPropertyValueEmptyString is PASSED

04-09-2024T08:30:26 - [MESSAGE][INFO] - Checking response object

04-09-2024T08:30:26 - [MESSAGE][INFO] - 

04-09-2024T08:30:26 - [MESSAGE][PASSED] - totalplay.Common.verifyPropertyValueEmptyString is PASSED

04-09-2024T08:30:26 - [TEST_STEP][PASSED] - totalplay.Common.verifyPropertyExist(GetBasket, product_items_0_c_imagesData_large_0_title): totalplay.Common.verifyPropertyExist is PASSED

04-09-2024T08:30:26 - [MESSAGE][INFO] - Checking response object

04-09-2024T08:30:26 - [MESSAGE][PASSED] - totalplay.Common.verifyPropertyExist is PASSED

04-09-2024T08:30:26 - [TEST_STEP][PASSED] - totalplay.Common.verifyPropertyValueExist(GetBasket, product_items_0_c_imagesData_large_0_title): totalplay.Common.verifyPropertyValueExist is PASSED

04-09-2024T08:30:26 - [MESSAGE][INFO] - Checking response object

04-09-2024T08:30:26 - [MESSAGE][INFO] - Orden de Maciza (100 g)

04-09-2024T08:30:26 - [MESSAGE][PASSED] - totalplay.Common.verifyPropertyValueExist is PASSED

04-09-2024T08:30:26 - [TEST_STEP][PASSED] - totalplay.Common.verifyPropertyExist(GetBasket, product_items_0_c_description): totalplay.Common.verifyPropertyExist is PASSED

04-09-2024T08:30:26 - [MESSAGE][INFO] - Checking response object

04-09-2024T08:30:26 - [MESSAGE][PASSED] - totalplay.Common.verifyPropertyExist is PASSED

04-09-2024T08:30:26 - [TEST_STEP][PASSED] - totalplay.Common.verifyPropertyValueExist(GetBasket, product_items_0_c_description): totalplay.Common.verifyPropertyValueExist is PASSED

04-09-2024T08:30:26 - [MESSAGE][INFO] - Checking response object

04-09-2024T08:30:26 - [MESSAGE][INFO] - 100 g

04-09-2024T08:30:26 - [MESSAGE][PASSED] - totalplay.Common.verifyPropertyValueExist is PASSED

04-09-2024T08:30:26 - [TEST_STEP][PASSED] - totalplay.Common.verifyPropertyExist(GetBasket, product_items_0_c_availableQty): totalplay.Common.verifyPropertyExist is PASSED

04-09-2024T08:30:26 - [MESSAGE][INFO] - Checking response object

04-09-2024T08:30:26 - [MESSAGE][PASSED] - totalplay.Common.verifyPropertyExist is PASSED

04-09-2024T08:30:26 - [TEST_STEP][PASSED] - totalplay.Common.verifyPropertyValueExist(GetBasket, product_items_0_c_availableQty): totalplay.Common.verifyPropertyValueExist is PASSED

04-09-2024T08:30:26 - [MESSAGE][INFO] - Checking response object

04-09-2024T08:30:26 - [MESSAGE][INFO] - 30

04-09-2024T08:30:26 - [MESSAGE][PASSED] - totalplay.Common.verifyPropertyValueExist is PASSED

04-09-2024T08:30:26 - [TEST_STEP][PASSED] - totalplay.Common.getDecimalValueofObject(GetBasket, product_sub_total): totalplay.Common.getDecimalValueofObject is PASSED

04-09-2024T08:30:26 - [MESSAGE][INFO] - Checking response object

04-09-2024T08:30:26 - [MESSAGE][PASSED] - totalplay.Common.getDecimalValueofObject is PASSED

04-09-2024T08:30:26 - [TEST_STEP][PASSED] - totalplay.Common.getDecimalValueofObject(GetBasket, product_total): totalplay.Common.getDecimalValueofObject is PASSED

04-09-2024T08:30:26 - [MESSAGE][INFO] - Checking response object

04-09-2024T08:30:26 - [MESSAGE][PASSED] - totalplay.Common.getDecimalValueofObject is PASSED

04-09-2024T08:30:26 - [TEST_STEP][PASSED] - totalplay.Common.verifyPropertyExist(GetBasket, shipments_0__type): totalplay.Common.verifyPropertyExist is PASSED

04-09-2024T08:30:26 - [MESSAGE][INFO] - Checking response object

04-09-2024T08:30:26 - [MESSAGE][PASSED] - totalplay.Common.verifyPropertyExist is PASSED

04-09-2024T08:30:26 - [TEST_STEP][PASSED] - totalplay.Common.verifyPropertyValueExist(GetBasket, shipments_0__type): totalplay.Common.verifyPropertyValueExist is PASSED

04-09-2024T08:30:26 - [MESSAGE][INFO] - Checking response object

04-09-2024T08:30:26 - [MESSAGE][INFO] - shipment

04-09-2024T08:30:26 - [MESSAGE][PASSED] - totalplay.Common.verifyPropertyValueExist is PASSED

04-09-2024T08:30:26 - [TEST_STEP][PASSED] - totalplay.Common.getDecimalValueofObject(GetBasket, shipments_0_adjusted_merchandize_total_tax): totalplay.Common.getDecimalValueofObject is PASSED

04-09-2024T08:30:26 - [MESSAGE][INFO] - Checking response object

04-09-2024T08:30:26 - [MESSAGE][PASSED] - totalplay.Common.getDecimalValueofObject is PASSED

04-09-2024T08:30:26 - [TEST_STEP][PASSED] - totalplay.Common.getDecimalValueofObject(GetBasket, shipments_0_adjusted_shipping_total_tax): totalplay.Common.getDecimalValueofObject is PASSED

04-09-2024T08:30:26 - [MESSAGE][INFO] - Checking response object

04-09-2024T08:30:26 - [MESSAGE][PASSED] - totalplay.Common.getDecimalValueofObject is PASSED

04-09-2024T08:30:26 - [TEST_STEP][PASSED] - totalplay.Common.getBooleanValueofObject(GetBasket, shipments_0_gift): totalplay.Common.getBooleanValueofObject is PASSED

04-09-2024T08:30:26 - [MESSAGE][INFO] - Checking response object

04-09-2024T08:30:26 - [MESSAGE][PASSED] - totalplay.Common.getBooleanValueofObject is PASSED

04-09-2024T08:30:26 - [TEST_STEP][PASSED] - totalplay.Common.getDecimalValueofObject(GetBasket, shipments_0_merchandize_total_tax): totalplay.Common.getDecimalValueofObject is PASSED

04-09-2024T08:30:26 - [MESSAGE][INFO] - Checking response object

04-09-2024T08:30:26 - [MESSAGE][PASSED] - totalplay.Common.getDecimalValueofObject is PASSED

04-09-2024T08:30:26 - [TEST_STEP][PASSED] - totalplay.Common.getDecimalValueofObject(GetBasket, shipments_0_product_sub_total): totalplay.Common.getDecimalValueofObject is PASSED

04-09-2024T08:30:26 - [MESSAGE][INFO] - Checking response object

04-09-2024T08:30:27 - [MESSAGE][PASSED] - totalplay.Common.getDecimalValueofObject is PASSED

04-09-2024T08:30:27 - [TEST_STEP][PASSED] - totalplay.Common.getDecimalValueofObject(GetBasket, shipments_0_product_total): totalplay.Common.getDecimalValueofObject is PASSED

04-09-2024T08:30:27 - [MESSAGE][INFO] - Checking response object

04-09-2024T08:30:27 - [MESSAGE][PASSED] - totalplay.Common.getDecimalValueofObject is PASSED

04-09-2024T08:30:27 - [TEST_STEP][PASSED] - totalplay.Common.verifyPropertyExist(GetBasket, shipments_0_shipment_id): totalplay.Common.verifyPropertyExist is PASSED

04-09-2024T08:30:27 - [MESSAGE][INFO] - Checking response object

04-09-2024T08:30:27 - [MESSAGE][PASSED] - totalplay.Common.verifyPropertyExist is PASSED

04-09-2024T08:30:27 - [TEST_STEP][PASSED] - totalplay.Common.verifyPropertyValueExist(GetBasket, shipments_0_shipment_id): totalplay.Common.verifyPropertyValueExist is PASSED

04-09-2024T08:30:27 - [MESSAGE][INFO] - Checking response object

04-09-2024T08:30:27 - [MESSAGE][INFO] - me

04-09-2024T08:30:27 - [MESSAGE][PASSED] - totalplay.Common.verifyPropertyValueExist is PASSED

04-09-2024T08:30:27 - [TEST_STEP][PASSED] - totalplay.Common.getDecimalValueofObject(GetBasket, shipments_0_shipment_total): totalplay.Common.getDecimalValueofObject is PASSED

04-09-2024T08:30:27 - [MESSAGE][INFO] - Checking response object

04-09-2024T08:30:27 - [MESSAGE][PASSED] - totalplay.Common.getDecimalValueofObject is PASSED

04-09-2024T08:30:27 - [TEST_STEP][PASSED] - totalplay.Common.verifyPropertyExist(GetBasket, shipments_0_shipping_method__type): totalplay.Common.verifyPropertyExist is PASSED

04-09-2024T08:30:27 - [MESSAGE][INFO] - Checking response object

04-09-2024T08:30:27 - [MESSAGE][PASSED] - totalplay.Common.verifyPropertyExist is PASSED

04-09-2024T08:30:27 - [TEST_STEP][PASSED] - totalplay.Common.verifyPropertyValueExist(GetBasket, shipments_0_shipping_method__type): totalplay.Common.verifyPropertyValueExist is PASSED

04-09-2024T08:30:27 - [MESSAGE][INFO] - Checking response object

04-09-2024T08:30:27 - [MESSAGE][INFO] - shipping_method

04-09-2024T08:30:27 - [MESSAGE][PASSED] - totalplay.Common.verifyPropertyValueExist is PASSED

04-09-2024T08:30:27 - [TEST_STEP][PASSED] - totalplay.Common.verifyPropertyExist(GetBasket, shipments_0_shipping_method_description): totalplay.Common.verifyPropertyExist is PASSED

04-09-2024T08:30:27 - [MESSAGE][INFO] - Checking response object

04-09-2024T08:30:27 - [MESSAGE][PASSED] - totalplay.Common.verifyPropertyExist is PASSED

04-09-2024T08:30:27 - [TEST_STEP][PASSED] - totalplay.Common.verifyPropertyValueExist(GetBasket, shipments_0_shipping_method_description): totalplay.Common.verifyPropertyValueExist is PASSED

04-09-2024T08:30:27 - [MESSAGE][INFO] - Checking response object

04-09-2024T08:30:27 - [MESSAGE][INFO] - pickup

04-09-2024T08:30:27 - [MESSAGE][PASSED] - totalplay.Common.verifyPropertyValueExist is PASSED

04-09-2024T08:30:27 - [TEST_STEP][PASSED] - totalplay.Common.verifyPropertyExist(GetBasket, shipments_0_shipping_method_id): totalplay.Common.verifyPropertyExist is PASSED

04-09-2024T08:30:27 - [MESSAGE][INFO] - Checking response object

04-09-2024T08:30:27 - [MESSAGE][PASSED] - totalplay.Common.verifyPropertyExist is PASSED

04-09-2024T08:30:27 - [TEST_STEP][PASSED] - totalplay.Common.verifyPropertyValueExist(GetBasket, shipments_0_shipping_method_id): totalplay.Common.verifyPropertyValueExist is PASSED

04-09-2024T08:30:27 - [MESSAGE][INFO] - Checking response object

04-09-2024T08:30:27 - [MESSAGE][INFO] - pickup

04-09-2024T08:30:27 - [MESSAGE][PASSED] - totalplay.Common.verifyPropertyValueExist is PASSED

04-09-2024T08:30:27 - [TEST_STEP][PASSED] - totalplay.Common.verifyPropertyExist(GetBasket, shipments_0_shipping_method_name): totalplay.Common.verifyPropertyExist is PASSED

04-09-2024T08:30:27 - [MESSAGE][INFO] - Checking response object

04-09-2024T08:30:27 - [MESSAGE][PASSED] - totalplay.Common.verifyPropertyExist is PASSED

04-09-2024T08:30:27 - [TEST_STEP][PASSED] - totalplay.Common.verifyPropertyValueExist(GetBasket, shipments_0_shipping_method_name): totalplay.Common.verifyPropertyValueExist is PASSED

04-09-2024T08:30:27 - [MESSAGE][INFO] - Checking response object

04-09-2024T08:30:27 - [MESSAGE][INFO] - pickup

04-09-2024T08:30:27 - [MESSAGE][PASSED] - totalplay.Common.verifyPropertyValueExist is PASSED

04-09-2024T08:30:27 - [TEST_STEP][PASSED] - totalplay.Common.verifyPropertyExist(GetBasket, shipments_0_shipping_method_c_estimatedArrivalTime): totalplay.Common.verifyPropertyExist is PASSED

04-09-2024T08:30:27 - [MESSAGE][INFO] - Checking response object

04-09-2024T08:30:27 - [MESSAGE][PASSED] - totalplay.Common.verifyPropertyExist is PASSED

04-09-2024T08:30:27 - [TEST_STEP][PASSED] - totalplay.Common.verifyPropertyValueExist(GetBasket, shipments_0_shipping_method_c_estimatedArrivalTime): totalplay.Common.verifyPropertyValueExist is PASSED

04-09-2024T08:30:27 - [MESSAGE][INFO] - Checking response object

04-09-2024T08:30:27 - [MESSAGE][INFO] - 60 Mins

04-09-2024T08:30:27 - [MESSAGE][PASSED] - totalplay.Common.verifyPropertyValueExist is PASSED

04-09-2024T08:30:27 - [TEST_STEP][PASSED] - totalplay.Common.getBooleanValueofObject(GetBasket, shipments_0_shipping_method_c_storePickupEnabled): totalplay.Common.getBooleanValueofObject is PASSED

04-09-2024T08:30:27 - [MESSAGE][INFO] - Checking response object

04-09-2024T08:30:27 - [MESSAGE][PASSED] - totalplay.Common.getBooleanValueofObject is PASSED

04-09-2024T08:30:27 - [TEST_STEP][PASSED] - totalplay.Common.verifyPropertyExist(GetBasket, shipments_0_shipping_status): totalplay.Common.verifyPropertyExist is PASSED

04-09-2024T08:30:27 - [MESSAGE][INFO] - Checking response object

04-09-2024T08:30:27 - [MESSAGE][PASSED] - totalplay.Common.verifyPropertyExist is PASSED

04-09-2024T08:30:27 - [TEST_STEP][PASSED] - totalplay.Common.verifyPropertyValueExist(GetBasket, shipments_0_shipping_status): totalplay.Common.verifyPropertyValueExist is PASSED

04-09-2024T08:30:27 - [MESSAGE][INFO] - Checking response object

04-09-2024T08:30:27 - [MESSAGE][INFO] - not_shipped

04-09-2024T08:30:27 - [MESSAGE][PASSED] - totalplay.Common.verifyPropertyValueExist is PASSED

04-09-2024T08:30:27 - [TEST_STEP][PASSED] - totalplay.Common.getDecimalValueofObject(GetBasket, shipments_0_shipping_total): totalplay.Common.getDecimalValueofObject is PASSED

04-09-2024T08:30:27 - [MESSAGE][INFO] - Checking response object

04-09-2024T08:30:27 - [MESSAGE][PASSED] - totalplay.Common.getDecimalValueofObject is PASSED

04-09-2024T08:30:27 - [TEST_STEP][PASSED] - totalplay.Common.getDecimalValueofObject(GetBasket, shipments_0_shipping_total_tax): totalplay.Common.getDecimalValueofObject is PASSED

04-09-2024T08:30:27 - [MESSAGE][INFO] - Checking response object

04-09-2024T08:30:27 - [MESSAGE][PASSED] - totalplay.Common.getDecimalValueofObject is PASSED

04-09-2024T08:30:27 - [TEST_STEP][PASSED] - totalplay.Common.getDecimalValueofObject(GetBasket, shipments_0_tax_total): totalplay.Common.getDecimalValueofObject is PASSED

04-09-2024T08:30:27 - [MESSAGE][INFO] - Checking response object

04-09-2024T08:30:28 - [MESSAGE][PASSED] - totalplay.Common.getDecimalValueofObject is PASSED

04-09-2024T08:30:28 - [TEST_STEP][PASSED] - totalplay.Common.getDecimalValueofObject(GetBasket, shipments_0_c_totalShippingCost): totalplay.Common.getDecimalValueofObject is PASSED

04-09-2024T08:30:28 - [MESSAGE][INFO] - Checking response object

04-09-2024T08:30:28 - [MESSAGE][PASSED] - totalplay.Common.getDecimalValueofObject is PASSED

04-09-2024T08:30:28 - [TEST_STEP][PASSED] - totalplay.Common.verifyPropertyExist(GetBasket, shipping_items_0__type): totalplay.Common.verifyPropertyExist is PASSED

04-09-2024T08:30:28 - [MESSAGE][INFO] - Checking response object

04-09-2024T08:30:28 - [MESSAGE][PASSED] - totalplay.Common.verifyPropertyExist is PASSED

04-09-2024T08:30:28 - [TEST_STEP][PASSED] - totalplay.Common.verifyPropertyValueExist(GetBasket, shipping_items_0__type): totalplay.Common.verifyPropertyValueExist is PASSED

04-09-2024T08:30:28 - [MESSAGE][INFO] - Checking response object

04-09-2024T08:30:28 - [MESSAGE][INFO] - shipping_item

04-09-2024T08:30:28 - [MESSAGE][PASSED] - totalplay.Common.verifyPropertyValueExist is PASSED

04-09-2024T08:30:28 - [TEST_STEP][PASSED] - totalplay.Common.getDecimalValueofObject(GetBasket, shipping_items_0_adjusted_tax): totalplay.Common.getDecimalValueofObject is PASSED

04-09-2024T08:30:28 - [MESSAGE][INFO] - Checking response object

04-09-2024T08:30:28 - [MESSAGE][PASSED] - totalplay.Common.getDecimalValueofObject is PASSED

04-09-2024T08:30:28 - [TEST_STEP][PASSED] - totalplay.Common.getDecimalValueofObject(GetBasket, shipping_items_0_base_price): totalplay.Common.getDecimalValueofObject is PASSED

04-09-2024T08:30:28 - [MESSAGE][INFO] - Checking response object

04-09-2024T08:30:28 - [MESSAGE][PASSED] - totalplay.Common.getDecimalValueofObject is PASSED

04-09-2024T08:30:28 - [TEST_STEP][PASSED] - totalplay.Common.verifyPropertyExist(GetBasket, shipping_items_0_item_id): totalplay.Common.verifyPropertyExist is PASSED

04-09-2024T08:30:28 - [MESSAGE][INFO] - Checking response object

04-09-2024T08:30:28 - [MESSAGE][PASSED] - totalplay.Common.verifyPropertyExist is PASSED

04-09-2024T08:30:28 - [TEST_STEP][PASSED] - totalplay.Common.verifyPropertyValueExist(GetBasket, shipping_items_0_item_id): totalplay.Common.verifyPropertyValueExist is PASSED

04-09-2024T08:30:28 - [MESSAGE][INFO] - Checking response object

04-09-2024T08:30:28 - [MESSAGE][INFO] - 9c7318e7f0d4a95edfef2caf41

04-09-2024T08:30:28 - [MESSAGE][PASSED] - totalplay.Common.verifyPropertyValueExist is PASSED

04-09-2024T08:30:28 - [TEST_STEP][PASSED] - totalplay.Common.verifyPropertyExist(GetBasket, shipping_items_0_item_text): totalplay.Common.verifyPropertyExist is PASSED

04-09-2024T08:30:28 - [MESSAGE][INFO] - Checking response object

04-09-2024T08:30:28 - [MESSAGE][PASSED] - totalplay.Common.verifyPropertyExist is PASSED

04-09-2024T08:30:28 - [TEST_STEP][PASSED] - totalplay.Common.verifyPropertyValueExist(GetBasket, shipping_items_0_item_text): totalplay.Common.verifyPropertyValueExist is PASSED

04-09-2024T08:30:28 - [MESSAGE][INFO] - Checking response object

04-09-2024T08:30:28 - [MESSAGE][INFO] - Shipping

04-09-2024T08:30:28 - [MESSAGE][PASSED] - totalplay.Common.verifyPropertyValueExist is PASSED

04-09-2024T08:30:28 - [TEST_STEP][PASSED] - totalplay.Common.getDecimalValueofObject(GetBasket, shipping_items_0_price): totalplay.Common.getDecimalValueofObject is PASSED

04-09-2024T08:30:28 - [MESSAGE][INFO] - Checking response object

04-09-2024T08:30:28 - [MESSAGE][PASSED] - totalplay.Common.getDecimalValueofObject is PASSED

04-09-2024T08:30:28 - [TEST_STEP][PASSED] - totalplay.Common.getDecimalValueofObject(GetBasket, shipping_items_0_price_after_item_discount): totalplay.Common.getDecimalValueofObject is PASSED

04-09-2024T08:30:28 - [MESSAGE][INFO] - Checking response object

04-09-2024T08:30:28 - [MESSAGE][PASSED] - totalplay.Common.getDecimalValueofObject is PASSED

04-09-2024T08:30:28 - [TEST_STEP][PASSED] - totalplay.Common.verifyPropertyExist(GetBasket, shipping_items_0_shipment_id): totalplay.Common.verifyPropertyExist is PASSED

04-09-2024T08:30:28 - [MESSAGE][INFO] - Checking response object

04-09-2024T08:30:28 - [MESSAGE][PASSED] - totalplay.Common.verifyPropertyExist is PASSED

04-09-2024T08:30:28 - [TEST_STEP][PASSED] - totalplay.Common.verifyPropertyValueExist(GetBasket, shipping_items_0_shipment_id): totalplay.Common.verifyPropertyValueExist is PASSED

04-09-2024T08:30:28 - [MESSAGE][INFO] - Checking response object

04-09-2024T08:30:28 - [MESSAGE][INFO] - me

04-09-2024T08:30:28 - [MESSAGE][PASSED] - totalplay.Common.verifyPropertyValueExist is PASSED

04-09-2024T08:30:28 - [TEST_STEP][PASSED] - totalplay.Common.getDecimalValueofObject(GetBasket, shipping_items_0_tax): totalplay.Common.getDecimalValueofObject is PASSED

04-09-2024T08:30:28 - [MESSAGE][INFO] - Checking response object

04-09-2024T08:30:28 - [MESSAGE][PASSED] - totalplay.Common.getDecimalValueofObject is PASSED

04-09-2024T08:30:28 - [TEST_STEP][PASSED] - totalplay.Common.getDecimalValueofObject(GetBasket, shipping_items_0_tax_basis): totalplay.Common.getDecimalValueofObject is PASSED

04-09-2024T08:30:28 - [MESSAGE][INFO] - Checking response object

04-09-2024T08:30:28 - [MESSAGE][PASSED] - totalplay.Common.getDecimalValueofObject is PASSED

04-09-2024T08:30:28 - [TEST_STEP][PASSED] - totalplay.Common.verifyPropertyExist(GetBasket, shipping_items_0_tax_class_id): totalplay.Common.verifyPropertyExist is PASSED

04-09-2024T08:30:28 - [MESSAGE][INFO] - Checking response object

04-09-2024T08:30:28 - [MESSAGE][PASSED] - totalplay.Common.verifyPropertyExist is PASSED

04-09-2024T08:30:28 - [TEST_STEP][PASSED] - totalplay.Common.verifyPropertyValueExist(GetBasket, shipping_items_0_tax_class_id): totalplay.Common.verifyPropertyValueExist is PASSED

04-09-2024T08:30:28 - [MESSAGE][INFO] - Checking response object

04-09-2024T08:30:28 - [MESSAGE][INFO] - standard

04-09-2024T08:30:28 - [MESSAGE][PASSED] - totalplay.Common.verifyPropertyValueExist is PASSED

04-09-2024T08:30:28 - [TEST_STEP][PASSED] - totalplay.Common.getDecimalValueofObject(GetBasket, shipping_items_0_tax_rate): totalplay.Common.getDecimalValueofObject is PASSED

04-09-2024T08:30:28 - [MESSAGE][INFO] - Checking response object

04-09-2024T08:30:28 - [MESSAGE][PASSED] - totalplay.Common.getDecimalValueofObject is PASSED

04-09-2024T08:30:28 - [TEST_STEP][PASSED] - totalplay.Common.getDecimalValueofObject(GetBasket, shipping_total): totalplay.Common.getDecimalValueofObject is PASSED

04-09-2024T08:30:28 - [MESSAGE][INFO] - Checking response object

04-09-2024T08:30:28 - [MESSAGE][PASSED] - totalplay.Common.getDecimalValueofObject is PASSED

04-09-2024T08:30:28 - [TEST_STEP][PASSED] - totalplay.Common.getDecimalValueofObject(GetBasket, shipping_total_tax): totalplay.Common.getDecimalValueofObject is PASSED

04-09-2024T08:30:28 - [MESSAGE][INFO] - Checking response object

04-09-2024T08:30:29 - [MESSAGE][PASSED] - totalplay.Common.getDecimalValueofObject is PASSED

04-09-2024T08:30:29 - [TEST_STEP][PASSED] - totalplay.Common.verifyPropertyExist(GetBasket, taxation): totalplay.Common.verifyPropertyExist is PASSED

04-09-2024T08:30:29 - [MESSAGE][INFO] - Checking response object

04-09-2024T08:30:29 - [MESSAGE][PASSED] - totalplay.Common.verifyPropertyExist is PASSED

04-09-2024T08:30:29 - [TEST_STEP][PASSED] - totalplay.Common.verifyPropertyValueExist(GetBasket, taxation): totalplay.Common.verifyPropertyValueExist is PASSED

04-09-2024T08:30:29 - [MESSAGE][INFO] - Checking response object

04-09-2024T08:30:29 - [MESSAGE][INFO] - net

04-09-2024T08:30:29 - [MESSAGE][PASSED] - totalplay.Common.verifyPropertyValueExist is PASSED

04-09-2024T08:30:29 - [TEST_STEP][PASSED] - totalplay.Common.getDecimalValueofObject(GetBasket, tax_total): totalplay.Common.getDecimalValueofObject is PASSED

04-09-2024T08:30:29 - [MESSAGE][INFO] - Checking response object

04-09-2024T08:30:29 - [MESSAGE][PASSED] - totalplay.Common.getDecimalValueofObject is PASSED

04-09-2024T08:30:29 - [TEST_STEP][PASSED] - totalplay.Common.verifyPropertyExist(GetBasket, c_seller_id): totalplay.Common.verifyPropertyExist is PASSED

04-09-2024T08:30:29 - [MESSAGE][INFO] - Checking response object

04-09-2024T08:30:29 - [MESSAGE][PASSED] - totalplay.Common.verifyPropertyExist is PASSED

04-09-2024T08:30:29 - [TEST_STEP][PASSED] - totalplay.Common.verifyPropertyValueExist(GetBasket, c_seller_id): totalplay.Common.verifyPropertyValueExist is PASSED

04-09-2024T08:30:29 - [MESSAGE][INFO] - Checking response object

04-09-2024T08:30:29 - [MESSAGE][INFO] - 4158

04-09-2024T08:30:29 - [MESSAGE][PASSED] - totalplay.Common.verifyPropertyValueExist is PASSED

04-09-2024T08:30:29 - [TEST_STEP][PASSED] - totalplay.Common.verifyPropertyExist(GetBasket, c_preferredAddress): totalplay.Common.verifyPropertyExist is PASSED

04-09-2024T08:30:29 - [MESSAGE][INFO] - Checking response object

04-09-2024T08:30:29 - [MESSAGE][PASSED] - totalplay.Common.verifyPropertyExist is PASSED

04-09-2024T08:30:29 - [TEST_STEP][PASSED] - totalplay.Common.verifyPropertyValueExist(GetBasket, c_preferredAddress): totalplay.Common.verifyPropertyValueExist is PASSED

04-09-2024T08:30:29 - [MESSAGE][INFO] - Checking response object

04-09-2024T08:30:29 - [MESSAGE][INFO] - {"address1":"Alejandro Dumas","address2":null,"city":"Ciudad de Mexico","firstName":"CESAR","lastName":"GERARDO WALDO GONZALEZ","phone":"5579660270","postalCode":"11500","states":{"stateCode":null},"country":{},"jobTitle":null,"postBox":null,"salutation":null,"secondName":null,"companyName":null,"suffix":null,"suite":null,"title":null}

04-09-2024T08:30:29 - [MESSAGE][PASSED] - totalplay.Common.verifyPropertyValueExist is PASSED

04-09-2024T08:30:29 - [TEST_STEP][PASSED] - totalplay.Common.getBooleanValueofObject(GetBasket, c_forceDeleteOndemand): totalplay.Common.getBooleanValueofObject is PASSED

04-09-2024T08:30:29 - [MESSAGE][INFO] - Checking response object

04-09-2024T08:30:29 - [MESSAGE][PASSED] - totalplay.Common.getBooleanValueofObject is PASSED

04-09-2024T08:30:29 - [TEST_STEP][PASSED] - totalplay.Common.verifyPropertyExist(GetBasket, c_formatedserviceChargeTotalGrossPrice): totalplay.Common.verifyPropertyExist is PASSED

04-09-2024T08:30:29 - [MESSAGE][INFO] - Checking response object

04-09-2024T08:30:29 - [MESSAGE][PASSED] - totalplay.Common.verifyPropertyExist is PASSED

04-09-2024T08:30:29 - [TEST_STEP][PASSED] - totalplay.Common.verifyPropertyValueExist(GetBasket, c_formatedserviceChargeTotalGrossPrice): totalplay.Common.verifyPropertyValueExist is PASSED

04-09-2024T08:30:29 - [MESSAGE][INFO] - Checking response object

04-09-2024T08:30:29 - [MESSAGE][INFO] - $0.00

04-09-2024T08:30:29 - [MESSAGE][PASSED] - totalplay.Common.verifyPropertyValueExist is PASSED]]></system-out>
         <system-err><![CDATA[]]></system-err>
      </testcase>
      <testcase name="Test Cases/TotalPlay-Food/TC_9_Get_Customer_Address" time="8.276" classname="Test Cases/TotalPlay-Food/TC_9_Get_Customer_Address" status="PASSED">
         <system-out><![CDATA[04-09-2024T08:30:29 - [TEST_CASE][PASSED] - Test Cases/TotalPlay-Food/TC_9_Get_Customer_Address: Test Cases/TotalPlay-Food/TC_9_Get_Customer_Address

04-09-2024T08:30:30 - [TEST_STEP][PASSED] - callTestCase(findTestCase("TotalPlay-Food/TC_1_Login_Service"), [:], STOP_ON_FAILURE): Call Test Case 'Test Cases/TotalPlay-Food/TC_1_Login_Service' successfully

04-09-2024T08:30:30 - [MESSAGE][INFO] - Checking called Test Case

04-09-2024T08:30:30 - [MESSAGE][INFO] - Starting to call Test Case 'Test Cases/TotalPlay-Food/TC_1_Login_Service'

04-09-2024T08:30:30 - [TEST_CASE][PASSED] - Test Cases/TotalPlay-Food/TC_1_Login_Service: Test Cases/TotalPlay-Food/TC_1_Login_Service

04-09-2024T08:30:30 - [TEST_STEP][PASSED] - LoginResponse = sendRequest(findTestObject("TotalPlay-Food/getTokenDelivery", ["URL":URL])): Send request successfully

04-09-2024T08:30:30 - [MESSAGE][INFO] - Finding Test Object 'Object Repository/TotalPlay-Food/getTokenDelivery'

04-09-2024T08:30:30 - [MESSAGE][INFO] - Checking request object

04-09-2024T08:30:33 - [MESSAGE][INFO] - HAR: C:\Users\ShubhamKumarThakur\OneDrive - Kognivera\Documents\TotalPlay\totalplay-automation\Reports\20240904_082912\Food_Service_Normal_Flow_PlaceOrder\20240904_082912\requests\main\10.har

04-09-2024T08:30:33 - [MESSAGE][PASSED] - Send request successfully

04-09-2024T08:30:33 - [TEST_STEP][PASSED] - assert getResponseStatusCode(LoginResponse) == 200: Checking response object

04-09-2024T08:30:33 - [MESSAGE][INFO] - Checking response object

04-09-2024T08:30:33 - [TEST_STEP][PASSED] - Auth = "ocapiResponse.access_token": null

04-09-2024T08:30:33 - [TEST_STEP][PASSED] - FoodBascketId = "ocapiResponse.c_basketId_TP_FOOD": null

04-09-2024T08:30:33 - [TEST_STEP][PASSED] - FoodBasId = getElementPropertyValue(LoginResponse, FoodBascketId): Checking response object

04-09-2024T08:30:33 - [MESSAGE][INFO] - Checking response object

04-09-2024T08:30:33 - [TEST_STEP][PASSED] - sfccAuthorization = getElementPropertyValue(LoginResponse, Auth): Checking response object

04-09-2024T08:30:33 - [MESSAGE][INFO] - Checking response object

04-09-2024T08:30:33 - [TEST_STEP][PASSED] - Authorization = "Bearer " + sfccAuthorization: null

04-09-2024T08:30:33 - [TEST_STEP][PASSED] - FoodBasketId = FoodBasId: null

04-09-2024T08:30:33 - [TEST_STEP][PASSED] - logInfo(bm_auth_token): 

04-09-2024T08:30:33 - [MESSAGE][INFO] - 

04-09-2024T08:30:33 - [TEST_STEP][PASSED] - if (sfccAuthorization.length() == 0): null

04-09-2024T08:30:33 - [TEST_STEP][PASSED] - else: authorization generated

04-09-2024T08:30:33 - [TEST_STEP][PASSED] - markPassed("authorization generated"): authorization generated

04-09-2024T08:30:33 - [MESSAGE][PASSED] - authorization generated

04-09-2024T08:30:33 - [TEST_STEP][PASSED] - BasketId_loginResponse = "ocapiResponse.c_basketId": null

04-09-2024T08:30:33 - [TEST_STEP][PASSED] - CustomerId_loginResponse = "ocapiResponse.customer_id": null

04-09-2024T08:30:33 - [TEST_STEP][PASSED] - basketId = getElementPropertyValue(LoginResponse, BasketId_loginResponse): Checking response object

04-09-2024T08:30:33 - [MESSAGE][INFO] - Checking response object

04-09-2024T08:30:33 - [TEST_STEP][PASSED] - customerId = getElementPropertyValue(LoginResponse, CustomerId_loginResponse): Checking response object

04-09-2024T08:30:33 - [MESSAGE][INFO] - Checking response object

04-09-2024T08:30:33 - [TEST_STEP][PASSED] - basketID = basketId: null

04-09-2024T08:30:33 - [TEST_STEP][PASSED] - sla_customerId = customerId: null

04-09-2024T08:30:33 - [TEST_STEP][PASSED] - println(basketID): null

04-09-2024T08:30:33 - [TEST_STEP][PASSED] - println(sla_customerId): null

04-09-2024T08:30:33 - [TEST_STEP][PASSED] - refresh_token = "ocapiResponse.refresh_token": null

04-09-2024T08:30:33 - [TEST_STEP][PASSED] - customer_email = "ocapiResponse.customer_email": null

04-09-2024T08:30:33 - [TEST_STEP][PASSED] - c_brmId = "ocapiResponse.c_brmId": null

04-09-2024T08:30:33 - [TEST_STEP][PASSED] - customer_name = "ocapiResponse.customer_name": null

04-09-2024T08:30:33 - [TEST_STEP][PASSED] - totalplay.Common.verifyPropertyExist(LoginResponse, refresh_token): totalplay.Common.verifyPropertyExist is PASSED

04-09-2024T08:30:33 - [MESSAGE][INFO] - Checking response object

04-09-2024T08:30:33 - [MESSAGE][PASSED] - totalplay.Common.verifyPropertyExist is PASSED

04-09-2024T08:30:33 - [TEST_STEP][PASSED] - totalplay.Common.verifyPropertyValueExist(LoginResponse, refresh_token): totalplay.Common.verifyPropertyValueExist is PASSED

04-09-2024T08:30:33 - [MESSAGE][INFO] - Checking response object

04-09-2024T08:30:33 - [MESSAGE][INFO] - KaQ19ETvCP-3IAAUDw29p9NM-DPHODkxzPV-K-5FQFI

04-09-2024T08:30:33 - [MESSAGE][PASSED] - totalplay.Common.verifyPropertyValueExist is PASSED

04-09-2024T08:30:33 - [TEST_STEP][PASSED] - totalplay.Common.verifyPropertyExist(LoginResponse, customer_email): totalplay.Common.verifyPropertyExist is PASSED

04-09-2024T08:30:33 - [MESSAGE][INFO] - Checking response object

04-09-2024T08:30:33 - [MESSAGE][PASSED] - totalplay.Common.verifyPropertyExist is PASSED

04-09-2024T08:30:33 - [TEST_STEP][PASSED] - totalplay.Common.verifyPropertyValueExist(LoginResponse, customer_email): totalplay.Common.verifyPropertyValueExist is PASSED

04-09-2024T08:30:33 - [MESSAGE][INFO] - Checking response object

04-09-2024T08:30:33 - [MESSAGE][INFO] - cesar.waldo93@gmail.com

04-09-2024T08:30:33 - [MESSAGE][PASSED] - totalplay.Common.verifyPropertyValueExist is PASSED

04-09-2024T08:30:33 - [TEST_STEP][PASSED] - totalplay.Common.verifyPropertyExist(LoginResponse, customer_name): totalplay.Common.verifyPropertyExist is PASSED

04-09-2024T08:30:33 - [MESSAGE][INFO] - Checking response object

04-09-2024T08:30:33 - [MESSAGE][PASSED] - totalplay.Common.verifyPropertyExist is PASSED

04-09-2024T08:30:33 - [TEST_STEP][PASSED] - totalplay.Common.verifyPropertyValueExist(LoginResponse, customer_name): totalplay.Common.verifyPropertyValueExist is PASSED

04-09-2024T08:30:33 - [MESSAGE][INFO] - Checking response object

04-09-2024T08:30:33 - [MESSAGE][INFO] - CESAR GERARDO WALDO GONZALEZ

04-09-2024T08:30:33 - [MESSAGE][PASSED] - totalplay.Common.verifyPropertyValueExist is PASSED

04-09-2024T08:30:33 - [TEST_STEP][PASSED] - totalplay.Common.verifyPropertyExist(LoginResponse, c_brmId): totalplay.Common.verifyPropertyExist is PASSED

04-09-2024T08:30:33 - [MESSAGE][INFO] - Checking response object

04-09-2024T08:30:33 - [MESSAGE][PASSED] - totalplay.Common.verifyPropertyExist is PASSED

04-09-2024T08:30:33 - [TEST_STEP][PASSED] - totalplay.Common.verifyPropertyValueExist(LoginResponse, c_brmId): totalplay.Common.verifyPropertyValueExist is PASSED

04-09-2024T08:30:33 - [MESSAGE][INFO] - Checking response object

04-09-2024T08:30:33 - [MESSAGE][INFO] - 0106378356

04-09-2024T08:30:33 - [MESSAGE][PASSED] - totalplay.Common.verifyPropertyValueExist is PASSED

04-09-2024T08:30:33 - [MESSAGE][PASSED] - Call Test Case 'Test Cases/TotalPlay-Food/TC_1_Login_Service' successfully

04-09-2024T08:30:33 - [TEST_STEP][PASSED] - GetAddress_Response = sendRequest(findTestObject("TotalPlay-Food/GetAddresses", ["URL":URL, "sla_customerId":sla_customerId])): Send request successfully

04-09-2024T08:30:33 - [MESSAGE][INFO] - Finding Test Object 'Object Repository/TotalPlay-Food/GetAddresses'

04-09-2024T08:30:33 - [MESSAGE][INFO] - Checking request object

04-09-2024T08:30:34 - [MESSAGE][INFO] - HAR: C:\Users\ShubhamKumarThakur\OneDrive - Kognivera\Documents\TotalPlay\totalplay-automation\Reports\20240904_082912\Food_Service_Normal_Flow_PlaceOrder\20240904_082912\requests\main\11.har

04-09-2024T08:30:34 - [MESSAGE][PASSED] - Send request successfully

04-09-2024T08:30:34 - [TEST_STEP][PASSED] - verifyResponseStatusCode(GetAddress_Response, 200): Verify response status code successfully

04-09-2024T08:30:34 - [MESSAGE][INFO] - Checking response object

04-09-2024T08:30:34 - [MESSAGE][PASSED] - Verify response status code successfully

04-09-2024T08:30:34 - [TEST_STEP][PASSED] - _v = "_v": null

04-09-2024T08:30:34 - [TEST_STEP][PASSED] - _type = "_type": null

04-09-2024T08:30:34 - [TEST_STEP][PASSED] - count = "count": null

04-09-2024T08:30:34 - [TEST_STEP][PASSED] - data_0__type = "data[0]._type": null

04-09-2024T08:30:34 - [TEST_STEP][PASSED] - data_0__resource_state = "data[0]._resource_state": null

04-09-2024T08:30:34 - [TEST_STEP][PASSED] - data_0_address1 = "data[0].address1": null

04-09-2024T08:30:34 - [TEST_STEP][PASSED] - data_0_address_id = "data[0].address_id": null

04-09-2024T08:30:34 - [TEST_STEP][PASSED] - data_0_city = "data[0].city": null

04-09-2024T08:30:34 - [TEST_STEP][PASSED] - data_0_country_code = "data[0].country_code": null

04-09-2024T08:30:34 - [TEST_STEP][PASSED] - data_0_creation_date = "data[0].creation_date": null

04-09-2024T08:30:34 - [TEST_STEP][PASSED] - data_0_first_name = "data[0].first_name": null

04-09-2024T08:30:34 - [TEST_STEP][PASSED] - data_0_full_name = "data[0].full_name": null

04-09-2024T08:30:34 - [TEST_STEP][PASSED] - data_0_last_modified = "data[0].last_modified": null

04-09-2024T08:30:34 - [TEST_STEP][PASSED] - data_0_last_name = "data[0].last_name": null

04-09-2024T08:30:34 - [TEST_STEP][PASSED] - data_0_phone = "data[0].phone": null

04-09-2024T08:30:34 - [TEST_STEP][PASSED] - data_0_postal_code = "data[0].postal_code": null

04-09-2024T08:30:34 - [TEST_STEP][PASSED] - data_0_preferred = "data[0].preferred": null

04-09-2024T08:30:34 - [TEST_STEP][PASSED] - data_0_c_addressupdatedtime = "data[0].c_addressupdatedtime": null

04-09-2024T08:30:34 - [TEST_STEP][PASSED] - data_0_c_alias = "data[0].c_alias": null

04-09-2024T08:30:34 - [TEST_STEP][PASSED] - data_0_c_brmId = "data[0].c_brmId": null

04-09-2024T08:30:34 - [TEST_STEP][PASSED] - data_0_c_crm_address_id = "data[0].c_crm_address_id": null

04-09-2024T08:30:34 - [TEST_STEP][PASSED] - data_0_c_dateRegister = "data[0].c_dateRegister": null

04-09-2024T08:30:34 - [TEST_STEP][PASSED] - data_0_c_dateUpdate = "data[0].c_dateUpdate": null

04-09-2024T08:30:34 - [TEST_STEP][PASSED] - data_0_c_delegation = "data[0].c_delegation": null

04-09-2024T08:30:34 - [TEST_STEP][PASSED] - data_0_c_isBilling = "data[0].c_isBilling": null

04-09-2024T08:30:34 - [TEST_STEP][PASSED] - data_0_c_isContact = "data[0].c_isContact": null

04-09-2024T08:30:34 - [TEST_STEP][PASSED] - data_0_c_isShipping = "data[0].c_isShipping": null

04-09-2024T08:30:34 - [TEST_STEP][PASSED] - data_0_c_label = "data[0].c_label": null

04-09-2024T08:30:34 - [TEST_STEP][PASSED] - data_0_c_latitude = "data[0].c_latitude": null

04-09-2024T08:30:34 - [TEST_STEP][PASSED] - data_0_c_longitude = "data[0].c_longitude": null

04-09-2024T08:30:34 - [TEST_STEP][PASSED] - data_0_c_nExt = "data[0].c_nExt": null

04-09-2024T08:30:34 - [TEST_STEP][PASSED] - data_0_c_neighborhood = "data[0].c_neighborhood": null

04-09-2024T08:30:34 - [TEST_STEP][PASSED] - data_0_c_references = "data[0].c_references": null

04-09-2024T08:30:34 - [TEST_STEP][PASSED] - data_0_c_rfc = "data[0].c_rfc": null

04-09-2024T08:30:34 - [TEST_STEP][PASSED] - data_0_c_state = "data[0].c_state": null

04-09-2024T08:30:34 - [TEST_STEP][PASSED] - data_0_c_status = "data[0].c_status": null

04-09-2024T08:30:34 - [TEST_STEP][PASSED] - data_0_c_streetName = "data[0].c_streetName": null

04-09-2024T08:30:34 - [TEST_STEP][PASSED] - start = "start": null

04-09-2024T08:30:34 - [TEST_STEP][PASSED] - total = "total": null

04-09-2024T08:30:34 - [TEST_STEP][PASSED] - totalplay.Common.verifyPropertyExist(GetAddress_Response, _v): totalplay.Common.verifyPropertyExist is PASSED

04-09-2024T08:30:34 - [MESSAGE][INFO] - Checking response object

04-09-2024T08:30:34 - [MESSAGE][PASSED] - totalplay.Common.verifyPropertyExist is PASSED

04-09-2024T08:30:34 - [TEST_STEP][PASSED] - totalplay.Common.verifyPropertyValueExist(GetAddress_Response, _v): totalplay.Common.verifyPropertyValueExist is PASSED

04-09-2024T08:30:34 - [MESSAGE][INFO] - Checking response object

04-09-2024T08:30:34 - [MESSAGE][INFO] - 23.2

04-09-2024T08:30:34 - [MESSAGE][PASSED] - totalplay.Common.verifyPropertyValueExist is PASSED

04-09-2024T08:30:34 - [TEST_STEP][PASSED] - totalplay.Common.verifyPropertyExist(GetAddress_Response, _type): totalplay.Common.verifyPropertyExist is PASSED

04-09-2024T08:30:34 - [MESSAGE][INFO] - Checking response object

04-09-2024T08:30:34 - [MESSAGE][PASSED] - totalplay.Common.verifyPropertyExist is PASSED

04-09-2024T08:30:34 - [TEST_STEP][PASSED] - totalplay.Common.verifyPropertyValueExist(GetAddress_Response, _type): totalplay.Common.verifyPropertyValueExist is PASSED

04-09-2024T08:30:34 - [MESSAGE][INFO] - Checking response object

04-09-2024T08:30:34 - [MESSAGE][INFO] - customer_address_result

04-09-2024T08:30:34 - [MESSAGE][PASSED] - totalplay.Common.verifyPropertyValueExist is PASSED

04-09-2024T08:30:34 - [TEST_STEP][PASSED] - totalplay.Common.getNumValueofObject(GetAddress_Response, count): totalplay.Common.getNumValueofObject is PASSED

04-09-2024T08:30:34 - [MESSAGE][INFO] - Checking response object

04-09-2024T08:30:34 - [MESSAGE][PASSED] - totalplay.Common.getNumValueofObject is PASSED

04-09-2024T08:30:34 - [TEST_STEP][PASSED] - totalplay.Common.verifyPropertyExist(GetAddress_Response, data_0__type): totalplay.Common.verifyPropertyExist is PASSED

04-09-2024T08:30:34 - [MESSAGE][INFO] - Checking response object

04-09-2024T08:30:34 - [MESSAGE][PASSED] - totalplay.Common.verifyPropertyExist is PASSED

04-09-2024T08:30:34 - [TEST_STEP][PASSED] - totalplay.Common.verifyPropertyValueExist(GetAddress_Response, data_0__type): totalplay.Common.verifyPropertyValueExist is PASSED

04-09-2024T08:30:34 - [MESSAGE][INFO] - Checking response object

04-09-2024T08:30:34 - [MESSAGE][INFO] - customer_address

04-09-2024T08:30:34 - [MESSAGE][PASSED] - totalplay.Common.verifyPropertyValueExist is PASSED

04-09-2024T08:30:34 - [TEST_STEP][PASSED] - totalplay.Common.verifyPropertyExist(GetAddress_Response, data_0__resource_state): totalplay.Common.verifyPropertyExist is PASSED

04-09-2024T08:30:34 - [MESSAGE][INFO] - Checking response object

04-09-2024T08:30:34 - [MESSAGE][PASSED] - totalplay.Common.verifyPropertyExist is PASSED

04-09-2024T08:30:34 - [TEST_STEP][PASSED] - totalplay.Common.verifyPropertyValueExist(GetAddress_Response, data_0__resource_state): totalplay.Common.verifyPropertyValueExist is PASSED

04-09-2024T08:30:34 - [MESSAGE][INFO] - Checking response object

04-09-2024T08:30:34 - [MESSAGE][INFO] - 4eb9f0fa375d524e0d7961643a9d1847de392fe5f7eaa6e392bcd1c2f1569e2f

04-09-2024T08:30:34 - [MESSAGE][PASSED] - totalplay.Common.verifyPropertyValueExist is PASSED

04-09-2024T08:30:34 - [TEST_STEP][PASSED] - totalplay.Common.verifyPropertyExist(GetAddress_Response, data_0_address1): totalplay.Common.verifyPropertyExist is PASSED

04-09-2024T08:30:34 - [MESSAGE][INFO] - Checking response object

04-09-2024T08:30:34 - [MESSAGE][PASSED] - totalplay.Common.verifyPropertyExist is PASSED

04-09-2024T08:30:34 - [TEST_STEP][PASSED] - totalplay.Common.verifyPropertyValueExist(GetAddress_Response, data_0_address1): totalplay.Common.verifyPropertyValueExist is PASSED

04-09-2024T08:30:34 - [MESSAGE][INFO] - Checking response object

04-09-2024T08:30:34 - [MESSAGE][INFO] - Alejandro Dumas

04-09-2024T08:30:34 - [MESSAGE][PASSED] - totalplay.Common.verifyPropertyValueExist is PASSED

04-09-2024T08:30:34 - [TEST_STEP][PASSED] - totalplay.Common.verifyPropertyExist(GetAddress_Response, data_0_address_id): totalplay.Common.verifyPropertyExist is PASSED

04-09-2024T08:30:34 - [MESSAGE][INFO] - Checking response object

04-09-2024T08:30:34 - [MESSAGE][PASSED] - totalplay.Common.verifyPropertyExist is PASSED

04-09-2024T08:30:34 - [TEST_STEP][PASSED] - totalplay.Common.verifyPropertyValueExist(GetAddress_Response, data_0_address_id): totalplay.Common.verifyPropertyValueExist is PASSED

04-09-2024T08:30:34 - [MESSAGE][INFO] - Checking response object

04-09-2024T08:30:34 - [MESSAGE][INFO] - crm_default_address

04-09-2024T08:30:34 - [MESSAGE][PASSED] - totalplay.Common.verifyPropertyValueExist is PASSED

04-09-2024T08:30:34 - [TEST_STEP][PASSED] - totalplay.Common.verifyPropertyExist(GetAddress_Response, data_0_city): totalplay.Common.verifyPropertyExist is PASSED

04-09-2024T08:30:34 - [MESSAGE][INFO] - Checking response object

04-09-2024T08:30:34 - [MESSAGE][PASSED] - totalplay.Common.verifyPropertyExist is PASSED

04-09-2024T08:30:34 - [TEST_STEP][PASSED] - totalplay.Common.verifyPropertyValueExist(GetAddress_Response, data_0_city): totalplay.Common.verifyPropertyValueExist is PASSED

04-09-2024T08:30:34 - [MESSAGE][INFO] - Checking response object

04-09-2024T08:30:34 - [MESSAGE][INFO] - Ciudad de Mexico

04-09-2024T08:30:34 - [MESSAGE][PASSED] - totalplay.Common.verifyPropertyValueExist is PASSED

04-09-2024T08:30:34 - [TEST_STEP][PASSED] - totalplay.Common.verifyPropertyExist(GetAddress_Response, data_0_country_code): totalplay.Common.verifyPropertyExist is PASSED

04-09-2024T08:30:34 - [MESSAGE][INFO] - Checking response object

04-09-2024T08:30:34 - [MESSAGE][PASSED] - totalplay.Common.verifyPropertyExist is PASSED

04-09-2024T08:30:34 - [TEST_STEP][PASSED] - totalplay.Common.verifyPropertyValueExist(GetAddress_Response, data_0_country_code): totalplay.Common.verifyPropertyValueExist is PASSED

04-09-2024T08:30:34 - [MESSAGE][INFO] - Checking response object

04-09-2024T08:30:34 - [MESSAGE][INFO] - MX

04-09-2024T08:30:34 - [MESSAGE][PASSED] - totalplay.Common.verifyPropertyValueExist is PASSED

04-09-2024T08:30:34 - [TEST_STEP][PASSED] - totalplay.Common.verifyPropertyExist(GetAddress_Response, data_0_creation_date): totalplay.Common.verifyPropertyExist is PASSED

04-09-2024T08:30:34 - [MESSAGE][INFO] - Checking response object

04-09-2024T08:30:35 - [MESSAGE][PASSED] - totalplay.Common.verifyPropertyExist is PASSED

04-09-2024T08:30:35 - [TEST_STEP][PASSED] - totalplay.Common.verifyPropertyValueExist(GetAddress_Response, data_0_creation_date): totalplay.Common.verifyPropertyValueExist is PASSED

04-09-2024T08:30:35 - [MESSAGE][INFO] - Checking response object

04-09-2024T08:30:35 - [MESSAGE][INFO] - 2023-11-01T17:38:08.000Z

04-09-2024T08:30:35 - [MESSAGE][PASSED] - totalplay.Common.verifyPropertyValueExist is PASSED

04-09-2024T08:30:35 - [TEST_STEP][PASSED] - totalplay.Common.verifyPropertyExist(GetAddress_Response, data_0_first_name): totalplay.Common.verifyPropertyExist is PASSED

04-09-2024T08:30:35 - [MESSAGE][INFO] - Checking response object

04-09-2024T08:30:35 - [MESSAGE][PASSED] - totalplay.Common.verifyPropertyExist is PASSED

04-09-2024T08:30:35 - [TEST_STEP][PASSED] - totalplay.Common.verifyPropertyValueExist(GetAddress_Response, data_0_first_name): totalplay.Common.verifyPropertyValueExist is PASSED

04-09-2024T08:30:35 - [MESSAGE][INFO] - Checking response object

04-09-2024T08:30:35 - [MESSAGE][INFO] - CESAR

04-09-2024T08:30:35 - [MESSAGE][PASSED] - totalplay.Common.verifyPropertyValueExist is PASSED

04-09-2024T08:30:35 - [TEST_STEP][PASSED] - totalplay.Common.verifyPropertyExist(GetAddress_Response, data_0_full_name): totalplay.Common.verifyPropertyExist is PASSED

04-09-2024T08:30:35 - [MESSAGE][INFO] - Checking response object

04-09-2024T08:30:35 - [MESSAGE][PASSED] - totalplay.Common.verifyPropertyExist is PASSED

04-09-2024T08:30:35 - [TEST_STEP][PASSED] - totalplay.Common.verifyPropertyValueExist(GetAddress_Response, data_0_full_name): totalplay.Common.verifyPropertyValueExist is PASSED

04-09-2024T08:30:35 - [MESSAGE][INFO] - Checking response object

04-09-2024T08:30:35 - [MESSAGE][INFO] - CESAR GERARDO WALDO GONZALEZ

04-09-2024T08:30:35 - [MESSAGE][PASSED] - totalplay.Common.verifyPropertyValueExist is PASSED

04-09-2024T08:30:35 - [TEST_STEP][PASSED] - totalplay.Common.verifyPropertyExist(GetAddress_Response, data_0_last_modified): totalplay.Common.verifyPropertyExist is PASSED

04-09-2024T08:30:35 - [MESSAGE][INFO] - Checking response object

04-09-2024T08:30:35 - [MESSAGE][PASSED] - totalplay.Common.verifyPropertyExist is PASSED

04-09-2024T08:30:35 - [TEST_STEP][PASSED] - totalplay.Common.verifyPropertyValueExist(GetAddress_Response, data_0_last_modified): totalplay.Common.verifyPropertyValueExist is PASSED

04-09-2024T08:30:35 - [MESSAGE][INFO] - Checking response object

04-09-2024T08:30:35 - [MESSAGE][INFO] - 2024-09-03T10:25:56.000Z

04-09-2024T08:30:35 - [MESSAGE][PASSED] - totalplay.Common.verifyPropertyValueExist is PASSED

04-09-2024T08:30:35 - [TEST_STEP][PASSED] - totalplay.Common.verifyPropertyExist(GetAddress_Response, data_0_last_name): totalplay.Common.verifyPropertyExist is PASSED

04-09-2024T08:30:35 - [MESSAGE][INFO] - Checking response object

04-09-2024T08:30:35 - [MESSAGE][PASSED] - totalplay.Common.verifyPropertyExist is PASSED

04-09-2024T08:30:35 - [TEST_STEP][PASSED] - totalplay.Common.verifyPropertyValueExist(GetAddress_Response, data_0_last_name): totalplay.Common.verifyPropertyValueExist is PASSED

04-09-2024T08:30:35 - [MESSAGE][INFO] - Checking response object

04-09-2024T08:30:35 - [MESSAGE][INFO] - GERARDO WALDO GONZALEZ

04-09-2024T08:30:35 - [MESSAGE][PASSED] - totalplay.Common.verifyPropertyValueExist is PASSED

04-09-2024T08:30:35 - [TEST_STEP][PASSED] - totalplay.Common.verifyPropertyExist(GetAddress_Response, data_0_phone): totalplay.Common.verifyPropertyExist is PASSED

04-09-2024T08:30:35 - [MESSAGE][INFO] - Checking response object

04-09-2024T08:30:35 - [MESSAGE][PASSED] - totalplay.Common.verifyPropertyExist is PASSED

04-09-2024T08:30:35 - [TEST_STEP][PASSED] - totalplay.Common.verifyPropertyValueExist(GetAddress_Response, data_0_phone): totalplay.Common.verifyPropertyValueExist is PASSED

04-09-2024T08:30:35 - [MESSAGE][INFO] - Checking response object

04-09-2024T08:30:35 - [MESSAGE][INFO] - 5579660270

04-09-2024T08:30:35 - [MESSAGE][PASSED] - totalplay.Common.verifyPropertyValueExist is PASSED

04-09-2024T08:30:35 - [TEST_STEP][PASSED] - totalplay.Common.verifyPropertyExist(GetAddress_Response, data_0_postal_code): totalplay.Common.verifyPropertyExist is PASSED

04-09-2024T08:30:35 - [MESSAGE][INFO] - Checking response object

04-09-2024T08:30:35 - [MESSAGE][PASSED] - totalplay.Common.verifyPropertyExist is PASSED

04-09-2024T08:30:35 - [TEST_STEP][PASSED] - totalplay.Common.verifyPropertyValueExist(GetAddress_Response, data_0_postal_code): totalplay.Common.verifyPropertyValueExist is PASSED

04-09-2024T08:30:35 - [MESSAGE][INFO] - Checking response object

04-09-2024T08:30:35 - [MESSAGE][INFO] - 11500

04-09-2024T08:30:35 - [MESSAGE][PASSED] - totalplay.Common.verifyPropertyValueExist is PASSED

04-09-2024T08:30:35 - [TEST_STEP][PASSED] - totalplay.Common.getBooleanValueofObject(GetAddress_Response, data_0_preferred): totalplay.Common.getBooleanValueofObject is PASSED

04-09-2024T08:30:35 - [MESSAGE][INFO] - Checking response object

04-09-2024T08:30:35 - [MESSAGE][PASSED] - totalplay.Common.getBooleanValueofObject is PASSED

04-09-2024T08:30:35 - [TEST_STEP][PASSED] - totalplay.Common.verifyPropertyExist(GetAddress_Response, data_0_c_addressupdatedtime): totalplay.Common.verifyPropertyExist is PASSED

04-09-2024T08:30:35 - [MESSAGE][INFO] - Checking response object

04-09-2024T08:30:35 - [MESSAGE][PASSED] - totalplay.Common.verifyPropertyExist is PASSED

04-09-2024T08:30:35 - [TEST_STEP][PASSED] - totalplay.Common.verifyPropertyValueExist(GetAddress_Response, data_0_c_addressupdatedtime): totalplay.Common.verifyPropertyValueExist is PASSED

04-09-2024T08:30:35 - [MESSAGE][INFO] - Checking response object

04-09-2024T08:30:35 - [MESSAGE][INFO] - 1725261335944

04-09-2024T08:30:35 - [MESSAGE][PASSED] - totalplay.Common.verifyPropertyValueExist is PASSED

04-09-2024T08:30:35 - [TEST_STEP][PASSED] - totalplay.Common.verifyPropertyExist(GetAddress_Response, data_0_c_alias): totalplay.Common.verifyPropertyExist is PASSED

04-09-2024T08:30:35 - [MESSAGE][INFO] - Checking response object

04-09-2024T08:30:35 - [MESSAGE][PASSED] - totalplay.Common.verifyPropertyExist is PASSED

04-09-2024T08:30:35 - [TEST_STEP][PASSED] - totalplay.Common.verifyPropertyValueExist(GetAddress_Response, data_0_c_alias): totalplay.Common.verifyPropertyValueExist is PASSED

04-09-2024T08:30:35 - [MESSAGE][INFO] - Checking response object

04-09-2024T08:30:35 - [MESSAGE][INFO] - CasaWaldoP

04-09-2024T08:30:35 - [MESSAGE][PASSED] - totalplay.Common.verifyPropertyValueExist is PASSED

04-09-2024T08:30:35 - [TEST_STEP][PASSED] - totalplay.Common.verifyPropertyExist(GetAddress_Response, data_0_c_brmId): totalplay.Common.verifyPropertyExist is PASSED

04-09-2024T08:30:35 - [MESSAGE][INFO] - Checking response object

04-09-2024T08:30:35 - [MESSAGE][PASSED] - totalplay.Common.verifyPropertyExist is PASSED

04-09-2024T08:30:35 - [TEST_STEP][PASSED] - totalplay.Common.verifyPropertyValueExist(GetAddress_Response, data_0_c_brmId): totalplay.Common.verifyPropertyValueExist is PASSED

04-09-2024T08:30:35 - [MESSAGE][INFO] - Checking response object

04-09-2024T08:30:35 - [MESSAGE][INFO] - 0106378356

04-09-2024T08:30:35 - [MESSAGE][PASSED] - totalplay.Common.verifyPropertyValueExist is PASSED

04-09-2024T08:30:35 - [TEST_STEP][PASSED] - totalplay.Common.verifyPropertyExist(GetAddress_Response, data_0_c_crm_address_id): totalplay.Common.verifyPropertyExist is PASSED

04-09-2024T08:30:35 - [MESSAGE][INFO] - Checking response object

04-09-2024T08:30:35 - [MESSAGE][PASSED] - totalplay.Common.verifyPropertyExist is PASSED

04-09-2024T08:30:35 - [TEST_STEP][PASSED] - totalplay.Common.verifyPropertyValueExist(GetAddress_Response, data_0_c_crm_address_id): totalplay.Common.verifyPropertyValueExist is PASSED

04-09-2024T08:30:35 - [MESSAGE][INFO] - Checking response object

04-09-2024T08:30:36 - [MESSAGE][INFO] - a4z3C0000009B0mQAE

04-09-2024T08:30:36 - [MESSAGE][PASSED] - totalplay.Common.verifyPropertyValueExist is PASSED

04-09-2024T08:30:36 - [TEST_STEP][PASSED] - totalplay.Common.verifyPropertyExist(GetAddress_Response, data_0_c_dateRegister): totalplay.Common.verifyPropertyExist is PASSED

04-09-2024T08:30:36 - [MESSAGE][INFO] - Checking response object

04-09-2024T08:30:36 - [MESSAGE][PASSED] - totalplay.Common.verifyPropertyExist is PASSED

04-09-2024T08:30:36 - [TEST_STEP][PASSED] - totalplay.Common.verifyPropertyValueExist(GetAddress_Response, data_0_c_dateRegister): totalplay.Common.verifyPropertyValueExist is PASSED

04-09-2024T08:30:36 - [MESSAGE][INFO] - Checking response object

04-09-2024T08:30:36 - [MESSAGE][INFO] - 2024-05-30T22:44:06.000Z

04-09-2024T08:30:36 - [MESSAGE][PASSED] - totalplay.Common.verifyPropertyValueExist is PASSED

04-09-2024T08:30:36 - [TEST_STEP][PASSED] - totalplay.Common.verifyPropertyExist(GetAddress_Response, data_0_c_dateUpdate): totalplay.Common.verifyPropertyExist is PASSED

04-09-2024T08:30:36 - [MESSAGE][INFO] - Checking response object

04-09-2024T08:30:36 - [MESSAGE][PASSED] - totalplay.Common.verifyPropertyExist is PASSED

04-09-2024T08:30:36 - [TEST_STEP][PASSED] - totalplay.Common.verifyPropertyValueExist(GetAddress_Response, data_0_c_dateUpdate): totalplay.Common.verifyPropertyValueExist is PASSED

04-09-2024T08:30:36 - [MESSAGE][INFO] - Checking response object

04-09-2024T08:30:36 - [MESSAGE][INFO] - 2024-05-30T22:44:06.000Z

04-09-2024T08:30:36 - [MESSAGE][PASSED] - totalplay.Common.verifyPropertyValueExist is PASSED

04-09-2024T08:30:36 - [TEST_STEP][PASSED] - totalplay.Common.verifyPropertyExist(GetAddress_Response, data_0_c_delegation): totalplay.Common.verifyPropertyExist is PASSED

04-09-2024T08:30:36 - [MESSAGE][INFO] - Checking response object

04-09-2024T08:30:36 - [MESSAGE][PASSED] - totalplay.Common.verifyPropertyExist is PASSED

04-09-2024T08:30:36 - [TEST_STEP][PASSED] - totalplay.Common.verifyPropertyValueExist(GetAddress_Response, data_0_c_delegation): totalplay.Common.verifyPropertyValueExist is PASSED

04-09-2024T08:30:36 - [MESSAGE][INFO] - Checking response object

04-09-2024T08:30:36 - [MESSAGE][INFO] - Miguel Hidalgo

04-09-2024T08:30:36 - [MESSAGE][PASSED] - totalplay.Common.verifyPropertyValueExist is PASSED

04-09-2024T08:30:36 - [TEST_STEP][PASSED] - totalplay.Common.verifyPropertyExist(GetAddress_Response, data_0_c_isBilling): totalplay.Common.verifyPropertyExist is PASSED

04-09-2024T08:30:36 - [MESSAGE][INFO] - Checking response object

04-09-2024T08:30:36 - [MESSAGE][PASSED] - totalplay.Common.verifyPropertyExist is PASSED

04-09-2024T08:30:36 - [TEST_STEP][PASSED] - totalplay.Common.verifyPropertyValueExist(GetAddress_Response, data_0_c_isBilling): totalplay.Common.verifyPropertyValueExist is PASSED

04-09-2024T08:30:36 - [MESSAGE][INFO] - Checking response object

04-09-2024T08:30:36 - [MESSAGE][INFO] - false

04-09-2024T08:30:36 - [MESSAGE][PASSED] - totalplay.Common.verifyPropertyValueExist is PASSED

04-09-2024T08:30:36 - [TEST_STEP][PASSED] - totalplay.Common.verifyPropertyExist(GetAddress_Response, data_0_c_isContact): totalplay.Common.verifyPropertyExist is PASSED

04-09-2024T08:30:36 - [MESSAGE][INFO] - Checking response object

04-09-2024T08:30:36 - [MESSAGE][PASSED] - totalplay.Common.verifyPropertyExist is PASSED

04-09-2024T08:30:36 - [TEST_STEP][PASSED] - totalplay.Common.verifyPropertyValueExist(GetAddress_Response, data_0_c_isContact): totalplay.Common.verifyPropertyValueExist is PASSED

04-09-2024T08:30:36 - [MESSAGE][INFO] - Checking response object

04-09-2024T08:30:36 - [MESSAGE][INFO] - false

04-09-2024T08:30:36 - [MESSAGE][PASSED] - totalplay.Common.verifyPropertyValueExist is PASSED

04-09-2024T08:30:36 - [TEST_STEP][PASSED] - totalplay.Common.verifyPropertyExist(GetAddress_Response, data_0_c_isShipping): totalplay.Common.verifyPropertyExist is PASSED

04-09-2024T08:30:36 - [MESSAGE][INFO] - Checking response object

04-09-2024T08:30:36 - [MESSAGE][PASSED] - totalplay.Common.verifyPropertyExist is PASSED

04-09-2024T08:30:36 - [TEST_STEP][PASSED] - totalplay.Common.verifyPropertyValueExist(GetAddress_Response, data_0_c_isShipping): totalplay.Common.verifyPropertyValueExist is PASSED

04-09-2024T08:30:36 - [MESSAGE][INFO] - Checking response object

04-09-2024T08:30:36 - [MESSAGE][INFO] - false

04-09-2024T08:30:36 - [MESSAGE][PASSED] - totalplay.Common.verifyPropertyValueExist is PASSED

04-09-2024T08:30:36 - [TEST_STEP][PASSED] - totalplay.Common.verifyPropertyExist(GetAddress_Response, data_0_c_label): totalplay.Common.verifyPropertyExist is PASSED

04-09-2024T08:30:36 - [MESSAGE][INFO] - Checking response object

04-09-2024T08:30:36 - [MESSAGE][PASSED] - totalplay.Common.verifyPropertyExist is PASSED

04-09-2024T08:30:36 - [TEST_STEP][PASSED] - totalplay.Common.verifyPropertyValueExist(GetAddress_Response, data_0_c_label): totalplay.Common.verifyPropertyValueExist is PASSED

04-09-2024T08:30:36 - [MESSAGE][INFO] - Checking response object

04-09-2024T08:30:36 - [MESSAGE][INFO] - {"home":true,"company":false,"other":false}

04-09-2024T08:30:36 - [MESSAGE][PASSED] - totalplay.Common.verifyPropertyValueExist is PASSED

04-09-2024T08:30:36 - [TEST_STEP][PASSED] - totalplay.Common.verifyPropertyExist(GetAddress_Response, data_0_c_latitude): totalplay.Common.verifyPropertyExist is PASSED

04-09-2024T08:30:36 - [MESSAGE][INFO] - Checking response object

04-09-2024T08:30:36 - [MESSAGE][PASSED] - totalplay.Common.verifyPropertyExist is PASSED

04-09-2024T08:30:36 - [TEST_STEP][PASSED] - totalplay.Common.verifyPropertyValueExist(GetAddress_Response, data_0_c_latitude): totalplay.Common.verifyPropertyValueExist is PASSED

04-09-2024T08:30:36 - [MESSAGE][INFO] - Checking response object

04-09-2024T08:30:36 - [MESSAGE][INFO] - 19.439691

04-09-2024T08:30:36 - [MESSAGE][PASSED] - totalplay.Common.verifyPropertyValueExist is PASSED

04-09-2024T08:30:36 - [TEST_STEP][PASSED] - totalplay.Common.verifyPropertyExist(GetAddress_Response, data_0_c_longitude): totalplay.Common.verifyPropertyExist is PASSED

04-09-2024T08:30:36 - [MESSAGE][INFO] - Checking response object

04-09-2024T08:30:36 - [MESSAGE][PASSED] - totalplay.Common.verifyPropertyExist is PASSED

04-09-2024T08:30:36 - [TEST_STEP][PASSED] - totalplay.Common.verifyPropertyValueExist(GetAddress_Response, data_0_c_longitude): totalplay.Common.verifyPropertyValueExist is PASSED

04-09-2024T08:30:36 - [MESSAGE][INFO] - Checking response object

04-09-2024T08:30:36 - [MESSAGE][INFO] - -99.205670

04-09-2024T08:30:36 - [MESSAGE][PASSED] - totalplay.Common.verifyPropertyValueExist is PASSED

04-09-2024T08:30:36 - [TEST_STEP][PASSED] - totalplay.Common.verifyPropertyExist(GetAddress_Response, data_0_c_nExt): totalplay.Common.verifyPropertyExist is PASSED

04-09-2024T08:30:36 - [MESSAGE][INFO] - Checking response object

04-09-2024T08:30:37 - [MESSAGE][PASSED] - totalplay.Common.verifyPropertyExist is PASSED

04-09-2024T08:30:37 - [TEST_STEP][PASSED] - totalplay.Common.verifyPropertyValueExist(GetAddress_Response, data_0_c_nExt): totalplay.Common.verifyPropertyValueExist is PASSED

04-09-2024T08:30:37 - [MESSAGE][INFO] - Checking response object

04-09-2024T08:30:37 - [MESSAGE][INFO] - 107

04-09-2024T08:30:37 - [MESSAGE][PASSED] - totalplay.Common.verifyPropertyValueExist is PASSED

04-09-2024T08:30:37 - [TEST_STEP][PASSED] - totalplay.Common.verifyPropertyExist(GetAddress_Response, data_0_c_neighborhood): totalplay.Common.verifyPropertyExist is PASSED

04-09-2024T08:30:37 - [MESSAGE][INFO] - Checking response object

04-09-2024T08:30:37 - [MESSAGE][PASSED] - totalplay.Common.verifyPropertyExist is PASSED

04-09-2024T08:30:37 - [TEST_STEP][PASSED] - totalplay.Common.verifyPropertyValueExist(GetAddress_Response, data_0_c_neighborhood): totalplay.Common.verifyPropertyValueExist is PASSED

04-09-2024T08:30:37 - [MESSAGE][INFO] - Checking response object

04-09-2024T08:30:37 - [MESSAGE][INFO] - Polanco

04-09-2024T08:30:37 - [MESSAGE][PASSED] - totalplay.Common.verifyPropertyValueExist is PASSED

04-09-2024T08:30:37 - [TEST_STEP][PASSED] - totalplay.Common.verifyPropertyExist(GetAddress_Response, data_0_c_references): totalplay.Common.verifyPropertyExist is PASSED

04-09-2024T08:30:37 - [MESSAGE][INFO] - Checking response object

04-09-2024T08:30:37 - [MESSAGE][PASSED] - totalplay.Common.verifyPropertyExist is PASSED

04-09-2024T08:30:37 - [TEST_STEP][PASSED] - totalplay.Common.verifyPropertyValueExist(GetAddress_Response, data_0_c_references): totalplay.Common.verifyPropertyValueExist is PASSED

04-09-2024T08:30:37 - [MESSAGE][INFO] - Checking response object

04-09-2024T08:30:37 - [MESSAGE][INFO] - Llamar al llegar

04-09-2024T08:30:37 - [MESSAGE][PASSED] - totalplay.Common.verifyPropertyValueExist is PASSED

04-09-2024T08:30:37 - [TEST_STEP][PASSED] - totalplay.Common.verifyPropertyExist(GetAddress_Response, data_0_c_rfc): totalplay.Common.verifyPropertyExist is PASSED

04-09-2024T08:30:37 - [MESSAGE][INFO] - Checking response object

04-09-2024T08:30:37 - [MESSAGE][PASSED] - totalplay.Common.verifyPropertyExist is PASSED

04-09-2024T08:30:37 - [TEST_STEP][PASSED] - totalplay.Common.verifyPropertyValueExist(GetAddress_Response, data_0_c_rfc): totalplay.Common.verifyPropertyValueExist is PASSED

04-09-2024T08:30:37 - [MESSAGE][INFO] - Checking response object

04-09-2024T08:30:37 - [MESSAGE][INFO] - XAXA010101111

04-09-2024T08:30:37 - [MESSAGE][PASSED] - totalplay.Common.verifyPropertyValueExist is PASSED

04-09-2024T08:30:37 - [TEST_STEP][PASSED] - totalplay.Common.verifyPropertyExist(GetAddress_Response, data_0_c_state): totalplay.Common.verifyPropertyExist is PASSED

04-09-2024T08:30:37 - [MESSAGE][INFO] - Checking response object

04-09-2024T08:30:37 - [MESSAGE][PASSED] - totalplay.Common.verifyPropertyExist is PASSED

04-09-2024T08:30:37 - [TEST_STEP][PASSED] - totalplay.Common.verifyPropertyValueExist(GetAddress_Response, data_0_c_state): totalplay.Common.verifyPropertyValueExist is PASSED

04-09-2024T08:30:37 - [MESSAGE][INFO] - Checking response object

04-09-2024T08:30:37 - [MESSAGE][INFO] - CDMX

04-09-2024T08:30:37 - [MESSAGE][PASSED] - totalplay.Common.verifyPropertyValueExist is PASSED

04-09-2024T08:30:37 - [TEST_STEP][PASSED] - totalplay.Common.verifyPropertyExist(GetAddress_Response, data_0_c_status): totalplay.Common.verifyPropertyExist is PASSED

04-09-2024T08:30:37 - [MESSAGE][INFO] - Checking response object

04-09-2024T08:30:37 - [MESSAGE][PASSED] - totalplay.Common.verifyPropertyExist is PASSED

04-09-2024T08:30:37 - [TEST_STEP][PASSED] - totalplay.Common.verifyPropertyValueExist(GetAddress_Response, data_0_c_status): totalplay.Common.verifyPropertyValueExist is PASSED

04-09-2024T08:30:37 - [MESSAGE][INFO] - Checking response object

04-09-2024T08:30:37 - [MESSAGE][INFO] - true

04-09-2024T08:30:37 - [MESSAGE][PASSED] - totalplay.Common.verifyPropertyValueExist is PASSED

04-09-2024T08:30:37 - [TEST_STEP][PASSED] - totalplay.Common.verifyPropertyExist(GetAddress_Response, data_0_c_streetName): totalplay.Common.verifyPropertyExist is PASSED

04-09-2024T08:30:37 - [MESSAGE][INFO] - Checking response object

04-09-2024T08:30:37 - [MESSAGE][PASSED] - totalplay.Common.verifyPropertyExist is PASSED

04-09-2024T08:30:37 - [TEST_STEP][PASSED] - totalplay.Common.verifyPropertyValueExist(GetAddress_Response, data_0_c_streetName): totalplay.Common.verifyPropertyValueExist is PASSED

04-09-2024T08:30:37 - [MESSAGE][INFO] - Checking response object

04-09-2024T08:30:37 - [MESSAGE][INFO] - Alejandro Dumas

04-09-2024T08:30:37 - [MESSAGE][PASSED] - totalplay.Common.verifyPropertyValueExist is PASSED

04-09-2024T08:30:37 - [TEST_STEP][PASSED] - totalplay.Common.getNumValueofObject(GetAddress_Response, start): totalplay.Common.getNumValueofObject is PASSED

04-09-2024T08:30:37 - [MESSAGE][INFO] - Checking response object

04-09-2024T08:30:37 - [MESSAGE][PASSED] - totalplay.Common.getNumValueofObject is PASSED

04-09-2024T08:30:37 - [TEST_STEP][PASSED] - totalplay.Common.getNumValueofObject(GetAddress_Response, total): totalplay.Common.getNumValueofObject is PASSED

04-09-2024T08:30:37 - [MESSAGE][INFO] - Checking response object

04-09-2024T08:30:37 - [MESSAGE][PASSED] - totalplay.Common.getNumValueofObject is PASSED]]></system-out>
         <system-err><![CDATA[]]></system-err>
      </testcase>
      <testcase name="Test Cases/TotalPlay-Food/TC_10_Update_Customer_Address" time="5.466" classname="Test Cases/TotalPlay-Food/TC_10_Update_Customer_Address" status="PASSED">
         <system-out><![CDATA[04-09-2024T08:30:37 - [TEST_CASE][PASSED] - Test Cases/TotalPlay-Food/TC_10_Update_Customer_Address: Test Cases/TotalPlay-Food/TC_10_Update_Customer_Address

04-09-2024T08:30:38 - [TEST_STEP][PASSED] - callTestCase(findTestCase("TotalPlay-Food/TC_1_Login_Service"), [:], STOP_ON_FAILURE): Call Test Case 'Test Cases/TotalPlay-Food/TC_1_Login_Service' successfully

04-09-2024T08:30:38 - [MESSAGE][INFO] - Checking called Test Case

04-09-2024T08:30:38 - [MESSAGE][INFO] - Starting to call Test Case 'Test Cases/TotalPlay-Food/TC_1_Login_Service'

04-09-2024T08:30:38 - [TEST_CASE][PASSED] - Test Cases/TotalPlay-Food/TC_1_Login_Service: Test Cases/TotalPlay-Food/TC_1_Login_Service

04-09-2024T08:30:38 - [TEST_STEP][PASSED] - LoginResponse = sendRequest(findTestObject("TotalPlay-Food/getTokenDelivery", ["URL":URL])): Send request successfully

04-09-2024T08:30:38 - [MESSAGE][INFO] - Finding Test Object 'Object Repository/TotalPlay-Food/getTokenDelivery'

04-09-2024T08:30:38 - [MESSAGE][INFO] - Checking request object

04-09-2024T08:30:41 - [MESSAGE][INFO] - HAR: C:\Users\ShubhamKumarThakur\OneDrive - Kognivera\Documents\TotalPlay\totalplay-automation\Reports\20240904_082912\Food_Service_Normal_Flow_PlaceOrder\20240904_082912\requests\main\12.har

04-09-2024T08:30:41 - [MESSAGE][PASSED] - Send request successfully

04-09-2024T08:30:41 - [TEST_STEP][PASSED] - assert getResponseStatusCode(LoginResponse) == 200: Checking response object

04-09-2024T08:30:41 - [MESSAGE][INFO] - Checking response object

04-09-2024T08:30:41 - [TEST_STEP][PASSED] - Auth = "ocapiResponse.access_token": null

04-09-2024T08:30:41 - [TEST_STEP][PASSED] - FoodBascketId = "ocapiResponse.c_basketId_TP_FOOD": null

04-09-2024T08:30:41 - [TEST_STEP][PASSED] - FoodBasId = getElementPropertyValue(LoginResponse, FoodBascketId): Checking response object

04-09-2024T08:30:41 - [MESSAGE][INFO] - Checking response object

04-09-2024T08:30:41 - [TEST_STEP][PASSED] - sfccAuthorization = getElementPropertyValue(LoginResponse, Auth): Checking response object

04-09-2024T08:30:41 - [MESSAGE][INFO] - Checking response object

04-09-2024T08:30:41 - [TEST_STEP][PASSED] - Authorization = "Bearer " + sfccAuthorization: null

04-09-2024T08:30:41 - [TEST_STEP][PASSED] - FoodBasketId = FoodBasId: null

04-09-2024T08:30:41 - [TEST_STEP][PASSED] - logInfo(bm_auth_token): 

04-09-2024T08:30:41 - [MESSAGE][INFO] - 

04-09-2024T08:30:41 - [TEST_STEP][PASSED] - if (sfccAuthorization.length() == 0): null

04-09-2024T08:30:41 - [TEST_STEP][PASSED] - else: authorization generated

04-09-2024T08:30:41 - [TEST_STEP][PASSED] - markPassed("authorization generated"): authorization generated

04-09-2024T08:30:41 - [MESSAGE][PASSED] - authorization generated

04-09-2024T08:30:41 - [TEST_STEP][PASSED] - BasketId_loginResponse = "ocapiResponse.c_basketId": null

04-09-2024T08:30:41 - [TEST_STEP][PASSED] - CustomerId_loginResponse = "ocapiResponse.customer_id": null

04-09-2024T08:30:41 - [TEST_STEP][PASSED] - basketId = getElementPropertyValue(LoginResponse, BasketId_loginResponse): Checking response object

04-09-2024T08:30:41 - [MESSAGE][INFO] - Checking response object

04-09-2024T08:30:41 - [TEST_STEP][PASSED] - customerId = getElementPropertyValue(LoginResponse, CustomerId_loginResponse): Checking response object

04-09-2024T08:30:41 - [MESSAGE][INFO] - Checking response object

04-09-2024T08:30:41 - [TEST_STEP][PASSED] - basketID = basketId: null

04-09-2024T08:30:41 - [TEST_STEP][PASSED] - sla_customerId = customerId: null

04-09-2024T08:30:41 - [TEST_STEP][PASSED] - println(basketID): null

04-09-2024T08:30:41 - [TEST_STEP][PASSED] - println(sla_customerId): null

04-09-2024T08:30:41 - [TEST_STEP][PASSED] - refresh_token = "ocapiResponse.refresh_token": null

04-09-2024T08:30:41 - [TEST_STEP][PASSED] - customer_email = "ocapiResponse.customer_email": null

04-09-2024T08:30:41 - [TEST_STEP][PASSED] - c_brmId = "ocapiResponse.c_brmId": null

04-09-2024T08:30:41 - [TEST_STEP][PASSED] - customer_name = "ocapiResponse.customer_name": null

04-09-2024T08:30:41 - [TEST_STEP][PASSED] - totalplay.Common.verifyPropertyExist(LoginResponse, refresh_token): totalplay.Common.verifyPropertyExist is PASSED

04-09-2024T08:30:41 - [MESSAGE][INFO] - Checking response object

04-09-2024T08:30:41 - [MESSAGE][PASSED] - totalplay.Common.verifyPropertyExist is PASSED

04-09-2024T08:30:41 - [TEST_STEP][PASSED] - totalplay.Common.verifyPropertyValueExist(LoginResponse, refresh_token): totalplay.Common.verifyPropertyValueExist is PASSED

04-09-2024T08:30:41 - [MESSAGE][INFO] - Checking response object

04-09-2024T08:30:41 - [MESSAGE][INFO] - 29SACrQxSRkPgn-_eTl6-Z_W60Ltc5-0EhfTtySofR0

04-09-2024T08:30:41 - [MESSAGE][PASSED] - totalplay.Common.verifyPropertyValueExist is PASSED

04-09-2024T08:30:41 - [TEST_STEP][PASSED] - totalplay.Common.verifyPropertyExist(LoginResponse, customer_email): totalplay.Common.verifyPropertyExist is PASSED

04-09-2024T08:30:41 - [MESSAGE][INFO] - Checking response object

04-09-2024T08:30:41 - [MESSAGE][PASSED] - totalplay.Common.verifyPropertyExist is PASSED

04-09-2024T08:30:41 - [TEST_STEP][PASSED] - totalplay.Common.verifyPropertyValueExist(LoginResponse, customer_email): totalplay.Common.verifyPropertyValueExist is PASSED

04-09-2024T08:30:41 - [MESSAGE][INFO] - Checking response object

04-09-2024T08:30:41 - [MESSAGE][INFO] - cesar.waldo93@gmail.com

04-09-2024T08:30:41 - [MESSAGE][PASSED] - totalplay.Common.verifyPropertyValueExist is PASSED

04-09-2024T08:30:41 - [TEST_STEP][PASSED] - totalplay.Common.verifyPropertyExist(LoginResponse, customer_name): totalplay.Common.verifyPropertyExist is PASSED

04-09-2024T08:30:41 - [MESSAGE][INFO] - Checking response object

04-09-2024T08:30:41 - [MESSAGE][PASSED] - totalplay.Common.verifyPropertyExist is PASSED

04-09-2024T08:30:41 - [TEST_STEP][PASSED] - totalplay.Common.verifyPropertyValueExist(LoginResponse, customer_name): totalplay.Common.verifyPropertyValueExist is PASSED

04-09-2024T08:30:41 - [MESSAGE][INFO] - Checking response object

04-09-2024T08:30:41 - [MESSAGE][INFO] - CESAR GERARDO WALDO GONZALEZ

04-09-2024T08:30:41 - [MESSAGE][PASSED] - totalplay.Common.verifyPropertyValueExist is PASSED

04-09-2024T08:30:41 - [TEST_STEP][PASSED] - totalplay.Common.verifyPropertyExist(LoginResponse, c_brmId): totalplay.Common.verifyPropertyExist is PASSED

04-09-2024T08:30:41 - [MESSAGE][INFO] - Checking response object

04-09-2024T08:30:41 - [MESSAGE][PASSED] - totalplay.Common.verifyPropertyExist is PASSED

04-09-2024T08:30:41 - [TEST_STEP][PASSED] - totalplay.Common.verifyPropertyValueExist(LoginResponse, c_brmId): totalplay.Common.verifyPropertyValueExist is PASSED

04-09-2024T08:30:41 - [MESSAGE][INFO] - Checking response object

04-09-2024T08:30:41 - [MESSAGE][INFO] - 0106378356

04-09-2024T08:30:41 - [MESSAGE][PASSED] - totalplay.Common.verifyPropertyValueExist is PASSED

04-09-2024T08:30:41 - [MESSAGE][PASSED] - Call Test Case 'Test Cases/TotalPlay-Food/TC_1_Login_Service' successfully

04-09-2024T08:30:41 - [TEST_STEP][PASSED] - UpdateAddress = sendRequest(findTestObject("TotalPlay-Food/update customer address", ["URL":URL, "CustomerID":sla_customerId])): Send request successfully

04-09-2024T08:30:41 - [MESSAGE][INFO] - Finding Test Object 'Object Repository/TotalPlay-Food/update customer address'

04-09-2024T08:30:41 - [MESSAGE][INFO] - Checking request object

04-09-2024T08:30:42 - [MESSAGE][INFO] - HAR: C:\Users\ShubhamKumarThakur\OneDrive - Kognivera\Documents\TotalPlay\totalplay-automation\Reports\20240904_082912\Food_Service_Normal_Flow_PlaceOrder\20240904_082912\requests\main\13.har

04-09-2024T08:30:42 - [MESSAGE][PASSED] - Send request successfully

04-09-2024T08:30:42 - [TEST_STEP][PASSED] - verifyResponseStatusCode(UpdateAddress, 200): Verify response status code successfully

04-09-2024T08:30:42 - [MESSAGE][INFO] - Checking response object

04-09-2024T08:30:42 - [MESSAGE][PASSED] - Verify response status code successfully

04-09-2024T08:30:42 - [TEST_STEP][PASSED] - GetAddress = sendRequest(findTestObject("TotalPlay-Food/GetAddresses", ["URL":URL, "sla_customerId":sla_customerId, "shop_auth_token":shop_auth_token])): Send request successfully

04-09-2024T08:30:42 - [MESSAGE][INFO] - Finding Test Object 'Object Repository/TotalPlay-Food/GetAddresses'

04-09-2024T08:30:42 - [MESSAGE][INFO] - Checking request object

04-09-2024T08:30:43 - [MESSAGE][INFO] - HAR: C:\Users\ShubhamKumarThakur\OneDrive - Kognivera\Documents\TotalPlay\totalplay-automation\Reports\20240904_082912\Food_Service_Normal_Flow_PlaceOrder\20240904_082912\requests\main\14.har

04-09-2024T08:30:43 - [MESSAGE][PASSED] - Send request successfully

04-09-2024T08:30:43 - [TEST_STEP][PASSED] - verifyResponseStatusCode(GetAddress, 200): Verify response status code successfully

04-09-2024T08:30:43 - [MESSAGE][INFO] - Checking response object

04-09-2024T08:30:43 - [MESSAGE][PASSED] - Verify response status code successfully

04-09-2024T08:30:43 - [TEST_STEP][PASSED] - addresses_postalCode = "data[0].postal_code": null

04-09-2024T08:30:43 - [TEST_STEP][PASSED] - PostalCode = getElementPropertyValue(GetAddress, addresses_postalCode): Checking response object

04-09-2024T08:30:43 - [MESSAGE][INFO] - Checking response object

04-09-2024T08:30:43 - [TEST_STEP][PASSED] - if (PostalCode == "55120"): null

04-09-2024T08:30:43 - [TEST_STEP][PASSED] - else: null

04-09-2024T08:30:43 - [TEST_STEP][PASSED] - println("Something went wrong"): null]]></system-out>
         <system-err><![CDATA[]]></system-err>
      </testcase>
      <testcase name="Test Cases/TotalPlay-Food/TC_18_Add Address to Cart" time="22.088" classname="Test Cases/TotalPlay-Food/TC_18_Add Address to Cart" status="PASSED">
         <system-out><![CDATA[04-09-2024T08:30:43 - [TEST_CASE][PASSED] - Test Cases/TotalPlay-Food/TC_18_Add Address to Cart: Test Cases/TotalPlay-Food/TC_18_Add Address to Cart

04-09-2024T08:30:45 - [TEST_STEP][PASSED] - callTestCase(findTestCase("TotalPlay-Food/TC_1_Login_Service"), [:], STOP_ON_FAILURE): Call Test Case 'Test Cases/TotalPlay-Food/TC_1_Login_Service' successfully

04-09-2024T08:30:45 - [MESSAGE][INFO] - Checking called Test Case

04-09-2024T08:30:45 - [MESSAGE][INFO] - Starting to call Test Case 'Test Cases/TotalPlay-Food/TC_1_Login_Service'

04-09-2024T08:30:45 - [TEST_CASE][PASSED] - Test Cases/TotalPlay-Food/TC_1_Login_Service: Test Cases/TotalPlay-Food/TC_1_Login_Service

04-09-2024T08:30:45 - [TEST_STEP][PASSED] - LoginResponse = sendRequest(findTestObject("TotalPlay-Food/getTokenDelivery", ["URL":URL])): Send request successfully

04-09-2024T08:30:45 - [MESSAGE][INFO] - Finding Test Object 'Object Repository/TotalPlay-Food/getTokenDelivery'

04-09-2024T08:30:45 - [MESSAGE][INFO] - Checking request object

04-09-2024T08:30:48 - [MESSAGE][INFO] - HAR: C:\Users\ShubhamKumarThakur\OneDrive - Kognivera\Documents\TotalPlay\totalplay-automation\Reports\20240904_082912\Food_Service_Normal_Flow_PlaceOrder\20240904_082912\requests\main\15.har

04-09-2024T08:30:48 - [MESSAGE][PASSED] - Send request successfully

04-09-2024T08:30:48 - [TEST_STEP][PASSED] - assert getResponseStatusCode(LoginResponse) == 200: Checking response object

04-09-2024T08:30:48 - [MESSAGE][INFO] - Checking response object

04-09-2024T08:30:48 - [TEST_STEP][PASSED] - Auth = "ocapiResponse.access_token": null

04-09-2024T08:30:48 - [TEST_STEP][PASSED] - FoodBascketId = "ocapiResponse.c_basketId_TP_FOOD": null

04-09-2024T08:30:48 - [TEST_STEP][PASSED] - FoodBasId = getElementPropertyValue(LoginResponse, FoodBascketId): Checking response object

04-09-2024T08:30:48 - [MESSAGE][INFO] - Checking response object

04-09-2024T08:30:48 - [TEST_STEP][PASSED] - sfccAuthorization = getElementPropertyValue(LoginResponse, Auth): Checking response object

04-09-2024T08:30:48 - [MESSAGE][INFO] - Checking response object

04-09-2024T08:30:48 - [TEST_STEP][PASSED] - Authorization = "Bearer " + sfccAuthorization: null

04-09-2024T08:30:48 - [TEST_STEP][PASSED] - FoodBasketId = FoodBasId: null

04-09-2024T08:30:48 - [TEST_STEP][PASSED] - logInfo(bm_auth_token): 

04-09-2024T08:30:48 - [MESSAGE][INFO] - 

04-09-2024T08:30:48 - [TEST_STEP][PASSED] - if (sfccAuthorization.length() == 0): null

04-09-2024T08:30:48 - [TEST_STEP][PASSED] - else: authorization generated

04-09-2024T08:30:48 - [TEST_STEP][PASSED] - markPassed("authorization generated"): authorization generated

04-09-2024T08:30:48 - [MESSAGE][PASSED] - authorization generated

04-09-2024T08:30:48 - [TEST_STEP][PASSED] - BasketId_loginResponse = "ocapiResponse.c_basketId": null

04-09-2024T08:30:48 - [TEST_STEP][PASSED] - CustomerId_loginResponse = "ocapiResponse.customer_id": null

04-09-2024T08:30:48 - [TEST_STEP][PASSED] - basketId = getElementPropertyValue(LoginResponse, BasketId_loginResponse): Checking response object

04-09-2024T08:30:48 - [MESSAGE][INFO] - Checking response object

04-09-2024T08:30:48 - [TEST_STEP][PASSED] - customerId = getElementPropertyValue(LoginResponse, CustomerId_loginResponse): Checking response object

04-09-2024T08:30:48 - [MESSAGE][INFO] - Checking response object

04-09-2024T08:30:48 - [TEST_STEP][PASSED] - basketID = basketId: null

04-09-2024T08:30:48 - [TEST_STEP][PASSED] - sla_customerId = customerId: null

04-09-2024T08:30:48 - [TEST_STEP][PASSED] - println(basketID): null

04-09-2024T08:30:48 - [TEST_STEP][PASSED] - println(sla_customerId): null

04-09-2024T08:30:48 - [TEST_STEP][PASSED] - refresh_token = "ocapiResponse.refresh_token": null

04-09-2024T08:30:48 - [TEST_STEP][PASSED] - customer_email = "ocapiResponse.customer_email": null

04-09-2024T08:30:48 - [TEST_STEP][PASSED] - c_brmId = "ocapiResponse.c_brmId": null

04-09-2024T08:30:48 - [TEST_STEP][PASSED] - customer_name = "ocapiResponse.customer_name": null

04-09-2024T08:30:48 - [TEST_STEP][PASSED] - totalplay.Common.verifyPropertyExist(LoginResponse, refresh_token): totalplay.Common.verifyPropertyExist is PASSED

04-09-2024T08:30:48 - [MESSAGE][INFO] - Checking response object

04-09-2024T08:30:48 - [MESSAGE][PASSED] - totalplay.Common.verifyPropertyExist is PASSED

04-09-2024T08:30:48 - [TEST_STEP][PASSED] - totalplay.Common.verifyPropertyValueExist(LoginResponse, refresh_token): totalplay.Common.verifyPropertyValueExist is PASSED

04-09-2024T08:30:48 - [MESSAGE][INFO] - Checking response object

04-09-2024T08:30:48 - [MESSAGE][INFO] - x3zvYn9gNfY4iQV8JN_SmtIl7akhTRgB2EZv0HHMvco

04-09-2024T08:30:48 - [MESSAGE][PASSED] - totalplay.Common.verifyPropertyValueExist is PASSED

04-09-2024T08:30:48 - [TEST_STEP][PASSED] - totalplay.Common.verifyPropertyExist(LoginResponse, customer_email): totalplay.Common.verifyPropertyExist is PASSED

04-09-2024T08:30:48 - [MESSAGE][INFO] - Checking response object

04-09-2024T08:30:48 - [MESSAGE][PASSED] - totalplay.Common.verifyPropertyExist is PASSED

04-09-2024T08:30:48 - [TEST_STEP][PASSED] - totalplay.Common.verifyPropertyValueExist(LoginResponse, customer_email): totalplay.Common.verifyPropertyValueExist is PASSED

04-09-2024T08:30:48 - [MESSAGE][INFO] - Checking response object

04-09-2024T08:30:48 - [MESSAGE][INFO] - cesar.waldo93@gmail.com

04-09-2024T08:30:48 - [MESSAGE][PASSED] - totalplay.Common.verifyPropertyValueExist is PASSED

04-09-2024T08:30:48 - [TEST_STEP][PASSED] - totalplay.Common.verifyPropertyExist(LoginResponse, customer_name): totalplay.Common.verifyPropertyExist is PASSED

04-09-2024T08:30:48 - [MESSAGE][INFO] - Checking response object

04-09-2024T08:30:48 - [MESSAGE][PASSED] - totalplay.Common.verifyPropertyExist is PASSED

04-09-2024T08:30:48 - [TEST_STEP][PASSED] - totalplay.Common.verifyPropertyValueExist(LoginResponse, customer_name): totalplay.Common.verifyPropertyValueExist is PASSED

04-09-2024T08:30:48 - [MESSAGE][INFO] - Checking response object

04-09-2024T08:30:48 - [MESSAGE][INFO] - CESAR GERARDO WALDO GONZALEZ

04-09-2024T08:30:48 - [MESSAGE][PASSED] - totalplay.Common.verifyPropertyValueExist is PASSED

04-09-2024T08:30:48 - [TEST_STEP][PASSED] - totalplay.Common.verifyPropertyExist(LoginResponse, c_brmId): totalplay.Common.verifyPropertyExist is PASSED

04-09-2024T08:30:48 - [MESSAGE][INFO] - Checking response object

04-09-2024T08:30:49 - [MESSAGE][PASSED] - totalplay.Common.verifyPropertyExist is PASSED

04-09-2024T08:30:49 - [TEST_STEP][PASSED] - totalplay.Common.verifyPropertyValueExist(LoginResponse, c_brmId): totalplay.Common.verifyPropertyValueExist is PASSED

04-09-2024T08:30:49 - [MESSAGE][INFO] - Checking response object

04-09-2024T08:30:49 - [MESSAGE][INFO] - 0106378356

04-09-2024T08:30:49 - [MESSAGE][PASSED] - totalplay.Common.verifyPropertyValueExist is PASSED

04-09-2024T08:30:49 - [MESSAGE][PASSED] - Call Test Case 'Test Cases/TotalPlay-Food/TC_1_Login_Service' successfully

04-09-2024T08:30:49 - [TEST_STEP][PASSED] - AddProductbasket = sendRequest(findTestObject("TotalPlay-Food/AddProductToBasket", ["URL":URL, "basketID":basketID])): Send request successfully

04-09-2024T08:30:49 - [MESSAGE][INFO] - Finding Test Object 'Object Repository/TotalPlay-Food/AddProductToBasket'

04-09-2024T08:30:49 - [MESSAGE][INFO] - Checking request object

04-09-2024T08:30:50 - [MESSAGE][INFO] - HAR: C:\Users\ShubhamKumarThakur\OneDrive - Kognivera\Documents\TotalPlay\totalplay-automation\Reports\20240904_082912\Food_Service_Normal_Flow_PlaceOrder\20240904_082912\requests\main\16.har

04-09-2024T08:30:50 - [MESSAGE][PASSED] - Send request successfully

04-09-2024T08:30:50 - [TEST_STEP][PASSED] - verifyResponseStatusCode(AddProductbasket, 200): Verify response status code successfully

04-09-2024T08:30:50 - [MESSAGE][INFO] - Checking response object

04-09-2024T08:30:50 - [MESSAGE][PASSED] - Verify response status code successfully

04-09-2024T08:30:50 - [TEST_STEP][PASSED] - getAddress = sendRequest(findTestObject("TotalPlay-Food/GetAddresses", ["URL":URL, "sla_customerId":sla_customerId, "shop_auth_token":shop_auth_token])): Send request successfully

04-09-2024T08:30:50 - [MESSAGE][INFO] - Finding Test Object 'Object Repository/TotalPlay-Food/GetAddresses'

04-09-2024T08:30:50 - [MESSAGE][INFO] - Checking request object

04-09-2024T08:30:50 - [MESSAGE][INFO] - HAR: C:\Users\ShubhamKumarThakur\OneDrive - Kognivera\Documents\TotalPlay\totalplay-automation\Reports\20240904_082912\Food_Service_Normal_Flow_PlaceOrder\20240904_082912\requests\main\17.har

04-09-2024T08:30:50 - [MESSAGE][PASSED] - Send request successfully

04-09-2024T08:30:50 - [TEST_STEP][PASSED] - id = "data[0].c_crm_address_id": null

04-09-2024T08:30:50 - [TEST_STEP][PASSED] - crm_address_id = getElementPropertyValue(getAddress, id): Checking response object

04-09-2024T08:30:50 - [MESSAGE][INFO] - Checking response object

04-09-2024T08:30:50 - [TEST_STEP][PASSED] - verifyResponseStatusCode(getAddress, 200): Verify response status code successfully

04-09-2024T08:30:50 - [MESSAGE][INFO] - Checking response object

04-09-2024T08:30:50 - [MESSAGE][PASSED] - Verify response status code successfully

04-09-2024T08:30:50 - [TEST_STEP][PASSED] - AddAddressToCart = sendRequest(findTestObject("TotalPlay-Food/add address to cart", ["URL":URL, "basketID":basketID])): Send request successfully

04-09-2024T08:30:50 - [MESSAGE][INFO] - Finding Test Object 'Object Repository/TotalPlay-Food/add address to cart'

04-09-2024T08:30:51 - [MESSAGE][INFO] - Checking request object

04-09-2024T08:30:54 - [MESSAGE][INFO] - HAR: C:\Users\ShubhamKumarThakur\OneDrive - Kognivera\Documents\TotalPlay\totalplay-automation\Reports\20240904_082912\Food_Service_Normal_Flow_PlaceOrder\20240904_082912\requests\main\18.har

04-09-2024T08:30:54 - [MESSAGE][PASSED] - Send request successfully

04-09-2024T08:30:54 - [TEST_STEP][PASSED] - totalplay.Common.printResponseinText(AddAddressToCart): totalplay.Common.printResponseinText is PASSED

04-09-2024T08:30:54 - [MESSAGE][PASSED] - totalplay.Common.printResponseinText is PASSED

04-09-2024T08:30:54 - [TEST_STEP][PASSED] - _v = "_v": null

04-09-2024T08:30:54 - [TEST_STEP][PASSED] - _type = "_type": null

04-09-2024T08:30:54 - [TEST_STEP][PASSED] - _resource_state = "_resource_state": null

04-09-2024T08:30:54 - [TEST_STEP][PASSED] - _flash_0__type = "_flash[0]._type": null

04-09-2024T08:30:54 - [TEST_STEP][PASSED] - _flash_0_type = "_flash[0].type": null

04-09-2024T08:30:54 - [TEST_STEP][PASSED] - _flash_0_message = "_flash[0].message": null

04-09-2024T08:30:54 - [TEST_STEP][PASSED] - _flash_0_path = "_flash[0].path": null

04-09-2024T08:30:54 - [TEST_STEP][PASSED] - adjusted_merchandize_total_tax = "adjusted_merchandize_total_tax": null

04-09-2024T08:30:54 - [TEST_STEP][PASSED] - adjusted_shipping_total_tax = "adjusted_shipping_total_tax": null

04-09-2024T08:30:54 - [TEST_STEP][PASSED] - agent_basket = "agent_basket": null

04-09-2024T08:30:54 - [TEST_STEP][PASSED] - basket_id = "basket_id": null

04-09-2024T08:30:54 - [TEST_STEP][PASSED] - billing_address__type = "billing_address._type": null

04-09-2024T08:30:54 - [TEST_STEP][PASSED] - billing_address_address1 = "billing_address.address1": null

04-09-2024T08:30:54 - [TEST_STEP][PASSED] - billing_address_city = "billing_address.city": null

04-09-2024T08:30:54 - [TEST_STEP][PASSED] - billing_address_country_code = "billing_address.country_code": null

04-09-2024T08:30:54 - [TEST_STEP][PASSED] - billing_address_first_name = "billing_address.first_name": null

04-09-2024T08:30:54 - [TEST_STEP][PASSED] - billing_address_full_name = "billing_address.full_name": null

04-09-2024T08:30:54 - [TEST_STEP][PASSED] - billing_address_id = "billing_address.id": null

04-09-2024T08:30:54 - [TEST_STEP][PASSED] - billing_address_last_name = "billing_address.last_name": null

04-09-2024T08:30:54 - [TEST_STEP][PASSED] - billing_address_phone = "billing_address.phone": null

04-09-2024T08:30:54 - [TEST_STEP][PASSED] - billing_address_postal_code = "billing_address.postal_code": null

04-09-2024T08:30:54 - [TEST_STEP][PASSED] - billing_address_c_alias = "billing_address.c_alias": null

04-09-2024T08:30:54 - [TEST_STEP][PASSED] - billing_address_c_delegation = "billing_address.c_delegation": null

04-09-2024T08:30:54 - [TEST_STEP][PASSED] - billing_address_c_label = "billing_address.c_label": null

04-09-2024T08:30:54 - [TEST_STEP][PASSED] - billing_address_c_latitude = "billing_address.c_latitude": null

04-09-2024T08:30:54 - [TEST_STEP][PASSED] - billing_address_c_longitude = "billing_address.c_longitude": null

04-09-2024T08:30:54 - [TEST_STEP][PASSED] - billing_address_c_nExt = "billing_address.c_nExt": null

04-09-2024T08:30:54 - [TEST_STEP][PASSED] - billing_address_c_neighborhood = "billing_address.c_neighborhood": null

04-09-2024T08:30:54 - [TEST_STEP][PASSED] - billing_address_c_references = "billing_address.c_references": null

04-09-2024T08:30:54 - [TEST_STEP][PASSED] - billing_address_c_rfc = "billing_address.c_rfc": null

04-09-2024T08:30:54 - [TEST_STEP][PASSED] - billing_address_c_state = "billing_address.c_state": null

04-09-2024T08:30:54 - [TEST_STEP][PASSED] - billing_address_c_streetName = "billing_address.c_streetName": null

04-09-2024T08:30:54 - [TEST_STEP][PASSED] - channel_type = "channel_type": null

04-09-2024T08:30:54 - [TEST_STEP][PASSED] - creation_date = "creation_date": null

04-09-2024T08:30:54 - [TEST_STEP][PASSED] - currency = "currency": null

04-09-2024T08:30:54 - [TEST_STEP][PASSED] - customer_info__type = "customer_info._type": null

04-09-2024T08:30:54 - [TEST_STEP][PASSED] - customer_info_customer_id = "customer_info.customer_id": null

04-09-2024T08:30:54 - [TEST_STEP][PASSED] - customer_info_customer_no = "customer_info.customer_no": null

04-09-2024T08:30:54 - [TEST_STEP][PASSED] - customer_info_email = "customer_info.email": null

04-09-2024T08:30:54 - [TEST_STEP][PASSED] - last_modified = "last_modified": null

04-09-2024T08:30:54 - [TEST_STEP][PASSED] - merchandize_total_tax = "merchandize_total_tax": null

04-09-2024T08:30:54 - [TEST_STEP][PASSED] - notes__type = "notes._type": null

04-09-2024T08:30:54 - [TEST_STEP][PASSED] - notes_link = "notes.link": null

04-09-2024T08:30:54 - [TEST_STEP][PASSED] - order_total = "order_total": null

04-09-2024T08:30:54 - [TEST_STEP][PASSED] - product_items_0__type = "product_items[0]._type": null

04-09-2024T08:30:54 - [TEST_STEP][PASSED] - product_items_0_adjusted_tax = "product_items[0].adjusted_tax": null

04-09-2024T08:30:54 - [TEST_STEP][PASSED] - product_items_0_base_price = "product_items[0].base_price": null

04-09-2024T08:30:54 - [TEST_STEP][PASSED] - product_items_0_bonus_product_line_item = "product_items[0].bonus_product_line_item": null

04-09-2024T08:30:54 - [TEST_STEP][PASSED] - product_items_0_gift = "product_items[0].gift": null

04-09-2024T08:30:54 - [TEST_STEP][PASSED] - product_items_0_inventory_id = "product_items[0].inventory_id": null

04-09-2024T08:30:54 - [TEST_STEP][PASSED] - product_items_0_item_id = "product_items[0].item_id": null

04-09-2024T08:30:54 - [TEST_STEP][PASSED] - product_items_0_item_text = "product_items[0].item_text": null

04-09-2024T08:30:54 - [TEST_STEP][PASSED] - product_items_0_price = "product_items[0].price": null

04-09-2024T08:30:54 - [TEST_STEP][PASSED] - product_items_0_price_after_item_discount = "product_items[0].price_after_item_discount": null

04-09-2024T08:30:54 - [TEST_STEP][PASSED] - product_items_0_price_after_order_discount = "product_items[0].price_after_order_discount": null

04-09-2024T08:30:54 - [TEST_STEP][PASSED] - product_items_0_product_id = "product_items[0].product_id": null

04-09-2024T08:30:54 - [TEST_STEP][PASSED] - product_items_0_product_name = "product_items[0].product_name": null

04-09-2024T08:30:54 - [TEST_STEP][PASSED] - product_items_0_quantity = "product_items[0].quantity": null

04-09-2024T08:30:54 - [TEST_STEP][PASSED] - product_items_0_shipment_id = "product_items[0].shipment_id": null

04-09-2024T08:30:54 - [TEST_STEP][PASSED] - product_items_0_tax = "product_items[0].tax": null

04-09-2024T08:30:54 - [TEST_STEP][PASSED] - product_items_0_tax_basis = "product_items[0].tax_basis": null

04-09-2024T08:30:54 - [TEST_STEP][PASSED] - product_items_0_tax_class_id = "product_items[0].tax_class_id": null

04-09-2024T08:30:54 - [TEST_STEP][PASSED] - product_items_0_tax_rate = "product_items[0].tax_rate": null

04-09-2024T08:30:54 - [TEST_STEP][PASSED] - product_items_0_c_fromStoreId = "product_items[0].c_fromStoreId": null

04-09-2024T08:30:54 - [TEST_STEP][PASSED] - product_items_0_c_miraklChannels = "product_items[0].c_miraklChannels": null

04-09-2024T08:30:54 - [TEST_STEP][PASSED] - product_items_0_c_miraklOperatorProductId = "product_items[0].c_miraklOperatorProductId": null

04-09-2024T08:30:54 - [TEST_STEP][PASSED] - product_items_0_c_miraklShippingTaxes = "product_items[0].c_miraklShippingTaxes": null

04-09-2024T08:30:54 - [TEST_STEP][PASSED] - product_items_0_c_miraklTaxes = "product_items[0].c_miraklTaxes": null

04-09-2024T08:30:54 - [TEST_STEP][PASSED] - product_items_0_c_noOfPersons = "product_items[0].c_noOfPersons": null

04-09-2024T08:30:54 - [TEST_STEP][PASSED] - product_items_0_c_offerId = "product_items[0].c_offerId": null

04-09-2024T08:30:54 - [TEST_STEP][PASSED] - product_items_0_c_offerSalesPrice = "product_items[0].c_offerSalesPrice": null

04-09-2024T08:30:54 - [TEST_STEP][PASSED] - product_items_0_c_offerState = "product_items[0].c_offerState": null

04-09-2024T08:30:54 - [TEST_STEP][PASSED] - product_items_0_c_offerStateCode = "product_items[0].c_offerStateCode": null

04-09-2024T08:30:54 - [TEST_STEP][PASSED] - product_items_0_c_shopId = "product_items[0].c_shopId": null

04-09-2024T08:30:54 - [TEST_STEP][PASSED] - product_items_0_c_shopName = "product_items[0].c_shopName": null

04-09-2024T08:30:54 - [TEST_STEP][PASSED] - product_items_0_c_total_crossed_price = "product_items[0].c_total_crossed_price": null

04-09-2024T08:30:54 - [TEST_STEP][PASSED] - product_items_0_c_priceWithComplement = "product_items[0].c_priceWithComplement": null

04-09-2024T08:30:54 - [TEST_STEP][PASSED] - product_items_0_c_imagesData_large_0_alt = "product_items[0].c_imagesData.large[0].alt": null

04-09-2024T08:30:54 - [TEST_STEP][PASSED] - product_items_0_c_imagesData_large_0_url = "product_items[0].c_imagesData.large[0].url": null

04-09-2024T08:30:54 - [TEST_STEP][PASSED] - product_items_0_c_imagesData_large_0_title = "product_items[0].c_imagesData.large[0].title": null

04-09-2024T08:30:54 - [TEST_STEP][PASSED] - product_items_0_c_description = "product_items[0].c_description": null

04-09-2024T08:30:54 - [TEST_STEP][PASSED] - product_sub_total = "product_sub_total": null

04-09-2024T08:30:54 - [TEST_STEP][PASSED] - product_total = "product_total": null

04-09-2024T08:30:54 - [TEST_STEP][PASSED] - shipments_0__type = "shipments[0]._type": null

04-09-2024T08:30:54 - [TEST_STEP][PASSED] - shipments_0_adjusted_merchandize_total_tax = "shipments[0].adjusted_merchandize_total_tax": null

04-09-2024T08:30:54 - [TEST_STEP][PASSED] - shipments_0_adjusted_shipping_total_tax = "shipments[0].adjusted_shipping_total_tax": null

04-09-2024T08:30:54 - [TEST_STEP][PASSED] - shipments_0_gift = "shipments[0].gift": null

04-09-2024T08:30:54 - [TEST_STEP][PASSED] - shipments_0_merchandize_total_tax = "shipments[0].merchandize_total_tax": null

04-09-2024T08:30:54 - [TEST_STEP][PASSED] - shipments_0_product_sub_total = "shipments[0].product_sub_total": null

04-09-2024T08:30:54 - [TEST_STEP][PASSED] - shipments_0_product_total = "shipments[0].product_total": null

04-09-2024T08:30:54 - [TEST_STEP][PASSED] - shipments_0_shipment_id = "shipments[0].shipment_id": null

04-09-2024T08:30:54 - [TEST_STEP][PASSED] - shipments_0_shipment_total = "shipments[0].shipment_total": null

04-09-2024T08:30:54 - [TEST_STEP][PASSED] - shipments_0_shipping_address__type = "shipments[0].shipping_address._type": null

04-09-2024T08:30:54 - [TEST_STEP][PASSED] - shipments_0_shipping_address_address1 = "shipments[0].shipping_address.address1": null

04-09-2024T08:30:54 - [TEST_STEP][PASSED] - shipments_0_shipping_address_city = "shipments[0].shipping_address.city": null

04-09-2024T08:30:54 - [TEST_STEP][PASSED] - shipments_0_shipping_address_country_code = "shipments[0].shipping_address.country_code": null

04-09-2024T08:30:54 - [TEST_STEP][PASSED] - shipments_0_shipping_address_first_name = "shipments[0].shipping_address.first_name": null

04-09-2024T08:30:54 - [TEST_STEP][PASSED] - shipments_0_shipping_address_full_name = "shipments[0].shipping_address.full_name": null

04-09-2024T08:30:54 - [TEST_STEP][PASSED] - shipments_0_shipping_address_id = "shipments[0].shipping_address.id": null

04-09-2024T08:30:54 - [TEST_STEP][PASSED] - shipments_0_shipping_address_last_name = "shipments[0].shipping_address.last_name": null

04-09-2024T08:30:54 - [TEST_STEP][PASSED] - shipments_0_shipping_address_phone = "shipments[0].shipping_address.phone": null

04-09-2024T08:30:54 - [TEST_STEP][PASSED] - shipments_0_shipping_address_postal_code = "shipments[0].shipping_address.postal_code": null

04-09-2024T08:30:54 - [TEST_STEP][PASSED] - shipments_0_shipping_address_c_alias = "shipments[0].shipping_address.c_alias": null

04-09-2024T08:30:54 - [TEST_STEP][PASSED] - shipments_0_shipping_address_c_delegation = "shipments[0].shipping_address.c_delegation": null

04-09-2024T08:30:54 - [TEST_STEP][PASSED] - shipments_0_shipping_address_c_label = "shipments[0].shipping_address.c_label": null

04-09-2024T08:30:54 - [TEST_STEP][PASSED] - shipments_0_shipping_address_c_latitude = "shipments[0].shipping_address.c_latitude": null

04-09-2024T08:30:54 - [TEST_STEP][PASSED] - shipments_0_shipping_address_c_longitude = "shipments[0].shipping_address.c_longitude": null

04-09-2024T08:30:54 - [TEST_STEP][PASSED] - shipments_0_shipping_address_c_nExt = "shipments[0].shipping_address.c_nExt": null

04-09-2024T08:30:54 - [TEST_STEP][PASSED] - shipments_0_shipping_address_c_neighborhood = "shipments[0].shipping_address.c_neighborhood": null

04-09-2024T08:30:54 - [TEST_STEP][PASSED] - shipments_0_shipping_address_c_references = "shipments[0].shipping_address.c_references": null

04-09-2024T08:30:54 - [TEST_STEP][PASSED] - shipments_0_shipping_address_c_rfc = "shipments[0].shipping_address.c_rfc": null

04-09-2024T08:30:54 - [TEST_STEP][PASSED] - shipments_0_shipping_address_c_state = "shipments[0].shipping_address.c_state": null

04-09-2024T08:30:54 - [TEST_STEP][PASSED] - shipments_0_shipping_address_c_streetName = "shipments[0].shipping_address.c_streetName": null

04-09-2024T08:30:54 - [TEST_STEP][PASSED] - shipments_0_shipping_method__type = "shipments[0].shipping_method._type": null

04-09-2024T08:30:54 - [TEST_STEP][PASSED] - shipments_0_shipping_method_description = "shipments[0].shipping_method.description": null

04-09-2024T08:30:54 - [TEST_STEP][PASSED] - shipments_0_shipping_method_name = "shipments[0].shipping_method.name": null

04-09-2024T08:30:54 - [TEST_STEP][PASSED] - shipments_0_shipping_method_c_estimatedArrivalTime = "shipments[0].shipping_method.c_estimatedArrivalTime": null

04-09-2024T08:30:54 - [TEST_STEP][PASSED] - shipments_0_shipping_method_c_storePickupEnabled = "shipments[0].shipping_method.c_storePickupEnabled": null

04-09-2024T08:30:54 - [TEST_STEP][PASSED] - shipments_0_shipping_status = "shipments[0].shipping_status": null

04-09-2024T08:30:54 - [TEST_STEP][PASSED] - shipments_0_shipping_total = "shipments[0].shipping_total": null

04-09-2024T08:30:54 - [TEST_STEP][PASSED] - shipments_0_shipping_total_tax = "shipments[0].shipping_total_tax": null

04-09-2024T08:30:54 - [TEST_STEP][PASSED] - shipments_0_tax_total = "shipments[0].tax_total": null

04-09-2024T08:30:54 - [TEST_STEP][PASSED] - shipping_items_0__type = "shipping_items[0]._type": null

04-09-2024T08:30:54 - [TEST_STEP][PASSED] - shipping_items_0_adjusted_tax = "shipping_items[0].adjusted_tax": null

04-09-2024T08:30:54 - [TEST_STEP][PASSED] - shipping_items_0_base_price = "shipping_items[0].base_price": null

04-09-2024T08:30:54 - [TEST_STEP][PASSED] - shipping_items_0_item_id = "shipping_items[0].item_id": null

04-09-2024T08:30:54 - [TEST_STEP][PASSED] - shipping_items_0_item_text = "shipping_items[0].item_text": null

04-09-2024T08:30:54 - [TEST_STEP][PASSED] - shipping_items_0_price = "shipping_items[0].price": null

04-09-2024T08:30:54 - [TEST_STEP][PASSED] - shipping_items_0_price_after_item_discount = "shipping_items[0].price_after_item_discount": null

04-09-2024T08:30:54 - [TEST_STEP][PASSED] - shipping_items_0_shipment_id = "shipping_items[0].shipment_id": null

04-09-2024T08:30:54 - [TEST_STEP][PASSED] - shipping_items_0_tax = "shipping_items[0].tax": null

04-09-2024T08:30:54 - [TEST_STEP][PASSED] - shipping_items_0_tax_basis = "shipping_items[0].tax_basis": null

04-09-2024T08:30:54 - [TEST_STEP][PASSED] - shipping_items_0_tax_class_id = "shipping_items[0].tax_class_id": null

04-09-2024T08:30:54 - [TEST_STEP][PASSED] - shipping_items_0_tax_rate = "shipping_items[0].tax_rate": null

04-09-2024T08:30:54 - [TEST_STEP][PASSED] - shipping_total = "shipping_total": null

04-09-2024T08:30:54 - [TEST_STEP][PASSED] - shipping_total_tax = "shipping_total_tax": null

04-09-2024T08:30:54 - [TEST_STEP][PASSED] - taxation = "taxation": null

04-09-2024T08:30:54 - [TEST_STEP][PASSED] - tax_total = "tax_total": null

04-09-2024T08:30:54 - [TEST_STEP][PASSED] - c_currentCorporate = "c_currentCorporate": null

04-09-2024T08:30:54 - [TEST_STEP][PASSED] - c_forceDeleteOndemand = "c_forceDeleteOndemand": null

04-09-2024T08:30:54 - [TEST_STEP][PASSED] - c_pickerExpressShipment = "c_pickerExpressShipment": null

04-09-2024T08:30:54 - [TEST_STEP][PASSED] - totalplay.Common.verifyPropertyExist(AddAddressToCart, _v): totalplay.Common.verifyPropertyExist is PASSED

04-09-2024T08:30:54 - [MESSAGE][INFO] - Checking response object

04-09-2024T08:30:54 - [MESSAGE][PASSED] - totalplay.Common.verifyPropertyExist is PASSED

04-09-2024T08:30:54 - [TEST_STEP][PASSED] - totalplay.Common.verifyPropertyValueExist(AddAddressToCart, _v): totalplay.Common.verifyPropertyValueExist is PASSED

04-09-2024T08:30:54 - [MESSAGE][INFO] - Checking response object

04-09-2024T08:30:55 - [MESSAGE][INFO] - 24.5

04-09-2024T08:30:55 - [MESSAGE][PASSED] - totalplay.Common.verifyPropertyValueExist is PASSED

04-09-2024T08:30:55 - [TEST_STEP][PASSED] - totalplay.Common.verifyPropertyExist(AddAddressToCart, _type): totalplay.Common.verifyPropertyExist is PASSED

04-09-2024T08:30:55 - [MESSAGE][INFO] - Checking response object

04-09-2024T08:30:55 - [MESSAGE][PASSED] - totalplay.Common.verifyPropertyExist is PASSED

04-09-2024T08:30:55 - [TEST_STEP][PASSED] - totalplay.Common.verifyPropertyValueExist(AddAddressToCart, _type): totalplay.Common.verifyPropertyValueExist is PASSED

04-09-2024T08:30:55 - [MESSAGE][INFO] - Checking response object

04-09-2024T08:30:55 - [MESSAGE][INFO] - basket

04-09-2024T08:30:55 - [MESSAGE][PASSED] - totalplay.Common.verifyPropertyValueExist is PASSED

04-09-2024T08:30:55 - [TEST_STEP][PASSED] - totalplay.Common.verifyPropertyExist(AddAddressToCart, _resource_state): totalplay.Common.verifyPropertyExist is PASSED

04-09-2024T08:30:55 - [MESSAGE][INFO] - Checking response object

04-09-2024T08:30:55 - [MESSAGE][PASSED] - totalplay.Common.verifyPropertyExist is PASSED

04-09-2024T08:30:55 - [TEST_STEP][PASSED] - totalplay.Common.verifyPropertyValueExist(AddAddressToCart, _resource_state): totalplay.Common.verifyPropertyValueExist is PASSED

04-09-2024T08:30:55 - [MESSAGE][INFO] - Checking response object

04-09-2024T08:30:55 - [MESSAGE][INFO] - e8e8a4090d5647f2ea1db7c073b95d7a967c35d3f04c44bce48b2b0eb6b368f2

04-09-2024T08:30:55 - [MESSAGE][PASSED] - totalplay.Common.verifyPropertyValueExist is PASSED

04-09-2024T08:30:55 - [TEST_STEP][PASSED] - totalplay.Common.getDecimalValueofObject(AddAddressToCart, adjusted_merchandize_total_tax): totalplay.Common.getDecimalValueofObject is PASSED

04-09-2024T08:30:55 - [MESSAGE][INFO] - Checking response object

04-09-2024T08:30:55 - [MESSAGE][PASSED] - totalplay.Common.getDecimalValueofObject is PASSED

04-09-2024T08:30:55 - [TEST_STEP][PASSED] - totalplay.Common.getDecimalValueofObject(AddAddressToCart, adjusted_shipping_total_tax): totalplay.Common.getDecimalValueofObject is PASSED

04-09-2024T08:30:55 - [MESSAGE][INFO] - Checking response object

04-09-2024T08:30:55 - [MESSAGE][PASSED] - totalplay.Common.getDecimalValueofObject is PASSED

04-09-2024T08:30:55 - [TEST_STEP][PASSED] - totalplay.Common.getBooleanValueofObject(AddAddressToCart, agent_basket): totalplay.Common.getBooleanValueofObject is PASSED

04-09-2024T08:30:55 - [MESSAGE][INFO] - Checking response object

04-09-2024T08:30:55 - [MESSAGE][PASSED] - totalplay.Common.getBooleanValueofObject is PASSED

04-09-2024T08:30:55 - [TEST_STEP][PASSED] - totalplay.Common.verifyPropertyExist(AddAddressToCart, basket_id): totalplay.Common.verifyPropertyExist is PASSED

04-09-2024T08:30:55 - [MESSAGE][INFO] - Checking response object

04-09-2024T08:30:55 - [MESSAGE][PASSED] - totalplay.Common.verifyPropertyExist is PASSED

04-09-2024T08:30:55 - [TEST_STEP][PASSED] - totalplay.Common.verifyPropertyValueExist(AddAddressToCart, basket_id): totalplay.Common.verifyPropertyValueExist is PASSED

04-09-2024T08:30:55 - [MESSAGE][INFO] - Checking response object

04-09-2024T08:30:55 - [MESSAGE][INFO] - e6fb0f84530e584bfd75ed75eb

04-09-2024T08:30:55 - [MESSAGE][PASSED] - totalplay.Common.verifyPropertyValueExist is PASSED

04-09-2024T08:30:55 - [TEST_STEP][PASSED] - totalplay.Common.verifyPropertyExist(AddAddressToCart, billing_address__type): totalplay.Common.verifyPropertyExist is PASSED

04-09-2024T08:30:55 - [MESSAGE][INFO] - Checking response object

04-09-2024T08:30:55 - [MESSAGE][PASSED] - totalplay.Common.verifyPropertyExist is PASSED

04-09-2024T08:30:55 - [TEST_STEP][PASSED] - totalplay.Common.verifyPropertyValueExist(AddAddressToCart, billing_address__type): totalplay.Common.verifyPropertyValueExist is PASSED

04-09-2024T08:30:55 - [MESSAGE][INFO] - Checking response object

04-09-2024T08:30:55 - [MESSAGE][INFO] - order_address

04-09-2024T08:30:55 - [MESSAGE][PASSED] - totalplay.Common.verifyPropertyValueExist is PASSED

04-09-2024T08:30:55 - [TEST_STEP][PASSED] - totalplay.Common.verifyPropertyExist(AddAddressToCart, billing_address_address1): totalplay.Common.verifyPropertyExist is PASSED

04-09-2024T08:30:55 - [MESSAGE][INFO] - Checking response object

04-09-2024T08:30:55 - [MESSAGE][PASSED] - totalplay.Common.verifyPropertyExist is PASSED

04-09-2024T08:30:55 - [TEST_STEP][PASSED] - totalplay.Common.verifyPropertyValueExist(AddAddressToCart, billing_address_address1): totalplay.Common.verifyPropertyValueExist is PASSED

04-09-2024T08:30:55 - [MESSAGE][INFO] - Checking response object

04-09-2024T08:30:55 - [MESSAGE][INFO] - Alejandro Dumas

04-09-2024T08:30:55 - [MESSAGE][PASSED] - totalplay.Common.verifyPropertyValueExist is PASSED

04-09-2024T08:30:55 - [TEST_STEP][PASSED] - totalplay.Common.verifyPropertyExist(AddAddressToCart, billing_address_city): totalplay.Common.verifyPropertyExist is PASSED

04-09-2024T08:30:55 - [MESSAGE][INFO] - Checking response object

04-09-2024T08:30:55 - [MESSAGE][PASSED] - totalplay.Common.verifyPropertyExist is PASSED

04-09-2024T08:30:55 - [TEST_STEP][PASSED] - totalplay.Common.verifyPropertyValueExist(AddAddressToCart, billing_address_city): totalplay.Common.verifyPropertyValueExist is PASSED

04-09-2024T08:30:55 - [MESSAGE][INFO] - Checking response object

04-09-2024T08:30:55 - [MESSAGE][INFO] - Ciudad de Mexico

04-09-2024T08:30:55 - [MESSAGE][PASSED] - totalplay.Common.verifyPropertyValueExist is PASSED

04-09-2024T08:30:55 - [TEST_STEP][PASSED] - totalplay.Common.verifyPropertyExist(AddAddressToCart, billing_address_country_code): totalplay.Common.verifyPropertyExist is PASSED

04-09-2024T08:30:55 - [MESSAGE][INFO] - Checking response object

04-09-2024T08:30:55 - [MESSAGE][PASSED] - totalplay.Common.verifyPropertyExist is PASSED

04-09-2024T08:30:55 - [TEST_STEP][PASSED] - totalplay.Common.verifyPropertyValueExist(AddAddressToCart, billing_address_country_code): totalplay.Common.verifyPropertyValueExist is PASSED

04-09-2024T08:30:55 - [MESSAGE][INFO] - Checking response object

04-09-2024T08:30:55 - [MESSAGE][INFO] - MX

04-09-2024T08:30:55 - [MESSAGE][PASSED] - totalplay.Common.verifyPropertyValueExist is PASSED

04-09-2024T08:30:55 - [TEST_STEP][PASSED] - totalplay.Common.verifyPropertyExist(AddAddressToCart, billing_address_first_name): totalplay.Common.verifyPropertyExist is PASSED

04-09-2024T08:30:55 - [MESSAGE][INFO] - Checking response object

04-09-2024T08:30:55 - [MESSAGE][PASSED] - totalplay.Common.verifyPropertyExist is PASSED

04-09-2024T08:30:55 - [TEST_STEP][PASSED] - totalplay.Common.verifyPropertyValueExist(AddAddressToCart, billing_address_first_name): totalplay.Common.verifyPropertyValueExist is PASSED

04-09-2024T08:30:55 - [MESSAGE][INFO] - Checking response object

04-09-2024T08:30:55 - [MESSAGE][INFO] - CESAR

04-09-2024T08:30:55 - [MESSAGE][PASSED] - totalplay.Common.verifyPropertyValueExist is PASSED

04-09-2024T08:30:55 - [TEST_STEP][PASSED] - totalplay.Common.verifyPropertyExist(AddAddressToCart, billing_address_full_name): totalplay.Common.verifyPropertyExist is PASSED

04-09-2024T08:30:55 - [MESSAGE][INFO] - Checking response object

04-09-2024T08:30:55 - [MESSAGE][PASSED] - totalplay.Common.verifyPropertyExist is PASSED

04-09-2024T08:30:55 - [TEST_STEP][PASSED] - totalplay.Common.verifyPropertyValueExist(AddAddressToCart, billing_address_full_name): totalplay.Common.verifyPropertyValueExist is PASSED

04-09-2024T08:30:55 - [MESSAGE][INFO] - Checking response object

04-09-2024T08:30:55 - [MESSAGE][INFO] - CESAR GERARDO WALDO GONZALEZ

04-09-2024T08:30:55 - [MESSAGE][PASSED] - totalplay.Common.verifyPropertyValueExist is PASSED

04-09-2024T08:30:55 - [TEST_STEP][PASSED] - totalplay.Common.verifyPropertyExist(AddAddressToCart, billing_address_id): totalplay.Common.verifyPropertyExist is PASSED

04-09-2024T08:30:55 - [MESSAGE][INFO] - Checking response object

04-09-2024T08:30:55 - [MESSAGE][PASSED] - totalplay.Common.verifyPropertyExist is PASSED

04-09-2024T08:30:55 - [TEST_STEP][PASSED] - totalplay.Common.verifyPropertyValueExist(AddAddressToCart, billing_address_id): totalplay.Common.verifyPropertyValueExist is PASSED

04-09-2024T08:30:55 - [MESSAGE][INFO] - Checking response object

04-09-2024T08:30:56 - [MESSAGE][INFO] - 31c106572ac174a1009df0b2ab

04-09-2024T08:30:56 - [MESSAGE][PASSED] - totalplay.Common.verifyPropertyValueExist is PASSED

04-09-2024T08:30:56 - [TEST_STEP][PASSED] - totalplay.Common.verifyPropertyExist(AddAddressToCart, billing_address_last_name): totalplay.Common.verifyPropertyExist is PASSED

04-09-2024T08:30:56 - [MESSAGE][INFO] - Checking response object

04-09-2024T08:30:56 - [MESSAGE][PASSED] - totalplay.Common.verifyPropertyExist is PASSED

04-09-2024T08:30:56 - [TEST_STEP][PASSED] - totalplay.Common.verifyPropertyValueExist(AddAddressToCart, billing_address_last_name): totalplay.Common.verifyPropertyValueExist is PASSED

04-09-2024T08:30:56 - [MESSAGE][INFO] - Checking response object

04-09-2024T08:30:56 - [MESSAGE][INFO] - GERARDO WALDO GONZALEZ

04-09-2024T08:30:56 - [MESSAGE][PASSED] - totalplay.Common.verifyPropertyValueExist is PASSED

04-09-2024T08:30:56 - [TEST_STEP][PASSED] - totalplay.Common.verifyPropertyExist(AddAddressToCart, billing_address_phone): totalplay.Common.verifyPropertyExist is PASSED

04-09-2024T08:30:56 - [MESSAGE][INFO] - Checking response object

04-09-2024T08:30:56 - [MESSAGE][PASSED] - totalplay.Common.verifyPropertyExist is PASSED

04-09-2024T08:30:56 - [TEST_STEP][PASSED] - totalplay.Common.verifyPropertyValueExist(AddAddressToCart, billing_address_phone): totalplay.Common.verifyPropertyValueExist is PASSED

04-09-2024T08:30:56 - [MESSAGE][INFO] - Checking response object

04-09-2024T08:30:56 - [MESSAGE][INFO] - 5579660270

04-09-2024T08:30:56 - [MESSAGE][PASSED] - totalplay.Common.verifyPropertyValueExist is PASSED

04-09-2024T08:30:56 - [TEST_STEP][PASSED] - totalplay.Common.verifyPropertyExist(AddAddressToCart, billing_address_postal_code): totalplay.Common.verifyPropertyExist is PASSED

04-09-2024T08:30:56 - [MESSAGE][INFO] - Checking response object

04-09-2024T08:30:56 - [MESSAGE][PASSED] - totalplay.Common.verifyPropertyExist is PASSED

04-09-2024T08:30:56 - [TEST_STEP][PASSED] - totalplay.Common.verifyPropertyValueExist(AddAddressToCart, billing_address_postal_code): totalplay.Common.verifyPropertyValueExist is PASSED

04-09-2024T08:30:56 - [MESSAGE][INFO] - Checking response object

04-09-2024T08:30:56 - [MESSAGE][INFO] - 11500

04-09-2024T08:30:56 - [MESSAGE][PASSED] - totalplay.Common.verifyPropertyValueExist is PASSED

04-09-2024T08:30:56 - [TEST_STEP][PASSED] - totalplay.Common.verifyPropertyExist(AddAddressToCart, billing_address_c_alias): totalplay.Common.verifyPropertyExist is PASSED

04-09-2024T08:30:56 - [MESSAGE][INFO] - Checking response object

04-09-2024T08:30:56 - [MESSAGE][PASSED] - totalplay.Common.verifyPropertyExist is PASSED

04-09-2024T08:30:56 - [TEST_STEP][PASSED] - totalplay.Common.verifyPropertyValueExist(AddAddressToCart, billing_address_c_alias): totalplay.Common.verifyPropertyValueExist is PASSED

04-09-2024T08:30:56 - [MESSAGE][INFO] - Checking response object

04-09-2024T08:30:56 - [MESSAGE][INFO] - CasaWaldoP

04-09-2024T08:30:56 - [MESSAGE][PASSED] - totalplay.Common.verifyPropertyValueExist is PASSED

04-09-2024T08:30:56 - [TEST_STEP][PASSED] - totalplay.Common.verifyPropertyExist(AddAddressToCart, billing_address_c_delegation): totalplay.Common.verifyPropertyExist is PASSED

04-09-2024T08:30:56 - [MESSAGE][INFO] - Checking response object

04-09-2024T08:30:56 - [MESSAGE][PASSED] - totalplay.Common.verifyPropertyExist is PASSED

04-09-2024T08:30:56 - [TEST_STEP][PASSED] - totalplay.Common.verifyPropertyValueExist(AddAddressToCart, billing_address_c_delegation): totalplay.Common.verifyPropertyValueExist is PASSED

04-09-2024T08:30:56 - [MESSAGE][INFO] - Checking response object

04-09-2024T08:30:56 - [MESSAGE][INFO] - Miguel Hidalgo

04-09-2024T08:30:56 - [MESSAGE][PASSED] - totalplay.Common.verifyPropertyValueExist is PASSED

04-09-2024T08:30:56 - [TEST_STEP][PASSED] - totalplay.Common.verifyPropertyExist(AddAddressToCart, billing_address_c_delegation): totalplay.Common.verifyPropertyExist is PASSED

04-09-2024T08:30:56 - [MESSAGE][INFO] - Checking response object

04-09-2024T08:30:56 - [MESSAGE][PASSED] - totalplay.Common.verifyPropertyExist is PASSED

04-09-2024T08:30:56 - [TEST_STEP][PASSED] - totalplay.Common.verifyPropertyValueExist(AddAddressToCart, billing_address_c_delegation): totalplay.Common.verifyPropertyValueExist is PASSED

04-09-2024T08:30:56 - [MESSAGE][INFO] - Checking response object

04-09-2024T08:30:56 - [MESSAGE][INFO] - Miguel Hidalgo

04-09-2024T08:30:56 - [MESSAGE][PASSED] - totalplay.Common.verifyPropertyValueExist is PASSED

04-09-2024T08:30:56 - [TEST_STEP][PASSED] - totalplay.Common.verifyPropertyExist(AddAddressToCart, billing_address_c_label): totalplay.Common.verifyPropertyExist is PASSED

04-09-2024T08:30:56 - [MESSAGE][INFO] - Checking response object

04-09-2024T08:30:56 - [MESSAGE][PASSED] - totalplay.Common.verifyPropertyExist is PASSED

04-09-2024T08:30:56 - [TEST_STEP][PASSED] - totalplay.Common.verifyPropertyValueExist(AddAddressToCart, billing_address_c_label): totalplay.Common.verifyPropertyValueExist is PASSED

04-09-2024T08:30:56 - [MESSAGE][INFO] - Checking response object

04-09-2024T08:30:56 - [MESSAGE][INFO] - {"home":true,"company":false,"other":false}

04-09-2024T08:30:56 - [MESSAGE][PASSED] - totalplay.Common.verifyPropertyValueExist is PASSED

04-09-2024T08:30:56 - [TEST_STEP][PASSED] - totalplay.Common.verifyPropertyExist(AddAddressToCart, billing_address_c_latitude): totalplay.Common.verifyPropertyExist is PASSED

04-09-2024T08:30:56 - [MESSAGE][INFO] - Checking response object

04-09-2024T08:30:56 - [MESSAGE][PASSED] - totalplay.Common.verifyPropertyExist is PASSED

04-09-2024T08:30:56 - [TEST_STEP][PASSED] - totalplay.Common.verifyPropertyValueExist(AddAddressToCart, billing_address_c_latitude): totalplay.Common.verifyPropertyValueExist is PASSED

04-09-2024T08:30:56 - [MESSAGE][INFO] - Checking response object

04-09-2024T08:30:56 - [MESSAGE][INFO] - 19.439691

04-09-2024T08:30:56 - [MESSAGE][PASSED] - totalplay.Common.verifyPropertyValueExist is PASSED

04-09-2024T08:30:56 - [TEST_STEP][PASSED] - totalplay.Common.verifyPropertyExist(AddAddressToCart, billing_address_c_longitude): totalplay.Common.verifyPropertyExist is PASSED

04-09-2024T08:30:56 - [MESSAGE][INFO] - Checking response object

04-09-2024T08:30:56 - [MESSAGE][PASSED] - totalplay.Common.verifyPropertyExist is PASSED

04-09-2024T08:30:56 - [TEST_STEP][PASSED] - totalplay.Common.verifyPropertyValueExist(AddAddressToCart, billing_address_c_longitude): totalplay.Common.verifyPropertyValueExist is PASSED

04-09-2024T08:30:56 - [MESSAGE][INFO] - Checking response object

04-09-2024T08:30:56 - [MESSAGE][INFO] - -99.205670

04-09-2024T08:30:56 - [MESSAGE][PASSED] - totalplay.Common.verifyPropertyValueExist is PASSED

04-09-2024T08:30:56 - [TEST_STEP][PASSED] - totalplay.Common.verifyPropertyExist(AddAddressToCart, billing_address_c_nExt): totalplay.Common.verifyPropertyExist is PASSED

04-09-2024T08:30:56 - [MESSAGE][INFO] - Checking response object

04-09-2024T08:30:56 - [MESSAGE][PASSED] - totalplay.Common.verifyPropertyExist is PASSED

04-09-2024T08:30:56 - [TEST_STEP][PASSED] - totalplay.Common.verifyPropertyValueExist(AddAddressToCart, billing_address_c_nExt): totalplay.Common.verifyPropertyValueExist is PASSED

04-09-2024T08:30:56 - [MESSAGE][INFO] - Checking response object

04-09-2024T08:30:56 - [MESSAGE][INFO] - 107

04-09-2024T08:30:56 - [MESSAGE][PASSED] - totalplay.Common.verifyPropertyValueExist is PASSED

04-09-2024T08:30:56 - [TEST_STEP][PASSED] - totalplay.Common.verifyPropertyExist(AddAddressToCart, billing_address_c_neighborhood): totalplay.Common.verifyPropertyExist is PASSED

04-09-2024T08:30:56 - [MESSAGE][INFO] - Checking response object

04-09-2024T08:30:56 - [MESSAGE][PASSED] - totalplay.Common.verifyPropertyExist is PASSED

04-09-2024T08:30:56 - [TEST_STEP][PASSED] - totalplay.Common.verifyPropertyValueExist(AddAddressToCart, billing_address_c_neighborhood): totalplay.Common.verifyPropertyValueExist is PASSED

04-09-2024T08:30:56 - [MESSAGE][INFO] - Checking response object

04-09-2024T08:30:56 - [MESSAGE][INFO] - Polanco

04-09-2024T08:30:56 - [MESSAGE][PASSED] - totalplay.Common.verifyPropertyValueExist is PASSED

04-09-2024T08:30:56 - [TEST_STEP][PASSED] - totalplay.Common.verifyPropertyExist(AddAddressToCart, billing_address_c_references): totalplay.Common.verifyPropertyExist is PASSED

04-09-2024T08:30:56 - [MESSAGE][INFO] - Checking response object

04-09-2024T08:30:56 - [MESSAGE][PASSED] - totalplay.Common.verifyPropertyExist is PASSED

04-09-2024T08:30:56 - [TEST_STEP][PASSED] - totalplay.Common.verifyPropertyValueExist(AddAddressToCart, billing_address_c_references): totalplay.Common.verifyPropertyValueExist is PASSED

04-09-2024T08:30:56 - [MESSAGE][INFO] - Checking response object

04-09-2024T08:30:56 - [MESSAGE][INFO] - Llamar al llegar

04-09-2024T08:30:56 - [MESSAGE][PASSED] - totalplay.Common.verifyPropertyValueExist is PASSED

04-09-2024T08:30:56 - [TEST_STEP][PASSED] - totalplay.Common.verifyPropertyExist(AddAddressToCart, billing_address_c_rfc): totalplay.Common.verifyPropertyExist is PASSED

04-09-2024T08:30:56 - [MESSAGE][INFO] - Checking response object

04-09-2024T08:30:57 - [MESSAGE][PASSED] - totalplay.Common.verifyPropertyExist is PASSED

04-09-2024T08:30:57 - [TEST_STEP][PASSED] - totalplay.Common.verifyPropertyValueExist(AddAddressToCart, billing_address_c_rfc): totalplay.Common.verifyPropertyValueExist is PASSED

04-09-2024T08:30:57 - [MESSAGE][INFO] - Checking response object

04-09-2024T08:30:57 - [MESSAGE][INFO] - XAXA010101111

04-09-2024T08:30:57 - [MESSAGE][PASSED] - totalplay.Common.verifyPropertyValueExist is PASSED

04-09-2024T08:30:57 - [TEST_STEP][PASSED] - totalplay.Common.verifyPropertyExist(AddAddressToCart, billing_address_c_state): totalplay.Common.verifyPropertyExist is PASSED

04-09-2024T08:30:57 - [MESSAGE][INFO] - Checking response object

04-09-2024T08:30:57 - [MESSAGE][PASSED] - totalplay.Common.verifyPropertyExist is PASSED

04-09-2024T08:30:57 - [TEST_STEP][PASSED] - totalplay.Common.verifyPropertyValueExist(AddAddressToCart, billing_address_c_state): totalplay.Common.verifyPropertyValueExist is PASSED

04-09-2024T08:30:57 - [MESSAGE][INFO] - Checking response object

04-09-2024T08:30:57 - [MESSAGE][INFO] - CDMX

04-09-2024T08:30:57 - [MESSAGE][PASSED] - totalplay.Common.verifyPropertyValueExist is PASSED

04-09-2024T08:30:57 - [TEST_STEP][PASSED] - totalplay.Common.verifyPropertyExist(AddAddressToCart, billing_address_c_streetName): totalplay.Common.verifyPropertyExist is PASSED

04-09-2024T08:30:57 - [MESSAGE][INFO] - Checking response object

04-09-2024T08:30:57 - [MESSAGE][PASSED] - totalplay.Common.verifyPropertyExist is PASSED

04-09-2024T08:30:57 - [TEST_STEP][PASSED] - totalplay.Common.verifyPropertyValueExist(AddAddressToCart, billing_address_c_streetName): totalplay.Common.verifyPropertyValueExist is PASSED

04-09-2024T08:30:57 - [MESSAGE][INFO] - Checking response object

04-09-2024T08:30:57 - [MESSAGE][INFO] - Alejandro Dumas

04-09-2024T08:30:57 - [MESSAGE][PASSED] - totalplay.Common.verifyPropertyValueExist is PASSED

04-09-2024T08:30:57 - [TEST_STEP][PASSED] - totalplay.Common.verifyPropertyExist(AddAddressToCart, channel_type): totalplay.Common.verifyPropertyExist is PASSED

04-09-2024T08:30:57 - [MESSAGE][INFO] - Checking response object

04-09-2024T08:30:57 - [MESSAGE][PASSED] - totalplay.Common.verifyPropertyExist is PASSED

04-09-2024T08:30:57 - [TEST_STEP][PASSED] - totalplay.Common.verifyPropertyValueExist(AddAddressToCart, channel_type): totalplay.Common.verifyPropertyValueExist is PASSED

04-09-2024T08:30:57 - [MESSAGE][INFO] - Checking response object

04-09-2024T08:30:57 - [MESSAGE][INFO] - storefront

04-09-2024T08:30:57 - [MESSAGE][PASSED] - totalplay.Common.verifyPropertyValueExist is PASSED

04-09-2024T08:30:57 - [TEST_STEP][PASSED] - totalplay.Common.verifyPropertyExist(AddAddressToCart, customer_info__type): totalplay.Common.verifyPropertyExist is PASSED

04-09-2024T08:30:57 - [MESSAGE][INFO] - Checking response object

04-09-2024T08:30:57 - [MESSAGE][PASSED] - totalplay.Common.verifyPropertyExist is PASSED

04-09-2024T08:30:57 - [TEST_STEP][PASSED] - totalplay.Common.verifyPropertyValueExist(AddAddressToCart, customer_info__type): totalplay.Common.verifyPropertyValueExist is PASSED

04-09-2024T08:30:57 - [MESSAGE][INFO] - Checking response object

04-09-2024T08:30:57 - [MESSAGE][INFO] - customer_info

04-09-2024T08:30:57 - [MESSAGE][PASSED] - totalplay.Common.verifyPropertyValueExist is PASSED

04-09-2024T08:30:57 - [TEST_STEP][PASSED] - totalplay.Common.verifyPropertyExist(AddAddressToCart, customer_info_customer_id): totalplay.Common.verifyPropertyExist is PASSED

04-09-2024T08:30:57 - [MESSAGE][INFO] - Checking response object

04-09-2024T08:30:57 - [MESSAGE][PASSED] - totalplay.Common.verifyPropertyExist is PASSED

04-09-2024T08:30:57 - [TEST_STEP][PASSED] - totalplay.Common.verifyPropertyValueExist(AddAddressToCart, customer_info_customer_id): totalplay.Common.verifyPropertyValueExist is PASSED

04-09-2024T08:30:57 - [MESSAGE][INFO] - Checking response object

04-09-2024T08:30:57 - [MESSAGE][INFO] - acTAcwrTj6ECo7V8WDIa5leqor

04-09-2024T08:30:57 - [MESSAGE][PASSED] - totalplay.Common.verifyPropertyValueExist is PASSED

04-09-2024T08:30:57 - [TEST_STEP][PASSED] - totalplay.Common.verifyPropertyExist(AddAddressToCart, customer_info_customer_no): totalplay.Common.verifyPropertyExist is PASSED

04-09-2024T08:30:57 - [MESSAGE][INFO] - Checking response object

04-09-2024T08:30:57 - [MESSAGE][PASSED] - totalplay.Common.verifyPropertyExist is PASSED

04-09-2024T08:30:57 - [TEST_STEP][PASSED] - totalplay.Common.verifyPropertyValueExist(AddAddressToCart, customer_info_customer_no): totalplay.Common.verifyPropertyValueExist is PASSED

04-09-2024T08:30:57 - [MESSAGE][INFO] - Checking response object

04-09-2024T08:30:57 - [MESSAGE][INFO] - 00012002

04-09-2024T08:30:57 - [MESSAGE][PASSED] - totalplay.Common.verifyPropertyValueExist is PASSED

04-09-2024T08:30:57 - [TEST_STEP][PASSED] - totalplay.Common.verifyPropertyExist(AddAddressToCart, customer_info_email): totalplay.Common.verifyPropertyExist is PASSED

04-09-2024T08:30:57 - [MESSAGE][INFO] - Checking response object

04-09-2024T08:30:57 - [MESSAGE][PASSED] - totalplay.Common.verifyPropertyExist is PASSED

04-09-2024T08:30:57 - [TEST_STEP][PASSED] - totalplay.Common.verifyPropertyValueExist(AddAddressToCart, customer_info_email): totalplay.Common.verifyPropertyValueExist is PASSED

04-09-2024T08:30:57 - [MESSAGE][INFO] - Checking response object

04-09-2024T08:30:57 - [MESSAGE][INFO] - cesar.waldo93@gmail.com

04-09-2024T08:30:57 - [MESSAGE][PASSED] - totalplay.Common.verifyPropertyValueExist is PASSED

04-09-2024T08:30:57 - [TEST_STEP][PASSED] - totalplay.Common.verifyPropertyExist(AddAddressToCart, last_modified): totalplay.Common.verifyPropertyExist is PASSED

04-09-2024T08:30:57 - [MESSAGE][INFO] - Checking response object

04-09-2024T08:30:57 - [MESSAGE][PASSED] - totalplay.Common.verifyPropertyExist is PASSED

04-09-2024T08:30:57 - [TEST_STEP][PASSED] - totalplay.Common.verifyPropertyValueExist(AddAddressToCart, last_modified): totalplay.Common.verifyPropertyValueExist is PASSED

04-09-2024T08:30:57 - [MESSAGE][INFO] - Checking response object

04-09-2024T08:30:57 - [MESSAGE][INFO] - 2024-09-04T03:00:53.862Z

04-09-2024T08:30:57 - [MESSAGE][PASSED] - totalplay.Common.verifyPropertyValueExist is PASSED

04-09-2024T08:30:57 - [TEST_STEP][PASSED] - totalplay.Common.getDecimalValueofObject(AddAddressToCart, merchandize_total_tax): totalplay.Common.getDecimalValueofObject is PASSED

04-09-2024T08:30:57 - [MESSAGE][INFO] - Checking response object

04-09-2024T08:30:57 - [MESSAGE][PASSED] - totalplay.Common.getDecimalValueofObject is PASSED

04-09-2024T08:30:57 - [TEST_STEP][PASSED] - totalplay.Common.verifyPropertyExist(AddAddressToCart, notes__type): totalplay.Common.verifyPropertyExist is PASSED

04-09-2024T08:30:57 - [MESSAGE][INFO] - Checking response object

04-09-2024T08:30:57 - [MESSAGE][PASSED] - totalplay.Common.verifyPropertyExist is PASSED

04-09-2024T08:30:57 - [TEST_STEP][PASSED] - totalplay.Common.verifyPropertyValueExist(AddAddressToCart, notes__type): totalplay.Common.verifyPropertyValueExist is PASSED

04-09-2024T08:30:57 - [MESSAGE][INFO] - Checking response object

04-09-2024T08:30:58 - [MESSAGE][INFO] - simple_link

04-09-2024T08:30:58 - [MESSAGE][PASSED] - totalplay.Common.verifyPropertyValueExist is PASSED

04-09-2024T08:30:58 - [TEST_STEP][PASSED] - totalplay.Common.verifyPropertyExist(AddAddressToCart, notes_link): totalplay.Common.verifyPropertyExist is PASSED

04-09-2024T08:30:58 - [MESSAGE][INFO] - Checking response object

04-09-2024T08:30:58 - [MESSAGE][PASSED] - totalplay.Common.verifyPropertyExist is PASSED

04-09-2024T08:30:58 - [TEST_STEP][PASSED] - totalplay.Common.verifyPropertyValueExist(AddAddressToCart, notes_link): totalplay.Common.verifyPropertyValueExist is PASSED

04-09-2024T08:30:58 - [MESSAGE][INFO] - Checking response object

04-09-2024T08:30:58 - [MESSAGE][INFO] - https://salesforceqa.sistemastp.com.mx/s/TP-FOOD/dw/shop/v24_5/baskets/e6fb0f84530e584bfd75ed75eb/notes?use_as_shipping=true

04-09-2024T08:30:58 - [MESSAGE][PASSED] - totalplay.Common.verifyPropertyValueExist is PASSED

04-09-2024T08:30:58 - [TEST_STEP][PASSED] - totalplay.Common.getDecimalValueofObject(AddAddressToCart, order_total): totalplay.Common.getDecimalValueofObject is PASSED

04-09-2024T08:30:58 - [MESSAGE][INFO] - Checking response object

04-09-2024T08:30:58 - [MESSAGE][PASSED] - totalplay.Common.getDecimalValueofObject is PASSED

04-09-2024T08:30:58 - [TEST_STEP][PASSED] - totalplay.Common.verifyPropertyExist(AddAddressToCart, product_items_0__type): totalplay.Common.verifyPropertyExist is PASSED

04-09-2024T08:30:58 - [MESSAGE][INFO] - Checking response object

04-09-2024T08:30:58 - [MESSAGE][PASSED] - totalplay.Common.verifyPropertyExist is PASSED

04-09-2024T08:30:58 - [TEST_STEP][PASSED] - totalplay.Common.verifyPropertyValueExist(AddAddressToCart, product_items_0__type): totalplay.Common.verifyPropertyValueExist is PASSED

04-09-2024T08:30:58 - [MESSAGE][INFO] - Checking response object

04-09-2024T08:30:58 - [MESSAGE][INFO] - product_item

04-09-2024T08:30:58 - [MESSAGE][PASSED] - totalplay.Common.verifyPropertyValueExist is PASSED

04-09-2024T08:30:58 - [TEST_STEP][PASSED] - totalplay.Common.getDecimalValueofObject(AddAddressToCart, product_items_0_adjusted_tax): totalplay.Common.getDecimalValueofObject is PASSED

04-09-2024T08:30:58 - [MESSAGE][INFO] - Checking response object

04-09-2024T08:30:58 - [MESSAGE][PASSED] - totalplay.Common.getDecimalValueofObject is PASSED

04-09-2024T08:30:58 - [TEST_STEP][PASSED] - totalplay.Common.getDecimalValueofObject(AddAddressToCart, product_items_0_base_price): totalplay.Common.getDecimalValueofObject is PASSED

04-09-2024T08:30:58 - [MESSAGE][INFO] - Checking response object

04-09-2024T08:30:58 - [MESSAGE][PASSED] - totalplay.Common.getDecimalValueofObject is PASSED

04-09-2024T08:30:58 - [TEST_STEP][PASSED] - totalplay.Common.getBooleanValueofObject(AddAddressToCart, product_items_0_bonus_product_line_item): totalplay.Common.getBooleanValueofObject is PASSED

04-09-2024T08:30:58 - [MESSAGE][INFO] - Checking response object

04-09-2024T08:30:58 - [MESSAGE][PASSED] - totalplay.Common.getBooleanValueofObject is PASSED

04-09-2024T08:30:58 - [TEST_STEP][PASSED] - totalplay.Common.getBooleanValueofObject(AddAddressToCart, product_items_0_gift): totalplay.Common.getBooleanValueofObject is PASSED

04-09-2024T08:30:58 - [MESSAGE][INFO] - Checking response object

04-09-2024T08:30:58 - [MESSAGE][PASSED] - totalplay.Common.getBooleanValueofObject is PASSED

04-09-2024T08:30:58 - [TEST_STEP][PASSED] - totalplay.Common.verifyPropertyExist(AddAddressToCart, product_items_0_inventory_id): totalplay.Common.verifyPropertyExist is PASSED

04-09-2024T08:30:58 - [MESSAGE][INFO] - Checking response object

04-09-2024T08:30:58 - [MESSAGE][PASSED] - totalplay.Common.verifyPropertyExist is PASSED

04-09-2024T08:30:58 - [TEST_STEP][PASSED] - totalplay.Common.verifyPropertyValueExist(AddAddressToCart, product_items_0_inventory_id): totalplay.Common.verifyPropertyValueExist is PASSED

04-09-2024T08:30:58 - [MESSAGE][INFO] - Checking response object

04-09-2024T08:30:58 - [MESSAGE][INFO] - inventory_m_food_mirakl

04-09-2024T08:30:58 - [MESSAGE][PASSED] - totalplay.Common.verifyPropertyValueExist is PASSED

04-09-2024T08:30:58 - [TEST_STEP][PASSED] - totalplay.Common.verifyPropertyExist(AddAddressToCart, product_items_0_item_id): totalplay.Common.verifyPropertyExist is PASSED

04-09-2024T08:30:58 - [MESSAGE][INFO] - Checking response object

04-09-2024T08:30:58 - [MESSAGE][PASSED] - totalplay.Common.verifyPropertyExist is PASSED

04-09-2024T08:30:58 - [TEST_STEP][PASSED] - totalplay.Common.verifyPropertyValueExist(AddAddressToCart, product_items_0_item_id): totalplay.Common.verifyPropertyValueExist is PASSED

04-09-2024T08:30:58 - [MESSAGE][INFO] - Checking response object

04-09-2024T08:30:58 - [MESSAGE][INFO] - 36f6dba420379fe9ea537475c2

04-09-2024T08:30:58 - [MESSAGE][PASSED] - totalplay.Common.verifyPropertyValueExist is PASSED

04-09-2024T08:30:58 - [TEST_STEP][PASSED] - totalplay.Common.verifyPropertyExist(AddAddressToCart, product_items_0_item_text): totalplay.Common.verifyPropertyExist is PASSED

04-09-2024T08:30:58 - [MESSAGE][INFO] - Checking response object

04-09-2024T08:30:58 - [MESSAGE][PASSED] - totalplay.Common.verifyPropertyExist is PASSED

04-09-2024T08:30:58 - [TEST_STEP][PASSED] - totalplay.Common.verifyPropertyValueExist(AddAddressToCart, product_items_0_item_text): totalplay.Common.verifyPropertyValueExist is PASSED

04-09-2024T08:30:58 - [MESSAGE][INFO] - Checking response object

04-09-2024T08:30:58 - [MESSAGE][INFO] - Orden de Maciza (100 g)

04-09-2024T08:30:58 - [MESSAGE][PASSED] - totalplay.Common.verifyPropertyValueExist is PASSED

04-09-2024T08:30:58 - [TEST_STEP][PASSED] - totalplay.Common.getDecimalValueofObject(AddAddressToCart, product_items_0_price): totalplay.Common.getDecimalValueofObject is PASSED

04-09-2024T08:30:58 - [MESSAGE][INFO] - Checking response object

04-09-2024T08:30:58 - [MESSAGE][PASSED] - totalplay.Common.getDecimalValueofObject is PASSED

04-09-2024T08:30:58 - [TEST_STEP][PASSED] - totalplay.Common.getDecimalValueofObject(AddAddressToCart, product_items_0_price_after_item_discount): totalplay.Common.getDecimalValueofObject is PASSED

04-09-2024T08:30:58 - [MESSAGE][INFO] - Checking response object

04-09-2024T08:30:58 - [MESSAGE][PASSED] - totalplay.Common.getDecimalValueofObject is PASSED

04-09-2024T08:30:58 - [TEST_STEP][PASSED] - totalplay.Common.getDecimalValueofObject(AddAddressToCart, product_items_0_price_after_order_discount): totalplay.Common.getDecimalValueofObject is PASSED

04-09-2024T08:30:58 - [MESSAGE][INFO] - Checking response object

04-09-2024T08:30:58 - [MESSAGE][PASSED] - totalplay.Common.getDecimalValueofObject is PASSED

04-09-2024T08:30:58 - [TEST_STEP][PASSED] - totalplay.Common.verifyPropertyExist(AddAddressToCart, product_items_0_product_id): totalplay.Common.verifyPropertyExist is PASSED

04-09-2024T08:30:58 - [MESSAGE][INFO] - Checking response object

04-09-2024T08:30:58 - [MESSAGE][PASSED] - totalplay.Common.verifyPropertyExist is PASSED

04-09-2024T08:30:58 - [TEST_STEP][PASSED] - totalplay.Common.verifyPropertyValueExist(AddAddressToCart, product_items_0_product_id): totalplay.Common.verifyPropertyValueExist is PASSED

04-09-2024T08:30:58 - [MESSAGE][INFO] - Checking response object

04-09-2024T08:30:58 - [MESSAGE][INFO] - C828554986

04-09-2024T08:30:58 - [MESSAGE][PASSED] - totalplay.Common.verifyPropertyValueExist is PASSED

04-09-2024T08:30:58 - [TEST_STEP][PASSED] - totalplay.Common.verifyPropertyExist(AddAddressToCart, product_items_0_product_name): totalplay.Common.verifyPropertyExist is PASSED

04-09-2024T08:30:58 - [MESSAGE][INFO] - Checking response object

04-09-2024T08:30:58 - [MESSAGE][PASSED] - totalplay.Common.verifyPropertyExist is PASSED

04-09-2024T08:30:58 - [TEST_STEP][PASSED] - totalplay.Common.verifyPropertyValueExist(AddAddressToCart, product_items_0_product_name): totalplay.Common.verifyPropertyValueExist is PASSED

04-09-2024T08:30:58 - [MESSAGE][INFO] - Checking response object

04-09-2024T08:30:58 - [MESSAGE][INFO] - Orden de Maciza (100 g)

04-09-2024T08:30:58 - [MESSAGE][PASSED] - totalplay.Common.verifyPropertyValueExist is PASSED

04-09-2024T08:30:58 - [TEST_STEP][PASSED] - totalplay.Common.getNumValueofObject(AddAddressToCart, product_items_0_quantity): totalplay.Common.getNumValueofObject is PASSED

04-09-2024T08:30:58 - [MESSAGE][INFO] - Checking response object

04-09-2024T08:30:58 - [MESSAGE][PASSED] - totalplay.Common.getNumValueofObject is PASSED

04-09-2024T08:30:58 - [TEST_STEP][PASSED] - totalplay.Common.verifyPropertyExist(AddAddressToCart, product_items_0_shipment_id): totalplay.Common.verifyPropertyExist is PASSED

04-09-2024T08:30:58 - [MESSAGE][INFO] - Checking response object

04-09-2024T08:30:59 - [MESSAGE][PASSED] - totalplay.Common.verifyPropertyExist is PASSED

04-09-2024T08:30:59 - [TEST_STEP][PASSED] - totalplay.Common.verifyPropertyValueExist(AddAddressToCart, product_items_0_shipment_id): totalplay.Common.verifyPropertyValueExist is PASSED

04-09-2024T08:30:59 - [MESSAGE][INFO] - Checking response object

04-09-2024T08:30:59 - [MESSAGE][INFO] - me

04-09-2024T08:30:59 - [MESSAGE][PASSED] - totalplay.Common.verifyPropertyValueExist is PASSED

04-09-2024T08:30:59 - [TEST_STEP][PASSED] - totalplay.Common.getDecimalValueofObject(AddAddressToCart, product_items_0_tax): totalplay.Common.getDecimalValueofObject is PASSED

04-09-2024T08:30:59 - [MESSAGE][INFO] - Checking response object

04-09-2024T08:30:59 - [MESSAGE][PASSED] - totalplay.Common.getDecimalValueofObject is PASSED

04-09-2024T08:30:59 - [TEST_STEP][PASSED] - totalplay.Common.getDecimalValueofObject(AddAddressToCart, product_items_0_tax_basis): totalplay.Common.getDecimalValueofObject is PASSED

04-09-2024T08:30:59 - [MESSAGE][INFO] - Checking response object

04-09-2024T08:30:59 - [MESSAGE][PASSED] - totalplay.Common.getDecimalValueofObject is PASSED

04-09-2024T08:30:59 - [TEST_STEP][PASSED] - totalplay.Common.verifyPropertyExist(AddAddressToCart, product_items_0_tax_class_id): totalplay.Common.verifyPropertyExist is PASSED

04-09-2024T08:30:59 - [MESSAGE][INFO] - Checking response object

04-09-2024T08:30:59 - [MESSAGE][PASSED] - totalplay.Common.verifyPropertyExist is PASSED

04-09-2024T08:30:59 - [TEST_STEP][PASSED] - totalplay.Common.verifyPropertyValueExist(AddAddressToCart, product_items_0_tax_class_id): totalplay.Common.verifyPropertyValueExist is PASSED

04-09-2024T08:30:59 - [MESSAGE][INFO] - Checking response object

04-09-2024T08:30:59 - [MESSAGE][INFO] - product_zero_tax

04-09-2024T08:30:59 - [MESSAGE][PASSED] - totalplay.Common.verifyPropertyValueExist is PASSED

04-09-2024T08:30:59 - [TEST_STEP][PASSED] - totalplay.Common.getDecimalValueofObject(AddAddressToCart, product_items_0_tax_rate): totalplay.Common.getDecimalValueofObject is PASSED

04-09-2024T08:30:59 - [MESSAGE][INFO] - Checking response object

04-09-2024T08:30:59 - [MESSAGE][PASSED] - totalplay.Common.getDecimalValueofObject is PASSED

04-09-2024T08:30:59 - [TEST_STEP][PASSED] - totalplay.Common.verifyPropertyExist(AddAddressToCart, product_items_0_c_fromStoreId): totalplay.Common.verifyPropertyExist is PASSED

04-09-2024T08:30:59 - [MESSAGE][INFO] - Checking response object

04-09-2024T08:30:59 - [MESSAGE][PASSED] - totalplay.Common.verifyPropertyExist is PASSED

04-09-2024T08:30:59 - [TEST_STEP][PASSED] - totalplay.Common.verifyPropertyValueExist(AddAddressToCart, product_items_0_c_fromStoreId): totalplay.Common.verifyPropertyValueExist is PASSED

04-09-2024T08:30:59 - [MESSAGE][INFO] - Checking response object

04-09-2024T08:30:59 - [MESSAGE][INFO] - 4158

04-09-2024T08:30:59 - [MESSAGE][PASSED] - totalplay.Common.verifyPropertyValueExist is PASSED

04-09-2024T08:30:59 - [TEST_STEP][PASSED] - totalplay.Common.verifyPropertyExist(AddAddressToCart, product_items_0_c_miraklChannels): totalplay.Common.verifyPropertyExist is PASSED

04-09-2024T08:30:59 - [MESSAGE][INFO] - Checking response object

04-09-2024T08:30:59 - [MESSAGE][PASSED] - totalplay.Common.verifyPropertyExist is PASSED

04-09-2024T08:30:59 - [TEST_STEP][PASSED] - totalplay.Common.verifyPropertyValueExist(AddAddressToCart, product_items_0_c_miraklChannels): totalplay.Common.verifyPropertyValueExist is PASSED

04-09-2024T08:30:59 - [MESSAGE][INFO] - Checking response object

04-09-2024T08:30:59 - [MESSAGE][INFO] - ["INIT"]

04-09-2024T08:30:59 - [MESSAGE][PASSED] - totalplay.Common.verifyPropertyValueExist is PASSED

04-09-2024T08:30:59 - [TEST_STEP][PASSED] - totalplay.Common.verifyPropertyExist(AddAddressToCart, product_items_0_c_miraklOperatorProductId): totalplay.Common.verifyPropertyExist is PASSED

04-09-2024T08:30:59 - [MESSAGE][INFO] - Checking response object

04-09-2024T08:30:59 - [MESSAGE][PASSED] - totalplay.Common.verifyPropertyExist is PASSED

04-09-2024T08:30:59 - [TEST_STEP][PASSED] - totalplay.Common.verifyPropertyValueExist(AddAddressToCart, product_items_0_c_miraklOperatorProductId): totalplay.Common.verifyPropertyValueExist is PASSED

04-09-2024T08:30:59 - [MESSAGE][INFO] - Checking response object

04-09-2024T08:30:59 - [MESSAGE][INFO] - C828554986

04-09-2024T08:30:59 - [MESSAGE][PASSED] - totalplay.Common.verifyPropertyValueExist is PASSED

04-09-2024T08:30:59 - [TEST_STEP][PASSED] - totalplay.Common.verifyPropertyExist(AddAddressToCart, product_items_0_c_miraklShippingTaxes): totalplay.Common.verifyPropertyExist is PASSED

04-09-2024T08:30:59 - [MESSAGE][INFO] - Checking response object

04-09-2024T08:30:59 - [MESSAGE][PASSED] - totalplay.Common.verifyPropertyExist is PASSED

04-09-2024T08:30:59 - [TEST_STEP][PASSED] - totalplay.Common.verifyPropertyValueExist(AddAddressToCart, product_items_0_c_miraklShippingTaxes): totalplay.Common.verifyPropertyValueExist is PASSED

04-09-2024T08:30:59 - [MESSAGE][INFO] - Checking response object

04-09-2024T08:30:59 - [MESSAGE][INFO] - [{"amount":0,"type":"product_zero_tax","isTaxRate":true,"rate":0}]

04-09-2024T08:30:59 - [MESSAGE][PASSED] - totalplay.Common.verifyPropertyValueExist is PASSED

04-09-2024T08:30:59 - [TEST_STEP][PASSED] - totalplay.Common.verifyPropertyExist(AddAddressToCart, product_items_0_c_miraklTaxes): totalplay.Common.verifyPropertyExist is PASSED

04-09-2024T08:30:59 - [MESSAGE][INFO] - Checking response object

04-09-2024T08:30:59 - [MESSAGE][PASSED] - totalplay.Common.verifyPropertyExist is PASSED

04-09-2024T08:30:59 - [TEST_STEP][PASSED] - totalplay.Common.verifyPropertyValueExist(AddAddressToCart, product_items_0_c_miraklTaxes): totalplay.Common.verifyPropertyValueExist is PASSED

04-09-2024T08:30:59 - [MESSAGE][INFO] - Checking response object

04-09-2024T08:30:59 - [MESSAGE][INFO] - [{"amount":0,"type":"product_zero_tax","isTaxRate":true,"rate":0}]

04-09-2024T08:30:59 - [MESSAGE][PASSED] - totalplay.Common.verifyPropertyValueExist is PASSED

04-09-2024T08:30:59 - [TEST_STEP][PASSED] - totalplay.Common.getNumValueofObject(AddAddressToCart, product_items_0_c_noOfPersons): totalplay.Common.getNumValueofObject is PASSED

04-09-2024T08:30:59 - [MESSAGE][INFO] - Checking response object

04-09-2024T08:30:59 - [MESSAGE][PASSED] - totalplay.Common.getNumValueofObject is PASSED

04-09-2024T08:30:59 - [TEST_STEP][PASSED] - totalplay.Common.verifyPropertyExist(AddAddressToCart, product_items_0_c_offerId): totalplay.Common.verifyPropertyExist is PASSED

04-09-2024T08:30:59 - [MESSAGE][INFO] - Checking response object

04-09-2024T08:30:59 - [MESSAGE][PASSED] - totalplay.Common.verifyPropertyExist is PASSED

04-09-2024T08:30:59 - [TEST_STEP][PASSED] - totalplay.Common.verifyPropertyValueExist(AddAddressToCart, product_items_0_c_offerId): totalplay.Common.verifyPropertyValueExist is PASSED

04-09-2024T08:30:59 - [MESSAGE][INFO] - Checking response object

04-09-2024T08:30:59 - [MESSAGE][INFO] - 541185

04-09-2024T08:30:59 - [MESSAGE][PASSED] - totalplay.Common.verifyPropertyValueExist is PASSED

04-09-2024T08:30:59 - [TEST_STEP][PASSED] - totalplay.Common.getDecimalValueofObject(AddAddressToCart, product_items_0_c_offerSalesPrice): totalplay.Common.getDecimalValueofObject is PASSED

04-09-2024T08:30:59 - [MESSAGE][INFO] - Checking response object

04-09-2024T08:30:59 - [MESSAGE][PASSED] - totalplay.Common.getDecimalValueofObject is PASSED

04-09-2024T08:30:59 - [TEST_STEP][PASSED] - totalplay.Common.verifyPropertyExist(AddAddressToCart, product_items_0_c_offerState): totalplay.Common.verifyPropertyExist is PASSED

04-09-2024T08:30:59 - [MESSAGE][INFO] - Checking response object

04-09-2024T08:30:59 - [MESSAGE][PASSED] - totalplay.Common.verifyPropertyExist is PASSED

04-09-2024T08:30:59 - [TEST_STEP][PASSED] - totalplay.Common.verifyPropertyValueExist(AddAddressToCart, product_items_0_c_offerState): totalplay.Common.verifyPropertyValueExist is PASSED

04-09-2024T08:30:59 - [MESSAGE][INFO] - Checking response object

04-09-2024T08:30:59 - [MESSAGE][INFO] - Nuevo

04-09-2024T08:30:59 - [MESSAGE][PASSED] - totalplay.Common.verifyPropertyValueExist is PASSED

04-09-2024T08:30:59 - [TEST_STEP][PASSED] - totalplay.Common.verifyPropertyExist(AddAddressToCart, product_items_0_c_offerStateCode): totalplay.Common.verifyPropertyExist is PASSED

04-09-2024T08:30:59 - [MESSAGE][INFO] - Checking response object

04-09-2024T08:31:00 - [MESSAGE][PASSED] - totalplay.Common.verifyPropertyExist is PASSED

04-09-2024T08:31:00 - [TEST_STEP][PASSED] - totalplay.Common.verifyPropertyValueExist(AddAddressToCart, product_items_0_c_offerStateCode): totalplay.Common.verifyPropertyValueExist is PASSED

04-09-2024T08:31:00 - [MESSAGE][INFO] - Checking response object

04-09-2024T08:31:00 - [MESSAGE][INFO] - 11

04-09-2024T08:31:00 - [MESSAGE][PASSED] - totalplay.Common.verifyPropertyValueExist is PASSED

04-09-2024T08:31:00 - [TEST_STEP][PASSED] - totalplay.Common.verifyPropertyExist(AddAddressToCart, product_items_0_c_shopId): totalplay.Common.verifyPropertyExist is PASSED

04-09-2024T08:31:00 - [MESSAGE][INFO] - Checking response object

04-09-2024T08:31:00 - [MESSAGE][PASSED] - totalplay.Common.verifyPropertyExist is PASSED

04-09-2024T08:31:00 - [TEST_STEP][PASSED] - totalplay.Common.verifyPropertyValueExist(AddAddressToCart, product_items_0_c_shopId): totalplay.Common.verifyPropertyValueExist is PASSED

04-09-2024T08:31:00 - [MESSAGE][INFO] - Checking response object

04-09-2024T08:31:00 - [MESSAGE][INFO] - 4158

04-09-2024T08:31:00 - [MESSAGE][PASSED] - totalplay.Common.verifyPropertyValueExist is PASSED

04-09-2024T08:31:00 - [TEST_STEP][PASSED] - totalplay.Common.verifyPropertyExist(AddAddressToCart, product_items_0_c_shopName): totalplay.Common.verifyPropertyExist is PASSED

04-09-2024T08:31:00 - [MESSAGE][INFO] - Checking response object

04-09-2024T08:31:00 - [MESSAGE][PASSED] - totalplay.Common.verifyPropertyExist is PASSED

04-09-2024T08:31:00 - [TEST_STEP][PASSED] - totalplay.Common.verifyPropertyValueExist(AddAddressToCart, product_items_0_c_shopName): totalplay.Common.verifyPropertyValueExist is PASSED

04-09-2024T08:31:00 - [MESSAGE][INFO] - Checking response object

04-09-2024T08:31:00 - [MESSAGE][INFO] - La Casa De Toño Polanco

04-09-2024T08:31:00 - [MESSAGE][PASSED] - totalplay.Common.verifyPropertyValueExist is PASSED

04-09-2024T08:31:00 - [TEST_STEP][PASSED] - totalplay.Common.getDecimalValueofObject(AddAddressToCart, product_items_0_c_total_crossed_price): totalplay.Common.getDecimalValueofObject is PASSED

04-09-2024T08:31:00 - [MESSAGE][INFO] - Checking response object

04-09-2024T08:31:00 - [MESSAGE][PASSED] - totalplay.Common.getDecimalValueofObject is PASSED

04-09-2024T08:31:00 - [TEST_STEP][PASSED] - totalplay.Common.getDecimalValueofObject(AddAddressToCart, product_items_0_c_priceWithComplement): totalplay.Common.getDecimalValueofObject is PASSED

04-09-2024T08:31:00 - [MESSAGE][INFO] - Checking response object

04-09-2024T08:31:00 - [MESSAGE][PASSED] - totalplay.Common.getDecimalValueofObject is PASSED

04-09-2024T08:31:00 - [TEST_STEP][PASSED] - totalplay.Common.verifyPropertyExist(AddAddressToCart, product_items_0_c_imagesData_large_0_alt): totalplay.Common.verifyPropertyExist is PASSED

04-09-2024T08:31:00 - [MESSAGE][INFO] - Checking response object

04-09-2024T08:31:00 - [MESSAGE][PASSED] - totalplay.Common.verifyPropertyExist is PASSED

04-09-2024T08:31:00 - [TEST_STEP][PASSED] - totalplay.Common.verifyPropertyValueExist(AddAddressToCart, product_items_0_c_shopName): totalplay.Common.verifyPropertyValueExist is PASSED

04-09-2024T08:31:00 - [MESSAGE][INFO] - Checking response object

04-09-2024T08:31:00 - [MESSAGE][INFO] - La Casa De Toño Polanco

04-09-2024T08:31:00 - [MESSAGE][PASSED] - totalplay.Common.verifyPropertyValueExist is PASSED

04-09-2024T08:31:00 - [TEST_STEP][PASSED] - totalplay.Common.verifyPropertyValueEmptyString(AddAddressToCart, product_items_0_c_imagesData_large_0_url): totalplay.Common.verifyPropertyValueEmptyString is PASSED

04-09-2024T08:31:00 - [MESSAGE][INFO] - Checking response object

04-09-2024T08:31:00 - [MESSAGE][INFO] - 

04-09-2024T08:31:00 - [MESSAGE][PASSED] - totalplay.Common.verifyPropertyValueEmptyString is PASSED

04-09-2024T08:31:00 - [TEST_STEP][PASSED] - totalplay.Common.verifyPropertyExist(AddAddressToCart, product_items_0_c_imagesData_large_0_title): totalplay.Common.verifyPropertyExist is PASSED

04-09-2024T08:31:00 - [MESSAGE][INFO] - Checking response object

04-09-2024T08:31:00 - [MESSAGE][PASSED] - totalplay.Common.verifyPropertyExist is PASSED

04-09-2024T08:31:00 - [TEST_STEP][PASSED] - totalplay.Common.verifyPropertyValueExist(AddAddressToCart, product_items_0_c_imagesData_large_0_title): totalplay.Common.verifyPropertyValueExist is PASSED

04-09-2024T08:31:00 - [MESSAGE][INFO] - Checking response object

04-09-2024T08:31:00 - [MESSAGE][INFO] - Orden de Maciza (100 g)

04-09-2024T08:31:00 - [MESSAGE][PASSED] - totalplay.Common.verifyPropertyValueExist is PASSED

04-09-2024T08:31:00 - [TEST_STEP][PASSED] - totalplay.Common.verifyPropertyExist(AddAddressToCart, product_items_0_c_description): totalplay.Common.verifyPropertyExist is PASSED

04-09-2024T08:31:00 - [MESSAGE][INFO] - Checking response object

04-09-2024T08:31:00 - [MESSAGE][PASSED] - totalplay.Common.verifyPropertyExist is PASSED

04-09-2024T08:31:00 - [TEST_STEP][PASSED] - totalplay.Common.verifyPropertyValueExist(AddAddressToCart, product_items_0_c_description): totalplay.Common.verifyPropertyValueExist is PASSED

04-09-2024T08:31:00 - [MESSAGE][INFO] - Checking response object

04-09-2024T08:31:00 - [MESSAGE][INFO] - 100 g

04-09-2024T08:31:00 - [MESSAGE][PASSED] - totalplay.Common.verifyPropertyValueExist is PASSED

04-09-2024T08:31:00 - [TEST_STEP][PASSED] - totalplay.Common.getDecimalValueofObject(AddAddressToCart, product_sub_total): totalplay.Common.getDecimalValueofObject is PASSED

04-09-2024T08:31:00 - [MESSAGE][INFO] - Checking response object

04-09-2024T08:31:00 - [MESSAGE][PASSED] - totalplay.Common.getDecimalValueofObject is PASSED

04-09-2024T08:31:00 - [TEST_STEP][PASSED] - totalplay.Common.getDecimalValueofObject(AddAddressToCart, product_total): totalplay.Common.getDecimalValueofObject is PASSED

04-09-2024T08:31:00 - [MESSAGE][INFO] - Checking response object

04-09-2024T08:31:00 - [MESSAGE][PASSED] - totalplay.Common.getDecimalValueofObject is PASSED

04-09-2024T08:31:00 - [TEST_STEP][PASSED] - totalplay.Common.verifyPropertyExist(AddAddressToCart, shipments_0__type): totalplay.Common.verifyPropertyExist is PASSED

04-09-2024T08:31:00 - [MESSAGE][INFO] - Checking response object

04-09-2024T08:31:00 - [MESSAGE][PASSED] - totalplay.Common.verifyPropertyExist is PASSED

04-09-2024T08:31:00 - [TEST_STEP][PASSED] - totalplay.Common.verifyPropertyValueExist(AddAddressToCart, shipments_0__type): totalplay.Common.verifyPropertyValueExist is PASSED

04-09-2024T08:31:00 - [MESSAGE][INFO] - Checking response object

04-09-2024T08:31:00 - [MESSAGE][INFO] - shipment

04-09-2024T08:31:00 - [MESSAGE][PASSED] - totalplay.Common.verifyPropertyValueExist is PASSED

04-09-2024T08:31:00 - [TEST_STEP][PASSED] - totalplay.Common.getDecimalValueofObject(AddAddressToCart, shipments_0_adjusted_merchandize_total_tax): totalplay.Common.getDecimalValueofObject is PASSED

04-09-2024T08:31:00 - [MESSAGE][INFO] - Checking response object

04-09-2024T08:31:00 - [MESSAGE][PASSED] - totalplay.Common.getDecimalValueofObject is PASSED

04-09-2024T08:31:00 - [TEST_STEP][PASSED] - totalplay.Common.getDecimalValueofObject(AddAddressToCart, shipments_0_adjusted_shipping_total_tax): totalplay.Common.getDecimalValueofObject is PASSED

04-09-2024T08:31:00 - [MESSAGE][INFO] - Checking response object

04-09-2024T08:31:01 - [MESSAGE][PASSED] - totalplay.Common.getDecimalValueofObject is PASSED

04-09-2024T08:31:01 - [TEST_STEP][PASSED] - totalplay.Common.getBooleanValueofObject(AddAddressToCart, shipments_0_gift): totalplay.Common.getBooleanValueofObject is PASSED

04-09-2024T08:31:01 - [MESSAGE][INFO] - Checking response object

04-09-2024T08:31:01 - [MESSAGE][PASSED] - totalplay.Common.getBooleanValueofObject is PASSED

04-09-2024T08:31:01 - [TEST_STEP][PASSED] - totalplay.Common.getDecimalValueofObject(AddAddressToCart, shipments_0_merchandize_total_tax): totalplay.Common.getDecimalValueofObject is PASSED

04-09-2024T08:31:01 - [MESSAGE][INFO] - Checking response object

04-09-2024T08:31:01 - [MESSAGE][PASSED] - totalplay.Common.getDecimalValueofObject is PASSED

04-09-2024T08:31:01 - [TEST_STEP][PASSED] - totalplay.Common.getDecimalValueofObject(AddAddressToCart, shipments_0_product_sub_total): totalplay.Common.getDecimalValueofObject is PASSED

04-09-2024T08:31:01 - [MESSAGE][INFO] - Checking response object

04-09-2024T08:31:01 - [MESSAGE][PASSED] - totalplay.Common.getDecimalValueofObject is PASSED

04-09-2024T08:31:01 - [TEST_STEP][PASSED] - totalplay.Common.getDecimalValueofObject(AddAddressToCart, shipments_0_product_total): totalplay.Common.getDecimalValueofObject is PASSED

04-09-2024T08:31:01 - [MESSAGE][INFO] - Checking response object

04-09-2024T08:31:01 - [MESSAGE][PASSED] - totalplay.Common.getDecimalValueofObject is PASSED

04-09-2024T08:31:01 - [TEST_STEP][PASSED] - totalplay.Common.verifyPropertyExist(AddAddressToCart, shipments_0_shipment_id): totalplay.Common.verifyPropertyExist is PASSED

04-09-2024T08:31:01 - [MESSAGE][INFO] - Checking response object

04-09-2024T08:31:01 - [MESSAGE][PASSED] - totalplay.Common.verifyPropertyExist is PASSED

04-09-2024T08:31:01 - [TEST_STEP][PASSED] - totalplay.Common.verifyPropertyValueExist(AddAddressToCart, shipments_0_shipment_id): totalplay.Common.verifyPropertyValueExist is PASSED

04-09-2024T08:31:01 - [MESSAGE][INFO] - Checking response object

04-09-2024T08:31:01 - [MESSAGE][INFO] - me

04-09-2024T08:31:01 - [MESSAGE][PASSED] - totalplay.Common.verifyPropertyValueExist is PASSED

04-09-2024T08:31:01 - [TEST_STEP][PASSED] - totalplay.Common.getDecimalValueofObject(AddAddressToCart, shipments_0_shipment_total): totalplay.Common.getDecimalValueofObject is PASSED

04-09-2024T08:31:01 - [MESSAGE][INFO] - Checking response object

04-09-2024T08:31:01 - [MESSAGE][PASSED] - totalplay.Common.getDecimalValueofObject is PASSED

04-09-2024T08:31:01 - [TEST_STEP][PASSED] - totalplay.Common.verifyPropertyExist(AddAddressToCart, shipments_0_shipping_address__type): totalplay.Common.verifyPropertyExist is PASSED

04-09-2024T08:31:01 - [MESSAGE][INFO] - Checking response object

04-09-2024T08:31:01 - [MESSAGE][PASSED] - totalplay.Common.verifyPropertyExist is PASSED

04-09-2024T08:31:01 - [TEST_STEP][PASSED] - totalplay.Common.verifyPropertyValueExist(AddAddressToCart, shipments_0_shipping_address__type): totalplay.Common.verifyPropertyValueExist is PASSED

04-09-2024T08:31:01 - [MESSAGE][INFO] - Checking response object

04-09-2024T08:31:01 - [MESSAGE][INFO] - order_address

04-09-2024T08:31:01 - [MESSAGE][PASSED] - totalplay.Common.verifyPropertyValueExist is PASSED

04-09-2024T08:31:01 - [TEST_STEP][PASSED] - totalplay.Common.verifyPropertyExist(AddAddressToCart, shipments_0_shipping_address_address1): totalplay.Common.verifyPropertyExist is PASSED

04-09-2024T08:31:01 - [MESSAGE][INFO] - Checking response object

04-09-2024T08:31:01 - [MESSAGE][PASSED] - totalplay.Common.verifyPropertyExist is PASSED

04-09-2024T08:31:01 - [TEST_STEP][PASSED] - totalplay.Common.verifyPropertyValueExist(AddAddressToCart, shipments_0_shipping_address_address1): totalplay.Common.verifyPropertyValueExist is PASSED

04-09-2024T08:31:01 - [MESSAGE][INFO] - Checking response object

04-09-2024T08:31:01 - [MESSAGE][INFO] - Alejandro Dumas

04-09-2024T08:31:01 - [MESSAGE][PASSED] - totalplay.Common.verifyPropertyValueExist is PASSED

04-09-2024T08:31:01 - [TEST_STEP][PASSED] - totalplay.Common.verifyPropertyExist(AddAddressToCart, shipments_0_shipping_address_city): totalplay.Common.verifyPropertyExist is PASSED

04-09-2024T08:31:01 - [MESSAGE][INFO] - Checking response object

04-09-2024T08:31:01 - [MESSAGE][PASSED] - totalplay.Common.verifyPropertyExist is PASSED

04-09-2024T08:31:01 - [TEST_STEP][PASSED] - totalplay.Common.verifyPropertyValueExist(AddAddressToCart, shipments_0_shipping_address_city): totalplay.Common.verifyPropertyValueExist is PASSED

04-09-2024T08:31:01 - [MESSAGE][INFO] - Checking response object

04-09-2024T08:31:01 - [MESSAGE][INFO] - Ciudad de Mexico

04-09-2024T08:31:01 - [MESSAGE][PASSED] - totalplay.Common.verifyPropertyValueExist is PASSED

04-09-2024T08:31:01 - [TEST_STEP][PASSED] - totalplay.Common.verifyPropertyExist(AddAddressToCart, shipments_0_shipping_address_country_code): totalplay.Common.verifyPropertyExist is PASSED

04-09-2024T08:31:01 - [MESSAGE][INFO] - Checking response object

04-09-2024T08:31:01 - [MESSAGE][PASSED] - totalplay.Common.verifyPropertyExist is PASSED

04-09-2024T08:31:01 - [TEST_STEP][PASSED] - totalplay.Common.verifyPropertyValueExist(AddAddressToCart, shipments_0_shipping_address_country_code): totalplay.Common.verifyPropertyValueExist is PASSED

04-09-2024T08:31:01 - [MESSAGE][INFO] - Checking response object

04-09-2024T08:31:01 - [MESSAGE][INFO] - MX

04-09-2024T08:31:01 - [MESSAGE][PASSED] - totalplay.Common.verifyPropertyValueExist is PASSED

04-09-2024T08:31:01 - [TEST_STEP][PASSED] - totalplay.Common.verifyPropertyExist(AddAddressToCart, shipments_0_shipping_address_first_name): totalplay.Common.verifyPropertyExist is PASSED

04-09-2024T08:31:01 - [MESSAGE][INFO] - Checking response object

04-09-2024T08:31:01 - [MESSAGE][PASSED] - totalplay.Common.verifyPropertyExist is PASSED

04-09-2024T08:31:01 - [TEST_STEP][PASSED] - totalplay.Common.verifyPropertyValueExist(AddAddressToCart, shipments_0_shipping_address_first_name): totalplay.Common.verifyPropertyValueExist is PASSED

04-09-2024T08:31:01 - [MESSAGE][INFO] - Checking response object

04-09-2024T08:31:01 - [MESSAGE][INFO] - CESAR

04-09-2024T08:31:01 - [MESSAGE][PASSED] - totalplay.Common.verifyPropertyValueExist is PASSED

04-09-2024T08:31:01 - [TEST_STEP][PASSED] - totalplay.Common.verifyPropertyExist(AddAddressToCart, shipments_0_shipping_address_full_name): totalplay.Common.verifyPropertyExist is PASSED

04-09-2024T08:31:01 - [MESSAGE][INFO] - Checking response object

04-09-2024T08:31:01 - [MESSAGE][PASSED] - totalplay.Common.verifyPropertyExist is PASSED

04-09-2024T08:31:01 - [TEST_STEP][PASSED] - totalplay.Common.verifyPropertyValueExist(AddAddressToCart, shipments_0_shipping_address_full_name): totalplay.Common.verifyPropertyValueExist is PASSED

04-09-2024T08:31:01 - [MESSAGE][INFO] - Checking response object

04-09-2024T08:31:01 - [MESSAGE][INFO] - CESAR GERARDO WALDO GONZALEZ

04-09-2024T08:31:01 - [MESSAGE][PASSED] - totalplay.Common.verifyPropertyValueExist is PASSED

04-09-2024T08:31:01 - [TEST_STEP][PASSED] - totalplay.Common.verifyPropertyExist(AddAddressToCart, shipments_0_shipping_address_id): totalplay.Common.verifyPropertyExist is PASSED

04-09-2024T08:31:01 - [MESSAGE][INFO] - Checking response object

04-09-2024T08:31:02 - [MESSAGE][PASSED] - totalplay.Common.verifyPropertyExist is PASSED

04-09-2024T08:31:02 - [TEST_STEP][PASSED] - totalplay.Common.verifyPropertyValueExist(AddAddressToCart, shipments_0_shipping_address_id): totalplay.Common.verifyPropertyValueExist is PASSED

04-09-2024T08:31:02 - [MESSAGE][INFO] - Checking response object

04-09-2024T08:31:02 - [MESSAGE][INFO] - 6e124f886b6c0a06bdab1d027a

04-09-2024T08:31:02 - [MESSAGE][PASSED] - totalplay.Common.verifyPropertyValueExist is PASSED

04-09-2024T08:31:02 - [TEST_STEP][PASSED] - totalplay.Common.verifyPropertyExist(AddAddressToCart, shipments_0_shipping_address_last_name): totalplay.Common.verifyPropertyExist is PASSED

04-09-2024T08:31:02 - [MESSAGE][INFO] - Checking response object

04-09-2024T08:31:02 - [MESSAGE][PASSED] - totalplay.Common.verifyPropertyExist is PASSED

04-09-2024T08:31:02 - [TEST_STEP][PASSED] - totalplay.Common.verifyPropertyValueExist(AddAddressToCart, shipments_0_shipping_address_last_name): totalplay.Common.verifyPropertyValueExist is PASSED

04-09-2024T08:31:02 - [MESSAGE][INFO] - Checking response object

04-09-2024T08:31:02 - [MESSAGE][INFO] - GERARDO WALDO GONZALEZ

04-09-2024T08:31:02 - [MESSAGE][PASSED] - totalplay.Common.verifyPropertyValueExist is PASSED

04-09-2024T08:31:02 - [TEST_STEP][PASSED] - totalplay.Common.verifyPropertyExist(AddAddressToCart, shipments_0_shipping_address_phone): totalplay.Common.verifyPropertyExist is PASSED

04-09-2024T08:31:02 - [MESSAGE][INFO] - Checking response object

04-09-2024T08:31:02 - [MESSAGE][PASSED] - totalplay.Common.verifyPropertyExist is PASSED

04-09-2024T08:31:02 - [TEST_STEP][PASSED] - totalplay.Common.verifyPropertyValueExist(AddAddressToCart, shipments_0_shipping_address_phone): totalplay.Common.verifyPropertyValueExist is PASSED

04-09-2024T08:31:02 - [MESSAGE][INFO] - Checking response object

04-09-2024T08:31:02 - [MESSAGE][INFO] - 5579660270

04-09-2024T08:31:02 - [MESSAGE][PASSED] - totalplay.Common.verifyPropertyValueExist is PASSED

04-09-2024T08:31:02 - [TEST_STEP][PASSED] - totalplay.Common.verifyPropertyExist(AddAddressToCart, shipments_0_shipping_address_postal_code): totalplay.Common.verifyPropertyExist is PASSED

04-09-2024T08:31:02 - [MESSAGE][INFO] - Checking response object

04-09-2024T08:31:02 - [MESSAGE][PASSED] - totalplay.Common.verifyPropertyExist is PASSED

04-09-2024T08:31:02 - [TEST_STEP][PASSED] - totalplay.Common.verifyPropertyValueExist(AddAddressToCart, shipments_0_shipping_address_postal_code): totalplay.Common.verifyPropertyValueExist is PASSED

04-09-2024T08:31:02 - [MESSAGE][INFO] - Checking response object

04-09-2024T08:31:02 - [MESSAGE][INFO] - 11500

04-09-2024T08:31:02 - [MESSAGE][PASSED] - totalplay.Common.verifyPropertyValueExist is PASSED

04-09-2024T08:31:02 - [TEST_STEP][PASSED] - totalplay.Common.verifyPropertyExist(AddAddressToCart, shipments_0_shipping_address_c_alias): totalplay.Common.verifyPropertyExist is PASSED

04-09-2024T08:31:02 - [MESSAGE][INFO] - Checking response object

04-09-2024T08:31:02 - [MESSAGE][PASSED] - totalplay.Common.verifyPropertyExist is PASSED

04-09-2024T08:31:02 - [TEST_STEP][PASSED] - totalplay.Common.verifyPropertyValueExist(AddAddressToCart, shipments_0_shipping_address_c_alias): totalplay.Common.verifyPropertyValueExist is PASSED

04-09-2024T08:31:02 - [MESSAGE][INFO] - Checking response object

04-09-2024T08:31:02 - [MESSAGE][INFO] - CasaWaldoP

04-09-2024T08:31:02 - [MESSAGE][PASSED] - totalplay.Common.verifyPropertyValueExist is PASSED

04-09-2024T08:31:02 - [TEST_STEP][PASSED] - totalplay.Common.verifyPropertyExist(AddAddressToCart, shipments_0_shipping_address_c_delegation): totalplay.Common.verifyPropertyExist is PASSED

04-09-2024T08:31:02 - [MESSAGE][INFO] - Checking response object

04-09-2024T08:31:02 - [MESSAGE][PASSED] - totalplay.Common.verifyPropertyExist is PASSED

04-09-2024T08:31:02 - [TEST_STEP][PASSED] - totalplay.Common.verifyPropertyValueExist(AddAddressToCart, shipments_0_shipping_address_c_delegation): totalplay.Common.verifyPropertyValueExist is PASSED

04-09-2024T08:31:02 - [MESSAGE][INFO] - Checking response object

04-09-2024T08:31:02 - [MESSAGE][INFO] - Miguel Hidalgo

04-09-2024T08:31:02 - [MESSAGE][PASSED] - totalplay.Common.verifyPropertyValueExist is PASSED

04-09-2024T08:31:02 - [TEST_STEP][PASSED] - totalplay.Common.verifyPropertyExist(AddAddressToCart, shipments_0_shipping_address_c_label): totalplay.Common.verifyPropertyExist is PASSED

04-09-2024T08:31:02 - [MESSAGE][INFO] - Checking response object

04-09-2024T08:31:02 - [MESSAGE][PASSED] - totalplay.Common.verifyPropertyExist is PASSED

04-09-2024T08:31:02 - [TEST_STEP][PASSED] - totalplay.Common.verifyPropertyValueExist(AddAddressToCart, shipments_0_shipping_address_c_label): totalplay.Common.verifyPropertyValueExist is PASSED

04-09-2024T08:31:02 - [MESSAGE][INFO] - Checking response object

04-09-2024T08:31:02 - [MESSAGE][INFO] - {"home":true,"company":false,"other":false}

04-09-2024T08:31:02 - [MESSAGE][PASSED] - totalplay.Common.verifyPropertyValueExist is PASSED

04-09-2024T08:31:02 - [TEST_STEP][PASSED] - totalplay.Common.verifyPropertyExist(AddAddressToCart, shipments_0_shipping_address_c_latitude): totalplay.Common.verifyPropertyExist is PASSED

04-09-2024T08:31:02 - [MESSAGE][INFO] - Checking response object

04-09-2024T08:31:02 - [MESSAGE][PASSED] - totalplay.Common.verifyPropertyExist is PASSED

04-09-2024T08:31:02 - [TEST_STEP][PASSED] - totalplay.Common.verifyPropertyValueExist(AddAddressToCart, shipments_0_shipping_address_c_latitude): totalplay.Common.verifyPropertyValueExist is PASSED

04-09-2024T08:31:02 - [MESSAGE][INFO] - Checking response object

04-09-2024T08:31:02 - [MESSAGE][INFO] - 19.439691

04-09-2024T08:31:02 - [MESSAGE][PASSED] - totalplay.Common.verifyPropertyValueExist is PASSED

04-09-2024T08:31:02 - [TEST_STEP][PASSED] - totalplay.Common.verifyPropertyExist(AddAddressToCart, shipments_0_shipping_address_c_longitude): totalplay.Common.verifyPropertyExist is PASSED

04-09-2024T08:31:02 - [MESSAGE][INFO] - Checking response object

04-09-2024T08:31:02 - [MESSAGE][PASSED] - totalplay.Common.verifyPropertyExist is PASSED

04-09-2024T08:31:02 - [TEST_STEP][PASSED] - totalplay.Common.verifyPropertyValueExist(AddAddressToCart, shipments_0_shipping_address_c_longitude): totalplay.Common.verifyPropertyValueExist is PASSED

04-09-2024T08:31:02 - [MESSAGE][INFO] - Checking response object

04-09-2024T08:31:02 - [MESSAGE][INFO] - -99.205670

04-09-2024T08:31:02 - [MESSAGE][PASSED] - totalplay.Common.verifyPropertyValueExist is PASSED

04-09-2024T08:31:02 - [TEST_STEP][PASSED] - totalplay.Common.verifyPropertyExist(AddAddressToCart, shipments_0_shipping_address_c_nExt): totalplay.Common.verifyPropertyExist is PASSED

04-09-2024T08:31:02 - [MESSAGE][INFO] - Checking response object

04-09-2024T08:31:02 - [MESSAGE][PASSED] - totalplay.Common.verifyPropertyExist is PASSED

04-09-2024T08:31:02 - [TEST_STEP][PASSED] - totalplay.Common.verifyPropertyValueExist(AddAddressToCart, shipments_0_shipping_address_c_nExt): totalplay.Common.verifyPropertyValueExist is PASSED

04-09-2024T08:31:02 - [MESSAGE][INFO] - Checking response object

04-09-2024T08:31:02 - [MESSAGE][INFO] - 107

04-09-2024T08:31:02 - [MESSAGE][PASSED] - totalplay.Common.verifyPropertyValueExist is PASSED

04-09-2024T08:31:02 - [TEST_STEP][PASSED] - totalplay.Common.verifyPropertyExist(AddAddressToCart, shipments_0_shipping_address_c_neighborhood): totalplay.Common.verifyPropertyExist is PASSED

04-09-2024T08:31:02 - [MESSAGE][INFO] - Checking response object

04-09-2024T08:31:03 - [MESSAGE][PASSED] - totalplay.Common.verifyPropertyExist is PASSED

04-09-2024T08:31:03 - [TEST_STEP][PASSED] - totalplay.Common.verifyPropertyValueExist(AddAddressToCart, shipments_0_shipping_address_c_neighborhood): totalplay.Common.verifyPropertyValueExist is PASSED

04-09-2024T08:31:03 - [MESSAGE][INFO] - Checking response object

04-09-2024T08:31:03 - [MESSAGE][INFO] - Polanco

04-09-2024T08:31:03 - [MESSAGE][PASSED] - totalplay.Common.verifyPropertyValueExist is PASSED

04-09-2024T08:31:03 - [TEST_STEP][PASSED] - totalplay.Common.verifyPropertyExist(AddAddressToCart, shipments_0_shipping_address_c_references): totalplay.Common.verifyPropertyExist is PASSED

04-09-2024T08:31:03 - [MESSAGE][INFO] - Checking response object

04-09-2024T08:31:03 - [MESSAGE][PASSED] - totalplay.Common.verifyPropertyExist is PASSED

04-09-2024T08:31:03 - [TEST_STEP][PASSED] - totalplay.Common.verifyPropertyValueExist(AddAddressToCart, shipments_0_shipping_address_c_references): totalplay.Common.verifyPropertyValueExist is PASSED

04-09-2024T08:31:03 - [MESSAGE][INFO] - Checking response object

04-09-2024T08:31:03 - [MESSAGE][INFO] - Llamar al llegar

04-09-2024T08:31:03 - [MESSAGE][PASSED] - totalplay.Common.verifyPropertyValueExist is PASSED

04-09-2024T08:31:03 - [TEST_STEP][PASSED] - totalplay.Common.verifyPropertyExist(AddAddressToCart, shipments_0_shipping_address_c_rfc): totalplay.Common.verifyPropertyExist is PASSED

04-09-2024T08:31:03 - [MESSAGE][INFO] - Checking response object

04-09-2024T08:31:03 - [MESSAGE][PASSED] - totalplay.Common.verifyPropertyExist is PASSED

04-09-2024T08:31:03 - [TEST_STEP][PASSED] - totalplay.Common.verifyPropertyValueExist(AddAddressToCart, shipments_0_shipping_address_c_rfc): totalplay.Common.verifyPropertyValueExist is PASSED

04-09-2024T08:31:03 - [MESSAGE][INFO] - Checking response object

04-09-2024T08:31:03 - [MESSAGE][INFO] - XAXA010101111

04-09-2024T08:31:03 - [MESSAGE][PASSED] - totalplay.Common.verifyPropertyValueExist is PASSED

04-09-2024T08:31:03 - [TEST_STEP][PASSED] - totalplay.Common.verifyPropertyExist(AddAddressToCart, shipments_0_shipping_address_c_state): totalplay.Common.verifyPropertyExist is PASSED

04-09-2024T08:31:03 - [MESSAGE][INFO] - Checking response object

04-09-2024T08:31:03 - [MESSAGE][PASSED] - totalplay.Common.verifyPropertyExist is PASSED

04-09-2024T08:31:03 - [TEST_STEP][PASSED] - totalplay.Common.verifyPropertyValueExist(AddAddressToCart, shipments_0_shipping_address_c_state): totalplay.Common.verifyPropertyValueExist is PASSED

04-09-2024T08:31:03 - [MESSAGE][INFO] - Checking response object

04-09-2024T08:31:03 - [MESSAGE][INFO] - CDMX

04-09-2024T08:31:03 - [MESSAGE][PASSED] - totalplay.Common.verifyPropertyValueExist is PASSED

04-09-2024T08:31:03 - [TEST_STEP][PASSED] - totalplay.Common.verifyPropertyExist(AddAddressToCart, shipments_0_shipping_address_c_streetName): totalplay.Common.verifyPropertyExist is PASSED

04-09-2024T08:31:03 - [MESSAGE][INFO] - Checking response object

04-09-2024T08:31:03 - [MESSAGE][PASSED] - totalplay.Common.verifyPropertyExist is PASSED

04-09-2024T08:31:03 - [TEST_STEP][PASSED] - totalplay.Common.verifyPropertyValueExist(AddAddressToCart, shipments_0_shipping_address_c_streetName): totalplay.Common.verifyPropertyValueExist is PASSED

04-09-2024T08:31:03 - [MESSAGE][INFO] - Checking response object

04-09-2024T08:31:03 - [MESSAGE][INFO] - Alejandro Dumas

04-09-2024T08:31:03 - [MESSAGE][PASSED] - totalplay.Common.verifyPropertyValueExist is PASSED

04-09-2024T08:31:03 - [TEST_STEP][PASSED] - totalplay.Common.verifyPropertyExist(AddAddressToCart, shipments_0_shipping_method__type): totalplay.Common.verifyPropertyExist is PASSED

04-09-2024T08:31:03 - [MESSAGE][INFO] - Checking response object

04-09-2024T08:31:03 - [MESSAGE][PASSED] - totalplay.Common.verifyPropertyExist is PASSED

04-09-2024T08:31:03 - [TEST_STEP][PASSED] - totalplay.Common.verifyPropertyValueExist(AddAddressToCart, shipments_0_shipping_method__type): totalplay.Common.verifyPropertyValueExist is PASSED

04-09-2024T08:31:03 - [MESSAGE][INFO] - Checking response object

04-09-2024T08:31:03 - [MESSAGE][INFO] - shipping_method

04-09-2024T08:31:03 - [MESSAGE][PASSED] - totalplay.Common.verifyPropertyValueExist is PASSED

04-09-2024T08:31:03 - [TEST_STEP][PASSED] - totalplay.Common.verifyPropertyExist(AddAddressToCart, shipments_0_shipping_method_description): totalplay.Common.verifyPropertyExist is PASSED

04-09-2024T08:31:03 - [MESSAGE][INFO] - Checking response object

04-09-2024T08:31:03 - [MESSAGE][PASSED] - totalplay.Common.verifyPropertyExist is PASSED

04-09-2024T08:31:03 - [TEST_STEP][PASSED] - totalplay.Common.verifyPropertyValueExist(AddAddressToCart, shipments_0_shipping_method_description): totalplay.Common.verifyPropertyValueExist is PASSED

04-09-2024T08:31:03 - [MESSAGE][INFO] - Checking response object

04-09-2024T08:31:03 - [MESSAGE][INFO] - pickup

04-09-2024T08:31:03 - [MESSAGE][PASSED] - totalplay.Common.verifyPropertyValueExist is PASSED

04-09-2024T08:31:03 - [TEST_STEP][PASSED] - totalplay.Common.verifyPropertyExist(AddAddressToCart, shipments_0_shipping_method_name): totalplay.Common.verifyPropertyExist is PASSED

04-09-2024T08:31:03 - [MESSAGE][INFO] - Checking response object

04-09-2024T08:31:03 - [MESSAGE][PASSED] - totalplay.Common.verifyPropertyExist is PASSED

04-09-2024T08:31:03 - [TEST_STEP][PASSED] - totalplay.Common.verifyPropertyValueExist(AddAddressToCart, shipments_0_shipping_method_name): totalplay.Common.verifyPropertyValueExist is PASSED

04-09-2024T08:31:03 - [MESSAGE][INFO] - Checking response object

04-09-2024T08:31:03 - [MESSAGE][INFO] - pickup

04-09-2024T08:31:03 - [MESSAGE][PASSED] - totalplay.Common.verifyPropertyValueExist is PASSED

04-09-2024T08:31:03 - [TEST_STEP][PASSED] - totalplay.Common.verifyPropertyExist(AddAddressToCart, shipments_0_shipping_method_c_estimatedArrivalTime): totalplay.Common.verifyPropertyExist is PASSED

04-09-2024T08:31:03 - [MESSAGE][INFO] - Checking response object

04-09-2024T08:31:03 - [MESSAGE][PASSED] - totalplay.Common.verifyPropertyExist is PASSED

04-09-2024T08:31:03 - [TEST_STEP][PASSED] - totalplay.Common.verifyPropertyValueExist(AddAddressToCart, shipments_0_shipping_method_c_estimatedArrivalTime): totalplay.Common.verifyPropertyValueExist is PASSED

04-09-2024T08:31:03 - [MESSAGE][INFO] - Checking response object

04-09-2024T08:31:03 - [MESSAGE][INFO] - 60 Mins

04-09-2024T08:31:03 - [MESSAGE][PASSED] - totalplay.Common.verifyPropertyValueExist is PASSED

04-09-2024T08:31:03 - [TEST_STEP][PASSED] - totalplay.Common.getBooleanValueofObject(AddAddressToCart, shipments_0_shipping_method_c_storePickupEnabled): totalplay.Common.getBooleanValueofObject is PASSED

04-09-2024T08:31:03 - [MESSAGE][INFO] - Checking response object

04-09-2024T08:31:03 - [MESSAGE][PASSED] - totalplay.Common.getBooleanValueofObject is PASSED

04-09-2024T08:31:03 - [TEST_STEP][PASSED] - totalplay.Common.verifyPropertyExist(AddAddressToCart, shipments_0_shipping_status): totalplay.Common.verifyPropertyExist is PASSED

04-09-2024T08:31:03 - [MESSAGE][INFO] - Checking response object

04-09-2024T08:31:03 - [MESSAGE][PASSED] - totalplay.Common.verifyPropertyExist is PASSED

04-09-2024T08:31:03 - [TEST_STEP][PASSED] - totalplay.Common.verifyPropertyValueExist(AddAddressToCart, shipments_0_shipping_status): totalplay.Common.verifyPropertyValueExist is PASSED

04-09-2024T08:31:03 - [MESSAGE][INFO] - Checking response object

04-09-2024T08:31:03 - [MESSAGE][INFO] - not_shipped

04-09-2024T08:31:03 - [MESSAGE][PASSED] - totalplay.Common.verifyPropertyValueExist is PASSED

04-09-2024T08:31:03 - [TEST_STEP][PASSED] - totalplay.Common.getDecimalValueofObject(AddAddressToCart, shipments_0_shipping_total): totalplay.Common.getDecimalValueofObject is PASSED

04-09-2024T08:31:03 - [MESSAGE][INFO] - Checking response object

04-09-2024T08:31:04 - [MESSAGE][PASSED] - totalplay.Common.getDecimalValueofObject is PASSED

04-09-2024T08:31:04 - [TEST_STEP][PASSED] - totalplay.Common.getDecimalValueofObject(AddAddressToCart, shipments_0_shipping_total_tax): totalplay.Common.getDecimalValueofObject is PASSED

04-09-2024T08:31:04 - [MESSAGE][INFO] - Checking response object

04-09-2024T08:31:04 - [MESSAGE][PASSED] - totalplay.Common.getDecimalValueofObject is PASSED

04-09-2024T08:31:04 - [TEST_STEP][PASSED] - totalplay.Common.getDecimalValueofObject(AddAddressToCart, shipments_0_tax_total): totalplay.Common.getDecimalValueofObject is PASSED

04-09-2024T08:31:04 - [MESSAGE][INFO] - Checking response object

04-09-2024T08:31:04 - [MESSAGE][PASSED] - totalplay.Common.getDecimalValueofObject is PASSED

04-09-2024T08:31:04 - [TEST_STEP][PASSED] - totalplay.Common.verifyPropertyExist(AddAddressToCart, shipping_items_0__type): totalplay.Common.verifyPropertyExist is PASSED

04-09-2024T08:31:04 - [MESSAGE][INFO] - Checking response object

04-09-2024T08:31:04 - [MESSAGE][PASSED] - totalplay.Common.verifyPropertyExist is PASSED

04-09-2024T08:31:04 - [TEST_STEP][PASSED] - totalplay.Common.verifyPropertyValueExist(AddAddressToCart, shipping_items_0__type): totalplay.Common.verifyPropertyValueExist is PASSED

04-09-2024T08:31:04 - [MESSAGE][INFO] - Checking response object

04-09-2024T08:31:04 - [MESSAGE][INFO] - shipping_item

04-09-2024T08:31:04 - [MESSAGE][PASSED] - totalplay.Common.verifyPropertyValueExist is PASSED

04-09-2024T08:31:04 - [TEST_STEP][PASSED] - totalplay.Common.getDecimalValueofObject(AddAddressToCart, shipping_items_0_adjusted_tax): totalplay.Common.getDecimalValueofObject is PASSED

04-09-2024T08:31:04 - [MESSAGE][INFO] - Checking response object

04-09-2024T08:31:04 - [MESSAGE][PASSED] - totalplay.Common.getDecimalValueofObject is PASSED

04-09-2024T08:31:04 - [TEST_STEP][PASSED] - totalplay.Common.getDecimalValueofObject(AddAddressToCart, shipping_items_0_base_price): totalplay.Common.getDecimalValueofObject is PASSED

04-09-2024T08:31:04 - [MESSAGE][INFO] - Checking response object

04-09-2024T08:31:04 - [MESSAGE][PASSED] - totalplay.Common.getDecimalValueofObject is PASSED

04-09-2024T08:31:04 - [TEST_STEP][PASSED] - totalplay.Common.verifyPropertyExist(AddAddressToCart, shipping_items_0_item_id): totalplay.Common.verifyPropertyExist is PASSED

04-09-2024T08:31:04 - [MESSAGE][INFO] - Checking response object

04-09-2024T08:31:04 - [MESSAGE][PASSED] - totalplay.Common.verifyPropertyExist is PASSED

04-09-2024T08:31:04 - [TEST_STEP][PASSED] - totalplay.Common.verifyPropertyValueExist(AddAddressToCart, shipping_items_0_item_id): totalplay.Common.verifyPropertyValueExist is PASSED

04-09-2024T08:31:04 - [MESSAGE][INFO] - Checking response object

04-09-2024T08:31:04 - [MESSAGE][INFO] - 9c7318e7f0d4a95edfef2caf41

04-09-2024T08:31:04 - [MESSAGE][PASSED] - totalplay.Common.verifyPropertyValueExist is PASSED

04-09-2024T08:31:04 - [TEST_STEP][PASSED] - totalplay.Common.verifyPropertyExist(AddAddressToCart, shipping_items_0_item_text): totalplay.Common.verifyPropertyExist is PASSED

04-09-2024T08:31:04 - [MESSAGE][INFO] - Checking response object

04-09-2024T08:31:04 - [MESSAGE][PASSED] - totalplay.Common.verifyPropertyExist is PASSED

04-09-2024T08:31:04 - [TEST_STEP][PASSED] - totalplay.Common.verifyPropertyValueExist(AddAddressToCart, shipping_items_0_item_text): totalplay.Common.verifyPropertyValueExist is PASSED

04-09-2024T08:31:04 - [MESSAGE][INFO] - Checking response object

04-09-2024T08:31:04 - [MESSAGE][INFO] - Shipping

04-09-2024T08:31:04 - [MESSAGE][PASSED] - totalplay.Common.verifyPropertyValueExist is PASSED

04-09-2024T08:31:04 - [TEST_STEP][PASSED] - totalplay.Common.getDecimalValueofObject(AddAddressToCart, shipping_items_0_price): totalplay.Common.getDecimalValueofObject is PASSED

04-09-2024T08:31:04 - [MESSAGE][INFO] - Checking response object

04-09-2024T08:31:04 - [MESSAGE][PASSED] - totalplay.Common.getDecimalValueofObject is PASSED

04-09-2024T08:31:04 - [TEST_STEP][PASSED] - totalplay.Common.getDecimalValueofObject(AddAddressToCart, shipping_items_0_price_after_item_discount): totalplay.Common.getDecimalValueofObject is PASSED

04-09-2024T08:31:04 - [MESSAGE][INFO] - Checking response object

04-09-2024T08:31:04 - [MESSAGE][PASSED] - totalplay.Common.getDecimalValueofObject is PASSED

04-09-2024T08:31:04 - [TEST_STEP][PASSED] - totalplay.Common.verifyPropertyExist(AddAddressToCart, shipping_items_0_shipment_id): totalplay.Common.verifyPropertyExist is PASSED

04-09-2024T08:31:04 - [MESSAGE][INFO] - Checking response object

04-09-2024T08:31:04 - [MESSAGE][PASSED] - totalplay.Common.verifyPropertyExist is PASSED

04-09-2024T08:31:04 - [TEST_STEP][PASSED] - totalplay.Common.verifyPropertyValueExist(AddAddressToCart, shipping_items_0_shipment_id): totalplay.Common.verifyPropertyValueExist is PASSED

04-09-2024T08:31:04 - [MESSAGE][INFO] - Checking response object

04-09-2024T08:31:04 - [MESSAGE][INFO] - me

04-09-2024T08:31:04 - [MESSAGE][PASSED] - totalplay.Common.verifyPropertyValueExist is PASSED

04-09-2024T08:31:04 - [TEST_STEP][PASSED] - totalplay.Common.getDecimalValueofObject(AddAddressToCart, shipping_items_0_tax): totalplay.Common.getDecimalValueofObject is PASSED

04-09-2024T08:31:04 - [MESSAGE][INFO] - Checking response object

04-09-2024T08:31:04 - [MESSAGE][PASSED] - totalplay.Common.getDecimalValueofObject is PASSED

04-09-2024T08:31:04 - [TEST_STEP][PASSED] - totalplay.Common.getDecimalValueofObject(AddAddressToCart, shipping_items_0_tax_basis): totalplay.Common.getDecimalValueofObject is PASSED

04-09-2024T08:31:04 - [MESSAGE][INFO] - Checking response object

04-09-2024T08:31:04 - [MESSAGE][PASSED] - totalplay.Common.getDecimalValueofObject is PASSED

04-09-2024T08:31:04 - [TEST_STEP][PASSED] - totalplay.Common.verifyPropertyExist(AddAddressToCart, shipping_items_0_tax_class_id): totalplay.Common.verifyPropertyExist is PASSED

04-09-2024T08:31:04 - [MESSAGE][INFO] - Checking response object

04-09-2024T08:31:04 - [MESSAGE][PASSED] - totalplay.Common.verifyPropertyExist is PASSED

04-09-2024T08:31:04 - [TEST_STEP][PASSED] - totalplay.Common.verifyPropertyValueExist(AddAddressToCart, shipping_items_0_tax_class_id): totalplay.Common.verifyPropertyValueExist is PASSED

04-09-2024T08:31:04 - [MESSAGE][INFO] - Checking response object

04-09-2024T08:31:04 - [MESSAGE][INFO] - new_tax

04-09-2024T08:31:04 - [MESSAGE][PASSED] - totalplay.Common.verifyPropertyValueExist is PASSED

04-09-2024T08:31:04 - [TEST_STEP][PASSED] - totalplay.Common.getDecimalValueofObject(AddAddressToCart, shipping_items_0_tax_rate): totalplay.Common.getDecimalValueofObject is PASSED

04-09-2024T08:31:04 - [MESSAGE][INFO] - Checking response object

04-09-2024T08:31:04 - [MESSAGE][PASSED] - totalplay.Common.getDecimalValueofObject is PASSED

04-09-2024T08:31:04 - [TEST_STEP][PASSED] - totalplay.Common.getDecimalValueofObject(AddAddressToCart, shipping_total): totalplay.Common.getDecimalValueofObject is PASSED

04-09-2024T08:31:04 - [MESSAGE][INFO] - Checking response object

04-09-2024T08:31:04 - [MESSAGE][PASSED] - totalplay.Common.getDecimalValueofObject is PASSED

04-09-2024T08:31:04 - [TEST_STEP][PASSED] - totalplay.Common.getDecimalValueofObject(AddAddressToCart, shipping_total_tax): totalplay.Common.getDecimalValueofObject is PASSED

04-09-2024T08:31:04 - [MESSAGE][INFO] - Checking response object

04-09-2024T08:31:04 - [MESSAGE][PASSED] - totalplay.Common.getDecimalValueofObject is PASSED

04-09-2024T08:31:04 - [TEST_STEP][PASSED] - totalplay.Common.verifyPropertyExist(AddAddressToCart, taxation): totalplay.Common.verifyPropertyExist is PASSED

04-09-2024T08:31:04 - [MESSAGE][INFO] - Checking response object

04-09-2024T08:31:05 - [MESSAGE][PASSED] - totalplay.Common.verifyPropertyExist is PASSED

04-09-2024T08:31:05 - [TEST_STEP][PASSED] - totalplay.Common.verifyPropertyValueExist(AddAddressToCart, taxation): totalplay.Common.verifyPropertyValueExist is PASSED

04-09-2024T08:31:05 - [MESSAGE][INFO] - Checking response object

04-09-2024T08:31:05 - [MESSAGE][INFO] - net

04-09-2024T08:31:05 - [MESSAGE][PASSED] - totalplay.Common.verifyPropertyValueExist is PASSED

04-09-2024T08:31:05 - [TEST_STEP][PASSED] - totalplay.Common.getDecimalValueofObject(AddAddressToCart, tax_total): totalplay.Common.getDecimalValueofObject is PASSED

04-09-2024T08:31:05 - [MESSAGE][INFO] - Checking response object

04-09-2024T08:31:05 - [MESSAGE][PASSED] - totalplay.Common.getDecimalValueofObject is PASSED

04-09-2024T08:31:05 - [TEST_STEP][PASSED] - totalplay.Common.verifyPropertyExist(AddAddressToCart, c_currentCorporate): totalplay.Common.verifyPropertyExist is PASSED

04-09-2024T08:31:05 - [MESSAGE][INFO] - Checking response object

04-09-2024T08:31:05 - [MESSAGE][PASSED] - totalplay.Common.verifyPropertyExist is PASSED

04-09-2024T08:31:05 - [TEST_STEP][PASSED] - totalplay.Common.verifyPropertyValueExist(AddAddressToCart, c_currentCorporate): totalplay.Common.verifyPropertyValueExist is PASSED

04-09-2024T08:31:05 - [MESSAGE][INFO] - Checking response object

04-09-2024T08:31:05 - [MESSAGE][INFO] - LaCasaDeToño

04-09-2024T08:31:05 - [MESSAGE][PASSED] - totalplay.Common.verifyPropertyValueExist is PASSED

04-09-2024T08:31:05 - [TEST_STEP][PASSED] - totalplay.Common.getBooleanValueofObject(AddAddressToCart, c_forceDeleteOndemand): totalplay.Common.getBooleanValueofObject is PASSED

04-09-2024T08:31:05 - [MESSAGE][INFO] - Checking response object

04-09-2024T08:31:05 - [MESSAGE][PASSED] - totalplay.Common.getBooleanValueofObject is PASSED

04-09-2024T08:31:05 - [TEST_STEP][PASSED] - totalplay.Common.verifyPropertyExist(AddAddressToCart, c_pickerExpressShipment): totalplay.Common.verifyPropertyExist is PASSED

04-09-2024T08:31:05 - [MESSAGE][INFO] - Checking response object

04-09-2024T08:31:05 - [MESSAGE][PASSED] - totalplay.Common.verifyPropertyExist is PASSED

04-09-2024T08:31:05 - [TEST_STEP][PASSED] - totalplay.Common.verifyPropertyValueExist(AddAddressToCart, c_pickerExpressShipment): totalplay.Common.verifyPropertyValueExist is PASSED

04-09-2024T08:31:05 - [MESSAGE][INFO] - Checking response object

04-09-2024T08:31:05 - [MESSAGE][INFO] - {"shipCost":40,"idCotizacion":"PICK000000011698"}

04-09-2024T08:31:05 - [MESSAGE][PASSED] - totalplay.Common.verifyPropertyValueExist is PASSED]]></system-out>
         <system-err><![CDATA[]]></system-err>
      </testcase>
      <testcase name="Test Cases/TotalPlay-Food/TC_20_Food TP - Credit Card" time="23.449" classname="Test Cases/TotalPlay-Food/TC_20_Food TP - Credit Card" status="PASSED">
         <system-out><![CDATA[04-09-2024T08:31:05 - [TEST_CASE][PASSED] - Test Cases/TotalPlay-Food/TC_20_Food TP - Credit Card: Test Cases/TotalPlay-Food/TC_20_Food TP - Credit Card

04-09-2024T08:31:07 - [TEST_STEP][PASSED] - callTestCase(findTestCase("TotalPlay-Food/TC_1_Login_Service"), [:], STOP_ON_FAILURE): Call Test Case 'Test Cases/TotalPlay-Food/TC_1_Login_Service' successfully

04-09-2024T08:31:07 - [MESSAGE][INFO] - Checking called Test Case

04-09-2024T08:31:07 - [MESSAGE][INFO] - Starting to call Test Case 'Test Cases/TotalPlay-Food/TC_1_Login_Service'

04-09-2024T08:31:07 - [TEST_CASE][PASSED] - Test Cases/TotalPlay-Food/TC_1_Login_Service: Test Cases/TotalPlay-Food/TC_1_Login_Service

04-09-2024T08:31:07 - [TEST_STEP][PASSED] - LoginResponse = sendRequest(findTestObject("TotalPlay-Food/getTokenDelivery", ["URL":URL])): Send request successfully

04-09-2024T08:31:07 - [MESSAGE][INFO] - Finding Test Object 'Object Repository/TotalPlay-Food/getTokenDelivery'

04-09-2024T08:31:07 - [MESSAGE][INFO] - Checking request object

04-09-2024T08:31:10 - [MESSAGE][INFO] - HAR: C:\Users\ShubhamKumarThakur\OneDrive - Kognivera\Documents\TotalPlay\totalplay-automation\Reports\20240904_082912\Food_Service_Normal_Flow_PlaceOrder\20240904_082912\requests\main\19.har

04-09-2024T08:31:10 - [MESSAGE][PASSED] - Send request successfully

04-09-2024T08:31:10 - [TEST_STEP][PASSED] - assert getResponseStatusCode(LoginResponse) == 200: Checking response object

04-09-2024T08:31:10 - [MESSAGE][INFO] - Checking response object

04-09-2024T08:31:10 - [TEST_STEP][PASSED] - Auth = "ocapiResponse.access_token": null

04-09-2024T08:31:10 - [TEST_STEP][PASSED] - FoodBascketId = "ocapiResponse.c_basketId_TP_FOOD": null

04-09-2024T08:31:10 - [TEST_STEP][PASSED] - FoodBasId = getElementPropertyValue(LoginResponse, FoodBascketId): Checking response object

04-09-2024T08:31:10 - [MESSAGE][INFO] - Checking response object

04-09-2024T08:31:10 - [TEST_STEP][PASSED] - sfccAuthorization = getElementPropertyValue(LoginResponse, Auth): Checking response object

04-09-2024T08:31:10 - [MESSAGE][INFO] - Checking response object

04-09-2024T08:31:10 - [TEST_STEP][PASSED] - Authorization = "Bearer " + sfccAuthorization: null

04-09-2024T08:31:10 - [TEST_STEP][PASSED] - FoodBasketId = FoodBasId: null

04-09-2024T08:31:10 - [TEST_STEP][PASSED] - logInfo(bm_auth_token): 

04-09-2024T08:31:10 - [MESSAGE][INFO] - 

04-09-2024T08:31:10 - [TEST_STEP][PASSED] - if (sfccAuthorization.length() == 0): null

04-09-2024T08:31:10 - [TEST_STEP][PASSED] - else: authorization generated

04-09-2024T08:31:10 - [TEST_STEP][PASSED] - markPassed("authorization generated"): authorization generated

04-09-2024T08:31:10 - [MESSAGE][PASSED] - authorization generated

04-09-2024T08:31:10 - [TEST_STEP][PASSED] - BasketId_loginResponse = "ocapiResponse.c_basketId": null

04-09-2024T08:31:10 - [TEST_STEP][PASSED] - CustomerId_loginResponse = "ocapiResponse.customer_id": null

04-09-2024T08:31:10 - [TEST_STEP][PASSED] - basketId = getElementPropertyValue(LoginResponse, BasketId_loginResponse): Checking response object

04-09-2024T08:31:10 - [MESSAGE][INFO] - Checking response object

04-09-2024T08:31:10 - [TEST_STEP][PASSED] - customerId = getElementPropertyValue(LoginResponse, CustomerId_loginResponse): Checking response object

04-09-2024T08:31:10 - [MESSAGE][INFO] - Checking response object

04-09-2024T08:31:10 - [TEST_STEP][PASSED] - basketID = basketId: null

04-09-2024T08:31:10 - [TEST_STEP][PASSED] - sla_customerId = customerId: null

04-09-2024T08:31:10 - [TEST_STEP][PASSED] - println(basketID): null

04-09-2024T08:31:10 - [TEST_STEP][PASSED] - println(sla_customerId): null

04-09-2024T08:31:10 - [TEST_STEP][PASSED] - refresh_token = "ocapiResponse.refresh_token": null

04-09-2024T08:31:10 - [TEST_STEP][PASSED] - customer_email = "ocapiResponse.customer_email": null

04-09-2024T08:31:10 - [TEST_STEP][PASSED] - c_brmId = "ocapiResponse.c_brmId": null

04-09-2024T08:31:10 - [TEST_STEP][PASSED] - customer_name = "ocapiResponse.customer_name": null

04-09-2024T08:31:10 - [TEST_STEP][PASSED] - totalplay.Common.verifyPropertyExist(LoginResponse, refresh_token): totalplay.Common.verifyPropertyExist is PASSED

04-09-2024T08:31:10 - [MESSAGE][INFO] - Checking response object

04-09-2024T08:31:10 - [MESSAGE][PASSED] - totalplay.Common.verifyPropertyExist is PASSED

04-09-2024T08:31:10 - [TEST_STEP][PASSED] - totalplay.Common.verifyPropertyValueExist(LoginResponse, refresh_token): totalplay.Common.verifyPropertyValueExist is PASSED

04-09-2024T08:31:10 - [MESSAGE][INFO] - Checking response object

04-09-2024T08:31:10 - [MESSAGE][INFO] - 0gTBcEEF3nXU4vFwH3CgQgnAq2v4ueFyyeNdvwV2cjM

04-09-2024T08:31:10 - [MESSAGE][PASSED] - totalplay.Common.verifyPropertyValueExist is PASSED

04-09-2024T08:31:10 - [TEST_STEP][PASSED] - totalplay.Common.verifyPropertyExist(LoginResponse, customer_email): totalplay.Common.verifyPropertyExist is PASSED

04-09-2024T08:31:10 - [MESSAGE][INFO] - Checking response object

04-09-2024T08:31:10 - [MESSAGE][PASSED] - totalplay.Common.verifyPropertyExist is PASSED

04-09-2024T08:31:10 - [TEST_STEP][PASSED] - totalplay.Common.verifyPropertyValueExist(LoginResponse, customer_email): totalplay.Common.verifyPropertyValueExist is PASSED

04-09-2024T08:31:10 - [MESSAGE][INFO] - Checking response object

04-09-2024T08:31:10 - [MESSAGE][INFO] - cesar.waldo93@gmail.com

04-09-2024T08:31:10 - [MESSAGE][PASSED] - totalplay.Common.verifyPropertyValueExist is PASSED

04-09-2024T08:31:10 - [TEST_STEP][PASSED] - totalplay.Common.verifyPropertyExist(LoginResponse, customer_name): totalplay.Common.verifyPropertyExist is PASSED

04-09-2024T08:31:10 - [MESSAGE][INFO] - Checking response object

04-09-2024T08:31:10 - [MESSAGE][PASSED] - totalplay.Common.verifyPropertyExist is PASSED

04-09-2024T08:31:10 - [TEST_STEP][PASSED] - totalplay.Common.verifyPropertyValueExist(LoginResponse, customer_name): totalplay.Common.verifyPropertyValueExist is PASSED

04-09-2024T08:31:10 - [MESSAGE][INFO] - Checking response object

04-09-2024T08:31:10 - [MESSAGE][INFO] - CESAR GERARDO WALDO GONZALEZ

04-09-2024T08:31:10 - [MESSAGE][PASSED] - totalplay.Common.verifyPropertyValueExist is PASSED

04-09-2024T08:31:10 - [TEST_STEP][PASSED] - totalplay.Common.verifyPropertyExist(LoginResponse, c_brmId): totalplay.Common.verifyPropertyExist is PASSED

04-09-2024T08:31:10 - [MESSAGE][INFO] - Checking response object

04-09-2024T08:31:10 - [MESSAGE][PASSED] - totalplay.Common.verifyPropertyExist is PASSED

04-09-2024T08:31:10 - [TEST_STEP][PASSED] - totalplay.Common.verifyPropertyValueExist(LoginResponse, c_brmId): totalplay.Common.verifyPropertyValueExist is PASSED

04-09-2024T08:31:10 - [MESSAGE][INFO] - Checking response object

04-09-2024T08:31:10 - [MESSAGE][INFO] - 0106378356

04-09-2024T08:31:10 - [MESSAGE][PASSED] - totalplay.Common.verifyPropertyValueExist is PASSED

04-09-2024T08:31:10 - [MESSAGE][PASSED] - Call Test Case 'Test Cases/TotalPlay-Food/TC_1_Login_Service' successfully

04-09-2024T08:31:10 - [TEST_STEP][PASSED] - AddProductbasket = sendRequest(findTestObject("TotalPlay-Food/AddProductToBasket", ["URL":URL, "basketID":FoodBasketId])): Send request successfully

04-09-2024T08:31:10 - [MESSAGE][INFO] - Finding Test Object 'Object Repository/TotalPlay-Food/AddProductToBasket'

04-09-2024T08:31:10 - [MESSAGE][INFO] - Checking request object

04-09-2024T08:31:12 - [MESSAGE][INFO] - HAR: C:\Users\ShubhamKumarThakur\OneDrive - Kognivera\Documents\TotalPlay\totalplay-automation\Reports\20240904_082912\Food_Service_Normal_Flow_PlaceOrder\20240904_082912\requests\main\20.har

04-09-2024T08:31:12 - [MESSAGE][PASSED] - Send request successfully

04-09-2024T08:31:12 - [TEST_STEP][PASSED] - verifyResponseStatusCode(AddProductbasket, 200): Verify response status code successfully

04-09-2024T08:31:12 - [MESSAGE][INFO] - Checking response object

04-09-2024T08:31:12 - [MESSAGE][PASSED] - Verify response status code successfully

04-09-2024T08:31:12 - [TEST_STEP][PASSED] - getAddress = sendRequest(findTestObject("TotalPlay-Food/GetAddresses", ["URL":URL, "sla_customerId":sla_customerId, "shop_auth_token":shop_auth_token])): Send request successfully

04-09-2024T08:31:12 - [MESSAGE][INFO] - Finding Test Object 'Object Repository/TotalPlay-Food/GetAddresses'

04-09-2024T08:31:12 - [MESSAGE][INFO] - Checking request object

04-09-2024T08:31:12 - [MESSAGE][INFO] - HAR: C:\Users\ShubhamKumarThakur\OneDrive - Kognivera\Documents\TotalPlay\totalplay-automation\Reports\20240904_082912\Food_Service_Normal_Flow_PlaceOrder\20240904_082912\requests\main\21.har

04-09-2024T08:31:12 - [MESSAGE][PASSED] - Send request successfully

04-09-2024T08:31:12 - [TEST_STEP][PASSED] - verifyResponseStatusCode(getAddress, 200): Verify response status code successfully

04-09-2024T08:31:12 - [MESSAGE][INFO] - Checking response object

04-09-2024T08:31:12 - [MESSAGE][PASSED] - Verify response status code successfully

04-09-2024T08:31:12 - [TEST_STEP][PASSED] - AddAddressToCart = sendRequest(findTestObject("TotalPlay-Food/add address to cart", ["URL":URL, "basketID":FoodBasketId])): Send request successfully

04-09-2024T08:31:12 - [MESSAGE][INFO] - Finding Test Object 'Object Repository/TotalPlay-Food/add address to cart'

04-09-2024T08:31:12 - [MESSAGE][INFO] - Checking request object

04-09-2024T08:31:14 - [MESSAGE][INFO] - HAR: C:\Users\ShubhamKumarThakur\OneDrive - Kognivera\Documents\TotalPlay\totalplay-automation\Reports\20240904_082912\Food_Service_Normal_Flow_PlaceOrder\20240904_082912\requests\main\22.har

04-09-2024T08:31:14 - [MESSAGE][PASSED] - Send request successfully

04-09-2024T08:31:14 - [TEST_STEP][PASSED] - verifyResponseStatusCode(AddAddressToCart, 200): Verify response status code successfully

04-09-2024T08:31:14 - [MESSAGE][INFO] - Checking response object

04-09-2024T08:31:14 - [MESSAGE][PASSED] - Verify response status code successfully

04-09-2024T08:31:14 - [TEST_STEP][PASSED] - SetPayment_instruments = sendRequest(findTestObject("TotalPlay-Food/Food TP Credit", ["URL":URL, "basketID":FoodBasketId, "orderTotal":orderTotal])): Send request successfully

04-09-2024T08:31:14 - [MESSAGE][INFO] - Finding Test Object 'Object Repository/TotalPlay-Food/Food TP Credit'

04-09-2024T08:31:15 - [MESSAGE][INFO] - Checking request object

04-09-2024T08:31:19 - [MESSAGE][INFO] - HAR: C:\Users\ShubhamKumarThakur\OneDrive - Kognivera\Documents\TotalPlay\totalplay-automation\Reports\20240904_082912\Food_Service_Normal_Flow_PlaceOrder\20240904_082912\requests\main\23.har

04-09-2024T08:31:19 - [MESSAGE][PASSED] - Send request successfully

04-09-2024T08:31:19 - [TEST_STEP][PASSED] - totalplay.Common.printResponseinText(SetPayment_instruments): totalplay.Common.printResponseinText is PASSED

04-09-2024T08:31:19 - [MESSAGE][PASSED] - totalplay.Common.printResponseinText is PASSED

04-09-2024T08:31:19 - [TEST_STEP][PASSED] - verifyResponseStatusCode(SetPayment_instruments, 200): Verify response status code successfully

04-09-2024T08:31:19 - [MESSAGE][INFO] - Checking response object

04-09-2024T08:31:19 - [MESSAGE][PASSED] - Verify response status code successfully

04-09-2024T08:31:19 - [TEST_STEP][PASSED] - _v = "_v": null

04-09-2024T08:31:19 - [TEST_STEP][PASSED] - _type = "_type": null

04-09-2024T08:31:19 - [TEST_STEP][PASSED] - _resource_state = "_resource_state": null

04-09-2024T08:31:19 - [TEST_STEP][PASSED] - adjusted_merchandize_total_tax = "adjusted_merchandize_total_tax": null

04-09-2024T08:31:19 - [TEST_STEP][PASSED] - adjusted_shipping_total_tax = "adjusted_shipping_total_tax": null

04-09-2024T08:31:19 - [TEST_STEP][PASSED] - agent_basket = "agent_basket": null

04-09-2024T08:31:19 - [TEST_STEP][PASSED] - basket_id = "basket_id": null

04-09-2024T08:31:19 - [TEST_STEP][PASSED] - billing_address__type = "billing_address._type": null

04-09-2024T08:31:19 - [TEST_STEP][PASSED] - billing_address_address1 = "billing_address.address1": null

04-09-2024T08:31:19 - [TEST_STEP][PASSED] - billing_address_city = "billing_address.city": null

04-09-2024T08:31:19 - [TEST_STEP][PASSED] - billing_address_country_code = "billing_address.country_code": null

04-09-2024T08:31:19 - [TEST_STEP][PASSED] - billing_address_first_name = "billing_address.first_name": null

04-09-2024T08:31:19 - [TEST_STEP][PASSED] - billing_address_full_name = "billing_address.full_name": null

04-09-2024T08:31:19 - [TEST_STEP][PASSED] - billing_address_id = "billing_address.id": null

04-09-2024T08:31:19 - [TEST_STEP][PASSED] - billing_address_last_name = "billing_address.last_name": null

04-09-2024T08:31:19 - [TEST_STEP][PASSED] - billing_address_phone = "billing_address.phone": null

04-09-2024T08:31:19 - [TEST_STEP][PASSED] - billing_address_postal_code = "billing_address.postal_code": null

04-09-2024T08:31:19 - [TEST_STEP][PASSED] - billing_address_c_alias = "billing_address.c_alias": null

04-09-2024T08:31:19 - [TEST_STEP][PASSED] - billing_address_c_delegation = "billing_address.c_delegation": null

04-09-2024T08:31:19 - [TEST_STEP][PASSED] - billing_address_c_label = "billing_address.c_label": null

04-09-2024T08:31:19 - [TEST_STEP][PASSED] - billing_address_c_latitude = "billing_address.c_latitude": null

04-09-2024T08:31:19 - [TEST_STEP][PASSED] - billing_address_c_longitude = "billing_address.c_longitude": null

04-09-2024T08:31:19 - [TEST_STEP][PASSED] - billing_address_c_nExt = "billing_address.c_nExt": null

04-09-2024T08:31:19 - [TEST_STEP][PASSED] - billing_address_c_neighborhood = "billing_address.c_neighborhood": null

04-09-2024T08:31:19 - [TEST_STEP][PASSED] - billing_address_c_references = "billing_address.c_references": null

04-09-2024T08:31:19 - [TEST_STEP][PASSED] - billing_address_c_rfc = "billing_address.c_rfc": null

04-09-2024T08:31:19 - [TEST_STEP][PASSED] - billing_address_c_state = "billing_address.c_state": null

04-09-2024T08:31:19 - [TEST_STEP][PASSED] - billing_address_c_streetName = "billing_address.c_streetName": null

04-09-2024T08:31:19 - [TEST_STEP][PASSED] - channel_type = "channel_type": null

04-09-2024T08:31:19 - [TEST_STEP][PASSED] - creation_date = "creation_date": null

04-09-2024T08:31:19 - [TEST_STEP][PASSED] - currency = "currency": null

04-09-2024T08:31:19 - [TEST_STEP][PASSED] - customer_info__type = "customer_info._type": null

04-09-2024T08:31:19 - [TEST_STEP][PASSED] - customer_info_customer_id = "customer_info.customer_id": null

04-09-2024T08:31:19 - [TEST_STEP][PASSED] - customer_info_customer_no = "customer_info.customer_no": null

04-09-2024T08:31:19 - [TEST_STEP][PASSED] - customer_info_email = "customer_info.email": null

04-09-2024T08:31:19 - [TEST_STEP][PASSED] - last_modified = "last_modified": null

04-09-2024T08:31:19 - [TEST_STEP][PASSED] - merchandize_total_tax = "merchandize_total_tax": null

04-09-2024T08:31:19 - [TEST_STEP][PASSED] - notes__type = "notes._type": null

04-09-2024T08:31:19 - [TEST_STEP][PASSED] - notes_link = "notes.link": null

04-09-2024T08:31:19 - [TEST_STEP][PASSED] - order_total = "order_total": null

04-09-2024T08:31:19 - [TEST_STEP][PASSED] - payment_instruments_0__type = "payment_instruments[0]._type": null

04-09-2024T08:31:19 - [TEST_STEP][PASSED] - payment_instruments_0_amount = "payment_instruments[0].amount": null

04-09-2024T08:31:19 - [TEST_STEP][PASSED] - payment_instruments_0_payment_instrument_id = "payment_instruments[0].payment_instrument_id": null

04-09-2024T08:31:19 - [TEST_STEP][PASSED] - payment_instruments_0_payment_method_id = "payment_instruments[0].payment_method_id": null

04-09-2024T08:31:19 - [TEST_STEP][PASSED] - product_items_0__type = "product_items[0]._type": null

04-09-2024T08:31:19 - [TEST_STEP][PASSED] - product_items_0_adjusted_tax = "product_items[0].adjusted_tax": null

04-09-2024T08:31:19 - [TEST_STEP][PASSED] - product_items_0_base_price = "product_items[0].base_price": null

04-09-2024T08:31:19 - [TEST_STEP][PASSED] - product_items_0_bonus_product_line_item = "product_items[0].bonus_product_line_item": null

04-09-2024T08:31:19 - [TEST_STEP][PASSED] - product_items_0_gift = "product_items[0].gift": null

04-09-2024T08:31:19 - [TEST_STEP][PASSED] - product_items_0_inventory_id = "product_items[0].inventory_id": null

04-09-2024T08:31:19 - [TEST_STEP][PASSED] - product_items_0_item_id = "product_items[0].item_id": null

04-09-2024T08:31:19 - [TEST_STEP][PASSED] - product_items_0_item_text = "product_items[0].item_text": null

04-09-2024T08:31:19 - [TEST_STEP][PASSED] - product_items_0_price = "product_items[0].price": null

04-09-2024T08:31:19 - [TEST_STEP][PASSED] - product_items_0_price_after_item_discount = "product_items[0].price_after_item_discount": null

04-09-2024T08:31:19 - [TEST_STEP][PASSED] - product_items_0_price_after_order_discount = "product_items[0].price_after_order_discount": null

04-09-2024T08:31:19 - [TEST_STEP][PASSED] - product_items_0_product_id = "product_items[0].product_id": null

04-09-2024T08:31:19 - [TEST_STEP][PASSED] - product_items_0_product_name = "product_items[0].product_name": null

04-09-2024T08:31:20 - [TEST_STEP][PASSED] - product_items_0_quantity = "product_items[0].quantity": null

04-09-2024T08:31:20 - [TEST_STEP][PASSED] - product_items_0_tax = "product_items[0].tax": null

04-09-2024T08:31:20 - [TEST_STEP][PASSED] - product_items_0_tax_basis = "product_items[0].tax_basis": null

04-09-2024T08:31:20 - [TEST_STEP][PASSED] - product_items_0_tax_class_id = "product_items[0].tax_class_id": null

04-09-2024T08:31:20 - [TEST_STEP][PASSED] - product_items_0_tax_rate = "product_items[0].tax_rate": null

04-09-2024T08:31:20 - [TEST_STEP][PASSED] - product_items_0_c_fromStoreId = "product_items[0].c_fromStoreId": null

04-09-2024T08:31:20 - [TEST_STEP][PASSED] - product_items_0_c_miraklChannels = "product_items[0].c_miraklChannels": null

04-09-2024T08:31:20 - [TEST_STEP][PASSED] - product_items_0_c_miraklEarliestDeliveryDays = "product_items[0].c_miraklEarliestDeliveryDays": null

04-09-2024T08:31:20 - [TEST_STEP][PASSED] - product_items_0_c_miraklLatestDeliveryDays = "product_items[0].c_miraklLatestDeliveryDays": null

04-09-2024T08:31:20 - [TEST_STEP][PASSED] - product_items_0_c_miraklLeadTimeToShip = "product_items[0].c_miraklLeadTimeToShip": null

04-09-2024T08:31:20 - [TEST_STEP][PASSED] - product_items_0_c_miraklLineShippingPrice = "product_items[0].c_miraklLineShippingPrice": null

04-09-2024T08:31:20 - [TEST_STEP][PASSED] - product_items_0_c_miraklOperatorProductId = "product_items[0].c_miraklOperatorProductId": null

04-09-2024T08:31:20 - [TEST_STEP][PASSED] - product_items_0_c_miraklShippingTaxes = "product_items[0].c_miraklShippingTaxes": null

04-09-2024T08:31:20 - [TEST_STEP][PASSED] - product_items_0_c_miraklTaxes = "product_items[0].c_miraklTaxes": null

04-09-2024T08:31:20 - [TEST_STEP][PASSED] - product_items_0_c_noOfPersons = "product_items[0].c_noOfPersons": null

04-09-2024T08:31:20 - [TEST_STEP][PASSED] - product_items_0_c_offerId = "product_items[0].c_offerId": null

04-09-2024T08:31:20 - [TEST_STEP][PASSED] - product_items_0_c_offerSalesPrice = "product_items[0].c_offerSalesPrice": null

04-09-2024T08:31:20 - [TEST_STEP][PASSED] - product_items_0_c_offerState = "product_items[0].c_offerState": null

04-09-2024T08:31:20 - [TEST_STEP][PASSED] - product_items_0_c_offerStateCode = "product_items[0].c_offerStateCode": null

04-09-2024T08:31:20 - [TEST_STEP][PASSED] - product_items_0_c_shopId = "product_items[0].c_shopId": null

04-09-2024T08:31:20 - [TEST_STEP][PASSED] - product_items_0_c_shopName = "product_items[0].c_shopName": null

04-09-2024T08:31:20 - [TEST_STEP][PASSED] - product_items_0_c_total_crossed_price = "product_items[0].c_total_crossed_price": null

04-09-2024T08:31:20 - [TEST_STEP][PASSED] - product_items_0_c_priceWithComplement = "product_items[0].c_priceWithComplement": null

04-09-2024T08:31:20 - [TEST_STEP][PASSED] - product_sub_total = "product_sub_total": null

04-09-2024T08:31:20 - [TEST_STEP][PASSED] - product_total = "product_total": null

04-09-2024T08:31:20 - [TEST_STEP][PASSED] - shipments_0__type = "shipments[0]._type": null

04-09-2024T08:31:20 - [TEST_STEP][PASSED] - shipments_0_adjusted_merchandize_total_tax = "shipments[0].adjusted_merchandize_total_tax": null

04-09-2024T08:31:20 - [TEST_STEP][PASSED] - shipments_0_adjusted_shipping_total_tax = "shipments[0].adjusted_shipping_total_tax": null

04-09-2024T08:31:20 - [TEST_STEP][PASSED] - shipments_0_gift = "shipments[0].gift": null

04-09-2024T08:31:20 - [TEST_STEP][PASSED] - shipments_0_merchandize_total_tax = "shipments[0].merchandize_total_tax": null

04-09-2024T08:31:20 - [TEST_STEP][PASSED] - shipments_0_product_sub_total = "shipments[0].product_sub_total": null

04-09-2024T08:31:20 - [TEST_STEP][PASSED] - shipments_0_product_total = "shipments[0].product_total": null

04-09-2024T08:31:20 - [TEST_STEP][PASSED] - shipments_0_shipment_id = "shipments[0].shipment_id": null

04-09-2024T08:31:20 - [TEST_STEP][PASSED] - shipments_0_shipment_total = "shipments[0].shipment_total": null

04-09-2024T08:31:20 - [TEST_STEP][PASSED] - shipments_0_shipping_address__type = "shipments[0].shipping_address._type": null

04-09-2024T08:31:20 - [TEST_STEP][PASSED] - shipments_0_shipping_address_address1 = "shipments[0].shipping_address.address1": null

04-09-2024T08:31:20 - [TEST_STEP][PASSED] - shipments_0_shipping_address_city = "shipments[0].shipping_address.city": null

04-09-2024T08:31:20 - [TEST_STEP][PASSED] - shipments_0_shipping_address_country_code = "shipments[0].shipping_address.country_code": null

04-09-2024T08:31:20 - [TEST_STEP][PASSED] - shipments_0_shipping_address_first_name = "shipments[0].shipping_address.first_name": null

04-09-2024T08:31:20 - [TEST_STEP][PASSED] - shipments_0_shipping_address_full_name = "shipments[0].shipping_address.full_name": null

04-09-2024T08:31:20 - [TEST_STEP][PASSED] - shipments_0_shipping_address_id = "shipments[0].shipping_address.id": null

04-09-2024T08:31:20 - [TEST_STEP][PASSED] - shipments_0_shipping_address_last_name = "shipments[0].shipping_address.last_name": null

04-09-2024T08:31:20 - [TEST_STEP][PASSED] - shipments_0_shipping_address_phone = "shipments[0].shipping_address.phone": null

04-09-2024T08:31:20 - [TEST_STEP][PASSED] - shipments_0_shipping_address_postal_code = "shipments[0].shipping_address.postal_code": null

04-09-2024T08:31:20 - [TEST_STEP][PASSED] - shipments_0_shipping_address_c_alias = "shipments[0].shipping_address.c_alias": null

04-09-2024T08:31:20 - [TEST_STEP][PASSED] - shipments_0_shipping_address_c_delegation = "shipments[0].shipping_address.c_delegation": null

04-09-2024T08:31:20 - [TEST_STEP][PASSED] - shipments_0_shipping_address_c_label = "shipments[0].shipping_address.c_label": null

04-09-2024T08:31:20 - [TEST_STEP][PASSED] - shipments_0_shipping_address_c_latitude = "shipments[0].shipping_address.c_latitude": null

04-09-2024T08:31:20 - [TEST_STEP][PASSED] - shipments_0_shipping_address_c_longitude = "shipments[0].shipping_address.c_longitude": null

04-09-2024T08:31:20 - [TEST_STEP][PASSED] - shipments_0_shipping_address_c_nExt = "shipments[0].shipping_address.c_nExt": null

04-09-2024T08:31:20 - [TEST_STEP][PASSED] - shipments_0_shipping_address_c_neighborhood = "shipments[0].shipping_address.c_neighborhood": null

04-09-2024T08:31:20 - [TEST_STEP][PASSED] - shipments_0_shipping_address_c_references = "shipments[0].shipping_address.c_references": null

04-09-2024T08:31:20 - [TEST_STEP][PASSED] - shipments_0_shipping_address_c_rfc = "shipments[0].shipping_address.c_rfc": null

04-09-2024T08:31:20 - [TEST_STEP][PASSED] - shipments_0_shipping_address_c_state = "shipments[0].shipping_address.c_state": null

04-09-2024T08:31:20 - [TEST_STEP][PASSED] - shipments_0_shipping_address_c_streetName = "shipments[0].shipping_address.c_streetName": null

04-09-2024T08:31:20 - [TEST_STEP][PASSED] - shipments_0_shipping_method__type = "shipments[0].shipping_method._type": null

04-09-2024T08:31:20 - [TEST_STEP][PASSED] - shipments_0_shipping_method_description = "shipments[0].shipping_method.description": null

04-09-2024T08:31:20 - [TEST_STEP][PASSED] - shipments_0_shipping_method_id = "shipments[0].shipping_method.id": null

04-09-2024T08:31:20 - [TEST_STEP][PASSED] - shipments_0_shipping_method_name = "shipments[0].shipping_method.name": null

04-09-2024T08:31:20 - [TEST_STEP][PASSED] - shipments_0_shipping_method_c_estimatedArrivalTime = "shipments[0].shipping_method.c_estimatedArrivalTime": null

04-09-2024T08:31:20 - [TEST_STEP][PASSED] - shipments_0_shipping_method_c_storePickupEnabled = "shipments[0].shipping_method.c_storePickupEnabled": null

04-09-2024T08:31:20 - [TEST_STEP][PASSED] - shipments_0_shipping_status = "shipments[0].shipping_status": null

04-09-2024T08:31:20 - [TEST_STEP][PASSED] - shipments_0_shipping_total = "shipments[0].shipping_total": null

04-09-2024T08:31:20 - [TEST_STEP][PASSED] - shipments_0_shipping_total_tax = "shipments[0].shipping_total_tax": null

04-09-2024T08:31:20 - [TEST_STEP][PASSED] - shipments_0_tax_total = "shipments[0].tax_total": null

04-09-2024T08:31:20 - [TEST_STEP][PASSED] - shipments_0_c_serviceCharge = "shipments[0].c_serviceCharge": null

04-09-2024T08:31:20 - [TEST_STEP][PASSED] - shipments_0_c_shippingRates = "shipments[0].c_shippingRates": null

04-09-2024T08:31:20 - [TEST_STEP][PASSED] - shipments_0_c_totalShippingCost = "shipments[0].c_totalShippingCost": null

04-09-2024T08:31:20 - [TEST_STEP][PASSED] - shipping_items_0__type = "shipping_items[0]._type": null

04-09-2024T08:31:20 - [TEST_STEP][PASSED] - shipping_items_0_adjusted_tax = "shipping_items[0].adjusted_tax": null

04-09-2024T08:31:20 - [TEST_STEP][PASSED] - shipping_items_0_base_price = "shipping_items[0].base_price": null

04-09-2024T08:31:20 - [TEST_STEP][PASSED] - shipping_items_0_item_id = "shipping_items[0].item_id": null

04-09-2024T08:31:20 - [TEST_STEP][PASSED] - shipping_items_0_item_text = "shipping_items[0].item_text": null

04-09-2024T08:31:20 - [TEST_STEP][PASSED] - shipping_items_0_price = "shipping_items[0].price": null

04-09-2024T08:31:20 - [TEST_STEP][PASSED] - shipping_items_0_price_after_item_discount = "shipping_items[0].price_after_item_discount": null

04-09-2024T08:31:20 - [TEST_STEP][PASSED] - shipping_items_0_shipment_id = "shipping_items[0].shipment_id": null

04-09-2024T08:31:20 - [TEST_STEP][PASSED] - shipping_items_0_tax = "shipping_items[0].tax": null

04-09-2024T08:31:20 - [TEST_STEP][PASSED] - c_seller_id = "c_seller_id": null

04-09-2024T08:31:20 - [TEST_STEP][PASSED] - c_serviceChargeTotalGrossPrice = "c_serviceChargeTotalGrossPrice": null

04-09-2024T08:31:20 - [TEST_STEP][PASSED] - c_formatedOrderTotal = "c_formatedOrderTotal": null

04-09-2024T08:31:20 - [TEST_STEP][PASSED] - c_formatedProductTotal = "c_formatedProductTotal": null

04-09-2024T08:31:20 - [TEST_STEP][PASSED] - totalplay.Common.verifyPropertyExist(SetPayment_instruments, _v): totalplay.Common.verifyPropertyExist is PASSED

04-09-2024T08:31:20 - [MESSAGE][INFO] - Checking response object

04-09-2024T08:31:20 - [MESSAGE][PASSED] - totalplay.Common.verifyPropertyExist is PASSED

04-09-2024T08:31:20 - [TEST_STEP][PASSED] - totalplay.Common.verifyPropertyValueExist(SetPayment_instruments, _v): totalplay.Common.verifyPropertyValueExist is PASSED

04-09-2024T08:31:20 - [MESSAGE][INFO] - Checking response object

04-09-2024T08:31:20 - [MESSAGE][INFO] - 24.5

04-09-2024T08:31:20 - [MESSAGE][PASSED] - totalplay.Common.verifyPropertyValueExist is PASSED

04-09-2024T08:31:20 - [TEST_STEP][PASSED] - totalplay.Common.verifyPropertyExist(SetPayment_instruments, _type): totalplay.Common.verifyPropertyExist is PASSED

04-09-2024T08:31:20 - [MESSAGE][INFO] - Checking response object

04-09-2024T08:31:20 - [MESSAGE][PASSED] - totalplay.Common.verifyPropertyExist is PASSED

04-09-2024T08:31:20 - [TEST_STEP][PASSED] - totalplay.Common.verifyPropertyValueExist(SetPayment_instruments, _type): totalplay.Common.verifyPropertyValueExist is PASSED

04-09-2024T08:31:20 - [MESSAGE][INFO] - Checking response object

04-09-2024T08:31:20 - [MESSAGE][INFO] - basket

04-09-2024T08:31:20 - [MESSAGE][PASSED] - totalplay.Common.verifyPropertyValueExist is PASSED

04-09-2024T08:31:20 - [TEST_STEP][PASSED] - totalplay.Common.verifyPropertyExist(SetPayment_instruments, _resource_state): totalplay.Common.verifyPropertyExist is PASSED

04-09-2024T08:31:20 - [MESSAGE][INFO] - Checking response object

04-09-2024T08:31:20 - [MESSAGE][PASSED] - totalplay.Common.verifyPropertyExist is PASSED

04-09-2024T08:31:20 - [TEST_STEP][PASSED] - totalplay.Common.verifyPropertyValueExist(SetPayment_instruments, _resource_state): totalplay.Common.verifyPropertyValueExist is PASSED

04-09-2024T08:31:20 - [MESSAGE][INFO] - Checking response object

04-09-2024T08:31:20 - [MESSAGE][INFO] - 36f5222627855d923e9b6b1cf77a93953a567a5a3b02ddf278393ae568d4193a

04-09-2024T08:31:20 - [MESSAGE][PASSED] - totalplay.Common.verifyPropertyValueExist is PASSED

04-09-2024T08:31:20 - [TEST_STEP][PASSED] - totalplay.Common.getDecimalValueofObject(SetPayment_instruments, adjusted_merchandize_total_tax): totalplay.Common.getDecimalValueofObject is PASSED

04-09-2024T08:31:20 - [MESSAGE][INFO] - Checking response object

04-09-2024T08:31:20 - [MESSAGE][PASSED] - totalplay.Common.getDecimalValueofObject is PASSED

04-09-2024T08:31:20 - [TEST_STEP][PASSED] - totalplay.Common.getDecimalValueofObject(SetPayment_instruments, adjusted_shipping_total_tax): totalplay.Common.getDecimalValueofObject is PASSED

04-09-2024T08:31:20 - [MESSAGE][INFO] - Checking response object

04-09-2024T08:31:20 - [MESSAGE][PASSED] - totalplay.Common.getDecimalValueofObject is PASSED

04-09-2024T08:31:20 - [TEST_STEP][PASSED] - totalplay.Common.getBooleanValueofObject(SetPayment_instruments, agent_basket): totalplay.Common.getBooleanValueofObject is PASSED

04-09-2024T08:31:20 - [MESSAGE][INFO] - Checking response object

04-09-2024T08:31:20 - [MESSAGE][PASSED] - totalplay.Common.getBooleanValueofObject is PASSED

04-09-2024T08:31:20 - [TEST_STEP][PASSED] - totalplay.Common.verifyPropertyExist(SetPayment_instruments, basket_id): totalplay.Common.verifyPropertyExist is PASSED

04-09-2024T08:31:20 - [MESSAGE][INFO] - Checking response object

04-09-2024T08:31:20 - [MESSAGE][PASSED] - totalplay.Common.verifyPropertyExist is PASSED

04-09-2024T08:31:20 - [TEST_STEP][PASSED] - totalplay.Common.verifyPropertyValueExist(SetPayment_instruments, basket_id): totalplay.Common.verifyPropertyValueExist is PASSED

04-09-2024T08:31:20 - [MESSAGE][INFO] - Checking response object

04-09-2024T08:31:20 - [MESSAGE][INFO] - e6fb0f84530e584bfd75ed75eb

04-09-2024T08:31:20 - [MESSAGE][PASSED] - totalplay.Common.verifyPropertyValueExist is PASSED

04-09-2024T08:31:20 - [TEST_STEP][PASSED] - totalplay.Common.verifyPropertyExist(SetPayment_instruments, billing_address__type): totalplay.Common.verifyPropertyExist is PASSED

04-09-2024T08:31:20 - [MESSAGE][INFO] - Checking response object

04-09-2024T08:31:20 - [MESSAGE][PASSED] - totalplay.Common.verifyPropertyExist is PASSED

04-09-2024T08:31:20 - [TEST_STEP][PASSED] - totalplay.Common.verifyPropertyValueExist(SetPayment_instruments, billing_address__type): totalplay.Common.verifyPropertyValueExist is PASSED

04-09-2024T08:31:20 - [MESSAGE][INFO] - Checking response object

04-09-2024T08:31:20 - [MESSAGE][INFO] - order_address

04-09-2024T08:31:20 - [MESSAGE][PASSED] - totalplay.Common.verifyPropertyValueExist is PASSED

04-09-2024T08:31:20 - [TEST_STEP][PASSED] - totalplay.Common.verifyPropertyExist(SetPayment_instruments, billing_address_address1): totalplay.Common.verifyPropertyExist is PASSED

04-09-2024T08:31:20 - [MESSAGE][INFO] - Checking response object

04-09-2024T08:31:20 - [MESSAGE][PASSED] - totalplay.Common.verifyPropertyExist is PASSED

04-09-2024T08:31:20 - [TEST_STEP][PASSED] - totalplay.Common.verifyPropertyValueExist(SetPayment_instruments, billing_address_address1): totalplay.Common.verifyPropertyValueExist is PASSED

04-09-2024T08:31:20 - [MESSAGE][INFO] - Checking response object

04-09-2024T08:31:20 - [MESSAGE][INFO] - Alejandro Dumas

04-09-2024T08:31:20 - [MESSAGE][PASSED] - totalplay.Common.verifyPropertyValueExist is PASSED

04-09-2024T08:31:20 - [TEST_STEP][PASSED] - totalplay.Common.verifyPropertyExist(SetPayment_instruments, billing_address_city): totalplay.Common.verifyPropertyExist is PASSED

04-09-2024T08:31:20 - [MESSAGE][INFO] - Checking response object

04-09-2024T08:31:20 - [MESSAGE][PASSED] - totalplay.Common.verifyPropertyExist is PASSED

04-09-2024T08:31:20 - [TEST_STEP][PASSED] - totalplay.Common.verifyPropertyValueExist(SetPayment_instruments, billing_address_city): totalplay.Common.verifyPropertyValueExist is PASSED

04-09-2024T08:31:20 - [MESSAGE][INFO] - Checking response object

04-09-2024T08:31:20 - [MESSAGE][INFO] - Ciudad de Mexico

04-09-2024T08:31:20 - [MESSAGE][PASSED] - totalplay.Common.verifyPropertyValueExist is PASSED

04-09-2024T08:31:20 - [TEST_STEP][PASSED] - totalplay.Common.verifyPropertyExist(SetPayment_instruments, billing_address_country_code): totalplay.Common.verifyPropertyExist is PASSED

04-09-2024T08:31:20 - [MESSAGE][INFO] - Checking response object

04-09-2024T08:31:20 - [MESSAGE][PASSED] - totalplay.Common.verifyPropertyExist is PASSED

04-09-2024T08:31:20 - [TEST_STEP][PASSED] - totalplay.Common.verifyPropertyValueExist(SetPayment_instruments, billing_address_country_code): totalplay.Common.verifyPropertyValueExist is PASSED

04-09-2024T08:31:20 - [MESSAGE][INFO] - Checking response object

04-09-2024T08:31:20 - [MESSAGE][INFO] - MX

04-09-2024T08:31:20 - [MESSAGE][PASSED] - totalplay.Common.verifyPropertyValueExist is PASSED

04-09-2024T08:31:20 - [TEST_STEP][PASSED] - totalplay.Common.verifyPropertyExist(SetPayment_instruments, billing_address_first_name): totalplay.Common.verifyPropertyExist is PASSED

04-09-2024T08:31:20 - [MESSAGE][INFO] - Checking response object

04-09-2024T08:31:20 - [MESSAGE][PASSED] - totalplay.Common.verifyPropertyExist is PASSED

04-09-2024T08:31:20 - [TEST_STEP][PASSED] - totalplay.Common.verifyPropertyValueExist(SetPayment_instruments, billing_address_first_name): totalplay.Common.verifyPropertyValueExist is PASSED

04-09-2024T08:31:20 - [MESSAGE][INFO] - Checking response object

04-09-2024T08:31:20 - [MESSAGE][INFO] - CESAR

04-09-2024T08:31:20 - [MESSAGE][PASSED] - totalplay.Common.verifyPropertyValueExist is PASSED

04-09-2024T08:31:20 - [TEST_STEP][PASSED] - totalplay.Common.verifyPropertyExist(SetPayment_instruments, billing_address_full_name): totalplay.Common.verifyPropertyExist is PASSED

04-09-2024T08:31:20 - [MESSAGE][INFO] - Checking response object

04-09-2024T08:31:20 - [MESSAGE][PASSED] - totalplay.Common.verifyPropertyExist is PASSED

04-09-2024T08:31:20 - [TEST_STEP][PASSED] - totalplay.Common.verifyPropertyValueExist(SetPayment_instruments, billing_address_full_name): totalplay.Common.verifyPropertyValueExist is PASSED

04-09-2024T08:31:20 - [MESSAGE][INFO] - Checking response object

04-09-2024T08:31:21 - [MESSAGE][INFO] - CESAR GERARDO WALDO GONZALEZ

04-09-2024T08:31:21 - [MESSAGE][PASSED] - totalplay.Common.verifyPropertyValueExist is PASSED

04-09-2024T08:31:21 - [TEST_STEP][PASSED] - totalplay.Common.verifyPropertyExist(SetPayment_instruments, billing_address_id): totalplay.Common.verifyPropertyExist is PASSED

04-09-2024T08:31:21 - [MESSAGE][INFO] - Checking response object

04-09-2024T08:31:21 - [MESSAGE][PASSED] - totalplay.Common.verifyPropertyExist is PASSED

04-09-2024T08:31:21 - [TEST_STEP][PASSED] - totalplay.Common.verifyPropertyValueExist(SetPayment_instruments, billing_address_id): totalplay.Common.verifyPropertyValueExist is PASSED

04-09-2024T08:31:21 - [MESSAGE][INFO] - Checking response object

04-09-2024T08:31:21 - [MESSAGE][INFO] - 575c72f8d9ee98a6abf1b96403

04-09-2024T08:31:21 - [MESSAGE][PASSED] - totalplay.Common.verifyPropertyValueExist is PASSED

04-09-2024T08:31:21 - [TEST_STEP][PASSED] - totalplay.Common.verifyPropertyExist(SetPayment_instruments, billing_address_last_name): totalplay.Common.verifyPropertyExist is PASSED

04-09-2024T08:31:21 - [MESSAGE][INFO] - Checking response object

04-09-2024T08:31:21 - [MESSAGE][PASSED] - totalplay.Common.verifyPropertyExist is PASSED

04-09-2024T08:31:21 - [TEST_STEP][PASSED] - totalplay.Common.verifyPropertyValueExist(SetPayment_instruments, billing_address_last_name): totalplay.Common.verifyPropertyValueExist is PASSED

04-09-2024T08:31:21 - [MESSAGE][INFO] - Checking response object

04-09-2024T08:31:21 - [MESSAGE][INFO] - GERARDO WALDO GONZALEZ

04-09-2024T08:31:21 - [MESSAGE][PASSED] - totalplay.Common.verifyPropertyValueExist is PASSED

04-09-2024T08:31:21 - [TEST_STEP][PASSED] - totalplay.Common.verifyPropertyExist(SetPayment_instruments, billing_address_phone): totalplay.Common.verifyPropertyExist is PASSED

04-09-2024T08:31:21 - [MESSAGE][INFO] - Checking response object

04-09-2024T08:31:21 - [MESSAGE][PASSED] - totalplay.Common.verifyPropertyExist is PASSED

04-09-2024T08:31:21 - [TEST_STEP][PASSED] - totalplay.Common.verifyPropertyValueExist(SetPayment_instruments, billing_address_phone): totalplay.Common.verifyPropertyValueExist is PASSED

04-09-2024T08:31:21 - [MESSAGE][INFO] - Checking response object

04-09-2024T08:31:21 - [MESSAGE][INFO] - 5579660270

04-09-2024T08:31:21 - [MESSAGE][PASSED] - totalplay.Common.verifyPropertyValueExist is PASSED

04-09-2024T08:31:21 - [TEST_STEP][PASSED] - totalplay.Common.verifyPropertyExist(SetPayment_instruments, billing_address_postal_code): totalplay.Common.verifyPropertyExist is PASSED

04-09-2024T08:31:21 - [MESSAGE][INFO] - Checking response object

04-09-2024T08:31:21 - [MESSAGE][PASSED] - totalplay.Common.verifyPropertyExist is PASSED

04-09-2024T08:31:21 - [TEST_STEP][PASSED] - totalplay.Common.verifyPropertyValueExist(SetPayment_instruments, billing_address_postal_code): totalplay.Common.verifyPropertyValueExist is PASSED

04-09-2024T08:31:21 - [MESSAGE][INFO] - Checking response object

04-09-2024T08:31:21 - [MESSAGE][INFO] - 11500

04-09-2024T08:31:21 - [MESSAGE][PASSED] - totalplay.Common.verifyPropertyValueExist is PASSED

04-09-2024T08:31:21 - [TEST_STEP][PASSED] - totalplay.Common.verifyPropertyExist(SetPayment_instruments, billing_address_c_alias): totalplay.Common.verifyPropertyExist is PASSED

04-09-2024T08:31:21 - [MESSAGE][INFO] - Checking response object

04-09-2024T08:31:21 - [MESSAGE][PASSED] - totalplay.Common.verifyPropertyExist is PASSED

04-09-2024T08:31:21 - [TEST_STEP][PASSED] - totalplay.Common.verifyPropertyValueExist(SetPayment_instruments, billing_address_c_alias): totalplay.Common.verifyPropertyValueExist is PASSED

04-09-2024T08:31:21 - [MESSAGE][INFO] - Checking response object

04-09-2024T08:31:21 - [MESSAGE][INFO] - CasaWaldoP

04-09-2024T08:31:21 - [MESSAGE][PASSED] - totalplay.Common.verifyPropertyValueExist is PASSED

04-09-2024T08:31:21 - [TEST_STEP][PASSED] - totalplay.Common.verifyPropertyExist(SetPayment_instruments, billing_address_c_delegation): totalplay.Common.verifyPropertyExist is PASSED

04-09-2024T08:31:21 - [MESSAGE][INFO] - Checking response object

04-09-2024T08:31:21 - [MESSAGE][PASSED] - totalplay.Common.verifyPropertyExist is PASSED

04-09-2024T08:31:21 - [TEST_STEP][PASSED] - totalplay.Common.verifyPropertyValueExist(SetPayment_instruments, billing_address_c_delegation): totalplay.Common.verifyPropertyValueExist is PASSED

04-09-2024T08:31:21 - [MESSAGE][INFO] - Checking response object

04-09-2024T08:31:21 - [MESSAGE][INFO] - Miguel Hidalgo

04-09-2024T08:31:21 - [MESSAGE][PASSED] - totalplay.Common.verifyPropertyValueExist is PASSED

04-09-2024T08:31:21 - [TEST_STEP][PASSED] - totalplay.Common.verifyPropertyExist(SetPayment_instruments, billing_address_c_delegation): totalplay.Common.verifyPropertyExist is PASSED

04-09-2024T08:31:21 - [MESSAGE][INFO] - Checking response object

04-09-2024T08:31:21 - [MESSAGE][PASSED] - totalplay.Common.verifyPropertyExist is PASSED

04-09-2024T08:31:21 - [TEST_STEP][PASSED] - totalplay.Common.verifyPropertyValueExist(SetPayment_instruments, billing_address_c_delegation): totalplay.Common.verifyPropertyValueExist is PASSED

04-09-2024T08:31:21 - [MESSAGE][INFO] - Checking response object

04-09-2024T08:31:21 - [MESSAGE][INFO] - Miguel Hidalgo

04-09-2024T08:31:21 - [MESSAGE][PASSED] - totalplay.Common.verifyPropertyValueExist is PASSED

04-09-2024T08:31:21 - [TEST_STEP][PASSED] - totalplay.Common.verifyPropertyExist(SetPayment_instruments, billing_address_c_label): totalplay.Common.verifyPropertyExist is PASSED

04-09-2024T08:31:21 - [MESSAGE][INFO] - Checking response object

04-09-2024T08:31:21 - [MESSAGE][PASSED] - totalplay.Common.verifyPropertyExist is PASSED

04-09-2024T08:31:21 - [TEST_STEP][PASSED] - totalplay.Common.verifyPropertyValueExist(SetPayment_instruments, billing_address_c_label): totalplay.Common.verifyPropertyValueExist is PASSED

04-09-2024T08:31:21 - [MESSAGE][INFO] - Checking response object

04-09-2024T08:31:21 - [MESSAGE][INFO] - {"home":true,"company":false,"other":false}

04-09-2024T08:31:21 - [MESSAGE][PASSED] - totalplay.Common.verifyPropertyValueExist is PASSED

04-09-2024T08:31:21 - [TEST_STEP][PASSED] - totalplay.Common.verifyPropertyExist(SetPayment_instruments, billing_address_c_latitude): totalplay.Common.verifyPropertyExist is PASSED

04-09-2024T08:31:21 - [MESSAGE][INFO] - Checking response object

04-09-2024T08:31:21 - [MESSAGE][PASSED] - totalplay.Common.verifyPropertyExist is PASSED

04-09-2024T08:31:21 - [TEST_STEP][PASSED] - totalplay.Common.verifyPropertyValueExist(SetPayment_instruments, billing_address_c_latitude): totalplay.Common.verifyPropertyValueExist is PASSED

04-09-2024T08:31:21 - [MESSAGE][INFO] - Checking response object

04-09-2024T08:31:21 - [MESSAGE][INFO] - 19.439691

04-09-2024T08:31:21 - [MESSAGE][PASSED] - totalplay.Common.verifyPropertyValueExist is PASSED

04-09-2024T08:31:21 - [TEST_STEP][PASSED] - totalplay.Common.verifyPropertyExist(SetPayment_instruments, billing_address_c_longitude): totalplay.Common.verifyPropertyExist is PASSED

04-09-2024T08:31:21 - [MESSAGE][INFO] - Checking response object

04-09-2024T08:31:21 - [MESSAGE][PASSED] - totalplay.Common.verifyPropertyExist is PASSED

04-09-2024T08:31:21 - [TEST_STEP][PASSED] - totalplay.Common.verifyPropertyValueExist(SetPayment_instruments, billing_address_c_longitude): totalplay.Common.verifyPropertyValueExist is PASSED

04-09-2024T08:31:21 - [MESSAGE][INFO] - Checking response object

04-09-2024T08:31:21 - [MESSAGE][INFO] - -99.205670

04-09-2024T08:31:21 - [MESSAGE][PASSED] - totalplay.Common.verifyPropertyValueExist is PASSED

04-09-2024T08:31:21 - [TEST_STEP][PASSED] - totalplay.Common.verifyPropertyExist(SetPayment_instruments, billing_address_c_nExt): totalplay.Common.verifyPropertyExist is PASSED

04-09-2024T08:31:21 - [MESSAGE][INFO] - Checking response object

04-09-2024T08:31:21 - [MESSAGE][PASSED] - totalplay.Common.verifyPropertyExist is PASSED

04-09-2024T08:31:21 - [TEST_STEP][PASSED] - totalplay.Common.verifyPropertyValueExist(SetPayment_instruments, billing_address_c_nExt): totalplay.Common.verifyPropertyValueExist is PASSED

04-09-2024T08:31:21 - [MESSAGE][INFO] - Checking response object

04-09-2024T08:31:21 - [MESSAGE][INFO] - 107

04-09-2024T08:31:21 - [MESSAGE][PASSED] - totalplay.Common.verifyPropertyValueExist is PASSED

04-09-2024T08:31:21 - [TEST_STEP][PASSED] - totalplay.Common.verifyPropertyExist(SetPayment_instruments, billing_address_c_neighborhood): totalplay.Common.verifyPropertyExist is PASSED

04-09-2024T08:31:21 - [MESSAGE][INFO] - Checking response object

04-09-2024T08:31:21 - [MESSAGE][PASSED] - totalplay.Common.verifyPropertyExist is PASSED

04-09-2024T08:31:21 - [TEST_STEP][PASSED] - totalplay.Common.verifyPropertyValueExist(SetPayment_instruments, billing_address_c_neighborhood): totalplay.Common.verifyPropertyValueExist is PASSED

04-09-2024T08:31:21 - [MESSAGE][INFO] - Checking response object

04-09-2024T08:31:21 - [MESSAGE][INFO] - Polanco

04-09-2024T08:31:21 - [MESSAGE][PASSED] - totalplay.Common.verifyPropertyValueExist is PASSED

04-09-2024T08:31:21 - [TEST_STEP][PASSED] - totalplay.Common.verifyPropertyExist(SetPayment_instruments, billing_address_c_references): totalplay.Common.verifyPropertyExist is PASSED

04-09-2024T08:31:21 - [MESSAGE][INFO] - Checking response object

04-09-2024T08:31:22 - [MESSAGE][PASSED] - totalplay.Common.verifyPropertyExist is PASSED

04-09-2024T08:31:22 - [TEST_STEP][PASSED] - totalplay.Common.verifyPropertyValueExist(SetPayment_instruments, billing_address_c_references): totalplay.Common.verifyPropertyValueExist is PASSED

04-09-2024T08:31:22 - [MESSAGE][INFO] - Checking response object

04-09-2024T08:31:22 - [MESSAGE][INFO] - Llamar al llegar

04-09-2024T08:31:22 - [MESSAGE][PASSED] - totalplay.Common.verifyPropertyValueExist is PASSED

04-09-2024T08:31:22 - [TEST_STEP][PASSED] - totalplay.Common.verifyPropertyExist(SetPayment_instruments, billing_address_c_rfc): totalplay.Common.verifyPropertyExist is PASSED

04-09-2024T08:31:22 - [MESSAGE][INFO] - Checking response object

04-09-2024T08:31:22 - [MESSAGE][PASSED] - totalplay.Common.verifyPropertyExist is PASSED

04-09-2024T08:31:22 - [TEST_STEP][PASSED] - totalplay.Common.verifyPropertyValueExist(SetPayment_instruments, billing_address_c_rfc): totalplay.Common.verifyPropertyValueExist is PASSED

04-09-2024T08:31:22 - [MESSAGE][INFO] - Checking response object

04-09-2024T08:31:22 - [MESSAGE][INFO] - XAXA010101111

04-09-2024T08:31:22 - [MESSAGE][PASSED] - totalplay.Common.verifyPropertyValueExist is PASSED

04-09-2024T08:31:22 - [TEST_STEP][PASSED] - totalplay.Common.verifyPropertyExist(SetPayment_instruments, billing_address_c_state): totalplay.Common.verifyPropertyExist is PASSED

04-09-2024T08:31:22 - [MESSAGE][INFO] - Checking response object

04-09-2024T08:31:22 - [MESSAGE][PASSED] - totalplay.Common.verifyPropertyExist is PASSED

04-09-2024T08:31:22 - [TEST_STEP][PASSED] - totalplay.Common.verifyPropertyValueExist(SetPayment_instruments, billing_address_c_state): totalplay.Common.verifyPropertyValueExist is PASSED

04-09-2024T08:31:22 - [MESSAGE][INFO] - Checking response object

04-09-2024T08:31:22 - [MESSAGE][INFO] - CDMX

04-09-2024T08:31:22 - [MESSAGE][PASSED] - totalplay.Common.verifyPropertyValueExist is PASSED

04-09-2024T08:31:22 - [TEST_STEP][PASSED] - totalplay.Common.verifyPropertyExist(SetPayment_instruments, billing_address_c_streetName): totalplay.Common.verifyPropertyExist is PASSED

04-09-2024T08:31:22 - [MESSAGE][INFO] - Checking response object

04-09-2024T08:31:22 - [MESSAGE][PASSED] - totalplay.Common.verifyPropertyExist is PASSED

04-09-2024T08:31:22 - [TEST_STEP][PASSED] - totalplay.Common.verifyPropertyValueExist(SetPayment_instruments, billing_address_c_streetName): totalplay.Common.verifyPropertyValueExist is PASSED

04-09-2024T08:31:22 - [MESSAGE][INFO] - Checking response object

04-09-2024T08:31:22 - [MESSAGE][INFO] - Alejandro Dumas

04-09-2024T08:31:22 - [MESSAGE][PASSED] - totalplay.Common.verifyPropertyValueExist is PASSED

04-09-2024T08:31:22 - [TEST_STEP][PASSED] - totalplay.Common.verifyPropertyExist(SetPayment_instruments, channel_type): totalplay.Common.verifyPropertyExist is PASSED

04-09-2024T08:31:22 - [MESSAGE][INFO] - Checking response object

04-09-2024T08:31:22 - [MESSAGE][PASSED] - totalplay.Common.verifyPropertyExist is PASSED

04-09-2024T08:31:22 - [TEST_STEP][PASSED] - totalplay.Common.verifyPropertyValueExist(SetPayment_instruments, channel_type): totalplay.Common.verifyPropertyValueExist is PASSED

04-09-2024T08:31:22 - [MESSAGE][INFO] - Checking response object

04-09-2024T08:31:22 - [MESSAGE][INFO] - storefront

04-09-2024T08:31:22 - [MESSAGE][PASSED] - totalplay.Common.verifyPropertyValueExist is PASSED

04-09-2024T08:31:22 - [TEST_STEP][PASSED] - totalplay.Common.verifyPropertyExist(SetPayment_instruments, customer_info__type): totalplay.Common.verifyPropertyExist is PASSED

04-09-2024T08:31:22 - [MESSAGE][INFO] - Checking response object

04-09-2024T08:31:22 - [MESSAGE][PASSED] - totalplay.Common.verifyPropertyExist is PASSED

04-09-2024T08:31:22 - [TEST_STEP][PASSED] - totalplay.Common.verifyPropertyValueExist(SetPayment_instruments, customer_info__type): totalplay.Common.verifyPropertyValueExist is PASSED

04-09-2024T08:31:22 - [MESSAGE][INFO] - Checking response object

04-09-2024T08:31:22 - [MESSAGE][INFO] - customer_info

04-09-2024T08:31:22 - [MESSAGE][PASSED] - totalplay.Common.verifyPropertyValueExist is PASSED

04-09-2024T08:31:22 - [TEST_STEP][PASSED] - totalplay.Common.verifyPropertyExist(SetPayment_instruments, customer_info_customer_id): totalplay.Common.verifyPropertyExist is PASSED

04-09-2024T08:31:22 - [MESSAGE][INFO] - Checking response object

04-09-2024T08:31:22 - [MESSAGE][PASSED] - totalplay.Common.verifyPropertyExist is PASSED

04-09-2024T08:31:22 - [TEST_STEP][PASSED] - totalplay.Common.verifyPropertyValueExist(SetPayment_instruments, customer_info_customer_id): totalplay.Common.verifyPropertyValueExist is PASSED

04-09-2024T08:31:22 - [MESSAGE][INFO] - Checking response object

04-09-2024T08:31:22 - [MESSAGE][INFO] - acTAcwrTj6ECo7V8WDIa5leqor

04-09-2024T08:31:22 - [MESSAGE][PASSED] - totalplay.Common.verifyPropertyValueExist is PASSED

04-09-2024T08:31:22 - [TEST_STEP][PASSED] - totalplay.Common.verifyPropertyExist(SetPayment_instruments, customer_info_customer_no): totalplay.Common.verifyPropertyExist is PASSED

04-09-2024T08:31:22 - [MESSAGE][INFO] - Checking response object

04-09-2024T08:31:22 - [MESSAGE][PASSED] - totalplay.Common.verifyPropertyExist is PASSED

04-09-2024T08:31:22 - [TEST_STEP][PASSED] - totalplay.Common.verifyPropertyValueExist(SetPayment_instruments, customer_info_customer_no): totalplay.Common.verifyPropertyValueExist is PASSED

04-09-2024T08:31:22 - [MESSAGE][INFO] - Checking response object

04-09-2024T08:31:22 - [MESSAGE][INFO] - 00012002

04-09-2024T08:31:22 - [MESSAGE][PASSED] - totalplay.Common.verifyPropertyValueExist is PASSED

04-09-2024T08:31:22 - [TEST_STEP][PASSED] - totalplay.Common.verifyPropertyExist(SetPayment_instruments, customer_info_email): totalplay.Common.verifyPropertyExist is PASSED

04-09-2024T08:31:22 - [MESSAGE][INFO] - Checking response object

04-09-2024T08:31:22 - [MESSAGE][PASSED] - totalplay.Common.verifyPropertyExist is PASSED

04-09-2024T08:31:22 - [TEST_STEP][PASSED] - totalplay.Common.verifyPropertyValueExist(SetPayment_instruments, customer_info_email): totalplay.Common.verifyPropertyValueExist is PASSED

04-09-2024T08:31:22 - [MESSAGE][INFO] - Checking response object

04-09-2024T08:31:22 - [MESSAGE][INFO] - cesar.waldo93@gmail.com

04-09-2024T08:31:22 - [MESSAGE][PASSED] - totalplay.Common.verifyPropertyValueExist is PASSED

04-09-2024T08:31:22 - [TEST_STEP][PASSED] - totalplay.Common.verifyPropertyExist(SetPayment_instruments, last_modified): totalplay.Common.verifyPropertyExist is PASSED

04-09-2024T08:31:22 - [MESSAGE][INFO] - Checking response object

04-09-2024T08:31:22 - [MESSAGE][PASSED] - totalplay.Common.verifyPropertyExist is PASSED

04-09-2024T08:31:22 - [TEST_STEP][PASSED] - totalplay.Common.verifyPropertyValueExist(SetPayment_instruments, last_modified): totalplay.Common.verifyPropertyValueExist is PASSED

04-09-2024T08:31:22 - [MESSAGE][INFO] - Checking response object

04-09-2024T08:31:22 - [MESSAGE][INFO] - 2024-09-04T03:01:18.983Z

04-09-2024T08:31:22 - [MESSAGE][PASSED] - totalplay.Common.verifyPropertyValueExist is PASSED

04-09-2024T08:31:22 - [TEST_STEP][PASSED] - totalplay.Common.getDecimalValueofObject(SetPayment_instruments, merchandize_total_tax): totalplay.Common.getDecimalValueofObject is PASSED

04-09-2024T08:31:22 - [MESSAGE][INFO] - Checking response object

04-09-2024T08:31:22 - [MESSAGE][PASSED] - totalplay.Common.getDecimalValueofObject is PASSED

04-09-2024T08:31:22 - [TEST_STEP][PASSED] - totalplay.Common.verifyPropertyExist(SetPayment_instruments, notes__type): totalplay.Common.verifyPropertyExist is PASSED

04-09-2024T08:31:22 - [MESSAGE][INFO] - Checking response object

04-09-2024T08:31:22 - [MESSAGE][PASSED] - totalplay.Common.verifyPropertyExist is PASSED

04-09-2024T08:31:22 - [TEST_STEP][PASSED] - totalplay.Common.verifyPropertyValueExist(SetPayment_instruments, notes__type): totalplay.Common.verifyPropertyValueExist is PASSED

04-09-2024T08:31:22 - [MESSAGE][INFO] - Checking response object

04-09-2024T08:31:22 - [MESSAGE][INFO] - simple_link

04-09-2024T08:31:22 - [MESSAGE][PASSED] - totalplay.Common.verifyPropertyValueExist is PASSED

04-09-2024T08:31:22 - [TEST_STEP][PASSED] - totalplay.Common.verifyPropertyExist(SetPayment_instruments, notes_link): totalplay.Common.verifyPropertyExist is PASSED

04-09-2024T08:31:22 - [MESSAGE][INFO] - Checking response object

04-09-2024T08:31:23 - [MESSAGE][PASSED] - totalplay.Common.verifyPropertyExist is PASSED

04-09-2024T08:31:23 - [TEST_STEP][PASSED] - totalplay.Common.verifyPropertyValueExist(SetPayment_instruments, notes_link): totalplay.Common.verifyPropertyValueExist is PASSED

04-09-2024T08:31:23 - [MESSAGE][INFO] - Checking response object

04-09-2024T08:31:23 - [MESSAGE][INFO] - https://salesforceqa.sistemastp.com.mx/s/TP-FOOD/dw/shop/v24_5/baskets/e6fb0f84530e584bfd75ed75eb/notes

04-09-2024T08:31:23 - [MESSAGE][PASSED] - totalplay.Common.verifyPropertyValueExist is PASSED

04-09-2024T08:31:23 - [TEST_STEP][PASSED] - totalplay.Common.getDecimalValueofObject(SetPayment_instruments, order_total): totalplay.Common.getDecimalValueofObject is PASSED

04-09-2024T08:31:23 - [MESSAGE][INFO] - Checking response object

04-09-2024T08:31:23 - [MESSAGE][PASSED] - totalplay.Common.getDecimalValueofObject is PASSED

04-09-2024T08:31:23 - [TEST_STEP][PASSED] - totalplay.Common.verifyPropertyExist(SetPayment_instruments, payment_instruments_0__type): totalplay.Common.verifyPropertyExist is PASSED

04-09-2024T08:31:23 - [MESSAGE][INFO] - Checking response object

04-09-2024T08:31:23 - [MESSAGE][PASSED] - totalplay.Common.verifyPropertyExist is PASSED

04-09-2024T08:31:23 - [TEST_STEP][PASSED] - totalplay.Common.verifyPropertyValueExist(SetPayment_instruments, payment_instruments_0__type): totalplay.Common.verifyPropertyValueExist is PASSED

04-09-2024T08:31:23 - [MESSAGE][INFO] - Checking response object

04-09-2024T08:31:23 - [MESSAGE][INFO] - order_payment_instrument

04-09-2024T08:31:23 - [MESSAGE][PASSED] - totalplay.Common.verifyPropertyValueExist is PASSED

04-09-2024T08:31:23 - [TEST_STEP][PASSED] - totalplay.Common.getDecimalValueofObject(SetPayment_instruments, payment_instruments_0_amount): totalplay.Common.getDecimalValueofObject is PASSED

04-09-2024T08:31:23 - [MESSAGE][INFO] - Checking response object

04-09-2024T08:31:23 - [MESSAGE][PASSED] - totalplay.Common.getDecimalValueofObject is PASSED

04-09-2024T08:31:23 - [TEST_STEP][PASSED] - totalplay.Common.verifyPropertyExist(SetPayment_instruments, payment_instruments_0_payment_instrument_id): totalplay.Common.verifyPropertyExist is PASSED

04-09-2024T08:31:23 - [MESSAGE][INFO] - Checking response object

04-09-2024T08:31:23 - [MESSAGE][PASSED] - totalplay.Common.verifyPropertyExist is PASSED

04-09-2024T08:31:23 - [TEST_STEP][PASSED] - totalplay.Common.verifyPropertyValueExist(SetPayment_instruments, payment_instruments_0_payment_instrument_id): totalplay.Common.verifyPropertyValueExist is PASSED

04-09-2024T08:31:23 - [MESSAGE][INFO] - Checking response object

04-09-2024T08:31:23 - [MESSAGE][INFO] - 82f5169c357fce79a200b8ae0d

04-09-2024T08:31:23 - [MESSAGE][PASSED] - totalplay.Common.verifyPropertyValueExist is PASSED

04-09-2024T08:31:23 - [TEST_STEP][PASSED] - totalplay.Common.verifyPropertyExist(SetPayment_instruments, payment_instruments_0_payment_method_id): totalplay.Common.verifyPropertyExist is PASSED

04-09-2024T08:31:23 - [MESSAGE][INFO] - Checking response object

04-09-2024T08:31:23 - [MESSAGE][PASSED] - totalplay.Common.verifyPropertyExist is PASSED

04-09-2024T08:31:23 - [TEST_STEP][PASSED] - totalplay.Common.verifyPropertyValueExist(SetPayment_instruments, payment_instruments_0_payment_method_id): totalplay.Common.verifyPropertyValueExist is PASSED

04-09-2024T08:31:23 - [MESSAGE][INFO] - Checking response object

04-09-2024T08:31:23 - [MESSAGE][INFO] - TP_CREDIT

04-09-2024T08:31:23 - [MESSAGE][PASSED] - totalplay.Common.verifyPropertyValueExist is PASSED

04-09-2024T08:31:23 - [TEST_STEP][PASSED] - totalplay.Common.verifyPropertyExist(SetPayment_instruments, product_items_0__type): totalplay.Common.verifyPropertyExist is PASSED

04-09-2024T08:31:23 - [MESSAGE][INFO] - Checking response object

04-09-2024T08:31:23 - [MESSAGE][PASSED] - totalplay.Common.verifyPropertyExist is PASSED

04-09-2024T08:31:23 - [TEST_STEP][PASSED] - totalplay.Common.verifyPropertyValueExist(SetPayment_instruments, product_items_0__type): totalplay.Common.verifyPropertyValueExist is PASSED

04-09-2024T08:31:23 - [MESSAGE][INFO] - Checking response object

04-09-2024T08:31:23 - [MESSAGE][INFO] - product_item

04-09-2024T08:31:23 - [MESSAGE][PASSED] - totalplay.Common.verifyPropertyValueExist is PASSED

04-09-2024T08:31:23 - [TEST_STEP][PASSED] - totalplay.Common.getDecimalValueofObject(SetPayment_instruments, product_items_0_adjusted_tax): totalplay.Common.getDecimalValueofObject is PASSED

04-09-2024T08:31:23 - [MESSAGE][INFO] - Checking response object

04-09-2024T08:31:23 - [MESSAGE][PASSED] - totalplay.Common.getDecimalValueofObject is PASSED

04-09-2024T08:31:23 - [TEST_STEP][PASSED] - totalplay.Common.getDecimalValueofObject(SetPayment_instruments, product_items_0_base_price): totalplay.Common.getDecimalValueofObject is PASSED

04-09-2024T08:31:23 - [MESSAGE][INFO] - Checking response object

04-09-2024T08:31:23 - [MESSAGE][PASSED] - totalplay.Common.getDecimalValueofObject is PASSED

04-09-2024T08:31:23 - [TEST_STEP][PASSED] - totalplay.Common.getBooleanValueofObject(SetPayment_instruments, product_items_0_bonus_product_line_item): totalplay.Common.getBooleanValueofObject is PASSED

04-09-2024T08:31:23 - [MESSAGE][INFO] - Checking response object

04-09-2024T08:31:23 - [MESSAGE][PASSED] - totalplay.Common.getBooleanValueofObject is PASSED

04-09-2024T08:31:23 - [TEST_STEP][PASSED] - totalplay.Common.getBooleanValueofObject(SetPayment_instruments, product_items_0_gift): totalplay.Common.getBooleanValueofObject is PASSED

04-09-2024T08:31:23 - [MESSAGE][INFO] - Checking response object

04-09-2024T08:31:23 - [MESSAGE][PASSED] - totalplay.Common.getBooleanValueofObject is PASSED

04-09-2024T08:31:23 - [TEST_STEP][PASSED] - totalplay.Common.verifyPropertyExist(SetPayment_instruments, product_items_0_inventory_id): totalplay.Common.verifyPropertyExist is PASSED

04-09-2024T08:31:23 - [MESSAGE][INFO] - Checking response object

04-09-2024T08:31:23 - [MESSAGE][PASSED] - totalplay.Common.verifyPropertyExist is PASSED

04-09-2024T08:31:23 - [TEST_STEP][PASSED] - totalplay.Common.verifyPropertyValueExist(SetPayment_instruments, product_items_0_inventory_id): totalplay.Common.verifyPropertyValueExist is PASSED

04-09-2024T08:31:23 - [MESSAGE][INFO] - Checking response object

04-09-2024T08:31:23 - [MESSAGE][INFO] - inventory_m_food_mirakl

04-09-2024T08:31:23 - [MESSAGE][PASSED] - totalplay.Common.verifyPropertyValueExist is PASSED

04-09-2024T08:31:23 - [TEST_STEP][PASSED] - totalplay.Common.verifyPropertyExist(SetPayment_instruments, product_items_0_item_id): totalplay.Common.verifyPropertyExist is PASSED

04-09-2024T08:31:23 - [MESSAGE][INFO] - Checking response object

04-09-2024T08:31:23 - [MESSAGE][PASSED] - totalplay.Common.verifyPropertyExist is PASSED

04-09-2024T08:31:23 - [TEST_STEP][PASSED] - totalplay.Common.verifyPropertyValueExist(SetPayment_instruments, product_items_0_item_id): totalplay.Common.verifyPropertyValueExist is PASSED

04-09-2024T08:31:23 - [MESSAGE][INFO] - Checking response object

04-09-2024T08:31:23 - [MESSAGE][INFO] - 36f6dba420379fe9ea537475c2

04-09-2024T08:31:23 - [MESSAGE][PASSED] - totalplay.Common.verifyPropertyValueExist is PASSED

04-09-2024T08:31:23 - [TEST_STEP][PASSED] - totalplay.Common.verifyPropertyExist(SetPayment_instruments, product_items_0_item_text): totalplay.Common.verifyPropertyExist is PASSED

04-09-2024T08:31:23 - [MESSAGE][INFO] - Checking response object

04-09-2024T08:31:23 - [MESSAGE][PASSED] - totalplay.Common.verifyPropertyExist is PASSED

04-09-2024T08:31:23 - [TEST_STEP][PASSED] - totalplay.Common.verifyPropertyValueExist(SetPayment_instruments, product_items_0_item_text): totalplay.Common.verifyPropertyValueExist is PASSED

04-09-2024T08:31:23 - [MESSAGE][INFO] - Checking response object

04-09-2024T08:31:23 - [MESSAGE][INFO] - Orden de Maciza (100 g)

04-09-2024T08:31:23 - [MESSAGE][PASSED] - totalplay.Common.verifyPropertyValueExist is PASSED

04-09-2024T08:31:23 - [TEST_STEP][PASSED] - totalplay.Common.getDecimalValueofObject(SetPayment_instruments, product_items_0_price): totalplay.Common.getDecimalValueofObject is PASSED

04-09-2024T08:31:23 - [MESSAGE][INFO] - Checking response object

04-09-2024T08:31:23 - [MESSAGE][PASSED] - totalplay.Common.getDecimalValueofObject is PASSED

04-09-2024T08:31:23 - [TEST_STEP][PASSED] - totalplay.Common.getDecimalValueofObject(SetPayment_instruments, product_items_0_price_after_item_discount): totalplay.Common.getDecimalValueofObject is PASSED

04-09-2024T08:31:23 - [MESSAGE][INFO] - Checking response object

04-09-2024T08:31:24 - [MESSAGE][PASSED] - totalplay.Common.getDecimalValueofObject is PASSED

04-09-2024T08:31:24 - [TEST_STEP][PASSED] - totalplay.Common.getDecimalValueofObject(SetPayment_instruments, product_items_0_price_after_order_discount): totalplay.Common.getDecimalValueofObject is PASSED

04-09-2024T08:31:24 - [MESSAGE][INFO] - Checking response object

04-09-2024T08:31:24 - [MESSAGE][PASSED] - totalplay.Common.getDecimalValueofObject is PASSED

04-09-2024T08:31:24 - [TEST_STEP][PASSED] - totalplay.Common.verifyPropertyExist(SetPayment_instruments, product_items_0_product_id): totalplay.Common.verifyPropertyExist is PASSED

04-09-2024T08:31:24 - [MESSAGE][INFO] - Checking response object

04-09-2024T08:31:24 - [MESSAGE][PASSED] - totalplay.Common.verifyPropertyExist is PASSED

04-09-2024T08:31:24 - [TEST_STEP][PASSED] - totalplay.Common.verifyPropertyValueExist(SetPayment_instruments, product_items_0_product_id): totalplay.Common.verifyPropertyValueExist is PASSED

04-09-2024T08:31:24 - [MESSAGE][INFO] - Checking response object

04-09-2024T08:31:24 - [MESSAGE][INFO] - C828554986

04-09-2024T08:31:24 - [MESSAGE][PASSED] - totalplay.Common.verifyPropertyValueExist is PASSED

04-09-2024T08:31:24 - [TEST_STEP][PASSED] - totalplay.Common.verifyPropertyExist(SetPayment_instruments, product_items_0_product_name): totalplay.Common.verifyPropertyExist is PASSED

04-09-2024T08:31:24 - [MESSAGE][INFO] - Checking response object

04-09-2024T08:31:24 - [MESSAGE][PASSED] - totalplay.Common.verifyPropertyExist is PASSED

04-09-2024T08:31:24 - [TEST_STEP][PASSED] - totalplay.Common.verifyPropertyValueExist(SetPayment_instruments, product_items_0_product_name): totalplay.Common.verifyPropertyValueExist is PASSED

04-09-2024T08:31:24 - [MESSAGE][INFO] - Checking response object

04-09-2024T08:31:24 - [MESSAGE][INFO] - Orden de Maciza (100 g)

04-09-2024T08:31:24 - [MESSAGE][PASSED] - totalplay.Common.verifyPropertyValueExist is PASSED

04-09-2024T08:31:24 - [TEST_STEP][PASSED] - totalplay.Common.getNumValueofObject(SetPayment_instruments, product_items_0_quantity): totalplay.Common.getNumValueofObject is PASSED

04-09-2024T08:31:24 - [MESSAGE][INFO] - Checking response object

04-09-2024T08:31:24 - [MESSAGE][PASSED] - totalplay.Common.getNumValueofObject is PASSED

04-09-2024T08:31:24 - [TEST_STEP][PASSED] - totalplay.Common.getDecimalValueofObject(SetPayment_instruments, product_items_0_tax): totalplay.Common.getDecimalValueofObject is PASSED

04-09-2024T08:31:24 - [MESSAGE][INFO] - Checking response object

04-09-2024T08:31:24 - [MESSAGE][PASSED] - totalplay.Common.getDecimalValueofObject is PASSED

04-09-2024T08:31:24 - [TEST_STEP][PASSED] - totalplay.Common.getDecimalValueofObject(SetPayment_instruments, product_items_0_tax_basis): totalplay.Common.getDecimalValueofObject is PASSED

04-09-2024T08:31:24 - [MESSAGE][INFO] - Checking response object

04-09-2024T08:31:24 - [MESSAGE][PASSED] - totalplay.Common.getDecimalValueofObject is PASSED

04-09-2024T08:31:24 - [TEST_STEP][PASSED] - totalplay.Common.verifyPropertyExist(SetPayment_instruments, product_items_0_tax_class_id): totalplay.Common.verifyPropertyExist is PASSED

04-09-2024T08:31:24 - [MESSAGE][INFO] - Checking response object

04-09-2024T08:31:24 - [MESSAGE][PASSED] - totalplay.Common.verifyPropertyExist is PASSED

04-09-2024T08:31:24 - [TEST_STEP][PASSED] - totalplay.Common.verifyPropertyValueExist(SetPayment_instruments, product_items_0_tax_class_id): totalplay.Common.verifyPropertyValueExist is PASSED

04-09-2024T08:31:24 - [MESSAGE][INFO] - Checking response object

04-09-2024T08:31:24 - [MESSAGE][INFO] - product_zero_tax

04-09-2024T08:31:24 - [MESSAGE][PASSED] - totalplay.Common.verifyPropertyValueExist is PASSED

04-09-2024T08:31:24 - [TEST_STEP][PASSED] - totalplay.Common.getDecimalValueofObject(SetPayment_instruments, product_items_0_tax_rate): totalplay.Common.getDecimalValueofObject is PASSED

04-09-2024T08:31:24 - [MESSAGE][INFO] - Checking response object

04-09-2024T08:31:24 - [MESSAGE][PASSED] - totalplay.Common.getDecimalValueofObject is PASSED

04-09-2024T08:31:24 - [TEST_STEP][PASSED] - totalplay.Common.verifyPropertyExist(SetPayment_instruments, product_items_0_c_fromStoreId): totalplay.Common.verifyPropertyExist is PASSED

04-09-2024T08:31:24 - [MESSAGE][INFO] - Checking response object

04-09-2024T08:31:24 - [MESSAGE][PASSED] - totalplay.Common.verifyPropertyExist is PASSED

04-09-2024T08:31:24 - [TEST_STEP][PASSED] - totalplay.Common.verifyPropertyValueExist(SetPayment_instruments, product_items_0_c_fromStoreId): totalplay.Common.verifyPropertyValueExist is PASSED

04-09-2024T08:31:24 - [MESSAGE][INFO] - Checking response object

04-09-2024T08:31:24 - [MESSAGE][INFO] - 4158

04-09-2024T08:31:24 - [MESSAGE][PASSED] - totalplay.Common.verifyPropertyValueExist is PASSED

04-09-2024T08:31:24 - [TEST_STEP][PASSED] - totalplay.Common.verifyPropertyExist(SetPayment_instruments, product_items_0_c_miraklChannels): totalplay.Common.verifyPropertyExist is PASSED

04-09-2024T08:31:24 - [MESSAGE][INFO] - Checking response object

04-09-2024T08:31:24 - [MESSAGE][PASSED] - totalplay.Common.verifyPropertyExist is PASSED

04-09-2024T08:31:24 - [TEST_STEP][PASSED] - totalplay.Common.verifyPropertyValueExist(SetPayment_instruments, product_items_0_c_miraklChannels): totalplay.Common.verifyPropertyValueExist is PASSED

04-09-2024T08:31:24 - [MESSAGE][INFO] - Checking response object

04-09-2024T08:31:24 - [MESSAGE][INFO] - ["INIT"]

04-09-2024T08:31:24 - [MESSAGE][PASSED] - totalplay.Common.verifyPropertyValueExist is PASSED

04-09-2024T08:31:24 - [TEST_STEP][PASSED] - totalplay.Common.verifyPropertyExist(SetPayment_instruments, product_items_0_c_miraklOperatorProductId): totalplay.Common.verifyPropertyExist is PASSED

04-09-2024T08:31:24 - [MESSAGE][INFO] - Checking response object

04-09-2024T08:31:24 - [MESSAGE][PASSED] - totalplay.Common.verifyPropertyExist is PASSED

04-09-2024T08:31:24 - [TEST_STEP][PASSED] - totalplay.Common.verifyPropertyValueExist(SetPayment_instruments, product_items_0_c_miraklOperatorProductId): totalplay.Common.verifyPropertyValueExist is PASSED

04-09-2024T08:31:24 - [MESSAGE][INFO] - Checking response object

04-09-2024T08:31:24 - [MESSAGE][INFO] - C828554986

04-09-2024T08:31:24 - [MESSAGE][PASSED] - totalplay.Common.verifyPropertyValueExist is PASSED

04-09-2024T08:31:24 - [TEST_STEP][PASSED] - totalplay.Common.verifyPropertyExist(SetPayment_instruments, product_items_0_c_miraklShippingTaxes): totalplay.Common.verifyPropertyExist is PASSED

04-09-2024T08:31:24 - [MESSAGE][INFO] - Checking response object

04-09-2024T08:31:24 - [MESSAGE][PASSED] - totalplay.Common.verifyPropertyExist is PASSED

04-09-2024T08:31:24 - [TEST_STEP][PASSED] - totalplay.Common.verifyPropertyValueExist(SetPayment_instruments, product_items_0_c_miraklShippingTaxes): totalplay.Common.verifyPropertyValueExist is PASSED

04-09-2024T08:31:24 - [MESSAGE][INFO] - Checking response object

04-09-2024T08:31:24 - [MESSAGE][INFO] - [{"amount":0,"type":"product_zero_tax","isTaxRate":true,"rate":0}]

04-09-2024T08:31:24 - [MESSAGE][PASSED] - totalplay.Common.verifyPropertyValueExist is PASSED

04-09-2024T08:31:24 - [TEST_STEP][PASSED] - totalplay.Common.verifyPropertyExist(SetPayment_instruments, product_items_0_c_miraklTaxes): totalplay.Common.verifyPropertyExist is PASSED

04-09-2024T08:31:24 - [MESSAGE][INFO] - Checking response object

04-09-2024T08:31:24 - [MESSAGE][PASSED] - totalplay.Common.verifyPropertyExist is PASSED

04-09-2024T08:31:24 - [TEST_STEP][PASSED] - totalplay.Common.verifyPropertyValueExist(SetPayment_instruments, product_items_0_c_miraklTaxes): totalplay.Common.verifyPropertyValueExist is PASSED

04-09-2024T08:31:24 - [MESSAGE][INFO] - Checking response object

04-09-2024T08:31:24 - [MESSAGE][INFO] - [{"amount":0,"type":"product_zero_tax","isTaxRate":true,"rate":0}]

04-09-2024T08:31:24 - [MESSAGE][PASSED] - totalplay.Common.verifyPropertyValueExist is PASSED

04-09-2024T08:31:24 - [TEST_STEP][PASSED] - totalplay.Common.getNumValueofObject(SetPayment_instruments, product_items_0_c_noOfPersons): totalplay.Common.getNumValueofObject is PASSED

04-09-2024T08:31:24 - [MESSAGE][INFO] - Checking response object

04-09-2024T08:31:24 - [MESSAGE][PASSED] - totalplay.Common.getNumValueofObject is PASSED

04-09-2024T08:31:24 - [TEST_STEP][PASSED] - totalplay.Common.verifyPropertyExist(SetPayment_instruments, product_items_0_c_offerId): totalplay.Common.verifyPropertyExist is PASSED

04-09-2024T08:31:24 - [MESSAGE][INFO] - Checking response object

04-09-2024T08:31:24 - [MESSAGE][PASSED] - totalplay.Common.verifyPropertyExist is PASSED

04-09-2024T08:31:24 - [TEST_STEP][PASSED] - totalplay.Common.verifyPropertyValueExist(SetPayment_instruments, product_items_0_c_offerId): totalplay.Common.verifyPropertyValueExist is PASSED

04-09-2024T08:31:24 - [MESSAGE][INFO] - Checking response object

04-09-2024T08:31:25 - [MESSAGE][INFO] - 541185

04-09-2024T08:31:25 - [MESSAGE][PASSED] - totalplay.Common.verifyPropertyValueExist is PASSED

04-09-2024T08:31:25 - [TEST_STEP][PASSED] - totalplay.Common.getDecimalValueofObject(SetPayment_instruments, product_items_0_c_offerSalesPrice): totalplay.Common.getDecimalValueofObject is PASSED

04-09-2024T08:31:25 - [MESSAGE][INFO] - Checking response object

04-09-2024T08:31:25 - [MESSAGE][PASSED] - totalplay.Common.getDecimalValueofObject is PASSED

04-09-2024T08:31:25 - [TEST_STEP][PASSED] - totalplay.Common.verifyPropertyExist(SetPayment_instruments, product_items_0_c_offerState): totalplay.Common.verifyPropertyExist is PASSED

04-09-2024T08:31:25 - [MESSAGE][INFO] - Checking response object

04-09-2024T08:31:25 - [MESSAGE][PASSED] - totalplay.Common.verifyPropertyExist is PASSED

04-09-2024T08:31:25 - [TEST_STEP][PASSED] - totalplay.Common.verifyPropertyValueExist(SetPayment_instruments, product_items_0_c_offerState): totalplay.Common.verifyPropertyValueExist is PASSED

04-09-2024T08:31:25 - [MESSAGE][INFO] - Checking response object

04-09-2024T08:31:25 - [MESSAGE][INFO] - Nuevo

04-09-2024T08:31:25 - [MESSAGE][PASSED] - totalplay.Common.verifyPropertyValueExist is PASSED

04-09-2024T08:31:25 - [TEST_STEP][PASSED] - totalplay.Common.verifyPropertyExist(SetPayment_instruments, product_items_0_c_offerStateCode): totalplay.Common.verifyPropertyExist is PASSED

04-09-2024T08:31:25 - [MESSAGE][INFO] - Checking response object

04-09-2024T08:31:25 - [MESSAGE][PASSED] - totalplay.Common.verifyPropertyExist is PASSED

04-09-2024T08:31:25 - [TEST_STEP][PASSED] - totalplay.Common.verifyPropertyValueExist(SetPayment_instruments, product_items_0_c_offerStateCode): totalplay.Common.verifyPropertyValueExist is PASSED

04-09-2024T08:31:25 - [MESSAGE][INFO] - Checking response object

04-09-2024T08:31:25 - [MESSAGE][INFO] - 11

04-09-2024T08:31:25 - [MESSAGE][PASSED] - totalplay.Common.verifyPropertyValueExist is PASSED

04-09-2024T08:31:25 - [TEST_STEP][PASSED] - totalplay.Common.verifyPropertyExist(SetPayment_instruments, product_items_0_c_shopId): totalplay.Common.verifyPropertyExist is PASSED

04-09-2024T08:31:25 - [MESSAGE][INFO] - Checking response object

04-09-2024T08:31:25 - [MESSAGE][PASSED] - totalplay.Common.verifyPropertyExist is PASSED

04-09-2024T08:31:25 - [TEST_STEP][PASSED] - totalplay.Common.verifyPropertyValueExist(SetPayment_instruments, product_items_0_c_shopId): totalplay.Common.verifyPropertyValueExist is PASSED

04-09-2024T08:31:25 - [MESSAGE][INFO] - Checking response object

04-09-2024T08:31:25 - [MESSAGE][INFO] - 4158

04-09-2024T08:31:25 - [MESSAGE][PASSED] - totalplay.Common.verifyPropertyValueExist is PASSED

04-09-2024T08:31:25 - [TEST_STEP][PASSED] - totalplay.Common.verifyPropertyExist(SetPayment_instruments, product_items_0_c_shopName): totalplay.Common.verifyPropertyExist is PASSED

04-09-2024T08:31:25 - [MESSAGE][INFO] - Checking response object

04-09-2024T08:31:25 - [MESSAGE][PASSED] - totalplay.Common.verifyPropertyExist is PASSED

04-09-2024T08:31:25 - [TEST_STEP][PASSED] - totalplay.Common.verifyPropertyValueExist(SetPayment_instruments, product_items_0_c_shopName): totalplay.Common.verifyPropertyValueExist is PASSED

04-09-2024T08:31:25 - [MESSAGE][INFO] - Checking response object

04-09-2024T08:31:25 - [MESSAGE][INFO] - La Casa De Toño Polanco

04-09-2024T08:31:25 - [MESSAGE][PASSED] - totalplay.Common.verifyPropertyValueExist is PASSED

04-09-2024T08:31:25 - [TEST_STEP][PASSED] - totalplay.Common.getDecimalValueofObject(SetPayment_instruments, product_items_0_c_total_crossed_price): totalplay.Common.getDecimalValueofObject is PASSED

04-09-2024T08:31:25 - [MESSAGE][INFO] - Checking response object

04-09-2024T08:31:25 - [MESSAGE][PASSED] - totalplay.Common.getDecimalValueofObject is PASSED

04-09-2024T08:31:25 - [TEST_STEP][PASSED] - totalplay.Common.getDecimalValueofObject(SetPayment_instruments, product_items_0_c_priceWithComplement): totalplay.Common.getDecimalValueofObject is PASSED

04-09-2024T08:31:25 - [MESSAGE][INFO] - Checking response object

04-09-2024T08:31:25 - [MESSAGE][PASSED] - totalplay.Common.getDecimalValueofObject is PASSED

04-09-2024T08:31:25 - [TEST_STEP][PASSED] - totalplay.Common.getDecimalValueofObject(SetPayment_instruments, product_sub_total): totalplay.Common.getDecimalValueofObject is PASSED

04-09-2024T08:31:25 - [MESSAGE][INFO] - Checking response object

04-09-2024T08:31:25 - [MESSAGE][PASSED] - totalplay.Common.getDecimalValueofObject is PASSED

04-09-2024T08:31:25 - [TEST_STEP][PASSED] - totalplay.Common.getDecimalValueofObject(SetPayment_instruments, product_total): totalplay.Common.getDecimalValueofObject is PASSED

04-09-2024T08:31:25 - [MESSAGE][INFO] - Checking response object

04-09-2024T08:31:25 - [MESSAGE][PASSED] - totalplay.Common.getDecimalValueofObject is PASSED

04-09-2024T08:31:25 - [TEST_STEP][PASSED] - totalplay.Common.verifyPropertyExist(SetPayment_instruments, shipments_0__type): totalplay.Common.verifyPropertyExist is PASSED

04-09-2024T08:31:25 - [MESSAGE][INFO] - Checking response object

04-09-2024T08:31:25 - [MESSAGE][PASSED] - totalplay.Common.verifyPropertyExist is PASSED

04-09-2024T08:31:25 - [TEST_STEP][PASSED] - totalplay.Common.verifyPropertyValueExist(SetPayment_instruments, shipments_0__type): totalplay.Common.verifyPropertyValueExist is PASSED

04-09-2024T08:31:25 - [MESSAGE][INFO] - Checking response object

04-09-2024T08:31:25 - [MESSAGE][INFO] - shipment

04-09-2024T08:31:25 - [MESSAGE][PASSED] - totalplay.Common.verifyPropertyValueExist is PASSED

04-09-2024T08:31:25 - [TEST_STEP][PASSED] - totalplay.Common.getDecimalValueofObject(SetPayment_instruments, shipments_0_adjusted_merchandize_total_tax): totalplay.Common.getDecimalValueofObject is PASSED

04-09-2024T08:31:25 - [MESSAGE][INFO] - Checking response object

04-09-2024T08:31:25 - [MESSAGE][PASSED] - totalplay.Common.getDecimalValueofObject is PASSED

04-09-2024T08:31:25 - [TEST_STEP][PASSED] - totalplay.Common.getDecimalValueofObject(SetPayment_instruments, shipments_0_adjusted_shipping_total_tax): totalplay.Common.getDecimalValueofObject is PASSED

04-09-2024T08:31:25 - [MESSAGE][INFO] - Checking response object

04-09-2024T08:31:25 - [MESSAGE][PASSED] - totalplay.Common.getDecimalValueofObject is PASSED

04-09-2024T08:31:25 - [TEST_STEP][PASSED] - totalplay.Common.getBooleanValueofObject(SetPayment_instruments, shipments_0_gift): totalplay.Common.getBooleanValueofObject is PASSED

04-09-2024T08:31:25 - [MESSAGE][INFO] - Checking response object

04-09-2024T08:31:25 - [MESSAGE][PASSED] - totalplay.Common.getBooleanValueofObject is PASSED

04-09-2024T08:31:25 - [TEST_STEP][PASSED] - totalplay.Common.getDecimalValueofObject(SetPayment_instruments, shipments_0_merchandize_total_tax): totalplay.Common.getDecimalValueofObject is PASSED

04-09-2024T08:31:25 - [MESSAGE][INFO] - Checking response object

04-09-2024T08:31:25 - [MESSAGE][PASSED] - totalplay.Common.getDecimalValueofObject is PASSED

04-09-2024T08:31:25 - [TEST_STEP][PASSED] - totalplay.Common.getDecimalValueofObject(SetPayment_instruments, shipments_0_product_sub_total): totalplay.Common.getDecimalValueofObject is PASSED

04-09-2024T08:31:25 - [MESSAGE][INFO] - Checking response object

04-09-2024T08:31:26 - [MESSAGE][PASSED] - totalplay.Common.getDecimalValueofObject is PASSED

04-09-2024T08:31:26 - [TEST_STEP][PASSED] - totalplay.Common.getDecimalValueofObject(SetPayment_instruments, shipments_0_product_total): totalplay.Common.getDecimalValueofObject is PASSED

04-09-2024T08:31:26 - [MESSAGE][INFO] - Checking response object

04-09-2024T08:31:26 - [MESSAGE][PASSED] - totalplay.Common.getDecimalValueofObject is PASSED

04-09-2024T08:31:26 - [TEST_STEP][PASSED] - totalplay.Common.verifyPropertyExist(SetPayment_instruments, shipments_0_shipment_id): totalplay.Common.verifyPropertyExist is PASSED

04-09-2024T08:31:26 - [MESSAGE][INFO] - Checking response object

04-09-2024T08:31:26 - [MESSAGE][PASSED] - totalplay.Common.verifyPropertyExist is PASSED

04-09-2024T08:31:26 - [TEST_STEP][PASSED] - totalplay.Common.verifyPropertyValueExist(SetPayment_instruments, shipments_0_shipment_id): totalplay.Common.verifyPropertyValueExist is PASSED

04-09-2024T08:31:26 - [MESSAGE][INFO] - Checking response object

04-09-2024T08:31:26 - [MESSAGE][INFO] - me

04-09-2024T08:31:26 - [MESSAGE][PASSED] - totalplay.Common.verifyPropertyValueExist is PASSED

04-09-2024T08:31:26 - [TEST_STEP][PASSED] - totalplay.Common.getDecimalValueofObject(SetPayment_instruments, shipments_0_shipment_total): totalplay.Common.getDecimalValueofObject is PASSED

04-09-2024T08:31:26 - [MESSAGE][INFO] - Checking response object

04-09-2024T08:31:26 - [MESSAGE][PASSED] - totalplay.Common.getDecimalValueofObject is PASSED

04-09-2024T08:31:26 - [TEST_STEP][PASSED] - totalplay.Common.verifyPropertyExist(SetPayment_instruments, shipments_0_shipping_address__type): totalplay.Common.verifyPropertyExist is PASSED

04-09-2024T08:31:26 - [MESSAGE][INFO] - Checking response object

04-09-2024T08:31:26 - [MESSAGE][PASSED] - totalplay.Common.verifyPropertyExist is PASSED

04-09-2024T08:31:26 - [TEST_STEP][PASSED] - totalplay.Common.verifyPropertyValueExist(SetPayment_instruments, shipments_0_shipping_address__type): totalplay.Common.verifyPropertyValueExist is PASSED

04-09-2024T08:31:26 - [MESSAGE][INFO] - Checking response object

04-09-2024T08:31:26 - [MESSAGE][INFO] - order_address

04-09-2024T08:31:26 - [MESSAGE][PASSED] - totalplay.Common.verifyPropertyValueExist is PASSED

04-09-2024T08:31:26 - [TEST_STEP][PASSED] - totalplay.Common.verifyPropertyExist(SetPayment_instruments, shipments_0_shipping_address_address1): totalplay.Common.verifyPropertyExist is PASSED

04-09-2024T08:31:26 - [MESSAGE][INFO] - Checking response object

04-09-2024T08:31:26 - [MESSAGE][PASSED] - totalplay.Common.verifyPropertyExist is PASSED

04-09-2024T08:31:26 - [TEST_STEP][PASSED] - totalplay.Common.verifyPropertyValueExist(SetPayment_instruments, shipments_0_shipping_address_address1): totalplay.Common.verifyPropertyValueExist is PASSED

04-09-2024T08:31:26 - [MESSAGE][INFO] - Checking response object

04-09-2024T08:31:26 - [MESSAGE][INFO] - Alejandro Dumas

04-09-2024T08:31:26 - [MESSAGE][PASSED] - totalplay.Common.verifyPropertyValueExist is PASSED

04-09-2024T08:31:26 - [TEST_STEP][PASSED] - totalplay.Common.verifyPropertyExist(SetPayment_instruments, shipments_0_shipping_address_city): totalplay.Common.verifyPropertyExist is PASSED

04-09-2024T08:31:26 - [MESSAGE][INFO] - Checking response object

04-09-2024T08:31:26 - [MESSAGE][PASSED] - totalplay.Common.verifyPropertyExist is PASSED

04-09-2024T08:31:26 - [TEST_STEP][PASSED] - totalplay.Common.verifyPropertyValueExist(SetPayment_instruments, shipments_0_shipping_address_city): totalplay.Common.verifyPropertyValueExist is PASSED

04-09-2024T08:31:26 - [MESSAGE][INFO] - Checking response object

04-09-2024T08:31:26 - [MESSAGE][INFO] - Ciudad de Mexico

04-09-2024T08:31:26 - [MESSAGE][PASSED] - totalplay.Common.verifyPropertyValueExist is PASSED

04-09-2024T08:31:26 - [TEST_STEP][PASSED] - totalplay.Common.verifyPropertyExist(SetPayment_instruments, shipments_0_shipping_address_country_code): totalplay.Common.verifyPropertyExist is PASSED

04-09-2024T08:31:26 - [MESSAGE][INFO] - Checking response object

04-09-2024T08:31:26 - [MESSAGE][PASSED] - totalplay.Common.verifyPropertyExist is PASSED

04-09-2024T08:31:26 - [TEST_STEP][PASSED] - totalplay.Common.verifyPropertyValueExist(SetPayment_instruments, shipments_0_shipping_address_country_code): totalplay.Common.verifyPropertyValueExist is PASSED

04-09-2024T08:31:26 - [MESSAGE][INFO] - Checking response object

04-09-2024T08:31:26 - [MESSAGE][INFO] - MX

04-09-2024T08:31:26 - [MESSAGE][PASSED] - totalplay.Common.verifyPropertyValueExist is PASSED

04-09-2024T08:31:26 - [TEST_STEP][PASSED] - totalplay.Common.verifyPropertyExist(SetPayment_instruments, shipments_0_shipping_address_first_name): totalplay.Common.verifyPropertyExist is PASSED

04-09-2024T08:31:26 - [MESSAGE][INFO] - Checking response object

04-09-2024T08:31:26 - [MESSAGE][PASSED] - totalplay.Common.verifyPropertyExist is PASSED

04-09-2024T08:31:26 - [TEST_STEP][PASSED] - totalplay.Common.verifyPropertyValueExist(SetPayment_instruments, shipments_0_shipping_address_first_name): totalplay.Common.verifyPropertyValueExist is PASSED

04-09-2024T08:31:26 - [MESSAGE][INFO] - Checking response object

04-09-2024T08:31:26 - [MESSAGE][INFO] - CESAR

04-09-2024T08:31:26 - [MESSAGE][PASSED] - totalplay.Common.verifyPropertyValueExist is PASSED

04-09-2024T08:31:26 - [TEST_STEP][PASSED] - totalplay.Common.verifyPropertyExist(SetPayment_instruments, shipments_0_shipping_address_full_name): totalplay.Common.verifyPropertyExist is PASSED

04-09-2024T08:31:26 - [MESSAGE][INFO] - Checking response object

04-09-2024T08:31:26 - [MESSAGE][PASSED] - totalplay.Common.verifyPropertyExist is PASSED

04-09-2024T08:31:26 - [TEST_STEP][PASSED] - totalplay.Common.verifyPropertyValueExist(SetPayment_instruments, shipments_0_shipping_address_full_name): totalplay.Common.verifyPropertyValueExist is PASSED

04-09-2024T08:31:26 - [MESSAGE][INFO] - Checking response object

04-09-2024T08:31:26 - [MESSAGE][INFO] - CESAR GERARDO WALDO GONZALEZ

04-09-2024T08:31:26 - [MESSAGE][PASSED] - totalplay.Common.verifyPropertyValueExist is PASSED

04-09-2024T08:31:26 - [TEST_STEP][PASSED] - totalplay.Common.verifyPropertyExist(SetPayment_instruments, shipments_0_shipping_address_id): totalplay.Common.verifyPropertyExist is PASSED

04-09-2024T08:31:26 - [MESSAGE][INFO] - Checking response object

04-09-2024T08:31:26 - [MESSAGE][PASSED] - totalplay.Common.verifyPropertyExist is PASSED

04-09-2024T08:31:26 - [TEST_STEP][PASSED] - totalplay.Common.verifyPropertyValueExist(SetPayment_instruments, shipments_0_shipping_address_id): totalplay.Common.verifyPropertyValueExist is PASSED

04-09-2024T08:31:26 - [MESSAGE][INFO] - Checking response object

04-09-2024T08:31:26 - [MESSAGE][INFO] - d50d82375acc5f085c6f78d28f

04-09-2024T08:31:26 - [MESSAGE][PASSED] - totalplay.Common.verifyPropertyValueExist is PASSED

04-09-2024T08:31:26 - [TEST_STEP][PASSED] - totalplay.Common.verifyPropertyExist(SetPayment_instruments, shipments_0_shipping_address_last_name): totalplay.Common.verifyPropertyExist is PASSED

04-09-2024T08:31:26 - [MESSAGE][INFO] - Checking response object

04-09-2024T08:31:26 - [MESSAGE][PASSED] - totalplay.Common.verifyPropertyExist is PASSED

04-09-2024T08:31:26 - [TEST_STEP][PASSED] - totalplay.Common.verifyPropertyValueExist(SetPayment_instruments, shipments_0_shipping_address_last_name): totalplay.Common.verifyPropertyValueExist is PASSED

04-09-2024T08:31:26 - [MESSAGE][INFO] - Checking response object

04-09-2024T08:31:26 - [MESSAGE][INFO] - GERARDO WALDO GONZALEZ

04-09-2024T08:31:26 - [MESSAGE][PASSED] - totalplay.Common.verifyPropertyValueExist is PASSED

04-09-2024T08:31:26 - [TEST_STEP][PASSED] - totalplay.Common.verifyPropertyExist(SetPayment_instruments, shipments_0_shipping_address_phone): totalplay.Common.verifyPropertyExist is PASSED

04-09-2024T08:31:26 - [MESSAGE][INFO] - Checking response object

04-09-2024T08:31:26 - [MESSAGE][PASSED] - totalplay.Common.verifyPropertyExist is PASSED

04-09-2024T08:31:26 - [TEST_STEP][PASSED] - totalplay.Common.verifyPropertyValueExist(SetPayment_instruments, shipments_0_shipping_address_phone): totalplay.Common.verifyPropertyValueExist is PASSED

04-09-2024T08:31:26 - [MESSAGE][INFO] - Checking response object

04-09-2024T08:31:26 - [MESSAGE][INFO] - 5579660270

04-09-2024T08:31:26 - [MESSAGE][PASSED] - totalplay.Common.verifyPropertyValueExist is PASSED

04-09-2024T08:31:26 - [TEST_STEP][PASSED] - totalplay.Common.verifyPropertyExist(SetPayment_instruments, shipments_0_shipping_address_postal_code): totalplay.Common.verifyPropertyExist is PASSED

04-09-2024T08:31:26 - [MESSAGE][INFO] - Checking response object

04-09-2024T08:31:27 - [MESSAGE][PASSED] - totalplay.Common.verifyPropertyExist is PASSED

04-09-2024T08:31:27 - [TEST_STEP][PASSED] - totalplay.Common.verifyPropertyValueExist(SetPayment_instruments, shipments_0_shipping_address_postal_code): totalplay.Common.verifyPropertyValueExist is PASSED

04-09-2024T08:31:27 - [MESSAGE][INFO] - Checking response object

04-09-2024T08:31:27 - [MESSAGE][INFO] - 11500

04-09-2024T08:31:27 - [MESSAGE][PASSED] - totalplay.Common.verifyPropertyValueExist is PASSED

04-09-2024T08:31:27 - [TEST_STEP][PASSED] - totalplay.Common.verifyPropertyExist(SetPayment_instruments, shipments_0_shipping_address_c_alias): totalplay.Common.verifyPropertyExist is PASSED

04-09-2024T08:31:27 - [MESSAGE][INFO] - Checking response object

04-09-2024T08:31:27 - [MESSAGE][PASSED] - totalplay.Common.verifyPropertyExist is PASSED

04-09-2024T08:31:27 - [TEST_STEP][PASSED] - totalplay.Common.verifyPropertyValueExist(SetPayment_instruments, shipments_0_shipping_address_c_alias): totalplay.Common.verifyPropertyValueExist is PASSED

04-09-2024T08:31:27 - [MESSAGE][INFO] - Checking response object

04-09-2024T08:31:27 - [MESSAGE][INFO] - CasaWaldoP

04-09-2024T08:31:27 - [MESSAGE][PASSED] - totalplay.Common.verifyPropertyValueExist is PASSED

04-09-2024T08:31:27 - [TEST_STEP][PASSED] - totalplay.Common.verifyPropertyExist(SetPayment_instruments, shipments_0_shipping_address_c_delegation): totalplay.Common.verifyPropertyExist is PASSED

04-09-2024T08:31:27 - [MESSAGE][INFO] - Checking response object

04-09-2024T08:31:27 - [MESSAGE][PASSED] - totalplay.Common.verifyPropertyExist is PASSED

04-09-2024T08:31:27 - [TEST_STEP][PASSED] - totalplay.Common.verifyPropertyValueExist(SetPayment_instruments, shipments_0_shipping_address_c_delegation): totalplay.Common.verifyPropertyValueExist is PASSED

04-09-2024T08:31:27 - [MESSAGE][INFO] - Checking response object

04-09-2024T08:31:27 - [MESSAGE][INFO] - Miguel Hidalgo

04-09-2024T08:31:27 - [MESSAGE][PASSED] - totalplay.Common.verifyPropertyValueExist is PASSED

04-09-2024T08:31:27 - [TEST_STEP][PASSED] - totalplay.Common.verifyPropertyExist(SetPayment_instruments, shipments_0_shipping_address_c_label): totalplay.Common.verifyPropertyExist is PASSED

04-09-2024T08:31:27 - [MESSAGE][INFO] - Checking response object

04-09-2024T08:31:27 - [MESSAGE][PASSED] - totalplay.Common.verifyPropertyExist is PASSED

04-09-2024T08:31:27 - [TEST_STEP][PASSED] - totalplay.Common.verifyPropertyValueExist(SetPayment_instruments, shipments_0_shipping_address_c_label): totalplay.Common.verifyPropertyValueExist is PASSED

04-09-2024T08:31:27 - [MESSAGE][INFO] - Checking response object

04-09-2024T08:31:27 - [MESSAGE][INFO] - {"home":true,"company":false,"other":false}

04-09-2024T08:31:27 - [MESSAGE][PASSED] - totalplay.Common.verifyPropertyValueExist is PASSED

04-09-2024T08:31:27 - [TEST_STEP][PASSED] - totalplay.Common.verifyPropertyExist(SetPayment_instruments, shipments_0_shipping_address_c_latitude): totalplay.Common.verifyPropertyExist is PASSED

04-09-2024T08:31:27 - [MESSAGE][INFO] - Checking response object

04-09-2024T08:31:27 - [MESSAGE][PASSED] - totalplay.Common.verifyPropertyExist is PASSED

04-09-2024T08:31:27 - [TEST_STEP][PASSED] - totalplay.Common.verifyPropertyValueExist(SetPayment_instruments, shipments_0_shipping_address_c_latitude): totalplay.Common.verifyPropertyValueExist is PASSED

04-09-2024T08:31:27 - [MESSAGE][INFO] - Checking response object

04-09-2024T08:31:27 - [MESSAGE][INFO] - 19.439691

04-09-2024T08:31:27 - [MESSAGE][PASSED] - totalplay.Common.verifyPropertyValueExist is PASSED

04-09-2024T08:31:27 - [TEST_STEP][PASSED] - totalplay.Common.verifyPropertyExist(SetPayment_instruments, shipments_0_shipping_address_c_longitude): totalplay.Common.verifyPropertyExist is PASSED

04-09-2024T08:31:27 - [MESSAGE][INFO] - Checking response object

04-09-2024T08:31:27 - [MESSAGE][PASSED] - totalplay.Common.verifyPropertyExist is PASSED

04-09-2024T08:31:27 - [TEST_STEP][PASSED] - totalplay.Common.verifyPropertyValueExist(SetPayment_instruments, shipments_0_shipping_address_c_longitude): totalplay.Common.verifyPropertyValueExist is PASSED

04-09-2024T08:31:27 - [MESSAGE][INFO] - Checking response object

04-09-2024T08:31:27 - [MESSAGE][INFO] - -99.205670

04-09-2024T08:31:27 - [MESSAGE][PASSED] - totalplay.Common.verifyPropertyValueExist is PASSED

04-09-2024T08:31:27 - [TEST_STEP][PASSED] - totalplay.Common.verifyPropertyExist(SetPayment_instruments, shipments_0_shipping_address_c_nExt): totalplay.Common.verifyPropertyExist is PASSED

04-09-2024T08:31:27 - [MESSAGE][INFO] - Checking response object

04-09-2024T08:31:27 - [MESSAGE][PASSED] - totalplay.Common.verifyPropertyExist is PASSED

04-09-2024T08:31:27 - [TEST_STEP][PASSED] - totalplay.Common.verifyPropertyValueExist(SetPayment_instruments, shipments_0_shipping_address_c_nExt): totalplay.Common.verifyPropertyValueExist is PASSED

04-09-2024T08:31:27 - [MESSAGE][INFO] - Checking response object

04-09-2024T08:31:27 - [MESSAGE][INFO] - 107

04-09-2024T08:31:27 - [MESSAGE][PASSED] - totalplay.Common.verifyPropertyValueExist is PASSED

04-09-2024T08:31:27 - [TEST_STEP][PASSED] - totalplay.Common.verifyPropertyExist(SetPayment_instruments, shipments_0_shipping_address_c_neighborhood): totalplay.Common.verifyPropertyExist is PASSED

04-09-2024T08:31:27 - [MESSAGE][INFO] - Checking response object

04-09-2024T08:31:27 - [MESSAGE][PASSED] - totalplay.Common.verifyPropertyExist is PASSED

04-09-2024T08:31:27 - [TEST_STEP][PASSED] - totalplay.Common.verifyPropertyValueExist(SetPayment_instruments, shipments_0_shipping_address_c_neighborhood): totalplay.Common.verifyPropertyValueExist is PASSED

04-09-2024T08:31:27 - [MESSAGE][INFO] - Checking response object

04-09-2024T08:31:27 - [MESSAGE][INFO] - Polanco

04-09-2024T08:31:27 - [MESSAGE][PASSED] - totalplay.Common.verifyPropertyValueExist is PASSED

04-09-2024T08:31:27 - [TEST_STEP][PASSED] - totalplay.Common.verifyPropertyExist(SetPayment_instruments, shipments_0_shipping_address_c_references): totalplay.Common.verifyPropertyExist is PASSED

04-09-2024T08:31:27 - [MESSAGE][INFO] - Checking response object

04-09-2024T08:31:27 - [MESSAGE][PASSED] - totalplay.Common.verifyPropertyExist is PASSED

04-09-2024T08:31:27 - [TEST_STEP][PASSED] - totalplay.Common.verifyPropertyValueExist(SetPayment_instruments, shipments_0_shipping_address_c_references): totalplay.Common.verifyPropertyValueExist is PASSED

04-09-2024T08:31:27 - [MESSAGE][INFO] - Checking response object

04-09-2024T08:31:27 - [MESSAGE][INFO] - Llamar al llegar

04-09-2024T08:31:27 - [MESSAGE][PASSED] - totalplay.Common.verifyPropertyValueExist is PASSED

04-09-2024T08:31:27 - [TEST_STEP][PASSED] - totalplay.Common.verifyPropertyExist(SetPayment_instruments, shipments_0_shipping_address_c_rfc): totalplay.Common.verifyPropertyExist is PASSED

04-09-2024T08:31:27 - [MESSAGE][INFO] - Checking response object

04-09-2024T08:31:27 - [MESSAGE][PASSED] - totalplay.Common.verifyPropertyExist is PASSED

04-09-2024T08:31:27 - [TEST_STEP][PASSED] - totalplay.Common.verifyPropertyValueExist(SetPayment_instruments, shipments_0_shipping_address_c_rfc): totalplay.Common.verifyPropertyValueExist is PASSED

04-09-2024T08:31:27 - [MESSAGE][INFO] - Checking response object

04-09-2024T08:31:27 - [MESSAGE][INFO] - XAXA010101111

04-09-2024T08:31:27 - [MESSAGE][PASSED] - totalplay.Common.verifyPropertyValueExist is PASSED

04-09-2024T08:31:27 - [TEST_STEP][PASSED] - totalplay.Common.verifyPropertyExist(SetPayment_instruments, shipments_0_shipping_address_c_state): totalplay.Common.verifyPropertyExist is PASSED

04-09-2024T08:31:27 - [MESSAGE][INFO] - Checking response object

04-09-2024T08:31:27 - [MESSAGE][PASSED] - totalplay.Common.verifyPropertyExist is PASSED

04-09-2024T08:31:27 - [TEST_STEP][PASSED] - totalplay.Common.verifyPropertyValueExist(SetPayment_instruments, shipments_0_shipping_address_c_state): totalplay.Common.verifyPropertyValueExist is PASSED

04-09-2024T08:31:27 - [MESSAGE][INFO] - Checking response object

04-09-2024T08:31:27 - [MESSAGE][INFO] - CDMX

04-09-2024T08:31:27 - [MESSAGE][PASSED] - totalplay.Common.verifyPropertyValueExist is PASSED

04-09-2024T08:31:27 - [TEST_STEP][PASSED] - totalplay.Common.verifyPropertyExist(SetPayment_instruments, shipments_0_shipping_address_c_streetName): totalplay.Common.verifyPropertyExist is PASSED

04-09-2024T08:31:27 - [MESSAGE][INFO] - Checking response object

04-09-2024T08:31:27 - [MESSAGE][PASSED] - totalplay.Common.verifyPropertyExist is PASSED

04-09-2024T08:31:27 - [TEST_STEP][PASSED] - totalplay.Common.verifyPropertyValueExist(SetPayment_instruments, shipments_0_shipping_address_c_streetName): totalplay.Common.verifyPropertyValueExist is PASSED

04-09-2024T08:31:27 - [MESSAGE][INFO] - Checking response object

04-09-2024T08:31:27 - [MESSAGE][INFO] - Alejandro Dumas

04-09-2024T08:31:27 - [MESSAGE][PASSED] - totalplay.Common.verifyPropertyValueExist is PASSED

04-09-2024T08:31:27 - [TEST_STEP][PASSED] - totalplay.Common.verifyPropertyExist(SetPayment_instruments, shipments_0_shipping_method__type): totalplay.Common.verifyPropertyExist is PASSED

04-09-2024T08:31:27 - [MESSAGE][INFO] - Checking response object

04-09-2024T08:31:28 - [MESSAGE][PASSED] - totalplay.Common.verifyPropertyExist is PASSED

04-09-2024T08:31:28 - [TEST_STEP][PASSED] - totalplay.Common.verifyPropertyValueExist(SetPayment_instruments, shipments_0_shipping_method__type): totalplay.Common.verifyPropertyValueExist is PASSED

04-09-2024T08:31:28 - [MESSAGE][INFO] - Checking response object

04-09-2024T08:31:28 - [MESSAGE][INFO] - shipping_method

04-09-2024T08:31:28 - [MESSAGE][PASSED] - totalplay.Common.verifyPropertyValueExist is PASSED

04-09-2024T08:31:28 - [TEST_STEP][PASSED] - totalplay.Common.verifyPropertyExist(SetPayment_instruments, shipments_0_shipping_method_description): totalplay.Common.verifyPropertyExist is PASSED

04-09-2024T08:31:28 - [MESSAGE][INFO] - Checking response object

04-09-2024T08:31:28 - [MESSAGE][PASSED] - totalplay.Common.verifyPropertyExist is PASSED

04-09-2024T08:31:28 - [TEST_STEP][PASSED] - totalplay.Common.verifyPropertyValueExist(SetPayment_instruments, shipments_0_shipping_method_description): totalplay.Common.verifyPropertyValueExist is PASSED

04-09-2024T08:31:28 - [MESSAGE][INFO] - Checking response object

04-09-2024T08:31:28 - [MESSAGE][INFO] - pickup

04-09-2024T08:31:28 - [MESSAGE][PASSED] - totalplay.Common.verifyPropertyValueExist is PASSED

04-09-2024T08:31:28 - [TEST_STEP][PASSED] - totalplay.Common.verifyPropertyExist(SetPayment_instruments, shipments_0_shipping_method_name): totalplay.Common.verifyPropertyExist is PASSED

04-09-2024T08:31:28 - [MESSAGE][INFO] - Checking response object

04-09-2024T08:31:28 - [MESSAGE][PASSED] - totalplay.Common.verifyPropertyExist is PASSED

04-09-2024T08:31:28 - [TEST_STEP][PASSED] - totalplay.Common.verifyPropertyValueExist(SetPayment_instruments, shipments_0_shipping_method_name): totalplay.Common.verifyPropertyValueExist is PASSED

04-09-2024T08:31:28 - [MESSAGE][INFO] - Checking response object

04-09-2024T08:31:28 - [MESSAGE][INFO] - pickup

04-09-2024T08:31:28 - [MESSAGE][PASSED] - totalplay.Common.verifyPropertyValueExist is PASSED

04-09-2024T08:31:28 - [TEST_STEP][PASSED] - totalplay.Common.verifyPropertyExist(SetPayment_instruments, shipments_0_shipping_method_c_estimatedArrivalTime): totalplay.Common.verifyPropertyExist is PASSED

04-09-2024T08:31:28 - [MESSAGE][INFO] - Checking response object

04-09-2024T08:31:28 - [MESSAGE][PASSED] - totalplay.Common.verifyPropertyExist is PASSED

04-09-2024T08:31:28 - [TEST_STEP][PASSED] - totalplay.Common.verifyPropertyValueExist(SetPayment_instruments, shipments_0_shipping_method_c_estimatedArrivalTime): totalplay.Common.verifyPropertyValueExist is PASSED

04-09-2024T08:31:28 - [MESSAGE][INFO] - Checking response object

04-09-2024T08:31:28 - [MESSAGE][INFO] - 60 Mins

04-09-2024T08:31:28 - [MESSAGE][PASSED] - totalplay.Common.verifyPropertyValueExist is PASSED

04-09-2024T08:31:28 - [TEST_STEP][PASSED] - totalplay.Common.getBooleanValueofObject(SetPayment_instruments, shipments_0_shipping_method_c_storePickupEnabled): totalplay.Common.getBooleanValueofObject is PASSED

04-09-2024T08:31:28 - [MESSAGE][INFO] - Checking response object

04-09-2024T08:31:28 - [MESSAGE][PASSED] - totalplay.Common.getBooleanValueofObject is PASSED

04-09-2024T08:31:28 - [TEST_STEP][PASSED] - totalplay.Common.verifyPropertyExist(SetPayment_instruments, shipments_0_shipping_status): totalplay.Common.verifyPropertyExist is PASSED

04-09-2024T08:31:28 - [MESSAGE][INFO] - Checking response object

04-09-2024T08:31:28 - [MESSAGE][PASSED] - totalplay.Common.verifyPropertyExist is PASSED

04-09-2024T08:31:28 - [TEST_STEP][PASSED] - totalplay.Common.verifyPropertyValueExist(SetPayment_instruments, shipments_0_shipping_status): totalplay.Common.verifyPropertyValueExist is PASSED

04-09-2024T08:31:28 - [MESSAGE][INFO] - Checking response object

04-09-2024T08:31:28 - [MESSAGE][INFO] - not_shipped

04-09-2024T08:31:28 - [MESSAGE][PASSED] - totalplay.Common.verifyPropertyValueExist is PASSED

04-09-2024T08:31:28 - [TEST_STEP][PASSED] - totalplay.Common.getDecimalValueofObject(SetPayment_instruments, shipments_0_shipping_total): totalplay.Common.getDecimalValueofObject is PASSED

04-09-2024T08:31:28 - [MESSAGE][INFO] - Checking response object

04-09-2024T08:31:28 - [MESSAGE][PASSED] - totalplay.Common.getDecimalValueofObject is PASSED

04-09-2024T08:31:28 - [TEST_STEP][PASSED] - totalplay.Common.getDecimalValueofObject(SetPayment_instruments, shipments_0_shipping_total_tax): totalplay.Common.getDecimalValueofObject is PASSED

04-09-2024T08:31:28 - [MESSAGE][INFO] - Checking response object

04-09-2024T08:31:28 - [MESSAGE][PASSED] - totalplay.Common.getDecimalValueofObject is PASSED

04-09-2024T08:31:28 - [TEST_STEP][PASSED] - totalplay.Common.verifyPropertyExist(SetPayment_instruments, c_seller_id): totalplay.Common.verifyPropertyExist is PASSED

04-09-2024T08:31:28 - [MESSAGE][INFO] - Checking response object

04-09-2024T08:31:28 - [MESSAGE][PASSED] - totalplay.Common.verifyPropertyExist is PASSED

04-09-2024T08:31:28 - [TEST_STEP][PASSED] - totalplay.Common.verifyPropertyValueExist(SetPayment_instruments, c_seller_id): totalplay.Common.verifyPropertyValueExist is PASSED

04-09-2024T08:31:28 - [MESSAGE][INFO] - Checking response object

04-09-2024T08:31:28 - [MESSAGE][INFO] - 4158

04-09-2024T08:31:28 - [MESSAGE][PASSED] - totalplay.Common.verifyPropertyValueExist is PASSED

04-09-2024T08:31:28 - [TEST_STEP][PASSED] - totalplay.Common.getDecimalValueofObject(SetPayment_instruments, c_serviceChargeTotalGrossPrice): totalplay.Common.getDecimalValueofObject is PASSED

04-09-2024T08:31:28 - [MESSAGE][INFO] - Checking response object

04-09-2024T08:31:28 - [MESSAGE][PASSED] - totalplay.Common.getDecimalValueofObject is PASSED

04-09-2024T08:31:28 - [TEST_STEP][PASSED] - totalplay.Common.verifyPropertyExist(SetPayment_instruments, c_formatedOrderTotal): totalplay.Common.verifyPropertyExist is PASSED

04-09-2024T08:31:28 - [MESSAGE][INFO] - Checking response object

04-09-2024T08:31:28 - [MESSAGE][PASSED] - totalplay.Common.verifyPropertyExist is PASSED

04-09-2024T08:31:28 - [TEST_STEP][PASSED] - totalplay.Common.verifyPropertyValueExist(SetPayment_instruments, c_formatedOrderTotal): totalplay.Common.verifyPropertyValueExist is PASSED

04-09-2024T08:31:28 - [MESSAGE][INFO] - Checking response object

04-09-2024T08:31:28 - [MESSAGE][INFO] - $213.36

04-09-2024T08:31:28 - [MESSAGE][PASSED] - totalplay.Common.verifyPropertyValueExist is PASSED

04-09-2024T08:31:28 - [TEST_STEP][PASSED] - totalplay.Common.verifyPropertyExist(SetPayment_instruments, c_formatedProductTotal): totalplay.Common.verifyPropertyExist is PASSED

04-09-2024T08:31:28 - [MESSAGE][INFO] - Checking response object

04-09-2024T08:31:28 - [MESSAGE][PASSED] - totalplay.Common.verifyPropertyExist is PASSED

04-09-2024T08:31:28 - [TEST_STEP][PASSED] - totalplay.Common.verifyPropertyValueExist(SetPayment_instruments, c_formatedProductTotal): totalplay.Common.verifyPropertyValueExist is PASSED

04-09-2024T08:31:28 - [MESSAGE][INFO] - Checking response object

04-09-2024T08:31:28 - [MESSAGE][INFO] - $160.00

04-09-2024T08:31:28 - [MESSAGE][PASSED] - totalplay.Common.verifyPropertyValueExist is PASSED]]></system-out>
         <system-err><![CDATA[]]></system-err>
      </testcase>
      <testcase name="Test Cases/TotalPlay-Food/TC_19_Set Payment instruments - Credit Card" time="20.218" classname="Test Cases/TotalPlay-Food/TC_19_Set Payment instruments - Credit Card" status="PASSED">
         <system-out><![CDATA[04-09-2024T08:31:28 - [TEST_CASE][PASSED] - Test Cases/TotalPlay-Food/TC_19_Set Payment instruments - Credit Card: Test Cases/TotalPlay-Food/TC_19_Set Payment instruments - Credit Card

04-09-2024T08:31:30 - [TEST_STEP][PASSED] - callTestCase(findTestCase("TotalPlay-Food/TC_1_Login_Service"), [:], STOP_ON_FAILURE): Call Test Case 'Test Cases/TotalPlay-Food/TC_1_Login_Service' successfully

04-09-2024T08:31:30 - [MESSAGE][INFO] - Checking called Test Case

04-09-2024T08:31:30 - [MESSAGE][INFO] - Starting to call Test Case 'Test Cases/TotalPlay-Food/TC_1_Login_Service'

04-09-2024T08:31:31 - [TEST_CASE][PASSED] - Test Cases/TotalPlay-Food/TC_1_Login_Service: Test Cases/TotalPlay-Food/TC_1_Login_Service

04-09-2024T08:31:31 - [TEST_STEP][PASSED] - LoginResponse = sendRequest(findTestObject("TotalPlay-Food/getTokenDelivery", ["URL":URL])): Send request successfully

04-09-2024T08:31:31 - [MESSAGE][INFO] - Finding Test Object 'Object Repository/TotalPlay-Food/getTokenDelivery'

04-09-2024T08:31:31 - [MESSAGE][INFO] - Checking request object

04-09-2024T08:31:33 - [MESSAGE][INFO] - HAR: C:\Users\ShubhamKumarThakur\OneDrive - Kognivera\Documents\TotalPlay\totalplay-automation\Reports\20240904_082912\Food_Service_Normal_Flow_PlaceOrder\20240904_082912\requests\main\24.har

04-09-2024T08:31:33 - [MESSAGE][PASSED] - Send request successfully

04-09-2024T08:31:33 - [TEST_STEP][PASSED] - assert getResponseStatusCode(LoginResponse) == 200: Checking response object

04-09-2024T08:31:34 - [MESSAGE][INFO] - Checking response object

04-09-2024T08:31:34 - [TEST_STEP][PASSED] - Auth = "ocapiResponse.access_token": null

04-09-2024T08:31:34 - [TEST_STEP][PASSED] - FoodBascketId = "ocapiResponse.c_basketId_TP_FOOD": null

04-09-2024T08:31:34 - [TEST_STEP][PASSED] - FoodBasId = getElementPropertyValue(LoginResponse, FoodBascketId): Checking response object

04-09-2024T08:31:34 - [MESSAGE][INFO] - Checking response object

04-09-2024T08:31:34 - [TEST_STEP][PASSED] - sfccAuthorization = getElementPropertyValue(LoginResponse, Auth): Checking response object

04-09-2024T08:31:34 - [MESSAGE][INFO] - Checking response object

04-09-2024T08:31:34 - [TEST_STEP][PASSED] - Authorization = "Bearer " + sfccAuthorization: null

04-09-2024T08:31:34 - [TEST_STEP][PASSED] - FoodBasketId = FoodBasId: null

04-09-2024T08:31:34 - [TEST_STEP][PASSED] - logInfo(bm_auth_token): 

04-09-2024T08:31:34 - [MESSAGE][INFO] - 

04-09-2024T08:31:34 - [TEST_STEP][PASSED] - if (sfccAuthorization.length() == 0): null

04-09-2024T08:31:34 - [TEST_STEP][PASSED] - else: authorization generated

04-09-2024T08:31:34 - [TEST_STEP][PASSED] - markPassed("authorization generated"): authorization generated

04-09-2024T08:31:34 - [MESSAGE][PASSED] - authorization generated

04-09-2024T08:31:34 - [TEST_STEP][PASSED] - BasketId_loginResponse = "ocapiResponse.c_basketId": null

04-09-2024T08:31:34 - [TEST_STEP][PASSED] - CustomerId_loginResponse = "ocapiResponse.customer_id": null

04-09-2024T08:31:34 - [TEST_STEP][PASSED] - basketId = getElementPropertyValue(LoginResponse, BasketId_loginResponse): Checking response object

04-09-2024T08:31:34 - [MESSAGE][INFO] - Checking response object

04-09-2024T08:31:34 - [TEST_STEP][PASSED] - customerId = getElementPropertyValue(LoginResponse, CustomerId_loginResponse): Checking response object

04-09-2024T08:31:34 - [MESSAGE][INFO] - Checking response object

04-09-2024T08:31:34 - [TEST_STEP][PASSED] - basketID = basketId: null

04-09-2024T08:31:34 - [TEST_STEP][PASSED] - sla_customerId = customerId: null

04-09-2024T08:31:34 - [TEST_STEP][PASSED] - println(basketID): null

04-09-2024T08:31:34 - [TEST_STEP][PASSED] - println(sla_customerId): null

04-09-2024T08:31:34 - [TEST_STEP][PASSED] - refresh_token = "ocapiResponse.refresh_token": null

04-09-2024T08:31:34 - [TEST_STEP][PASSED] - customer_email = "ocapiResponse.customer_email": null

04-09-2024T08:31:34 - [TEST_STEP][PASSED] - c_brmId = "ocapiResponse.c_brmId": null

04-09-2024T08:31:34 - [TEST_STEP][PASSED] - customer_name = "ocapiResponse.customer_name": null

04-09-2024T08:31:34 - [TEST_STEP][PASSED] - totalplay.Common.verifyPropertyExist(LoginResponse, refresh_token): totalplay.Common.verifyPropertyExist is PASSED

04-09-2024T08:31:34 - [MESSAGE][INFO] - Checking response object

04-09-2024T08:31:34 - [MESSAGE][PASSED] - totalplay.Common.verifyPropertyExist is PASSED

04-09-2024T08:31:34 - [TEST_STEP][PASSED] - totalplay.Common.verifyPropertyValueExist(LoginResponse, refresh_token): totalplay.Common.verifyPropertyValueExist is PASSED

04-09-2024T08:31:34 - [MESSAGE][INFO] - Checking response object

04-09-2024T08:31:34 - [MESSAGE][INFO] - DQSZP91M6lVQVuGCHbD0lHyRn64Nh5eisCi9KGnNMes

04-09-2024T08:31:34 - [MESSAGE][PASSED] - totalplay.Common.verifyPropertyValueExist is PASSED

04-09-2024T08:31:34 - [TEST_STEP][PASSED] - totalplay.Common.verifyPropertyExist(LoginResponse, customer_email): totalplay.Common.verifyPropertyExist is PASSED

04-09-2024T08:31:34 - [MESSAGE][INFO] - Checking response object

04-09-2024T08:31:34 - [MESSAGE][PASSED] - totalplay.Common.verifyPropertyExist is PASSED

04-09-2024T08:31:34 - [TEST_STEP][PASSED] - totalplay.Common.verifyPropertyValueExist(LoginResponse, customer_email): totalplay.Common.verifyPropertyValueExist is PASSED

04-09-2024T08:31:34 - [MESSAGE][INFO] - Checking response object

04-09-2024T08:31:34 - [MESSAGE][INFO] - cesar.waldo93@gmail.com

04-09-2024T08:31:34 - [MESSAGE][PASSED] - totalplay.Common.verifyPropertyValueExist is PASSED

04-09-2024T08:31:34 - [TEST_STEP][PASSED] - totalplay.Common.verifyPropertyExist(LoginResponse, customer_name): totalplay.Common.verifyPropertyExist is PASSED

04-09-2024T08:31:34 - [MESSAGE][INFO] - Checking response object

04-09-2024T08:31:34 - [MESSAGE][PASSED] - totalplay.Common.verifyPropertyExist is PASSED

04-09-2024T08:31:34 - [TEST_STEP][PASSED] - totalplay.Common.verifyPropertyValueExist(LoginResponse, customer_name): totalplay.Common.verifyPropertyValueExist is PASSED

04-09-2024T08:31:34 - [MESSAGE][INFO] - Checking response object

04-09-2024T08:31:34 - [MESSAGE][INFO] - CESAR GERARDO WALDO GONZALEZ

04-09-2024T08:31:34 - [MESSAGE][PASSED] - totalplay.Common.verifyPropertyValueExist is PASSED

04-09-2024T08:31:34 - [TEST_STEP][PASSED] - totalplay.Common.verifyPropertyExist(LoginResponse, c_brmId): totalplay.Common.verifyPropertyExist is PASSED

04-09-2024T08:31:34 - [MESSAGE][INFO] - Checking response object

04-09-2024T08:31:34 - [MESSAGE][PASSED] - totalplay.Common.verifyPropertyExist is PASSED

04-09-2024T08:31:34 - [TEST_STEP][PASSED] - totalplay.Common.verifyPropertyValueExist(LoginResponse, c_brmId): totalplay.Common.verifyPropertyValueExist is PASSED

04-09-2024T08:31:34 - [MESSAGE][INFO] - Checking response object

04-09-2024T08:31:34 - [MESSAGE][INFO] - 0106378356

04-09-2024T08:31:34 - [MESSAGE][PASSED] - totalplay.Common.verifyPropertyValueExist is PASSED

04-09-2024T08:31:34 - [MESSAGE][PASSED] - Call Test Case 'Test Cases/TotalPlay-Food/TC_1_Login_Service' successfully

04-09-2024T08:31:34 - [TEST_STEP][PASSED] - AddProductbasket = sendRequest(findTestObject("TotalPlay-Food/AddProductToBasket", ["URL":URL, "basketID":basketID])): Send request successfully

04-09-2024T08:31:34 - [MESSAGE][INFO] - Finding Test Object 'Object Repository/TotalPlay-Food/AddProductToBasket'

04-09-2024T08:31:34 - [MESSAGE][INFO] - Checking request object

04-09-2024T08:31:36 - [MESSAGE][INFO] - HAR: C:\Users\ShubhamKumarThakur\OneDrive - Kognivera\Documents\TotalPlay\totalplay-automation\Reports\20240904_082912\Food_Service_Normal_Flow_PlaceOrder\20240904_082912\requests\main\25.har

04-09-2024T08:31:36 - [MESSAGE][PASSED] - Send request successfully

04-09-2024T08:31:36 - [TEST_STEP][PASSED] - verifyResponseStatusCode(AddProductbasket, 200): Verify response status code successfully

04-09-2024T08:31:36 - [MESSAGE][INFO] - Checking response object

04-09-2024T08:31:36 - [MESSAGE][PASSED] - Verify response status code successfully

04-09-2024T08:31:36 - [TEST_STEP][PASSED] - getAddress = sendRequest(findTestObject("TotalPlay-Food/GetAddresses", ["URL":URL, "sla_customerId":sla_customerId, "shop_auth_token":shop_auth_token])): Send request successfully

04-09-2024T08:31:36 - [MESSAGE][INFO] - Finding Test Object 'Object Repository/TotalPlay-Food/GetAddresses'

04-09-2024T08:31:36 - [MESSAGE][INFO] - Checking request object

04-09-2024T08:31:36 - [MESSAGE][INFO] - HAR: C:\Users\ShubhamKumarThakur\OneDrive - Kognivera\Documents\TotalPlay\totalplay-automation\Reports\20240904_082912\Food_Service_Normal_Flow_PlaceOrder\20240904_082912\requests\main\26.har

04-09-2024T08:31:36 - [MESSAGE][PASSED] - Send request successfully

04-09-2024T08:31:36 - [TEST_STEP][PASSED] - verifyResponseStatusCode(getAddress, 200): Verify response status code successfully

04-09-2024T08:31:36 - [MESSAGE][INFO] - Checking response object

04-09-2024T08:31:36 - [MESSAGE][PASSED] - Verify response status code successfully

04-09-2024T08:31:36 - [TEST_STEP][PASSED] - AddAddressToCart = sendRequest(findTestObject("TotalPlay-Food/add address to cart", ["URL":URL, "basketID":basketID])): Send request successfully

04-09-2024T08:31:36 - [MESSAGE][INFO] - Finding Test Object 'Object Repository/TotalPlay-Food/add address to cart'

04-09-2024T08:31:36 - [MESSAGE][INFO] - Checking request object

04-09-2024T08:31:38 - [MESSAGE][INFO] - HAR: C:\Users\ShubhamKumarThakur\OneDrive - Kognivera\Documents\TotalPlay\totalplay-automation\Reports\20240904_082912\Food_Service_Normal_Flow_PlaceOrder\20240904_082912\requests\main\27.har

04-09-2024T08:31:38 - [MESSAGE][PASSED] - Send request successfully

04-09-2024T08:31:38 - [TEST_STEP][PASSED] - verifyResponseStatusCode(AddAddressToCart, 200): Verify response status code successfully

04-09-2024T08:31:38 - [MESSAGE][INFO] - Checking response object

04-09-2024T08:31:38 - [MESSAGE][PASSED] - Verify response status code successfully

04-09-2024T08:31:38 - [TEST_STEP][PASSED] - SetPayment_instruments = sendRequest(findTestObject("TotalPlay-Food/SetPayment_instruments - Credit Card", ["URL":URL, "basketID":basketID, "shop_auth_token":shop_auth_token, "orderTotal":orderTotal])): Send request successfully

04-09-2024T08:31:38 - [MESSAGE][INFO] - Finding Test Object 'Object Repository/TotalPlay-Food/SetPayment_instruments - Credit Card'

04-09-2024T08:31:38 - [MESSAGE][INFO] - Checking request object

04-09-2024T08:31:39 - [MESSAGE][INFO] - HAR: C:\Users\ShubhamKumarThakur\OneDrive - Kognivera\Documents\TotalPlay\totalplay-automation\Reports\20240904_082912\Food_Service_Normal_Flow_PlaceOrder\20240904_082912\requests\main\28.har

04-09-2024T08:31:39 - [MESSAGE][PASSED] - Send request successfully

04-09-2024T08:31:39 - [TEST_STEP][PASSED] - verifyResponseStatusCode(SetPayment_instruments, 200): Verify response status code successfully

04-09-2024T08:31:39 - [MESSAGE][INFO] - Checking response object

04-09-2024T08:31:39 - [MESSAGE][PASSED] - Verify response status code successfully

04-09-2024T08:31:39 - [TEST_STEP][PASSED] - _v = "_v": null

04-09-2024T08:31:39 - [TEST_STEP][PASSED] - _type = "_type": null

04-09-2024T08:31:39 - [TEST_STEP][PASSED] - _resource_state = "_resource_state": null

04-09-2024T08:31:39 - [TEST_STEP][PASSED] - adjusted_merchandize_total_tax = "adjusted_merchandize_total_tax": null

04-09-2024T08:31:39 - [TEST_STEP][PASSED] - adjusted_shipping_total_tax = "adjusted_shipping_total_tax": null

04-09-2024T08:31:39 - [TEST_STEP][PASSED] - agent_basket = "agent_basket": null

04-09-2024T08:31:39 - [TEST_STEP][PASSED] - basket_id = "basket_id": null

04-09-2024T08:31:39 - [TEST_STEP][PASSED] - billing_address__type = "billing_address._type": null

04-09-2024T08:31:39 - [TEST_STEP][PASSED] - billing_address_address1 = "billing_address.address1": null

04-09-2024T08:31:39 - [TEST_STEP][PASSED] - billing_address_city = "billing_address.city": null

04-09-2024T08:31:39 - [TEST_STEP][PASSED] - billing_address_country_code = "billing_address.country_code": null

04-09-2024T08:31:39 - [TEST_STEP][PASSED] - billing_address_first_name = "billing_address.first_name": null

04-09-2024T08:31:39 - [TEST_STEP][PASSED] - billing_address_full_name = "billing_address.full_name": null

04-09-2024T08:31:39 - [TEST_STEP][PASSED] - billing_address_id = "billing_address.id": null

04-09-2024T08:31:39 - [TEST_STEP][PASSED] - billing_address_last_name = "billing_address.last_name": null

04-09-2024T08:31:39 - [TEST_STEP][PASSED] - billing_address_phone = "billing_address.phone": null

04-09-2024T08:31:39 - [TEST_STEP][PASSED] - billing_address_postal_code = "billing_address.postal_code": null

04-09-2024T08:31:39 - [TEST_STEP][PASSED] - billing_address_c_alias = "billing_address.c_alias": null

04-09-2024T08:31:39 - [TEST_STEP][PASSED] - billing_address_c_delegation = "billing_address.c_delegation": null

04-09-2024T08:31:39 - [TEST_STEP][PASSED] - billing_address_c_label = "billing_address.c_label": null

04-09-2024T08:31:39 - [TEST_STEP][PASSED] - billing_address_c_latitude = "billing_address.c_latitude": null

04-09-2024T08:31:39 - [TEST_STEP][PASSED] - billing_address_c_longitude = "billing_address.c_longitude": null

04-09-2024T08:31:39 - [TEST_STEP][PASSED] - billing_address_c_nExt = "billing_address.c_nExt": null

04-09-2024T08:31:39 - [TEST_STEP][PASSED] - billing_address_c_neighborhood = "billing_address.c_neighborhood": null

04-09-2024T08:31:39 - [TEST_STEP][PASSED] - billing_address_c_references = "billing_address.c_references": null

04-09-2024T08:31:39 - [TEST_STEP][PASSED] - billing_address_c_rfc = "billing_address.c_rfc": null

04-09-2024T08:31:39 - [TEST_STEP][PASSED] - billing_address_c_state = "billing_address.c_state": null

04-09-2024T08:31:39 - [TEST_STEP][PASSED] - billing_address_c_streetName = "billing_address.c_streetName": null

04-09-2024T08:31:39 - [TEST_STEP][PASSED] - channel_type = "channel_type": null

04-09-2024T08:31:39 - [TEST_STEP][PASSED] - creation_date = "creation_date": null

04-09-2024T08:31:39 - [TEST_STEP][PASSED] - currency = "currency": null

04-09-2024T08:31:39 - [TEST_STEP][PASSED] - customer_info__type = "customer_info._type": null

04-09-2024T08:31:39 - [TEST_STEP][PASSED] - customer_info_customer_id = "customer_info.customer_id": null

04-09-2024T08:31:39 - [TEST_STEP][PASSED] - customer_info_customer_no = "customer_info.customer_no": null

04-09-2024T08:31:39 - [TEST_STEP][PASSED] - customer_info_email = "customer_info.email": null

04-09-2024T08:31:39 - [TEST_STEP][PASSED] - last_modified = "last_modified": null

04-09-2024T08:31:39 - [TEST_STEP][PASSED] - merchandize_total_tax = "merchandize_total_tax": null

04-09-2024T08:31:39 - [TEST_STEP][PASSED] - notes__type = "notes._type": null

04-09-2024T08:31:39 - [TEST_STEP][PASSED] - notes_link = "notes.link": null

04-09-2024T08:31:39 - [TEST_STEP][PASSED] - order_total = "order_total": null

04-09-2024T08:31:39 - [TEST_STEP][PASSED] - payment_instruments_0__type = "payment_instruments[0]._type": null

04-09-2024T08:31:39 - [TEST_STEP][PASSED] - payment_instruments_0_amount = "payment_instruments[0].amount": null

04-09-2024T08:31:39 - [TEST_STEP][PASSED] - payment_instruments_0_payment_card__type = "payment_instruments[0].payment_card._type": null

04-09-2024T08:31:39 - [TEST_STEP][PASSED] - payment_instruments_0_payment_card_card_type = "payment_instruments[0].payment_card.card_type": null

04-09-2024T08:31:39 - [TEST_STEP][PASSED] - payment_instruments_0_payment_card_credit_card_expired = "payment_instruments[0].payment_card.credit_card_expired": null

04-09-2024T08:31:39 - [TEST_STEP][PASSED] - payment_instruments_0_payment_card_expiration_month = "payment_instruments[0].payment_card.expiration_month": null

04-09-2024T08:31:39 - [TEST_STEP][PASSED] - payment_instruments_0_payment_card_expiration_year = "payment_instruments[0].payment_card.expiration_year": null

04-09-2024T08:31:39 - [TEST_STEP][PASSED] - payment_instruments_0_payment_card_holder = "payment_instruments[0].payment_card.holder": null

04-09-2024T08:31:39 - [TEST_STEP][PASSED] - payment_instruments_0_payment_instrument_id = "payment_instruments[0].payment_instrument_id": null

04-09-2024T08:31:39 - [TEST_STEP][PASSED] - payment_instruments_0_payment_method_id = "payment_instruments[0].payment_method_id": null

04-09-2024T08:31:39 - [TEST_STEP][PASSED] - product_items_0__type = "product_items[0]._type": null

04-09-2024T08:31:39 - [TEST_STEP][PASSED] - product_items_0_adjusted_tax = "product_items[0].adjusted_tax": null

04-09-2024T08:31:39 - [TEST_STEP][PASSED] - product_items_0_base_price = "product_items[0].base_price": null

04-09-2024T08:31:39 - [TEST_STEP][PASSED] - product_items_0_bonus_product_line_item = "product_items[0].bonus_product_line_item": null

04-09-2024T08:31:39 - [TEST_STEP][PASSED] - product_items_0_gift = "product_items[0].gift": null

04-09-2024T08:31:39 - [TEST_STEP][PASSED] - product_items_0_inventory_id = "product_items[0].inventory_id": null

04-09-2024T08:31:39 - [TEST_STEP][PASSED] - product_items_0_item_id = "product_items[0].item_id": null

04-09-2024T08:31:39 - [TEST_STEP][PASSED] - product_items_0_item_text = "product_items[0].item_text": null

04-09-2024T08:31:39 - [TEST_STEP][PASSED] - product_items_0_price = "product_items[0].price": null

04-09-2024T08:31:39 - [TEST_STEP][PASSED] - product_items_0_price_after_item_discount = "product_items[0].price_after_item_discount": null

04-09-2024T08:31:39 - [TEST_STEP][PASSED] - product_items_0_price_after_order_discount = "product_items[0].price_after_order_discount": null

04-09-2024T08:31:39 - [TEST_STEP][PASSED] - product_items_0_product_id = "product_items[0].product_id": null

04-09-2024T08:31:39 - [TEST_STEP][PASSED] - product_items_0_product_name = "product_items[0].product_name": null

04-09-2024T08:31:39 - [TEST_STEP][PASSED] - product_items_0_quantity = "product_items[0].quantity": null

04-09-2024T08:31:39 - [TEST_STEP][PASSED] - product_items_0_tax = "product_items[0].tax": null

04-09-2024T08:31:39 - [TEST_STEP][PASSED] - product_items_0_tax_basis = "product_items[0].tax_basis": null

04-09-2024T08:31:39 - [TEST_STEP][PASSED] - product_items_0_tax_class_id = "product_items[0].tax_class_id": null

04-09-2024T08:31:39 - [TEST_STEP][PASSED] - product_items_0_tax_rate = "product_items[0].tax_rate": null

04-09-2024T08:31:39 - [TEST_STEP][PASSED] - product_items_0_c_fromStoreId = "product_items[0].c_fromStoreId": null

04-09-2024T08:31:39 - [TEST_STEP][PASSED] - product_items_0_c_miraklChannels = "product_items[0].c_miraklChannels": null

04-09-2024T08:31:39 - [TEST_STEP][PASSED] - product_items_0_c_miraklEarliestDeliveryDays = "product_items[0].c_miraklEarliestDeliveryDays": null

04-09-2024T08:31:39 - [TEST_STEP][PASSED] - product_items_0_c_miraklLatestDeliveryDays = "product_items[0].c_miraklLatestDeliveryDays": null

04-09-2024T08:31:39 - [TEST_STEP][PASSED] - product_items_0_c_miraklLeadTimeToShip = "product_items[0].c_miraklLeadTimeToShip": null

04-09-2024T08:31:39 - [TEST_STEP][PASSED] - product_items_0_c_miraklLineShippingPrice = "product_items[0].c_miraklLineShippingPrice": null

04-09-2024T08:31:39 - [TEST_STEP][PASSED] - product_items_0_c_miraklOperatorProductId = "product_items[0].c_miraklOperatorProductId": null

04-09-2024T08:31:39 - [TEST_STEP][PASSED] - product_items_0_c_miraklShippingTaxes = "product_items[0].c_miraklShippingTaxes": null

04-09-2024T08:31:39 - [TEST_STEP][PASSED] - product_items_0_c_miraklTaxes = "product_items[0].c_miraklTaxes": null

04-09-2024T08:31:39 - [TEST_STEP][PASSED] - product_items_0_c_noOfPersons = "product_items[0].c_noOfPersons": null

04-09-2024T08:31:39 - [TEST_STEP][PASSED] - product_items_0_c_offerId = "product_items[0].c_offerId": null

04-09-2024T08:31:39 - [TEST_STEP][PASSED] - product_items_0_c_offerSalesPrice = "product_items[0].c_offerSalesPrice": null

04-09-2024T08:31:39 - [TEST_STEP][PASSED] - product_items_0_c_offerState = "product_items[0].c_offerState": null

04-09-2024T08:31:39 - [TEST_STEP][PASSED] - product_items_0_c_offerStateCode = "product_items[0].c_offerStateCode": null

04-09-2024T08:31:39 - [TEST_STEP][PASSED] - product_items_0_c_shopId = "product_items[0].c_shopId": null

04-09-2024T08:31:39 - [TEST_STEP][PASSED] - product_items_0_c_shopName = "product_items[0].c_shopName": null

04-09-2024T08:31:39 - [TEST_STEP][PASSED] - product_items_0_c_total_crossed_price = "product_items[0].c_total_crossed_price": null

04-09-2024T08:31:39 - [TEST_STEP][PASSED] - product_items_0_c_priceWithComplement = "product_items[0].c_priceWithComplement": null

04-09-2024T08:31:39 - [TEST_STEP][PASSED] - product_sub_total = "product_sub_total": null

04-09-2024T08:31:39 - [TEST_STEP][PASSED] - product_total = "product_total": null

04-09-2024T08:31:39 - [TEST_STEP][PASSED] - shipments_0__type = "shipments[0]._type": null

04-09-2024T08:31:39 - [TEST_STEP][PASSED] - shipments_0_adjusted_merchandize_total_tax = "shipments[0].adjusted_merchandize_total_tax": null

04-09-2024T08:31:39 - [TEST_STEP][PASSED] - shipments_0_adjusted_shipping_total_tax = "shipments[0].adjusted_shipping_total_tax": null

04-09-2024T08:31:39 - [TEST_STEP][PASSED] - shipments_0_gift = "shipments[0].gift": null

04-09-2024T08:31:39 - [TEST_STEP][PASSED] - shipments_0_merchandize_total_tax = "shipments[0].merchandize_total_tax": null

04-09-2024T08:31:39 - [TEST_STEP][PASSED] - shipments_0_product_sub_total = "shipments[0].product_sub_total": null

04-09-2024T08:31:39 - [TEST_STEP][PASSED] - shipments_0_product_total = "shipments[0].product_total": null

04-09-2024T08:31:39 - [TEST_STEP][PASSED] - shipments_0_shipment_id = "shipments[0].shipment_id": null

04-09-2024T08:31:39 - [TEST_STEP][PASSED] - shipments_0_shipment_total = "shipments[0].shipment_total": null

04-09-2024T08:31:39 - [TEST_STEP][PASSED] - shipments_0_shipping_address__type = "shipments[0].shipping_address._type": null

04-09-2024T08:31:39 - [TEST_STEP][PASSED] - shipments_0_shipping_address_address1 = "shipments[0].shipping_address.address1": null

04-09-2024T08:31:39 - [TEST_STEP][PASSED] - shipments_0_shipping_address_city = "shipments[0].shipping_address.city": null

04-09-2024T08:31:39 - [TEST_STEP][PASSED] - shipments_0_shipping_address_country_code = "shipments[0].shipping_address.country_code": null

04-09-2024T08:31:39 - [TEST_STEP][PASSED] - shipments_0_shipping_address_first_name = "shipments[0].shipping_address.first_name": null

04-09-2024T08:31:39 - [TEST_STEP][PASSED] - shipments_0_shipping_address_full_name = "shipments[0].shipping_address.full_name": null

04-09-2024T08:31:39 - [TEST_STEP][PASSED] - shipments_0_shipping_address_id = "shipments[0].shipping_address.id": null

04-09-2024T08:31:39 - [TEST_STEP][PASSED] - shipments_0_shipping_address_last_name = "shipments[0].shipping_address.last_name": null

04-09-2024T08:31:39 - [TEST_STEP][PASSED] - shipments_0_shipping_address_phone = "shipments[0].shipping_address.phone": null

04-09-2024T08:31:39 - [TEST_STEP][PASSED] - shipments_0_shipping_address_postal_code = "shipments[0].shipping_address.postal_code": null

04-09-2024T08:31:39 - [TEST_STEP][PASSED] - shipments_0_shipping_address_c_alias = "shipments[0].shipping_address.c_alias": null

04-09-2024T08:31:39 - [TEST_STEP][PASSED] - shipments_0_shipping_address_c_delegation = "shipments[0].shipping_address.c_delegation": null

04-09-2024T08:31:39 - [TEST_STEP][PASSED] - shipments_0_shipping_address_c_label = "shipments[0].shipping_address.c_label": null

04-09-2024T08:31:39 - [TEST_STEP][PASSED] - shipments_0_shipping_address_c_latitude = "shipments[0].shipping_address.c_latitude": null

04-09-2024T08:31:39 - [TEST_STEP][PASSED] - shipments_0_shipping_address_c_longitude = "shipments[0].shipping_address.c_longitude": null

04-09-2024T08:31:39 - [TEST_STEP][PASSED] - shipments_0_shipping_address_c_nExt = "shipments[0].shipping_address.c_nExt": null

04-09-2024T08:31:39 - [TEST_STEP][PASSED] - shipments_0_shipping_address_c_neighborhood = "shipments[0].shipping_address.c_neighborhood": null

04-09-2024T08:31:39 - [TEST_STEP][PASSED] - shipments_0_shipping_address_c_references = "shipments[0].shipping_address.c_references": null

04-09-2024T08:31:39 - [TEST_STEP][PASSED] - shipments_0_shipping_address_c_rfc = "shipments[0].shipping_address.c_rfc": null

04-09-2024T08:31:39 - [TEST_STEP][PASSED] - shipments_0_shipping_address_c_state = "shipments[0].shipping_address.c_state": null

04-09-2024T08:31:39 - [TEST_STEP][PASSED] - shipments_0_shipping_address_c_streetName = "shipments[0].shipping_address.c_streetName": null

04-09-2024T08:31:39 - [TEST_STEP][PASSED] - shipments_0_shipping_method__type = "shipments[0].shipping_method._type": null

04-09-2024T08:31:39 - [TEST_STEP][PASSED] - shipments_0_shipping_method_description = "shipments[0].shipping_method.description": null

04-09-2024T08:31:39 - [TEST_STEP][PASSED] - shipments_0_shipping_method_id = "shipments[0].shipping_method.id": null

04-09-2024T08:31:39 - [TEST_STEP][PASSED] - shipments_0_shipping_method_name = "shipments[0].shipping_method.name": null

04-09-2024T08:31:39 - [TEST_STEP][PASSED] - shipments_0_shipping_method_c_estimatedArrivalTime = "shipments[0].shipping_method.c_estimatedArrivalTime": null

04-09-2024T08:31:39 - [TEST_STEP][PASSED] - shipments_0_shipping_method_c_storePickupEnabled = "shipments[0].shipping_method.c_storePickupEnabled": null

04-09-2024T08:31:39 - [TEST_STEP][PASSED] - shipments_0_shipping_status = "shipments[0].shipping_status": null

04-09-2024T08:31:39 - [TEST_STEP][PASSED] - shipments_0_shipping_total = "shipments[0].shipping_total": null

04-09-2024T08:31:39 - [TEST_STEP][PASSED] - shipments_0_shipping_total_tax = "shipments[0].shipping_total_tax": null

04-09-2024T08:31:39 - [TEST_STEP][PASSED] - shipments_0_tax_total = "shipments[0].tax_total": null

04-09-2024T08:31:39 - [TEST_STEP][PASSED] - shipments_0_c_serviceCharge = "shipments[0].c_serviceCharge": null

04-09-2024T08:31:39 - [TEST_STEP][PASSED] - shipments_0_c_shippingRates = "shipments[0].c_shippingRates": null

04-09-2024T08:31:39 - [TEST_STEP][PASSED] - shipments_0_c_totalShippingCost = "shipments[0].c_totalShippingCost": null

04-09-2024T08:31:39 - [TEST_STEP][PASSED] - shipping_items_0__type = "shipping_items[0]._type": null

04-09-2024T08:31:39 - [TEST_STEP][PASSED] - shipping_items_0_adjusted_tax = "shipping_items[0].adjusted_tax": null

04-09-2024T08:31:39 - [TEST_STEP][PASSED] - shipping_items_0_base_price = "shipping_items[0].base_price": null

04-09-2024T08:31:39 - [TEST_STEP][PASSED] - shipping_items_0_item_id = "shipping_items[0].item_id": null

04-09-2024T08:31:39 - [TEST_STEP][PASSED] - shipping_items_0_item_text = "shipping_items[0].item_text": null

04-09-2024T08:31:39 - [TEST_STEP][PASSED] - shipping_items_0_price = "shipping_items[0].price": null

04-09-2024T08:31:39 - [TEST_STEP][PASSED] - shipping_items_0_price_after_item_discount = "shipping_items[0].price_after_item_discount": null

04-09-2024T08:31:39 - [TEST_STEP][PASSED] - shipping_items_0_shipment_id = "shipping_items[0].shipment_id": null

04-09-2024T08:31:39 - [TEST_STEP][PASSED] - shipping_items_0_tax = "shipping_items[0].tax": null

04-09-2024T08:31:39 - [TEST_STEP][PASSED] - c_seller_id = "c_seller_id": null

04-09-2024T08:31:39 - [TEST_STEP][PASSED] - c_serviceChargeTotalGrossPrice = "c_serviceChargeTotalGrossPrice": null

04-09-2024T08:31:39 - [TEST_STEP][PASSED] - c_formatedOrderTotal = "c_formatedOrderTotal": null

04-09-2024T08:31:39 - [TEST_STEP][PASSED] - c_formatedProductTotal = "c_formatedProductTotal": null

04-09-2024T08:31:39 - [TEST_STEP][PASSED] - totalplay.Common.verifyPropertyExist(SetPayment_instruments, _v): totalplay.Common.verifyPropertyExist is PASSED

04-09-2024T08:31:39 - [MESSAGE][INFO] - Checking response object

04-09-2024T08:31:39 - [MESSAGE][PASSED] - totalplay.Common.verifyPropertyExist is PASSED

04-09-2024T08:31:39 - [TEST_STEP][PASSED] - totalplay.Common.verifyPropertyValueExist(SetPayment_instruments, _v): totalplay.Common.verifyPropertyValueExist is PASSED

04-09-2024T08:31:39 - [MESSAGE][INFO] - Checking response object

04-09-2024T08:31:39 - [MESSAGE][INFO] - 23.1

04-09-2024T08:31:39 - [MESSAGE][PASSED] - totalplay.Common.verifyPropertyValueExist is PASSED

04-09-2024T08:31:39 - [TEST_STEP][PASSED] - totalplay.Common.verifyPropertyExist(SetPayment_instruments, _type): totalplay.Common.verifyPropertyExist is PASSED

04-09-2024T08:31:39 - [MESSAGE][INFO] - Checking response object

04-09-2024T08:31:39 - [MESSAGE][PASSED] - totalplay.Common.verifyPropertyExist is PASSED

04-09-2024T08:31:39 - [TEST_STEP][PASSED] - totalplay.Common.verifyPropertyValueExist(SetPayment_instruments, _type): totalplay.Common.verifyPropertyValueExist is PASSED

04-09-2024T08:31:39 - [MESSAGE][INFO] - Checking response object

04-09-2024T08:31:39 - [MESSAGE][INFO] - basket

04-09-2024T08:31:39 - [MESSAGE][PASSED] - totalplay.Common.verifyPropertyValueExist is PASSED

04-09-2024T08:31:39 - [TEST_STEP][PASSED] - totalplay.Common.verifyPropertyExist(SetPayment_instruments, _resource_state): totalplay.Common.verifyPropertyExist is PASSED

04-09-2024T08:31:39 - [MESSAGE][INFO] - Checking response object

04-09-2024T08:31:39 - [MESSAGE][PASSED] - totalplay.Common.verifyPropertyExist is PASSED

04-09-2024T08:31:39 - [TEST_STEP][PASSED] - totalplay.Common.verifyPropertyValueExist(SetPayment_instruments, _resource_state): totalplay.Common.verifyPropertyValueExist is PASSED

04-09-2024T08:31:39 - [MESSAGE][INFO] - Checking response object

04-09-2024T08:31:40 - [MESSAGE][INFO] - e528fbb30fcdbdcff1dd0edc4504bd129bfe56d6a8b1af823eeda7357d2c5bdf

04-09-2024T08:31:40 - [MESSAGE][PASSED] - totalplay.Common.verifyPropertyValueExist is PASSED

04-09-2024T08:31:40 - [TEST_STEP][PASSED] - totalplay.Common.getDecimalValueofObject(SetPayment_instruments, adjusted_merchandize_total_tax): totalplay.Common.getDecimalValueofObject is PASSED

04-09-2024T08:31:40 - [MESSAGE][INFO] - Checking response object

04-09-2024T08:31:40 - [MESSAGE][PASSED] - totalplay.Common.getDecimalValueofObject is PASSED

04-09-2024T08:31:40 - [TEST_STEP][PASSED] - totalplay.Common.getDecimalValueofObject(SetPayment_instruments, adjusted_shipping_total_tax): totalplay.Common.getDecimalValueofObject is PASSED

04-09-2024T08:31:40 - [MESSAGE][INFO] - Checking response object

04-09-2024T08:31:40 - [MESSAGE][PASSED] - totalplay.Common.getDecimalValueofObject is PASSED

04-09-2024T08:31:40 - [TEST_STEP][PASSED] - totalplay.Common.getBooleanValueofObject(SetPayment_instruments, agent_basket): totalplay.Common.getBooleanValueofObject is PASSED

04-09-2024T08:31:40 - [MESSAGE][INFO] - Checking response object

04-09-2024T08:31:40 - [MESSAGE][PASSED] - totalplay.Common.getBooleanValueofObject is PASSED

04-09-2024T08:31:40 - [TEST_STEP][PASSED] - totalplay.Common.verifyPropertyExist(SetPayment_instruments, basket_id): totalplay.Common.verifyPropertyExist is PASSED

04-09-2024T08:31:40 - [MESSAGE][INFO] - Checking response object

04-09-2024T08:31:40 - [MESSAGE][PASSED] - totalplay.Common.verifyPropertyExist is PASSED

04-09-2024T08:31:40 - [TEST_STEP][PASSED] - totalplay.Common.verifyPropertyValueExist(SetPayment_instruments, basket_id): totalplay.Common.verifyPropertyValueExist is PASSED

04-09-2024T08:31:40 - [MESSAGE][INFO] - Checking response object

04-09-2024T08:31:40 - [MESSAGE][INFO] - e6fb0f84530e584bfd75ed75eb

04-09-2024T08:31:40 - [MESSAGE][PASSED] - totalplay.Common.verifyPropertyValueExist is PASSED

04-09-2024T08:31:40 - [TEST_STEP][PASSED] - totalplay.Common.verifyPropertyExist(SetPayment_instruments, billing_address__type): totalplay.Common.verifyPropertyExist is PASSED

04-09-2024T08:31:40 - [MESSAGE][INFO] - Checking response object

04-09-2024T08:31:40 - [MESSAGE][PASSED] - totalplay.Common.verifyPropertyExist is PASSED

04-09-2024T08:31:40 - [TEST_STEP][PASSED] - totalplay.Common.verifyPropertyValueExist(SetPayment_instruments, billing_address__type): totalplay.Common.verifyPropertyValueExist is PASSED

04-09-2024T08:31:40 - [MESSAGE][INFO] - Checking response object

04-09-2024T08:31:40 - [MESSAGE][INFO] - order_address

04-09-2024T08:31:40 - [MESSAGE][PASSED] - totalplay.Common.verifyPropertyValueExist is PASSED

04-09-2024T08:31:40 - [TEST_STEP][PASSED] - totalplay.Common.verifyPropertyExist(SetPayment_instruments, billing_address_address1): totalplay.Common.verifyPropertyExist is PASSED

04-09-2024T08:31:40 - [MESSAGE][INFO] - Checking response object

04-09-2024T08:31:40 - [MESSAGE][PASSED] - totalplay.Common.verifyPropertyExist is PASSED

04-09-2024T08:31:40 - [TEST_STEP][PASSED] - totalplay.Common.verifyPropertyValueExist(SetPayment_instruments, billing_address_address1): totalplay.Common.verifyPropertyValueExist is PASSED

04-09-2024T08:31:40 - [MESSAGE][INFO] - Checking response object

04-09-2024T08:31:40 - [MESSAGE][INFO] - Alejandro Dumas

04-09-2024T08:31:40 - [MESSAGE][PASSED] - totalplay.Common.verifyPropertyValueExist is PASSED

04-09-2024T08:31:40 - [TEST_STEP][PASSED] - totalplay.Common.verifyPropertyExist(SetPayment_instruments, billing_address_city): totalplay.Common.verifyPropertyExist is PASSED

04-09-2024T08:31:40 - [MESSAGE][INFO] - Checking response object

04-09-2024T08:31:40 - [MESSAGE][PASSED] - totalplay.Common.verifyPropertyExist is PASSED

04-09-2024T08:31:40 - [TEST_STEP][PASSED] - totalplay.Common.verifyPropertyValueExist(SetPayment_instruments, billing_address_city): totalplay.Common.verifyPropertyValueExist is PASSED

04-09-2024T08:31:40 - [MESSAGE][INFO] - Checking response object

04-09-2024T08:31:40 - [MESSAGE][INFO] - Ciudad de Mexico

04-09-2024T08:31:40 - [MESSAGE][PASSED] - totalplay.Common.verifyPropertyValueExist is PASSED

04-09-2024T08:31:40 - [TEST_STEP][PASSED] - totalplay.Common.verifyPropertyExist(SetPayment_instruments, billing_address_country_code): totalplay.Common.verifyPropertyExist is PASSED

04-09-2024T08:31:40 - [MESSAGE][INFO] - Checking response object

04-09-2024T08:31:40 - [MESSAGE][PASSED] - totalplay.Common.verifyPropertyExist is PASSED

04-09-2024T08:31:40 - [TEST_STEP][PASSED] - totalplay.Common.verifyPropertyValueExist(SetPayment_instruments, billing_address_country_code): totalplay.Common.verifyPropertyValueExist is PASSED

04-09-2024T08:31:40 - [MESSAGE][INFO] - Checking response object

04-09-2024T08:31:40 - [MESSAGE][INFO] - MX

04-09-2024T08:31:40 - [MESSAGE][PASSED] - totalplay.Common.verifyPropertyValueExist is PASSED

04-09-2024T08:31:40 - [TEST_STEP][PASSED] - totalplay.Common.verifyPropertyExist(SetPayment_instruments, billing_address_first_name): totalplay.Common.verifyPropertyExist is PASSED

04-09-2024T08:31:40 - [MESSAGE][INFO] - Checking response object

04-09-2024T08:31:40 - [MESSAGE][PASSED] - totalplay.Common.verifyPropertyExist is PASSED

04-09-2024T08:31:40 - [TEST_STEP][PASSED] - totalplay.Common.verifyPropertyValueExist(SetPayment_instruments, billing_address_first_name): totalplay.Common.verifyPropertyValueExist is PASSED

04-09-2024T08:31:40 - [MESSAGE][INFO] - Checking response object

04-09-2024T08:31:40 - [MESSAGE][INFO] - CESAR

04-09-2024T08:31:40 - [MESSAGE][PASSED] - totalplay.Common.verifyPropertyValueExist is PASSED

04-09-2024T08:31:40 - [TEST_STEP][PASSED] - totalplay.Common.verifyPropertyExist(SetPayment_instruments, billing_address_full_name): totalplay.Common.verifyPropertyExist is PASSED

04-09-2024T08:31:40 - [MESSAGE][INFO] - Checking response object

04-09-2024T08:31:40 - [MESSAGE][PASSED] - totalplay.Common.verifyPropertyExist is PASSED

04-09-2024T08:31:40 - [TEST_STEP][PASSED] - totalplay.Common.verifyPropertyValueExist(SetPayment_instruments, billing_address_full_name): totalplay.Common.verifyPropertyValueExist is PASSED

04-09-2024T08:31:40 - [MESSAGE][INFO] - Checking response object

04-09-2024T08:31:40 - [MESSAGE][INFO] - CESAR GERARDO WALDO GONZALEZ

04-09-2024T08:31:40 - [MESSAGE][PASSED] - totalplay.Common.verifyPropertyValueExist is PASSED

04-09-2024T08:31:40 - [TEST_STEP][PASSED] - totalplay.Common.verifyPropertyExist(SetPayment_instruments, billing_address_id): totalplay.Common.verifyPropertyExist is PASSED

04-09-2024T08:31:40 - [MESSAGE][INFO] - Checking response object

04-09-2024T08:31:40 - [MESSAGE][PASSED] - totalplay.Common.verifyPropertyExist is PASSED

04-09-2024T08:31:40 - [TEST_STEP][PASSED] - totalplay.Common.verifyPropertyValueExist(SetPayment_instruments, billing_address_id): totalplay.Common.verifyPropertyValueExist is PASSED

04-09-2024T08:31:40 - [MESSAGE][INFO] - Checking response object

04-09-2024T08:31:40 - [MESSAGE][INFO] - 9b32852e3b1ee07fdb44a41044

04-09-2024T08:31:40 - [MESSAGE][PASSED] - totalplay.Common.verifyPropertyValueExist is PASSED

04-09-2024T08:31:40 - [TEST_STEP][PASSED] - totalplay.Common.verifyPropertyExist(SetPayment_instruments, billing_address_last_name): totalplay.Common.verifyPropertyExist is PASSED

04-09-2024T08:31:40 - [MESSAGE][INFO] - Checking response object

04-09-2024T08:31:40 - [MESSAGE][PASSED] - totalplay.Common.verifyPropertyExist is PASSED

04-09-2024T08:31:40 - [TEST_STEP][PASSED] - totalplay.Common.verifyPropertyValueExist(SetPayment_instruments, billing_address_last_name): totalplay.Common.verifyPropertyValueExist is PASSED

04-09-2024T08:31:40 - [MESSAGE][INFO] - Checking response object

04-09-2024T08:31:40 - [MESSAGE][INFO] - GERARDO WALDO GONZALEZ

04-09-2024T08:31:40 - [MESSAGE][PASSED] - totalplay.Common.verifyPropertyValueExist is PASSED

04-09-2024T08:31:40 - [TEST_STEP][PASSED] - totalplay.Common.verifyPropertyExist(SetPayment_instruments, billing_address_phone): totalplay.Common.verifyPropertyExist is PASSED

04-09-2024T08:31:40 - [MESSAGE][INFO] - Checking response object

04-09-2024T08:31:40 - [MESSAGE][PASSED] - totalplay.Common.verifyPropertyExist is PASSED

04-09-2024T08:31:40 - [TEST_STEP][PASSED] - totalplay.Common.verifyPropertyValueExist(SetPayment_instruments, billing_address_phone): totalplay.Common.verifyPropertyValueExist is PASSED

04-09-2024T08:31:40 - [MESSAGE][INFO] - Checking response object

04-09-2024T08:31:41 - [MESSAGE][INFO] - 5579660270

04-09-2024T08:31:41 - [MESSAGE][PASSED] - totalplay.Common.verifyPropertyValueExist is PASSED

04-09-2024T08:31:41 - [TEST_STEP][PASSED] - totalplay.Common.verifyPropertyExist(SetPayment_instruments, billing_address_postal_code): totalplay.Common.verifyPropertyExist is PASSED

04-09-2024T08:31:41 - [MESSAGE][INFO] - Checking response object

04-09-2024T08:31:41 - [MESSAGE][PASSED] - totalplay.Common.verifyPropertyExist is PASSED

04-09-2024T08:31:41 - [TEST_STEP][PASSED] - totalplay.Common.verifyPropertyValueExist(SetPayment_instruments, billing_address_postal_code): totalplay.Common.verifyPropertyValueExist is PASSED

04-09-2024T08:31:41 - [MESSAGE][INFO] - Checking response object

04-09-2024T08:31:41 - [MESSAGE][INFO] - 11500

04-09-2024T08:31:41 - [MESSAGE][PASSED] - totalplay.Common.verifyPropertyValueExist is PASSED

04-09-2024T08:31:41 - [TEST_STEP][PASSED] - totalplay.Common.verifyPropertyExist(SetPayment_instruments, billing_address_c_alias): totalplay.Common.verifyPropertyExist is PASSED

04-09-2024T08:31:41 - [MESSAGE][INFO] - Checking response object

04-09-2024T08:31:41 - [MESSAGE][PASSED] - totalplay.Common.verifyPropertyExist is PASSED

04-09-2024T08:31:41 - [TEST_STEP][PASSED] - totalplay.Common.verifyPropertyValueExist(SetPayment_instruments, billing_address_c_alias): totalplay.Common.verifyPropertyValueExist is PASSED

04-09-2024T08:31:41 - [MESSAGE][INFO] - Checking response object

04-09-2024T08:31:41 - [MESSAGE][INFO] - CasaWaldoP

04-09-2024T08:31:41 - [MESSAGE][PASSED] - totalplay.Common.verifyPropertyValueExist is PASSED

04-09-2024T08:31:41 - [TEST_STEP][PASSED] - totalplay.Common.verifyPropertyExist(SetPayment_instruments, billing_address_c_delegation): totalplay.Common.verifyPropertyExist is PASSED

04-09-2024T08:31:41 - [MESSAGE][INFO] - Checking response object

04-09-2024T08:31:41 - [MESSAGE][PASSED] - totalplay.Common.verifyPropertyExist is PASSED

04-09-2024T08:31:41 - [TEST_STEP][PASSED] - totalplay.Common.verifyPropertyValueExist(SetPayment_instruments, billing_address_c_delegation): totalplay.Common.verifyPropertyValueExist is PASSED

04-09-2024T08:31:41 - [MESSAGE][INFO] - Checking response object

04-09-2024T08:31:41 - [MESSAGE][INFO] - Miguel Hidalgo

04-09-2024T08:31:41 - [MESSAGE][PASSED] - totalplay.Common.verifyPropertyValueExist is PASSED

04-09-2024T08:31:41 - [TEST_STEP][PASSED] - totalplay.Common.verifyPropertyExist(SetPayment_instruments, billing_address_c_delegation): totalplay.Common.verifyPropertyExist is PASSED

04-09-2024T08:31:41 - [MESSAGE][INFO] - Checking response object

04-09-2024T08:31:41 - [MESSAGE][PASSED] - totalplay.Common.verifyPropertyExist is PASSED

04-09-2024T08:31:41 - [TEST_STEP][PASSED] - totalplay.Common.verifyPropertyValueExist(SetPayment_instruments, billing_address_c_delegation): totalplay.Common.verifyPropertyValueExist is PASSED

04-09-2024T08:31:41 - [MESSAGE][INFO] - Checking response object

04-09-2024T08:31:41 - [MESSAGE][INFO] - Miguel Hidalgo

04-09-2024T08:31:41 - [MESSAGE][PASSED] - totalplay.Common.verifyPropertyValueExist is PASSED

04-09-2024T08:31:41 - [TEST_STEP][PASSED] - totalplay.Common.verifyPropertyExist(SetPayment_instruments, billing_address_c_label): totalplay.Common.verifyPropertyExist is PASSED

04-09-2024T08:31:41 - [MESSAGE][INFO] - Checking response object

04-09-2024T08:31:41 - [MESSAGE][PASSED] - totalplay.Common.verifyPropertyExist is PASSED

04-09-2024T08:31:41 - [TEST_STEP][PASSED] - totalplay.Common.verifyPropertyValueExist(SetPayment_instruments, billing_address_c_label): totalplay.Common.verifyPropertyValueExist is PASSED

04-09-2024T08:31:41 - [MESSAGE][INFO] - Checking response object

04-09-2024T08:31:41 - [MESSAGE][INFO] - {"home":true,"company":false,"other":false}

04-09-2024T08:31:41 - [MESSAGE][PASSED] - totalplay.Common.verifyPropertyValueExist is PASSED

04-09-2024T08:31:41 - [TEST_STEP][PASSED] - totalplay.Common.verifyPropertyExist(SetPayment_instruments, billing_address_c_latitude): totalplay.Common.verifyPropertyExist is PASSED

04-09-2024T08:31:41 - [MESSAGE][INFO] - Checking response object

04-09-2024T08:31:41 - [MESSAGE][PASSED] - totalplay.Common.verifyPropertyExist is PASSED

04-09-2024T08:31:41 - [TEST_STEP][PASSED] - totalplay.Common.verifyPropertyValueExist(SetPayment_instruments, billing_address_c_latitude): totalplay.Common.verifyPropertyValueExist is PASSED

04-09-2024T08:31:41 - [MESSAGE][INFO] - Checking response object

04-09-2024T08:31:41 - [MESSAGE][INFO] - 19.439691

04-09-2024T08:31:41 - [MESSAGE][PASSED] - totalplay.Common.verifyPropertyValueExist is PASSED

04-09-2024T08:31:41 - [TEST_STEP][PASSED] - totalplay.Common.verifyPropertyExist(SetPayment_instruments, billing_address_c_longitude): totalplay.Common.verifyPropertyExist is PASSED

04-09-2024T08:31:41 - [MESSAGE][INFO] - Checking response object

04-09-2024T08:31:41 - [MESSAGE][PASSED] - totalplay.Common.verifyPropertyExist is PASSED

04-09-2024T08:31:41 - [TEST_STEP][PASSED] - totalplay.Common.verifyPropertyValueExist(SetPayment_instruments, billing_address_c_longitude): totalplay.Common.verifyPropertyValueExist is PASSED

04-09-2024T08:31:41 - [MESSAGE][INFO] - Checking response object

04-09-2024T08:31:41 - [MESSAGE][INFO] - -99.205670

04-09-2024T08:31:41 - [MESSAGE][PASSED] - totalplay.Common.verifyPropertyValueExist is PASSED

04-09-2024T08:31:41 - [TEST_STEP][PASSED] - totalplay.Common.verifyPropertyExist(SetPayment_instruments, billing_address_c_nExt): totalplay.Common.verifyPropertyExist is PASSED

04-09-2024T08:31:41 - [MESSAGE][INFO] - Checking response object

04-09-2024T08:31:41 - [MESSAGE][PASSED] - totalplay.Common.verifyPropertyExist is PASSED

04-09-2024T08:31:41 - [TEST_STEP][PASSED] - totalplay.Common.verifyPropertyValueExist(SetPayment_instruments, billing_address_c_nExt): totalplay.Common.verifyPropertyValueExist is PASSED

04-09-2024T08:31:41 - [MESSAGE][INFO] - Checking response object

04-09-2024T08:31:41 - [MESSAGE][INFO] - 107

04-09-2024T08:31:41 - [MESSAGE][PASSED] - totalplay.Common.verifyPropertyValueExist is PASSED

04-09-2024T08:31:41 - [TEST_STEP][PASSED] - totalplay.Common.verifyPropertyExist(SetPayment_instruments, billing_address_c_neighborhood): totalplay.Common.verifyPropertyExist is PASSED

04-09-2024T08:31:41 - [MESSAGE][INFO] - Checking response object

04-09-2024T08:31:41 - [MESSAGE][PASSED] - totalplay.Common.verifyPropertyExist is PASSED

04-09-2024T08:31:41 - [TEST_STEP][PASSED] - totalplay.Common.verifyPropertyValueExist(SetPayment_instruments, billing_address_c_neighborhood): totalplay.Common.verifyPropertyValueExist is PASSED

04-09-2024T08:31:41 - [MESSAGE][INFO] - Checking response object

04-09-2024T08:31:41 - [MESSAGE][INFO] - Polanco

04-09-2024T08:31:41 - [MESSAGE][PASSED] - totalplay.Common.verifyPropertyValueExist is PASSED

04-09-2024T08:31:41 - [TEST_STEP][PASSED] - totalplay.Common.verifyPropertyExist(SetPayment_instruments, billing_address_c_references): totalplay.Common.verifyPropertyExist is PASSED

04-09-2024T08:31:41 - [MESSAGE][INFO] - Checking response object

04-09-2024T08:31:42 - [MESSAGE][PASSED] - totalplay.Common.verifyPropertyExist is PASSED

04-09-2024T08:31:42 - [TEST_STEP][PASSED] - totalplay.Common.verifyPropertyValueExist(SetPayment_instruments, billing_address_c_references): totalplay.Common.verifyPropertyValueExist is PASSED

04-09-2024T08:31:42 - [MESSAGE][INFO] - Checking response object

04-09-2024T08:31:42 - [MESSAGE][INFO] - Llamar al llegar

04-09-2024T08:31:42 - [MESSAGE][PASSED] - totalplay.Common.verifyPropertyValueExist is PASSED

04-09-2024T08:31:42 - [TEST_STEP][PASSED] - totalplay.Common.verifyPropertyExist(SetPayment_instruments, billing_address_c_rfc): totalplay.Common.verifyPropertyExist is PASSED

04-09-2024T08:31:42 - [MESSAGE][INFO] - Checking response object

04-09-2024T08:31:42 - [MESSAGE][PASSED] - totalplay.Common.verifyPropertyExist is PASSED

04-09-2024T08:31:42 - [TEST_STEP][PASSED] - totalplay.Common.verifyPropertyValueExist(SetPayment_instruments, billing_address_c_rfc): totalplay.Common.verifyPropertyValueExist is PASSED

04-09-2024T08:31:42 - [MESSAGE][INFO] - Checking response object

04-09-2024T08:31:42 - [MESSAGE][INFO] - XAXA010101111

04-09-2024T08:31:42 - [MESSAGE][PASSED] - totalplay.Common.verifyPropertyValueExist is PASSED

04-09-2024T08:31:42 - [TEST_STEP][PASSED] - totalplay.Common.verifyPropertyExist(SetPayment_instruments, billing_address_c_state): totalplay.Common.verifyPropertyExist is PASSED

04-09-2024T08:31:42 - [MESSAGE][INFO] - Checking response object

04-09-2024T08:31:42 - [MESSAGE][PASSED] - totalplay.Common.verifyPropertyExist is PASSED

04-09-2024T08:31:42 - [TEST_STEP][PASSED] - totalplay.Common.verifyPropertyValueExist(SetPayment_instruments, billing_address_c_state): totalplay.Common.verifyPropertyValueExist is PASSED

04-09-2024T08:31:42 - [MESSAGE][INFO] - Checking response object

04-09-2024T08:31:42 - [MESSAGE][INFO] - CDMX

04-09-2024T08:31:42 - [MESSAGE][PASSED] - totalplay.Common.verifyPropertyValueExist is PASSED

04-09-2024T08:31:42 - [TEST_STEP][PASSED] - totalplay.Common.verifyPropertyExist(SetPayment_instruments, billing_address_c_streetName): totalplay.Common.verifyPropertyExist is PASSED

04-09-2024T08:31:42 - [MESSAGE][INFO] - Checking response object

04-09-2024T08:31:42 - [MESSAGE][PASSED] - totalplay.Common.verifyPropertyExist is PASSED

04-09-2024T08:31:42 - [TEST_STEP][PASSED] - totalplay.Common.verifyPropertyValueExist(SetPayment_instruments, billing_address_c_streetName): totalplay.Common.verifyPropertyValueExist is PASSED

04-09-2024T08:31:42 - [MESSAGE][INFO] - Checking response object

04-09-2024T08:31:42 - [MESSAGE][INFO] - Alejandro Dumas

04-09-2024T08:31:42 - [MESSAGE][PASSED] - totalplay.Common.verifyPropertyValueExist is PASSED

04-09-2024T08:31:42 - [TEST_STEP][PASSED] - totalplay.Common.verifyPropertyExist(SetPayment_instruments, channel_type): totalplay.Common.verifyPropertyExist is PASSED

04-09-2024T08:31:42 - [MESSAGE][INFO] - Checking response object

04-09-2024T08:31:42 - [MESSAGE][PASSED] - totalplay.Common.verifyPropertyExist is PASSED

04-09-2024T08:31:42 - [TEST_STEP][PASSED] - totalplay.Common.verifyPropertyValueExist(SetPayment_instruments, channel_type): totalplay.Common.verifyPropertyValueExist is PASSED

04-09-2024T08:31:42 - [MESSAGE][INFO] - Checking response object

04-09-2024T08:31:42 - [MESSAGE][INFO] - storefront

04-09-2024T08:31:42 - [MESSAGE][PASSED] - totalplay.Common.verifyPropertyValueExist is PASSED

04-09-2024T08:31:42 - [TEST_STEP][PASSED] - totalplay.Common.verifyPropertyExist(SetPayment_instruments, customer_info__type): totalplay.Common.verifyPropertyExist is PASSED

04-09-2024T08:31:42 - [MESSAGE][INFO] - Checking response object

04-09-2024T08:31:42 - [MESSAGE][PASSED] - totalplay.Common.verifyPropertyExist is PASSED

04-09-2024T08:31:42 - [TEST_STEP][PASSED] - totalplay.Common.verifyPropertyValueExist(SetPayment_instruments, customer_info__type): totalplay.Common.verifyPropertyValueExist is PASSED

04-09-2024T08:31:42 - [MESSAGE][INFO] - Checking response object

04-09-2024T08:31:42 - [MESSAGE][INFO] - customer_info

04-09-2024T08:31:42 - [MESSAGE][PASSED] - totalplay.Common.verifyPropertyValueExist is PASSED

04-09-2024T08:31:42 - [TEST_STEP][PASSED] - totalplay.Common.verifyPropertyExist(SetPayment_instruments, customer_info_customer_id): totalplay.Common.verifyPropertyExist is PASSED

04-09-2024T08:31:42 - [MESSAGE][INFO] - Checking response object

04-09-2024T08:31:42 - [MESSAGE][PASSED] - totalplay.Common.verifyPropertyExist is PASSED

04-09-2024T08:31:42 - [TEST_STEP][PASSED] - totalplay.Common.verifyPropertyValueExist(SetPayment_instruments, customer_info_customer_id): totalplay.Common.verifyPropertyValueExist is PASSED

04-09-2024T08:31:42 - [MESSAGE][INFO] - Checking response object

04-09-2024T08:31:42 - [MESSAGE][INFO] - acTAcwrTj6ECo7V8WDIa5leqor

04-09-2024T08:31:42 - [MESSAGE][PASSED] - totalplay.Common.verifyPropertyValueExist is PASSED

04-09-2024T08:31:42 - [TEST_STEP][PASSED] - totalplay.Common.verifyPropertyExist(SetPayment_instruments, customer_info_customer_no): totalplay.Common.verifyPropertyExist is PASSED

04-09-2024T08:31:42 - [MESSAGE][INFO] - Checking response object

04-09-2024T08:31:42 - [MESSAGE][PASSED] - totalplay.Common.verifyPropertyExist is PASSED

04-09-2024T08:31:42 - [TEST_STEP][PASSED] - totalplay.Common.verifyPropertyValueExist(SetPayment_instruments, customer_info_customer_no): totalplay.Common.verifyPropertyValueExist is PASSED

04-09-2024T08:31:42 - [MESSAGE][INFO] - Checking response object

04-09-2024T08:31:42 - [MESSAGE][INFO] - 00012002

04-09-2024T08:31:42 - [MESSAGE][PASSED] - totalplay.Common.verifyPropertyValueExist is PASSED

04-09-2024T08:31:42 - [TEST_STEP][PASSED] - totalplay.Common.verifyPropertyExist(SetPayment_instruments, customer_info_email): totalplay.Common.verifyPropertyExist is PASSED

04-09-2024T08:31:42 - [MESSAGE][INFO] - Checking response object

04-09-2024T08:31:42 - [MESSAGE][PASSED] - totalplay.Common.verifyPropertyExist is PASSED

04-09-2024T08:31:42 - [TEST_STEP][PASSED] - totalplay.Common.verifyPropertyValueExist(SetPayment_instruments, customer_info_email): totalplay.Common.verifyPropertyValueExist is PASSED

04-09-2024T08:31:42 - [MESSAGE][INFO] - Checking response object

04-09-2024T08:31:42 - [MESSAGE][INFO] - cesar.waldo93@gmail.com

04-09-2024T08:31:42 - [MESSAGE][PASSED] - totalplay.Common.verifyPropertyValueExist is PASSED

04-09-2024T08:31:42 - [TEST_STEP][PASSED] - totalplay.Common.verifyPropertyExist(SetPayment_instruments, last_modified): totalplay.Common.verifyPropertyExist is PASSED

04-09-2024T08:31:42 - [MESSAGE][INFO] - Checking response object

04-09-2024T08:31:42 - [MESSAGE][PASSED] - totalplay.Common.verifyPropertyExist is PASSED

04-09-2024T08:31:42 - [TEST_STEP][PASSED] - totalplay.Common.verifyPropertyValueExist(SetPayment_instruments, last_modified): totalplay.Common.verifyPropertyValueExist is PASSED

04-09-2024T08:31:42 - [MESSAGE][INFO] - Checking response object

04-09-2024T08:31:42 - [MESSAGE][INFO] - 2024-09-04T03:01:38.755Z

04-09-2024T08:31:42 - [MESSAGE][PASSED] - totalplay.Common.verifyPropertyValueExist is PASSED

04-09-2024T08:31:42 - [TEST_STEP][PASSED] - totalplay.Common.getDecimalValueofObject(SetPayment_instruments, merchandize_total_tax): totalplay.Common.getDecimalValueofObject is PASSED

04-09-2024T08:31:42 - [MESSAGE][INFO] - Checking response object

04-09-2024T08:31:42 - [MESSAGE][PASSED] - totalplay.Common.getDecimalValueofObject is PASSED

04-09-2024T08:31:42 - [TEST_STEP][PASSED] - totalplay.Common.verifyPropertyExist(SetPayment_instruments, notes__type): totalplay.Common.verifyPropertyExist is PASSED

04-09-2024T08:31:42 - [MESSAGE][INFO] - Checking response object

04-09-2024T08:31:42 - [MESSAGE][PASSED] - totalplay.Common.verifyPropertyExist is PASSED

04-09-2024T08:31:42 - [TEST_STEP][PASSED] - totalplay.Common.verifyPropertyValueExist(SetPayment_instruments, notes__type): totalplay.Common.verifyPropertyValueExist is PASSED

04-09-2024T08:31:42 - [MESSAGE][INFO] - Checking response object

04-09-2024T08:31:43 - [MESSAGE][INFO] - simple_link

04-09-2024T08:31:43 - [MESSAGE][PASSED] - totalplay.Common.verifyPropertyValueExist is PASSED

04-09-2024T08:31:43 - [TEST_STEP][PASSED] - totalplay.Common.verifyPropertyExist(SetPayment_instruments, notes_link): totalplay.Common.verifyPropertyExist is PASSED

04-09-2024T08:31:43 - [MESSAGE][INFO] - Checking response object

04-09-2024T08:31:43 - [MESSAGE][PASSED] - totalplay.Common.verifyPropertyExist is PASSED

04-09-2024T08:31:43 - [TEST_STEP][PASSED] - totalplay.Common.verifyPropertyValueExist(SetPayment_instruments, notes_link): totalplay.Common.verifyPropertyValueExist is PASSED

04-09-2024T08:31:43 - [MESSAGE][INFO] - Checking response object

04-09-2024T08:31:43 - [MESSAGE][INFO] - https://salesforceqa.sistemastp.com.mx/s/TP-FOOD/dw/shop/v23_1/baskets/e6fb0f84530e584bfd75ed75eb/notes

04-09-2024T08:31:43 - [MESSAGE][PASSED] - totalplay.Common.verifyPropertyValueExist is PASSED

04-09-2024T08:31:43 - [TEST_STEP][PASSED] - totalplay.Common.getDecimalValueofObject(SetPayment_instruments, order_total): totalplay.Common.getDecimalValueofObject is PASSED

04-09-2024T08:31:43 - [MESSAGE][INFO] - Checking response object

04-09-2024T08:31:43 - [MESSAGE][PASSED] - totalplay.Common.getDecimalValueofObject is PASSED

04-09-2024T08:31:43 - [TEST_STEP][PASSED] - totalplay.Common.verifyPropertyExist(SetPayment_instruments, payment_instruments_0__type): totalplay.Common.verifyPropertyExist is PASSED

04-09-2024T08:31:43 - [MESSAGE][INFO] - Checking response object

04-09-2024T08:31:43 - [MESSAGE][PASSED] - totalplay.Common.verifyPropertyExist is PASSED

04-09-2024T08:31:43 - [TEST_STEP][PASSED] - totalplay.Common.verifyPropertyValueExist(SetPayment_instruments, payment_instruments_0__type): totalplay.Common.verifyPropertyValueExist is PASSED

04-09-2024T08:31:43 - [MESSAGE][INFO] - Checking response object

04-09-2024T08:31:43 - [MESSAGE][INFO] - order_payment_instrument

04-09-2024T08:31:43 - [MESSAGE][PASSED] - totalplay.Common.verifyPropertyValueExist is PASSED

04-09-2024T08:31:43 - [TEST_STEP][PASSED] - totalplay.Common.getDecimalValueofObject(SetPayment_instruments, payment_instruments_0_amount): totalplay.Common.getDecimalValueofObject is PASSED

04-09-2024T08:31:43 - [MESSAGE][INFO] - Checking response object

04-09-2024T08:31:43 - [MESSAGE][PASSED] - totalplay.Common.getDecimalValueofObject is PASSED

04-09-2024T08:31:43 - [TEST_STEP][PASSED] - totalplay.Common.verifyPropertyExist(SetPayment_instruments, payment_instruments_0_payment_card__type): totalplay.Common.verifyPropertyExist is PASSED

04-09-2024T08:31:43 - [MESSAGE][INFO] - Checking response object

04-09-2024T08:31:43 - [MESSAGE][PASSED] - totalplay.Common.verifyPropertyExist is PASSED

04-09-2024T08:31:43 - [TEST_STEP][PASSED] - totalplay.Common.verifyPropertyValueExist(SetPayment_instruments, payment_instruments_0_payment_card__type): totalplay.Common.verifyPropertyValueExist is PASSED

04-09-2024T08:31:43 - [MESSAGE][INFO] - Checking response object

04-09-2024T08:31:43 - [MESSAGE][INFO] - payment_card

04-09-2024T08:31:43 - [MESSAGE][PASSED] - totalplay.Common.verifyPropertyValueExist is PASSED

04-09-2024T08:31:43 - [TEST_STEP][PASSED] - totalplay.Common.verifyPropertyExist(SetPayment_instruments, payment_instruments_0_payment_card_card_type): totalplay.Common.verifyPropertyExist is PASSED

04-09-2024T08:31:43 - [MESSAGE][INFO] - Checking response object

04-09-2024T08:31:43 - [MESSAGE][PASSED] - totalplay.Common.verifyPropertyExist is PASSED

04-09-2024T08:31:43 - [TEST_STEP][PASSED] - totalplay.Common.verifyPropertyValueExist(SetPayment_instruments, payment_instruments_0_payment_card_card_type): totalplay.Common.verifyPropertyValueExist is PASSED

04-09-2024T08:31:43 - [MESSAGE][INFO] - Checking response object

04-09-2024T08:31:43 - [MESSAGE][INFO] - Visa

04-09-2024T08:31:43 - [MESSAGE][PASSED] - totalplay.Common.verifyPropertyValueExist is PASSED

04-09-2024T08:31:43 - [TEST_STEP][PASSED] - totalplay.Common.getBooleanValueofObject(SetPayment_instruments, payment_instruments_0_payment_card_credit_card_expired): totalplay.Common.getBooleanValueofObject is PASSED

04-09-2024T08:31:43 - [MESSAGE][INFO] - Checking response object

04-09-2024T08:31:43 - [MESSAGE][PASSED] - totalplay.Common.getBooleanValueofObject is PASSED

04-09-2024T08:31:43 - [TEST_STEP][PASSED] - totalplay.Common.getNumValueofObject(SetPayment_instruments, payment_instruments_0_payment_card_expiration_month): totalplay.Common.getNumValueofObject is PASSED

04-09-2024T08:31:43 - [MESSAGE][INFO] - Checking response object

04-09-2024T08:31:43 - [MESSAGE][PASSED] - totalplay.Common.getNumValueofObject is PASSED

04-09-2024T08:31:43 - [TEST_STEP][PASSED] - totalplay.Common.getNumValueofObject(SetPayment_instruments, payment_instruments_0_payment_card_expiration_year): totalplay.Common.getNumValueofObject is PASSED

04-09-2024T08:31:43 - [MESSAGE][INFO] - Checking response object

04-09-2024T08:31:43 - [MESSAGE][PASSED] - totalplay.Common.getNumValueofObject is PASSED

04-09-2024T08:31:43 - [TEST_STEP][PASSED] - totalplay.Common.verifyPropertyExist(SetPayment_instruments, payment_instruments_0_payment_card_holder): totalplay.Common.verifyPropertyExist is PASSED

04-09-2024T08:31:43 - [MESSAGE][INFO] - Checking response object

04-09-2024T08:31:43 - [MESSAGE][PASSED] - totalplay.Common.verifyPropertyExist is PASSED

04-09-2024T08:31:43 - [TEST_STEP][PASSED] - totalplay.Common.verifyPropertyValueExist(SetPayment_instruments, payment_instruments_0_payment_card_holder): totalplay.Common.verifyPropertyValueExist is PASSED

04-09-2024T08:31:43 - [MESSAGE][INFO] - Checking response object

04-09-2024T08:31:43 - [MESSAGE][INFO] - Test Dev

04-09-2024T08:31:43 - [MESSAGE][PASSED] - totalplay.Common.verifyPropertyValueExist is PASSED

04-09-2024T08:31:43 - [TEST_STEP][PASSED] - totalplay.Common.verifyPropertyExist(SetPayment_instruments, payment_instruments_0_payment_instrument_id): totalplay.Common.verifyPropertyExist is PASSED

04-09-2024T08:31:43 - [MESSAGE][INFO] - Checking response object

04-09-2024T08:31:43 - [MESSAGE][PASSED] - totalplay.Common.verifyPropertyExist is PASSED

04-09-2024T08:31:43 - [TEST_STEP][PASSED] - totalplay.Common.verifyPropertyValueExist(SetPayment_instruments, payment_instruments_0_payment_instrument_id): totalplay.Common.verifyPropertyValueExist is PASSED

04-09-2024T08:31:43 - [MESSAGE][INFO] - Checking response object

04-09-2024T08:31:43 - [MESSAGE][INFO] - 02f90eafb53b23b4480bb5d55a

04-09-2024T08:31:43 - [MESSAGE][PASSED] - totalplay.Common.verifyPropertyValueExist is PASSED

04-09-2024T08:31:43 - [TEST_STEP][PASSED] - totalplay.Common.verifyPropertyExist(SetPayment_instruments, payment_instruments_0_payment_method_id): totalplay.Common.verifyPropertyExist is PASSED

04-09-2024T08:31:43 - [MESSAGE][INFO] - Checking response object

04-09-2024T08:31:43 - [MESSAGE][PASSED] - totalplay.Common.verifyPropertyExist is PASSED

04-09-2024T08:31:43 - [TEST_STEP][PASSED] - totalplay.Common.verifyPropertyValueExist(SetPayment_instruments, payment_instruments_0_payment_method_id): totalplay.Common.verifyPropertyValueExist is PASSED

04-09-2024T08:31:43 - [MESSAGE][INFO] - Checking response object

04-09-2024T08:31:43 - [MESSAGE][INFO] - CREDIT_CARD

04-09-2024T08:31:43 - [MESSAGE][PASSED] - totalplay.Common.verifyPropertyValueExist is PASSED

04-09-2024T08:31:43 - [TEST_STEP][PASSED] - totalplay.Common.verifyPropertyExist(SetPayment_instruments, product_items_0__type): totalplay.Common.verifyPropertyExist is PASSED

04-09-2024T08:31:43 - [MESSAGE][INFO] - Checking response object

04-09-2024T08:31:43 - [MESSAGE][PASSED] - totalplay.Common.verifyPropertyExist is PASSED

04-09-2024T08:31:43 - [TEST_STEP][PASSED] - totalplay.Common.verifyPropertyValueExist(SetPayment_instruments, product_items_0__type): totalplay.Common.verifyPropertyValueExist is PASSED

04-09-2024T08:31:43 - [MESSAGE][INFO] - Checking response object

04-09-2024T08:31:43 - [MESSAGE][INFO] - product_item

04-09-2024T08:31:43 - [MESSAGE][PASSED] - totalplay.Common.verifyPropertyValueExist is PASSED

04-09-2024T08:31:43 - [TEST_STEP][PASSED] - totalplay.Common.getDecimalValueofObject(SetPayment_instruments, product_items_0_adjusted_tax): totalplay.Common.getDecimalValueofObject is PASSED

04-09-2024T08:31:43 - [MESSAGE][INFO] - Checking response object

04-09-2024T08:31:43 - [MESSAGE][PASSED] - totalplay.Common.getDecimalValueofObject is PASSED

04-09-2024T08:31:43 - [TEST_STEP][PASSED] - totalplay.Common.getDecimalValueofObject(SetPayment_instruments, product_items_0_base_price): totalplay.Common.getDecimalValueofObject is PASSED

04-09-2024T08:31:43 - [MESSAGE][INFO] - Checking response object

04-09-2024T08:31:44 - [MESSAGE][PASSED] - totalplay.Common.getDecimalValueofObject is PASSED

04-09-2024T08:31:44 - [TEST_STEP][PASSED] - totalplay.Common.getBooleanValueofObject(SetPayment_instruments, product_items_0_bonus_product_line_item): totalplay.Common.getBooleanValueofObject is PASSED

04-09-2024T08:31:44 - [MESSAGE][INFO] - Checking response object

04-09-2024T08:31:44 - [MESSAGE][PASSED] - totalplay.Common.getBooleanValueofObject is PASSED

04-09-2024T08:31:44 - [TEST_STEP][PASSED] - totalplay.Common.getBooleanValueofObject(SetPayment_instruments, product_items_0_gift): totalplay.Common.getBooleanValueofObject is PASSED

04-09-2024T08:31:44 - [MESSAGE][INFO] - Checking response object

04-09-2024T08:31:44 - [MESSAGE][PASSED] - totalplay.Common.getBooleanValueofObject is PASSED

04-09-2024T08:31:44 - [TEST_STEP][PASSED] - totalplay.Common.verifyPropertyExist(SetPayment_instruments, product_items_0_inventory_id): totalplay.Common.verifyPropertyExist is PASSED

04-09-2024T08:31:44 - [MESSAGE][INFO] - Checking response object

04-09-2024T08:31:44 - [MESSAGE][PASSED] - totalplay.Common.verifyPropertyExist is PASSED

04-09-2024T08:31:44 - [TEST_STEP][PASSED] - totalplay.Common.verifyPropertyValueExist(SetPayment_instruments, product_items_0_inventory_id): totalplay.Common.verifyPropertyValueExist is PASSED

04-09-2024T08:31:44 - [MESSAGE][INFO] - Checking response object

04-09-2024T08:31:44 - [MESSAGE][INFO] - inventory_m_food_mirakl

04-09-2024T08:31:44 - [MESSAGE][PASSED] - totalplay.Common.verifyPropertyValueExist is PASSED

04-09-2024T08:31:44 - [TEST_STEP][PASSED] - totalplay.Common.verifyPropertyExist(SetPayment_instruments, product_items_0_item_id): totalplay.Common.verifyPropertyExist is PASSED

04-09-2024T08:31:44 - [MESSAGE][INFO] - Checking response object

04-09-2024T08:31:44 - [MESSAGE][PASSED] - totalplay.Common.verifyPropertyExist is PASSED

04-09-2024T08:31:44 - [TEST_STEP][PASSED] - totalplay.Common.verifyPropertyValueExist(SetPayment_instruments, product_items_0_item_id): totalplay.Common.verifyPropertyValueExist is PASSED

04-09-2024T08:31:44 - [MESSAGE][INFO] - Checking response object

04-09-2024T08:31:44 - [MESSAGE][INFO] - 36f6dba420379fe9ea537475c2

04-09-2024T08:31:44 - [MESSAGE][PASSED] - totalplay.Common.verifyPropertyValueExist is PASSED

04-09-2024T08:31:44 - [TEST_STEP][PASSED] - totalplay.Common.verifyPropertyExist(SetPayment_instruments, product_items_0_item_text): totalplay.Common.verifyPropertyExist is PASSED

04-09-2024T08:31:44 - [MESSAGE][INFO] - Checking response object

04-09-2024T08:31:44 - [MESSAGE][PASSED] - totalplay.Common.verifyPropertyExist is PASSED

04-09-2024T08:31:44 - [TEST_STEP][PASSED] - totalplay.Common.verifyPropertyValueExist(SetPayment_instruments, product_items_0_item_text): totalplay.Common.verifyPropertyValueExist is PASSED

04-09-2024T08:31:44 - [MESSAGE][INFO] - Checking response object

04-09-2024T08:31:44 - [MESSAGE][INFO] - Orden de Maciza (100 g)

04-09-2024T08:31:44 - [MESSAGE][PASSED] - totalplay.Common.verifyPropertyValueExist is PASSED

04-09-2024T08:31:44 - [TEST_STEP][PASSED] - totalplay.Common.getDecimalValueofObject(SetPayment_instruments, product_items_0_price): totalplay.Common.getDecimalValueofObject is PASSED

04-09-2024T08:31:44 - [MESSAGE][INFO] - Checking response object

04-09-2024T08:31:44 - [MESSAGE][PASSED] - totalplay.Common.getDecimalValueofObject is PASSED

04-09-2024T08:31:44 - [TEST_STEP][PASSED] - totalplay.Common.getDecimalValueofObject(SetPayment_instruments, product_items_0_price_after_item_discount): totalplay.Common.getDecimalValueofObject is PASSED

04-09-2024T08:31:44 - [MESSAGE][INFO] - Checking response object

04-09-2024T08:31:44 - [MESSAGE][PASSED] - totalplay.Common.getDecimalValueofObject is PASSED

04-09-2024T08:31:44 - [TEST_STEP][PASSED] - totalplay.Common.getDecimalValueofObject(SetPayment_instruments, product_items_0_price_after_order_discount): totalplay.Common.getDecimalValueofObject is PASSED

04-09-2024T08:31:44 - [MESSAGE][INFO] - Checking response object

04-09-2024T08:31:44 - [MESSAGE][PASSED] - totalplay.Common.getDecimalValueofObject is PASSED

04-09-2024T08:31:44 - [TEST_STEP][PASSED] - totalplay.Common.verifyPropertyExist(SetPayment_instruments, product_items_0_product_id): totalplay.Common.verifyPropertyExist is PASSED

04-09-2024T08:31:44 - [MESSAGE][INFO] - Checking response object

04-09-2024T08:31:44 - [MESSAGE][PASSED] - totalplay.Common.verifyPropertyExist is PASSED

04-09-2024T08:31:44 - [TEST_STEP][PASSED] - totalplay.Common.verifyPropertyValueExist(SetPayment_instruments, product_items_0_product_id): totalplay.Common.verifyPropertyValueExist is PASSED

04-09-2024T08:31:44 - [MESSAGE][INFO] - Checking response object

04-09-2024T08:31:44 - [MESSAGE][INFO] - C828554986

04-09-2024T08:31:44 - [MESSAGE][PASSED] - totalplay.Common.verifyPropertyValueExist is PASSED

04-09-2024T08:31:44 - [TEST_STEP][PASSED] - totalplay.Common.verifyPropertyExist(SetPayment_instruments, product_items_0_product_name): totalplay.Common.verifyPropertyExist is PASSED

04-09-2024T08:31:44 - [MESSAGE][INFO] - Checking response object

04-09-2024T08:31:44 - [MESSAGE][PASSED] - totalplay.Common.verifyPropertyExist is PASSED

04-09-2024T08:31:44 - [TEST_STEP][PASSED] - totalplay.Common.verifyPropertyValueExist(SetPayment_instruments, product_items_0_product_name): totalplay.Common.verifyPropertyValueExist is PASSED

04-09-2024T08:31:44 - [MESSAGE][INFO] - Checking response object

04-09-2024T08:31:44 - [MESSAGE][INFO] - Orden de Maciza (100 g)

04-09-2024T08:31:44 - [MESSAGE][PASSED] - totalplay.Common.verifyPropertyValueExist is PASSED

04-09-2024T08:31:44 - [TEST_STEP][PASSED] - totalplay.Common.getNumValueofObject(SetPayment_instruments, product_items_0_quantity): totalplay.Common.getNumValueofObject is PASSED

04-09-2024T08:31:44 - [MESSAGE][INFO] - Checking response object

04-09-2024T08:31:44 - [MESSAGE][PASSED] - totalplay.Common.getNumValueofObject is PASSED

04-09-2024T08:31:44 - [TEST_STEP][PASSED] - totalplay.Common.getDecimalValueofObject(SetPayment_instruments, product_items_0_tax): totalplay.Common.getDecimalValueofObject is PASSED

04-09-2024T08:31:44 - [MESSAGE][INFO] - Checking response object

04-09-2024T08:31:44 - [MESSAGE][PASSED] - totalplay.Common.getDecimalValueofObject is PASSED

04-09-2024T08:31:44 - [TEST_STEP][PASSED] - totalplay.Common.getDecimalValueofObject(SetPayment_instruments, product_items_0_tax_basis): totalplay.Common.getDecimalValueofObject is PASSED

04-09-2024T08:31:44 - [MESSAGE][INFO] - Checking response object

04-09-2024T08:31:44 - [MESSAGE][PASSED] - totalplay.Common.getDecimalValueofObject is PASSED

04-09-2024T08:31:44 - [TEST_STEP][PASSED] - totalplay.Common.verifyPropertyExist(SetPayment_instruments, product_items_0_tax_class_id): totalplay.Common.verifyPropertyExist is PASSED

04-09-2024T08:31:44 - [MESSAGE][INFO] - Checking response object

04-09-2024T08:31:44 - [MESSAGE][PASSED] - totalplay.Common.verifyPropertyExist is PASSED

04-09-2024T08:31:44 - [TEST_STEP][PASSED] - totalplay.Common.verifyPropertyValueExist(SetPayment_instruments, product_items_0_tax_class_id): totalplay.Common.verifyPropertyValueExist is PASSED

04-09-2024T08:31:44 - [MESSAGE][INFO] - Checking response object

04-09-2024T08:31:44 - [MESSAGE][INFO] - product_zero_tax

04-09-2024T08:31:44 - [MESSAGE][PASSED] - totalplay.Common.verifyPropertyValueExist is PASSED

04-09-2024T08:31:44 - [TEST_STEP][PASSED] - totalplay.Common.getDecimalValueofObject(SetPayment_instruments, product_items_0_tax_rate): totalplay.Common.getDecimalValueofObject is PASSED

04-09-2024T08:31:44 - [MESSAGE][INFO] - Checking response object

04-09-2024T08:31:44 - [MESSAGE][PASSED] - totalplay.Common.getDecimalValueofObject is PASSED

04-09-2024T08:31:44 - [TEST_STEP][PASSED] - totalplay.Common.verifyPropertyExist(SetPayment_instruments, product_items_0_c_fromStoreId): totalplay.Common.verifyPropertyExist is PASSED

04-09-2024T08:31:44 - [MESSAGE][INFO] - Checking response object

04-09-2024T08:31:44 - [MESSAGE][PASSED] - totalplay.Common.verifyPropertyExist is PASSED

04-09-2024T08:31:44 - [TEST_STEP][PASSED] - totalplay.Common.verifyPropertyValueExist(SetPayment_instruments, product_items_0_c_fromStoreId): totalplay.Common.verifyPropertyValueExist is PASSED

04-09-2024T08:31:44 - [MESSAGE][INFO] - Checking response object

04-09-2024T08:31:44 - [MESSAGE][INFO] - 4158

04-09-2024T08:31:44 - [MESSAGE][PASSED] - totalplay.Common.verifyPropertyValueExist is PASSED

04-09-2024T08:31:44 - [TEST_STEP][PASSED] - totalplay.Common.verifyPropertyExist(SetPayment_instruments, product_items_0_c_miraklChannels): totalplay.Common.verifyPropertyExist is PASSED

04-09-2024T08:31:44 - [MESSAGE][INFO] - Checking response object

04-09-2024T08:31:45 - [MESSAGE][PASSED] - totalplay.Common.verifyPropertyExist is PASSED

04-09-2024T08:31:45 - [TEST_STEP][PASSED] - totalplay.Common.verifyPropertyValueExist(SetPayment_instruments, product_items_0_c_miraklChannels): totalplay.Common.verifyPropertyValueExist is PASSED

04-09-2024T08:31:45 - [MESSAGE][INFO] - Checking response object

04-09-2024T08:31:45 - [MESSAGE][INFO] - ["INIT"]

04-09-2024T08:31:45 - [MESSAGE][PASSED] - totalplay.Common.verifyPropertyValueExist is PASSED

04-09-2024T08:31:45 - [TEST_STEP][PASSED] - totalplay.Common.verifyPropertyExist(SetPayment_instruments, product_items_0_c_miraklOperatorProductId): totalplay.Common.verifyPropertyExist is PASSED

04-09-2024T08:31:45 - [MESSAGE][INFO] - Checking response object

04-09-2024T08:31:45 - [MESSAGE][PASSED] - totalplay.Common.verifyPropertyExist is PASSED

04-09-2024T08:31:45 - [TEST_STEP][PASSED] - totalplay.Common.verifyPropertyValueExist(SetPayment_instruments, product_items_0_c_miraklOperatorProductId): totalplay.Common.verifyPropertyValueExist is PASSED

04-09-2024T08:31:45 - [MESSAGE][INFO] - Checking response object

04-09-2024T08:31:45 - [MESSAGE][INFO] - C828554986

04-09-2024T08:31:45 - [MESSAGE][PASSED] - totalplay.Common.verifyPropertyValueExist is PASSED

04-09-2024T08:31:45 - [TEST_STEP][PASSED] - totalplay.Common.verifyPropertyExist(SetPayment_instruments, product_items_0_c_miraklShippingTaxes): totalplay.Common.verifyPropertyExist is PASSED

04-09-2024T08:31:45 - [MESSAGE][INFO] - Checking response object

04-09-2024T08:31:45 - [MESSAGE][PASSED] - totalplay.Common.verifyPropertyExist is PASSED

04-09-2024T08:31:45 - [TEST_STEP][PASSED] - totalplay.Common.verifyPropertyValueExist(SetPayment_instruments, product_items_0_c_miraklShippingTaxes): totalplay.Common.verifyPropertyValueExist is PASSED

04-09-2024T08:31:45 - [MESSAGE][INFO] - Checking response object

04-09-2024T08:31:45 - [MESSAGE][INFO] - [{"amount":0,"type":"product_zero_tax","isTaxRate":true,"rate":0}]

04-09-2024T08:31:45 - [MESSAGE][PASSED] - totalplay.Common.verifyPropertyValueExist is PASSED

04-09-2024T08:31:45 - [TEST_STEP][PASSED] - totalplay.Common.verifyPropertyExist(SetPayment_instruments, product_items_0_c_miraklTaxes): totalplay.Common.verifyPropertyExist is PASSED

04-09-2024T08:31:45 - [MESSAGE][INFO] - Checking response object

04-09-2024T08:31:45 - [MESSAGE][PASSED] - totalplay.Common.verifyPropertyExist is PASSED

04-09-2024T08:31:45 - [TEST_STEP][PASSED] - totalplay.Common.verifyPropertyValueExist(SetPayment_instruments, product_items_0_c_miraklTaxes): totalplay.Common.verifyPropertyValueExist is PASSED

04-09-2024T08:31:45 - [MESSAGE][INFO] - Checking response object

04-09-2024T08:31:45 - [MESSAGE][INFO] - [{"amount":0,"type":"product_zero_tax","isTaxRate":true,"rate":0}]

04-09-2024T08:31:45 - [MESSAGE][PASSED] - totalplay.Common.verifyPropertyValueExist is PASSED

04-09-2024T08:31:45 - [TEST_STEP][PASSED] - totalplay.Common.getNumValueofObject(SetPayment_instruments, product_items_0_c_noOfPersons): totalplay.Common.getNumValueofObject is PASSED

04-09-2024T08:31:45 - [MESSAGE][INFO] - Checking response object

04-09-2024T08:31:45 - [MESSAGE][PASSED] - totalplay.Common.getNumValueofObject is PASSED

04-09-2024T08:31:45 - [TEST_STEP][PASSED] - totalplay.Common.verifyPropertyExist(SetPayment_instruments, product_items_0_c_offerId): totalplay.Common.verifyPropertyExist is PASSED

04-09-2024T08:31:45 - [MESSAGE][INFO] - Checking response object

04-09-2024T08:31:45 - [MESSAGE][PASSED] - totalplay.Common.verifyPropertyExist is PASSED

04-09-2024T08:31:45 - [TEST_STEP][PASSED] - totalplay.Common.verifyPropertyValueExist(SetPayment_instruments, product_items_0_c_offerId): totalplay.Common.verifyPropertyValueExist is PASSED

04-09-2024T08:31:45 - [MESSAGE][INFO] - Checking response object

04-09-2024T08:31:45 - [MESSAGE][INFO] - 541185

04-09-2024T08:31:45 - [MESSAGE][PASSED] - totalplay.Common.verifyPropertyValueExist is PASSED

04-09-2024T08:31:45 - [TEST_STEP][PASSED] - totalplay.Common.getDecimalValueofObject(SetPayment_instruments, product_items_0_c_offerSalesPrice): totalplay.Common.getDecimalValueofObject is PASSED

04-09-2024T08:31:45 - [MESSAGE][INFO] - Checking response object

04-09-2024T08:31:45 - [MESSAGE][PASSED] - totalplay.Common.getDecimalValueofObject is PASSED

04-09-2024T08:31:45 - [TEST_STEP][PASSED] - totalplay.Common.verifyPropertyExist(SetPayment_instruments, product_items_0_c_offerState): totalplay.Common.verifyPropertyExist is PASSED

04-09-2024T08:31:45 - [MESSAGE][INFO] - Checking response object

04-09-2024T08:31:45 - [MESSAGE][PASSED] - totalplay.Common.verifyPropertyExist is PASSED

04-09-2024T08:31:45 - [TEST_STEP][PASSED] - totalplay.Common.verifyPropertyValueExist(SetPayment_instruments, product_items_0_c_offerState): totalplay.Common.verifyPropertyValueExist is PASSED

04-09-2024T08:31:45 - [MESSAGE][INFO] - Checking response object

04-09-2024T08:31:45 - [MESSAGE][INFO] - Nuevo

04-09-2024T08:31:45 - [MESSAGE][PASSED] - totalplay.Common.verifyPropertyValueExist is PASSED

04-09-2024T08:31:45 - [TEST_STEP][PASSED] - totalplay.Common.verifyPropertyExist(SetPayment_instruments, product_items_0_c_offerStateCode): totalplay.Common.verifyPropertyExist is PASSED

04-09-2024T08:31:45 - [MESSAGE][INFO] - Checking response object

04-09-2024T08:31:45 - [MESSAGE][PASSED] - totalplay.Common.verifyPropertyExist is PASSED

04-09-2024T08:31:45 - [TEST_STEP][PASSED] - totalplay.Common.verifyPropertyValueExist(SetPayment_instruments, product_items_0_c_offerStateCode): totalplay.Common.verifyPropertyValueExist is PASSED

04-09-2024T08:31:45 - [MESSAGE][INFO] - Checking response object

04-09-2024T08:31:45 - [MESSAGE][INFO] - 11

04-09-2024T08:31:45 - [MESSAGE][PASSED] - totalplay.Common.verifyPropertyValueExist is PASSED

04-09-2024T08:31:45 - [TEST_STEP][PASSED] - totalplay.Common.verifyPropertyExist(SetPayment_instruments, product_items_0_c_shopId): totalplay.Common.verifyPropertyExist is PASSED

04-09-2024T08:31:45 - [MESSAGE][INFO] - Checking response object

04-09-2024T08:31:45 - [MESSAGE][PASSED] - totalplay.Common.verifyPropertyExist is PASSED

04-09-2024T08:31:45 - [TEST_STEP][PASSED] - totalplay.Common.verifyPropertyValueExist(SetPayment_instruments, product_items_0_c_shopId): totalplay.Common.verifyPropertyValueExist is PASSED

04-09-2024T08:31:45 - [MESSAGE][INFO] - Checking response object

04-09-2024T08:31:45 - [MESSAGE][INFO] - 4158

04-09-2024T08:31:45 - [MESSAGE][PASSED] - totalplay.Common.verifyPropertyValueExist is PASSED

04-09-2024T08:31:45 - [TEST_STEP][PASSED] - totalplay.Common.verifyPropertyExist(SetPayment_instruments, product_items_0_c_shopName): totalplay.Common.verifyPropertyExist is PASSED

04-09-2024T08:31:45 - [MESSAGE][INFO] - Checking response object

04-09-2024T08:31:45 - [MESSAGE][PASSED] - totalplay.Common.verifyPropertyExist is PASSED

04-09-2024T08:31:45 - [TEST_STEP][PASSED] - totalplay.Common.verifyPropertyValueExist(SetPayment_instruments, product_items_0_c_shopName): totalplay.Common.verifyPropertyValueExist is PASSED

04-09-2024T08:31:45 - [MESSAGE][INFO] - Checking response object

04-09-2024T08:31:45 - [MESSAGE][INFO] - La Casa De Toño Polanco

04-09-2024T08:31:45 - [MESSAGE][PASSED] - totalplay.Common.verifyPropertyValueExist is PASSED

04-09-2024T08:31:45 - [TEST_STEP][PASSED] - totalplay.Common.getDecimalValueofObject(SetPayment_instruments, product_items_0_c_total_crossed_price): totalplay.Common.getDecimalValueofObject is PASSED

04-09-2024T08:31:45 - [MESSAGE][INFO] - Checking response object

04-09-2024T08:31:45 - [MESSAGE][PASSED] - totalplay.Common.getDecimalValueofObject is PASSED

04-09-2024T08:31:45 - [TEST_STEP][PASSED] - totalplay.Common.getDecimalValueofObject(SetPayment_instruments, product_items_0_c_priceWithComplement): totalplay.Common.getDecimalValueofObject is PASSED

04-09-2024T08:31:45 - [MESSAGE][INFO] - Checking response object

04-09-2024T08:31:45 - [MESSAGE][PASSED] - totalplay.Common.getDecimalValueofObject is PASSED

04-09-2024T08:31:45 - [TEST_STEP][PASSED] - totalplay.Common.getDecimalValueofObject(SetPayment_instruments, product_sub_total): totalplay.Common.getDecimalValueofObject is PASSED

04-09-2024T08:31:45 - [MESSAGE][INFO] - Checking response object

04-09-2024T08:31:45 - [MESSAGE][PASSED] - totalplay.Common.getDecimalValueofObject is PASSED

04-09-2024T08:31:45 - [TEST_STEP][PASSED] - totalplay.Common.getDecimalValueofObject(SetPayment_instruments, product_total): totalplay.Common.getDecimalValueofObject is PASSED

04-09-2024T08:31:45 - [MESSAGE][INFO] - Checking response object

04-09-2024T08:31:45 - [MESSAGE][PASSED] - totalplay.Common.getDecimalValueofObject is PASSED

04-09-2024T08:31:45 - [TEST_STEP][PASSED] - totalplay.Common.verifyPropertyExist(SetPayment_instruments, shipments_0__type): totalplay.Common.verifyPropertyExist is PASSED

04-09-2024T08:31:45 - [MESSAGE][INFO] - Checking response object

04-09-2024T08:31:45 - [MESSAGE][PASSED] - totalplay.Common.verifyPropertyExist is PASSED

04-09-2024T08:31:45 - [TEST_STEP][PASSED] - totalplay.Common.verifyPropertyValueExist(SetPayment_instruments, shipments_0__type): totalplay.Common.verifyPropertyValueExist is PASSED

04-09-2024T08:31:46 - [MESSAGE][INFO] - Checking response object

04-09-2024T08:31:46 - [MESSAGE][INFO] - shipment

04-09-2024T08:31:46 - [MESSAGE][PASSED] - totalplay.Common.verifyPropertyValueExist is PASSED

04-09-2024T08:31:46 - [TEST_STEP][PASSED] - totalplay.Common.getDecimalValueofObject(SetPayment_instruments, shipments_0_adjusted_merchandize_total_tax): totalplay.Common.getDecimalValueofObject is PASSED

04-09-2024T08:31:46 - [MESSAGE][INFO] - Checking response object

04-09-2024T08:31:46 - [MESSAGE][PASSED] - totalplay.Common.getDecimalValueofObject is PASSED

04-09-2024T08:31:46 - [TEST_STEP][PASSED] - totalplay.Common.getDecimalValueofObject(SetPayment_instruments, shipments_0_adjusted_shipping_total_tax): totalplay.Common.getDecimalValueofObject is PASSED

04-09-2024T08:31:46 - [MESSAGE][INFO] - Checking response object

04-09-2024T08:31:46 - [MESSAGE][PASSED] - totalplay.Common.getDecimalValueofObject is PASSED

04-09-2024T08:31:46 - [TEST_STEP][PASSED] - totalplay.Common.getBooleanValueofObject(SetPayment_instruments, shipments_0_gift): totalplay.Common.getBooleanValueofObject is PASSED

04-09-2024T08:31:46 - [MESSAGE][INFO] - Checking response object

04-09-2024T08:31:46 - [MESSAGE][PASSED] - totalplay.Common.getBooleanValueofObject is PASSED

04-09-2024T08:31:46 - [TEST_STEP][PASSED] - totalplay.Common.getDecimalValueofObject(SetPayment_instruments, shipments_0_merchandize_total_tax): totalplay.Common.getDecimalValueofObject is PASSED

04-09-2024T08:31:46 - [MESSAGE][INFO] - Checking response object

04-09-2024T08:31:46 - [MESSAGE][PASSED] - totalplay.Common.getDecimalValueofObject is PASSED

04-09-2024T08:31:46 - [TEST_STEP][PASSED] - totalplay.Common.getDecimalValueofObject(SetPayment_instruments, shipments_0_product_sub_total): totalplay.Common.getDecimalValueofObject is PASSED

04-09-2024T08:31:46 - [MESSAGE][INFO] - Checking response object

04-09-2024T08:31:46 - [MESSAGE][PASSED] - totalplay.Common.getDecimalValueofObject is PASSED

04-09-2024T08:31:46 - [TEST_STEP][PASSED] - totalplay.Common.getDecimalValueofObject(SetPayment_instruments, shipments_0_product_total): totalplay.Common.getDecimalValueofObject is PASSED

04-09-2024T08:31:46 - [MESSAGE][INFO] - Checking response object

04-09-2024T08:31:46 - [MESSAGE][PASSED] - totalplay.Common.getDecimalValueofObject is PASSED

04-09-2024T08:31:46 - [TEST_STEP][PASSED] - totalplay.Common.verifyPropertyExist(SetPayment_instruments, shipments_0_shipment_id): totalplay.Common.verifyPropertyExist is PASSED

04-09-2024T08:31:46 - [MESSAGE][INFO] - Checking response object

04-09-2024T08:31:46 - [MESSAGE][PASSED] - totalplay.Common.verifyPropertyExist is PASSED

04-09-2024T08:31:46 - [TEST_STEP][PASSED] - totalplay.Common.verifyPropertyValueExist(SetPayment_instruments, shipments_0_shipment_id): totalplay.Common.verifyPropertyValueExist is PASSED

04-09-2024T08:31:46 - [MESSAGE][INFO] - Checking response object

04-09-2024T08:31:46 - [MESSAGE][INFO] - me

04-09-2024T08:31:46 - [MESSAGE][PASSED] - totalplay.Common.verifyPropertyValueExist is PASSED

04-09-2024T08:31:46 - [TEST_STEP][PASSED] - totalplay.Common.getDecimalValueofObject(SetPayment_instruments, shipments_0_shipment_total): totalplay.Common.getDecimalValueofObject is PASSED

04-09-2024T08:31:46 - [MESSAGE][INFO] - Checking response object

04-09-2024T08:31:46 - [MESSAGE][PASSED] - totalplay.Common.getDecimalValueofObject is PASSED

04-09-2024T08:31:46 - [TEST_STEP][PASSED] - totalplay.Common.verifyPropertyExist(SetPayment_instruments, shipments_0_shipping_address__type): totalplay.Common.verifyPropertyExist is PASSED

04-09-2024T08:31:46 - [MESSAGE][INFO] - Checking response object

04-09-2024T08:31:46 - [MESSAGE][PASSED] - totalplay.Common.verifyPropertyExist is PASSED

04-09-2024T08:31:46 - [TEST_STEP][PASSED] - totalplay.Common.verifyPropertyValueExist(SetPayment_instruments, shipments_0_shipping_address__type): totalplay.Common.verifyPropertyValueExist is PASSED

04-09-2024T08:31:46 - [MESSAGE][INFO] - Checking response object

04-09-2024T08:31:46 - [MESSAGE][INFO] - order_address

04-09-2024T08:31:46 - [MESSAGE][PASSED] - totalplay.Common.verifyPropertyValueExist is PASSED

04-09-2024T08:31:46 - [TEST_STEP][PASSED] - totalplay.Common.verifyPropertyExist(SetPayment_instruments, shipments_0_shipping_address_address1): totalplay.Common.verifyPropertyExist is PASSED

04-09-2024T08:31:46 - [MESSAGE][INFO] - Checking response object

04-09-2024T08:31:46 - [MESSAGE][PASSED] - totalplay.Common.verifyPropertyExist is PASSED

04-09-2024T08:31:46 - [TEST_STEP][PASSED] - totalplay.Common.verifyPropertyValueExist(SetPayment_instruments, shipments_0_shipping_address_address1): totalplay.Common.verifyPropertyValueExist is PASSED

04-09-2024T08:31:46 - [MESSAGE][INFO] - Checking response object

04-09-2024T08:31:46 - [MESSAGE][INFO] - Alejandro Dumas

04-09-2024T08:31:46 - [MESSAGE][PASSED] - totalplay.Common.verifyPropertyValueExist is PASSED

04-09-2024T08:31:46 - [TEST_STEP][PASSED] - totalplay.Common.verifyPropertyExist(SetPayment_instruments, shipments_0_shipping_address_city): totalplay.Common.verifyPropertyExist is PASSED

04-09-2024T08:31:46 - [MESSAGE][INFO] - Checking response object

04-09-2024T08:31:46 - [MESSAGE][PASSED] - totalplay.Common.verifyPropertyExist is PASSED

04-09-2024T08:31:46 - [TEST_STEP][PASSED] - totalplay.Common.verifyPropertyValueExist(SetPayment_instruments, shipments_0_shipping_address_city): totalplay.Common.verifyPropertyValueExist is PASSED

04-09-2024T08:31:46 - [MESSAGE][INFO] - Checking response object

04-09-2024T08:31:46 - [MESSAGE][INFO] - Ciudad de Mexico

04-09-2024T08:31:46 - [MESSAGE][PASSED] - totalplay.Common.verifyPropertyValueExist is PASSED

04-09-2024T08:31:46 - [TEST_STEP][PASSED] - totalplay.Common.verifyPropertyExist(SetPayment_instruments, shipments_0_shipping_address_country_code): totalplay.Common.verifyPropertyExist is PASSED

04-09-2024T08:31:46 - [MESSAGE][INFO] - Checking response object

04-09-2024T08:31:46 - [MESSAGE][PASSED] - totalplay.Common.verifyPropertyExist is PASSED

04-09-2024T08:31:46 - [TEST_STEP][PASSED] - totalplay.Common.verifyPropertyValueExist(SetPayment_instruments, shipments_0_shipping_address_country_code): totalplay.Common.verifyPropertyValueExist is PASSED

04-09-2024T08:31:46 - [MESSAGE][INFO] - Checking response object

04-09-2024T08:31:46 - [MESSAGE][INFO] - MX

04-09-2024T08:31:46 - [MESSAGE][PASSED] - totalplay.Common.verifyPropertyValueExist is PASSED

04-09-2024T08:31:46 - [TEST_STEP][PASSED] - totalplay.Common.verifyPropertyExist(SetPayment_instruments, shipments_0_shipping_address_first_name): totalplay.Common.verifyPropertyExist is PASSED

04-09-2024T08:31:46 - [MESSAGE][INFO] - Checking response object

04-09-2024T08:31:46 - [MESSAGE][PASSED] - totalplay.Common.verifyPropertyExist is PASSED

04-09-2024T08:31:46 - [TEST_STEP][PASSED] - totalplay.Common.verifyPropertyValueExist(SetPayment_instruments, shipments_0_shipping_address_first_name): totalplay.Common.verifyPropertyValueExist is PASSED

04-09-2024T08:31:46 - [MESSAGE][INFO] - Checking response object

04-09-2024T08:31:46 - [MESSAGE][INFO] - CESAR

04-09-2024T08:31:46 - [MESSAGE][PASSED] - totalplay.Common.verifyPropertyValueExist is PASSED

04-09-2024T08:31:46 - [TEST_STEP][PASSED] - totalplay.Common.verifyPropertyExist(SetPayment_instruments, shipments_0_shipping_address_full_name): totalplay.Common.verifyPropertyExist is PASSED

04-09-2024T08:31:46 - [MESSAGE][INFO] - Checking response object

04-09-2024T08:31:46 - [MESSAGE][PASSED] - totalplay.Common.verifyPropertyExist is PASSED

04-09-2024T08:31:46 - [TEST_STEP][PASSED] - totalplay.Common.verifyPropertyValueExist(SetPayment_instruments, shipments_0_shipping_address_full_name): totalplay.Common.verifyPropertyValueExist is PASSED

04-09-2024T08:31:46 - [MESSAGE][INFO] - Checking response object

04-09-2024T08:31:46 - [MESSAGE][INFO] - CESAR GERARDO WALDO GONZALEZ

04-09-2024T08:31:46 - [MESSAGE][PASSED] - totalplay.Common.verifyPropertyValueExist is PASSED

04-09-2024T08:31:46 - [TEST_STEP][PASSED] - totalplay.Common.verifyPropertyExist(SetPayment_instruments, shipments_0_shipping_address_id): totalplay.Common.verifyPropertyExist is PASSED

04-09-2024T08:31:46 - [MESSAGE][INFO] - Checking response object

04-09-2024T08:31:46 - [MESSAGE][PASSED] - totalplay.Common.verifyPropertyExist is PASSED

04-09-2024T08:31:46 - [TEST_STEP][PASSED] - totalplay.Common.verifyPropertyValueExist(SetPayment_instruments, shipments_0_shipping_address_id): totalplay.Common.verifyPropertyValueExist is PASSED

04-09-2024T08:31:46 - [MESSAGE][INFO] - Checking response object

04-09-2024T08:31:46 - [MESSAGE][INFO] - 2da9d08973531d842fe4ab9c4b

04-09-2024T08:31:46 - [MESSAGE][PASSED] - totalplay.Common.verifyPropertyValueExist is PASSED

04-09-2024T08:31:46 - [TEST_STEP][PASSED] - totalplay.Common.verifyPropertyExist(SetPayment_instruments, shipments_0_shipping_address_last_name): totalplay.Common.verifyPropertyExist is PASSED

04-09-2024T08:31:46 - [MESSAGE][INFO] - Checking response object

04-09-2024T08:31:46 - [MESSAGE][PASSED] - totalplay.Common.verifyPropertyExist is PASSED

04-09-2024T08:31:46 - [TEST_STEP][PASSED] - totalplay.Common.verifyPropertyValueExist(SetPayment_instruments, shipments_0_shipping_address_last_name): totalplay.Common.verifyPropertyValueExist is PASSED

04-09-2024T08:31:46 - [MESSAGE][INFO] - Checking response object

04-09-2024T08:31:47 - [MESSAGE][INFO] - GERARDO WALDO GONZALEZ

04-09-2024T08:31:47 - [MESSAGE][PASSED] - totalplay.Common.verifyPropertyValueExist is PASSED

04-09-2024T08:31:47 - [TEST_STEP][PASSED] - totalplay.Common.verifyPropertyExist(SetPayment_instruments, shipments_0_shipping_address_phone): totalplay.Common.verifyPropertyExist is PASSED

04-09-2024T08:31:47 - [MESSAGE][INFO] - Checking response object

04-09-2024T08:31:47 - [MESSAGE][PASSED] - totalplay.Common.verifyPropertyExist is PASSED

04-09-2024T08:31:47 - [TEST_STEP][PASSED] - totalplay.Common.verifyPropertyValueExist(SetPayment_instruments, shipments_0_shipping_address_phone): totalplay.Common.verifyPropertyValueExist is PASSED

04-09-2024T08:31:47 - [MESSAGE][INFO] - Checking response object

04-09-2024T08:31:47 - [MESSAGE][INFO] - 5579660270

04-09-2024T08:31:47 - [MESSAGE][PASSED] - totalplay.Common.verifyPropertyValueExist is PASSED

04-09-2024T08:31:47 - [TEST_STEP][PASSED] - totalplay.Common.verifyPropertyExist(SetPayment_instruments, shipments_0_shipping_address_postal_code): totalplay.Common.verifyPropertyExist is PASSED

04-09-2024T08:31:47 - [MESSAGE][INFO] - Checking response object

04-09-2024T08:31:47 - [MESSAGE][PASSED] - totalplay.Common.verifyPropertyExist is PASSED

04-09-2024T08:31:47 - [TEST_STEP][PASSED] - totalplay.Common.verifyPropertyValueExist(SetPayment_instruments, shipments_0_shipping_address_postal_code): totalplay.Common.verifyPropertyValueExist is PASSED

04-09-2024T08:31:47 - [MESSAGE][INFO] - Checking response object

04-09-2024T08:31:47 - [MESSAGE][INFO] - 11500

04-09-2024T08:31:47 - [MESSAGE][PASSED] - totalplay.Common.verifyPropertyValueExist is PASSED

04-09-2024T08:31:47 - [TEST_STEP][PASSED] - totalplay.Common.verifyPropertyExist(SetPayment_instruments, shipments_0_shipping_address_c_alias): totalplay.Common.verifyPropertyExist is PASSED

04-09-2024T08:31:47 - [MESSAGE][INFO] - Checking response object

04-09-2024T08:31:47 - [MESSAGE][PASSED] - totalplay.Common.verifyPropertyExist is PASSED

04-09-2024T08:31:47 - [TEST_STEP][PASSED] - totalplay.Common.verifyPropertyValueExist(SetPayment_instruments, shipments_0_shipping_address_c_alias): totalplay.Common.verifyPropertyValueExist is PASSED

04-09-2024T08:31:47 - [MESSAGE][INFO] - Checking response object

04-09-2024T08:31:47 - [MESSAGE][INFO] - CasaWaldoP

04-09-2024T08:31:47 - [MESSAGE][PASSED] - totalplay.Common.verifyPropertyValueExist is PASSED

04-09-2024T08:31:47 - [TEST_STEP][PASSED] - totalplay.Common.verifyPropertyExist(SetPayment_instruments, shipments_0_shipping_address_c_delegation): totalplay.Common.verifyPropertyExist is PASSED

04-09-2024T08:31:47 - [MESSAGE][INFO] - Checking response object

04-09-2024T08:31:47 - [MESSAGE][PASSED] - totalplay.Common.verifyPropertyExist is PASSED

04-09-2024T08:31:47 - [TEST_STEP][PASSED] - totalplay.Common.verifyPropertyValueExist(SetPayment_instruments, shipments_0_shipping_address_c_delegation): totalplay.Common.verifyPropertyValueExist is PASSED

04-09-2024T08:31:47 - [MESSAGE][INFO] - Checking response object

04-09-2024T08:31:47 - [MESSAGE][INFO] - Miguel Hidalgo

04-09-2024T08:31:47 - [MESSAGE][PASSED] - totalplay.Common.verifyPropertyValueExist is PASSED

04-09-2024T08:31:47 - [TEST_STEP][PASSED] - totalplay.Common.verifyPropertyExist(SetPayment_instruments, shipments_0_shipping_address_c_label): totalplay.Common.verifyPropertyExist is PASSED

04-09-2024T08:31:47 - [MESSAGE][INFO] - Checking response object

04-09-2024T08:31:47 - [MESSAGE][PASSED] - totalplay.Common.verifyPropertyExist is PASSED

04-09-2024T08:31:47 - [TEST_STEP][PASSED] - totalplay.Common.verifyPropertyValueExist(SetPayment_instruments, shipments_0_shipping_address_c_label): totalplay.Common.verifyPropertyValueExist is PASSED

04-09-2024T08:31:47 - [MESSAGE][INFO] - Checking response object

04-09-2024T08:31:47 - [MESSAGE][INFO] - {"home":true,"company":false,"other":false}

04-09-2024T08:31:47 - [MESSAGE][PASSED] - totalplay.Common.verifyPropertyValueExist is PASSED

04-09-2024T08:31:47 - [TEST_STEP][PASSED] - totalplay.Common.verifyPropertyExist(SetPayment_instruments, shipments_0_shipping_address_c_latitude): totalplay.Common.verifyPropertyExist is PASSED

04-09-2024T08:31:47 - [MESSAGE][INFO] - Checking response object

04-09-2024T08:31:47 - [MESSAGE][PASSED] - totalplay.Common.verifyPropertyExist is PASSED

04-09-2024T08:31:47 - [TEST_STEP][PASSED] - totalplay.Common.verifyPropertyValueExist(SetPayment_instruments, shipments_0_shipping_address_c_latitude): totalplay.Common.verifyPropertyValueExist is PASSED

04-09-2024T08:31:47 - [MESSAGE][INFO] - Checking response object

04-09-2024T08:31:47 - [MESSAGE][INFO] - 19.439691

04-09-2024T08:31:47 - [MESSAGE][PASSED] - totalplay.Common.verifyPropertyValueExist is PASSED

04-09-2024T08:31:47 - [TEST_STEP][PASSED] - totalplay.Common.verifyPropertyExist(SetPayment_instruments, shipments_0_shipping_address_c_longitude): totalplay.Common.verifyPropertyExist is PASSED

04-09-2024T08:31:47 - [MESSAGE][INFO] - Checking response object

04-09-2024T08:31:47 - [MESSAGE][PASSED] - totalplay.Common.verifyPropertyExist is PASSED

04-09-2024T08:31:47 - [TEST_STEP][PASSED] - totalplay.Common.verifyPropertyValueExist(SetPayment_instruments, shipments_0_shipping_address_c_longitude): totalplay.Common.verifyPropertyValueExist is PASSED

04-09-2024T08:31:47 - [MESSAGE][INFO] - Checking response object

04-09-2024T08:31:47 - [MESSAGE][INFO] - -99.205670

04-09-2024T08:31:47 - [MESSAGE][PASSED] - totalplay.Common.verifyPropertyValueExist is PASSED

04-09-2024T08:31:47 - [TEST_STEP][PASSED] - totalplay.Common.verifyPropertyExist(SetPayment_instruments, shipments_0_shipping_address_c_nExt): totalplay.Common.verifyPropertyExist is PASSED

04-09-2024T08:31:47 - [MESSAGE][INFO] - Checking response object

04-09-2024T08:31:47 - [MESSAGE][PASSED] - totalplay.Common.verifyPropertyExist is PASSED

04-09-2024T08:31:47 - [TEST_STEP][PASSED] - totalplay.Common.verifyPropertyValueExist(SetPayment_instruments, shipments_0_shipping_address_c_nExt): totalplay.Common.verifyPropertyValueExist is PASSED

04-09-2024T08:31:47 - [MESSAGE][INFO] - Checking response object

04-09-2024T08:31:47 - [MESSAGE][INFO] - 107

04-09-2024T08:31:47 - [MESSAGE][PASSED] - totalplay.Common.verifyPropertyValueExist is PASSED

04-09-2024T08:31:47 - [TEST_STEP][PASSED] - totalplay.Common.verifyPropertyExist(SetPayment_instruments, shipments_0_shipping_address_c_neighborhood): totalplay.Common.verifyPropertyExist is PASSED

04-09-2024T08:31:47 - [MESSAGE][INFO] - Checking response object

04-09-2024T08:31:47 - [MESSAGE][PASSED] - totalplay.Common.verifyPropertyExist is PASSED

04-09-2024T08:31:47 - [TEST_STEP][PASSED] - totalplay.Common.verifyPropertyValueExist(SetPayment_instruments, shipments_0_shipping_address_c_neighborhood): totalplay.Common.verifyPropertyValueExist is PASSED

04-09-2024T08:31:47 - [MESSAGE][INFO] - Checking response object

04-09-2024T08:31:47 - [MESSAGE][INFO] - Polanco

04-09-2024T08:31:47 - [MESSAGE][PASSED] - totalplay.Common.verifyPropertyValueExist is PASSED

04-09-2024T08:31:47 - [TEST_STEP][PASSED] - totalplay.Common.verifyPropertyExist(SetPayment_instruments, shipments_0_shipping_address_c_references): totalplay.Common.verifyPropertyExist is PASSED

04-09-2024T08:31:47 - [MESSAGE][INFO] - Checking response object

04-09-2024T08:31:47 - [MESSAGE][PASSED] - totalplay.Common.verifyPropertyExist is PASSED

04-09-2024T08:31:47 - [TEST_STEP][PASSED] - totalplay.Common.verifyPropertyValueExist(SetPayment_instruments, shipments_0_shipping_address_c_references): totalplay.Common.verifyPropertyValueExist is PASSED

04-09-2024T08:31:47 - [MESSAGE][INFO] - Checking response object

04-09-2024T08:31:47 - [MESSAGE][INFO] - Llamar al llegar

04-09-2024T08:31:47 - [MESSAGE][PASSED] - totalplay.Common.verifyPropertyValueExist is PASSED

04-09-2024T08:31:47 - [TEST_STEP][PASSED] - totalplay.Common.verifyPropertyExist(SetPayment_instruments, shipments_0_shipping_address_c_rfc): totalplay.Common.verifyPropertyExist is PASSED

04-09-2024T08:31:47 - [MESSAGE][INFO] - Checking response object

04-09-2024T08:31:47 - [MESSAGE][PASSED] - totalplay.Common.verifyPropertyExist is PASSED

04-09-2024T08:31:47 - [TEST_STEP][PASSED] - totalplay.Common.verifyPropertyValueExist(SetPayment_instruments, shipments_0_shipping_address_c_rfc): totalplay.Common.verifyPropertyValueExist is PASSED

04-09-2024T08:31:47 - [MESSAGE][INFO] - Checking response object

04-09-2024T08:31:47 - [MESSAGE][INFO] - XAXA010101111

04-09-2024T08:31:47 - [MESSAGE][PASSED] - totalplay.Common.verifyPropertyValueExist is PASSED

04-09-2024T08:31:47 - [TEST_STEP][PASSED] - totalplay.Common.verifyPropertyExist(SetPayment_instruments, shipments_0_shipping_address_c_state): totalplay.Common.verifyPropertyExist is PASSED

04-09-2024T08:31:47 - [MESSAGE][INFO] - Checking response object

04-09-2024T08:31:47 - [MESSAGE][PASSED] - totalplay.Common.verifyPropertyExist is PASSED

04-09-2024T08:31:47 - [TEST_STEP][PASSED] - totalplay.Common.verifyPropertyValueExist(SetPayment_instruments, shipments_0_shipping_address_c_state): totalplay.Common.verifyPropertyValueExist is PASSED

04-09-2024T08:31:47 - [MESSAGE][INFO] - Checking response object

04-09-2024T08:31:47 - [MESSAGE][INFO] - CDMX

04-09-2024T08:31:47 - [MESSAGE][PASSED] - totalplay.Common.verifyPropertyValueExist is PASSED

04-09-2024T08:31:47 - [TEST_STEP][PASSED] - totalplay.Common.verifyPropertyExist(SetPayment_instruments, shipments_0_shipping_address_c_streetName): totalplay.Common.verifyPropertyExist is PASSED

04-09-2024T08:31:47 - [MESSAGE][INFO] - Checking response object

04-09-2024T08:31:47 - [MESSAGE][PASSED] - totalplay.Common.verifyPropertyExist is PASSED

04-09-2024T08:31:47 - [TEST_STEP][PASSED] - totalplay.Common.verifyPropertyValueExist(SetPayment_instruments, shipments_0_shipping_address_c_streetName): totalplay.Common.verifyPropertyValueExist is PASSED

04-09-2024T08:31:47 - [MESSAGE][INFO] - Checking response object

04-09-2024T08:31:48 - [MESSAGE][INFO] - Alejandro Dumas

04-09-2024T08:31:48 - [MESSAGE][PASSED] - totalplay.Common.verifyPropertyValueExist is PASSED

04-09-2024T08:31:48 - [TEST_STEP][PASSED] - totalplay.Common.verifyPropertyExist(SetPayment_instruments, shipments_0_shipping_method__type): totalplay.Common.verifyPropertyExist is PASSED

04-09-2024T08:31:48 - [MESSAGE][INFO] - Checking response object

04-09-2024T08:31:48 - [MESSAGE][PASSED] - totalplay.Common.verifyPropertyExist is PASSED

04-09-2024T08:31:48 - [TEST_STEP][PASSED] - totalplay.Common.verifyPropertyValueExist(SetPayment_instruments, shipments_0_shipping_method__type): totalplay.Common.verifyPropertyValueExist is PASSED

04-09-2024T08:31:48 - [MESSAGE][INFO] - Checking response object

04-09-2024T08:31:48 - [MESSAGE][INFO] - shipping_method

04-09-2024T08:31:48 - [MESSAGE][PASSED] - totalplay.Common.verifyPropertyValueExist is PASSED

04-09-2024T08:31:48 - [TEST_STEP][PASSED] - totalplay.Common.verifyPropertyExist(SetPayment_instruments, shipments_0_shipping_method_description): totalplay.Common.verifyPropertyExist is PASSED

04-09-2024T08:31:48 - [MESSAGE][INFO] - Checking response object

04-09-2024T08:31:48 - [MESSAGE][PASSED] - totalplay.Common.verifyPropertyExist is PASSED

04-09-2024T08:31:48 - [TEST_STEP][PASSED] - totalplay.Common.verifyPropertyValueExist(SetPayment_instruments, shipments_0_shipping_method_description): totalplay.Common.verifyPropertyValueExist is PASSED

04-09-2024T08:31:48 - [MESSAGE][INFO] - Checking response object

04-09-2024T08:31:48 - [MESSAGE][INFO] - pickup

04-09-2024T08:31:48 - [MESSAGE][PASSED] - totalplay.Common.verifyPropertyValueExist is PASSED

04-09-2024T08:31:48 - [TEST_STEP][PASSED] - totalplay.Common.verifyPropertyExist(SetPayment_instruments, shipments_0_shipping_method_name): totalplay.Common.verifyPropertyExist is PASSED

04-09-2024T08:31:48 - [MESSAGE][INFO] - Checking response object

04-09-2024T08:31:48 - [MESSAGE][PASSED] - totalplay.Common.verifyPropertyExist is PASSED

04-09-2024T08:31:48 - [TEST_STEP][PASSED] - totalplay.Common.verifyPropertyValueExist(SetPayment_instruments, shipments_0_shipping_method_name): totalplay.Common.verifyPropertyValueExist is PASSED

04-09-2024T08:31:48 - [MESSAGE][INFO] - Checking response object

04-09-2024T08:31:48 - [MESSAGE][INFO] - pickup

04-09-2024T08:31:48 - [MESSAGE][PASSED] - totalplay.Common.verifyPropertyValueExist is PASSED

04-09-2024T08:31:48 - [TEST_STEP][PASSED] - totalplay.Common.verifyPropertyExist(SetPayment_instruments, shipments_0_shipping_method_c_estimatedArrivalTime): totalplay.Common.verifyPropertyExist is PASSED

04-09-2024T08:31:48 - [MESSAGE][INFO] - Checking response object

04-09-2024T08:31:48 - [MESSAGE][PASSED] - totalplay.Common.verifyPropertyExist is PASSED

04-09-2024T08:31:48 - [TEST_STEP][PASSED] - totalplay.Common.verifyPropertyValueExist(SetPayment_instruments, shipments_0_shipping_method_c_estimatedArrivalTime): totalplay.Common.verifyPropertyValueExist is PASSED

04-09-2024T08:31:48 - [MESSAGE][INFO] - Checking response object

04-09-2024T08:31:48 - [MESSAGE][INFO] - 60 Mins

04-09-2024T08:31:48 - [MESSAGE][PASSED] - totalplay.Common.verifyPropertyValueExist is PASSED

04-09-2024T08:31:48 - [TEST_STEP][PASSED] - totalplay.Common.getBooleanValueofObject(SetPayment_instruments, shipments_0_shipping_method_c_storePickupEnabled): totalplay.Common.getBooleanValueofObject is PASSED

04-09-2024T08:31:48 - [MESSAGE][INFO] - Checking response object

04-09-2024T08:31:48 - [MESSAGE][PASSED] - totalplay.Common.getBooleanValueofObject is PASSED

04-09-2024T08:31:48 - [TEST_STEP][PASSED] - totalplay.Common.verifyPropertyExist(SetPayment_instruments, shipments_0_shipping_status): totalplay.Common.verifyPropertyExist is PASSED

04-09-2024T08:31:48 - [MESSAGE][INFO] - Checking response object

04-09-2024T08:31:48 - [MESSAGE][PASSED] - totalplay.Common.verifyPropertyExist is PASSED

04-09-2024T08:31:48 - [TEST_STEP][PASSED] - totalplay.Common.verifyPropertyValueExist(SetPayment_instruments, shipments_0_shipping_status): totalplay.Common.verifyPropertyValueExist is PASSED

04-09-2024T08:31:48 - [MESSAGE][INFO] - Checking response object

04-09-2024T08:31:48 - [MESSAGE][INFO] - not_shipped

04-09-2024T08:31:48 - [MESSAGE][PASSED] - totalplay.Common.verifyPropertyValueExist is PASSED

04-09-2024T08:31:48 - [TEST_STEP][PASSED] - totalplay.Common.getDecimalValueofObject(SetPayment_instruments, shipments_0_shipping_total): totalplay.Common.getDecimalValueofObject is PASSED

04-09-2024T08:31:48 - [MESSAGE][INFO] - Checking response object

04-09-2024T08:31:48 - [MESSAGE][PASSED] - totalplay.Common.getDecimalValueofObject is PASSED

04-09-2024T08:31:48 - [TEST_STEP][PASSED] - totalplay.Common.getDecimalValueofObject(SetPayment_instruments, shipments_0_shipping_total_tax): totalplay.Common.getDecimalValueofObject is PASSED

04-09-2024T08:31:48 - [MESSAGE][INFO] - Checking response object

04-09-2024T08:31:48 - [MESSAGE][PASSED] - totalplay.Common.getDecimalValueofObject is PASSED

04-09-2024T08:31:48 - [TEST_STEP][PASSED] - totalplay.Common.verifyPropertyExist(SetPayment_instruments, c_seller_id): totalplay.Common.verifyPropertyExist is PASSED

04-09-2024T08:31:48 - [MESSAGE][INFO] - Checking response object

04-09-2024T08:31:48 - [MESSAGE][PASSED] - totalplay.Common.verifyPropertyExist is PASSED

04-09-2024T08:31:48 - [TEST_STEP][PASSED] - totalplay.Common.verifyPropertyValueExist(SetPayment_instruments, c_seller_id): totalplay.Common.verifyPropertyValueExist is PASSED

04-09-2024T08:31:48 - [MESSAGE][INFO] - Checking response object

04-09-2024T08:31:48 - [MESSAGE][INFO] - 4158

04-09-2024T08:31:48 - [MESSAGE][PASSED] - totalplay.Common.verifyPropertyValueExist is PASSED

04-09-2024T08:31:48 - [TEST_STEP][PASSED] - totalplay.Common.getDecimalValueofObject(SetPayment_instruments, c_serviceChargeTotalGrossPrice): totalplay.Common.getDecimalValueofObject is PASSED

04-09-2024T08:31:48 - [MESSAGE][INFO] - Checking response object

04-09-2024T08:31:48 - [MESSAGE][PASSED] - totalplay.Common.getDecimalValueofObject is PASSED

04-09-2024T08:31:48 - [TEST_STEP][PASSED] - totalplay.Common.verifyPropertyExist(SetPayment_instruments, c_formatedOrderTotal): totalplay.Common.verifyPropertyExist is PASSED

04-09-2024T08:31:48 - [MESSAGE][INFO] - Checking response object

04-09-2024T08:31:48 - [MESSAGE][PASSED] - totalplay.Common.verifyPropertyExist is PASSED

04-09-2024T08:31:48 - [TEST_STEP][PASSED] - totalplay.Common.verifyPropertyValueExist(SetPayment_instruments, c_formatedOrderTotal): totalplay.Common.verifyPropertyValueExist is PASSED

04-09-2024T08:31:48 - [MESSAGE][INFO] - Checking response object

04-09-2024T08:31:48 - [MESSAGE][INFO] - $245.36

04-09-2024T08:31:48 - [MESSAGE][PASSED] - totalplay.Common.verifyPropertyValueExist is PASSED

04-09-2024T08:31:48 - [TEST_STEP][PASSED] - totalplay.Common.verifyPropertyExist(SetPayment_instruments, c_formatedProductTotal): totalplay.Common.verifyPropertyExist is PASSED

04-09-2024T08:31:48 - [MESSAGE][INFO] - Checking response object

04-09-2024T08:31:48 - [MESSAGE][PASSED] - totalplay.Common.verifyPropertyExist is PASSED

04-09-2024T08:31:48 - [TEST_STEP][PASSED] - totalplay.Common.verifyPropertyValueExist(SetPayment_instruments, c_formatedProductTotal): totalplay.Common.verifyPropertyValueExist is PASSED

04-09-2024T08:31:48 - [MESSAGE][INFO] - Checking response object

04-09-2024T08:31:49 - [MESSAGE][INFO] - $192.00

04-09-2024T08:31:49 - [MESSAGE][PASSED] - totalplay.Common.verifyPropertyValueExist is PASSED]]></system-out>
         <system-err><![CDATA[]]></system-err>
      </testcase>
      <testcase name="Test Cases/TotalPlay-Food/TC_21_Pre- Auth Payments" time="14.525" classname="Test Cases/TotalPlay-Food/TC_21_Pre- Auth Payments" status="PASSED">
         <system-out><![CDATA[04-09-2024T08:31:49 - [TEST_CASE][PASSED] - Test Cases/TotalPlay-Food/TC_21_Pre- Auth Payments: Test Cases/TotalPlay-Food/TC_21_Pre- Auth Payments

04-09-2024T08:31:49 - [TEST_STEP][PASSED] - callTestCase(findTestCase("TotalPlay-Food/TC_1_Login_Service"), [:], STOP_ON_FAILURE): Call Test Case 'Test Cases/TotalPlay-Food/TC_1_Login_Service' successfully

04-09-2024T08:31:49 - [MESSAGE][INFO] - Checking called Test Case

04-09-2024T08:31:49 - [MESSAGE][INFO] - Starting to call Test Case 'Test Cases/TotalPlay-Food/TC_1_Login_Service'

04-09-2024T08:31:49 - [TEST_CASE][PASSED] - Test Cases/TotalPlay-Food/TC_1_Login_Service: Test Cases/TotalPlay-Food/TC_1_Login_Service

04-09-2024T08:31:49 - [TEST_STEP][PASSED] - LoginResponse = sendRequest(findTestObject("TotalPlay-Food/getTokenDelivery", ["URL":URL])): Send request successfully

04-09-2024T08:31:49 - [MESSAGE][INFO] - Finding Test Object 'Object Repository/TotalPlay-Food/getTokenDelivery'

04-09-2024T08:31:49 - [MESSAGE][INFO] - Checking request object

04-09-2024T08:31:52 - [MESSAGE][INFO] - HAR: C:\Users\ShubhamKumarThakur\OneDrive - Kognivera\Documents\TotalPlay\totalplay-automation\Reports\20240904_082912\Food_Service_Normal_Flow_PlaceOrder\20240904_082912\requests\main\29.har

04-09-2024T08:31:52 - [MESSAGE][PASSED] - Send request successfully

04-09-2024T08:31:52 - [TEST_STEP][PASSED] - assert getResponseStatusCode(LoginResponse) == 200: Checking response object

04-09-2024T08:31:52 - [MESSAGE][INFO] - Checking response object

04-09-2024T08:31:52 - [TEST_STEP][PASSED] - Auth = "ocapiResponse.access_token": null

04-09-2024T08:31:52 - [TEST_STEP][PASSED] - FoodBascketId = "ocapiResponse.c_basketId_TP_FOOD": null

04-09-2024T08:31:52 - [TEST_STEP][PASSED] - FoodBasId = getElementPropertyValue(LoginResponse, FoodBascketId): Checking response object

04-09-2024T08:31:52 - [MESSAGE][INFO] - Checking response object

04-09-2024T08:31:52 - [TEST_STEP][PASSED] - sfccAuthorization = getElementPropertyValue(LoginResponse, Auth): Checking response object

04-09-2024T08:31:52 - [MESSAGE][INFO] - Checking response object

04-09-2024T08:31:52 - [TEST_STEP][PASSED] - Authorization = "Bearer " + sfccAuthorization: null

04-09-2024T08:31:52 - [TEST_STEP][PASSED] - FoodBasketId = FoodBasId: null

04-09-2024T08:31:52 - [TEST_STEP][PASSED] - logInfo(bm_auth_token): 

04-09-2024T08:31:52 - [MESSAGE][INFO] - 

04-09-2024T08:31:52 - [TEST_STEP][PASSED] - if (sfccAuthorization.length() == 0): null

04-09-2024T08:31:52 - [TEST_STEP][PASSED] - else: authorization generated

04-09-2024T08:31:52 - [TEST_STEP][PASSED] - markPassed("authorization generated"): authorization generated

04-09-2024T08:31:52 - [MESSAGE][PASSED] - authorization generated

04-09-2024T08:31:52 - [TEST_STEP][PASSED] - BasketId_loginResponse = "ocapiResponse.c_basketId": null

04-09-2024T08:31:52 - [TEST_STEP][PASSED] - CustomerId_loginResponse = "ocapiResponse.customer_id": null

04-09-2024T08:31:52 - [TEST_STEP][PASSED] - basketId = getElementPropertyValue(LoginResponse, BasketId_loginResponse): Checking response object

04-09-2024T08:31:52 - [MESSAGE][INFO] - Checking response object

04-09-2024T08:31:52 - [TEST_STEP][PASSED] - customerId = getElementPropertyValue(LoginResponse, CustomerId_loginResponse): Checking response object

04-09-2024T08:31:52 - [MESSAGE][INFO] - Checking response object

04-09-2024T08:31:52 - [TEST_STEP][PASSED] - basketID = basketId: null

04-09-2024T08:31:52 - [TEST_STEP][PASSED] - sla_customerId = customerId: null

04-09-2024T08:31:52 - [TEST_STEP][PASSED] - println(basketID): null

04-09-2024T08:31:52 - [TEST_STEP][PASSED] - println(sla_customerId): null

04-09-2024T08:31:52 - [TEST_STEP][PASSED] - refresh_token = "ocapiResponse.refresh_token": null

04-09-2024T08:31:52 - [TEST_STEP][PASSED] - customer_email = "ocapiResponse.customer_email": null

04-09-2024T08:31:52 - [TEST_STEP][PASSED] - c_brmId = "ocapiResponse.c_brmId": null

04-09-2024T08:31:52 - [TEST_STEP][PASSED] - customer_name = "ocapiResponse.customer_name": null

04-09-2024T08:31:52 - [TEST_STEP][PASSED] - totalplay.Common.verifyPropertyExist(LoginResponse, refresh_token): totalplay.Common.verifyPropertyExist is PASSED

04-09-2024T08:31:52 - [MESSAGE][INFO] - Checking response object

04-09-2024T08:31:52 - [MESSAGE][PASSED] - totalplay.Common.verifyPropertyExist is PASSED

04-09-2024T08:31:52 - [TEST_STEP][PASSED] - totalplay.Common.verifyPropertyValueExist(LoginResponse, refresh_token): totalplay.Common.verifyPropertyValueExist is PASSED

04-09-2024T08:31:52 - [MESSAGE][INFO] - Checking response object

04-09-2024T08:31:52 - [MESSAGE][INFO] - eldsW_rEC3tQevIiBF_ONqT4vHbcNosOVjMZlMobriQ

04-09-2024T08:31:52 - [MESSAGE][PASSED] - totalplay.Common.verifyPropertyValueExist is PASSED

04-09-2024T08:31:52 - [TEST_STEP][PASSED] - totalplay.Common.verifyPropertyExist(LoginResponse, customer_email): totalplay.Common.verifyPropertyExist is PASSED

04-09-2024T08:31:52 - [MESSAGE][INFO] - Checking response object

04-09-2024T08:31:52 - [MESSAGE][PASSED] - totalplay.Common.verifyPropertyExist is PASSED

04-09-2024T08:31:52 - [TEST_STEP][PASSED] - totalplay.Common.verifyPropertyValueExist(LoginResponse, customer_email): totalplay.Common.verifyPropertyValueExist is PASSED

04-09-2024T08:31:52 - [MESSAGE][INFO] - Checking response object

04-09-2024T08:31:53 - [MESSAGE][INFO] - cesar.waldo93@gmail.com

04-09-2024T08:31:53 - [MESSAGE][PASSED] - totalplay.Common.verifyPropertyValueExist is PASSED

04-09-2024T08:31:53 - [TEST_STEP][PASSED] - totalplay.Common.verifyPropertyExist(LoginResponse, customer_name): totalplay.Common.verifyPropertyExist is PASSED

04-09-2024T08:31:53 - [MESSAGE][INFO] - Checking response object

04-09-2024T08:31:53 - [MESSAGE][PASSED] - totalplay.Common.verifyPropertyExist is PASSED

04-09-2024T08:31:53 - [TEST_STEP][PASSED] - totalplay.Common.verifyPropertyValueExist(LoginResponse, customer_name): totalplay.Common.verifyPropertyValueExist is PASSED

04-09-2024T08:31:53 - [MESSAGE][INFO] - Checking response object

04-09-2024T08:31:53 - [MESSAGE][INFO] - CESAR GERARDO WALDO GONZALEZ

04-09-2024T08:31:53 - [MESSAGE][PASSED] - totalplay.Common.verifyPropertyValueExist is PASSED

04-09-2024T08:31:53 - [TEST_STEP][PASSED] - totalplay.Common.verifyPropertyExist(LoginResponse, c_brmId): totalplay.Common.verifyPropertyExist is PASSED

04-09-2024T08:31:53 - [MESSAGE][INFO] - Checking response object

04-09-2024T08:31:53 - [MESSAGE][PASSED] - totalplay.Common.verifyPropertyExist is PASSED

04-09-2024T08:31:53 - [TEST_STEP][PASSED] - totalplay.Common.verifyPropertyValueExist(LoginResponse, c_brmId): totalplay.Common.verifyPropertyValueExist is PASSED

04-09-2024T08:31:53 - [MESSAGE][INFO] - Checking response object

04-09-2024T08:31:53 - [MESSAGE][INFO] - 0106378356

04-09-2024T08:31:53 - [MESSAGE][PASSED] - totalplay.Common.verifyPropertyValueExist is PASSED

04-09-2024T08:31:53 - [MESSAGE][PASSED] - Call Test Case 'Test Cases/TotalPlay-Food/TC_1_Login_Service' successfully

04-09-2024T08:31:53 - [TEST_STEP][PASSED] - AddProductbasket = sendRequest(findTestObject("TotalPlay-Food/AddProductToBasket", ["URL":URL, "basketID":basketID])): Send request successfully

04-09-2024T08:31:53 - [MESSAGE][INFO] - Finding Test Object 'Object Repository/TotalPlay-Food/AddProductToBasket'

04-09-2024T08:31:53 - [MESSAGE][INFO] - Checking request object

04-09-2024T08:31:55 - [MESSAGE][INFO] - HAR: C:\Users\ShubhamKumarThakur\OneDrive - Kognivera\Documents\TotalPlay\totalplay-automation\Reports\20240904_082912\Food_Service_Normal_Flow_PlaceOrder\20240904_082912\requests\main\30.har

04-09-2024T08:31:55 - [MESSAGE][PASSED] - Send request successfully

04-09-2024T08:31:55 - [TEST_STEP][PASSED] - verifyResponseStatusCode(AddProductbasket, 200): Verify response status code successfully

04-09-2024T08:31:55 - [MESSAGE][INFO] - Checking response object

04-09-2024T08:31:55 - [MESSAGE][PASSED] - Verify response status code successfully

04-09-2024T08:31:55 - [TEST_STEP][PASSED] - getAddress = sendRequest(findTestObject("TotalPlay-Food/GetAddresses", ["URL":URL, "sla_customerId":sla_customerId, "shop_auth_token":shop_auth_token])): Send request successfully

04-09-2024T08:31:55 - [MESSAGE][INFO] - Finding Test Object 'Object Repository/TotalPlay-Food/GetAddresses'

04-09-2024T08:31:55 - [MESSAGE][INFO] - Checking request object

04-09-2024T08:31:55 - [MESSAGE][INFO] - HAR: C:\Users\ShubhamKumarThakur\OneDrive - Kognivera\Documents\TotalPlay\totalplay-automation\Reports\20240904_082912\Food_Service_Normal_Flow_PlaceOrder\20240904_082912\requests\main\31.har

04-09-2024T08:31:55 - [MESSAGE][PASSED] - Send request successfully

04-09-2024T08:31:55 - [TEST_STEP][PASSED] - verifyResponseStatusCode(getAddress, 200): Verify response status code successfully

04-09-2024T08:31:55 - [MESSAGE][INFO] - Checking response object

04-09-2024T08:31:55 - [MESSAGE][PASSED] - Verify response status code successfully

04-09-2024T08:31:55 - [TEST_STEP][PASSED] - AddAddressToCart = sendRequest(findTestObject("TotalPlay-Food/add address to cart", ["URL":URL, "basketID":basketID])): Send request successfully

04-09-2024T08:31:55 - [MESSAGE][INFO] - Finding Test Object 'Object Repository/TotalPlay-Food/add address to cart'

04-09-2024T08:31:56 - [MESSAGE][INFO] - Checking request object

04-09-2024T08:31:57 - [MESSAGE][INFO] - HAR: C:\Users\ShubhamKumarThakur\OneDrive - Kognivera\Documents\TotalPlay\totalplay-automation\Reports\20240904_082912\Food_Service_Normal_Flow_PlaceOrder\20240904_082912\requests\main\32.har

04-09-2024T08:31:57 - [MESSAGE][PASSED] - Send request successfully

04-09-2024T08:31:57 - [TEST_STEP][PASSED] - verifyResponseStatusCode(AddAddressToCart, 200): Verify response status code successfully

04-09-2024T08:31:57 - [MESSAGE][INFO] - Checking response object

04-09-2024T08:31:57 - [MESSAGE][PASSED] - Verify response status code successfully

04-09-2024T08:31:57 - [TEST_STEP][PASSED] - SetPayment_instruments = sendRequest(findTestObject("TotalPlay-Food/SetPayment_instruments - Credit Card", ["URL":URL, "basketID":FoodBasketId, "shop_auth_token":shop_auth_token, "orderTotal":orderTotal])): Send request successfully

04-09-2024T08:31:57 - [MESSAGE][INFO] - Finding Test Object 'Object Repository/TotalPlay-Food/SetPayment_instruments - Credit Card'

04-09-2024T08:31:58 - [MESSAGE][INFO] - Checking request object

04-09-2024T08:31:58 - [MESSAGE][INFO] - HAR: C:\Users\ShubhamKumarThakur\OneDrive - Kognivera\Documents\TotalPlay\totalplay-automation\Reports\20240904_082912\Food_Service_Normal_Flow_PlaceOrder\20240904_082912\requests\main\33.har

04-09-2024T08:31:58 - [MESSAGE][PASSED] - Send request successfully

04-09-2024T08:31:58 - [TEST_STEP][PASSED] - verifyResponseStatusCode(SetPayment_instruments, 200): Verify response status code successfully

04-09-2024T08:31:58 - [MESSAGE][INFO] - Checking response object

04-09-2024T08:31:58 - [MESSAGE][PASSED] - Verify response status code successfully

04-09-2024T08:31:58 - [TEST_STEP][PASSED] - PreAuth = sendRequest(findTestObject("TotalPlay-Food/Pre-Auth", ["URL":URL, "basketID":basketID])): Send request successfully

04-09-2024T08:31:58 - [MESSAGE][INFO] - Finding Test Object 'Object Repository/TotalPlay-Food/Pre-Auth'

04-09-2024T08:31:59 - [MESSAGE][INFO] - Checking request object

04-09-2024T08:32:03 - [MESSAGE][INFO] - HAR: C:\Users\ShubhamKumarThakur\OneDrive - Kognivera\Documents\TotalPlay\totalplay-automation\Reports\20240904_082912\Food_Service_Normal_Flow_PlaceOrder\20240904_082912\requests\main\34.har

04-09-2024T08:32:03 - [MESSAGE][PASSED] - Send request successfully

04-09-2024T08:32:03 - [TEST_STEP][PASSED] - verifyResponseStatusCode(PreAuth, 200): Verify response status code successfully

04-09-2024T08:32:03 - [MESSAGE][INFO] - Checking response object

04-09-2024T08:32:03 - [MESSAGE][PASSED] - Verify response status code successfully

04-09-2024T08:32:03 - [TEST_STEP][PASSED] - shipmentID = "[0].shipmentID": null

04-09-2024T08:32:03 - [TEST_STEP][PASSED] - paymentStatus = "[0].paymentStatus": null

04-09-2024T08:32:03 - [TEST_STEP][PASSED] - totalplay.Common.verifyPropertyExist(PreAuth, shipmentID): totalplay.Common.verifyPropertyExist is PASSED

04-09-2024T08:32:03 - [MESSAGE][INFO] - Checking response object

04-09-2024T08:32:03 - [MESSAGE][PASSED] - totalplay.Common.verifyPropertyExist is PASSED

04-09-2024T08:32:03 - [TEST_STEP][PASSED] - totalplay.Common.verifyPropertyValueExist(PreAuth, shipmentID): totalplay.Common.verifyPropertyValueExist is PASSED

04-09-2024T08:32:03 - [MESSAGE][INFO] - Checking response object

04-09-2024T08:32:03 - [MESSAGE][INFO] - me

04-09-2024T08:32:03 - [MESSAGE][PASSED] - totalplay.Common.verifyPropertyValueExist is PASSED

04-09-2024T08:32:03 - [TEST_STEP][PASSED] - totalplay.Common.verifyPropertyExist(PreAuth, paymentStatus): totalplay.Common.verifyPropertyExist is PASSED

04-09-2024T08:32:03 - [MESSAGE][INFO] - Checking response object

04-09-2024T08:32:03 - [MESSAGE][PASSED] - totalplay.Common.verifyPropertyExist is PASSED

04-09-2024T08:32:03 - [TEST_STEP][PASSED] - totalplay.Common.verifyPropertyValueExist(PreAuth, paymentStatus): totalplay.Common.verifyPropertyValueExist is PASSED

04-09-2024T08:32:03 - [MESSAGE][INFO] - Checking response object

04-09-2024T08:32:03 - [MESSAGE][INFO] - Success

04-09-2024T08:32:03 - [MESSAGE][PASSED] - totalplay.Common.verifyPropertyValueExist is PASSED]]></system-out>
         <system-err><![CDATA[]]></system-err>
      </testcase>
      <system-out><![CDATA[04-09-2024T08:29:20 - [TEST_SUITE][PASSED] - Food_Service_Normal_Flow_PlaceOrder: Test Cases/TotalPlay-Food/TC_21_Pre- Auth Payments]]></system-out>
      <system-err><![CDATA[]]></system-err>
   </testsuite>
</testsuites>
