<?xml version="1.0" encoding="UTF-8"?>
<testsuites name="Food_Service_Normal_Flow_PlaceOrder" time="304.603" tests="15" failures="0" errors="0">
   <testsuite name="Food_Service_Normal_Flow_PlaceOrder" tests="15" failures="0" errors="0" time="304.603" skipped="0" timestamp="06-09-2024T14:37:54" hostname="ShubhamKumarThakur - 192.168.1.6" id="Test Suites/Food_Service_Normal_Flow_PlaceOrder">
      <properties>
         <property name="deviceName" value=""/>
         <property name="devicePlatform"/>
         <property name="logFolder" value="C:\\Users\\ShubhamKumarThakur\\OneDrive - Kognivera\\Documents\\TotalPlay\\totalplay-automation\\Reports\\20240906_143744\\Food_Service_Normal_Flow_PlaceOrder\\20240906_143744"/>
         <property name="logFiles" value="C:\\Users\\ShubhamKumarThakur\\OneDrive - Kognivera\\Documents\\TotalPlay\\totalplay-automation\\Reports\\20240906_143744\\Food_Service_Normal_Flow_PlaceOrder\\20240906_143744\\execution0.log"/>
         <property name="attachments" value=""/>
         <property name="hostName" value="ShubhamKumarThakur - 192.168.1.6"/>
         <property name="hostAddress" value="192.168.1.6"/>
         <property name="os" value="Windows 10 64bit"/>
         <property name="katalonVersion" value="9.6.0.217"/>
      </properties>
      <testcase name="Test Cases/TotalPlay-Food/TC_1_Login_Service" time="10.03" classname="Test Cases/TotalPlay-Food/TC_1_Login_Service" status="PASSED">
         <system-out><![CDATA[06-09-2024T14:37:55 - [TEST_CASE][PASSED] - Test Cases/TotalPlay-Food/TC_1_Login_Service: Test Cases/TotalPlay-Food/TC_1_Login_Service

06-09-2024T14:37:55 - [TEST_STEP][PASSED] - LoginResponse = sendRequest(findTestObject("TotalPlay-Food/getTokenDelivery", ["URL":URL])): Send request successfully

06-09-2024T14:37:56 - [MESSAGE][INFO] - Finding Test Object 'Object Repository/TotalPlay-Food/getTokenDelivery'

06-09-2024T14:37:56 - [MESSAGE][INFO] - Checking request object

06-09-2024T14:38:04 - [MESSAGE][INFO] - HAR: C:\Users\ShubhamKumarThakur\OneDrive - Kognivera\Documents\TotalPlay\totalplay-automation\Reports\20240906_143744\Food_Service_Normal_Flow_PlaceOrder\20240906_143744\requests\main\0.har

06-09-2024T14:38:04 - [MESSAGE][PASSED] - Send request successfully

06-09-2024T14:38:04 - [TEST_STEP][PASSED] - assert getResponseStatusCode(LoginResponse) == 200: Checking response object

06-09-2024T14:38:04 - [MESSAGE][INFO] - Checking response object

06-09-2024T14:38:04 - [TEST_STEP][PASSED] - Auth = "ocapiResponse.access_token": null

06-09-2024T14:38:04 - [TEST_STEP][PASSED] - FoodBascketId = "ocapiResponse.c_basketId_TP_FOOD": null

06-09-2024T14:38:04 - [TEST_STEP][PASSED] - FoodBasId = getElementPropertyValue(LoginResponse, FoodBascketId): Checking response object

06-09-2024T14:38:04 - [MESSAGE][INFO] - Checking response object

06-09-2024T14:38:04 - [TEST_STEP][PASSED] - sfccAuthorization = getElementPropertyValue(LoginResponse, Auth): Checking response object

06-09-2024T14:38:04 - [MESSAGE][INFO] - Checking response object

06-09-2024T14:38:04 - [TEST_STEP][PASSED] - Authorization = "Bearer " + sfccAuthorization: null

06-09-2024T14:38:04 - [TEST_STEP][PASSED] - FoodBasketId = FoodBasId: null

06-09-2024T14:38:04 - [TEST_STEP][PASSED] - logInfo(bm_auth_token): 

06-09-2024T14:38:04 - [MESSAGE][INFO] - 

06-09-2024T14:38:04 - [TEST_STEP][PASSED] - if (sfccAuthorization.length() == 0): null

06-09-2024T14:38:04 - [TEST_STEP][PASSED] - else: authorization generated

06-09-2024T14:38:04 - [TEST_STEP][PASSED] - markPassed("authorization generated"): authorization generated

06-09-2024T14:38:04 - [MESSAGE][PASSED] - authorization generated

06-09-2024T14:38:04 - [TEST_STEP][PASSED] - BasketId_loginResponse = "ocapiResponse.c_basketId": null

06-09-2024T14:38:04 - [TEST_STEP][PASSED] - CustomerId_loginResponse = "ocapiResponse.customer_id": null

06-09-2024T14:38:04 - [TEST_STEP][PASSED] - basketId = getElementPropertyValue(LoginResponse, BasketId_loginResponse): Checking response object

06-09-2024T14:38:04 - [MESSAGE][INFO] - Checking response object

06-09-2024T14:38:04 - [TEST_STEP][PASSED] - customerId = getElementPropertyValue(LoginResponse, CustomerId_loginResponse): Checking response object

06-09-2024T14:38:04 - [MESSAGE][INFO] - Checking response object

06-09-2024T14:38:04 - [TEST_STEP][PASSED] - basketID = basketId: null

06-09-2024T14:38:04 - [TEST_STEP][PASSED] - sla_customerId = customerId: null

06-09-2024T14:38:04 - [TEST_STEP][PASSED] - println(basketID): null

06-09-2024T14:38:04 - [TEST_STEP][PASSED] - println(sla_customerId): null

06-09-2024T14:38:04 - [TEST_STEP][PASSED] - refresh_token = "ocapiResponse.refresh_token": null

06-09-2024T14:38:04 - [TEST_STEP][PASSED] - customer_email = "ocapiResponse.customer_email": null

06-09-2024T14:38:04 - [TEST_STEP][PASSED] - c_brmId = "ocapiResponse.c_brmId": null

06-09-2024T14:38:04 - [TEST_STEP][PASSED] - customer_name = "ocapiResponse.customer_name": null

06-09-2024T14:38:04 - [TEST_STEP][PASSED] - totalplay.Common.verifyPropertyExist(LoginResponse, refresh_token): totalplay.Common.verifyPropertyExist is PASSED

06-09-2024T14:38:04 - [MESSAGE][INFO] - Checking response object

06-09-2024T14:38:04 - [MESSAGE][PASSED] - totalplay.Common.verifyPropertyExist is PASSED

06-09-2024T14:38:04 - [TEST_STEP][PASSED] - totalplay.Common.verifyPropertyValueExist(LoginResponse, refresh_token): totalplay.Common.verifyPropertyValueExist is PASSED

06-09-2024T14:38:04 - [MESSAGE][INFO] - Checking response object

06-09-2024T14:38:04 - [MESSAGE][INFO] - igEuiF-wpmZvq74hvTTrNIHS58j3NOC3qhPw14FfWSo

06-09-2024T14:38:04 - [MESSAGE][PASSED] - totalplay.Common.verifyPropertyValueExist is PASSED

06-09-2024T14:38:04 - [TEST_STEP][PASSED] - totalplay.Common.verifyPropertyExist(LoginResponse, customer_email): totalplay.Common.verifyPropertyExist is PASSED

06-09-2024T14:38:04 - [MESSAGE][INFO] - Checking response object

06-09-2024T14:38:04 - [MESSAGE][PASSED] - totalplay.Common.verifyPropertyExist is PASSED

06-09-2024T14:38:04 - [TEST_STEP][PASSED] - totalplay.Common.verifyPropertyValueExist(LoginResponse, customer_email): totalplay.Common.verifyPropertyValueExist is PASSED

06-09-2024T14:38:04 - [MESSAGE][INFO] - Checking response object

06-09-2024T14:38:05 - [MESSAGE][INFO] - cesar.waldo93@gmail.com

06-09-2024T14:38:05 - [MESSAGE][PASSED] - totalplay.Common.verifyPropertyValueExist is PASSED

06-09-2024T14:38:05 - [TEST_STEP][PASSED] - totalplay.Common.verifyPropertyExist(LoginResponse, customer_name): totalplay.Common.verifyPropertyExist is PASSED

06-09-2024T14:38:05 - [MESSAGE][INFO] - Checking response object

06-09-2024T14:38:05 - [MESSAGE][PASSED] - totalplay.Common.verifyPropertyExist is PASSED

06-09-2024T14:38:05 - [TEST_STEP][PASSED] - totalplay.Common.verifyPropertyValueExist(LoginResponse, customer_name): totalplay.Common.verifyPropertyValueExist is PASSED

06-09-2024T14:38:05 - [MESSAGE][INFO] - Checking response object

06-09-2024T14:38:05 - [MESSAGE][INFO] - CESAR GERARDO WALDO GONZALEZ

06-09-2024T14:38:05 - [MESSAGE][PASSED] - totalplay.Common.verifyPropertyValueExist is PASSED

06-09-2024T14:38:05 - [TEST_STEP][PASSED] - totalplay.Common.verifyPropertyExist(LoginResponse, c_brmId): totalplay.Common.verifyPropertyExist is PASSED

06-09-2024T14:38:05 - [MESSAGE][INFO] - Checking response object

06-09-2024T14:38:05 - [MESSAGE][PASSED] - totalplay.Common.verifyPropertyExist is PASSED

06-09-2024T14:38:05 - [TEST_STEP][PASSED] - totalplay.Common.verifyPropertyValueExist(LoginResponse, c_brmId): totalplay.Common.verifyPropertyValueExist is PASSED

06-09-2024T14:38:05 - [MESSAGE][INFO] - Checking response object

06-09-2024T14:38:05 - [MESSAGE][INFO] - 0106378356

06-09-2024T14:38:05 - [MESSAGE][PASSED] - totalplay.Common.verifyPropertyValueExist is PASSED]]></system-out>
         <system-err><![CDATA[]]></system-err>
      </testcase>
      <testcase name="Test Cases/TotalPlay-Food/TC_2_Food_Store_Listing_Page_(SLP)" time="12.355" classname="Test Cases/TotalPlay-Food/TC_2_Food_Store_Listing_Page_(SLP)" status="PASSED">
         <system-out><![CDATA[06-09-2024T14:38:05 - [TEST_CASE][PASSED] - Test Cases/TotalPlay-Food/TC_2_Food_Store_Listing_Page_(SLP): Test Cases/TotalPlay-Food/TC_2_Food_Store_Listing_Page_(SLP)

06-09-2024T14:38:06 - [TEST_STEP][PASSED] - callTestCase(findTestCase("TotalPlay-Food/TC_1_Login_Service"), [:], STOP_ON_FAILURE): Call Test Case 'Test Cases/TotalPlay-Food/TC_1_Login_Service' successfully

06-09-2024T14:38:06 - [MESSAGE][INFO] - Checking called Test Case

06-09-2024T14:38:06 - [MESSAGE][INFO] - Starting to call Test Case 'Test Cases/TotalPlay-Food/TC_1_Login_Service'

06-09-2024T14:38:06 - [TEST_CASE][PASSED] - Test Cases/TotalPlay-Food/TC_1_Login_Service: Test Cases/TotalPlay-Food/TC_1_Login_Service

06-09-2024T14:38:06 - [TEST_STEP][PASSED] - LoginResponse = sendRequest(findTestObject("TotalPlay-Food/getTokenDelivery", ["URL":URL])): Send request successfully

06-09-2024T14:38:06 - [MESSAGE][INFO] - Finding Test Object 'Object Repository/TotalPlay-Food/getTokenDelivery'

06-09-2024T14:38:06 - [MESSAGE][INFO] - Checking request object

06-09-2024T14:38:10 - [MESSAGE][INFO] - HAR: C:\Users\ShubhamKumarThakur\OneDrive - Kognivera\Documents\TotalPlay\totalplay-automation\Reports\20240906_143744\Food_Service_Normal_Flow_PlaceOrder\20240906_143744\requests\main\1.har

06-09-2024T14:38:10 - [MESSAGE][PASSED] - Send request successfully

06-09-2024T14:38:10 - [TEST_STEP][PASSED] - assert getResponseStatusCode(LoginResponse) == 200: Checking response object

06-09-2024T14:38:10 - [MESSAGE][INFO] - Checking response object

06-09-2024T14:38:10 - [TEST_STEP][PASSED] - Auth = "ocapiResponse.access_token": null

06-09-2024T14:38:10 - [TEST_STEP][PASSED] - FoodBascketId = "ocapiResponse.c_basketId_TP_FOOD": null

06-09-2024T14:38:10 - [TEST_STEP][PASSED] - FoodBasId = getElementPropertyValue(LoginResponse, FoodBascketId): Checking response object

06-09-2024T14:38:10 - [MESSAGE][INFO] - Checking response object

06-09-2024T14:38:10 - [TEST_STEP][PASSED] - sfccAuthorization = getElementPropertyValue(LoginResponse, Auth): Checking response object

06-09-2024T14:38:10 - [MESSAGE][INFO] - Checking response object

06-09-2024T14:38:10 - [TEST_STEP][PASSED] - Authorization = "Bearer " + sfccAuthorization: null

06-09-2024T14:38:10 - [TEST_STEP][PASSED] - FoodBasketId = FoodBasId: null

06-09-2024T14:38:10 - [TEST_STEP][PASSED] - logInfo(bm_auth_token): 

06-09-2024T14:38:10 - [MESSAGE][INFO] - 

06-09-2024T14:38:10 - [TEST_STEP][PASSED] - if (sfccAuthorization.length() == 0): null

06-09-2024T14:38:10 - [TEST_STEP][PASSED] - else: authorization generated

06-09-2024T14:38:10 - [TEST_STEP][PASSED] - markPassed("authorization generated"): authorization generated

06-09-2024T14:38:10 - [MESSAGE][PASSED] - authorization generated

06-09-2024T14:38:10 - [TEST_STEP][PASSED] - BasketId_loginResponse = "ocapiResponse.c_basketId": null

06-09-2024T14:38:10 - [TEST_STEP][PASSED] - CustomerId_loginResponse = "ocapiResponse.customer_id": null

06-09-2024T14:38:10 - [TEST_STEP][PASSED] - basketId = getElementPropertyValue(LoginResponse, BasketId_loginResponse): Checking response object

06-09-2024T14:38:10 - [MESSAGE][INFO] - Checking response object

06-09-2024T14:38:10 - [TEST_STEP][PASSED] - customerId = getElementPropertyValue(LoginResponse, CustomerId_loginResponse): Checking response object

06-09-2024T14:38:10 - [MESSAGE][INFO] - Checking response object

06-09-2024T14:38:10 - [TEST_STEP][PASSED] - basketID = basketId: null

06-09-2024T14:38:10 - [TEST_STEP][PASSED] - sla_customerId = customerId: null

06-09-2024T14:38:10 - [TEST_STEP][PASSED] - println(basketID): null

06-09-2024T14:38:10 - [TEST_STEP][PASSED] - println(sla_customerId): null

06-09-2024T14:38:10 - [TEST_STEP][PASSED] - refresh_token = "ocapiResponse.refresh_token": null

06-09-2024T14:38:10 - [TEST_STEP][PASSED] - customer_email = "ocapiResponse.customer_email": null

06-09-2024T14:38:10 - [TEST_STEP][PASSED] - c_brmId = "ocapiResponse.c_brmId": null

06-09-2024T14:38:10 - [TEST_STEP][PASSED] - customer_name = "ocapiResponse.customer_name": null

06-09-2024T14:38:10 - [TEST_STEP][PASSED] - totalplay.Common.verifyPropertyExist(LoginResponse, refresh_token): totalplay.Common.verifyPropertyExist is PASSED

06-09-2024T14:38:10 - [MESSAGE][INFO] - Checking response object

06-09-2024T14:38:10 - [MESSAGE][PASSED] - totalplay.Common.verifyPropertyExist is PASSED

06-09-2024T14:38:10 - [TEST_STEP][PASSED] - totalplay.Common.verifyPropertyValueExist(LoginResponse, refresh_token): totalplay.Common.verifyPropertyValueExist is PASSED

06-09-2024T14:38:10 - [MESSAGE][INFO] - Checking response object

06-09-2024T14:38:10 - [MESSAGE][INFO] - ZySxPcddlkM_E61P1x9cFnZcme9Wh24JfM1bwaFS85U

06-09-2024T14:38:10 - [MESSAGE][PASSED] - totalplay.Common.verifyPropertyValueExist is PASSED

06-09-2024T14:38:10 - [TEST_STEP][PASSED] - totalplay.Common.verifyPropertyExist(LoginResponse, customer_email): totalplay.Common.verifyPropertyExist is PASSED

06-09-2024T14:38:10 - [MESSAGE][INFO] - Checking response object

06-09-2024T14:38:10 - [MESSAGE][PASSED] - totalplay.Common.verifyPropertyExist is PASSED

06-09-2024T14:38:10 - [TEST_STEP][PASSED] - totalplay.Common.verifyPropertyValueExist(LoginResponse, customer_email): totalplay.Common.verifyPropertyValueExist is PASSED

06-09-2024T14:38:10 - [MESSAGE][INFO] - Checking response object

06-09-2024T14:38:10 - [MESSAGE][INFO] - cesar.waldo93@gmail.com

06-09-2024T14:38:10 - [MESSAGE][PASSED] - totalplay.Common.verifyPropertyValueExist is PASSED

06-09-2024T14:38:10 - [TEST_STEP][PASSED] - totalplay.Common.verifyPropertyExist(LoginResponse, customer_name): totalplay.Common.verifyPropertyExist is PASSED

06-09-2024T14:38:10 - [MESSAGE][INFO] - Checking response object

06-09-2024T14:38:10 - [MESSAGE][PASSED] - totalplay.Common.verifyPropertyExist is PASSED

06-09-2024T14:38:10 - [TEST_STEP][PASSED] - totalplay.Common.verifyPropertyValueExist(LoginResponse, customer_name): totalplay.Common.verifyPropertyValueExist is PASSED

06-09-2024T14:38:10 - [MESSAGE][INFO] - Checking response object

06-09-2024T14:38:10 - [MESSAGE][INFO] - CESAR GERARDO WALDO GONZALEZ

06-09-2024T14:38:10 - [MESSAGE][PASSED] - totalplay.Common.verifyPropertyValueExist is PASSED

06-09-2024T14:38:10 - [TEST_STEP][PASSED] - totalplay.Common.verifyPropertyExist(LoginResponse, c_brmId): totalplay.Common.verifyPropertyExist is PASSED

06-09-2024T14:38:10 - [MESSAGE][INFO] - Checking response object

06-09-2024T14:38:10 - [MESSAGE][PASSED] - totalplay.Common.verifyPropertyExist is PASSED

06-09-2024T14:38:10 - [TEST_STEP][PASSED] - totalplay.Common.verifyPropertyValueExist(LoginResponse, c_brmId): totalplay.Common.verifyPropertyValueExist is PASSED

06-09-2024T14:38:10 - [MESSAGE][INFO] - Checking response object

06-09-2024T14:38:10 - [MESSAGE][INFO] - 0106378356

06-09-2024T14:38:10 - [MESSAGE][PASSED] - totalplay.Common.verifyPropertyValueExist is PASSED

06-09-2024T14:38:10 - [MESSAGE][PASSED] - Call Test Case 'Test Cases/TotalPlay-Food/TC_1_Login_Service' successfully

06-09-2024T14:38:10 - [TEST_STEP][PASSED] - FoodSLP = sendRequest(findTestObject("TotalPlay-Food/Food SLP", ["URL":URL])): Send request successfully

06-09-2024T14:38:10 - [MESSAGE][INFO] - Finding Test Object 'Object Repository/TotalPlay-Food/Food SLP'

06-09-2024T14:38:10 - [MESSAGE][INFO] - Checking request object

06-09-2024T14:38:12 - [MESSAGE][INFO] - HAR: C:\Users\ShubhamKumarThakur\OneDrive - Kognivera\Documents\TotalPlay\totalplay-automation\Reports\20240906_143744\Food_Service_Normal_Flow_PlaceOrder\20240906_143744\requests\main\2.har

06-09-2024T14:38:12 - [MESSAGE][PASSED] - Send request successfully

06-09-2024T14:38:12 - [TEST_STEP][PASSED] - verifyResponseStatusCode(FoodSLP, 200): Verify response status code successfully

06-09-2024T14:38:12 - [MESSAGE][INFO] - Checking response object

06-09-2024T14:38:12 - [MESSAGE][PASSED] - Verify response status code successfully

06-09-2024T14:38:12 - [TEST_STEP][PASSED] - pageId = "pageId": null

06-09-2024T14:38:12 - [TEST_STEP][PASSED] - pageTypeId = "pageTypeId": null

06-09-2024T14:38:12 - [TEST_STEP][PASSED] - pageTitle = "pageTitle": null

06-09-2024T14:38:12 - [TEST_STEP][PASSED] - components_0_componentTypeId = "components[0].componentTypeId": null

06-09-2024T14:38:12 - [TEST_STEP][PASSED] - components_0_componentType = "components[0].componentType": null

06-09-2024T14:38:12 - [TEST_STEP][PASSED] - components_0_bannerLayout = "components[0].bannerLayout": null

06-09-2024T14:38:12 - [TEST_STEP][PASSED] - components_0_textHeadline = "components[0].textHeadline": null

06-09-2024T14:38:12 - [TEST_STEP][PASSED] - components_0_componentAssets_0_componentTypeId = "components[0].componentAssets[0].componentTypeId": null

06-09-2024T14:38:12 - [TEST_STEP][PASSED] - components_0_componentAssets_0_componentType = "components[0].componentAssets[0].componentType": null

06-09-2024T14:38:12 - [TEST_STEP][PASSED] - components_0_componentAssets_0_image = "components[0].componentAssets[0].image": null

06-09-2024T14:38:12 - [TEST_STEP][PASSED] - components_0_componentAssets_0_bannerDesc = "components[0].componentAssets[0].bannerDesc": null

06-09-2024T14:38:12 - [TEST_STEP][PASSED] - components_0_componentAssets_0_isAgeRestricted = "components[0].componentAssets[0].isAgeRestricted": null

06-09-2024T14:38:12 - [TEST_STEP][PASSED] - components_0_componentAssets_0_link = "components[0].componentAssets[0].link": null

06-09-2024T14:38:12 - [TEST_STEP][PASSED] - components_0_componentAssets_0_storeSelector_value = "components[0].componentAssets[0].storeSelector.value": null

06-09-2024T14:38:12 - [TEST_STEP][PASSED] - components_0_componentAssets_0_bannerName = "components[0].componentAssets[0].bannerName": null

06-09-2024T14:38:12 - [TEST_STEP][PASSED] - components_0_componentAssets_0_linkType = "components[0].componentAssets[0].linkType": null

06-09-2024T14:38:12 - [TEST_STEP][PASSED] - components_0_componentAssets_0_storeId = "components[0].componentAssets[0].storeId": null

06-09-2024T14:38:12 - [TEST_STEP][PASSED] - components_0_componentAssets_0_promotion = "components[0].componentAssets[0].promotion": null

06-09-2024T14:38:12 - [TEST_STEP][PASSED] - components_0_componentAssets_0_storeName = "components[0].componentAssets[0].storeName": null

06-09-2024T14:38:12 - [TEST_STEP][PASSED] - components_0_componentAssets_0_ID = "components[0].componentAssets[0].ID": null

06-09-2024T14:38:12 - [TEST_STEP][PASSED] - components_0_componentAssets_0_corporateColorCode = "components[0].componentAssets[0].corporateColorCode": null

06-09-2024T14:38:12 - [TEST_STEP][PASSED] - components_0_componentAssets_0_deliveryTime = "components[0].componentAssets[0].deliveryTime": null

06-09-2024T14:38:12 - [TEST_STEP][PASSED] - components_0_componentAssets_0_positionAfter = "components[0].componentAssets[0].positionAfter": null

06-09-2024T14:38:12 - [TEST_STEP][PASSED] - components_1_componentTypeId = "components[1].componentTypeId": null

06-09-2024T14:38:12 - [TEST_STEP][PASSED] - components_1_componentType = "components[1].componentType": null

06-09-2024T14:38:12 - [TEST_STEP][PASSED] - components_1_groupingName = "components[1].groupingName": null

06-09-2024T14:38:12 - [TEST_STEP][PASSED] - components_1_sort = "components[1].sort": null

06-09-2024T14:38:12 - [TEST_STEP][PASSED] - components_1_componentAssets = "components[1].componentAssets": null

06-09-2024T14:38:12 - [TEST_STEP][PASSED] - components_1_componentAssets_0_componentTypeId = "components[1].componentAssets[0].componentTypeId": null

06-09-2024T14:38:12 - [TEST_STEP][PASSED] - components_1_componentAssets_0_componentType = "components[1].componentAssets[0].componentType": null

06-09-2024T14:38:12 - [TEST_STEP][PASSED] - components_1_componentAssets_0_category = "components[1].componentAssets[0].category": null

06-09-2024T14:38:12 - [TEST_STEP][PASSED] - components_1_componentAssets_0_name = "components[1].componentAssets[0].name": null

06-09-2024T14:38:12 - [TEST_STEP][PASSED] - components_1_componentAssets_0_id = "components[1].componentAssets[0].id": null

06-09-2024T14:38:12 - [TEST_STEP][PASSED] - components_1_componentAssets_0_image = "components[1].componentAssets[0].image": null

06-09-2024T14:38:12 - [TEST_STEP][PASSED] - components_1_componentAssets_0_url = "components[1].componentAssets[0].url": null

06-09-2024T14:38:12 - [TEST_STEP][PASSED] - components_1_componentAssets_0_linkType = "components[1].componentAssets[0].linkType": null

06-09-2024T14:38:12 - [TEST_STEP][PASSED] - components_2_viewType = "components[2].viewType": null

06-09-2024T14:38:12 - [TEST_STEP][PASSED] - components_2_heading = "components[2].heading": null

06-09-2024T14:38:12 - [TEST_STEP][PASSED] - components_2_linesToDisplay = "components[2].linesToDisplay": null

06-09-2024T14:38:12 - [TEST_STEP][PASSED] - components_2_componentAssets_0_storeList_0_categories_0_name = "components[2].componentAssets[0].storeList[0].categories[0].name": null

06-09-2024T14:38:12 - [TEST_STEP][PASSED] - components_2_componentAssets_0_storeList_0_categories_0_id = "components[2].componentAssets[0].storeList[0].categories[0].id": null

06-09-2024T14:38:12 - [TEST_STEP][PASSED] - components_2_componentAssets_0_storeList_0_categories_0_image = "components[2].componentAssets[0].storeList[0].categories[0].image": null

06-09-2024T14:38:12 - [TEST_STEP][PASSED] - components_2_componentAssets_0_storeList_0_categories_0_url = "components[2].componentAssets[0].storeList[0].categories[0].url": null

06-09-2024T14:38:12 - [TEST_STEP][PASSED] - components_2_componentAssets_0_storeList_0_categories_0_isLeaf = "components[2].componentAssets[0].storeList[0].categories[0].isLeaf": null

06-09-2024T14:38:12 - [TEST_STEP][PASSED] - components_2_componentAssets_0_storeList_0_ratings = "components[2].componentAssets[0].storeList[0].ratings": null

06-09-2024T14:38:12 - [TEST_STEP][PASSED] - components_2_componentAssets_0_storeList_0_isInRange = "components[2].componentAssets[0].storeList[0].isInRange": null

06-09-2024T14:38:12 - [TEST_STEP][PASSED] - components_2_componentAssets_0_storeList_0_storeOpen = "components[2].componentAssets[0].storeList[0].storeOpen": null

06-09-2024T14:38:12 - [TEST_STEP][PASSED] - components_2_componentAssets_0_storeList_0_OpenHrs = "components[2].componentAssets[0].storeList[0].OpenHrs": null

06-09-2024T14:38:12 - [TEST_STEP][PASSED] - components_2_componentAssets_0_storeList_0_OpenHrs_time_0_openingTime = "components[2].componentAssets[0].storeList[0].OpenHrs.time[0].openingTime": null

06-09-2024T14:38:12 - [TEST_STEP][PASSED] - components_2_componentAssets_0_storeList_0_OpenHrs_time_0_closingTime = "components[2].componentAssets[0].storeList[0].OpenHrs.time[0].closingTime": null

06-09-2024T14:38:12 - [TEST_STEP][PASSED] - components_2_componentAssets_0_storeList_0_OpenHrs_closed = "components[2].componentAssets[0].storeList[0].OpenHrs.closed": null

06-09-2024T14:38:12 - [TEST_STEP][PASSED] - components_2_componentAssets_0_storeList_0_OpenHrs_day = "components[2].componentAssets[0].storeList[0].OpenHrs.day": null

06-09-2024T14:38:12 - [TEST_STEP][PASSED] - components_2_componentAssets_0_storeList_0_link = "components[2].componentAssets[0].storeList[0].link": null

06-09-2024T14:38:12 - [TEST_STEP][PASSED] - components_2_componentAssets_0_storeList_0_linkType = "components[2].componentAssets[0].storeList[0].linkType": null

06-09-2024T14:38:12 - [TEST_STEP][PASSED] - components_2_componentAssets_0_storeList_0_ondemandEDD = "components[2].componentAssets[0].storeList[0].ondemandEDD": null

06-09-2024T14:38:12 - [TEST_STEP][PASSED] - components_2_componentAssets_1_componentTypeId = "components[2].componentAssets[1].componentTypeId": null

06-09-2024T14:38:12 - [TEST_STEP][PASSED] - components_2_componentAssets_1_componentType = "components[2].componentAssets[1].componentType": null

06-09-2024T14:38:12 - [TEST_STEP][PASSED] - components_2_componentAssets_1_storeSelector_value = "components[2].componentAssets[1].storeSelector.value": null

06-09-2024T14:38:12 - [TEST_STEP][PASSED] - components_2_componentAssets_1_linkType = "components[2].componentAssets[1].linkType": null

06-09-2024T14:38:12 - [TEST_STEP][PASSED] - components_2_componentAssets_1_nodesLength = "components[2].componentAssets[1].nodesLength": null

06-09-2024T14:38:12 - [TEST_STEP][PASSED] - components_2_componentAssets_1_link = "components[2].componentAssets[1].link": null

06-09-2024T14:38:12 - [TEST_STEP][PASSED] - components_2_componentAssets_1_storeList_0_ID = "components[2].componentAssets[1].storeList[0].ID": null

06-09-2024T14:38:12 - [TEST_STEP][PASSED] - components_2_componentAssets_1_storeList_0_name = "components[2].componentAssets[1].storeList[0].name": null

06-09-2024T14:38:12 - [TEST_STEP][PASSED] - components_2_componentAssets_1_storeList_0_logo = "components[2].componentAssets[1].storeList[0].logo": null

06-09-2024T14:38:12 - [TEST_STEP][PASSED] - components_2_componentAssets_1_storeList_0_bannerImage = "components[2].componentAssets[1].storeList[0].bannerImage": null

06-09-2024T14:38:12 - [TEST_STEP][PASSED] - components_2_componentAssets_1_storeList_0_corporateColorCode = "components[2].componentAssets[1].storeList[0].corporateColorCode": null

06-09-2024T14:38:12 - [TEST_STEP][PASSED] - components_2_componentAssets_1_storeList_0_corporateName = "components[2].componentAssets[1].storeList[0].corporateName": null

06-09-2024T14:38:12 - [TEST_STEP][PASSED] - components_2_componentAssets_1_storeList_0_isInRange = "components[2].componentAssets[1].storeList[0].isInRange": null

06-09-2024T14:38:12 - [TEST_STEP][PASSED] - components_2_componentAssets_1_storeList_0_storeOpen = "components[2].componentAssets[1].storeList[0].storeOpen": null

06-09-2024T14:38:12 - [TEST_STEP][PASSED] - components_2_componentAssets_1_storeList_0_link = "components[2].componentAssets[1].storeList[0].link": null

06-09-2024T14:38:12 - [TEST_STEP][PASSED] - components_2_componentAssets_1_storeList_0_linkType = "components[2].componentAssets[1].storeList[0].linkType": null

06-09-2024T14:38:12 - [TEST_STEP][PASSED] - components_2_componentAssets_1_storeList_0_ondemandEDD = "components[2].componentAssets[1].storeList[0].ondemandEDD": null

06-09-2024T14:38:12 - [TEST_STEP][PASSED] - components_3_carouselHeading = "components[3].carouselHeading": null

06-09-2024T14:38:12 - [TEST_STEP][PASSED] - components_3_viewType = "components[3].viewType": null

06-09-2024T14:38:12 - [TEST_STEP][PASSED] - components_3_linesToDisplay = "components[3].linesToDisplay": null

06-09-2024T14:38:12 - [TEST_STEP][PASSED] - components_3_heading = "components[3].heading": null

06-09-2024T14:38:12 - [TEST_STEP][PASSED] - components_3_componentAssets = "components[3].componentAssets": null

06-09-2024T14:38:12 - [TEST_STEP][PASSED] - components_3_componentAssets_0 = "components[3].componentAssets[0]": null

06-09-2024T14:38:12 - [TEST_STEP][PASSED] - totalplay.Common.verifyPropertyExist(FoodSLP, pageId): totalplay.Common.verifyPropertyExist is PASSED

06-09-2024T14:38:12 - [MESSAGE][INFO] - Checking response object

06-09-2024T14:38:12 - [MESSAGE][PASSED] - totalplay.Common.verifyPropertyExist is PASSED

06-09-2024T14:38:12 - [TEST_STEP][PASSED] - totalplay.Common.verifyPropertyValueExist(FoodSLP, pageId): totalplay.Common.verifyPropertyValueExist is PASSED

06-09-2024T14:38:12 - [MESSAGE][INFO] - Checking response object

06-09-2024T14:38:12 - [MESSAGE][INFO] - storelistingpage

06-09-2024T14:38:12 - [MESSAGE][PASSED] - totalplay.Common.verifyPropertyValueExist is PASSED

06-09-2024T14:38:12 - [TEST_STEP][PASSED] - totalplay.Common.verifyPropertyExist(FoodSLP, pageTypeId): totalplay.Common.verifyPropertyExist is PASSED

06-09-2024T14:38:12 - [MESSAGE][INFO] - Checking response object

06-09-2024T14:38:12 - [MESSAGE][PASSED] - totalplay.Common.verifyPropertyExist is PASSED

06-09-2024T14:38:12 - [TEST_STEP][PASSED] - totalplay.Common.verifyPropertyValueExist(FoodSLP, pageTypeId): totalplay.Common.verifyPropertyValueExist is PASSED

06-09-2024T14:38:12 - [MESSAGE][INFO] - Checking response object

06-09-2024T14:38:12 - [MESSAGE][INFO] - FoodStoreListing

06-09-2024T14:38:12 - [MESSAGE][PASSED] - totalplay.Common.verifyPropertyValueExist is PASSED

06-09-2024T14:38:12 - [TEST_STEP][PASSED] - totalplay.Common.verifyPropertyExist(FoodSLP, pageTitle): totalplay.Common.verifyPropertyExist is PASSED

06-09-2024T14:38:12 - [MESSAGE][INFO] - Checking response object

06-09-2024T14:38:12 - [MESSAGE][PASSED] - totalplay.Common.verifyPropertyExist is PASSED

06-09-2024T14:38:12 - [TEST_STEP][PASSED] - totalplay.Common.verifyPropertyValueExist(FoodSLP, pageTitle): totalplay.Common.verifyPropertyValueExist is PASSED

06-09-2024T14:38:12 - [MESSAGE][INFO] - Checking response object

06-09-2024T14:38:12 - [MESSAGE][INFO] - Store Listing Page (SLP) - Resturant

06-09-2024T14:38:12 - [MESSAGE][PASSED] - totalplay.Common.verifyPropertyValueExist is PASSED

06-09-2024T14:38:12 - [TEST_STEP][PASSED] - totalplay.Common.verifyPropertyExist(FoodSLP, components_0_componentTypeId): totalplay.Common.verifyPropertyExist is PASSED

06-09-2024T14:38:12 - [MESSAGE][INFO] - Checking response object

06-09-2024T14:38:12 - [MESSAGE][PASSED] - totalplay.Common.verifyPropertyExist is PASSED

06-09-2024T14:38:12 - [TEST_STEP][PASSED] - totalplay.Common.verifyPropertyValueExist(FoodSLP, components_0_componentTypeId): totalplay.Common.verifyPropertyValueExist is PASSED

06-09-2024T14:38:12 - [MESSAGE][INFO] - Checking response object

06-09-2024T14:38:12 - [MESSAGE][INFO] - commerce_layouts.FoodHomeCarousel

06-09-2024T14:38:12 - [MESSAGE][PASSED] - totalplay.Common.verifyPropertyValueExist is PASSED

06-09-2024T14:38:12 - [TEST_STEP][PASSED] - totalplay.Common.verifyPropertyExist(FoodSLP, components_0_componentType): totalplay.Common.verifyPropertyExist is PASSED

06-09-2024T14:38:12 - [MESSAGE][INFO] - Checking response object

06-09-2024T14:38:12 - [MESSAGE][PASSED] - totalplay.Common.verifyPropertyExist is PASSED

06-09-2024T14:38:12 - [TEST_STEP][PASSED] - totalplay.Common.verifyPropertyValueExist(FoodSLP, components_0_componentType): totalplay.Common.verifyPropertyValueExist is PASSED

06-09-2024T14:38:12 - [MESSAGE][INFO] - Checking response object

06-09-2024T14:38:13 - [MESSAGE][INFO] - commerce_layouts

06-09-2024T14:38:13 - [MESSAGE][PASSED] - totalplay.Common.verifyPropertyValueExist is PASSED

06-09-2024T14:38:13 - [TEST_STEP][PASSED] - totalplay.Common.verifyPropertyExist(FoodSLP, components_0_bannerLayout): totalplay.Common.verifyPropertyExist is PASSED

06-09-2024T14:38:13 - [MESSAGE][INFO] - Checking response object

06-09-2024T14:38:13 - [MESSAGE][PASSED] - totalplay.Common.verifyPropertyExist is PASSED

06-09-2024T14:38:13 - [TEST_STEP][PASSED] - totalplay.Common.verifyPropertyValueExist(FoodSLP, components_0_bannerLayout): totalplay.Common.verifyPropertyValueExist is PASSED

06-09-2024T14:38:13 - [MESSAGE][INFO] - Checking response object

06-09-2024T14:38:13 - [MESSAGE][INFO] - hero display

06-09-2024T14:38:13 - [MESSAGE][PASSED] - totalplay.Common.verifyPropertyValueExist is PASSED

06-09-2024T14:38:13 - [TEST_STEP][PASSED] - totalplay.Common.verifyPropertyExist(FoodSLP, components_0_textHeadline): totalplay.Common.verifyPropertyExist is PASSED

06-09-2024T14:38:13 - [MESSAGE][INFO] - Checking response object

06-09-2024T14:38:13 - [MESSAGE][PASSED] - totalplay.Common.verifyPropertyExist is PASSED

06-09-2024T14:38:13 - [TEST_STEP][PASSED] - totalplay.Common.verifyPropertyValueExist(FoodSLP, components_0_textHeadline): totalplay.Common.verifyPropertyValueExist is PASSED

06-09-2024T14:38:13 - [MESSAGE][INFO] - Checking response object

06-09-2024T14:38:13 - [MESSAGE][INFO] - hero banner

06-09-2024T14:38:13 - [MESSAGE][PASSED] - totalplay.Common.verifyPropertyValueExist is PASSED

06-09-2024T14:38:13 - [TEST_STEP][PASSED] - totalplay.Common.verifyPropertyExist(FoodSLP, components_0_componentAssets_0_componentTypeId): totalplay.Common.verifyPropertyExist is PASSED

06-09-2024T14:38:13 - [MESSAGE][INFO] - Checking response object

06-09-2024T14:38:13 - [MESSAGE][PASSED] - totalplay.Common.verifyPropertyExist is PASSED

06-09-2024T14:38:13 - [TEST_STEP][PASSED] - totalplay.Common.verifyPropertyValueExist(FoodSLP, components_0_componentAssets_0_componentTypeId): totalplay.Common.verifyPropertyValueExist is PASSED

06-09-2024T14:38:13 - [MESSAGE][INFO] - Checking response object

06-09-2024T14:38:13 - [MESSAGE][INFO] - commerce_assets.FoodHomeBanner

06-09-2024T14:38:13 - [MESSAGE][PASSED] - totalplay.Common.verifyPropertyValueExist is PASSED

06-09-2024T14:38:13 - [TEST_STEP][PASSED] - totalplay.Common.verifyPropertyExist(FoodSLP, components_0_componentAssets_0_componentType): totalplay.Common.verifyPropertyExist is PASSED

06-09-2024T14:38:13 - [MESSAGE][INFO] - Checking response object

06-09-2024T14:38:13 - [MESSAGE][PASSED] - totalplay.Common.verifyPropertyExist is PASSED

06-09-2024T14:38:13 - [TEST_STEP][PASSED] - totalplay.Common.verifyPropertyValueExist(FoodSLP, components_0_componentAssets_0_componentType): totalplay.Common.verifyPropertyValueExist is PASSED

06-09-2024T14:38:13 - [MESSAGE][INFO] - Checking response object

06-09-2024T14:38:13 - [MESSAGE][INFO] - commerce_assets

06-09-2024T14:38:13 - [MESSAGE][PASSED] - totalplay.Common.verifyPropertyValueExist is PASSED

06-09-2024T14:38:13 - [TEST_STEP][PASSED] - totalplay.Common.verifyPropertyExist(FoodSLP, components_0_componentAssets_0_image): totalplay.Common.verifyPropertyExist is PASSED

06-09-2024T14:38:13 - [MESSAGE][INFO] - Checking response object

06-09-2024T14:38:13 - [MESSAGE][PASSED] - totalplay.Common.verifyPropertyExist is PASSED

06-09-2024T14:38:13 - [TEST_STEP][PASSED] - totalplay.Common.verifyPropertyValueExist(FoodSLP, components_0_componentAssets_0_image): totalplay.Common.verifyPropertyValueExist is PASSED

06-09-2024T14:38:13 - [MESSAGE][INFO] - Checking response object

06-09-2024T14:38:13 - [MESSAGE][INFO] - https://salesforceqa.sistemastp.com.mx/dw/image/v2/BJCL_DEV/on/demandware.static/-/Sites-TP-FOOD-Library/default/dw38fd802d/mirakl/banner1.jpg

06-09-2024T14:38:13 - [MESSAGE][PASSED] - totalplay.Common.verifyPropertyValueExist is PASSED

06-09-2024T14:38:13 - [TEST_STEP][PASSED] - totalplay.Common.verifyPropertyExist(FoodSLP, components_0_componentAssets_0_image): totalplay.Common.verifyPropertyExist is PASSED

06-09-2024T14:38:13 - [MESSAGE][INFO] - Checking response object

06-09-2024T14:38:13 - [MESSAGE][PASSED] - totalplay.Common.verifyPropertyExist is PASSED

06-09-2024T14:38:13 - [TEST_STEP][PASSED] - totalplay.Common.verifyPropertyValueExist(FoodSLP, components_0_componentAssets_0_image): totalplay.Common.verifyPropertyValueExist is PASSED

06-09-2024T14:38:13 - [MESSAGE][INFO] - Checking response object

06-09-2024T14:38:13 - [MESSAGE][INFO] - https://salesforceqa.sistemastp.com.mx/dw/image/v2/BJCL_DEV/on/demandware.static/-/Sites-TP-FOOD-Library/default/dw38fd802d/mirakl/banner1.jpg

06-09-2024T14:38:13 - [MESSAGE][PASSED] - totalplay.Common.verifyPropertyValueExist is PASSED

06-09-2024T14:38:13 - [TEST_STEP][PASSED] - totalplay.Common.getBooleanValueofObject(FoodSLP, components_0_componentAssets_0_bannerDesc): totalplay.Common.getBooleanValueofObject is PASSED

06-09-2024T14:38:13 - [MESSAGE][INFO] - Checking response object

06-09-2024T14:38:13 - [MESSAGE][PASSED] - totalplay.Common.getBooleanValueofObject is PASSED

06-09-2024T14:38:13 - [TEST_STEP][PASSED] - totalplay.Common.verifyPropertyExist(FoodSLP, components_0_componentAssets_0_link): totalplay.Common.verifyPropertyExist is PASSED

06-09-2024T14:38:13 - [MESSAGE][INFO] - Checking response object

06-09-2024T14:38:13 - [MESSAGE][PASSED] - totalplay.Common.verifyPropertyExist is PASSED

06-09-2024T14:38:13 - [TEST_STEP][PASSED] - totalplay.Common.verifyPropertyValueExist(FoodSLP, components_0_componentAssets_0_link): totalplay.Common.verifyPropertyValueExist is PASSED

06-09-2024T14:38:13 - [MESSAGE][INFO] - Checking response object

06-09-2024T14:38:13 - [MESSAGE][INFO] - /on/demandware.store/Sites-TP-FOOD-Site/es/OnDemand-Show?isOndemand=true&corporateName=LosDeCeci

06-09-2024T14:38:13 - [MESSAGE][PASSED] - totalplay.Common.verifyPropertyValueExist is PASSED

06-09-2024T14:38:13 - [TEST_STEP][PASSED] - totalplay.Common.verifyPropertyExist(FoodSLP, components_0_componentAssets_0_storeSelector_value): totalplay.Common.verifyPropertyExist is PASSED

06-09-2024T14:38:13 - [MESSAGE][INFO] - Checking response object

06-09-2024T14:38:13 - [MESSAGE][PASSED] - totalplay.Common.verifyPropertyExist is PASSED

06-09-2024T14:38:13 - [TEST_STEP][PASSED] - totalplay.Common.verifyPropertyValueExist(FoodSLP, components_0_componentAssets_0_storeSelector_value): totalplay.Common.verifyPropertyValueExist is PASSED

06-09-2024T14:38:13 - [MESSAGE][INFO] - Checking response object

06-09-2024T14:38:13 - [MESSAGE][INFO] - 2049,2069,2071,2072,

06-09-2024T14:38:13 - [MESSAGE][PASSED] - totalplay.Common.verifyPropertyValueExist is PASSED

06-09-2024T14:38:13 - [TEST_STEP][PASSED] - totalplay.Common.verifyPropertyExist(FoodSLP, components_0_componentAssets_0_bannerName): totalplay.Common.verifyPropertyExist is PASSED

06-09-2024T14:38:13 - [MESSAGE][INFO] - Checking response object

06-09-2024T14:38:13 - [MESSAGE][PASSED] - totalplay.Common.verifyPropertyExist is PASSED

06-09-2024T14:38:13 - [TEST_STEP][PASSED] - totalplay.Common.verifyPropertyValueExist(FoodSLP, components_0_componentAssets_0_bannerName): totalplay.Common.verifyPropertyValueExist is PASSED

06-09-2024T14:38:13 - [MESSAGE][INFO] - Checking response object

06-09-2024T14:38:13 - [MESSAGE][INFO] - Activación de crédito 

06-09-2024T14:38:13 - [MESSAGE][PASSED] - totalplay.Common.verifyPropertyValueExist is PASSED

06-09-2024T14:38:13 - [TEST_STEP][PASSED] - totalplay.Common.verifyPropertyExist(FoodSLP, components_0_componentAssets_0_linkType): totalplay.Common.verifyPropertyExist is PASSED

06-09-2024T14:38:13 - [MESSAGE][INFO] - Checking response object

06-09-2024T14:38:13 - [MESSAGE][PASSED] - totalplay.Common.verifyPropertyExist is PASSED

06-09-2024T14:38:13 - [TEST_STEP][PASSED] - totalplay.Common.verifyPropertyValueExist(FoodSLP, components_0_componentAssets_0_linkType): totalplay.Common.verifyPropertyValueExist is PASSED

06-09-2024T14:38:13 - [MESSAGE][INFO] - Checking response object

06-09-2024T14:38:13 - [MESSAGE][INFO] - CreditoFlow

06-09-2024T14:38:13 - [MESSAGE][PASSED] - totalplay.Common.verifyPropertyValueExist is PASSED

06-09-2024T14:38:13 - [TEST_STEP][PASSED] - totalplay.Common.verifyPropertyExist(FoodSLP, components_0_componentAssets_0_linkType): totalplay.Common.verifyPropertyExist is PASSED

06-09-2024T14:38:13 - [MESSAGE][INFO] - Checking response object

06-09-2024T14:38:14 - [MESSAGE][PASSED] - totalplay.Common.verifyPropertyExist is PASSED

06-09-2024T14:38:14 - [TEST_STEP][PASSED] - totalplay.Common.verifyPropertyValueExist(FoodSLP, components_0_componentAssets_0_linkType): totalplay.Common.verifyPropertyValueExist is PASSED

06-09-2024T14:38:14 - [MESSAGE][INFO] - Checking response object

06-09-2024T14:38:14 - [MESSAGE][INFO] - CreditoFlow

06-09-2024T14:38:14 - [MESSAGE][PASSED] - totalplay.Common.verifyPropertyValueExist is PASSED

06-09-2024T14:38:14 - [TEST_STEP][PASSED] - totalplay.Common.verifyPropertyExist(FoodSLP, components_0_componentAssets_0_promotion): totalplay.Common.verifyPropertyExist is PASSED

06-09-2024T14:38:14 - [MESSAGE][INFO] - Checking response object

06-09-2024T14:38:14 - [MESSAGE][PASSED] - totalplay.Common.verifyPropertyExist is PASSED

06-09-2024T14:38:14 - [TEST_STEP][PASSED] - totalplay.Common.verifyPropertyValueExist(FoodSLP, components_0_componentAssets_0_promotion): totalplay.Common.verifyPropertyValueExist is PASSED

06-09-2024T14:38:14 - [MESSAGE][INFO] - Checking response object

06-09-2024T14:38:14 - [MESSAGE][INFO] - 1

06-09-2024T14:38:14 - [MESSAGE][PASSED] - totalplay.Common.verifyPropertyValueExist is PASSED

06-09-2024T14:38:14 - [TEST_STEP][PASSED] - totalplay.Common.verifyPropertyExist(FoodSLP, components_0_componentAssets_0_storeName): totalplay.Common.verifyPropertyExist is PASSED

06-09-2024T14:38:14 - [MESSAGE][INFO] - Checking response object

06-09-2024T14:38:14 - [MESSAGE][PASSED] - totalplay.Common.verifyPropertyExist is PASSED

06-09-2024T14:38:14 - [TEST_STEP][PASSED] - totalplay.Common.verifyPropertyValueExist(FoodSLP, components_0_componentAssets_0_storeName): totalplay.Common.verifyPropertyValueExist is PASSED

06-09-2024T14:38:14 - [MESSAGE][INFO] - Checking response object

06-09-2024T14:38:14 - [MESSAGE][INFO] - Activación de crédito 

06-09-2024T14:38:14 - [MESSAGE][PASSED] - totalplay.Common.verifyPropertyValueExist is PASSED

06-09-2024T14:38:14 - [TEST_STEP][PASSED] - totalplay.Common.verifyPropertyExist(FoodSLP, components_0_componentAssets_0_ID): totalplay.Common.verifyPropertyExist is PASSED

06-09-2024T14:38:14 - [MESSAGE][INFO] - Checking response object

06-09-2024T14:38:14 - [MESSAGE][PASSED] - totalplay.Common.verifyPropertyExist is PASSED

06-09-2024T14:38:14 - [TEST_STEP][PASSED] - totalplay.Common.verifyPropertyValueExist(FoodSLP, components_0_componentAssets_0_ID): totalplay.Common.verifyPropertyValueExist is PASSED

06-09-2024T14:38:14 - [MESSAGE][INFO] - Checking response object

06-09-2024T14:38:14 - [MESSAGE][INFO] - 4924

06-09-2024T14:38:14 - [MESSAGE][PASSED] - totalplay.Common.verifyPropertyValueExist is PASSED

06-09-2024T14:38:14 - [TEST_STEP][PASSED] - totalplay.Common.verifyPropertyValueEmptyString(FoodSLP, components_0_componentAssets_0_corporateColorCode): totalplay.Common.verifyPropertyValueEmptyString is PASSED

06-09-2024T14:38:14 - [MESSAGE][INFO] - Checking response object

06-09-2024T14:38:14 - [MESSAGE][INFO] - 

06-09-2024T14:38:14 - [MESSAGE][PASSED] - totalplay.Common.verifyPropertyValueEmptyString is PASSED

06-09-2024T14:38:14 - [TEST_STEP][PASSED] - totalplay.Common.verifyPropertyValueEmptyString(FoodSLP, components_0_componentAssets_0_deliveryTime): totalplay.Common.verifyPropertyValueEmptyString is PASSED

06-09-2024T14:38:14 - [MESSAGE][INFO] - Checking response object

06-09-2024T14:38:14 - [MESSAGE][INFO] - 

06-09-2024T14:38:14 - [MESSAGE][PASSED] - totalplay.Common.verifyPropertyValueEmptyString is PASSED

06-09-2024T14:38:14 - [TEST_STEP][PASSED] - totalplay.Common.verifyPropertyValueEmptyString(FoodSLP, components_0_componentAssets_0_positionAfter): totalplay.Common.verifyPropertyValueEmptyString is PASSED

06-09-2024T14:38:14 - [MESSAGE][INFO] - Checking response object

06-09-2024T14:38:14 - [MESSAGE][INFO] - 

06-09-2024T14:38:14 - [MESSAGE][PASSED] - totalplay.Common.verifyPropertyValueEmptyString is PASSED

06-09-2024T14:38:14 - [TEST_STEP][PASSED] - totalplay.Common.verifyPropertyExist(FoodSLP, components_1_componentTypeId): totalplay.Common.verifyPropertyExist is PASSED

06-09-2024T14:38:14 - [MESSAGE][INFO] - Checking response object

06-09-2024T14:38:14 - [MESSAGE][PASSED] - totalplay.Common.verifyPropertyExist is PASSED

06-09-2024T14:38:14 - [TEST_STEP][PASSED] - totalplay.Common.verifyPropertyValueExist(FoodSLP, components_1_componentTypeId): totalplay.Common.verifyPropertyValueExist is PASSED

06-09-2024T14:38:14 - [MESSAGE][INFO] - Checking response object

06-09-2024T14:38:14 - [MESSAGE][INFO] - commerce_layouts.FoodStoreCategoryGroup

06-09-2024T14:38:14 - [MESSAGE][PASSED] - totalplay.Common.verifyPropertyValueExist is PASSED

06-09-2024T14:38:14 - [TEST_STEP][PASSED] - totalplay.Common.verifyPropertyExist(FoodSLP, components_1_componentType): totalplay.Common.verifyPropertyExist is PASSED

06-09-2024T14:38:14 - [MESSAGE][INFO] - Checking response object

06-09-2024T14:38:14 - [MESSAGE][PASSED] - totalplay.Common.verifyPropertyExist is PASSED

06-09-2024T14:38:14 - [TEST_STEP][PASSED] - totalplay.Common.verifyPropertyValueExist(FoodSLP, components_1_componentType): totalplay.Common.verifyPropertyValueExist is PASSED

06-09-2024T14:38:14 - [MESSAGE][INFO] - Checking response object

06-09-2024T14:38:14 - [MESSAGE][INFO] - commerce_layouts

06-09-2024T14:38:14 - [MESSAGE][PASSED] - totalplay.Common.verifyPropertyValueExist is PASSED

06-09-2024T14:38:14 - [TEST_STEP][PASSED] - totalplay.Common.verifyPropertyExist(FoodSLP, components_1_groupingName): totalplay.Common.verifyPropertyExist is PASSED

06-09-2024T14:38:14 - [MESSAGE][INFO] - Checking response object

06-09-2024T14:38:14 - [MESSAGE][PASSED] - totalplay.Common.verifyPropertyExist is PASSED

06-09-2024T14:38:14 - [TEST_STEP][PASSED] - totalplay.Common.verifyPropertyValueExist(FoodSLP, components_1_groupingName): totalplay.Common.verifyPropertyValueExist is PASSED

06-09-2024T14:38:14 - [MESSAGE][INFO] - Checking response object

06-09-2024T14:38:14 - [MESSAGE][INFO] - Categories

06-09-2024T14:38:14 - [MESSAGE][PASSED] - totalplay.Common.verifyPropertyValueExist is PASSED

06-09-2024T14:38:14 - [TEST_STEP][PASSED] - totalplay.Common.verifyPropertyExist(FoodSLP, components_1_sort): totalplay.Common.verifyPropertyExist is PASSED

06-09-2024T14:38:14 - [MESSAGE][INFO] - Checking response object

06-09-2024T14:38:14 - [MESSAGE][PASSED] - totalplay.Common.verifyPropertyExist is PASSED

06-09-2024T14:38:14 - [TEST_STEP][PASSED] - totalplay.Common.verifyPropertyValueExist(FoodSLP, components_1_sort): totalplay.Common.verifyPropertyValueExist is PASSED

06-09-2024T14:38:14 - [MESSAGE][INFO] - Checking response object

06-09-2024T14:38:14 - [MESSAGE][INFO] - configured

06-09-2024T14:38:14 - [MESSAGE][PASSED] - totalplay.Common.verifyPropertyValueExist is PASSED

06-09-2024T14:38:14 - [TEST_STEP][PASSED] - totalplay.Common.verifyPropertyExist(FoodSLP, components_1_componentAssets_0_componentTypeId): totalplay.Common.verifyPropertyExist is PASSED

06-09-2024T14:38:14 - [MESSAGE][INFO] - Checking response object

06-09-2024T14:38:14 - [MESSAGE][PASSED] - totalplay.Common.verifyPropertyExist is PASSED

06-09-2024T14:38:14 - [TEST_STEP][PASSED] - totalplay.Common.verifyPropertyValueExist(FoodSLP, components_1_componentAssets_0_componentTypeId): totalplay.Common.verifyPropertyValueExist is PASSED

06-09-2024T14:38:14 - [MESSAGE][INFO] - Checking response object

06-09-2024T14:38:14 - [MESSAGE][INFO] - commerce_assets.FoodCategorySelector

06-09-2024T14:38:14 - [MESSAGE][PASSED] - totalplay.Common.verifyPropertyValueExist is PASSED

06-09-2024T14:38:14 - [TEST_STEP][PASSED] - totalplay.Common.verifyPropertyExist(FoodSLP, components_1_componentAssets_0_componentType): totalplay.Common.verifyPropertyExist is PASSED

06-09-2024T14:38:14 - [MESSAGE][INFO] - Checking response object

06-09-2024T14:38:14 - [MESSAGE][PASSED] - totalplay.Common.verifyPropertyExist is PASSED

06-09-2024T14:38:14 - [TEST_STEP][PASSED] - totalplay.Common.verifyPropertyValueExist(FoodSLP, components_1_componentAssets_0_componentType): totalplay.Common.verifyPropertyValueExist is PASSED

06-09-2024T14:38:14 - [MESSAGE][INFO] - Checking response object

06-09-2024T14:38:14 - [MESSAGE][INFO] - commerce_assets

06-09-2024T14:38:14 - [MESSAGE][PASSED] - totalplay.Common.verifyPropertyValueExist is PASSED

06-09-2024T14:38:14 - [TEST_STEP][PASSED] - totalplay.Common.verifyPropertyExist(FoodSLP, components_1_componentAssets_0_category): totalplay.Common.verifyPropertyExist is PASSED

06-09-2024T14:38:14 - [MESSAGE][INFO] - Checking response object

06-09-2024T14:38:14 - [MESSAGE][PASSED] - totalplay.Common.verifyPropertyExist is PASSED

06-09-2024T14:38:14 - [TEST_STEP][PASSED] - totalplay.Common.verifyPropertyValueExist(FoodSLP, components_1_componentAssets_0_category): totalplay.Common.verifyPropertyValueExist is PASSED

06-09-2024T14:38:14 - [MESSAGE][INFO] - Checking response object

06-09-2024T14:38:14 - [MESSAGE][INFO] - SF_benedettis_neza_pizza

06-09-2024T14:38:14 - [MESSAGE][PASSED] - totalplay.Common.verifyPropertyValueExist is PASSED

06-09-2024T14:38:14 - [TEST_STEP][PASSED] - totalplay.Common.verifyPropertyExist(FoodSLP, components_1_componentAssets_0_name): totalplay.Common.verifyPropertyExist is PASSED

06-09-2024T14:38:14 - [MESSAGE][INFO] - Checking response object

06-09-2024T14:38:14 - [MESSAGE][PASSED] - totalplay.Common.verifyPropertyExist is PASSED

06-09-2024T14:38:14 - [TEST_STEP][PASSED] - totalplay.Common.verifyPropertyValueExist(FoodSLP, components_1_componentAssets_0_name): totalplay.Common.verifyPropertyValueExist is PASSED

06-09-2024T14:38:14 - [MESSAGE][INFO] - Checking response object

06-09-2024T14:38:15 - [MESSAGE][INFO] - Pizza

06-09-2024T14:38:15 - [MESSAGE][PASSED] - totalplay.Common.verifyPropertyValueExist is PASSED

06-09-2024T14:38:15 - [TEST_STEP][PASSED] - totalplay.Common.verifyPropertyExist(FoodSLP, components_1_componentAssets_0_id): totalplay.Common.verifyPropertyExist is PASSED

06-09-2024T14:38:15 - [MESSAGE][INFO] - Checking response object

06-09-2024T14:38:15 - [MESSAGE][PASSED] - totalplay.Common.verifyPropertyExist is PASSED

06-09-2024T14:38:15 - [TEST_STEP][PASSED] - totalplay.Common.verifyPropertyValueExist(FoodSLP, components_1_componentAssets_0_id): totalplay.Common.verifyPropertyValueExist is PASSED

06-09-2024T14:38:15 - [MESSAGE][INFO] - Checking response object

06-09-2024T14:38:15 - [MESSAGE][INFO] - SF_benedettis_neza_pizza

06-09-2024T14:38:15 - [MESSAGE][PASSED] - totalplay.Common.verifyPropertyValueExist is PASSED

06-09-2024T14:38:15 - [TEST_STEP][PASSED] - totalplay.Common.verifyPropertyExist(FoodSLP, components_1_componentAssets_0_image): totalplay.Common.verifyPropertyExist is PASSED

06-09-2024T14:38:15 - [MESSAGE][INFO] - Checking response object

06-09-2024T14:38:15 - [MESSAGE][PASSED] - totalplay.Common.verifyPropertyExist is PASSED

06-09-2024T14:38:15 - [TEST_STEP][PASSED] - totalplay.Common.verifyPropertyValueExist(FoodSLP, components_1_componentAssets_0_image): totalplay.Common.verifyPropertyValueExist is PASSED

06-09-2024T14:38:15 - [MESSAGE][INFO] - Checking response object

06-09-2024T14:38:15 - [MESSAGE][INFO] - https://development-na01-totalplaymx.demandware.net/on/demandware.static/-/Sites-comida/default/v0bd0c8c6f9eba290f228fef3307cc06f71119021/CategoriaPostre.png

06-09-2024T14:38:15 - [MESSAGE][PASSED] - totalplay.Common.verifyPropertyValueExist is PASSED

06-09-2024T14:38:15 - [TEST_STEP][PASSED] - totalplay.Common.verifyPropertyExist(FoodSLP, components_1_componentAssets_0_url): totalplay.Common.verifyPropertyExist is PASSED

06-09-2024T14:38:15 - [MESSAGE][INFO] - Checking response object

06-09-2024T14:38:15 - [MESSAGE][PASSED] - totalplay.Common.verifyPropertyExist is PASSED

06-09-2024T14:38:15 - [TEST_STEP][PASSED] - totalplay.Common.verifyPropertyValueExist(FoodSLP, components_1_componentAssets_0_url): totalplay.Common.verifyPropertyValueExist is PASSED

06-09-2024T14:38:15 - [MESSAGE][INFO] - Checking response object

06-09-2024T14:38:15 - [MESSAGE][INFO] - /dw/shop/v24_5/content/seller-category-page?page=1&category=Pizza

06-09-2024T14:38:15 - [MESSAGE][PASSED] - totalplay.Common.verifyPropertyValueExist is PASSED

06-09-2024T14:38:15 - [TEST_STEP][PASSED] - totalplay.Common.verifyPropertyExist(FoodSLP, components_1_componentAssets_0_linkType): totalplay.Common.verifyPropertyExist is PASSED

06-09-2024T14:38:15 - [MESSAGE][INFO] - Checking response object

06-09-2024T14:38:15 - [MESSAGE][PASSED] - totalplay.Common.verifyPropertyExist is PASSED

06-09-2024T14:38:15 - [TEST_STEP][PASSED] - totalplay.Common.verifyPropertyValueExist(FoodSLP, components_1_componentAssets_0_linkType): totalplay.Common.verifyPropertyValueExist is PASSED

06-09-2024T14:38:15 - [MESSAGE][INFO] - Checking response object

06-09-2024T14:38:15 - [MESSAGE][INFO] - SCP

06-09-2024T14:38:15 - [MESSAGE][PASSED] - totalplay.Common.verifyPropertyValueExist is PASSED

06-09-2024T14:38:15 - [TEST_STEP][PASSED] - totalplay.Common.verifyPropertyExist(FoodSLP, components_2_viewType): totalplay.Common.verifyPropertyExist is PASSED

06-09-2024T14:38:15 - [MESSAGE][INFO] - Checking response object

06-09-2024T14:38:15 - [MESSAGE][PASSED] - totalplay.Common.verifyPropertyExist is PASSED

06-09-2024T14:38:15 - [TEST_STEP][PASSED] - totalplay.Common.verifyPropertyValueExist(FoodSLP, components_2_viewType): totalplay.Common.verifyPropertyValueExist is PASSED

06-09-2024T14:38:15 - [MESSAGE][INFO] - Checking response object

06-09-2024T14:38:15 - [MESSAGE][INFO] - veritcal

06-09-2024T14:38:15 - [MESSAGE][PASSED] - totalplay.Common.verifyPropertyValueExist is PASSED

06-09-2024T14:38:15 - [TEST_STEP][PASSED] - totalplay.Common.verifyPropertyExist(FoodSLP, components_2_heading): totalplay.Common.verifyPropertyExist is PASSED

06-09-2024T14:38:15 - [MESSAGE][INFO] - Checking response object

06-09-2024T14:38:15 - [MESSAGE][PASSED] - totalplay.Common.verifyPropertyExist is PASSED

06-09-2024T14:38:15 - [TEST_STEP][PASSED] - totalplay.Common.verifyPropertyValueExist(FoodSLP, components_2_heading): totalplay.Common.verifyPropertyValueExist is PASSED

06-09-2024T14:38:15 - [MESSAGE][INFO] - Checking response object

06-09-2024T14:38:15 - [MESSAGE][INFO] - Promociones para ti

06-09-2024T14:38:15 - [MESSAGE][PASSED] - totalplay.Common.verifyPropertyValueExist is PASSED

06-09-2024T14:38:15 - [TEST_STEP][PASSED] - totalplay.Common.verifyPropertyValueNotEmptyorNotNull(FoodSLP, components_2_linesToDisplay): totalplay.Common.verifyPropertyValueNotEmptyorNotNull is PASSED

06-09-2024T14:38:15 - [MESSAGE][INFO] - Checking response object

06-09-2024T14:38:15 - [MESSAGE][INFO] - 

06-09-2024T14:38:15 - [MESSAGE][PASSED] - totalplay.Common.verifyPropertyValueNotEmptyorNotNull is PASSED

06-09-2024T14:38:15 - [TEST_STEP][PASSED] - totalplay.Common.verifyPropertyExist(FoodSLP, components_2_componentAssets_0_storeList_0_categories_0_name): totalplay.Common.verifyPropertyExist is PASSED

06-09-2024T14:38:15 - [MESSAGE][INFO] - Checking response object

06-09-2024T14:38:15 - [MESSAGE][PASSED] - totalplay.Common.verifyPropertyExist is PASSED

06-09-2024T14:38:15 - [TEST_STEP][PASSED] - totalplay.Common.verifyPropertyValueExist(FoodSLP, components_2_componentAssets_0_storeList_0_categories_0_name): totalplay.Common.verifyPropertyValueExist is PASSED

06-09-2024T14:38:15 - [MESSAGE][INFO] - Checking response object

06-09-2024T14:38:15 - [MESSAGE][INFO] - Burguers

06-09-2024T14:38:15 - [MESSAGE][PASSED] - totalplay.Common.verifyPropertyValueExist is PASSED

06-09-2024T14:38:15 - [TEST_STEP][PASSED] - totalplay.Common.verifyPropertyExist(FoodSLP, components_2_componentAssets_0_storeList_0_categories_0_id): totalplay.Common.verifyPropertyExist is PASSED

06-09-2024T14:38:15 - [MESSAGE][INFO] - Checking response object

06-09-2024T14:38:15 - [MESSAGE][PASSED] - totalplay.Common.verifyPropertyExist is PASSED

06-09-2024T14:38:15 - [TEST_STEP][PASSED] - totalplay.Common.verifyPropertyValueExist(FoodSLP, components_2_componentAssets_0_storeList_0_categories_0_id): totalplay.Common.verifyPropertyValueExist is PASSED

06-09-2024T14:38:15 - [MESSAGE][INFO] - Checking response object

06-09-2024T14:38:15 - [MESSAGE][INFO] - SF_benedettis_66b3f3616b4c6676f4faf83c_4786

06-09-2024T14:38:15 - [MESSAGE][PASSED] - totalplay.Common.verifyPropertyValueExist is PASSED

06-09-2024T14:38:15 - [TEST_STEP][PASSED] - totalplay.Common.verifyPropertyValueNotEmptyorNotNull(FoodSLP, components_2_componentAssets_0_storeList_0_categories_0_image): totalplay.Common.verifyPropertyValueNotEmptyorNotNull is PASSED

06-09-2024T14:38:15 - [MESSAGE][INFO] - Checking response object

06-09-2024T14:38:15 - [MESSAGE][INFO] - 

06-09-2024T14:38:15 - [MESSAGE][PASSED] - totalplay.Common.verifyPropertyValueNotEmptyorNotNull is PASSED

06-09-2024T14:38:15 - [TEST_STEP][PASSED] - totalplay.Common.verifyPropertyExist(FoodSLP, components_2_componentAssets_0_storeList_0_categories_0_url): totalplay.Common.verifyPropertyExist is PASSED

06-09-2024T14:38:15 - [MESSAGE][INFO] - Checking response object

06-09-2024T14:38:15 - [MESSAGE][PASSED] - totalplay.Common.verifyPropertyExist is PASSED

06-09-2024T14:38:15 - [TEST_STEP][PASSED] - totalplay.Common.verifyPropertyValueExist(FoodSLP, components_2_componentAssets_0_storeList_0_categories_0_url): totalplay.Common.verifyPropertyValueExist is PASSED

06-09-2024T14:38:15 - [MESSAGE][INFO] - Checking response object

06-09-2024T14:38:15 - [MESSAGE][INFO] - /dw/shop/v24_5/content/seller-category-page?page=1&category=Burguers

06-09-2024T14:38:15 - [MESSAGE][PASSED] - totalplay.Common.verifyPropertyValueExist is PASSED

06-09-2024T14:38:15 - [TEST_STEP][PASSED] - totalplay.Common.getBooleanValueofObject(FoodSLP, components_2_componentAssets_0_storeList_0_categories_0_isLeaf): totalplay.Common.getBooleanValueofObject is PASSED

06-09-2024T14:38:15 - [MESSAGE][INFO] - Checking response object

06-09-2024T14:38:15 - [MESSAGE][PASSED] - totalplay.Common.getBooleanValueofObject is PASSED

06-09-2024T14:38:15 - [TEST_STEP][PASSED] - totalplay.Common.getNumValueofObject(FoodSLP, components_2_componentAssets_0_storeList_0_ratings): totalplay.Common.getNumValueofObject is PASSED

06-09-2024T14:38:15 - [MESSAGE][INFO] - Checking response object

06-09-2024T14:38:15 - [MESSAGE][PASSED] - totalplay.Common.getNumValueofObject is PASSED

06-09-2024T14:38:15 - [TEST_STEP][PASSED] - totalplay.Common.getBooleanValueofObject(FoodSLP, components_2_componentAssets_0_storeList_0_isInRange): totalplay.Common.getBooleanValueofObject is PASSED

06-09-2024T14:38:15 - [MESSAGE][INFO] - Checking response object

06-09-2024T14:38:15 - [MESSAGE][PASSED] - totalplay.Common.getBooleanValueofObject is PASSED

06-09-2024T14:38:15 - [TEST_STEP][PASSED] - totalplay.Common.getBooleanValueofObject(FoodSLP, components_2_componentAssets_0_storeList_0_storeOpen): totalplay.Common.getBooleanValueofObject is PASSED

06-09-2024T14:38:15 - [MESSAGE][INFO] - Checking response object

06-09-2024T14:38:15 - [MESSAGE][PASSED] - totalplay.Common.getBooleanValueofObject is PASSED

06-09-2024T14:38:15 - [TEST_STEP][PASSED] - totalplay.Common.verifyPropertyExist(FoodSLP, components_2_componentAssets_0_storeList_0_OpenHrs_time_0_openingTime): totalplay.Common.verifyPropertyExist is PASSED

06-09-2024T14:38:15 - [MESSAGE][INFO] - Checking response object

06-09-2024T14:38:15 - [MESSAGE][PASSED] - totalplay.Common.verifyPropertyExist is PASSED

06-09-2024T14:38:15 - [TEST_STEP][PASSED] - totalplay.Common.verifyPropertyValueExist(FoodSLP, components_2_componentAssets_0_storeList_0_OpenHrs_time_0_openingTime): totalplay.Common.verifyPropertyValueExist is PASSED

06-09-2024T14:38:15 - [MESSAGE][INFO] - Checking response object

06-09-2024T14:38:15 - [MESSAGE][INFO] - 00:00

06-09-2024T14:38:15 - [MESSAGE][PASSED] - totalplay.Common.verifyPropertyValueExist is PASSED

06-09-2024T14:38:15 - [TEST_STEP][PASSED] - totalplay.Common.verifyPropertyExist(FoodSLP, components_2_componentAssets_0_storeList_0_OpenHrs_time_0_closingTime): totalplay.Common.verifyPropertyExist is PASSED

06-09-2024T14:38:15 - [MESSAGE][INFO] - Checking response object

06-09-2024T14:38:16 - [MESSAGE][PASSED] - totalplay.Common.verifyPropertyExist is PASSED

06-09-2024T14:38:16 - [TEST_STEP][PASSED] - totalplay.Common.verifyPropertyValueExist(FoodSLP, components_2_componentAssets_0_storeList_0_OpenHrs_time_0_closingTime): totalplay.Common.verifyPropertyValueExist is PASSED

06-09-2024T14:38:16 - [MESSAGE][INFO] - Checking response object

06-09-2024T14:38:16 - [MESSAGE][INFO] - 23:59

06-09-2024T14:38:16 - [MESSAGE][PASSED] - totalplay.Common.verifyPropertyValueExist is PASSED

06-09-2024T14:38:16 - [TEST_STEP][PASSED] - totalplay.Common.getBooleanValueofObject(FoodSLP, components_2_componentAssets_0_storeList_0_OpenHrs_closed): totalplay.Common.getBooleanValueofObject is PASSED

06-09-2024T14:38:16 - [MESSAGE][INFO] - Checking response object

06-09-2024T14:38:16 - [MESSAGE][PASSED] - totalplay.Common.getBooleanValueofObject is PASSED

06-09-2024T14:38:16 - [TEST_STEP][PASSED] - totalplay.Common.verifyPropertyExist(FoodSLP, components_2_componentAssets_0_storeList_0_OpenHrs_day): totalplay.Common.verifyPropertyExist is PASSED

06-09-2024T14:38:16 - [MESSAGE][INFO] - Checking response object

06-09-2024T14:38:16 - [MESSAGE][PASSED] - totalplay.Common.verifyPropertyExist is PASSED

06-09-2024T14:38:16 - [TEST_STEP][PASSED] - totalplay.Common.verifyPropertyValueExist(FoodSLP, components_2_componentAssets_0_storeList_0_OpenHrs_day): totalplay.Common.verifyPropertyValueExist is PASSED

06-09-2024T14:38:16 - [MESSAGE][INFO] - Checking response object

06-09-2024T14:38:16 - [MESSAGE][INFO] - Viernes

06-09-2024T14:38:16 - [MESSAGE][PASSED] - totalplay.Common.verifyPropertyValueExist is PASSED

06-09-2024T14:38:16 - [TEST_STEP][PASSED] - totalplay.Common.verifyPropertyExist(FoodSLP, components_2_componentAssets_0_storeList_0_link): totalplay.Common.verifyPropertyExist is PASSED

06-09-2024T14:38:16 - [MESSAGE][INFO] - Checking response object

06-09-2024T14:38:16 - [MESSAGE][PASSED] - totalplay.Common.verifyPropertyExist is PASSED

06-09-2024T14:38:16 - [TEST_STEP][PASSED] - totalplay.Common.verifyPropertyValueExist(FoodSLP, components_2_componentAssets_0_storeList_0_link): totalplay.Common.verifyPropertyValueExist is PASSED

06-09-2024T14:38:16 - [MESSAGE][INFO] - Checking response object

06-09-2024T14:38:16 - [MESSAGE][INFO] - /on/demandware.store/Sites-TP-FOOD-Site/es/OnDemand-Show?storeName=Benedetti's San Jeronimo

06-09-2024T14:38:16 - [MESSAGE][PASSED] - totalplay.Common.verifyPropertyValueExist is PASSED

06-09-2024T14:38:16 - [TEST_STEP][PASSED] - totalplay.Common.verifyPropertyExist(FoodSLP, components_2_componentAssets_0_storeList_0_linkType): totalplay.Common.verifyPropertyExist is PASSED

06-09-2024T14:38:16 - [MESSAGE][INFO] - Checking response object

06-09-2024T14:38:16 - [MESSAGE][PASSED] - totalplay.Common.verifyPropertyExist is PASSED

06-09-2024T14:38:16 - [TEST_STEP][PASSED] - totalplay.Common.verifyPropertyValueExist(FoodSLP, components_2_componentAssets_0_storeList_0_linkType): totalplay.Common.verifyPropertyValueExist is PASSED

06-09-2024T14:38:16 - [MESSAGE][INFO] - Checking response object

06-09-2024T14:38:16 - [MESSAGE][INFO] - PLP

06-09-2024T14:38:16 - [MESSAGE][PASSED] - totalplay.Common.verifyPropertyValueExist is PASSED

06-09-2024T14:38:16 - [TEST_STEP][PASSED] - totalplay.Common.verifyPropertyExist(FoodSLP, components_2_componentAssets_0_storeList_0_ondemandEDD): totalplay.Common.verifyPropertyExist is PASSED

06-09-2024T14:38:16 - [MESSAGE][INFO] - Checking response object

06-09-2024T14:38:16 - [MESSAGE][PASSED] - totalplay.Common.verifyPropertyExist is PASSED

06-09-2024T14:38:16 - [TEST_STEP][PASSED] - totalplay.Common.verifyPropertyValueExist(FoodSLP, components_2_componentAssets_0_storeList_0_ondemandEDD): totalplay.Common.verifyPropertyValueExist is PASSED

06-09-2024T14:38:16 - [MESSAGE][INFO] - Checking response object

06-09-2024T14:38:16 - [MESSAGE][INFO] - 90 Min

06-09-2024T14:38:16 - [MESSAGE][PASSED] - totalplay.Common.verifyPropertyValueExist is PASSED

06-09-2024T14:38:16 - [TEST_STEP][PASSED] - totalplay.Common.verifyPropertyExist(FoodSLP, components_2_componentAssets_1_componentTypeId): totalplay.Common.verifyPropertyExist is PASSED

06-09-2024T14:38:16 - [MESSAGE][INFO] - Checking response object

06-09-2024T14:38:16 - [MESSAGE][PASSED] - totalplay.Common.verifyPropertyExist is PASSED

06-09-2024T14:38:16 - [TEST_STEP][PASSED] - totalplay.Common.verifyPropertyValueExist(FoodSLP, components_2_componentAssets_1_componentTypeId): totalplay.Common.verifyPropertyValueExist is PASSED

06-09-2024T14:38:16 - [MESSAGE][INFO] - Checking response object

06-09-2024T14:38:16 - [MESSAGE][INFO] - commerce_assets.FoodStoreGroupCard

06-09-2024T14:38:16 - [MESSAGE][PASSED] - totalplay.Common.verifyPropertyValueExist is PASSED

06-09-2024T14:38:16 - [TEST_STEP][PASSED] - totalplay.Common.verifyPropertyExist(FoodSLP, components_2_componentAssets_1_componentType): totalplay.Common.verifyPropertyExist is PASSED

06-09-2024T14:38:16 - [MESSAGE][INFO] - Checking response object

06-09-2024T14:38:16 - [MESSAGE][PASSED] - totalplay.Common.verifyPropertyExist is PASSED

06-09-2024T14:38:16 - [TEST_STEP][PASSED] - totalplay.Common.verifyPropertyValueExist(FoodSLP, components_2_componentAssets_1_componentType): totalplay.Common.verifyPropertyValueExist is PASSED

06-09-2024T14:38:16 - [MESSAGE][INFO] - Checking response object

06-09-2024T14:38:16 - [MESSAGE][INFO] - commerce_assets

06-09-2024T14:38:16 - [MESSAGE][PASSED] - totalplay.Common.verifyPropertyValueExist is PASSED

06-09-2024T14:38:16 - [TEST_STEP][PASSED] - totalplay.Common.verifyPropertyExist(FoodSLP, components_2_componentAssets_1_storeSelector_value): totalplay.Common.verifyPropertyExist is PASSED

06-09-2024T14:38:16 - [MESSAGE][INFO] - Checking response object

06-09-2024T14:38:16 - [MESSAGE][PASSED] - totalplay.Common.verifyPropertyExist is PASSED

06-09-2024T14:38:16 - [TEST_STEP][PASSED] - totalplay.Common.verifyPropertyValueExist(FoodSLP, components_2_componentAssets_1_storeSelector_value): totalplay.Common.verifyPropertyValueExist is PASSED

06-09-2024T14:38:16 - [MESSAGE][INFO] - Checking response object

06-09-2024T14:38:16 - [MESSAGE][INFO] - 2003,4603,

06-09-2024T14:38:16 - [MESSAGE][PASSED] - totalplay.Common.verifyPropertyValueExist is PASSED

06-09-2024T14:38:16 - [TEST_STEP][PASSED] - totalplay.Common.verifyPropertyExist(FoodSLP, components_2_componentAssets_1_linkType): totalplay.Common.verifyPropertyExist is PASSED

06-09-2024T14:38:16 - [MESSAGE][INFO] - Checking response object

06-09-2024T14:38:16 - [MESSAGE][PASSED] - totalplay.Common.verifyPropertyExist is PASSED

06-09-2024T14:38:16 - [TEST_STEP][PASSED] - totalplay.Common.verifyPropertyValueExist(FoodSLP, components_2_componentAssets_1_linkType): totalplay.Common.verifyPropertyValueExist is PASSED

06-09-2024T14:38:16 - [MESSAGE][INFO] - Checking response object

06-09-2024T14:38:16 - [MESSAGE][INFO] - PLP

06-09-2024T14:38:16 - [MESSAGE][PASSED] - totalplay.Common.verifyPropertyValueExist is PASSED

06-09-2024T14:38:16 - [TEST_STEP][PASSED] - totalplay.Common.getNumValueofObject(FoodSLP, components_2_componentAssets_1_nodesLength): totalplay.Common.getNumValueofObject is PASSED

06-09-2024T14:38:16 - [MESSAGE][INFO] - Checking response object

06-09-2024T14:38:16 - [MESSAGE][PASSED] - totalplay.Common.getNumValueofObject is PASSED

06-09-2024T14:38:16 - [TEST_STEP][PASSED] - totalplay.Common.verifyPropertyExist(FoodSLP, components_2_componentAssets_1_link): totalplay.Common.verifyPropertyExist is PASSED

06-09-2024T14:38:16 - [MESSAGE][INFO] - Checking response object

06-09-2024T14:38:16 - [MESSAGE][PASSED] - totalplay.Common.verifyPropertyExist is PASSED

06-09-2024T14:38:16 - [TEST_STEP][PASSED] - totalplay.Common.verifyPropertyValueExist(FoodSLP, components_2_componentAssets_1_link): totalplay.Common.verifyPropertyValueExist is PASSED

06-09-2024T14:38:16 - [MESSAGE][INFO] - Checking response object

06-09-2024T14:38:16 - [MESSAGE][INFO] - /dw/shop/v23_3/content/seller-category-page?corporateName=VamosenMasa

06-09-2024T14:38:16 - [MESSAGE][PASSED] - totalplay.Common.verifyPropertyValueExist is PASSED

06-09-2024T14:38:16 - [TEST_STEP][PASSED] - totalplay.Common.verifyPropertyExist(FoodSLP, components_2_componentAssets_1_storeList_0_ID): totalplay.Common.verifyPropertyExist is PASSED

06-09-2024T14:38:16 - [MESSAGE][INFO] - Checking response object

06-09-2024T14:38:16 - [MESSAGE][PASSED] - totalplay.Common.verifyPropertyExist is PASSED

06-09-2024T14:38:16 - [TEST_STEP][PASSED] - totalplay.Common.verifyPropertyValueExist(FoodSLP, components_2_componentAssets_1_storeList_0_ID): totalplay.Common.verifyPropertyValueExist is PASSED

06-09-2024T14:38:16 - [MESSAGE][INFO] - Checking response object

06-09-2024T14:38:16 - [MESSAGE][INFO] - 2003

06-09-2024T14:38:16 - [MESSAGE][PASSED] - totalplay.Common.verifyPropertyValueExist is PASSED

06-09-2024T14:38:16 - [TEST_STEP][PASSED] - totalplay.Common.verifyPropertyExist(FoodSLP, components_2_componentAssets_1_storeList_0_name): totalplay.Common.verifyPropertyExist is PASSED

06-09-2024T14:38:16 - [MESSAGE][INFO] - Checking response object

06-09-2024T14:38:16 - [MESSAGE][PASSED] - totalplay.Common.verifyPropertyExist is PASSED

06-09-2024T14:38:16 - [TEST_STEP][PASSED] - totalplay.Common.verifyPropertyValueExist(FoodSLP, components_2_componentAssets_1_storeList_0_name): totalplay.Common.verifyPropertyValueExist is PASSED

06-09-2024T14:38:16 - [MESSAGE][INFO] - Checking response object

06-09-2024T14:38:16 - [MESSAGE][INFO] - Liverpool Santafee

06-09-2024T14:38:16 - [MESSAGE][PASSED] - totalplay.Common.verifyPropertyValueExist is PASSED

06-09-2024T14:38:16 - [TEST_STEP][PASSED] - totalplay.Common.verifyPropertyValueEmptyString(FoodSLP, components_2_componentAssets_1_storeList_0_logo): totalplay.Common.verifyPropertyValueEmptyString is PASSED

06-09-2024T14:38:16 - [MESSAGE][INFO] - Checking response object

06-09-2024T14:38:16 - [MESSAGE][INFO] - 

06-09-2024T14:38:16 - [MESSAGE][PASSED] - totalplay.Common.verifyPropertyValueEmptyString is PASSED

06-09-2024T14:38:16 - [TEST_STEP][PASSED] - totalplay.Common.verifyPropertyValueEmptyString(FoodSLP, components_2_componentAssets_1_storeList_0_bannerImage): totalplay.Common.verifyPropertyValueEmptyString is PASSED

06-09-2024T14:38:16 - [MESSAGE][INFO] - Checking response object

06-09-2024T14:38:16 - [MESSAGE][INFO] - 

06-09-2024T14:38:16 - [MESSAGE][PASSED] - totalplay.Common.verifyPropertyValueEmptyString is PASSED

06-09-2024T14:38:16 - [TEST_STEP][PASSED] - totalplay.Common.verifyPropertyValueEmptyString(FoodSLP, components_2_componentAssets_1_storeList_0_corporateColorCode): totalplay.Common.verifyPropertyValueEmptyString is PASSED

06-09-2024T14:38:16 - [MESSAGE][INFO] - Checking response object

06-09-2024T14:38:17 - [MESSAGE][INFO] - 

06-09-2024T14:38:17 - [MESSAGE][PASSED] - totalplay.Common.verifyPropertyValueEmptyString is PASSED

06-09-2024T14:38:17 - [TEST_STEP][PASSED] - totalplay.Common.verifyPropertyExist(FoodSLP, components_2_componentAssets_1_storeList_0_corporateName): totalplay.Common.verifyPropertyExist is PASSED

06-09-2024T14:38:17 - [MESSAGE][INFO] - Checking response object

06-09-2024T14:38:17 - [MESSAGE][PASSED] - totalplay.Common.verifyPropertyExist is PASSED

06-09-2024T14:38:17 - [TEST_STEP][PASSED] - totalplay.Common.verifyPropertyValueExist(FoodSLP, components_2_componentAssets_1_storeList_0_corporateName): totalplay.Common.verifyPropertyValueExist is PASSED

06-09-2024T14:38:17 - [MESSAGE][INFO] - Checking response object

06-09-2024T14:38:17 - [MESSAGE][INFO] - Liverpool

06-09-2024T14:38:17 - [MESSAGE][PASSED] - totalplay.Common.verifyPropertyValueExist is PASSED

06-09-2024T14:38:17 - [TEST_STEP][PASSED] - totalplay.Common.getBooleanValueofObject(FoodSLP, components_2_componentAssets_1_storeList_0_storeOpen): totalplay.Common.getBooleanValueofObject is PASSED

06-09-2024T14:38:17 - [MESSAGE][INFO] - Checking response object

06-09-2024T14:38:17 - [MESSAGE][PASSED] - totalplay.Common.getBooleanValueofObject is PASSED

06-09-2024T14:38:17 - [TEST_STEP][PASSED] - totalplay.Common.getBooleanValueofObject(FoodSLP, components_2_componentAssets_1_storeList_0_link): totalplay.Common.getBooleanValueofObject is PASSED

06-09-2024T14:38:17 - [MESSAGE][INFO] - Checking response object

06-09-2024T14:38:17 - [MESSAGE][PASSED] - totalplay.Common.getBooleanValueofObject is PASSED

06-09-2024T14:38:17 - [TEST_STEP][PASSED] - totalplay.Common.verifyPropertyExist(FoodSLP, components_2_componentAssets_1_storeList_0_linkType): totalplay.Common.verifyPropertyExist is PASSED

06-09-2024T14:38:17 - [MESSAGE][INFO] - Checking response object

06-09-2024T14:38:17 - [MESSAGE][PASSED] - totalplay.Common.verifyPropertyExist is PASSED

06-09-2024T14:38:17 - [TEST_STEP][PASSED] - totalplay.Common.verifyPropertyValueExist(FoodSLP, components_2_componentAssets_1_storeList_0_linkType): totalplay.Common.verifyPropertyValueExist is PASSED

06-09-2024T14:38:17 - [MESSAGE][INFO] - Checking response object

06-09-2024T14:38:17 - [MESSAGE][INFO] - PLP

06-09-2024T14:38:17 - [MESSAGE][PASSED] - totalplay.Common.verifyPropertyValueExist is PASSED

06-09-2024T14:38:17 - [TEST_STEP][PASSED] - totalplay.Common.verifyPropertyExist(FoodSLP, components_2_componentAssets_1_storeList_0_ondemandEDD): totalplay.Common.verifyPropertyExist is PASSED

06-09-2024T14:38:17 - [MESSAGE][INFO] - Checking response object

06-09-2024T14:38:17 - [MESSAGE][PASSED] - totalplay.Common.verifyPropertyExist is PASSED

06-09-2024T14:38:17 - [TEST_STEP][PASSED] - totalplay.Common.verifyPropertyValueExist(FoodSLP, components_2_componentAssets_1_storeList_0_ondemandEDD): totalplay.Common.verifyPropertyValueExist is PASSED

06-09-2024T14:38:17 - [MESSAGE][INFO] - Checking response object

06-09-2024T14:38:17 - [MESSAGE][INFO] - 90 Min

06-09-2024T14:38:17 - [MESSAGE][PASSED] - totalplay.Common.verifyPropertyValueExist is PASSED

06-09-2024T14:38:17 - [TEST_STEP][PASSED] - totalplay.Common.verifyPropertyExist(FoodSLP, components_3_carouselHeading): totalplay.Common.verifyPropertyExist is PASSED

06-09-2024T14:38:17 - [MESSAGE][INFO] - Checking response object

06-09-2024T14:38:17 - [MESSAGE][PASSED] - totalplay.Common.verifyPropertyExist is PASSED

06-09-2024T14:38:17 - [TEST_STEP][PASSED] - totalplay.Common.verifyPropertyValueExist(FoodSLP, components_3_carouselHeading): totalplay.Common.verifyPropertyValueExist is PASSED

06-09-2024T14:38:17 - [MESSAGE][INFO] - Checking response object

06-09-2024T14:38:17 - [MESSAGE][INFO] - Los más populares

06-09-2024T14:38:17 - [MESSAGE][PASSED] - totalplay.Common.verifyPropertyValueExist is PASSED

06-09-2024T14:38:17 - [TEST_STEP][PASSED] - totalplay.Common.verifyPropertyExist(FoodSLP, components_3_viewType): totalplay.Common.verifyPropertyExist is PASSED

06-09-2024T14:38:17 - [MESSAGE][INFO] - Checking response object

06-09-2024T14:38:17 - [MESSAGE][PASSED] - totalplay.Common.verifyPropertyExist is PASSED

06-09-2024T14:38:17 - [TEST_STEP][PASSED] - totalplay.Common.verifyPropertyValueExist(FoodSLP, components_3_viewType): totalplay.Common.verifyPropertyValueExist is PASSED

06-09-2024T14:38:17 - [MESSAGE][INFO] - Checking response object

06-09-2024T14:38:17 - [MESSAGE][INFO] - veritcal

06-09-2024T14:38:17 - [MESSAGE][PASSED] - totalplay.Common.verifyPropertyValueExist is PASSED

06-09-2024T14:38:17 - [TEST_STEP][PASSED] - totalplay.Common.verifyPropertyExist(FoodSLP, components_3_linesToDisplay): totalplay.Common.verifyPropertyExist is PASSED

06-09-2024T14:38:17 - [MESSAGE][INFO] - Checking response object

06-09-2024T14:38:17 - [MESSAGE][PASSED] - totalplay.Common.verifyPropertyExist is PASSED

06-09-2024T14:38:17 - [TEST_STEP][PASSED] - totalplay.Common.verifyPropertyValueExist(FoodSLP, components_3_linesToDisplay): totalplay.Common.verifyPropertyValueExist is PASSED

06-09-2024T14:38:17 - [MESSAGE][INFO] - Checking response object

06-09-2024T14:38:17 - [MESSAGE][INFO] - one line display

06-09-2024T14:38:17 - [MESSAGE][PASSED] - totalplay.Common.verifyPropertyValueExist is PASSED

06-09-2024T14:38:17 - [TEST_STEP][PASSED] - totalplay.Common.verifyPropertyExist(FoodSLP, components_3_heading): totalplay.Common.verifyPropertyExist is PASSED

06-09-2024T14:38:17 - [MESSAGE][INFO] - Checking response object

06-09-2024T14:38:17 - [MESSAGE][PASSED] - totalplay.Common.verifyPropertyExist is PASSED

06-09-2024T14:38:17 - [TEST_STEP][PASSED] - totalplay.Common.verifyPropertyValueExist(FoodSLP, components_3_heading): totalplay.Common.verifyPropertyValueExist is PASSED

06-09-2024T14:38:17 - [MESSAGE][INFO] - Checking response object

06-09-2024T14:38:17 - [MESSAGE][INFO] - Los más populares

06-09-2024T14:38:17 - [MESSAGE][PASSED] - totalplay.Common.verifyPropertyValueExist is PASSED]]></system-out>
         <system-err><![CDATA[]]></system-err>
      </testcase>
      <testcase name="Test Cases/TotalPlay-Food/TC_6_Food PDP" time="10.088" classname="Test Cases/TotalPlay-Food/TC_6_Food PDP" status="PASSED">
         <system-out><![CDATA[06-09-2024T14:38:17 - [TEST_CASE][PASSED] - Test Cases/TotalPlay-Food/TC_6_Food PDP: Test Cases/TotalPlay-Food/TC_6_Food PDP

06-09-2024T14:38:18 - [TEST_STEP][PASSED] - callTestCase(findTestCase("TotalPlay-Food/TC_1_Login_Service"), [:], STOP_ON_FAILURE): Call Test Case 'Test Cases/TotalPlay-Food/TC_1_Login_Service' successfully

06-09-2024T14:38:18 - [MESSAGE][INFO] - Checking called Test Case

06-09-2024T14:38:18 - [MESSAGE][INFO] - Starting to call Test Case 'Test Cases/TotalPlay-Food/TC_1_Login_Service'

06-09-2024T14:38:18 - [TEST_CASE][PASSED] - Test Cases/TotalPlay-Food/TC_1_Login_Service: Test Cases/TotalPlay-Food/TC_1_Login_Service

06-09-2024T14:38:18 - [TEST_STEP][PASSED] - LoginResponse = sendRequest(findTestObject("TotalPlay-Food/getTokenDelivery", ["URL":URL])): Send request successfully

06-09-2024T14:38:18 - [MESSAGE][INFO] - Finding Test Object 'Object Repository/TotalPlay-Food/getTokenDelivery'

06-09-2024T14:38:19 - [MESSAGE][INFO] - Checking request object

06-09-2024T14:38:21 - [MESSAGE][INFO] - HAR: C:\Users\ShubhamKumarThakur\OneDrive - Kognivera\Documents\TotalPlay\totalplay-automation\Reports\20240906_143744\Food_Service_Normal_Flow_PlaceOrder\20240906_143744\requests\main\3.har

06-09-2024T14:38:21 - [MESSAGE][PASSED] - Send request successfully

06-09-2024T14:38:21 - [TEST_STEP][PASSED] - assert getResponseStatusCode(LoginResponse) == 200: Checking response object

06-09-2024T14:38:21 - [MESSAGE][INFO] - Checking response object

06-09-2024T14:38:21 - [TEST_STEP][PASSED] - Auth = "ocapiResponse.access_token": null

06-09-2024T14:38:21 - [TEST_STEP][PASSED] - FoodBascketId = "ocapiResponse.c_basketId_TP_FOOD": null

06-09-2024T14:38:21 - [TEST_STEP][PASSED] - FoodBasId = getElementPropertyValue(LoginResponse, FoodBascketId): Checking response object

06-09-2024T14:38:21 - [MESSAGE][INFO] - Checking response object

06-09-2024T14:38:21 - [TEST_STEP][PASSED] - sfccAuthorization = getElementPropertyValue(LoginResponse, Auth): Checking response object

06-09-2024T14:38:21 - [MESSAGE][INFO] - Checking response object

06-09-2024T14:38:21 - [TEST_STEP][PASSED] - Authorization = "Bearer " + sfccAuthorization: null

06-09-2024T14:38:21 - [TEST_STEP][PASSED] - FoodBasketId = FoodBasId: null

06-09-2024T14:38:21 - [TEST_STEP][PASSED] - logInfo(bm_auth_token): 

06-09-2024T14:38:21 - [MESSAGE][INFO] - 

06-09-2024T14:38:21 - [TEST_STEP][PASSED] - if (sfccAuthorization.length() == 0): null

06-09-2024T14:38:21 - [TEST_STEP][PASSED] - else: authorization generated

06-09-2024T14:38:21 - [TEST_STEP][PASSED] - markPassed("authorization generated"): authorization generated

06-09-2024T14:38:21 - [MESSAGE][PASSED] - authorization generated

06-09-2024T14:38:21 - [TEST_STEP][PASSED] - BasketId_loginResponse = "ocapiResponse.c_basketId": null

06-09-2024T14:38:21 - [TEST_STEP][PASSED] - CustomerId_loginResponse = "ocapiResponse.customer_id": null

06-09-2024T14:38:21 - [TEST_STEP][PASSED] - basketId = getElementPropertyValue(LoginResponse, BasketId_loginResponse): Checking response object

06-09-2024T14:38:21 - [MESSAGE][INFO] - Checking response object

06-09-2024T14:38:21 - [TEST_STEP][PASSED] - customerId = getElementPropertyValue(LoginResponse, CustomerId_loginResponse): Checking response object

06-09-2024T14:38:21 - [MESSAGE][INFO] - Checking response object

06-09-2024T14:38:21 - [TEST_STEP][PASSED] - basketID = basketId: null

06-09-2024T14:38:21 - [TEST_STEP][PASSED] - sla_customerId = customerId: null

06-09-2024T14:38:21 - [TEST_STEP][PASSED] - println(basketID): null

06-09-2024T14:38:21 - [TEST_STEP][PASSED] - println(sla_customerId): null

06-09-2024T14:38:21 - [TEST_STEP][PASSED] - refresh_token = "ocapiResponse.refresh_token": null

06-09-2024T14:38:21 - [TEST_STEP][PASSED] - customer_email = "ocapiResponse.customer_email": null

06-09-2024T14:38:21 - [TEST_STEP][PASSED] - c_brmId = "ocapiResponse.c_brmId": null

06-09-2024T14:38:21 - [TEST_STEP][PASSED] - customer_name = "ocapiResponse.customer_name": null

06-09-2024T14:38:21 - [TEST_STEP][PASSED] - totalplay.Common.verifyPropertyExist(LoginResponse, refresh_token): totalplay.Common.verifyPropertyExist is PASSED

06-09-2024T14:38:21 - [MESSAGE][INFO] - Checking response object

06-09-2024T14:38:22 - [MESSAGE][PASSED] - totalplay.Common.verifyPropertyExist is PASSED

06-09-2024T14:38:22 - [TEST_STEP][PASSED] - totalplay.Common.verifyPropertyValueExist(LoginResponse, refresh_token): totalplay.Common.verifyPropertyValueExist is PASSED

06-09-2024T14:38:22 - [MESSAGE][INFO] - Checking response object

06-09-2024T14:38:22 - [MESSAGE][INFO] - FJvB7JXSpvTmr17zkvscGD_tgWEFHZGvXJfb7GCuUas

06-09-2024T14:38:22 - [MESSAGE][PASSED] - totalplay.Common.verifyPropertyValueExist is PASSED

06-09-2024T14:38:22 - [TEST_STEP][PASSED] - totalplay.Common.verifyPropertyExist(LoginResponse, customer_email): totalplay.Common.verifyPropertyExist is PASSED

06-09-2024T14:38:22 - [MESSAGE][INFO] - Checking response object

06-09-2024T14:38:22 - [MESSAGE][PASSED] - totalplay.Common.verifyPropertyExist is PASSED

06-09-2024T14:38:22 - [TEST_STEP][PASSED] - totalplay.Common.verifyPropertyValueExist(LoginResponse, customer_email): totalplay.Common.verifyPropertyValueExist is PASSED

06-09-2024T14:38:22 - [MESSAGE][INFO] - Checking response object

06-09-2024T14:38:22 - [MESSAGE][INFO] - cesar.waldo93@gmail.com

06-09-2024T14:38:22 - [MESSAGE][PASSED] - totalplay.Common.verifyPropertyValueExist is PASSED

06-09-2024T14:38:22 - [TEST_STEP][PASSED] - totalplay.Common.verifyPropertyExist(LoginResponse, customer_name): totalplay.Common.verifyPropertyExist is PASSED

06-09-2024T14:38:22 - [MESSAGE][INFO] - Checking response object

06-09-2024T14:38:22 - [MESSAGE][PASSED] - totalplay.Common.verifyPropertyExist is PASSED

06-09-2024T14:38:22 - [TEST_STEP][PASSED] - totalplay.Common.verifyPropertyValueExist(LoginResponse, customer_name): totalplay.Common.verifyPropertyValueExist is PASSED

06-09-2024T14:38:22 - [MESSAGE][INFO] - Checking response object

06-09-2024T14:38:22 - [MESSAGE][INFO] - CESAR GERARDO WALDO GONZALEZ

06-09-2024T14:38:22 - [MESSAGE][PASSED] - totalplay.Common.verifyPropertyValueExist is PASSED

06-09-2024T14:38:22 - [TEST_STEP][PASSED] - totalplay.Common.verifyPropertyExist(LoginResponse, c_brmId): totalplay.Common.verifyPropertyExist is PASSED

06-09-2024T14:38:22 - [MESSAGE][INFO] - Checking response object

06-09-2024T14:38:22 - [MESSAGE][PASSED] - totalplay.Common.verifyPropertyExist is PASSED

06-09-2024T14:38:22 - [TEST_STEP][PASSED] - totalplay.Common.verifyPropertyValueExist(LoginResponse, c_brmId): totalplay.Common.verifyPropertyValueExist is PASSED

06-09-2024T14:38:22 - [MESSAGE][INFO] - Checking response object

06-09-2024T14:38:22 - [MESSAGE][INFO] - 0106378356

06-09-2024T14:38:22 - [MESSAGE][PASSED] - totalplay.Common.verifyPropertyValueExist is PASSED

06-09-2024T14:38:22 - [MESSAGE][PASSED] - Call Test Case 'Test Cases/TotalPlay-Food/TC_1_Login_Service' successfully

06-09-2024T14:38:22 - [TEST_STEP][PASSED] - FoodPDP = sendRequest(findTestObject("TotalPlay-Food/Food PDP", ["URL":URL])): Send request successfully

06-09-2024T14:38:22 - [MESSAGE][INFO] - Finding Test Object 'Object Repository/TotalPlay-Food/Food PDP'

06-09-2024T14:38:22 - [MESSAGE][INFO] - Checking request object

06-09-2024T14:38:24 - [MESSAGE][INFO] - HAR: C:\Users\ShubhamKumarThakur\OneDrive - Kognivera\Documents\TotalPlay\totalplay-automation\Reports\20240906_143744\Food_Service_Normal_Flow_PlaceOrder\20240906_143744\requests\main\4.har

06-09-2024T14:38:24 - [MESSAGE][PASSED] - Send request successfully

06-09-2024T14:38:24 - [TEST_STEP][PASSED] - verifyResponseStatusCode(FoodPDP, 200): Verify response status code successfully

06-09-2024T14:38:24 - [MESSAGE][INFO] - Checking response object

06-09-2024T14:38:24 - [MESSAGE][PASSED] - Verify response status code successfully

06-09-2024T14:38:24 - [TEST_STEP][PASSED] - type = "_type": null

06-09-2024T14:38:24 - [TEST_STEP][PASSED] - brand = "brand": null

06-09-2024T14:38:24 - [TEST_STEP][PASSED] - currency = "currency": null

06-09-2024T14:38:24 - [TEST_STEP][PASSED] - id = "id": null

06-09-2024T14:38:24 - [TEST_STEP][PASSED] - inventory = "inventory": null

06-09-2024T14:38:24 - [TEST_STEP][PASSED] - inventory_type = "inventory._type": null

06-09-2024T14:38:24 - [TEST_STEP][PASSED] - inventory_ats = "inventory.ats": null

06-09-2024T14:38:24 - [TEST_STEP][PASSED] - inventory_backorderable = "inventory.backorderable": null

06-09-2024T14:38:24 - [TEST_STEP][PASSED] - inventory_id = "inventory.id": null

06-09-2024T14:38:24 - [TEST_STEP][PASSED] - inventory_orderable = "inventory.orderable": null

06-09-2024T14:38:24 - [TEST_STEP][PASSED] - inventory_preorderable = "inventory.preorderable": null

06-09-2024T14:38:24 - [TEST_STEP][PASSED] - inventory_stock_level = "inventory.stock_level": null

06-09-2024T14:38:24 - [TEST_STEP][PASSED] - min_order_quantity = "min_order_quantity": null

06-09-2024T14:38:24 - [TEST_STEP][PASSED] - name = "name": null

06-09-2024T14:38:24 - [TEST_STEP][PASSED] - price = "price": null

06-09-2024T14:38:24 - [TEST_STEP][PASSED] - price_per_unit = "price_per_unit": null

06-09-2024T14:38:24 - [TEST_STEP][PASSED] - product_promotions = "product_promotions": null

06-09-2024T14:38:24 - [TEST_STEP][PASSED] - product_promotions_type = "product_promotions[0]._type": null

06-09-2024T14:38:24 - [TEST_STEP][PASSED] - product_promotions_link = "product_promotions[0].link": null

06-09-2024T14:38:24 - [TEST_STEP][PASSED] - product_promotions_promotion_id = "product_promotions[0].promotion_id": null

06-09-2024T14:38:24 - [TEST_STEP][PASSED] - step_quantity = "step_quantity": null

06-09-2024T14:38:24 - [TEST_STEP][PASSED] - type_type = "type._type": null

06-09-2024T14:38:24 - [TEST_STEP][PASSED] - c_PromoAvailable = "c_PromoAvailable": null

06-09-2024T14:38:24 - [TEST_STEP][PASSED] - c_corporateName = "c_corporateName": null

06-09-2024T14:38:24 - [TEST_STEP][PASSED] - c_description = "c_description": null

06-09-2024T14:38:24 - [TEST_STEP][PASSED] - c_discountPercentage = "c_discountPercentage": null

06-09-2024T14:38:24 - [TEST_STEP][PASSED] - c_individualDelivery = "c_individualDelivery": null

06-09-2024T14:38:24 - [TEST_STEP][PASSED] - c_marketplaceProduct = "c_marketplaceProduct": null

06-09-2024T14:38:24 - [TEST_STEP][PASSED] - c_miraklProductDataSource = "c_miraklProductDataSource": null

06-09-2024T14:38:24 - [TEST_STEP][PASSED] - c_miraklProductId = "c_miraklProductId": null

06-09-2024T14:38:24 - [TEST_STEP][PASSED] - c_miraklShopID = "c_miraklShopID": null

06-09-2024T14:38:24 - [TEST_STEP][PASSED] - c_miraklShopName = "c_miraklShopName": null

06-09-2024T14:38:24 - [TEST_STEP][PASSED] - c_productType = "c_productType": null

06-09-2024T14:38:24 - [TEST_STEP][PASSED] - c_promotionName = "c_promotionName": null

06-09-2024T14:38:24 - [TEST_STEP][PASSED] - c_sapId = "c_sapId": null

06-09-2024T14:38:24 - [TEST_STEP][PASSED] - c_selectable = "c_selectable": null

06-09-2024T14:38:24 - [TEST_STEP][PASSED] - c_seller_lead_times = "c_seller-lead-times": null

06-09-2024T14:38:24 - [TEST_STEP][PASSED] - c_sellerDescription = "c_sellerDescription": null

06-09-2024T14:38:24 - [TEST_STEP][PASSED] - c_shopIdName = "c_shopIdName": null

06-09-2024T14:38:24 - [TEST_STEP][PASSED] - c_tpshop = "c_tpshop": null

06-09-2024T14:38:24 - [TEST_STEP][PASSED] - c_updateMiraklImages = "c_updateMiraklImages": null

06-09-2024T14:38:24 - [TEST_STEP][PASSED] - c_verticalType = "c_verticalType": null

06-09-2024T14:38:24 - [TEST_STEP][PASSED] - c_salePrice = "c_salePrice": null

06-09-2024T14:38:24 - [TEST_STEP][PASSED] - c_salePrice_value = "c_salePrice.value": null

06-09-2024T14:38:24 - [TEST_STEP][PASSED] - c_salePrice_currency = "c_salePrice.currency": null

06-09-2024T14:38:24 - [TEST_STEP][PASSED] - c_salePrice_decimalPrice = "c_salePrice.decimalPrice": null

06-09-2024T14:38:24 - [TEST_STEP][PASSED] - c_basePrice = "c_basePrice": null

06-09-2024T14:38:24 - [TEST_STEP][PASSED] - c_basePrice_currency = "c_basePrice.currency": null

06-09-2024T14:38:24 - [TEST_STEP][PASSED] - c_basePrice_decimalPrice = "c_basePrice.decimalPrice": null

06-09-2024T14:38:24 - [TEST_STEP][PASSED] - c_similarProducts = "c_similarProducts": null

06-09-2024T14:38:24 - [TEST_STEP][PASSED] - c_similarProducts_online = "c_similarProducts[0].online": null

06-09-2024T14:38:24 - [TEST_STEP][PASSED] - c_similarProducts_link = "c_similarProducts[0].link": null

06-09-2024T14:38:24 - [TEST_STEP][PASSED] - c_similarProducts_linkType = "c_similarProducts[0].linkType": null

06-09-2024T14:38:24 - [TEST_STEP][PASSED] - c_similarProducts_productId = "c_similarProducts[0].productId": null

06-09-2024T14:38:24 - [TEST_STEP][PASSED] - c_similarProducts_productName = "c_similarProducts[0].productName": null

06-09-2024T14:38:24 - [TEST_STEP][PASSED] - c_similarProducts_productDesc = "c_similarProducts[0].productDesc": null

06-09-2024T14:38:24 - [TEST_STEP][PASSED] - c_similarProducts_productType = "c_similarProducts[0].productType": null

06-09-2024T14:38:24 - [TEST_STEP][PASSED] - c_similarProducts_basePrice = "c_similarProducts[0].basePrice": null

06-09-2024T14:38:24 - [TEST_STEP][PASSED] - c_similarProducts_basePrice_currency = "c_similarProducts[0].basePrice.currency": null

06-09-2024T14:38:24 - [TEST_STEP][PASSED] - c_similarProducts_basePrice_decimalPrice = "c_similarProducts[0].basePrice.decimalPrice": null

06-09-2024T14:38:24 - [TEST_STEP][PASSED] - c_similarProducts_salePrice = "c_similarProducts[0].salePrice": null

06-09-2024T14:38:24 - [TEST_STEP][PASSED] - c_similarProducts_salePrice_value = "c_similarProducts[0].salePrice.value": null

06-09-2024T14:38:24 - [TEST_STEP][PASSED] - c_similarProducts_salePrice_currency = "c_similarProducts[0].salePrice.currency": null

06-09-2024T14:38:24 - [TEST_STEP][PASSED] - c_similarProducts_salePrice_formatted = "c_similarProducts[0].salePrice.formatted": null

06-09-2024T14:38:24 - [TEST_STEP][PASSED] - c_similarProducts_image_alt = "c_similarProducts[0].image[0].alt": null

06-09-2024T14:38:24 - [TEST_STEP][PASSED] - c_similarProducts_image_url = "c_similarProducts[0].image[0].url": null

06-09-2024T14:38:24 - [TEST_STEP][PASSED] - c_similarProducts_imagetitle = "c_similarProducts[0].image[0].title": null

06-09-2024T14:38:24 - [TEST_STEP][PASSED] - c_similarProducts_discount_percentage = "c_similarProducts[0].discount_percentage": null

06-09-2024T14:38:24 - [TEST_STEP][PASSED] - c_similarProducts_promotionName = "c_similarProducts[0].promotionName": null

06-09-2024T14:38:24 - [TEST_STEP][PASSED] - c_similarProducts_promotionName_calloutMsg = "c_similarProducts[0].promotionName[0].calloutMsg": null

06-09-2024T14:38:24 - [TEST_STEP][PASSED] - c_similarProducts_promotionName_details = "c_similarProducts[0].promotionName[0].details": null

06-09-2024T14:38:24 - [TEST_STEP][PASSED] - c_similarProducts_promotionName_enabled = "c_similarProducts[0].promotionName[0].enabled": null

06-09-2024T14:38:24 - [TEST_STEP][PASSED] - c_similarProducts_promotionName_id = "c_similarProducts[0].promotionName[0].id": null

06-09-2024T14:38:24 - [TEST_STEP][PASSED] - c_similarProducts_promotionName_name = "c_similarProducts[0].promotionName[0].name": null

06-09-2024T14:38:24 - [TEST_STEP][PASSED] - c_similarProducts_promotionName_promotionClass = "c_similarProducts[0].promotionName[0].promotionClass": null

06-09-2024T14:38:24 - [TEST_STEP][PASSED] - c_similarProducts_promotionName_rank = "c_similarProducts[0].promotionName[0].rank": null

06-09-2024T14:38:24 - [TEST_STEP][PASSED] - c_similarProducts_promoPrice = "c_similarProducts[0].promoPrice": null

06-09-2024T14:38:24 - [TEST_STEP][PASSED] - c_similarProducts_isVariant = "c_similarProducts[0].isVariant": null

06-09-2024T14:38:24 - [TEST_STEP][PASSED] - c_similarProducts_colorSwatches = "c_similarProducts[0].colorSwatches": null

06-09-2024T14:38:24 - [TEST_STEP][PASSED] - c_similarProducts_emi_installment_amount = "c_similarProducts[0].emi_installment_amount": null

06-09-2024T14:38:24 - [TEST_STEP][PASSED] - c_similarProducts_bestOfferPrice = "c_similarProducts[0].bestOfferPrice": null

06-09-2024T14:38:24 - [TEST_STEP][PASSED] - totalplay.Common.verifyPropertyExist(FoodPDP, type): totalplay.Common.verifyPropertyExist is PASSED

06-09-2024T14:38:24 - [MESSAGE][INFO] - Checking response object

06-09-2024T14:38:24 - [MESSAGE][PASSED] - totalplay.Common.verifyPropertyExist is PASSED

06-09-2024T14:38:24 - [TEST_STEP][PASSED] - totalplay.Common.verifyPropertyValueExist(FoodPDP, type): totalplay.Common.verifyPropertyValueExist is PASSED

06-09-2024T14:38:24 - [MESSAGE][INFO] - Checking response object

06-09-2024T14:38:25 - [MESSAGE][INFO] - product

06-09-2024T14:38:25 - [MESSAGE][PASSED] - totalplay.Common.verifyPropertyValueExist is PASSED

06-09-2024T14:38:25 - [TEST_STEP][PASSED] - totalplay.Common.verifyPropertyExist(FoodPDP, brand): totalplay.Common.verifyPropertyExist is PASSED

06-09-2024T14:38:25 - [MESSAGE][INFO] - Checking response object

06-09-2024T14:38:25 - [MESSAGE][PASSED] - totalplay.Common.verifyPropertyExist is PASSED

06-09-2024T14:38:25 - [TEST_STEP][PASSED] - totalplay.Common.verifyPropertyValueExist(FoodPDP, brand): totalplay.Common.verifyPropertyValueExist is PASSED

06-09-2024T14:38:25 - [MESSAGE][INFO] - Checking response object

06-09-2024T14:38:25 - [MESSAGE][INFO] - Casa de Too

06-09-2024T14:38:25 - [MESSAGE][PASSED] - totalplay.Common.verifyPropertyValueExist is PASSED

06-09-2024T14:38:25 - [TEST_STEP][PASSED] - totalplay.Common.verifyPropertyExist(FoodPDP, currency): totalplay.Common.verifyPropertyExist is PASSED

06-09-2024T14:38:25 - [MESSAGE][INFO] - Checking response object

06-09-2024T14:38:25 - [MESSAGE][PASSED] - totalplay.Common.verifyPropertyExist is PASSED

06-09-2024T14:38:25 - [TEST_STEP][PASSED] - totalplay.Common.verifyPropertyValueExist(FoodPDP, currency): totalplay.Common.verifyPropertyValueExist is PASSED

06-09-2024T14:38:25 - [MESSAGE][INFO] - Checking response object

06-09-2024T14:38:25 - [MESSAGE][INFO] - MXN

06-09-2024T14:38:25 - [MESSAGE][PASSED] - totalplay.Common.verifyPropertyValueExist is PASSED

06-09-2024T14:38:25 - [TEST_STEP][PASSED] - totalplay.Common.verifyPropertyExist(FoodPDP, id): totalplay.Common.verifyPropertyExist is PASSED

06-09-2024T14:38:25 - [MESSAGE][INFO] - Checking response object

06-09-2024T14:38:25 - [MESSAGE][PASSED] - totalplay.Common.verifyPropertyExist is PASSED

06-09-2024T14:38:25 - [TEST_STEP][PASSED] - totalplay.Common.verifyPropertyValueExist(FoodPDP, id): totalplay.Common.verifyPropertyValueExist is PASSED

06-09-2024T14:38:25 - [MESSAGE][INFO] - Checking response object

06-09-2024T14:38:25 - [MESSAGE][INFO] - C163098040

06-09-2024T14:38:25 - [MESSAGE][PASSED] - totalplay.Common.verifyPropertyValueExist is PASSED

06-09-2024T14:38:25 - [TEST_STEP][PASSED] - totalplay.Common.verifyPropertyExist(FoodPDP, inventory): totalplay.Common.verifyPropertyExist is PASSED

06-09-2024T14:38:25 - [MESSAGE][INFO] - Checking response object

06-09-2024T14:38:25 - [MESSAGE][PASSED] - totalplay.Common.verifyPropertyExist is PASSED

06-09-2024T14:38:25 - [TEST_STEP][PASSED] - totalplay.Common.verifyPropertyExist(FoodPDP, inventory_type): totalplay.Common.verifyPropertyExist is PASSED

06-09-2024T14:38:25 - [MESSAGE][INFO] - Checking response object

06-09-2024T14:38:25 - [MESSAGE][PASSED] - totalplay.Common.verifyPropertyExist is PASSED

06-09-2024T14:38:25 - [TEST_STEP][PASSED] - totalplay.Common.verifyPropertyValueExist(FoodPDP, inventory_type): totalplay.Common.verifyPropertyValueExist is PASSED

06-09-2024T14:38:25 - [MESSAGE][INFO] - Checking response object

06-09-2024T14:38:25 - [MESSAGE][INFO] - inventory

06-09-2024T14:38:25 - [MESSAGE][PASSED] - totalplay.Common.verifyPropertyValueExist is PASSED

06-09-2024T14:38:25 - [TEST_STEP][PASSED] - totalplay.Common.getNumValueofObject(FoodPDP, inventory_ats): totalplay.Common.getNumValueofObject is PASSED

06-09-2024T14:38:25 - [MESSAGE][INFO] - Checking response object

06-09-2024T14:38:25 - [MESSAGE][PASSED] - totalplay.Common.getNumValueofObject is PASSED

06-09-2024T14:38:25 - [TEST_STEP][PASSED] - totalplay.Common.getBooleanValueofObject(FoodPDP, inventory_backorderable): totalplay.Common.getBooleanValueofObject is PASSED

06-09-2024T14:38:25 - [MESSAGE][INFO] - Checking response object

06-09-2024T14:38:25 - [MESSAGE][PASSED] - totalplay.Common.getBooleanValueofObject is PASSED

06-09-2024T14:38:25 - [TEST_STEP][PASSED] - totalplay.Common.verifyPropertyExist(FoodPDP, inventory_id): totalplay.Common.verifyPropertyExist is PASSED

06-09-2024T14:38:25 - [MESSAGE][INFO] - Checking response object

06-09-2024T14:38:25 - [MESSAGE][PASSED] - totalplay.Common.verifyPropertyExist is PASSED

06-09-2024T14:38:25 - [TEST_STEP][PASSED] - totalplay.Common.verifyPropertyValueExist(FoodPDP, inventory_id): totalplay.Common.verifyPropertyValueExist is PASSED

06-09-2024T14:38:25 - [MESSAGE][INFO] - Checking response object

06-09-2024T14:38:25 - [MESSAGE][INFO] - inventory_m_food_mirakl

06-09-2024T14:38:25 - [MESSAGE][PASSED] - totalplay.Common.verifyPropertyValueExist is PASSED

06-09-2024T14:38:25 - [TEST_STEP][PASSED] - totalplay.Common.getBooleanValueofObject(FoodPDP, inventory_orderable): totalplay.Common.getBooleanValueofObject is PASSED

06-09-2024T14:38:25 - [MESSAGE][INFO] - Checking response object

06-09-2024T14:38:25 - [MESSAGE][PASSED] - totalplay.Common.getBooleanValueofObject is PASSED

06-09-2024T14:38:25 - [TEST_STEP][PASSED] - totalplay.Common.getBooleanValueofObject(FoodPDP, inventory_preorderable): totalplay.Common.getBooleanValueofObject is PASSED

06-09-2024T14:38:25 - [MESSAGE][INFO] - Checking response object

06-09-2024T14:38:25 - [MESSAGE][PASSED] - totalplay.Common.getBooleanValueofObject is PASSED

06-09-2024T14:38:25 - [TEST_STEP][PASSED] - totalplay.Common.getNumValueofObject(FoodPDP, inventory_stock_level): totalplay.Common.getNumValueofObject is PASSED

06-09-2024T14:38:25 - [MESSAGE][INFO] - Checking response object

06-09-2024T14:38:25 - [MESSAGE][PASSED] - totalplay.Common.getNumValueofObject is PASSED

06-09-2024T14:38:25 - [TEST_STEP][PASSED] - totalplay.Common.getNumValueofObject(FoodPDP, min_order_quantity): totalplay.Common.getNumValueofObject is PASSED

06-09-2024T14:38:25 - [MESSAGE][INFO] - Checking response object

06-09-2024T14:38:25 - [MESSAGE][PASSED] - totalplay.Common.getNumValueofObject is PASSED

06-09-2024T14:38:25 - [TEST_STEP][PASSED] - totalplay.Common.verifyPropertyExist(FoodPDP, name): totalplay.Common.verifyPropertyExist is PASSED

06-09-2024T14:38:25 - [MESSAGE][INFO] - Checking response object

06-09-2024T14:38:25 - [MESSAGE][PASSED] - totalplay.Common.verifyPropertyExist is PASSED

06-09-2024T14:38:25 - [TEST_STEP][PASSED] - totalplay.Common.verifyPropertyValueExist(FoodPDP, name): totalplay.Common.verifyPropertyValueExist is PASSED

06-09-2024T14:38:25 - [MESSAGE][INFO] - Checking response object

06-09-2024T14:38:25 - [MESSAGE][INFO] - Sidral 355 ml

06-09-2024T14:38:25 - [MESSAGE][PASSED] - totalplay.Common.verifyPropertyValueExist is PASSED

06-09-2024T14:38:25 - [TEST_STEP][PASSED] - totalplay.Common.getNumValueofObject(FoodPDP, price): totalplay.Common.getNumValueofObject is PASSED

06-09-2024T14:38:25 - [MESSAGE][INFO] - Checking response object

06-09-2024T14:38:25 - [MESSAGE][PASSED] - totalplay.Common.getNumValueofObject is PASSED

06-09-2024T14:38:25 - [TEST_STEP][PASSED] - totalplay.Common.getNumValueofObject(FoodPDP, price_per_unit): totalplay.Common.getNumValueofObject is PASSED

06-09-2024T14:38:25 - [MESSAGE][INFO] - Checking response object

06-09-2024T14:38:25 - [MESSAGE][PASSED] - totalplay.Common.getNumValueofObject is PASSED

06-09-2024T14:38:25 - [TEST_STEP][PASSED] - totalplay.Common.verifyPropertyExist(FoodPDP, type_type): totalplay.Common.verifyPropertyExist is PASSED

06-09-2024T14:38:25 - [MESSAGE][INFO] - Checking response object

06-09-2024T14:38:25 - [MESSAGE][PASSED] - totalplay.Common.verifyPropertyExist is PASSED

06-09-2024T14:38:25 - [TEST_STEP][PASSED] - totalplay.Common.verifyPropertyValueExist(FoodPDP, type_type): totalplay.Common.verifyPropertyValueExist is PASSED

06-09-2024T14:38:25 - [MESSAGE][INFO] - Checking response object

06-09-2024T14:38:25 - [MESSAGE][INFO] - product_type

06-09-2024T14:38:25 - [MESSAGE][PASSED] - totalplay.Common.verifyPropertyValueExist is PASSED

06-09-2024T14:38:25 - [TEST_STEP][PASSED] - totalplay.Common.verifyPropertyExist(FoodPDP, c_PromoAvailable): totalplay.Common.verifyPropertyExist is PASSED

06-09-2024T14:38:25 - [MESSAGE][INFO] - Checking response object

06-09-2024T14:38:25 - [MESSAGE][PASSED] - totalplay.Common.verifyPropertyExist is PASSED

06-09-2024T14:38:25 - [TEST_STEP][PASSED] - totalplay.Common.verifyPropertyValueExist(FoodPDP, c_PromoAvailable): totalplay.Common.verifyPropertyValueExist is PASSED

06-09-2024T14:38:25 - [MESSAGE][INFO] - Checking response object

06-09-2024T14:38:25 - [MESSAGE][INFO] - no

06-09-2024T14:38:25 - [MESSAGE][PASSED] - totalplay.Common.verifyPropertyValueExist is PASSED

06-09-2024T14:38:25 - [TEST_STEP][PASSED] - totalplay.Common.verifyPropertyExist(FoodPDP, c_description): totalplay.Common.verifyPropertyExist is PASSED

06-09-2024T14:38:25 - [MESSAGE][INFO] - Checking response object

06-09-2024T14:38:25 - [MESSAGE][PASSED] - totalplay.Common.verifyPropertyExist is PASSED

06-09-2024T14:38:25 - [TEST_STEP][PASSED] - totalplay.Common.verifyPropertyValueExist(FoodPDP, c_description): totalplay.Common.verifyPropertyValueExist is PASSED

06-09-2024T14:38:25 - [MESSAGE][INFO] - Checking response object

06-09-2024T14:38:25 - [MESSAGE][INFO] - 355 ml

06-09-2024T14:38:26 - [MESSAGE][PASSED] - totalplay.Common.verifyPropertyValueExist is PASSED

06-09-2024T14:38:26 - [TEST_STEP][PASSED] - totalplay.Common.getBooleanValueofObject(FoodPDP, c_individualDelivery): totalplay.Common.getBooleanValueofObject is PASSED

06-09-2024T14:38:26 - [MESSAGE][INFO] - Checking response object

06-09-2024T14:38:26 - [MESSAGE][PASSED] - totalplay.Common.getBooleanValueofObject is PASSED

06-09-2024T14:38:26 - [TEST_STEP][PASSED] - totalplay.Common.getBooleanValueofObject(FoodPDP, c_marketplaceProduct): totalplay.Common.getBooleanValueofObject is PASSED

06-09-2024T14:38:26 - [MESSAGE][INFO] - Checking response object

06-09-2024T14:38:26 - [MESSAGE][PASSED] - totalplay.Common.getBooleanValueofObject is PASSED

06-09-2024T14:38:26 - [TEST_STEP][PASSED] - totalplay.Common.verifyPropertyExist(FoodPDP, c_miraklProductDataSource): totalplay.Common.verifyPropertyExist is PASSED

06-09-2024T14:38:26 - [MESSAGE][INFO] - Checking response object

06-09-2024T14:38:26 - [MESSAGE][PASSED] - totalplay.Common.verifyPropertyExist is PASSED

06-09-2024T14:38:26 - [TEST_STEP][PASSED] - totalplay.Common.verifyPropertyValueExist(FoodPDP, c_miraklProductDataSource): totalplay.Common.verifyPropertyValueExist is PASSED

06-09-2024T14:38:26 - [MESSAGE][INFO] - Checking response object

06-09-2024T14:38:26 - [MESSAGE][INFO] - MIRAKL

06-09-2024T14:38:26 - [MESSAGE][PASSED] - totalplay.Common.verifyPropertyValueExist is PASSED

06-09-2024T14:38:26 - [TEST_STEP][PASSED] - totalplay.Common.verifyPropertyExist(FoodPDP, c_miraklProductId): totalplay.Common.verifyPropertyExist is PASSED

06-09-2024T14:38:26 - [MESSAGE][INFO] - Checking response object

06-09-2024T14:38:26 - [MESSAGE][PASSED] - totalplay.Common.verifyPropertyExist is PASSED

06-09-2024T14:38:26 - [TEST_STEP][PASSED] - totalplay.Common.verifyPropertyValueExist(FoodPDP, c_miraklProductId): totalplay.Common.verifyPropertyValueExist is PASSED

06-09-2024T14:38:26 - [MESSAGE][INFO] - Checking response object

06-09-2024T14:38:26 - [MESSAGE][INFO] - 1abec504-de42-434e-bab7-a9ed20259762

06-09-2024T14:38:26 - [MESSAGE][PASSED] - totalplay.Common.verifyPropertyValueExist is PASSED

06-09-2024T14:38:26 - [TEST_STEP][PASSED] - totalplay.Common.verifyPropertyExist(FoodPDP, c_miraklShopID): totalplay.Common.verifyPropertyExist is PASSED

06-09-2024T14:38:26 - [MESSAGE][INFO] - Checking response object

06-09-2024T14:38:26 - [MESSAGE][PASSED] - totalplay.Common.verifyPropertyExist is PASSED

06-09-2024T14:38:26 - [TEST_STEP][PASSED] - totalplay.Common.verifyPropertyExist(FoodPDP, c_miraklShopName): totalplay.Common.verifyPropertyExist is PASSED

06-09-2024T14:38:26 - [MESSAGE][INFO] - Checking response object

06-09-2024T14:38:26 - [MESSAGE][PASSED] - totalplay.Common.verifyPropertyExist is PASSED

06-09-2024T14:38:26 - [TEST_STEP][PASSED] - totalplay.Common.verifyPropertyExist(FoodPDP, c_productType): totalplay.Common.verifyPropertyExist is PASSED

06-09-2024T14:38:26 - [MESSAGE][INFO] - Checking response object

06-09-2024T14:38:26 - [MESSAGE][PASSED] - totalplay.Common.verifyPropertyExist is PASSED

06-09-2024T14:38:26 - [TEST_STEP][PASSED] - totalplay.Common.verifyPropertyValueExist(FoodPDP, c_productType): totalplay.Common.verifyPropertyValueExist is PASSED

06-09-2024T14:38:26 - [MESSAGE][INFO] - Checking response object

06-09-2024T14:38:26 - [MESSAGE][INFO] - regular

06-09-2024T14:38:26 - [MESSAGE][PASSED] - totalplay.Common.verifyPropertyValueExist is PASSED

06-09-2024T14:38:26 - [TEST_STEP][PASSED] - totalplay.Common.verifyPropertyExist(FoodPDP, c_sapId): totalplay.Common.verifyPropertyExist is PASSED

06-09-2024T14:38:26 - [MESSAGE][INFO] - Checking response object

06-09-2024T14:38:26 - [MESSAGE][PASSED] - totalplay.Common.verifyPropertyExist is PASSED

06-09-2024T14:38:26 - [TEST_STEP][PASSED] - totalplay.Common.verifyPropertyValueExist(FoodPDP, c_sapId): totalplay.Common.verifyPropertyValueExist is PASSED

06-09-2024T14:38:26 - [MESSAGE][INFO] - Checking response object

06-09-2024T14:38:26 - [MESSAGE][INFO] - D2515_P077_230508A

06-09-2024T14:38:26 - [MESSAGE][PASSED] - totalplay.Common.verifyPropertyValueExist is PASSED

06-09-2024T14:38:26 - [TEST_STEP][PASSED] - totalplay.Common.verifyPropertyExist(FoodPDP, c_selectable): totalplay.Common.verifyPropertyExist is PASSED

06-09-2024T14:38:26 - [MESSAGE][INFO] - Checking response object

06-09-2024T14:38:26 - [MESSAGE][PASSED] - totalplay.Common.verifyPropertyExist is PASSED

06-09-2024T14:38:26 - [TEST_STEP][PASSED] - totalplay.Common.verifyPropertyValueExist(FoodPDP, c_selectable): totalplay.Common.verifyPropertyValueExist is PASSED

06-09-2024T14:38:26 - [MESSAGE][INFO] - Checking response object

06-09-2024T14:38:26 - [MESSAGE][INFO] - nTrue

06-09-2024T14:38:26 - [MESSAGE][PASSED] - totalplay.Common.verifyPropertyValueExist is PASSED

06-09-2024T14:38:26 - [TEST_STEP][PASSED] - totalplay.Common.verifyPropertyExist(FoodPDP, c_sellerDescription): totalplay.Common.verifyPropertyExist is PASSED

06-09-2024T14:38:26 - [MESSAGE][INFO] - Checking response object

06-09-2024T14:38:26 - [MESSAGE][PASSED] - totalplay.Common.verifyPropertyExist is PASSED

06-09-2024T14:38:26 - [TEST_STEP][PASSED] - totalplay.Common.verifyPropertyValueExist(FoodPDP, c_sellerDescription): totalplay.Common.verifyPropertyValueExist is PASSED

06-09-2024T14:38:26 - [MESSAGE][INFO] - Checking response object

06-09-2024T14:38:26 - [MESSAGE][INFO] - Mexicana|La Casa De Toño Polanco|La Casa De Toño Tlalpan

06-09-2024T14:38:26 - [MESSAGE][PASSED] - totalplay.Common.verifyPropertyValueExist is PASSED

06-09-2024T14:38:26 - [TEST_STEP][PASSED] - totalplay.Common.verifyPropertyExist(FoodPDP, c_shopIdName): totalplay.Common.verifyPropertyExist is PASSED

06-09-2024T14:38:26 - [MESSAGE][INFO] - Checking response object

06-09-2024T14:38:26 - [MESSAGE][PASSED] - totalplay.Common.verifyPropertyExist is PASSED

06-09-2024T14:38:26 - [TEST_STEP][PASSED] - totalplay.Common.getBooleanValueofObject(FoodPDP, c_tpshop): totalplay.Common.getBooleanValueofObject is PASSED

06-09-2024T14:38:26 - [MESSAGE][INFO] - Checking response object

06-09-2024T14:38:26 - [MESSAGE][PASSED] - totalplay.Common.getBooleanValueofObject is PASSED

06-09-2024T14:38:26 - [TEST_STEP][PASSED] - totalplay.Common.getBooleanValueofObject(FoodPDP, c_updateMiraklImages): totalplay.Common.getBooleanValueofObject is PASSED

06-09-2024T14:38:26 - [MESSAGE][INFO] - Checking response object

06-09-2024T14:38:26 - [MESSAGE][PASSED] - totalplay.Common.getBooleanValueofObject is PASSED

06-09-2024T14:38:26 - [TEST_STEP][PASSED] - totalplay.Common.verifyPropertyExist(FoodPDP, c_verticalType): totalplay.Common.verifyPropertyExist is PASSED

06-09-2024T14:38:26 - [MESSAGE][INFO] - Checking response object

06-09-2024T14:38:26 - [MESSAGE][PASSED] - totalplay.Common.verifyPropertyExist is PASSED

06-09-2024T14:38:26 - [TEST_STEP][PASSED] - totalplay.Common.verifyPropertyExist(FoodPDP, c_salePrice): totalplay.Common.verifyPropertyExist is PASSED

06-09-2024T14:38:26 - [MESSAGE][INFO] - Checking response object

06-09-2024T14:38:26 - [MESSAGE][PASSED] - totalplay.Common.verifyPropertyExist is PASSED

06-09-2024T14:38:26 - [TEST_STEP][PASSED] - totalplay.Common.verifyPropertyExist(FoodPDP, c_salePrice_currency): totalplay.Common.verifyPropertyExist is PASSED

06-09-2024T14:38:26 - [MESSAGE][INFO] - Checking response object

06-09-2024T14:38:26 - [MESSAGE][PASSED] - totalplay.Common.verifyPropertyExist is PASSED

06-09-2024T14:38:26 - [TEST_STEP][PASSED] - totalplay.Common.verifyPropertyValueExist(FoodPDP, c_salePrice_currency): totalplay.Common.verifyPropertyValueExist is PASSED

06-09-2024T14:38:26 - [MESSAGE][INFO] - Checking response object

06-09-2024T14:38:26 - [MESSAGE][INFO] - MXN

06-09-2024T14:38:26 - [MESSAGE][PASSED] - totalplay.Common.verifyPropertyValueExist is PASSED

06-09-2024T14:38:26 - [TEST_STEP][PASSED] - totalplay.Common.verifyPropertyExist(FoodPDP, c_salePrice_decimalPrice): totalplay.Common.verifyPropertyExist is PASSED

06-09-2024T14:38:26 - [MESSAGE][INFO] - Checking response object

06-09-2024T14:38:26 - [MESSAGE][PASSED] - totalplay.Common.verifyPropertyExist is PASSED

06-09-2024T14:38:26 - [TEST_STEP][PASSED] - totalplay.Common.verifyPropertyValueExist(FoodPDP, c_salePrice_decimalPrice): totalplay.Common.verifyPropertyValueExist is PASSED

06-09-2024T14:38:26 - [MESSAGE][INFO] - Checking response object

06-09-2024T14:38:26 - [MESSAGE][INFO] - 0.00

06-09-2024T14:38:26 - [MESSAGE][PASSED] - totalplay.Common.verifyPropertyValueExist is PASSED

06-09-2024T14:38:26 - [TEST_STEP][PASSED] - totalplay.Common.verifyPropertyExist(FoodPDP, c_basePrice_currency): totalplay.Common.verifyPropertyExist is PASSED

06-09-2024T14:38:26 - [MESSAGE][INFO] - Checking response object

06-09-2024T14:38:26 - [MESSAGE][PASSED] - totalplay.Common.verifyPropertyExist is PASSED

06-09-2024T14:38:26 - [TEST_STEP][PASSED] - totalplay.Common.verifyPropertyValueExist(FoodPDP, c_basePrice_currency): totalplay.Common.verifyPropertyValueExist is PASSED

06-09-2024T14:38:26 - [MESSAGE][INFO] - Checking response object

06-09-2024T14:38:26 - [MESSAGE][INFO] - MXN

06-09-2024T14:38:26 - [MESSAGE][PASSED] - totalplay.Common.verifyPropertyValueExist is PASSED

06-09-2024T14:38:26 - [TEST_STEP][PASSED] - totalplay.Common.verifyPropertyExist(FoodPDP, c_basePrice_decimalPrice): totalplay.Common.verifyPropertyExist is PASSED

06-09-2024T14:38:26 - [MESSAGE][INFO] - Checking response object

06-09-2024T14:38:26 - [MESSAGE][PASSED] - totalplay.Common.verifyPropertyExist is PASSED

06-09-2024T14:38:26 - [TEST_STEP][PASSED] - totalplay.Common.verifyPropertyValueExist(FoodPDP, c_basePrice_decimalPrice): totalplay.Common.verifyPropertyValueExist is PASSED

06-09-2024T14:38:26 - [MESSAGE][INFO] - Checking response object

06-09-2024T14:38:26 - [MESSAGE][INFO] - 20.00

06-09-2024T14:38:26 - [MESSAGE][PASSED] - totalplay.Common.verifyPropertyValueExist is PASSED

06-09-2024T14:38:26 - [TEST_STEP][PASSED] - totalplay.Common.verifyPropertyExist(FoodPDP, c_similarProducts): totalplay.Common.verifyPropertyExist is PASSED

06-09-2024T14:38:26 - [MESSAGE][INFO] - Checking response object

06-09-2024T14:38:26 - [MESSAGE][PASSED] - totalplay.Common.verifyPropertyExist is PASSED

06-09-2024T14:38:26 - [TEST_STEP][PASSED] - totalplay.Common.getBooleanValueofObject(FoodPDP, c_similarProducts_online): totalplay.Common.getBooleanValueofObject is PASSED

06-09-2024T14:38:26 - [MESSAGE][INFO] - Checking response object

06-09-2024T14:38:26 - [MESSAGE][PASSED] - totalplay.Common.getBooleanValueofObject is PASSED

06-09-2024T14:38:26 - [TEST_STEP][PASSED] - totalplay.Common.verifyPropertyExist(FoodPDP, c_similarProducts_link): totalplay.Common.verifyPropertyExist is PASSED

06-09-2024T14:38:27 - [MESSAGE][INFO] - Checking response object

06-09-2024T14:38:27 - [MESSAGE][PASSED] - totalplay.Common.verifyPropertyExist is PASSED

06-09-2024T14:38:27 - [TEST_STEP][PASSED] - totalplay.Common.verifyPropertyValueExist(FoodPDP, c_similarProducts_link): totalplay.Common.verifyPropertyValueExist is PASSED

06-09-2024T14:38:27 - [MESSAGE][INFO] - Checking response object

06-09-2024T14:38:27 - [MESSAGE][INFO] - /dw/shop/v23_1/content/seller-pdp?sellerID=4158&c_productid=C1134019442

06-09-2024T14:38:27 - [MESSAGE][PASSED] - totalplay.Common.verifyPropertyValueExist is PASSED

06-09-2024T14:38:27 - [TEST_STEP][PASSED] - totalplay.Common.verifyPropertyExist(FoodPDP, c_similarProducts_linkType): totalplay.Common.verifyPropertyExist is PASSED

06-09-2024T14:38:27 - [MESSAGE][INFO] - Checking response object

06-09-2024T14:38:27 - [MESSAGE][PASSED] - totalplay.Common.verifyPropertyExist is PASSED

06-09-2024T14:38:27 - [TEST_STEP][PASSED] - totalplay.Common.verifyPropertyValueExist(FoodPDP, c_similarProducts_linkType): totalplay.Common.verifyPropertyValueExist is PASSED

06-09-2024T14:38:27 - [MESSAGE][INFO] - Checking response object

06-09-2024T14:38:27 - [MESSAGE][INFO] - PDP

06-09-2024T14:38:27 - [MESSAGE][PASSED] - totalplay.Common.verifyPropertyValueExist is PASSED

06-09-2024T14:38:27 - [TEST_STEP][PASSED] - totalplay.Common.verifyPropertyExist(FoodPDP, c_similarProducts_productId): totalplay.Common.verifyPropertyExist is PASSED

06-09-2024T14:38:27 - [MESSAGE][INFO] - Checking response object

06-09-2024T14:38:27 - [MESSAGE][PASSED] - totalplay.Common.verifyPropertyExist is PASSED

06-09-2024T14:38:27 - [TEST_STEP][PASSED] - totalplay.Common.verifyPropertyValueExist(FoodPDP, c_similarProducts_productId): totalplay.Common.verifyPropertyValueExist is PASSED

06-09-2024T14:38:27 - [MESSAGE][INFO] - Checking response object

06-09-2024T14:38:27 - [MESSAGE][INFO] - C1134019442

06-09-2024T14:38:27 - [MESSAGE][PASSED] - totalplay.Common.verifyPropertyValueExist is PASSED

06-09-2024T14:38:27 - [TEST_STEP][PASSED] - totalplay.Common.verifyPropertyExist(FoodPDP, c_similarProducts_productName): totalplay.Common.verifyPropertyExist is PASSED

06-09-2024T14:38:27 - [MESSAGE][INFO] - Checking response object

06-09-2024T14:38:27 - [MESSAGE][PASSED] - totalplay.Common.verifyPropertyExist is PASSED

06-09-2024T14:38:27 - [TEST_STEP][PASSED] - totalplay.Common.verifyPropertyValueExist(FoodPDP, c_similarProducts_productName): totalplay.Common.verifyPropertyValueExist is PASSED

06-09-2024T14:38:27 - [MESSAGE][INFO] - Checking response object

06-09-2024T14:38:27 - [MESSAGE][INFO] - Sprite 355 ml

06-09-2024T14:38:27 - [MESSAGE][PASSED] - totalplay.Common.verifyPropertyValueExist is PASSED

06-09-2024T14:38:27 - [TEST_STEP][PASSED] - totalplay.Common.verifyPropertyExist(FoodPDP, c_similarProducts_productDesc): totalplay.Common.verifyPropertyExist is PASSED

06-09-2024T14:38:27 - [MESSAGE][INFO] - Checking response object

06-09-2024T14:38:27 - [MESSAGE][PASSED] - totalplay.Common.verifyPropertyExist is PASSED

06-09-2024T14:38:27 - [TEST_STEP][PASSED] - totalplay.Common.verifyPropertyValueExist(FoodPDP, c_similarProducts_productDesc): totalplay.Common.verifyPropertyValueExist is PASSED

06-09-2024T14:38:27 - [MESSAGE][INFO] - Checking response object

06-09-2024T14:38:27 - [MESSAGE][INFO] - 355 ml

06-09-2024T14:38:27 - [MESSAGE][PASSED] - totalplay.Common.verifyPropertyValueExist is PASSED

06-09-2024T14:38:27 - [TEST_STEP][PASSED] - totalplay.Common.verifyPropertyExist(FoodPDP, c_similarProducts_productType): totalplay.Common.verifyPropertyExist is PASSED

06-09-2024T14:38:27 - [MESSAGE][INFO] - Checking response object

06-09-2024T14:38:27 - [MESSAGE][PASSED] - totalplay.Common.verifyPropertyExist is PASSED

06-09-2024T14:38:27 - [TEST_STEP][PASSED] - totalplay.Common.verifyPropertyValueExist(FoodPDP, c_similarProducts_productType): totalplay.Common.verifyPropertyValueExist is PASSED

06-09-2024T14:38:27 - [MESSAGE][INFO] - Checking response object

06-09-2024T14:38:27 - [MESSAGE][INFO] - regular

06-09-2024T14:38:27 - [MESSAGE][PASSED] - totalplay.Common.verifyPropertyValueExist is PASSED

06-09-2024T14:38:27 - [TEST_STEP][PASSED] - totalplay.Common.verifyPropertyExist(FoodPDP, c_similarProducts_basePrice): totalplay.Common.verifyPropertyExist is PASSED

06-09-2024T14:38:27 - [MESSAGE][INFO] - Checking response object

06-09-2024T14:38:27 - [MESSAGE][PASSED] - totalplay.Common.verifyPropertyExist is PASSED

06-09-2024T14:38:27 - [TEST_STEP][PASSED] - totalplay.Common.verifyPropertyValueExist(FoodPDP, c_similarProducts_basePrice_currency): totalplay.Common.verifyPropertyValueExist is PASSED

06-09-2024T14:38:27 - [MESSAGE][INFO] - Checking response object

06-09-2024T14:38:27 - [MESSAGE][INFO] - MXN

06-09-2024T14:38:27 - [MESSAGE][PASSED] - totalplay.Common.verifyPropertyValueExist is PASSED

06-09-2024T14:38:27 - [TEST_STEP][PASSED] - totalplay.Common.verifyPropertyExist(FoodPDP, c_similarProducts_basePrice_currency): totalplay.Common.verifyPropertyExist is PASSED

06-09-2024T14:38:27 - [MESSAGE][INFO] - Checking response object

06-09-2024T14:38:27 - [MESSAGE][PASSED] - totalplay.Common.verifyPropertyExist is PASSED

06-09-2024T14:38:27 - [TEST_STEP][PASSED] - totalplay.Common.verifyPropertyValueExist(FoodPDP, c_similarProducts_basePrice_decimalPrice): totalplay.Common.verifyPropertyValueExist is PASSED

06-09-2024T14:38:27 - [MESSAGE][INFO] - Checking response object

06-09-2024T14:38:27 - [MESSAGE][INFO] - 20.00

06-09-2024T14:38:27 - [MESSAGE][PASSED] - totalplay.Common.verifyPropertyValueExist is PASSED

06-09-2024T14:38:27 - [TEST_STEP][PASSED] - totalplay.Common.verifyPropertyExist(FoodPDP, c_similarProducts_basePrice_decimalPrice): totalplay.Common.verifyPropertyExist is PASSED

06-09-2024T14:38:27 - [MESSAGE][INFO] - Checking response object

06-09-2024T14:38:27 - [MESSAGE][PASSED] - totalplay.Common.verifyPropertyExist is PASSED

06-09-2024T14:38:27 - [TEST_STEP][PASSED] - totalplay.Common.verifyPropertyExist(FoodPDP, c_similarProducts_salePrice): totalplay.Common.verifyPropertyExist is PASSED

06-09-2024T14:38:27 - [MESSAGE][INFO] - Checking response object

06-09-2024T14:38:27 - [MESSAGE][PASSED] - totalplay.Common.verifyPropertyExist is PASSED

06-09-2024T14:38:27 - [TEST_STEP][PASSED] - totalplay.Common.verifyPropertyExist(FoodPDP, c_similarProducts_image_alt): totalplay.Common.verifyPropertyExist is PASSED

06-09-2024T14:38:27 - [MESSAGE][INFO] - Checking response object

06-09-2024T14:38:27 - [MESSAGE][PASSED] - totalplay.Common.verifyPropertyExist is PASSED

06-09-2024T14:38:27 - [TEST_STEP][PASSED] - totalplay.Common.verifyPropertyValueExist(FoodPDP, c_similarProducts_image_alt): totalplay.Common.verifyPropertyValueExist is PASSED

06-09-2024T14:38:27 - [MESSAGE][INFO] - Checking response object

06-09-2024T14:38:27 - [MESSAGE][INFO] - Sprite 355 ml

06-09-2024T14:38:27 - [MESSAGE][PASSED] - totalplay.Common.verifyPropertyValueExist is PASSED

06-09-2024T14:38:27 - [TEST_STEP][PASSED] - totalplay.Common.verifyPropertyExist(FoodPDP, c_similarProducts_imagetitle): totalplay.Common.verifyPropertyExist is PASSED

06-09-2024T14:38:27 - [MESSAGE][INFO] - Checking response object

06-09-2024T14:38:27 - [MESSAGE][PASSED] - totalplay.Common.verifyPropertyExist is PASSED]]></system-out>
         <system-err><![CDATA[]]></system-err>
      </testcase>
      <testcase name="Test Cases/TotalPlay-Food/TC_11_Food_Add_To_Cart" time="11.578" classname="Test Cases/TotalPlay-Food/TC_11_Food_Add_To_Cart" status="PASSED">
         <system-out><![CDATA[06-09-2024T14:38:27 - [TEST_CASE][PASSED] - Test Cases/TotalPlay-Food/TC_11_Food_Add_To_Cart: Test Cases/TotalPlay-Food/TC_11_Food_Add_To_Cart

06-09-2024T14:38:29 - [TEST_STEP][PASSED] - callTestCase(findTestCase("TotalPlay-Food/TC_1_Login_Service"), [:], STOP_ON_FAILURE): Call Test Case 'Test Cases/TotalPlay-Food/TC_1_Login_Service' successfully

06-09-2024T14:38:29 - [MESSAGE][INFO] - Checking called Test Case

06-09-2024T14:38:29 - [MESSAGE][INFO] - Starting to call Test Case 'Test Cases/TotalPlay-Food/TC_1_Login_Service'

06-09-2024T14:38:29 - [TEST_CASE][PASSED] - Test Cases/TotalPlay-Food/TC_1_Login_Service: Test Cases/TotalPlay-Food/TC_1_Login_Service

06-09-2024T14:38:29 - [TEST_STEP][PASSED] - LoginResponse = sendRequest(findTestObject("TotalPlay-Food/getTokenDelivery", ["URL":URL])): Send request successfully

06-09-2024T14:38:29 - [MESSAGE][INFO] - Finding Test Object 'Object Repository/TotalPlay-Food/getTokenDelivery'

06-09-2024T14:38:29 - [MESSAGE][INFO] - Checking request object

06-09-2024T14:38:31 - [MESSAGE][INFO] - HAR: C:\Users\ShubhamKumarThakur\OneDrive - Kognivera\Documents\TotalPlay\totalplay-automation\Reports\20240906_143744\Food_Service_Normal_Flow_PlaceOrder\20240906_143744\requests\main\5.har

06-09-2024T14:38:31 - [MESSAGE][PASSED] - Send request successfully

06-09-2024T14:38:31 - [TEST_STEP][PASSED] - assert getResponseStatusCode(LoginResponse) == 200: Checking response object

06-09-2024T14:38:31 - [MESSAGE][INFO] - Checking response object

06-09-2024T14:38:31 - [TEST_STEP][PASSED] - Auth = "ocapiResponse.access_token": null

06-09-2024T14:38:31 - [TEST_STEP][PASSED] - FoodBascketId = "ocapiResponse.c_basketId_TP_FOOD": null

06-09-2024T14:38:31 - [TEST_STEP][PASSED] - FoodBasId = getElementPropertyValue(LoginResponse, FoodBascketId): Checking response object

06-09-2024T14:38:31 - [MESSAGE][INFO] - Checking response object

06-09-2024T14:38:31 - [TEST_STEP][PASSED] - sfccAuthorization = getElementPropertyValue(LoginResponse, Auth): Checking response object

06-09-2024T14:38:31 - [MESSAGE][INFO] - Checking response object

06-09-2024T14:38:31 - [TEST_STEP][PASSED] - Authorization = "Bearer " + sfccAuthorization: null

06-09-2024T14:38:31 - [TEST_STEP][PASSED] - FoodBasketId = FoodBasId: null

06-09-2024T14:38:31 - [TEST_STEP][PASSED] - logInfo(bm_auth_token): 

06-09-2024T14:38:31 - [MESSAGE][INFO] - 

06-09-2024T14:38:31 - [TEST_STEP][PASSED] - if (sfccAuthorization.length() == 0): null

06-09-2024T14:38:31 - [TEST_STEP][PASSED] - else: authorization generated

06-09-2024T14:38:31 - [TEST_STEP][PASSED] - markPassed("authorization generated"): authorization generated

06-09-2024T14:38:31 - [MESSAGE][PASSED] - authorization generated

06-09-2024T14:38:31 - [TEST_STEP][PASSED] - BasketId_loginResponse = "ocapiResponse.c_basketId": null

06-09-2024T14:38:31 - [TEST_STEP][PASSED] - CustomerId_loginResponse = "ocapiResponse.customer_id": null

06-09-2024T14:38:31 - [TEST_STEP][PASSED] - basketId = getElementPropertyValue(LoginResponse, BasketId_loginResponse): Checking response object

06-09-2024T14:38:31 - [MESSAGE][INFO] - Checking response object

06-09-2024T14:38:32 - [TEST_STEP][PASSED] - customerId = getElementPropertyValue(LoginResponse, CustomerId_loginResponse): Checking response object

06-09-2024T14:38:32 - [MESSAGE][INFO] - Checking response object

06-09-2024T14:38:32 - [TEST_STEP][PASSED] - basketID = basketId: null

06-09-2024T14:38:32 - [TEST_STEP][PASSED] - sla_customerId = customerId: null

06-09-2024T14:38:32 - [TEST_STEP][PASSED] - println(basketID): null

06-09-2024T14:38:32 - [TEST_STEP][PASSED] - println(sla_customerId): null

06-09-2024T14:38:32 - [TEST_STEP][PASSED] - refresh_token = "ocapiResponse.refresh_token": null

06-09-2024T14:38:32 - [TEST_STEP][PASSED] - customer_email = "ocapiResponse.customer_email": null

06-09-2024T14:38:32 - [TEST_STEP][PASSED] - c_brmId = "ocapiResponse.c_brmId": null

06-09-2024T14:38:32 - [TEST_STEP][PASSED] - customer_name = "ocapiResponse.customer_name": null

06-09-2024T14:38:32 - [TEST_STEP][PASSED] - totalplay.Common.verifyPropertyExist(LoginResponse, refresh_token): totalplay.Common.verifyPropertyExist is PASSED

06-09-2024T14:38:32 - [MESSAGE][INFO] - Checking response object

06-09-2024T14:38:32 - [MESSAGE][PASSED] - totalplay.Common.verifyPropertyExist is PASSED

06-09-2024T14:38:32 - [TEST_STEP][PASSED] - totalplay.Common.verifyPropertyValueExist(LoginResponse, refresh_token): totalplay.Common.verifyPropertyValueExist is PASSED

06-09-2024T14:38:32 - [MESSAGE][INFO] - Checking response object

06-09-2024T14:38:32 - [MESSAGE][INFO] - hLCMq92oL1yBqeP6jdoA2cIt6FWAfjeBv6-AMGlGXFs

06-09-2024T14:38:32 - [MESSAGE][PASSED] - totalplay.Common.verifyPropertyValueExist is PASSED

06-09-2024T14:38:32 - [TEST_STEP][PASSED] - totalplay.Common.verifyPropertyExist(LoginResponse, customer_email): totalplay.Common.verifyPropertyExist is PASSED

06-09-2024T14:38:32 - [MESSAGE][INFO] - Checking response object

06-09-2024T14:38:32 - [MESSAGE][PASSED] - totalplay.Common.verifyPropertyExist is PASSED

06-09-2024T14:38:32 - [TEST_STEP][PASSED] - totalplay.Common.verifyPropertyValueExist(LoginResponse, customer_email): totalplay.Common.verifyPropertyValueExist is PASSED

06-09-2024T14:38:32 - [MESSAGE][INFO] - Checking response object

06-09-2024T14:38:32 - [MESSAGE][INFO] - cesar.waldo93@gmail.com

06-09-2024T14:38:32 - [MESSAGE][PASSED] - totalplay.Common.verifyPropertyValueExist is PASSED

06-09-2024T14:38:32 - [TEST_STEP][PASSED] - totalplay.Common.verifyPropertyExist(LoginResponse, customer_name): totalplay.Common.verifyPropertyExist is PASSED

06-09-2024T14:38:32 - [MESSAGE][INFO] - Checking response object

06-09-2024T14:38:32 - [MESSAGE][PASSED] - totalplay.Common.verifyPropertyExist is PASSED

06-09-2024T14:38:32 - [TEST_STEP][PASSED] - totalplay.Common.verifyPropertyValueExist(LoginResponse, customer_name): totalplay.Common.verifyPropertyValueExist is PASSED

06-09-2024T14:38:32 - [MESSAGE][INFO] - Checking response object

06-09-2024T14:38:32 - [MESSAGE][INFO] - CESAR GERARDO WALDO GONZALEZ

06-09-2024T14:38:32 - [MESSAGE][PASSED] - totalplay.Common.verifyPropertyValueExist is PASSED

06-09-2024T14:38:32 - [TEST_STEP][PASSED] - totalplay.Common.verifyPropertyExist(LoginResponse, c_brmId): totalplay.Common.verifyPropertyExist is PASSED

06-09-2024T14:38:32 - [MESSAGE][INFO] - Checking response object

06-09-2024T14:38:32 - [MESSAGE][PASSED] - totalplay.Common.verifyPropertyExist is PASSED

06-09-2024T14:38:32 - [TEST_STEP][PASSED] - totalplay.Common.verifyPropertyValueExist(LoginResponse, c_brmId): totalplay.Common.verifyPropertyValueExist is PASSED

06-09-2024T14:38:32 - [MESSAGE][INFO] - Checking response object

06-09-2024T14:38:32 - [MESSAGE][INFO] - 0106378356

06-09-2024T14:38:32 - [MESSAGE][PASSED] - totalplay.Common.verifyPropertyValueExist is PASSED

06-09-2024T14:38:32 - [MESSAGE][PASSED] - Call Test Case 'Test Cases/TotalPlay-Food/TC_1_Login_Service' successfully

06-09-2024T14:38:32 - [TEST_STEP][PASSED] - AddToCart = sendRequest(findTestObject("TotalPlay-Food/Food_Add to cart", ["URL":URL, "basketID":basketID, "SellerId1":SellerId1])): Send request successfully

06-09-2024T14:38:32 - [MESSAGE][INFO] - Finding Test Object 'Object Repository/TotalPlay-Food/Food_Add to cart'

06-09-2024T14:38:32 - [MESSAGE][INFO] - Checking request object

06-09-2024T14:38:33 - [MESSAGE][INFO] - HAR: C:\Users\ShubhamKumarThakur\OneDrive - Kognivera\Documents\TotalPlay\totalplay-automation\Reports\20240906_143744\Food_Service_Normal_Flow_PlaceOrder\20240906_143744\requests\main\6.har

06-09-2024T14:38:33 - [MESSAGE][PASSED] - Send request successfully

06-09-2024T14:38:33 - [TEST_STEP][PASSED] - totalplay.Common.printResponseinText(AddToCart): totalplay.Common.printResponseinText is PASSED

06-09-2024T14:38:34 - [MESSAGE][PASSED] - totalplay.Common.printResponseinText is PASSED

06-09-2024T14:38:34 - [TEST_STEP][PASSED] - verifyResponseStatusCode(AddToCart, 200): Verify response status code successfully

06-09-2024T14:38:34 - [MESSAGE][INFO] - Checking response object

06-09-2024T14:38:34 - [MESSAGE][PASSED] - Verify response status code successfully

06-09-2024T14:38:34 - [TEST_STEP][PASSED] - _v = "_v": null

06-09-2024T14:38:34 - [TEST_STEP][PASSED] - _type = "_type": null

06-09-2024T14:38:34 - [TEST_STEP][PASSED] - _resource_state = "_resource_state": null

06-09-2024T14:38:34 - [TEST_STEP][PASSED] - _flash_0__type = "_flash[0]._type": null

06-09-2024T14:38:34 - [TEST_STEP][PASSED] - _flash_0_type = "_flash[0].type": null

06-09-2024T14:38:34 - [TEST_STEP][PASSED] - _flash_0_message = "_flash[0].message": null

06-09-2024T14:38:34 - [TEST_STEP][PASSED] - _flash_0_path = "_flash[0].path": null

06-09-2024T14:38:34 - [TEST_STEP][PASSED] - adjusted_merchandize_total_tax = "adjusted_merchandize_total_tax": null

06-09-2024T14:38:34 - [TEST_STEP][PASSED] - adjusted_shipping_total_tax = "adjusted_shipping_total_tax": null

06-09-2024T14:38:34 - [TEST_STEP][PASSED] - agent_basket = "agent_basket": null

06-09-2024T14:38:34 - [TEST_STEP][PASSED] - basket_id = "basket_id": null

06-09-2024T14:38:34 - [TEST_STEP][PASSED] - channel_type = "channel_type": null

06-09-2024T14:38:34 - [TEST_STEP][PASSED] - creation_date = "creation_date": null

06-09-2024T14:38:34 - [TEST_STEP][PASSED] - currency = "currency": null

06-09-2024T14:38:34 - [TEST_STEP][PASSED] - customer_info = "customer_info": null

06-09-2024T14:38:34 - [TEST_STEP][PASSED] - customer_info__type = "customer_info._type": null

06-09-2024T14:38:34 - [TEST_STEP][PASSED] - customer_info_customer_id = "customer_info.customer_id": null

06-09-2024T14:38:34 - [TEST_STEP][PASSED] - customer_info_customer_no = "customer_info.customer_no": null

06-09-2024T14:38:34 - [TEST_STEP][PASSED] - customer_info_email = "customer_info.email": null

06-09-2024T14:38:34 - [TEST_STEP][PASSED] - last_modified = "last_modified": null

06-09-2024T14:38:34 - [TEST_STEP][PASSED] - merchandize_total_tax = "merchandize_total_tax": null

06-09-2024T14:38:34 - [TEST_STEP][PASSED] - notes__type = "notes._type": null

06-09-2024T14:38:34 - [TEST_STEP][PASSED] - notes_link = "notes.link": null

06-09-2024T14:38:34 - [TEST_STEP][PASSED] - order_total = "order_total": null

06-09-2024T14:38:34 - [TEST_STEP][PASSED] - product_items_0__type = "product_items[0]._type": null

06-09-2024T14:38:34 - [TEST_STEP][PASSED] - product_items_0_adjusted_tax = "product_items[0].adjusted_tax": null

06-09-2024T14:38:34 - [TEST_STEP][PASSED] - product_items_0_base_price = "product_items[0].base_price": null

06-09-2024T14:38:34 - [TEST_STEP][PASSED] - product_items_0_bonus_product_line_item = "product_items[0].bonus_product_line_item": null

06-09-2024T14:38:34 - [TEST_STEP][PASSED] - product_items_0_gift = "product_items[0].gift": null

06-09-2024T14:38:34 - [TEST_STEP][PASSED] - product_items_0_inventory_id = "product_items[0].inventory_id": null

06-09-2024T14:38:34 - [TEST_STEP][PASSED] - product_items_0_item_id = "product_items[0].item_id": null

06-09-2024T14:38:34 - [TEST_STEP][PASSED] - product_items_0_item_text = "product_items[0].item_text": null

06-09-2024T14:38:34 - [TEST_STEP][PASSED] - product_items_0_price = "product_items[0].price": null

06-09-2024T14:38:34 - [TEST_STEP][PASSED] - product_items_0_price_after_item_discount = "product_items[0].price_after_item_discount": null

06-09-2024T14:38:34 - [TEST_STEP][PASSED] - product_items_0_price_after_order_discount = "product_items[0].price_after_order_discount": null

06-09-2024T14:38:34 - [TEST_STEP][PASSED] - product_items_0_product_id = "product_items[0].product_id": null

06-09-2024T14:38:34 - [TEST_STEP][PASSED] - product_items_0_product_name = "product_items[0].product_name": null

06-09-2024T14:38:34 - [TEST_STEP][PASSED] - product_items_0_quantity = "product_items[0].quantity": null

06-09-2024T14:38:34 - [TEST_STEP][PASSED] - product_items_0_shipment_id = "product_items[0].shipment_id": null

06-09-2024T14:38:34 - [TEST_STEP][PASSED] - product_items_0_tax = "product_items[0].tax": null

06-09-2024T14:38:34 - [TEST_STEP][PASSED] - product_items_0_tax_basis = "product_items[0].tax_basis": null

06-09-2024T14:38:34 - [TEST_STEP][PASSED] - product_items_0_tax_class_id = "product_items[0].tax_class_id": null

06-09-2024T14:38:34 - [TEST_STEP][PASSED] - product_items_0_tax_rate = "product_items[0].tax_rate": null

06-09-2024T14:38:34 - [TEST_STEP][PASSED] - product_items_0_c_fromStoreId = "product_items[0].c_fromStoreId": null

06-09-2024T14:38:34 - [TEST_STEP][PASSED] - product_items_0_c_isOnDemandStoreItem = "product_items[0].c_isOnDemandStoreItem": null

06-09-2024T14:38:34 - [TEST_STEP][PASSED] - product_items_0_c_miraklChannels = "product_items[0].c_miraklChannels": null

06-09-2024T14:38:34 - [TEST_STEP][PASSED] - product_items_0_c_miraklOperatorProductId = "product_items[0].c_miraklOperatorProductId": null

06-09-2024T14:38:34 - [TEST_STEP][PASSED] - product_items_0_c_miraklShippingTaxes = "product_items[0].c_miraklShippingTaxes": null

06-09-2024T14:38:34 - [TEST_STEP][PASSED] - product_items_0_c_miraklTaxes = "product_items[0].c_miraklTaxes": null

06-09-2024T14:38:34 - [TEST_STEP][PASSED] - product_items_0_c_offerId = "product_items[0].c_offerId": null

06-09-2024T14:38:34 - [TEST_STEP][PASSED] - product_items_0_c_offerSalesPrice = "product_items[0].c_offerSalesPrice": null

06-09-2024T14:38:34 - [TEST_STEP][PASSED] - product_items_0_c_offerState = "product_items[0].c_offerState": null

06-09-2024T14:38:34 - [TEST_STEP][PASSED] - product_items_0_c_offerStateCode = "product_items[0].c_offerStateCode": null

06-09-2024T14:38:34 - [TEST_STEP][PASSED] - product_items_0_c_shopId = "product_items[0].c_shopId": null

06-09-2024T14:38:34 - [TEST_STEP][PASSED] - product_items_0_c_shopName = "product_items[0].c_shopName": null

06-09-2024T14:38:34 - [TEST_STEP][PASSED] - product_items_0_c_total_crossed_price = "product_items[0].c_total_crossed_price": null

06-09-2024T14:38:34 - [TEST_STEP][PASSED] - product_items_0_c_priceWithComplement = "product_items[0].c_priceWithComplement": null

06-09-2024T14:38:34 - [TEST_STEP][PASSED] - product_items_0_c_imagesData_large_0_alt = "product_items[0].c_imagesData.large[0].alt": null

06-09-2024T14:38:34 - [TEST_STEP][PASSED] - product_items_0_c_imagesData_large_0_url = "product_items[0].c_imagesData.large[0].url": null

06-09-2024T14:38:34 - [TEST_STEP][PASSED] - product_items_0_c_imagesData_large_0_title = "product_items[0].c_imagesData.large[0].title": null

06-09-2024T14:38:34 - [TEST_STEP][PASSED] - product_items_0_c_description = "product_items[0].c_description": null

06-09-2024T14:38:34 - [TEST_STEP][PASSED] - product_sub_total = "product_sub_total": null

06-09-2024T14:38:34 - [TEST_STEP][PASSED] - product_total = "product_total": null

06-09-2024T14:38:34 - [TEST_STEP][PASSED] - shipments_0__type = "shipments[0]._type": null

06-09-2024T14:38:34 - [TEST_STEP][PASSED] - shipments_0_adjusted_merchandize_total_tax = "shipments[0].adjusted_merchandize_total_tax": null

06-09-2024T14:38:34 - [TEST_STEP][PASSED] - shipments_0_adjusted_shipping_total_tax = "shipments[0].adjusted_shipping_total_tax": null

06-09-2024T14:38:34 - [TEST_STEP][PASSED] - shipments_0_gift = "shipments[0].gift": null

06-09-2024T14:38:34 - [TEST_STEP][PASSED] - shipments_0_merchandize_total_tax = "shipments[0].merchandize_total_tax": null

06-09-2024T14:38:34 - [TEST_STEP][PASSED] - shipments_0_product_sub_total = "shipments[0].product_sub_total": null

06-09-2024T14:38:34 - [TEST_STEP][PASSED] - shipments_0_product_total = "shipments[0].product_total": null

06-09-2024T14:38:34 - [TEST_STEP][PASSED] - shipments_0_shipment_id = "shipments[0].shipment_id": null

06-09-2024T14:38:34 - [TEST_STEP][PASSED] - shipments_0_shipment_total = "shipments[0].shipment_total": null

06-09-2024T14:38:34 - [TEST_STEP][PASSED] - shipments_0_shipping_method__type = "shipments[0].shipping_method._type": null

06-09-2024T14:38:34 - [TEST_STEP][PASSED] - shipments_0_shipping_method_description = "shipments[0].shipping_method.description": null

06-09-2024T14:38:34 - [TEST_STEP][PASSED] - shipments_0_shipping_method_id = "shipments[0].shipping_method.id": null

06-09-2024T14:38:34 - [TEST_STEP][PASSED] - shipments_0_shipping_method_name = "shipments[0].shipping_method.name": null

06-09-2024T14:38:34 - [TEST_STEP][PASSED] - shipments_0_shipping_method_c_estimatedArrivalTime = "shipments[0].shipping_method.c_estimatedArrivalTime": null

06-09-2024T14:38:34 - [TEST_STEP][PASSED] - shipments_0_shipping_method_c_storePickupEnabled = "shipments[0].shipping_method.c_storePickupEnabled": null

06-09-2024T14:38:34 - [TEST_STEP][PASSED] - shipments_0_shipping_status = "shipments[0].shipping_status": null

06-09-2024T14:38:34 - [TEST_STEP][PASSED] - shipments_0_shipping_total = "shipments[0].shipping_total": null

06-09-2024T14:38:34 - [TEST_STEP][PASSED] - shipments_0_shipping_total_tax = "shipments[0].shipping_total_tax": null

06-09-2024T14:38:34 - [TEST_STEP][PASSED] - shipments_0_tax_total = "shipments[0].tax_total": null

06-09-2024T14:38:34 - [TEST_STEP][PASSED] - shipping_items_0__type = "shipping_items[0]._type": null

06-09-2024T14:38:34 - [TEST_STEP][PASSED] - shipping_items_0_adjusted_tax = "shipping_items[0].adjusted_tax": null

06-09-2024T14:38:34 - [TEST_STEP][PASSED] - shipping_items_0_base_price = "shipping_items[0].base_price": null

06-09-2024T14:38:34 - [TEST_STEP][PASSED] - shipping_items_0_item_id = "shipping_items[0].item_id": null

06-09-2024T14:38:34 - [TEST_STEP][PASSED] - shipping_items_0_item_text = "shipping_items[0].item_text": null

06-09-2024T14:38:34 - [TEST_STEP][PASSED] - shipping_items_0_price = "shipping_items[0].price": null

06-09-2024T14:38:34 - [TEST_STEP][PASSED] - shipping_items_0_price_after_item_discount = "shipping_items[0].price_after_item_discount": null

06-09-2024T14:38:34 - [TEST_STEP][PASSED] - shipping_items_0_shipment_id = "shipping_items[0].shipment_id": null

06-09-2024T14:38:34 - [TEST_STEP][PASSED] - shipping_items_0_tax = "shipping_items[0].tax": null

06-09-2024T14:38:34 - [TEST_STEP][PASSED] - shipping_items_0_tax_basis = "shipping_items[0].tax_basis": null

06-09-2024T14:38:34 - [TEST_STEP][PASSED] - shipping_items_0_tax_class_id = "shipping_items[0].tax_class_id": null

06-09-2024T14:38:34 - [TEST_STEP][PASSED] - shipping_items_0_tax_rate = "shipping_items[0].tax_rate": null

06-09-2024T14:38:34 - [TEST_STEP][PASSED] - shipping_total = "shipping_total": null

06-09-2024T14:38:34 - [TEST_STEP][PASSED] - shipping_total_tax = "shipping_total_tax": null

06-09-2024T14:38:34 - [TEST_STEP][PASSED] - taxation = "taxation": null

06-09-2024T14:38:34 - [TEST_STEP][PASSED] - tax_rounded_at_group = "tax_rounded_at_group": null

06-09-2024T14:38:34 - [TEST_STEP][PASSED] - tax_total = "tax_total": null

06-09-2024T14:38:34 - [TEST_STEP][PASSED] - temporary_basket = "temporary_basket": null

06-09-2024T14:38:34 - [TEST_STEP][PASSED] - c_currentCorporate = "c_currentCorporate": null

06-09-2024T14:38:34 - [TEST_STEP][PASSED] - c_forceDeleteOndemand = "c_forceDeleteOndemand": null

06-09-2024T14:38:34 - [TEST_STEP][PASSED] - c_seller_id = "c_seller_id": null

06-09-2024T14:38:34 - [TEST_STEP][PASSED] - c_savingsTotal = "c_savingsTotal": null

06-09-2024T14:38:34 - [TEST_STEP][PASSED] - totalplay.Common.verifyPropertyExist(AddToCart, _v): totalplay.Common.verifyPropertyExist is PASSED

06-09-2024T14:38:34 - [MESSAGE][INFO] - Checking response object

06-09-2024T14:38:34 - [MESSAGE][PASSED] - totalplay.Common.verifyPropertyExist is PASSED

06-09-2024T14:38:34 - [TEST_STEP][PASSED] - totalplay.Common.verifyPropertyValueExist(AddToCart, _v): totalplay.Common.verifyPropertyValueExist is PASSED

06-09-2024T14:38:34 - [MESSAGE][INFO] - Checking response object

06-09-2024T14:38:34 - [MESSAGE][INFO] - 24.5

06-09-2024T14:38:34 - [MESSAGE][PASSED] - totalplay.Common.verifyPropertyValueExist is PASSED

06-09-2024T14:38:34 - [TEST_STEP][PASSED] - totalplay.Common.verifyPropertyExist(AddToCart, _type): totalplay.Common.verifyPropertyExist is PASSED

06-09-2024T14:38:34 - [MESSAGE][INFO] - Checking response object

06-09-2024T14:38:34 - [MESSAGE][PASSED] - totalplay.Common.verifyPropertyExist is PASSED

06-09-2024T14:38:34 - [TEST_STEP][PASSED] - totalplay.Common.verifyPropertyValueExist(AddToCart, _type): totalplay.Common.verifyPropertyValueExist is PASSED

06-09-2024T14:38:34 - [MESSAGE][INFO] - Checking response object

06-09-2024T14:38:34 - [MESSAGE][INFO] - basket

06-09-2024T14:38:34 - [MESSAGE][PASSED] - totalplay.Common.verifyPropertyValueExist is PASSED

06-09-2024T14:38:34 - [TEST_STEP][PASSED] - totalplay.Common.verifyPropertyExist(AddToCart, _resource_state): totalplay.Common.verifyPropertyExist is PASSED

06-09-2024T14:38:34 - [MESSAGE][INFO] - Checking response object

06-09-2024T14:38:34 - [MESSAGE][PASSED] - totalplay.Common.verifyPropertyExist is PASSED

06-09-2024T14:38:34 - [TEST_STEP][PASSED] - totalplay.Common.verifyPropertyValueExist(AddToCart, _resource_state): totalplay.Common.verifyPropertyValueExist is PASSED

06-09-2024T14:38:34 - [MESSAGE][INFO] - Checking response object

06-09-2024T14:38:34 - [MESSAGE][INFO] - 5aa1cc36600b077988b23c9185378075033b9b79520830b8f25e333795fe51cb

06-09-2024T14:38:34 - [MESSAGE][PASSED] - totalplay.Common.verifyPropertyValueExist is PASSED

06-09-2024T14:38:34 - [TEST_STEP][PASSED] - totalplay.Common.getDecimalValueofObject(AddToCart, adjusted_merchandize_total_tax): totalplay.Common.getDecimalValueofObject is PASSED

06-09-2024T14:38:34 - [MESSAGE][INFO] - Checking response object

06-09-2024T14:38:34 - [MESSAGE][PASSED] - totalplay.Common.getDecimalValueofObject is PASSED

06-09-2024T14:38:34 - [TEST_STEP][PASSED] - totalplay.Common.getDecimalValueofObject(AddToCart, adjusted_shipping_total_tax): totalplay.Common.getDecimalValueofObject is PASSED

06-09-2024T14:38:34 - [MESSAGE][INFO] - Checking response object

06-09-2024T14:38:34 - [MESSAGE][PASSED] - totalplay.Common.getDecimalValueofObject is PASSED

06-09-2024T14:38:34 - [TEST_STEP][PASSED] - totalplay.Common.getBooleanValueofObject(AddToCart, agent_basket): totalplay.Common.getBooleanValueofObject is PASSED

06-09-2024T14:38:34 - [MESSAGE][INFO] - Checking response object

06-09-2024T14:38:34 - [MESSAGE][PASSED] - totalplay.Common.getBooleanValueofObject is PASSED

06-09-2024T14:38:34 - [TEST_STEP][PASSED] - totalplay.Common.verifyPropertyExist(AddToCart, basket_id): totalplay.Common.verifyPropertyExist is PASSED

06-09-2024T14:38:34 - [MESSAGE][INFO] - Checking response object

06-09-2024T14:38:34 - [MESSAGE][PASSED] - totalplay.Common.verifyPropertyExist is PASSED

06-09-2024T14:38:34 - [TEST_STEP][PASSED] - totalplay.Common.verifyPropertyValueExist(AddToCart, basket_id): totalplay.Common.verifyPropertyValueExist is PASSED

06-09-2024T14:38:34 - [MESSAGE][INFO] - Checking response object

06-09-2024T14:38:34 - [MESSAGE][INFO] - 28da5fe632b55fd15328f51beb

06-09-2024T14:38:34 - [MESSAGE][PASSED] - totalplay.Common.verifyPropertyValueExist is PASSED

06-09-2024T14:38:34 - [TEST_STEP][PASSED] - totalplay.Common.verifyPropertyExist(AddToCart, channel_type): totalplay.Common.verifyPropertyExist is PASSED

06-09-2024T14:38:34 - [MESSAGE][INFO] - Checking response object

06-09-2024T14:38:34 - [MESSAGE][PASSED] - totalplay.Common.verifyPropertyExist is PASSED

06-09-2024T14:38:34 - [TEST_STEP][PASSED] - totalplay.Common.verifyPropertyValueExist(AddToCart, channel_type): totalplay.Common.verifyPropertyValueExist is PASSED

06-09-2024T14:38:34 - [MESSAGE][INFO] - Checking response object

06-09-2024T14:38:34 - [MESSAGE][INFO] - storefront

06-09-2024T14:38:34 - [MESSAGE][PASSED] - totalplay.Common.verifyPropertyValueExist is PASSED

06-09-2024T14:38:34 - [TEST_STEP][PASSED] - totalplay.Common.verifyPropertyExist(AddToCart, creation_date): totalplay.Common.verifyPropertyExist is PASSED

06-09-2024T14:38:34 - [MESSAGE][INFO] - Checking response object

06-09-2024T14:38:34 - [MESSAGE][PASSED] - totalplay.Common.verifyPropertyExist is PASSED

06-09-2024T14:38:34 - [TEST_STEP][PASSED] - totalplay.Common.verifyPropertyValueExist(AddToCart, creation_date): totalplay.Common.verifyPropertyValueExist is PASSED

06-09-2024T14:38:34 - [MESSAGE][INFO] - Checking response object

06-09-2024T14:38:34 - [MESSAGE][INFO] - 2024-09-06T09:03:33.961Z

06-09-2024T14:38:34 - [MESSAGE][PASSED] - totalplay.Common.verifyPropertyValueExist is PASSED

06-09-2024T14:38:34 - [TEST_STEP][PASSED] - totalplay.Common.verifyPropertyExist(AddToCart, currency): totalplay.Common.verifyPropertyExist is PASSED

06-09-2024T14:38:34 - [MESSAGE][INFO] - Checking response object

06-09-2024T14:38:34 - [MESSAGE][PASSED] - totalplay.Common.verifyPropertyExist is PASSED

06-09-2024T14:38:34 - [TEST_STEP][PASSED] - totalplay.Common.verifyPropertyValueExist(AddToCart, currency): totalplay.Common.verifyPropertyValueExist is PASSED

06-09-2024T14:38:34 - [MESSAGE][INFO] - Checking response object

06-09-2024T14:38:34 - [MESSAGE][INFO] - MXN

06-09-2024T14:38:34 - [MESSAGE][PASSED] - totalplay.Common.verifyPropertyValueExist is PASSED

06-09-2024T14:38:34 - [TEST_STEP][PASSED] - totalplay.Common.verifyPropertyExist(AddToCart, customer_info__type): totalplay.Common.verifyPropertyExist is PASSED

06-09-2024T14:38:34 - [MESSAGE][INFO] - Checking response object

06-09-2024T14:38:34 - [MESSAGE][PASSED] - totalplay.Common.verifyPropertyExist is PASSED

06-09-2024T14:38:34 - [TEST_STEP][PASSED] - totalplay.Common.verifyPropertyValueExist(AddToCart, customer_info__type): totalplay.Common.verifyPropertyValueExist is PASSED

06-09-2024T14:38:34 - [MESSAGE][INFO] - Checking response object

06-09-2024T14:38:34 - [MESSAGE][INFO] - customer_info

06-09-2024T14:38:34 - [MESSAGE][PASSED] - totalplay.Common.verifyPropertyValueExist is PASSED

06-09-2024T14:38:34 - [TEST_STEP][PASSED] - totalplay.Common.verifyPropertyExist(AddToCart, customer_info_customer_id): totalplay.Common.verifyPropertyExist is PASSED

06-09-2024T14:38:34 - [MESSAGE][INFO] - Checking response object

06-09-2024T14:38:34 - [MESSAGE][PASSED] - totalplay.Common.verifyPropertyExist is PASSED

06-09-2024T14:38:34 - [TEST_STEP][PASSED] - totalplay.Common.verifyPropertyValueExist(AddToCart, customer_info_customer_id): totalplay.Common.verifyPropertyValueExist is PASSED

06-09-2024T14:38:34 - [MESSAGE][INFO] - Checking response object

06-09-2024T14:38:34 - [MESSAGE][INFO] - acTAcwrTj6ECo7V8WDIa5leqor

06-09-2024T14:38:34 - [MESSAGE][PASSED] - totalplay.Common.verifyPropertyValueExist is PASSED

06-09-2024T14:38:34 - [TEST_STEP][PASSED] - totalplay.Common.verifyPropertyExist(AddToCart, customer_info_customer_no): totalplay.Common.verifyPropertyExist is PASSED

06-09-2024T14:38:34 - [MESSAGE][INFO] - Checking response object

06-09-2024T14:38:34 - [MESSAGE][PASSED] - totalplay.Common.verifyPropertyExist is PASSED

06-09-2024T14:38:34 - [TEST_STEP][PASSED] - totalplay.Common.verifyPropertyValueExist(AddToCart, customer_info_customer_no): totalplay.Common.verifyPropertyValueExist is PASSED

06-09-2024T14:38:34 - [MESSAGE][INFO] - Checking response object

06-09-2024T14:38:34 - [MESSAGE][INFO] - 00012002

06-09-2024T14:38:34 - [MESSAGE][PASSED] - totalplay.Common.verifyPropertyValueExist is PASSED

06-09-2024T14:38:34 - [TEST_STEP][PASSED] - totalplay.Common.verifyPropertyExist(AddToCart, customer_info_email): totalplay.Common.verifyPropertyExist is PASSED

06-09-2024T14:38:34 - [MESSAGE][INFO] - Checking response object

06-09-2024T14:38:34 - [MESSAGE][PASSED] - totalplay.Common.verifyPropertyExist is PASSED

06-09-2024T14:38:34 - [TEST_STEP][PASSED] - totalplay.Common.verifyPropertyValueExist(AddToCart, customer_info_email): totalplay.Common.verifyPropertyValueExist is PASSED

06-09-2024T14:38:34 - [MESSAGE][INFO] - Checking response object

06-09-2024T14:38:34 - [MESSAGE][INFO] - cesar.waldo93@gmail.com

06-09-2024T14:38:34 - [MESSAGE][PASSED] - totalplay.Common.verifyPropertyValueExist is PASSED

06-09-2024T14:38:34 - [TEST_STEP][PASSED] - totalplay.Common.verifyPropertyExist(AddToCart, last_modified): totalplay.Common.verifyPropertyExist is PASSED

06-09-2024T14:38:34 - [MESSAGE][INFO] - Checking response object

06-09-2024T14:38:34 - [MESSAGE][PASSED] - totalplay.Common.verifyPropertyExist is PASSED

06-09-2024T14:38:34 - [TEST_STEP][PASSED] - totalplay.Common.verifyPropertyValueExist(AddToCart, last_modified): totalplay.Common.verifyPropertyValueExist is PASSED

06-09-2024T14:38:34 - [MESSAGE][INFO] - Checking response object

06-09-2024T14:38:35 - [MESSAGE][INFO] - 2024-09-06T09:08:33.529Z

06-09-2024T14:38:35 - [MESSAGE][PASSED] - totalplay.Common.verifyPropertyValueExist is PASSED

06-09-2024T14:38:35 - [TEST_STEP][PASSED] - totalplay.Common.getDecimalValueofObject(AddToCart, merchandize_total_tax): totalplay.Common.getDecimalValueofObject is PASSED

06-09-2024T14:38:35 - [MESSAGE][INFO] - Checking response object

06-09-2024T14:38:35 - [MESSAGE][PASSED] - totalplay.Common.getDecimalValueofObject is PASSED

06-09-2024T14:38:35 - [TEST_STEP][PASSED] - totalplay.Common.verifyPropertyExist(AddToCart, notes__type): totalplay.Common.verifyPropertyExist is PASSED

06-09-2024T14:38:35 - [MESSAGE][INFO] - Checking response object

06-09-2024T14:38:35 - [MESSAGE][PASSED] - totalplay.Common.verifyPropertyExist is PASSED

06-09-2024T14:38:35 - [TEST_STEP][PASSED] - totalplay.Common.verifyPropertyValueExist(AddToCart, notes__type): totalplay.Common.verifyPropertyValueExist is PASSED

06-09-2024T14:38:35 - [MESSAGE][INFO] - Checking response object

06-09-2024T14:38:35 - [MESSAGE][INFO] - simple_link

06-09-2024T14:38:35 - [MESSAGE][PASSED] - totalplay.Common.verifyPropertyValueExist is PASSED

06-09-2024T14:38:35 - [TEST_STEP][PASSED] - totalplay.Common.verifyPropertyExist(AddToCart, notes_link): totalplay.Common.verifyPropertyExist is PASSED

06-09-2024T14:38:35 - [MESSAGE][INFO] - Checking response object

06-09-2024T14:38:35 - [MESSAGE][PASSED] - totalplay.Common.verifyPropertyExist is PASSED

06-09-2024T14:38:35 - [TEST_STEP][PASSED] - totalplay.Common.verifyPropertyValueExist(AddToCart, notes_link): totalplay.Common.verifyPropertyValueExist is PASSED

06-09-2024T14:38:35 - [MESSAGE][INFO] - Checking response object

06-09-2024T14:38:35 - [MESSAGE][INFO] - https://salesforceqa.sistemastp.com.mx/s/TP-FOOD/dw/shop/v24_5/baskets/28da5fe632b55fd15328f51beb/notes?isHomo=true&sellerId=4158

06-09-2024T14:38:35 - [MESSAGE][PASSED] - totalplay.Common.verifyPropertyValueExist is PASSED

06-09-2024T14:38:35 - [TEST_STEP][PASSED] - totalplay.Common.getDecimalValueofObject(AddToCart, order_total): totalplay.Common.getDecimalValueofObject is PASSED

06-09-2024T14:38:35 - [MESSAGE][INFO] - Checking response object

06-09-2024T14:38:35 - [MESSAGE][PASSED] - totalplay.Common.getDecimalValueofObject is PASSED

06-09-2024T14:38:35 - [TEST_STEP][PASSED] - totalplay.Common.verifyPropertyExist(AddToCart, product_items_0__type): totalplay.Common.verifyPropertyExist is PASSED

06-09-2024T14:38:35 - [MESSAGE][INFO] - Checking response object

06-09-2024T14:38:35 - [MESSAGE][PASSED] - totalplay.Common.verifyPropertyExist is PASSED

06-09-2024T14:38:35 - [TEST_STEP][PASSED] - totalplay.Common.verifyPropertyValueExist(AddToCart, product_items_0__type): totalplay.Common.verifyPropertyValueExist is PASSED

06-09-2024T14:38:35 - [MESSAGE][INFO] - Checking response object

06-09-2024T14:38:35 - [MESSAGE][INFO] - product_item

06-09-2024T14:38:35 - [MESSAGE][PASSED] - totalplay.Common.verifyPropertyValueExist is PASSED

06-09-2024T14:38:35 - [TEST_STEP][PASSED] - totalplay.Common.getDecimalValueofObject(AddToCart, product_items_0_adjusted_tax): totalplay.Common.getDecimalValueofObject is PASSED

06-09-2024T14:38:35 - [MESSAGE][INFO] - Checking response object

06-09-2024T14:38:35 - [MESSAGE][PASSED] - totalplay.Common.getDecimalValueofObject is PASSED

06-09-2024T14:38:35 - [TEST_STEP][PASSED] - totalplay.Common.getDecimalValueofObject(AddToCart, product_items_0_base_price): totalplay.Common.getDecimalValueofObject is PASSED

06-09-2024T14:38:35 - [MESSAGE][INFO] - Checking response object

06-09-2024T14:38:35 - [MESSAGE][PASSED] - totalplay.Common.getDecimalValueofObject is PASSED

06-09-2024T14:38:35 - [TEST_STEP][PASSED] - totalplay.Common.getBooleanValueofObject(AddToCart, product_items_0_bonus_product_line_item): totalplay.Common.getBooleanValueofObject is PASSED

06-09-2024T14:38:35 - [MESSAGE][INFO] - Checking response object

06-09-2024T14:38:35 - [MESSAGE][PASSED] - totalplay.Common.getBooleanValueofObject is PASSED

06-09-2024T14:38:35 - [TEST_STEP][PASSED] - totalplay.Common.getBooleanValueofObject(AddToCart, product_items_0_gift): totalplay.Common.getBooleanValueofObject is PASSED

06-09-2024T14:38:35 - [MESSAGE][INFO] - Checking response object

06-09-2024T14:38:35 - [MESSAGE][PASSED] - totalplay.Common.getBooleanValueofObject is PASSED

06-09-2024T14:38:35 - [TEST_STEP][PASSED] - totalplay.Common.verifyPropertyExist(AddToCart, product_items_0_inventory_id): totalplay.Common.verifyPropertyExist is PASSED

06-09-2024T14:38:35 - [MESSAGE][INFO] - Checking response object

06-09-2024T14:38:35 - [MESSAGE][PASSED] - totalplay.Common.verifyPropertyExist is PASSED

06-09-2024T14:38:35 - [TEST_STEP][PASSED] - totalplay.Common.verifyPropertyValueExist(AddToCart, product_items_0_inventory_id): totalplay.Common.verifyPropertyValueExist is PASSED

06-09-2024T14:38:35 - [MESSAGE][INFO] - Checking response object

06-09-2024T14:38:35 - [MESSAGE][INFO] - inventory_m_food_mirakl

06-09-2024T14:38:35 - [MESSAGE][PASSED] - totalplay.Common.verifyPropertyValueExist is PASSED

06-09-2024T14:38:35 - [TEST_STEP][PASSED] - totalplay.Common.verifyPropertyExist(AddToCart, product_items_0_item_id): totalplay.Common.verifyPropertyExist is PASSED

06-09-2024T14:38:35 - [MESSAGE][INFO] - Checking response object

06-09-2024T14:38:35 - [MESSAGE][PASSED] - totalplay.Common.verifyPropertyExist is PASSED

06-09-2024T14:38:35 - [TEST_STEP][PASSED] - totalplay.Common.verifyPropertyValueExist(AddToCart, product_items_0_item_id): totalplay.Common.verifyPropertyValueExist is PASSED

06-09-2024T14:38:35 - [MESSAGE][INFO] - Checking response object

06-09-2024T14:38:35 - [MESSAGE][INFO] - 832a8a5bdc594d24c3b0a22105

06-09-2024T14:38:35 - [MESSAGE][PASSED] - totalplay.Common.verifyPropertyValueExist is PASSED

06-09-2024T14:38:35 - [TEST_STEP][PASSED] - totalplay.Common.verifyPropertyExist(AddToCart, product_items_0_item_text): totalplay.Common.verifyPropertyExist is PASSED

06-09-2024T14:38:35 - [MESSAGE][INFO] - Checking response object

06-09-2024T14:38:35 - [MESSAGE][PASSED] - totalplay.Common.verifyPropertyExist is PASSED

06-09-2024T14:38:35 - [TEST_STEP][PASSED] - totalplay.Common.verifyPropertyValueExist(AddToCart, product_items_0_item_text): totalplay.Common.verifyPropertyValueExist is PASSED

06-09-2024T14:38:35 - [MESSAGE][INFO] - Checking response object

06-09-2024T14:38:35 - [MESSAGE][INFO] - Orden de Maciza (100 g)

06-09-2024T14:38:35 - [MESSAGE][PASSED] - totalplay.Common.verifyPropertyValueExist is PASSED

06-09-2024T14:38:35 - [TEST_STEP][PASSED] - totalplay.Common.getDecimalValueofObject(AddToCart, product_items_0_price): totalplay.Common.getDecimalValueofObject is PASSED

06-09-2024T14:38:35 - [MESSAGE][INFO] - Checking response object

06-09-2024T14:38:35 - [MESSAGE][PASSED] - totalplay.Common.getDecimalValueofObject is PASSED

06-09-2024T14:38:35 - [TEST_STEP][PASSED] - totalplay.Common.getDecimalValueofObject(AddToCart, product_items_0_price_after_item_discount): totalplay.Common.getDecimalValueofObject is PASSED

06-09-2024T14:38:35 - [MESSAGE][INFO] - Checking response object

06-09-2024T14:38:35 - [MESSAGE][PASSED] - totalplay.Common.getDecimalValueofObject is PASSED

06-09-2024T14:38:35 - [TEST_STEP][PASSED] - totalplay.Common.getDecimalValueofObject(AddToCart, product_items_0_price_after_order_discount): totalplay.Common.getDecimalValueofObject is PASSED

06-09-2024T14:38:35 - [MESSAGE][INFO] - Checking response object

06-09-2024T14:38:35 - [MESSAGE][PASSED] - totalplay.Common.getDecimalValueofObject is PASSED

06-09-2024T14:38:35 - [TEST_STEP][PASSED] - totalplay.Common.verifyPropertyExist(AddToCart, product_items_0_product_id): totalplay.Common.verifyPropertyExist is PASSED

06-09-2024T14:38:35 - [MESSAGE][INFO] - Checking response object

06-09-2024T14:38:35 - [MESSAGE][PASSED] - totalplay.Common.verifyPropertyExist is PASSED

06-09-2024T14:38:35 - [TEST_STEP][PASSED] - totalplay.Common.verifyPropertyValueExist(AddToCart, product_items_0_product_id): totalplay.Common.verifyPropertyValueExist is PASSED

06-09-2024T14:38:35 - [MESSAGE][INFO] - Checking response object

06-09-2024T14:38:35 - [MESSAGE][INFO] - C828554986

06-09-2024T14:38:35 - [MESSAGE][PASSED] - totalplay.Common.verifyPropertyValueExist is PASSED

06-09-2024T14:38:35 - [TEST_STEP][PASSED] - totalplay.Common.verifyPropertyExist(AddToCart, product_items_0_product_name): totalplay.Common.verifyPropertyExist is PASSED

06-09-2024T14:38:35 - [MESSAGE][INFO] - Checking response object

06-09-2024T14:38:35 - [MESSAGE][PASSED] - totalplay.Common.verifyPropertyExist is PASSED

06-09-2024T14:38:35 - [TEST_STEP][PASSED] - totalplay.Common.verifyPropertyValueExist(AddToCart, product_items_0_product_name): totalplay.Common.verifyPropertyValueExist is PASSED

06-09-2024T14:38:35 - [MESSAGE][INFO] - Checking response object

06-09-2024T14:38:35 - [MESSAGE][INFO] - Orden de Maciza (100 g)

06-09-2024T14:38:35 - [MESSAGE][PASSED] - totalplay.Common.verifyPropertyValueExist is PASSED

06-09-2024T14:38:35 - [TEST_STEP][PASSED] - totalplay.Common.getNumValueofObject(AddToCart, product_items_0_quantity): totalplay.Common.getNumValueofObject is PASSED

06-09-2024T14:38:35 - [MESSAGE][INFO] - Checking response object

06-09-2024T14:38:35 - [MESSAGE][PASSED] - totalplay.Common.getNumValueofObject is PASSED

06-09-2024T14:38:35 - [TEST_STEP][PASSED] - totalplay.Common.verifyPropertyExist(AddToCart, product_items_0_product_name): totalplay.Common.verifyPropertyExist is PASSED

06-09-2024T14:38:35 - [MESSAGE][INFO] - Checking response object

06-09-2024T14:38:35 - [MESSAGE][PASSED] - totalplay.Common.verifyPropertyExist is PASSED

06-09-2024T14:38:35 - [TEST_STEP][PASSED] - totalplay.Common.verifyPropertyValueExist(AddToCart, product_items_0_product_name): totalplay.Common.verifyPropertyValueExist is PASSED

06-09-2024T14:38:35 - [MESSAGE][INFO] - Checking response object

06-09-2024T14:38:35 - [MESSAGE][INFO] - Orden de Maciza (100 g)

06-09-2024T14:38:35 - [MESSAGE][PASSED] - totalplay.Common.verifyPropertyValueExist is PASSED

06-09-2024T14:38:35 - [TEST_STEP][PASSED] - totalplay.Common.verifyPropertyExist(AddToCart, product_items_0_shipment_id): totalplay.Common.verifyPropertyExist is PASSED

06-09-2024T14:38:35 - [MESSAGE][INFO] - Checking response object

06-09-2024T14:38:35 - [MESSAGE][PASSED] - totalplay.Common.verifyPropertyExist is PASSED

06-09-2024T14:38:35 - [TEST_STEP][PASSED] - totalplay.Common.verifyPropertyValueExist(AddToCart, product_items_0_shipment_id): totalplay.Common.verifyPropertyValueExist is PASSED

06-09-2024T14:38:35 - [MESSAGE][INFO] - Checking response object

06-09-2024T14:38:35 - [MESSAGE][INFO] - me

06-09-2024T14:38:35 - [MESSAGE][PASSED] - totalplay.Common.verifyPropertyValueExist is PASSED

06-09-2024T14:38:35 - [TEST_STEP][PASSED] - totalplay.Common.getDecimalValueofObject(AddToCart, product_items_0_tax): totalplay.Common.getDecimalValueofObject is PASSED

06-09-2024T14:38:35 - [MESSAGE][INFO] - Checking response object

06-09-2024T14:38:36 - [MESSAGE][PASSED] - totalplay.Common.getDecimalValueofObject is PASSED

06-09-2024T14:38:36 - [TEST_STEP][PASSED] - totalplay.Common.getDecimalValueofObject(AddToCart, product_items_0_tax_basis): totalplay.Common.getDecimalValueofObject is PASSED

06-09-2024T14:38:36 - [MESSAGE][INFO] - Checking response object

06-09-2024T14:38:36 - [MESSAGE][PASSED] - totalplay.Common.getDecimalValueofObject is PASSED

06-09-2024T14:38:36 - [TEST_STEP][PASSED] - totalplay.Common.verifyPropertyExist(AddToCart, product_items_0_tax_class_id): totalplay.Common.verifyPropertyExist is PASSED

06-09-2024T14:38:36 - [MESSAGE][INFO] - Checking response object

06-09-2024T14:38:36 - [MESSAGE][PASSED] - totalplay.Common.verifyPropertyExist is PASSED

06-09-2024T14:38:36 - [TEST_STEP][PASSED] - totalplay.Common.verifyPropertyValueExist(AddToCart, product_items_0_tax_class_id): totalplay.Common.verifyPropertyValueExist is PASSED

06-09-2024T14:38:36 - [MESSAGE][INFO] - Checking response object

06-09-2024T14:38:36 - [MESSAGE][INFO] - product_zero_tax

06-09-2024T14:38:36 - [MESSAGE][PASSED] - totalplay.Common.verifyPropertyValueExist is PASSED

06-09-2024T14:38:36 - [TEST_STEP][PASSED] - totalplay.Common.getDecimalValueofObject(AddToCart, product_items_0_tax_rate): totalplay.Common.getDecimalValueofObject is PASSED

06-09-2024T14:38:36 - [MESSAGE][INFO] - Checking response object

06-09-2024T14:38:36 - [MESSAGE][PASSED] - totalplay.Common.getDecimalValueofObject is PASSED

06-09-2024T14:38:36 - [TEST_STEP][PASSED] - totalplay.Common.verifyPropertyExist(AddToCart, product_items_0_c_fromStoreId): totalplay.Common.verifyPropertyExist is PASSED

06-09-2024T14:38:36 - [MESSAGE][INFO] - Checking response object

06-09-2024T14:38:36 - [MESSAGE][PASSED] - totalplay.Common.verifyPropertyExist is PASSED

06-09-2024T14:38:36 - [TEST_STEP][PASSED] - totalplay.Common.verifyPropertyValueExist(AddToCart, product_items_0_c_fromStoreId): totalplay.Common.verifyPropertyValueExist is PASSED

06-09-2024T14:38:36 - [MESSAGE][INFO] - Checking response object

06-09-2024T14:38:36 - [MESSAGE][INFO] - 4158

06-09-2024T14:38:36 - [MESSAGE][PASSED] - totalplay.Common.verifyPropertyValueExist is PASSED

06-09-2024T14:38:36 - [TEST_STEP][PASSED] - totalplay.Common.getBooleanValueofObject(AddToCart, product_items_0_c_isOnDemandStoreItem): totalplay.Common.getBooleanValueofObject is PASSED

06-09-2024T14:38:36 - [MESSAGE][INFO] - Checking response object

06-09-2024T14:38:36 - [MESSAGE][PASSED] - totalplay.Common.getBooleanValueofObject is PASSED

06-09-2024T14:38:36 - [TEST_STEP][PASSED] - totalplay.Common.verifyPropertyExist(AddToCart, product_items_0_c_miraklChannels): totalplay.Common.verifyPropertyExist is PASSED

06-09-2024T14:38:36 - [MESSAGE][INFO] - Checking response object

06-09-2024T14:38:36 - [MESSAGE][PASSED] - totalplay.Common.verifyPropertyExist is PASSED

06-09-2024T14:38:36 - [TEST_STEP][PASSED] - totalplay.Common.verifyPropertyValueExist(AddToCart, product_items_0_c_miraklChannels): totalplay.Common.verifyPropertyValueExist is PASSED

06-09-2024T14:38:36 - [MESSAGE][INFO] - Checking response object

06-09-2024T14:38:36 - [MESSAGE][INFO] - ["INIT"]

06-09-2024T14:38:36 - [MESSAGE][PASSED] - totalplay.Common.verifyPropertyValueExist is PASSED

06-09-2024T14:38:36 - [TEST_STEP][PASSED] - totalplay.Common.verifyPropertyExist(AddToCart, product_items_0_c_miraklOperatorProductId): totalplay.Common.verifyPropertyExist is PASSED

06-09-2024T14:38:36 - [MESSAGE][INFO] - Checking response object

06-09-2024T14:38:36 - [MESSAGE][PASSED] - totalplay.Common.verifyPropertyExist is PASSED

06-09-2024T14:38:36 - [TEST_STEP][PASSED] - totalplay.Common.verifyPropertyValueExist(AddToCart, product_items_0_c_miraklOperatorProductId): totalplay.Common.verifyPropertyValueExist is PASSED

06-09-2024T14:38:36 - [MESSAGE][INFO] - Checking response object

06-09-2024T14:38:36 - [MESSAGE][INFO] - C828554986

06-09-2024T14:38:36 - [MESSAGE][PASSED] - totalplay.Common.verifyPropertyValueExist is PASSED

06-09-2024T14:38:36 - [TEST_STEP][PASSED] - totalplay.Common.verifyPropertyExist(AddToCart, product_items_0_c_miraklShippingTaxes): totalplay.Common.verifyPropertyExist is PASSED

06-09-2024T14:38:36 - [MESSAGE][INFO] - Checking response object

06-09-2024T14:38:36 - [MESSAGE][PASSED] - totalplay.Common.verifyPropertyExist is PASSED

06-09-2024T14:38:36 - [TEST_STEP][PASSED] - totalplay.Common.verifyPropertyValueExist(AddToCart, product_items_0_c_miraklShippingTaxes): totalplay.Common.verifyPropertyValueExist is PASSED

06-09-2024T14:38:36 - [MESSAGE][INFO] - Checking response object

06-09-2024T14:38:36 - [MESSAGE][INFO] - [{"amount":0,"type":"product_zero_tax","isTaxRate":true,"rate":0}]

06-09-2024T14:38:36 - [MESSAGE][PASSED] - totalplay.Common.verifyPropertyValueExist is PASSED

06-09-2024T14:38:36 - [TEST_STEP][PASSED] - totalplay.Common.verifyPropertyExist(AddToCart, product_items_0_c_miraklTaxes): totalplay.Common.verifyPropertyExist is PASSED

06-09-2024T14:38:36 - [MESSAGE][INFO] - Checking response object

06-09-2024T14:38:36 - [MESSAGE][PASSED] - totalplay.Common.verifyPropertyExist is PASSED

06-09-2024T14:38:36 - [TEST_STEP][PASSED] - totalplay.Common.verifyPropertyValueExist(AddToCart, product_items_0_c_miraklTaxes): totalplay.Common.verifyPropertyValueExist is PASSED

06-09-2024T14:38:36 - [MESSAGE][INFO] - Checking response object

06-09-2024T14:38:36 - [MESSAGE][INFO] - [{"amount":0,"type":"product_zero_tax","isTaxRate":true,"rate":0}]

06-09-2024T14:38:36 - [MESSAGE][PASSED] - totalplay.Common.verifyPropertyValueExist is PASSED

06-09-2024T14:38:36 - [TEST_STEP][PASSED] - totalplay.Common.verifyPropertyExist(AddToCart, product_items_0_c_offerId): totalplay.Common.verifyPropertyExist is PASSED

06-09-2024T14:38:36 - [MESSAGE][INFO] - Checking response object

06-09-2024T14:38:36 - [MESSAGE][PASSED] - totalplay.Common.verifyPropertyExist is PASSED

06-09-2024T14:38:36 - [TEST_STEP][PASSED] - totalplay.Common.verifyPropertyValueExist(AddToCart, product_items_0_c_offerId): totalplay.Common.verifyPropertyValueExist is PASSED

06-09-2024T14:38:36 - [MESSAGE][INFO] - Checking response object

06-09-2024T14:38:36 - [MESSAGE][INFO] - 541185

06-09-2024T14:38:36 - [MESSAGE][PASSED] - totalplay.Common.verifyPropertyValueExist is PASSED

06-09-2024T14:38:36 - [TEST_STEP][PASSED] - totalplay.Common.getDecimalValueofObject(AddToCart, product_items_0_c_offerSalesPrice): totalplay.Common.getDecimalValueofObject is PASSED

06-09-2024T14:38:36 - [MESSAGE][INFO] - Checking response object

06-09-2024T14:38:36 - [MESSAGE][PASSED] - totalplay.Common.getDecimalValueofObject is PASSED

06-09-2024T14:38:36 - [TEST_STEP][PASSED] - totalplay.Common.verifyPropertyExist(AddToCart, product_items_0_c_offerState): totalplay.Common.verifyPropertyExist is PASSED

06-09-2024T14:38:36 - [MESSAGE][INFO] - Checking response object

06-09-2024T14:38:36 - [MESSAGE][PASSED] - totalplay.Common.verifyPropertyExist is PASSED

06-09-2024T14:38:36 - [TEST_STEP][PASSED] - totalplay.Common.verifyPropertyValueExist(AddToCart, product_items_0_c_offerState): totalplay.Common.verifyPropertyValueExist is PASSED

06-09-2024T14:38:36 - [MESSAGE][INFO] - Checking response object

06-09-2024T14:38:36 - [MESSAGE][INFO] - Nuevo

06-09-2024T14:38:36 - [MESSAGE][PASSED] - totalplay.Common.verifyPropertyValueExist is PASSED

06-09-2024T14:38:36 - [TEST_STEP][PASSED] - totalplay.Common.verifyPropertyExist(AddToCart, product_items_0_c_offerStateCode): totalplay.Common.verifyPropertyExist is PASSED

06-09-2024T14:38:36 - [MESSAGE][INFO] - Checking response object

06-09-2024T14:38:36 - [MESSAGE][PASSED] - totalplay.Common.verifyPropertyExist is PASSED

06-09-2024T14:38:36 - [TEST_STEP][PASSED] - totalplay.Common.verifyPropertyValueExist(AddToCart, product_items_0_c_offerStateCode): totalplay.Common.verifyPropertyValueExist is PASSED

06-09-2024T14:38:36 - [MESSAGE][INFO] - Checking response object

06-09-2024T14:38:36 - [MESSAGE][INFO] - 11

06-09-2024T14:38:36 - [MESSAGE][PASSED] - totalplay.Common.verifyPropertyValueExist is PASSED

06-09-2024T14:38:36 - [TEST_STEP][PASSED] - totalplay.Common.verifyPropertyExist(AddToCart, product_items_0_c_shopId): totalplay.Common.verifyPropertyExist is PASSED

06-09-2024T14:38:36 - [MESSAGE][INFO] - Checking response object

06-09-2024T14:38:36 - [MESSAGE][PASSED] - totalplay.Common.verifyPropertyExist is PASSED

06-09-2024T14:38:36 - [TEST_STEP][PASSED] - totalplay.Common.verifyPropertyValueExist(AddToCart, product_items_0_c_shopId): totalplay.Common.verifyPropertyValueExist is PASSED

06-09-2024T14:38:36 - [MESSAGE][INFO] - Checking response object

06-09-2024T14:38:36 - [MESSAGE][INFO] - 4158

06-09-2024T14:38:36 - [MESSAGE][PASSED] - totalplay.Common.verifyPropertyValueExist is PASSED

06-09-2024T14:38:36 - [TEST_STEP][PASSED] - totalplay.Common.verifyPropertyExist(AddToCart, product_items_0_c_shopName): totalplay.Common.verifyPropertyExist is PASSED

06-09-2024T14:38:36 - [MESSAGE][INFO] - Checking response object

06-09-2024T14:38:36 - [MESSAGE][PASSED] - totalplay.Common.verifyPropertyExist is PASSED

06-09-2024T14:38:36 - [TEST_STEP][PASSED] - totalplay.Common.verifyPropertyValueExist(AddToCart, product_items_0_c_shopName): totalplay.Common.verifyPropertyValueExist is PASSED

06-09-2024T14:38:36 - [MESSAGE][INFO] - Checking response object

06-09-2024T14:38:36 - [MESSAGE][INFO] - La Casa De Toño Polanco

06-09-2024T14:38:36 - [MESSAGE][PASSED] - totalplay.Common.verifyPropertyValueExist is PASSED

06-09-2024T14:38:36 - [TEST_STEP][PASSED] - totalplay.Common.getDecimalValueofObject(AddToCart, product_items_0_c_total_crossed_price): totalplay.Common.getDecimalValueofObject is PASSED

06-09-2024T14:38:36 - [MESSAGE][INFO] - Checking response object

06-09-2024T14:38:37 - [MESSAGE][PASSED] - totalplay.Common.getDecimalValueofObject is PASSED

06-09-2024T14:38:37 - [TEST_STEP][PASSED] - totalplay.Common.getDecimalValueofObject(AddToCart, product_items_0_c_priceWithComplement): totalplay.Common.getDecimalValueofObject is PASSED

06-09-2024T14:38:37 - [MESSAGE][INFO] - Checking response object

06-09-2024T14:38:37 - [MESSAGE][PASSED] - totalplay.Common.getDecimalValueofObject is PASSED

06-09-2024T14:38:37 - [TEST_STEP][PASSED] - totalplay.Common.verifyPropertyExist(AddToCart, product_items_0_c_imagesData_large_0_alt): totalplay.Common.verifyPropertyExist is PASSED

06-09-2024T14:38:37 - [MESSAGE][INFO] - Checking response object

06-09-2024T14:38:37 - [MESSAGE][PASSED] - totalplay.Common.verifyPropertyExist is PASSED

06-09-2024T14:38:37 - [TEST_STEP][PASSED] - totalplay.Common.verifyPropertyValueExist(AddToCart, product_items_0_c_imagesData_large_0_alt): totalplay.Common.verifyPropertyValueExist is PASSED

06-09-2024T14:38:37 - [MESSAGE][INFO] - Checking response object

06-09-2024T14:38:37 - [MESSAGE][INFO] - Orden de Maciza (100 g)

06-09-2024T14:38:37 - [MESSAGE][PASSED] - totalplay.Common.verifyPropertyValueExist is PASSED

06-09-2024T14:38:37 - [TEST_STEP][PASSED] - totalplay.Common.verifyPropertyValueEmptyString(AddToCart, product_items_0_c_imagesData_large_0_url): totalplay.Common.verifyPropertyValueEmptyString is PASSED

06-09-2024T14:38:37 - [MESSAGE][INFO] - Checking response object

06-09-2024T14:38:37 - [MESSAGE][INFO] - 

06-09-2024T14:38:37 - [MESSAGE][PASSED] - totalplay.Common.verifyPropertyValueEmptyString is PASSED

06-09-2024T14:38:37 - [TEST_STEP][PASSED] - totalplay.Common.verifyPropertyExist(AddToCart, product_items_0_c_imagesData_large_0_title): totalplay.Common.verifyPropertyExist is PASSED

06-09-2024T14:38:37 - [MESSAGE][INFO] - Checking response object

06-09-2024T14:38:37 - [MESSAGE][PASSED] - totalplay.Common.verifyPropertyExist is PASSED

06-09-2024T14:38:37 - [TEST_STEP][PASSED] - totalplay.Common.verifyPropertyValueExist(AddToCart, product_items_0_c_imagesData_large_0_title): totalplay.Common.verifyPropertyValueExist is PASSED

06-09-2024T14:38:37 - [MESSAGE][INFO] - Checking response object

06-09-2024T14:38:37 - [MESSAGE][INFO] - Orden de Maciza (100 g)

06-09-2024T14:38:37 - [MESSAGE][PASSED] - totalplay.Common.verifyPropertyValueExist is PASSED

06-09-2024T14:38:37 - [TEST_STEP][PASSED] - totalplay.Common.verifyPropertyExist(AddToCart, product_items_0_c_description): totalplay.Common.verifyPropertyExist is PASSED

06-09-2024T14:38:37 - [MESSAGE][INFO] - Checking response object

06-09-2024T14:38:37 - [MESSAGE][PASSED] - totalplay.Common.verifyPropertyExist is PASSED

06-09-2024T14:38:37 - [TEST_STEP][PASSED] - totalplay.Common.verifyPropertyValueExist(AddToCart, product_items_0_c_description): totalplay.Common.verifyPropertyValueExist is PASSED

06-09-2024T14:38:37 - [MESSAGE][INFO] - Checking response object

06-09-2024T14:38:37 - [MESSAGE][INFO] - 100 g

06-09-2024T14:38:37 - [MESSAGE][PASSED] - totalplay.Common.verifyPropertyValueExist is PASSED

06-09-2024T14:38:37 - [TEST_STEP][PASSED] - totalplay.Common.getDecimalValueofObject(AddToCart, product_sub_total): totalplay.Common.getDecimalValueofObject is PASSED

06-09-2024T14:38:37 - [MESSAGE][INFO] - Checking response object

06-09-2024T14:38:37 - [MESSAGE][PASSED] - totalplay.Common.getDecimalValueofObject is PASSED

06-09-2024T14:38:37 - [TEST_STEP][PASSED] - totalplay.Common.getDecimalValueofObject(AddToCart, product_total): totalplay.Common.getDecimalValueofObject is PASSED

06-09-2024T14:38:37 - [MESSAGE][INFO] - Checking response object

06-09-2024T14:38:37 - [MESSAGE][PASSED] - totalplay.Common.getDecimalValueofObject is PASSED

06-09-2024T14:38:37 - [TEST_STEP][PASSED] - totalplay.Common.verifyPropertyExist(AddToCart, shipments_0__type): totalplay.Common.verifyPropertyExist is PASSED

06-09-2024T14:38:37 - [MESSAGE][INFO] - Checking response object

06-09-2024T14:38:37 - [MESSAGE][PASSED] - totalplay.Common.verifyPropertyExist is PASSED

06-09-2024T14:38:37 - [TEST_STEP][PASSED] - totalplay.Common.verifyPropertyValueExist(AddToCart, shipments_0__type): totalplay.Common.verifyPropertyValueExist is PASSED

06-09-2024T14:38:37 - [MESSAGE][INFO] - Checking response object

06-09-2024T14:38:37 - [MESSAGE][INFO] - shipment

06-09-2024T14:38:37 - [MESSAGE][PASSED] - totalplay.Common.verifyPropertyValueExist is PASSED

06-09-2024T14:38:37 - [TEST_STEP][PASSED] - totalplay.Common.getDecimalValueofObject(AddToCart, shipments_0_adjusted_merchandize_total_tax): totalplay.Common.getDecimalValueofObject is PASSED

06-09-2024T14:38:37 - [MESSAGE][INFO] - Checking response object

06-09-2024T14:38:37 - [MESSAGE][PASSED] - totalplay.Common.getDecimalValueofObject is PASSED

06-09-2024T14:38:37 - [TEST_STEP][PASSED] - totalplay.Common.getDecimalValueofObject(AddToCart, shipments_0_adjusted_shipping_total_tax): totalplay.Common.getDecimalValueofObject is PASSED

06-09-2024T14:38:37 - [MESSAGE][INFO] - Checking response object

06-09-2024T14:38:37 - [MESSAGE][PASSED] - totalplay.Common.getDecimalValueofObject is PASSED

06-09-2024T14:38:37 - [TEST_STEP][PASSED] - totalplay.Common.getBooleanValueofObject(AddToCart, shipments_0_gift): totalplay.Common.getBooleanValueofObject is PASSED

06-09-2024T14:38:37 - [MESSAGE][INFO] - Checking response object

06-09-2024T14:38:37 - [MESSAGE][PASSED] - totalplay.Common.getBooleanValueofObject is PASSED

06-09-2024T14:38:37 - [TEST_STEP][PASSED] - totalplay.Common.getDecimalValueofObject(AddToCart, shipments_0_merchandize_total_tax): totalplay.Common.getDecimalValueofObject is PASSED

06-09-2024T14:38:37 - [MESSAGE][INFO] - Checking response object

06-09-2024T14:38:37 - [MESSAGE][PASSED] - totalplay.Common.getDecimalValueofObject is PASSED

06-09-2024T14:38:37 - [TEST_STEP][PASSED] - totalplay.Common.getDecimalValueofObject(AddToCart, shipments_0_product_sub_total): totalplay.Common.getDecimalValueofObject is PASSED

06-09-2024T14:38:37 - [MESSAGE][INFO] - Checking response object

06-09-2024T14:38:37 - [MESSAGE][PASSED] - totalplay.Common.getDecimalValueofObject is PASSED

06-09-2024T14:38:37 - [TEST_STEP][PASSED] - totalplay.Common.getDecimalValueofObject(AddToCart, shipments_0_product_total): totalplay.Common.getDecimalValueofObject is PASSED

06-09-2024T14:38:37 - [MESSAGE][INFO] - Checking response object

06-09-2024T14:38:37 - [MESSAGE][PASSED] - totalplay.Common.getDecimalValueofObject is PASSED

06-09-2024T14:38:37 - [TEST_STEP][PASSED] - totalplay.Common.verifyPropertyExist(AddToCart, shipments_0_shipment_id): totalplay.Common.verifyPropertyExist is PASSED

06-09-2024T14:38:37 - [MESSAGE][INFO] - Checking response object

06-09-2024T14:38:37 - [MESSAGE][PASSED] - totalplay.Common.verifyPropertyExist is PASSED

06-09-2024T14:38:37 - [TEST_STEP][PASSED] - totalplay.Common.verifyPropertyValueExist(AddToCart, shipments_0_shipment_id): totalplay.Common.verifyPropertyValueExist is PASSED

06-09-2024T14:38:37 - [MESSAGE][INFO] - Checking response object

06-09-2024T14:38:37 - [MESSAGE][INFO] - me

06-09-2024T14:38:37 - [MESSAGE][PASSED] - totalplay.Common.verifyPropertyValueExist is PASSED

06-09-2024T14:38:37 - [TEST_STEP][PASSED] - totalplay.Common.getDecimalValueofObject(AddToCart, shipments_0_shipment_total): totalplay.Common.getDecimalValueofObject is PASSED

06-09-2024T14:38:37 - [MESSAGE][INFO] - Checking response object

06-09-2024T14:38:37 - [MESSAGE][PASSED] - totalplay.Common.getDecimalValueofObject is PASSED

06-09-2024T14:38:37 - [TEST_STEP][PASSED] - totalplay.Common.verifyPropertyExist(AddToCart, shipments_0_shipping_method__type): totalplay.Common.verifyPropertyExist is PASSED

06-09-2024T14:38:37 - [MESSAGE][INFO] - Checking response object

06-09-2024T14:38:37 - [MESSAGE][PASSED] - totalplay.Common.verifyPropertyExist is PASSED

06-09-2024T14:38:37 - [TEST_STEP][PASSED] - totalplay.Common.verifyPropertyValueExist(AddToCart, shipments_0_shipping_method__type): totalplay.Common.verifyPropertyValueExist is PASSED

06-09-2024T14:38:37 - [MESSAGE][INFO] - Checking response object

06-09-2024T14:38:37 - [MESSAGE][INFO] - shipping_method

06-09-2024T14:38:37 - [MESSAGE][PASSED] - totalplay.Common.verifyPropertyValueExist is PASSED

06-09-2024T14:38:37 - [TEST_STEP][PASSED] - totalplay.Common.verifyPropertyExist(AddToCart, shipments_0_shipping_method_description): totalplay.Common.verifyPropertyExist is PASSED

06-09-2024T14:38:37 - [MESSAGE][INFO] - Checking response object

06-09-2024T14:38:37 - [MESSAGE][PASSED] - totalplay.Common.verifyPropertyExist is PASSED

06-09-2024T14:38:37 - [TEST_STEP][PASSED] - totalplay.Common.verifyPropertyValueExist(AddToCart, shipments_0_shipping_method_description): totalplay.Common.verifyPropertyValueExist is PASSED

06-09-2024T14:38:37 - [MESSAGE][INFO] - Checking response object

06-09-2024T14:38:37 - [MESSAGE][INFO] - pickup

06-09-2024T14:38:37 - [MESSAGE][PASSED] - totalplay.Common.verifyPropertyValueExist is PASSED

06-09-2024T14:38:37 - [TEST_STEP][PASSED] - totalplay.Common.verifyPropertyExist(AddToCart, shipments_0_shipping_method_id): totalplay.Common.verifyPropertyExist is PASSED

06-09-2024T14:38:37 - [MESSAGE][INFO] - Checking response object

06-09-2024T14:38:37 - [MESSAGE][PASSED] - totalplay.Common.verifyPropertyExist is PASSED

06-09-2024T14:38:37 - [TEST_STEP][PASSED] - totalplay.Common.verifyPropertyValueExist(AddToCart, shipments_0_shipping_method_id): totalplay.Common.verifyPropertyValueExist is PASSED

06-09-2024T14:38:37 - [MESSAGE][INFO] - Checking response object

06-09-2024T14:38:37 - [MESSAGE][INFO] - pickup

06-09-2024T14:38:37 - [MESSAGE][PASSED] - totalplay.Common.verifyPropertyValueExist is PASSED

06-09-2024T14:38:37 - [TEST_STEP][PASSED] - totalplay.Common.verifyPropertyExist(AddToCart, shipments_0_shipping_method_name): totalplay.Common.verifyPropertyExist is PASSED

06-09-2024T14:38:37 - [MESSAGE][INFO] - Checking response object

06-09-2024T14:38:38 - [MESSAGE][PASSED] - totalplay.Common.verifyPropertyExist is PASSED

06-09-2024T14:38:38 - [TEST_STEP][PASSED] - totalplay.Common.verifyPropertyValueExist(AddToCart, shipments_0_shipping_method_name): totalplay.Common.verifyPropertyValueExist is PASSED

06-09-2024T14:38:38 - [MESSAGE][INFO] - Checking response object

06-09-2024T14:38:38 - [MESSAGE][INFO] - pickup

06-09-2024T14:38:38 - [MESSAGE][PASSED] - totalplay.Common.verifyPropertyValueExist is PASSED

06-09-2024T14:38:38 - [TEST_STEP][PASSED] - totalplay.Common.verifyPropertyExist(AddToCart, shipments_0_shipping_method_c_estimatedArrivalTime): totalplay.Common.verifyPropertyExist is PASSED

06-09-2024T14:38:38 - [MESSAGE][INFO] - Checking response object

06-09-2024T14:38:38 - [MESSAGE][PASSED] - totalplay.Common.verifyPropertyExist is PASSED

06-09-2024T14:38:38 - [TEST_STEP][PASSED] - totalplay.Common.verifyPropertyValueExist(AddToCart, shipments_0_shipping_method_c_estimatedArrivalTime): totalplay.Common.verifyPropertyValueExist is PASSED

06-09-2024T14:38:38 - [MESSAGE][INFO] - Checking response object

06-09-2024T14:38:38 - [MESSAGE][INFO] - 60 Mins

06-09-2024T14:38:38 - [MESSAGE][PASSED] - totalplay.Common.verifyPropertyValueExist is PASSED

06-09-2024T14:38:38 - [TEST_STEP][PASSED] - totalplay.Common.getBooleanValueofObject(AddToCart, shipments_0_shipping_status): totalplay.Common.getBooleanValueofObject is PASSED

06-09-2024T14:38:38 - [MESSAGE][INFO] - Checking response object

06-09-2024T14:38:38 - [MESSAGE][PASSED] - totalplay.Common.getBooleanValueofObject is PASSED

06-09-2024T14:38:38 - [TEST_STEP][PASSED] - totalplay.Common.verifyPropertyExist(AddToCart, shipments_0_shipping_status): totalplay.Common.verifyPropertyExist is PASSED

06-09-2024T14:38:38 - [MESSAGE][INFO] - Checking response object

06-09-2024T14:38:38 - [MESSAGE][PASSED] - totalplay.Common.verifyPropertyExist is PASSED

06-09-2024T14:38:38 - [TEST_STEP][PASSED] - totalplay.Common.verifyPropertyValueExist(AddToCart, shipments_0_shipping_status): totalplay.Common.verifyPropertyValueExist is PASSED

06-09-2024T14:38:38 - [MESSAGE][INFO] - Checking response object

06-09-2024T14:38:38 - [MESSAGE][INFO] - not_shipped

06-09-2024T14:38:38 - [MESSAGE][PASSED] - totalplay.Common.verifyPropertyValueExist is PASSED

06-09-2024T14:38:38 - [TEST_STEP][PASSED] - totalplay.Common.getDecimalValueofObject(AddToCart, shipments_0_shipping_total): totalplay.Common.getDecimalValueofObject is PASSED

06-09-2024T14:38:38 - [MESSAGE][INFO] - Checking response object

06-09-2024T14:38:38 - [MESSAGE][PASSED] - totalplay.Common.getDecimalValueofObject is PASSED

06-09-2024T14:38:38 - [TEST_STEP][PASSED] - totalplay.Common.getDecimalValueofObject(AddToCart, shipments_0_shipping_total_tax): totalplay.Common.getDecimalValueofObject is PASSED

06-09-2024T14:38:38 - [MESSAGE][INFO] - Checking response object

06-09-2024T14:38:38 - [MESSAGE][PASSED] - totalplay.Common.getDecimalValueofObject is PASSED

06-09-2024T14:38:38 - [TEST_STEP][PASSED] - totalplay.Common.getDecimalValueofObject(AddToCart, shipments_0_tax_total): totalplay.Common.getDecimalValueofObject is PASSED

06-09-2024T14:38:38 - [MESSAGE][INFO] - Checking response object

06-09-2024T14:38:38 - [MESSAGE][PASSED] - totalplay.Common.getDecimalValueofObject is PASSED

06-09-2024T14:38:38 - [TEST_STEP][PASSED] - totalplay.Common.verifyPropertyExist(AddToCart, shipping_items_0__type): totalplay.Common.verifyPropertyExist is PASSED

06-09-2024T14:38:38 - [MESSAGE][INFO] - Checking response object

06-09-2024T14:38:38 - [MESSAGE][PASSED] - totalplay.Common.verifyPropertyExist is PASSED

06-09-2024T14:38:38 - [TEST_STEP][PASSED] - totalplay.Common.verifyPropertyValueExist(AddToCart, shipping_items_0__type): totalplay.Common.verifyPropertyValueExist is PASSED

06-09-2024T14:38:38 - [MESSAGE][INFO] - Checking response object

06-09-2024T14:38:38 - [MESSAGE][INFO] - shipping_item

06-09-2024T14:38:38 - [MESSAGE][PASSED] - totalplay.Common.verifyPropertyValueExist is PASSED

06-09-2024T14:38:38 - [TEST_STEP][PASSED] - totalplay.Common.getDecimalValueofObject(AddToCart, shipping_items_0_adjusted_tax): totalplay.Common.getDecimalValueofObject is PASSED

06-09-2024T14:38:38 - [MESSAGE][INFO] - Checking response object

06-09-2024T14:38:38 - [MESSAGE][PASSED] - totalplay.Common.getDecimalValueofObject is PASSED

06-09-2024T14:38:38 - [TEST_STEP][PASSED] - totalplay.Common.getDecimalValueofObject(AddToCart, shipping_items_0_base_price): totalplay.Common.getDecimalValueofObject is PASSED

06-09-2024T14:38:38 - [MESSAGE][INFO] - Checking response object

06-09-2024T14:38:38 - [MESSAGE][PASSED] - totalplay.Common.getDecimalValueofObject is PASSED

06-09-2024T14:38:38 - [TEST_STEP][PASSED] - totalplay.Common.verifyPropertyExist(AddToCart, shipping_items_0_item_id): totalplay.Common.verifyPropertyExist is PASSED

06-09-2024T14:38:38 - [MESSAGE][INFO] - Checking response object

06-09-2024T14:38:38 - [MESSAGE][PASSED] - totalplay.Common.verifyPropertyExist is PASSED

06-09-2024T14:38:38 - [TEST_STEP][PASSED] - totalplay.Common.verifyPropertyValueExist(AddToCart, shipping_items_0_item_id): totalplay.Common.verifyPropertyValueExist is PASSED

06-09-2024T14:38:38 - [MESSAGE][INFO] - Checking response object

06-09-2024T14:38:38 - [MESSAGE][INFO] - 60cb796b5ed0f9b9e9282e6127

06-09-2024T14:38:38 - [MESSAGE][PASSED] - totalplay.Common.verifyPropertyValueExist is PASSED

06-09-2024T14:38:38 - [TEST_STEP][PASSED] - totalplay.Common.verifyPropertyExist(AddToCart, shipping_items_0_item_text): totalplay.Common.verifyPropertyExist is PASSED

06-09-2024T14:38:38 - [MESSAGE][INFO] - Checking response object

06-09-2024T14:38:38 - [MESSAGE][PASSED] - totalplay.Common.verifyPropertyExist is PASSED

06-09-2024T14:38:38 - [TEST_STEP][PASSED] - totalplay.Common.verifyPropertyValueExist(AddToCart, shipping_items_0_item_text): totalplay.Common.verifyPropertyValueExist is PASSED

06-09-2024T14:38:38 - [MESSAGE][INFO] - Checking response object

06-09-2024T14:38:38 - [MESSAGE][INFO] - Shipping

06-09-2024T14:38:38 - [MESSAGE][PASSED] - totalplay.Common.verifyPropertyValueExist is PASSED

06-09-2024T14:38:38 - [TEST_STEP][PASSED] - totalplay.Common.getDecimalValueofObject(AddToCart, shipping_items_0_price): totalplay.Common.getDecimalValueofObject is PASSED

06-09-2024T14:38:38 - [MESSAGE][INFO] - Checking response object

06-09-2024T14:38:38 - [MESSAGE][PASSED] - totalplay.Common.getDecimalValueofObject is PASSED

06-09-2024T14:38:38 - [TEST_STEP][PASSED] - totalplay.Common.getDecimalValueofObject(AddToCart, shipping_items_0_price_after_item_discount): totalplay.Common.getDecimalValueofObject is PASSED

06-09-2024T14:38:38 - [MESSAGE][INFO] - Checking response object

06-09-2024T14:38:38 - [MESSAGE][PASSED] - totalplay.Common.getDecimalValueofObject is PASSED

06-09-2024T14:38:38 - [TEST_STEP][PASSED] - totalplay.Common.verifyPropertyExist(AddToCart, shipping_items_0_shipment_id): totalplay.Common.verifyPropertyExist is PASSED

06-09-2024T14:38:38 - [MESSAGE][INFO] - Checking response object

06-09-2024T14:38:38 - [MESSAGE][PASSED] - totalplay.Common.verifyPropertyExist is PASSED

06-09-2024T14:38:38 - [TEST_STEP][PASSED] - totalplay.Common.verifyPropertyValueExist(AddToCart, shipping_items_0_shipment_id): totalplay.Common.verifyPropertyValueExist is PASSED

06-09-2024T14:38:38 - [MESSAGE][INFO] - Checking response object

06-09-2024T14:38:38 - [MESSAGE][INFO] - me

06-09-2024T14:38:38 - [MESSAGE][PASSED] - totalplay.Common.verifyPropertyValueExist is PASSED

06-09-2024T14:38:38 - [TEST_STEP][PASSED] - totalplay.Common.getDecimalValueofObject(AddToCart, shipping_items_0_tax): totalplay.Common.getDecimalValueofObject is PASSED

06-09-2024T14:38:38 - [MESSAGE][INFO] - Checking response object

06-09-2024T14:38:38 - [MESSAGE][PASSED] - totalplay.Common.getDecimalValueofObject is PASSED

06-09-2024T14:38:38 - [TEST_STEP][PASSED] - totalplay.Common.getDecimalValueofObject(AddToCart, shipping_items_0_tax_basis): totalplay.Common.getDecimalValueofObject is PASSED

06-09-2024T14:38:38 - [MESSAGE][INFO] - Checking response object

06-09-2024T14:38:38 - [MESSAGE][PASSED] - totalplay.Common.getDecimalValueofObject is PASSED

06-09-2024T14:38:38 - [TEST_STEP][PASSED] - totalplay.Common.verifyPropertyExist(AddToCart, shipping_items_0_tax_class_id): totalplay.Common.verifyPropertyExist is PASSED

06-09-2024T14:38:38 - [MESSAGE][INFO] - Checking response object

06-09-2024T14:38:38 - [MESSAGE][PASSED] - totalplay.Common.verifyPropertyExist is PASSED

06-09-2024T14:38:38 - [TEST_STEP][PASSED] - totalplay.Common.verifyPropertyValueExist(AddToCart, shipping_items_0_tax_class_id): totalplay.Common.verifyPropertyValueExist is PASSED

06-09-2024T14:38:38 - [MESSAGE][INFO] - Checking response object

06-09-2024T14:38:38 - [MESSAGE][INFO] - standard

06-09-2024T14:38:38 - [MESSAGE][PASSED] - totalplay.Common.verifyPropertyValueExist is PASSED

06-09-2024T14:38:38 - [TEST_STEP][PASSED] - totalplay.Common.getDecimalValueofObject(AddToCart, shipping_items_0_tax_rate): totalplay.Common.getDecimalValueofObject is PASSED

06-09-2024T14:38:38 - [MESSAGE][INFO] - Checking response object

06-09-2024T14:38:38 - [MESSAGE][PASSED] - totalplay.Common.getDecimalValueofObject is PASSED

06-09-2024T14:38:38 - [TEST_STEP][PASSED] - totalplay.Common.getDecimalValueofObject(AddToCart, shipping_total): totalplay.Common.getDecimalValueofObject is PASSED

06-09-2024T14:38:38 - [MESSAGE][INFO] - Checking response object

06-09-2024T14:38:38 - [MESSAGE][PASSED] - totalplay.Common.getDecimalValueofObject is PASSED

06-09-2024T14:38:38 - [TEST_STEP][PASSED] - totalplay.Common.getDecimalValueofObject(AddToCart, shipping_total_tax): totalplay.Common.getDecimalValueofObject is PASSED

06-09-2024T14:38:38 - [MESSAGE][INFO] - Checking response object

06-09-2024T14:38:38 - [MESSAGE][PASSED] - totalplay.Common.getDecimalValueofObject is PASSED

06-09-2024T14:38:38 - [TEST_STEP][PASSED] - totalplay.Common.verifyPropertyExist(AddToCart, taxation): totalplay.Common.verifyPropertyExist is PASSED

06-09-2024T14:38:38 - [MESSAGE][INFO] - Checking response object

06-09-2024T14:38:38 - [MESSAGE][PASSED] - totalplay.Common.verifyPropertyExist is PASSED

06-09-2024T14:38:38 - [TEST_STEP][PASSED] - totalplay.Common.verifyPropertyValueExist(AddToCart, taxation): totalplay.Common.verifyPropertyValueExist is PASSED

06-09-2024T14:38:38 - [MESSAGE][INFO] - Checking response object

06-09-2024T14:38:38 - [MESSAGE][INFO] - net

06-09-2024T14:38:38 - [MESSAGE][PASSED] - totalplay.Common.verifyPropertyValueExist is PASSED

06-09-2024T14:38:38 - [TEST_STEP][PASSED] - totalplay.Common.getBooleanValueofObject(AddToCart, tax_rounded_at_group): totalplay.Common.getBooleanValueofObject is PASSED

06-09-2024T14:38:39 - [MESSAGE][INFO] - Checking response object

06-09-2024T14:38:39 - [MESSAGE][PASSED] - totalplay.Common.getBooleanValueofObject is PASSED

06-09-2024T14:38:39 - [TEST_STEP][PASSED] - totalplay.Common.getDecimalValueofObject(AddToCart, tax_total): totalplay.Common.getDecimalValueofObject is PASSED

06-09-2024T14:38:39 - [MESSAGE][INFO] - Checking response object

06-09-2024T14:38:39 - [MESSAGE][PASSED] - totalplay.Common.getDecimalValueofObject is PASSED

06-09-2024T14:38:39 - [TEST_STEP][PASSED] - totalplay.Common.getBooleanValueofObject(AddToCart, temporary_basket): totalplay.Common.getBooleanValueofObject is PASSED

06-09-2024T14:38:39 - [MESSAGE][INFO] - Checking response object

06-09-2024T14:38:39 - [MESSAGE][PASSED] - totalplay.Common.getBooleanValueofObject is PASSED

06-09-2024T14:38:39 - [TEST_STEP][PASSED] - totalplay.Common.verifyPropertyExist(AddToCart, c_currentCorporate): totalplay.Common.verifyPropertyExist is PASSED

06-09-2024T14:38:39 - [MESSAGE][INFO] - Checking response object

06-09-2024T14:38:39 - [MESSAGE][PASSED] - totalplay.Common.verifyPropertyExist is PASSED

06-09-2024T14:38:39 - [TEST_STEP][PASSED] - totalplay.Common.verifyPropertyValueExist(AddToCart, c_currentCorporate): totalplay.Common.verifyPropertyValueExist is PASSED

06-09-2024T14:38:39 - [MESSAGE][INFO] - Checking response object

06-09-2024T14:38:39 - [MESSAGE][INFO] - LaCasaDeToño

06-09-2024T14:38:39 - [MESSAGE][PASSED] - totalplay.Common.verifyPropertyValueExist is PASSED

06-09-2024T14:38:39 - [TEST_STEP][PASSED] - totalplay.Common.getBooleanValueofObject(AddToCart, c_forceDeleteOndemand): totalplay.Common.getBooleanValueofObject is PASSED

06-09-2024T14:38:39 - [MESSAGE][INFO] - Checking response object

06-09-2024T14:38:39 - [MESSAGE][PASSED] - totalplay.Common.getBooleanValueofObject is PASSED

06-09-2024T14:38:39 - [TEST_STEP][PASSED] - totalplay.Common.verifyPropertyExist(AddToCart, c_seller_id): totalplay.Common.verifyPropertyExist is PASSED

06-09-2024T14:38:39 - [MESSAGE][INFO] - Checking response object

06-09-2024T14:38:39 - [MESSAGE][PASSED] - totalplay.Common.verifyPropertyExist is PASSED

06-09-2024T14:38:39 - [TEST_STEP][PASSED] - totalplay.Common.verifyPropertyValueExist(AddToCart, c_seller_id): totalplay.Common.verifyPropertyValueExist is PASSED

06-09-2024T14:38:39 - [MESSAGE][INFO] - Checking response object

06-09-2024T14:38:39 - [MESSAGE][INFO] - 4158

06-09-2024T14:38:39 - [MESSAGE][PASSED] - totalplay.Common.verifyPropertyValueExist is PASSED

06-09-2024T14:38:39 - [TEST_STEP][PASSED] - totalplay.Common.getDecimalValueofObject(AddToCart, c_savingsTotal): totalplay.Common.getDecimalValueofObject is PASSED

06-09-2024T14:38:39 - [MESSAGE][INFO] - Checking response object

06-09-2024T14:38:39 - [MESSAGE][PASSED] - totalplay.Common.getDecimalValueofObject is PASSED]]></system-out>
         <system-err><![CDATA[]]></system-err>
      </testcase>
      <testcase name="Test Cases/TotalPlay-Food/TC_12_Get_Basket_by_Id" time="12.641" classname="Test Cases/TotalPlay-Food/TC_12_Get_Basket_by_Id" status="PASSED">
         <system-out><![CDATA[06-09-2024T14:38:39 - [TEST_CASE][PASSED] - Test Cases/TotalPlay-Food/TC_12_Get_Basket_by_Id: Test Cases/TotalPlay-Food/TC_12_Get_Basket_by_Id

06-09-2024T14:38:40 - [TEST_STEP][PASSED] - callTestCase(findTestCase("TotalPlay-Food/TC_1_Login_Service"), [:], STOP_ON_FAILURE): Call Test Case 'Test Cases/TotalPlay-Food/TC_1_Login_Service' successfully

06-09-2024T14:38:40 - [MESSAGE][INFO] - Checking called Test Case

06-09-2024T14:38:40 - [MESSAGE][INFO] - Starting to call Test Case 'Test Cases/TotalPlay-Food/TC_1_Login_Service'

06-09-2024T14:38:40 - [TEST_CASE][PASSED] - Test Cases/TotalPlay-Food/TC_1_Login_Service: Test Cases/TotalPlay-Food/TC_1_Login_Service

06-09-2024T14:38:40 - [TEST_STEP][PASSED] - LoginResponse = sendRequest(findTestObject("TotalPlay-Food/getTokenDelivery", ["URL":URL])): Send request successfully

06-09-2024T14:38:40 - [MESSAGE][INFO] - Finding Test Object 'Object Repository/TotalPlay-Food/getTokenDelivery'

06-09-2024T14:38:40 - [MESSAGE][INFO] - Checking request object

06-09-2024T14:38:44 - [MESSAGE][INFO] - HAR: C:\Users\ShubhamKumarThakur\OneDrive - Kognivera\Documents\TotalPlay\totalplay-automation\Reports\20240906_143744\Food_Service_Normal_Flow_PlaceOrder\20240906_143744\requests\main\7.har

06-09-2024T14:38:44 - [MESSAGE][PASSED] - Send request successfully

06-09-2024T14:38:44 - [TEST_STEP][PASSED] - assert getResponseStatusCode(LoginResponse) == 200: Checking response object

06-09-2024T14:38:44 - [MESSAGE][INFO] - Checking response object

06-09-2024T14:38:44 - [TEST_STEP][PASSED] - Auth = "ocapiResponse.access_token": null

06-09-2024T14:38:44 - [TEST_STEP][PASSED] - FoodBascketId = "ocapiResponse.c_basketId_TP_FOOD": null

06-09-2024T14:38:44 - [TEST_STEP][PASSED] - FoodBasId = getElementPropertyValue(LoginResponse, FoodBascketId): Checking response object

06-09-2024T14:38:44 - [MESSAGE][INFO] - Checking response object

06-09-2024T14:38:44 - [TEST_STEP][PASSED] - sfccAuthorization = getElementPropertyValue(LoginResponse, Auth): Checking response object

06-09-2024T14:38:44 - [MESSAGE][INFO] - Checking response object

06-09-2024T14:38:44 - [TEST_STEP][PASSED] - Authorization = "Bearer " + sfccAuthorization: null

06-09-2024T14:38:44 - [TEST_STEP][PASSED] - FoodBasketId = FoodBasId: null

06-09-2024T14:38:44 - [TEST_STEP][PASSED] - logInfo(bm_auth_token): 

06-09-2024T14:38:44 - [MESSAGE][INFO] - 

06-09-2024T14:38:44 - [TEST_STEP][PASSED] - if (sfccAuthorization.length() == 0): null

06-09-2024T14:38:44 - [TEST_STEP][PASSED] - else: authorization generated

06-09-2024T14:38:44 - [TEST_STEP][PASSED] - markPassed("authorization generated"): authorization generated

06-09-2024T14:38:44 - [MESSAGE][PASSED] - authorization generated

06-09-2024T14:38:44 - [TEST_STEP][PASSED] - BasketId_loginResponse = "ocapiResponse.c_basketId": null

06-09-2024T14:38:44 - [TEST_STEP][PASSED] - CustomerId_loginResponse = "ocapiResponse.customer_id": null

06-09-2024T14:38:44 - [TEST_STEP][PASSED] - basketId = getElementPropertyValue(LoginResponse, BasketId_loginResponse): Checking response object

06-09-2024T14:38:44 - [MESSAGE][INFO] - Checking response object

06-09-2024T14:38:44 - [TEST_STEP][PASSED] - customerId = getElementPropertyValue(LoginResponse, CustomerId_loginResponse): Checking response object

06-09-2024T14:38:44 - [MESSAGE][INFO] - Checking response object

06-09-2024T14:38:44 - [TEST_STEP][PASSED] - basketID = basketId: null

06-09-2024T14:38:44 - [TEST_STEP][PASSED] - sla_customerId = customerId: null

06-09-2024T14:38:44 - [TEST_STEP][PASSED] - println(basketID): null

06-09-2024T14:38:44 - [TEST_STEP][PASSED] - println(sla_customerId): null

06-09-2024T14:38:44 - [TEST_STEP][PASSED] - refresh_token = "ocapiResponse.refresh_token": null

06-09-2024T14:38:44 - [TEST_STEP][PASSED] - customer_email = "ocapiResponse.customer_email": null

06-09-2024T14:38:44 - [TEST_STEP][PASSED] - c_brmId = "ocapiResponse.c_brmId": null

06-09-2024T14:38:44 - [TEST_STEP][PASSED] - customer_name = "ocapiResponse.customer_name": null

06-09-2024T14:38:44 - [TEST_STEP][PASSED] - totalplay.Common.verifyPropertyExist(LoginResponse, refresh_token): totalplay.Common.verifyPropertyExist is PASSED

06-09-2024T14:38:44 - [MESSAGE][INFO] - Checking response object

06-09-2024T14:38:44 - [MESSAGE][PASSED] - totalplay.Common.verifyPropertyExist is PASSED

06-09-2024T14:38:44 - [TEST_STEP][PASSED] - totalplay.Common.verifyPropertyValueExist(LoginResponse, refresh_token): totalplay.Common.verifyPropertyValueExist is PASSED

06-09-2024T14:38:44 - [MESSAGE][INFO] - Checking response object

06-09-2024T14:38:44 - [MESSAGE][INFO] - jEd1pMRulUJqRT11YAFVCgDe80fWKz8i9KY9v0sbz2k

06-09-2024T14:38:44 - [MESSAGE][PASSED] - totalplay.Common.verifyPropertyValueExist is PASSED

06-09-2024T14:38:44 - [TEST_STEP][PASSED] - totalplay.Common.verifyPropertyExist(LoginResponse, customer_email): totalplay.Common.verifyPropertyExist is PASSED

06-09-2024T14:38:44 - [MESSAGE][INFO] - Checking response object

06-09-2024T14:38:44 - [MESSAGE][PASSED] - totalplay.Common.verifyPropertyExist is PASSED

06-09-2024T14:38:44 - [TEST_STEP][PASSED] - totalplay.Common.verifyPropertyValueExist(LoginResponse, customer_email): totalplay.Common.verifyPropertyValueExist is PASSED

06-09-2024T14:38:44 - [MESSAGE][INFO] - Checking response object

06-09-2024T14:38:44 - [MESSAGE][INFO] - cesar.waldo93@gmail.com

06-09-2024T14:38:44 - [MESSAGE][PASSED] - totalplay.Common.verifyPropertyValueExist is PASSED

06-09-2024T14:38:44 - [TEST_STEP][PASSED] - totalplay.Common.verifyPropertyExist(LoginResponse, customer_name): totalplay.Common.verifyPropertyExist is PASSED

06-09-2024T14:38:44 - [MESSAGE][INFO] - Checking response object

06-09-2024T14:38:44 - [MESSAGE][PASSED] - totalplay.Common.verifyPropertyExist is PASSED

06-09-2024T14:38:44 - [TEST_STEP][PASSED] - totalplay.Common.verifyPropertyValueExist(LoginResponse, customer_name): totalplay.Common.verifyPropertyValueExist is PASSED

06-09-2024T14:38:44 - [MESSAGE][INFO] - Checking response object

06-09-2024T14:38:44 - [MESSAGE][INFO] - CESAR GERARDO WALDO GONZALEZ

06-09-2024T14:38:44 - [MESSAGE][PASSED] - totalplay.Common.verifyPropertyValueExist is PASSED

06-09-2024T14:38:44 - [TEST_STEP][PASSED] - totalplay.Common.verifyPropertyExist(LoginResponse, c_brmId): totalplay.Common.verifyPropertyExist is PASSED

06-09-2024T14:38:44 - [MESSAGE][INFO] - Checking response object

06-09-2024T14:38:44 - [MESSAGE][PASSED] - totalplay.Common.verifyPropertyExist is PASSED

06-09-2024T14:38:44 - [TEST_STEP][PASSED] - totalplay.Common.verifyPropertyValueExist(LoginResponse, c_brmId): totalplay.Common.verifyPropertyValueExist is PASSED

06-09-2024T14:38:44 - [MESSAGE][INFO] - Checking response object

06-09-2024T14:38:44 - [MESSAGE][INFO] - 0106378356

06-09-2024T14:38:44 - [MESSAGE][PASSED] - totalplay.Common.verifyPropertyValueExist is PASSED

06-09-2024T14:38:44 - [MESSAGE][PASSED] - Call Test Case 'Test Cases/TotalPlay-Food/TC_1_Login_Service' successfully

06-09-2024T14:38:44 - [TEST_STEP][PASSED] - AddProductToBAsket = sendRequest(findTestObject("TotalPlay-Food/AddProductToBasket", ["URL":URL, "basketID":basketID])): Send request successfully

06-09-2024T14:38:44 - [MESSAGE][INFO] - Finding Test Object 'Object Repository/TotalPlay-Food/AddProductToBasket'

06-09-2024T14:38:44 - [MESSAGE][INFO] - Checking request object

06-09-2024T14:38:45 - [MESSAGE][INFO] - HAR: C:\Users\ShubhamKumarThakur\OneDrive - Kognivera\Documents\TotalPlay\totalplay-automation\Reports\20240906_143744\Food_Service_Normal_Flow_PlaceOrder\20240906_143744\requests\main\8.har

06-09-2024T14:38:45 - [MESSAGE][PASSED] - Send request successfully

06-09-2024T14:38:45 - [TEST_STEP][PASSED] - verifyResponseStatusCode(AddProductToBAsket, 200): Verify response status code successfully

06-09-2024T14:38:45 - [MESSAGE][INFO] - Checking response object

06-09-2024T14:38:45 - [MESSAGE][PASSED] - Verify response status code successfully

06-09-2024T14:38:45 - [TEST_STEP][PASSED] - product_productItemId = "product.productItemId": null

06-09-2024T14:38:45 - [TEST_STEP][PASSED] - Item_id = getElementPropertyValue(AddProductToBAsket, product_productItemId): Checking response object

06-09-2024T14:38:45 - [MESSAGE][INFO] - Checking response object

06-09-2024T14:38:45 - [TEST_STEP][PASSED] - GetBasket = sendRequest(findTestObject("TotalPlay-Food/getBasketById", ["URL":URL, "basketID":basketID])): Send request successfully

06-09-2024T14:38:45 - [MESSAGE][INFO] - Finding Test Object 'Object Repository/TotalPlay-Food/getBasketById'

06-09-2024T14:38:46 - [MESSAGE][INFO] - Checking request object

06-09-2024T14:38:46 - [MESSAGE][INFO] - HAR: C:\Users\ShubhamKumarThakur\OneDrive - Kognivera\Documents\TotalPlay\totalplay-automation\Reports\20240906_143744\Food_Service_Normal_Flow_PlaceOrder\20240906_143744\requests\main\9.har

06-09-2024T14:38:46 - [MESSAGE][PASSED] - Send request successfully

06-09-2024T14:38:46 - [TEST_STEP][PASSED] - verifyResponseStatusCode(GetBasket, 200): Verify response status code successfully

06-09-2024T14:38:46 - [MESSAGE][INFO] - Checking response object

06-09-2024T14:38:46 - [MESSAGE][PASSED] - Verify response status code successfully

06-09-2024T14:38:46 - [TEST_STEP][PASSED] - _v = "_v": null

06-09-2024T14:38:46 - [TEST_STEP][PASSED] - _type = "_type": null

06-09-2024T14:38:46 - [TEST_STEP][PASSED] - _resource_state = "_resource_state": null

06-09-2024T14:38:46 - [TEST_STEP][PASSED] - _flash_0__type = "_flash[0]._type": null

06-09-2024T14:38:46 - [TEST_STEP][PASSED] - _flash_0_type = "_flash[0].type": null

06-09-2024T14:38:46 - [TEST_STEP][PASSED] - _flash_0_message = "_flash[0].message": null

06-09-2024T14:38:46 - [TEST_STEP][PASSED] - _flash_0_path = "_flash[0].path": null

06-09-2024T14:38:46 - [TEST_STEP][PASSED] - adjusted_merchandize_total_tax = "adjusted_merchandize_total_tax": null

06-09-2024T14:38:46 - [TEST_STEP][PASSED] - adjusted_shipping_total_tax = "adjusted_shipping_total_tax": null

06-09-2024T14:38:46 - [TEST_STEP][PASSED] - agent_basket = "agent_basket": null

06-09-2024T14:38:46 - [TEST_STEP][PASSED] - basket_id = "basket_id": null

06-09-2024T14:38:46 - [TEST_STEP][PASSED] - channel_type = "channel_type": null

06-09-2024T14:38:46 - [TEST_STEP][PASSED] - creation_date = "creation_date": null

06-09-2024T14:38:46 - [TEST_STEP][PASSED] - currency = "currency": null

06-09-2024T14:38:46 - [TEST_STEP][PASSED] - customer_info__type = "customer_info._type": null

06-09-2024T14:38:46 - [TEST_STEP][PASSED] - customer_info_customer_id = "customer_info.customer_id": null

06-09-2024T14:38:46 - [TEST_STEP][PASSED] - customer_info_customer_no = "customer_info.customer_no": null

06-09-2024T14:38:46 - [TEST_STEP][PASSED] - customer_info_email = "customer_info.email": null

06-09-2024T14:38:46 - [TEST_STEP][PASSED] - last_modified = "last_modified": null

06-09-2024T14:38:46 - [TEST_STEP][PASSED] - merchandize_total_tax = "merchandize_total_tax": null

06-09-2024T14:38:46 - [TEST_STEP][PASSED] - notes__type = "notes._type": null

06-09-2024T14:38:46 - [TEST_STEP][PASSED] - notes_link = "notes.link": null

06-09-2024T14:38:46 - [TEST_STEP][PASSED] - order_total = "order_total": null

06-09-2024T14:38:46 - [TEST_STEP][PASSED] - product_items_0__type = "product_items[0]._type": null

06-09-2024T14:38:46 - [TEST_STEP][PASSED] - product_items_0_adjusted_tax = "product_items[0].adjusted_tax": null

06-09-2024T14:38:46 - [TEST_STEP][PASSED] - product_items_0_base_price = "product_items[0].base_price": null

06-09-2024T14:38:46 - [TEST_STEP][PASSED] - product_items_0_bonus_product_line_item = "product_items[0].bonus_product_line_item": null

06-09-2024T14:38:46 - [TEST_STEP][PASSED] - product_items_0_gift = "product_items[0].gift": null

06-09-2024T14:38:46 - [TEST_STEP][PASSED] - product_items_0_inventory_id = "product_items[0].inventory_id": null

06-09-2024T14:38:46 - [TEST_STEP][PASSED] - product_items_0_item_id = "product_items[0].item_id": null

06-09-2024T14:38:46 - [TEST_STEP][PASSED] - product_items_0_item_text = "product_items[0].item_text": null

06-09-2024T14:38:46 - [TEST_STEP][PASSED] - product_items_0_price = "product_items[0].price": null

06-09-2024T14:38:46 - [TEST_STEP][PASSED] - product_items_0_price_after_item_discount = "product_items[0].price_after_item_discount": null

06-09-2024T14:38:46 - [TEST_STEP][PASSED] - product_items_0_price_after_order_discount = "product_items[0].price_after_order_discount": null

06-09-2024T14:38:46 - [TEST_STEP][PASSED] - product_items_0_product_id = "product_items[0].product_id": null

06-09-2024T14:38:46 - [TEST_STEP][PASSED] - product_items_0_product_name = "product_items[0].product_name": null

06-09-2024T14:38:46 - [TEST_STEP][PASSED] - product_items_0_quantity = "product_items[0].quantity": null

06-09-2024T14:38:46 - [TEST_STEP][PASSED] - product_items_0_shipment_id = "product_items[0].shipment_id": null

06-09-2024T14:38:46 - [TEST_STEP][PASSED] - product_items_0_tax = "product_items[0].tax": null

06-09-2024T14:38:46 - [TEST_STEP][PASSED] - product_items_0_tax_basis = "product_items[0].tax_basis": null

06-09-2024T14:38:46 - [TEST_STEP][PASSED] - product_items_0_tax_class_id = "product_items[0].tax_class_id": null

06-09-2024T14:38:46 - [TEST_STEP][PASSED] - product_items_0_tax_rate = "product_items[0].tax_rate": null

06-09-2024T14:38:46 - [TEST_STEP][PASSED] - product_items_0_c_fromStoreId = "product_items[0].c_fromStoreId": null

06-09-2024T14:38:46 - [TEST_STEP][PASSED] - product_items_0_c_isOnDemandStoreItem = "product_items[0].c_isOnDemandStoreItem": null

06-09-2024T14:38:46 - [TEST_STEP][PASSED] - product_items_0_c_miraklChannels = "product_items[0].c_miraklChannels": null

06-09-2024T14:38:46 - [TEST_STEP][PASSED] - product_items_0_c_miraklOperatorProductId = "product_items[0].c_miraklOperatorProductId": null

06-09-2024T14:38:46 - [TEST_STEP][PASSED] - product_items_0_c_miraklShippingTaxes = "product_items[0].c_miraklShippingTaxes": null

06-09-2024T14:38:46 - [TEST_STEP][PASSED] - product_items_0_c_miraklTaxes = "product_items[0].c_miraklTaxes": null

06-09-2024T14:38:46 - [TEST_STEP][PASSED] - product_items_0_c_noOfPersons = "product_items[0].c_noOfPersons": null

06-09-2024T14:38:46 - [TEST_STEP][PASSED] - product_items_0_c_offerId = "product_items[0].c_offerId": null

06-09-2024T14:38:46 - [TEST_STEP][PASSED] - product_items_0_c_offerSalesPrice = "product_items[0].c_offerSalesPrice": null

06-09-2024T14:38:46 - [TEST_STEP][PASSED] - product_items_0_c_offerState = "product_items[0].c_offerState": null

06-09-2024T14:38:46 - [TEST_STEP][PASSED] - product_items_0_c_offerStateCode = "product_items[0].c_offerStateCode": null

06-09-2024T14:38:46 - [TEST_STEP][PASSED] - product_items_0_c_shopId = "product_items[0].c_shopId": null

06-09-2024T14:38:46 - [TEST_STEP][PASSED] - product_items_0_c_shopName = "product_items[0].c_shopName": null

06-09-2024T14:38:46 - [TEST_STEP][PASSED] - product_items_0_c_total_crossed_price = "product_items[0].c_total_crossed_price": null

06-09-2024T14:38:46 - [TEST_STEP][PASSED] - product_items_0_c_priceWithComplement = "product_items[0].c_priceWithComplement": null

06-09-2024T14:38:46 - [TEST_STEP][PASSED] - product_items_0_c_imagesData_large_0_alt = "product_items[0].c_imagesData.large[0].alt": null

06-09-2024T14:38:46 - [TEST_STEP][PASSED] - product_items_0_c_imagesData_large_0_url = "product_items[0].c_imagesData.large[0].url": null

06-09-2024T14:38:46 - [TEST_STEP][PASSED] - product_items_0_c_imagesData_large_0_title = "product_items[0].c_imagesData.large[0].title": null

06-09-2024T14:38:46 - [TEST_STEP][PASSED] - product_items_0_c_description = "product_items[0].c_description": null

06-09-2024T14:38:46 - [TEST_STEP][PASSED] - product_items_0_c_availableQty = "product_items[0].c_availableQty": null

06-09-2024T14:38:46 - [TEST_STEP][PASSED] - product_sub_total = "product_sub_total": null

06-09-2024T14:38:46 - [TEST_STEP][PASSED] - product_total = "product_total": null

06-09-2024T14:38:46 - [TEST_STEP][PASSED] - shipments_0__type = "shipments[0]._type": null

06-09-2024T14:38:46 - [TEST_STEP][PASSED] - shipments_0_adjusted_merchandize_total_tax = "shipments[0].adjusted_merchandize_total_tax": null

06-09-2024T14:38:46 - [TEST_STEP][PASSED] - shipments_0_adjusted_shipping_total_tax = "shipments[0].adjusted_shipping_total_tax": null

06-09-2024T14:38:46 - [TEST_STEP][PASSED] - shipments_0_gift = "shipments[0].gift": null

06-09-2024T14:38:46 - [TEST_STEP][PASSED] - shipments_0_merchandize_total_tax = "shipments[0].merchandize_total_tax": null

06-09-2024T14:38:46 - [TEST_STEP][PASSED] - shipments_0_product_sub_total = "shipments[0].product_sub_total": null

06-09-2024T14:38:46 - [TEST_STEP][PASSED] - shipments_0_product_total = "shipments[0].product_total": null

06-09-2024T14:38:46 - [TEST_STEP][PASSED] - shipments_0_shipment_id = "shipments[0].shipment_id": null

06-09-2024T14:38:46 - [TEST_STEP][PASSED] - shipments_0_shipment_total = "shipments[0].shipment_total": null

06-09-2024T14:38:46 - [TEST_STEP][PASSED] - shipments_0_shipping_method__type = "shipments[0].shipping_method._type": null

06-09-2024T14:38:46 - [TEST_STEP][PASSED] - shipments_0_shipping_method_description = "shipments[0].shipping_method.description": null

06-09-2024T14:38:46 - [TEST_STEP][PASSED] - shipments_0_shipping_method_id = "shipments[0].shipping_method.id": null

06-09-2024T14:38:46 - [TEST_STEP][PASSED] - shipments_0_shipping_method_name = "shipments[0].shipping_method.name": null

06-09-2024T14:38:46 - [TEST_STEP][PASSED] - shipments_0_shipping_method_c_estimatedArrivalTime = "shipments[0].shipping_method.c_estimatedArrivalTime": null

06-09-2024T14:38:46 - [TEST_STEP][PASSED] - shipments_0_shipping_method_c_storePickupEnabled = "shipments[0].shipping_method.c_storePickupEnabled": null

06-09-2024T14:38:46 - [TEST_STEP][PASSED] - shipments_0_shipping_status = "shipments[0].shipping_status": null

06-09-2024T14:38:46 - [TEST_STEP][PASSED] - shipments_0_shipping_total = "shipments[0].shipping_total": null

06-09-2024T14:38:46 - [TEST_STEP][PASSED] - shipments_0_shipping_total_tax = "shipments[0].shipping_total_tax": null

06-09-2024T14:38:46 - [TEST_STEP][PASSED] - shipments_0_tax_total = "shipments[0].tax_total": null

06-09-2024T14:38:46 - [TEST_STEP][PASSED] - shipments_0_c_totalShippingCost = "shipments[0].c_totalShippingCost": null

06-09-2024T14:38:46 - [TEST_STEP][PASSED] - shipping_items_0__type = "shipping_items[0]._type": null

06-09-2024T14:38:46 - [TEST_STEP][PASSED] - shipping_items_0_adjusted_tax = "shipping_items[0].adjusted_tax": null

06-09-2024T14:38:46 - [TEST_STEP][PASSED] - shipping_items_0_base_price = "shipping_items[0].base_price": null

06-09-2024T14:38:46 - [TEST_STEP][PASSED] - shipping_items_0_item_id = "shipping_items[0].item_id": null

06-09-2024T14:38:46 - [TEST_STEP][PASSED] - shipping_items_0_item_text = "shipping_items[0].item_text": null

06-09-2024T14:38:46 - [TEST_STEP][PASSED] - shipping_items_0_price = "shipping_items[0].price": null

06-09-2024T14:38:46 - [TEST_STEP][PASSED] - shipping_items_0_price_after_item_discount = "shipping_items[0].price_after_item_discount": null

06-09-2024T14:38:46 - [TEST_STEP][PASSED] - shipping_items_0_shipment_id = "shipping_items[0].shipment_id": null

06-09-2024T14:38:46 - [TEST_STEP][PASSED] - shipping_items_0_tax = "shipping_items[0].tax": null

06-09-2024T14:38:46 - [TEST_STEP][PASSED] - shipping_items_0_tax_basis = "shipping_items[0].tax_basis": null

06-09-2024T14:38:46 - [TEST_STEP][PASSED] - shipping_items_0_tax_class_id = "shipping_items[0].tax_class_id": null

06-09-2024T14:38:46 - [TEST_STEP][PASSED] - shipping_items_0_tax_rate = "shipping_items[0].tax_rate": null

06-09-2024T14:38:46 - [TEST_STEP][PASSED] - shipping_total = "shipping_total": null

06-09-2024T14:38:46 - [TEST_STEP][PASSED] - shipping_total_tax = "shipping_total_tax": null

06-09-2024T14:38:46 - [TEST_STEP][PASSED] - taxation = "taxation": null

06-09-2024T14:38:46 - [TEST_STEP][PASSED] - tax_total = "tax_total": null

06-09-2024T14:38:46 - [TEST_STEP][PASSED] - c_seller_id = "c_seller_id": null

06-09-2024T14:38:46 - [TEST_STEP][PASSED] - c_preferredAddress = "c_preferredAddress": null

06-09-2024T14:38:46 - [TEST_STEP][PASSED] - c_forceDeleteOndemand = "c_forceDeleteOndemand": null

06-09-2024T14:38:46 - [TEST_STEP][PASSED] - c_formatedserviceChargeTotalGrossPrice = "c_formatedserviceChargeTotalGrossPrice": null

06-09-2024T14:38:46 - [TEST_STEP][PASSED] - totalplay.Common.verifyPropertyExist(GetBasket, _v): totalplay.Common.verifyPropertyExist is PASSED

06-09-2024T14:38:46 - [MESSAGE][INFO] - Checking response object

06-09-2024T14:38:46 - [MESSAGE][PASSED] - totalplay.Common.verifyPropertyExist is PASSED

06-09-2024T14:38:46 - [TEST_STEP][PASSED] - totalplay.Common.verifyPropertyValueExist(GetBasket, _v): totalplay.Common.verifyPropertyValueExist is PASSED

06-09-2024T14:38:46 - [MESSAGE][INFO] - Checking response object

06-09-2024T14:38:46 - [MESSAGE][INFO] - 23.1

06-09-2024T14:38:46 - [MESSAGE][PASSED] - totalplay.Common.verifyPropertyValueExist is PASSED

06-09-2024T14:38:46 - [TEST_STEP][PASSED] - totalplay.Common.verifyPropertyExist(GetBasket, _type): totalplay.Common.verifyPropertyExist is PASSED

06-09-2024T14:38:46 - [MESSAGE][INFO] - Checking response object

06-09-2024T14:38:46 - [MESSAGE][PASSED] - totalplay.Common.verifyPropertyExist is PASSED

06-09-2024T14:38:46 - [TEST_STEP][PASSED] - totalplay.Common.verifyPropertyValueExist(GetBasket, _type): totalplay.Common.verifyPropertyValueExist is PASSED

06-09-2024T14:38:46 - [MESSAGE][INFO] - Checking response object

06-09-2024T14:38:46 - [MESSAGE][INFO] - basket

06-09-2024T14:38:46 - [MESSAGE][PASSED] - totalplay.Common.verifyPropertyValueExist is PASSED

06-09-2024T14:38:46 - [TEST_STEP][PASSED] - totalplay.Common.verifyPropertyExist(GetBasket, _resource_state): totalplay.Common.verifyPropertyExist is PASSED

06-09-2024T14:38:46 - [MESSAGE][INFO] - Checking response object

06-09-2024T14:38:46 - [MESSAGE][PASSED] - totalplay.Common.verifyPropertyExist is PASSED

06-09-2024T14:38:46 - [TEST_STEP][PASSED] - totalplay.Common.verifyPropertyValueExist(GetBasket, _resource_state): totalplay.Common.verifyPropertyValueExist is PASSED

06-09-2024T14:38:46 - [MESSAGE][INFO] - Checking response object

06-09-2024T14:38:46 - [MESSAGE][INFO] - 9f2bf555760385e99658ee062d512fa6201570403d221aa63295f90734a230b5

06-09-2024T14:38:46 - [MESSAGE][PASSED] - totalplay.Common.verifyPropertyValueExist is PASSED

06-09-2024T14:38:46 - [TEST_STEP][PASSED] - totalplay.Common.getDecimalValueofObject(GetBasket, adjusted_merchandize_total_tax): totalplay.Common.getDecimalValueofObject is PASSED

06-09-2024T14:38:46 - [MESSAGE][INFO] - Checking response object

06-09-2024T14:38:46 - [MESSAGE][PASSED] - totalplay.Common.getDecimalValueofObject is PASSED

06-09-2024T14:38:46 - [TEST_STEP][PASSED] - totalplay.Common.getDecimalValueofObject(GetBasket, adjusted_shipping_total_tax): totalplay.Common.getDecimalValueofObject is PASSED

06-09-2024T14:38:46 - [MESSAGE][INFO] - Checking response object

06-09-2024T14:38:46 - [MESSAGE][PASSED] - totalplay.Common.getDecimalValueofObject is PASSED

06-09-2024T14:38:46 - [TEST_STEP][PASSED] - totalplay.Common.getBooleanValueofObject(GetBasket, agent_basket): totalplay.Common.getBooleanValueofObject is PASSED

06-09-2024T14:38:46 - [MESSAGE][INFO] - Checking response object

06-09-2024T14:38:46 - [MESSAGE][PASSED] - totalplay.Common.getBooleanValueofObject is PASSED

06-09-2024T14:38:46 - [TEST_STEP][PASSED] - totalplay.Common.verifyPropertyExist(GetBasket, basket_id): totalplay.Common.verifyPropertyExist is PASSED

06-09-2024T14:38:46 - [MESSAGE][INFO] - Checking response object

06-09-2024T14:38:46 - [MESSAGE][PASSED] - totalplay.Common.verifyPropertyExist is PASSED

06-09-2024T14:38:46 - [TEST_STEP][PASSED] - totalplay.Common.verifyPropertyValueExist(GetBasket, basket_id): totalplay.Common.verifyPropertyValueExist is PASSED

06-09-2024T14:38:46 - [MESSAGE][INFO] - Checking response object

06-09-2024T14:38:46 - [MESSAGE][INFO] - 28da5fe632b55fd15328f51beb

06-09-2024T14:38:46 - [MESSAGE][PASSED] - totalplay.Common.verifyPropertyValueExist is PASSED

06-09-2024T14:38:46 - [TEST_STEP][PASSED] - totalplay.Common.verifyPropertyExist(GetBasket, channel_type): totalplay.Common.verifyPropertyExist is PASSED

06-09-2024T14:38:46 - [MESSAGE][INFO] - Checking response object

06-09-2024T14:38:47 - [MESSAGE][PASSED] - totalplay.Common.verifyPropertyExist is PASSED

06-09-2024T14:38:47 - [TEST_STEP][PASSED] - totalplay.Common.verifyPropertyValueExist(GetBasket, channel_type): totalplay.Common.verifyPropertyValueExist is PASSED

06-09-2024T14:38:47 - [MESSAGE][INFO] - Checking response object

06-09-2024T14:38:47 - [MESSAGE][INFO] - storefront

06-09-2024T14:38:47 - [MESSAGE][PASSED] - totalplay.Common.verifyPropertyValueExist is PASSED

06-09-2024T14:38:47 - [TEST_STEP][PASSED] - totalplay.Common.verifyPropertyExist(GetBasket, creation_date): totalplay.Common.verifyPropertyExist is PASSED

06-09-2024T14:38:47 - [MESSAGE][INFO] - Checking response object

06-09-2024T14:38:47 - [MESSAGE][PASSED] - totalplay.Common.verifyPropertyExist is PASSED

06-09-2024T14:38:47 - [TEST_STEP][PASSED] - totalplay.Common.verifyPropertyValueExist(GetBasket, creation_date): totalplay.Common.verifyPropertyValueExist is PASSED

06-09-2024T14:38:47 - [MESSAGE][INFO] - Checking response object

06-09-2024T14:38:47 - [MESSAGE][INFO] - 2024-09-06T09:03:33.961Z

06-09-2024T14:38:47 - [MESSAGE][PASSED] - totalplay.Common.verifyPropertyValueExist is PASSED

06-09-2024T14:38:47 - [TEST_STEP][PASSED] - totalplay.Common.verifyPropertyExist(GetBasket, currency): totalplay.Common.verifyPropertyExist is PASSED

06-09-2024T14:38:47 - [MESSAGE][INFO] - Checking response object

06-09-2024T14:38:47 - [MESSAGE][PASSED] - totalplay.Common.verifyPropertyExist is PASSED

06-09-2024T14:38:47 - [TEST_STEP][PASSED] - totalplay.Common.verifyPropertyValueExist(GetBasket, currency): totalplay.Common.verifyPropertyValueExist is PASSED

06-09-2024T14:38:47 - [MESSAGE][INFO] - Checking response object

06-09-2024T14:38:47 - [MESSAGE][INFO] - MXN

06-09-2024T14:38:47 - [MESSAGE][PASSED] - totalplay.Common.verifyPropertyValueExist is PASSED

06-09-2024T14:38:47 - [TEST_STEP][PASSED] - totalplay.Common.verifyPropertyExist(GetBasket, customer_info__type): totalplay.Common.verifyPropertyExist is PASSED

06-09-2024T14:38:47 - [MESSAGE][INFO] - Checking response object

06-09-2024T14:38:47 - [MESSAGE][PASSED] - totalplay.Common.verifyPropertyExist is PASSED

06-09-2024T14:38:47 - [TEST_STEP][PASSED] - totalplay.Common.verifyPropertyValueExist(GetBasket, customer_info__type): totalplay.Common.verifyPropertyValueExist is PASSED

06-09-2024T14:38:47 - [MESSAGE][INFO] - Checking response object

06-09-2024T14:38:47 - [MESSAGE][INFO] - customer_info

06-09-2024T14:38:47 - [MESSAGE][PASSED] - totalplay.Common.verifyPropertyValueExist is PASSED

06-09-2024T14:38:47 - [TEST_STEP][PASSED] - totalplay.Common.verifyPropertyExist(GetBasket, customer_info_customer_id): totalplay.Common.verifyPropertyExist is PASSED

06-09-2024T14:38:47 - [MESSAGE][INFO] - Checking response object

06-09-2024T14:38:47 - [MESSAGE][PASSED] - totalplay.Common.verifyPropertyExist is PASSED

06-09-2024T14:38:47 - [TEST_STEP][PASSED] - totalplay.Common.verifyPropertyValueExist(GetBasket, customer_info_customer_id): totalplay.Common.verifyPropertyValueExist is PASSED

06-09-2024T14:38:47 - [MESSAGE][INFO] - Checking response object

06-09-2024T14:38:47 - [MESSAGE][INFO] - acTAcwrTj6ECo7V8WDIa5leqor

06-09-2024T14:38:47 - [MESSAGE][PASSED] - totalplay.Common.verifyPropertyValueExist is PASSED

06-09-2024T14:38:47 - [TEST_STEP][PASSED] - totalplay.Common.verifyPropertyExist(GetBasket, customer_info_customer_no): totalplay.Common.verifyPropertyExist is PASSED

06-09-2024T14:38:47 - [MESSAGE][INFO] - Checking response object

06-09-2024T14:38:47 - [MESSAGE][PASSED] - totalplay.Common.verifyPropertyExist is PASSED

06-09-2024T14:38:47 - [TEST_STEP][PASSED] - totalplay.Common.verifyPropertyValueExist(GetBasket, customer_info_customer_no): totalplay.Common.verifyPropertyValueExist is PASSED

06-09-2024T14:38:47 - [MESSAGE][INFO] - Checking response object

06-09-2024T14:38:47 - [MESSAGE][INFO] - 00012002

06-09-2024T14:38:47 - [MESSAGE][PASSED] - totalplay.Common.verifyPropertyValueExist is PASSED

06-09-2024T14:38:47 - [TEST_STEP][PASSED] - totalplay.Common.verifyPropertyExist(GetBasket, customer_info_email): totalplay.Common.verifyPropertyExist is PASSED

06-09-2024T14:38:47 - [MESSAGE][INFO] - Checking response object

06-09-2024T14:38:47 - [MESSAGE][PASSED] - totalplay.Common.verifyPropertyExist is PASSED

06-09-2024T14:38:47 - [TEST_STEP][PASSED] - totalplay.Common.verifyPropertyValueExist(GetBasket, customer_info_email): totalplay.Common.verifyPropertyValueExist is PASSED

06-09-2024T14:38:47 - [MESSAGE][INFO] - Checking response object

06-09-2024T14:38:47 - [MESSAGE][INFO] - cesar.waldo93@gmail.com

06-09-2024T14:38:47 - [MESSAGE][PASSED] - totalplay.Common.verifyPropertyValueExist is PASSED

06-09-2024T14:38:47 - [TEST_STEP][PASSED] - totalplay.Common.verifyPropertyExist(GetBasket, last_modified): totalplay.Common.verifyPropertyExist is PASSED

06-09-2024T14:38:47 - [MESSAGE][INFO] - Checking response object

06-09-2024T14:38:47 - [MESSAGE][PASSED] - totalplay.Common.verifyPropertyExist is PASSED

06-09-2024T14:38:47 - [TEST_STEP][PASSED] - totalplay.Common.verifyPropertyValueExist(GetBasket, last_modified): totalplay.Common.verifyPropertyValueExist is PASSED

06-09-2024T14:38:47 - [MESSAGE][INFO] - Checking response object

06-09-2024T14:38:47 - [MESSAGE][INFO] - 2024-09-06T09:08:45.649Z

06-09-2024T14:38:47 - [MESSAGE][PASSED] - totalplay.Common.verifyPropertyValueExist is PASSED

06-09-2024T14:38:47 - [TEST_STEP][PASSED] - totalplay.Common.getDecimalValueofObject(GetBasket, merchandize_total_tax): totalplay.Common.getDecimalValueofObject is PASSED

06-09-2024T14:38:47 - [MESSAGE][INFO] - Checking response object

06-09-2024T14:38:47 - [MESSAGE][PASSED] - totalplay.Common.getDecimalValueofObject is PASSED

06-09-2024T14:38:47 - [TEST_STEP][PASSED] - totalplay.Common.verifyPropertyExist(GetBasket, notes__type): totalplay.Common.verifyPropertyExist is PASSED

06-09-2024T14:38:47 - [MESSAGE][INFO] - Checking response object

06-09-2024T14:38:47 - [MESSAGE][PASSED] - totalplay.Common.verifyPropertyExist is PASSED

06-09-2024T14:38:47 - [TEST_STEP][PASSED] - totalplay.Common.verifyPropertyValueExist(GetBasket, notes__type): totalplay.Common.verifyPropertyValueExist is PASSED

06-09-2024T14:38:47 - [MESSAGE][INFO] - Checking response object

06-09-2024T14:38:47 - [MESSAGE][INFO] - simple_link

06-09-2024T14:38:47 - [MESSAGE][PASSED] - totalplay.Common.verifyPropertyValueExist is PASSED

06-09-2024T14:38:47 - [TEST_STEP][PASSED] - totalplay.Common.verifyPropertyExist(GetBasket, notes_link): totalplay.Common.verifyPropertyExist is PASSED

06-09-2024T14:38:47 - [MESSAGE][INFO] - Checking response object

06-09-2024T14:38:47 - [MESSAGE][PASSED] - totalplay.Common.verifyPropertyExist is PASSED

06-09-2024T14:38:47 - [TEST_STEP][PASSED] - totalplay.Common.verifyPropertyValueExist(GetBasket, notes_link): totalplay.Common.verifyPropertyValueExist is PASSED

06-09-2024T14:38:47 - [MESSAGE][INFO] - Checking response object

06-09-2024T14:38:47 - [MESSAGE][INFO] - https://salesforceqa.sistemastp.com.mx/s/TP-FOOD/dw/shop/v23_1/baskets/28da5fe632b55fd15328f51beb/notes

06-09-2024T14:38:47 - [MESSAGE][PASSED] - totalplay.Common.verifyPropertyValueExist is PASSED

06-09-2024T14:38:47 - [TEST_STEP][PASSED] - totalplay.Common.getDecimalValueofObject(GetBasket, order_total): totalplay.Common.getDecimalValueofObject is PASSED

06-09-2024T14:38:47 - [MESSAGE][INFO] - Checking response object

06-09-2024T14:38:47 - [MESSAGE][PASSED] - totalplay.Common.getDecimalValueofObject is PASSED

06-09-2024T14:38:47 - [TEST_STEP][PASSED] - totalplay.Common.verifyPropertyExist(GetBasket, product_items_0__type): totalplay.Common.verifyPropertyExist is PASSED

06-09-2024T14:38:47 - [MESSAGE][INFO] - Checking response object

06-09-2024T14:38:47 - [MESSAGE][PASSED] - totalplay.Common.verifyPropertyExist is PASSED

06-09-2024T14:38:47 - [TEST_STEP][PASSED] - totalplay.Common.verifyPropertyValueExist(GetBasket, product_items_0__type): totalplay.Common.verifyPropertyValueExist is PASSED

06-09-2024T14:38:47 - [MESSAGE][INFO] - Checking response object

06-09-2024T14:38:47 - [MESSAGE][INFO] - product_item

06-09-2024T14:38:47 - [MESSAGE][PASSED] - totalplay.Common.verifyPropertyValueExist is PASSED

06-09-2024T14:38:47 - [TEST_STEP][PASSED] - totalplay.Common.getDecimalValueofObject(GetBasket, product_items_0_adjusted_tax): totalplay.Common.getDecimalValueofObject is PASSED

06-09-2024T14:38:47 - [MESSAGE][INFO] - Checking response object

06-09-2024T14:38:47 - [MESSAGE][PASSED] - totalplay.Common.getDecimalValueofObject is PASSED

06-09-2024T14:38:47 - [TEST_STEP][PASSED] - totalplay.Common.getDecimalValueofObject(GetBasket, product_items_0_base_price): totalplay.Common.getDecimalValueofObject is PASSED

06-09-2024T14:38:47 - [MESSAGE][INFO] - Checking response object

06-09-2024T14:38:47 - [MESSAGE][PASSED] - totalplay.Common.getDecimalValueofObject is PASSED

06-09-2024T14:38:47 - [TEST_STEP][PASSED] - totalplay.Common.getBooleanValueofObject(GetBasket, product_items_0_bonus_product_line_item): totalplay.Common.getBooleanValueofObject is PASSED

06-09-2024T14:38:47 - [MESSAGE][INFO] - Checking response object

06-09-2024T14:38:47 - [MESSAGE][PASSED] - totalplay.Common.getBooleanValueofObject is PASSED

06-09-2024T14:38:47 - [TEST_STEP][PASSED] - totalplay.Common.getBooleanValueofObject(GetBasket, product_items_0_gift): totalplay.Common.getBooleanValueofObject is PASSED

06-09-2024T14:38:47 - [MESSAGE][INFO] - Checking response object

06-09-2024T14:38:47 - [MESSAGE][PASSED] - totalplay.Common.getBooleanValueofObject is PASSED

06-09-2024T14:38:47 - [TEST_STEP][PASSED] - totalplay.Common.verifyPropertyExist(GetBasket, product_items_0_inventory_id): totalplay.Common.verifyPropertyExist is PASSED

06-09-2024T14:38:47 - [MESSAGE][INFO] - Checking response object

06-09-2024T14:38:47 - [MESSAGE][PASSED] - totalplay.Common.verifyPropertyExist is PASSED

06-09-2024T14:38:47 - [TEST_STEP][PASSED] - totalplay.Common.verifyPropertyValueExist(GetBasket, product_items_0_inventory_id): totalplay.Common.verifyPropertyValueExist is PASSED

06-09-2024T14:38:47 - [MESSAGE][INFO] - Checking response object

06-09-2024T14:38:48 - [MESSAGE][INFO] - inventory_m_food_mirakl

06-09-2024T14:38:48 - [MESSAGE][PASSED] - totalplay.Common.verifyPropertyValueExist is PASSED

06-09-2024T14:38:48 - [TEST_STEP][PASSED] - totalplay.Common.verifyPropertyExist(GetBasket, product_items_0_item_id): totalplay.Common.verifyPropertyExist is PASSED

06-09-2024T14:38:48 - [MESSAGE][INFO] - Checking response object

06-09-2024T14:38:48 - [MESSAGE][PASSED] - totalplay.Common.verifyPropertyExist is PASSED

06-09-2024T14:38:48 - [TEST_STEP][PASSED] - totalplay.Common.verifyPropertyValueExist(GetBasket, product_items_0_item_id): totalplay.Common.verifyPropertyValueExist is PASSED

06-09-2024T14:38:48 - [MESSAGE][INFO] - Checking response object

06-09-2024T14:38:48 - [MESSAGE][INFO] - 832a8a5bdc594d24c3b0a22105

06-09-2024T14:38:48 - [MESSAGE][PASSED] - totalplay.Common.verifyPropertyValueExist is PASSED

06-09-2024T14:38:48 - [TEST_STEP][PASSED] - totalplay.Common.verifyPropertyExist(GetBasket, product_items_0_item_text): totalplay.Common.verifyPropertyExist is PASSED

06-09-2024T14:38:48 - [MESSAGE][INFO] - Checking response object

06-09-2024T14:38:48 - [MESSAGE][PASSED] - totalplay.Common.verifyPropertyExist is PASSED

06-09-2024T14:38:48 - [TEST_STEP][PASSED] - totalplay.Common.verifyPropertyValueExist(GetBasket, product_items_0_item_text): totalplay.Common.verifyPropertyValueExist is PASSED

06-09-2024T14:38:48 - [MESSAGE][INFO] - Checking response object

06-09-2024T14:38:48 - [MESSAGE][INFO] - Orden de Maciza (100 g)

06-09-2024T14:38:48 - [MESSAGE][PASSED] - totalplay.Common.verifyPropertyValueExist is PASSED

06-09-2024T14:38:48 - [TEST_STEP][PASSED] - totalplay.Common.getDecimalValueofObject(GetBasket, product_items_0_price): totalplay.Common.getDecimalValueofObject is PASSED

06-09-2024T14:38:48 - [MESSAGE][INFO] - Checking response object

06-09-2024T14:38:48 - [MESSAGE][PASSED] - totalplay.Common.getDecimalValueofObject is PASSED

06-09-2024T14:38:48 - [TEST_STEP][PASSED] - totalplay.Common.getDecimalValueofObject(GetBasket, product_items_0_price_after_item_discount): totalplay.Common.getDecimalValueofObject is PASSED

06-09-2024T14:38:48 - [MESSAGE][INFO] - Checking response object

06-09-2024T14:38:48 - [MESSAGE][PASSED] - totalplay.Common.getDecimalValueofObject is PASSED

06-09-2024T14:38:48 - [TEST_STEP][PASSED] - totalplay.Common.getDecimalValueofObject(GetBasket, product_items_0_price_after_order_discount): totalplay.Common.getDecimalValueofObject is PASSED

06-09-2024T14:38:48 - [MESSAGE][INFO] - Checking response object

06-09-2024T14:38:48 - [MESSAGE][PASSED] - totalplay.Common.getDecimalValueofObject is PASSED

06-09-2024T14:38:48 - [TEST_STEP][PASSED] - totalplay.Common.verifyPropertyExist(GetBasket, product_items_0_product_id): totalplay.Common.verifyPropertyExist is PASSED

06-09-2024T14:38:48 - [MESSAGE][INFO] - Checking response object

06-09-2024T14:38:48 - [MESSAGE][PASSED] - totalplay.Common.verifyPropertyExist is PASSED

06-09-2024T14:38:48 - [TEST_STEP][PASSED] - totalplay.Common.verifyPropertyValueExist(GetBasket, product_items_0_product_id): totalplay.Common.verifyPropertyValueExist is PASSED

06-09-2024T14:38:48 - [MESSAGE][INFO] - Checking response object

06-09-2024T14:38:48 - [MESSAGE][INFO] - C828554986

06-09-2024T14:38:48 - [MESSAGE][PASSED] - totalplay.Common.verifyPropertyValueExist is PASSED

06-09-2024T14:38:48 - [TEST_STEP][PASSED] - totalplay.Common.verifyPropertyExist(GetBasket, product_items_0_product_name): totalplay.Common.verifyPropertyExist is PASSED

06-09-2024T14:38:48 - [MESSAGE][INFO] - Checking response object

06-09-2024T14:38:48 - [MESSAGE][PASSED] - totalplay.Common.verifyPropertyExist is PASSED

06-09-2024T14:38:48 - [TEST_STEP][PASSED] - totalplay.Common.verifyPropertyValueExist(GetBasket, product_items_0_product_name): totalplay.Common.verifyPropertyValueExist is PASSED

06-09-2024T14:38:48 - [MESSAGE][INFO] - Checking response object

06-09-2024T14:38:48 - [MESSAGE][INFO] - Orden de Maciza (100 g)

06-09-2024T14:38:48 - [MESSAGE][PASSED] - totalplay.Common.verifyPropertyValueExist is PASSED

06-09-2024T14:38:48 - [TEST_STEP][PASSED] - totalplay.Common.getNumValueofObject(GetBasket, product_items_0_quantity): totalplay.Common.getNumValueofObject is PASSED

06-09-2024T14:38:48 - [MESSAGE][INFO] - Checking response object

06-09-2024T14:38:48 - [MESSAGE][PASSED] - totalplay.Common.getNumValueofObject is PASSED

06-09-2024T14:38:48 - [TEST_STEP][PASSED] - totalplay.Common.verifyPropertyExist(GetBasket, product_items_0_shipment_id): totalplay.Common.verifyPropertyExist is PASSED

06-09-2024T14:38:48 - [MESSAGE][INFO] - Checking response object

06-09-2024T14:38:48 - [MESSAGE][PASSED] - totalplay.Common.verifyPropertyExist is PASSED

06-09-2024T14:38:48 - [TEST_STEP][PASSED] - totalplay.Common.verifyPropertyValueExist(GetBasket, product_items_0_shipment_id): totalplay.Common.verifyPropertyValueExist is PASSED

06-09-2024T14:38:48 - [MESSAGE][INFO] - Checking response object

06-09-2024T14:38:48 - [MESSAGE][INFO] - me

06-09-2024T14:38:48 - [MESSAGE][PASSED] - totalplay.Common.verifyPropertyValueExist is PASSED

06-09-2024T14:38:48 - [TEST_STEP][PASSED] - totalplay.Common.getDecimalValueofObject(GetBasket, product_items_0_tax): totalplay.Common.getDecimalValueofObject is PASSED

06-09-2024T14:38:48 - [MESSAGE][INFO] - Checking response object

06-09-2024T14:38:48 - [MESSAGE][PASSED] - totalplay.Common.getDecimalValueofObject is PASSED

06-09-2024T14:38:48 - [TEST_STEP][PASSED] - totalplay.Common.getDecimalValueofObject(GetBasket, product_items_0_tax_basis): totalplay.Common.getDecimalValueofObject is PASSED

06-09-2024T14:38:48 - [MESSAGE][INFO] - Checking response object

06-09-2024T14:38:48 - [MESSAGE][PASSED] - totalplay.Common.getDecimalValueofObject is PASSED

06-09-2024T14:38:48 - [TEST_STEP][PASSED] - totalplay.Common.verifyPropertyExist(GetBasket, product_items_0_tax_class_id): totalplay.Common.verifyPropertyExist is PASSED

06-09-2024T14:38:48 - [MESSAGE][INFO] - Checking response object

06-09-2024T14:38:48 - [MESSAGE][PASSED] - totalplay.Common.verifyPropertyExist is PASSED

06-09-2024T14:38:48 - [TEST_STEP][PASSED] - totalplay.Common.verifyPropertyValueExist(GetBasket, product_items_0_tax_class_id): totalplay.Common.verifyPropertyValueExist is PASSED

06-09-2024T14:38:48 - [MESSAGE][INFO] - Checking response object

06-09-2024T14:38:48 - [MESSAGE][INFO] - product_zero_tax

06-09-2024T14:38:48 - [MESSAGE][PASSED] - totalplay.Common.verifyPropertyValueExist is PASSED

06-09-2024T14:38:48 - [TEST_STEP][PASSED] - totalplay.Common.getDecimalValueofObject(GetBasket, product_items_0_tax_rate): totalplay.Common.getDecimalValueofObject is PASSED

06-09-2024T14:38:48 - [MESSAGE][INFO] - Checking response object

06-09-2024T14:38:48 - [MESSAGE][PASSED] - totalplay.Common.getDecimalValueofObject is PASSED

06-09-2024T14:38:48 - [TEST_STEP][PASSED] - totalplay.Common.verifyPropertyExist(GetBasket, product_items_0_c_fromStoreId): totalplay.Common.verifyPropertyExist is PASSED

06-09-2024T14:38:48 - [MESSAGE][INFO] - Checking response object

06-09-2024T14:38:48 - [MESSAGE][PASSED] - totalplay.Common.verifyPropertyExist is PASSED

06-09-2024T14:38:48 - [TEST_STEP][PASSED] - totalplay.Common.verifyPropertyValueExist(GetBasket, product_items_0_c_fromStoreId): totalplay.Common.verifyPropertyValueExist is PASSED

06-09-2024T14:38:48 - [MESSAGE][INFO] - Checking response object

06-09-2024T14:38:48 - [MESSAGE][INFO] - 4158

06-09-2024T14:38:48 - [MESSAGE][PASSED] - totalplay.Common.verifyPropertyValueExist is PASSED

06-09-2024T14:38:48 - [TEST_STEP][PASSED] - totalplay.Common.getBooleanValueofObject(GetBasket, product_items_0_c_isOnDemandStoreItem): totalplay.Common.getBooleanValueofObject is PASSED

06-09-2024T14:38:48 - [MESSAGE][INFO] - Checking response object

06-09-2024T14:38:48 - [MESSAGE][PASSED] - totalplay.Common.getBooleanValueofObject is PASSED

06-09-2024T14:38:48 - [TEST_STEP][PASSED] - totalplay.Common.verifyPropertyExist(GetBasket, product_items_0_c_miraklChannels): totalplay.Common.verifyPropertyExist is PASSED

06-09-2024T14:38:48 - [MESSAGE][INFO] - Checking response object

06-09-2024T14:38:48 - [MESSAGE][PASSED] - totalplay.Common.verifyPropertyExist is PASSED

06-09-2024T14:38:48 - [TEST_STEP][PASSED] - totalplay.Common.verifyPropertyValueExist(GetBasket, product_items_0_c_miraklChannels): totalplay.Common.verifyPropertyValueExist is PASSED

06-09-2024T14:38:48 - [MESSAGE][INFO] - Checking response object

06-09-2024T14:38:48 - [MESSAGE][INFO] - ["INIT"]

06-09-2024T14:38:48 - [MESSAGE][PASSED] - totalplay.Common.verifyPropertyValueExist is PASSED

06-09-2024T14:38:48 - [TEST_STEP][PASSED] - totalplay.Common.verifyPropertyExist(GetBasket, product_items_0_c_miraklOperatorProductId): totalplay.Common.verifyPropertyExist is PASSED

06-09-2024T14:38:48 - [MESSAGE][INFO] - Checking response object

06-09-2024T14:38:48 - [MESSAGE][PASSED] - totalplay.Common.verifyPropertyExist is PASSED

06-09-2024T14:38:48 - [TEST_STEP][PASSED] - totalplay.Common.verifyPropertyValueExist(GetBasket, product_items_0_c_miraklOperatorProductId): totalplay.Common.verifyPropertyValueExist is PASSED

06-09-2024T14:38:48 - [MESSAGE][INFO] - Checking response object

06-09-2024T14:38:48 - [MESSAGE][INFO] - C828554986

06-09-2024T14:38:48 - [MESSAGE][PASSED] - totalplay.Common.verifyPropertyValueExist is PASSED

06-09-2024T14:38:48 - [TEST_STEP][PASSED] - totalplay.Common.verifyPropertyExist(GetBasket, product_items_0_c_miraklShippingTaxes): totalplay.Common.verifyPropertyExist is PASSED

06-09-2024T14:38:48 - [MESSAGE][INFO] - Checking response object

06-09-2024T14:38:48 - [MESSAGE][PASSED] - totalplay.Common.verifyPropertyExist is PASSED

06-09-2024T14:38:48 - [TEST_STEP][PASSED] - totalplay.Common.verifyPropertyValueExist(GetBasket, product_items_0_c_miraklShippingTaxes): totalplay.Common.verifyPropertyValueExist is PASSED

06-09-2024T14:38:48 - [MESSAGE][INFO] - Checking response object

06-09-2024T14:38:48 - [MESSAGE][INFO] - [{"amount":0,"type":"product_zero_tax","isTaxRate":true,"rate":0}]

06-09-2024T14:38:48 - [MESSAGE][PASSED] - totalplay.Common.verifyPropertyValueExist is PASSED

06-09-2024T14:38:48 - [TEST_STEP][PASSED] - totalplay.Common.verifyPropertyExist(GetBasket, product_items_0_c_miraklTaxes): totalplay.Common.verifyPropertyExist is PASSED

06-09-2024T14:38:48 - [MESSAGE][INFO] - Checking response object

06-09-2024T14:38:48 - [MESSAGE][PASSED] - totalplay.Common.verifyPropertyExist is PASSED

06-09-2024T14:38:48 - [TEST_STEP][PASSED] - totalplay.Common.verifyPropertyValueExist(GetBasket, product_items_0_c_miraklTaxes): totalplay.Common.verifyPropertyValueExist is PASSED

06-09-2024T14:38:48 - [MESSAGE][INFO] - Checking response object

06-09-2024T14:38:48 - [MESSAGE][INFO] - [{"amount":0,"type":"product_zero_tax","isTaxRate":true,"rate":0}]

06-09-2024T14:38:48 - [MESSAGE][PASSED] - totalplay.Common.verifyPropertyValueExist is PASSED

06-09-2024T14:38:48 - [TEST_STEP][PASSED] - totalplay.Common.getNumValueofObject(GetBasket, product_items_0_c_noOfPersons): totalplay.Common.getNumValueofObject is PASSED

06-09-2024T14:38:48 - [MESSAGE][INFO] - Checking response object

06-09-2024T14:38:49 - [MESSAGE][PASSED] - totalplay.Common.getNumValueofObject is PASSED

06-09-2024T14:38:49 - [TEST_STEP][PASSED] - totalplay.Common.verifyPropertyExist(GetBasket, product_items_0_c_offerId): totalplay.Common.verifyPropertyExist is PASSED

06-09-2024T14:38:49 - [MESSAGE][INFO] - Checking response object

06-09-2024T14:38:49 - [MESSAGE][PASSED] - totalplay.Common.verifyPropertyExist is PASSED

06-09-2024T14:38:49 - [TEST_STEP][PASSED] - totalplay.Common.verifyPropertyValueExist(GetBasket, product_items_0_c_offerId): totalplay.Common.verifyPropertyValueExist is PASSED

06-09-2024T14:38:49 - [MESSAGE][INFO] - Checking response object

06-09-2024T14:38:49 - [MESSAGE][INFO] - 541185

06-09-2024T14:38:49 - [MESSAGE][PASSED] - totalplay.Common.verifyPropertyValueExist is PASSED

06-09-2024T14:38:49 - [TEST_STEP][PASSED] - totalplay.Common.getDecimalValueofObject(GetBasket, product_items_0_c_offerSalesPrice): totalplay.Common.getDecimalValueofObject is PASSED

06-09-2024T14:38:49 - [MESSAGE][INFO] - Checking response object

06-09-2024T14:38:49 - [MESSAGE][PASSED] - totalplay.Common.getDecimalValueofObject is PASSED

06-09-2024T14:38:49 - [TEST_STEP][PASSED] - totalplay.Common.verifyPropertyExist(GetBasket, product_items_0_c_offerState): totalplay.Common.verifyPropertyExist is PASSED

06-09-2024T14:38:49 - [MESSAGE][INFO] - Checking response object

06-09-2024T14:38:49 - [MESSAGE][PASSED] - totalplay.Common.verifyPropertyExist is PASSED

06-09-2024T14:38:49 - [TEST_STEP][PASSED] - totalplay.Common.verifyPropertyValueExist(GetBasket, product_items_0_c_offerState): totalplay.Common.verifyPropertyValueExist is PASSED

06-09-2024T14:38:49 - [MESSAGE][INFO] - Checking response object

06-09-2024T14:38:49 - [MESSAGE][INFO] - Nuevo

06-09-2024T14:38:49 - [MESSAGE][PASSED] - totalplay.Common.verifyPropertyValueExist is PASSED

06-09-2024T14:38:49 - [TEST_STEP][PASSED] - totalplay.Common.verifyPropertyExist(GetBasket, product_items_0_c_offerStateCode): totalplay.Common.verifyPropertyExist is PASSED

06-09-2024T14:38:49 - [MESSAGE][INFO] - Checking response object

06-09-2024T14:38:49 - [MESSAGE][PASSED] - totalplay.Common.verifyPropertyExist is PASSED

06-09-2024T14:38:49 - [TEST_STEP][PASSED] - totalplay.Common.verifyPropertyValueExist(GetBasket, product_items_0_c_offerStateCode): totalplay.Common.verifyPropertyValueExist is PASSED

06-09-2024T14:38:49 - [MESSAGE][INFO] - Checking response object

06-09-2024T14:38:49 - [MESSAGE][INFO] - 11

06-09-2024T14:38:49 - [MESSAGE][PASSED] - totalplay.Common.verifyPropertyValueExist is PASSED

06-09-2024T14:38:49 - [TEST_STEP][PASSED] - totalplay.Common.verifyPropertyExist(GetBasket, product_items_0_c_shopId): totalplay.Common.verifyPropertyExist is PASSED

06-09-2024T14:38:49 - [MESSAGE][INFO] - Checking response object

06-09-2024T14:38:49 - [MESSAGE][PASSED] - totalplay.Common.verifyPropertyExist is PASSED

06-09-2024T14:38:49 - [TEST_STEP][PASSED] - totalplay.Common.verifyPropertyValueExist(GetBasket, product_items_0_c_shopId): totalplay.Common.verifyPropertyValueExist is PASSED

06-09-2024T14:38:49 - [MESSAGE][INFO] - Checking response object

06-09-2024T14:38:49 - [MESSAGE][INFO] - 4158

06-09-2024T14:38:49 - [MESSAGE][PASSED] - totalplay.Common.verifyPropertyValueExist is PASSED

06-09-2024T14:38:49 - [TEST_STEP][PASSED] - totalplay.Common.verifyPropertyExist(GetBasket, product_items_0_c_shopName): totalplay.Common.verifyPropertyExist is PASSED

06-09-2024T14:38:49 - [MESSAGE][INFO] - Checking response object

06-09-2024T14:38:49 - [MESSAGE][PASSED] - totalplay.Common.verifyPropertyExist is PASSED

06-09-2024T14:38:49 - [TEST_STEP][PASSED] - totalplay.Common.verifyPropertyValueExist(GetBasket, product_items_0_c_shopName): totalplay.Common.verifyPropertyValueExist is PASSED

06-09-2024T14:38:49 - [MESSAGE][INFO] - Checking response object

06-09-2024T14:38:49 - [MESSAGE][INFO] - La Casa De Toño Polanco

06-09-2024T14:38:49 - [MESSAGE][PASSED] - totalplay.Common.verifyPropertyValueExist is PASSED

06-09-2024T14:38:49 - [TEST_STEP][PASSED] - totalplay.Common.getDecimalValueofObject(GetBasket, product_items_0_c_total_crossed_price): totalplay.Common.getDecimalValueofObject is PASSED

06-09-2024T14:38:49 - [MESSAGE][INFO] - Checking response object

06-09-2024T14:38:49 - [MESSAGE][PASSED] - totalplay.Common.getDecimalValueofObject is PASSED

06-09-2024T14:38:49 - [TEST_STEP][PASSED] - totalplay.Common.getDecimalValueofObject(GetBasket, product_items_0_c_priceWithComplement): totalplay.Common.getDecimalValueofObject is PASSED

06-09-2024T14:38:49 - [MESSAGE][INFO] - Checking response object

06-09-2024T14:38:49 - [MESSAGE][PASSED] - totalplay.Common.getDecimalValueofObject is PASSED

06-09-2024T14:38:49 - [TEST_STEP][PASSED] - totalplay.Common.verifyPropertyExist(GetBasket, product_items_0_c_imagesData_large_0_alt): totalplay.Common.verifyPropertyExist is PASSED

06-09-2024T14:38:49 - [MESSAGE][INFO] - Checking response object

06-09-2024T14:38:49 - [MESSAGE][PASSED] - totalplay.Common.verifyPropertyExist is PASSED

06-09-2024T14:38:49 - [TEST_STEP][PASSED] - totalplay.Common.verifyPropertyValueExist(GetBasket, product_items_0_c_imagesData_large_0_alt): totalplay.Common.verifyPropertyValueExist is PASSED

06-09-2024T14:38:49 - [MESSAGE][INFO] - Checking response object

06-09-2024T14:38:49 - [MESSAGE][INFO] - Orden de Maciza (100 g)

06-09-2024T14:38:49 - [MESSAGE][PASSED] - totalplay.Common.verifyPropertyValueExist is PASSED

06-09-2024T14:38:49 - [TEST_STEP][PASSED] - totalplay.Common.verifyPropertyValueEmptyString(GetBasket, product_items_0_c_imagesData_large_0_url): totalplay.Common.verifyPropertyValueEmptyString is PASSED

06-09-2024T14:38:49 - [MESSAGE][INFO] - Checking response object

06-09-2024T14:38:49 - [MESSAGE][INFO] - 

06-09-2024T14:38:49 - [MESSAGE][PASSED] - totalplay.Common.verifyPropertyValueEmptyString is PASSED

06-09-2024T14:38:49 - [TEST_STEP][PASSED] - totalplay.Common.verifyPropertyExist(GetBasket, product_items_0_c_imagesData_large_0_title): totalplay.Common.verifyPropertyExist is PASSED

06-09-2024T14:38:49 - [MESSAGE][INFO] - Checking response object

06-09-2024T14:38:49 - [MESSAGE][PASSED] - totalplay.Common.verifyPropertyExist is PASSED

06-09-2024T14:38:49 - [TEST_STEP][PASSED] - totalplay.Common.verifyPropertyValueExist(GetBasket, product_items_0_c_imagesData_large_0_title): totalplay.Common.verifyPropertyValueExist is PASSED

06-09-2024T14:38:49 - [MESSAGE][INFO] - Checking response object

06-09-2024T14:38:49 - [MESSAGE][INFO] - Orden de Maciza (100 g)

06-09-2024T14:38:49 - [MESSAGE][PASSED] - totalplay.Common.verifyPropertyValueExist is PASSED

06-09-2024T14:38:49 - [TEST_STEP][PASSED] - totalplay.Common.verifyPropertyExist(GetBasket, product_items_0_c_description): totalplay.Common.verifyPropertyExist is PASSED

06-09-2024T14:38:49 - [MESSAGE][INFO] - Checking response object

06-09-2024T14:38:49 - [MESSAGE][PASSED] - totalplay.Common.verifyPropertyExist is PASSED

06-09-2024T14:38:49 - [TEST_STEP][PASSED] - totalplay.Common.verifyPropertyValueExist(GetBasket, product_items_0_c_description): totalplay.Common.verifyPropertyValueExist is PASSED

06-09-2024T14:38:49 - [MESSAGE][INFO] - Checking response object

06-09-2024T14:38:49 - [MESSAGE][INFO] - 100 g

06-09-2024T14:38:49 - [MESSAGE][PASSED] - totalplay.Common.verifyPropertyValueExist is PASSED

06-09-2024T14:38:49 - [TEST_STEP][PASSED] - totalplay.Common.verifyPropertyExist(GetBasket, product_items_0_c_availableQty): totalplay.Common.verifyPropertyExist is PASSED

06-09-2024T14:38:49 - [MESSAGE][INFO] - Checking response object

06-09-2024T14:38:49 - [MESSAGE][PASSED] - totalplay.Common.verifyPropertyExist is PASSED

06-09-2024T14:38:49 - [TEST_STEP][PASSED] - totalplay.Common.verifyPropertyValueExist(GetBasket, product_items_0_c_availableQty): totalplay.Common.verifyPropertyValueExist is PASSED

06-09-2024T14:38:49 - [MESSAGE][INFO] - Checking response object

06-09-2024T14:38:49 - [MESSAGE][INFO] - 30

06-09-2024T14:38:49 - [MESSAGE][PASSED] - totalplay.Common.verifyPropertyValueExist is PASSED

06-09-2024T14:38:49 - [TEST_STEP][PASSED] - totalplay.Common.getDecimalValueofObject(GetBasket, product_sub_total): totalplay.Common.getDecimalValueofObject is PASSED

06-09-2024T14:38:49 - [MESSAGE][INFO] - Checking response object

06-09-2024T14:38:49 - [MESSAGE][PASSED] - totalplay.Common.getDecimalValueofObject is PASSED

06-09-2024T14:38:49 - [TEST_STEP][PASSED] - totalplay.Common.getDecimalValueofObject(GetBasket, product_total): totalplay.Common.getDecimalValueofObject is PASSED

06-09-2024T14:38:49 - [MESSAGE][INFO] - Checking response object

06-09-2024T14:38:49 - [MESSAGE][PASSED] - totalplay.Common.getDecimalValueofObject is PASSED

06-09-2024T14:38:49 - [TEST_STEP][PASSED] - totalplay.Common.verifyPropertyExist(GetBasket, shipments_0__type): totalplay.Common.verifyPropertyExist is PASSED

06-09-2024T14:38:49 - [MESSAGE][INFO] - Checking response object

06-09-2024T14:38:49 - [MESSAGE][PASSED] - totalplay.Common.verifyPropertyExist is PASSED

06-09-2024T14:38:49 - [TEST_STEP][PASSED] - totalplay.Common.verifyPropertyValueExist(GetBasket, shipments_0__type): totalplay.Common.verifyPropertyValueExist is PASSED

06-09-2024T14:38:49 - [MESSAGE][INFO] - Checking response object

06-09-2024T14:38:49 - [MESSAGE][INFO] - shipment

06-09-2024T14:38:49 - [MESSAGE][PASSED] - totalplay.Common.verifyPropertyValueExist is PASSED

06-09-2024T14:38:49 - [TEST_STEP][PASSED] - totalplay.Common.getDecimalValueofObject(GetBasket, shipments_0_adjusted_merchandize_total_tax): totalplay.Common.getDecimalValueofObject is PASSED

06-09-2024T14:38:49 - [MESSAGE][INFO] - Checking response object

06-09-2024T14:38:50 - [MESSAGE][PASSED] - totalplay.Common.getDecimalValueofObject is PASSED

06-09-2024T14:38:50 - [TEST_STEP][PASSED] - totalplay.Common.getDecimalValueofObject(GetBasket, shipments_0_adjusted_shipping_total_tax): totalplay.Common.getDecimalValueofObject is PASSED

06-09-2024T14:38:50 - [MESSAGE][INFO] - Checking response object

06-09-2024T14:38:50 - [MESSAGE][PASSED] - totalplay.Common.getDecimalValueofObject is PASSED

06-09-2024T14:38:50 - [TEST_STEP][PASSED] - totalplay.Common.getBooleanValueofObject(GetBasket, shipments_0_gift): totalplay.Common.getBooleanValueofObject is PASSED

06-09-2024T14:38:50 - [MESSAGE][INFO] - Checking response object

06-09-2024T14:38:50 - [MESSAGE][PASSED] - totalplay.Common.getBooleanValueofObject is PASSED

06-09-2024T14:38:50 - [TEST_STEP][PASSED] - totalplay.Common.getDecimalValueofObject(GetBasket, shipments_0_merchandize_total_tax): totalplay.Common.getDecimalValueofObject is PASSED

06-09-2024T14:38:50 - [MESSAGE][INFO] - Checking response object

06-09-2024T14:38:50 - [MESSAGE][PASSED] - totalplay.Common.getDecimalValueofObject is PASSED

06-09-2024T14:38:50 - [TEST_STEP][PASSED] - totalplay.Common.getDecimalValueofObject(GetBasket, shipments_0_product_sub_total): totalplay.Common.getDecimalValueofObject is PASSED

06-09-2024T14:38:50 - [MESSAGE][INFO] - Checking response object

06-09-2024T14:38:50 - [MESSAGE][PASSED] - totalplay.Common.getDecimalValueofObject is PASSED

06-09-2024T14:38:50 - [TEST_STEP][PASSED] - totalplay.Common.getDecimalValueofObject(GetBasket, shipments_0_product_total): totalplay.Common.getDecimalValueofObject is PASSED

06-09-2024T14:38:50 - [MESSAGE][INFO] - Checking response object

06-09-2024T14:38:50 - [MESSAGE][PASSED] - totalplay.Common.getDecimalValueofObject is PASSED

06-09-2024T14:38:50 - [TEST_STEP][PASSED] - totalplay.Common.verifyPropertyExist(GetBasket, shipments_0_shipment_id): totalplay.Common.verifyPropertyExist is PASSED

06-09-2024T14:38:50 - [MESSAGE][INFO] - Checking response object

06-09-2024T14:38:50 - [MESSAGE][PASSED] - totalplay.Common.verifyPropertyExist is PASSED

06-09-2024T14:38:50 - [TEST_STEP][PASSED] - totalplay.Common.verifyPropertyValueExist(GetBasket, shipments_0_shipment_id): totalplay.Common.verifyPropertyValueExist is PASSED

06-09-2024T14:38:50 - [MESSAGE][INFO] - Checking response object

06-09-2024T14:38:50 - [MESSAGE][INFO] - me

06-09-2024T14:38:50 - [MESSAGE][PASSED] - totalplay.Common.verifyPropertyValueExist is PASSED

06-09-2024T14:38:50 - [TEST_STEP][PASSED] - totalplay.Common.getDecimalValueofObject(GetBasket, shipments_0_shipment_total): totalplay.Common.getDecimalValueofObject is PASSED

06-09-2024T14:38:50 - [MESSAGE][INFO] - Checking response object

06-09-2024T14:38:50 - [MESSAGE][PASSED] - totalplay.Common.getDecimalValueofObject is PASSED

06-09-2024T14:38:50 - [TEST_STEP][PASSED] - totalplay.Common.verifyPropertyExist(GetBasket, shipments_0_shipping_method__type): totalplay.Common.verifyPropertyExist is PASSED

06-09-2024T14:38:50 - [MESSAGE][INFO] - Checking response object

06-09-2024T14:38:50 - [MESSAGE][PASSED] - totalplay.Common.verifyPropertyExist is PASSED

06-09-2024T14:38:50 - [TEST_STEP][PASSED] - totalplay.Common.verifyPropertyValueExist(GetBasket, shipments_0_shipping_method__type): totalplay.Common.verifyPropertyValueExist is PASSED

06-09-2024T14:38:50 - [MESSAGE][INFO] - Checking response object

06-09-2024T14:38:50 - [MESSAGE][INFO] - shipping_method

06-09-2024T14:38:50 - [MESSAGE][PASSED] - totalplay.Common.verifyPropertyValueExist is PASSED

06-09-2024T14:38:50 - [TEST_STEP][PASSED] - totalplay.Common.verifyPropertyExist(GetBasket, shipments_0_shipping_method_description): totalplay.Common.verifyPropertyExist is PASSED

06-09-2024T14:38:50 - [MESSAGE][INFO] - Checking response object

06-09-2024T14:38:50 - [MESSAGE][PASSED] - totalplay.Common.verifyPropertyExist is PASSED

06-09-2024T14:38:50 - [TEST_STEP][PASSED] - totalplay.Common.verifyPropertyValueExist(GetBasket, shipments_0_shipping_method_description): totalplay.Common.verifyPropertyValueExist is PASSED

06-09-2024T14:38:50 - [MESSAGE][INFO] - Checking response object

06-09-2024T14:38:50 - [MESSAGE][INFO] - pickup

06-09-2024T14:38:50 - [MESSAGE][PASSED] - totalplay.Common.verifyPropertyValueExist is PASSED

06-09-2024T14:38:50 - [TEST_STEP][PASSED] - totalplay.Common.verifyPropertyExist(GetBasket, shipments_0_shipping_method_id): totalplay.Common.verifyPropertyExist is PASSED

06-09-2024T14:38:50 - [MESSAGE][INFO] - Checking response object

06-09-2024T14:38:50 - [MESSAGE][PASSED] - totalplay.Common.verifyPropertyExist is PASSED

06-09-2024T14:38:50 - [TEST_STEP][PASSED] - totalplay.Common.verifyPropertyValueExist(GetBasket, shipments_0_shipping_method_id): totalplay.Common.verifyPropertyValueExist is PASSED

06-09-2024T14:38:50 - [MESSAGE][INFO] - Checking response object

06-09-2024T14:38:50 - [MESSAGE][INFO] - pickup

06-09-2024T14:38:50 - [MESSAGE][PASSED] - totalplay.Common.verifyPropertyValueExist is PASSED

06-09-2024T14:38:50 - [TEST_STEP][PASSED] - totalplay.Common.verifyPropertyExist(GetBasket, shipments_0_shipping_method_name): totalplay.Common.verifyPropertyExist is PASSED

06-09-2024T14:38:50 - [MESSAGE][INFO] - Checking response object

06-09-2024T14:38:50 - [MESSAGE][PASSED] - totalplay.Common.verifyPropertyExist is PASSED

06-09-2024T14:38:50 - [TEST_STEP][PASSED] - totalplay.Common.verifyPropertyValueExist(GetBasket, shipments_0_shipping_method_name): totalplay.Common.verifyPropertyValueExist is PASSED

06-09-2024T14:38:50 - [MESSAGE][INFO] - Checking response object

06-09-2024T14:38:50 - [MESSAGE][INFO] - pickup

06-09-2024T14:38:50 - [MESSAGE][PASSED] - totalplay.Common.verifyPropertyValueExist is PASSED

06-09-2024T14:38:50 - [TEST_STEP][PASSED] - totalplay.Common.verifyPropertyExist(GetBasket, shipments_0_shipping_method_c_estimatedArrivalTime): totalplay.Common.verifyPropertyExist is PASSED

06-09-2024T14:38:50 - [MESSAGE][INFO] - Checking response object

06-09-2024T14:38:50 - [MESSAGE][PASSED] - totalplay.Common.verifyPropertyExist is PASSED

06-09-2024T14:38:50 - [TEST_STEP][PASSED] - totalplay.Common.verifyPropertyValueExist(GetBasket, shipments_0_shipping_method_c_estimatedArrivalTime): totalplay.Common.verifyPropertyValueExist is PASSED

06-09-2024T14:38:50 - [MESSAGE][INFO] - Checking response object

06-09-2024T14:38:50 - [MESSAGE][INFO] - 60 Mins

06-09-2024T14:38:50 - [MESSAGE][PASSED] - totalplay.Common.verifyPropertyValueExist is PASSED

06-09-2024T14:38:50 - [TEST_STEP][PASSED] - totalplay.Common.getBooleanValueofObject(GetBasket, shipments_0_shipping_method_c_storePickupEnabled): totalplay.Common.getBooleanValueofObject is PASSED

06-09-2024T14:38:50 - [MESSAGE][INFO] - Checking response object

06-09-2024T14:38:50 - [MESSAGE][PASSED] - totalplay.Common.getBooleanValueofObject is PASSED

06-09-2024T14:38:50 - [TEST_STEP][PASSED] - totalplay.Common.verifyPropertyExist(GetBasket, shipments_0_shipping_status): totalplay.Common.verifyPropertyExist is PASSED

06-09-2024T14:38:50 - [MESSAGE][INFO] - Checking response object

06-09-2024T14:38:50 - [MESSAGE][PASSED] - totalplay.Common.verifyPropertyExist is PASSED

06-09-2024T14:38:50 - [TEST_STEP][PASSED] - totalplay.Common.verifyPropertyValueExist(GetBasket, shipments_0_shipping_status): totalplay.Common.verifyPropertyValueExist is PASSED

06-09-2024T14:38:50 - [MESSAGE][INFO] - Checking response object

06-09-2024T14:38:50 - [MESSAGE][INFO] - not_shipped

06-09-2024T14:38:50 - [MESSAGE][PASSED] - totalplay.Common.verifyPropertyValueExist is PASSED

06-09-2024T14:38:50 - [TEST_STEP][PASSED] - totalplay.Common.getDecimalValueofObject(GetBasket, shipments_0_shipping_total): totalplay.Common.getDecimalValueofObject is PASSED

06-09-2024T14:38:50 - [MESSAGE][INFO] - Checking response object

06-09-2024T14:38:50 - [MESSAGE][PASSED] - totalplay.Common.getDecimalValueofObject is PASSED

06-09-2024T14:38:50 - [TEST_STEP][PASSED] - totalplay.Common.getDecimalValueofObject(GetBasket, shipments_0_shipping_total_tax): totalplay.Common.getDecimalValueofObject is PASSED

06-09-2024T14:38:50 - [MESSAGE][INFO] - Checking response object

06-09-2024T14:38:50 - [MESSAGE][PASSED] - totalplay.Common.getDecimalValueofObject is PASSED

06-09-2024T14:38:50 - [TEST_STEP][PASSED] - totalplay.Common.getDecimalValueofObject(GetBasket, shipments_0_tax_total): totalplay.Common.getDecimalValueofObject is PASSED

06-09-2024T14:38:50 - [MESSAGE][INFO] - Checking response object

06-09-2024T14:38:50 - [MESSAGE][PASSED] - totalplay.Common.getDecimalValueofObject is PASSED

06-09-2024T14:38:50 - [TEST_STEP][PASSED] - totalplay.Common.getDecimalValueofObject(GetBasket, shipments_0_c_totalShippingCost): totalplay.Common.getDecimalValueofObject is PASSED

06-09-2024T14:38:50 - [MESSAGE][INFO] - Checking response object

06-09-2024T14:38:50 - [MESSAGE][PASSED] - totalplay.Common.getDecimalValueofObject is PASSED

06-09-2024T14:38:50 - [TEST_STEP][PASSED] - totalplay.Common.verifyPropertyExist(GetBasket, shipping_items_0__type): totalplay.Common.verifyPropertyExist is PASSED

06-09-2024T14:38:50 - [MESSAGE][INFO] - Checking response object

06-09-2024T14:38:50 - [MESSAGE][PASSED] - totalplay.Common.verifyPropertyExist is PASSED

06-09-2024T14:38:50 - [TEST_STEP][PASSED] - totalplay.Common.verifyPropertyValueExist(GetBasket, shipping_items_0__type): totalplay.Common.verifyPropertyValueExist is PASSED

06-09-2024T14:38:50 - [MESSAGE][INFO] - Checking response object

06-09-2024T14:38:50 - [MESSAGE][INFO] - shipping_item

06-09-2024T14:38:50 - [MESSAGE][PASSED] - totalplay.Common.verifyPropertyValueExist is PASSED

06-09-2024T14:38:50 - [TEST_STEP][PASSED] - totalplay.Common.getDecimalValueofObject(GetBasket, shipping_items_0_adjusted_tax): totalplay.Common.getDecimalValueofObject is PASSED

06-09-2024T14:38:50 - [MESSAGE][INFO] - Checking response object

06-09-2024T14:38:50 - [MESSAGE][PASSED] - totalplay.Common.getDecimalValueofObject is PASSED

06-09-2024T14:38:50 - [TEST_STEP][PASSED] - totalplay.Common.getDecimalValueofObject(GetBasket, shipping_items_0_base_price): totalplay.Common.getDecimalValueofObject is PASSED

06-09-2024T14:38:50 - [MESSAGE][INFO] - Checking response object

06-09-2024T14:38:50 - [MESSAGE][PASSED] - totalplay.Common.getDecimalValueofObject is PASSED

06-09-2024T14:38:50 - [TEST_STEP][PASSED] - totalplay.Common.verifyPropertyExist(GetBasket, shipping_items_0_item_id): totalplay.Common.verifyPropertyExist is PASSED

06-09-2024T14:38:50 - [MESSAGE][INFO] - Checking response object

06-09-2024T14:38:51 - [MESSAGE][PASSED] - totalplay.Common.verifyPropertyExist is PASSED

06-09-2024T14:38:51 - [TEST_STEP][PASSED] - totalplay.Common.verifyPropertyValueExist(GetBasket, shipping_items_0_item_id): totalplay.Common.verifyPropertyValueExist is PASSED

06-09-2024T14:38:51 - [MESSAGE][INFO] - Checking response object

06-09-2024T14:38:51 - [MESSAGE][INFO] - 60cb796b5ed0f9b9e9282e6127

06-09-2024T14:38:51 - [MESSAGE][PASSED] - totalplay.Common.verifyPropertyValueExist is PASSED

06-09-2024T14:38:51 - [TEST_STEP][PASSED] - totalplay.Common.verifyPropertyExist(GetBasket, shipping_items_0_item_text): totalplay.Common.verifyPropertyExist is PASSED

06-09-2024T14:38:51 - [MESSAGE][INFO] - Checking response object

06-09-2024T14:38:51 - [MESSAGE][PASSED] - totalplay.Common.verifyPropertyExist is PASSED

06-09-2024T14:38:51 - [TEST_STEP][PASSED] - totalplay.Common.verifyPropertyValueExist(GetBasket, shipping_items_0_item_text): totalplay.Common.verifyPropertyValueExist is PASSED

06-09-2024T14:38:51 - [MESSAGE][INFO] - Checking response object

06-09-2024T14:38:51 - [MESSAGE][INFO] - Shipping

06-09-2024T14:38:51 - [MESSAGE][PASSED] - totalplay.Common.verifyPropertyValueExist is PASSED

06-09-2024T14:38:51 - [TEST_STEP][PASSED] - totalplay.Common.getDecimalValueofObject(GetBasket, shipping_items_0_price): totalplay.Common.getDecimalValueofObject is PASSED

06-09-2024T14:38:51 - [MESSAGE][INFO] - Checking response object

06-09-2024T14:38:51 - [MESSAGE][PASSED] - totalplay.Common.getDecimalValueofObject is PASSED

06-09-2024T14:38:51 - [TEST_STEP][PASSED] - totalplay.Common.getDecimalValueofObject(GetBasket, shipping_items_0_price_after_item_discount): totalplay.Common.getDecimalValueofObject is PASSED

06-09-2024T14:38:51 - [MESSAGE][INFO] - Checking response object

06-09-2024T14:38:51 - [MESSAGE][PASSED] - totalplay.Common.getDecimalValueofObject is PASSED

06-09-2024T14:38:51 - [TEST_STEP][PASSED] - totalplay.Common.verifyPropertyExist(GetBasket, shipping_items_0_shipment_id): totalplay.Common.verifyPropertyExist is PASSED

06-09-2024T14:38:51 - [MESSAGE][INFO] - Checking response object

06-09-2024T14:38:51 - [MESSAGE][PASSED] - totalplay.Common.verifyPropertyExist is PASSED

06-09-2024T14:38:51 - [TEST_STEP][PASSED] - totalplay.Common.verifyPropertyValueExist(GetBasket, shipping_items_0_shipment_id): totalplay.Common.verifyPropertyValueExist is PASSED

06-09-2024T14:38:51 - [MESSAGE][INFO] - Checking response object

06-09-2024T14:38:51 - [MESSAGE][INFO] - me

06-09-2024T14:38:51 - [MESSAGE][PASSED] - totalplay.Common.verifyPropertyValueExist is PASSED

06-09-2024T14:38:51 - [TEST_STEP][PASSED] - totalplay.Common.getDecimalValueofObject(GetBasket, shipping_items_0_tax): totalplay.Common.getDecimalValueofObject is PASSED

06-09-2024T14:38:51 - [MESSAGE][INFO] - Checking response object

06-09-2024T14:38:51 - [MESSAGE][PASSED] - totalplay.Common.getDecimalValueofObject is PASSED

06-09-2024T14:38:51 - [TEST_STEP][PASSED] - totalplay.Common.getDecimalValueofObject(GetBasket, shipping_items_0_tax_basis): totalplay.Common.getDecimalValueofObject is PASSED

06-09-2024T14:38:51 - [MESSAGE][INFO] - Checking response object

06-09-2024T14:38:51 - [MESSAGE][PASSED] - totalplay.Common.getDecimalValueofObject is PASSED

06-09-2024T14:38:51 - [TEST_STEP][PASSED] - totalplay.Common.verifyPropertyExist(GetBasket, shipping_items_0_tax_class_id): totalplay.Common.verifyPropertyExist is PASSED

06-09-2024T14:38:51 - [MESSAGE][INFO] - Checking response object

06-09-2024T14:38:51 - [MESSAGE][PASSED] - totalplay.Common.verifyPropertyExist is PASSED

06-09-2024T14:38:51 - [TEST_STEP][PASSED] - totalplay.Common.verifyPropertyValueExist(GetBasket, shipping_items_0_tax_class_id): totalplay.Common.verifyPropertyValueExist is PASSED

06-09-2024T14:38:51 - [MESSAGE][INFO] - Checking response object

06-09-2024T14:38:51 - [MESSAGE][INFO] - standard

06-09-2024T14:38:51 - [MESSAGE][PASSED] - totalplay.Common.verifyPropertyValueExist is PASSED

06-09-2024T14:38:51 - [TEST_STEP][PASSED] - totalplay.Common.getDecimalValueofObject(GetBasket, shipping_items_0_tax_rate): totalplay.Common.getDecimalValueofObject is PASSED

06-09-2024T14:38:51 - [MESSAGE][INFO] - Checking response object

06-09-2024T14:38:51 - [MESSAGE][PASSED] - totalplay.Common.getDecimalValueofObject is PASSED

06-09-2024T14:38:51 - [TEST_STEP][PASSED] - totalplay.Common.getDecimalValueofObject(GetBasket, shipping_total): totalplay.Common.getDecimalValueofObject is PASSED

06-09-2024T14:38:51 - [MESSAGE][INFO] - Checking response object

06-09-2024T14:38:51 - [MESSAGE][PASSED] - totalplay.Common.getDecimalValueofObject is PASSED

06-09-2024T14:38:51 - [TEST_STEP][PASSED] - totalplay.Common.getDecimalValueofObject(GetBasket, shipping_total_tax): totalplay.Common.getDecimalValueofObject is PASSED

06-09-2024T14:38:51 - [MESSAGE][INFO] - Checking response object

06-09-2024T14:38:51 - [MESSAGE][PASSED] - totalplay.Common.getDecimalValueofObject is PASSED

06-09-2024T14:38:51 - [TEST_STEP][PASSED] - totalplay.Common.verifyPropertyExist(GetBasket, taxation): totalplay.Common.verifyPropertyExist is PASSED

06-09-2024T14:38:51 - [MESSAGE][INFO] - Checking response object

06-09-2024T14:38:51 - [MESSAGE][PASSED] - totalplay.Common.verifyPropertyExist is PASSED

06-09-2024T14:38:51 - [TEST_STEP][PASSED] - totalplay.Common.verifyPropertyValueExist(GetBasket, taxation): totalplay.Common.verifyPropertyValueExist is PASSED

06-09-2024T14:38:51 - [MESSAGE][INFO] - Checking response object

06-09-2024T14:38:51 - [MESSAGE][INFO] - net

06-09-2024T14:38:51 - [MESSAGE][PASSED] - totalplay.Common.verifyPropertyValueExist is PASSED

06-09-2024T14:38:51 - [TEST_STEP][PASSED] - totalplay.Common.getDecimalValueofObject(GetBasket, tax_total): totalplay.Common.getDecimalValueofObject is PASSED

06-09-2024T14:38:51 - [MESSAGE][INFO] - Checking response object

06-09-2024T14:38:51 - [MESSAGE][PASSED] - totalplay.Common.getDecimalValueofObject is PASSED

06-09-2024T14:38:51 - [TEST_STEP][PASSED] - totalplay.Common.verifyPropertyExist(GetBasket, c_seller_id): totalplay.Common.verifyPropertyExist is PASSED

06-09-2024T14:38:51 - [MESSAGE][INFO] - Checking response object

06-09-2024T14:38:51 - [MESSAGE][PASSED] - totalplay.Common.verifyPropertyExist is PASSED

06-09-2024T14:38:51 - [TEST_STEP][PASSED] - totalplay.Common.verifyPropertyValueExist(GetBasket, c_seller_id): totalplay.Common.verifyPropertyValueExist is PASSED

06-09-2024T14:38:51 - [MESSAGE][INFO] - Checking response object

06-09-2024T14:38:51 - [MESSAGE][INFO] - 4158

06-09-2024T14:38:51 - [MESSAGE][PASSED] - totalplay.Common.verifyPropertyValueExist is PASSED

06-09-2024T14:38:51 - [TEST_STEP][PASSED] - totalplay.Common.verifyPropertyExist(GetBasket, c_preferredAddress): totalplay.Common.verifyPropertyExist is PASSED

06-09-2024T14:38:51 - [MESSAGE][INFO] - Checking response object

06-09-2024T14:38:51 - [MESSAGE][PASSED] - totalplay.Common.verifyPropertyExist is PASSED

06-09-2024T14:38:51 - [TEST_STEP][PASSED] - totalplay.Common.verifyPropertyValueExist(GetBasket, c_preferredAddress): totalplay.Common.verifyPropertyValueExist is PASSED

06-09-2024T14:38:51 - [MESSAGE][INFO] - Checking response object

06-09-2024T14:38:51 - [MESSAGE][INFO] - {"address1":"Alejandro Dumas","address2":null,"city":"Ciudad de Mexico","firstName":"CESAR","lastName":"GERARDO WALDO GONZALEZ","phone":"5579660270","postalCode":"11500","states":{"stateCode":null},"country":{},"jobTitle":null,"postBox":null,"salutation":null,"secondName":null,"companyName":null,"suffix":null,"suite":null,"title":null}

06-09-2024T14:38:51 - [MESSAGE][PASSED] - totalplay.Common.verifyPropertyValueExist is PASSED

06-09-2024T14:38:51 - [TEST_STEP][PASSED] - totalplay.Common.getBooleanValueofObject(GetBasket, c_forceDeleteOndemand): totalplay.Common.getBooleanValueofObject is PASSED

06-09-2024T14:38:51 - [MESSAGE][INFO] - Checking response object

06-09-2024T14:38:51 - [MESSAGE][PASSED] - totalplay.Common.getBooleanValueofObject is PASSED

06-09-2024T14:38:51 - [TEST_STEP][PASSED] - totalplay.Common.verifyPropertyExist(GetBasket, c_formatedserviceChargeTotalGrossPrice): totalplay.Common.verifyPropertyExist is PASSED

06-09-2024T14:38:51 - [MESSAGE][INFO] - Checking response object

06-09-2024T14:38:51 - [MESSAGE][PASSED] - totalplay.Common.verifyPropertyExist is PASSED

06-09-2024T14:38:51 - [TEST_STEP][PASSED] - totalplay.Common.verifyPropertyValueExist(GetBasket, c_formatedserviceChargeTotalGrossPrice): totalplay.Common.verifyPropertyValueExist is PASSED

06-09-2024T14:38:51 - [MESSAGE][INFO] - Checking response object

06-09-2024T14:38:51 - [MESSAGE][INFO] - $0.00

06-09-2024T14:38:51 - [MESSAGE][PASSED] - totalplay.Common.verifyPropertyValueExist is PASSED]]></system-out>
         <system-err><![CDATA[]]></system-err>
      </testcase>
      <testcase name="Test Cases/TotalPlay-Food/TC_9_Get_Customer_Address" time="6.784" classname="Test Cases/TotalPlay-Food/TC_9_Get_Customer_Address" status="PASSED">
         <system-out><![CDATA[06-09-2024T14:38:51 - [TEST_CASE][PASSED] - Test Cases/TotalPlay-Food/TC_9_Get_Customer_Address: Test Cases/TotalPlay-Food/TC_9_Get_Customer_Address

06-09-2024T14:38:52 - [TEST_STEP][PASSED] - callTestCase(findTestCase("TotalPlay-Food/TC_1_Login_Service"), [:], STOP_ON_FAILURE): Call Test Case 'Test Cases/TotalPlay-Food/TC_1_Login_Service' successfully

06-09-2024T14:38:52 - [MESSAGE][INFO] - Checking called Test Case

06-09-2024T14:38:52 - [MESSAGE][INFO] - Starting to call Test Case 'Test Cases/TotalPlay-Food/TC_1_Login_Service'

06-09-2024T14:38:52 - [TEST_CASE][PASSED] - Test Cases/TotalPlay-Food/TC_1_Login_Service: Test Cases/TotalPlay-Food/TC_1_Login_Service

06-09-2024T14:38:52 - [TEST_STEP][PASSED] - LoginResponse = sendRequest(findTestObject("TotalPlay-Food/getTokenDelivery", ["URL":URL])): Send request successfully

06-09-2024T14:38:52 - [MESSAGE][INFO] - Finding Test Object 'Object Repository/TotalPlay-Food/getTokenDelivery'

06-09-2024T14:38:52 - [MESSAGE][INFO] - Checking request object

06-09-2024T14:38:55 - [MESSAGE][INFO] - HAR: C:\Users\ShubhamKumarThakur\OneDrive - Kognivera\Documents\TotalPlay\totalplay-automation\Reports\20240906_143744\Food_Service_Normal_Flow_PlaceOrder\20240906_143744\requests\main\10.har

06-09-2024T14:38:55 - [MESSAGE][PASSED] - Send request successfully

06-09-2024T14:38:55 - [TEST_STEP][PASSED] - assert getResponseStatusCode(LoginResponse) == 200: Checking response object

06-09-2024T14:38:55 - [MESSAGE][INFO] - Checking response object

06-09-2024T14:38:55 - [TEST_STEP][PASSED] - Auth = "ocapiResponse.access_token": null

06-09-2024T14:38:55 - [TEST_STEP][PASSED] - FoodBascketId = "ocapiResponse.c_basketId_TP_FOOD": null

06-09-2024T14:38:55 - [TEST_STEP][PASSED] - FoodBasId = getElementPropertyValue(LoginResponse, FoodBascketId): Checking response object

06-09-2024T14:38:55 - [MESSAGE][INFO] - Checking response object

06-09-2024T14:38:55 - [TEST_STEP][PASSED] - sfccAuthorization = getElementPropertyValue(LoginResponse, Auth): Checking response object

06-09-2024T14:38:55 - [MESSAGE][INFO] - Checking response object

06-09-2024T14:38:55 - [TEST_STEP][PASSED] - Authorization = "Bearer " + sfccAuthorization: null

06-09-2024T14:38:55 - [TEST_STEP][PASSED] - FoodBasketId = FoodBasId: null

06-09-2024T14:38:55 - [TEST_STEP][PASSED] - logInfo(bm_auth_token): 

06-09-2024T14:38:55 - [MESSAGE][INFO] - 

06-09-2024T14:38:55 - [TEST_STEP][PASSED] - if (sfccAuthorization.length() == 0): null

06-09-2024T14:38:55 - [TEST_STEP][PASSED] - else: authorization generated

06-09-2024T14:38:55 - [TEST_STEP][PASSED] - markPassed("authorization generated"): authorization generated

06-09-2024T14:38:55 - [MESSAGE][PASSED] - authorization generated

06-09-2024T14:38:55 - [TEST_STEP][PASSED] - BasketId_loginResponse = "ocapiResponse.c_basketId": null

06-09-2024T14:38:55 - [TEST_STEP][PASSED] - CustomerId_loginResponse = "ocapiResponse.customer_id": null

06-09-2024T14:38:55 - [TEST_STEP][PASSED] - basketId = getElementPropertyValue(LoginResponse, BasketId_loginResponse): Checking response object

06-09-2024T14:38:55 - [MESSAGE][INFO] - Checking response object

06-09-2024T14:38:55 - [TEST_STEP][PASSED] - customerId = getElementPropertyValue(LoginResponse, CustomerId_loginResponse): Checking response object

06-09-2024T14:38:55 - [MESSAGE][INFO] - Checking response object

06-09-2024T14:38:55 - [TEST_STEP][PASSED] - basketID = basketId: null

06-09-2024T14:38:55 - [TEST_STEP][PASSED] - sla_customerId = customerId: null

06-09-2024T14:38:55 - [TEST_STEP][PASSED] - println(basketID): null

06-09-2024T14:38:55 - [TEST_STEP][PASSED] - println(sla_customerId): null

06-09-2024T14:38:55 - [TEST_STEP][PASSED] - refresh_token = "ocapiResponse.refresh_token": null

06-09-2024T14:38:55 - [TEST_STEP][PASSED] - customer_email = "ocapiResponse.customer_email": null

06-09-2024T14:38:55 - [TEST_STEP][PASSED] - c_brmId = "ocapiResponse.c_brmId": null

06-09-2024T14:38:55 - [TEST_STEP][PASSED] - customer_name = "ocapiResponse.customer_name": null

06-09-2024T14:38:55 - [TEST_STEP][PASSED] - totalplay.Common.verifyPropertyExist(LoginResponse, refresh_token): totalplay.Common.verifyPropertyExist is PASSED

06-09-2024T14:38:55 - [MESSAGE][INFO] - Checking response object

06-09-2024T14:38:55 - [MESSAGE][PASSED] - totalplay.Common.verifyPropertyExist is PASSED

06-09-2024T14:38:55 - [TEST_STEP][PASSED] - totalplay.Common.verifyPropertyValueExist(LoginResponse, refresh_token): totalplay.Common.verifyPropertyValueExist is PASSED

06-09-2024T14:38:55 - [MESSAGE][INFO] - Checking response object

06-09-2024T14:38:55 - [MESSAGE][INFO] - IQkzzWN22pN6AkhdV-8bwel0--7bSbwos3Nwh0Nki4g

06-09-2024T14:38:55 - [MESSAGE][PASSED] - totalplay.Common.verifyPropertyValueExist is PASSED

06-09-2024T14:38:55 - [TEST_STEP][PASSED] - totalplay.Common.verifyPropertyExist(LoginResponse, customer_email): totalplay.Common.verifyPropertyExist is PASSED

06-09-2024T14:38:55 - [MESSAGE][INFO] - Checking response object

06-09-2024T14:38:55 - [MESSAGE][PASSED] - totalplay.Common.verifyPropertyExist is PASSED

06-09-2024T14:38:55 - [TEST_STEP][PASSED] - totalplay.Common.verifyPropertyValueExist(LoginResponse, customer_email): totalplay.Common.verifyPropertyValueExist is PASSED

06-09-2024T14:38:55 - [MESSAGE][INFO] - Checking response object

06-09-2024T14:38:55 - [MESSAGE][INFO] - cesar.waldo93@gmail.com

06-09-2024T14:38:55 - [MESSAGE][PASSED] - totalplay.Common.verifyPropertyValueExist is PASSED

06-09-2024T14:38:55 - [TEST_STEP][PASSED] - totalplay.Common.verifyPropertyExist(LoginResponse, customer_name): totalplay.Common.verifyPropertyExist is PASSED

06-09-2024T14:38:55 - [MESSAGE][INFO] - Checking response object

06-09-2024T14:38:55 - [MESSAGE][PASSED] - totalplay.Common.verifyPropertyExist is PASSED

06-09-2024T14:38:55 - [TEST_STEP][PASSED] - totalplay.Common.verifyPropertyValueExist(LoginResponse, customer_name): totalplay.Common.verifyPropertyValueExist is PASSED

06-09-2024T14:38:55 - [MESSAGE][INFO] - Checking response object

06-09-2024T14:38:55 - [MESSAGE][INFO] - CESAR GERARDO WALDO GONZALEZ

06-09-2024T14:38:55 - [MESSAGE][PASSED] - totalplay.Common.verifyPropertyValueExist is PASSED

06-09-2024T14:38:55 - [TEST_STEP][PASSED] - totalplay.Common.verifyPropertyExist(LoginResponse, c_brmId): totalplay.Common.verifyPropertyExist is PASSED

06-09-2024T14:38:55 - [MESSAGE][INFO] - Checking response object

06-09-2024T14:38:55 - [MESSAGE][PASSED] - totalplay.Common.verifyPropertyExist is PASSED

06-09-2024T14:38:55 - [TEST_STEP][PASSED] - totalplay.Common.verifyPropertyValueExist(LoginResponse, c_brmId): totalplay.Common.verifyPropertyValueExist is PASSED

06-09-2024T14:38:55 - [MESSAGE][INFO] - Checking response object

06-09-2024T14:38:55 - [MESSAGE][INFO] - 0106378356

06-09-2024T14:38:55 - [MESSAGE][PASSED] - totalplay.Common.verifyPropertyValueExist is PASSED

06-09-2024T14:38:55 - [MESSAGE][PASSED] - Call Test Case 'Test Cases/TotalPlay-Food/TC_1_Login_Service' successfully

06-09-2024T14:38:55 - [TEST_STEP][PASSED] - GetAddress_Response = sendRequest(findTestObject("TotalPlay-Food/GetAddresses", ["URL":URL, "sla_customerId":sla_customerId])): Send request successfully

06-09-2024T14:38:55 - [MESSAGE][INFO] - Finding Test Object 'Object Repository/TotalPlay-Food/GetAddresses'

06-09-2024T14:38:55 - [MESSAGE][INFO] - Checking request object

06-09-2024T14:38:56 - [MESSAGE][INFO] - HAR: C:\Users\ShubhamKumarThakur\OneDrive - Kognivera\Documents\TotalPlay\totalplay-automation\Reports\20240906_143744\Food_Service_Normal_Flow_PlaceOrder\20240906_143744\requests\main\11.har

06-09-2024T14:38:56 - [MESSAGE][PASSED] - Send request successfully

06-09-2024T14:38:56 - [TEST_STEP][PASSED] - verifyResponseStatusCode(GetAddress_Response, 200): Verify response status code successfully

06-09-2024T14:38:56 - [MESSAGE][INFO] - Checking response object

06-09-2024T14:38:56 - [MESSAGE][PASSED] - Verify response status code successfully

06-09-2024T14:38:56 - [TEST_STEP][PASSED] - _v = "_v": null

06-09-2024T14:38:56 - [TEST_STEP][PASSED] - _type = "_type": null

06-09-2024T14:38:56 - [TEST_STEP][PASSED] - count = "count": null

06-09-2024T14:38:56 - [TEST_STEP][PASSED] - data_0__type = "data[0]._type": null

06-09-2024T14:38:56 - [TEST_STEP][PASSED] - data_0__resource_state = "data[0]._resource_state": null

06-09-2024T14:38:56 - [TEST_STEP][PASSED] - data_0_address1 = "data[0].address1": null

06-09-2024T14:38:56 - [TEST_STEP][PASSED] - data_0_address_id = "data[0].address_id": null

06-09-2024T14:38:56 - [TEST_STEP][PASSED] - data_0_city = "data[0].city": null

06-09-2024T14:38:56 - [TEST_STEP][PASSED] - data_0_country_code = "data[0].country_code": null

06-09-2024T14:38:56 - [TEST_STEP][PASSED] - data_0_creation_date = "data[0].creation_date": null

06-09-2024T14:38:56 - [TEST_STEP][PASSED] - data_0_first_name = "data[0].first_name": null

06-09-2024T14:38:56 - [TEST_STEP][PASSED] - data_0_full_name = "data[0].full_name": null

06-09-2024T14:38:56 - [TEST_STEP][PASSED] - data_0_last_modified = "data[0].last_modified": null

06-09-2024T14:38:56 - [TEST_STEP][PASSED] - data_0_last_name = "data[0].last_name": null

06-09-2024T14:38:56 - [TEST_STEP][PASSED] - data_0_phone = "data[0].phone": null

06-09-2024T14:38:56 - [TEST_STEP][PASSED] - data_0_postal_code = "data[0].postal_code": null

06-09-2024T14:38:56 - [TEST_STEP][PASSED] - data_0_preferred = "data[0].preferred": null

06-09-2024T14:38:56 - [TEST_STEP][PASSED] - data_0_c_addressupdatedtime = "data[0].c_addressupdatedtime": null

06-09-2024T14:38:56 - [TEST_STEP][PASSED] - data_0_c_alias = "data[0].c_alias": null

06-09-2024T14:38:56 - [TEST_STEP][PASSED] - data_0_c_brmId = "data[0].c_brmId": null

06-09-2024T14:38:56 - [TEST_STEP][PASSED] - data_0_c_crm_address_id = "data[0].c_crm_address_id": null

06-09-2024T14:38:56 - [TEST_STEP][PASSED] - data_0_c_dateRegister = "data[0].c_dateRegister": null

06-09-2024T14:38:56 - [TEST_STEP][PASSED] - data_0_c_dateUpdate = "data[0].c_dateUpdate": null

06-09-2024T14:38:56 - [TEST_STEP][PASSED] - data_0_c_delegation = "data[0].c_delegation": null

06-09-2024T14:38:56 - [TEST_STEP][PASSED] - data_0_c_isBilling = "data[0].c_isBilling": null

06-09-2024T14:38:56 - [TEST_STEP][PASSED] - data_0_c_isContact = "data[0].c_isContact": null

06-09-2024T14:38:56 - [TEST_STEP][PASSED] - data_0_c_isShipping = "data[0].c_isShipping": null

06-09-2024T14:38:56 - [TEST_STEP][PASSED] - data_0_c_label = "data[0].c_label": null

06-09-2024T14:38:56 - [TEST_STEP][PASSED] - data_0_c_latitude = "data[0].c_latitude": null

06-09-2024T14:38:56 - [TEST_STEP][PASSED] - data_0_c_longitude = "data[0].c_longitude": null

06-09-2024T14:38:56 - [TEST_STEP][PASSED] - data_0_c_nExt = "data[0].c_nExt": null

06-09-2024T14:38:56 - [TEST_STEP][PASSED] - data_0_c_neighborhood = "data[0].c_neighborhood": null

06-09-2024T14:38:56 - [TEST_STEP][PASSED] - data_0_c_references = "data[0].c_references": null

06-09-2024T14:38:56 - [TEST_STEP][PASSED] - data_0_c_rfc = "data[0].c_rfc": null

06-09-2024T14:38:56 - [TEST_STEP][PASSED] - data_0_c_state = "data[0].c_state": null

06-09-2024T14:38:56 - [TEST_STEP][PASSED] - data_0_c_status = "data[0].c_status": null

06-09-2024T14:38:56 - [TEST_STEP][PASSED] - data_0_c_streetName = "data[0].c_streetName": null

06-09-2024T14:38:56 - [TEST_STEP][PASSED] - start = "start": null

06-09-2024T14:38:56 - [TEST_STEP][PASSED] - total = "total": null

06-09-2024T14:38:56 - [TEST_STEP][PASSED] - totalplay.Common.verifyPropertyExist(GetAddress_Response, _v): totalplay.Common.verifyPropertyExist is PASSED

06-09-2024T14:38:56 - [MESSAGE][INFO] - Checking response object

06-09-2024T14:38:56 - [MESSAGE][PASSED] - totalplay.Common.verifyPropertyExist is PASSED

06-09-2024T14:38:56 - [TEST_STEP][PASSED] - totalplay.Common.verifyPropertyValueExist(GetAddress_Response, _v): totalplay.Common.verifyPropertyValueExist is PASSED

06-09-2024T14:38:56 - [MESSAGE][INFO] - Checking response object

06-09-2024T14:38:56 - [MESSAGE][INFO] - 23.2

06-09-2024T14:38:56 - [MESSAGE][PASSED] - totalplay.Common.verifyPropertyValueExist is PASSED

06-09-2024T14:38:56 - [TEST_STEP][PASSED] - totalplay.Common.verifyPropertyExist(GetAddress_Response, _type): totalplay.Common.verifyPropertyExist is PASSED

06-09-2024T14:38:56 - [MESSAGE][INFO] - Checking response object

06-09-2024T14:38:56 - [MESSAGE][PASSED] - totalplay.Common.verifyPropertyExist is PASSED

06-09-2024T14:38:56 - [TEST_STEP][PASSED] - totalplay.Common.verifyPropertyValueExist(GetAddress_Response, _type): totalplay.Common.verifyPropertyValueExist is PASSED

06-09-2024T14:38:56 - [MESSAGE][INFO] - Checking response object

06-09-2024T14:38:56 - [MESSAGE][INFO] - customer_address_result

06-09-2024T14:38:56 - [MESSAGE][PASSED] - totalplay.Common.verifyPropertyValueExist is PASSED

06-09-2024T14:38:56 - [TEST_STEP][PASSED] - totalplay.Common.getNumValueofObject(GetAddress_Response, count): totalplay.Common.getNumValueofObject is PASSED

06-09-2024T14:38:56 - [MESSAGE][INFO] - Checking response object

06-09-2024T14:38:56 - [MESSAGE][PASSED] - totalplay.Common.getNumValueofObject is PASSED

06-09-2024T14:38:56 - [TEST_STEP][PASSED] - totalplay.Common.verifyPropertyExist(GetAddress_Response, data_0__type): totalplay.Common.verifyPropertyExist is PASSED

06-09-2024T14:38:56 - [MESSAGE][INFO] - Checking response object

06-09-2024T14:38:56 - [MESSAGE][PASSED] - totalplay.Common.verifyPropertyExist is PASSED

06-09-2024T14:38:56 - [TEST_STEP][PASSED] - totalplay.Common.verifyPropertyValueExist(GetAddress_Response, data_0__type): totalplay.Common.verifyPropertyValueExist is PASSED

06-09-2024T14:38:56 - [MESSAGE][INFO] - Checking response object

06-09-2024T14:38:56 - [MESSAGE][INFO] - customer_address

06-09-2024T14:38:56 - [MESSAGE][PASSED] - totalplay.Common.verifyPropertyValueExist is PASSED

06-09-2024T14:38:56 - [TEST_STEP][PASSED] - totalplay.Common.verifyPropertyExist(GetAddress_Response, data_0__resource_state): totalplay.Common.verifyPropertyExist is PASSED

06-09-2024T14:38:56 - [MESSAGE][INFO] - Checking response object

06-09-2024T14:38:56 - [MESSAGE][PASSED] - totalplay.Common.verifyPropertyExist is PASSED

06-09-2024T14:38:56 - [TEST_STEP][PASSED] - totalplay.Common.verifyPropertyValueExist(GetAddress_Response, data_0__resource_state): totalplay.Common.verifyPropertyValueExist is PASSED

06-09-2024T14:38:56 - [MESSAGE][INFO] - Checking response object

06-09-2024T14:38:56 - [MESSAGE][INFO] - 98081651cf1e384cd06423ecd507a030ee698b96319842aa102a6dfcc9abdb53

06-09-2024T14:38:56 - [MESSAGE][PASSED] - totalplay.Common.verifyPropertyValueExist is PASSED

06-09-2024T14:38:56 - [TEST_STEP][PASSED] - totalplay.Common.verifyPropertyExist(GetAddress_Response, data_0_address1): totalplay.Common.verifyPropertyExist is PASSED

06-09-2024T14:38:56 - [MESSAGE][INFO] - Checking response object

06-09-2024T14:38:56 - [MESSAGE][PASSED] - totalplay.Common.verifyPropertyExist is PASSED

06-09-2024T14:38:56 - [TEST_STEP][PASSED] - totalplay.Common.verifyPropertyValueExist(GetAddress_Response, data_0_address1): totalplay.Common.verifyPropertyValueExist is PASSED

06-09-2024T14:38:56 - [MESSAGE][INFO] - Checking response object

06-09-2024T14:38:56 - [MESSAGE][INFO] - Alejandro Dumas

06-09-2024T14:38:56 - [MESSAGE][PASSED] - totalplay.Common.verifyPropertyValueExist is PASSED

06-09-2024T14:38:56 - [TEST_STEP][PASSED] - totalplay.Common.verifyPropertyExist(GetAddress_Response, data_0_address_id): totalplay.Common.verifyPropertyExist is PASSED

06-09-2024T14:38:56 - [MESSAGE][INFO] - Checking response object

06-09-2024T14:38:56 - [MESSAGE][PASSED] - totalplay.Common.verifyPropertyExist is PASSED

06-09-2024T14:38:56 - [TEST_STEP][PASSED] - totalplay.Common.verifyPropertyValueExist(GetAddress_Response, data_0_address_id): totalplay.Common.verifyPropertyValueExist is PASSED

06-09-2024T14:38:56 - [MESSAGE][INFO] - Checking response object

06-09-2024T14:38:56 - [MESSAGE][INFO] - crm_default_address

06-09-2024T14:38:56 - [MESSAGE][PASSED] - totalplay.Common.verifyPropertyValueExist is PASSED

06-09-2024T14:38:56 - [TEST_STEP][PASSED] - totalplay.Common.verifyPropertyExist(GetAddress_Response, data_0_city): totalplay.Common.verifyPropertyExist is PASSED

06-09-2024T14:38:56 - [MESSAGE][INFO] - Checking response object

06-09-2024T14:38:56 - [MESSAGE][PASSED] - totalplay.Common.verifyPropertyExist is PASSED

06-09-2024T14:38:56 - [TEST_STEP][PASSED] - totalplay.Common.verifyPropertyValueExist(GetAddress_Response, data_0_city): totalplay.Common.verifyPropertyValueExist is PASSED

06-09-2024T14:38:56 - [MESSAGE][INFO] - Checking response object

06-09-2024T14:38:56 - [MESSAGE][INFO] - Ciudad de Mexico

06-09-2024T14:38:56 - [MESSAGE][PASSED] - totalplay.Common.verifyPropertyValueExist is PASSED

06-09-2024T14:38:56 - [TEST_STEP][PASSED] - totalplay.Common.verifyPropertyExist(GetAddress_Response, data_0_country_code): totalplay.Common.verifyPropertyExist is PASSED

06-09-2024T14:38:56 - [MESSAGE][INFO] - Checking response object

06-09-2024T14:38:56 - [MESSAGE][PASSED] - totalplay.Common.verifyPropertyExist is PASSED

06-09-2024T14:38:56 - [TEST_STEP][PASSED] - totalplay.Common.verifyPropertyValueExist(GetAddress_Response, data_0_country_code): totalplay.Common.verifyPropertyValueExist is PASSED

06-09-2024T14:38:56 - [MESSAGE][INFO] - Checking response object

06-09-2024T14:38:56 - [MESSAGE][INFO] - MX

06-09-2024T14:38:56 - [MESSAGE][PASSED] - totalplay.Common.verifyPropertyValueExist is PASSED

06-09-2024T14:38:56 - [TEST_STEP][PASSED] - totalplay.Common.verifyPropertyExist(GetAddress_Response, data_0_creation_date): totalplay.Common.verifyPropertyExist is PASSED

06-09-2024T14:38:56 - [MESSAGE][INFO] - Checking response object

06-09-2024T14:38:56 - [MESSAGE][PASSED] - totalplay.Common.verifyPropertyExist is PASSED

06-09-2024T14:38:56 - [TEST_STEP][PASSED] - totalplay.Common.verifyPropertyValueExist(GetAddress_Response, data_0_creation_date): totalplay.Common.verifyPropertyValueExist is PASSED

06-09-2024T14:38:56 - [MESSAGE][INFO] - Checking response object

06-09-2024T14:38:56 - [MESSAGE][INFO] - 2023-11-01T17:38:08.000Z

06-09-2024T14:38:56 - [MESSAGE][PASSED] - totalplay.Common.verifyPropertyValueExist is PASSED

06-09-2024T14:38:56 - [TEST_STEP][PASSED] - totalplay.Common.verifyPropertyExist(GetAddress_Response, data_0_first_name): totalplay.Common.verifyPropertyExist is PASSED

06-09-2024T14:38:56 - [MESSAGE][INFO] - Checking response object

06-09-2024T14:38:56 - [MESSAGE][PASSED] - totalplay.Common.verifyPropertyExist is PASSED

06-09-2024T14:38:56 - [TEST_STEP][PASSED] - totalplay.Common.verifyPropertyValueExist(GetAddress_Response, data_0_first_name): totalplay.Common.verifyPropertyValueExist is PASSED

06-09-2024T14:38:56 - [MESSAGE][INFO] - Checking response object

06-09-2024T14:38:56 - [MESSAGE][INFO] - CESAR

06-09-2024T14:38:56 - [MESSAGE][PASSED] - totalplay.Common.verifyPropertyValueExist is PASSED

06-09-2024T14:38:56 - [TEST_STEP][PASSED] - totalplay.Common.verifyPropertyExist(GetAddress_Response, data_0_full_name): totalplay.Common.verifyPropertyExist is PASSED

06-09-2024T14:38:56 - [MESSAGE][INFO] - Checking response object

06-09-2024T14:38:56 - [MESSAGE][PASSED] - totalplay.Common.verifyPropertyExist is PASSED

06-09-2024T14:38:56 - [TEST_STEP][PASSED] - totalplay.Common.verifyPropertyValueExist(GetAddress_Response, data_0_full_name): totalplay.Common.verifyPropertyValueExist is PASSED

06-09-2024T14:38:56 - [MESSAGE][INFO] - Checking response object

06-09-2024T14:38:57 - [MESSAGE][INFO] - CESAR GERARDO WALDO GONZALEZ

06-09-2024T14:38:57 - [MESSAGE][PASSED] - totalplay.Common.verifyPropertyValueExist is PASSED

06-09-2024T14:38:57 - [TEST_STEP][PASSED] - totalplay.Common.verifyPropertyExist(GetAddress_Response, data_0_last_modified): totalplay.Common.verifyPropertyExist is PASSED

06-09-2024T14:38:57 - [MESSAGE][INFO] - Checking response object

06-09-2024T14:38:57 - [MESSAGE][PASSED] - totalplay.Common.verifyPropertyExist is PASSED

06-09-2024T14:38:57 - [TEST_STEP][PASSED] - totalplay.Common.verifyPropertyValueExist(GetAddress_Response, data_0_last_modified): totalplay.Common.verifyPropertyValueExist is PASSED

06-09-2024T14:38:57 - [MESSAGE][INFO] - Checking response object

06-09-2024T14:38:57 - [MESSAGE][INFO] - 2024-09-05T03:15:23.000Z

06-09-2024T14:38:57 - [MESSAGE][PASSED] - totalplay.Common.verifyPropertyValueExist is PASSED

06-09-2024T14:38:57 - [TEST_STEP][PASSED] - totalplay.Common.verifyPropertyExist(GetAddress_Response, data_0_last_name): totalplay.Common.verifyPropertyExist is PASSED

06-09-2024T14:38:57 - [MESSAGE][INFO] - Checking response object

06-09-2024T14:38:57 - [MESSAGE][PASSED] - totalplay.Common.verifyPropertyExist is PASSED

06-09-2024T14:38:57 - [TEST_STEP][PASSED] - totalplay.Common.verifyPropertyValueExist(GetAddress_Response, data_0_last_name): totalplay.Common.verifyPropertyValueExist is PASSED

06-09-2024T14:38:57 - [MESSAGE][INFO] - Checking response object

06-09-2024T14:38:57 - [MESSAGE][INFO] - GERARDO WALDO GONZALEZ

06-09-2024T14:38:57 - [MESSAGE][PASSED] - totalplay.Common.verifyPropertyValueExist is PASSED

06-09-2024T14:38:57 - [TEST_STEP][PASSED] - totalplay.Common.verifyPropertyExist(GetAddress_Response, data_0_phone): totalplay.Common.verifyPropertyExist is PASSED

06-09-2024T14:38:57 - [MESSAGE][INFO] - Checking response object

06-09-2024T14:38:57 - [MESSAGE][PASSED] - totalplay.Common.verifyPropertyExist is PASSED

06-09-2024T14:38:57 - [TEST_STEP][PASSED] - totalplay.Common.verifyPropertyValueExist(GetAddress_Response, data_0_phone): totalplay.Common.verifyPropertyValueExist is PASSED

06-09-2024T14:38:57 - [MESSAGE][INFO] - Checking response object

06-09-2024T14:38:57 - [MESSAGE][INFO] - 5579660270

06-09-2024T14:38:57 - [MESSAGE][PASSED] - totalplay.Common.verifyPropertyValueExist is PASSED

06-09-2024T14:38:57 - [TEST_STEP][PASSED] - totalplay.Common.verifyPropertyExist(GetAddress_Response, data_0_postal_code): totalplay.Common.verifyPropertyExist is PASSED

06-09-2024T14:38:57 - [MESSAGE][INFO] - Checking response object

06-09-2024T14:38:57 - [MESSAGE][PASSED] - totalplay.Common.verifyPropertyExist is PASSED

06-09-2024T14:38:57 - [TEST_STEP][PASSED] - totalplay.Common.verifyPropertyValueExist(GetAddress_Response, data_0_postal_code): totalplay.Common.verifyPropertyValueExist is PASSED

06-09-2024T14:38:57 - [MESSAGE][INFO] - Checking response object

06-09-2024T14:38:57 - [MESSAGE][INFO] - 11500

06-09-2024T14:38:57 - [MESSAGE][PASSED] - totalplay.Common.verifyPropertyValueExist is PASSED

06-09-2024T14:38:57 - [TEST_STEP][PASSED] - totalplay.Common.getBooleanValueofObject(GetAddress_Response, data_0_preferred): totalplay.Common.getBooleanValueofObject is PASSED

06-09-2024T14:38:57 - [MESSAGE][INFO] - Checking response object

06-09-2024T14:38:57 - [MESSAGE][PASSED] - totalplay.Common.getBooleanValueofObject is PASSED

06-09-2024T14:38:57 - [TEST_STEP][PASSED] - totalplay.Common.verifyPropertyExist(GetAddress_Response, data_0_c_addressupdatedtime): totalplay.Common.verifyPropertyExist is PASSED

06-09-2024T14:38:57 - [MESSAGE][INFO] - Checking response object

06-09-2024T14:38:57 - [MESSAGE][PASSED] - totalplay.Common.verifyPropertyExist is PASSED

06-09-2024T14:38:57 - [TEST_STEP][PASSED] - totalplay.Common.verifyPropertyValueExist(GetAddress_Response, data_0_c_addressupdatedtime): totalplay.Common.verifyPropertyValueExist is PASSED

06-09-2024T14:38:57 - [MESSAGE][INFO] - Checking response object

06-09-2024T14:38:57 - [MESSAGE][INFO] - 1725447212820

06-09-2024T14:38:57 - [MESSAGE][PASSED] - totalplay.Common.verifyPropertyValueExist is PASSED

06-09-2024T14:38:57 - [TEST_STEP][PASSED] - totalplay.Common.verifyPropertyExist(GetAddress_Response, data_0_c_alias): totalplay.Common.verifyPropertyExist is PASSED

06-09-2024T14:38:57 - [MESSAGE][INFO] - Checking response object

06-09-2024T14:38:57 - [MESSAGE][PASSED] - totalplay.Common.verifyPropertyExist is PASSED

06-09-2024T14:38:57 - [TEST_STEP][PASSED] - totalplay.Common.verifyPropertyValueExist(GetAddress_Response, data_0_c_alias): totalplay.Common.verifyPropertyValueExist is PASSED

06-09-2024T14:38:57 - [MESSAGE][INFO] - Checking response object

06-09-2024T14:38:57 - [MESSAGE][INFO] - CasaWaldoP

06-09-2024T14:38:57 - [MESSAGE][PASSED] - totalplay.Common.verifyPropertyValueExist is PASSED

06-09-2024T14:38:57 - [TEST_STEP][PASSED] - totalplay.Common.verifyPropertyExist(GetAddress_Response, data_0_c_brmId): totalplay.Common.verifyPropertyExist is PASSED

06-09-2024T14:38:57 - [MESSAGE][INFO] - Checking response object

06-09-2024T14:38:57 - [MESSAGE][PASSED] - totalplay.Common.verifyPropertyExist is PASSED

06-09-2024T14:38:57 - [TEST_STEP][PASSED] - totalplay.Common.verifyPropertyValueExist(GetAddress_Response, data_0_c_brmId): totalplay.Common.verifyPropertyValueExist is PASSED

06-09-2024T14:38:57 - [MESSAGE][INFO] - Checking response object

06-09-2024T14:38:57 - [MESSAGE][INFO] - 0106378356

06-09-2024T14:38:57 - [MESSAGE][PASSED] - totalplay.Common.verifyPropertyValueExist is PASSED

06-09-2024T14:38:57 - [TEST_STEP][PASSED] - totalplay.Common.verifyPropertyExist(GetAddress_Response, data_0_c_crm_address_id): totalplay.Common.verifyPropertyExist is PASSED

06-09-2024T14:38:57 - [MESSAGE][INFO] - Checking response object

06-09-2024T14:38:57 - [MESSAGE][PASSED] - totalplay.Common.verifyPropertyExist is PASSED

06-09-2024T14:38:57 - [TEST_STEP][PASSED] - totalplay.Common.verifyPropertyValueExist(GetAddress_Response, data_0_c_crm_address_id): totalplay.Common.verifyPropertyValueExist is PASSED

06-09-2024T14:38:57 - [MESSAGE][INFO] - Checking response object

06-09-2024T14:38:57 - [MESSAGE][INFO] - a4z3C0000009B0mQAE

06-09-2024T14:38:57 - [MESSAGE][PASSED] - totalplay.Common.verifyPropertyValueExist is PASSED

06-09-2024T14:38:57 - [TEST_STEP][PASSED] - totalplay.Common.verifyPropertyExist(GetAddress_Response, data_0_c_dateRegister): totalplay.Common.verifyPropertyExist is PASSED

06-09-2024T14:38:57 - [MESSAGE][INFO] - Checking response object

06-09-2024T14:38:57 - [MESSAGE][PASSED] - totalplay.Common.verifyPropertyExist is PASSED

06-09-2024T14:38:57 - [TEST_STEP][PASSED] - totalplay.Common.verifyPropertyValueExist(GetAddress_Response, data_0_c_dateRegister): totalplay.Common.verifyPropertyValueExist is PASSED

06-09-2024T14:38:57 - [MESSAGE][INFO] - Checking response object

06-09-2024T14:38:57 - [MESSAGE][INFO] - 2024-05-30T22:44:06.000Z

06-09-2024T14:38:57 - [MESSAGE][PASSED] - totalplay.Common.verifyPropertyValueExist is PASSED

06-09-2024T14:38:57 - [TEST_STEP][PASSED] - totalplay.Common.verifyPropertyExist(GetAddress_Response, data_0_c_dateUpdate): totalplay.Common.verifyPropertyExist is PASSED

06-09-2024T14:38:57 - [MESSAGE][INFO] - Checking response object

06-09-2024T14:38:57 - [MESSAGE][PASSED] - totalplay.Common.verifyPropertyExist is PASSED

06-09-2024T14:38:57 - [TEST_STEP][PASSED] - totalplay.Common.verifyPropertyValueExist(GetAddress_Response, data_0_c_dateUpdate): totalplay.Common.verifyPropertyValueExist is PASSED

06-09-2024T14:38:57 - [MESSAGE][INFO] - Checking response object

06-09-2024T14:38:57 - [MESSAGE][INFO] - 2024-05-30T22:44:06.000Z

06-09-2024T14:38:57 - [MESSAGE][PASSED] - totalplay.Common.verifyPropertyValueExist is PASSED

06-09-2024T14:38:57 - [TEST_STEP][PASSED] - totalplay.Common.verifyPropertyExist(GetAddress_Response, data_0_c_delegation): totalplay.Common.verifyPropertyExist is PASSED

06-09-2024T14:38:57 - [MESSAGE][INFO] - Checking response object

06-09-2024T14:38:57 - [MESSAGE][PASSED] - totalplay.Common.verifyPropertyExist is PASSED

06-09-2024T14:38:57 - [TEST_STEP][PASSED] - totalplay.Common.verifyPropertyValueExist(GetAddress_Response, data_0_c_delegation): totalplay.Common.verifyPropertyValueExist is PASSED

06-09-2024T14:38:57 - [MESSAGE][INFO] - Checking response object

06-09-2024T14:38:57 - [MESSAGE][INFO] - Miguel Hidalgo

06-09-2024T14:38:57 - [MESSAGE][PASSED] - totalplay.Common.verifyPropertyValueExist is PASSED

06-09-2024T14:38:57 - [TEST_STEP][PASSED] - totalplay.Common.verifyPropertyExist(GetAddress_Response, data_0_c_isBilling): totalplay.Common.verifyPropertyExist is PASSED

06-09-2024T14:38:57 - [MESSAGE][INFO] - Checking response object

06-09-2024T14:38:57 - [MESSAGE][PASSED] - totalplay.Common.verifyPropertyExist is PASSED

06-09-2024T14:38:57 - [TEST_STEP][PASSED] - totalplay.Common.verifyPropertyValueExist(GetAddress_Response, data_0_c_isBilling): totalplay.Common.verifyPropertyValueExist is PASSED

06-09-2024T14:38:57 - [MESSAGE][INFO] - Checking response object

06-09-2024T14:38:57 - [MESSAGE][INFO] - false

06-09-2024T14:38:57 - [MESSAGE][PASSED] - totalplay.Common.verifyPropertyValueExist is PASSED

06-09-2024T14:38:57 - [TEST_STEP][PASSED] - totalplay.Common.verifyPropertyExist(GetAddress_Response, data_0_c_isContact): totalplay.Common.verifyPropertyExist is PASSED

06-09-2024T14:38:57 - [MESSAGE][INFO] - Checking response object

06-09-2024T14:38:57 - [MESSAGE][PASSED] - totalplay.Common.verifyPropertyExist is PASSED

06-09-2024T14:38:57 - [TEST_STEP][PASSED] - totalplay.Common.verifyPropertyValueExist(GetAddress_Response, data_0_c_isContact): totalplay.Common.verifyPropertyValueExist is PASSED

06-09-2024T14:38:57 - [MESSAGE][INFO] - Checking response object

06-09-2024T14:38:57 - [MESSAGE][INFO] - false

06-09-2024T14:38:57 - [MESSAGE][PASSED] - totalplay.Common.verifyPropertyValueExist is PASSED

06-09-2024T14:38:57 - [TEST_STEP][PASSED] - totalplay.Common.verifyPropertyExist(GetAddress_Response, data_0_c_isShipping): totalplay.Common.verifyPropertyExist is PASSED

06-09-2024T14:38:57 - [MESSAGE][INFO] - Checking response object

06-09-2024T14:38:57 - [MESSAGE][PASSED] - totalplay.Common.verifyPropertyExist is PASSED

06-09-2024T14:38:57 - [TEST_STEP][PASSED] - totalplay.Common.verifyPropertyValueExist(GetAddress_Response, data_0_c_isShipping): totalplay.Common.verifyPropertyValueExist is PASSED

06-09-2024T14:38:57 - [MESSAGE][INFO] - Checking response object

06-09-2024T14:38:57 - [MESSAGE][INFO] - false

06-09-2024T14:38:57 - [MESSAGE][PASSED] - totalplay.Common.verifyPropertyValueExist is PASSED

06-09-2024T14:38:57 - [TEST_STEP][PASSED] - totalplay.Common.verifyPropertyExist(GetAddress_Response, data_0_c_label): totalplay.Common.verifyPropertyExist is PASSED

06-09-2024T14:38:57 - [MESSAGE][INFO] - Checking response object

06-09-2024T14:38:58 - [MESSAGE][PASSED] - totalplay.Common.verifyPropertyExist is PASSED

06-09-2024T14:38:58 - [TEST_STEP][PASSED] - totalplay.Common.verifyPropertyValueExist(GetAddress_Response, data_0_c_label): totalplay.Common.verifyPropertyValueExist is PASSED

06-09-2024T14:38:58 - [MESSAGE][INFO] - Checking response object

06-09-2024T14:38:58 - [MESSAGE][INFO] - {"home":true,"company":false,"other":false}

06-09-2024T14:38:58 - [MESSAGE][PASSED] - totalplay.Common.verifyPropertyValueExist is PASSED

06-09-2024T14:38:58 - [TEST_STEP][PASSED] - totalplay.Common.verifyPropertyExist(GetAddress_Response, data_0_c_latitude): totalplay.Common.verifyPropertyExist is PASSED

06-09-2024T14:38:58 - [MESSAGE][INFO] - Checking response object

06-09-2024T14:38:58 - [MESSAGE][PASSED] - totalplay.Common.verifyPropertyExist is PASSED

06-09-2024T14:38:58 - [TEST_STEP][PASSED] - totalplay.Common.verifyPropertyValueExist(GetAddress_Response, data_0_c_latitude): totalplay.Common.verifyPropertyValueExist is PASSED

06-09-2024T14:38:58 - [MESSAGE][INFO] - Checking response object

06-09-2024T14:38:58 - [MESSAGE][INFO] - 19.439691

06-09-2024T14:38:58 - [MESSAGE][PASSED] - totalplay.Common.verifyPropertyValueExist is PASSED

06-09-2024T14:38:58 - [TEST_STEP][PASSED] - totalplay.Common.verifyPropertyExist(GetAddress_Response, data_0_c_longitude): totalplay.Common.verifyPropertyExist is PASSED

06-09-2024T14:38:58 - [MESSAGE][INFO] - Checking response object

06-09-2024T14:38:58 - [MESSAGE][PASSED] - totalplay.Common.verifyPropertyExist is PASSED

06-09-2024T14:38:58 - [TEST_STEP][PASSED] - totalplay.Common.verifyPropertyValueExist(GetAddress_Response, data_0_c_longitude): totalplay.Common.verifyPropertyValueExist is PASSED

06-09-2024T14:38:58 - [MESSAGE][INFO] - Checking response object

06-09-2024T14:38:58 - [MESSAGE][INFO] - -99.205670

06-09-2024T14:38:58 - [MESSAGE][PASSED] - totalplay.Common.verifyPropertyValueExist is PASSED

06-09-2024T14:38:58 - [TEST_STEP][PASSED] - totalplay.Common.verifyPropertyExist(GetAddress_Response, data_0_c_nExt): totalplay.Common.verifyPropertyExist is PASSED

06-09-2024T14:38:58 - [MESSAGE][INFO] - Checking response object

06-09-2024T14:38:58 - [MESSAGE][PASSED] - totalplay.Common.verifyPropertyExist is PASSED

06-09-2024T14:38:58 - [TEST_STEP][PASSED] - totalplay.Common.verifyPropertyValueExist(GetAddress_Response, data_0_c_nExt): totalplay.Common.verifyPropertyValueExist is PASSED

06-09-2024T14:38:58 - [MESSAGE][INFO] - Checking response object

06-09-2024T14:38:58 - [MESSAGE][INFO] - 107

06-09-2024T14:38:58 - [MESSAGE][PASSED] - totalplay.Common.verifyPropertyValueExist is PASSED

06-09-2024T14:38:58 - [TEST_STEP][PASSED] - totalplay.Common.verifyPropertyExist(GetAddress_Response, data_0_c_neighborhood): totalplay.Common.verifyPropertyExist is PASSED

06-09-2024T14:38:58 - [MESSAGE][INFO] - Checking response object

06-09-2024T14:38:58 - [MESSAGE][PASSED] - totalplay.Common.verifyPropertyExist is PASSED

06-09-2024T14:38:58 - [TEST_STEP][PASSED] - totalplay.Common.verifyPropertyValueExist(GetAddress_Response, data_0_c_neighborhood): totalplay.Common.verifyPropertyValueExist is PASSED

06-09-2024T14:38:58 - [MESSAGE][INFO] - Checking response object

06-09-2024T14:38:58 - [MESSAGE][INFO] - Polanco

06-09-2024T14:38:58 - [MESSAGE][PASSED] - totalplay.Common.verifyPropertyValueExist is PASSED

06-09-2024T14:38:58 - [TEST_STEP][PASSED] - totalplay.Common.verifyPropertyExist(GetAddress_Response, data_0_c_references): totalplay.Common.verifyPropertyExist is PASSED

06-09-2024T14:38:58 - [MESSAGE][INFO] - Checking response object

06-09-2024T14:38:58 - [MESSAGE][PASSED] - totalplay.Common.verifyPropertyExist is PASSED

06-09-2024T14:38:58 - [TEST_STEP][PASSED] - totalplay.Common.verifyPropertyValueExist(GetAddress_Response, data_0_c_references): totalplay.Common.verifyPropertyValueExist is PASSED

06-09-2024T14:38:58 - [MESSAGE][INFO] - Checking response object

06-09-2024T14:38:58 - [MESSAGE][INFO] - Llamar al llegar

06-09-2024T14:38:58 - [MESSAGE][PASSED] - totalplay.Common.verifyPropertyValueExist is PASSED

06-09-2024T14:38:58 - [TEST_STEP][PASSED] - totalplay.Common.verifyPropertyExist(GetAddress_Response, data_0_c_rfc): totalplay.Common.verifyPropertyExist is PASSED

06-09-2024T14:38:58 - [MESSAGE][INFO] - Checking response object

06-09-2024T14:38:58 - [MESSAGE][PASSED] - totalplay.Common.verifyPropertyExist is PASSED

06-09-2024T14:38:58 - [TEST_STEP][PASSED] - totalplay.Common.verifyPropertyValueExist(GetAddress_Response, data_0_c_rfc): totalplay.Common.verifyPropertyValueExist is PASSED

06-09-2024T14:38:58 - [MESSAGE][INFO] - Checking response object

06-09-2024T14:38:58 - [MESSAGE][INFO] - XAXA010101111

06-09-2024T14:38:58 - [MESSAGE][PASSED] - totalplay.Common.verifyPropertyValueExist is PASSED

06-09-2024T14:38:58 - [TEST_STEP][PASSED] - totalplay.Common.verifyPropertyExist(GetAddress_Response, data_0_c_state): totalplay.Common.verifyPropertyExist is PASSED

06-09-2024T14:38:58 - [MESSAGE][INFO] - Checking response object

06-09-2024T14:38:58 - [MESSAGE][PASSED] - totalplay.Common.verifyPropertyExist is PASSED

06-09-2024T14:38:58 - [TEST_STEP][PASSED] - totalplay.Common.verifyPropertyValueExist(GetAddress_Response, data_0_c_state): totalplay.Common.verifyPropertyValueExist is PASSED

06-09-2024T14:38:58 - [MESSAGE][INFO] - Checking response object

06-09-2024T14:38:58 - [MESSAGE][INFO] - CDMX

06-09-2024T14:38:58 - [MESSAGE][PASSED] - totalplay.Common.verifyPropertyValueExist is PASSED

06-09-2024T14:38:58 - [TEST_STEP][PASSED] - totalplay.Common.verifyPropertyExist(GetAddress_Response, data_0_c_status): totalplay.Common.verifyPropertyExist is PASSED

06-09-2024T14:38:58 - [MESSAGE][INFO] - Checking response object

06-09-2024T14:38:58 - [MESSAGE][PASSED] - totalplay.Common.verifyPropertyExist is PASSED

06-09-2024T14:38:58 - [TEST_STEP][PASSED] - totalplay.Common.verifyPropertyValueExist(GetAddress_Response, data_0_c_status): totalplay.Common.verifyPropertyValueExist is PASSED

06-09-2024T14:38:58 - [MESSAGE][INFO] - Checking response object

06-09-2024T14:38:58 - [MESSAGE][INFO] - true

06-09-2024T14:38:58 - [MESSAGE][PASSED] - totalplay.Common.verifyPropertyValueExist is PASSED

06-09-2024T14:38:58 - [TEST_STEP][PASSED] - totalplay.Common.verifyPropertyExist(GetAddress_Response, data_0_c_streetName): totalplay.Common.verifyPropertyExist is PASSED

06-09-2024T14:38:58 - [MESSAGE][INFO] - Checking response object

06-09-2024T14:38:58 - [MESSAGE][PASSED] - totalplay.Common.verifyPropertyExist is PASSED

06-09-2024T14:38:58 - [TEST_STEP][PASSED] - totalplay.Common.verifyPropertyValueExist(GetAddress_Response, data_0_c_streetName): totalplay.Common.verifyPropertyValueExist is PASSED

06-09-2024T14:38:58 - [MESSAGE][INFO] - Checking response object

06-09-2024T14:38:58 - [MESSAGE][INFO] - Alejandro Dumas

06-09-2024T14:38:58 - [MESSAGE][PASSED] - totalplay.Common.verifyPropertyValueExist is PASSED

06-09-2024T14:38:58 - [TEST_STEP][PASSED] - totalplay.Common.getNumValueofObject(GetAddress_Response, start): totalplay.Common.getNumValueofObject is PASSED

06-09-2024T14:38:58 - [MESSAGE][INFO] - Checking response object

06-09-2024T14:38:58 - [MESSAGE][PASSED] - totalplay.Common.getNumValueofObject is PASSED

06-09-2024T14:38:58 - [TEST_STEP][PASSED] - totalplay.Common.getNumValueofObject(GetAddress_Response, total): totalplay.Common.getNumValueofObject is PASSED

06-09-2024T14:38:58 - [MESSAGE][INFO] - Checking response object

06-09-2024T14:38:58 - [MESSAGE][PASSED] - totalplay.Common.getNumValueofObject is PASSED]]></system-out>
         <system-err><![CDATA[]]></system-err>
      </testcase>
      <testcase name="Test Cases/TotalPlay-Food/TC_10_Update_Customer_Address" time="4.788" classname="Test Cases/TotalPlay-Food/TC_10_Update_Customer_Address" status="PASSED">
         <system-out><![CDATA[06-09-2024T14:38:58 - [TEST_CASE][PASSED] - Test Cases/TotalPlay-Food/TC_10_Update_Customer_Address: Test Cases/TotalPlay-Food/TC_10_Update_Customer_Address

06-09-2024T14:38:58 - [TEST_STEP][PASSED] - callTestCase(findTestCase("TotalPlay-Food/TC_1_Login_Service"), [:], STOP_ON_FAILURE): Call Test Case 'Test Cases/TotalPlay-Food/TC_1_Login_Service' successfully

06-09-2024T14:38:58 - [MESSAGE][INFO] - Checking called Test Case

06-09-2024T14:38:58 - [MESSAGE][INFO] - Starting to call Test Case 'Test Cases/TotalPlay-Food/TC_1_Login_Service'

06-09-2024T14:38:59 - [TEST_CASE][PASSED] - Test Cases/TotalPlay-Food/TC_1_Login_Service: Test Cases/TotalPlay-Food/TC_1_Login_Service

06-09-2024T14:38:59 - [TEST_STEP][PASSED] - LoginResponse = sendRequest(findTestObject("TotalPlay-Food/getTokenDelivery", ["URL":URL])): Send request successfully

06-09-2024T14:38:59 - [MESSAGE][INFO] - Finding Test Object 'Object Repository/TotalPlay-Food/getTokenDelivery'

06-09-2024T14:38:59 - [MESSAGE][INFO] - Checking request object

06-09-2024T14:39:02 - [MESSAGE][INFO] - HAR: C:\Users\ShubhamKumarThakur\OneDrive - Kognivera\Documents\TotalPlay\totalplay-automation\Reports\20240906_143744\Food_Service_Normal_Flow_PlaceOrder\20240906_143744\requests\main\12.har

06-09-2024T14:39:02 - [MESSAGE][PASSED] - Send request successfully

06-09-2024T14:39:02 - [TEST_STEP][PASSED] - assert getResponseStatusCode(LoginResponse) == 200: Checking response object

06-09-2024T14:39:02 - [MESSAGE][INFO] - Checking response object

06-09-2024T14:39:02 - [TEST_STEP][PASSED] - Auth = "ocapiResponse.access_token": null

06-09-2024T14:39:02 - [TEST_STEP][PASSED] - FoodBascketId = "ocapiResponse.c_basketId_TP_FOOD": null

06-09-2024T14:39:02 - [TEST_STEP][PASSED] - FoodBasId = getElementPropertyValue(LoginResponse, FoodBascketId): Checking response object

06-09-2024T14:39:02 - [MESSAGE][INFO] - Checking response object

06-09-2024T14:39:02 - [TEST_STEP][PASSED] - sfccAuthorization = getElementPropertyValue(LoginResponse, Auth): Checking response object

06-09-2024T14:39:02 - [MESSAGE][INFO] - Checking response object

06-09-2024T14:39:02 - [TEST_STEP][PASSED] - Authorization = "Bearer " + sfccAuthorization: null

06-09-2024T14:39:02 - [TEST_STEP][PASSED] - FoodBasketId = FoodBasId: null

06-09-2024T14:39:02 - [TEST_STEP][PASSED] - logInfo(bm_auth_token): 

06-09-2024T14:39:02 - [MESSAGE][INFO] - 

06-09-2024T14:39:02 - [TEST_STEP][PASSED] - if (sfccAuthorization.length() == 0): null

06-09-2024T14:39:02 - [TEST_STEP][PASSED] - else: authorization generated

06-09-2024T14:39:02 - [TEST_STEP][PASSED] - markPassed("authorization generated"): authorization generated

06-09-2024T14:39:02 - [MESSAGE][PASSED] - authorization generated

06-09-2024T14:39:02 - [TEST_STEP][PASSED] - BasketId_loginResponse = "ocapiResponse.c_basketId": null

06-09-2024T14:39:02 - [TEST_STEP][PASSED] - CustomerId_loginResponse = "ocapiResponse.customer_id": null

06-09-2024T14:39:02 - [TEST_STEP][PASSED] - basketId = getElementPropertyValue(LoginResponse, BasketId_loginResponse): Checking response object

06-09-2024T14:39:02 - [MESSAGE][INFO] - Checking response object

06-09-2024T14:39:02 - [TEST_STEP][PASSED] - customerId = getElementPropertyValue(LoginResponse, CustomerId_loginResponse): Checking response object

06-09-2024T14:39:02 - [MESSAGE][INFO] - Checking response object

06-09-2024T14:39:02 - [TEST_STEP][PASSED] - basketID = basketId: null

06-09-2024T14:39:02 - [TEST_STEP][PASSED] - sla_customerId = customerId: null

06-09-2024T14:39:02 - [TEST_STEP][PASSED] - println(basketID): null

06-09-2024T14:39:02 - [TEST_STEP][PASSED] - println(sla_customerId): null

06-09-2024T14:39:02 - [TEST_STEP][PASSED] - refresh_token = "ocapiResponse.refresh_token": null

06-09-2024T14:39:02 - [TEST_STEP][PASSED] - customer_email = "ocapiResponse.customer_email": null

06-09-2024T14:39:02 - [TEST_STEP][PASSED] - c_brmId = "ocapiResponse.c_brmId": null

06-09-2024T14:39:02 - [TEST_STEP][PASSED] - customer_name = "ocapiResponse.customer_name": null

06-09-2024T14:39:02 - [TEST_STEP][PASSED] - totalplay.Common.verifyPropertyExist(LoginResponse, refresh_token): totalplay.Common.verifyPropertyExist is PASSED

06-09-2024T14:39:02 - [MESSAGE][INFO] - Checking response object

06-09-2024T14:39:02 - [MESSAGE][PASSED] - totalplay.Common.verifyPropertyExist is PASSED

06-09-2024T14:39:02 - [TEST_STEP][PASSED] - totalplay.Common.verifyPropertyValueExist(LoginResponse, refresh_token): totalplay.Common.verifyPropertyValueExist is PASSED

06-09-2024T14:39:02 - [MESSAGE][INFO] - Checking response object

06-09-2024T14:39:02 - [MESSAGE][INFO] - mmNnIH7HiTMkjTqW71fP5VFgRAiiwzU1POQcgEon5xM

06-09-2024T14:39:02 - [MESSAGE][PASSED] - totalplay.Common.verifyPropertyValueExist is PASSED

06-09-2024T14:39:02 - [TEST_STEP][PASSED] - totalplay.Common.verifyPropertyExist(LoginResponse, customer_email): totalplay.Common.verifyPropertyExist is PASSED

06-09-2024T14:39:02 - [MESSAGE][INFO] - Checking response object

06-09-2024T14:39:02 - [MESSAGE][PASSED] - totalplay.Common.verifyPropertyExist is PASSED

06-09-2024T14:39:02 - [TEST_STEP][PASSED] - totalplay.Common.verifyPropertyValueExist(LoginResponse, customer_email): totalplay.Common.verifyPropertyValueExist is PASSED

06-09-2024T14:39:02 - [MESSAGE][INFO] - Checking response object

06-09-2024T14:39:02 - [MESSAGE][INFO] - cesar.waldo93@gmail.com

06-09-2024T14:39:02 - [MESSAGE][PASSED] - totalplay.Common.verifyPropertyValueExist is PASSED

06-09-2024T14:39:02 - [TEST_STEP][PASSED] - totalplay.Common.verifyPropertyExist(LoginResponse, customer_name): totalplay.Common.verifyPropertyExist is PASSED

06-09-2024T14:39:02 - [MESSAGE][INFO] - Checking response object

06-09-2024T14:39:02 - [MESSAGE][PASSED] - totalplay.Common.verifyPropertyExist is PASSED

06-09-2024T14:39:02 - [TEST_STEP][PASSED] - totalplay.Common.verifyPropertyValueExist(LoginResponse, customer_name): totalplay.Common.verifyPropertyValueExist is PASSED

06-09-2024T14:39:02 - [MESSAGE][INFO] - Checking response object

06-09-2024T14:39:02 - [MESSAGE][INFO] - CESAR GERARDO WALDO GONZALEZ

06-09-2024T14:39:02 - [MESSAGE][PASSED] - totalplay.Common.verifyPropertyValueExist is PASSED

06-09-2024T14:39:02 - [TEST_STEP][PASSED] - totalplay.Common.verifyPropertyExist(LoginResponse, c_brmId): totalplay.Common.verifyPropertyExist is PASSED

06-09-2024T14:39:02 - [MESSAGE][INFO] - Checking response object

06-09-2024T14:39:02 - [MESSAGE][PASSED] - totalplay.Common.verifyPropertyExist is PASSED

06-09-2024T14:39:02 - [TEST_STEP][PASSED] - totalplay.Common.verifyPropertyValueExist(LoginResponse, c_brmId): totalplay.Common.verifyPropertyValueExist is PASSED

06-09-2024T14:39:02 - [MESSAGE][INFO] - Checking response object

06-09-2024T14:39:02 - [MESSAGE][INFO] - 0106378356

06-09-2024T14:39:02 - [MESSAGE][PASSED] - totalplay.Common.verifyPropertyValueExist is PASSED

06-09-2024T14:39:02 - [MESSAGE][PASSED] - Call Test Case 'Test Cases/TotalPlay-Food/TC_1_Login_Service' successfully

06-09-2024T14:39:02 - [TEST_STEP][PASSED] - UpdateAddress = sendRequest(findTestObject("TotalPlay-Food/update customer address", ["URL":URL, "CustomerID":sla_customerId])): Send request successfully

06-09-2024T14:39:02 - [MESSAGE][INFO] - Finding Test Object 'Object Repository/TotalPlay-Food/update customer address'

06-09-2024T14:39:02 - [MESSAGE][INFO] - Checking request object

06-09-2024T14:39:03 - [MESSAGE][INFO] - HAR: C:\Users\ShubhamKumarThakur\OneDrive - Kognivera\Documents\TotalPlay\totalplay-automation\Reports\20240906_143744\Food_Service_Normal_Flow_PlaceOrder\20240906_143744\requests\main\13.har

06-09-2024T14:39:03 - [MESSAGE][PASSED] - Send request successfully

06-09-2024T14:39:03 - [TEST_STEP][PASSED] - verifyResponseStatusCode(UpdateAddress, 200): Verify response status code successfully

06-09-2024T14:39:03 - [MESSAGE][INFO] - Checking response object

06-09-2024T14:39:03 - [MESSAGE][PASSED] - Verify response status code successfully

06-09-2024T14:39:03 - [TEST_STEP][PASSED] - GetAddress = sendRequest(findTestObject("TotalPlay-Food/GetAddresses", ["URL":URL, "sla_customerId":sla_customerId, "shop_auth_token":shop_auth_token])): Send request successfully

06-09-2024T14:39:03 - [MESSAGE][INFO] - Finding Test Object 'Object Repository/TotalPlay-Food/GetAddresses'

06-09-2024T14:39:03 - [MESSAGE][INFO] - Checking request object

06-09-2024T14:39:03 - [MESSAGE][INFO] - HAR: C:\Users\ShubhamKumarThakur\OneDrive - Kognivera\Documents\TotalPlay\totalplay-automation\Reports\20240906_143744\Food_Service_Normal_Flow_PlaceOrder\20240906_143744\requests\main\14.har

06-09-2024T14:39:03 - [MESSAGE][PASSED] - Send request successfully

06-09-2024T14:39:03 - [TEST_STEP][PASSED] - verifyResponseStatusCode(GetAddress, 200): Verify response status code successfully

06-09-2024T14:39:03 - [MESSAGE][INFO] - Checking response object

06-09-2024T14:39:03 - [MESSAGE][PASSED] - Verify response status code successfully

06-09-2024T14:39:03 - [TEST_STEP][PASSED] - addresses_postalCode = "data[0].postal_code": null

06-09-2024T14:39:03 - [TEST_STEP][PASSED] - PostalCode = getElementPropertyValue(GetAddress, addresses_postalCode): Checking response object

06-09-2024T14:39:03 - [MESSAGE][INFO] - Checking response object

06-09-2024T14:39:03 - [TEST_STEP][PASSED] - if (PostalCode == "55120"): null

06-09-2024T14:39:03 - [TEST_STEP][PASSED] - else: null

06-09-2024T14:39:03 - [TEST_STEP][PASSED] - println("Something went wrong"): null]]></system-out>
         <system-err><![CDATA[]]></system-err>
      </testcase>
      <testcase name="Test Cases/TotalPlay-Food/TC_18_Add Address to Cart" time="16.657" classname="Test Cases/TotalPlay-Food/TC_18_Add Address to Cart" status="PASSED">
         <system-out><![CDATA[06-09-2024T14:39:03 - [TEST_CASE][PASSED] - Test Cases/TotalPlay-Food/TC_18_Add Address to Cart: Test Cases/TotalPlay-Food/TC_18_Add Address to Cart

06-09-2024T14:39:05 - [TEST_STEP][PASSED] - callTestCase(findTestCase("TotalPlay-Food/TC_1_Login_Service"), [:], STOP_ON_FAILURE): Call Test Case 'Test Cases/TotalPlay-Food/TC_1_Login_Service' successfully

06-09-2024T14:39:05 - [MESSAGE][INFO] - Checking called Test Case

06-09-2024T14:39:05 - [MESSAGE][INFO] - Starting to call Test Case 'Test Cases/TotalPlay-Food/TC_1_Login_Service'

06-09-2024T14:39:05 - [TEST_CASE][PASSED] - Test Cases/TotalPlay-Food/TC_1_Login_Service: Test Cases/TotalPlay-Food/TC_1_Login_Service

06-09-2024T14:39:05 - [TEST_STEP][PASSED] - LoginResponse = sendRequest(findTestObject("TotalPlay-Food/getTokenDelivery", ["URL":URL])): Send request successfully

06-09-2024T14:39:05 - [MESSAGE][INFO] - Finding Test Object 'Object Repository/TotalPlay-Food/getTokenDelivery'

06-09-2024T14:39:05 - [MESSAGE][INFO] - Checking request object

06-09-2024T14:39:07 - [MESSAGE][INFO] - HAR: C:\Users\ShubhamKumarThakur\OneDrive - Kognivera\Documents\TotalPlay\totalplay-automation\Reports\20240906_143744\Food_Service_Normal_Flow_PlaceOrder\20240906_143744\requests\main\15.har

06-09-2024T14:39:07 - [MESSAGE][PASSED] - Send request successfully

06-09-2024T14:39:07 - [TEST_STEP][PASSED] - assert getResponseStatusCode(LoginResponse) == 200: Checking response object

06-09-2024T14:39:07 - [MESSAGE][INFO] - Checking response object

06-09-2024T14:39:07 - [TEST_STEP][PASSED] - Auth = "ocapiResponse.access_token": null

06-09-2024T14:39:07 - [TEST_STEP][PASSED] - FoodBascketId = "ocapiResponse.c_basketId_TP_FOOD": null

06-09-2024T14:39:07 - [TEST_STEP][PASSED] - FoodBasId = getElementPropertyValue(LoginResponse, FoodBascketId): Checking response object

06-09-2024T14:39:07 - [MESSAGE][INFO] - Checking response object

06-09-2024T14:39:07 - [TEST_STEP][PASSED] - sfccAuthorization = getElementPropertyValue(LoginResponse, Auth): Checking response object

06-09-2024T14:39:07 - [MESSAGE][INFO] - Checking response object

06-09-2024T14:39:07 - [TEST_STEP][PASSED] - Authorization = "Bearer " + sfccAuthorization: null

06-09-2024T14:39:07 - [TEST_STEP][PASSED] - FoodBasketId = FoodBasId: null

06-09-2024T14:39:07 - [TEST_STEP][PASSED] - logInfo(bm_auth_token): 

06-09-2024T14:39:07 - [MESSAGE][INFO] - 

06-09-2024T14:39:07 - [TEST_STEP][PASSED] - if (sfccAuthorization.length() == 0): null

06-09-2024T14:39:07 - [TEST_STEP][PASSED] - else: authorization generated

06-09-2024T14:39:07 - [TEST_STEP][PASSED] - markPassed("authorization generated"): authorization generated

06-09-2024T14:39:07 - [MESSAGE][PASSED] - authorization generated

06-09-2024T14:39:07 - [TEST_STEP][PASSED] - BasketId_loginResponse = "ocapiResponse.c_basketId": null

06-09-2024T14:39:07 - [TEST_STEP][PASSED] - CustomerId_loginResponse = "ocapiResponse.customer_id": null

06-09-2024T14:39:07 - [TEST_STEP][PASSED] - basketId = getElementPropertyValue(LoginResponse, BasketId_loginResponse): Checking response object

06-09-2024T14:39:07 - [MESSAGE][INFO] - Checking response object

06-09-2024T14:39:08 - [TEST_STEP][PASSED] - customerId = getElementPropertyValue(LoginResponse, CustomerId_loginResponse): Checking response object

06-09-2024T14:39:08 - [MESSAGE][INFO] - Checking response object

06-09-2024T14:39:08 - [TEST_STEP][PASSED] - basketID = basketId: null

06-09-2024T14:39:08 - [TEST_STEP][PASSED] - sla_customerId = customerId: null

06-09-2024T14:39:08 - [TEST_STEP][PASSED] - println(basketID): null

06-09-2024T14:39:08 - [TEST_STEP][PASSED] - println(sla_customerId): null

06-09-2024T14:39:08 - [TEST_STEP][PASSED] - refresh_token = "ocapiResponse.refresh_token": null

06-09-2024T14:39:08 - [TEST_STEP][PASSED] - customer_email = "ocapiResponse.customer_email": null

06-09-2024T14:39:08 - [TEST_STEP][PASSED] - c_brmId = "ocapiResponse.c_brmId": null

06-09-2024T14:39:08 - [TEST_STEP][PASSED] - customer_name = "ocapiResponse.customer_name": null

06-09-2024T14:39:08 - [TEST_STEP][PASSED] - totalplay.Common.verifyPropertyExist(LoginResponse, refresh_token): totalplay.Common.verifyPropertyExist is PASSED

06-09-2024T14:39:08 - [MESSAGE][INFO] - Checking response object

06-09-2024T14:39:08 - [MESSAGE][PASSED] - totalplay.Common.verifyPropertyExist is PASSED

06-09-2024T14:39:08 - [TEST_STEP][PASSED] - totalplay.Common.verifyPropertyValueExist(LoginResponse, refresh_token): totalplay.Common.verifyPropertyValueExist is PASSED

06-09-2024T14:39:08 - [MESSAGE][INFO] - Checking response object

06-09-2024T14:39:08 - [MESSAGE][INFO] - tQSnhPtDoVJA2FZyPuWwodr65fFOJDgfd_W1tJOg1ZU

06-09-2024T14:39:08 - [MESSAGE][PASSED] - totalplay.Common.verifyPropertyValueExist is PASSED

06-09-2024T14:39:08 - [TEST_STEP][PASSED] - totalplay.Common.verifyPropertyExist(LoginResponse, customer_email): totalplay.Common.verifyPropertyExist is PASSED

06-09-2024T14:39:08 - [MESSAGE][INFO] - Checking response object

06-09-2024T14:39:08 - [MESSAGE][PASSED] - totalplay.Common.verifyPropertyExist is PASSED

06-09-2024T14:39:08 - [TEST_STEP][PASSED] - totalplay.Common.verifyPropertyValueExist(LoginResponse, customer_email): totalplay.Common.verifyPropertyValueExist is PASSED

06-09-2024T14:39:08 - [MESSAGE][INFO] - Checking response object

06-09-2024T14:39:08 - [MESSAGE][INFO] - cesar.waldo93@gmail.com

06-09-2024T14:39:08 - [MESSAGE][PASSED] - totalplay.Common.verifyPropertyValueExist is PASSED

06-09-2024T14:39:08 - [TEST_STEP][PASSED] - totalplay.Common.verifyPropertyExist(LoginResponse, customer_name): totalplay.Common.verifyPropertyExist is PASSED

06-09-2024T14:39:08 - [MESSAGE][INFO] - Checking response object

06-09-2024T14:39:08 - [MESSAGE][PASSED] - totalplay.Common.verifyPropertyExist is PASSED

06-09-2024T14:39:08 - [TEST_STEP][PASSED] - totalplay.Common.verifyPropertyValueExist(LoginResponse, customer_name): totalplay.Common.verifyPropertyValueExist is PASSED

06-09-2024T14:39:08 - [MESSAGE][INFO] - Checking response object

06-09-2024T14:39:08 - [MESSAGE][INFO] - CESAR GERARDO WALDO GONZALEZ

06-09-2024T14:39:08 - [MESSAGE][PASSED] - totalplay.Common.verifyPropertyValueExist is PASSED

06-09-2024T14:39:08 - [TEST_STEP][PASSED] - totalplay.Common.verifyPropertyExist(LoginResponse, c_brmId): totalplay.Common.verifyPropertyExist is PASSED

06-09-2024T14:39:08 - [MESSAGE][INFO] - Checking response object

06-09-2024T14:39:08 - [MESSAGE][PASSED] - totalplay.Common.verifyPropertyExist is PASSED

06-09-2024T14:39:08 - [TEST_STEP][PASSED] - totalplay.Common.verifyPropertyValueExist(LoginResponse, c_brmId): totalplay.Common.verifyPropertyValueExist is PASSED

06-09-2024T14:39:08 - [MESSAGE][INFO] - Checking response object

06-09-2024T14:39:08 - [MESSAGE][INFO] - 0106378356

06-09-2024T14:39:08 - [MESSAGE][PASSED] - totalplay.Common.verifyPropertyValueExist is PASSED

06-09-2024T14:39:08 - [MESSAGE][PASSED] - Call Test Case 'Test Cases/TotalPlay-Food/TC_1_Login_Service' successfully

06-09-2024T14:39:08 - [TEST_STEP][PASSED] - AddProductbasket = sendRequest(findTestObject("TotalPlay-Food/AddProductToBasket", ["URL":URL, "basketID":basketID])): Send request successfully

06-09-2024T14:39:08 - [MESSAGE][INFO] - Finding Test Object 'Object Repository/TotalPlay-Food/AddProductToBasket'

06-09-2024T14:39:08 - [MESSAGE][INFO] - Checking request object

06-09-2024T14:39:09 - [MESSAGE][INFO] - HAR: C:\Users\ShubhamKumarThakur\OneDrive - Kognivera\Documents\TotalPlay\totalplay-automation\Reports\20240906_143744\Food_Service_Normal_Flow_PlaceOrder\20240906_143744\requests\main\16.har

06-09-2024T14:39:09 - [MESSAGE][PASSED] - Send request successfully

06-09-2024T14:39:09 - [TEST_STEP][PASSED] - verifyResponseStatusCode(AddProductbasket, 200): Verify response status code successfully

06-09-2024T14:39:09 - [MESSAGE][INFO] - Checking response object

06-09-2024T14:39:09 - [MESSAGE][PASSED] - Verify response status code successfully

06-09-2024T14:39:09 - [TEST_STEP][PASSED] - getAddress = sendRequest(findTestObject("TotalPlay-Food/GetAddresses", ["URL":URL, "sla_customerId":sla_customerId, "shop_auth_token":shop_auth_token])): Send request successfully

06-09-2024T14:39:09 - [MESSAGE][INFO] - Finding Test Object 'Object Repository/TotalPlay-Food/GetAddresses'

06-09-2024T14:39:10 - [MESSAGE][INFO] - Checking request object

06-09-2024T14:39:10 - [MESSAGE][INFO] - HAR: C:\Users\ShubhamKumarThakur\OneDrive - Kognivera\Documents\TotalPlay\totalplay-automation\Reports\20240906_143744\Food_Service_Normal_Flow_PlaceOrder\20240906_143744\requests\main\17.har

06-09-2024T14:39:10 - [MESSAGE][PASSED] - Send request successfully

06-09-2024T14:39:10 - [TEST_STEP][PASSED] - id = "data[0].c_crm_address_id": null

06-09-2024T14:39:10 - [TEST_STEP][PASSED] - crm_address_id = getElementPropertyValue(getAddress, id): Checking response object

06-09-2024T14:39:10 - [MESSAGE][INFO] - Checking response object

06-09-2024T14:39:10 - [TEST_STEP][PASSED] - verifyResponseStatusCode(getAddress, 200): Verify response status code successfully

06-09-2024T14:39:10 - [MESSAGE][INFO] - Checking response object

06-09-2024T14:39:10 - [MESSAGE][PASSED] - Verify response status code successfully

06-09-2024T14:39:10 - [TEST_STEP][PASSED] - AddAddressToCart = sendRequest(findTestObject("TotalPlay-Food/add address to cart", ["URL":URL, "basketID":basketID])): Send request successfully

06-09-2024T14:39:10 - [MESSAGE][INFO] - Finding Test Object 'Object Repository/TotalPlay-Food/add address to cart'

06-09-2024T14:39:10 - [MESSAGE][INFO] - Checking request object

06-09-2024T14:39:12 - [MESSAGE][INFO] - HAR: C:\Users\ShubhamKumarThakur\OneDrive - Kognivera\Documents\TotalPlay\totalplay-automation\Reports\20240906_143744\Food_Service_Normal_Flow_PlaceOrder\20240906_143744\requests\main\18.har

06-09-2024T14:39:12 - [MESSAGE][PASSED] - Send request successfully

06-09-2024T14:39:12 - [TEST_STEP][PASSED] - totalplay.Common.printResponseinText(AddAddressToCart): totalplay.Common.printResponseinText is PASSED

06-09-2024T14:39:12 - [MESSAGE][PASSED] - totalplay.Common.printResponseinText is PASSED

06-09-2024T14:39:12 - [TEST_STEP][PASSED] - _v = "_v": null

06-09-2024T14:39:12 - [TEST_STEP][PASSED] - _type = "_type": null

06-09-2024T14:39:12 - [TEST_STEP][PASSED] - _resource_state = "_resource_state": null

06-09-2024T14:39:12 - [TEST_STEP][PASSED] - _flash_0__type = "_flash[0]._type": null

06-09-2024T14:39:12 - [TEST_STEP][PASSED] - _flash_0_type = "_flash[0].type": null

06-09-2024T14:39:12 - [TEST_STEP][PASSED] - _flash_0_message = "_flash[0].message": null

06-09-2024T14:39:12 - [TEST_STEP][PASSED] - _flash_0_path = "_flash[0].path": null

06-09-2024T14:39:12 - [TEST_STEP][PASSED] - adjusted_merchandize_total_tax = "adjusted_merchandize_total_tax": null

06-09-2024T14:39:12 - [TEST_STEP][PASSED] - adjusted_shipping_total_tax = "adjusted_shipping_total_tax": null

06-09-2024T14:39:12 - [TEST_STEP][PASSED] - agent_basket = "agent_basket": null

06-09-2024T14:39:12 - [TEST_STEP][PASSED] - basket_id = "basket_id": null

06-09-2024T14:39:12 - [TEST_STEP][PASSED] - billing_address__type = "billing_address._type": null

06-09-2024T14:39:12 - [TEST_STEP][PASSED] - billing_address_address1 = "billing_address.address1": null

06-09-2024T14:39:12 - [TEST_STEP][PASSED] - billing_address_city = "billing_address.city": null

06-09-2024T14:39:12 - [TEST_STEP][PASSED] - billing_address_country_code = "billing_address.country_code": null

06-09-2024T14:39:12 - [TEST_STEP][PASSED] - billing_address_first_name = "billing_address.first_name": null

06-09-2024T14:39:12 - [TEST_STEP][PASSED] - billing_address_full_name = "billing_address.full_name": null

06-09-2024T14:39:12 - [TEST_STEP][PASSED] - billing_address_id = "billing_address.id": null

06-09-2024T14:39:12 - [TEST_STEP][PASSED] - billing_address_last_name = "billing_address.last_name": null

06-09-2024T14:39:12 - [TEST_STEP][PASSED] - billing_address_phone = "billing_address.phone": null

06-09-2024T14:39:12 - [TEST_STEP][PASSED] - billing_address_postal_code = "billing_address.postal_code": null

06-09-2024T14:39:12 - [TEST_STEP][PASSED] - billing_address_c_alias = "billing_address.c_alias": null

06-09-2024T14:39:12 - [TEST_STEP][PASSED] - billing_address_c_delegation = "billing_address.c_delegation": null

06-09-2024T14:39:12 - [TEST_STEP][PASSED] - billing_address_c_label = "billing_address.c_label": null

06-09-2024T14:39:12 - [TEST_STEP][PASSED] - billing_address_c_latitude = "billing_address.c_latitude": null

06-09-2024T14:39:12 - [TEST_STEP][PASSED] - billing_address_c_longitude = "billing_address.c_longitude": null

06-09-2024T14:39:12 - [TEST_STEP][PASSED] - billing_address_c_nExt = "billing_address.c_nExt": null

06-09-2024T14:39:12 - [TEST_STEP][PASSED] - billing_address_c_neighborhood = "billing_address.c_neighborhood": null

06-09-2024T14:39:12 - [TEST_STEP][PASSED] - billing_address_c_references = "billing_address.c_references": null

06-09-2024T14:39:12 - [TEST_STEP][PASSED] - billing_address_c_rfc = "billing_address.c_rfc": null

06-09-2024T14:39:12 - [TEST_STEP][PASSED] - billing_address_c_state = "billing_address.c_state": null

06-09-2024T14:39:12 - [TEST_STEP][PASSED] - billing_address_c_streetName = "billing_address.c_streetName": null

06-09-2024T14:39:12 - [TEST_STEP][PASSED] - channel_type = "channel_type": null

06-09-2024T14:39:12 - [TEST_STEP][PASSED] - creation_date = "creation_date": null

06-09-2024T14:39:12 - [TEST_STEP][PASSED] - currency = "currency": null

06-09-2024T14:39:12 - [TEST_STEP][PASSED] - customer_info__type = "customer_info._type": null

06-09-2024T14:39:12 - [TEST_STEP][PASSED] - customer_info_customer_id = "customer_info.customer_id": null

06-09-2024T14:39:12 - [TEST_STEP][PASSED] - customer_info_customer_no = "customer_info.customer_no": null

06-09-2024T14:39:12 - [TEST_STEP][PASSED] - customer_info_email = "customer_info.email": null

06-09-2024T14:39:12 - [TEST_STEP][PASSED] - last_modified = "last_modified": null

06-09-2024T14:39:12 - [TEST_STEP][PASSED] - merchandize_total_tax = "merchandize_total_tax": null

06-09-2024T14:39:12 - [TEST_STEP][PASSED] - notes__type = "notes._type": null

06-09-2024T14:39:12 - [TEST_STEP][PASSED] - notes_link = "notes.link": null

06-09-2024T14:39:12 - [TEST_STEP][PASSED] - order_total = "order_total": null

06-09-2024T14:39:12 - [TEST_STEP][PASSED] - product_items_0__type = "product_items[0]._type": null

06-09-2024T14:39:12 - [TEST_STEP][PASSED] - product_items_0_adjusted_tax = "product_items[0].adjusted_tax": null

06-09-2024T14:39:12 - [TEST_STEP][PASSED] - product_items_0_base_price = "product_items[0].base_price": null

06-09-2024T14:39:12 - [TEST_STEP][PASSED] - product_items_0_bonus_product_line_item = "product_items[0].bonus_product_line_item": null

06-09-2024T14:39:12 - [TEST_STEP][PASSED] - product_items_0_gift = "product_items[0].gift": null

06-09-2024T14:39:12 - [TEST_STEP][PASSED] - product_items_0_inventory_id = "product_items[0].inventory_id": null

06-09-2024T14:39:12 - [TEST_STEP][PASSED] - product_items_0_item_id = "product_items[0].item_id": null

06-09-2024T14:39:12 - [TEST_STEP][PASSED] - product_items_0_item_text = "product_items[0].item_text": null

06-09-2024T14:39:12 - [TEST_STEP][PASSED] - product_items_0_price = "product_items[0].price": null

06-09-2024T14:39:12 - [TEST_STEP][PASSED] - product_items_0_price_after_item_discount = "product_items[0].price_after_item_discount": null

06-09-2024T14:39:12 - [TEST_STEP][PASSED] - product_items_0_price_after_order_discount = "product_items[0].price_after_order_discount": null

06-09-2024T14:39:12 - [TEST_STEP][PASSED] - product_items_0_product_id = "product_items[0].product_id": null

06-09-2024T14:39:12 - [TEST_STEP][PASSED] - product_items_0_product_name = "product_items[0].product_name": null

06-09-2024T14:39:12 - [TEST_STEP][PASSED] - product_items_0_quantity = "product_items[0].quantity": null

06-09-2024T14:39:12 - [TEST_STEP][PASSED] - product_items_0_shipment_id = "product_items[0].shipment_id": null

06-09-2024T14:39:12 - [TEST_STEP][PASSED] - product_items_0_tax = "product_items[0].tax": null

06-09-2024T14:39:12 - [TEST_STEP][PASSED] - product_items_0_tax_basis = "product_items[0].tax_basis": null

06-09-2024T14:39:12 - [TEST_STEP][PASSED] - product_items_0_tax_class_id = "product_items[0].tax_class_id": null

06-09-2024T14:39:12 - [TEST_STEP][PASSED] - product_items_0_tax_rate = "product_items[0].tax_rate": null

06-09-2024T14:39:12 - [TEST_STEP][PASSED] - product_items_0_c_fromStoreId = "product_items[0].c_fromStoreId": null

06-09-2024T14:39:12 - [TEST_STEP][PASSED] - product_items_0_c_miraklChannels = "product_items[0].c_miraklChannels": null

06-09-2024T14:39:12 - [TEST_STEP][PASSED] - product_items_0_c_miraklOperatorProductId = "product_items[0].c_miraklOperatorProductId": null

06-09-2024T14:39:12 - [TEST_STEP][PASSED] - product_items_0_c_miraklShippingTaxes = "product_items[0].c_miraklShippingTaxes": null

06-09-2024T14:39:12 - [TEST_STEP][PASSED] - product_items_0_c_miraklTaxes = "product_items[0].c_miraklTaxes": null

06-09-2024T14:39:12 - [TEST_STEP][PASSED] - product_items_0_c_noOfPersons = "product_items[0].c_noOfPersons": null

06-09-2024T14:39:12 - [TEST_STEP][PASSED] - product_items_0_c_offerId = "product_items[0].c_offerId": null

06-09-2024T14:39:12 - [TEST_STEP][PASSED] - product_items_0_c_offerSalesPrice = "product_items[0].c_offerSalesPrice": null

06-09-2024T14:39:12 - [TEST_STEP][PASSED] - product_items_0_c_offerState = "product_items[0].c_offerState": null

06-09-2024T14:39:12 - [TEST_STEP][PASSED] - product_items_0_c_offerStateCode = "product_items[0].c_offerStateCode": null

06-09-2024T14:39:12 - [TEST_STEP][PASSED] - product_items_0_c_shopId = "product_items[0].c_shopId": null

06-09-2024T14:39:12 - [TEST_STEP][PASSED] - product_items_0_c_shopName = "product_items[0].c_shopName": null

06-09-2024T14:39:12 - [TEST_STEP][PASSED] - product_items_0_c_total_crossed_price = "product_items[0].c_total_crossed_price": null

06-09-2024T14:39:12 - [TEST_STEP][PASSED] - product_items_0_c_priceWithComplement = "product_items[0].c_priceWithComplement": null

06-09-2024T14:39:12 - [TEST_STEP][PASSED] - product_items_0_c_imagesData_large_0_alt = "product_items[0].c_imagesData.large[0].alt": null

06-09-2024T14:39:12 - [TEST_STEP][PASSED] - product_items_0_c_imagesData_large_0_url = "product_items[0].c_imagesData.large[0].url": null

06-09-2024T14:39:12 - [TEST_STEP][PASSED] - product_items_0_c_imagesData_large_0_title = "product_items[0].c_imagesData.large[0].title": null

06-09-2024T14:39:12 - [TEST_STEP][PASSED] - product_items_0_c_description = "product_items[0].c_description": null

06-09-2024T14:39:12 - [TEST_STEP][PASSED] - product_sub_total = "product_sub_total": null

06-09-2024T14:39:12 - [TEST_STEP][PASSED] - product_total = "product_total": null

06-09-2024T14:39:12 - [TEST_STEP][PASSED] - shipments_0__type = "shipments[0]._type": null

06-09-2024T14:39:12 - [TEST_STEP][PASSED] - shipments_0_adjusted_merchandize_total_tax = "shipments[0].adjusted_merchandize_total_tax": null

06-09-2024T14:39:12 - [TEST_STEP][PASSED] - shipments_0_adjusted_shipping_total_tax = "shipments[0].adjusted_shipping_total_tax": null

06-09-2024T14:39:12 - [TEST_STEP][PASSED] - shipments_0_gift = "shipments[0].gift": null

06-09-2024T14:39:12 - [TEST_STEP][PASSED] - shipments_0_merchandize_total_tax = "shipments[0].merchandize_total_tax": null

06-09-2024T14:39:12 - [TEST_STEP][PASSED] - shipments_0_product_sub_total = "shipments[0].product_sub_total": null

06-09-2024T14:39:12 - [TEST_STEP][PASSED] - shipments_0_product_total = "shipments[0].product_total": null

06-09-2024T14:39:12 - [TEST_STEP][PASSED] - shipments_0_shipment_id = "shipments[0].shipment_id": null

06-09-2024T14:39:12 - [TEST_STEP][PASSED] - shipments_0_shipment_total = "shipments[0].shipment_total": null

06-09-2024T14:39:12 - [TEST_STEP][PASSED] - shipments_0_shipping_address__type = "shipments[0].shipping_address._type": null

06-09-2024T14:39:12 - [TEST_STEP][PASSED] - shipments_0_shipping_address_address1 = "shipments[0].shipping_address.address1": null

06-09-2024T14:39:12 - [TEST_STEP][PASSED] - shipments_0_shipping_address_city = "shipments[0].shipping_address.city": null

06-09-2024T14:39:12 - [TEST_STEP][PASSED] - shipments_0_shipping_address_country_code = "shipments[0].shipping_address.country_code": null

06-09-2024T14:39:12 - [TEST_STEP][PASSED] - shipments_0_shipping_address_first_name = "shipments[0].shipping_address.first_name": null

06-09-2024T14:39:12 - [TEST_STEP][PASSED] - shipments_0_shipping_address_full_name = "shipments[0].shipping_address.full_name": null

06-09-2024T14:39:12 - [TEST_STEP][PASSED] - shipments_0_shipping_address_id = "shipments[0].shipping_address.id": null

06-09-2024T14:39:12 - [TEST_STEP][PASSED] - shipments_0_shipping_address_last_name = "shipments[0].shipping_address.last_name": null

06-09-2024T14:39:12 - [TEST_STEP][PASSED] - shipments_0_shipping_address_phone = "shipments[0].shipping_address.phone": null

06-09-2024T14:39:12 - [TEST_STEP][PASSED] - shipments_0_shipping_address_postal_code = "shipments[0].shipping_address.postal_code": null

06-09-2024T14:39:12 - [TEST_STEP][PASSED] - shipments_0_shipping_address_c_alias = "shipments[0].shipping_address.c_alias": null

06-09-2024T14:39:12 - [TEST_STEP][PASSED] - shipments_0_shipping_address_c_delegation = "shipments[0].shipping_address.c_delegation": null

06-09-2024T14:39:12 - [TEST_STEP][PASSED] - shipments_0_shipping_address_c_label = "shipments[0].shipping_address.c_label": null

06-09-2024T14:39:12 - [TEST_STEP][PASSED] - shipments_0_shipping_address_c_latitude = "shipments[0].shipping_address.c_latitude": null

06-09-2024T14:39:12 - [TEST_STEP][PASSED] - shipments_0_shipping_address_c_longitude = "shipments[0].shipping_address.c_longitude": null

06-09-2024T14:39:12 - [TEST_STEP][PASSED] - shipments_0_shipping_address_c_nExt = "shipments[0].shipping_address.c_nExt": null

06-09-2024T14:39:12 - [TEST_STEP][PASSED] - shipments_0_shipping_address_c_neighborhood = "shipments[0].shipping_address.c_neighborhood": null

06-09-2024T14:39:12 - [TEST_STEP][PASSED] - shipments_0_shipping_address_c_references = "shipments[0].shipping_address.c_references": null

06-09-2024T14:39:12 - [TEST_STEP][PASSED] - shipments_0_shipping_address_c_rfc = "shipments[0].shipping_address.c_rfc": null

06-09-2024T14:39:12 - [TEST_STEP][PASSED] - shipments_0_shipping_address_c_state = "shipments[0].shipping_address.c_state": null

06-09-2024T14:39:12 - [TEST_STEP][PASSED] - shipments_0_shipping_address_c_streetName = "shipments[0].shipping_address.c_streetName": null

06-09-2024T14:39:12 - [TEST_STEP][PASSED] - shipments_0_shipping_method__type = "shipments[0].shipping_method._type": null

06-09-2024T14:39:12 - [TEST_STEP][PASSED] - shipments_0_shipping_method_description = "shipments[0].shipping_method.description": null

06-09-2024T14:39:12 - [TEST_STEP][PASSED] - shipments_0_shipping_method_name = "shipments[0].shipping_method.name": null

06-09-2024T14:39:12 - [TEST_STEP][PASSED] - shipments_0_shipping_method_c_estimatedArrivalTime = "shipments[0].shipping_method.c_estimatedArrivalTime": null

06-09-2024T14:39:12 - [TEST_STEP][PASSED] - shipments_0_shipping_method_c_storePickupEnabled = "shipments[0].shipping_method.c_storePickupEnabled": null

06-09-2024T14:39:12 - [TEST_STEP][PASSED] - shipments_0_shipping_status = "shipments[0].shipping_status": null

06-09-2024T14:39:12 - [TEST_STEP][PASSED] - shipments_0_shipping_total = "shipments[0].shipping_total": null

06-09-2024T14:39:12 - [TEST_STEP][PASSED] - shipments_0_shipping_total_tax = "shipments[0].shipping_total_tax": null

06-09-2024T14:39:12 - [TEST_STEP][PASSED] - shipments_0_tax_total = "shipments[0].tax_total": null

06-09-2024T14:39:12 - [TEST_STEP][PASSED] - shipping_items_0__type = "shipping_items[0]._type": null

06-09-2024T14:39:12 - [TEST_STEP][PASSED] - shipping_items_0_adjusted_tax = "shipping_items[0].adjusted_tax": null

06-09-2024T14:39:12 - [TEST_STEP][PASSED] - shipping_items_0_base_price = "shipping_items[0].base_price": null

06-09-2024T14:39:12 - [TEST_STEP][PASSED] - shipping_items_0_item_id = "shipping_items[0].item_id": null

06-09-2024T14:39:12 - [TEST_STEP][PASSED] - shipping_items_0_item_text = "shipping_items[0].item_text": null

06-09-2024T14:39:12 - [TEST_STEP][PASSED] - shipping_items_0_price = "shipping_items[0].price": null

06-09-2024T14:39:12 - [TEST_STEP][PASSED] - shipping_items_0_price_after_item_discount = "shipping_items[0].price_after_item_discount": null

06-09-2024T14:39:12 - [TEST_STEP][PASSED] - shipping_items_0_shipment_id = "shipping_items[0].shipment_id": null

06-09-2024T14:39:12 - [TEST_STEP][PASSED] - shipping_items_0_tax = "shipping_items[0].tax": null

06-09-2024T14:39:12 - [TEST_STEP][PASSED] - shipping_items_0_tax_basis = "shipping_items[0].tax_basis": null

06-09-2024T14:39:12 - [TEST_STEP][PASSED] - shipping_items_0_tax_class_id = "shipping_items[0].tax_class_id": null

06-09-2024T14:39:12 - [TEST_STEP][PASSED] - shipping_items_0_tax_rate = "shipping_items[0].tax_rate": null

06-09-2024T14:39:12 - [TEST_STEP][PASSED] - shipping_total = "shipping_total": null

06-09-2024T14:39:12 - [TEST_STEP][PASSED] - shipping_total_tax = "shipping_total_tax": null

06-09-2024T14:39:12 - [TEST_STEP][PASSED] - taxation = "taxation": null

06-09-2024T14:39:12 - [TEST_STEP][PASSED] - tax_total = "tax_total": null

06-09-2024T14:39:12 - [TEST_STEP][PASSED] - c_currentCorporate = "c_currentCorporate": null

06-09-2024T14:39:12 - [TEST_STEP][PASSED] - c_forceDeleteOndemand = "c_forceDeleteOndemand": null

06-09-2024T14:39:12 - [TEST_STEP][PASSED] - c_pickerExpressShipment = "c_pickerExpressShipment": null

06-09-2024T14:39:12 - [TEST_STEP][PASSED] - totalplay.Common.verifyPropertyExist(AddAddressToCart, _v): totalplay.Common.verifyPropertyExist is PASSED

06-09-2024T14:39:12 - [MESSAGE][INFO] - Checking response object

06-09-2024T14:39:12 - [MESSAGE][PASSED] - totalplay.Common.verifyPropertyExist is PASSED

06-09-2024T14:39:12 - [TEST_STEP][PASSED] - totalplay.Common.verifyPropertyValueExist(AddAddressToCart, _v): totalplay.Common.verifyPropertyValueExist is PASSED

06-09-2024T14:39:12 - [MESSAGE][INFO] - Checking response object

06-09-2024T14:39:12 - [MESSAGE][INFO] - 24.5

06-09-2024T14:39:12 - [MESSAGE][PASSED] - totalplay.Common.verifyPropertyValueExist is PASSED

06-09-2024T14:39:12 - [TEST_STEP][PASSED] - totalplay.Common.verifyPropertyExist(AddAddressToCart, _type): totalplay.Common.verifyPropertyExist is PASSED

06-09-2024T14:39:12 - [MESSAGE][INFO] - Checking response object

06-09-2024T14:39:12 - [MESSAGE][PASSED] - totalplay.Common.verifyPropertyExist is PASSED

06-09-2024T14:39:12 - [TEST_STEP][PASSED] - totalplay.Common.verifyPropertyValueExist(AddAddressToCart, _type): totalplay.Common.verifyPropertyValueExist is PASSED

06-09-2024T14:39:12 - [MESSAGE][INFO] - Checking response object

06-09-2024T14:39:12 - [MESSAGE][INFO] - basket

06-09-2024T14:39:12 - [MESSAGE][PASSED] - totalplay.Common.verifyPropertyValueExist is PASSED

06-09-2024T14:39:12 - [TEST_STEP][PASSED] - totalplay.Common.verifyPropertyExist(AddAddressToCart, _resource_state): totalplay.Common.verifyPropertyExist is PASSED

06-09-2024T14:39:12 - [MESSAGE][INFO] - Checking response object

06-09-2024T14:39:12 - [MESSAGE][PASSED] - totalplay.Common.verifyPropertyExist is PASSED

06-09-2024T14:39:12 - [TEST_STEP][PASSED] - totalplay.Common.verifyPropertyValueExist(AddAddressToCart, _resource_state): totalplay.Common.verifyPropertyValueExist is PASSED

06-09-2024T14:39:12 - [MESSAGE][INFO] - Checking response object

06-09-2024T14:39:13 - [MESSAGE][INFO] - a0eb78fc03be0fd78347b200931c780433ef41fa6579fff7fc01eb237cf23df3

06-09-2024T14:39:13 - [MESSAGE][PASSED] - totalplay.Common.verifyPropertyValueExist is PASSED

06-09-2024T14:39:13 - [TEST_STEP][PASSED] - totalplay.Common.getDecimalValueofObject(AddAddressToCart, adjusted_merchandize_total_tax): totalplay.Common.getDecimalValueofObject is PASSED

06-09-2024T14:39:13 - [MESSAGE][INFO] - Checking response object

06-09-2024T14:39:13 - [MESSAGE][PASSED] - totalplay.Common.getDecimalValueofObject is PASSED

06-09-2024T14:39:13 - [TEST_STEP][PASSED] - totalplay.Common.getDecimalValueofObject(AddAddressToCart, adjusted_shipping_total_tax): totalplay.Common.getDecimalValueofObject is PASSED

06-09-2024T14:39:13 - [MESSAGE][INFO] - Checking response object

06-09-2024T14:39:13 - [MESSAGE][PASSED] - totalplay.Common.getDecimalValueofObject is PASSED

06-09-2024T14:39:13 - [TEST_STEP][PASSED] - totalplay.Common.getBooleanValueofObject(AddAddressToCart, agent_basket): totalplay.Common.getBooleanValueofObject is PASSED

06-09-2024T14:39:13 - [MESSAGE][INFO] - Checking response object

06-09-2024T14:39:13 - [MESSAGE][PASSED] - totalplay.Common.getBooleanValueofObject is PASSED

06-09-2024T14:39:13 - [TEST_STEP][PASSED] - totalplay.Common.verifyPropertyExist(AddAddressToCart, basket_id): totalplay.Common.verifyPropertyExist is PASSED

06-09-2024T14:39:13 - [MESSAGE][INFO] - Checking response object

06-09-2024T14:39:13 - [MESSAGE][PASSED] - totalplay.Common.verifyPropertyExist is PASSED

06-09-2024T14:39:13 - [TEST_STEP][PASSED] - totalplay.Common.verifyPropertyValueExist(AddAddressToCart, basket_id): totalplay.Common.verifyPropertyValueExist is PASSED

06-09-2024T14:39:13 - [MESSAGE][INFO] - Checking response object

06-09-2024T14:39:13 - [MESSAGE][INFO] - 28da5fe632b55fd15328f51beb

06-09-2024T14:39:13 - [MESSAGE][PASSED] - totalplay.Common.verifyPropertyValueExist is PASSED

06-09-2024T14:39:13 - [TEST_STEP][PASSED] - totalplay.Common.verifyPropertyExist(AddAddressToCart, billing_address__type): totalplay.Common.verifyPropertyExist is PASSED

06-09-2024T14:39:13 - [MESSAGE][INFO] - Checking response object

06-09-2024T14:39:13 - [MESSAGE][PASSED] - totalplay.Common.verifyPropertyExist is PASSED

06-09-2024T14:39:13 - [TEST_STEP][PASSED] - totalplay.Common.verifyPropertyValueExist(AddAddressToCart, billing_address__type): totalplay.Common.verifyPropertyValueExist is PASSED

06-09-2024T14:39:13 - [MESSAGE][INFO] - Checking response object

06-09-2024T14:39:13 - [MESSAGE][INFO] - order_address

06-09-2024T14:39:13 - [MESSAGE][PASSED] - totalplay.Common.verifyPropertyValueExist is PASSED

06-09-2024T14:39:13 - [TEST_STEP][PASSED] - totalplay.Common.verifyPropertyExist(AddAddressToCart, billing_address_address1): totalplay.Common.verifyPropertyExist is PASSED

06-09-2024T14:39:13 - [MESSAGE][INFO] - Checking response object

06-09-2024T14:39:13 - [MESSAGE][PASSED] - totalplay.Common.verifyPropertyExist is PASSED

06-09-2024T14:39:13 - [TEST_STEP][PASSED] - totalplay.Common.verifyPropertyValueExist(AddAddressToCart, billing_address_address1): totalplay.Common.verifyPropertyValueExist is PASSED

06-09-2024T14:39:13 - [MESSAGE][INFO] - Checking response object

06-09-2024T14:39:13 - [MESSAGE][INFO] - Alejandro Dumas

06-09-2024T14:39:13 - [MESSAGE][PASSED] - totalplay.Common.verifyPropertyValueExist is PASSED

06-09-2024T14:39:13 - [TEST_STEP][PASSED] - totalplay.Common.verifyPropertyExist(AddAddressToCart, billing_address_city): totalplay.Common.verifyPropertyExist is PASSED

06-09-2024T14:39:13 - [MESSAGE][INFO] - Checking response object

06-09-2024T14:39:13 - [MESSAGE][PASSED] - totalplay.Common.verifyPropertyExist is PASSED

06-09-2024T14:39:13 - [TEST_STEP][PASSED] - totalplay.Common.verifyPropertyValueExist(AddAddressToCart, billing_address_city): totalplay.Common.verifyPropertyValueExist is PASSED

06-09-2024T14:39:13 - [MESSAGE][INFO] - Checking response object

06-09-2024T14:39:13 - [MESSAGE][INFO] - Ciudad de Mexico

06-09-2024T14:39:13 - [MESSAGE][PASSED] - totalplay.Common.verifyPropertyValueExist is PASSED

06-09-2024T14:39:13 - [TEST_STEP][PASSED] - totalplay.Common.verifyPropertyExist(AddAddressToCart, billing_address_country_code): totalplay.Common.verifyPropertyExist is PASSED

06-09-2024T14:39:13 - [MESSAGE][INFO] - Checking response object

06-09-2024T14:39:13 - [MESSAGE][PASSED] - totalplay.Common.verifyPropertyExist is PASSED

06-09-2024T14:39:13 - [TEST_STEP][PASSED] - totalplay.Common.verifyPropertyValueExist(AddAddressToCart, billing_address_country_code): totalplay.Common.verifyPropertyValueExist is PASSED

06-09-2024T14:39:13 - [MESSAGE][INFO] - Checking response object

06-09-2024T14:39:13 - [MESSAGE][INFO] - MX

06-09-2024T14:39:13 - [MESSAGE][PASSED] - totalplay.Common.verifyPropertyValueExist is PASSED

06-09-2024T14:39:13 - [TEST_STEP][PASSED] - totalplay.Common.verifyPropertyExist(AddAddressToCart, billing_address_first_name): totalplay.Common.verifyPropertyExist is PASSED

06-09-2024T14:39:13 - [MESSAGE][INFO] - Checking response object

06-09-2024T14:39:13 - [MESSAGE][PASSED] - totalplay.Common.verifyPropertyExist is PASSED

06-09-2024T14:39:13 - [TEST_STEP][PASSED] - totalplay.Common.verifyPropertyValueExist(AddAddressToCart, billing_address_first_name): totalplay.Common.verifyPropertyValueExist is PASSED

06-09-2024T14:39:13 - [MESSAGE][INFO] - Checking response object

06-09-2024T14:39:13 - [MESSAGE][INFO] - CESAR

06-09-2024T14:39:13 - [MESSAGE][PASSED] - totalplay.Common.verifyPropertyValueExist is PASSED

06-09-2024T14:39:13 - [TEST_STEP][PASSED] - totalplay.Common.verifyPropertyExist(AddAddressToCart, billing_address_full_name): totalplay.Common.verifyPropertyExist is PASSED

06-09-2024T14:39:13 - [MESSAGE][INFO] - Checking response object

06-09-2024T14:39:13 - [MESSAGE][PASSED] - totalplay.Common.verifyPropertyExist is PASSED

06-09-2024T14:39:13 - [TEST_STEP][PASSED] - totalplay.Common.verifyPropertyValueExist(AddAddressToCart, billing_address_full_name): totalplay.Common.verifyPropertyValueExist is PASSED

06-09-2024T14:39:13 - [MESSAGE][INFO] - Checking response object

06-09-2024T14:39:13 - [MESSAGE][INFO] - CESAR GERARDO WALDO GONZALEZ

06-09-2024T14:39:13 - [MESSAGE][PASSED] - totalplay.Common.verifyPropertyValueExist is PASSED

06-09-2024T14:39:13 - [TEST_STEP][PASSED] - totalplay.Common.verifyPropertyExist(AddAddressToCart, billing_address_id): totalplay.Common.verifyPropertyExist is PASSED

06-09-2024T14:39:13 - [MESSAGE][INFO] - Checking response object

06-09-2024T14:39:13 - [MESSAGE][PASSED] - totalplay.Common.verifyPropertyExist is PASSED

06-09-2024T14:39:13 - [TEST_STEP][PASSED] - totalplay.Common.verifyPropertyValueExist(AddAddressToCart, billing_address_id): totalplay.Common.verifyPropertyValueExist is PASSED

06-09-2024T14:39:13 - [MESSAGE][INFO] - Checking response object

06-09-2024T14:39:13 - [MESSAGE][INFO] - 3b4dcd27b11b02eb82cdd60728

06-09-2024T14:39:13 - [MESSAGE][PASSED] - totalplay.Common.verifyPropertyValueExist is PASSED

06-09-2024T14:39:13 - [TEST_STEP][PASSED] - totalplay.Common.verifyPropertyExist(AddAddressToCart, billing_address_last_name): totalplay.Common.verifyPropertyExist is PASSED

06-09-2024T14:39:13 - [MESSAGE][INFO] - Checking response object

06-09-2024T14:39:13 - [MESSAGE][PASSED] - totalplay.Common.verifyPropertyExist is PASSED

06-09-2024T14:39:13 - [TEST_STEP][PASSED] - totalplay.Common.verifyPropertyValueExist(AddAddressToCart, billing_address_last_name): totalplay.Common.verifyPropertyValueExist is PASSED

06-09-2024T14:39:13 - [MESSAGE][INFO] - Checking response object

06-09-2024T14:39:13 - [MESSAGE][INFO] - GERARDO WALDO GONZALEZ

06-09-2024T14:39:13 - [MESSAGE][PASSED] - totalplay.Common.verifyPropertyValueExist is PASSED

06-09-2024T14:39:13 - [TEST_STEP][PASSED] - totalplay.Common.verifyPropertyExist(AddAddressToCart, billing_address_phone): totalplay.Common.verifyPropertyExist is PASSED

06-09-2024T14:39:13 - [MESSAGE][INFO] - Checking response object

06-09-2024T14:39:13 - [MESSAGE][PASSED] - totalplay.Common.verifyPropertyExist is PASSED

06-09-2024T14:39:13 - [TEST_STEP][PASSED] - totalplay.Common.verifyPropertyValueExist(AddAddressToCart, billing_address_phone): totalplay.Common.verifyPropertyValueExist is PASSED

06-09-2024T14:39:13 - [MESSAGE][INFO] - Checking response object

06-09-2024T14:39:13 - [MESSAGE][INFO] - 5579660270

06-09-2024T14:39:13 - [MESSAGE][PASSED] - totalplay.Common.verifyPropertyValueExist is PASSED

06-09-2024T14:39:13 - [TEST_STEP][PASSED] - totalplay.Common.verifyPropertyExist(AddAddressToCart, billing_address_postal_code): totalplay.Common.verifyPropertyExist is PASSED

06-09-2024T14:39:13 - [MESSAGE][INFO] - Checking response object

06-09-2024T14:39:13 - [MESSAGE][PASSED] - totalplay.Common.verifyPropertyExist is PASSED

06-09-2024T14:39:13 - [TEST_STEP][PASSED] - totalplay.Common.verifyPropertyValueExist(AddAddressToCart, billing_address_postal_code): totalplay.Common.verifyPropertyValueExist is PASSED

06-09-2024T14:39:13 - [MESSAGE][INFO] - Checking response object

06-09-2024T14:39:13 - [MESSAGE][INFO] - 11500

06-09-2024T14:39:13 - [MESSAGE][PASSED] - totalplay.Common.verifyPropertyValueExist is PASSED

06-09-2024T14:39:13 - [TEST_STEP][PASSED] - totalplay.Common.verifyPropertyExist(AddAddressToCart, billing_address_c_alias): totalplay.Common.verifyPropertyExist is PASSED

06-09-2024T14:39:13 - [MESSAGE][INFO] - Checking response object

06-09-2024T14:39:13 - [MESSAGE][PASSED] - totalplay.Common.verifyPropertyExist is PASSED

06-09-2024T14:39:13 - [TEST_STEP][PASSED] - totalplay.Common.verifyPropertyValueExist(AddAddressToCart, billing_address_c_alias): totalplay.Common.verifyPropertyValueExist is PASSED

06-09-2024T14:39:13 - [MESSAGE][INFO] - Checking response object

06-09-2024T14:39:13 - [MESSAGE][INFO] - CasaWaldoP

06-09-2024T14:39:13 - [MESSAGE][PASSED] - totalplay.Common.verifyPropertyValueExist is PASSED

06-09-2024T14:39:13 - [TEST_STEP][PASSED] - totalplay.Common.verifyPropertyExist(AddAddressToCart, billing_address_c_delegation): totalplay.Common.verifyPropertyExist is PASSED

06-09-2024T14:39:13 - [MESSAGE][INFO] - Checking response object

06-09-2024T14:39:13 - [MESSAGE][PASSED] - totalplay.Common.verifyPropertyExist is PASSED

06-09-2024T14:39:13 - [TEST_STEP][PASSED] - totalplay.Common.verifyPropertyValueExist(AddAddressToCart, billing_address_c_delegation): totalplay.Common.verifyPropertyValueExist is PASSED

06-09-2024T14:39:13 - [MESSAGE][INFO] - Checking response object

06-09-2024T14:39:13 - [MESSAGE][INFO] - Miguel Hidalgo

06-09-2024T14:39:13 - [MESSAGE][PASSED] - totalplay.Common.verifyPropertyValueExist is PASSED

06-09-2024T14:39:13 - [TEST_STEP][PASSED] - totalplay.Common.verifyPropertyExist(AddAddressToCart, billing_address_c_delegation): totalplay.Common.verifyPropertyExist is PASSED

06-09-2024T14:39:13 - [MESSAGE][INFO] - Checking response object

06-09-2024T14:39:13 - [MESSAGE][PASSED] - totalplay.Common.verifyPropertyExist is PASSED

06-09-2024T14:39:13 - [TEST_STEP][PASSED] - totalplay.Common.verifyPropertyValueExist(AddAddressToCart, billing_address_c_delegation): totalplay.Common.verifyPropertyValueExist is PASSED

06-09-2024T14:39:13 - [MESSAGE][INFO] - Checking response object

06-09-2024T14:39:13 - [MESSAGE][INFO] - Miguel Hidalgo

06-09-2024T14:39:13 - [MESSAGE][PASSED] - totalplay.Common.verifyPropertyValueExist is PASSED

06-09-2024T14:39:13 - [TEST_STEP][PASSED] - totalplay.Common.verifyPropertyExist(AddAddressToCart, billing_address_c_label): totalplay.Common.verifyPropertyExist is PASSED

06-09-2024T14:39:13 - [MESSAGE][INFO] - Checking response object

06-09-2024T14:39:13 - [MESSAGE][PASSED] - totalplay.Common.verifyPropertyExist is PASSED

06-09-2024T14:39:13 - [TEST_STEP][PASSED] - totalplay.Common.verifyPropertyValueExist(AddAddressToCart, billing_address_c_label): totalplay.Common.verifyPropertyValueExist is PASSED

06-09-2024T14:39:13 - [MESSAGE][INFO] - Checking response object

06-09-2024T14:39:14 - [MESSAGE][INFO] - {"home":true,"company":false,"other":false}

06-09-2024T14:39:14 - [MESSAGE][PASSED] - totalplay.Common.verifyPropertyValueExist is PASSED

06-09-2024T14:39:14 - [TEST_STEP][PASSED] - totalplay.Common.verifyPropertyExist(AddAddressToCart, billing_address_c_latitude): totalplay.Common.verifyPropertyExist is PASSED

06-09-2024T14:39:14 - [MESSAGE][INFO] - Checking response object

06-09-2024T14:39:14 - [MESSAGE][PASSED] - totalplay.Common.verifyPropertyExist is PASSED

06-09-2024T14:39:14 - [TEST_STEP][PASSED] - totalplay.Common.verifyPropertyValueExist(AddAddressToCart, billing_address_c_latitude): totalplay.Common.verifyPropertyValueExist is PASSED

06-09-2024T14:39:14 - [MESSAGE][INFO] - Checking response object

06-09-2024T14:39:14 - [MESSAGE][INFO] - 19.439691

06-09-2024T14:39:14 - [MESSAGE][PASSED] - totalplay.Common.verifyPropertyValueExist is PASSED

06-09-2024T14:39:14 - [TEST_STEP][PASSED] - totalplay.Common.verifyPropertyExist(AddAddressToCart, billing_address_c_longitude): totalplay.Common.verifyPropertyExist is PASSED

06-09-2024T14:39:14 - [MESSAGE][INFO] - Checking response object

06-09-2024T14:39:14 - [MESSAGE][PASSED] - totalplay.Common.verifyPropertyExist is PASSED

06-09-2024T14:39:14 - [TEST_STEP][PASSED] - totalplay.Common.verifyPropertyValueExist(AddAddressToCart, billing_address_c_longitude): totalplay.Common.verifyPropertyValueExist is PASSED

06-09-2024T14:39:14 - [MESSAGE][INFO] - Checking response object

06-09-2024T14:39:14 - [MESSAGE][INFO] - -99.205670

06-09-2024T14:39:14 - [MESSAGE][PASSED] - totalplay.Common.verifyPropertyValueExist is PASSED

06-09-2024T14:39:14 - [TEST_STEP][PASSED] - totalplay.Common.verifyPropertyExist(AddAddressToCart, billing_address_c_nExt): totalplay.Common.verifyPropertyExist is PASSED

06-09-2024T14:39:14 - [MESSAGE][INFO] - Checking response object

06-09-2024T14:39:14 - [MESSAGE][PASSED] - totalplay.Common.verifyPropertyExist is PASSED

06-09-2024T14:39:14 - [TEST_STEP][PASSED] - totalplay.Common.verifyPropertyValueExist(AddAddressToCart, billing_address_c_nExt): totalplay.Common.verifyPropertyValueExist is PASSED

06-09-2024T14:39:14 - [MESSAGE][INFO] - Checking response object

06-09-2024T14:39:14 - [MESSAGE][INFO] - 107

06-09-2024T14:39:14 - [MESSAGE][PASSED] - totalplay.Common.verifyPropertyValueExist is PASSED

06-09-2024T14:39:14 - [TEST_STEP][PASSED] - totalplay.Common.verifyPropertyExist(AddAddressToCart, billing_address_c_neighborhood): totalplay.Common.verifyPropertyExist is PASSED

06-09-2024T14:39:14 - [MESSAGE][INFO] - Checking response object

06-09-2024T14:39:14 - [MESSAGE][PASSED] - totalplay.Common.verifyPropertyExist is PASSED

06-09-2024T14:39:14 - [TEST_STEP][PASSED] - totalplay.Common.verifyPropertyValueExist(AddAddressToCart, billing_address_c_neighborhood): totalplay.Common.verifyPropertyValueExist is PASSED

06-09-2024T14:39:14 - [MESSAGE][INFO] - Checking response object

06-09-2024T14:39:14 - [MESSAGE][INFO] - Polanco

06-09-2024T14:39:14 - [MESSAGE][PASSED] - totalplay.Common.verifyPropertyValueExist is PASSED

06-09-2024T14:39:14 - [TEST_STEP][PASSED] - totalplay.Common.verifyPropertyExist(AddAddressToCart, billing_address_c_references): totalplay.Common.verifyPropertyExist is PASSED

06-09-2024T14:39:14 - [MESSAGE][INFO] - Checking response object

06-09-2024T14:39:14 - [MESSAGE][PASSED] - totalplay.Common.verifyPropertyExist is PASSED

06-09-2024T14:39:14 - [TEST_STEP][PASSED] - totalplay.Common.verifyPropertyValueExist(AddAddressToCart, billing_address_c_references): totalplay.Common.verifyPropertyValueExist is PASSED

06-09-2024T14:39:14 - [MESSAGE][INFO] - Checking response object

06-09-2024T14:39:14 - [MESSAGE][INFO] - Llamar al llegar

06-09-2024T14:39:14 - [MESSAGE][PASSED] - totalplay.Common.verifyPropertyValueExist is PASSED

06-09-2024T14:39:14 - [TEST_STEP][PASSED] - totalplay.Common.verifyPropertyExist(AddAddressToCart, billing_address_c_rfc): totalplay.Common.verifyPropertyExist is PASSED

06-09-2024T14:39:14 - [MESSAGE][INFO] - Checking response object

06-09-2024T14:39:14 - [MESSAGE][PASSED] - totalplay.Common.verifyPropertyExist is PASSED

06-09-2024T14:39:14 - [TEST_STEP][PASSED] - totalplay.Common.verifyPropertyValueExist(AddAddressToCart, billing_address_c_rfc): totalplay.Common.verifyPropertyValueExist is PASSED

06-09-2024T14:39:14 - [MESSAGE][INFO] - Checking response object

06-09-2024T14:39:14 - [MESSAGE][INFO] - XAXA010101111

06-09-2024T14:39:14 - [MESSAGE][PASSED] - totalplay.Common.verifyPropertyValueExist is PASSED

06-09-2024T14:39:14 - [TEST_STEP][PASSED] - totalplay.Common.verifyPropertyExist(AddAddressToCart, billing_address_c_state): totalplay.Common.verifyPropertyExist is PASSED

06-09-2024T14:39:14 - [MESSAGE][INFO] - Checking response object

06-09-2024T14:39:14 - [MESSAGE][PASSED] - totalplay.Common.verifyPropertyExist is PASSED

06-09-2024T14:39:14 - [TEST_STEP][PASSED] - totalplay.Common.verifyPropertyValueExist(AddAddressToCart, billing_address_c_state): totalplay.Common.verifyPropertyValueExist is PASSED

06-09-2024T14:39:14 - [MESSAGE][INFO] - Checking response object

06-09-2024T14:39:14 - [MESSAGE][INFO] - CDMX

06-09-2024T14:39:14 - [MESSAGE][PASSED] - totalplay.Common.verifyPropertyValueExist is PASSED

06-09-2024T14:39:14 - [TEST_STEP][PASSED] - totalplay.Common.verifyPropertyExist(AddAddressToCart, billing_address_c_streetName): totalplay.Common.verifyPropertyExist is PASSED

06-09-2024T14:39:14 - [MESSAGE][INFO] - Checking response object

06-09-2024T14:39:14 - [MESSAGE][PASSED] - totalplay.Common.verifyPropertyExist is PASSED

06-09-2024T14:39:14 - [TEST_STEP][PASSED] - totalplay.Common.verifyPropertyValueExist(AddAddressToCart, billing_address_c_streetName): totalplay.Common.verifyPropertyValueExist is PASSED

06-09-2024T14:39:14 - [MESSAGE][INFO] - Checking response object

06-09-2024T14:39:14 - [MESSAGE][INFO] - Alejandro Dumas

06-09-2024T14:39:14 - [MESSAGE][PASSED] - totalplay.Common.verifyPropertyValueExist is PASSED

06-09-2024T14:39:14 - [TEST_STEP][PASSED] - totalplay.Common.verifyPropertyExist(AddAddressToCart, channel_type): totalplay.Common.verifyPropertyExist is PASSED

06-09-2024T14:39:14 - [MESSAGE][INFO] - Checking response object

06-09-2024T14:39:14 - [MESSAGE][PASSED] - totalplay.Common.verifyPropertyExist is PASSED

06-09-2024T14:39:14 - [TEST_STEP][PASSED] - totalplay.Common.verifyPropertyValueExist(AddAddressToCart, channel_type): totalplay.Common.verifyPropertyValueExist is PASSED

06-09-2024T14:39:14 - [MESSAGE][INFO] - Checking response object

06-09-2024T14:39:14 - [MESSAGE][INFO] - storefront

06-09-2024T14:39:14 - [MESSAGE][PASSED] - totalplay.Common.verifyPropertyValueExist is PASSED

06-09-2024T14:39:14 - [TEST_STEP][PASSED] - totalplay.Common.verifyPropertyExist(AddAddressToCart, customer_info__type): totalplay.Common.verifyPropertyExist is PASSED

06-09-2024T14:39:14 - [MESSAGE][INFO] - Checking response object

06-09-2024T14:39:14 - [MESSAGE][PASSED] - totalplay.Common.verifyPropertyExist is PASSED

06-09-2024T14:39:14 - [TEST_STEP][PASSED] - totalplay.Common.verifyPropertyValueExist(AddAddressToCart, customer_info__type): totalplay.Common.verifyPropertyValueExist is PASSED

06-09-2024T14:39:14 - [MESSAGE][INFO] - Checking response object

06-09-2024T14:39:14 - [MESSAGE][INFO] - customer_info

06-09-2024T14:39:14 - [MESSAGE][PASSED] - totalplay.Common.verifyPropertyValueExist is PASSED

06-09-2024T14:39:14 - [TEST_STEP][PASSED] - totalplay.Common.verifyPropertyExist(AddAddressToCart, customer_info_customer_id): totalplay.Common.verifyPropertyExist is PASSED

06-09-2024T14:39:14 - [MESSAGE][INFO] - Checking response object

06-09-2024T14:39:14 - [MESSAGE][PASSED] - totalplay.Common.verifyPropertyExist is PASSED

06-09-2024T14:39:14 - [TEST_STEP][PASSED] - totalplay.Common.verifyPropertyValueExist(AddAddressToCart, customer_info_customer_id): totalplay.Common.verifyPropertyValueExist is PASSED

06-09-2024T14:39:14 - [MESSAGE][INFO] - Checking response object

06-09-2024T14:39:14 - [MESSAGE][INFO] - acTAcwrTj6ECo7V8WDIa5leqor

06-09-2024T14:39:14 - [MESSAGE][PASSED] - totalplay.Common.verifyPropertyValueExist is PASSED

06-09-2024T14:39:14 - [TEST_STEP][PASSED] - totalplay.Common.verifyPropertyExist(AddAddressToCart, customer_info_customer_no): totalplay.Common.verifyPropertyExist is PASSED

06-09-2024T14:39:14 - [MESSAGE][INFO] - Checking response object

06-09-2024T14:39:14 - [MESSAGE][PASSED] - totalplay.Common.verifyPropertyExist is PASSED

06-09-2024T14:39:14 - [TEST_STEP][PASSED] - totalplay.Common.verifyPropertyValueExist(AddAddressToCart, customer_info_customer_no): totalplay.Common.verifyPropertyValueExist is PASSED

06-09-2024T14:39:14 - [MESSAGE][INFO] - Checking response object

06-09-2024T14:39:14 - [MESSAGE][INFO] - 00012002

06-09-2024T14:39:14 - [MESSAGE][PASSED] - totalplay.Common.verifyPropertyValueExist is PASSED

06-09-2024T14:39:14 - [TEST_STEP][PASSED] - totalplay.Common.verifyPropertyExist(AddAddressToCart, customer_info_email): totalplay.Common.verifyPropertyExist is PASSED

06-09-2024T14:39:14 - [MESSAGE][INFO] - Checking response object

06-09-2024T14:39:14 - [MESSAGE][PASSED] - totalplay.Common.verifyPropertyExist is PASSED

06-09-2024T14:39:14 - [TEST_STEP][PASSED] - totalplay.Common.verifyPropertyValueExist(AddAddressToCart, customer_info_email): totalplay.Common.verifyPropertyValueExist is PASSED

06-09-2024T14:39:14 - [MESSAGE][INFO] - Checking response object

06-09-2024T14:39:14 - [MESSAGE][INFO] - cesar.waldo93@gmail.com

06-09-2024T14:39:14 - [MESSAGE][PASSED] - totalplay.Common.verifyPropertyValueExist is PASSED

06-09-2024T14:39:14 - [TEST_STEP][PASSED] - totalplay.Common.verifyPropertyExist(AddAddressToCart, last_modified): totalplay.Common.verifyPropertyExist is PASSED

06-09-2024T14:39:14 - [MESSAGE][INFO] - Checking response object

06-09-2024T14:39:14 - [MESSAGE][PASSED] - totalplay.Common.verifyPropertyExist is PASSED

06-09-2024T14:39:14 - [TEST_STEP][PASSED] - totalplay.Common.verifyPropertyValueExist(AddAddressToCart, last_modified): totalplay.Common.verifyPropertyValueExist is PASSED

06-09-2024T14:39:14 - [MESSAGE][INFO] - Checking response object

06-09-2024T14:39:14 - [MESSAGE][INFO] - 2024-09-06T09:09:12.458Z

06-09-2024T14:39:14 - [MESSAGE][PASSED] - totalplay.Common.verifyPropertyValueExist is PASSED

06-09-2024T14:39:14 - [TEST_STEP][PASSED] - totalplay.Common.getDecimalValueofObject(AddAddressToCart, merchandize_total_tax): totalplay.Common.getDecimalValueofObject is PASSED

06-09-2024T14:39:14 - [MESSAGE][INFO] - Checking response object

06-09-2024T14:39:14 - [MESSAGE][PASSED] - totalplay.Common.getDecimalValueofObject is PASSED

06-09-2024T14:39:14 - [TEST_STEP][PASSED] - totalplay.Common.verifyPropertyExist(AddAddressToCart, notes__type): totalplay.Common.verifyPropertyExist is PASSED

06-09-2024T14:39:14 - [MESSAGE][INFO] - Checking response object

06-09-2024T14:39:14 - [MESSAGE][PASSED] - totalplay.Common.verifyPropertyExist is PASSED

06-09-2024T14:39:14 - [TEST_STEP][PASSED] - totalplay.Common.verifyPropertyValueExist(AddAddressToCart, notes__type): totalplay.Common.verifyPropertyValueExist is PASSED

06-09-2024T14:39:14 - [MESSAGE][INFO] - Checking response object

06-09-2024T14:39:15 - [MESSAGE][INFO] - simple_link

06-09-2024T14:39:15 - [MESSAGE][PASSED] - totalplay.Common.verifyPropertyValueExist is PASSED

06-09-2024T14:39:15 - [TEST_STEP][PASSED] - totalplay.Common.verifyPropertyExist(AddAddressToCart, notes_link): totalplay.Common.verifyPropertyExist is PASSED

06-09-2024T14:39:15 - [MESSAGE][INFO] - Checking response object

06-09-2024T14:39:15 - [MESSAGE][PASSED] - totalplay.Common.verifyPropertyExist is PASSED

06-09-2024T14:39:15 - [TEST_STEP][PASSED] - totalplay.Common.verifyPropertyValueExist(AddAddressToCart, notes_link): totalplay.Common.verifyPropertyValueExist is PASSED

06-09-2024T14:39:15 - [MESSAGE][INFO] - Checking response object

06-09-2024T14:39:15 - [MESSAGE][INFO] - https://salesforceqa.sistemastp.com.mx/s/TP-FOOD/dw/shop/v24_5/baskets/28da5fe632b55fd15328f51beb/notes?use_as_shipping=true

06-09-2024T14:39:15 - [MESSAGE][PASSED] - totalplay.Common.verifyPropertyValueExist is PASSED

06-09-2024T14:39:15 - [TEST_STEP][PASSED] - totalplay.Common.getDecimalValueofObject(AddAddressToCart, order_total): totalplay.Common.getDecimalValueofObject is PASSED

06-09-2024T14:39:15 - [MESSAGE][INFO] - Checking response object

06-09-2024T14:39:15 - [MESSAGE][PASSED] - totalplay.Common.getDecimalValueofObject is PASSED

06-09-2024T14:39:15 - [TEST_STEP][PASSED] - totalplay.Common.verifyPropertyExist(AddAddressToCart, product_items_0__type): totalplay.Common.verifyPropertyExist is PASSED

06-09-2024T14:39:15 - [MESSAGE][INFO] - Checking response object

06-09-2024T14:39:15 - [MESSAGE][PASSED] - totalplay.Common.verifyPropertyExist is PASSED

06-09-2024T14:39:15 - [TEST_STEP][PASSED] - totalplay.Common.verifyPropertyValueExist(AddAddressToCart, product_items_0__type): totalplay.Common.verifyPropertyValueExist is PASSED

06-09-2024T14:39:15 - [MESSAGE][INFO] - Checking response object

06-09-2024T14:39:15 - [MESSAGE][INFO] - product_item

06-09-2024T14:39:15 - [MESSAGE][PASSED] - totalplay.Common.verifyPropertyValueExist is PASSED

06-09-2024T14:39:15 - [TEST_STEP][PASSED] - totalplay.Common.getDecimalValueofObject(AddAddressToCart, product_items_0_adjusted_tax): totalplay.Common.getDecimalValueofObject is PASSED

06-09-2024T14:39:15 - [MESSAGE][INFO] - Checking response object

06-09-2024T14:39:15 - [MESSAGE][PASSED] - totalplay.Common.getDecimalValueofObject is PASSED

06-09-2024T14:39:15 - [TEST_STEP][PASSED] - totalplay.Common.getDecimalValueofObject(AddAddressToCart, product_items_0_base_price): totalplay.Common.getDecimalValueofObject is PASSED

06-09-2024T14:39:15 - [MESSAGE][INFO] - Checking response object

06-09-2024T14:39:15 - [MESSAGE][PASSED] - totalplay.Common.getDecimalValueofObject is PASSED

06-09-2024T14:39:15 - [TEST_STEP][PASSED] - totalplay.Common.getBooleanValueofObject(AddAddressToCart, product_items_0_bonus_product_line_item): totalplay.Common.getBooleanValueofObject is PASSED

06-09-2024T14:39:15 - [MESSAGE][INFO] - Checking response object

06-09-2024T14:39:15 - [MESSAGE][PASSED] - totalplay.Common.getBooleanValueofObject is PASSED

06-09-2024T14:39:15 - [TEST_STEP][PASSED] - totalplay.Common.getBooleanValueofObject(AddAddressToCart, product_items_0_gift): totalplay.Common.getBooleanValueofObject is PASSED

06-09-2024T14:39:15 - [MESSAGE][INFO] - Checking response object

06-09-2024T14:39:15 - [MESSAGE][PASSED] - totalplay.Common.getBooleanValueofObject is PASSED

06-09-2024T14:39:15 - [TEST_STEP][PASSED] - totalplay.Common.verifyPropertyExist(AddAddressToCart, product_items_0_inventory_id): totalplay.Common.verifyPropertyExist is PASSED

06-09-2024T14:39:15 - [MESSAGE][INFO] - Checking response object

06-09-2024T14:39:15 - [MESSAGE][PASSED] - totalplay.Common.verifyPropertyExist is PASSED

06-09-2024T14:39:15 - [TEST_STEP][PASSED] - totalplay.Common.verifyPropertyValueExist(AddAddressToCart, product_items_0_inventory_id): totalplay.Common.verifyPropertyValueExist is PASSED

06-09-2024T14:39:15 - [MESSAGE][INFO] - Checking response object

06-09-2024T14:39:15 - [MESSAGE][INFO] - inventory_m_food_mirakl

06-09-2024T14:39:15 - [MESSAGE][PASSED] - totalplay.Common.verifyPropertyValueExist is PASSED

06-09-2024T14:39:15 - [TEST_STEP][PASSED] - totalplay.Common.verifyPropertyExist(AddAddressToCart, product_items_0_item_id): totalplay.Common.verifyPropertyExist is PASSED

06-09-2024T14:39:15 - [MESSAGE][INFO] - Checking response object

06-09-2024T14:39:15 - [MESSAGE][PASSED] - totalplay.Common.verifyPropertyExist is PASSED

06-09-2024T14:39:15 - [TEST_STEP][PASSED] - totalplay.Common.verifyPropertyValueExist(AddAddressToCart, product_items_0_item_id): totalplay.Common.verifyPropertyValueExist is PASSED

06-09-2024T14:39:15 - [MESSAGE][INFO] - Checking response object

06-09-2024T14:39:15 - [MESSAGE][INFO] - 832a8a5bdc594d24c3b0a22105

06-09-2024T14:39:15 - [MESSAGE][PASSED] - totalplay.Common.verifyPropertyValueExist is PASSED

06-09-2024T14:39:15 - [TEST_STEP][PASSED] - totalplay.Common.verifyPropertyExist(AddAddressToCart, product_items_0_item_text): totalplay.Common.verifyPropertyExist is PASSED

06-09-2024T14:39:15 - [MESSAGE][INFO] - Checking response object

06-09-2024T14:39:15 - [MESSAGE][PASSED] - totalplay.Common.verifyPropertyExist is PASSED

06-09-2024T14:39:15 - [TEST_STEP][PASSED] - totalplay.Common.verifyPropertyValueExist(AddAddressToCart, product_items_0_item_text): totalplay.Common.verifyPropertyValueExist is PASSED

06-09-2024T14:39:15 - [MESSAGE][INFO] - Checking response object

06-09-2024T14:39:15 - [MESSAGE][INFO] - Orden de Maciza (100 g)

06-09-2024T14:39:15 - [MESSAGE][PASSED] - totalplay.Common.verifyPropertyValueExist is PASSED

06-09-2024T14:39:15 - [TEST_STEP][PASSED] - totalplay.Common.getDecimalValueofObject(AddAddressToCart, product_items_0_price): totalplay.Common.getDecimalValueofObject is PASSED

06-09-2024T14:39:15 - [MESSAGE][INFO] - Checking response object

06-09-2024T14:39:15 - [MESSAGE][PASSED] - totalplay.Common.getDecimalValueofObject is PASSED

06-09-2024T14:39:15 - [TEST_STEP][PASSED] - totalplay.Common.getDecimalValueofObject(AddAddressToCart, product_items_0_price_after_item_discount): totalplay.Common.getDecimalValueofObject is PASSED

06-09-2024T14:39:15 - [MESSAGE][INFO] - Checking response object

06-09-2024T14:39:15 - [MESSAGE][PASSED] - totalplay.Common.getDecimalValueofObject is PASSED

06-09-2024T14:39:15 - [TEST_STEP][PASSED] - totalplay.Common.getDecimalValueofObject(AddAddressToCart, product_items_0_price_after_order_discount): totalplay.Common.getDecimalValueofObject is PASSED

06-09-2024T14:39:15 - [MESSAGE][INFO] - Checking response object

06-09-2024T14:39:15 - [MESSAGE][PASSED] - totalplay.Common.getDecimalValueofObject is PASSED

06-09-2024T14:39:15 - [TEST_STEP][PASSED] - totalplay.Common.verifyPropertyExist(AddAddressToCart, product_items_0_product_id): totalplay.Common.verifyPropertyExist is PASSED

06-09-2024T14:39:15 - [MESSAGE][INFO] - Checking response object

06-09-2024T14:39:15 - [MESSAGE][PASSED] - totalplay.Common.verifyPropertyExist is PASSED

06-09-2024T14:39:15 - [TEST_STEP][PASSED] - totalplay.Common.verifyPropertyValueExist(AddAddressToCart, product_items_0_product_id): totalplay.Common.verifyPropertyValueExist is PASSED

06-09-2024T14:39:15 - [MESSAGE][INFO] - Checking response object

06-09-2024T14:39:15 - [MESSAGE][INFO] - C828554986

06-09-2024T14:39:15 - [MESSAGE][PASSED] - totalplay.Common.verifyPropertyValueExist is PASSED

06-09-2024T14:39:15 - [TEST_STEP][PASSED] - totalplay.Common.verifyPropertyExist(AddAddressToCart, product_items_0_product_name): totalplay.Common.verifyPropertyExist is PASSED

06-09-2024T14:39:15 - [MESSAGE][INFO] - Checking response object

06-09-2024T14:39:15 - [MESSAGE][PASSED] - totalplay.Common.verifyPropertyExist is PASSED

06-09-2024T14:39:15 - [TEST_STEP][PASSED] - totalplay.Common.verifyPropertyValueExist(AddAddressToCart, product_items_0_product_name): totalplay.Common.verifyPropertyValueExist is PASSED

06-09-2024T14:39:15 - [MESSAGE][INFO] - Checking response object

06-09-2024T14:39:15 - [MESSAGE][INFO] - Orden de Maciza (100 g)

06-09-2024T14:39:15 - [MESSAGE][PASSED] - totalplay.Common.verifyPropertyValueExist is PASSED

06-09-2024T14:39:15 - [TEST_STEP][PASSED] - totalplay.Common.getNumValueofObject(AddAddressToCart, product_items_0_quantity): totalplay.Common.getNumValueofObject is PASSED

06-09-2024T14:39:15 - [MESSAGE][INFO] - Checking response object

06-09-2024T14:39:15 - [MESSAGE][PASSED] - totalplay.Common.getNumValueofObject is PASSED

06-09-2024T14:39:15 - [TEST_STEP][PASSED] - totalplay.Common.verifyPropertyExist(AddAddressToCart, product_items_0_shipment_id): totalplay.Common.verifyPropertyExist is PASSED

06-09-2024T14:39:15 - [MESSAGE][INFO] - Checking response object

06-09-2024T14:39:15 - [MESSAGE][PASSED] - totalplay.Common.verifyPropertyExist is PASSED

06-09-2024T14:39:15 - [TEST_STEP][PASSED] - totalplay.Common.verifyPropertyValueExist(AddAddressToCart, product_items_0_shipment_id): totalplay.Common.verifyPropertyValueExist is PASSED

06-09-2024T14:39:15 - [MESSAGE][INFO] - Checking response object

06-09-2024T14:39:15 - [MESSAGE][INFO] - me

06-09-2024T14:39:15 - [MESSAGE][PASSED] - totalplay.Common.verifyPropertyValueExist is PASSED

06-09-2024T14:39:15 - [TEST_STEP][PASSED] - totalplay.Common.getDecimalValueofObject(AddAddressToCart, product_items_0_tax): totalplay.Common.getDecimalValueofObject is PASSED

06-09-2024T14:39:15 - [MESSAGE][INFO] - Checking response object

06-09-2024T14:39:15 - [MESSAGE][PASSED] - totalplay.Common.getDecimalValueofObject is PASSED

06-09-2024T14:39:15 - [TEST_STEP][PASSED] - totalplay.Common.getDecimalValueofObject(AddAddressToCart, product_items_0_tax_basis): totalplay.Common.getDecimalValueofObject is PASSED

06-09-2024T14:39:15 - [MESSAGE][INFO] - Checking response object

06-09-2024T14:39:15 - [MESSAGE][PASSED] - totalplay.Common.getDecimalValueofObject is PASSED

06-09-2024T14:39:15 - [TEST_STEP][PASSED] - totalplay.Common.verifyPropertyExist(AddAddressToCart, product_items_0_tax_class_id): totalplay.Common.verifyPropertyExist is PASSED

06-09-2024T14:39:15 - [MESSAGE][INFO] - Checking response object

06-09-2024T14:39:15 - [MESSAGE][PASSED] - totalplay.Common.verifyPropertyExist is PASSED

06-09-2024T14:39:15 - [TEST_STEP][PASSED] - totalplay.Common.verifyPropertyValueExist(AddAddressToCart, product_items_0_tax_class_id): totalplay.Common.verifyPropertyValueExist is PASSED

06-09-2024T14:39:15 - [MESSAGE][INFO] - Checking response object

06-09-2024T14:39:15 - [MESSAGE][INFO] - product_zero_tax

06-09-2024T14:39:15 - [MESSAGE][PASSED] - totalplay.Common.verifyPropertyValueExist is PASSED

06-09-2024T14:39:15 - [TEST_STEP][PASSED] - totalplay.Common.getDecimalValueofObject(AddAddressToCart, product_items_0_tax_rate): totalplay.Common.getDecimalValueofObject is PASSED

06-09-2024T14:39:15 - [MESSAGE][INFO] - Checking response object

06-09-2024T14:39:15 - [MESSAGE][PASSED] - totalplay.Common.getDecimalValueofObject is PASSED

06-09-2024T14:39:15 - [TEST_STEP][PASSED] - totalplay.Common.verifyPropertyExist(AddAddressToCart, product_items_0_c_fromStoreId): totalplay.Common.verifyPropertyExist is PASSED

06-09-2024T14:39:15 - [MESSAGE][INFO] - Checking response object

06-09-2024T14:39:15 - [MESSAGE][PASSED] - totalplay.Common.verifyPropertyExist is PASSED

06-09-2024T14:39:15 - [TEST_STEP][PASSED] - totalplay.Common.verifyPropertyValueExist(AddAddressToCart, product_items_0_c_fromStoreId): totalplay.Common.verifyPropertyValueExist is PASSED

06-09-2024T14:39:15 - [MESSAGE][INFO] - Checking response object

06-09-2024T14:39:16 - [MESSAGE][INFO] - 4158

06-09-2024T14:39:16 - [MESSAGE][PASSED] - totalplay.Common.verifyPropertyValueExist is PASSED

06-09-2024T14:39:16 - [TEST_STEP][PASSED] - totalplay.Common.verifyPropertyExist(AddAddressToCart, product_items_0_c_miraklChannels): totalplay.Common.verifyPropertyExist is PASSED

06-09-2024T14:39:16 - [MESSAGE][INFO] - Checking response object

06-09-2024T14:39:16 - [MESSAGE][PASSED] - totalplay.Common.verifyPropertyExist is PASSED

06-09-2024T14:39:16 - [TEST_STEP][PASSED] - totalplay.Common.verifyPropertyValueExist(AddAddressToCart, product_items_0_c_miraklChannels): totalplay.Common.verifyPropertyValueExist is PASSED

06-09-2024T14:39:16 - [MESSAGE][INFO] - Checking response object

06-09-2024T14:39:16 - [MESSAGE][INFO] - ["INIT"]

06-09-2024T14:39:16 - [MESSAGE][PASSED] - totalplay.Common.verifyPropertyValueExist is PASSED

06-09-2024T14:39:16 - [TEST_STEP][PASSED] - totalplay.Common.verifyPropertyExist(AddAddressToCart, product_items_0_c_miraklOperatorProductId): totalplay.Common.verifyPropertyExist is PASSED

06-09-2024T14:39:16 - [MESSAGE][INFO] - Checking response object

06-09-2024T14:39:16 - [MESSAGE][PASSED] - totalplay.Common.verifyPropertyExist is PASSED

06-09-2024T14:39:16 - [TEST_STEP][PASSED] - totalplay.Common.verifyPropertyValueExist(AddAddressToCart, product_items_0_c_miraklOperatorProductId): totalplay.Common.verifyPropertyValueExist is PASSED

06-09-2024T14:39:16 - [MESSAGE][INFO] - Checking response object

06-09-2024T14:39:16 - [MESSAGE][INFO] - C828554986

06-09-2024T14:39:16 - [MESSAGE][PASSED] - totalplay.Common.verifyPropertyValueExist is PASSED

06-09-2024T14:39:16 - [TEST_STEP][PASSED] - totalplay.Common.verifyPropertyExist(AddAddressToCart, product_items_0_c_miraklShippingTaxes): totalplay.Common.verifyPropertyExist is PASSED

06-09-2024T14:39:16 - [MESSAGE][INFO] - Checking response object

06-09-2024T14:39:16 - [MESSAGE][PASSED] - totalplay.Common.verifyPropertyExist is PASSED

06-09-2024T14:39:16 - [TEST_STEP][PASSED] - totalplay.Common.verifyPropertyValueExist(AddAddressToCart, product_items_0_c_miraklShippingTaxes): totalplay.Common.verifyPropertyValueExist is PASSED

06-09-2024T14:39:16 - [MESSAGE][INFO] - Checking response object

06-09-2024T14:39:16 - [MESSAGE][INFO] - [{"amount":0,"type":"product_zero_tax","isTaxRate":true,"rate":0}]

06-09-2024T14:39:16 - [MESSAGE][PASSED] - totalplay.Common.verifyPropertyValueExist is PASSED

06-09-2024T14:39:16 - [TEST_STEP][PASSED] - totalplay.Common.verifyPropertyExist(AddAddressToCart, product_items_0_c_miraklTaxes): totalplay.Common.verifyPropertyExist is PASSED

06-09-2024T14:39:16 - [MESSAGE][INFO] - Checking response object

06-09-2024T14:39:16 - [MESSAGE][PASSED] - totalplay.Common.verifyPropertyExist is PASSED

06-09-2024T14:39:16 - [TEST_STEP][PASSED] - totalplay.Common.verifyPropertyValueExist(AddAddressToCart, product_items_0_c_miraklTaxes): totalplay.Common.verifyPropertyValueExist is PASSED

06-09-2024T14:39:16 - [MESSAGE][INFO] - Checking response object

06-09-2024T14:39:16 - [MESSAGE][INFO] - [{"amount":0,"type":"product_zero_tax","isTaxRate":true,"rate":0}]

06-09-2024T14:39:16 - [MESSAGE][PASSED] - totalplay.Common.verifyPropertyValueExist is PASSED

06-09-2024T14:39:16 - [TEST_STEP][PASSED] - totalplay.Common.getNumValueofObject(AddAddressToCart, product_items_0_c_noOfPersons): totalplay.Common.getNumValueofObject is PASSED

06-09-2024T14:39:16 - [MESSAGE][INFO] - Checking response object

06-09-2024T14:39:16 - [MESSAGE][PASSED] - totalplay.Common.getNumValueofObject is PASSED

06-09-2024T14:39:16 - [TEST_STEP][PASSED] - totalplay.Common.verifyPropertyExist(AddAddressToCart, product_items_0_c_offerId): totalplay.Common.verifyPropertyExist is PASSED

06-09-2024T14:39:16 - [MESSAGE][INFO] - Checking response object

06-09-2024T14:39:16 - [MESSAGE][PASSED] - totalplay.Common.verifyPropertyExist is PASSED

06-09-2024T14:39:16 - [TEST_STEP][PASSED] - totalplay.Common.verifyPropertyValueExist(AddAddressToCart, product_items_0_c_offerId): totalplay.Common.verifyPropertyValueExist is PASSED

06-09-2024T14:39:16 - [MESSAGE][INFO] - Checking response object

06-09-2024T14:39:16 - [MESSAGE][INFO] - 541185

06-09-2024T14:39:16 - [MESSAGE][PASSED] - totalplay.Common.verifyPropertyValueExist is PASSED

06-09-2024T14:39:16 - [TEST_STEP][PASSED] - totalplay.Common.getDecimalValueofObject(AddAddressToCart, product_items_0_c_offerSalesPrice): totalplay.Common.getDecimalValueofObject is PASSED

06-09-2024T14:39:16 - [MESSAGE][INFO] - Checking response object

06-09-2024T14:39:16 - [MESSAGE][PASSED] - totalplay.Common.getDecimalValueofObject is PASSED

06-09-2024T14:39:16 - [TEST_STEP][PASSED] - totalplay.Common.verifyPropertyExist(AddAddressToCart, product_items_0_c_offerState): totalplay.Common.verifyPropertyExist is PASSED

06-09-2024T14:39:16 - [MESSAGE][INFO] - Checking response object

06-09-2024T14:39:16 - [MESSAGE][PASSED] - totalplay.Common.verifyPropertyExist is PASSED

06-09-2024T14:39:16 - [TEST_STEP][PASSED] - totalplay.Common.verifyPropertyValueExist(AddAddressToCart, product_items_0_c_offerState): totalplay.Common.verifyPropertyValueExist is PASSED

06-09-2024T14:39:16 - [MESSAGE][INFO] - Checking response object

06-09-2024T14:39:16 - [MESSAGE][INFO] - Nuevo

06-09-2024T14:39:16 - [MESSAGE][PASSED] - totalplay.Common.verifyPropertyValueExist is PASSED

06-09-2024T14:39:16 - [TEST_STEP][PASSED] - totalplay.Common.verifyPropertyExist(AddAddressToCart, product_items_0_c_offerStateCode): totalplay.Common.verifyPropertyExist is PASSED

06-09-2024T14:39:16 - [MESSAGE][INFO] - Checking response object

06-09-2024T14:39:16 - [MESSAGE][PASSED] - totalplay.Common.verifyPropertyExist is PASSED

06-09-2024T14:39:16 - [TEST_STEP][PASSED] - totalplay.Common.verifyPropertyValueExist(AddAddressToCart, product_items_0_c_offerStateCode): totalplay.Common.verifyPropertyValueExist is PASSED

06-09-2024T14:39:16 - [MESSAGE][INFO] - Checking response object

06-09-2024T14:39:16 - [MESSAGE][INFO] - 11

06-09-2024T14:39:16 - [MESSAGE][PASSED] - totalplay.Common.verifyPropertyValueExist is PASSED

06-09-2024T14:39:16 - [TEST_STEP][PASSED] - totalplay.Common.verifyPropertyExist(AddAddressToCart, product_items_0_c_shopId): totalplay.Common.verifyPropertyExist is PASSED

06-09-2024T14:39:16 - [MESSAGE][INFO] - Checking response object

06-09-2024T14:39:16 - [MESSAGE][PASSED] - totalplay.Common.verifyPropertyExist is PASSED

06-09-2024T14:39:16 - [TEST_STEP][PASSED] - totalplay.Common.verifyPropertyValueExist(AddAddressToCart, product_items_0_c_shopId): totalplay.Common.verifyPropertyValueExist is PASSED

06-09-2024T14:39:16 - [MESSAGE][INFO] - Checking response object

06-09-2024T14:39:16 - [MESSAGE][INFO] - 4158

06-09-2024T14:39:16 - [MESSAGE][PASSED] - totalplay.Common.verifyPropertyValueExist is PASSED

06-09-2024T14:39:16 - [TEST_STEP][PASSED] - totalplay.Common.verifyPropertyExist(AddAddressToCart, product_items_0_c_shopName): totalplay.Common.verifyPropertyExist is PASSED

06-09-2024T14:39:16 - [MESSAGE][INFO] - Checking response object

06-09-2024T14:39:16 - [MESSAGE][PASSED] - totalplay.Common.verifyPropertyExist is PASSED

06-09-2024T14:39:16 - [TEST_STEP][PASSED] - totalplay.Common.verifyPropertyValueExist(AddAddressToCart, product_items_0_c_shopName): totalplay.Common.verifyPropertyValueExist is PASSED

06-09-2024T14:39:16 - [MESSAGE][INFO] - Checking response object

06-09-2024T14:39:16 - [MESSAGE][INFO] - La Casa De Toño Polanco

06-09-2024T14:39:16 - [MESSAGE][PASSED] - totalplay.Common.verifyPropertyValueExist is PASSED

06-09-2024T14:39:16 - [TEST_STEP][PASSED] - totalplay.Common.getDecimalValueofObject(AddAddressToCart, product_items_0_c_total_crossed_price): totalplay.Common.getDecimalValueofObject is PASSED

06-09-2024T14:39:16 - [MESSAGE][INFO] - Checking response object

06-09-2024T14:39:16 - [MESSAGE][PASSED] - totalplay.Common.getDecimalValueofObject is PASSED

06-09-2024T14:39:16 - [TEST_STEP][PASSED] - totalplay.Common.getDecimalValueofObject(AddAddressToCart, product_items_0_c_priceWithComplement): totalplay.Common.getDecimalValueofObject is PASSED

06-09-2024T14:39:16 - [MESSAGE][INFO] - Checking response object

06-09-2024T14:39:16 - [MESSAGE][PASSED] - totalplay.Common.getDecimalValueofObject is PASSED

06-09-2024T14:39:16 - [TEST_STEP][PASSED] - totalplay.Common.verifyPropertyExist(AddAddressToCart, product_items_0_c_imagesData_large_0_alt): totalplay.Common.verifyPropertyExist is PASSED

06-09-2024T14:39:16 - [MESSAGE][INFO] - Checking response object

06-09-2024T14:39:16 - [MESSAGE][PASSED] - totalplay.Common.verifyPropertyExist is PASSED

06-09-2024T14:39:16 - [TEST_STEP][PASSED] - totalplay.Common.verifyPropertyValueExist(AddAddressToCart, product_items_0_c_shopName): totalplay.Common.verifyPropertyValueExist is PASSED

06-09-2024T14:39:16 - [MESSAGE][INFO] - Checking response object

06-09-2024T14:39:16 - [MESSAGE][INFO] - La Casa De Toño Polanco

06-09-2024T14:39:16 - [MESSAGE][PASSED] - totalplay.Common.verifyPropertyValueExist is PASSED

06-09-2024T14:39:16 - [TEST_STEP][PASSED] - totalplay.Common.verifyPropertyValueEmptyString(AddAddressToCart, product_items_0_c_imagesData_large_0_url): totalplay.Common.verifyPropertyValueEmptyString is PASSED

06-09-2024T14:39:16 - [MESSAGE][INFO] - Checking response object

06-09-2024T14:39:16 - [MESSAGE][INFO] - 

06-09-2024T14:39:16 - [MESSAGE][PASSED] - totalplay.Common.verifyPropertyValueEmptyString is PASSED

06-09-2024T14:39:16 - [TEST_STEP][PASSED] - totalplay.Common.verifyPropertyExist(AddAddressToCart, product_items_0_c_imagesData_large_0_title): totalplay.Common.verifyPropertyExist is PASSED

06-09-2024T14:39:16 - [MESSAGE][INFO] - Checking response object

06-09-2024T14:39:16 - [MESSAGE][PASSED] - totalplay.Common.verifyPropertyExist is PASSED

06-09-2024T14:39:16 - [TEST_STEP][PASSED] - totalplay.Common.verifyPropertyValueExist(AddAddressToCart, product_items_0_c_imagesData_large_0_title): totalplay.Common.verifyPropertyValueExist is PASSED

06-09-2024T14:39:16 - [MESSAGE][INFO] - Checking response object

06-09-2024T14:39:16 - [MESSAGE][INFO] - Orden de Maciza (100 g)

06-09-2024T14:39:16 - [MESSAGE][PASSED] - totalplay.Common.verifyPropertyValueExist is PASSED

06-09-2024T14:39:16 - [TEST_STEP][PASSED] - totalplay.Common.verifyPropertyExist(AddAddressToCart, product_items_0_c_description): totalplay.Common.verifyPropertyExist is PASSED

06-09-2024T14:39:16 - [MESSAGE][INFO] - Checking response object

06-09-2024T14:39:16 - [MESSAGE][PASSED] - totalplay.Common.verifyPropertyExist is PASSED

06-09-2024T14:39:16 - [TEST_STEP][PASSED] - totalplay.Common.verifyPropertyValueExist(AddAddressToCart, product_items_0_c_description): totalplay.Common.verifyPropertyValueExist is PASSED

06-09-2024T14:39:16 - [MESSAGE][INFO] - Checking response object

06-09-2024T14:39:17 - [MESSAGE][INFO] - 100 g

06-09-2024T14:39:17 - [MESSAGE][PASSED] - totalplay.Common.verifyPropertyValueExist is PASSED

06-09-2024T14:39:17 - [TEST_STEP][PASSED] - totalplay.Common.getDecimalValueofObject(AddAddressToCart, product_sub_total): totalplay.Common.getDecimalValueofObject is PASSED

06-09-2024T14:39:17 - [MESSAGE][INFO] - Checking response object

06-09-2024T14:39:17 - [MESSAGE][PASSED] - totalplay.Common.getDecimalValueofObject is PASSED

06-09-2024T14:39:17 - [TEST_STEP][PASSED] - totalplay.Common.getDecimalValueofObject(AddAddressToCart, product_total): totalplay.Common.getDecimalValueofObject is PASSED

06-09-2024T14:39:17 - [MESSAGE][INFO] - Checking response object

06-09-2024T14:39:17 - [MESSAGE][PASSED] - totalplay.Common.getDecimalValueofObject is PASSED

06-09-2024T14:39:17 - [TEST_STEP][PASSED] - totalplay.Common.verifyPropertyExist(AddAddressToCart, shipments_0__type): totalplay.Common.verifyPropertyExist is PASSED

06-09-2024T14:39:17 - [MESSAGE][INFO] - Checking response object

06-09-2024T14:39:17 - [MESSAGE][PASSED] - totalplay.Common.verifyPropertyExist is PASSED

06-09-2024T14:39:17 - [TEST_STEP][PASSED] - totalplay.Common.verifyPropertyValueExist(AddAddressToCart, shipments_0__type): totalplay.Common.verifyPropertyValueExist is PASSED

06-09-2024T14:39:17 - [MESSAGE][INFO] - Checking response object

06-09-2024T14:39:17 - [MESSAGE][INFO] - shipment

06-09-2024T14:39:17 - [MESSAGE][PASSED] - totalplay.Common.verifyPropertyValueExist is PASSED

06-09-2024T14:39:17 - [TEST_STEP][PASSED] - totalplay.Common.getDecimalValueofObject(AddAddressToCart, shipments_0_adjusted_merchandize_total_tax): totalplay.Common.getDecimalValueofObject is PASSED

06-09-2024T14:39:17 - [MESSAGE][INFO] - Checking response object

06-09-2024T14:39:17 - [MESSAGE][PASSED] - totalplay.Common.getDecimalValueofObject is PASSED

06-09-2024T14:39:17 - [TEST_STEP][PASSED] - totalplay.Common.getDecimalValueofObject(AddAddressToCart, shipments_0_adjusted_shipping_total_tax): totalplay.Common.getDecimalValueofObject is PASSED

06-09-2024T14:39:17 - [MESSAGE][INFO] - Checking response object

06-09-2024T14:39:17 - [MESSAGE][PASSED] - totalplay.Common.getDecimalValueofObject is PASSED

06-09-2024T14:39:17 - [TEST_STEP][PASSED] - totalplay.Common.getBooleanValueofObject(AddAddressToCart, shipments_0_gift): totalplay.Common.getBooleanValueofObject is PASSED

06-09-2024T14:39:17 - [MESSAGE][INFO] - Checking response object

06-09-2024T14:39:17 - [MESSAGE][PASSED] - totalplay.Common.getBooleanValueofObject is PASSED

06-09-2024T14:39:17 - [TEST_STEP][PASSED] - totalplay.Common.getDecimalValueofObject(AddAddressToCart, shipments_0_merchandize_total_tax): totalplay.Common.getDecimalValueofObject is PASSED

06-09-2024T14:39:17 - [MESSAGE][INFO] - Checking response object

06-09-2024T14:39:17 - [MESSAGE][PASSED] - totalplay.Common.getDecimalValueofObject is PASSED

06-09-2024T14:39:17 - [TEST_STEP][PASSED] - totalplay.Common.getDecimalValueofObject(AddAddressToCart, shipments_0_product_sub_total): totalplay.Common.getDecimalValueofObject is PASSED

06-09-2024T14:39:17 - [MESSAGE][INFO] - Checking response object

06-09-2024T14:39:17 - [MESSAGE][PASSED] - totalplay.Common.getDecimalValueofObject is PASSED

06-09-2024T14:39:17 - [TEST_STEP][PASSED] - totalplay.Common.getDecimalValueofObject(AddAddressToCart, shipments_0_product_total): totalplay.Common.getDecimalValueofObject is PASSED

06-09-2024T14:39:17 - [MESSAGE][INFO] - Checking response object

06-09-2024T14:39:17 - [MESSAGE][PASSED] - totalplay.Common.getDecimalValueofObject is PASSED

06-09-2024T14:39:17 - [TEST_STEP][PASSED] - totalplay.Common.verifyPropertyExist(AddAddressToCart, shipments_0_shipment_id): totalplay.Common.verifyPropertyExist is PASSED

06-09-2024T14:39:17 - [MESSAGE][INFO] - Checking response object

06-09-2024T14:39:17 - [MESSAGE][PASSED] - totalplay.Common.verifyPropertyExist is PASSED

06-09-2024T14:39:17 - [TEST_STEP][PASSED] - totalplay.Common.verifyPropertyValueExist(AddAddressToCart, shipments_0_shipment_id): totalplay.Common.verifyPropertyValueExist is PASSED

06-09-2024T14:39:17 - [MESSAGE][INFO] - Checking response object

06-09-2024T14:39:17 - [MESSAGE][INFO] - me

06-09-2024T14:39:17 - [MESSAGE][PASSED] - totalplay.Common.verifyPropertyValueExist is PASSED

06-09-2024T14:39:17 - [TEST_STEP][PASSED] - totalplay.Common.getDecimalValueofObject(AddAddressToCart, shipments_0_shipment_total): totalplay.Common.getDecimalValueofObject is PASSED

06-09-2024T14:39:17 - [MESSAGE][INFO] - Checking response object

06-09-2024T14:39:17 - [MESSAGE][PASSED] - totalplay.Common.getDecimalValueofObject is PASSED

06-09-2024T14:39:17 - [TEST_STEP][PASSED] - totalplay.Common.verifyPropertyExist(AddAddressToCart, shipments_0_shipping_address__type): totalplay.Common.verifyPropertyExist is PASSED

06-09-2024T14:39:17 - [MESSAGE][INFO] - Checking response object

06-09-2024T14:39:17 - [MESSAGE][PASSED] - totalplay.Common.verifyPropertyExist is PASSED

06-09-2024T14:39:17 - [TEST_STEP][PASSED] - totalplay.Common.verifyPropertyValueExist(AddAddressToCart, shipments_0_shipping_address__type): totalplay.Common.verifyPropertyValueExist is PASSED

06-09-2024T14:39:17 - [MESSAGE][INFO] - Checking response object

06-09-2024T14:39:17 - [MESSAGE][INFO] - order_address

06-09-2024T14:39:17 - [MESSAGE][PASSED] - totalplay.Common.verifyPropertyValueExist is PASSED

06-09-2024T14:39:17 - [TEST_STEP][PASSED] - totalplay.Common.verifyPropertyExist(AddAddressToCart, shipments_0_shipping_address_address1): totalplay.Common.verifyPropertyExist is PASSED

06-09-2024T14:39:17 - [MESSAGE][INFO] - Checking response object

06-09-2024T14:39:17 - [MESSAGE][PASSED] - totalplay.Common.verifyPropertyExist is PASSED

06-09-2024T14:39:17 - [TEST_STEP][PASSED] - totalplay.Common.verifyPropertyValueExist(AddAddressToCart, shipments_0_shipping_address_address1): totalplay.Common.verifyPropertyValueExist is PASSED

06-09-2024T14:39:17 - [MESSAGE][INFO] - Checking response object

06-09-2024T14:39:17 - [MESSAGE][INFO] - Alejandro Dumas

06-09-2024T14:39:17 - [MESSAGE][PASSED] - totalplay.Common.verifyPropertyValueExist is PASSED

06-09-2024T14:39:17 - [TEST_STEP][PASSED] - totalplay.Common.verifyPropertyExist(AddAddressToCart, shipments_0_shipping_address_city): totalplay.Common.verifyPropertyExist is PASSED

06-09-2024T14:39:17 - [MESSAGE][INFO] - Checking response object

06-09-2024T14:39:17 - [MESSAGE][PASSED] - totalplay.Common.verifyPropertyExist is PASSED

06-09-2024T14:39:17 - [TEST_STEP][PASSED] - totalplay.Common.verifyPropertyValueExist(AddAddressToCart, shipments_0_shipping_address_city): totalplay.Common.verifyPropertyValueExist is PASSED

06-09-2024T14:39:17 - [MESSAGE][INFO] - Checking response object

06-09-2024T14:39:17 - [MESSAGE][INFO] - Ciudad de Mexico

06-09-2024T14:39:17 - [MESSAGE][PASSED] - totalplay.Common.verifyPropertyValueExist is PASSED

06-09-2024T14:39:17 - [TEST_STEP][PASSED] - totalplay.Common.verifyPropertyExist(AddAddressToCart, shipments_0_shipping_address_country_code): totalplay.Common.verifyPropertyExist is PASSED

06-09-2024T14:39:17 - [MESSAGE][INFO] - Checking response object

06-09-2024T14:39:17 - [MESSAGE][PASSED] - totalplay.Common.verifyPropertyExist is PASSED

06-09-2024T14:39:17 - [TEST_STEP][PASSED] - totalplay.Common.verifyPropertyValueExist(AddAddressToCart, shipments_0_shipping_address_country_code): totalplay.Common.verifyPropertyValueExist is PASSED

06-09-2024T14:39:17 - [MESSAGE][INFO] - Checking response object

06-09-2024T14:39:17 - [MESSAGE][INFO] - MX

06-09-2024T14:39:17 - [MESSAGE][PASSED] - totalplay.Common.verifyPropertyValueExist is PASSED

06-09-2024T14:39:17 - [TEST_STEP][PASSED] - totalplay.Common.verifyPropertyExist(AddAddressToCart, shipments_0_shipping_address_first_name): totalplay.Common.verifyPropertyExist is PASSED

06-09-2024T14:39:17 - [MESSAGE][INFO] - Checking response object

06-09-2024T14:39:17 - [MESSAGE][PASSED] - totalplay.Common.verifyPropertyExist is PASSED

06-09-2024T14:39:17 - [TEST_STEP][PASSED] - totalplay.Common.verifyPropertyValueExist(AddAddressToCart, shipments_0_shipping_address_first_name): totalplay.Common.verifyPropertyValueExist is PASSED

06-09-2024T14:39:17 - [MESSAGE][INFO] - Checking response object

06-09-2024T14:39:17 - [MESSAGE][INFO] - CESAR

06-09-2024T14:39:17 - [MESSAGE][PASSED] - totalplay.Common.verifyPropertyValueExist is PASSED

06-09-2024T14:39:17 - [TEST_STEP][PASSED] - totalplay.Common.verifyPropertyExist(AddAddressToCart, shipments_0_shipping_address_full_name): totalplay.Common.verifyPropertyExist is PASSED

06-09-2024T14:39:17 - [MESSAGE][INFO] - Checking response object

06-09-2024T14:39:17 - [MESSAGE][PASSED] - totalplay.Common.verifyPropertyExist is PASSED

06-09-2024T14:39:17 - [TEST_STEP][PASSED] - totalplay.Common.verifyPropertyValueExist(AddAddressToCart, shipments_0_shipping_address_full_name): totalplay.Common.verifyPropertyValueExist is PASSED

06-09-2024T14:39:17 - [MESSAGE][INFO] - Checking response object

06-09-2024T14:39:17 - [MESSAGE][INFO] - CESAR GERARDO WALDO GONZALEZ

06-09-2024T14:39:17 - [MESSAGE][PASSED] - totalplay.Common.verifyPropertyValueExist is PASSED

06-09-2024T14:39:17 - [TEST_STEP][PASSED] - totalplay.Common.verifyPropertyExist(AddAddressToCart, shipments_0_shipping_address_id): totalplay.Common.verifyPropertyExist is PASSED

06-09-2024T14:39:17 - [MESSAGE][INFO] - Checking response object

06-09-2024T14:39:17 - [MESSAGE][PASSED] - totalplay.Common.verifyPropertyExist is PASSED

06-09-2024T14:39:17 - [TEST_STEP][PASSED] - totalplay.Common.verifyPropertyValueExist(AddAddressToCart, shipments_0_shipping_address_id): totalplay.Common.verifyPropertyValueExist is PASSED

06-09-2024T14:39:17 - [MESSAGE][INFO] - Checking response object

06-09-2024T14:39:17 - [MESSAGE][INFO] - 315cb9156bb7385c504fa11414

06-09-2024T14:39:17 - [MESSAGE][PASSED] - totalplay.Common.verifyPropertyValueExist is PASSED

06-09-2024T14:39:17 - [TEST_STEP][PASSED] - totalplay.Common.verifyPropertyExist(AddAddressToCart, shipments_0_shipping_address_last_name): totalplay.Common.verifyPropertyExist is PASSED

06-09-2024T14:39:17 - [MESSAGE][INFO] - Checking response object

06-09-2024T14:39:17 - [MESSAGE][PASSED] - totalplay.Common.verifyPropertyExist is PASSED

06-09-2024T14:39:17 - [TEST_STEP][PASSED] - totalplay.Common.verifyPropertyValueExist(AddAddressToCart, shipments_0_shipping_address_last_name): totalplay.Common.verifyPropertyValueExist is PASSED

06-09-2024T14:39:17 - [MESSAGE][INFO] - Checking response object

06-09-2024T14:39:18 - [MESSAGE][INFO] - GERARDO WALDO GONZALEZ

06-09-2024T14:39:18 - [MESSAGE][PASSED] - totalplay.Common.verifyPropertyValueExist is PASSED

06-09-2024T14:39:18 - [TEST_STEP][PASSED] - totalplay.Common.verifyPropertyExist(AddAddressToCart, shipments_0_shipping_address_phone): totalplay.Common.verifyPropertyExist is PASSED

06-09-2024T14:39:18 - [MESSAGE][INFO] - Checking response object

06-09-2024T14:39:18 - [MESSAGE][PASSED] - totalplay.Common.verifyPropertyExist is PASSED

06-09-2024T14:39:18 - [TEST_STEP][PASSED] - totalplay.Common.verifyPropertyValueExist(AddAddressToCart, shipments_0_shipping_address_phone): totalplay.Common.verifyPropertyValueExist is PASSED

06-09-2024T14:39:18 - [MESSAGE][INFO] - Checking response object

06-09-2024T14:39:18 - [MESSAGE][INFO] - 5579660270

06-09-2024T14:39:18 - [MESSAGE][PASSED] - totalplay.Common.verifyPropertyValueExist is PASSED

06-09-2024T14:39:18 - [TEST_STEP][PASSED] - totalplay.Common.verifyPropertyExist(AddAddressToCart, shipments_0_shipping_address_postal_code): totalplay.Common.verifyPropertyExist is PASSED

06-09-2024T14:39:18 - [MESSAGE][INFO] - Checking response object

06-09-2024T14:39:18 - [MESSAGE][PASSED] - totalplay.Common.verifyPropertyExist is PASSED

06-09-2024T14:39:18 - [TEST_STEP][PASSED] - totalplay.Common.verifyPropertyValueExist(AddAddressToCart, shipments_0_shipping_address_postal_code): totalplay.Common.verifyPropertyValueExist is PASSED

06-09-2024T14:39:18 - [MESSAGE][INFO] - Checking response object

06-09-2024T14:39:18 - [MESSAGE][INFO] - 11500

06-09-2024T14:39:18 - [MESSAGE][PASSED] - totalplay.Common.verifyPropertyValueExist is PASSED

06-09-2024T14:39:18 - [TEST_STEP][PASSED] - totalplay.Common.verifyPropertyExist(AddAddressToCart, shipments_0_shipping_address_c_alias): totalplay.Common.verifyPropertyExist is PASSED

06-09-2024T14:39:18 - [MESSAGE][INFO] - Checking response object

06-09-2024T14:39:18 - [MESSAGE][PASSED] - totalplay.Common.verifyPropertyExist is PASSED

06-09-2024T14:39:18 - [TEST_STEP][PASSED] - totalplay.Common.verifyPropertyValueExist(AddAddressToCart, shipments_0_shipping_address_c_alias): totalplay.Common.verifyPropertyValueExist is PASSED

06-09-2024T14:39:18 - [MESSAGE][INFO] - Checking response object

06-09-2024T14:39:18 - [MESSAGE][INFO] - CasaWaldoP

06-09-2024T14:39:18 - [MESSAGE][PASSED] - totalplay.Common.verifyPropertyValueExist is PASSED

06-09-2024T14:39:18 - [TEST_STEP][PASSED] - totalplay.Common.verifyPropertyExist(AddAddressToCart, shipments_0_shipping_address_c_delegation): totalplay.Common.verifyPropertyExist is PASSED

06-09-2024T14:39:18 - [MESSAGE][INFO] - Checking response object

06-09-2024T14:39:18 - [MESSAGE][PASSED] - totalplay.Common.verifyPropertyExist is PASSED

06-09-2024T14:39:18 - [TEST_STEP][PASSED] - totalplay.Common.verifyPropertyValueExist(AddAddressToCart, shipments_0_shipping_address_c_delegation): totalplay.Common.verifyPropertyValueExist is PASSED

06-09-2024T14:39:18 - [MESSAGE][INFO] - Checking response object

06-09-2024T14:39:18 - [MESSAGE][INFO] - Miguel Hidalgo

06-09-2024T14:39:18 - [MESSAGE][PASSED] - totalplay.Common.verifyPropertyValueExist is PASSED

06-09-2024T14:39:18 - [TEST_STEP][PASSED] - totalplay.Common.verifyPropertyExist(AddAddressToCart, shipments_0_shipping_address_c_label): totalplay.Common.verifyPropertyExist is PASSED

06-09-2024T14:39:18 - [MESSAGE][INFO] - Checking response object

06-09-2024T14:39:18 - [MESSAGE][PASSED] - totalplay.Common.verifyPropertyExist is PASSED

06-09-2024T14:39:18 - [TEST_STEP][PASSED] - totalplay.Common.verifyPropertyValueExist(AddAddressToCart, shipments_0_shipping_address_c_label): totalplay.Common.verifyPropertyValueExist is PASSED

06-09-2024T14:39:18 - [MESSAGE][INFO] - Checking response object

06-09-2024T14:39:18 - [MESSAGE][INFO] - {"home":true,"company":false,"other":false}

06-09-2024T14:39:18 - [MESSAGE][PASSED] - totalplay.Common.verifyPropertyValueExist is PASSED

06-09-2024T14:39:18 - [TEST_STEP][PASSED] - totalplay.Common.verifyPropertyExist(AddAddressToCart, shipments_0_shipping_address_c_latitude): totalplay.Common.verifyPropertyExist is PASSED

06-09-2024T14:39:18 - [MESSAGE][INFO] - Checking response object

06-09-2024T14:39:18 - [MESSAGE][PASSED] - totalplay.Common.verifyPropertyExist is PASSED

06-09-2024T14:39:18 - [TEST_STEP][PASSED] - totalplay.Common.verifyPropertyValueExist(AddAddressToCart, shipments_0_shipping_address_c_latitude): totalplay.Common.verifyPropertyValueExist is PASSED

06-09-2024T14:39:18 - [MESSAGE][INFO] - Checking response object

06-09-2024T14:39:18 - [MESSAGE][INFO] - 19.439691

06-09-2024T14:39:18 - [MESSAGE][PASSED] - totalplay.Common.verifyPropertyValueExist is PASSED

06-09-2024T14:39:18 - [TEST_STEP][PASSED] - totalplay.Common.verifyPropertyExist(AddAddressToCart, shipments_0_shipping_address_c_longitude): totalplay.Common.verifyPropertyExist is PASSED

06-09-2024T14:39:18 - [MESSAGE][INFO] - Checking response object

06-09-2024T14:39:18 - [MESSAGE][PASSED] - totalplay.Common.verifyPropertyExist is PASSED

06-09-2024T14:39:18 - [TEST_STEP][PASSED] - totalplay.Common.verifyPropertyValueExist(AddAddressToCart, shipments_0_shipping_address_c_longitude): totalplay.Common.verifyPropertyValueExist is PASSED

06-09-2024T14:39:18 - [MESSAGE][INFO] - Checking response object

06-09-2024T14:39:18 - [MESSAGE][INFO] - -99.205670

06-09-2024T14:39:18 - [MESSAGE][PASSED] - totalplay.Common.verifyPropertyValueExist is PASSED

06-09-2024T14:39:18 - [TEST_STEP][PASSED] - totalplay.Common.verifyPropertyExist(AddAddressToCart, shipments_0_shipping_address_c_nExt): totalplay.Common.verifyPropertyExist is PASSED

06-09-2024T14:39:18 - [MESSAGE][INFO] - Checking response object

06-09-2024T14:39:18 - [MESSAGE][PASSED] - totalplay.Common.verifyPropertyExist is PASSED

06-09-2024T14:39:18 - [TEST_STEP][PASSED] - totalplay.Common.verifyPropertyValueExist(AddAddressToCart, shipments_0_shipping_address_c_nExt): totalplay.Common.verifyPropertyValueExist is PASSED

06-09-2024T14:39:18 - [MESSAGE][INFO] - Checking response object

06-09-2024T14:39:18 - [MESSAGE][INFO] - 107

06-09-2024T14:39:18 - [MESSAGE][PASSED] - totalplay.Common.verifyPropertyValueExist is PASSED

06-09-2024T14:39:18 - [TEST_STEP][PASSED] - totalplay.Common.verifyPropertyExist(AddAddressToCart, shipments_0_shipping_address_c_neighborhood): totalplay.Common.verifyPropertyExist is PASSED

06-09-2024T14:39:18 - [MESSAGE][INFO] - Checking response object

06-09-2024T14:39:18 - [MESSAGE][PASSED] - totalplay.Common.verifyPropertyExist is PASSED

06-09-2024T14:39:18 - [TEST_STEP][PASSED] - totalplay.Common.verifyPropertyValueExist(AddAddressToCart, shipments_0_shipping_address_c_neighborhood): totalplay.Common.verifyPropertyValueExist is PASSED

06-09-2024T14:39:18 - [MESSAGE][INFO] - Checking response object

06-09-2024T14:39:18 - [MESSAGE][INFO] - Polanco

06-09-2024T14:39:18 - [MESSAGE][PASSED] - totalplay.Common.verifyPropertyValueExist is PASSED

06-09-2024T14:39:18 - [TEST_STEP][PASSED] - totalplay.Common.verifyPropertyExist(AddAddressToCart, shipments_0_shipping_address_c_references): totalplay.Common.verifyPropertyExist is PASSED

06-09-2024T14:39:18 - [MESSAGE][INFO] - Checking response object

06-09-2024T14:39:18 - [MESSAGE][PASSED] - totalplay.Common.verifyPropertyExist is PASSED

06-09-2024T14:39:18 - [TEST_STEP][PASSED] - totalplay.Common.verifyPropertyValueExist(AddAddressToCart, shipments_0_shipping_address_c_references): totalplay.Common.verifyPropertyValueExist is PASSED

06-09-2024T14:39:18 - [MESSAGE][INFO] - Checking response object

06-09-2024T14:39:18 - [MESSAGE][INFO] - Llamar al llegar

06-09-2024T14:39:18 - [MESSAGE][PASSED] - totalplay.Common.verifyPropertyValueExist is PASSED

06-09-2024T14:39:18 - [TEST_STEP][PASSED] - totalplay.Common.verifyPropertyExist(AddAddressToCart, shipments_0_shipping_address_c_rfc): totalplay.Common.verifyPropertyExist is PASSED

06-09-2024T14:39:18 - [MESSAGE][INFO] - Checking response object

06-09-2024T14:39:18 - [MESSAGE][PASSED] - totalplay.Common.verifyPropertyExist is PASSED

06-09-2024T14:39:18 - [TEST_STEP][PASSED] - totalplay.Common.verifyPropertyValueExist(AddAddressToCart, shipments_0_shipping_address_c_rfc): totalplay.Common.verifyPropertyValueExist is PASSED

06-09-2024T14:39:18 - [MESSAGE][INFO] - Checking response object

06-09-2024T14:39:18 - [MESSAGE][INFO] - XAXA010101111

06-09-2024T14:39:18 - [MESSAGE][PASSED] - totalplay.Common.verifyPropertyValueExist is PASSED

06-09-2024T14:39:18 - [TEST_STEP][PASSED] - totalplay.Common.verifyPropertyExist(AddAddressToCart, shipments_0_shipping_address_c_state): totalplay.Common.verifyPropertyExist is PASSED

06-09-2024T14:39:18 - [MESSAGE][INFO] - Checking response object

06-09-2024T14:39:18 - [MESSAGE][PASSED] - totalplay.Common.verifyPropertyExist is PASSED

06-09-2024T14:39:18 - [TEST_STEP][PASSED] - totalplay.Common.verifyPropertyValueExist(AddAddressToCart, shipments_0_shipping_address_c_state): totalplay.Common.verifyPropertyValueExist is PASSED

06-09-2024T14:39:18 - [MESSAGE][INFO] - Checking response object

06-09-2024T14:39:18 - [MESSAGE][INFO] - CDMX

06-09-2024T14:39:18 - [MESSAGE][PASSED] - totalplay.Common.verifyPropertyValueExist is PASSED

06-09-2024T14:39:18 - [TEST_STEP][PASSED] - totalplay.Common.verifyPropertyExist(AddAddressToCart, shipments_0_shipping_address_c_streetName): totalplay.Common.verifyPropertyExist is PASSED

06-09-2024T14:39:18 - [MESSAGE][INFO] - Checking response object

06-09-2024T14:39:18 - [MESSAGE][PASSED] - totalplay.Common.verifyPropertyExist is PASSED

06-09-2024T14:39:18 - [TEST_STEP][PASSED] - totalplay.Common.verifyPropertyValueExist(AddAddressToCart, shipments_0_shipping_address_c_streetName): totalplay.Common.verifyPropertyValueExist is PASSED

06-09-2024T14:39:18 - [MESSAGE][INFO] - Checking response object

06-09-2024T14:39:18 - [MESSAGE][INFO] - Alejandro Dumas

06-09-2024T14:39:18 - [MESSAGE][PASSED] - totalplay.Common.verifyPropertyValueExist is PASSED

06-09-2024T14:39:18 - [TEST_STEP][PASSED] - totalplay.Common.verifyPropertyExist(AddAddressToCart, shipments_0_shipping_method__type): totalplay.Common.verifyPropertyExist is PASSED

06-09-2024T14:39:18 - [MESSAGE][INFO] - Checking response object

06-09-2024T14:39:18 - [MESSAGE][PASSED] - totalplay.Common.verifyPropertyExist is PASSED

06-09-2024T14:39:18 - [TEST_STEP][PASSED] - totalplay.Common.verifyPropertyValueExist(AddAddressToCart, shipments_0_shipping_method__type): totalplay.Common.verifyPropertyValueExist is PASSED

06-09-2024T14:39:18 - [MESSAGE][INFO] - Checking response object

06-09-2024T14:39:18 - [MESSAGE][INFO] - shipping_method

06-09-2024T14:39:18 - [MESSAGE][PASSED] - totalplay.Common.verifyPropertyValueExist is PASSED

06-09-2024T14:39:18 - [TEST_STEP][PASSED] - totalplay.Common.verifyPropertyExist(AddAddressToCart, shipments_0_shipping_method_description): totalplay.Common.verifyPropertyExist is PASSED

06-09-2024T14:39:18 - [MESSAGE][INFO] - Checking response object

06-09-2024T14:39:18 - [MESSAGE][PASSED] - totalplay.Common.verifyPropertyExist is PASSED

06-09-2024T14:39:18 - [TEST_STEP][PASSED] - totalplay.Common.verifyPropertyValueExist(AddAddressToCart, shipments_0_shipping_method_description): totalplay.Common.verifyPropertyValueExist is PASSED

06-09-2024T14:39:18 - [MESSAGE][INFO] - Checking response object

06-09-2024T14:39:18 - [MESSAGE][INFO] - pickup

06-09-2024T14:39:18 - [MESSAGE][PASSED] - totalplay.Common.verifyPropertyValueExist is PASSED

06-09-2024T14:39:18 - [TEST_STEP][PASSED] - totalplay.Common.verifyPropertyExist(AddAddressToCart, shipments_0_shipping_method_name): totalplay.Common.verifyPropertyExist is PASSED

06-09-2024T14:39:18 - [MESSAGE][INFO] - Checking response object

06-09-2024T14:39:19 - [MESSAGE][PASSED] - totalplay.Common.verifyPropertyExist is PASSED

06-09-2024T14:39:19 - [TEST_STEP][PASSED] - totalplay.Common.verifyPropertyValueExist(AddAddressToCart, shipments_0_shipping_method_name): totalplay.Common.verifyPropertyValueExist is PASSED

06-09-2024T14:39:19 - [MESSAGE][INFO] - Checking response object

06-09-2024T14:39:19 - [MESSAGE][INFO] - pickup

06-09-2024T14:39:19 - [MESSAGE][PASSED] - totalplay.Common.verifyPropertyValueExist is PASSED

06-09-2024T14:39:19 - [TEST_STEP][PASSED] - totalplay.Common.verifyPropertyExist(AddAddressToCart, shipments_0_shipping_method_c_estimatedArrivalTime): totalplay.Common.verifyPropertyExist is PASSED

06-09-2024T14:39:19 - [MESSAGE][INFO] - Checking response object

06-09-2024T14:39:19 - [MESSAGE][PASSED] - totalplay.Common.verifyPropertyExist is PASSED

06-09-2024T14:39:19 - [TEST_STEP][PASSED] - totalplay.Common.verifyPropertyValueExist(AddAddressToCart, shipments_0_shipping_method_c_estimatedArrivalTime): totalplay.Common.verifyPropertyValueExist is PASSED

06-09-2024T14:39:19 - [MESSAGE][INFO] - Checking response object

06-09-2024T14:39:19 - [MESSAGE][INFO] - 60 Mins

06-09-2024T14:39:19 - [MESSAGE][PASSED] - totalplay.Common.verifyPropertyValueExist is PASSED

06-09-2024T14:39:19 - [TEST_STEP][PASSED] - totalplay.Common.getBooleanValueofObject(AddAddressToCart, shipments_0_shipping_method_c_storePickupEnabled): totalplay.Common.getBooleanValueofObject is PASSED

06-09-2024T14:39:19 - [MESSAGE][INFO] - Checking response object

06-09-2024T14:39:19 - [MESSAGE][PASSED] - totalplay.Common.getBooleanValueofObject is PASSED

06-09-2024T14:39:19 - [TEST_STEP][PASSED] - totalplay.Common.verifyPropertyExist(AddAddressToCart, shipments_0_shipping_status): totalplay.Common.verifyPropertyExist is PASSED

06-09-2024T14:39:19 - [MESSAGE][INFO] - Checking response object

06-09-2024T14:39:19 - [MESSAGE][PASSED] - totalplay.Common.verifyPropertyExist is PASSED

06-09-2024T14:39:19 - [TEST_STEP][PASSED] - totalplay.Common.verifyPropertyValueExist(AddAddressToCart, shipments_0_shipping_status): totalplay.Common.verifyPropertyValueExist is PASSED

06-09-2024T14:39:19 - [MESSAGE][INFO] - Checking response object

06-09-2024T14:39:19 - [MESSAGE][INFO] - not_shipped

06-09-2024T14:39:19 - [MESSAGE][PASSED] - totalplay.Common.verifyPropertyValueExist is PASSED

06-09-2024T14:39:19 - [TEST_STEP][PASSED] - totalplay.Common.getDecimalValueofObject(AddAddressToCart, shipments_0_shipping_total): totalplay.Common.getDecimalValueofObject is PASSED

06-09-2024T14:39:19 - [MESSAGE][INFO] - Checking response object

06-09-2024T14:39:19 - [MESSAGE][PASSED] - totalplay.Common.getDecimalValueofObject is PASSED

06-09-2024T14:39:19 - [TEST_STEP][PASSED] - totalplay.Common.getDecimalValueofObject(AddAddressToCart, shipments_0_shipping_total_tax): totalplay.Common.getDecimalValueofObject is PASSED

06-09-2024T14:39:19 - [MESSAGE][INFO] - Checking response object

06-09-2024T14:39:19 - [MESSAGE][PASSED] - totalplay.Common.getDecimalValueofObject is PASSED

06-09-2024T14:39:19 - [TEST_STEP][PASSED] - totalplay.Common.getDecimalValueofObject(AddAddressToCart, shipments_0_tax_total): totalplay.Common.getDecimalValueofObject is PASSED

06-09-2024T14:39:19 - [MESSAGE][INFO] - Checking response object

06-09-2024T14:39:19 - [MESSAGE][PASSED] - totalplay.Common.getDecimalValueofObject is PASSED

06-09-2024T14:39:19 - [TEST_STEP][PASSED] - totalplay.Common.verifyPropertyExist(AddAddressToCart, shipping_items_0__type): totalplay.Common.verifyPropertyExist is PASSED

06-09-2024T14:39:19 - [MESSAGE][INFO] - Checking response object

06-09-2024T14:39:19 - [MESSAGE][PASSED] - totalplay.Common.verifyPropertyExist is PASSED

06-09-2024T14:39:19 - [TEST_STEP][PASSED] - totalplay.Common.verifyPropertyValueExist(AddAddressToCart, shipping_items_0__type): totalplay.Common.verifyPropertyValueExist is PASSED

06-09-2024T14:39:19 - [MESSAGE][INFO] - Checking response object

06-09-2024T14:39:19 - [MESSAGE][INFO] - shipping_item

06-09-2024T14:39:19 - [MESSAGE][PASSED] - totalplay.Common.verifyPropertyValueExist is PASSED

06-09-2024T14:39:19 - [TEST_STEP][PASSED] - totalplay.Common.getDecimalValueofObject(AddAddressToCart, shipping_items_0_adjusted_tax): totalplay.Common.getDecimalValueofObject is PASSED

06-09-2024T14:39:19 - [MESSAGE][INFO] - Checking response object

06-09-2024T14:39:19 - [MESSAGE][PASSED] - totalplay.Common.getDecimalValueofObject is PASSED

06-09-2024T14:39:19 - [TEST_STEP][PASSED] - totalplay.Common.getDecimalValueofObject(AddAddressToCart, shipping_items_0_base_price): totalplay.Common.getDecimalValueofObject is PASSED

06-09-2024T14:39:19 - [MESSAGE][INFO] - Checking response object

06-09-2024T14:39:19 - [MESSAGE][PASSED] - totalplay.Common.getDecimalValueofObject is PASSED

06-09-2024T14:39:19 - [TEST_STEP][PASSED] - totalplay.Common.verifyPropertyExist(AddAddressToCart, shipping_items_0_item_id): totalplay.Common.verifyPropertyExist is PASSED

06-09-2024T14:39:19 - [MESSAGE][INFO] - Checking response object

06-09-2024T14:39:19 - [MESSAGE][PASSED] - totalplay.Common.verifyPropertyExist is PASSED

06-09-2024T14:39:19 - [TEST_STEP][PASSED] - totalplay.Common.verifyPropertyValueExist(AddAddressToCart, shipping_items_0_item_id): totalplay.Common.verifyPropertyValueExist is PASSED

06-09-2024T14:39:19 - [MESSAGE][INFO] - Checking response object

06-09-2024T14:39:19 - [MESSAGE][INFO] - 60cb796b5ed0f9b9e9282e6127

06-09-2024T14:39:19 - [MESSAGE][PASSED] - totalplay.Common.verifyPropertyValueExist is PASSED

06-09-2024T14:39:19 - [TEST_STEP][PASSED] - totalplay.Common.verifyPropertyExist(AddAddressToCart, shipping_items_0_item_text): totalplay.Common.verifyPropertyExist is PASSED

06-09-2024T14:39:19 - [MESSAGE][INFO] - Checking response object

06-09-2024T14:39:19 - [MESSAGE][PASSED] - totalplay.Common.verifyPropertyExist is PASSED

06-09-2024T14:39:19 - [TEST_STEP][PASSED] - totalplay.Common.verifyPropertyValueExist(AddAddressToCart, shipping_items_0_item_text): totalplay.Common.verifyPropertyValueExist is PASSED

06-09-2024T14:39:19 - [MESSAGE][INFO] - Checking response object

06-09-2024T14:39:19 - [MESSAGE][INFO] - Shipping

06-09-2024T14:39:19 - [MESSAGE][PASSED] - totalplay.Common.verifyPropertyValueExist is PASSED

06-09-2024T14:39:19 - [TEST_STEP][PASSED] - totalplay.Common.getDecimalValueofObject(AddAddressToCart, shipping_items_0_price): totalplay.Common.getDecimalValueofObject is PASSED

06-09-2024T14:39:19 - [MESSAGE][INFO] - Checking response object

06-09-2024T14:39:19 - [MESSAGE][PASSED] - totalplay.Common.getDecimalValueofObject is PASSED

06-09-2024T14:39:19 - [TEST_STEP][PASSED] - totalplay.Common.getDecimalValueofObject(AddAddressToCart, shipping_items_0_price_after_item_discount): totalplay.Common.getDecimalValueofObject is PASSED

06-09-2024T14:39:19 - [MESSAGE][INFO] - Checking response object

06-09-2024T14:39:19 - [MESSAGE][PASSED] - totalplay.Common.getDecimalValueofObject is PASSED

06-09-2024T14:39:19 - [TEST_STEP][PASSED] - totalplay.Common.verifyPropertyExist(AddAddressToCart, shipping_items_0_shipment_id): totalplay.Common.verifyPropertyExist is PASSED

06-09-2024T14:39:19 - [MESSAGE][INFO] - Checking response object

06-09-2024T14:39:19 - [MESSAGE][PASSED] - totalplay.Common.verifyPropertyExist is PASSED

06-09-2024T14:39:19 - [TEST_STEP][PASSED] - totalplay.Common.verifyPropertyValueExist(AddAddressToCart, shipping_items_0_shipment_id): totalplay.Common.verifyPropertyValueExist is PASSED

06-09-2024T14:39:19 - [MESSAGE][INFO] - Checking response object

06-09-2024T14:39:19 - [MESSAGE][INFO] - me

06-09-2024T14:39:19 - [MESSAGE][PASSED] - totalplay.Common.verifyPropertyValueExist is PASSED

06-09-2024T14:39:19 - [TEST_STEP][PASSED] - totalplay.Common.getDecimalValueofObject(AddAddressToCart, shipping_items_0_tax): totalplay.Common.getDecimalValueofObject is PASSED

06-09-2024T14:39:19 - [MESSAGE][INFO] - Checking response object

06-09-2024T14:39:19 - [MESSAGE][PASSED] - totalplay.Common.getDecimalValueofObject is PASSED

06-09-2024T14:39:19 - [TEST_STEP][PASSED] - totalplay.Common.getDecimalValueofObject(AddAddressToCart, shipping_items_0_tax_basis): totalplay.Common.getDecimalValueofObject is PASSED

06-09-2024T14:39:19 - [MESSAGE][INFO] - Checking response object

06-09-2024T14:39:19 - [MESSAGE][PASSED] - totalplay.Common.getDecimalValueofObject is PASSED

06-09-2024T14:39:19 - [TEST_STEP][PASSED] - totalplay.Common.verifyPropertyExist(AddAddressToCart, shipping_items_0_tax_class_id): totalplay.Common.verifyPropertyExist is PASSED

06-09-2024T14:39:19 - [MESSAGE][INFO] - Checking response object

06-09-2024T14:39:19 - [MESSAGE][PASSED] - totalplay.Common.verifyPropertyExist is PASSED

06-09-2024T14:39:19 - [TEST_STEP][PASSED] - totalplay.Common.verifyPropertyValueExist(AddAddressToCart, shipping_items_0_tax_class_id): totalplay.Common.verifyPropertyValueExist is PASSED

06-09-2024T14:39:19 - [MESSAGE][INFO] - Checking response object

06-09-2024T14:39:19 - [MESSAGE][INFO] - new_tax

06-09-2024T14:39:19 - [MESSAGE][PASSED] - totalplay.Common.verifyPropertyValueExist is PASSED

06-09-2024T14:39:19 - [TEST_STEP][PASSED] - totalplay.Common.getDecimalValueofObject(AddAddressToCart, shipping_items_0_tax_rate): totalplay.Common.getDecimalValueofObject is PASSED

06-09-2024T14:39:19 - [MESSAGE][INFO] - Checking response object

06-09-2024T14:39:19 - [MESSAGE][PASSED] - totalplay.Common.getDecimalValueofObject is PASSED

06-09-2024T14:39:19 - [TEST_STEP][PASSED] - totalplay.Common.getDecimalValueofObject(AddAddressToCart, shipping_total): totalplay.Common.getDecimalValueofObject is PASSED

06-09-2024T14:39:19 - [MESSAGE][INFO] - Checking response object

06-09-2024T14:39:19 - [MESSAGE][PASSED] - totalplay.Common.getDecimalValueofObject is PASSED

06-09-2024T14:39:19 - [TEST_STEP][PASSED] - totalplay.Common.getDecimalValueofObject(AddAddressToCart, shipping_total_tax): totalplay.Common.getDecimalValueofObject is PASSED

06-09-2024T14:39:19 - [MESSAGE][INFO] - Checking response object

06-09-2024T14:39:19 - [MESSAGE][PASSED] - totalplay.Common.getDecimalValueofObject is PASSED

06-09-2024T14:39:19 - [TEST_STEP][PASSED] - totalplay.Common.verifyPropertyExist(AddAddressToCart, taxation): totalplay.Common.verifyPropertyExist is PASSED

06-09-2024T14:39:19 - [MESSAGE][INFO] - Checking response object

06-09-2024T14:39:19 - [MESSAGE][PASSED] - totalplay.Common.verifyPropertyExist is PASSED

06-09-2024T14:39:19 - [TEST_STEP][PASSED] - totalplay.Common.verifyPropertyValueExist(AddAddressToCart, taxation): totalplay.Common.verifyPropertyValueExist is PASSED

06-09-2024T14:39:19 - [MESSAGE][INFO] - Checking response object

06-09-2024T14:39:19 - [MESSAGE][INFO] - net

06-09-2024T14:39:19 - [MESSAGE][PASSED] - totalplay.Common.verifyPropertyValueExist is PASSED

06-09-2024T14:39:19 - [TEST_STEP][PASSED] - totalplay.Common.getDecimalValueofObject(AddAddressToCart, tax_total): totalplay.Common.getDecimalValueofObject is PASSED

06-09-2024T14:39:20 - [MESSAGE][INFO] - Checking response object

06-09-2024T14:39:20 - [MESSAGE][PASSED] - totalplay.Common.getDecimalValueofObject is PASSED

06-09-2024T14:39:20 - [TEST_STEP][PASSED] - totalplay.Common.verifyPropertyExist(AddAddressToCart, c_currentCorporate): totalplay.Common.verifyPropertyExist is PASSED

06-09-2024T14:39:20 - [MESSAGE][INFO] - Checking response object

06-09-2024T14:39:20 - [MESSAGE][PASSED] - totalplay.Common.verifyPropertyExist is PASSED

06-09-2024T14:39:20 - [TEST_STEP][PASSED] - totalplay.Common.verifyPropertyValueExist(AddAddressToCart, c_currentCorporate): totalplay.Common.verifyPropertyValueExist is PASSED

06-09-2024T14:39:20 - [MESSAGE][INFO] - Checking response object

06-09-2024T14:39:20 - [MESSAGE][INFO] - LaCasaDeToño

06-09-2024T14:39:20 - [MESSAGE][PASSED] - totalplay.Common.verifyPropertyValueExist is PASSED

06-09-2024T14:39:20 - [TEST_STEP][PASSED] - totalplay.Common.getBooleanValueofObject(AddAddressToCart, c_forceDeleteOndemand): totalplay.Common.getBooleanValueofObject is PASSED

06-09-2024T14:39:20 - [MESSAGE][INFO] - Checking response object

06-09-2024T14:39:20 - [MESSAGE][PASSED] - totalplay.Common.getBooleanValueofObject is PASSED

06-09-2024T14:39:20 - [TEST_STEP][PASSED] - totalplay.Common.verifyPropertyExist(AddAddressToCart, c_pickerExpressShipment): totalplay.Common.verifyPropertyExist is PASSED

06-09-2024T14:39:20 - [MESSAGE][INFO] - Checking response object

06-09-2024T14:39:20 - [MESSAGE][PASSED] - totalplay.Common.verifyPropertyExist is PASSED

06-09-2024T14:39:20 - [TEST_STEP][PASSED] - totalplay.Common.verifyPropertyValueExist(AddAddressToCart, c_pickerExpressShipment): totalplay.Common.verifyPropertyValueExist is PASSED

06-09-2024T14:39:20 - [MESSAGE][INFO] - Checking response object

06-09-2024T14:39:20 - [MESSAGE][INFO] - {"shipCost":40,"idCotizacion":"PICK000000011873"}

06-09-2024T14:39:20 - [MESSAGE][PASSED] - totalplay.Common.verifyPropertyValueExist is PASSED]]></system-out>
         <system-err><![CDATA[]]></system-err>
      </testcase>
      <testcase name="Test Cases/TotalPlay-Food/TC_20_Food TP - Credit Card" time="20.169" classname="Test Cases/TotalPlay-Food/TC_20_Food TP - Credit Card" status="PASSED">
         <system-out><![CDATA[06-09-2024T14:39:20 - [TEST_CASE][PASSED] - Test Cases/TotalPlay-Food/TC_20_Food TP - Credit Card: Test Cases/TotalPlay-Food/TC_20_Food TP - Credit Card

06-09-2024T14:39:21 - [TEST_STEP][PASSED] - callTestCase(findTestCase("TotalPlay-Food/TC_1_Login_Service"), [:], STOP_ON_FAILURE): Call Test Case 'Test Cases/TotalPlay-Food/TC_1_Login_Service' successfully

06-09-2024T14:39:21 - [MESSAGE][INFO] - Checking called Test Case

06-09-2024T14:39:21 - [MESSAGE][INFO] - Starting to call Test Case 'Test Cases/TotalPlay-Food/TC_1_Login_Service'

06-09-2024T14:39:21 - [TEST_CASE][PASSED] - Test Cases/TotalPlay-Food/TC_1_Login_Service: Test Cases/TotalPlay-Food/TC_1_Login_Service

06-09-2024T14:39:21 - [TEST_STEP][PASSED] - LoginResponse = sendRequest(findTestObject("TotalPlay-Food/getTokenDelivery", ["URL":URL])): Send request successfully

06-09-2024T14:39:21 - [MESSAGE][INFO] - Finding Test Object 'Object Repository/TotalPlay-Food/getTokenDelivery'

06-09-2024T14:39:21 - [MESSAGE][INFO] - Checking request object

06-09-2024T14:39:25 - [MESSAGE][INFO] - HAR: C:\Users\ShubhamKumarThakur\OneDrive - Kognivera\Documents\TotalPlay\totalplay-automation\Reports\20240906_143744\Food_Service_Normal_Flow_PlaceOrder\20240906_143744\requests\main\19.har

06-09-2024T14:39:25 - [MESSAGE][PASSED] - Send request successfully

06-09-2024T14:39:25 - [TEST_STEP][PASSED] - assert getResponseStatusCode(LoginResponse) == 200: Checking response object

06-09-2024T14:39:25 - [MESSAGE][INFO] - Checking response object

06-09-2024T14:39:25 - [TEST_STEP][PASSED] - Auth = "ocapiResponse.access_token": null

06-09-2024T14:39:25 - [TEST_STEP][PASSED] - FoodBascketId = "ocapiResponse.c_basketId_TP_FOOD": null

06-09-2024T14:39:25 - [TEST_STEP][PASSED] - FoodBasId = getElementPropertyValue(LoginResponse, FoodBascketId): Checking response object

06-09-2024T14:39:25 - [MESSAGE][INFO] - Checking response object

06-09-2024T14:39:25 - [TEST_STEP][PASSED] - sfccAuthorization = getElementPropertyValue(LoginResponse, Auth): Checking response object

06-09-2024T14:39:25 - [MESSAGE][INFO] - Checking response object

06-09-2024T14:39:25 - [TEST_STEP][PASSED] - Authorization = "Bearer " + sfccAuthorization: null

06-09-2024T14:39:25 - [TEST_STEP][PASSED] - FoodBasketId = FoodBasId: null

06-09-2024T14:39:25 - [TEST_STEP][PASSED] - logInfo(bm_auth_token): 

06-09-2024T14:39:25 - [MESSAGE][INFO] - 

06-09-2024T14:39:25 - [TEST_STEP][PASSED] - if (sfccAuthorization.length() == 0): null

06-09-2024T14:39:25 - [TEST_STEP][PASSED] - else: authorization generated

06-09-2024T14:39:25 - [TEST_STEP][PASSED] - markPassed("authorization generated"): authorization generated

06-09-2024T14:39:25 - [MESSAGE][PASSED] - authorization generated

06-09-2024T14:39:25 - [TEST_STEP][PASSED] - BasketId_loginResponse = "ocapiResponse.c_basketId": null

06-09-2024T14:39:25 - [TEST_STEP][PASSED] - CustomerId_loginResponse = "ocapiResponse.customer_id": null

06-09-2024T14:39:25 - [TEST_STEP][PASSED] - basketId = getElementPropertyValue(LoginResponse, BasketId_loginResponse): Checking response object

06-09-2024T14:39:25 - [MESSAGE][INFO] - Checking response object

06-09-2024T14:39:25 - [TEST_STEP][PASSED] - customerId = getElementPropertyValue(LoginResponse, CustomerId_loginResponse): Checking response object

06-09-2024T14:39:25 - [MESSAGE][INFO] - Checking response object

06-09-2024T14:39:25 - [TEST_STEP][PASSED] - basketID = basketId: null

06-09-2024T14:39:25 - [TEST_STEP][PASSED] - sla_customerId = customerId: null

06-09-2024T14:39:25 - [TEST_STEP][PASSED] - println(basketID): null

06-09-2024T14:39:25 - [TEST_STEP][PASSED] - println(sla_customerId): null

06-09-2024T14:39:25 - [TEST_STEP][PASSED] - refresh_token = "ocapiResponse.refresh_token": null

06-09-2024T14:39:25 - [TEST_STEP][PASSED] - customer_email = "ocapiResponse.customer_email": null

06-09-2024T14:39:25 - [TEST_STEP][PASSED] - c_brmId = "ocapiResponse.c_brmId": null

06-09-2024T14:39:25 - [TEST_STEP][PASSED] - customer_name = "ocapiResponse.customer_name": null

06-09-2024T14:39:25 - [TEST_STEP][PASSED] - totalplay.Common.verifyPropertyExist(LoginResponse, refresh_token): totalplay.Common.verifyPropertyExist is PASSED

06-09-2024T14:39:25 - [MESSAGE][INFO] - Checking response object

06-09-2024T14:39:25 - [MESSAGE][PASSED] - totalplay.Common.verifyPropertyExist is PASSED

06-09-2024T14:39:25 - [TEST_STEP][PASSED] - totalplay.Common.verifyPropertyValueExist(LoginResponse, refresh_token): totalplay.Common.verifyPropertyValueExist is PASSED

06-09-2024T14:39:25 - [MESSAGE][INFO] - Checking response object

06-09-2024T14:39:25 - [MESSAGE][INFO] - 2ndPewZFpfr0qq9D7o7rr8f5VMbJC3I6QQeZH3q4jmo

06-09-2024T14:39:25 - [MESSAGE][PASSED] - totalplay.Common.verifyPropertyValueExist is PASSED

06-09-2024T14:39:25 - [TEST_STEP][PASSED] - totalplay.Common.verifyPropertyExist(LoginResponse, customer_email): totalplay.Common.verifyPropertyExist is PASSED

06-09-2024T14:39:25 - [MESSAGE][INFO] - Checking response object

06-09-2024T14:39:25 - [MESSAGE][PASSED] - totalplay.Common.verifyPropertyExist is PASSED

06-09-2024T14:39:25 - [TEST_STEP][PASSED] - totalplay.Common.verifyPropertyValueExist(LoginResponse, customer_email): totalplay.Common.verifyPropertyValueExist is PASSED

06-09-2024T14:39:25 - [MESSAGE][INFO] - Checking response object

06-09-2024T14:39:25 - [MESSAGE][INFO] - cesar.waldo93@gmail.com

06-09-2024T14:39:25 - [MESSAGE][PASSED] - totalplay.Common.verifyPropertyValueExist is PASSED

06-09-2024T14:39:25 - [TEST_STEP][PASSED] - totalplay.Common.verifyPropertyExist(LoginResponse, customer_name): totalplay.Common.verifyPropertyExist is PASSED

06-09-2024T14:39:25 - [MESSAGE][INFO] - Checking response object

06-09-2024T14:39:25 - [MESSAGE][PASSED] - totalplay.Common.verifyPropertyExist is PASSED

06-09-2024T14:39:25 - [TEST_STEP][PASSED] - totalplay.Common.verifyPropertyValueExist(LoginResponse, customer_name): totalplay.Common.verifyPropertyValueExist is PASSED

06-09-2024T14:39:25 - [MESSAGE][INFO] - Checking response object

06-09-2024T14:39:25 - [MESSAGE][INFO] - CESAR GERARDO WALDO GONZALEZ

06-09-2024T14:39:25 - [MESSAGE][PASSED] - totalplay.Common.verifyPropertyValueExist is PASSED

06-09-2024T14:39:25 - [TEST_STEP][PASSED] - totalplay.Common.verifyPropertyExist(LoginResponse, c_brmId): totalplay.Common.verifyPropertyExist is PASSED

06-09-2024T14:39:25 - [MESSAGE][INFO] - Checking response object

06-09-2024T14:39:25 - [MESSAGE][PASSED] - totalplay.Common.verifyPropertyExist is PASSED

06-09-2024T14:39:25 - [TEST_STEP][PASSED] - totalplay.Common.verifyPropertyValueExist(LoginResponse, c_brmId): totalplay.Common.verifyPropertyValueExist is PASSED

06-09-2024T14:39:25 - [MESSAGE][INFO] - Checking response object

06-09-2024T14:39:25 - [MESSAGE][INFO] - 0106378356

06-09-2024T14:39:25 - [MESSAGE][PASSED] - totalplay.Common.verifyPropertyValueExist is PASSED

06-09-2024T14:39:25 - [MESSAGE][PASSED] - Call Test Case 'Test Cases/TotalPlay-Food/TC_1_Login_Service' successfully

06-09-2024T14:39:25 - [TEST_STEP][PASSED] - AddProductbasket = sendRequest(findTestObject("TotalPlay-Food/AddProductToBasket", ["URL":URL, "basketID":FoodBasketId])): Send request successfully

06-09-2024T14:39:25 - [MESSAGE][INFO] - Finding Test Object 'Object Repository/TotalPlay-Food/AddProductToBasket'

06-09-2024T14:39:25 - [MESSAGE][INFO] - Checking request object

06-09-2024T14:39:27 - [MESSAGE][INFO] - HAR: C:\Users\ShubhamKumarThakur\OneDrive - Kognivera\Documents\TotalPlay\totalplay-automation\Reports\20240906_143744\Food_Service_Normal_Flow_PlaceOrder\20240906_143744\requests\main\20.har

06-09-2024T14:39:27 - [MESSAGE][PASSED] - Send request successfully

06-09-2024T14:39:27 - [TEST_STEP][PASSED] - verifyResponseStatusCode(AddProductbasket, 200): Verify response status code successfully

06-09-2024T14:39:27 - [MESSAGE][INFO] - Checking response object

06-09-2024T14:39:27 - [MESSAGE][PASSED] - Verify response status code successfully

06-09-2024T14:39:27 - [TEST_STEP][PASSED] - getAddress = sendRequest(findTestObject("TotalPlay-Food/GetAddresses", ["URL":URL, "sla_customerId":sla_customerId, "shop_auth_token":shop_auth_token])): Send request successfully

06-09-2024T14:39:27 - [MESSAGE][INFO] - Finding Test Object 'Object Repository/TotalPlay-Food/GetAddresses'

06-09-2024T14:39:27 - [MESSAGE][INFO] - Checking request object

06-09-2024T14:39:27 - [MESSAGE][INFO] - HAR: C:\Users\ShubhamKumarThakur\OneDrive - Kognivera\Documents\TotalPlay\totalplay-automation\Reports\20240906_143744\Food_Service_Normal_Flow_PlaceOrder\20240906_143744\requests\main\21.har

06-09-2024T14:39:27 - [MESSAGE][PASSED] - Send request successfully

06-09-2024T14:39:27 - [TEST_STEP][PASSED] - verifyResponseStatusCode(getAddress, 200): Verify response status code successfully

06-09-2024T14:39:27 - [MESSAGE][INFO] - Checking response object

06-09-2024T14:39:27 - [MESSAGE][PASSED] - Verify response status code successfully

06-09-2024T14:39:27 - [TEST_STEP][PASSED] - AddAddressToCart = sendRequest(findTestObject("TotalPlay-Food/add address to cart", ["URL":URL, "basketID":FoodBasketId])): Send request successfully

06-09-2024T14:39:27 - [MESSAGE][INFO] - Finding Test Object 'Object Repository/TotalPlay-Food/add address to cart'

06-09-2024T14:39:27 - [MESSAGE][INFO] - Checking request object

06-09-2024T14:39:29 - [MESSAGE][INFO] - HAR: C:\Users\ShubhamKumarThakur\OneDrive - Kognivera\Documents\TotalPlay\totalplay-automation\Reports\20240906_143744\Food_Service_Normal_Flow_PlaceOrder\20240906_143744\requests\main\22.har

06-09-2024T14:39:29 - [MESSAGE][PASSED] - Send request successfully

06-09-2024T14:39:29 - [TEST_STEP][PASSED] - verifyResponseStatusCode(AddAddressToCart, 200): Verify response status code successfully

06-09-2024T14:39:29 - [MESSAGE][INFO] - Checking response object

06-09-2024T14:39:29 - [MESSAGE][PASSED] - Verify response status code successfully

06-09-2024T14:39:29 - [TEST_STEP][PASSED] - SetPayment_instruments = sendRequest(findTestObject("TotalPlay-Food/Food TP Credit", ["URL":URL, "basketID":FoodBasketId, "orderTotal":orderTotal])): Send request successfully

06-09-2024T14:39:29 - [MESSAGE][INFO] - Finding Test Object 'Object Repository/TotalPlay-Food/Food TP Credit'

06-09-2024T14:39:29 - [MESSAGE][INFO] - Checking request object

06-09-2024T14:39:34 - [MESSAGE][INFO] - HAR: C:\Users\ShubhamKumarThakur\OneDrive - Kognivera\Documents\TotalPlay\totalplay-automation\Reports\20240906_143744\Food_Service_Normal_Flow_PlaceOrder\20240906_143744\requests\main\23.har

06-09-2024T14:39:34 - [MESSAGE][PASSED] - Send request successfully

06-09-2024T14:39:34 - [TEST_STEP][PASSED] - totalplay.Common.printResponseinText(SetPayment_instruments): totalplay.Common.printResponseinText is PASSED

06-09-2024T14:39:34 - [MESSAGE][PASSED] - totalplay.Common.printResponseinText is PASSED

06-09-2024T14:39:34 - [TEST_STEP][PASSED] - verifyResponseStatusCode(SetPayment_instruments, 200): Verify response status code successfully

06-09-2024T14:39:34 - [MESSAGE][INFO] - Checking response object

06-09-2024T14:39:34 - [MESSAGE][PASSED] - Verify response status code successfully

06-09-2024T14:39:34 - [TEST_STEP][PASSED] - _v = "_v": null

06-09-2024T14:39:34 - [TEST_STEP][PASSED] - _type = "_type": null

06-09-2024T14:39:34 - [TEST_STEP][PASSED] - _resource_state = "_resource_state": null

06-09-2024T14:39:34 - [TEST_STEP][PASSED] - adjusted_merchandize_total_tax = "adjusted_merchandize_total_tax": null

06-09-2024T14:39:34 - [TEST_STEP][PASSED] - adjusted_shipping_total_tax = "adjusted_shipping_total_tax": null

06-09-2024T14:39:34 - [TEST_STEP][PASSED] - agent_basket = "agent_basket": null

06-09-2024T14:39:34 - [TEST_STEP][PASSED] - basket_id = "basket_id": null

06-09-2024T14:39:34 - [TEST_STEP][PASSED] - billing_address__type = "billing_address._type": null

06-09-2024T14:39:34 - [TEST_STEP][PASSED] - billing_address_address1 = "billing_address.address1": null

06-09-2024T14:39:34 - [TEST_STEP][PASSED] - billing_address_city = "billing_address.city": null

06-09-2024T14:39:34 - [TEST_STEP][PASSED] - billing_address_country_code = "billing_address.country_code": null

06-09-2024T14:39:34 - [TEST_STEP][PASSED] - billing_address_first_name = "billing_address.first_name": null

06-09-2024T14:39:34 - [TEST_STEP][PASSED] - billing_address_full_name = "billing_address.full_name": null

06-09-2024T14:39:34 - [TEST_STEP][PASSED] - billing_address_id = "billing_address.id": null

06-09-2024T14:39:34 - [TEST_STEP][PASSED] - billing_address_last_name = "billing_address.last_name": null

06-09-2024T14:39:34 - [TEST_STEP][PASSED] - billing_address_phone = "billing_address.phone": null

06-09-2024T14:39:34 - [TEST_STEP][PASSED] - billing_address_postal_code = "billing_address.postal_code": null

06-09-2024T14:39:34 - [TEST_STEP][PASSED] - billing_address_c_alias = "billing_address.c_alias": null

06-09-2024T14:39:34 - [TEST_STEP][PASSED] - billing_address_c_delegation = "billing_address.c_delegation": null

06-09-2024T14:39:34 - [TEST_STEP][PASSED] - billing_address_c_label = "billing_address.c_label": null

06-09-2024T14:39:34 - [TEST_STEP][PASSED] - billing_address_c_latitude = "billing_address.c_latitude": null

06-09-2024T14:39:34 - [TEST_STEP][PASSED] - billing_address_c_longitude = "billing_address.c_longitude": null

06-09-2024T14:39:34 - [TEST_STEP][PASSED] - billing_address_c_nExt = "billing_address.c_nExt": null

06-09-2024T14:39:34 - [TEST_STEP][PASSED] - billing_address_c_neighborhood = "billing_address.c_neighborhood": null

06-09-2024T14:39:34 - [TEST_STEP][PASSED] - billing_address_c_references = "billing_address.c_references": null

06-09-2024T14:39:34 - [TEST_STEP][PASSED] - billing_address_c_rfc = "billing_address.c_rfc": null

06-09-2024T14:39:34 - [TEST_STEP][PASSED] - billing_address_c_state = "billing_address.c_state": null

06-09-2024T14:39:34 - [TEST_STEP][PASSED] - billing_address_c_streetName = "billing_address.c_streetName": null

06-09-2024T14:39:34 - [TEST_STEP][PASSED] - channel_type = "channel_type": null

06-09-2024T14:39:34 - [TEST_STEP][PASSED] - creation_date = "creation_date": null

06-09-2024T14:39:34 - [TEST_STEP][PASSED] - currency = "currency": null

06-09-2024T14:39:34 - [TEST_STEP][PASSED] - customer_info__type = "customer_info._type": null

06-09-2024T14:39:34 - [TEST_STEP][PASSED] - customer_info_customer_id = "customer_info.customer_id": null

06-09-2024T14:39:34 - [TEST_STEP][PASSED] - customer_info_customer_no = "customer_info.customer_no": null

06-09-2024T14:39:34 - [TEST_STEP][PASSED] - customer_info_email = "customer_info.email": null

06-09-2024T14:39:34 - [TEST_STEP][PASSED] - last_modified = "last_modified": null

06-09-2024T14:39:34 - [TEST_STEP][PASSED] - merchandize_total_tax = "merchandize_total_tax": null

06-09-2024T14:39:34 - [TEST_STEP][PASSED] - notes__type = "notes._type": null

06-09-2024T14:39:34 - [TEST_STEP][PASSED] - notes_link = "notes.link": null

06-09-2024T14:39:34 - [TEST_STEP][PASSED] - order_total = "order_total": null

06-09-2024T14:39:34 - [TEST_STEP][PASSED] - payment_instruments_0__type = "payment_instruments[0]._type": null

06-09-2024T14:39:34 - [TEST_STEP][PASSED] - payment_instruments_0_amount = "payment_instruments[0].amount": null

06-09-2024T14:39:34 - [TEST_STEP][PASSED] - payment_instruments_0_payment_instrument_id = "payment_instruments[0].payment_instrument_id": null

06-09-2024T14:39:34 - [TEST_STEP][PASSED] - payment_instruments_0_payment_method_id = "payment_instruments[0].payment_method_id": null

06-09-2024T14:39:34 - [TEST_STEP][PASSED] - product_items_0__type = "product_items[0]._type": null

06-09-2024T14:39:34 - [TEST_STEP][PASSED] - product_items_0_adjusted_tax = "product_items[0].adjusted_tax": null

06-09-2024T14:39:34 - [TEST_STEP][PASSED] - product_items_0_base_price = "product_items[0].base_price": null

06-09-2024T14:39:34 - [TEST_STEP][PASSED] - product_items_0_bonus_product_line_item = "product_items[0].bonus_product_line_item": null

06-09-2024T14:39:34 - [TEST_STEP][PASSED] - product_items_0_gift = "product_items[0].gift": null

06-09-2024T14:39:34 - [TEST_STEP][PASSED] - product_items_0_inventory_id = "product_items[0].inventory_id": null

06-09-2024T14:39:34 - [TEST_STEP][PASSED] - product_items_0_item_id = "product_items[0].item_id": null

06-09-2024T14:39:34 - [TEST_STEP][PASSED] - product_items_0_item_text = "product_items[0].item_text": null

06-09-2024T14:39:34 - [TEST_STEP][PASSED] - product_items_0_price = "product_items[0].price": null

06-09-2024T14:39:34 - [TEST_STEP][PASSED] - product_items_0_price_after_item_discount = "product_items[0].price_after_item_discount": null

06-09-2024T14:39:34 - [TEST_STEP][PASSED] - product_items_0_price_after_order_discount = "product_items[0].price_after_order_discount": null

06-09-2024T14:39:34 - [TEST_STEP][PASSED] - product_items_0_product_id = "product_items[0].product_id": null

06-09-2024T14:39:34 - [TEST_STEP][PASSED] - product_items_0_product_name = "product_items[0].product_name": null

06-09-2024T14:39:34 - [TEST_STEP][PASSED] - product_items_0_quantity = "product_items[0].quantity": null

06-09-2024T14:39:34 - [TEST_STEP][PASSED] - product_items_0_tax = "product_items[0].tax": null

06-09-2024T14:39:34 - [TEST_STEP][PASSED] - product_items_0_tax_basis = "product_items[0].tax_basis": null

06-09-2024T14:39:34 - [TEST_STEP][PASSED] - product_items_0_tax_class_id = "product_items[0].tax_class_id": null

06-09-2024T14:39:34 - [TEST_STEP][PASSED] - product_items_0_tax_rate = "product_items[0].tax_rate": null

06-09-2024T14:39:34 - [TEST_STEP][PASSED] - product_items_0_c_fromStoreId = "product_items[0].c_fromStoreId": null

06-09-2024T14:39:34 - [TEST_STEP][PASSED] - product_items_0_c_miraklChannels = "product_items[0].c_miraklChannels": null

06-09-2024T14:39:34 - [TEST_STEP][PASSED] - product_items_0_c_miraklEarliestDeliveryDays = "product_items[0].c_miraklEarliestDeliveryDays": null

06-09-2024T14:39:34 - [TEST_STEP][PASSED] - product_items_0_c_miraklLatestDeliveryDays = "product_items[0].c_miraklLatestDeliveryDays": null

06-09-2024T14:39:34 - [TEST_STEP][PASSED] - product_items_0_c_miraklLeadTimeToShip = "product_items[0].c_miraklLeadTimeToShip": null

06-09-2024T14:39:34 - [TEST_STEP][PASSED] - product_items_0_c_miraklLineShippingPrice = "product_items[0].c_miraklLineShippingPrice": null

06-09-2024T14:39:34 - [TEST_STEP][PASSED] - product_items_0_c_miraklOperatorProductId = "product_items[0].c_miraklOperatorProductId": null

06-09-2024T14:39:34 - [TEST_STEP][PASSED] - product_items_0_c_miraklShippingTaxes = "product_items[0].c_miraklShippingTaxes": null

06-09-2024T14:39:34 - [TEST_STEP][PASSED] - product_items_0_c_miraklTaxes = "product_items[0].c_miraklTaxes": null

06-09-2024T14:39:34 - [TEST_STEP][PASSED] - product_items_0_c_noOfPersons = "product_items[0].c_noOfPersons": null

06-09-2024T14:39:34 - [TEST_STEP][PASSED] - product_items_0_c_offerId = "product_items[0].c_offerId": null

06-09-2024T14:39:34 - [TEST_STEP][PASSED] - product_items_0_c_offerSalesPrice = "product_items[0].c_offerSalesPrice": null

06-09-2024T14:39:34 - [TEST_STEP][PASSED] - product_items_0_c_offerState = "product_items[0].c_offerState": null

06-09-2024T14:39:34 - [TEST_STEP][PASSED] - product_items_0_c_offerStateCode = "product_items[0].c_offerStateCode": null

06-09-2024T14:39:34 - [TEST_STEP][PASSED] - product_items_0_c_shopId = "product_items[0].c_shopId": null

06-09-2024T14:39:34 - [TEST_STEP][PASSED] - product_items_0_c_shopName = "product_items[0].c_shopName": null

06-09-2024T14:39:34 - [TEST_STEP][PASSED] - product_items_0_c_total_crossed_price = "product_items[0].c_total_crossed_price": null

06-09-2024T14:39:34 - [TEST_STEP][PASSED] - product_items_0_c_priceWithComplement = "product_items[0].c_priceWithComplement": null

06-09-2024T14:39:34 - [TEST_STEP][PASSED] - product_sub_total = "product_sub_total": null

06-09-2024T14:39:34 - [TEST_STEP][PASSED] - product_total = "product_total": null

06-09-2024T14:39:34 - [TEST_STEP][PASSED] - shipments_0__type = "shipments[0]._type": null

06-09-2024T14:39:34 - [TEST_STEP][PASSED] - shipments_0_adjusted_merchandize_total_tax = "shipments[0].adjusted_merchandize_total_tax": null

06-09-2024T14:39:34 - [TEST_STEP][PASSED] - shipments_0_adjusted_shipping_total_tax = "shipments[0].adjusted_shipping_total_tax": null

06-09-2024T14:39:34 - [TEST_STEP][PASSED] - shipments_0_gift = "shipments[0].gift": null

06-09-2024T14:39:34 - [TEST_STEP][PASSED] - shipments_0_merchandize_total_tax = "shipments[0].merchandize_total_tax": null

06-09-2024T14:39:34 - [TEST_STEP][PASSED] - shipments_0_product_sub_total = "shipments[0].product_sub_total": null

06-09-2024T14:39:34 - [TEST_STEP][PASSED] - shipments_0_product_total = "shipments[0].product_total": null

06-09-2024T14:39:34 - [TEST_STEP][PASSED] - shipments_0_shipment_id = "shipments[0].shipment_id": null

06-09-2024T14:39:34 - [TEST_STEP][PASSED] - shipments_0_shipment_total = "shipments[0].shipment_total": null

06-09-2024T14:39:34 - [TEST_STEP][PASSED] - shipments_0_shipping_address__type = "shipments[0].shipping_address._type": null

06-09-2024T14:39:34 - [TEST_STEP][PASSED] - shipments_0_shipping_address_address1 = "shipments[0].shipping_address.address1": null

06-09-2024T14:39:34 - [TEST_STEP][PASSED] - shipments_0_shipping_address_city = "shipments[0].shipping_address.city": null

06-09-2024T14:39:34 - [TEST_STEP][PASSED] - shipments_0_shipping_address_country_code = "shipments[0].shipping_address.country_code": null

06-09-2024T14:39:34 - [TEST_STEP][PASSED] - shipments_0_shipping_address_first_name = "shipments[0].shipping_address.first_name": null

06-09-2024T14:39:34 - [TEST_STEP][PASSED] - shipments_0_shipping_address_full_name = "shipments[0].shipping_address.full_name": null

06-09-2024T14:39:34 - [TEST_STEP][PASSED] - shipments_0_shipping_address_id = "shipments[0].shipping_address.id": null

06-09-2024T14:39:34 - [TEST_STEP][PASSED] - shipments_0_shipping_address_last_name = "shipments[0].shipping_address.last_name": null

06-09-2024T14:39:34 - [TEST_STEP][PASSED] - shipments_0_shipping_address_phone = "shipments[0].shipping_address.phone": null

06-09-2024T14:39:34 - [TEST_STEP][PASSED] - shipments_0_shipping_address_postal_code = "shipments[0].shipping_address.postal_code": null

06-09-2024T14:39:34 - [TEST_STEP][PASSED] - shipments_0_shipping_address_c_alias = "shipments[0].shipping_address.c_alias": null

06-09-2024T14:39:34 - [TEST_STEP][PASSED] - shipments_0_shipping_address_c_delegation = "shipments[0].shipping_address.c_delegation": null

06-09-2024T14:39:34 - [TEST_STEP][PASSED] - shipments_0_shipping_address_c_label = "shipments[0].shipping_address.c_label": null

06-09-2024T14:39:34 - [TEST_STEP][PASSED] - shipments_0_shipping_address_c_latitude = "shipments[0].shipping_address.c_latitude": null

06-09-2024T14:39:34 - [TEST_STEP][PASSED] - shipments_0_shipping_address_c_longitude = "shipments[0].shipping_address.c_longitude": null

06-09-2024T14:39:34 - [TEST_STEP][PASSED] - shipments_0_shipping_address_c_nExt = "shipments[0].shipping_address.c_nExt": null

06-09-2024T14:39:34 - [TEST_STEP][PASSED] - shipments_0_shipping_address_c_neighborhood = "shipments[0].shipping_address.c_neighborhood": null

06-09-2024T14:39:34 - [TEST_STEP][PASSED] - shipments_0_shipping_address_c_references = "shipments[0].shipping_address.c_references": null

06-09-2024T14:39:34 - [TEST_STEP][PASSED] - shipments_0_shipping_address_c_rfc = "shipments[0].shipping_address.c_rfc": null

06-09-2024T14:39:34 - [TEST_STEP][PASSED] - shipments_0_shipping_address_c_state = "shipments[0].shipping_address.c_state": null

06-09-2024T14:39:34 - [TEST_STEP][PASSED] - shipments_0_shipping_address_c_streetName = "shipments[0].shipping_address.c_streetName": null

06-09-2024T14:39:34 - [TEST_STEP][PASSED] - shipments_0_shipping_method__type = "shipments[0].shipping_method._type": null

06-09-2024T14:39:34 - [TEST_STEP][PASSED] - shipments_0_shipping_method_description = "shipments[0].shipping_method.description": null

06-09-2024T14:39:34 - [TEST_STEP][PASSED] - shipments_0_shipping_method_id = "shipments[0].shipping_method.id": null

06-09-2024T14:39:34 - [TEST_STEP][PASSED] - shipments_0_shipping_method_name = "shipments[0].shipping_method.name": null

06-09-2024T14:39:34 - [TEST_STEP][PASSED] - shipments_0_shipping_method_c_estimatedArrivalTime = "shipments[0].shipping_method.c_estimatedArrivalTime": null

06-09-2024T14:39:34 - [TEST_STEP][PASSED] - shipments_0_shipping_method_c_storePickupEnabled = "shipments[0].shipping_method.c_storePickupEnabled": null

06-09-2024T14:39:34 - [TEST_STEP][PASSED] - shipments_0_shipping_status = "shipments[0].shipping_status": null

06-09-2024T14:39:34 - [TEST_STEP][PASSED] - shipments_0_shipping_total = "shipments[0].shipping_total": null

06-09-2024T14:39:34 - [TEST_STEP][PASSED] - shipments_0_shipping_total_tax = "shipments[0].shipping_total_tax": null

06-09-2024T14:39:34 - [TEST_STEP][PASSED] - shipments_0_tax_total = "shipments[0].tax_total": null

06-09-2024T14:39:34 - [TEST_STEP][PASSED] - shipments_0_c_serviceCharge = "shipments[0].c_serviceCharge": null

06-09-2024T14:39:34 - [TEST_STEP][PASSED] - shipments_0_c_shippingRates = "shipments[0].c_shippingRates": null

06-09-2024T14:39:34 - [TEST_STEP][PASSED] - shipments_0_c_totalShippingCost = "shipments[0].c_totalShippingCost": null

06-09-2024T14:39:34 - [TEST_STEP][PASSED] - shipping_items_0__type = "shipping_items[0]._type": null

06-09-2024T14:39:34 - [TEST_STEP][PASSED] - shipping_items_0_adjusted_tax = "shipping_items[0].adjusted_tax": null

06-09-2024T14:39:34 - [TEST_STEP][PASSED] - shipping_items_0_base_price = "shipping_items[0].base_price": null

06-09-2024T14:39:34 - [TEST_STEP][PASSED] - shipping_items_0_item_id = "shipping_items[0].item_id": null

06-09-2024T14:39:34 - [TEST_STEP][PASSED] - shipping_items_0_item_text = "shipping_items[0].item_text": null

06-09-2024T14:39:34 - [TEST_STEP][PASSED] - shipping_items_0_price = "shipping_items[0].price": null

06-09-2024T14:39:34 - [TEST_STEP][PASSED] - shipping_items_0_price_after_item_discount = "shipping_items[0].price_after_item_discount": null

06-09-2024T14:39:34 - [TEST_STEP][PASSED] - shipping_items_0_shipment_id = "shipping_items[0].shipment_id": null

06-09-2024T14:39:34 - [TEST_STEP][PASSED] - shipping_items_0_tax = "shipping_items[0].tax": null

06-09-2024T14:39:34 - [TEST_STEP][PASSED] - c_seller_id = "c_seller_id": null

06-09-2024T14:39:34 - [TEST_STEP][PASSED] - c_serviceChargeTotalGrossPrice = "c_serviceChargeTotalGrossPrice": null

06-09-2024T14:39:34 - [TEST_STEP][PASSED] - c_formatedOrderTotal = "c_formatedOrderTotal": null

06-09-2024T14:39:34 - [TEST_STEP][PASSED] - c_formatedProductTotal = "c_formatedProductTotal": null

06-09-2024T14:39:34 - [TEST_STEP][PASSED] - totalplay.Common.verifyPropertyExist(SetPayment_instruments, _v): totalplay.Common.verifyPropertyExist is PASSED

06-09-2024T14:39:34 - [MESSAGE][INFO] - Checking response object

06-09-2024T14:39:34 - [MESSAGE][PASSED] - totalplay.Common.verifyPropertyExist is PASSED

06-09-2024T14:39:34 - [TEST_STEP][PASSED] - totalplay.Common.verifyPropertyValueExist(SetPayment_instruments, _v): totalplay.Common.verifyPropertyValueExist is PASSED

06-09-2024T14:39:34 - [MESSAGE][INFO] - Checking response object

06-09-2024T14:39:34 - [MESSAGE][INFO] - 24.5

06-09-2024T14:39:34 - [MESSAGE][PASSED] - totalplay.Common.verifyPropertyValueExist is PASSED

06-09-2024T14:39:34 - [TEST_STEP][PASSED] - totalplay.Common.verifyPropertyExist(SetPayment_instruments, _type): totalplay.Common.verifyPropertyExist is PASSED

06-09-2024T14:39:34 - [MESSAGE][INFO] - Checking response object

06-09-2024T14:39:34 - [MESSAGE][PASSED] - totalplay.Common.verifyPropertyExist is PASSED

06-09-2024T14:39:34 - [TEST_STEP][PASSED] - totalplay.Common.verifyPropertyValueExist(SetPayment_instruments, _type): totalplay.Common.verifyPropertyValueExist is PASSED

06-09-2024T14:39:34 - [MESSAGE][INFO] - Checking response object

06-09-2024T14:39:34 - [MESSAGE][INFO] - basket

06-09-2024T14:39:34 - [MESSAGE][PASSED] - totalplay.Common.verifyPropertyValueExist is PASSED

06-09-2024T14:39:34 - [TEST_STEP][PASSED] - totalplay.Common.verifyPropertyExist(SetPayment_instruments, _resource_state): totalplay.Common.verifyPropertyExist is PASSED

06-09-2024T14:39:34 - [MESSAGE][INFO] - Checking response object

06-09-2024T14:39:34 - [MESSAGE][PASSED] - totalplay.Common.verifyPropertyExist is PASSED

06-09-2024T14:39:34 - [TEST_STEP][PASSED] - totalplay.Common.verifyPropertyValueExist(SetPayment_instruments, _resource_state): totalplay.Common.verifyPropertyValueExist is PASSED

06-09-2024T14:39:34 - [MESSAGE][INFO] - Checking response object

06-09-2024T14:39:34 - [MESSAGE][INFO] - bcaae8894116c87ea82235b93aae0824e658673dccc69a79123029c26db7fc0d

06-09-2024T14:39:34 - [MESSAGE][PASSED] - totalplay.Common.verifyPropertyValueExist is PASSED

06-09-2024T14:39:34 - [TEST_STEP][PASSED] - totalplay.Common.getDecimalValueofObject(SetPayment_instruments, adjusted_merchandize_total_tax): totalplay.Common.getDecimalValueofObject is PASSED

06-09-2024T14:39:34 - [MESSAGE][INFO] - Checking response object

06-09-2024T14:39:34 - [MESSAGE][PASSED] - totalplay.Common.getDecimalValueofObject is PASSED

06-09-2024T14:39:34 - [TEST_STEP][PASSED] - totalplay.Common.getDecimalValueofObject(SetPayment_instruments, adjusted_shipping_total_tax): totalplay.Common.getDecimalValueofObject is PASSED

06-09-2024T14:39:34 - [MESSAGE][INFO] - Checking response object

06-09-2024T14:39:34 - [MESSAGE][PASSED] - totalplay.Common.getDecimalValueofObject is PASSED

06-09-2024T14:39:34 - [TEST_STEP][PASSED] - totalplay.Common.getBooleanValueofObject(SetPayment_instruments, agent_basket): totalplay.Common.getBooleanValueofObject is PASSED

06-09-2024T14:39:34 - [MESSAGE][INFO] - Checking response object

06-09-2024T14:39:34 - [MESSAGE][PASSED] - totalplay.Common.getBooleanValueofObject is PASSED

06-09-2024T14:39:34 - [TEST_STEP][PASSED] - totalplay.Common.verifyPropertyExist(SetPayment_instruments, basket_id): totalplay.Common.verifyPropertyExist is PASSED

06-09-2024T14:39:34 - [MESSAGE][INFO] - Checking response object

06-09-2024T14:39:34 - [MESSAGE][PASSED] - totalplay.Common.verifyPropertyExist is PASSED

06-09-2024T14:39:34 - [TEST_STEP][PASSED] - totalplay.Common.verifyPropertyValueExist(SetPayment_instruments, basket_id): totalplay.Common.verifyPropertyValueExist is PASSED

06-09-2024T14:39:34 - [MESSAGE][INFO] - Checking response object

06-09-2024T14:39:34 - [MESSAGE][INFO] - 28da5fe632b55fd15328f51beb

06-09-2024T14:39:34 - [MESSAGE][PASSED] - totalplay.Common.verifyPropertyValueExist is PASSED

06-09-2024T14:39:34 - [TEST_STEP][PASSED] - totalplay.Common.verifyPropertyExist(SetPayment_instruments, billing_address__type): totalplay.Common.verifyPropertyExist is PASSED

06-09-2024T14:39:34 - [MESSAGE][INFO] - Checking response object

06-09-2024T14:39:34 - [MESSAGE][PASSED] - totalplay.Common.verifyPropertyExist is PASSED

06-09-2024T14:39:34 - [TEST_STEP][PASSED] - totalplay.Common.verifyPropertyValueExist(SetPayment_instruments, billing_address__type): totalplay.Common.verifyPropertyValueExist is PASSED

06-09-2024T14:39:34 - [MESSAGE][INFO] - Checking response object

06-09-2024T14:39:34 - [MESSAGE][INFO] - order_address

06-09-2024T14:39:34 - [MESSAGE][PASSED] - totalplay.Common.verifyPropertyValueExist is PASSED

06-09-2024T14:39:34 - [TEST_STEP][PASSED] - totalplay.Common.verifyPropertyExist(SetPayment_instruments, billing_address_address1): totalplay.Common.verifyPropertyExist is PASSED

06-09-2024T14:39:34 - [MESSAGE][INFO] - Checking response object

06-09-2024T14:39:34 - [MESSAGE][PASSED] - totalplay.Common.verifyPropertyExist is PASSED

06-09-2024T14:39:34 - [TEST_STEP][PASSED] - totalplay.Common.verifyPropertyValueExist(SetPayment_instruments, billing_address_address1): totalplay.Common.verifyPropertyValueExist is PASSED

06-09-2024T14:39:34 - [MESSAGE][INFO] - Checking response object

06-09-2024T14:39:34 - [MESSAGE][INFO] - Alejandro Dumas

06-09-2024T14:39:34 - [MESSAGE][PASSED] - totalplay.Common.verifyPropertyValueExist is PASSED

06-09-2024T14:39:34 - [TEST_STEP][PASSED] - totalplay.Common.verifyPropertyExist(SetPayment_instruments, billing_address_city): totalplay.Common.verifyPropertyExist is PASSED

06-09-2024T14:39:34 - [MESSAGE][INFO] - Checking response object

06-09-2024T14:39:34 - [MESSAGE][PASSED] - totalplay.Common.verifyPropertyExist is PASSED

06-09-2024T14:39:34 - [TEST_STEP][PASSED] - totalplay.Common.verifyPropertyValueExist(SetPayment_instruments, billing_address_city): totalplay.Common.verifyPropertyValueExist is PASSED

06-09-2024T14:39:34 - [MESSAGE][INFO] - Checking response object

06-09-2024T14:39:34 - [MESSAGE][INFO] - Ciudad de Mexico

06-09-2024T14:39:34 - [MESSAGE][PASSED] - totalplay.Common.verifyPropertyValueExist is PASSED

06-09-2024T14:39:34 - [TEST_STEP][PASSED] - totalplay.Common.verifyPropertyExist(SetPayment_instruments, billing_address_country_code): totalplay.Common.verifyPropertyExist is PASSED

06-09-2024T14:39:34 - [MESSAGE][INFO] - Checking response object

06-09-2024T14:39:34 - [MESSAGE][PASSED] - totalplay.Common.verifyPropertyExist is PASSED

06-09-2024T14:39:34 - [TEST_STEP][PASSED] - totalplay.Common.verifyPropertyValueExist(SetPayment_instruments, billing_address_country_code): totalplay.Common.verifyPropertyValueExist is PASSED

06-09-2024T14:39:34 - [MESSAGE][INFO] - Checking response object

06-09-2024T14:39:34 - [MESSAGE][INFO] - MX

06-09-2024T14:39:34 - [MESSAGE][PASSED] - totalplay.Common.verifyPropertyValueExist is PASSED

06-09-2024T14:39:34 - [TEST_STEP][PASSED] - totalplay.Common.verifyPropertyExist(SetPayment_instruments, billing_address_first_name): totalplay.Common.verifyPropertyExist is PASSED

06-09-2024T14:39:34 - [MESSAGE][INFO] - Checking response object

06-09-2024T14:39:34 - [MESSAGE][PASSED] - totalplay.Common.verifyPropertyExist is PASSED

06-09-2024T14:39:34 - [TEST_STEP][PASSED] - totalplay.Common.verifyPropertyValueExist(SetPayment_instruments, billing_address_first_name): totalplay.Common.verifyPropertyValueExist is PASSED

06-09-2024T14:39:34 - [MESSAGE][INFO] - Checking response object

06-09-2024T14:39:34 - [MESSAGE][INFO] - CESAR

06-09-2024T14:39:34 - [MESSAGE][PASSED] - totalplay.Common.verifyPropertyValueExist is PASSED

06-09-2024T14:39:34 - [TEST_STEP][PASSED] - totalplay.Common.verifyPropertyExist(SetPayment_instruments, billing_address_full_name): totalplay.Common.verifyPropertyExist is PASSED

06-09-2024T14:39:34 - [MESSAGE][INFO] - Checking response object

06-09-2024T14:39:34 - [MESSAGE][PASSED] - totalplay.Common.verifyPropertyExist is PASSED

06-09-2024T14:39:34 - [TEST_STEP][PASSED] - totalplay.Common.verifyPropertyValueExist(SetPayment_instruments, billing_address_full_name): totalplay.Common.verifyPropertyValueExist is PASSED

06-09-2024T14:39:34 - [MESSAGE][INFO] - Checking response object

06-09-2024T14:39:34 - [MESSAGE][INFO] - CESAR GERARDO WALDO GONZALEZ

06-09-2024T14:39:34 - [MESSAGE][PASSED] - totalplay.Common.verifyPropertyValueExist is PASSED

06-09-2024T14:39:34 - [TEST_STEP][PASSED] - totalplay.Common.verifyPropertyExist(SetPayment_instruments, billing_address_id): totalplay.Common.verifyPropertyExist is PASSED

06-09-2024T14:39:34 - [MESSAGE][INFO] - Checking response object

06-09-2024T14:39:34 - [MESSAGE][PASSED] - totalplay.Common.verifyPropertyExist is PASSED

06-09-2024T14:39:34 - [TEST_STEP][PASSED] - totalplay.Common.verifyPropertyValueExist(SetPayment_instruments, billing_address_id): totalplay.Common.verifyPropertyValueExist is PASSED

06-09-2024T14:39:34 - [MESSAGE][INFO] - Checking response object

06-09-2024T14:39:34 - [MESSAGE][INFO] - 7ca1651595dc7c77fbc7840335

06-09-2024T14:39:34 - [MESSAGE][PASSED] - totalplay.Common.verifyPropertyValueExist is PASSED

06-09-2024T14:39:34 - [TEST_STEP][PASSED] - totalplay.Common.verifyPropertyExist(SetPayment_instruments, billing_address_last_name): totalplay.Common.verifyPropertyExist is PASSED

06-09-2024T14:39:34 - [MESSAGE][INFO] - Checking response object

06-09-2024T14:39:35 - [MESSAGE][PASSED] - totalplay.Common.verifyPropertyExist is PASSED

06-09-2024T14:39:35 - [TEST_STEP][PASSED] - totalplay.Common.verifyPropertyValueExist(SetPayment_instruments, billing_address_last_name): totalplay.Common.verifyPropertyValueExist is PASSED

06-09-2024T14:39:35 - [MESSAGE][INFO] - Checking response object

06-09-2024T14:39:35 - [MESSAGE][INFO] - GERARDO WALDO GONZALEZ

06-09-2024T14:39:35 - [MESSAGE][PASSED] - totalplay.Common.verifyPropertyValueExist is PASSED

06-09-2024T14:39:35 - [TEST_STEP][PASSED] - totalplay.Common.verifyPropertyExist(SetPayment_instruments, billing_address_phone): totalplay.Common.verifyPropertyExist is PASSED

06-09-2024T14:39:35 - [MESSAGE][INFO] - Checking response object

06-09-2024T14:39:35 - [MESSAGE][PASSED] - totalplay.Common.verifyPropertyExist is PASSED

06-09-2024T14:39:35 - [TEST_STEP][PASSED] - totalplay.Common.verifyPropertyValueExist(SetPayment_instruments, billing_address_phone): totalplay.Common.verifyPropertyValueExist is PASSED

06-09-2024T14:39:35 - [MESSAGE][INFO] - Checking response object

06-09-2024T14:39:35 - [MESSAGE][INFO] - 5579660270

06-09-2024T14:39:35 - [MESSAGE][PASSED] - totalplay.Common.verifyPropertyValueExist is PASSED

06-09-2024T14:39:35 - [TEST_STEP][PASSED] - totalplay.Common.verifyPropertyExist(SetPayment_instruments, billing_address_postal_code): totalplay.Common.verifyPropertyExist is PASSED

06-09-2024T14:39:35 - [MESSAGE][INFO] - Checking response object

06-09-2024T14:39:35 - [MESSAGE][PASSED] - totalplay.Common.verifyPropertyExist is PASSED

06-09-2024T14:39:35 - [TEST_STEP][PASSED] - totalplay.Common.verifyPropertyValueExist(SetPayment_instruments, billing_address_postal_code): totalplay.Common.verifyPropertyValueExist is PASSED

06-09-2024T14:39:35 - [MESSAGE][INFO] - Checking response object

06-09-2024T14:39:35 - [MESSAGE][INFO] - 11500

06-09-2024T14:39:35 - [MESSAGE][PASSED] - totalplay.Common.verifyPropertyValueExist is PASSED

06-09-2024T14:39:35 - [TEST_STEP][PASSED] - totalplay.Common.verifyPropertyExist(SetPayment_instruments, billing_address_c_alias): totalplay.Common.verifyPropertyExist is PASSED

06-09-2024T14:39:35 - [MESSAGE][INFO] - Checking response object

06-09-2024T14:39:35 - [MESSAGE][PASSED] - totalplay.Common.verifyPropertyExist is PASSED

06-09-2024T14:39:35 - [TEST_STEP][PASSED] - totalplay.Common.verifyPropertyValueExist(SetPayment_instruments, billing_address_c_alias): totalplay.Common.verifyPropertyValueExist is PASSED

06-09-2024T14:39:35 - [MESSAGE][INFO] - Checking response object

06-09-2024T14:39:35 - [MESSAGE][INFO] - CasaWaldoP

06-09-2024T14:39:35 - [MESSAGE][PASSED] - totalplay.Common.verifyPropertyValueExist is PASSED

06-09-2024T14:39:35 - [TEST_STEP][PASSED] - totalplay.Common.verifyPropertyExist(SetPayment_instruments, billing_address_c_delegation): totalplay.Common.verifyPropertyExist is PASSED

06-09-2024T14:39:35 - [MESSAGE][INFO] - Checking response object

06-09-2024T14:39:35 - [MESSAGE][PASSED] - totalplay.Common.verifyPropertyExist is PASSED

06-09-2024T14:39:35 - [TEST_STEP][PASSED] - totalplay.Common.verifyPropertyValueExist(SetPayment_instruments, billing_address_c_delegation): totalplay.Common.verifyPropertyValueExist is PASSED

06-09-2024T14:39:35 - [MESSAGE][INFO] - Checking response object

06-09-2024T14:39:35 - [MESSAGE][INFO] - Miguel Hidalgo

06-09-2024T14:39:35 - [MESSAGE][PASSED] - totalplay.Common.verifyPropertyValueExist is PASSED

06-09-2024T14:39:35 - [TEST_STEP][PASSED] - totalplay.Common.verifyPropertyExist(SetPayment_instruments, billing_address_c_delegation): totalplay.Common.verifyPropertyExist is PASSED

06-09-2024T14:39:35 - [MESSAGE][INFO] - Checking response object

06-09-2024T14:39:35 - [MESSAGE][PASSED] - totalplay.Common.verifyPropertyExist is PASSED

06-09-2024T14:39:35 - [TEST_STEP][PASSED] - totalplay.Common.verifyPropertyValueExist(SetPayment_instruments, billing_address_c_delegation): totalplay.Common.verifyPropertyValueExist is PASSED

06-09-2024T14:39:35 - [MESSAGE][INFO] - Checking response object

06-09-2024T14:39:35 - [MESSAGE][INFO] - Miguel Hidalgo

06-09-2024T14:39:35 - [MESSAGE][PASSED] - totalplay.Common.verifyPropertyValueExist is PASSED

06-09-2024T14:39:35 - [TEST_STEP][PASSED] - totalplay.Common.verifyPropertyExist(SetPayment_instruments, billing_address_c_label): totalplay.Common.verifyPropertyExist is PASSED

06-09-2024T14:39:35 - [MESSAGE][INFO] - Checking response object

06-09-2024T14:39:35 - [MESSAGE][PASSED] - totalplay.Common.verifyPropertyExist is PASSED

06-09-2024T14:39:35 - [TEST_STEP][PASSED] - totalplay.Common.verifyPropertyValueExist(SetPayment_instruments, billing_address_c_label): totalplay.Common.verifyPropertyValueExist is PASSED

06-09-2024T14:39:35 - [MESSAGE][INFO] - Checking response object

06-09-2024T14:39:35 - [MESSAGE][INFO] - {"home":true,"company":false,"other":false}

06-09-2024T14:39:35 - [MESSAGE][PASSED] - totalplay.Common.verifyPropertyValueExist is PASSED

06-09-2024T14:39:35 - [TEST_STEP][PASSED] - totalplay.Common.verifyPropertyExist(SetPayment_instruments, billing_address_c_latitude): totalplay.Common.verifyPropertyExist is PASSED

06-09-2024T14:39:35 - [MESSAGE][INFO] - Checking response object

06-09-2024T14:39:35 - [MESSAGE][PASSED] - totalplay.Common.verifyPropertyExist is PASSED

06-09-2024T14:39:35 - [TEST_STEP][PASSED] - totalplay.Common.verifyPropertyValueExist(SetPayment_instruments, billing_address_c_latitude): totalplay.Common.verifyPropertyValueExist is PASSED

06-09-2024T14:39:35 - [MESSAGE][INFO] - Checking response object

06-09-2024T14:39:35 - [MESSAGE][INFO] - 19.439691

06-09-2024T14:39:35 - [MESSAGE][PASSED] - totalplay.Common.verifyPropertyValueExist is PASSED

06-09-2024T14:39:35 - [TEST_STEP][PASSED] - totalplay.Common.verifyPropertyExist(SetPayment_instruments, billing_address_c_longitude): totalplay.Common.verifyPropertyExist is PASSED

06-09-2024T14:39:35 - [MESSAGE][INFO] - Checking response object

06-09-2024T14:39:35 - [MESSAGE][PASSED] - totalplay.Common.verifyPropertyExist is PASSED

06-09-2024T14:39:35 - [TEST_STEP][PASSED] - totalplay.Common.verifyPropertyValueExist(SetPayment_instruments, billing_address_c_longitude): totalplay.Common.verifyPropertyValueExist is PASSED

06-09-2024T14:39:35 - [MESSAGE][INFO] - Checking response object

06-09-2024T14:39:35 - [MESSAGE][INFO] - -99.205670

06-09-2024T14:39:35 - [MESSAGE][PASSED] - totalplay.Common.verifyPropertyValueExist is PASSED

06-09-2024T14:39:35 - [TEST_STEP][PASSED] - totalplay.Common.verifyPropertyExist(SetPayment_instruments, billing_address_c_nExt): totalplay.Common.verifyPropertyExist is PASSED

06-09-2024T14:39:35 - [MESSAGE][INFO] - Checking response object

06-09-2024T14:39:35 - [MESSAGE][PASSED] - totalplay.Common.verifyPropertyExist is PASSED

06-09-2024T14:39:35 - [TEST_STEP][PASSED] - totalplay.Common.verifyPropertyValueExist(SetPayment_instruments, billing_address_c_nExt): totalplay.Common.verifyPropertyValueExist is PASSED

06-09-2024T14:39:35 - [MESSAGE][INFO] - Checking response object

06-09-2024T14:39:35 - [MESSAGE][INFO] - 107

06-09-2024T14:39:35 - [MESSAGE][PASSED] - totalplay.Common.verifyPropertyValueExist is PASSED

06-09-2024T14:39:35 - [TEST_STEP][PASSED] - totalplay.Common.verifyPropertyExist(SetPayment_instruments, billing_address_c_neighborhood): totalplay.Common.verifyPropertyExist is PASSED

06-09-2024T14:39:35 - [MESSAGE][INFO] - Checking response object

06-09-2024T14:39:35 - [MESSAGE][PASSED] - totalplay.Common.verifyPropertyExist is PASSED

06-09-2024T14:39:35 - [TEST_STEP][PASSED] - totalplay.Common.verifyPropertyValueExist(SetPayment_instruments, billing_address_c_neighborhood): totalplay.Common.verifyPropertyValueExist is PASSED

06-09-2024T14:39:35 - [MESSAGE][INFO] - Checking response object

06-09-2024T14:39:35 - [MESSAGE][INFO] - Polanco

06-09-2024T14:39:35 - [MESSAGE][PASSED] - totalplay.Common.verifyPropertyValueExist is PASSED

06-09-2024T14:39:35 - [TEST_STEP][PASSED] - totalplay.Common.verifyPropertyExist(SetPayment_instruments, billing_address_c_references): totalplay.Common.verifyPropertyExist is PASSED

06-09-2024T14:39:35 - [MESSAGE][INFO] - Checking response object

06-09-2024T14:39:35 - [MESSAGE][PASSED] - totalplay.Common.verifyPropertyExist is PASSED

06-09-2024T14:39:35 - [TEST_STEP][PASSED] - totalplay.Common.verifyPropertyValueExist(SetPayment_instruments, billing_address_c_references): totalplay.Common.verifyPropertyValueExist is PASSED

06-09-2024T14:39:35 - [MESSAGE][INFO] - Checking response object

06-09-2024T14:39:35 - [MESSAGE][INFO] - Llamar al llegar

06-09-2024T14:39:35 - [MESSAGE][PASSED] - totalplay.Common.verifyPropertyValueExist is PASSED

06-09-2024T14:39:35 - [TEST_STEP][PASSED] - totalplay.Common.verifyPropertyExist(SetPayment_instruments, billing_address_c_rfc): totalplay.Common.verifyPropertyExist is PASSED

06-09-2024T14:39:35 - [MESSAGE][INFO] - Checking response object

06-09-2024T14:39:35 - [MESSAGE][PASSED] - totalplay.Common.verifyPropertyExist is PASSED

06-09-2024T14:39:35 - [TEST_STEP][PASSED] - totalplay.Common.verifyPropertyValueExist(SetPayment_instruments, billing_address_c_rfc): totalplay.Common.verifyPropertyValueExist is PASSED

06-09-2024T14:39:35 - [MESSAGE][INFO] - Checking response object

06-09-2024T14:39:35 - [MESSAGE][INFO] - XAXA010101111

06-09-2024T14:39:35 - [MESSAGE][PASSED] - totalplay.Common.verifyPropertyValueExist is PASSED

06-09-2024T14:39:35 - [TEST_STEP][PASSED] - totalplay.Common.verifyPropertyExist(SetPayment_instruments, billing_address_c_state): totalplay.Common.verifyPropertyExist is PASSED

06-09-2024T14:39:35 - [MESSAGE][INFO] - Checking response object

06-09-2024T14:39:35 - [MESSAGE][PASSED] - totalplay.Common.verifyPropertyExist is PASSED

06-09-2024T14:39:35 - [TEST_STEP][PASSED] - totalplay.Common.verifyPropertyValueExist(SetPayment_instruments, billing_address_c_state): totalplay.Common.verifyPropertyValueExist is PASSED

06-09-2024T14:39:35 - [MESSAGE][INFO] - Checking response object

06-09-2024T14:39:35 - [MESSAGE][INFO] - CDMX

06-09-2024T14:39:35 - [MESSAGE][PASSED] - totalplay.Common.verifyPropertyValueExist is PASSED

06-09-2024T14:39:35 - [TEST_STEP][PASSED] - totalplay.Common.verifyPropertyExist(SetPayment_instruments, billing_address_c_streetName): totalplay.Common.verifyPropertyExist is PASSED

06-09-2024T14:39:35 - [MESSAGE][INFO] - Checking response object

06-09-2024T14:39:35 - [MESSAGE][PASSED] - totalplay.Common.verifyPropertyExist is PASSED

06-09-2024T14:39:35 - [TEST_STEP][PASSED] - totalplay.Common.verifyPropertyValueExist(SetPayment_instruments, billing_address_c_streetName): totalplay.Common.verifyPropertyValueExist is PASSED

06-09-2024T14:39:35 - [MESSAGE][INFO] - Checking response object

06-09-2024T14:39:35 - [MESSAGE][INFO] - Alejandro Dumas

06-09-2024T14:39:35 - [MESSAGE][PASSED] - totalplay.Common.verifyPropertyValueExist is PASSED

06-09-2024T14:39:35 - [TEST_STEP][PASSED] - totalplay.Common.verifyPropertyExist(SetPayment_instruments, channel_type): totalplay.Common.verifyPropertyExist is PASSED

06-09-2024T14:39:35 - [MESSAGE][INFO] - Checking response object

06-09-2024T14:39:35 - [MESSAGE][PASSED] - totalplay.Common.verifyPropertyExist is PASSED

06-09-2024T14:39:35 - [TEST_STEP][PASSED] - totalplay.Common.verifyPropertyValueExist(SetPayment_instruments, channel_type): totalplay.Common.verifyPropertyValueExist is PASSED

06-09-2024T14:39:35 - [MESSAGE][INFO] - Checking response object

06-09-2024T14:39:35 - [MESSAGE][INFO] - storefront

06-09-2024T14:39:35 - [MESSAGE][PASSED] - totalplay.Common.verifyPropertyValueExist is PASSED

06-09-2024T14:39:35 - [TEST_STEP][PASSED] - totalplay.Common.verifyPropertyExist(SetPayment_instruments, customer_info__type): totalplay.Common.verifyPropertyExist is PASSED

06-09-2024T14:39:35 - [MESSAGE][INFO] - Checking response object

06-09-2024T14:39:35 - [MESSAGE][PASSED] - totalplay.Common.verifyPropertyExist is PASSED

06-09-2024T14:39:35 - [TEST_STEP][PASSED] - totalplay.Common.verifyPropertyValueExist(SetPayment_instruments, customer_info__type): totalplay.Common.verifyPropertyValueExist is PASSED

06-09-2024T14:39:35 - [MESSAGE][INFO] - Checking response object

06-09-2024T14:39:36 - [MESSAGE][INFO] - customer_info

06-09-2024T14:39:36 - [MESSAGE][PASSED] - totalplay.Common.verifyPropertyValueExist is PASSED

06-09-2024T14:39:36 - [TEST_STEP][PASSED] - totalplay.Common.verifyPropertyExist(SetPayment_instruments, customer_info_customer_id): totalplay.Common.verifyPropertyExist is PASSED

06-09-2024T14:39:36 - [MESSAGE][INFO] - Checking response object

06-09-2024T14:39:36 - [MESSAGE][PASSED] - totalplay.Common.verifyPropertyExist is PASSED

06-09-2024T14:39:36 - [TEST_STEP][PASSED] - totalplay.Common.verifyPropertyValueExist(SetPayment_instruments, customer_info_customer_id): totalplay.Common.verifyPropertyValueExist is PASSED

06-09-2024T14:39:36 - [MESSAGE][INFO] - Checking response object

06-09-2024T14:39:36 - [MESSAGE][INFO] - acTAcwrTj6ECo7V8WDIa5leqor

06-09-2024T14:39:36 - [MESSAGE][PASSED] - totalplay.Common.verifyPropertyValueExist is PASSED

06-09-2024T14:39:36 - [TEST_STEP][PASSED] - totalplay.Common.verifyPropertyExist(SetPayment_instruments, customer_info_customer_no): totalplay.Common.verifyPropertyExist is PASSED

06-09-2024T14:39:36 - [MESSAGE][INFO] - Checking response object

06-09-2024T14:39:36 - [MESSAGE][PASSED] - totalplay.Common.verifyPropertyExist is PASSED

06-09-2024T14:39:36 - [TEST_STEP][PASSED] - totalplay.Common.verifyPropertyValueExist(SetPayment_instruments, customer_info_customer_no): totalplay.Common.verifyPropertyValueExist is PASSED

06-09-2024T14:39:36 - [MESSAGE][INFO] - Checking response object

06-09-2024T14:39:36 - [MESSAGE][INFO] - 00012002

06-09-2024T14:39:36 - [MESSAGE][PASSED] - totalplay.Common.verifyPropertyValueExist is PASSED

06-09-2024T14:39:36 - [TEST_STEP][PASSED] - totalplay.Common.verifyPropertyExist(SetPayment_instruments, customer_info_email): totalplay.Common.verifyPropertyExist is PASSED

06-09-2024T14:39:36 - [MESSAGE][INFO] - Checking response object

06-09-2024T14:39:36 - [MESSAGE][PASSED] - totalplay.Common.verifyPropertyExist is PASSED

06-09-2024T14:39:36 - [TEST_STEP][PASSED] - totalplay.Common.verifyPropertyValueExist(SetPayment_instruments, customer_info_email): totalplay.Common.verifyPropertyValueExist is PASSED

06-09-2024T14:39:36 - [MESSAGE][INFO] - Checking response object

06-09-2024T14:39:36 - [MESSAGE][INFO] - cesar.waldo93@gmail.com

06-09-2024T14:39:36 - [MESSAGE][PASSED] - totalplay.Common.verifyPropertyValueExist is PASSED

06-09-2024T14:39:36 - [TEST_STEP][PASSED] - totalplay.Common.verifyPropertyExist(SetPayment_instruments, last_modified): totalplay.Common.verifyPropertyExist is PASSED

06-09-2024T14:39:36 - [MESSAGE][INFO] - Checking response object

06-09-2024T14:39:36 - [MESSAGE][PASSED] - totalplay.Common.verifyPropertyExist is PASSED

06-09-2024T14:39:36 - [TEST_STEP][PASSED] - totalplay.Common.verifyPropertyValueExist(SetPayment_instruments, last_modified): totalplay.Common.verifyPropertyValueExist is PASSED

06-09-2024T14:39:36 - [MESSAGE][INFO] - Checking response object

06-09-2024T14:39:36 - [MESSAGE][INFO] - 2024-09-06T09:09:33.948Z

06-09-2024T14:39:36 - [MESSAGE][PASSED] - totalplay.Common.verifyPropertyValueExist is PASSED

06-09-2024T14:39:36 - [TEST_STEP][PASSED] - totalplay.Common.getDecimalValueofObject(SetPayment_instruments, merchandize_total_tax): totalplay.Common.getDecimalValueofObject is PASSED

06-09-2024T14:39:36 - [MESSAGE][INFO] - Checking response object

06-09-2024T14:39:36 - [MESSAGE][PASSED] - totalplay.Common.getDecimalValueofObject is PASSED

06-09-2024T14:39:36 - [TEST_STEP][PASSED] - totalplay.Common.verifyPropertyExist(SetPayment_instruments, notes__type): totalplay.Common.verifyPropertyExist is PASSED

06-09-2024T14:39:36 - [MESSAGE][INFO] - Checking response object

06-09-2024T14:39:36 - [MESSAGE][PASSED] - totalplay.Common.verifyPropertyExist is PASSED

06-09-2024T14:39:36 - [TEST_STEP][PASSED] - totalplay.Common.verifyPropertyValueExist(SetPayment_instruments, notes__type): totalplay.Common.verifyPropertyValueExist is PASSED

06-09-2024T14:39:36 - [MESSAGE][INFO] - Checking response object

06-09-2024T14:39:36 - [MESSAGE][INFO] - simple_link

06-09-2024T14:39:36 - [MESSAGE][PASSED] - totalplay.Common.verifyPropertyValueExist is PASSED

06-09-2024T14:39:36 - [TEST_STEP][PASSED] - totalplay.Common.verifyPropertyExist(SetPayment_instruments, notes_link): totalplay.Common.verifyPropertyExist is PASSED

06-09-2024T14:39:36 - [MESSAGE][INFO] - Checking response object

06-09-2024T14:39:36 - [MESSAGE][PASSED] - totalplay.Common.verifyPropertyExist is PASSED

06-09-2024T14:39:36 - [TEST_STEP][PASSED] - totalplay.Common.verifyPropertyValueExist(SetPayment_instruments, notes_link): totalplay.Common.verifyPropertyValueExist is PASSED

06-09-2024T14:39:36 - [MESSAGE][INFO] - Checking response object

06-09-2024T14:39:36 - [MESSAGE][INFO] - https://salesforceqa.sistemastp.com.mx/s/TP-FOOD/dw/shop/v24_5/baskets/28da5fe632b55fd15328f51beb/notes

06-09-2024T14:39:36 - [MESSAGE][PASSED] - totalplay.Common.verifyPropertyValueExist is PASSED

06-09-2024T14:39:36 - [TEST_STEP][PASSED] - totalplay.Common.getDecimalValueofObject(SetPayment_instruments, order_total): totalplay.Common.getDecimalValueofObject is PASSED

06-09-2024T14:39:36 - [MESSAGE][INFO] - Checking response object

06-09-2024T14:39:36 - [MESSAGE][PASSED] - totalplay.Common.getDecimalValueofObject is PASSED

06-09-2024T14:39:36 - [TEST_STEP][PASSED] - totalplay.Common.verifyPropertyExist(SetPayment_instruments, payment_instruments_0__type): totalplay.Common.verifyPropertyExist is PASSED

06-09-2024T14:39:36 - [MESSAGE][INFO] - Checking response object

06-09-2024T14:39:36 - [MESSAGE][PASSED] - totalplay.Common.verifyPropertyExist is PASSED

06-09-2024T14:39:36 - [TEST_STEP][PASSED] - totalplay.Common.verifyPropertyValueExist(SetPayment_instruments, payment_instruments_0__type): totalplay.Common.verifyPropertyValueExist is PASSED

06-09-2024T14:39:36 - [MESSAGE][INFO] - Checking response object

06-09-2024T14:39:36 - [MESSAGE][INFO] - order_payment_instrument

06-09-2024T14:39:36 - [MESSAGE][PASSED] - totalplay.Common.verifyPropertyValueExist is PASSED

06-09-2024T14:39:36 - [TEST_STEP][PASSED] - totalplay.Common.getDecimalValueofObject(SetPayment_instruments, payment_instruments_0_amount): totalplay.Common.getDecimalValueofObject is PASSED

06-09-2024T14:39:36 - [MESSAGE][INFO] - Checking response object

06-09-2024T14:39:36 - [MESSAGE][PASSED] - totalplay.Common.getDecimalValueofObject is PASSED

06-09-2024T14:39:36 - [TEST_STEP][PASSED] - totalplay.Common.verifyPropertyExist(SetPayment_instruments, payment_instruments_0_payment_instrument_id): totalplay.Common.verifyPropertyExist is PASSED

06-09-2024T14:39:36 - [MESSAGE][INFO] - Checking response object

06-09-2024T14:39:36 - [MESSAGE][PASSED] - totalplay.Common.verifyPropertyExist is PASSED

06-09-2024T14:39:36 - [TEST_STEP][PASSED] - totalplay.Common.verifyPropertyValueExist(SetPayment_instruments, payment_instruments_0_payment_instrument_id): totalplay.Common.verifyPropertyValueExist is PASSED

06-09-2024T14:39:36 - [MESSAGE][INFO] - Checking response object

06-09-2024T14:39:36 - [MESSAGE][INFO] - 7520f5506ee9a14d645f9210fb

06-09-2024T14:39:36 - [MESSAGE][PASSED] - totalplay.Common.verifyPropertyValueExist is PASSED

06-09-2024T14:39:36 - [TEST_STEP][PASSED] - totalplay.Common.verifyPropertyExist(SetPayment_instruments, payment_instruments_0_payment_method_id): totalplay.Common.verifyPropertyExist is PASSED

06-09-2024T14:39:36 - [MESSAGE][INFO] - Checking response object

06-09-2024T14:39:36 - [MESSAGE][PASSED] - totalplay.Common.verifyPropertyExist is PASSED

06-09-2024T14:39:36 - [TEST_STEP][PASSED] - totalplay.Common.verifyPropertyValueExist(SetPayment_instruments, payment_instruments_0_payment_method_id): totalplay.Common.verifyPropertyValueExist is PASSED

06-09-2024T14:39:36 - [MESSAGE][INFO] - Checking response object

06-09-2024T14:39:36 - [MESSAGE][INFO] - TP_CREDIT

06-09-2024T14:39:36 - [MESSAGE][PASSED] - totalplay.Common.verifyPropertyValueExist is PASSED

06-09-2024T14:39:36 - [TEST_STEP][PASSED] - totalplay.Common.verifyPropertyExist(SetPayment_instruments, product_items_0__type): totalplay.Common.verifyPropertyExist is PASSED

06-09-2024T14:39:36 - [MESSAGE][INFO] - Checking response object

06-09-2024T14:39:36 - [MESSAGE][PASSED] - totalplay.Common.verifyPropertyExist is PASSED

06-09-2024T14:39:36 - [TEST_STEP][PASSED] - totalplay.Common.verifyPropertyValueExist(SetPayment_instruments, product_items_0__type): totalplay.Common.verifyPropertyValueExist is PASSED

06-09-2024T14:39:36 - [MESSAGE][INFO] - Checking response object

06-09-2024T14:39:36 - [MESSAGE][INFO] - product_item

06-09-2024T14:39:36 - [MESSAGE][PASSED] - totalplay.Common.verifyPropertyValueExist is PASSED

06-09-2024T14:39:36 - [TEST_STEP][PASSED] - totalplay.Common.getDecimalValueofObject(SetPayment_instruments, product_items_0_adjusted_tax): totalplay.Common.getDecimalValueofObject is PASSED

06-09-2024T14:39:36 - [MESSAGE][INFO] - Checking response object

06-09-2024T14:39:36 - [MESSAGE][PASSED] - totalplay.Common.getDecimalValueofObject is PASSED

06-09-2024T14:39:36 - [TEST_STEP][PASSED] - totalplay.Common.getDecimalValueofObject(SetPayment_instruments, product_items_0_base_price): totalplay.Common.getDecimalValueofObject is PASSED

06-09-2024T14:39:36 - [MESSAGE][INFO] - Checking response object

06-09-2024T14:39:36 - [MESSAGE][PASSED] - totalplay.Common.getDecimalValueofObject is PASSED

06-09-2024T14:39:36 - [TEST_STEP][PASSED] - totalplay.Common.getBooleanValueofObject(SetPayment_instruments, product_items_0_bonus_product_line_item): totalplay.Common.getBooleanValueofObject is PASSED

06-09-2024T14:39:36 - [MESSAGE][INFO] - Checking response object

06-09-2024T14:39:36 - [MESSAGE][PASSED] - totalplay.Common.getBooleanValueofObject is PASSED

06-09-2024T14:39:36 - [TEST_STEP][PASSED] - totalplay.Common.getBooleanValueofObject(SetPayment_instruments, product_items_0_gift): totalplay.Common.getBooleanValueofObject is PASSED

06-09-2024T14:39:36 - [MESSAGE][INFO] - Checking response object

06-09-2024T14:39:36 - [MESSAGE][PASSED] - totalplay.Common.getBooleanValueofObject is PASSED

06-09-2024T14:39:36 - [TEST_STEP][PASSED] - totalplay.Common.verifyPropertyExist(SetPayment_instruments, product_items_0_inventory_id): totalplay.Common.verifyPropertyExist is PASSED

06-09-2024T14:39:36 - [MESSAGE][INFO] - Checking response object

06-09-2024T14:39:36 - [MESSAGE][PASSED] - totalplay.Common.verifyPropertyExist is PASSED

06-09-2024T14:39:36 - [TEST_STEP][PASSED] - totalplay.Common.verifyPropertyValueExist(SetPayment_instruments, product_items_0_inventory_id): totalplay.Common.verifyPropertyValueExist is PASSED

06-09-2024T14:39:36 - [MESSAGE][INFO] - Checking response object

06-09-2024T14:39:36 - [MESSAGE][INFO] - inventory_m_food_mirakl

06-09-2024T14:39:36 - [MESSAGE][PASSED] - totalplay.Common.verifyPropertyValueExist is PASSED

06-09-2024T14:39:36 - [TEST_STEP][PASSED] - totalplay.Common.verifyPropertyExist(SetPayment_instruments, product_items_0_item_id): totalplay.Common.verifyPropertyExist is PASSED

06-09-2024T14:39:36 - [MESSAGE][INFO] - Checking response object

06-09-2024T14:39:36 - [MESSAGE][PASSED] - totalplay.Common.verifyPropertyExist is PASSED

06-09-2024T14:39:36 - [TEST_STEP][PASSED] - totalplay.Common.verifyPropertyValueExist(SetPayment_instruments, product_items_0_item_id): totalplay.Common.verifyPropertyValueExist is PASSED

06-09-2024T14:39:36 - [MESSAGE][INFO] - Checking response object

06-09-2024T14:39:36 - [MESSAGE][INFO] - 832a8a5bdc594d24c3b0a22105

06-09-2024T14:39:36 - [MESSAGE][PASSED] - totalplay.Common.verifyPropertyValueExist is PASSED

06-09-2024T14:39:36 - [TEST_STEP][PASSED] - totalplay.Common.verifyPropertyExist(SetPayment_instruments, product_items_0_item_text): totalplay.Common.verifyPropertyExist is PASSED

06-09-2024T14:39:36 - [MESSAGE][INFO] - Checking response object

06-09-2024T14:39:36 - [MESSAGE][PASSED] - totalplay.Common.verifyPropertyExist is PASSED

06-09-2024T14:39:36 - [TEST_STEP][PASSED] - totalplay.Common.verifyPropertyValueExist(SetPayment_instruments, product_items_0_item_text): totalplay.Common.verifyPropertyValueExist is PASSED

06-09-2024T14:39:37 - [MESSAGE][INFO] - Checking response object

06-09-2024T14:39:37 - [MESSAGE][INFO] - Orden de Maciza (100 g)

06-09-2024T14:39:37 - [MESSAGE][PASSED] - totalplay.Common.verifyPropertyValueExist is PASSED

06-09-2024T14:39:37 - [TEST_STEP][PASSED] - totalplay.Common.getDecimalValueofObject(SetPayment_instruments, product_items_0_price): totalplay.Common.getDecimalValueofObject is PASSED

06-09-2024T14:39:37 - [MESSAGE][INFO] - Checking response object

06-09-2024T14:39:37 - [MESSAGE][PASSED] - totalplay.Common.getDecimalValueofObject is PASSED

06-09-2024T14:39:37 - [TEST_STEP][PASSED] - totalplay.Common.getDecimalValueofObject(SetPayment_instruments, product_items_0_price_after_item_discount): totalplay.Common.getDecimalValueofObject is PASSED

06-09-2024T14:39:37 - [MESSAGE][INFO] - Checking response object

06-09-2024T14:39:37 - [MESSAGE][PASSED] - totalplay.Common.getDecimalValueofObject is PASSED

06-09-2024T14:39:37 - [TEST_STEP][PASSED] - totalplay.Common.getDecimalValueofObject(SetPayment_instruments, product_items_0_price_after_order_discount): totalplay.Common.getDecimalValueofObject is PASSED

06-09-2024T14:39:37 - [MESSAGE][INFO] - Checking response object

06-09-2024T14:39:37 - [MESSAGE][PASSED] - totalplay.Common.getDecimalValueofObject is PASSED

06-09-2024T14:39:37 - [TEST_STEP][PASSED] - totalplay.Common.verifyPropertyExist(SetPayment_instruments, product_items_0_product_id): totalplay.Common.verifyPropertyExist is PASSED

06-09-2024T14:39:37 - [MESSAGE][INFO] - Checking response object

06-09-2024T14:39:37 - [MESSAGE][PASSED] - totalplay.Common.verifyPropertyExist is PASSED

06-09-2024T14:39:37 - [TEST_STEP][PASSED] - totalplay.Common.verifyPropertyValueExist(SetPayment_instruments, product_items_0_product_id): totalplay.Common.verifyPropertyValueExist is PASSED

06-09-2024T14:39:37 - [MESSAGE][INFO] - Checking response object

06-09-2024T14:39:37 - [MESSAGE][INFO] - C828554986

06-09-2024T14:39:37 - [MESSAGE][PASSED] - totalplay.Common.verifyPropertyValueExist is PASSED

06-09-2024T14:39:37 - [TEST_STEP][PASSED] - totalplay.Common.verifyPropertyExist(SetPayment_instruments, product_items_0_product_name): totalplay.Common.verifyPropertyExist is PASSED

06-09-2024T14:39:37 - [MESSAGE][INFO] - Checking response object

06-09-2024T14:39:37 - [MESSAGE][PASSED] - totalplay.Common.verifyPropertyExist is PASSED

06-09-2024T14:39:37 - [TEST_STEP][PASSED] - totalplay.Common.verifyPropertyValueExist(SetPayment_instruments, product_items_0_product_name): totalplay.Common.verifyPropertyValueExist is PASSED

06-09-2024T14:39:37 - [MESSAGE][INFO] - Checking response object

06-09-2024T14:39:37 - [MESSAGE][INFO] - Orden de Maciza (100 g)

06-09-2024T14:39:37 - [MESSAGE][PASSED] - totalplay.Common.verifyPropertyValueExist is PASSED

06-09-2024T14:39:37 - [TEST_STEP][PASSED] - totalplay.Common.getNumValueofObject(SetPayment_instruments, product_items_0_quantity): totalplay.Common.getNumValueofObject is PASSED

06-09-2024T14:39:37 - [MESSAGE][INFO] - Checking response object

06-09-2024T14:39:37 - [MESSAGE][PASSED] - totalplay.Common.getNumValueofObject is PASSED

06-09-2024T14:39:37 - [TEST_STEP][PASSED] - totalplay.Common.getDecimalValueofObject(SetPayment_instruments, product_items_0_tax): totalplay.Common.getDecimalValueofObject is PASSED

06-09-2024T14:39:37 - [MESSAGE][INFO] - Checking response object

06-09-2024T14:39:37 - [MESSAGE][PASSED] - totalplay.Common.getDecimalValueofObject is PASSED

06-09-2024T14:39:37 - [TEST_STEP][PASSED] - totalplay.Common.getDecimalValueofObject(SetPayment_instruments, product_items_0_tax_basis): totalplay.Common.getDecimalValueofObject is PASSED

06-09-2024T14:39:37 - [MESSAGE][INFO] - Checking response object

06-09-2024T14:39:37 - [MESSAGE][PASSED] - totalplay.Common.getDecimalValueofObject is PASSED

06-09-2024T14:39:37 - [TEST_STEP][PASSED] - totalplay.Common.verifyPropertyExist(SetPayment_instruments, product_items_0_tax_class_id): totalplay.Common.verifyPropertyExist is PASSED

06-09-2024T14:39:37 - [MESSAGE][INFO] - Checking response object

06-09-2024T14:39:37 - [MESSAGE][PASSED] - totalplay.Common.verifyPropertyExist is PASSED

06-09-2024T14:39:37 - [TEST_STEP][PASSED] - totalplay.Common.verifyPropertyValueExist(SetPayment_instruments, product_items_0_tax_class_id): totalplay.Common.verifyPropertyValueExist is PASSED

06-09-2024T14:39:37 - [MESSAGE][INFO] - Checking response object

06-09-2024T14:39:37 - [MESSAGE][INFO] - product_zero_tax

06-09-2024T14:39:37 - [MESSAGE][PASSED] - totalplay.Common.verifyPropertyValueExist is PASSED

06-09-2024T14:39:37 - [TEST_STEP][PASSED] - totalplay.Common.getDecimalValueofObject(SetPayment_instruments, product_items_0_tax_rate): totalplay.Common.getDecimalValueofObject is PASSED

06-09-2024T14:39:37 - [MESSAGE][INFO] - Checking response object

06-09-2024T14:39:37 - [MESSAGE][PASSED] - totalplay.Common.getDecimalValueofObject is PASSED

06-09-2024T14:39:37 - [TEST_STEP][PASSED] - totalplay.Common.verifyPropertyExist(SetPayment_instruments, product_items_0_c_fromStoreId): totalplay.Common.verifyPropertyExist is PASSED

06-09-2024T14:39:37 - [MESSAGE][INFO] - Checking response object

06-09-2024T14:39:37 - [MESSAGE][PASSED] - totalplay.Common.verifyPropertyExist is PASSED

06-09-2024T14:39:37 - [TEST_STEP][PASSED] - totalplay.Common.verifyPropertyValueExist(SetPayment_instruments, product_items_0_c_fromStoreId): totalplay.Common.verifyPropertyValueExist is PASSED

06-09-2024T14:39:37 - [MESSAGE][INFO] - Checking response object

06-09-2024T14:39:37 - [MESSAGE][INFO] - 4158

06-09-2024T14:39:37 - [MESSAGE][PASSED] - totalplay.Common.verifyPropertyValueExist is PASSED

06-09-2024T14:39:37 - [TEST_STEP][PASSED] - totalplay.Common.verifyPropertyExist(SetPayment_instruments, product_items_0_c_miraklChannels): totalplay.Common.verifyPropertyExist is PASSED

06-09-2024T14:39:37 - [MESSAGE][INFO] - Checking response object

06-09-2024T14:39:37 - [MESSAGE][PASSED] - totalplay.Common.verifyPropertyExist is PASSED

06-09-2024T14:39:37 - [TEST_STEP][PASSED] - totalplay.Common.verifyPropertyValueExist(SetPayment_instruments, product_items_0_c_miraklChannels): totalplay.Common.verifyPropertyValueExist is PASSED

06-09-2024T14:39:37 - [MESSAGE][INFO] - Checking response object

06-09-2024T14:39:37 - [MESSAGE][INFO] - ["INIT"]

06-09-2024T14:39:37 - [MESSAGE][PASSED] - totalplay.Common.verifyPropertyValueExist is PASSED

06-09-2024T14:39:37 - [TEST_STEP][PASSED] - totalplay.Common.verifyPropertyExist(SetPayment_instruments, product_items_0_c_miraklOperatorProductId): totalplay.Common.verifyPropertyExist is PASSED

06-09-2024T14:39:37 - [MESSAGE][INFO] - Checking response object

06-09-2024T14:39:37 - [MESSAGE][PASSED] - totalplay.Common.verifyPropertyExist is PASSED

06-09-2024T14:39:37 - [TEST_STEP][PASSED] - totalplay.Common.verifyPropertyValueExist(SetPayment_instruments, product_items_0_c_miraklOperatorProductId): totalplay.Common.verifyPropertyValueExist is PASSED

06-09-2024T14:39:37 - [MESSAGE][INFO] - Checking response object

06-09-2024T14:39:37 - [MESSAGE][INFO] - C828554986

06-09-2024T14:39:37 - [MESSAGE][PASSED] - totalplay.Common.verifyPropertyValueExist is PASSED

06-09-2024T14:39:37 - [TEST_STEP][PASSED] - totalplay.Common.verifyPropertyExist(SetPayment_instruments, product_items_0_c_miraklShippingTaxes): totalplay.Common.verifyPropertyExist is PASSED

06-09-2024T14:39:37 - [MESSAGE][INFO] - Checking response object

06-09-2024T14:39:37 - [MESSAGE][PASSED] - totalplay.Common.verifyPropertyExist is PASSED

06-09-2024T14:39:37 - [TEST_STEP][PASSED] - totalplay.Common.verifyPropertyValueExist(SetPayment_instruments, product_items_0_c_miraklShippingTaxes): totalplay.Common.verifyPropertyValueExist is PASSED

06-09-2024T14:39:37 - [MESSAGE][INFO] - Checking response object

06-09-2024T14:39:37 - [MESSAGE][INFO] - [{"amount":0,"type":"product_zero_tax","isTaxRate":true,"rate":0}]

06-09-2024T14:39:37 - [MESSAGE][PASSED] - totalplay.Common.verifyPropertyValueExist is PASSED

06-09-2024T14:39:37 - [TEST_STEP][PASSED] - totalplay.Common.verifyPropertyExist(SetPayment_instruments, product_items_0_c_miraklTaxes): totalplay.Common.verifyPropertyExist is PASSED

06-09-2024T14:39:37 - [MESSAGE][INFO] - Checking response object

06-09-2024T14:39:37 - [MESSAGE][PASSED] - totalplay.Common.verifyPropertyExist is PASSED

06-09-2024T14:39:37 - [TEST_STEP][PASSED] - totalplay.Common.verifyPropertyValueExist(SetPayment_instruments, product_items_0_c_miraklTaxes): totalplay.Common.verifyPropertyValueExist is PASSED

06-09-2024T14:39:37 - [MESSAGE][INFO] - Checking response object

06-09-2024T14:39:37 - [MESSAGE][INFO] - [{"amount":0,"type":"product_zero_tax","isTaxRate":true,"rate":0}]

06-09-2024T14:39:37 - [MESSAGE][PASSED] - totalplay.Common.verifyPropertyValueExist is PASSED

06-09-2024T14:39:37 - [TEST_STEP][PASSED] - totalplay.Common.getNumValueofObject(SetPayment_instruments, product_items_0_c_noOfPersons): totalplay.Common.getNumValueofObject is PASSED

06-09-2024T14:39:37 - [MESSAGE][INFO] - Checking response object

06-09-2024T14:39:37 - [MESSAGE][PASSED] - totalplay.Common.getNumValueofObject is PASSED

06-09-2024T14:39:37 - [TEST_STEP][PASSED] - totalplay.Common.verifyPropertyExist(SetPayment_instruments, product_items_0_c_offerId): totalplay.Common.verifyPropertyExist is PASSED

06-09-2024T14:39:37 - [MESSAGE][INFO] - Checking response object

06-09-2024T14:39:37 - [MESSAGE][PASSED] - totalplay.Common.verifyPropertyExist is PASSED

06-09-2024T14:39:37 - [TEST_STEP][PASSED] - totalplay.Common.verifyPropertyValueExist(SetPayment_instruments, product_items_0_c_offerId): totalplay.Common.verifyPropertyValueExist is PASSED

06-09-2024T14:39:37 - [MESSAGE][INFO] - Checking response object

06-09-2024T14:39:37 - [MESSAGE][INFO] - 541185

06-09-2024T14:39:37 - [MESSAGE][PASSED] - totalplay.Common.verifyPropertyValueExist is PASSED

06-09-2024T14:39:37 - [TEST_STEP][PASSED] - totalplay.Common.getDecimalValueofObject(SetPayment_instruments, product_items_0_c_offerSalesPrice): totalplay.Common.getDecimalValueofObject is PASSED

06-09-2024T14:39:37 - [MESSAGE][INFO] - Checking response object

06-09-2024T14:39:37 - [MESSAGE][PASSED] - totalplay.Common.getDecimalValueofObject is PASSED

06-09-2024T14:39:37 - [TEST_STEP][PASSED] - totalplay.Common.verifyPropertyExist(SetPayment_instruments, product_items_0_c_offerState): totalplay.Common.verifyPropertyExist is PASSED

06-09-2024T14:39:37 - [MESSAGE][INFO] - Checking response object

06-09-2024T14:39:37 - [MESSAGE][PASSED] - totalplay.Common.verifyPropertyExist is PASSED

06-09-2024T14:39:37 - [TEST_STEP][PASSED] - totalplay.Common.verifyPropertyValueExist(SetPayment_instruments, product_items_0_c_offerState): totalplay.Common.verifyPropertyValueExist is PASSED

06-09-2024T14:39:37 - [MESSAGE][INFO] - Checking response object

06-09-2024T14:39:37 - [MESSAGE][INFO] - Nuevo

06-09-2024T14:39:37 - [MESSAGE][PASSED] - totalplay.Common.verifyPropertyValueExist is PASSED

06-09-2024T14:39:37 - [TEST_STEP][PASSED] - totalplay.Common.verifyPropertyExist(SetPayment_instruments, product_items_0_c_offerStateCode): totalplay.Common.verifyPropertyExist is PASSED

06-09-2024T14:39:37 - [MESSAGE][INFO] - Checking response object

06-09-2024T14:39:38 - [MESSAGE][PASSED] - totalplay.Common.verifyPropertyExist is PASSED

06-09-2024T14:39:38 - [TEST_STEP][PASSED] - totalplay.Common.verifyPropertyValueExist(SetPayment_instruments, product_items_0_c_offerStateCode): totalplay.Common.verifyPropertyValueExist is PASSED

06-09-2024T14:39:38 - [MESSAGE][INFO] - Checking response object

06-09-2024T14:39:38 - [MESSAGE][INFO] - 11

06-09-2024T14:39:38 - [MESSAGE][PASSED] - totalplay.Common.verifyPropertyValueExist is PASSED

06-09-2024T14:39:38 - [TEST_STEP][PASSED] - totalplay.Common.verifyPropertyExist(SetPayment_instruments, product_items_0_c_shopId): totalplay.Common.verifyPropertyExist is PASSED

06-09-2024T14:39:38 - [MESSAGE][INFO] - Checking response object

06-09-2024T14:39:38 - [MESSAGE][PASSED] - totalplay.Common.verifyPropertyExist is PASSED

06-09-2024T14:39:38 - [TEST_STEP][PASSED] - totalplay.Common.verifyPropertyValueExist(SetPayment_instruments, product_items_0_c_shopId): totalplay.Common.verifyPropertyValueExist is PASSED

06-09-2024T14:39:38 - [MESSAGE][INFO] - Checking response object

06-09-2024T14:39:38 - [MESSAGE][INFO] - 4158

06-09-2024T14:39:38 - [MESSAGE][PASSED] - totalplay.Common.verifyPropertyValueExist is PASSED

06-09-2024T14:39:38 - [TEST_STEP][PASSED] - totalplay.Common.verifyPropertyExist(SetPayment_instruments, product_items_0_c_shopName): totalplay.Common.verifyPropertyExist is PASSED

06-09-2024T14:39:38 - [MESSAGE][INFO] - Checking response object

06-09-2024T14:39:38 - [MESSAGE][PASSED] - totalplay.Common.verifyPropertyExist is PASSED

06-09-2024T14:39:38 - [TEST_STEP][PASSED] - totalplay.Common.verifyPropertyValueExist(SetPayment_instruments, product_items_0_c_shopName): totalplay.Common.verifyPropertyValueExist is PASSED

06-09-2024T14:39:38 - [MESSAGE][INFO] - Checking response object

06-09-2024T14:39:38 - [MESSAGE][INFO] - La Casa De Toño Polanco

06-09-2024T14:39:38 - [MESSAGE][PASSED] - totalplay.Common.verifyPropertyValueExist is PASSED

06-09-2024T14:39:38 - [TEST_STEP][PASSED] - totalplay.Common.getDecimalValueofObject(SetPayment_instruments, product_items_0_c_total_crossed_price): totalplay.Common.getDecimalValueofObject is PASSED

06-09-2024T14:39:38 - [MESSAGE][INFO] - Checking response object

06-09-2024T14:39:38 - [MESSAGE][PASSED] - totalplay.Common.getDecimalValueofObject is PASSED

06-09-2024T14:39:38 - [TEST_STEP][PASSED] - totalplay.Common.getDecimalValueofObject(SetPayment_instruments, product_items_0_c_priceWithComplement): totalplay.Common.getDecimalValueofObject is PASSED

06-09-2024T14:39:38 - [MESSAGE][INFO] - Checking response object

06-09-2024T14:39:38 - [MESSAGE][PASSED] - totalplay.Common.getDecimalValueofObject is PASSED

06-09-2024T14:39:38 - [TEST_STEP][PASSED] - totalplay.Common.getDecimalValueofObject(SetPayment_instruments, product_sub_total): totalplay.Common.getDecimalValueofObject is PASSED

06-09-2024T14:39:38 - [MESSAGE][INFO] - Checking response object

06-09-2024T14:39:38 - [MESSAGE][PASSED] - totalplay.Common.getDecimalValueofObject is PASSED

06-09-2024T14:39:38 - [TEST_STEP][PASSED] - totalplay.Common.getDecimalValueofObject(SetPayment_instruments, product_total): totalplay.Common.getDecimalValueofObject is PASSED

06-09-2024T14:39:38 - [MESSAGE][INFO] - Checking response object

06-09-2024T14:39:38 - [MESSAGE][PASSED] - totalplay.Common.getDecimalValueofObject is PASSED

06-09-2024T14:39:38 - [TEST_STEP][PASSED] - totalplay.Common.verifyPropertyExist(SetPayment_instruments, shipments_0__type): totalplay.Common.verifyPropertyExist is PASSED

06-09-2024T14:39:38 - [MESSAGE][INFO] - Checking response object

06-09-2024T14:39:38 - [MESSAGE][PASSED] - totalplay.Common.verifyPropertyExist is PASSED

06-09-2024T14:39:38 - [TEST_STEP][PASSED] - totalplay.Common.verifyPropertyValueExist(SetPayment_instruments, shipments_0__type): totalplay.Common.verifyPropertyValueExist is PASSED

06-09-2024T14:39:38 - [MESSAGE][INFO] - Checking response object

06-09-2024T14:39:38 - [MESSAGE][INFO] - shipment

06-09-2024T14:39:38 - [MESSAGE][PASSED] - totalplay.Common.verifyPropertyValueExist is PASSED

06-09-2024T14:39:38 - [TEST_STEP][PASSED] - totalplay.Common.getDecimalValueofObject(SetPayment_instruments, shipments_0_adjusted_merchandize_total_tax): totalplay.Common.getDecimalValueofObject is PASSED

06-09-2024T14:39:38 - [MESSAGE][INFO] - Checking response object

06-09-2024T14:39:38 - [MESSAGE][PASSED] - totalplay.Common.getDecimalValueofObject is PASSED

06-09-2024T14:39:38 - [TEST_STEP][PASSED] - totalplay.Common.getDecimalValueofObject(SetPayment_instruments, shipments_0_adjusted_shipping_total_tax): totalplay.Common.getDecimalValueofObject is PASSED

06-09-2024T14:39:38 - [MESSAGE][INFO] - Checking response object

06-09-2024T14:39:38 - [MESSAGE][PASSED] - totalplay.Common.getDecimalValueofObject is PASSED

06-09-2024T14:39:38 - [TEST_STEP][PASSED] - totalplay.Common.getBooleanValueofObject(SetPayment_instruments, shipments_0_gift): totalplay.Common.getBooleanValueofObject is PASSED

06-09-2024T14:39:38 - [MESSAGE][INFO] - Checking response object

06-09-2024T14:39:38 - [MESSAGE][PASSED] - totalplay.Common.getBooleanValueofObject is PASSED

06-09-2024T14:39:38 - [TEST_STEP][PASSED] - totalplay.Common.getDecimalValueofObject(SetPayment_instruments, shipments_0_merchandize_total_tax): totalplay.Common.getDecimalValueofObject is PASSED

06-09-2024T14:39:38 - [MESSAGE][INFO] - Checking response object

06-09-2024T14:39:38 - [MESSAGE][PASSED] - totalplay.Common.getDecimalValueofObject is PASSED

06-09-2024T14:39:38 - [TEST_STEP][PASSED] - totalplay.Common.getDecimalValueofObject(SetPayment_instruments, shipments_0_product_sub_total): totalplay.Common.getDecimalValueofObject is PASSED

06-09-2024T14:39:38 - [MESSAGE][INFO] - Checking response object

06-09-2024T14:39:38 - [MESSAGE][PASSED] - totalplay.Common.getDecimalValueofObject is PASSED

06-09-2024T14:39:38 - [TEST_STEP][PASSED] - totalplay.Common.getDecimalValueofObject(SetPayment_instruments, shipments_0_product_total): totalplay.Common.getDecimalValueofObject is PASSED

06-09-2024T14:39:38 - [MESSAGE][INFO] - Checking response object

06-09-2024T14:39:38 - [MESSAGE][PASSED] - totalplay.Common.getDecimalValueofObject is PASSED

06-09-2024T14:39:38 - [TEST_STEP][PASSED] - totalplay.Common.verifyPropertyExist(SetPayment_instruments, shipments_0_shipment_id): totalplay.Common.verifyPropertyExist is PASSED

06-09-2024T14:39:38 - [MESSAGE][INFO] - Checking response object

06-09-2024T14:39:38 - [MESSAGE][PASSED] - totalplay.Common.verifyPropertyExist is PASSED

06-09-2024T14:39:38 - [TEST_STEP][PASSED] - totalplay.Common.verifyPropertyValueExist(SetPayment_instruments, shipments_0_shipment_id): totalplay.Common.verifyPropertyValueExist is PASSED

06-09-2024T14:39:38 - [MESSAGE][INFO] - Checking response object

06-09-2024T14:39:38 - [MESSAGE][INFO] - me

06-09-2024T14:39:38 - [MESSAGE][PASSED] - totalplay.Common.verifyPropertyValueExist is PASSED

06-09-2024T14:39:38 - [TEST_STEP][PASSED] - totalplay.Common.getDecimalValueofObject(SetPayment_instruments, shipments_0_shipment_total): totalplay.Common.getDecimalValueofObject is PASSED

06-09-2024T14:39:38 - [MESSAGE][INFO] - Checking response object

06-09-2024T14:39:38 - [MESSAGE][PASSED] - totalplay.Common.getDecimalValueofObject is PASSED

06-09-2024T14:39:38 - [TEST_STEP][PASSED] - totalplay.Common.verifyPropertyExist(SetPayment_instruments, shipments_0_shipping_address__type): totalplay.Common.verifyPropertyExist is PASSED

06-09-2024T14:39:38 - [MESSAGE][INFO] - Checking response object

06-09-2024T14:39:38 - [MESSAGE][PASSED] - totalplay.Common.verifyPropertyExist is PASSED

06-09-2024T14:39:38 - [TEST_STEP][PASSED] - totalplay.Common.verifyPropertyValueExist(SetPayment_instruments, shipments_0_shipping_address__type): totalplay.Common.verifyPropertyValueExist is PASSED

06-09-2024T14:39:38 - [MESSAGE][INFO] - Checking response object

06-09-2024T14:39:38 - [MESSAGE][INFO] - order_address

06-09-2024T14:39:38 - [MESSAGE][PASSED] - totalplay.Common.verifyPropertyValueExist is PASSED

06-09-2024T14:39:38 - [TEST_STEP][PASSED] - totalplay.Common.verifyPropertyExist(SetPayment_instruments, shipments_0_shipping_address_address1): totalplay.Common.verifyPropertyExist is PASSED

06-09-2024T14:39:38 - [MESSAGE][INFO] - Checking response object

06-09-2024T14:39:38 - [MESSAGE][PASSED] - totalplay.Common.verifyPropertyExist is PASSED

06-09-2024T14:39:38 - [TEST_STEP][PASSED] - totalplay.Common.verifyPropertyValueExist(SetPayment_instruments, shipments_0_shipping_address_address1): totalplay.Common.verifyPropertyValueExist is PASSED

06-09-2024T14:39:38 - [MESSAGE][INFO] - Checking response object

06-09-2024T14:39:38 - [MESSAGE][INFO] - Alejandro Dumas

06-09-2024T14:39:38 - [MESSAGE][PASSED] - totalplay.Common.verifyPropertyValueExist is PASSED

06-09-2024T14:39:38 - [TEST_STEP][PASSED] - totalplay.Common.verifyPropertyExist(SetPayment_instruments, shipments_0_shipping_address_city): totalplay.Common.verifyPropertyExist is PASSED

06-09-2024T14:39:38 - [MESSAGE][INFO] - Checking response object

06-09-2024T14:39:38 - [MESSAGE][PASSED] - totalplay.Common.verifyPropertyExist is PASSED

06-09-2024T14:39:38 - [TEST_STEP][PASSED] - totalplay.Common.verifyPropertyValueExist(SetPayment_instruments, shipments_0_shipping_address_city): totalplay.Common.verifyPropertyValueExist is PASSED

06-09-2024T14:39:38 - [MESSAGE][INFO] - Checking response object

06-09-2024T14:39:38 - [MESSAGE][INFO] - Ciudad de Mexico

06-09-2024T14:39:38 - [MESSAGE][PASSED] - totalplay.Common.verifyPropertyValueExist is PASSED

06-09-2024T14:39:38 - [TEST_STEP][PASSED] - totalplay.Common.verifyPropertyExist(SetPayment_instruments, shipments_0_shipping_address_country_code): totalplay.Common.verifyPropertyExist is PASSED

06-09-2024T14:39:38 - [MESSAGE][INFO] - Checking response object

06-09-2024T14:39:38 - [MESSAGE][PASSED] - totalplay.Common.verifyPropertyExist is PASSED

06-09-2024T14:39:38 - [TEST_STEP][PASSED] - totalplay.Common.verifyPropertyValueExist(SetPayment_instruments, shipments_0_shipping_address_country_code): totalplay.Common.verifyPropertyValueExist is PASSED

06-09-2024T14:39:38 - [MESSAGE][INFO] - Checking response object

06-09-2024T14:39:38 - [MESSAGE][INFO] - MX

06-09-2024T14:39:38 - [MESSAGE][PASSED] - totalplay.Common.verifyPropertyValueExist is PASSED

06-09-2024T14:39:38 - [TEST_STEP][PASSED] - totalplay.Common.verifyPropertyExist(SetPayment_instruments, shipments_0_shipping_address_first_name): totalplay.Common.verifyPropertyExist is PASSED

06-09-2024T14:39:38 - [MESSAGE][INFO] - Checking response object

06-09-2024T14:39:38 - [MESSAGE][PASSED] - totalplay.Common.verifyPropertyExist is PASSED

06-09-2024T14:39:38 - [TEST_STEP][PASSED] - totalplay.Common.verifyPropertyValueExist(SetPayment_instruments, shipments_0_shipping_address_first_name): totalplay.Common.verifyPropertyValueExist is PASSED

06-09-2024T14:39:38 - [MESSAGE][INFO] - Checking response object

06-09-2024T14:39:38 - [MESSAGE][INFO] - CESAR

06-09-2024T14:39:38 - [MESSAGE][PASSED] - totalplay.Common.verifyPropertyValueExist is PASSED

06-09-2024T14:39:38 - [TEST_STEP][PASSED] - totalplay.Common.verifyPropertyExist(SetPayment_instruments, shipments_0_shipping_address_full_name): totalplay.Common.verifyPropertyExist is PASSED

06-09-2024T14:39:38 - [MESSAGE][INFO] - Checking response object

06-09-2024T14:39:38 - [MESSAGE][PASSED] - totalplay.Common.verifyPropertyExist is PASSED

06-09-2024T14:39:38 - [TEST_STEP][PASSED] - totalplay.Common.verifyPropertyValueExist(SetPayment_instruments, shipments_0_shipping_address_full_name): totalplay.Common.verifyPropertyValueExist is PASSED

06-09-2024T14:39:38 - [MESSAGE][INFO] - Checking response object

06-09-2024T14:39:38 - [MESSAGE][INFO] - CESAR GERARDO WALDO GONZALEZ

06-09-2024T14:39:38 - [MESSAGE][PASSED] - totalplay.Common.verifyPropertyValueExist is PASSED

06-09-2024T14:39:38 - [TEST_STEP][PASSED] - totalplay.Common.verifyPropertyExist(SetPayment_instruments, shipments_0_shipping_address_id): totalplay.Common.verifyPropertyExist is PASSED

06-09-2024T14:39:38 - [MESSAGE][INFO] - Checking response object

06-09-2024T14:39:38 - [MESSAGE][PASSED] - totalplay.Common.verifyPropertyExist is PASSED

06-09-2024T14:39:38 - [TEST_STEP][PASSED] - totalplay.Common.verifyPropertyValueExist(SetPayment_instruments, shipments_0_shipping_address_id): totalplay.Common.verifyPropertyValueExist is PASSED

06-09-2024T14:39:38 - [MESSAGE][INFO] - Checking response object

06-09-2024T14:39:38 - [MESSAGE][INFO] - 3b1ceee12bb0bec68e0074874b

06-09-2024T14:39:38 - [MESSAGE][PASSED] - totalplay.Common.verifyPropertyValueExist is PASSED

06-09-2024T14:39:38 - [TEST_STEP][PASSED] - totalplay.Common.verifyPropertyExist(SetPayment_instruments, shipments_0_shipping_address_last_name): totalplay.Common.verifyPropertyExist is PASSED

06-09-2024T14:39:38 - [MESSAGE][INFO] - Checking response object

06-09-2024T14:39:39 - [MESSAGE][PASSED] - totalplay.Common.verifyPropertyExist is PASSED

06-09-2024T14:39:39 - [TEST_STEP][PASSED] - totalplay.Common.verifyPropertyValueExist(SetPayment_instruments, shipments_0_shipping_address_last_name): totalplay.Common.verifyPropertyValueExist is PASSED

06-09-2024T14:39:39 - [MESSAGE][INFO] - Checking response object

06-09-2024T14:39:39 - [MESSAGE][INFO] - GERARDO WALDO GONZALEZ

06-09-2024T14:39:39 - [MESSAGE][PASSED] - totalplay.Common.verifyPropertyValueExist is PASSED

06-09-2024T14:39:39 - [TEST_STEP][PASSED] - totalplay.Common.verifyPropertyExist(SetPayment_instruments, shipments_0_shipping_address_phone): totalplay.Common.verifyPropertyExist is PASSED

06-09-2024T14:39:39 - [MESSAGE][INFO] - Checking response object

06-09-2024T14:39:39 - [MESSAGE][PASSED] - totalplay.Common.verifyPropertyExist is PASSED

06-09-2024T14:39:39 - [TEST_STEP][PASSED] - totalplay.Common.verifyPropertyValueExist(SetPayment_instruments, shipments_0_shipping_address_phone): totalplay.Common.verifyPropertyValueExist is PASSED

06-09-2024T14:39:39 - [MESSAGE][INFO] - Checking response object

06-09-2024T14:39:39 - [MESSAGE][INFO] - 5579660270

06-09-2024T14:39:39 - [MESSAGE][PASSED] - totalplay.Common.verifyPropertyValueExist is PASSED

06-09-2024T14:39:39 - [TEST_STEP][PASSED] - totalplay.Common.verifyPropertyExist(SetPayment_instruments, shipments_0_shipping_address_postal_code): totalplay.Common.verifyPropertyExist is PASSED

06-09-2024T14:39:39 - [MESSAGE][INFO] - Checking response object

06-09-2024T14:39:39 - [MESSAGE][PASSED] - totalplay.Common.verifyPropertyExist is PASSED

06-09-2024T14:39:39 - [TEST_STEP][PASSED] - totalplay.Common.verifyPropertyValueExist(SetPayment_instruments, shipments_0_shipping_address_postal_code): totalplay.Common.verifyPropertyValueExist is PASSED

06-09-2024T14:39:39 - [MESSAGE][INFO] - Checking response object

06-09-2024T14:39:39 - [MESSAGE][INFO] - 11500

06-09-2024T14:39:39 - [MESSAGE][PASSED] - totalplay.Common.verifyPropertyValueExist is PASSED

06-09-2024T14:39:39 - [TEST_STEP][PASSED] - totalplay.Common.verifyPropertyExist(SetPayment_instruments, shipments_0_shipping_address_c_alias): totalplay.Common.verifyPropertyExist is PASSED

06-09-2024T14:39:39 - [MESSAGE][INFO] - Checking response object

06-09-2024T14:39:39 - [MESSAGE][PASSED] - totalplay.Common.verifyPropertyExist is PASSED

06-09-2024T14:39:39 - [TEST_STEP][PASSED] - totalplay.Common.verifyPropertyValueExist(SetPayment_instruments, shipments_0_shipping_address_c_alias): totalplay.Common.verifyPropertyValueExist is PASSED

06-09-2024T14:39:39 - [MESSAGE][INFO] - Checking response object

06-09-2024T14:39:39 - [MESSAGE][INFO] - CasaWaldoP

06-09-2024T14:39:39 - [MESSAGE][PASSED] - totalplay.Common.verifyPropertyValueExist is PASSED

06-09-2024T14:39:39 - [TEST_STEP][PASSED] - totalplay.Common.verifyPropertyExist(SetPayment_instruments, shipments_0_shipping_address_c_delegation): totalplay.Common.verifyPropertyExist is PASSED

06-09-2024T14:39:39 - [MESSAGE][INFO] - Checking response object

06-09-2024T14:39:39 - [MESSAGE][PASSED] - totalplay.Common.verifyPropertyExist is PASSED

06-09-2024T14:39:39 - [TEST_STEP][PASSED] - totalplay.Common.verifyPropertyValueExist(SetPayment_instruments, shipments_0_shipping_address_c_delegation): totalplay.Common.verifyPropertyValueExist is PASSED

06-09-2024T14:39:39 - [MESSAGE][INFO] - Checking response object

06-09-2024T14:39:39 - [MESSAGE][INFO] - Miguel Hidalgo

06-09-2024T14:39:39 - [MESSAGE][PASSED] - totalplay.Common.verifyPropertyValueExist is PASSED

06-09-2024T14:39:39 - [TEST_STEP][PASSED] - totalplay.Common.verifyPropertyExist(SetPayment_instruments, shipments_0_shipping_address_c_label): totalplay.Common.verifyPropertyExist is PASSED

06-09-2024T14:39:39 - [MESSAGE][INFO] - Checking response object

06-09-2024T14:39:39 - [MESSAGE][PASSED] - totalplay.Common.verifyPropertyExist is PASSED

06-09-2024T14:39:39 - [TEST_STEP][PASSED] - totalplay.Common.verifyPropertyValueExist(SetPayment_instruments, shipments_0_shipping_address_c_label): totalplay.Common.verifyPropertyValueExist is PASSED

06-09-2024T14:39:39 - [MESSAGE][INFO] - Checking response object

06-09-2024T14:39:39 - [MESSAGE][INFO] - {"home":true,"company":false,"other":false}

06-09-2024T14:39:39 - [MESSAGE][PASSED] - totalplay.Common.verifyPropertyValueExist is PASSED

06-09-2024T14:39:39 - [TEST_STEP][PASSED] - totalplay.Common.verifyPropertyExist(SetPayment_instruments, shipments_0_shipping_address_c_latitude): totalplay.Common.verifyPropertyExist is PASSED

06-09-2024T14:39:39 - [MESSAGE][INFO] - Checking response object

06-09-2024T14:39:39 - [MESSAGE][PASSED] - totalplay.Common.verifyPropertyExist is PASSED

06-09-2024T14:39:39 - [TEST_STEP][PASSED] - totalplay.Common.verifyPropertyValueExist(SetPayment_instruments, shipments_0_shipping_address_c_latitude): totalplay.Common.verifyPropertyValueExist is PASSED

06-09-2024T14:39:39 - [MESSAGE][INFO] - Checking response object

06-09-2024T14:39:39 - [MESSAGE][INFO] - 19.439691

06-09-2024T14:39:39 - [MESSAGE][PASSED] - totalplay.Common.verifyPropertyValueExist is PASSED

06-09-2024T14:39:39 - [TEST_STEP][PASSED] - totalplay.Common.verifyPropertyExist(SetPayment_instruments, shipments_0_shipping_address_c_longitude): totalplay.Common.verifyPropertyExist is PASSED

06-09-2024T14:39:39 - [MESSAGE][INFO] - Checking response object

06-09-2024T14:39:39 - [MESSAGE][PASSED] - totalplay.Common.verifyPropertyExist is PASSED

06-09-2024T14:39:39 - [TEST_STEP][PASSED] - totalplay.Common.verifyPropertyValueExist(SetPayment_instruments, shipments_0_shipping_address_c_longitude): totalplay.Common.verifyPropertyValueExist is PASSED

06-09-2024T14:39:39 - [MESSAGE][INFO] - Checking response object

06-09-2024T14:39:39 - [MESSAGE][INFO] - -99.205670

06-09-2024T14:39:39 - [MESSAGE][PASSED] - totalplay.Common.verifyPropertyValueExist is PASSED

06-09-2024T14:39:39 - [TEST_STEP][PASSED] - totalplay.Common.verifyPropertyExist(SetPayment_instruments, shipments_0_shipping_address_c_nExt): totalplay.Common.verifyPropertyExist is PASSED

06-09-2024T14:39:39 - [MESSAGE][INFO] - Checking response object

06-09-2024T14:39:39 - [MESSAGE][PASSED] - totalplay.Common.verifyPropertyExist is PASSED

06-09-2024T14:39:39 - [TEST_STEP][PASSED] - totalplay.Common.verifyPropertyValueExist(SetPayment_instruments, shipments_0_shipping_address_c_nExt): totalplay.Common.verifyPropertyValueExist is PASSED

06-09-2024T14:39:39 - [MESSAGE][INFO] - Checking response object

06-09-2024T14:39:39 - [MESSAGE][INFO] - 107

06-09-2024T14:39:39 - [MESSAGE][PASSED] - totalplay.Common.verifyPropertyValueExist is PASSED

06-09-2024T14:39:39 - [TEST_STEP][PASSED] - totalplay.Common.verifyPropertyExist(SetPayment_instruments, shipments_0_shipping_address_c_neighborhood): totalplay.Common.verifyPropertyExist is PASSED

06-09-2024T14:39:39 - [MESSAGE][INFO] - Checking response object

06-09-2024T14:39:39 - [MESSAGE][PASSED] - totalplay.Common.verifyPropertyExist is PASSED

06-09-2024T14:39:39 - [TEST_STEP][PASSED] - totalplay.Common.verifyPropertyValueExist(SetPayment_instruments, shipments_0_shipping_address_c_neighborhood): totalplay.Common.verifyPropertyValueExist is PASSED

06-09-2024T14:39:39 - [MESSAGE][INFO] - Checking response object

06-09-2024T14:39:39 - [MESSAGE][INFO] - Polanco

06-09-2024T14:39:39 - [MESSAGE][PASSED] - totalplay.Common.verifyPropertyValueExist is PASSED

06-09-2024T14:39:39 - [TEST_STEP][PASSED] - totalplay.Common.verifyPropertyExist(SetPayment_instruments, shipments_0_shipping_address_c_references): totalplay.Common.verifyPropertyExist is PASSED

06-09-2024T14:39:39 - [MESSAGE][INFO] - Checking response object

06-09-2024T14:39:39 - [MESSAGE][PASSED] - totalplay.Common.verifyPropertyExist is PASSED

06-09-2024T14:39:39 - [TEST_STEP][PASSED] - totalplay.Common.verifyPropertyValueExist(SetPayment_instruments, shipments_0_shipping_address_c_references): totalplay.Common.verifyPropertyValueExist is PASSED

06-09-2024T14:39:39 - [MESSAGE][INFO] - Checking response object

06-09-2024T14:39:39 - [MESSAGE][INFO] - Llamar al llegar

06-09-2024T14:39:39 - [MESSAGE][PASSED] - totalplay.Common.verifyPropertyValueExist is PASSED

06-09-2024T14:39:39 - [TEST_STEP][PASSED] - totalplay.Common.verifyPropertyExist(SetPayment_instruments, shipments_0_shipping_address_c_rfc): totalplay.Common.verifyPropertyExist is PASSED

06-09-2024T14:39:39 - [MESSAGE][INFO] - Checking response object

06-09-2024T14:39:39 - [MESSAGE][PASSED] - totalplay.Common.verifyPropertyExist is PASSED

06-09-2024T14:39:39 - [TEST_STEP][PASSED] - totalplay.Common.verifyPropertyValueExist(SetPayment_instruments, shipments_0_shipping_address_c_rfc): totalplay.Common.verifyPropertyValueExist is PASSED

06-09-2024T14:39:39 - [MESSAGE][INFO] - Checking response object

06-09-2024T14:39:39 - [MESSAGE][INFO] - XAXA010101111

06-09-2024T14:39:39 - [MESSAGE][PASSED] - totalplay.Common.verifyPropertyValueExist is PASSED

06-09-2024T14:39:39 - [TEST_STEP][PASSED] - totalplay.Common.verifyPropertyExist(SetPayment_instruments, shipments_0_shipping_address_c_state): totalplay.Common.verifyPropertyExist is PASSED

06-09-2024T14:39:39 - [MESSAGE][INFO] - Checking response object

06-09-2024T14:39:39 - [MESSAGE][PASSED] - totalplay.Common.verifyPropertyExist is PASSED

06-09-2024T14:39:39 - [TEST_STEP][PASSED] - totalplay.Common.verifyPropertyValueExist(SetPayment_instruments, shipments_0_shipping_address_c_state): totalplay.Common.verifyPropertyValueExist is PASSED

06-09-2024T14:39:39 - [MESSAGE][INFO] - Checking response object

06-09-2024T14:39:39 - [MESSAGE][INFO] - CDMX

06-09-2024T14:39:39 - [MESSAGE][PASSED] - totalplay.Common.verifyPropertyValueExist is PASSED

06-09-2024T14:39:39 - [TEST_STEP][PASSED] - totalplay.Common.verifyPropertyExist(SetPayment_instruments, shipments_0_shipping_address_c_streetName): totalplay.Common.verifyPropertyExist is PASSED

06-09-2024T14:39:39 - [MESSAGE][INFO] - Checking response object

06-09-2024T14:39:39 - [MESSAGE][PASSED] - totalplay.Common.verifyPropertyExist is PASSED

06-09-2024T14:39:39 - [TEST_STEP][PASSED] - totalplay.Common.verifyPropertyValueExist(SetPayment_instruments, shipments_0_shipping_address_c_streetName): totalplay.Common.verifyPropertyValueExist is PASSED

06-09-2024T14:39:39 - [MESSAGE][INFO] - Checking response object

06-09-2024T14:39:39 - [MESSAGE][INFO] - Alejandro Dumas

06-09-2024T14:39:39 - [MESSAGE][PASSED] - totalplay.Common.verifyPropertyValueExist is PASSED

06-09-2024T14:39:39 - [TEST_STEP][PASSED] - totalplay.Common.verifyPropertyExist(SetPayment_instruments, shipments_0_shipping_method__type): totalplay.Common.verifyPropertyExist is PASSED

06-09-2024T14:39:39 - [MESSAGE][INFO] - Checking response object

06-09-2024T14:39:39 - [MESSAGE][PASSED] - totalplay.Common.verifyPropertyExist is PASSED

06-09-2024T14:39:39 - [TEST_STEP][PASSED] - totalplay.Common.verifyPropertyValueExist(SetPayment_instruments, shipments_0_shipping_method__type): totalplay.Common.verifyPropertyValueExist is PASSED

06-09-2024T14:39:39 - [MESSAGE][INFO] - Checking response object

06-09-2024T14:39:39 - [MESSAGE][INFO] - shipping_method

06-09-2024T14:39:39 - [MESSAGE][PASSED] - totalplay.Common.verifyPropertyValueExist is PASSED

06-09-2024T14:39:39 - [TEST_STEP][PASSED] - totalplay.Common.verifyPropertyExist(SetPayment_instruments, shipments_0_shipping_method_description): totalplay.Common.verifyPropertyExist is PASSED

06-09-2024T14:39:39 - [MESSAGE][INFO] - Checking response object

06-09-2024T14:39:39 - [MESSAGE][PASSED] - totalplay.Common.verifyPropertyExist is PASSED

06-09-2024T14:39:39 - [TEST_STEP][PASSED] - totalplay.Common.verifyPropertyValueExist(SetPayment_instruments, shipments_0_shipping_method_description): totalplay.Common.verifyPropertyValueExist is PASSED

06-09-2024T14:39:39 - [MESSAGE][INFO] - Checking response object

06-09-2024T14:39:39 - [MESSAGE][INFO] - pickup

06-09-2024T14:39:39 - [MESSAGE][PASSED] - totalplay.Common.verifyPropertyValueExist is PASSED

06-09-2024T14:39:39 - [TEST_STEP][PASSED] - totalplay.Common.verifyPropertyExist(SetPayment_instruments, shipments_0_shipping_method_name): totalplay.Common.verifyPropertyExist is PASSED

06-09-2024T14:39:39 - [MESSAGE][INFO] - Checking response object

06-09-2024T14:39:39 - [MESSAGE][PASSED] - totalplay.Common.verifyPropertyExist is PASSED

06-09-2024T14:39:39 - [TEST_STEP][PASSED] - totalplay.Common.verifyPropertyValueExist(SetPayment_instruments, shipments_0_shipping_method_name): totalplay.Common.verifyPropertyValueExist is PASSED

06-09-2024T14:39:39 - [MESSAGE][INFO] - Checking response object

06-09-2024T14:39:39 - [MESSAGE][INFO] - pickup

06-09-2024T14:39:39 - [MESSAGE][PASSED] - totalplay.Common.verifyPropertyValueExist is PASSED

06-09-2024T14:39:39 - [TEST_STEP][PASSED] - totalplay.Common.verifyPropertyExist(SetPayment_instruments, shipments_0_shipping_method_c_estimatedArrivalTime): totalplay.Common.verifyPropertyExist is PASSED

06-09-2024T14:39:39 - [MESSAGE][INFO] - Checking response object

06-09-2024T14:39:39 - [MESSAGE][PASSED] - totalplay.Common.verifyPropertyExist is PASSED

06-09-2024T14:39:39 - [TEST_STEP][PASSED] - totalplay.Common.verifyPropertyValueExist(SetPayment_instruments, shipments_0_shipping_method_c_estimatedArrivalTime): totalplay.Common.verifyPropertyValueExist is PASSED

06-09-2024T14:39:39 - [MESSAGE][INFO] - Checking response object

06-09-2024T14:39:40 - [MESSAGE][INFO] - 60 Mins

06-09-2024T14:39:40 - [MESSAGE][PASSED] - totalplay.Common.verifyPropertyValueExist is PASSED

06-09-2024T14:39:40 - [TEST_STEP][PASSED] - totalplay.Common.getBooleanValueofObject(SetPayment_instruments, shipments_0_shipping_method_c_storePickupEnabled): totalplay.Common.getBooleanValueofObject is PASSED

06-09-2024T14:39:40 - [MESSAGE][INFO] - Checking response object

06-09-2024T14:39:40 - [MESSAGE][PASSED] - totalplay.Common.getBooleanValueofObject is PASSED

06-09-2024T14:39:40 - [TEST_STEP][PASSED] - totalplay.Common.verifyPropertyExist(SetPayment_instruments, shipments_0_shipping_status): totalplay.Common.verifyPropertyExist is PASSED

06-09-2024T14:39:40 - [MESSAGE][INFO] - Checking response object

06-09-2024T14:39:40 - [MESSAGE][PASSED] - totalplay.Common.verifyPropertyExist is PASSED

06-09-2024T14:39:40 - [TEST_STEP][PASSED] - totalplay.Common.verifyPropertyValueExist(SetPayment_instruments, shipments_0_shipping_status): totalplay.Common.verifyPropertyValueExist is PASSED

06-09-2024T14:39:40 - [MESSAGE][INFO] - Checking response object

06-09-2024T14:39:40 - [MESSAGE][INFO] - not_shipped

06-09-2024T14:39:40 - [MESSAGE][PASSED] - totalplay.Common.verifyPropertyValueExist is PASSED

06-09-2024T14:39:40 - [TEST_STEP][PASSED] - totalplay.Common.getDecimalValueofObject(SetPayment_instruments, shipments_0_shipping_total): totalplay.Common.getDecimalValueofObject is PASSED

06-09-2024T14:39:40 - [MESSAGE][INFO] - Checking response object

06-09-2024T14:39:40 - [MESSAGE][PASSED] - totalplay.Common.getDecimalValueofObject is PASSED

06-09-2024T14:39:40 - [TEST_STEP][PASSED] - totalplay.Common.getDecimalValueofObject(SetPayment_instruments, shipments_0_shipping_total_tax): totalplay.Common.getDecimalValueofObject is PASSED

06-09-2024T14:39:40 - [MESSAGE][INFO] - Checking response object

06-09-2024T14:39:40 - [MESSAGE][PASSED] - totalplay.Common.getDecimalValueofObject is PASSED

06-09-2024T14:39:40 - [TEST_STEP][PASSED] - totalplay.Common.verifyPropertyExist(SetPayment_instruments, c_seller_id): totalplay.Common.verifyPropertyExist is PASSED

06-09-2024T14:39:40 - [MESSAGE][INFO] - Checking response object

06-09-2024T14:39:40 - [MESSAGE][PASSED] - totalplay.Common.verifyPropertyExist is PASSED

06-09-2024T14:39:40 - [TEST_STEP][PASSED] - totalplay.Common.verifyPropertyValueExist(SetPayment_instruments, c_seller_id): totalplay.Common.verifyPropertyValueExist is PASSED

06-09-2024T14:39:40 - [MESSAGE][INFO] - Checking response object

06-09-2024T14:39:40 - [MESSAGE][INFO] - 4158

06-09-2024T14:39:40 - [MESSAGE][PASSED] - totalplay.Common.verifyPropertyValueExist is PASSED

06-09-2024T14:39:40 - [TEST_STEP][PASSED] - totalplay.Common.getDecimalValueofObject(SetPayment_instruments, c_serviceChargeTotalGrossPrice): totalplay.Common.getDecimalValueofObject is PASSED

06-09-2024T14:39:40 - [MESSAGE][INFO] - Checking response object

06-09-2024T14:39:40 - [MESSAGE][PASSED] - totalplay.Common.getDecimalValueofObject is PASSED

06-09-2024T14:39:40 - [TEST_STEP][PASSED] - totalplay.Common.verifyPropertyExist(SetPayment_instruments, c_formatedOrderTotal): totalplay.Common.verifyPropertyExist is PASSED

06-09-2024T14:39:40 - [MESSAGE][INFO] - Checking response object

06-09-2024T14:39:40 - [MESSAGE][PASSED] - totalplay.Common.verifyPropertyExist is PASSED

06-09-2024T14:39:40 - [TEST_STEP][PASSED] - totalplay.Common.verifyPropertyValueExist(SetPayment_instruments, c_formatedOrderTotal): totalplay.Common.verifyPropertyValueExist is PASSED

06-09-2024T14:39:40 - [MESSAGE][INFO] - Checking response object

06-09-2024T14:39:40 - [MESSAGE][INFO] - $213.36

06-09-2024T14:39:40 - [MESSAGE][PASSED] - totalplay.Common.verifyPropertyValueExist is PASSED

06-09-2024T14:39:40 - [TEST_STEP][PASSED] - totalplay.Common.verifyPropertyExist(SetPayment_instruments, c_formatedProductTotal): totalplay.Common.verifyPropertyExist is PASSED

06-09-2024T14:39:40 - [MESSAGE][INFO] - Checking response object

06-09-2024T14:39:40 - [MESSAGE][PASSED] - totalplay.Common.verifyPropertyExist is PASSED

06-09-2024T14:39:40 - [TEST_STEP][PASSED] - totalplay.Common.verifyPropertyValueExist(SetPayment_instruments, c_formatedProductTotal): totalplay.Common.verifyPropertyValueExist is PASSED

06-09-2024T14:39:40 - [MESSAGE][INFO] - Checking response object

06-09-2024T14:39:40 - [MESSAGE][INFO] - $160.00

06-09-2024T14:39:40 - [MESSAGE][PASSED] - totalplay.Common.verifyPropertyValueExist is PASSED]]></system-out>
         <system-err><![CDATA[]]></system-err>
      </testcase>
      <testcase name="Test Cases/TotalPlay-Food/TC_19_Set Payment instruments - Credit Card" time="17.063" classname="Test Cases/TotalPlay-Food/TC_19_Set Payment instruments - Credit Card" status="PASSED">
         <system-out><![CDATA[06-09-2024T14:39:40 - [TEST_CASE][PASSED] - Test Cases/TotalPlay-Food/TC_19_Set Payment instruments - Credit Card: Test Cases/TotalPlay-Food/TC_19_Set Payment instruments - Credit Card

06-09-2024T14:39:42 - [TEST_STEP][PASSED] - callTestCase(findTestCase("TotalPlay-Food/TC_1_Login_Service"), [:], STOP_ON_FAILURE): Call Test Case 'Test Cases/TotalPlay-Food/TC_1_Login_Service' successfully

06-09-2024T14:39:42 - [MESSAGE][INFO] - Checking called Test Case

06-09-2024T14:39:42 - [MESSAGE][INFO] - Starting to call Test Case 'Test Cases/TotalPlay-Food/TC_1_Login_Service'

06-09-2024T14:39:42 - [TEST_CASE][PASSED] - Test Cases/TotalPlay-Food/TC_1_Login_Service: Test Cases/TotalPlay-Food/TC_1_Login_Service

06-09-2024T14:39:42 - [TEST_STEP][PASSED] - LoginResponse = sendRequest(findTestObject("TotalPlay-Food/getTokenDelivery", ["URL":URL])): Send request successfully

06-09-2024T14:39:42 - [MESSAGE][INFO] - Finding Test Object 'Object Repository/TotalPlay-Food/getTokenDelivery'

06-09-2024T14:39:42 - [MESSAGE][INFO] - Checking request object

06-09-2024T14:39:45 - [MESSAGE][INFO] - HAR: C:\Users\ShubhamKumarThakur\OneDrive - Kognivera\Documents\TotalPlay\totalplay-automation\Reports\20240906_143744\Food_Service_Normal_Flow_PlaceOrder\20240906_143744\requests\main\24.har

06-09-2024T14:39:45 - [MESSAGE][PASSED] - Send request successfully

06-09-2024T14:39:45 - [TEST_STEP][PASSED] - assert getResponseStatusCode(LoginResponse) == 200: Checking response object

06-09-2024T14:39:45 - [MESSAGE][INFO] - Checking response object

06-09-2024T14:39:45 - [TEST_STEP][PASSED] - Auth = "ocapiResponse.access_token": null

06-09-2024T14:39:45 - [TEST_STEP][PASSED] - FoodBascketId = "ocapiResponse.c_basketId_TP_FOOD": null

06-09-2024T14:39:45 - [TEST_STEP][PASSED] - FoodBasId = getElementPropertyValue(LoginResponse, FoodBascketId): Checking response object

06-09-2024T14:39:45 - [MESSAGE][INFO] - Checking response object

06-09-2024T14:39:45 - [TEST_STEP][PASSED] - sfccAuthorization = getElementPropertyValue(LoginResponse, Auth): Checking response object

06-09-2024T14:39:45 - [MESSAGE][INFO] - Checking response object

06-09-2024T14:39:45 - [TEST_STEP][PASSED] - Authorization = "Bearer " + sfccAuthorization: null

06-09-2024T14:39:45 - [TEST_STEP][PASSED] - FoodBasketId = FoodBasId: null

06-09-2024T14:39:45 - [TEST_STEP][PASSED] - logInfo(bm_auth_token): 

06-09-2024T14:39:45 - [MESSAGE][INFO] - 

06-09-2024T14:39:45 - [TEST_STEP][PASSED] - if (sfccAuthorization.length() == 0): null

06-09-2024T14:39:45 - [TEST_STEP][PASSED] - else: authorization generated

06-09-2024T14:39:45 - [TEST_STEP][PASSED] - markPassed("authorization generated"): authorization generated

06-09-2024T14:39:45 - [MESSAGE][PASSED] - authorization generated

06-09-2024T14:39:45 - [TEST_STEP][PASSED] - BasketId_loginResponse = "ocapiResponse.c_basketId": null

06-09-2024T14:39:45 - [TEST_STEP][PASSED] - CustomerId_loginResponse = "ocapiResponse.customer_id": null

06-09-2024T14:39:45 - [TEST_STEP][PASSED] - basketId = getElementPropertyValue(LoginResponse, BasketId_loginResponse): Checking response object

06-09-2024T14:39:45 - [MESSAGE][INFO] - Checking response object

06-09-2024T14:39:45 - [TEST_STEP][PASSED] - customerId = getElementPropertyValue(LoginResponse, CustomerId_loginResponse): Checking response object

06-09-2024T14:39:45 - [MESSAGE][INFO] - Checking response object

06-09-2024T14:39:45 - [TEST_STEP][PASSED] - basketID = basketId: null

06-09-2024T14:39:45 - [TEST_STEP][PASSED] - sla_customerId = customerId: null

06-09-2024T14:39:45 - [TEST_STEP][PASSED] - println(basketID): null

06-09-2024T14:39:45 - [TEST_STEP][PASSED] - println(sla_customerId): null

06-09-2024T14:39:45 - [TEST_STEP][PASSED] - refresh_token = "ocapiResponse.refresh_token": null

06-09-2024T14:39:45 - [TEST_STEP][PASSED] - customer_email = "ocapiResponse.customer_email": null

06-09-2024T14:39:45 - [TEST_STEP][PASSED] - c_brmId = "ocapiResponse.c_brmId": null

06-09-2024T14:39:45 - [TEST_STEP][PASSED] - customer_name = "ocapiResponse.customer_name": null

06-09-2024T14:39:45 - [TEST_STEP][PASSED] - totalplay.Common.verifyPropertyExist(LoginResponse, refresh_token): totalplay.Common.verifyPropertyExist is PASSED

06-09-2024T14:39:45 - [MESSAGE][INFO] - Checking response object

06-09-2024T14:39:45 - [MESSAGE][PASSED] - totalplay.Common.verifyPropertyExist is PASSED

06-09-2024T14:39:45 - [TEST_STEP][PASSED] - totalplay.Common.verifyPropertyValueExist(LoginResponse, refresh_token): totalplay.Common.verifyPropertyValueExist is PASSED

06-09-2024T14:39:45 - [MESSAGE][INFO] - Checking response object

06-09-2024T14:39:45 - [MESSAGE][INFO] - cYWTjw8OzP7929INcwUK3x4ZaJpK3f6OFa8mBBnVtU0

06-09-2024T14:39:45 - [MESSAGE][PASSED] - totalplay.Common.verifyPropertyValueExist is PASSED

06-09-2024T14:39:45 - [TEST_STEP][PASSED] - totalplay.Common.verifyPropertyExist(LoginResponse, customer_email): totalplay.Common.verifyPropertyExist is PASSED

06-09-2024T14:39:45 - [MESSAGE][INFO] - Checking response object

06-09-2024T14:39:45 - [MESSAGE][PASSED] - totalplay.Common.verifyPropertyExist is PASSED

06-09-2024T14:39:45 - [TEST_STEP][PASSED] - totalplay.Common.verifyPropertyValueExist(LoginResponse, customer_email): totalplay.Common.verifyPropertyValueExist is PASSED

06-09-2024T14:39:45 - [MESSAGE][INFO] - Checking response object

06-09-2024T14:39:45 - [MESSAGE][INFO] - cesar.waldo93@gmail.com

06-09-2024T14:39:45 - [MESSAGE][PASSED] - totalplay.Common.verifyPropertyValueExist is PASSED

06-09-2024T14:39:45 - [TEST_STEP][PASSED] - totalplay.Common.verifyPropertyExist(LoginResponse, customer_name): totalplay.Common.verifyPropertyExist is PASSED

06-09-2024T14:39:45 - [MESSAGE][INFO] - Checking response object

06-09-2024T14:39:45 - [MESSAGE][PASSED] - totalplay.Common.verifyPropertyExist is PASSED

06-09-2024T14:39:45 - [TEST_STEP][PASSED] - totalplay.Common.verifyPropertyValueExist(LoginResponse, customer_name): totalplay.Common.verifyPropertyValueExist is PASSED

06-09-2024T14:39:45 - [MESSAGE][INFO] - Checking response object

06-09-2024T14:39:45 - [MESSAGE][INFO] - CESAR GERARDO WALDO GONZALEZ

06-09-2024T14:39:45 - [MESSAGE][PASSED] - totalplay.Common.verifyPropertyValueExist is PASSED

06-09-2024T14:39:45 - [TEST_STEP][PASSED] - totalplay.Common.verifyPropertyExist(LoginResponse, c_brmId): totalplay.Common.verifyPropertyExist is PASSED

06-09-2024T14:39:45 - [MESSAGE][INFO] - Checking response object

06-09-2024T14:39:45 - [MESSAGE][PASSED] - totalplay.Common.verifyPropertyExist is PASSED

06-09-2024T14:39:45 - [TEST_STEP][PASSED] - totalplay.Common.verifyPropertyValueExist(LoginResponse, c_brmId): totalplay.Common.verifyPropertyValueExist is PASSED

06-09-2024T14:39:45 - [MESSAGE][INFO] - Checking response object

06-09-2024T14:39:45 - [MESSAGE][INFO] - 0106378356

06-09-2024T14:39:45 - [MESSAGE][PASSED] - totalplay.Common.verifyPropertyValueExist is PASSED

06-09-2024T14:39:45 - [MESSAGE][PASSED] - Call Test Case 'Test Cases/TotalPlay-Food/TC_1_Login_Service' successfully

06-09-2024T14:39:45 - [TEST_STEP][PASSED] - AddProductbasket = sendRequest(findTestObject("TotalPlay-Food/AddProductToBasket", ["URL":URL, "basketID":basketID])): Send request successfully

06-09-2024T14:39:45 - [MESSAGE][INFO] - Finding Test Object 'Object Repository/TotalPlay-Food/AddProductToBasket'

06-09-2024T14:39:45 - [MESSAGE][INFO] - Checking request object

06-09-2024T14:39:47 - [MESSAGE][INFO] - HAR: C:\Users\ShubhamKumarThakur\OneDrive - Kognivera\Documents\TotalPlay\totalplay-automation\Reports\20240906_143744\Food_Service_Normal_Flow_PlaceOrder\20240906_143744\requests\main\25.har

06-09-2024T14:39:47 - [MESSAGE][PASSED] - Send request successfully

06-09-2024T14:39:47 - [TEST_STEP][PASSED] - verifyResponseStatusCode(AddProductbasket, 200): Verify response status code successfully

06-09-2024T14:39:47 - [MESSAGE][INFO] - Checking response object

06-09-2024T14:39:47 - [MESSAGE][PASSED] - Verify response status code successfully

06-09-2024T14:39:47 - [TEST_STEP][PASSED] - getAddress = sendRequest(findTestObject("TotalPlay-Food/GetAddresses", ["URL":URL, "sla_customerId":sla_customerId, "shop_auth_token":shop_auth_token])): Send request successfully

06-09-2024T14:39:47 - [MESSAGE][INFO] - Finding Test Object 'Object Repository/TotalPlay-Food/GetAddresses'

06-09-2024T14:39:47 - [MESSAGE][INFO] - Checking request object

06-09-2024T14:39:47 - [MESSAGE][INFO] - HAR: C:\Users\ShubhamKumarThakur\OneDrive - Kognivera\Documents\TotalPlay\totalplay-automation\Reports\20240906_143744\Food_Service_Normal_Flow_PlaceOrder\20240906_143744\requests\main\26.har

06-09-2024T14:39:47 - [MESSAGE][PASSED] - Send request successfully

06-09-2024T14:39:47 - [TEST_STEP][PASSED] - verifyResponseStatusCode(getAddress, 200): Verify response status code successfully

06-09-2024T14:39:47 - [MESSAGE][INFO] - Checking response object

06-09-2024T14:39:47 - [MESSAGE][PASSED] - Verify response status code successfully

06-09-2024T14:39:47 - [TEST_STEP][PASSED] - AddAddressToCart = sendRequest(findTestObject("TotalPlay-Food/add address to cart", ["URL":URL, "basketID":basketID])): Send request successfully

06-09-2024T14:39:47 - [MESSAGE][INFO] - Finding Test Object 'Object Repository/TotalPlay-Food/add address to cart'

06-09-2024T14:39:47 - [MESSAGE][INFO] - Checking request object

06-09-2024T14:39:49 - [MESSAGE][INFO] - HAR: C:\Users\ShubhamKumarThakur\OneDrive - Kognivera\Documents\TotalPlay\totalplay-automation\Reports\20240906_143744\Food_Service_Normal_Flow_PlaceOrder\20240906_143744\requests\main\27.har

06-09-2024T14:39:49 - [MESSAGE][PASSED] - Send request successfully

06-09-2024T14:39:49 - [TEST_STEP][PASSED] - verifyResponseStatusCode(AddAddressToCart, 200): Verify response status code successfully

06-09-2024T14:39:49 - [MESSAGE][INFO] - Checking response object

06-09-2024T14:39:49 - [MESSAGE][PASSED] - Verify response status code successfully

06-09-2024T14:39:49 - [TEST_STEP][PASSED] - SetPayment_instruments = sendRequest(findTestObject("TotalPlay-Food/SetPayment_instruments - Credit Card", ["URL":URL, "basketID":basketID, "shop_auth_token":shop_auth_token, "orderTotal":orderTotal])): Send request successfully

06-09-2024T14:39:49 - [MESSAGE][INFO] - Finding Test Object 'Object Repository/TotalPlay-Food/SetPayment_instruments - Credit Card'

06-09-2024T14:39:49 - [MESSAGE][INFO] - Checking request object

06-09-2024T14:39:50 - [MESSAGE][INFO] - HAR: C:\Users\ShubhamKumarThakur\OneDrive - Kognivera\Documents\TotalPlay\totalplay-automation\Reports\20240906_143744\Food_Service_Normal_Flow_PlaceOrder\20240906_143744\requests\main\28.har

06-09-2024T14:39:50 - [MESSAGE][PASSED] - Send request successfully

06-09-2024T14:39:50 - [TEST_STEP][PASSED] - verifyResponseStatusCode(SetPayment_instruments, 200): Verify response status code successfully

06-09-2024T14:39:50 - [MESSAGE][INFO] - Checking response object

06-09-2024T14:39:50 - [MESSAGE][PASSED] - Verify response status code successfully

06-09-2024T14:39:50 - [TEST_STEP][PASSED] - _v = "_v": null

06-09-2024T14:39:50 - [TEST_STEP][PASSED] - _type = "_type": null

06-09-2024T14:39:50 - [TEST_STEP][PASSED] - _resource_state = "_resource_state": null

06-09-2024T14:39:50 - [TEST_STEP][PASSED] - adjusted_merchandize_total_tax = "adjusted_merchandize_total_tax": null

06-09-2024T14:39:50 - [TEST_STEP][PASSED] - adjusted_shipping_total_tax = "adjusted_shipping_total_tax": null

06-09-2024T14:39:50 - [TEST_STEP][PASSED] - agent_basket = "agent_basket": null

06-09-2024T14:39:50 - [TEST_STEP][PASSED] - basket_id = "basket_id": null

06-09-2024T14:39:50 - [TEST_STEP][PASSED] - billing_address__type = "billing_address._type": null

06-09-2024T14:39:50 - [TEST_STEP][PASSED] - billing_address_address1 = "billing_address.address1": null

06-09-2024T14:39:50 - [TEST_STEP][PASSED] - billing_address_city = "billing_address.city": null

06-09-2024T14:39:50 - [TEST_STEP][PASSED] - billing_address_country_code = "billing_address.country_code": null

06-09-2024T14:39:50 - [TEST_STEP][PASSED] - billing_address_first_name = "billing_address.first_name": null

06-09-2024T14:39:50 - [TEST_STEP][PASSED] - billing_address_full_name = "billing_address.full_name": null

06-09-2024T14:39:50 - [TEST_STEP][PASSED] - billing_address_id = "billing_address.id": null

06-09-2024T14:39:50 - [TEST_STEP][PASSED] - billing_address_last_name = "billing_address.last_name": null

06-09-2024T14:39:50 - [TEST_STEP][PASSED] - billing_address_phone = "billing_address.phone": null

06-09-2024T14:39:50 - [TEST_STEP][PASSED] - billing_address_postal_code = "billing_address.postal_code": null

06-09-2024T14:39:50 - [TEST_STEP][PASSED] - billing_address_c_alias = "billing_address.c_alias": null

06-09-2024T14:39:50 - [TEST_STEP][PASSED] - billing_address_c_delegation = "billing_address.c_delegation": null

06-09-2024T14:39:50 - [TEST_STEP][PASSED] - billing_address_c_label = "billing_address.c_label": null

06-09-2024T14:39:50 - [TEST_STEP][PASSED] - billing_address_c_latitude = "billing_address.c_latitude": null

06-09-2024T14:39:50 - [TEST_STEP][PASSED] - billing_address_c_longitude = "billing_address.c_longitude": null

06-09-2024T14:39:50 - [TEST_STEP][PASSED] - billing_address_c_nExt = "billing_address.c_nExt": null

06-09-2024T14:39:50 - [TEST_STEP][PASSED] - billing_address_c_neighborhood = "billing_address.c_neighborhood": null

06-09-2024T14:39:50 - [TEST_STEP][PASSED] - billing_address_c_references = "billing_address.c_references": null

06-09-2024T14:39:50 - [TEST_STEP][PASSED] - billing_address_c_rfc = "billing_address.c_rfc": null

06-09-2024T14:39:50 - [TEST_STEP][PASSED] - billing_address_c_state = "billing_address.c_state": null

06-09-2024T14:39:50 - [TEST_STEP][PASSED] - billing_address_c_streetName = "billing_address.c_streetName": null

06-09-2024T14:39:50 - [TEST_STEP][PASSED] - channel_type = "channel_type": null

06-09-2024T14:39:50 - [TEST_STEP][PASSED] - creation_date = "creation_date": null

06-09-2024T14:39:50 - [TEST_STEP][PASSED] - currency = "currency": null

06-09-2024T14:39:50 - [TEST_STEP][PASSED] - customer_info__type = "customer_info._type": null

06-09-2024T14:39:50 - [TEST_STEP][PASSED] - customer_info_customer_id = "customer_info.customer_id": null

06-09-2024T14:39:50 - [TEST_STEP][PASSED] - customer_info_customer_no = "customer_info.customer_no": null

06-09-2024T14:39:50 - [TEST_STEP][PASSED] - customer_info_email = "customer_info.email": null

06-09-2024T14:39:50 - [TEST_STEP][PASSED] - last_modified = "last_modified": null

06-09-2024T14:39:50 - [TEST_STEP][PASSED] - merchandize_total_tax = "merchandize_total_tax": null

06-09-2024T14:39:50 - [TEST_STEP][PASSED] - notes__type = "notes._type": null

06-09-2024T14:39:50 - [TEST_STEP][PASSED] - notes_link = "notes.link": null

06-09-2024T14:39:50 - [TEST_STEP][PASSED] - order_total = "order_total": null

06-09-2024T14:39:50 - [TEST_STEP][PASSED] - payment_instruments_0__type = "payment_instruments[0]._type": null

06-09-2024T14:39:50 - [TEST_STEP][PASSED] - payment_instruments_0_amount = "payment_instruments[0].amount": null

06-09-2024T14:39:50 - [TEST_STEP][PASSED] - payment_instruments_0_payment_card__type = "payment_instruments[0].payment_card._type": null

06-09-2024T14:39:50 - [TEST_STEP][PASSED] - payment_instruments_0_payment_card_card_type = "payment_instruments[0].payment_card.card_type": null

06-09-2024T14:39:50 - [TEST_STEP][PASSED] - payment_instruments_0_payment_card_credit_card_expired = "payment_instruments[0].payment_card.credit_card_expired": null

06-09-2024T14:39:50 - [TEST_STEP][PASSED] - payment_instruments_0_payment_card_expiration_month = "payment_instruments[0].payment_card.expiration_month": null

06-09-2024T14:39:50 - [TEST_STEP][PASSED] - payment_instruments_0_payment_card_expiration_year = "payment_instruments[0].payment_card.expiration_year": null

06-09-2024T14:39:50 - [TEST_STEP][PASSED] - payment_instruments_0_payment_card_holder = "payment_instruments[0].payment_card.holder": null

06-09-2024T14:39:50 - [TEST_STEP][PASSED] - payment_instruments_0_payment_instrument_id = "payment_instruments[0].payment_instrument_id": null

06-09-2024T14:39:50 - [TEST_STEP][PASSED] - payment_instruments_0_payment_method_id = "payment_instruments[0].payment_method_id": null

06-09-2024T14:39:50 - [TEST_STEP][PASSED] - product_items_0__type = "product_items[0]._type": null

06-09-2024T14:39:50 - [TEST_STEP][PASSED] - product_items_0_adjusted_tax = "product_items[0].adjusted_tax": null

06-09-2024T14:39:50 - [TEST_STEP][PASSED] - product_items_0_base_price = "product_items[0].base_price": null

06-09-2024T14:39:50 - [TEST_STEP][PASSED] - product_items_0_bonus_product_line_item = "product_items[0].bonus_product_line_item": null

06-09-2024T14:39:50 - [TEST_STEP][PASSED] - product_items_0_gift = "product_items[0].gift": null

06-09-2024T14:39:50 - [TEST_STEP][PASSED] - product_items_0_inventory_id = "product_items[0].inventory_id": null

06-09-2024T14:39:50 - [TEST_STEP][PASSED] - product_items_0_item_id = "product_items[0].item_id": null

06-09-2024T14:39:50 - [TEST_STEP][PASSED] - product_items_0_item_text = "product_items[0].item_text": null

06-09-2024T14:39:50 - [TEST_STEP][PASSED] - product_items_0_price = "product_items[0].price": null

06-09-2024T14:39:50 - [TEST_STEP][PASSED] - product_items_0_price_after_item_discount = "product_items[0].price_after_item_discount": null

06-09-2024T14:39:50 - [TEST_STEP][PASSED] - product_items_0_price_after_order_discount = "product_items[0].price_after_order_discount": null

06-09-2024T14:39:50 - [TEST_STEP][PASSED] - product_items_0_product_id = "product_items[0].product_id": null

06-09-2024T14:39:50 - [TEST_STEP][PASSED] - product_items_0_product_name = "product_items[0].product_name": null

06-09-2024T14:39:50 - [TEST_STEP][PASSED] - product_items_0_quantity = "product_items[0].quantity": null

06-09-2024T14:39:50 - [TEST_STEP][PASSED] - product_items_0_tax = "product_items[0].tax": null

06-09-2024T14:39:50 - [TEST_STEP][PASSED] - product_items_0_tax_basis = "product_items[0].tax_basis": null

06-09-2024T14:39:50 - [TEST_STEP][PASSED] - product_items_0_tax_class_id = "product_items[0].tax_class_id": null

06-09-2024T14:39:50 - [TEST_STEP][PASSED] - product_items_0_tax_rate = "product_items[0].tax_rate": null

06-09-2024T14:39:50 - [TEST_STEP][PASSED] - product_items_0_c_fromStoreId = "product_items[0].c_fromStoreId": null

06-09-2024T14:39:50 - [TEST_STEP][PASSED] - product_items_0_c_miraklChannels = "product_items[0].c_miraklChannels": null

06-09-2024T14:39:50 - [TEST_STEP][PASSED] - product_items_0_c_miraklEarliestDeliveryDays = "product_items[0].c_miraklEarliestDeliveryDays": null

06-09-2024T14:39:50 - [TEST_STEP][PASSED] - product_items_0_c_miraklLatestDeliveryDays = "product_items[0].c_miraklLatestDeliveryDays": null

06-09-2024T14:39:50 - [TEST_STEP][PASSED] - product_items_0_c_miraklLeadTimeToShip = "product_items[0].c_miraklLeadTimeToShip": null

06-09-2024T14:39:50 - [TEST_STEP][PASSED] - product_items_0_c_miraklLineShippingPrice = "product_items[0].c_miraklLineShippingPrice": null

06-09-2024T14:39:50 - [TEST_STEP][PASSED] - product_items_0_c_miraklOperatorProductId = "product_items[0].c_miraklOperatorProductId": null

06-09-2024T14:39:50 - [TEST_STEP][PASSED] - product_items_0_c_miraklShippingTaxes = "product_items[0].c_miraklShippingTaxes": null

06-09-2024T14:39:50 - [TEST_STEP][PASSED] - product_items_0_c_miraklTaxes = "product_items[0].c_miraklTaxes": null

06-09-2024T14:39:50 - [TEST_STEP][PASSED] - product_items_0_c_noOfPersons = "product_items[0].c_noOfPersons": null

06-09-2024T14:39:50 - [TEST_STEP][PASSED] - product_items_0_c_offerId = "product_items[0].c_offerId": null

06-09-2024T14:39:50 - [TEST_STEP][PASSED] - product_items_0_c_offerSalesPrice = "product_items[0].c_offerSalesPrice": null

06-09-2024T14:39:50 - [TEST_STEP][PASSED] - product_items_0_c_offerState = "product_items[0].c_offerState": null

06-09-2024T14:39:50 - [TEST_STEP][PASSED] - product_items_0_c_offerStateCode = "product_items[0].c_offerStateCode": null

06-09-2024T14:39:50 - [TEST_STEP][PASSED] - product_items_0_c_shopId = "product_items[0].c_shopId": null

06-09-2024T14:39:50 - [TEST_STEP][PASSED] - product_items_0_c_shopName = "product_items[0].c_shopName": null

06-09-2024T14:39:50 - [TEST_STEP][PASSED] - product_items_0_c_total_crossed_price = "product_items[0].c_total_crossed_price": null

06-09-2024T14:39:50 - [TEST_STEP][PASSED] - product_items_0_c_priceWithComplement = "product_items[0].c_priceWithComplement": null

06-09-2024T14:39:50 - [TEST_STEP][PASSED] - product_sub_total = "product_sub_total": null

06-09-2024T14:39:50 - [TEST_STEP][PASSED] - product_total = "product_total": null

06-09-2024T14:39:50 - [TEST_STEP][PASSED] - shipments_0__type = "shipments[0]._type": null

06-09-2024T14:39:50 - [TEST_STEP][PASSED] - shipments_0_adjusted_merchandize_total_tax = "shipments[0].adjusted_merchandize_total_tax": null

06-09-2024T14:39:50 - [TEST_STEP][PASSED] - shipments_0_adjusted_shipping_total_tax = "shipments[0].adjusted_shipping_total_tax": null

06-09-2024T14:39:50 - [TEST_STEP][PASSED] - shipments_0_gift = "shipments[0].gift": null

06-09-2024T14:39:50 - [TEST_STEP][PASSED] - shipments_0_merchandize_total_tax = "shipments[0].merchandize_total_tax": null

06-09-2024T14:39:50 - [TEST_STEP][PASSED] - shipments_0_product_sub_total = "shipments[0].product_sub_total": null

06-09-2024T14:39:50 - [TEST_STEP][PASSED] - shipments_0_product_total = "shipments[0].product_total": null

06-09-2024T14:39:50 - [TEST_STEP][PASSED] - shipments_0_shipment_id = "shipments[0].shipment_id": null

06-09-2024T14:39:50 - [TEST_STEP][PASSED] - shipments_0_shipment_total = "shipments[0].shipment_total": null

06-09-2024T14:39:50 - [TEST_STEP][PASSED] - shipments_0_shipping_address__type = "shipments[0].shipping_address._type": null

06-09-2024T14:39:50 - [TEST_STEP][PASSED] - shipments_0_shipping_address_address1 = "shipments[0].shipping_address.address1": null

06-09-2024T14:39:50 - [TEST_STEP][PASSED] - shipments_0_shipping_address_city = "shipments[0].shipping_address.city": null

06-09-2024T14:39:50 - [TEST_STEP][PASSED] - shipments_0_shipping_address_country_code = "shipments[0].shipping_address.country_code": null

06-09-2024T14:39:50 - [TEST_STEP][PASSED] - shipments_0_shipping_address_first_name = "shipments[0].shipping_address.first_name": null

06-09-2024T14:39:50 - [TEST_STEP][PASSED] - shipments_0_shipping_address_full_name = "shipments[0].shipping_address.full_name": null

06-09-2024T14:39:50 - [TEST_STEP][PASSED] - shipments_0_shipping_address_id = "shipments[0].shipping_address.id": null

06-09-2024T14:39:50 - [TEST_STEP][PASSED] - shipments_0_shipping_address_last_name = "shipments[0].shipping_address.last_name": null

06-09-2024T14:39:50 - [TEST_STEP][PASSED] - shipments_0_shipping_address_phone = "shipments[0].shipping_address.phone": null

06-09-2024T14:39:50 - [TEST_STEP][PASSED] - shipments_0_shipping_address_postal_code = "shipments[0].shipping_address.postal_code": null

06-09-2024T14:39:50 - [TEST_STEP][PASSED] - shipments_0_shipping_address_c_alias = "shipments[0].shipping_address.c_alias": null

06-09-2024T14:39:50 - [TEST_STEP][PASSED] - shipments_0_shipping_address_c_delegation = "shipments[0].shipping_address.c_delegation": null

06-09-2024T14:39:50 - [TEST_STEP][PASSED] - shipments_0_shipping_address_c_label = "shipments[0].shipping_address.c_label": null

06-09-2024T14:39:50 - [TEST_STEP][PASSED] - shipments_0_shipping_address_c_latitude = "shipments[0].shipping_address.c_latitude": null

06-09-2024T14:39:50 - [TEST_STEP][PASSED] - shipments_0_shipping_address_c_longitude = "shipments[0].shipping_address.c_longitude": null

06-09-2024T14:39:50 - [TEST_STEP][PASSED] - shipments_0_shipping_address_c_nExt = "shipments[0].shipping_address.c_nExt": null

06-09-2024T14:39:50 - [TEST_STEP][PASSED] - shipments_0_shipping_address_c_neighborhood = "shipments[0].shipping_address.c_neighborhood": null

06-09-2024T14:39:50 - [TEST_STEP][PASSED] - shipments_0_shipping_address_c_references = "shipments[0].shipping_address.c_references": null

06-09-2024T14:39:50 - [TEST_STEP][PASSED] - shipments_0_shipping_address_c_rfc = "shipments[0].shipping_address.c_rfc": null

06-09-2024T14:39:50 - [TEST_STEP][PASSED] - shipments_0_shipping_address_c_state = "shipments[0].shipping_address.c_state": null

06-09-2024T14:39:50 - [TEST_STEP][PASSED] - shipments_0_shipping_address_c_streetName = "shipments[0].shipping_address.c_streetName": null

06-09-2024T14:39:50 - [TEST_STEP][PASSED] - shipments_0_shipping_method__type = "shipments[0].shipping_method._type": null

06-09-2024T14:39:50 - [TEST_STEP][PASSED] - shipments_0_shipping_method_description = "shipments[0].shipping_method.description": null

06-09-2024T14:39:50 - [TEST_STEP][PASSED] - shipments_0_shipping_method_id = "shipments[0].shipping_method.id": null

06-09-2024T14:39:50 - [TEST_STEP][PASSED] - shipments_0_shipping_method_name = "shipments[0].shipping_method.name": null

06-09-2024T14:39:50 - [TEST_STEP][PASSED] - shipments_0_shipping_method_c_estimatedArrivalTime = "shipments[0].shipping_method.c_estimatedArrivalTime": null

06-09-2024T14:39:50 - [TEST_STEP][PASSED] - shipments_0_shipping_method_c_storePickupEnabled = "shipments[0].shipping_method.c_storePickupEnabled": null

06-09-2024T14:39:50 - [TEST_STEP][PASSED] - shipments_0_shipping_status = "shipments[0].shipping_status": null

06-09-2024T14:39:50 - [TEST_STEP][PASSED] - shipments_0_shipping_total = "shipments[0].shipping_total": null

06-09-2024T14:39:50 - [TEST_STEP][PASSED] - shipments_0_shipping_total_tax = "shipments[0].shipping_total_tax": null

06-09-2024T14:39:50 - [TEST_STEP][PASSED] - shipments_0_tax_total = "shipments[0].tax_total": null

06-09-2024T14:39:50 - [TEST_STEP][PASSED] - shipments_0_c_serviceCharge = "shipments[0].c_serviceCharge": null

06-09-2024T14:39:50 - [TEST_STEP][PASSED] - shipments_0_c_shippingRates = "shipments[0].c_shippingRates": null

06-09-2024T14:39:50 - [TEST_STEP][PASSED] - shipments_0_c_totalShippingCost = "shipments[0].c_totalShippingCost": null

06-09-2024T14:39:50 - [TEST_STEP][PASSED] - shipping_items_0__type = "shipping_items[0]._type": null

06-09-2024T14:39:50 - [TEST_STEP][PASSED] - shipping_items_0_adjusted_tax = "shipping_items[0].adjusted_tax": null

06-09-2024T14:39:50 - [TEST_STEP][PASSED] - shipping_items_0_base_price = "shipping_items[0].base_price": null

06-09-2024T14:39:50 - [TEST_STEP][PASSED] - shipping_items_0_item_id = "shipping_items[0].item_id": null

06-09-2024T14:39:50 - [TEST_STEP][PASSED] - shipping_items_0_item_text = "shipping_items[0].item_text": null

06-09-2024T14:39:50 - [TEST_STEP][PASSED] - shipping_items_0_price = "shipping_items[0].price": null

06-09-2024T14:39:50 - [TEST_STEP][PASSED] - shipping_items_0_price_after_item_discount = "shipping_items[0].price_after_item_discount": null

06-09-2024T14:39:50 - [TEST_STEP][PASSED] - shipping_items_0_shipment_id = "shipping_items[0].shipment_id": null

06-09-2024T14:39:50 - [TEST_STEP][PASSED] - shipping_items_0_tax = "shipping_items[0].tax": null

06-09-2024T14:39:50 - [TEST_STEP][PASSED] - c_seller_id = "c_seller_id": null

06-09-2024T14:39:50 - [TEST_STEP][PASSED] - c_serviceChargeTotalGrossPrice = "c_serviceChargeTotalGrossPrice": null

06-09-2024T14:39:50 - [TEST_STEP][PASSED] - c_formatedOrderTotal = "c_formatedOrderTotal": null

06-09-2024T14:39:50 - [TEST_STEP][PASSED] - c_formatedProductTotal = "c_formatedProductTotal": null

06-09-2024T14:39:50 - [TEST_STEP][PASSED] - totalplay.Common.verifyPropertyExist(SetPayment_instruments, _v): totalplay.Common.verifyPropertyExist is PASSED

06-09-2024T14:39:50 - [MESSAGE][INFO] - Checking response object

06-09-2024T14:39:50 - [MESSAGE][PASSED] - totalplay.Common.verifyPropertyExist is PASSED

06-09-2024T14:39:50 - [TEST_STEP][PASSED] - totalplay.Common.verifyPropertyValueExist(SetPayment_instruments, _v): totalplay.Common.verifyPropertyValueExist is PASSED

06-09-2024T14:39:50 - [MESSAGE][INFO] - Checking response object

06-09-2024T14:39:50 - [MESSAGE][INFO] - 24.5

06-09-2024T14:39:50 - [MESSAGE][PASSED] - totalplay.Common.verifyPropertyValueExist is PASSED

06-09-2024T14:39:50 - [TEST_STEP][PASSED] - totalplay.Common.verifyPropertyExist(SetPayment_instruments, _type): totalplay.Common.verifyPropertyExist is PASSED

06-09-2024T14:39:50 - [MESSAGE][INFO] - Checking response object

06-09-2024T14:39:50 - [MESSAGE][PASSED] - totalplay.Common.verifyPropertyExist is PASSED

06-09-2024T14:39:50 - [TEST_STEP][PASSED] - totalplay.Common.verifyPropertyValueExist(SetPayment_instruments, _type): totalplay.Common.verifyPropertyValueExist is PASSED

06-09-2024T14:39:50 - [MESSAGE][INFO] - Checking response object

06-09-2024T14:39:50 - [MESSAGE][INFO] - basket

06-09-2024T14:39:50 - [MESSAGE][PASSED] - totalplay.Common.verifyPropertyValueExist is PASSED

06-09-2024T14:39:50 - [TEST_STEP][PASSED] - totalplay.Common.verifyPropertyExist(SetPayment_instruments, _resource_state): totalplay.Common.verifyPropertyExist is PASSED

06-09-2024T14:39:50 - [MESSAGE][INFO] - Checking response object

06-09-2024T14:39:51 - [MESSAGE][PASSED] - totalplay.Common.verifyPropertyExist is PASSED

06-09-2024T14:39:51 - [TEST_STEP][PASSED] - totalplay.Common.verifyPropertyValueExist(SetPayment_instruments, _resource_state): totalplay.Common.verifyPropertyValueExist is PASSED

06-09-2024T14:39:51 - [MESSAGE][INFO] - Checking response object

06-09-2024T14:39:51 - [MESSAGE][INFO] - d78472d46463c204671b5bb34385479474a57f96fa2407ec5ff79f3d3470ff39

06-09-2024T14:39:51 - [MESSAGE][PASSED] - totalplay.Common.verifyPropertyValueExist is PASSED

06-09-2024T14:39:51 - [TEST_STEP][PASSED] - totalplay.Common.getDecimalValueofObject(SetPayment_instruments, adjusted_merchandize_total_tax): totalplay.Common.getDecimalValueofObject is PASSED

06-09-2024T14:39:51 - [MESSAGE][INFO] - Checking response object

06-09-2024T14:39:51 - [MESSAGE][PASSED] - totalplay.Common.getDecimalValueofObject is PASSED

06-09-2024T14:39:51 - [TEST_STEP][PASSED] - totalplay.Common.getDecimalValueofObject(SetPayment_instruments, adjusted_shipping_total_tax): totalplay.Common.getDecimalValueofObject is PASSED

06-09-2024T14:39:51 - [MESSAGE][INFO] - Checking response object

06-09-2024T14:39:51 - [MESSAGE][PASSED] - totalplay.Common.getDecimalValueofObject is PASSED

06-09-2024T14:39:51 - [TEST_STEP][PASSED] - totalplay.Common.getBooleanValueofObject(SetPayment_instruments, agent_basket): totalplay.Common.getBooleanValueofObject is PASSED

06-09-2024T14:39:51 - [MESSAGE][INFO] - Checking response object

06-09-2024T14:39:51 - [MESSAGE][PASSED] - totalplay.Common.getBooleanValueofObject is PASSED

06-09-2024T14:39:51 - [TEST_STEP][PASSED] - totalplay.Common.verifyPropertyExist(SetPayment_instruments, basket_id): totalplay.Common.verifyPropertyExist is PASSED

06-09-2024T14:39:51 - [MESSAGE][INFO] - Checking response object

06-09-2024T14:39:51 - [MESSAGE][PASSED] - totalplay.Common.verifyPropertyExist is PASSED

06-09-2024T14:39:51 - [TEST_STEP][PASSED] - totalplay.Common.verifyPropertyValueExist(SetPayment_instruments, basket_id): totalplay.Common.verifyPropertyValueExist is PASSED

06-09-2024T14:39:51 - [MESSAGE][INFO] - Checking response object

06-09-2024T14:39:51 - [MESSAGE][INFO] - 28da5fe632b55fd15328f51beb

06-09-2024T14:39:51 - [MESSAGE][PASSED] - totalplay.Common.verifyPropertyValueExist is PASSED

06-09-2024T14:39:51 - [TEST_STEP][PASSED] - totalplay.Common.verifyPropertyExist(SetPayment_instruments, billing_address__type): totalplay.Common.verifyPropertyExist is PASSED

06-09-2024T14:39:51 - [MESSAGE][INFO] - Checking response object

06-09-2024T14:39:51 - [MESSAGE][PASSED] - totalplay.Common.verifyPropertyExist is PASSED

06-09-2024T14:39:51 - [TEST_STEP][PASSED] - totalplay.Common.verifyPropertyValueExist(SetPayment_instruments, billing_address__type): totalplay.Common.verifyPropertyValueExist is PASSED

06-09-2024T14:39:51 - [MESSAGE][INFO] - Checking response object

06-09-2024T14:39:51 - [MESSAGE][INFO] - order_address

06-09-2024T14:39:51 - [MESSAGE][PASSED] - totalplay.Common.verifyPropertyValueExist is PASSED

06-09-2024T14:39:51 - [TEST_STEP][PASSED] - totalplay.Common.verifyPropertyExist(SetPayment_instruments, billing_address_address1): totalplay.Common.verifyPropertyExist is PASSED

06-09-2024T14:39:51 - [MESSAGE][INFO] - Checking response object

06-09-2024T14:39:51 - [MESSAGE][PASSED] - totalplay.Common.verifyPropertyExist is PASSED

06-09-2024T14:39:51 - [TEST_STEP][PASSED] - totalplay.Common.verifyPropertyValueExist(SetPayment_instruments, billing_address_address1): totalplay.Common.verifyPropertyValueExist is PASSED

06-09-2024T14:39:51 - [MESSAGE][INFO] - Checking response object

06-09-2024T14:39:51 - [MESSAGE][INFO] - Alejandro Dumas

06-09-2024T14:39:51 - [MESSAGE][PASSED] - totalplay.Common.verifyPropertyValueExist is PASSED

06-09-2024T14:39:51 - [TEST_STEP][PASSED] - totalplay.Common.verifyPropertyExist(SetPayment_instruments, billing_address_city): totalplay.Common.verifyPropertyExist is PASSED

06-09-2024T14:39:51 - [MESSAGE][INFO] - Checking response object

06-09-2024T14:39:51 - [MESSAGE][PASSED] - totalplay.Common.verifyPropertyExist is PASSED

06-09-2024T14:39:51 - [TEST_STEP][PASSED] - totalplay.Common.verifyPropertyValueExist(SetPayment_instruments, billing_address_city): totalplay.Common.verifyPropertyValueExist is PASSED

06-09-2024T14:39:51 - [MESSAGE][INFO] - Checking response object

06-09-2024T14:39:51 - [MESSAGE][INFO] - Ciudad de Mexico

06-09-2024T14:39:51 - [MESSAGE][PASSED] - totalplay.Common.verifyPropertyValueExist is PASSED

06-09-2024T14:39:51 - [TEST_STEP][PASSED] - totalplay.Common.verifyPropertyExist(SetPayment_instruments, billing_address_country_code): totalplay.Common.verifyPropertyExist is PASSED

06-09-2024T14:39:51 - [MESSAGE][INFO] - Checking response object

06-09-2024T14:39:51 - [MESSAGE][PASSED] - totalplay.Common.verifyPropertyExist is PASSED

06-09-2024T14:39:51 - [TEST_STEP][PASSED] - totalplay.Common.verifyPropertyValueExist(SetPayment_instruments, billing_address_country_code): totalplay.Common.verifyPropertyValueExist is PASSED

06-09-2024T14:39:51 - [MESSAGE][INFO] - Checking response object

06-09-2024T14:39:51 - [MESSAGE][INFO] - MX

06-09-2024T14:39:51 - [MESSAGE][PASSED] - totalplay.Common.verifyPropertyValueExist is PASSED

06-09-2024T14:39:51 - [TEST_STEP][PASSED] - totalplay.Common.verifyPropertyExist(SetPayment_instruments, billing_address_first_name): totalplay.Common.verifyPropertyExist is PASSED

06-09-2024T14:39:51 - [MESSAGE][INFO] - Checking response object

06-09-2024T14:39:51 - [MESSAGE][PASSED] - totalplay.Common.verifyPropertyExist is PASSED

06-09-2024T14:39:51 - [TEST_STEP][PASSED] - totalplay.Common.verifyPropertyValueExist(SetPayment_instruments, billing_address_first_name): totalplay.Common.verifyPropertyValueExist is PASSED

06-09-2024T14:39:51 - [MESSAGE][INFO] - Checking response object

06-09-2024T14:39:51 - [MESSAGE][INFO] - CESAR

06-09-2024T14:39:51 - [MESSAGE][PASSED] - totalplay.Common.verifyPropertyValueExist is PASSED

06-09-2024T14:39:51 - [TEST_STEP][PASSED] - totalplay.Common.verifyPropertyExist(SetPayment_instruments, billing_address_full_name): totalplay.Common.verifyPropertyExist is PASSED

06-09-2024T14:39:51 - [MESSAGE][INFO] - Checking response object

06-09-2024T14:39:51 - [MESSAGE][PASSED] - totalplay.Common.verifyPropertyExist is PASSED

06-09-2024T14:39:51 - [TEST_STEP][PASSED] - totalplay.Common.verifyPropertyValueExist(SetPayment_instruments, billing_address_full_name): totalplay.Common.verifyPropertyValueExist is PASSED

06-09-2024T14:39:51 - [MESSAGE][INFO] - Checking response object

06-09-2024T14:39:51 - [MESSAGE][INFO] - CESAR GERARDO WALDO GONZALEZ

06-09-2024T14:39:51 - [MESSAGE][PASSED] - totalplay.Common.verifyPropertyValueExist is PASSED

06-09-2024T14:39:51 - [TEST_STEP][PASSED] - totalplay.Common.verifyPropertyExist(SetPayment_instruments, billing_address_id): totalplay.Common.verifyPropertyExist is PASSED

06-09-2024T14:39:51 - [MESSAGE][INFO] - Checking response object

06-09-2024T14:39:51 - [MESSAGE][PASSED] - totalplay.Common.verifyPropertyExist is PASSED

06-09-2024T14:39:51 - [TEST_STEP][PASSED] - totalplay.Common.verifyPropertyValueExist(SetPayment_instruments, billing_address_id): totalplay.Common.verifyPropertyValueExist is PASSED

06-09-2024T14:39:51 - [MESSAGE][INFO] - Checking response object

06-09-2024T14:39:51 - [MESSAGE][INFO] - d8c61377a3fe597d9b2c5fd084

06-09-2024T14:39:51 - [MESSAGE][PASSED] - totalplay.Common.verifyPropertyValueExist is PASSED

06-09-2024T14:39:51 - [TEST_STEP][PASSED] - totalplay.Common.verifyPropertyExist(SetPayment_instruments, billing_address_last_name): totalplay.Common.verifyPropertyExist is PASSED

06-09-2024T14:39:51 - [MESSAGE][INFO] - Checking response object

06-09-2024T14:39:51 - [MESSAGE][PASSED] - totalplay.Common.verifyPropertyExist is PASSED

06-09-2024T14:39:51 - [TEST_STEP][PASSED] - totalplay.Common.verifyPropertyValueExist(SetPayment_instruments, billing_address_last_name): totalplay.Common.verifyPropertyValueExist is PASSED

06-09-2024T14:39:51 - [MESSAGE][INFO] - Checking response object

06-09-2024T14:39:51 - [MESSAGE][INFO] - GERARDO WALDO GONZALEZ

06-09-2024T14:39:51 - [MESSAGE][PASSED] - totalplay.Common.verifyPropertyValueExist is PASSED

06-09-2024T14:39:51 - [TEST_STEP][PASSED] - totalplay.Common.verifyPropertyExist(SetPayment_instruments, billing_address_phone): totalplay.Common.verifyPropertyExist is PASSED

06-09-2024T14:39:51 - [MESSAGE][INFO] - Checking response object

06-09-2024T14:39:51 - [MESSAGE][PASSED] - totalplay.Common.verifyPropertyExist is PASSED

06-09-2024T14:39:51 - [TEST_STEP][PASSED] - totalplay.Common.verifyPropertyValueExist(SetPayment_instruments, billing_address_phone): totalplay.Common.verifyPropertyValueExist is PASSED

06-09-2024T14:39:51 - [MESSAGE][INFO] - Checking response object

06-09-2024T14:39:51 - [MESSAGE][INFO] - 5579660270

06-09-2024T14:39:51 - [MESSAGE][PASSED] - totalplay.Common.verifyPropertyValueExist is PASSED

06-09-2024T14:39:51 - [TEST_STEP][PASSED] - totalplay.Common.verifyPropertyExist(SetPayment_instruments, billing_address_postal_code): totalplay.Common.verifyPropertyExist is PASSED

06-09-2024T14:39:51 - [MESSAGE][INFO] - Checking response object

06-09-2024T14:39:51 - [MESSAGE][PASSED] - totalplay.Common.verifyPropertyExist is PASSED

06-09-2024T14:39:51 - [TEST_STEP][PASSED] - totalplay.Common.verifyPropertyValueExist(SetPayment_instruments, billing_address_postal_code): totalplay.Common.verifyPropertyValueExist is PASSED

06-09-2024T14:39:51 - [MESSAGE][INFO] - Checking response object

06-09-2024T14:39:51 - [MESSAGE][INFO] - 11500

06-09-2024T14:39:51 - [MESSAGE][PASSED] - totalplay.Common.verifyPropertyValueExist is PASSED

06-09-2024T14:39:51 - [TEST_STEP][PASSED] - totalplay.Common.verifyPropertyExist(SetPayment_instruments, billing_address_c_alias): totalplay.Common.verifyPropertyExist is PASSED

06-09-2024T14:39:51 - [MESSAGE][INFO] - Checking response object

06-09-2024T14:39:51 - [MESSAGE][PASSED] - totalplay.Common.verifyPropertyExist is PASSED

06-09-2024T14:39:51 - [TEST_STEP][PASSED] - totalplay.Common.verifyPropertyValueExist(SetPayment_instruments, billing_address_c_alias): totalplay.Common.verifyPropertyValueExist is PASSED

06-09-2024T14:39:51 - [MESSAGE][INFO] - Checking response object

06-09-2024T14:39:51 - [MESSAGE][INFO] - CasaWaldoP

06-09-2024T14:39:51 - [MESSAGE][PASSED] - totalplay.Common.verifyPropertyValueExist is PASSED

06-09-2024T14:39:51 - [TEST_STEP][PASSED] - totalplay.Common.verifyPropertyExist(SetPayment_instruments, billing_address_c_delegation): totalplay.Common.verifyPropertyExist is PASSED

06-09-2024T14:39:51 - [MESSAGE][INFO] - Checking response object

06-09-2024T14:39:51 - [MESSAGE][PASSED] - totalplay.Common.verifyPropertyExist is PASSED

06-09-2024T14:39:51 - [TEST_STEP][PASSED] - totalplay.Common.verifyPropertyValueExist(SetPayment_instruments, billing_address_c_delegation): totalplay.Common.verifyPropertyValueExist is PASSED

06-09-2024T14:39:51 - [MESSAGE][INFO] - Checking response object

06-09-2024T14:39:51 - [MESSAGE][INFO] - Miguel Hidalgo

06-09-2024T14:39:51 - [MESSAGE][PASSED] - totalplay.Common.verifyPropertyValueExist is PASSED

06-09-2024T14:39:51 - [TEST_STEP][PASSED] - totalplay.Common.verifyPropertyExist(SetPayment_instruments, billing_address_c_delegation): totalplay.Common.verifyPropertyExist is PASSED

06-09-2024T14:39:51 - [MESSAGE][INFO] - Checking response object

06-09-2024T14:39:51 - [MESSAGE][PASSED] - totalplay.Common.verifyPropertyExist is PASSED

06-09-2024T14:39:51 - [TEST_STEP][PASSED] - totalplay.Common.verifyPropertyValueExist(SetPayment_instruments, billing_address_c_delegation): totalplay.Common.verifyPropertyValueExist is PASSED

06-09-2024T14:39:51 - [MESSAGE][INFO] - Checking response object

06-09-2024T14:39:52 - [MESSAGE][INFO] - Miguel Hidalgo

06-09-2024T14:39:52 - [MESSAGE][PASSED] - totalplay.Common.verifyPropertyValueExist is PASSED

06-09-2024T14:39:52 - [TEST_STEP][PASSED] - totalplay.Common.verifyPropertyExist(SetPayment_instruments, billing_address_c_label): totalplay.Common.verifyPropertyExist is PASSED

06-09-2024T14:39:52 - [MESSAGE][INFO] - Checking response object

06-09-2024T14:39:52 - [MESSAGE][PASSED] - totalplay.Common.verifyPropertyExist is PASSED

06-09-2024T14:39:52 - [TEST_STEP][PASSED] - totalplay.Common.verifyPropertyValueExist(SetPayment_instruments, billing_address_c_label): totalplay.Common.verifyPropertyValueExist is PASSED

06-09-2024T14:39:52 - [MESSAGE][INFO] - Checking response object

06-09-2024T14:39:52 - [MESSAGE][INFO] - {"home":true,"company":false,"other":false}

06-09-2024T14:39:52 - [MESSAGE][PASSED] - totalplay.Common.verifyPropertyValueExist is PASSED

06-09-2024T14:39:52 - [TEST_STEP][PASSED] - totalplay.Common.verifyPropertyExist(SetPayment_instruments, billing_address_c_latitude): totalplay.Common.verifyPropertyExist is PASSED

06-09-2024T14:39:52 - [MESSAGE][INFO] - Checking response object

06-09-2024T14:39:52 - [MESSAGE][PASSED] - totalplay.Common.verifyPropertyExist is PASSED

06-09-2024T14:39:52 - [TEST_STEP][PASSED] - totalplay.Common.verifyPropertyValueExist(SetPayment_instruments, billing_address_c_latitude): totalplay.Common.verifyPropertyValueExist is PASSED

06-09-2024T14:39:52 - [MESSAGE][INFO] - Checking response object

06-09-2024T14:39:52 - [MESSAGE][INFO] - 19.439691

06-09-2024T14:39:52 - [MESSAGE][PASSED] - totalplay.Common.verifyPropertyValueExist is PASSED

06-09-2024T14:39:52 - [TEST_STEP][PASSED] - totalplay.Common.verifyPropertyExist(SetPayment_instruments, billing_address_c_longitude): totalplay.Common.verifyPropertyExist is PASSED

06-09-2024T14:39:52 - [MESSAGE][INFO] - Checking response object

06-09-2024T14:39:52 - [MESSAGE][PASSED] - totalplay.Common.verifyPropertyExist is PASSED

06-09-2024T14:39:52 - [TEST_STEP][PASSED] - totalplay.Common.verifyPropertyValueExist(SetPayment_instruments, billing_address_c_longitude): totalplay.Common.verifyPropertyValueExist is PASSED

06-09-2024T14:39:52 - [MESSAGE][INFO] - Checking response object

06-09-2024T14:39:52 - [MESSAGE][INFO] - -99.205670

06-09-2024T14:39:52 - [MESSAGE][PASSED] - totalplay.Common.verifyPropertyValueExist is PASSED

06-09-2024T14:39:52 - [TEST_STEP][PASSED] - totalplay.Common.verifyPropertyExist(SetPayment_instruments, billing_address_c_nExt): totalplay.Common.verifyPropertyExist is PASSED

06-09-2024T14:39:52 - [MESSAGE][INFO] - Checking response object

06-09-2024T14:39:52 - [MESSAGE][PASSED] - totalplay.Common.verifyPropertyExist is PASSED

06-09-2024T14:39:52 - [TEST_STEP][PASSED] - totalplay.Common.verifyPropertyValueExist(SetPayment_instruments, billing_address_c_nExt): totalplay.Common.verifyPropertyValueExist is PASSED

06-09-2024T14:39:52 - [MESSAGE][INFO] - Checking response object

06-09-2024T14:39:52 - [MESSAGE][INFO] - 107

06-09-2024T14:39:52 - [MESSAGE][PASSED] - totalplay.Common.verifyPropertyValueExist is PASSED

06-09-2024T14:39:52 - [TEST_STEP][PASSED] - totalplay.Common.verifyPropertyExist(SetPayment_instruments, billing_address_c_neighborhood): totalplay.Common.verifyPropertyExist is PASSED

06-09-2024T14:39:52 - [MESSAGE][INFO] - Checking response object

06-09-2024T14:39:52 - [MESSAGE][PASSED] - totalplay.Common.verifyPropertyExist is PASSED

06-09-2024T14:39:52 - [TEST_STEP][PASSED] - totalplay.Common.verifyPropertyValueExist(SetPayment_instruments, billing_address_c_neighborhood): totalplay.Common.verifyPropertyValueExist is PASSED

06-09-2024T14:39:52 - [MESSAGE][INFO] - Checking response object

06-09-2024T14:39:52 - [MESSAGE][INFO] - Polanco

06-09-2024T14:39:52 - [MESSAGE][PASSED] - totalplay.Common.verifyPropertyValueExist is PASSED

06-09-2024T14:39:52 - [TEST_STEP][PASSED] - totalplay.Common.verifyPropertyExist(SetPayment_instruments, billing_address_c_references): totalplay.Common.verifyPropertyExist is PASSED

06-09-2024T14:39:52 - [MESSAGE][INFO] - Checking response object

06-09-2024T14:39:52 - [MESSAGE][PASSED] - totalplay.Common.verifyPropertyExist is PASSED

06-09-2024T14:39:52 - [TEST_STEP][PASSED] - totalplay.Common.verifyPropertyValueExist(SetPayment_instruments, billing_address_c_references): totalplay.Common.verifyPropertyValueExist is PASSED

06-09-2024T14:39:52 - [MESSAGE][INFO] - Checking response object

06-09-2024T14:39:52 - [MESSAGE][INFO] - Llamar al llegar

06-09-2024T14:39:52 - [MESSAGE][PASSED] - totalplay.Common.verifyPropertyValueExist is PASSED

06-09-2024T14:39:52 - [TEST_STEP][PASSED] - totalplay.Common.verifyPropertyExist(SetPayment_instruments, billing_address_c_rfc): totalplay.Common.verifyPropertyExist is PASSED

06-09-2024T14:39:52 - [MESSAGE][INFO] - Checking response object

06-09-2024T14:39:52 - [MESSAGE][PASSED] - totalplay.Common.verifyPropertyExist is PASSED

06-09-2024T14:39:52 - [TEST_STEP][PASSED] - totalplay.Common.verifyPropertyValueExist(SetPayment_instruments, billing_address_c_rfc): totalplay.Common.verifyPropertyValueExist is PASSED

06-09-2024T14:39:52 - [MESSAGE][INFO] - Checking response object

06-09-2024T14:39:52 - [MESSAGE][INFO] - XAXA010101111

06-09-2024T14:39:52 - [MESSAGE][PASSED] - totalplay.Common.verifyPropertyValueExist is PASSED

06-09-2024T14:39:52 - [TEST_STEP][PASSED] - totalplay.Common.verifyPropertyExist(SetPayment_instruments, billing_address_c_state): totalplay.Common.verifyPropertyExist is PASSED

06-09-2024T14:39:52 - [MESSAGE][INFO] - Checking response object

06-09-2024T14:39:52 - [MESSAGE][PASSED] - totalplay.Common.verifyPropertyExist is PASSED

06-09-2024T14:39:52 - [TEST_STEP][PASSED] - totalplay.Common.verifyPropertyValueExist(SetPayment_instruments, billing_address_c_state): totalplay.Common.verifyPropertyValueExist is PASSED

06-09-2024T14:39:52 - [MESSAGE][INFO] - Checking response object

06-09-2024T14:39:52 - [MESSAGE][INFO] - CDMX

06-09-2024T14:39:52 - [MESSAGE][PASSED] - totalplay.Common.verifyPropertyValueExist is PASSED

06-09-2024T14:39:52 - [TEST_STEP][PASSED] - totalplay.Common.verifyPropertyExist(SetPayment_instruments, billing_address_c_streetName): totalplay.Common.verifyPropertyExist is PASSED

06-09-2024T14:39:52 - [MESSAGE][INFO] - Checking response object

06-09-2024T14:39:52 - [MESSAGE][PASSED] - totalplay.Common.verifyPropertyExist is PASSED

06-09-2024T14:39:52 - [TEST_STEP][PASSED] - totalplay.Common.verifyPropertyValueExist(SetPayment_instruments, billing_address_c_streetName): totalplay.Common.verifyPropertyValueExist is PASSED

06-09-2024T14:39:52 - [MESSAGE][INFO] - Checking response object

06-09-2024T14:39:52 - [MESSAGE][INFO] - Alejandro Dumas

06-09-2024T14:39:52 - [MESSAGE][PASSED] - totalplay.Common.verifyPropertyValueExist is PASSED

06-09-2024T14:39:52 - [TEST_STEP][PASSED] - totalplay.Common.verifyPropertyExist(SetPayment_instruments, channel_type): totalplay.Common.verifyPropertyExist is PASSED

06-09-2024T14:39:52 - [MESSAGE][INFO] - Checking response object

06-09-2024T14:39:52 - [MESSAGE][PASSED] - totalplay.Common.verifyPropertyExist is PASSED

06-09-2024T14:39:52 - [TEST_STEP][PASSED] - totalplay.Common.verifyPropertyValueExist(SetPayment_instruments, channel_type): totalplay.Common.verifyPropertyValueExist is PASSED

06-09-2024T14:39:52 - [MESSAGE][INFO] - Checking response object

06-09-2024T14:39:52 - [MESSAGE][INFO] - storefront

06-09-2024T14:39:52 - [MESSAGE][PASSED] - totalplay.Common.verifyPropertyValueExist is PASSED

06-09-2024T14:39:52 - [TEST_STEP][PASSED] - totalplay.Common.verifyPropertyExist(SetPayment_instruments, customer_info__type): totalplay.Common.verifyPropertyExist is PASSED

06-09-2024T14:39:52 - [MESSAGE][INFO] - Checking response object

06-09-2024T14:39:52 - [MESSAGE][PASSED] - totalplay.Common.verifyPropertyExist is PASSED

06-09-2024T14:39:52 - [TEST_STEP][PASSED] - totalplay.Common.verifyPropertyValueExist(SetPayment_instruments, customer_info__type): totalplay.Common.verifyPropertyValueExist is PASSED

06-09-2024T14:39:52 - [MESSAGE][INFO] - Checking response object

06-09-2024T14:39:52 - [MESSAGE][INFO] - customer_info

06-09-2024T14:39:52 - [MESSAGE][PASSED] - totalplay.Common.verifyPropertyValueExist is PASSED

06-09-2024T14:39:52 - [TEST_STEP][PASSED] - totalplay.Common.verifyPropertyExist(SetPayment_instruments, customer_info_customer_id): totalplay.Common.verifyPropertyExist is PASSED

06-09-2024T14:39:52 - [MESSAGE][INFO] - Checking response object

06-09-2024T14:39:52 - [MESSAGE][PASSED] - totalplay.Common.verifyPropertyExist is PASSED

06-09-2024T14:39:52 - [TEST_STEP][PASSED] - totalplay.Common.verifyPropertyValueExist(SetPayment_instruments, customer_info_customer_id): totalplay.Common.verifyPropertyValueExist is PASSED

06-09-2024T14:39:52 - [MESSAGE][INFO] - Checking response object

06-09-2024T14:39:52 - [MESSAGE][INFO] - acTAcwrTj6ECo7V8WDIa5leqor

06-09-2024T14:39:52 - [MESSAGE][PASSED] - totalplay.Common.verifyPropertyValueExist is PASSED

06-09-2024T14:39:52 - [TEST_STEP][PASSED] - totalplay.Common.verifyPropertyExist(SetPayment_instruments, customer_info_customer_no): totalplay.Common.verifyPropertyExist is PASSED

06-09-2024T14:39:52 - [MESSAGE][INFO] - Checking response object

06-09-2024T14:39:52 - [MESSAGE][PASSED] - totalplay.Common.verifyPropertyExist is PASSED

06-09-2024T14:39:52 - [TEST_STEP][PASSED] - totalplay.Common.verifyPropertyValueExist(SetPayment_instruments, customer_info_customer_no): totalplay.Common.verifyPropertyValueExist is PASSED

06-09-2024T14:39:52 - [MESSAGE][INFO] - Checking response object

06-09-2024T14:39:52 - [MESSAGE][INFO] - 00012002

06-09-2024T14:39:52 - [MESSAGE][PASSED] - totalplay.Common.verifyPropertyValueExist is PASSED

06-09-2024T14:39:52 - [TEST_STEP][PASSED] - totalplay.Common.verifyPropertyExist(SetPayment_instruments, customer_info_email): totalplay.Common.verifyPropertyExist is PASSED

06-09-2024T14:39:52 - [MESSAGE][INFO] - Checking response object

06-09-2024T14:39:53 - [MESSAGE][PASSED] - totalplay.Common.verifyPropertyExist is PASSED

06-09-2024T14:39:53 - [TEST_STEP][PASSED] - totalplay.Common.verifyPropertyValueExist(SetPayment_instruments, customer_info_email): totalplay.Common.verifyPropertyValueExist is PASSED

06-09-2024T14:39:53 - [MESSAGE][INFO] - Checking response object

06-09-2024T14:39:53 - [MESSAGE][INFO] - cesar.waldo93@gmail.com

06-09-2024T14:39:53 - [MESSAGE][PASSED] - totalplay.Common.verifyPropertyValueExist is PASSED

06-09-2024T14:39:53 - [TEST_STEP][PASSED] - totalplay.Common.verifyPropertyExist(SetPayment_instruments, last_modified): totalplay.Common.verifyPropertyExist is PASSED

06-09-2024T14:39:53 - [MESSAGE][INFO] - Checking response object

06-09-2024T14:39:53 - [MESSAGE][PASSED] - totalplay.Common.verifyPropertyExist is PASSED

06-09-2024T14:39:53 - [TEST_STEP][PASSED] - totalplay.Common.verifyPropertyValueExist(SetPayment_instruments, last_modified): totalplay.Common.verifyPropertyValueExist is PASSED

06-09-2024T14:39:53 - [MESSAGE][INFO] - Checking response object

06-09-2024T14:39:53 - [MESSAGE][INFO] - 2024-09-06T09:09:50.595Z

06-09-2024T14:39:53 - [MESSAGE][PASSED] - totalplay.Common.verifyPropertyValueExist is PASSED

06-09-2024T14:39:53 - [TEST_STEP][PASSED] - totalplay.Common.getDecimalValueofObject(SetPayment_instruments, merchandize_total_tax): totalplay.Common.getDecimalValueofObject is PASSED

06-09-2024T14:39:53 - [MESSAGE][INFO] - Checking response object

06-09-2024T14:39:53 - [MESSAGE][PASSED] - totalplay.Common.getDecimalValueofObject is PASSED

06-09-2024T14:39:53 - [TEST_STEP][PASSED] - totalplay.Common.verifyPropertyExist(SetPayment_instruments, notes__type): totalplay.Common.verifyPropertyExist is PASSED

06-09-2024T14:39:53 - [MESSAGE][INFO] - Checking response object

06-09-2024T14:39:53 - [MESSAGE][PASSED] - totalplay.Common.verifyPropertyExist is PASSED

06-09-2024T14:39:53 - [TEST_STEP][PASSED] - totalplay.Common.verifyPropertyValueExist(SetPayment_instruments, notes__type): totalplay.Common.verifyPropertyValueExist is PASSED

06-09-2024T14:39:53 - [MESSAGE][INFO] - Checking response object

06-09-2024T14:39:53 - [MESSAGE][INFO] - simple_link

06-09-2024T14:39:53 - [MESSAGE][PASSED] - totalplay.Common.verifyPropertyValueExist is PASSED

06-09-2024T14:39:53 - [TEST_STEP][PASSED] - totalplay.Common.verifyPropertyExist(SetPayment_instruments, notes_link): totalplay.Common.verifyPropertyExist is PASSED

06-09-2024T14:39:53 - [MESSAGE][INFO] - Checking response object

06-09-2024T14:39:53 - [MESSAGE][PASSED] - totalplay.Common.verifyPropertyExist is PASSED

06-09-2024T14:39:53 - [TEST_STEP][PASSED] - totalplay.Common.verifyPropertyValueExist(SetPayment_instruments, notes_link): totalplay.Common.verifyPropertyValueExist is PASSED

06-09-2024T14:39:53 - [MESSAGE][INFO] - Checking response object

06-09-2024T14:39:53 - [MESSAGE][INFO] - https://salesforceqa.sistemastp.com.mx/s/TP-FOOD/dw/shop/v24_5/baskets/28da5fe632b55fd15328f51beb/notes

06-09-2024T14:39:53 - [MESSAGE][PASSED] - totalplay.Common.verifyPropertyValueExist is PASSED

06-09-2024T14:39:53 - [TEST_STEP][PASSED] - totalplay.Common.getDecimalValueofObject(SetPayment_instruments, order_total): totalplay.Common.getDecimalValueofObject is PASSED

06-09-2024T14:39:53 - [MESSAGE][INFO] - Checking response object

06-09-2024T14:39:53 - [MESSAGE][PASSED] - totalplay.Common.getDecimalValueofObject is PASSED

06-09-2024T14:39:53 - [TEST_STEP][PASSED] - totalplay.Common.verifyPropertyExist(SetPayment_instruments, payment_instruments_0__type): totalplay.Common.verifyPropertyExist is PASSED

06-09-2024T14:39:53 - [MESSAGE][INFO] - Checking response object

06-09-2024T14:39:53 - [MESSAGE][PASSED] - totalplay.Common.verifyPropertyExist is PASSED

06-09-2024T14:39:53 - [TEST_STEP][PASSED] - totalplay.Common.verifyPropertyValueExist(SetPayment_instruments, payment_instruments_0__type): totalplay.Common.verifyPropertyValueExist is PASSED

06-09-2024T14:39:53 - [MESSAGE][INFO] - Checking response object

06-09-2024T14:39:53 - [MESSAGE][INFO] - order_payment_instrument

06-09-2024T14:39:53 - [MESSAGE][PASSED] - totalplay.Common.verifyPropertyValueExist is PASSED

06-09-2024T14:39:53 - [TEST_STEP][PASSED] - totalplay.Common.getDecimalValueofObject(SetPayment_instruments, payment_instruments_0_amount): totalplay.Common.getDecimalValueofObject is PASSED

06-09-2024T14:39:53 - [MESSAGE][INFO] - Checking response object

06-09-2024T14:39:53 - [MESSAGE][PASSED] - totalplay.Common.getDecimalValueofObject is PASSED

06-09-2024T14:39:53 - [TEST_STEP][PASSED] - totalplay.Common.verifyPropertyExist(SetPayment_instruments, payment_instruments_0_payment_card__type): totalplay.Common.verifyPropertyExist is PASSED

06-09-2024T14:39:53 - [MESSAGE][INFO] - Checking response object

06-09-2024T14:39:53 - [MESSAGE][PASSED] - totalplay.Common.verifyPropertyExist is PASSED

06-09-2024T14:39:53 - [TEST_STEP][PASSED] - totalplay.Common.verifyPropertyValueExist(SetPayment_instruments, payment_instruments_0_payment_card__type): totalplay.Common.verifyPropertyValueExist is PASSED

06-09-2024T14:39:53 - [MESSAGE][INFO] - Checking response object

06-09-2024T14:39:53 - [MESSAGE][INFO] - payment_card

06-09-2024T14:39:53 - [MESSAGE][PASSED] - totalplay.Common.verifyPropertyValueExist is PASSED

06-09-2024T14:39:53 - [TEST_STEP][PASSED] - totalplay.Common.verifyPropertyExist(SetPayment_instruments, payment_instruments_0_payment_card_card_type): totalplay.Common.verifyPropertyExist is PASSED

06-09-2024T14:39:53 - [MESSAGE][INFO] - Checking response object

06-09-2024T14:39:53 - [MESSAGE][PASSED] - totalplay.Common.verifyPropertyExist is PASSED

06-09-2024T14:39:53 - [TEST_STEP][PASSED] - totalplay.Common.verifyPropertyValueExist(SetPayment_instruments, payment_instruments_0_payment_card_card_type): totalplay.Common.verifyPropertyValueExist is PASSED

06-09-2024T14:39:53 - [MESSAGE][INFO] - Checking response object

06-09-2024T14:39:53 - [MESSAGE][INFO] - Visa

06-09-2024T14:39:53 - [MESSAGE][PASSED] - totalplay.Common.verifyPropertyValueExist is PASSED

06-09-2024T14:39:53 - [TEST_STEP][PASSED] - totalplay.Common.getBooleanValueofObject(SetPayment_instruments, payment_instruments_0_payment_card_credit_card_expired): totalplay.Common.getBooleanValueofObject is PASSED

06-09-2024T14:39:53 - [MESSAGE][INFO] - Checking response object

06-09-2024T14:39:53 - [MESSAGE][PASSED] - totalplay.Common.getBooleanValueofObject is PASSED

06-09-2024T14:39:53 - [TEST_STEP][PASSED] - totalplay.Common.getNumValueofObject(SetPayment_instruments, payment_instruments_0_payment_card_expiration_month): totalplay.Common.getNumValueofObject is PASSED

06-09-2024T14:39:53 - [MESSAGE][INFO] - Checking response object

06-09-2024T14:39:53 - [MESSAGE][PASSED] - totalplay.Common.getNumValueofObject is PASSED

06-09-2024T14:39:53 - [TEST_STEP][PASSED] - totalplay.Common.getNumValueofObject(SetPayment_instruments, payment_instruments_0_payment_card_expiration_year): totalplay.Common.getNumValueofObject is PASSED

06-09-2024T14:39:53 - [MESSAGE][INFO] - Checking response object

06-09-2024T14:39:53 - [MESSAGE][PASSED] - totalplay.Common.getNumValueofObject is PASSED

06-09-2024T14:39:53 - [TEST_STEP][PASSED] - totalplay.Common.verifyPropertyExist(SetPayment_instruments, payment_instruments_0_payment_card_holder): totalplay.Common.verifyPropertyExist is PASSED

06-09-2024T14:39:53 - [MESSAGE][INFO] - Checking response object

06-09-2024T14:39:53 - [MESSAGE][PASSED] - totalplay.Common.verifyPropertyExist is PASSED

06-09-2024T14:39:53 - [TEST_STEP][PASSED] - totalplay.Common.verifyPropertyValueExist(SetPayment_instruments, payment_instruments_0_payment_card_holder): totalplay.Common.verifyPropertyValueExist is PASSED

06-09-2024T14:39:53 - [MESSAGE][INFO] - Checking response object

06-09-2024T14:39:53 - [MESSAGE][INFO] - Test Dev

06-09-2024T14:39:53 - [MESSAGE][PASSED] - totalplay.Common.verifyPropertyValueExist is PASSED

06-09-2024T14:39:53 - [TEST_STEP][PASSED] - totalplay.Common.verifyPropertyExist(SetPayment_instruments, payment_instruments_0_payment_instrument_id): totalplay.Common.verifyPropertyExist is PASSED

06-09-2024T14:39:53 - [MESSAGE][INFO] - Checking response object

06-09-2024T14:39:53 - [MESSAGE][PASSED] - totalplay.Common.verifyPropertyExist is PASSED

06-09-2024T14:39:53 - [TEST_STEP][PASSED] - totalplay.Common.verifyPropertyValueExist(SetPayment_instruments, payment_instruments_0_payment_instrument_id): totalplay.Common.verifyPropertyValueExist is PASSED

06-09-2024T14:39:53 - [MESSAGE][INFO] - Checking response object

06-09-2024T14:39:53 - [MESSAGE][INFO] - e375f93b93788506277c3e7107

06-09-2024T14:39:53 - [MESSAGE][PASSED] - totalplay.Common.verifyPropertyValueExist is PASSED

06-09-2024T14:39:53 - [TEST_STEP][PASSED] - totalplay.Common.verifyPropertyExist(SetPayment_instruments, payment_instruments_0_payment_method_id): totalplay.Common.verifyPropertyExist is PASSED

06-09-2024T14:39:53 - [MESSAGE][INFO] - Checking response object

06-09-2024T14:39:53 - [MESSAGE][PASSED] - totalplay.Common.verifyPropertyExist is PASSED

06-09-2024T14:39:53 - [TEST_STEP][PASSED] - totalplay.Common.verifyPropertyValueExist(SetPayment_instruments, payment_instruments_0_payment_method_id): totalplay.Common.verifyPropertyValueExist is PASSED

06-09-2024T14:39:53 - [MESSAGE][INFO] - Checking response object

06-09-2024T14:39:53 - [MESSAGE][INFO] - CREDIT_CARD

06-09-2024T14:39:53 - [MESSAGE][PASSED] - totalplay.Common.verifyPropertyValueExist is PASSED

06-09-2024T14:39:53 - [TEST_STEP][PASSED] - totalplay.Common.verifyPropertyExist(SetPayment_instruments, product_items_0__type): totalplay.Common.verifyPropertyExist is PASSED

06-09-2024T14:39:53 - [MESSAGE][INFO] - Checking response object

06-09-2024T14:39:53 - [MESSAGE][PASSED] - totalplay.Common.verifyPropertyExist is PASSED

06-09-2024T14:39:53 - [TEST_STEP][PASSED] - totalplay.Common.verifyPropertyValueExist(SetPayment_instruments, product_items_0__type): totalplay.Common.verifyPropertyValueExist is PASSED

06-09-2024T14:39:53 - [MESSAGE][INFO] - Checking response object

06-09-2024T14:39:53 - [MESSAGE][INFO] - product_item

06-09-2024T14:39:53 - [MESSAGE][PASSED] - totalplay.Common.verifyPropertyValueExist is PASSED

06-09-2024T14:39:53 - [TEST_STEP][PASSED] - totalplay.Common.getDecimalValueofObject(SetPayment_instruments, product_items_0_adjusted_tax): totalplay.Common.getDecimalValueofObject is PASSED

06-09-2024T14:39:53 - [MESSAGE][INFO] - Checking response object

06-09-2024T14:39:53 - [MESSAGE][PASSED] - totalplay.Common.getDecimalValueofObject is PASSED

06-09-2024T14:39:53 - [TEST_STEP][PASSED] - totalplay.Common.getDecimalValueofObject(SetPayment_instruments, product_items_0_base_price): totalplay.Common.getDecimalValueofObject is PASSED

06-09-2024T14:39:53 - [MESSAGE][INFO] - Checking response object

06-09-2024T14:39:53 - [MESSAGE][PASSED] - totalplay.Common.getDecimalValueofObject is PASSED

06-09-2024T14:39:53 - [TEST_STEP][PASSED] - totalplay.Common.getBooleanValueofObject(SetPayment_instruments, product_items_0_bonus_product_line_item): totalplay.Common.getBooleanValueofObject is PASSED

06-09-2024T14:39:53 - [MESSAGE][INFO] - Checking response object

06-09-2024T14:39:53 - [MESSAGE][PASSED] - totalplay.Common.getBooleanValueofObject is PASSED

06-09-2024T14:39:53 - [TEST_STEP][PASSED] - totalplay.Common.getBooleanValueofObject(SetPayment_instruments, product_items_0_gift): totalplay.Common.getBooleanValueofObject is PASSED

06-09-2024T14:39:53 - [MESSAGE][INFO] - Checking response object

06-09-2024T14:39:53 - [MESSAGE][PASSED] - totalplay.Common.getBooleanValueofObject is PASSED

06-09-2024T14:39:53 - [TEST_STEP][PASSED] - totalplay.Common.verifyPropertyExist(SetPayment_instruments, product_items_0_inventory_id): totalplay.Common.verifyPropertyExist is PASSED

06-09-2024T14:39:53 - [MESSAGE][INFO] - Checking response object

06-09-2024T14:39:53 - [MESSAGE][PASSED] - totalplay.Common.verifyPropertyExist is PASSED

06-09-2024T14:39:53 - [TEST_STEP][PASSED] - totalplay.Common.verifyPropertyValueExist(SetPayment_instruments, product_items_0_inventory_id): totalplay.Common.verifyPropertyValueExist is PASSED

06-09-2024T14:39:53 - [MESSAGE][INFO] - Checking response object

06-09-2024T14:39:54 - [MESSAGE][INFO] - inventory_m_food_mirakl

06-09-2024T14:39:54 - [MESSAGE][PASSED] - totalplay.Common.verifyPropertyValueExist is PASSED

06-09-2024T14:39:54 - [TEST_STEP][PASSED] - totalplay.Common.verifyPropertyExist(SetPayment_instruments, product_items_0_item_id): totalplay.Common.verifyPropertyExist is PASSED

06-09-2024T14:39:54 - [MESSAGE][INFO] - Checking response object

06-09-2024T14:39:54 - [MESSAGE][PASSED] - totalplay.Common.verifyPropertyExist is PASSED

06-09-2024T14:39:54 - [TEST_STEP][PASSED] - totalplay.Common.verifyPropertyValueExist(SetPayment_instruments, product_items_0_item_id): totalplay.Common.verifyPropertyValueExist is PASSED

06-09-2024T14:39:54 - [MESSAGE][INFO] - Checking response object

06-09-2024T14:39:54 - [MESSAGE][INFO] - 832a8a5bdc594d24c3b0a22105

06-09-2024T14:39:54 - [MESSAGE][PASSED] - totalplay.Common.verifyPropertyValueExist is PASSED

06-09-2024T14:39:54 - [TEST_STEP][PASSED] - totalplay.Common.verifyPropertyExist(SetPayment_instruments, product_items_0_item_text): totalplay.Common.verifyPropertyExist is PASSED

06-09-2024T14:39:54 - [MESSAGE][INFO] - Checking response object

06-09-2024T14:39:54 - [MESSAGE][PASSED] - totalplay.Common.verifyPropertyExist is PASSED

06-09-2024T14:39:54 - [TEST_STEP][PASSED] - totalplay.Common.verifyPropertyValueExist(SetPayment_instruments, product_items_0_item_text): totalplay.Common.verifyPropertyValueExist is PASSED

06-09-2024T14:39:54 - [MESSAGE][INFO] - Checking response object

06-09-2024T14:39:54 - [MESSAGE][INFO] - Orden de Maciza (100 g)

06-09-2024T14:39:54 - [MESSAGE][PASSED] - totalplay.Common.verifyPropertyValueExist is PASSED

06-09-2024T14:39:54 - [TEST_STEP][PASSED] - totalplay.Common.getDecimalValueofObject(SetPayment_instruments, product_items_0_price): totalplay.Common.getDecimalValueofObject is PASSED

06-09-2024T14:39:54 - [MESSAGE][INFO] - Checking response object

06-09-2024T14:39:54 - [MESSAGE][PASSED] - totalplay.Common.getDecimalValueofObject is PASSED

06-09-2024T14:39:54 - [TEST_STEP][PASSED] - totalplay.Common.getDecimalValueofObject(SetPayment_instruments, product_items_0_price_after_item_discount): totalplay.Common.getDecimalValueofObject is PASSED

06-09-2024T14:39:54 - [MESSAGE][INFO] - Checking response object

06-09-2024T14:39:54 - [MESSAGE][PASSED] - totalplay.Common.getDecimalValueofObject is PASSED

06-09-2024T14:39:54 - [TEST_STEP][PASSED] - totalplay.Common.getDecimalValueofObject(SetPayment_instruments, product_items_0_price_after_order_discount): totalplay.Common.getDecimalValueofObject is PASSED

06-09-2024T14:39:54 - [MESSAGE][INFO] - Checking response object

06-09-2024T14:39:54 - [MESSAGE][PASSED] - totalplay.Common.getDecimalValueofObject is PASSED

06-09-2024T14:39:54 - [TEST_STEP][PASSED] - totalplay.Common.verifyPropertyExist(SetPayment_instruments, product_items_0_product_id): totalplay.Common.verifyPropertyExist is PASSED

06-09-2024T14:39:54 - [MESSAGE][INFO] - Checking response object

06-09-2024T14:39:54 - [MESSAGE][PASSED] - totalplay.Common.verifyPropertyExist is PASSED

06-09-2024T14:39:54 - [TEST_STEP][PASSED] - totalplay.Common.verifyPropertyValueExist(SetPayment_instruments, product_items_0_product_id): totalplay.Common.verifyPropertyValueExist is PASSED

06-09-2024T14:39:54 - [MESSAGE][INFO] - Checking response object

06-09-2024T14:39:54 - [MESSAGE][INFO] - C828554986

06-09-2024T14:39:54 - [MESSAGE][PASSED] - totalplay.Common.verifyPropertyValueExist is PASSED

06-09-2024T14:39:54 - [TEST_STEP][PASSED] - totalplay.Common.verifyPropertyExist(SetPayment_instruments, product_items_0_product_name): totalplay.Common.verifyPropertyExist is PASSED

06-09-2024T14:39:54 - [MESSAGE][INFO] - Checking response object

06-09-2024T14:39:54 - [MESSAGE][PASSED] - totalplay.Common.verifyPropertyExist is PASSED

06-09-2024T14:39:54 - [TEST_STEP][PASSED] - totalplay.Common.verifyPropertyValueExist(SetPayment_instruments, product_items_0_product_name): totalplay.Common.verifyPropertyValueExist is PASSED

06-09-2024T14:39:54 - [MESSAGE][INFO] - Checking response object

06-09-2024T14:39:54 - [MESSAGE][INFO] - Orden de Maciza (100 g)

06-09-2024T14:39:54 - [MESSAGE][PASSED] - totalplay.Common.verifyPropertyValueExist is PASSED

06-09-2024T14:39:54 - [TEST_STEP][PASSED] - totalplay.Common.getNumValueofObject(SetPayment_instruments, product_items_0_quantity): totalplay.Common.getNumValueofObject is PASSED

06-09-2024T14:39:54 - [MESSAGE][INFO] - Checking response object

06-09-2024T14:39:54 - [MESSAGE][PASSED] - totalplay.Common.getNumValueofObject is PASSED

06-09-2024T14:39:54 - [TEST_STEP][PASSED] - totalplay.Common.getDecimalValueofObject(SetPayment_instruments, product_items_0_tax): totalplay.Common.getDecimalValueofObject is PASSED

06-09-2024T14:39:54 - [MESSAGE][INFO] - Checking response object

06-09-2024T14:39:54 - [MESSAGE][PASSED] - totalplay.Common.getDecimalValueofObject is PASSED

06-09-2024T14:39:54 - [TEST_STEP][PASSED] - totalplay.Common.getDecimalValueofObject(SetPayment_instruments, product_items_0_tax_basis): totalplay.Common.getDecimalValueofObject is PASSED

06-09-2024T14:39:54 - [MESSAGE][INFO] - Checking response object

06-09-2024T14:39:54 - [MESSAGE][PASSED] - totalplay.Common.getDecimalValueofObject is PASSED

06-09-2024T14:39:54 - [TEST_STEP][PASSED] - totalplay.Common.verifyPropertyExist(SetPayment_instruments, product_items_0_tax_class_id): totalplay.Common.verifyPropertyExist is PASSED

06-09-2024T14:39:54 - [MESSAGE][INFO] - Checking response object

06-09-2024T14:39:54 - [MESSAGE][PASSED] - totalplay.Common.verifyPropertyExist is PASSED

06-09-2024T14:39:54 - [TEST_STEP][PASSED] - totalplay.Common.verifyPropertyValueExist(SetPayment_instruments, product_items_0_tax_class_id): totalplay.Common.verifyPropertyValueExist is PASSED

06-09-2024T14:39:54 - [MESSAGE][INFO] - Checking response object

06-09-2024T14:39:54 - [MESSAGE][INFO] - product_zero_tax

06-09-2024T14:39:54 - [MESSAGE][PASSED] - totalplay.Common.verifyPropertyValueExist is PASSED

06-09-2024T14:39:54 - [TEST_STEP][PASSED] - totalplay.Common.getDecimalValueofObject(SetPayment_instruments, product_items_0_tax_rate): totalplay.Common.getDecimalValueofObject is PASSED

06-09-2024T14:39:54 - [MESSAGE][INFO] - Checking response object

06-09-2024T14:39:54 - [MESSAGE][PASSED] - totalplay.Common.getDecimalValueofObject is PASSED

06-09-2024T14:39:54 - [TEST_STEP][PASSED] - totalplay.Common.verifyPropertyExist(SetPayment_instruments, product_items_0_c_fromStoreId): totalplay.Common.verifyPropertyExist is PASSED

06-09-2024T14:39:54 - [MESSAGE][INFO] - Checking response object

06-09-2024T14:39:54 - [MESSAGE][PASSED] - totalplay.Common.verifyPropertyExist is PASSED

06-09-2024T14:39:54 - [TEST_STEP][PASSED] - totalplay.Common.verifyPropertyValueExist(SetPayment_instruments, product_items_0_c_fromStoreId): totalplay.Common.verifyPropertyValueExist is PASSED

06-09-2024T14:39:54 - [MESSAGE][INFO] - Checking response object

06-09-2024T14:39:54 - [MESSAGE][INFO] - 4158

06-09-2024T14:39:54 - [MESSAGE][PASSED] - totalplay.Common.verifyPropertyValueExist is PASSED

06-09-2024T14:39:54 - [TEST_STEP][PASSED] - totalplay.Common.verifyPropertyExist(SetPayment_instruments, product_items_0_c_miraklChannels): totalplay.Common.verifyPropertyExist is PASSED

06-09-2024T14:39:54 - [MESSAGE][INFO] - Checking response object

06-09-2024T14:39:54 - [MESSAGE][PASSED] - totalplay.Common.verifyPropertyExist is PASSED

06-09-2024T14:39:54 - [TEST_STEP][PASSED] - totalplay.Common.verifyPropertyValueExist(SetPayment_instruments, product_items_0_c_miraklChannels): totalplay.Common.verifyPropertyValueExist is PASSED

06-09-2024T14:39:54 - [MESSAGE][INFO] - Checking response object

06-09-2024T14:39:54 - [MESSAGE][INFO] - ["INIT"]

06-09-2024T14:39:54 - [MESSAGE][PASSED] - totalplay.Common.verifyPropertyValueExist is PASSED

06-09-2024T14:39:54 - [TEST_STEP][PASSED] - totalplay.Common.verifyPropertyExist(SetPayment_instruments, product_items_0_c_miraklOperatorProductId): totalplay.Common.verifyPropertyExist is PASSED

06-09-2024T14:39:54 - [MESSAGE][INFO] - Checking response object

06-09-2024T14:39:54 - [MESSAGE][PASSED] - totalplay.Common.verifyPropertyExist is PASSED

06-09-2024T14:39:54 - [TEST_STEP][PASSED] - totalplay.Common.verifyPropertyValueExist(SetPayment_instruments, product_items_0_c_miraklOperatorProductId): totalplay.Common.verifyPropertyValueExist is PASSED

06-09-2024T14:39:54 - [MESSAGE][INFO] - Checking response object

06-09-2024T14:39:54 - [MESSAGE][INFO] - C828554986

06-09-2024T14:39:54 - [MESSAGE][PASSED] - totalplay.Common.verifyPropertyValueExist is PASSED

06-09-2024T14:39:54 - [TEST_STEP][PASSED] - totalplay.Common.verifyPropertyExist(SetPayment_instruments, product_items_0_c_miraklShippingTaxes): totalplay.Common.verifyPropertyExist is PASSED

06-09-2024T14:39:54 - [MESSAGE][INFO] - Checking response object

06-09-2024T14:39:54 - [MESSAGE][PASSED] - totalplay.Common.verifyPropertyExist is PASSED

06-09-2024T14:39:54 - [TEST_STEP][PASSED] - totalplay.Common.verifyPropertyValueExist(SetPayment_instruments, product_items_0_c_miraklShippingTaxes): totalplay.Common.verifyPropertyValueExist is PASSED

06-09-2024T14:39:54 - [MESSAGE][INFO] - Checking response object

06-09-2024T14:39:54 - [MESSAGE][INFO] - [{"amount":0,"type":"product_zero_tax","isTaxRate":true,"rate":0}]

06-09-2024T14:39:54 - [MESSAGE][PASSED] - totalplay.Common.verifyPropertyValueExist is PASSED

06-09-2024T14:39:54 - [TEST_STEP][PASSED] - totalplay.Common.verifyPropertyExist(SetPayment_instruments, product_items_0_c_miraklTaxes): totalplay.Common.verifyPropertyExist is PASSED

06-09-2024T14:39:54 - [MESSAGE][INFO] - Checking response object

06-09-2024T14:39:54 - [MESSAGE][PASSED] - totalplay.Common.verifyPropertyExist is PASSED

06-09-2024T14:39:54 - [TEST_STEP][PASSED] - totalplay.Common.verifyPropertyValueExist(SetPayment_instruments, product_items_0_c_miraklTaxes): totalplay.Common.verifyPropertyValueExist is PASSED

06-09-2024T14:39:54 - [MESSAGE][INFO] - Checking response object

06-09-2024T14:39:54 - [MESSAGE][INFO] - [{"amount":0,"type":"product_zero_tax","isTaxRate":true,"rate":0}]

06-09-2024T14:39:54 - [MESSAGE][PASSED] - totalplay.Common.verifyPropertyValueExist is PASSED

06-09-2024T14:39:54 - [TEST_STEP][PASSED] - totalplay.Common.getNumValueofObject(SetPayment_instruments, product_items_0_c_noOfPersons): totalplay.Common.getNumValueofObject is PASSED

06-09-2024T14:39:54 - [MESSAGE][INFO] - Checking response object

06-09-2024T14:39:54 - [MESSAGE][PASSED] - totalplay.Common.getNumValueofObject is PASSED

06-09-2024T14:39:54 - [TEST_STEP][PASSED] - totalplay.Common.verifyPropertyExist(SetPayment_instruments, product_items_0_c_offerId): totalplay.Common.verifyPropertyExist is PASSED

06-09-2024T14:39:54 - [MESSAGE][INFO] - Checking response object

06-09-2024T14:39:54 - [MESSAGE][PASSED] - totalplay.Common.verifyPropertyExist is PASSED

06-09-2024T14:39:54 - [TEST_STEP][PASSED] - totalplay.Common.verifyPropertyValueExist(SetPayment_instruments, product_items_0_c_offerId): totalplay.Common.verifyPropertyValueExist is PASSED

06-09-2024T14:39:54 - [MESSAGE][INFO] - Checking response object

06-09-2024T14:39:54 - [MESSAGE][INFO] - 541185

06-09-2024T14:39:54 - [MESSAGE][PASSED] - totalplay.Common.verifyPropertyValueExist is PASSED

06-09-2024T14:39:54 - [TEST_STEP][PASSED] - totalplay.Common.getDecimalValueofObject(SetPayment_instruments, product_items_0_c_offerSalesPrice): totalplay.Common.getDecimalValueofObject is PASSED

06-09-2024T14:39:54 - [MESSAGE][INFO] - Checking response object

06-09-2024T14:39:54 - [MESSAGE][PASSED] - totalplay.Common.getDecimalValueofObject is PASSED

06-09-2024T14:39:54 - [TEST_STEP][PASSED] - totalplay.Common.verifyPropertyExist(SetPayment_instruments, product_items_0_c_offerState): totalplay.Common.verifyPropertyExist is PASSED

06-09-2024T14:39:54 - [MESSAGE][INFO] - Checking response object

06-09-2024T14:39:54 - [MESSAGE][PASSED] - totalplay.Common.verifyPropertyExist is PASSED

06-09-2024T14:39:54 - [TEST_STEP][PASSED] - totalplay.Common.verifyPropertyValueExist(SetPayment_instruments, product_items_0_c_offerState): totalplay.Common.verifyPropertyValueExist is PASSED

06-09-2024T14:39:54 - [MESSAGE][INFO] - Checking response object

06-09-2024T14:39:54 - [MESSAGE][INFO] - Nuevo

06-09-2024T14:39:54 - [MESSAGE][PASSED] - totalplay.Common.verifyPropertyValueExist is PASSED

06-09-2024T14:39:54 - [TEST_STEP][PASSED] - totalplay.Common.verifyPropertyExist(SetPayment_instruments, product_items_0_c_offerStateCode): totalplay.Common.verifyPropertyExist is PASSED

06-09-2024T14:39:54 - [MESSAGE][INFO] - Checking response object

06-09-2024T14:39:54 - [MESSAGE][PASSED] - totalplay.Common.verifyPropertyExist is PASSED

06-09-2024T14:39:54 - [TEST_STEP][PASSED] - totalplay.Common.verifyPropertyValueExist(SetPayment_instruments, product_items_0_c_offerStateCode): totalplay.Common.verifyPropertyValueExist is PASSED

06-09-2024T14:39:54 - [MESSAGE][INFO] - Checking response object

06-09-2024T14:39:55 - [MESSAGE][INFO] - 11

06-09-2024T14:39:55 - [MESSAGE][PASSED] - totalplay.Common.verifyPropertyValueExist is PASSED

06-09-2024T14:39:55 - [TEST_STEP][PASSED] - totalplay.Common.verifyPropertyExist(SetPayment_instruments, product_items_0_c_shopId): totalplay.Common.verifyPropertyExist is PASSED

06-09-2024T14:39:55 - [MESSAGE][INFO] - Checking response object

06-09-2024T14:39:55 - [MESSAGE][PASSED] - totalplay.Common.verifyPropertyExist is PASSED

06-09-2024T14:39:55 - [TEST_STEP][PASSED] - totalplay.Common.verifyPropertyValueExist(SetPayment_instruments, product_items_0_c_shopId): totalplay.Common.verifyPropertyValueExist is PASSED

06-09-2024T14:39:55 - [MESSAGE][INFO] - Checking response object

06-09-2024T14:39:55 - [MESSAGE][INFO] - 4158

06-09-2024T14:39:55 - [MESSAGE][PASSED] - totalplay.Common.verifyPropertyValueExist is PASSED

06-09-2024T14:39:55 - [TEST_STEP][PASSED] - totalplay.Common.verifyPropertyExist(SetPayment_instruments, product_items_0_c_shopName): totalplay.Common.verifyPropertyExist is PASSED

06-09-2024T14:39:55 - [MESSAGE][INFO] - Checking response object

06-09-2024T14:39:55 - [MESSAGE][PASSED] - totalplay.Common.verifyPropertyExist is PASSED

06-09-2024T14:39:55 - [TEST_STEP][PASSED] - totalplay.Common.verifyPropertyValueExist(SetPayment_instruments, product_items_0_c_shopName): totalplay.Common.verifyPropertyValueExist is PASSED

06-09-2024T14:39:55 - [MESSAGE][INFO] - Checking response object

06-09-2024T14:39:55 - [MESSAGE][INFO] - La Casa De Toño Polanco

06-09-2024T14:39:55 - [MESSAGE][PASSED] - totalplay.Common.verifyPropertyValueExist is PASSED

06-09-2024T14:39:55 - [TEST_STEP][PASSED] - totalplay.Common.getDecimalValueofObject(SetPayment_instruments, product_items_0_c_total_crossed_price): totalplay.Common.getDecimalValueofObject is PASSED

06-09-2024T14:39:55 - [MESSAGE][INFO] - Checking response object

06-09-2024T14:39:55 - [MESSAGE][PASSED] - totalplay.Common.getDecimalValueofObject is PASSED

06-09-2024T14:39:55 - [TEST_STEP][PASSED] - totalplay.Common.getDecimalValueofObject(SetPayment_instruments, product_items_0_c_priceWithComplement): totalplay.Common.getDecimalValueofObject is PASSED

06-09-2024T14:39:55 - [MESSAGE][INFO] - Checking response object

06-09-2024T14:39:55 - [MESSAGE][PASSED] - totalplay.Common.getDecimalValueofObject is PASSED

06-09-2024T14:39:55 - [TEST_STEP][PASSED] - totalplay.Common.getDecimalValueofObject(SetPayment_instruments, product_sub_total): totalplay.Common.getDecimalValueofObject is PASSED

06-09-2024T14:39:55 - [MESSAGE][INFO] - Checking response object

06-09-2024T14:39:55 - [MESSAGE][PASSED] - totalplay.Common.getDecimalValueofObject is PASSED

06-09-2024T14:39:55 - [TEST_STEP][PASSED] - totalplay.Common.getDecimalValueofObject(SetPayment_instruments, product_total): totalplay.Common.getDecimalValueofObject is PASSED

06-09-2024T14:39:55 - [MESSAGE][INFO] - Checking response object

06-09-2024T14:39:55 - [MESSAGE][PASSED] - totalplay.Common.getDecimalValueofObject is PASSED

06-09-2024T14:39:55 - [TEST_STEP][PASSED] - totalplay.Common.verifyPropertyExist(SetPayment_instruments, shipments_0__type): totalplay.Common.verifyPropertyExist is PASSED

06-09-2024T14:39:55 - [MESSAGE][INFO] - Checking response object

06-09-2024T14:39:55 - [MESSAGE][PASSED] - totalplay.Common.verifyPropertyExist is PASSED

06-09-2024T14:39:55 - [TEST_STEP][PASSED] - totalplay.Common.verifyPropertyValueExist(SetPayment_instruments, shipments_0__type): totalplay.Common.verifyPropertyValueExist is PASSED

06-09-2024T14:39:55 - [MESSAGE][INFO] - Checking response object

06-09-2024T14:39:55 - [MESSAGE][INFO] - shipment

06-09-2024T14:39:55 - [MESSAGE][PASSED] - totalplay.Common.verifyPropertyValueExist is PASSED

06-09-2024T14:39:55 - [TEST_STEP][PASSED] - totalplay.Common.getDecimalValueofObject(SetPayment_instruments, shipments_0_adjusted_merchandize_total_tax): totalplay.Common.getDecimalValueofObject is PASSED

06-09-2024T14:39:55 - [MESSAGE][INFO] - Checking response object

06-09-2024T14:39:55 - [MESSAGE][PASSED] - totalplay.Common.getDecimalValueofObject is PASSED

06-09-2024T14:39:55 - [TEST_STEP][PASSED] - totalplay.Common.getDecimalValueofObject(SetPayment_instruments, shipments_0_adjusted_shipping_total_tax): totalplay.Common.getDecimalValueofObject is PASSED

06-09-2024T14:39:55 - [MESSAGE][INFO] - Checking response object

06-09-2024T14:39:55 - [MESSAGE][PASSED] - totalplay.Common.getDecimalValueofObject is PASSED

06-09-2024T14:39:55 - [TEST_STEP][PASSED] - totalplay.Common.getBooleanValueofObject(SetPayment_instruments, shipments_0_gift): totalplay.Common.getBooleanValueofObject is PASSED

06-09-2024T14:39:55 - [MESSAGE][INFO] - Checking response object

06-09-2024T14:39:55 - [MESSAGE][PASSED] - totalplay.Common.getBooleanValueofObject is PASSED

06-09-2024T14:39:55 - [TEST_STEP][PASSED] - totalplay.Common.getDecimalValueofObject(SetPayment_instruments, shipments_0_merchandize_total_tax): totalplay.Common.getDecimalValueofObject is PASSED

06-09-2024T14:39:55 - [MESSAGE][INFO] - Checking response object

06-09-2024T14:39:55 - [MESSAGE][PASSED] - totalplay.Common.getDecimalValueofObject is PASSED

06-09-2024T14:39:55 - [TEST_STEP][PASSED] - totalplay.Common.getDecimalValueofObject(SetPayment_instruments, shipments_0_product_sub_total): totalplay.Common.getDecimalValueofObject is PASSED

06-09-2024T14:39:55 - [MESSAGE][INFO] - Checking response object

06-09-2024T14:39:55 - [MESSAGE][PASSED] - totalplay.Common.getDecimalValueofObject is PASSED

06-09-2024T14:39:55 - [TEST_STEP][PASSED] - totalplay.Common.getDecimalValueofObject(SetPayment_instruments, shipments_0_product_total): totalplay.Common.getDecimalValueofObject is PASSED

06-09-2024T14:39:55 - [MESSAGE][INFO] - Checking response object

06-09-2024T14:39:55 - [MESSAGE][PASSED] - totalplay.Common.getDecimalValueofObject is PASSED

06-09-2024T14:39:55 - [TEST_STEP][PASSED] - totalplay.Common.verifyPropertyExist(SetPayment_instruments, shipments_0_shipment_id): totalplay.Common.verifyPropertyExist is PASSED

06-09-2024T14:39:55 - [MESSAGE][INFO] - Checking response object

06-09-2024T14:39:55 - [MESSAGE][PASSED] - totalplay.Common.verifyPropertyExist is PASSED

06-09-2024T14:39:55 - [TEST_STEP][PASSED] - totalplay.Common.verifyPropertyValueExist(SetPayment_instruments, shipments_0_shipment_id): totalplay.Common.verifyPropertyValueExist is PASSED

06-09-2024T14:39:55 - [MESSAGE][INFO] - Checking response object

06-09-2024T14:39:55 - [MESSAGE][INFO] - me

06-09-2024T14:39:55 - [MESSAGE][PASSED] - totalplay.Common.verifyPropertyValueExist is PASSED

06-09-2024T14:39:55 - [TEST_STEP][PASSED] - totalplay.Common.getDecimalValueofObject(SetPayment_instruments, shipments_0_shipment_total): totalplay.Common.getDecimalValueofObject is PASSED

06-09-2024T14:39:55 - [MESSAGE][INFO] - Checking response object

06-09-2024T14:39:55 - [MESSAGE][PASSED] - totalplay.Common.getDecimalValueofObject is PASSED

06-09-2024T14:39:55 - [TEST_STEP][PASSED] - totalplay.Common.verifyPropertyExist(SetPayment_instruments, shipments_0_shipping_address__type): totalplay.Common.verifyPropertyExist is PASSED

06-09-2024T14:39:55 - [MESSAGE][INFO] - Checking response object

06-09-2024T14:39:55 - [MESSAGE][PASSED] - totalplay.Common.verifyPropertyExist is PASSED

06-09-2024T14:39:55 - [TEST_STEP][PASSED] - totalplay.Common.verifyPropertyValueExist(SetPayment_instruments, shipments_0_shipping_address__type): totalplay.Common.verifyPropertyValueExist is PASSED

06-09-2024T14:39:55 - [MESSAGE][INFO] - Checking response object

06-09-2024T14:39:55 - [MESSAGE][INFO] - order_address

06-09-2024T14:39:55 - [MESSAGE][PASSED] - totalplay.Common.verifyPropertyValueExist is PASSED

06-09-2024T14:39:55 - [TEST_STEP][PASSED] - totalplay.Common.verifyPropertyExist(SetPayment_instruments, shipments_0_shipping_address_address1): totalplay.Common.verifyPropertyExist is PASSED

06-09-2024T14:39:55 - [MESSAGE][INFO] - Checking response object

06-09-2024T14:39:55 - [MESSAGE][PASSED] - totalplay.Common.verifyPropertyExist is PASSED

06-09-2024T14:39:55 - [TEST_STEP][PASSED] - totalplay.Common.verifyPropertyValueExist(SetPayment_instruments, shipments_0_shipping_address_address1): totalplay.Common.verifyPropertyValueExist is PASSED

06-09-2024T14:39:55 - [MESSAGE][INFO] - Checking response object

06-09-2024T14:39:55 - [MESSAGE][INFO] - Alejandro Dumas

06-09-2024T14:39:55 - [MESSAGE][PASSED] - totalplay.Common.verifyPropertyValueExist is PASSED

06-09-2024T14:39:55 - [TEST_STEP][PASSED] - totalplay.Common.verifyPropertyExist(SetPayment_instruments, shipments_0_shipping_address_city): totalplay.Common.verifyPropertyExist is PASSED

06-09-2024T14:39:55 - [MESSAGE][INFO] - Checking response object

06-09-2024T14:39:55 - [MESSAGE][PASSED] - totalplay.Common.verifyPropertyExist is PASSED

06-09-2024T14:39:55 - [TEST_STEP][PASSED] - totalplay.Common.verifyPropertyValueExist(SetPayment_instruments, shipments_0_shipping_address_city): totalplay.Common.verifyPropertyValueExist is PASSED

06-09-2024T14:39:55 - [MESSAGE][INFO] - Checking response object

06-09-2024T14:39:55 - [MESSAGE][INFO] - Ciudad de Mexico

06-09-2024T14:39:55 - [MESSAGE][PASSED] - totalplay.Common.verifyPropertyValueExist is PASSED

06-09-2024T14:39:55 - [TEST_STEP][PASSED] - totalplay.Common.verifyPropertyExist(SetPayment_instruments, shipments_0_shipping_address_country_code): totalplay.Common.verifyPropertyExist is PASSED

06-09-2024T14:39:55 - [MESSAGE][INFO] - Checking response object

06-09-2024T14:39:55 - [MESSAGE][PASSED] - totalplay.Common.verifyPropertyExist is PASSED

06-09-2024T14:39:55 - [TEST_STEP][PASSED] - totalplay.Common.verifyPropertyValueExist(SetPayment_instruments, shipments_0_shipping_address_country_code): totalplay.Common.verifyPropertyValueExist is PASSED

06-09-2024T14:39:55 - [MESSAGE][INFO] - Checking response object

06-09-2024T14:39:55 - [MESSAGE][INFO] - MX

06-09-2024T14:39:55 - [MESSAGE][PASSED] - totalplay.Common.verifyPropertyValueExist is PASSED

06-09-2024T14:39:55 - [TEST_STEP][PASSED] - totalplay.Common.verifyPropertyExist(SetPayment_instruments, shipments_0_shipping_address_first_name): totalplay.Common.verifyPropertyExist is PASSED

06-09-2024T14:39:55 - [MESSAGE][INFO] - Checking response object

06-09-2024T14:39:55 - [MESSAGE][PASSED] - totalplay.Common.verifyPropertyExist is PASSED

06-09-2024T14:39:55 - [TEST_STEP][PASSED] - totalplay.Common.verifyPropertyValueExist(SetPayment_instruments, shipments_0_shipping_address_first_name): totalplay.Common.verifyPropertyValueExist is PASSED

06-09-2024T14:39:55 - [MESSAGE][INFO] - Checking response object

06-09-2024T14:39:55 - [MESSAGE][INFO] - CESAR

06-09-2024T14:39:55 - [MESSAGE][PASSED] - totalplay.Common.verifyPropertyValueExist is PASSED

06-09-2024T14:39:55 - [TEST_STEP][PASSED] - totalplay.Common.verifyPropertyExist(SetPayment_instruments, shipments_0_shipping_address_full_name): totalplay.Common.verifyPropertyExist is PASSED

06-09-2024T14:39:55 - [MESSAGE][INFO] - Checking response object

06-09-2024T14:39:55 - [MESSAGE][PASSED] - totalplay.Common.verifyPropertyExist is PASSED

06-09-2024T14:39:55 - [TEST_STEP][PASSED] - totalplay.Common.verifyPropertyValueExist(SetPayment_instruments, shipments_0_shipping_address_full_name): totalplay.Common.verifyPropertyValueExist is PASSED

06-09-2024T14:39:55 - [MESSAGE][INFO] - Checking response object

06-09-2024T14:39:55 - [MESSAGE][INFO] - CESAR GERARDO WALDO GONZALEZ

06-09-2024T14:39:55 - [MESSAGE][PASSED] - totalplay.Common.verifyPropertyValueExist is PASSED

06-09-2024T14:39:55 - [TEST_STEP][PASSED] - totalplay.Common.verifyPropertyExist(SetPayment_instruments, shipments_0_shipping_address_id): totalplay.Common.verifyPropertyExist is PASSED

06-09-2024T14:39:55 - [MESSAGE][INFO] - Checking response object

06-09-2024T14:39:55 - [MESSAGE][PASSED] - totalplay.Common.verifyPropertyExist is PASSED

06-09-2024T14:39:55 - [TEST_STEP][PASSED] - totalplay.Common.verifyPropertyValueExist(SetPayment_instruments, shipments_0_shipping_address_id): totalplay.Common.verifyPropertyValueExist is PASSED

06-09-2024T14:39:55 - [MESSAGE][INFO] - Checking response object

06-09-2024T14:39:55 - [MESSAGE][INFO] - 78d4320a511184afee24b2e1a6

06-09-2024T14:39:55 - [MESSAGE][PASSED] - totalplay.Common.verifyPropertyValueExist is PASSED

06-09-2024T14:39:55 - [TEST_STEP][PASSED] - totalplay.Common.verifyPropertyExist(SetPayment_instruments, shipments_0_shipping_address_last_name): totalplay.Common.verifyPropertyExist is PASSED

06-09-2024T14:39:55 - [MESSAGE][INFO] - Checking response object

06-09-2024T14:39:56 - [MESSAGE][PASSED] - totalplay.Common.verifyPropertyExist is PASSED

06-09-2024T14:39:56 - [TEST_STEP][PASSED] - totalplay.Common.verifyPropertyValueExist(SetPayment_instruments, shipments_0_shipping_address_last_name): totalplay.Common.verifyPropertyValueExist is PASSED

06-09-2024T14:39:56 - [MESSAGE][INFO] - Checking response object

06-09-2024T14:39:56 - [MESSAGE][INFO] - GERARDO WALDO GONZALEZ

06-09-2024T14:39:56 - [MESSAGE][PASSED] - totalplay.Common.verifyPropertyValueExist is PASSED

06-09-2024T14:39:56 - [TEST_STEP][PASSED] - totalplay.Common.verifyPropertyExist(SetPayment_instruments, shipments_0_shipping_address_phone): totalplay.Common.verifyPropertyExist is PASSED

06-09-2024T14:39:56 - [MESSAGE][INFO] - Checking response object

06-09-2024T14:39:56 - [MESSAGE][PASSED] - totalplay.Common.verifyPropertyExist is PASSED

06-09-2024T14:39:56 - [TEST_STEP][PASSED] - totalplay.Common.verifyPropertyValueExist(SetPayment_instruments, shipments_0_shipping_address_phone): totalplay.Common.verifyPropertyValueExist is PASSED

06-09-2024T14:39:56 - [MESSAGE][INFO] - Checking response object

06-09-2024T14:39:56 - [MESSAGE][INFO] - 5579660270

06-09-2024T14:39:56 - [MESSAGE][PASSED] - totalplay.Common.verifyPropertyValueExist is PASSED

06-09-2024T14:39:56 - [TEST_STEP][PASSED] - totalplay.Common.verifyPropertyExist(SetPayment_instruments, shipments_0_shipping_address_postal_code): totalplay.Common.verifyPropertyExist is PASSED

06-09-2024T14:39:56 - [MESSAGE][INFO] - Checking response object

06-09-2024T14:39:56 - [MESSAGE][PASSED] - totalplay.Common.verifyPropertyExist is PASSED

06-09-2024T14:39:56 - [TEST_STEP][PASSED] - totalplay.Common.verifyPropertyValueExist(SetPayment_instruments, shipments_0_shipping_address_postal_code): totalplay.Common.verifyPropertyValueExist is PASSED

06-09-2024T14:39:56 - [MESSAGE][INFO] - Checking response object

06-09-2024T14:39:56 - [MESSAGE][INFO] - 11500

06-09-2024T14:39:56 - [MESSAGE][PASSED] - totalplay.Common.verifyPropertyValueExist is PASSED

06-09-2024T14:39:56 - [TEST_STEP][PASSED] - totalplay.Common.verifyPropertyExist(SetPayment_instruments, shipments_0_shipping_address_c_alias): totalplay.Common.verifyPropertyExist is PASSED

06-09-2024T14:39:56 - [MESSAGE][INFO] - Checking response object

06-09-2024T14:39:56 - [MESSAGE][PASSED] - totalplay.Common.verifyPropertyExist is PASSED

06-09-2024T14:39:56 - [TEST_STEP][PASSED] - totalplay.Common.verifyPropertyValueExist(SetPayment_instruments, shipments_0_shipping_address_c_alias): totalplay.Common.verifyPropertyValueExist is PASSED

06-09-2024T14:39:56 - [MESSAGE][INFO] - Checking response object

06-09-2024T14:39:56 - [MESSAGE][INFO] - CasaWaldoP

06-09-2024T14:39:56 - [MESSAGE][PASSED] - totalplay.Common.verifyPropertyValueExist is PASSED

06-09-2024T14:39:56 - [TEST_STEP][PASSED] - totalplay.Common.verifyPropertyExist(SetPayment_instruments, shipments_0_shipping_address_c_delegation): totalplay.Common.verifyPropertyExist is PASSED

06-09-2024T14:39:56 - [MESSAGE][INFO] - Checking response object

06-09-2024T14:39:56 - [MESSAGE][PASSED] - totalplay.Common.verifyPropertyExist is PASSED

06-09-2024T14:39:56 - [TEST_STEP][PASSED] - totalplay.Common.verifyPropertyValueExist(SetPayment_instruments, shipments_0_shipping_address_c_delegation): totalplay.Common.verifyPropertyValueExist is PASSED

06-09-2024T14:39:56 - [MESSAGE][INFO] - Checking response object

06-09-2024T14:39:56 - [MESSAGE][INFO] - Miguel Hidalgo

06-09-2024T14:39:56 - [MESSAGE][PASSED] - totalplay.Common.verifyPropertyValueExist is PASSED

06-09-2024T14:39:56 - [TEST_STEP][PASSED] - totalplay.Common.verifyPropertyExist(SetPayment_instruments, shipments_0_shipping_address_c_label): totalplay.Common.verifyPropertyExist is PASSED

06-09-2024T14:39:56 - [MESSAGE][INFO] - Checking response object

06-09-2024T14:39:56 - [MESSAGE][PASSED] - totalplay.Common.verifyPropertyExist is PASSED

06-09-2024T14:39:56 - [TEST_STEP][PASSED] - totalplay.Common.verifyPropertyValueExist(SetPayment_instruments, shipments_0_shipping_address_c_label): totalplay.Common.verifyPropertyValueExist is PASSED

06-09-2024T14:39:56 - [MESSAGE][INFO] - Checking response object

06-09-2024T14:39:56 - [MESSAGE][INFO] - {"home":true,"company":false,"other":false}

06-09-2024T14:39:56 - [MESSAGE][PASSED] - totalplay.Common.verifyPropertyValueExist is PASSED

06-09-2024T14:39:56 - [TEST_STEP][PASSED] - totalplay.Common.verifyPropertyExist(SetPayment_instruments, shipments_0_shipping_address_c_latitude): totalplay.Common.verifyPropertyExist is PASSED

06-09-2024T14:39:56 - [MESSAGE][INFO] - Checking response object

06-09-2024T14:39:56 - [MESSAGE][PASSED] - totalplay.Common.verifyPropertyExist is PASSED

06-09-2024T14:39:56 - [TEST_STEP][PASSED] - totalplay.Common.verifyPropertyValueExist(SetPayment_instruments, shipments_0_shipping_address_c_latitude): totalplay.Common.verifyPropertyValueExist is PASSED

06-09-2024T14:39:56 - [MESSAGE][INFO] - Checking response object

06-09-2024T14:39:56 - [MESSAGE][INFO] - 19.439691

06-09-2024T14:39:56 - [MESSAGE][PASSED] - totalplay.Common.verifyPropertyValueExist is PASSED

06-09-2024T14:39:56 - [TEST_STEP][PASSED] - totalplay.Common.verifyPropertyExist(SetPayment_instruments, shipments_0_shipping_address_c_longitude): totalplay.Common.verifyPropertyExist is PASSED

06-09-2024T14:39:56 - [MESSAGE][INFO] - Checking response object

06-09-2024T14:39:56 - [MESSAGE][PASSED] - totalplay.Common.verifyPropertyExist is PASSED

06-09-2024T14:39:56 - [TEST_STEP][PASSED] - totalplay.Common.verifyPropertyValueExist(SetPayment_instruments, shipments_0_shipping_address_c_longitude): totalplay.Common.verifyPropertyValueExist is PASSED

06-09-2024T14:39:56 - [MESSAGE][INFO] - Checking response object

06-09-2024T14:39:56 - [MESSAGE][INFO] - -99.205670

06-09-2024T14:39:56 - [MESSAGE][PASSED] - totalplay.Common.verifyPropertyValueExist is PASSED

06-09-2024T14:39:56 - [TEST_STEP][PASSED] - totalplay.Common.verifyPropertyExist(SetPayment_instruments, shipments_0_shipping_address_c_nExt): totalplay.Common.verifyPropertyExist is PASSED

06-09-2024T14:39:56 - [MESSAGE][INFO] - Checking response object

06-09-2024T14:39:56 - [MESSAGE][PASSED] - totalplay.Common.verifyPropertyExist is PASSED

06-09-2024T14:39:56 - [TEST_STEP][PASSED] - totalplay.Common.verifyPropertyValueExist(SetPayment_instruments, shipments_0_shipping_address_c_nExt): totalplay.Common.verifyPropertyValueExist is PASSED

06-09-2024T14:39:56 - [MESSAGE][INFO] - Checking response object

06-09-2024T14:39:56 - [MESSAGE][INFO] - 107

06-09-2024T14:39:56 - [MESSAGE][PASSED] - totalplay.Common.verifyPropertyValueExist is PASSED

06-09-2024T14:39:56 - [TEST_STEP][PASSED] - totalplay.Common.verifyPropertyExist(SetPayment_instruments, shipments_0_shipping_address_c_neighborhood): totalplay.Common.verifyPropertyExist is PASSED

06-09-2024T14:39:56 - [MESSAGE][INFO] - Checking response object

06-09-2024T14:39:56 - [MESSAGE][PASSED] - totalplay.Common.verifyPropertyExist is PASSED

06-09-2024T14:39:56 - [TEST_STEP][PASSED] - totalplay.Common.verifyPropertyValueExist(SetPayment_instruments, shipments_0_shipping_address_c_neighborhood): totalplay.Common.verifyPropertyValueExist is PASSED

06-09-2024T14:39:56 - [MESSAGE][INFO] - Checking response object

06-09-2024T14:39:56 - [MESSAGE][INFO] - Polanco

06-09-2024T14:39:56 - [MESSAGE][PASSED] - totalplay.Common.verifyPropertyValueExist is PASSED

06-09-2024T14:39:56 - [TEST_STEP][PASSED] - totalplay.Common.verifyPropertyExist(SetPayment_instruments, shipments_0_shipping_address_c_references): totalplay.Common.verifyPropertyExist is PASSED

06-09-2024T14:39:56 - [MESSAGE][INFO] - Checking response object

06-09-2024T14:39:56 - [MESSAGE][PASSED] - totalplay.Common.verifyPropertyExist is PASSED

06-09-2024T14:39:56 - [TEST_STEP][PASSED] - totalplay.Common.verifyPropertyValueExist(SetPayment_instruments, shipments_0_shipping_address_c_references): totalplay.Common.verifyPropertyValueExist is PASSED

06-09-2024T14:39:56 - [MESSAGE][INFO] - Checking response object

06-09-2024T14:39:56 - [MESSAGE][INFO] - Llamar al llegar

06-09-2024T14:39:56 - [MESSAGE][PASSED] - totalplay.Common.verifyPropertyValueExist is PASSED

06-09-2024T14:39:56 - [TEST_STEP][PASSED] - totalplay.Common.verifyPropertyExist(SetPayment_instruments, shipments_0_shipping_address_c_rfc): totalplay.Common.verifyPropertyExist is PASSED

06-09-2024T14:39:56 - [MESSAGE][INFO] - Checking response object

06-09-2024T14:39:56 - [MESSAGE][PASSED] - totalplay.Common.verifyPropertyExist is PASSED

06-09-2024T14:39:56 - [TEST_STEP][PASSED] - totalplay.Common.verifyPropertyValueExist(SetPayment_instruments, shipments_0_shipping_address_c_rfc): totalplay.Common.verifyPropertyValueExist is PASSED

06-09-2024T14:39:56 - [MESSAGE][INFO] - Checking response object

06-09-2024T14:39:56 - [MESSAGE][INFO] - XAXA010101111

06-09-2024T14:39:56 - [MESSAGE][PASSED] - totalplay.Common.verifyPropertyValueExist is PASSED

06-09-2024T14:39:56 - [TEST_STEP][PASSED] - totalplay.Common.verifyPropertyExist(SetPayment_instruments, shipments_0_shipping_address_c_state): totalplay.Common.verifyPropertyExist is PASSED

06-09-2024T14:39:56 - [MESSAGE][INFO] - Checking response object

06-09-2024T14:39:56 - [MESSAGE][PASSED] - totalplay.Common.verifyPropertyExist is PASSED

06-09-2024T14:39:56 - [TEST_STEP][PASSED] - totalplay.Common.verifyPropertyValueExist(SetPayment_instruments, shipments_0_shipping_address_c_state): totalplay.Common.verifyPropertyValueExist is PASSED

06-09-2024T14:39:56 - [MESSAGE][INFO] - Checking response object

06-09-2024T14:39:56 - [MESSAGE][INFO] - CDMX

06-09-2024T14:39:56 - [MESSAGE][PASSED] - totalplay.Common.verifyPropertyValueExist is PASSED

06-09-2024T14:39:56 - [TEST_STEP][PASSED] - totalplay.Common.verifyPropertyExist(SetPayment_instruments, shipments_0_shipping_address_c_streetName): totalplay.Common.verifyPropertyExist is PASSED

06-09-2024T14:39:56 - [MESSAGE][INFO] - Checking response object

06-09-2024T14:39:56 - [MESSAGE][PASSED] - totalplay.Common.verifyPropertyExist is PASSED

06-09-2024T14:39:56 - [TEST_STEP][PASSED] - totalplay.Common.verifyPropertyValueExist(SetPayment_instruments, shipments_0_shipping_address_c_streetName): totalplay.Common.verifyPropertyValueExist is PASSED

06-09-2024T14:39:56 - [MESSAGE][INFO] - Checking response object

06-09-2024T14:39:56 - [MESSAGE][INFO] - Alejandro Dumas

06-09-2024T14:39:56 - [MESSAGE][PASSED] - totalplay.Common.verifyPropertyValueExist is PASSED

06-09-2024T14:39:56 - [TEST_STEP][PASSED] - totalplay.Common.verifyPropertyExist(SetPayment_instruments, shipments_0_shipping_method__type): totalplay.Common.verifyPropertyExist is PASSED

06-09-2024T14:39:56 - [MESSAGE][INFO] - Checking response object

06-09-2024T14:39:56 - [MESSAGE][PASSED] - totalplay.Common.verifyPropertyExist is PASSED

06-09-2024T14:39:56 - [TEST_STEP][PASSED] - totalplay.Common.verifyPropertyValueExist(SetPayment_instruments, shipments_0_shipping_method__type): totalplay.Common.verifyPropertyValueExist is PASSED

06-09-2024T14:39:56 - [MESSAGE][INFO] - Checking response object

06-09-2024T14:39:56 - [MESSAGE][INFO] - shipping_method

06-09-2024T14:39:56 - [MESSAGE][PASSED] - totalplay.Common.verifyPropertyValueExist is PASSED

06-09-2024T14:39:56 - [TEST_STEP][PASSED] - totalplay.Common.verifyPropertyExist(SetPayment_instruments, shipments_0_shipping_method_description): totalplay.Common.verifyPropertyExist is PASSED

06-09-2024T14:39:56 - [MESSAGE][INFO] - Checking response object

06-09-2024T14:39:56 - [MESSAGE][PASSED] - totalplay.Common.verifyPropertyExist is PASSED

06-09-2024T14:39:56 - [TEST_STEP][PASSED] - totalplay.Common.verifyPropertyValueExist(SetPayment_instruments, shipments_0_shipping_method_description): totalplay.Common.verifyPropertyValueExist is PASSED

06-09-2024T14:39:56 - [MESSAGE][INFO] - Checking response object

06-09-2024T14:39:56 - [MESSAGE][INFO] - pickup

06-09-2024T14:39:56 - [MESSAGE][PASSED] - totalplay.Common.verifyPropertyValueExist is PASSED

06-09-2024T14:39:56 - [TEST_STEP][PASSED] - totalplay.Common.verifyPropertyExist(SetPayment_instruments, shipments_0_shipping_method_name): totalplay.Common.verifyPropertyExist is PASSED

06-09-2024T14:39:56 - [MESSAGE][INFO] - Checking response object

06-09-2024T14:39:57 - [MESSAGE][PASSED] - totalplay.Common.verifyPropertyExist is PASSED

06-09-2024T14:39:57 - [TEST_STEP][PASSED] - totalplay.Common.verifyPropertyValueExist(SetPayment_instruments, shipments_0_shipping_method_name): totalplay.Common.verifyPropertyValueExist is PASSED

06-09-2024T14:39:57 - [MESSAGE][INFO] - Checking response object

06-09-2024T14:39:57 - [MESSAGE][INFO] - pickup

06-09-2024T14:39:57 - [MESSAGE][PASSED] - totalplay.Common.verifyPropertyValueExist is PASSED

06-09-2024T14:39:57 - [TEST_STEP][PASSED] - totalplay.Common.verifyPropertyExist(SetPayment_instruments, shipments_0_shipping_method_c_estimatedArrivalTime): totalplay.Common.verifyPropertyExist is PASSED

06-09-2024T14:39:57 - [MESSAGE][INFO] - Checking response object

06-09-2024T14:39:57 - [MESSAGE][PASSED] - totalplay.Common.verifyPropertyExist is PASSED

06-09-2024T14:39:57 - [TEST_STEP][PASSED] - totalplay.Common.verifyPropertyValueExist(SetPayment_instruments, shipments_0_shipping_method_c_estimatedArrivalTime): totalplay.Common.verifyPropertyValueExist is PASSED

06-09-2024T14:39:57 - [MESSAGE][INFO] - Checking response object

06-09-2024T14:39:57 - [MESSAGE][INFO] - 60 Mins

06-09-2024T14:39:57 - [MESSAGE][PASSED] - totalplay.Common.verifyPropertyValueExist is PASSED

06-09-2024T14:39:57 - [TEST_STEP][PASSED] - totalplay.Common.getBooleanValueofObject(SetPayment_instruments, shipments_0_shipping_method_c_storePickupEnabled): totalplay.Common.getBooleanValueofObject is PASSED

06-09-2024T14:39:57 - [MESSAGE][INFO] - Checking response object

06-09-2024T14:39:57 - [MESSAGE][PASSED] - totalplay.Common.getBooleanValueofObject is PASSED

06-09-2024T14:39:57 - [TEST_STEP][PASSED] - totalplay.Common.verifyPropertyExist(SetPayment_instruments, shipments_0_shipping_status): totalplay.Common.verifyPropertyExist is PASSED

06-09-2024T14:39:57 - [MESSAGE][INFO] - Checking response object

06-09-2024T14:39:57 - [MESSAGE][PASSED] - totalplay.Common.verifyPropertyExist is PASSED

06-09-2024T14:39:57 - [TEST_STEP][PASSED] - totalplay.Common.verifyPropertyValueExist(SetPayment_instruments, shipments_0_shipping_status): totalplay.Common.verifyPropertyValueExist is PASSED

06-09-2024T14:39:57 - [MESSAGE][INFO] - Checking response object

06-09-2024T14:39:57 - [MESSAGE][INFO] - not_shipped

06-09-2024T14:39:57 - [MESSAGE][PASSED] - totalplay.Common.verifyPropertyValueExist is PASSED

06-09-2024T14:39:57 - [TEST_STEP][PASSED] - totalplay.Common.getDecimalValueofObject(SetPayment_instruments, shipments_0_shipping_total): totalplay.Common.getDecimalValueofObject is PASSED

06-09-2024T14:39:57 - [MESSAGE][INFO] - Checking response object

06-09-2024T14:39:57 - [MESSAGE][PASSED] - totalplay.Common.getDecimalValueofObject is PASSED

06-09-2024T14:39:57 - [TEST_STEP][PASSED] - totalplay.Common.getDecimalValueofObject(SetPayment_instruments, shipments_0_shipping_total_tax): totalplay.Common.getDecimalValueofObject is PASSED

06-09-2024T14:39:57 - [MESSAGE][INFO] - Checking response object

06-09-2024T14:39:57 - [MESSAGE][PASSED] - totalplay.Common.getDecimalValueofObject is PASSED

06-09-2024T14:39:57 - [TEST_STEP][PASSED] - totalplay.Common.verifyPropertyExist(SetPayment_instruments, c_seller_id): totalplay.Common.verifyPropertyExist is PASSED

06-09-2024T14:39:57 - [MESSAGE][INFO] - Checking response object

06-09-2024T14:39:57 - [MESSAGE][PASSED] - totalplay.Common.verifyPropertyExist is PASSED

06-09-2024T14:39:57 - [TEST_STEP][PASSED] - totalplay.Common.verifyPropertyValueExist(SetPayment_instruments, c_seller_id): totalplay.Common.verifyPropertyValueExist is PASSED

06-09-2024T14:39:57 - [MESSAGE][INFO] - Checking response object

06-09-2024T14:39:57 - [MESSAGE][INFO] - 4158

06-09-2024T14:39:57 - [MESSAGE][PASSED] - totalplay.Common.verifyPropertyValueExist is PASSED

06-09-2024T14:39:57 - [TEST_STEP][PASSED] - totalplay.Common.getDecimalValueofObject(SetPayment_instruments, c_serviceChargeTotalGrossPrice): totalplay.Common.getDecimalValueofObject is PASSED

06-09-2024T14:39:57 - [MESSAGE][INFO] - Checking response object

06-09-2024T14:39:57 - [MESSAGE][PASSED] - totalplay.Common.getDecimalValueofObject is PASSED

06-09-2024T14:39:57 - [TEST_STEP][PASSED] - totalplay.Common.verifyPropertyExist(SetPayment_instruments, c_formatedOrderTotal): totalplay.Common.verifyPropertyExist is PASSED

06-09-2024T14:39:57 - [MESSAGE][INFO] - Checking response object

06-09-2024T14:39:57 - [MESSAGE][PASSED] - totalplay.Common.verifyPropertyExist is PASSED

06-09-2024T14:39:57 - [TEST_STEP][PASSED] - totalplay.Common.verifyPropertyValueExist(SetPayment_instruments, c_formatedOrderTotal): totalplay.Common.verifyPropertyValueExist is PASSED

06-09-2024T14:39:57 - [MESSAGE][INFO] - Checking response object

06-09-2024T14:39:57 - [MESSAGE][INFO] - $245.36

06-09-2024T14:39:57 - [MESSAGE][PASSED] - totalplay.Common.verifyPropertyValueExist is PASSED

06-09-2024T14:39:57 - [TEST_STEP][PASSED] - totalplay.Common.verifyPropertyExist(SetPayment_instruments, c_formatedProductTotal): totalplay.Common.verifyPropertyExist is PASSED

06-09-2024T14:39:57 - [MESSAGE][INFO] - Checking response object

06-09-2024T14:39:57 - [MESSAGE][PASSED] - totalplay.Common.verifyPropertyExist is PASSED

06-09-2024T14:39:57 - [TEST_STEP][PASSED] - totalplay.Common.verifyPropertyValueExist(SetPayment_instruments, c_formatedProductTotal): totalplay.Common.verifyPropertyValueExist is PASSED

06-09-2024T14:39:57 - [MESSAGE][INFO] - Checking response object

06-09-2024T14:39:57 - [MESSAGE][INFO] - $192.00

06-09-2024T14:39:57 - [MESSAGE][PASSED] - totalplay.Common.verifyPropertyValueExist is PASSED]]></system-out>
         <system-err><![CDATA[]]></system-err>
      </testcase>
      <testcase name="Test Cases/TotalPlay-Food/TC_21_Pre- Auth Payments" time="13.723" classname="Test Cases/TotalPlay-Food/TC_21_Pre- Auth Payments" status="PASSED">
         <system-out><![CDATA[06-09-2024T14:39:57 - [TEST_CASE][PASSED] - Test Cases/TotalPlay-Food/TC_21_Pre- Auth Payments: Test Cases/TotalPlay-Food/TC_21_Pre- Auth Payments

06-09-2024T14:39:57 - [TEST_STEP][PASSED] - callTestCase(findTestCase("TotalPlay-Food/TC_1_Login_Service"), [:], STOP_ON_FAILURE): Call Test Case 'Test Cases/TotalPlay-Food/TC_1_Login_Service' successfully

06-09-2024T14:39:57 - [MESSAGE][INFO] - Checking called Test Case

06-09-2024T14:39:57 - [MESSAGE][INFO] - Starting to call Test Case 'Test Cases/TotalPlay-Food/TC_1_Login_Service'

06-09-2024T14:39:57 - [TEST_CASE][PASSED] - Test Cases/TotalPlay-Food/TC_1_Login_Service: Test Cases/TotalPlay-Food/TC_1_Login_Service

06-09-2024T14:39:57 - [TEST_STEP][PASSED] - LoginResponse = sendRequest(findTestObject("TotalPlay-Food/getTokenDelivery", ["URL":URL])): Send request successfully

06-09-2024T14:39:57 - [MESSAGE][INFO] - Finding Test Object 'Object Repository/TotalPlay-Food/getTokenDelivery'

06-09-2024T14:39:57 - [MESSAGE][INFO] - Checking request object

06-09-2024T14:40:00 - [MESSAGE][INFO] - HAR: C:\Users\ShubhamKumarThakur\OneDrive - Kognivera\Documents\TotalPlay\totalplay-automation\Reports\20240906_143744\Food_Service_Normal_Flow_PlaceOrder\20240906_143744\requests\main\29.har

06-09-2024T14:40:00 - [MESSAGE][PASSED] - Send request successfully

06-09-2024T14:40:00 - [TEST_STEP][PASSED] - assert getResponseStatusCode(LoginResponse) == 200: Checking response object

06-09-2024T14:40:00 - [MESSAGE][INFO] - Checking response object

06-09-2024T14:40:00 - [TEST_STEP][PASSED] - Auth = "ocapiResponse.access_token": null

06-09-2024T14:40:00 - [TEST_STEP][PASSED] - FoodBascketId = "ocapiResponse.c_basketId_TP_FOOD": null

06-09-2024T14:40:00 - [TEST_STEP][PASSED] - FoodBasId = getElementPropertyValue(LoginResponse, FoodBascketId): Checking response object

06-09-2024T14:40:00 - [MESSAGE][INFO] - Checking response object

06-09-2024T14:40:00 - [TEST_STEP][PASSED] - sfccAuthorization = getElementPropertyValue(LoginResponse, Auth): Checking response object

06-09-2024T14:40:00 - [MESSAGE][INFO] - Checking response object

06-09-2024T14:40:00 - [TEST_STEP][PASSED] - Authorization = "Bearer " + sfccAuthorization: null

06-09-2024T14:40:00 - [TEST_STEP][PASSED] - FoodBasketId = FoodBasId: null

06-09-2024T14:40:00 - [TEST_STEP][PASSED] - logInfo(bm_auth_token): 

06-09-2024T14:40:00 - [MESSAGE][INFO] - 

06-09-2024T14:40:00 - [TEST_STEP][PASSED] - if (sfccAuthorization.length() == 0): null

06-09-2024T14:40:00 - [TEST_STEP][PASSED] - else: authorization generated

06-09-2024T14:40:00 - [TEST_STEP][PASSED] - markPassed("authorization generated"): authorization generated

06-09-2024T14:40:00 - [MESSAGE][PASSED] - authorization generated

06-09-2024T14:40:00 - [TEST_STEP][PASSED] - BasketId_loginResponse = "ocapiResponse.c_basketId": null

06-09-2024T14:40:00 - [TEST_STEP][PASSED] - CustomerId_loginResponse = "ocapiResponse.customer_id": null

06-09-2024T14:40:00 - [TEST_STEP][PASSED] - basketId = getElementPropertyValue(LoginResponse, BasketId_loginResponse): Checking response object

06-09-2024T14:40:00 - [MESSAGE][INFO] - Checking response object

06-09-2024T14:40:00 - [TEST_STEP][PASSED] - customerId = getElementPropertyValue(LoginResponse, CustomerId_loginResponse): Checking response object

06-09-2024T14:40:00 - [MESSAGE][INFO] - Checking response object

06-09-2024T14:40:01 - [TEST_STEP][PASSED] - basketID = basketId: null

06-09-2024T14:40:01 - [TEST_STEP][PASSED] - sla_customerId = customerId: null

06-09-2024T14:40:01 - [TEST_STEP][PASSED] - println(basketID): null

06-09-2024T14:40:01 - [TEST_STEP][PASSED] - println(sla_customerId): null

06-09-2024T14:40:01 - [TEST_STEP][PASSED] - refresh_token = "ocapiResponse.refresh_token": null

06-09-2024T14:40:01 - [TEST_STEP][PASSED] - customer_email = "ocapiResponse.customer_email": null

06-09-2024T14:40:01 - [TEST_STEP][PASSED] - c_brmId = "ocapiResponse.c_brmId": null

06-09-2024T14:40:01 - [TEST_STEP][PASSED] - customer_name = "ocapiResponse.customer_name": null

06-09-2024T14:40:01 - [TEST_STEP][PASSED] - totalplay.Common.verifyPropertyExist(LoginResponse, refresh_token): totalplay.Common.verifyPropertyExist is PASSED

06-09-2024T14:40:01 - [MESSAGE][INFO] - Checking response object

06-09-2024T14:40:01 - [MESSAGE][PASSED] - totalplay.Common.verifyPropertyExist is PASSED

06-09-2024T14:40:01 - [TEST_STEP][PASSED] - totalplay.Common.verifyPropertyValueExist(LoginResponse, refresh_token): totalplay.Common.verifyPropertyValueExist is PASSED

06-09-2024T14:40:01 - [MESSAGE][INFO] - Checking response object

06-09-2024T14:40:01 - [MESSAGE][INFO] - wd0efEXVKhq0k0wZ1fXePgORnRabbvXo3g7QbMkC9bY

06-09-2024T14:40:01 - [MESSAGE][PASSED] - totalplay.Common.verifyPropertyValueExist is PASSED

06-09-2024T14:40:01 - [TEST_STEP][PASSED] - totalplay.Common.verifyPropertyExist(LoginResponse, customer_email): totalplay.Common.verifyPropertyExist is PASSED

06-09-2024T14:40:01 - [MESSAGE][INFO] - Checking response object

06-09-2024T14:40:01 - [MESSAGE][PASSED] - totalplay.Common.verifyPropertyExist is PASSED

06-09-2024T14:40:01 - [TEST_STEP][PASSED] - totalplay.Common.verifyPropertyValueExist(LoginResponse, customer_email): totalplay.Common.verifyPropertyValueExist is PASSED

06-09-2024T14:40:01 - [MESSAGE][INFO] - Checking response object

06-09-2024T14:40:01 - [MESSAGE][INFO] - cesar.waldo93@gmail.com

06-09-2024T14:40:01 - [MESSAGE][PASSED] - totalplay.Common.verifyPropertyValueExist is PASSED

06-09-2024T14:40:01 - [TEST_STEP][PASSED] - totalplay.Common.verifyPropertyExist(LoginResponse, customer_name): totalplay.Common.verifyPropertyExist is PASSED

06-09-2024T14:40:01 - [MESSAGE][INFO] - Checking response object

06-09-2024T14:40:01 - [MESSAGE][PASSED] - totalplay.Common.verifyPropertyExist is PASSED

06-09-2024T14:40:01 - [TEST_STEP][PASSED] - totalplay.Common.verifyPropertyValueExist(LoginResponse, customer_name): totalplay.Common.verifyPropertyValueExist is PASSED

06-09-2024T14:40:01 - [MESSAGE][INFO] - Checking response object

06-09-2024T14:40:01 - [MESSAGE][INFO] - CESAR GERARDO WALDO GONZALEZ

06-09-2024T14:40:01 - [MESSAGE][PASSED] - totalplay.Common.verifyPropertyValueExist is PASSED

06-09-2024T14:40:01 - [TEST_STEP][PASSED] - totalplay.Common.verifyPropertyExist(LoginResponse, c_brmId): totalplay.Common.verifyPropertyExist is PASSED

06-09-2024T14:40:01 - [MESSAGE][INFO] - Checking response object

06-09-2024T14:40:01 - [MESSAGE][PASSED] - totalplay.Common.verifyPropertyExist is PASSED

06-09-2024T14:40:01 - [TEST_STEP][PASSED] - totalplay.Common.verifyPropertyValueExist(LoginResponse, c_brmId): totalplay.Common.verifyPropertyValueExist is PASSED

06-09-2024T14:40:01 - [MESSAGE][INFO] - Checking response object

06-09-2024T14:40:01 - [MESSAGE][INFO] - 0106378356

06-09-2024T14:40:01 - [MESSAGE][PASSED] - totalplay.Common.verifyPropertyValueExist is PASSED

06-09-2024T14:40:01 - [MESSAGE][PASSED] - Call Test Case 'Test Cases/TotalPlay-Food/TC_1_Login_Service' successfully

06-09-2024T14:40:01 - [TEST_STEP][PASSED] - AddProductbasket = sendRequest(findTestObject("TotalPlay-Food/AddProductToBasket", ["URL":URL, "basketID":basketID])): Send request successfully

06-09-2024T14:40:01 - [MESSAGE][INFO] - Finding Test Object 'Object Repository/TotalPlay-Food/AddProductToBasket'

06-09-2024T14:40:01 - [MESSAGE][INFO] - Checking request object

06-09-2024T14:40:03 - [MESSAGE][INFO] - HAR: C:\Users\ShubhamKumarThakur\OneDrive - Kognivera\Documents\TotalPlay\totalplay-automation\Reports\20240906_143744\Food_Service_Normal_Flow_PlaceOrder\20240906_143744\requests\main\30.har

06-09-2024T14:40:03 - [MESSAGE][PASSED] - Send request successfully

06-09-2024T14:40:03 - [TEST_STEP][PASSED] - verifyResponseStatusCode(AddProductbasket, 200): Verify response status code successfully

06-09-2024T14:40:03 - [MESSAGE][INFO] - Checking response object

06-09-2024T14:40:03 - [MESSAGE][PASSED] - Verify response status code successfully

06-09-2024T14:40:03 - [TEST_STEP][PASSED] - getAddress = sendRequest(findTestObject("TotalPlay-Food/GetAddresses", ["URL":URL, "sla_customerId":sla_customerId, "shop_auth_token":shop_auth_token])): Send request successfully

06-09-2024T14:40:03 - [MESSAGE][INFO] - Finding Test Object 'Object Repository/TotalPlay-Food/GetAddresses'

06-09-2024T14:40:03 - [MESSAGE][INFO] - Checking request object

06-09-2024T14:40:03 - [MESSAGE][INFO] - HAR: C:\Users\ShubhamKumarThakur\OneDrive - Kognivera\Documents\TotalPlay\totalplay-automation\Reports\20240906_143744\Food_Service_Normal_Flow_PlaceOrder\20240906_143744\requests\main\31.har

06-09-2024T14:40:03 - [MESSAGE][PASSED] - Send request successfully

06-09-2024T14:40:03 - [TEST_STEP][PASSED] - verifyResponseStatusCode(getAddress, 200): Verify response status code successfully

06-09-2024T14:40:03 - [MESSAGE][INFO] - Checking response object

06-09-2024T14:40:03 - [MESSAGE][PASSED] - Verify response status code successfully

06-09-2024T14:40:03 - [TEST_STEP][PASSED] - AddAddressToCart = sendRequest(findTestObject("TotalPlay-Food/add address to cart", ["URL":URL, "basketID":basketID])): Send request successfully

06-09-2024T14:40:03 - [MESSAGE][INFO] - Finding Test Object 'Object Repository/TotalPlay-Food/add address to cart'

06-09-2024T14:40:03 - [MESSAGE][INFO] - Checking request object

06-09-2024T14:40:05 - [MESSAGE][INFO] - HAR: C:\Users\ShubhamKumarThakur\OneDrive - Kognivera\Documents\TotalPlay\totalplay-automation\Reports\20240906_143744\Food_Service_Normal_Flow_PlaceOrder\20240906_143744\requests\main\32.har

06-09-2024T14:40:05 - [MESSAGE][PASSED] - Send request successfully

06-09-2024T14:40:05 - [TEST_STEP][PASSED] - verifyResponseStatusCode(AddAddressToCart, 200): Verify response status code successfully

06-09-2024T14:40:05 - [MESSAGE][INFO] - Checking response object

06-09-2024T14:40:05 - [MESSAGE][PASSED] - Verify response status code successfully

06-09-2024T14:40:05 - [TEST_STEP][PASSED] - SetPayment_instruments = sendRequest(findTestObject("TotalPlay-Food/SetPayment_instruments - Credit Card", ["URL":URL, "basketID":FoodBasketId, "shop_auth_token":shop_auth_token, "orderTotal":orderTotal])): Send request successfully

06-09-2024T14:40:05 - [MESSAGE][INFO] - Finding Test Object 'Object Repository/TotalPlay-Food/SetPayment_instruments - Credit Card'

06-09-2024T14:40:05 - [MESSAGE][INFO] - Checking request object

06-09-2024T14:40:06 - [MESSAGE][INFO] - HAR: C:\Users\ShubhamKumarThakur\OneDrive - Kognivera\Documents\TotalPlay\totalplay-automation\Reports\20240906_143744\Food_Service_Normal_Flow_PlaceOrder\20240906_143744\requests\main\33.har

06-09-2024T14:40:06 - [MESSAGE][PASSED] - Send request successfully

06-09-2024T14:40:06 - [TEST_STEP][PASSED] - verifyResponseStatusCode(SetPayment_instruments, 200): Verify response status code successfully

06-09-2024T14:40:06 - [MESSAGE][INFO] - Checking response object

06-09-2024T14:40:06 - [MESSAGE][PASSED] - Verify response status code successfully

06-09-2024T14:40:06 - [TEST_STEP][PASSED] - PreAuth = sendRequest(findTestObject("TotalPlay-Food/Pre-Auth", ["URL":URL, "basketID":basketID])): Send request successfully

06-09-2024T14:40:06 - [MESSAGE][INFO] - Finding Test Object 'Object Repository/TotalPlay-Food/Pre-Auth'

06-09-2024T14:40:06 - [MESSAGE][INFO] - Checking request object

06-09-2024T14:40:11 - [MESSAGE][INFO] - HAR: C:\Users\ShubhamKumarThakur\OneDrive - Kognivera\Documents\TotalPlay\totalplay-automation\Reports\20240906_143744\Food_Service_Normal_Flow_PlaceOrder\20240906_143744\requests\main\34.har

06-09-2024T14:40:11 - [MESSAGE][PASSED] - Send request successfully

06-09-2024T14:40:11 - [TEST_STEP][PASSED] - verifyResponseStatusCode(PreAuth, 200): Verify response status code successfully

06-09-2024T14:40:11 - [MESSAGE][INFO] - Checking response object

06-09-2024T14:40:11 - [MESSAGE][PASSED] - Verify response status code successfully

06-09-2024T14:40:11 - [TEST_STEP][PASSED] - shipmentID = "[0].shipmentID": null

06-09-2024T14:40:11 - [TEST_STEP][PASSED] - paymentStatus = "[0].paymentStatus": null

06-09-2024T14:40:11 - [TEST_STEP][PASSED] - totalplay.Common.verifyPropertyExist(PreAuth, shipmentID): totalplay.Common.verifyPropertyExist is PASSED

06-09-2024T14:40:11 - [MESSAGE][INFO] - Checking response object

06-09-2024T14:40:11 - [MESSAGE][PASSED] - totalplay.Common.verifyPropertyExist is PASSED

06-09-2024T14:40:11 - [TEST_STEP][PASSED] - totalplay.Common.verifyPropertyValueExist(PreAuth, shipmentID): totalplay.Common.verifyPropertyValueExist is PASSED

06-09-2024T14:40:11 - [MESSAGE][INFO] - Checking response object

06-09-2024T14:40:11 - [MESSAGE][INFO] - me

06-09-2024T14:40:11 - [MESSAGE][PASSED] - totalplay.Common.verifyPropertyValueExist is PASSED

06-09-2024T14:40:11 - [TEST_STEP][PASSED] - totalplay.Common.verifyPropertyExist(PreAuth, paymentStatus): totalplay.Common.verifyPropertyExist is PASSED

06-09-2024T14:40:11 - [MESSAGE][INFO] - Checking response object

06-09-2024T14:40:11 - [MESSAGE][PASSED] - totalplay.Common.verifyPropertyExist is PASSED

06-09-2024T14:40:11 - [TEST_STEP][PASSED] - totalplay.Common.verifyPropertyValueExist(PreAuth, paymentStatus): totalplay.Common.verifyPropertyValueExist is PASSED

06-09-2024T14:40:11 - [MESSAGE][INFO] - Checking response object

06-09-2024T14:40:11 - [MESSAGE][INFO] - Success

06-09-2024T14:40:11 - [MESSAGE][PASSED] - totalplay.Common.verifyPropertyValueExist is PASSED]]></system-out>
         <system-err><![CDATA[]]></system-err>
      </testcase>
      <testcase name="Test Cases/TotalPlay-Food/TC_22_Food Order Review" time="25.805" classname="Test Cases/TotalPlay-Food/TC_22_Food Order Review" status="PASSED">
         <system-out><![CDATA[06-09-2024T14:40:11 - [TEST_CASE][PASSED] - Test Cases/TotalPlay-Food/TC_22_Food Order Review: Test Cases/TotalPlay-Food/TC_22_Food Order Review

06-09-2024T14:40:13 - [TEST_STEP][PASSED] - callTestCase(findTestCase("TotalPlay-Food/TC_1_Login_Service"), [:], STOP_ON_FAILURE): Call Test Case 'Test Cases/TotalPlay-Food/TC_1_Login_Service' successfully

06-09-2024T14:40:13 - [MESSAGE][INFO] - Checking called Test Case

06-09-2024T14:40:13 - [MESSAGE][INFO] - Starting to call Test Case 'Test Cases/TotalPlay-Food/TC_1_Login_Service'

06-09-2024T14:40:13 - [TEST_CASE][PASSED] - Test Cases/TotalPlay-Food/TC_1_Login_Service: Test Cases/TotalPlay-Food/TC_1_Login_Service

06-09-2024T14:40:13 - [TEST_STEP][PASSED] - LoginResponse = sendRequest(findTestObject("TotalPlay-Food/getTokenDelivery", ["URL":URL])): Send request successfully

06-09-2024T14:40:13 - [MESSAGE][INFO] - Finding Test Object 'Object Repository/TotalPlay-Food/getTokenDelivery'

06-09-2024T14:40:13 - [MESSAGE][INFO] - Checking request object

06-09-2024T14:40:16 - [MESSAGE][INFO] - HAR: C:\Users\ShubhamKumarThakur\OneDrive - Kognivera\Documents\TotalPlay\totalplay-automation\Reports\20240906_143744\Food_Service_Normal_Flow_PlaceOrder\20240906_143744\requests\main\35.har

06-09-2024T14:40:16 - [MESSAGE][PASSED] - Send request successfully

06-09-2024T14:40:16 - [TEST_STEP][PASSED] - assert getResponseStatusCode(LoginResponse) == 200: Checking response object

06-09-2024T14:40:16 - [MESSAGE][INFO] - Checking response object

06-09-2024T14:40:16 - [TEST_STEP][PASSED] - Auth = "ocapiResponse.access_token": null

06-09-2024T14:40:16 - [TEST_STEP][PASSED] - FoodBascketId = "ocapiResponse.c_basketId_TP_FOOD": null

06-09-2024T14:40:16 - [TEST_STEP][PASSED] - FoodBasId = getElementPropertyValue(LoginResponse, FoodBascketId): Checking response object

06-09-2024T14:40:16 - [MESSAGE][INFO] - Checking response object

06-09-2024T14:40:16 - [TEST_STEP][PASSED] - sfccAuthorization = getElementPropertyValue(LoginResponse, Auth): Checking response object

06-09-2024T14:40:16 - [MESSAGE][INFO] - Checking response object

06-09-2024T14:40:16 - [TEST_STEP][PASSED] - Authorization = "Bearer " + sfccAuthorization: null

06-09-2024T14:40:16 - [TEST_STEP][PASSED] - FoodBasketId = FoodBasId: null

06-09-2024T14:40:16 - [TEST_STEP][PASSED] - logInfo(bm_auth_token): 

06-09-2024T14:40:16 - [MESSAGE][INFO] - 

06-09-2024T14:40:16 - [TEST_STEP][PASSED] - if (sfccAuthorization.length() == 0): null

06-09-2024T14:40:16 - [TEST_STEP][PASSED] - else: authorization generated

06-09-2024T14:40:16 - [TEST_STEP][PASSED] - markPassed("authorization generated"): authorization generated

06-09-2024T14:40:16 - [MESSAGE][PASSED] - authorization generated

06-09-2024T14:40:16 - [TEST_STEP][PASSED] - BasketId_loginResponse = "ocapiResponse.c_basketId": null

06-09-2024T14:40:16 - [TEST_STEP][PASSED] - CustomerId_loginResponse = "ocapiResponse.customer_id": null

06-09-2024T14:40:16 - [TEST_STEP][PASSED] - basketId = getElementPropertyValue(LoginResponse, BasketId_loginResponse): Checking response object

06-09-2024T14:40:16 - [MESSAGE][INFO] - Checking response object

06-09-2024T14:40:16 - [TEST_STEP][PASSED] - customerId = getElementPropertyValue(LoginResponse, CustomerId_loginResponse): Checking response object

06-09-2024T14:40:16 - [MESSAGE][INFO] - Checking response object

06-09-2024T14:40:16 - [TEST_STEP][PASSED] - basketID = basketId: null

06-09-2024T14:40:16 - [TEST_STEP][PASSED] - sla_customerId = customerId: null

06-09-2024T14:40:16 - [TEST_STEP][PASSED] - println(basketID): null

06-09-2024T14:40:16 - [TEST_STEP][PASSED] - println(sla_customerId): null

06-09-2024T14:40:16 - [TEST_STEP][PASSED] - refresh_token = "ocapiResponse.refresh_token": null

06-09-2024T14:40:16 - [TEST_STEP][PASSED] - customer_email = "ocapiResponse.customer_email": null

06-09-2024T14:40:16 - [TEST_STEP][PASSED] - c_brmId = "ocapiResponse.c_brmId": null

06-09-2024T14:40:16 - [TEST_STEP][PASSED] - customer_name = "ocapiResponse.customer_name": null

06-09-2024T14:40:16 - [TEST_STEP][PASSED] - totalplay.Common.verifyPropertyExist(LoginResponse, refresh_token): totalplay.Common.verifyPropertyExist is PASSED

06-09-2024T14:40:16 - [MESSAGE][INFO] - Checking response object

06-09-2024T14:40:16 - [MESSAGE][PASSED] - totalplay.Common.verifyPropertyExist is PASSED

06-09-2024T14:40:16 - [TEST_STEP][PASSED] - totalplay.Common.verifyPropertyValueExist(LoginResponse, refresh_token): totalplay.Common.verifyPropertyValueExist is PASSED

06-09-2024T14:40:16 - [MESSAGE][INFO] - Checking response object

06-09-2024T14:40:16 - [MESSAGE][INFO] - RqC5F0KUFD-SUrUPgPIY4sUqfPnFyBrM2joxl_Kph3A

06-09-2024T14:40:16 - [MESSAGE][PASSED] - totalplay.Common.verifyPropertyValueExist is PASSED

06-09-2024T14:40:16 - [TEST_STEP][PASSED] - totalplay.Common.verifyPropertyExist(LoginResponse, customer_email): totalplay.Common.verifyPropertyExist is PASSED

06-09-2024T14:40:16 - [MESSAGE][INFO] - Checking response object

06-09-2024T14:40:16 - [MESSAGE][PASSED] - totalplay.Common.verifyPropertyExist is PASSED

06-09-2024T14:40:16 - [TEST_STEP][PASSED] - totalplay.Common.verifyPropertyValueExist(LoginResponse, customer_email): totalplay.Common.verifyPropertyValueExist is PASSED

06-09-2024T14:40:16 - [MESSAGE][INFO] - Checking response object

06-09-2024T14:40:16 - [MESSAGE][INFO] - cesar.waldo93@gmail.com

06-09-2024T14:40:16 - [MESSAGE][PASSED] - totalplay.Common.verifyPropertyValueExist is PASSED

06-09-2024T14:40:16 - [TEST_STEP][PASSED] - totalplay.Common.verifyPropertyExist(LoginResponse, customer_name): totalplay.Common.verifyPropertyExist is PASSED

06-09-2024T14:40:16 - [MESSAGE][INFO] - Checking response object

06-09-2024T14:40:16 - [MESSAGE][PASSED] - totalplay.Common.verifyPropertyExist is PASSED

06-09-2024T14:40:16 - [TEST_STEP][PASSED] - totalplay.Common.verifyPropertyValueExist(LoginResponse, customer_name): totalplay.Common.verifyPropertyValueExist is PASSED

06-09-2024T14:40:16 - [MESSAGE][INFO] - Checking response object

06-09-2024T14:40:16 - [MESSAGE][INFO] - CESAR GERARDO WALDO GONZALEZ

06-09-2024T14:40:16 - [MESSAGE][PASSED] - totalplay.Common.verifyPropertyValueExist is PASSED

06-09-2024T14:40:16 - [TEST_STEP][PASSED] - totalplay.Common.verifyPropertyExist(LoginResponse, c_brmId): totalplay.Common.verifyPropertyExist is PASSED

06-09-2024T14:40:16 - [MESSAGE][INFO] - Checking response object

06-09-2024T14:40:16 - [MESSAGE][PASSED] - totalplay.Common.verifyPropertyExist is PASSED

06-09-2024T14:40:16 - [TEST_STEP][PASSED] - totalplay.Common.verifyPropertyValueExist(LoginResponse, c_brmId): totalplay.Common.verifyPropertyValueExist is PASSED

06-09-2024T14:40:16 - [MESSAGE][INFO] - Checking response object

06-09-2024T14:40:16 - [MESSAGE][INFO] - 0106378356

06-09-2024T14:40:16 - [MESSAGE][PASSED] - totalplay.Common.verifyPropertyValueExist is PASSED

06-09-2024T14:40:16 - [MESSAGE][PASSED] - Call Test Case 'Test Cases/TotalPlay-Food/TC_1_Login_Service' successfully

06-09-2024T14:40:16 - [TEST_STEP][PASSED] - AddProductbasket = sendRequest(findTestObject("TotalPlay-Food/AddProductToBasket", ["URL":URL, "basketID":FoodBasketId])): Send request successfully

06-09-2024T14:40:16 - [MESSAGE][INFO] - Finding Test Object 'Object Repository/TotalPlay-Food/AddProductToBasket'

06-09-2024T14:40:16 - [MESSAGE][INFO] - Checking request object

06-09-2024T14:40:18 - [MESSAGE][INFO] - HAR: C:\Users\ShubhamKumarThakur\OneDrive - Kognivera\Documents\TotalPlay\totalplay-automation\Reports\20240906_143744\Food_Service_Normal_Flow_PlaceOrder\20240906_143744\requests\main\36.har

06-09-2024T14:40:18 - [MESSAGE][PASSED] - Send request successfully

06-09-2024T14:40:18 - [TEST_STEP][PASSED] - verifyResponseStatusCode(AddProductbasket, 200): Verify response status code successfully

06-09-2024T14:40:18 - [MESSAGE][INFO] - Checking response object

06-09-2024T14:40:18 - [MESSAGE][PASSED] - Verify response status code successfully

06-09-2024T14:40:18 - [TEST_STEP][PASSED] - getAddress = sendRequest(findTestObject("TotalPlay-Food/GetAddresses", ["URL":URL, "sla_customerId":sla_customerId, "shop_auth_token":shop_auth_token])): Send request successfully

06-09-2024T14:40:18 - [MESSAGE][INFO] - Finding Test Object 'Object Repository/TotalPlay-Food/GetAddresses'

06-09-2024T14:40:18 - [MESSAGE][INFO] - Checking request object

06-09-2024T14:40:19 - [MESSAGE][INFO] - HAR: C:\Users\ShubhamKumarThakur\OneDrive - Kognivera\Documents\TotalPlay\totalplay-automation\Reports\20240906_143744\Food_Service_Normal_Flow_PlaceOrder\20240906_143744\requests\main\37.har

06-09-2024T14:40:19 - [MESSAGE][PASSED] - Send request successfully

06-09-2024T14:40:19 - [TEST_STEP][PASSED] - verifyResponseStatusCode(getAddress, 200): Verify response status code successfully

06-09-2024T14:40:19 - [MESSAGE][INFO] - Checking response object

06-09-2024T14:40:19 - [MESSAGE][PASSED] - Verify response status code successfully

06-09-2024T14:40:19 - [TEST_STEP][PASSED] - id = "data[0].c_crm_address_id": null

06-09-2024T14:40:19 - [TEST_STEP][PASSED] - crm_address_id = getElementPropertyValue(getAddress, id): Checking response object

06-09-2024T14:40:19 - [MESSAGE][INFO] - Checking response object

06-09-2024T14:40:19 - [TEST_STEP][PASSED] - AddAddressToCart = sendRequest(findTestObject("TotalPlay-Food/add address to cart", ["URL":URL, "FoodBasketId":FoodBasketId])): Send request successfully

06-09-2024T14:40:19 - [MESSAGE][INFO] - Finding Test Object 'Object Repository/TotalPlay-Food/add address to cart'

06-09-2024T14:40:19 - [MESSAGE][INFO] - Checking request object

06-09-2024T14:40:21 - [MESSAGE][INFO] - HAR: C:\Users\ShubhamKumarThakur\OneDrive - Kognivera\Documents\TotalPlay\totalplay-automation\Reports\20240906_143744\Food_Service_Normal_Flow_PlaceOrder\20240906_143744\requests\main\38.har

06-09-2024T14:40:21 - [MESSAGE][PASSED] - Send request successfully

06-09-2024T14:40:21 - [TEST_STEP][PASSED] - totalplay.Common.printResponseinText(AddAddressToCart): totalplay.Common.printResponseinText is PASSED

06-09-2024T14:40:21 - [MESSAGE][PASSED] - totalplay.Common.printResponseinText is PASSED

06-09-2024T14:40:21 - [TEST_STEP][PASSED] - verifyResponseStatusCode(AddAddressToCart, 200): Verify response status code successfully

06-09-2024T14:40:21 - [MESSAGE][INFO] - Checking response object

06-09-2024T14:40:21 - [MESSAGE][PASSED] - Verify response status code successfully

06-09-2024T14:40:21 - [TEST_STEP][PASSED] - SetPayment_instruments = sendRequest(findTestObject("TotalPlay-Food/SetPayment_instruments - Credit Card", ["URL":URL, "basketID":FoodBasketId, "shop_auth_token":shop_auth_token, "orderTotal":orderTotal])): Send request successfully

06-09-2024T14:40:21 - [MESSAGE][INFO] - Finding Test Object 'Object Repository/TotalPlay-Food/SetPayment_instruments - Credit Card'

06-09-2024T14:40:21 - [MESSAGE][INFO] - Checking request object

06-09-2024T14:40:25 - [MESSAGE][INFO] - HAR: C:\Users\ShubhamKumarThakur\OneDrive - Kognivera\Documents\TotalPlay\totalplay-automation\Reports\20240906_143744\Food_Service_Normal_Flow_PlaceOrder\20240906_143744\requests\main\39.har

06-09-2024T14:40:25 - [MESSAGE][PASSED] - Send request successfully

06-09-2024T14:40:25 - [TEST_STEP][PASSED] - verifyResponseStatusCode(SetPayment_instruments, 200): Verify response status code successfully

06-09-2024T14:40:25 - [MESSAGE][INFO] - Checking response object

06-09-2024T14:40:25 - [MESSAGE][PASSED] - Verify response status code successfully

06-09-2024T14:40:25 - [TEST_STEP][PASSED] - PreAuth = sendRequest(findTestObject("TotalPlay-Food/Pre-Auth", ["URL":URL, "basketID":FoodBasketId])): Send request successfully

06-09-2024T14:40:25 - [MESSAGE][INFO] - Finding Test Object 'Object Repository/TotalPlay-Food/Pre-Auth'

06-09-2024T14:40:25 - [MESSAGE][INFO] - Checking request object

06-09-2024T14:40:28 - [MESSAGE][INFO] - HAR: C:\Users\ShubhamKumarThakur\OneDrive - Kognivera\Documents\TotalPlay\totalplay-automation\Reports\20240906_143744\Food_Service_Normal_Flow_PlaceOrder\20240906_143744\requests\main\40.har

06-09-2024T14:40:28 - [MESSAGE][PASSED] - Send request successfully

06-09-2024T14:40:28 - [TEST_STEP][PASSED] - verifyResponseStatusCode(PreAuth, 200): Verify response status code successfully

06-09-2024T14:40:28 - [MESSAGE][INFO] - Checking response object

06-09-2024T14:40:28 - [MESSAGE][PASSED] - Verify response status code successfully

06-09-2024T14:40:28 - [TEST_STEP][PASSED] - FoodOrderReview = sendRequest(findTestObject("TotalPlay-Food/Food Order Review", ["URL":URL, "basketID":basketID])): Send request successfully

06-09-2024T14:40:28 - [MESSAGE][INFO] - Finding Test Object 'Object Repository/TotalPlay-Food/Food Order Review'

06-09-2024T14:40:28 - [MESSAGE][INFO] - Checking request object

06-09-2024T14:40:28 - [MESSAGE][INFO] - HAR: C:\Users\ShubhamKumarThakur\OneDrive - Kognivera\Documents\TotalPlay\totalplay-automation\Reports\20240906_143744\Food_Service_Normal_Flow_PlaceOrder\20240906_143744\requests\main\41.har

06-09-2024T14:40:28 - [MESSAGE][PASSED] - Send request successfully

06-09-2024T14:40:28 - [TEST_STEP][PASSED] - verifyResponseStatusCode(FoodOrderReview, 200): Verify response status code successfully

06-09-2024T14:40:28 - [MESSAGE][INFO] - Checking response object

06-09-2024T14:40:28 - [MESSAGE][PASSED] - Verify response status code successfully

06-09-2024T14:40:28 - [TEST_STEP][PASSED] - _v = "_v": null

06-09-2024T14:40:28 - [TEST_STEP][PASSED] - _type = "_type": null

06-09-2024T14:40:28 - [TEST_STEP][PASSED] - _resource_state = "_resource_state": null

06-09-2024T14:40:28 - [TEST_STEP][PASSED] - adjusted_merchandize_total_tax = "adjusted_merchandize_total_tax": null

06-09-2024T14:40:28 - [TEST_STEP][PASSED] - adjusted_shipping_total_tax = "adjusted_shipping_total_tax": null

06-09-2024T14:40:28 - [TEST_STEP][PASSED] - agent_basket = "agent_basket": null

06-09-2024T14:40:28 - [TEST_STEP][PASSED] - basket_id = "basket_id": null

06-09-2024T14:40:28 - [TEST_STEP][PASSED] - billing_address__type = "billing_address._type": null

06-09-2024T14:40:28 - [TEST_STEP][PASSED] - billing_address_address1 = "billing_address.address1": null

06-09-2024T14:40:28 - [TEST_STEP][PASSED] - billing_address_city = "billing_address.city": null

06-09-2024T14:40:28 - [TEST_STEP][PASSED] - billing_address_country_code = "billing_address.country_code": null

06-09-2024T14:40:28 - [TEST_STEP][PASSED] - billing_address_first_name = "billing_address.first_name": null

06-09-2024T14:40:28 - [TEST_STEP][PASSED] - billing_address_full_name = "billing_address.full_name": null

06-09-2024T14:40:28 - [TEST_STEP][PASSED] - billing_address_id = "billing_address.id": null

06-09-2024T14:40:28 - [TEST_STEP][PASSED] - billing_address_last_name = "billing_address.last_name": null

06-09-2024T14:40:28 - [TEST_STEP][PASSED] - billing_address_phone = "billing_address.phone": null

06-09-2024T14:40:28 - [TEST_STEP][PASSED] - billing_address_postal_code = "billing_address.postal_code": null

06-09-2024T14:40:28 - [TEST_STEP][PASSED] - billing_address_c_alias = "billing_address.c_alias": null

06-09-2024T14:40:28 - [TEST_STEP][PASSED] - billing_address_c_delegation = "billing_address.c_delegation": null

06-09-2024T14:40:28 - [TEST_STEP][PASSED] - billing_address_c_label = "billing_address.c_label": null

06-09-2024T14:40:28 - [TEST_STEP][PASSED] - billing_address_c_latitude = "billing_address.c_latitude": null

06-09-2024T14:40:28 - [TEST_STEP][PASSED] - billing_address_c_longitude = "billing_address.c_longitude": null

06-09-2024T14:40:28 - [TEST_STEP][PASSED] - billing_address_c_nExt = "billing_address.c_nExt": null

06-09-2024T14:40:28 - [TEST_STEP][PASSED] - billing_address_c_neighborhood = "billing_address.c_neighborhood": null

06-09-2024T14:40:28 - [TEST_STEP][PASSED] - billing_address_c_references = "billing_address.c_references": null

06-09-2024T14:40:28 - [TEST_STEP][PASSED] - billing_address_c_rfc = "billing_address.c_rfc": null

06-09-2024T14:40:28 - [TEST_STEP][PASSED] - billing_address_c_state = "billing_address.c_state": null

06-09-2024T14:40:28 - [TEST_STEP][PASSED] - billing_address_c_streetName = "billing_address.c_streetName": null

06-09-2024T14:40:28 - [TEST_STEP][PASSED] - channel_type = "channel_type": null

06-09-2024T14:40:28 - [TEST_STEP][PASSED] - creation_date = "creation_date": null

06-09-2024T14:40:28 - [TEST_STEP][PASSED] - currency = "currency": null

06-09-2024T14:40:28 - [TEST_STEP][PASSED] - customer_info__type = "customer_info._type": null

06-09-2024T14:40:28 - [TEST_STEP][PASSED] - customer_info_customer_id = "customer_info.customer_id": null

06-09-2024T14:40:28 - [TEST_STEP][PASSED] - customer_info_customer_no = "customer_info.customer_no": null

06-09-2024T14:40:28 - [TEST_STEP][PASSED] - customer_info_email = "customer_info.email": null

06-09-2024T14:40:28 - [TEST_STEP][PASSED] - last_modified = "last_modified": null

06-09-2024T14:40:28 - [TEST_STEP][PASSED] - merchandize_total_tax = "merchandize_total_tax": null

06-09-2024T14:40:28 - [TEST_STEP][PASSED] - notes__type = "notes._type": null

06-09-2024T14:40:28 - [TEST_STEP][PASSED] - notes_link = "notes.link": null

06-09-2024T14:40:28 - [TEST_STEP][PASSED] - order_total = "order_total": null

06-09-2024T14:40:28 - [TEST_STEP][PASSED] - shipments_0__type = "shipments[0]._type": null

06-09-2024T14:40:28 - [TEST_STEP][PASSED] - shipments_0_adjusted_merchandize_total_tax = "shipments[0].adjusted_merchandize_total_tax": null

06-09-2024T14:40:28 - [TEST_STEP][PASSED] - shipments_0_adjusted_shipping_total_tax = "shipments[0].adjusted_shipping_total_tax": null

06-09-2024T14:40:28 - [TEST_STEP][PASSED] - shipments_0_gift = "shipments[0].gift": null

06-09-2024T14:40:28 - [TEST_STEP][PASSED] - shipments_0_merchandize_total_tax = "shipments[0].merchandize_total_tax": null

06-09-2024T14:40:28 - [TEST_STEP][PASSED] - shipments_0_product_sub_total = "shipments[0].product_sub_total": null

06-09-2024T14:40:28 - [TEST_STEP][PASSED] - shipments_0_product_total = "shipments[0].product_total": null

06-09-2024T14:40:28 - [TEST_STEP][PASSED] - shipments_0_shipment_id = "shipments[0].shipment_id": null

06-09-2024T14:40:28 - [TEST_STEP][PASSED] - shipments_0_shipment_total = "shipments[0].shipment_total": null

06-09-2024T14:40:28 - [TEST_STEP][PASSED] - shipments_0_shipping_address__type = "shipments[0].shipping_address._type": null

06-09-2024T14:40:28 - [TEST_STEP][PASSED] - shipments_0_shipping_address_address1 = "shipments[0].shipping_address.address1": null

06-09-2024T14:40:28 - [TEST_STEP][PASSED] - shipments_0_shipping_address_city = "shipments[0].shipping_address.city": null

06-09-2024T14:40:28 - [TEST_STEP][PASSED] - shipments_0_shipping_address_country_code = "shipments[0].shipping_address.country_code": null

06-09-2024T14:40:28 - [TEST_STEP][PASSED] - shipments_0_shipping_address_first_name = "shipments[0].shipping_address.first_name": null

06-09-2024T14:40:28 - [TEST_STEP][PASSED] - shipments_0_shipping_address_full_name = "shipments[0].shipping_address.full_name": null

06-09-2024T14:40:28 - [TEST_STEP][PASSED] - shipments_0_shipping_address_id = "shipments[0].shipping_address.id": null

06-09-2024T14:40:28 - [TEST_STEP][PASSED] - shipments_0_shipping_address_last_name = "shipments[0].shipping_address.last_name": null

06-09-2024T14:40:28 - [TEST_STEP][PASSED] - shipments_0_shipping_address_phone = "shipments[0].shipping_address.phone": null

06-09-2024T14:40:28 - [TEST_STEP][PASSED] - shipments_0_shipping_address_postal_code = "shipments[0].shipping_address.postal_code": null

06-09-2024T14:40:28 - [TEST_STEP][PASSED] - shipments_0_shipping_address_c_alias = "shipments[0].shipping_address.c_alias": null

06-09-2024T14:40:28 - [TEST_STEP][PASSED] - shipments_0_shipping_address_c_delegation = "shipments[0].shipping_address.c_delegation": null

06-09-2024T14:40:28 - [TEST_STEP][PASSED] - shipments_0_shipping_address_c_label = "shipments[0].shipping_address.c_label": null

06-09-2024T14:40:28 - [TEST_STEP][PASSED] - shipments_0_shipping_address_c_latitude = "shipments[0].shipping_address.c_latitude": null

06-09-2024T14:40:28 - [TEST_STEP][PASSED] - shipments_0_shipping_address_c_longitude = "shipments[0].shipping_address.c_longitude": null

06-09-2024T14:40:28 - [TEST_STEP][PASSED] - shipments_0_shipping_address_c_nExt = "shipments[0].shipping_address.c_nExt": null

06-09-2024T14:40:28 - [TEST_STEP][PASSED] - shipments_0_shipping_address_c_neighborhood = "shipments[0].shipping_address.c_neighborhood": null

06-09-2024T14:40:28 - [TEST_STEP][PASSED] - shipments_0_shipping_address_c_references = "shipments[0].shipping_address.c_references": null

06-09-2024T14:40:28 - [TEST_STEP][PASSED] - shipments_0_shipping_address_c_rfc = "shipments[0].shipping_address.c_rfc": null

06-09-2024T14:40:28 - [TEST_STEP][PASSED] - shipments_0_shipping_address_c_state = "shipments[0].shipping_address.c_state": null

06-09-2024T14:40:28 - [TEST_STEP][PASSED] - shipments_0_shipping_address_c_streetName = "shipments[0].shipping_address.c_streetName": null

06-09-2024T14:40:28 - [TEST_STEP][PASSED] - shipments_0_shipping_method__type = "shipments[0].shipping_method._type": null

06-09-2024T14:40:28 - [TEST_STEP][PASSED] - shipments_0_shipping_method_description = "shipments[0].shipping_method.description": null

06-09-2024T14:40:28 - [TEST_STEP][PASSED] - shipments_0_shipping_method_id = "shipments[0].shipping_method.id": null

06-09-2024T14:40:28 - [TEST_STEP][PASSED] - shipments_0_shipping_method_name = "shipments[0].shipping_method.name": null

06-09-2024T14:40:28 - [TEST_STEP][PASSED] - shipments_0_shipping_method_c_estimatedArrivalTime = "shipments[0].shipping_method.c_estimatedArrivalTime": null

06-09-2024T14:40:28 - [TEST_STEP][PASSED] - shipments_0_shipping_method_c_storePickupEnabled = "shipments[0].shipping_method.c_storePickupEnabled": null

06-09-2024T14:40:28 - [TEST_STEP][PASSED] - shipments_0_shipping_status = "shipments[0].shipping_status": null

06-09-2024T14:40:28 - [TEST_STEP][PASSED] - shipments_0_shipping_total = "shipments[0].shipping_total": null

06-09-2024T14:40:28 - [TEST_STEP][PASSED] - shipments_0_shipping_total_tax = "shipments[0].shipping_total_tax": null

06-09-2024T14:40:28 - [TEST_STEP][PASSED] - shipments_0_tax_total = "shipments[0].tax_total": null

06-09-2024T14:40:28 - [TEST_STEP][PASSED] - shipments_0_c_serviceCharge = "shipments[0].c_serviceCharge": null

06-09-2024T14:40:28 - [TEST_STEP][PASSED] - shipments_0_c_shippingRates = "shipments[0].c_shippingRates": null

06-09-2024T14:40:28 - [TEST_STEP][PASSED] - shipments_0_c_totalShippingCost = "shipments[0].c_totalShippingCost": null

06-09-2024T14:40:28 - [TEST_STEP][PASSED] - shipping_items_0__type = "shipping_items[0]._type": null

06-09-2024T14:40:28 - [TEST_STEP][PASSED] - shipping_items_0_adjusted_tax = "shipping_items[0].adjusted_tax": null

06-09-2024T14:40:28 - [TEST_STEP][PASSED] - shipping_items_0_base_price = "shipping_items[0].base_price": null

06-09-2024T14:40:28 - [TEST_STEP][PASSED] - shipping_items_0_item_id = "shipping_items[0].item_id": null

06-09-2024T14:40:28 - [TEST_STEP][PASSED] - shipping_items_0_item_text = "shipping_items[0].item_text": null

06-09-2024T14:40:28 - [TEST_STEP][PASSED] - shipping_items_0_price = "shipping_items[0].price": null

06-09-2024T14:40:28 - [TEST_STEP][PASSED] - shipping_items_0_price_after_item_discount = "shipping_items[0].price_after_item_discount": null

06-09-2024T14:40:28 - [TEST_STEP][PASSED] - shipping_items_0_shipment_id = "shipping_items[0].shipment_id": null

06-09-2024T14:40:28 - [TEST_STEP][PASSED] - shipping_items_0_tax = "shipping_items[0].tax": null

06-09-2024T14:40:28 - [TEST_STEP][PASSED] - c_seller_id = "c_seller_id": null

06-09-2024T14:40:29 - [TEST_STEP][PASSED] - c_serviceChargeTotalGrossPrice = "c_serviceChargeTotalGrossPrice": null

06-09-2024T14:40:29 - [TEST_STEP][PASSED] - c_formatedOrderTotal = "c_formatedOrderTotal": null

06-09-2024T14:40:29 - [TEST_STEP][PASSED] - c_formatedProductTotal = "c_formatedProductTotal": null

06-09-2024T14:40:29 - [TEST_STEP][PASSED] - shipments_0_c_productItems_0__type = "shipments[0].c_productItems[0]._type": null

06-09-2024T14:40:29 - [TEST_STEP][PASSED] - shipments_0_c_productItems_0_adjusted_tax = "shipments[0].c_productItems[0].adjusted_tax": null

06-09-2024T14:40:29 - [TEST_STEP][PASSED] - shipments_0_c_productItems_0_base_price = "shipments[0].c_productItems[0].base_price": null

06-09-2024T14:40:29 - [TEST_STEP][PASSED] - shipments_0_c_productItems_0_bonus_product_line_item = "shipments[0].c_productItems[0].bonus_product_line_item": null

06-09-2024T14:40:29 - [TEST_STEP][PASSED] - shipments_0_c_productItems_0_gift = "shipments[0].c_productItems[0].gift": null

06-09-2024T14:40:29 - [TEST_STEP][PASSED] - shipments_0_c_productItems_0_inventory_id = "shipments[0].c_productItems[0].inventory_id": null

06-09-2024T14:40:29 - [TEST_STEP][PASSED] - shipments_0_c_productItems_0_item_id = "shipments[0].c_productItems[0].item_id": null

06-09-2024T14:40:29 - [TEST_STEP][PASSED] - shipments_0_c_productItems_0_item_text = "shipments[0].c_productItems[0].item_text": null

06-09-2024T14:40:29 - [TEST_STEP][PASSED] - shipments_0_c_productItems_0_price = "shipments[0].c_productItems[0].price": null

06-09-2024T14:40:29 - [TEST_STEP][PASSED] - shipments_0_c_productItems_0_price_after_item_discount = "shipments[0].c_productItems[0].price_after_item_discount": null

06-09-2024T14:40:29 - [TEST_STEP][PASSED] - shipments_0_c_productItems_0_price_after_order_discount = "shipments[0].c_productItems[0].price_after_order_discount": null

06-09-2024T14:40:29 - [TEST_STEP][PASSED] - shipments_0_c_productItems_0_product_id = "shipments[0].c_productItems[0].product_id": null

06-09-2024T14:40:29 - [TEST_STEP][PASSED] - shipments_0_c_productItems_0_product_name = "shipments[0].c_productItems[0].product_name": null

06-09-2024T14:40:29 - [TEST_STEP][PASSED] - shipments_0_c_productItems_0_quantity = "shipments[0].c_productItems[0].quantity": null

06-09-2024T14:40:29 - [TEST_STEP][PASSED] - shipments_0_c_productItems_0_shipment_id = "shipments[0].c_productItems[0].shipment_id": null

06-09-2024T14:40:29 - [TEST_STEP][PASSED] - shipments_0_c_productItems_0_tax = "shipments[0].c_productItems[0].tax": null

06-09-2024T14:40:29 - [TEST_STEP][PASSED] - shipments_0_c_productItems_0_tax_basis = "shipments[0].c_productItems[0].tax_basis": null

06-09-2024T14:40:29 - [TEST_STEP][PASSED] - shipments_0_c_productItems_0_tax_class_id = "shipments[0].c_productItems[0].tax_class_id": null

06-09-2024T14:40:29 - [TEST_STEP][PASSED] - shipments_0_c_productItems_0_tax_rate = "shipments[0].c_productItems[0].tax_rate": null

06-09-2024T14:40:29 - [TEST_STEP][PASSED] - shipments_0_c_productItems_0_c_fromStoreId = "shipments[0].c_productItems[0].c_fromStoreId": null

06-09-2024T14:40:29 - [TEST_STEP][PASSED] - shipments_0_c_productItems_0_c_isOnDemandStoreItem = "shipments[0].c_productItems[0].c_isOnDemandStoreItem": null

06-09-2024T14:40:29 - [TEST_STEP][PASSED] - shipments_0_c_productItems_0_c_miraklChannels = "shipments[0].c_productItems[0].c_miraklChannels": null

06-09-2024T14:40:29 - [TEST_STEP][PASSED] - shipments_0_c_productItems_0_c_miraklEarliestDeliveryDays = "shipments[0].c_productItems[0].c_miraklEarliestDeliveryDays": null

06-09-2024T14:40:29 - [TEST_STEP][PASSED] - shipments_0_c_productItems_0_c_miraklLatestDeliveryDays = "shipments[0].c_productItems[0].c_miraklLatestDeliveryDays": null

06-09-2024T14:40:29 - [TEST_STEP][PASSED] - shipments_0_c_productItems_0_c_miraklLeadTimeToShip = "shipments[0].c_productItems[0].c_miraklLeadTimeToShip": null

06-09-2024T14:40:29 - [TEST_STEP][PASSED] - shipments_0_c_productItems_0_c_miraklLineShippingPrice = "shipments[0].c_productItems[0].c_miraklLineShippingPrice": null

06-09-2024T14:40:29 - [TEST_STEP][PASSED] - shipments_0_c_productItems_0_c_miraklOperatorProductId = "shipments[0].c_productItems[0].c_miraklOperatorProductId": null

06-09-2024T14:40:29 - [TEST_STEP][PASSED] - shipments_0_c_productItems_0_c_noOfPersons = "shipments[0].c_productItems[0].c_noOfPersons": null

06-09-2024T14:40:29 - [TEST_STEP][PASSED] - shipments_0_c_productItems_0_c_offerId = "shipments[0].c_productItems[0].c_offerId": null

06-09-2024T14:40:29 - [TEST_STEP][PASSED] - shipments_0_c_productItems_0_c_offerSalesPrice = "shipments[0].c_productItems[0].c_offerSalesPrice": null

06-09-2024T14:40:29 - [TEST_STEP][PASSED] - shipments_0_c_productItems_0_c_offerState = "shipments[0].c_productItems[0].c_offerState": null

06-09-2024T14:40:29 - [TEST_STEP][PASSED] - shipments_0_c_productItems_0_c_offerStateCode = "shipments[0].c_productItems[0].c_offerStateCode": null

06-09-2024T14:40:29 - [TEST_STEP][PASSED] - shipments_0_c_productItems_0_c_shopId = "shipments[0].c_productItems[0].c_shopId": null

06-09-2024T14:40:29 - [TEST_STEP][PASSED] - shipments_0_c_productItems_0_c_shopName = "shipments[0].c_productItems[0].c_shopName": null

06-09-2024T14:40:29 - [TEST_STEP][PASSED] - shipments_0_c_productItems_0_c_total_crossed_price = "shipments[0].c_productItems[0].c_total_crossed_price": null

06-09-2024T14:40:29 - [TEST_STEP][PASSED] - shipments_0_c_productItems_0_c_priceWithComplement = "shipments[0].c_productItems[0].c_priceWithComplement": null

06-09-2024T14:40:29 - [TEST_STEP][PASSED] - shipments_0_c_productItems_0_c_imagesData_large_0_alt = "shipments[0].c_productItems[0].c_imagesData.large[0].alt": null

06-09-2024T14:40:29 - [TEST_STEP][PASSED] - shipments_0_c_productItems_0_c_imagesData_large_0_url = "shipments[0].c_productItems[0].c_imagesData.large[0].url": null

06-09-2024T14:40:29 - [TEST_STEP][PASSED] - shipments_0_c_productItems_0_c_imagesData_large_0_title = "shipments[0].c_productItems[0].c_imagesData.large[0].title": null

06-09-2024T14:40:29 - [TEST_STEP][PASSED] - shipments_0_c_productItems_0_c_description = "shipments[0].c_productItems[0].c_description": null

06-09-2024T14:40:29 - [TEST_STEP][PASSED] - shipments_0_c_productItems_0_c_availableQty = "shipments[0].c_productItems[0].c_availableQty": null

06-09-2024T14:40:29 - [TEST_STEP][PASSED] - shipments_0_c_paymentInstruments_0__type = "shipments[0].c_paymentInstruments[0]._type": null

06-09-2024T14:40:29 - [TEST_STEP][PASSED] - shipments_0_c_paymentInstruments_0_amount = "shipments[0].c_paymentInstruments[0].amount": null

06-09-2024T14:40:29 - [TEST_STEP][PASSED] - shipments_0_c_paymentInstruments_0_payment_card__type = "shipments[0].c_paymentInstruments[0].payment_card._type": null

06-09-2024T14:40:29 - [TEST_STEP][PASSED] - shipments_0_c_paymentInstruments_0_payment_card_card_type = "shipments[0].c_paymentInstruments[0].payment_card.card_type": null

06-09-2024T14:40:29 - [TEST_STEP][PASSED] - shipments_0_c_paymentInstruments_0_payment_card_credit_card_expired = "shipments[0].c_paymentInstruments[0].payment_card.credit_card_expired": null

06-09-2024T14:40:29 - [TEST_STEP][PASSED] - shipments_0_c_paymentInstruments_0_payment_card_expiration_month = "shipments[0].c_paymentInstruments[0].payment_card.expiration_month": null

06-09-2024T14:40:29 - [TEST_STEP][PASSED] - shipments_0_c_paymentInstruments_0_payment_card_expiration_year = "shipments[0].c_paymentInstruments[0].payment_card.expiration_year": null

06-09-2024T14:40:29 - [TEST_STEP][PASSED] - shipments_0_c_paymentInstruments_0_payment_card_holder = "shipments[0].c_paymentInstruments[0].payment_card.holder": null

06-09-2024T14:40:29 - [TEST_STEP][PASSED] - shipments_0_c_paymentInstruments_0_payment_instrument_id = "shipments[0].c_paymentInstruments[0].payment_instrument_id": null

06-09-2024T14:40:29 - [TEST_STEP][PASSED] - shipments_0_c_paymentInstruments_0_payment_method_id = "shipments[0].c_paymentInstruments[0].payment_method_id": null

06-09-2024T14:40:29 - [TEST_STEP][PASSED] - shipping_items_0__type = "shipping_items[0]._type": null

06-09-2024T14:40:29 - [TEST_STEP][PASSED] - shipping_items_0_adjusted_tax = "shipping_items[0].adjusted_tax": null

06-09-2024T14:40:29 - [TEST_STEP][PASSED] - shipping_items_0_base_price = "shipping_items[0].base_price": null

06-09-2024T14:40:29 - [TEST_STEP][PASSED] - shipping_items_0_item_id = "shipping_items[0].item_id": null

06-09-2024T14:40:29 - [TEST_STEP][PASSED] - shipping_items_0_item_text = "shipping_items[0].item_text": null

06-09-2024T14:40:29 - [TEST_STEP][PASSED] - shipping_items_0_price = "shipping_items[0].price": null

06-09-2024T14:40:29 - [TEST_STEP][PASSED] - shipping_items_0_price_after_item_discount = "shipping_items[0].price_after_item_discount": null

06-09-2024T14:40:29 - [TEST_STEP][PASSED] - shipping_items_0_shipment_id = "shipping_items[0].shipment_id": null

06-09-2024T14:40:29 - [TEST_STEP][PASSED] - shipping_items_0_tax = "shipping_items[0].tax": null

06-09-2024T14:40:29 - [TEST_STEP][PASSED] - shipping_items_0_tax_basis = "shipping_items[0].tax_basis": null

06-09-2024T14:40:29 - [TEST_STEP][PASSED] - shipping_items_0_tax_class_id = "shipping_items[0].tax_class_id": null

06-09-2024T14:40:29 - [TEST_STEP][PASSED] - shipping_items_0_tax_rate = "shipping_items[0].tax_rate": null

06-09-2024T14:40:29 - [TEST_STEP][PASSED] - shipping_total = "shipping_total": null

06-09-2024T14:40:29 - [TEST_STEP][PASSED] - shipping_total_tax = "shipping_total_tax": null

06-09-2024T14:40:29 - [TEST_STEP][PASSED] - taxation = "taxation": null

06-09-2024T14:40:29 - [TEST_STEP][PASSED] - tax_rounded_at_group = "tax_rounded_at_group": null

06-09-2024T14:40:29 - [TEST_STEP][PASSED] - tax_total = "tax_total": null

06-09-2024T14:40:29 - [TEST_STEP][PASSED] - temporary_basket = "temporary_basket": null

06-09-2024T14:40:29 - [TEST_STEP][PASSED] - c_currentCorporate = "c_currentCorporate": null

06-09-2024T14:40:29 - [TEST_STEP][PASSED] - c_forceDeleteOndemand = "c_forceDeleteOndemand": null

06-09-2024T14:40:29 - [TEST_STEP][PASSED] - c_isLock = "c_isLock": null

06-09-2024T14:40:29 - [TEST_STEP][PASSED] - c_isMiraklOrder = "c_isMiraklOrder": null

06-09-2024T14:40:29 - [TEST_STEP][PASSED] - c_lockTime = "c_lockTime": null

06-09-2024T14:40:29 - [TEST_STEP][PASSED] - c_formatedShippingTotalGrossPrice = "c_formatedShippingTotalGrossPrice": null

06-09-2024T14:40:29 - [TEST_STEP][PASSED] - c_formatedserviceChargeTotalGrossPrice = "c_formatedserviceChargeTotalGrossPrice": null

06-09-2024T14:40:29 - [TEST_STEP][PASSED] - totalplay.Common.verifyPropertyExist(FoodOrderReview, _v): totalplay.Common.verifyPropertyExist is PASSED

06-09-2024T14:40:29 - [MESSAGE][INFO] - Checking response object

06-09-2024T14:40:29 - [MESSAGE][PASSED] - totalplay.Common.verifyPropertyExist is PASSED

06-09-2024T14:40:29 - [TEST_STEP][PASSED] - totalplay.Common.verifyPropertyValueExist(FoodOrderReview, _v): totalplay.Common.verifyPropertyValueExist is PASSED

06-09-2024T14:40:29 - [MESSAGE][INFO] - Checking response object

06-09-2024T14:40:29 - [MESSAGE][INFO] - 24.5

06-09-2024T14:40:29 - [MESSAGE][PASSED] - totalplay.Common.verifyPropertyValueExist is PASSED

06-09-2024T14:40:29 - [TEST_STEP][PASSED] - totalplay.Common.verifyPropertyExist(FoodOrderReview, _type): totalplay.Common.verifyPropertyExist is PASSED

06-09-2024T14:40:29 - [MESSAGE][INFO] - Checking response object

06-09-2024T14:40:29 - [MESSAGE][PASSED] - totalplay.Common.verifyPropertyExist is PASSED

06-09-2024T14:40:29 - [TEST_STEP][PASSED] - totalplay.Common.verifyPropertyValueExist(FoodOrderReview, _type): totalplay.Common.verifyPropertyValueExist is PASSED

06-09-2024T14:40:29 - [MESSAGE][INFO] - Checking response object

06-09-2024T14:40:29 - [MESSAGE][INFO] - basket

06-09-2024T14:40:29 - [MESSAGE][PASSED] - totalplay.Common.verifyPropertyValueExist is PASSED

06-09-2024T14:40:29 - [TEST_STEP][PASSED] - totalplay.Common.verifyPropertyExist(FoodOrderReview, _resource_state): totalplay.Common.verifyPropertyExist is PASSED

06-09-2024T14:40:29 - [MESSAGE][INFO] - Checking response object

06-09-2024T14:40:29 - [MESSAGE][PASSED] - totalplay.Common.verifyPropertyExist is PASSED

06-09-2024T14:40:29 - [TEST_STEP][PASSED] - totalplay.Common.verifyPropertyValueExist(FoodOrderReview, _resource_state): totalplay.Common.verifyPropertyValueExist is PASSED

06-09-2024T14:40:29 - [MESSAGE][INFO] - Checking response object

06-09-2024T14:40:29 - [MESSAGE][INFO] - 44e3d5aa4c060cf5d3519a2b1b4cf8db2f1c6d576d7a2ad85ee5486328bdf4b0

06-09-2024T14:40:29 - [MESSAGE][PASSED] - totalplay.Common.verifyPropertyValueExist is PASSED

06-09-2024T14:40:29 - [TEST_STEP][PASSED] - totalplay.Common.getDecimalValueofObject(FoodOrderReview, adjusted_merchandize_total_tax): totalplay.Common.getDecimalValueofObject is PASSED

06-09-2024T14:40:29 - [MESSAGE][INFO] - Checking response object

06-09-2024T14:40:29 - [MESSAGE][PASSED] - totalplay.Common.getDecimalValueofObject is PASSED

06-09-2024T14:40:29 - [TEST_STEP][PASSED] - totalplay.Common.getDecimalValueofObject(FoodOrderReview, adjusted_shipping_total_tax): totalplay.Common.getDecimalValueofObject is PASSED

06-09-2024T14:40:29 - [MESSAGE][INFO] - Checking response object

06-09-2024T14:40:29 - [MESSAGE][PASSED] - totalplay.Common.getDecimalValueofObject is PASSED

06-09-2024T14:40:29 - [TEST_STEP][PASSED] - totalplay.Common.getBooleanValueofObject(FoodOrderReview, agent_basket): totalplay.Common.getBooleanValueofObject is PASSED

06-09-2024T14:40:29 - [MESSAGE][INFO] - Checking response object

06-09-2024T14:40:29 - [MESSAGE][PASSED] - totalplay.Common.getBooleanValueofObject is PASSED

06-09-2024T14:40:29 - [TEST_STEP][PASSED] - totalplay.Common.verifyPropertyExist(FoodOrderReview, basket_id): totalplay.Common.verifyPropertyExist is PASSED

06-09-2024T14:40:29 - [MESSAGE][INFO] - Checking response object

06-09-2024T14:40:29 - [MESSAGE][PASSED] - totalplay.Common.verifyPropertyExist is PASSED

06-09-2024T14:40:29 - [TEST_STEP][PASSED] - totalplay.Common.verifyPropertyValueExist(FoodOrderReview, basket_id): totalplay.Common.verifyPropertyValueExist is PASSED

06-09-2024T14:40:29 - [MESSAGE][INFO] - Checking response object

06-09-2024T14:40:29 - [MESSAGE][INFO] - 28da5fe632b55fd15328f51beb

06-09-2024T14:40:29 - [MESSAGE][PASSED] - totalplay.Common.verifyPropertyValueExist is PASSED

06-09-2024T14:40:29 - [TEST_STEP][PASSED] - totalplay.Common.verifyPropertyExist(FoodOrderReview, billing_address__type): totalplay.Common.verifyPropertyExist is PASSED

06-09-2024T14:40:29 - [MESSAGE][INFO] - Checking response object

06-09-2024T14:40:29 - [MESSAGE][PASSED] - totalplay.Common.verifyPropertyExist is PASSED

06-09-2024T14:40:29 - [TEST_STEP][PASSED] - totalplay.Common.verifyPropertyValueExist(FoodOrderReview, billing_address__type): totalplay.Common.verifyPropertyValueExist is PASSED

06-09-2024T14:40:29 - [MESSAGE][INFO] - Checking response object

06-09-2024T14:40:29 - [MESSAGE][INFO] - order_address

06-09-2024T14:40:29 - [MESSAGE][PASSED] - totalplay.Common.verifyPropertyValueExist is PASSED

06-09-2024T14:40:29 - [TEST_STEP][PASSED] - totalplay.Common.verifyPropertyExist(FoodOrderReview, billing_address_address1): totalplay.Common.verifyPropertyExist is PASSED

06-09-2024T14:40:29 - [MESSAGE][INFO] - Checking response object

06-09-2024T14:40:29 - [MESSAGE][PASSED] - totalplay.Common.verifyPropertyExist is PASSED

06-09-2024T14:40:29 - [TEST_STEP][PASSED] - totalplay.Common.verifyPropertyValueExist(FoodOrderReview, billing_address_address1): totalplay.Common.verifyPropertyValueExist is PASSED

06-09-2024T14:40:29 - [MESSAGE][INFO] - Checking response object

06-09-2024T14:40:29 - [MESSAGE][INFO] - Alejandro Dumas

06-09-2024T14:40:29 - [MESSAGE][PASSED] - totalplay.Common.verifyPropertyValueExist is PASSED

06-09-2024T14:40:29 - [TEST_STEP][PASSED] - totalplay.Common.verifyPropertyExist(FoodOrderReview, billing_address_city): totalplay.Common.verifyPropertyExist is PASSED

06-09-2024T14:40:29 - [MESSAGE][INFO] - Checking response object

06-09-2024T14:40:29 - [MESSAGE][PASSED] - totalplay.Common.verifyPropertyExist is PASSED

06-09-2024T14:40:29 - [TEST_STEP][PASSED] - totalplay.Common.verifyPropertyValueExist(FoodOrderReview, billing_address_city): totalplay.Common.verifyPropertyValueExist is PASSED

06-09-2024T14:40:29 - [MESSAGE][INFO] - Checking response object

06-09-2024T14:40:29 - [MESSAGE][INFO] - Ciudad de Mexico

06-09-2024T14:40:29 - [MESSAGE][PASSED] - totalplay.Common.verifyPropertyValueExist is PASSED

06-09-2024T14:40:29 - [TEST_STEP][PASSED] - totalplay.Common.verifyPropertyExist(FoodOrderReview, billing_address_country_code): totalplay.Common.verifyPropertyExist is PASSED

06-09-2024T14:40:29 - [MESSAGE][INFO] - Checking response object

06-09-2024T14:40:29 - [MESSAGE][PASSED] - totalplay.Common.verifyPropertyExist is PASSED

06-09-2024T14:40:29 - [TEST_STEP][PASSED] - totalplay.Common.verifyPropertyValueExist(FoodOrderReview, billing_address_country_code): totalplay.Common.verifyPropertyValueExist is PASSED

06-09-2024T14:40:29 - [MESSAGE][INFO] - Checking response object

06-09-2024T14:40:29 - [MESSAGE][INFO] - MX

06-09-2024T14:40:29 - [MESSAGE][PASSED] - totalplay.Common.verifyPropertyValueExist is PASSED

06-09-2024T14:40:29 - [TEST_STEP][PASSED] - totalplay.Common.verifyPropertyExist(FoodOrderReview, billing_address_first_name): totalplay.Common.verifyPropertyExist is PASSED

06-09-2024T14:40:29 - [MESSAGE][INFO] - Checking response object

06-09-2024T14:40:29 - [MESSAGE][PASSED] - totalplay.Common.verifyPropertyExist is PASSED

06-09-2024T14:40:29 - [TEST_STEP][PASSED] - totalplay.Common.verifyPropertyValueExist(FoodOrderReview, billing_address_first_name): totalplay.Common.verifyPropertyValueExist is PASSED

06-09-2024T14:40:29 - [MESSAGE][INFO] - Checking response object

06-09-2024T14:40:29 - [MESSAGE][INFO] - CESAR

06-09-2024T14:40:29 - [MESSAGE][PASSED] - totalplay.Common.verifyPropertyValueExist is PASSED

06-09-2024T14:40:29 - [TEST_STEP][PASSED] - totalplay.Common.verifyPropertyExist(FoodOrderReview, billing_address_full_name): totalplay.Common.verifyPropertyExist is PASSED

06-09-2024T14:40:29 - [MESSAGE][INFO] - Checking response object

06-09-2024T14:40:29 - [MESSAGE][PASSED] - totalplay.Common.verifyPropertyExist is PASSED

06-09-2024T14:40:29 - [TEST_STEP][PASSED] - totalplay.Common.verifyPropertyValueExist(FoodOrderReview, billing_address_full_name): totalplay.Common.verifyPropertyValueExist is PASSED

06-09-2024T14:40:29 - [MESSAGE][INFO] - Checking response object

06-09-2024T14:40:29 - [MESSAGE][INFO] - CESAR GERARDO WALDO GONZALEZ

06-09-2024T14:40:29 - [MESSAGE][PASSED] - totalplay.Common.verifyPropertyValueExist is PASSED

06-09-2024T14:40:29 - [TEST_STEP][PASSED] - totalplay.Common.verifyPropertyExist(FoodOrderReview, billing_address_id): totalplay.Common.verifyPropertyExist is PASSED

06-09-2024T14:40:29 - [MESSAGE][INFO] - Checking response object

06-09-2024T14:40:29 - [MESSAGE][PASSED] - totalplay.Common.verifyPropertyExist is PASSED

06-09-2024T14:40:29 - [TEST_STEP][PASSED] - totalplay.Common.verifyPropertyValueExist(FoodOrderReview, billing_address_id): totalplay.Common.verifyPropertyValueExist is PASSED

06-09-2024T14:40:29 - [MESSAGE][INFO] - Checking response object

06-09-2024T14:40:29 - [MESSAGE][INFO] - 202581b2abc9127100ded33bca

06-09-2024T14:40:29 - [MESSAGE][PASSED] - totalplay.Common.verifyPropertyValueExist is PASSED

06-09-2024T14:40:29 - [TEST_STEP][PASSED] - totalplay.Common.verifyPropertyExist(FoodOrderReview, billing_address_last_name): totalplay.Common.verifyPropertyExist is PASSED

06-09-2024T14:40:29 - [MESSAGE][INFO] - Checking response object

06-09-2024T14:40:29 - [MESSAGE][PASSED] - totalplay.Common.verifyPropertyExist is PASSED

06-09-2024T14:40:29 - [TEST_STEP][PASSED] - totalplay.Common.verifyPropertyValueExist(FoodOrderReview, billing_address_last_name): totalplay.Common.verifyPropertyValueExist is PASSED

06-09-2024T14:40:29 - [MESSAGE][INFO] - Checking response object

06-09-2024T14:40:29 - [MESSAGE][INFO] - GERARDO WALDO GONZALEZ

06-09-2024T14:40:29 - [MESSAGE][PASSED] - totalplay.Common.verifyPropertyValueExist is PASSED

06-09-2024T14:40:29 - [TEST_STEP][PASSED] - totalplay.Common.verifyPropertyExist(FoodOrderReview, billing_address_phone): totalplay.Common.verifyPropertyExist is PASSED

06-09-2024T14:40:29 - [MESSAGE][INFO] - Checking response object

06-09-2024T14:40:29 - [MESSAGE][PASSED] - totalplay.Common.verifyPropertyExist is PASSED

06-09-2024T14:40:29 - [TEST_STEP][PASSED] - totalplay.Common.verifyPropertyValueExist(FoodOrderReview, billing_address_phone): totalplay.Common.verifyPropertyValueExist is PASSED

06-09-2024T14:40:29 - [MESSAGE][INFO] - Checking response object

06-09-2024T14:40:29 - [MESSAGE][INFO] - 5579660270

06-09-2024T14:40:29 - [MESSAGE][PASSED] - totalplay.Common.verifyPropertyValueExist is PASSED

06-09-2024T14:40:29 - [TEST_STEP][PASSED] - totalplay.Common.verifyPropertyExist(FoodOrderReview, billing_address_postal_code): totalplay.Common.verifyPropertyExist is PASSED

06-09-2024T14:40:29 - [MESSAGE][INFO] - Checking response object

06-09-2024T14:40:29 - [MESSAGE][PASSED] - totalplay.Common.verifyPropertyExist is PASSED

06-09-2024T14:40:29 - [TEST_STEP][PASSED] - totalplay.Common.verifyPropertyValueExist(FoodOrderReview, billing_address_postal_code): totalplay.Common.verifyPropertyValueExist is PASSED

06-09-2024T14:40:29 - [MESSAGE][INFO] - Checking response object

06-09-2024T14:40:30 - [MESSAGE][INFO] - 11500

06-09-2024T14:40:30 - [MESSAGE][PASSED] - totalplay.Common.verifyPropertyValueExist is PASSED

06-09-2024T14:40:30 - [TEST_STEP][PASSED] - totalplay.Common.verifyPropertyExist(FoodOrderReview, billing_address_c_alias): totalplay.Common.verifyPropertyExist is PASSED

06-09-2024T14:40:30 - [MESSAGE][INFO] - Checking response object

06-09-2024T14:40:30 - [MESSAGE][PASSED] - totalplay.Common.verifyPropertyExist is PASSED

06-09-2024T14:40:30 - [TEST_STEP][PASSED] - totalplay.Common.verifyPropertyValueExist(FoodOrderReview, billing_address_c_alias): totalplay.Common.verifyPropertyValueExist is PASSED

06-09-2024T14:40:30 - [MESSAGE][INFO] - Checking response object

06-09-2024T14:40:30 - [MESSAGE][INFO] - CasaWaldoP

06-09-2024T14:40:30 - [MESSAGE][PASSED] - totalplay.Common.verifyPropertyValueExist is PASSED

06-09-2024T14:40:30 - [TEST_STEP][PASSED] - totalplay.Common.verifyPropertyExist(FoodOrderReview, billing_address_c_delegation): totalplay.Common.verifyPropertyExist is PASSED

06-09-2024T14:40:30 - [MESSAGE][INFO] - Checking response object

06-09-2024T14:40:30 - [MESSAGE][PASSED] - totalplay.Common.verifyPropertyExist is PASSED

06-09-2024T14:40:30 - [TEST_STEP][PASSED] - totalplay.Common.verifyPropertyValueExist(FoodOrderReview, billing_address_c_delegation): totalplay.Common.verifyPropertyValueExist is PASSED

06-09-2024T14:40:30 - [MESSAGE][INFO] - Checking response object

06-09-2024T14:40:30 - [MESSAGE][INFO] - Miguel Hidalgo

06-09-2024T14:40:30 - [MESSAGE][PASSED] - totalplay.Common.verifyPropertyValueExist is PASSED

06-09-2024T14:40:30 - [TEST_STEP][PASSED] - totalplay.Common.verifyPropertyExist(FoodOrderReview, billing_address_c_delegation): totalplay.Common.verifyPropertyExist is PASSED

06-09-2024T14:40:30 - [MESSAGE][INFO] - Checking response object

06-09-2024T14:40:30 - [MESSAGE][PASSED] - totalplay.Common.verifyPropertyExist is PASSED

06-09-2024T14:40:30 - [TEST_STEP][PASSED] - totalplay.Common.verifyPropertyValueExist(FoodOrderReview, billing_address_c_delegation): totalplay.Common.verifyPropertyValueExist is PASSED

06-09-2024T14:40:30 - [MESSAGE][INFO] - Checking response object

06-09-2024T14:40:30 - [MESSAGE][INFO] - Miguel Hidalgo

06-09-2024T14:40:30 - [MESSAGE][PASSED] - totalplay.Common.verifyPropertyValueExist is PASSED

06-09-2024T14:40:30 - [TEST_STEP][PASSED] - totalplay.Common.verifyPropertyExist(FoodOrderReview, billing_address_c_label): totalplay.Common.verifyPropertyExist is PASSED

06-09-2024T14:40:30 - [MESSAGE][INFO] - Checking response object

06-09-2024T14:40:30 - [MESSAGE][PASSED] - totalplay.Common.verifyPropertyExist is PASSED

06-09-2024T14:40:30 - [TEST_STEP][PASSED] - totalplay.Common.verifyPropertyValueExist(FoodOrderReview, billing_address_c_label): totalplay.Common.verifyPropertyValueExist is PASSED

06-09-2024T14:40:30 - [MESSAGE][INFO] - Checking response object

06-09-2024T14:40:30 - [MESSAGE][INFO] - {"home":true,"company":false,"other":false}

06-09-2024T14:40:30 - [MESSAGE][PASSED] - totalplay.Common.verifyPropertyValueExist is PASSED

06-09-2024T14:40:30 - [TEST_STEP][PASSED] - totalplay.Common.verifyPropertyExist(FoodOrderReview, billing_address_c_latitude): totalplay.Common.verifyPropertyExist is PASSED

06-09-2024T14:40:30 - [MESSAGE][INFO] - Checking response object

06-09-2024T14:40:30 - [MESSAGE][PASSED] - totalplay.Common.verifyPropertyExist is PASSED

06-09-2024T14:40:30 - [TEST_STEP][PASSED] - totalplay.Common.verifyPropertyValueExist(FoodOrderReview, billing_address_c_latitude): totalplay.Common.verifyPropertyValueExist is PASSED

06-09-2024T14:40:30 - [MESSAGE][INFO] - Checking response object

06-09-2024T14:40:30 - [MESSAGE][INFO] - 19.439691

06-09-2024T14:40:30 - [MESSAGE][PASSED] - totalplay.Common.verifyPropertyValueExist is PASSED

06-09-2024T14:40:30 - [TEST_STEP][PASSED] - totalplay.Common.verifyPropertyExist(FoodOrderReview, billing_address_c_longitude): totalplay.Common.verifyPropertyExist is PASSED

06-09-2024T14:40:30 - [MESSAGE][INFO] - Checking response object

06-09-2024T14:40:30 - [MESSAGE][PASSED] - totalplay.Common.verifyPropertyExist is PASSED

06-09-2024T14:40:30 - [TEST_STEP][PASSED] - totalplay.Common.verifyPropertyValueExist(FoodOrderReview, billing_address_c_longitude): totalplay.Common.verifyPropertyValueExist is PASSED

06-09-2024T14:40:30 - [MESSAGE][INFO] - Checking response object

06-09-2024T14:40:30 - [MESSAGE][INFO] - -99.205670

06-09-2024T14:40:30 - [MESSAGE][PASSED] - totalplay.Common.verifyPropertyValueExist is PASSED

06-09-2024T14:40:30 - [TEST_STEP][PASSED] - totalplay.Common.verifyPropertyExist(FoodOrderReview, billing_address_c_nExt): totalplay.Common.verifyPropertyExist is PASSED

06-09-2024T14:40:30 - [MESSAGE][INFO] - Checking response object

06-09-2024T14:40:30 - [MESSAGE][PASSED] - totalplay.Common.verifyPropertyExist is PASSED

06-09-2024T14:40:30 - [TEST_STEP][PASSED] - totalplay.Common.verifyPropertyValueExist(FoodOrderReview, billing_address_c_nExt): totalplay.Common.verifyPropertyValueExist is PASSED

06-09-2024T14:40:30 - [MESSAGE][INFO] - Checking response object

06-09-2024T14:40:30 - [MESSAGE][INFO] - 107

06-09-2024T14:40:30 - [MESSAGE][PASSED] - totalplay.Common.verifyPropertyValueExist is PASSED

06-09-2024T14:40:30 - [TEST_STEP][PASSED] - totalplay.Common.verifyPropertyExist(FoodOrderReview, billing_address_c_neighborhood): totalplay.Common.verifyPropertyExist is PASSED

06-09-2024T14:40:30 - [MESSAGE][INFO] - Checking response object

06-09-2024T14:40:30 - [MESSAGE][PASSED] - totalplay.Common.verifyPropertyExist is PASSED

06-09-2024T14:40:30 - [TEST_STEP][PASSED] - totalplay.Common.verifyPropertyValueExist(FoodOrderReview, billing_address_c_neighborhood): totalplay.Common.verifyPropertyValueExist is PASSED

06-09-2024T14:40:30 - [MESSAGE][INFO] - Checking response object

06-09-2024T14:40:30 - [MESSAGE][INFO] - Polanco

06-09-2024T14:40:30 - [MESSAGE][PASSED] - totalplay.Common.verifyPropertyValueExist is PASSED

06-09-2024T14:40:30 - [TEST_STEP][PASSED] - totalplay.Common.verifyPropertyExist(FoodOrderReview, billing_address_c_references): totalplay.Common.verifyPropertyExist is PASSED

06-09-2024T14:40:30 - [MESSAGE][INFO] - Checking response object

06-09-2024T14:40:30 - [MESSAGE][PASSED] - totalplay.Common.verifyPropertyExist is PASSED

06-09-2024T14:40:30 - [TEST_STEP][PASSED] - totalplay.Common.verifyPropertyValueExist(FoodOrderReview, billing_address_c_references): totalplay.Common.verifyPropertyValueExist is PASSED

06-09-2024T14:40:30 - [MESSAGE][INFO] - Checking response object

06-09-2024T14:40:30 - [MESSAGE][INFO] - Llamar al llegar

06-09-2024T14:40:30 - [MESSAGE][PASSED] - totalplay.Common.verifyPropertyValueExist is PASSED

06-09-2024T14:40:30 - [TEST_STEP][PASSED] - totalplay.Common.verifyPropertyExist(FoodOrderReview, billing_address_c_rfc): totalplay.Common.verifyPropertyExist is PASSED

06-09-2024T14:40:30 - [MESSAGE][INFO] - Checking response object

06-09-2024T14:40:30 - [MESSAGE][PASSED] - totalplay.Common.verifyPropertyExist is PASSED

06-09-2024T14:40:30 - [TEST_STEP][PASSED] - totalplay.Common.verifyPropertyValueExist(FoodOrderReview, billing_address_c_rfc): totalplay.Common.verifyPropertyValueExist is PASSED

06-09-2024T14:40:30 - [MESSAGE][INFO] - Checking response object

06-09-2024T14:40:30 - [MESSAGE][INFO] - XAXA010101111

06-09-2024T14:40:30 - [MESSAGE][PASSED] - totalplay.Common.verifyPropertyValueExist is PASSED

06-09-2024T14:40:30 - [TEST_STEP][PASSED] - totalplay.Common.verifyPropertyExist(FoodOrderReview, billing_address_c_state): totalplay.Common.verifyPropertyExist is PASSED

06-09-2024T14:40:30 - [MESSAGE][INFO] - Checking response object

06-09-2024T14:40:30 - [MESSAGE][PASSED] - totalplay.Common.verifyPropertyExist is PASSED

06-09-2024T14:40:30 - [TEST_STEP][PASSED] - totalplay.Common.verifyPropertyValueExist(FoodOrderReview, billing_address_c_state): totalplay.Common.verifyPropertyValueExist is PASSED

06-09-2024T14:40:30 - [MESSAGE][INFO] - Checking response object

06-09-2024T14:40:30 - [MESSAGE][INFO] - CDMX

06-09-2024T14:40:30 - [MESSAGE][PASSED] - totalplay.Common.verifyPropertyValueExist is PASSED

06-09-2024T14:40:30 - [TEST_STEP][PASSED] - totalplay.Common.verifyPropertyExist(FoodOrderReview, billing_address_c_streetName): totalplay.Common.verifyPropertyExist is PASSED

06-09-2024T14:40:30 - [MESSAGE][INFO] - Checking response object

06-09-2024T14:40:30 - [MESSAGE][PASSED] - totalplay.Common.verifyPropertyExist is PASSED

06-09-2024T14:40:30 - [TEST_STEP][PASSED] - totalplay.Common.verifyPropertyValueExist(FoodOrderReview, billing_address_c_streetName): totalplay.Common.verifyPropertyValueExist is PASSED

06-09-2024T14:40:30 - [MESSAGE][INFO] - Checking response object

06-09-2024T14:40:30 - [MESSAGE][INFO] - Alejandro Dumas

06-09-2024T14:40:30 - [MESSAGE][PASSED] - totalplay.Common.verifyPropertyValueExist is PASSED

06-09-2024T14:40:30 - [TEST_STEP][PASSED] - totalplay.Common.verifyPropertyExist(FoodOrderReview, channel_type): totalplay.Common.verifyPropertyExist is PASSED

06-09-2024T14:40:30 - [MESSAGE][INFO] - Checking response object

06-09-2024T14:40:30 - [MESSAGE][PASSED] - totalplay.Common.verifyPropertyExist is PASSED

06-09-2024T14:40:30 - [TEST_STEP][PASSED] - totalplay.Common.verifyPropertyValueExist(FoodOrderReview, channel_type): totalplay.Common.verifyPropertyValueExist is PASSED

06-09-2024T14:40:30 - [MESSAGE][INFO] - Checking response object

06-09-2024T14:40:30 - [MESSAGE][INFO] - storefront

06-09-2024T14:40:30 - [MESSAGE][PASSED] - totalplay.Common.verifyPropertyValueExist is PASSED

06-09-2024T14:40:30 - [TEST_STEP][PASSED] - totalplay.Common.verifyPropertyExist(FoodOrderReview, customer_info__type): totalplay.Common.verifyPropertyExist is PASSED

06-09-2024T14:40:30 - [MESSAGE][INFO] - Checking response object

06-09-2024T14:40:30 - [MESSAGE][PASSED] - totalplay.Common.verifyPropertyExist is PASSED

06-09-2024T14:40:30 - [TEST_STEP][PASSED] - totalplay.Common.verifyPropertyValueExist(FoodOrderReview, customer_info__type): totalplay.Common.verifyPropertyValueExist is PASSED

06-09-2024T14:40:30 - [MESSAGE][INFO] - Checking response object

06-09-2024T14:40:30 - [MESSAGE][INFO] - customer_info

06-09-2024T14:40:30 - [MESSAGE][PASSED] - totalplay.Common.verifyPropertyValueExist is PASSED

06-09-2024T14:40:30 - [TEST_STEP][PASSED] - totalplay.Common.verifyPropertyExist(FoodOrderReview, customer_info_customer_id): totalplay.Common.verifyPropertyExist is PASSED

06-09-2024T14:40:30 - [MESSAGE][INFO] - Checking response object

06-09-2024T14:40:30 - [MESSAGE][PASSED] - totalplay.Common.verifyPropertyExist is PASSED

06-09-2024T14:40:30 - [TEST_STEP][PASSED] - totalplay.Common.verifyPropertyValueExist(FoodOrderReview, customer_info_customer_id): totalplay.Common.verifyPropertyValueExist is PASSED

06-09-2024T14:40:30 - [MESSAGE][INFO] - Checking response object

06-09-2024T14:40:30 - [MESSAGE][INFO] - acTAcwrTj6ECo7V8WDIa5leqor

06-09-2024T14:40:30 - [MESSAGE][PASSED] - totalplay.Common.verifyPropertyValueExist is PASSED

06-09-2024T14:40:30 - [TEST_STEP][PASSED] - totalplay.Common.verifyPropertyExist(FoodOrderReview, customer_info_customer_no): totalplay.Common.verifyPropertyExist is PASSED

06-09-2024T14:40:30 - [MESSAGE][INFO] - Checking response object

06-09-2024T14:40:30 - [MESSAGE][PASSED] - totalplay.Common.verifyPropertyExist is PASSED

06-09-2024T14:40:30 - [TEST_STEP][PASSED] - totalplay.Common.verifyPropertyValueExist(FoodOrderReview, customer_info_customer_no): totalplay.Common.verifyPropertyValueExist is PASSED

06-09-2024T14:40:30 - [MESSAGE][INFO] - Checking response object

06-09-2024T14:40:30 - [MESSAGE][INFO] - 00012002

06-09-2024T14:40:30 - [MESSAGE][PASSED] - totalplay.Common.verifyPropertyValueExist is PASSED

06-09-2024T14:40:30 - [TEST_STEP][PASSED] - totalplay.Common.verifyPropertyExist(FoodOrderReview, customer_info_email): totalplay.Common.verifyPropertyExist is PASSED

06-09-2024T14:40:30 - [MESSAGE][INFO] - Checking response object

06-09-2024T14:40:31 - [MESSAGE][PASSED] - totalplay.Common.verifyPropertyExist is PASSED

06-09-2024T14:40:31 - [TEST_STEP][PASSED] - totalplay.Common.verifyPropertyValueExist(FoodOrderReview, customer_info_email): totalplay.Common.verifyPropertyValueExist is PASSED

06-09-2024T14:40:31 - [MESSAGE][INFO] - Checking response object

06-09-2024T14:40:31 - [MESSAGE][INFO] - cesar.waldo93@gmail.com

06-09-2024T14:40:31 - [MESSAGE][PASSED] - totalplay.Common.verifyPropertyValueExist is PASSED

06-09-2024T14:40:31 - [TEST_STEP][PASSED] - totalplay.Common.verifyPropertyExist(FoodOrderReview, last_modified): totalplay.Common.verifyPropertyExist is PASSED

06-09-2024T14:40:31 - [MESSAGE][INFO] - Checking response object

06-09-2024T14:40:31 - [MESSAGE][PASSED] - totalplay.Common.verifyPropertyExist is PASSED

06-09-2024T14:40:31 - [TEST_STEP][PASSED] - totalplay.Common.verifyPropertyValueExist(FoodOrderReview, last_modified): totalplay.Common.verifyPropertyValueExist is PASSED

06-09-2024T14:40:31 - [MESSAGE][INFO] - Checking response object

06-09-2024T14:40:31 - [MESSAGE][INFO] - 2024-09-06T09:10:24.887Z

06-09-2024T14:40:31 - [MESSAGE][PASSED] - totalplay.Common.verifyPropertyValueExist is PASSED

06-09-2024T14:40:31 - [TEST_STEP][PASSED] - totalplay.Common.getDecimalValueofObject(FoodOrderReview, merchandize_total_tax): totalplay.Common.getDecimalValueofObject is PASSED

06-09-2024T14:40:31 - [MESSAGE][INFO] - Checking response object

06-09-2024T14:40:31 - [MESSAGE][PASSED] - totalplay.Common.getDecimalValueofObject is PASSED

06-09-2024T14:40:31 - [TEST_STEP][PASSED] - totalplay.Common.verifyPropertyExist(FoodOrderReview, notes__type): totalplay.Common.verifyPropertyExist is PASSED

06-09-2024T14:40:31 - [MESSAGE][INFO] - Checking response object

06-09-2024T14:40:31 - [MESSAGE][PASSED] - totalplay.Common.verifyPropertyExist is PASSED

06-09-2024T14:40:31 - [TEST_STEP][PASSED] - totalplay.Common.verifyPropertyValueExist(FoodOrderReview, notes__type): totalplay.Common.verifyPropertyValueExist is PASSED

06-09-2024T14:40:31 - [MESSAGE][INFO] - Checking response object

06-09-2024T14:40:31 - [MESSAGE][INFO] - simple_link

06-09-2024T14:40:31 - [MESSAGE][PASSED] - totalplay.Common.verifyPropertyValueExist is PASSED

06-09-2024T14:40:31 - [TEST_STEP][PASSED] - totalplay.Common.verifyPropertyExist(FoodOrderReview, notes_link): totalplay.Common.verifyPropertyExist is PASSED

06-09-2024T14:40:31 - [MESSAGE][INFO] - Checking response object

06-09-2024T14:40:31 - [MESSAGE][PASSED] - totalplay.Common.verifyPropertyExist is PASSED

06-09-2024T14:40:31 - [TEST_STEP][PASSED] - totalplay.Common.verifyPropertyValueExist(FoodOrderReview, notes_link): totalplay.Common.verifyPropertyValueExist is PASSED

06-09-2024T14:40:31 - [MESSAGE][INFO] - Checking response object

06-09-2024T14:40:31 - [MESSAGE][INFO] - https://salesforceqa.sistemastp.com.mx/s/TP-FOOD/dw/shop/v24_5/baskets/28da5fe632b55fd15328f51beb/notes?page=review

06-09-2024T14:40:31 - [MESSAGE][PASSED] - totalplay.Common.verifyPropertyValueExist is PASSED

06-09-2024T14:40:31 - [TEST_STEP][PASSED] - totalplay.Common.getDecimalValueofObject(FoodOrderReview, order_total): totalplay.Common.getDecimalValueofObject is PASSED

06-09-2024T14:40:31 - [MESSAGE][INFO] - Checking response object

06-09-2024T14:40:31 - [MESSAGE][PASSED] - totalplay.Common.getDecimalValueofObject is PASSED

06-09-2024T14:40:31 - [TEST_STEP][PASSED] - totalplay.Common.verifyPropertyExist(FoodOrderReview, shipments_0__type): totalplay.Common.verifyPropertyExist is PASSED

06-09-2024T14:40:31 - [MESSAGE][INFO] - Checking response object

06-09-2024T14:40:31 - [MESSAGE][PASSED] - totalplay.Common.verifyPropertyExist is PASSED

06-09-2024T14:40:31 - [TEST_STEP][PASSED] - totalplay.Common.verifyPropertyValueExist(FoodOrderReview, shipments_0__type): totalplay.Common.verifyPropertyValueExist is PASSED

06-09-2024T14:40:31 - [MESSAGE][INFO] - Checking response object

06-09-2024T14:40:31 - [MESSAGE][INFO] - shipment

06-09-2024T14:40:31 - [MESSAGE][PASSED] - totalplay.Common.verifyPropertyValueExist is PASSED

06-09-2024T14:40:31 - [TEST_STEP][PASSED] - totalplay.Common.getDecimalValueofObject(FoodOrderReview, shipments_0_adjusted_merchandize_total_tax): totalplay.Common.getDecimalValueofObject is PASSED

06-09-2024T14:40:31 - [MESSAGE][INFO] - Checking response object

06-09-2024T14:40:31 - [MESSAGE][PASSED] - totalplay.Common.getDecimalValueofObject is PASSED

06-09-2024T14:40:31 - [TEST_STEP][PASSED] - totalplay.Common.getDecimalValueofObject(FoodOrderReview, shipments_0_adjusted_shipping_total_tax): totalplay.Common.getDecimalValueofObject is PASSED

06-09-2024T14:40:31 - [MESSAGE][INFO] - Checking response object

06-09-2024T14:40:31 - [MESSAGE][PASSED] - totalplay.Common.getDecimalValueofObject is PASSED

06-09-2024T14:40:31 - [TEST_STEP][PASSED] - totalplay.Common.getBooleanValueofObject(FoodOrderReview, shipments_0_gift): totalplay.Common.getBooleanValueofObject is PASSED

06-09-2024T14:40:31 - [MESSAGE][INFO] - Checking response object

06-09-2024T14:40:31 - [MESSAGE][PASSED] - totalplay.Common.getBooleanValueofObject is PASSED

06-09-2024T14:40:31 - [TEST_STEP][PASSED] - totalplay.Common.getDecimalValueofObject(FoodOrderReview, shipments_0_merchandize_total_tax): totalplay.Common.getDecimalValueofObject is PASSED

06-09-2024T14:40:31 - [MESSAGE][INFO] - Checking response object

06-09-2024T14:40:31 - [MESSAGE][PASSED] - totalplay.Common.getDecimalValueofObject is PASSED

06-09-2024T14:40:31 - [TEST_STEP][PASSED] - totalplay.Common.getDecimalValueofObject(FoodOrderReview, shipments_0_product_sub_total): totalplay.Common.getDecimalValueofObject is PASSED

06-09-2024T14:40:31 - [MESSAGE][INFO] - Checking response object

06-09-2024T14:40:31 - [MESSAGE][PASSED] - totalplay.Common.getDecimalValueofObject is PASSED

06-09-2024T14:40:31 - [TEST_STEP][PASSED] - totalplay.Common.getDecimalValueofObject(FoodOrderReview, shipments_0_product_total): totalplay.Common.getDecimalValueofObject is PASSED

06-09-2024T14:40:31 - [MESSAGE][INFO] - Checking response object

06-09-2024T14:40:31 - [MESSAGE][PASSED] - totalplay.Common.getDecimalValueofObject is PASSED

06-09-2024T14:40:31 - [TEST_STEP][PASSED] - totalplay.Common.verifyPropertyExist(FoodOrderReview, shipments_0_shipment_id): totalplay.Common.verifyPropertyExist is PASSED

06-09-2024T14:40:31 - [MESSAGE][INFO] - Checking response object

06-09-2024T14:40:31 - [MESSAGE][PASSED] - totalplay.Common.verifyPropertyExist is PASSED

06-09-2024T14:40:31 - [TEST_STEP][PASSED] - totalplay.Common.verifyPropertyValueExist(FoodOrderReview, shipments_0_shipment_id): totalplay.Common.verifyPropertyValueExist is PASSED

06-09-2024T14:40:31 - [MESSAGE][INFO] - Checking response object

06-09-2024T14:40:31 - [MESSAGE][INFO] - me

06-09-2024T14:40:31 - [MESSAGE][PASSED] - totalplay.Common.verifyPropertyValueExist is PASSED

06-09-2024T14:40:31 - [TEST_STEP][PASSED] - totalplay.Common.getDecimalValueofObject(FoodOrderReview, shipments_0_shipment_total): totalplay.Common.getDecimalValueofObject is PASSED

06-09-2024T14:40:31 - [MESSAGE][INFO] - Checking response object

06-09-2024T14:40:31 - [MESSAGE][PASSED] - totalplay.Common.getDecimalValueofObject is PASSED

06-09-2024T14:40:31 - [TEST_STEP][PASSED] - totalplay.Common.verifyPropertyExist(FoodOrderReview, shipments_0_shipping_address__type): totalplay.Common.verifyPropertyExist is PASSED

06-09-2024T14:40:31 - [MESSAGE][INFO] - Checking response object

06-09-2024T14:40:31 - [MESSAGE][PASSED] - totalplay.Common.verifyPropertyExist is PASSED

06-09-2024T14:40:31 - [TEST_STEP][PASSED] - totalplay.Common.verifyPropertyValueExist(FoodOrderReview, shipments_0_shipping_address__type): totalplay.Common.verifyPropertyValueExist is PASSED

06-09-2024T14:40:31 - [MESSAGE][INFO] - Checking response object

06-09-2024T14:40:31 - [MESSAGE][INFO] - order_address

06-09-2024T14:40:31 - [MESSAGE][PASSED] - totalplay.Common.verifyPropertyValueExist is PASSED

06-09-2024T14:40:31 - [TEST_STEP][PASSED] - totalplay.Common.verifyPropertyExist(FoodOrderReview, shipments_0_shipping_address_address1): totalplay.Common.verifyPropertyExist is PASSED

06-09-2024T14:40:31 - [MESSAGE][INFO] - Checking response object

06-09-2024T14:40:31 - [MESSAGE][PASSED] - totalplay.Common.verifyPropertyExist is PASSED

06-09-2024T14:40:31 - [TEST_STEP][PASSED] - totalplay.Common.verifyPropertyValueExist(FoodOrderReview, shipments_0_shipping_address_address1): totalplay.Common.verifyPropertyValueExist is PASSED

06-09-2024T14:40:31 - [MESSAGE][INFO] - Checking response object

06-09-2024T14:40:31 - [MESSAGE][INFO] - Alejandro Dumas

06-09-2024T14:40:31 - [MESSAGE][PASSED] - totalplay.Common.verifyPropertyValueExist is PASSED

06-09-2024T14:40:31 - [TEST_STEP][PASSED] - totalplay.Common.verifyPropertyExist(FoodOrderReview, shipments_0_shipping_address_city): totalplay.Common.verifyPropertyExist is PASSED

06-09-2024T14:40:31 - [MESSAGE][INFO] - Checking response object

06-09-2024T14:40:31 - [MESSAGE][PASSED] - totalplay.Common.verifyPropertyExist is PASSED

06-09-2024T14:40:31 - [TEST_STEP][PASSED] - totalplay.Common.verifyPropertyValueExist(FoodOrderReview, shipments_0_shipping_address_city): totalplay.Common.verifyPropertyValueExist is PASSED

06-09-2024T14:40:31 - [MESSAGE][INFO] - Checking response object

06-09-2024T14:40:31 - [MESSAGE][INFO] - Ciudad de Mexico

06-09-2024T14:40:31 - [MESSAGE][PASSED] - totalplay.Common.verifyPropertyValueExist is PASSED

06-09-2024T14:40:31 - [TEST_STEP][PASSED] - totalplay.Common.verifyPropertyExist(FoodOrderReview, shipments_0_shipping_address_country_code): totalplay.Common.verifyPropertyExist is PASSED

06-09-2024T14:40:31 - [MESSAGE][INFO] - Checking response object

06-09-2024T14:40:31 - [MESSAGE][PASSED] - totalplay.Common.verifyPropertyExist is PASSED

06-09-2024T14:40:31 - [TEST_STEP][PASSED] - totalplay.Common.verifyPropertyValueExist(FoodOrderReview, shipments_0_shipping_address_country_code): totalplay.Common.verifyPropertyValueExist is PASSED

06-09-2024T14:40:31 - [MESSAGE][INFO] - Checking response object

06-09-2024T14:40:31 - [MESSAGE][INFO] - MX

06-09-2024T14:40:31 - [MESSAGE][PASSED] - totalplay.Common.verifyPropertyValueExist is PASSED

06-09-2024T14:40:31 - [TEST_STEP][PASSED] - totalplay.Common.verifyPropertyExist(FoodOrderReview, shipments_0_shipping_address_first_name): totalplay.Common.verifyPropertyExist is PASSED

06-09-2024T14:40:31 - [MESSAGE][INFO] - Checking response object

06-09-2024T14:40:31 - [MESSAGE][PASSED] - totalplay.Common.verifyPropertyExist is PASSED

06-09-2024T14:40:31 - [TEST_STEP][PASSED] - totalplay.Common.verifyPropertyValueExist(FoodOrderReview, shipments_0_shipping_address_first_name): totalplay.Common.verifyPropertyValueExist is PASSED

06-09-2024T14:40:31 - [MESSAGE][INFO] - Checking response object

06-09-2024T14:40:31 - [MESSAGE][INFO] - CESAR

06-09-2024T14:40:31 - [MESSAGE][PASSED] - totalplay.Common.verifyPropertyValueExist is PASSED

06-09-2024T14:40:31 - [TEST_STEP][PASSED] - totalplay.Common.verifyPropertyExist(FoodOrderReview, shipments_0_shipping_address_full_name): totalplay.Common.verifyPropertyExist is PASSED

06-09-2024T14:40:31 - [MESSAGE][INFO] - Checking response object

06-09-2024T14:40:32 - [MESSAGE][PASSED] - totalplay.Common.verifyPropertyExist is PASSED

06-09-2024T14:40:32 - [TEST_STEP][PASSED] - totalplay.Common.verifyPropertyValueExist(FoodOrderReview, shipments_0_shipping_address_full_name): totalplay.Common.verifyPropertyValueExist is PASSED

06-09-2024T14:40:32 - [MESSAGE][INFO] - Checking response object

06-09-2024T14:40:32 - [MESSAGE][INFO] - CESAR GERARDO WALDO GONZALEZ

06-09-2024T14:40:32 - [MESSAGE][PASSED] - totalplay.Common.verifyPropertyValueExist is PASSED

06-09-2024T14:40:32 - [TEST_STEP][PASSED] - totalplay.Common.verifyPropertyExist(FoodOrderReview, shipments_0_shipping_address_id): totalplay.Common.verifyPropertyExist is PASSED

06-09-2024T14:40:32 - [MESSAGE][INFO] - Checking response object

06-09-2024T14:40:32 - [MESSAGE][PASSED] - totalplay.Common.verifyPropertyExist is PASSED

06-09-2024T14:40:32 - [TEST_STEP][PASSED] - totalplay.Common.verifyPropertyValueExist(FoodOrderReview, shipments_0_shipping_address_id): totalplay.Common.verifyPropertyValueExist is PASSED

06-09-2024T14:40:32 - [MESSAGE][INFO] - Checking response object

06-09-2024T14:40:32 - [MESSAGE][INFO] - b7ea88753f425d40b3917c316b

06-09-2024T14:40:32 - [MESSAGE][PASSED] - totalplay.Common.verifyPropertyValueExist is PASSED

06-09-2024T14:40:32 - [TEST_STEP][PASSED] - totalplay.Common.verifyPropertyExist(FoodOrderReview, shipments_0_shipping_address_last_name): totalplay.Common.verifyPropertyExist is PASSED

06-09-2024T14:40:32 - [MESSAGE][INFO] - Checking response object

06-09-2024T14:40:32 - [MESSAGE][PASSED] - totalplay.Common.verifyPropertyExist is PASSED

06-09-2024T14:40:32 - [TEST_STEP][PASSED] - totalplay.Common.verifyPropertyValueExist(FoodOrderReview, shipments_0_shipping_address_last_name): totalplay.Common.verifyPropertyValueExist is PASSED

06-09-2024T14:40:32 - [MESSAGE][INFO] - Checking response object

06-09-2024T14:40:32 - [MESSAGE][INFO] - GERARDO WALDO GONZALEZ

06-09-2024T14:40:32 - [MESSAGE][PASSED] - totalplay.Common.verifyPropertyValueExist is PASSED

06-09-2024T14:40:32 - [TEST_STEP][PASSED] - totalplay.Common.verifyPropertyExist(FoodOrderReview, shipments_0_shipping_address_phone): totalplay.Common.verifyPropertyExist is PASSED

06-09-2024T14:40:32 - [MESSAGE][INFO] - Checking response object

06-09-2024T14:40:32 - [MESSAGE][PASSED] - totalplay.Common.verifyPropertyExist is PASSED

06-09-2024T14:40:32 - [TEST_STEP][PASSED] - totalplay.Common.verifyPropertyValueExist(FoodOrderReview, shipments_0_shipping_address_phone): totalplay.Common.verifyPropertyValueExist is PASSED

06-09-2024T14:40:32 - [MESSAGE][INFO] - Checking response object

06-09-2024T14:40:32 - [MESSAGE][INFO] - 5579660270

06-09-2024T14:40:32 - [MESSAGE][PASSED] - totalplay.Common.verifyPropertyValueExist is PASSED

06-09-2024T14:40:32 - [TEST_STEP][PASSED] - totalplay.Common.verifyPropertyExist(FoodOrderReview, shipments_0_shipping_address_postal_code): totalplay.Common.verifyPropertyExist is PASSED

06-09-2024T14:40:32 - [MESSAGE][INFO] - Checking response object

06-09-2024T14:40:32 - [MESSAGE][PASSED] - totalplay.Common.verifyPropertyExist is PASSED

06-09-2024T14:40:32 - [TEST_STEP][PASSED] - totalplay.Common.verifyPropertyValueExist(FoodOrderReview, shipments_0_shipping_address_postal_code): totalplay.Common.verifyPropertyValueExist is PASSED

06-09-2024T14:40:32 - [MESSAGE][INFO] - Checking response object

06-09-2024T14:40:32 - [MESSAGE][INFO] - 11500

06-09-2024T14:40:32 - [MESSAGE][PASSED] - totalplay.Common.verifyPropertyValueExist is PASSED

06-09-2024T14:40:32 - [TEST_STEP][PASSED] - totalplay.Common.verifyPropertyExist(FoodOrderReview, shipments_0_shipping_address_c_alias): totalplay.Common.verifyPropertyExist is PASSED

06-09-2024T14:40:32 - [MESSAGE][INFO] - Checking response object

06-09-2024T14:40:32 - [MESSAGE][PASSED] - totalplay.Common.verifyPropertyExist is PASSED

06-09-2024T14:40:32 - [TEST_STEP][PASSED] - totalplay.Common.verifyPropertyValueExist(FoodOrderReview, shipments_0_shipping_address_c_alias): totalplay.Common.verifyPropertyValueExist is PASSED

06-09-2024T14:40:32 - [MESSAGE][INFO] - Checking response object

06-09-2024T14:40:32 - [MESSAGE][INFO] - CasaWaldoP

06-09-2024T14:40:32 - [MESSAGE][PASSED] - totalplay.Common.verifyPropertyValueExist is PASSED

06-09-2024T14:40:32 - [TEST_STEP][PASSED] - totalplay.Common.verifyPropertyExist(FoodOrderReview, shipments_0_shipping_address_c_delegation): totalplay.Common.verifyPropertyExist is PASSED

06-09-2024T14:40:32 - [MESSAGE][INFO] - Checking response object

06-09-2024T14:40:32 - [MESSAGE][PASSED] - totalplay.Common.verifyPropertyExist is PASSED

06-09-2024T14:40:32 - [TEST_STEP][PASSED] - totalplay.Common.verifyPropertyValueExist(FoodOrderReview, shipments_0_shipping_address_c_delegation): totalplay.Common.verifyPropertyValueExist is PASSED

06-09-2024T14:40:32 - [MESSAGE][INFO] - Checking response object

06-09-2024T14:40:32 - [MESSAGE][INFO] - Miguel Hidalgo

06-09-2024T14:40:32 - [MESSAGE][PASSED] - totalplay.Common.verifyPropertyValueExist is PASSED

06-09-2024T14:40:32 - [TEST_STEP][PASSED] - totalplay.Common.verifyPropertyExist(FoodOrderReview, shipments_0_shipping_address_c_label): totalplay.Common.verifyPropertyExist is PASSED

06-09-2024T14:40:32 - [MESSAGE][INFO] - Checking response object

06-09-2024T14:40:32 - [MESSAGE][PASSED] - totalplay.Common.verifyPropertyExist is PASSED

06-09-2024T14:40:32 - [TEST_STEP][PASSED] - totalplay.Common.verifyPropertyValueExist(FoodOrderReview, shipments_0_shipping_address_c_label): totalplay.Common.verifyPropertyValueExist is PASSED

06-09-2024T14:40:32 - [MESSAGE][INFO] - Checking response object

06-09-2024T14:40:32 - [MESSAGE][INFO] - {"home":true,"company":false,"other":false}

06-09-2024T14:40:32 - [MESSAGE][PASSED] - totalplay.Common.verifyPropertyValueExist is PASSED

06-09-2024T14:40:32 - [TEST_STEP][PASSED] - totalplay.Common.verifyPropertyExist(FoodOrderReview, shipments_0_shipping_address_c_latitude): totalplay.Common.verifyPropertyExist is PASSED

06-09-2024T14:40:32 - [MESSAGE][INFO] - Checking response object

06-09-2024T14:40:32 - [MESSAGE][PASSED] - totalplay.Common.verifyPropertyExist is PASSED

06-09-2024T14:40:32 - [TEST_STEP][PASSED] - totalplay.Common.verifyPropertyValueExist(FoodOrderReview, shipments_0_shipping_address_c_latitude): totalplay.Common.verifyPropertyValueExist is PASSED

06-09-2024T14:40:32 - [MESSAGE][INFO] - Checking response object

06-09-2024T14:40:32 - [MESSAGE][INFO] - 19.439691

06-09-2024T14:40:32 - [MESSAGE][PASSED] - totalplay.Common.verifyPropertyValueExist is PASSED

06-09-2024T14:40:32 - [TEST_STEP][PASSED] - totalplay.Common.verifyPropertyExist(FoodOrderReview, shipments_0_shipping_address_c_longitude): totalplay.Common.verifyPropertyExist is PASSED

06-09-2024T14:40:32 - [MESSAGE][INFO] - Checking response object

06-09-2024T14:40:32 - [MESSAGE][PASSED] - totalplay.Common.verifyPropertyExist is PASSED

06-09-2024T14:40:32 - [TEST_STEP][PASSED] - totalplay.Common.verifyPropertyValueExist(FoodOrderReview, shipments_0_shipping_address_c_longitude): totalplay.Common.verifyPropertyValueExist is PASSED

06-09-2024T14:40:32 - [MESSAGE][INFO] - Checking response object

06-09-2024T14:40:32 - [MESSAGE][INFO] - -99.205670

06-09-2024T14:40:32 - [MESSAGE][PASSED] - totalplay.Common.verifyPropertyValueExist is PASSED

06-09-2024T14:40:32 - [TEST_STEP][PASSED] - totalplay.Common.verifyPropertyExist(FoodOrderReview, shipments_0_shipping_address_c_nExt): totalplay.Common.verifyPropertyExist is PASSED

06-09-2024T14:40:32 - [MESSAGE][INFO] - Checking response object

06-09-2024T14:40:32 - [MESSAGE][PASSED] - totalplay.Common.verifyPropertyExist is PASSED

06-09-2024T14:40:32 - [TEST_STEP][PASSED] - totalplay.Common.verifyPropertyValueExist(FoodOrderReview, shipments_0_shipping_address_c_nExt): totalplay.Common.verifyPropertyValueExist is PASSED

06-09-2024T14:40:32 - [MESSAGE][INFO] - Checking response object

06-09-2024T14:40:32 - [MESSAGE][INFO] - 107

06-09-2024T14:40:32 - [MESSAGE][PASSED] - totalplay.Common.verifyPropertyValueExist is PASSED

06-09-2024T14:40:32 - [TEST_STEP][PASSED] - totalplay.Common.verifyPropertyExist(FoodOrderReview, shipments_0_shipping_address_c_neighborhood): totalplay.Common.verifyPropertyExist is PASSED

06-09-2024T14:40:32 - [MESSAGE][INFO] - Checking response object

06-09-2024T14:40:32 - [MESSAGE][PASSED] - totalplay.Common.verifyPropertyExist is PASSED

06-09-2024T14:40:32 - [TEST_STEP][PASSED] - totalplay.Common.verifyPropertyValueExist(FoodOrderReview, shipments_0_shipping_address_c_neighborhood): totalplay.Common.verifyPropertyValueExist is PASSED

06-09-2024T14:40:32 - [MESSAGE][INFO] - Checking response object

06-09-2024T14:40:32 - [MESSAGE][INFO] - Polanco

06-09-2024T14:40:32 - [MESSAGE][PASSED] - totalplay.Common.verifyPropertyValueExist is PASSED

06-09-2024T14:40:32 - [TEST_STEP][PASSED] - totalplay.Common.verifyPropertyExist(FoodOrderReview, shipments_0_shipping_address_c_references): totalplay.Common.verifyPropertyExist is PASSED

06-09-2024T14:40:32 - [MESSAGE][INFO] - Checking response object

06-09-2024T14:40:32 - [MESSAGE][PASSED] - totalplay.Common.verifyPropertyExist is PASSED

06-09-2024T14:40:32 - [TEST_STEP][PASSED] - totalplay.Common.verifyPropertyValueExist(FoodOrderReview, shipments_0_shipping_address_c_references): totalplay.Common.verifyPropertyValueExist is PASSED

06-09-2024T14:40:32 - [MESSAGE][INFO] - Checking response object

06-09-2024T14:40:32 - [MESSAGE][INFO] - Llamar al llegar

06-09-2024T14:40:32 - [MESSAGE][PASSED] - totalplay.Common.verifyPropertyValueExist is PASSED

06-09-2024T14:40:32 - [TEST_STEP][PASSED] - totalplay.Common.verifyPropertyExist(FoodOrderReview, shipments_0_shipping_address_c_rfc): totalplay.Common.verifyPropertyExist is PASSED

06-09-2024T14:40:32 - [MESSAGE][INFO] - Checking response object

06-09-2024T14:40:32 - [MESSAGE][PASSED] - totalplay.Common.verifyPropertyExist is PASSED

06-09-2024T14:40:32 - [TEST_STEP][PASSED] - totalplay.Common.verifyPropertyValueExist(FoodOrderReview, shipments_0_shipping_address_c_rfc): totalplay.Common.verifyPropertyValueExist is PASSED

06-09-2024T14:40:32 - [MESSAGE][INFO] - Checking response object

06-09-2024T14:40:32 - [MESSAGE][INFO] - XAXA010101111

06-09-2024T14:40:32 - [MESSAGE][PASSED] - totalplay.Common.verifyPropertyValueExist is PASSED

06-09-2024T14:40:32 - [TEST_STEP][PASSED] - totalplay.Common.verifyPropertyExist(FoodOrderReview, shipments_0_shipping_address_c_state): totalplay.Common.verifyPropertyExist is PASSED

06-09-2024T14:40:32 - [MESSAGE][INFO] - Checking response object

06-09-2024T14:40:32 - [MESSAGE][PASSED] - totalplay.Common.verifyPropertyExist is PASSED

06-09-2024T14:40:32 - [TEST_STEP][PASSED] - totalplay.Common.verifyPropertyValueExist(FoodOrderReview, shipments_0_shipping_address_c_state): totalplay.Common.verifyPropertyValueExist is PASSED

06-09-2024T14:40:32 - [MESSAGE][INFO] - Checking response object

06-09-2024T14:40:32 - [MESSAGE][INFO] - CDMX

06-09-2024T14:40:32 - [MESSAGE][PASSED] - totalplay.Common.verifyPropertyValueExist is PASSED

06-09-2024T14:40:32 - [TEST_STEP][PASSED] - totalplay.Common.verifyPropertyExist(FoodOrderReview, shipments_0_shipping_address_c_streetName): totalplay.Common.verifyPropertyExist is PASSED

06-09-2024T14:40:32 - [MESSAGE][INFO] - Checking response object

06-09-2024T14:40:32 - [MESSAGE][PASSED] - totalplay.Common.verifyPropertyExist is PASSED

06-09-2024T14:40:32 - [TEST_STEP][PASSED] - totalplay.Common.verifyPropertyValueExist(FoodOrderReview, shipments_0_shipping_address_c_streetName): totalplay.Common.verifyPropertyValueExist is PASSED

06-09-2024T14:40:32 - [MESSAGE][INFO] - Checking response object

06-09-2024T14:40:32 - [MESSAGE][INFO] - Alejandro Dumas

06-09-2024T14:40:32 - [MESSAGE][PASSED] - totalplay.Common.verifyPropertyValueExist is PASSED

06-09-2024T14:40:32 - [TEST_STEP][PASSED] - totalplay.Common.verifyPropertyExist(FoodOrderReview, shipments_0_shipping_method__type): totalplay.Common.verifyPropertyExist is PASSED

06-09-2024T14:40:32 - [MESSAGE][INFO] - Checking response object

06-09-2024T14:40:32 - [MESSAGE][PASSED] - totalplay.Common.verifyPropertyExist is PASSED

06-09-2024T14:40:32 - [TEST_STEP][PASSED] - totalplay.Common.verifyPropertyValueExist(FoodOrderReview, shipments_0_shipping_method__type): totalplay.Common.verifyPropertyValueExist is PASSED

06-09-2024T14:40:32 - [MESSAGE][INFO] - Checking response object

06-09-2024T14:40:32 - [MESSAGE][INFO] - shipping_method

06-09-2024T14:40:32 - [MESSAGE][PASSED] - totalplay.Common.verifyPropertyValueExist is PASSED

06-09-2024T14:40:32 - [TEST_STEP][PASSED] - totalplay.Common.verifyPropertyExist(FoodOrderReview, shipments_0_shipping_method_description): totalplay.Common.verifyPropertyExist is PASSED

06-09-2024T14:40:32 - [MESSAGE][INFO] - Checking response object

06-09-2024T14:40:32 - [MESSAGE][PASSED] - totalplay.Common.verifyPropertyExist is PASSED

06-09-2024T14:40:32 - [TEST_STEP][PASSED] - totalplay.Common.verifyPropertyValueExist(FoodOrderReview, shipments_0_shipping_method_description): totalplay.Common.verifyPropertyValueExist is PASSED

06-09-2024T14:40:32 - [MESSAGE][INFO] - Checking response object

06-09-2024T14:40:32 - [MESSAGE][INFO] - pickup

06-09-2024T14:40:32 - [MESSAGE][PASSED] - totalplay.Common.verifyPropertyValueExist is PASSED

06-09-2024T14:40:32 - [TEST_STEP][PASSED] - totalplay.Common.verifyPropertyExist(FoodOrderReview, shipments_0_shipping_method_name): totalplay.Common.verifyPropertyExist is PASSED

06-09-2024T14:40:32 - [MESSAGE][INFO] - Checking response object

06-09-2024T14:40:33 - [MESSAGE][PASSED] - totalplay.Common.verifyPropertyExist is PASSED

06-09-2024T14:40:33 - [TEST_STEP][PASSED] - totalplay.Common.verifyPropertyValueExist(FoodOrderReview, shipments_0_shipping_method_name): totalplay.Common.verifyPropertyValueExist is PASSED

06-09-2024T14:40:33 - [MESSAGE][INFO] - Checking response object

06-09-2024T14:40:33 - [MESSAGE][INFO] - pickup

06-09-2024T14:40:33 - [MESSAGE][PASSED] - totalplay.Common.verifyPropertyValueExist is PASSED

06-09-2024T14:40:33 - [TEST_STEP][PASSED] - totalplay.Common.verifyPropertyExist(FoodOrderReview, shipments_0_shipping_method_c_estimatedArrivalTime): totalplay.Common.verifyPropertyExist is PASSED

06-09-2024T14:40:33 - [MESSAGE][INFO] - Checking response object

06-09-2024T14:40:33 - [MESSAGE][PASSED] - totalplay.Common.verifyPropertyExist is PASSED

06-09-2024T14:40:33 - [TEST_STEP][PASSED] - totalplay.Common.verifyPropertyValueExist(FoodOrderReview, shipments_0_shipping_method_c_estimatedArrivalTime): totalplay.Common.verifyPropertyValueExist is PASSED

06-09-2024T14:40:33 - [MESSAGE][INFO] - Checking response object

06-09-2024T14:40:33 - [MESSAGE][INFO] - 60 Mins

06-09-2024T14:40:33 - [MESSAGE][PASSED] - totalplay.Common.verifyPropertyValueExist is PASSED

06-09-2024T14:40:33 - [TEST_STEP][PASSED] - totalplay.Common.getBooleanValueofObject(FoodOrderReview, shipments_0_shipping_method_c_storePickupEnabled): totalplay.Common.getBooleanValueofObject is PASSED

06-09-2024T14:40:33 - [MESSAGE][INFO] - Checking response object

06-09-2024T14:40:33 - [MESSAGE][PASSED] - totalplay.Common.getBooleanValueofObject is PASSED

06-09-2024T14:40:33 - [TEST_STEP][PASSED] - totalplay.Common.verifyPropertyExist(FoodOrderReview, shipments_0_shipping_status): totalplay.Common.verifyPropertyExist is PASSED

06-09-2024T14:40:33 - [MESSAGE][INFO] - Checking response object

06-09-2024T14:40:33 - [MESSAGE][PASSED] - totalplay.Common.verifyPropertyExist is PASSED

06-09-2024T14:40:33 - [TEST_STEP][PASSED] - totalplay.Common.verifyPropertyValueExist(FoodOrderReview, shipments_0_shipping_status): totalplay.Common.verifyPropertyValueExist is PASSED

06-09-2024T14:40:33 - [MESSAGE][INFO] - Checking response object

06-09-2024T14:40:33 - [MESSAGE][INFO] - not_shipped

06-09-2024T14:40:33 - [MESSAGE][PASSED] - totalplay.Common.verifyPropertyValueExist is PASSED

06-09-2024T14:40:33 - [TEST_STEP][PASSED] - totalplay.Common.getDecimalValueofObject(FoodOrderReview, shipments_0_shipping_total): totalplay.Common.getDecimalValueofObject is PASSED

06-09-2024T14:40:33 - [MESSAGE][INFO] - Checking response object

06-09-2024T14:40:33 - [MESSAGE][PASSED] - totalplay.Common.getDecimalValueofObject is PASSED

06-09-2024T14:40:33 - [TEST_STEP][PASSED] - totalplay.Common.getDecimalValueofObject(FoodOrderReview, shipments_0_shipping_total_tax): totalplay.Common.getDecimalValueofObject is PASSED

06-09-2024T14:40:33 - [MESSAGE][INFO] - Checking response object

06-09-2024T14:40:33 - [MESSAGE][PASSED] - totalplay.Common.getDecimalValueofObject is PASSED

06-09-2024T14:40:33 - [TEST_STEP][PASSED] - totalplay.Common.verifyPropertyExist(FoodOrderReview, c_seller_id): totalplay.Common.verifyPropertyExist is PASSED

06-09-2024T14:40:33 - [MESSAGE][INFO] - Checking response object

06-09-2024T14:40:33 - [MESSAGE][PASSED] - totalplay.Common.verifyPropertyExist is PASSED

06-09-2024T14:40:33 - [TEST_STEP][PASSED] - totalplay.Common.verifyPropertyValueExist(FoodOrderReview, c_seller_id): totalplay.Common.verifyPropertyValueExist is PASSED

06-09-2024T14:40:33 - [MESSAGE][INFO] - Checking response object

06-09-2024T14:40:33 - [MESSAGE][INFO] - 4158

06-09-2024T14:40:33 - [MESSAGE][PASSED] - totalplay.Common.verifyPropertyValueExist is PASSED

06-09-2024T14:40:33 - [TEST_STEP][PASSED] - totalplay.Common.getDecimalValueofObject(FoodOrderReview, c_serviceChargeTotalGrossPrice): totalplay.Common.getDecimalValueofObject is PASSED

06-09-2024T14:40:33 - [MESSAGE][INFO] - Checking response object

06-09-2024T14:40:33 - [MESSAGE][PASSED] - totalplay.Common.getDecimalValueofObject is PASSED

06-09-2024T14:40:33 - [TEST_STEP][PASSED] - totalplay.Common.verifyPropertyExist(FoodOrderReview, c_formatedOrderTotal): totalplay.Common.verifyPropertyExist is PASSED

06-09-2024T14:40:33 - [MESSAGE][INFO] - Checking response object

06-09-2024T14:40:33 - [MESSAGE][PASSED] - totalplay.Common.verifyPropertyExist is PASSED

06-09-2024T14:40:33 - [TEST_STEP][PASSED] - totalplay.Common.verifyPropertyValueExist(FoodOrderReview, c_formatedOrderTotal): totalplay.Common.verifyPropertyValueExist is PASSED

06-09-2024T14:40:33 - [MESSAGE][INFO] - Checking response object

06-09-2024T14:40:33 - [MESSAGE][INFO] - $309.36

06-09-2024T14:40:33 - [MESSAGE][PASSED] - totalplay.Common.verifyPropertyValueExist is PASSED

06-09-2024T14:40:33 - [TEST_STEP][PASSED] - totalplay.Common.verifyPropertyExist(FoodOrderReview, c_formatedProductTotal): totalplay.Common.verifyPropertyExist is PASSED

06-09-2024T14:40:33 - [MESSAGE][INFO] - Checking response object

06-09-2024T14:40:33 - [MESSAGE][PASSED] - totalplay.Common.verifyPropertyExist is PASSED

06-09-2024T14:40:33 - [TEST_STEP][PASSED] - totalplay.Common.verifyPropertyValueExist(FoodOrderReview, c_formatedProductTotal): totalplay.Common.verifyPropertyValueExist is PASSED

06-09-2024T14:40:33 - [MESSAGE][INFO] - Checking response object

06-09-2024T14:40:33 - [MESSAGE][INFO] - $256.00

06-09-2024T14:40:33 - [MESSAGE][PASSED] - totalplay.Common.verifyPropertyValueExist is PASSED

06-09-2024T14:40:33 - [TEST_STEP][PASSED] - totalplay.Common.verifyPropertyExist(FoodOrderReview, shipments_0_c_productItems_0__type): totalplay.Common.verifyPropertyExist is PASSED

06-09-2024T14:40:33 - [MESSAGE][INFO] - Checking response object

06-09-2024T14:40:33 - [MESSAGE][PASSED] - totalplay.Common.verifyPropertyExist is PASSED

06-09-2024T14:40:33 - [TEST_STEP][PASSED] - totalplay.Common.verifyPropertyValueExist(FoodOrderReview, shipments_0_c_productItems_0__type): totalplay.Common.verifyPropertyValueExist is PASSED

06-09-2024T14:40:33 - [MESSAGE][INFO] - Checking response object

06-09-2024T14:40:33 - [MESSAGE][INFO] - product_item

06-09-2024T14:40:33 - [MESSAGE][PASSED] - totalplay.Common.verifyPropertyValueExist is PASSED

06-09-2024T14:40:33 - [TEST_STEP][PASSED] - totalplay.Common.getDecimalValueofObject(FoodOrderReview, shipments_0_c_productItems_0_adjusted_tax): totalplay.Common.getDecimalValueofObject is PASSED

06-09-2024T14:40:33 - [MESSAGE][INFO] - Checking response object

06-09-2024T14:40:33 - [MESSAGE][PASSED] - totalplay.Common.getDecimalValueofObject is PASSED

06-09-2024T14:40:33 - [TEST_STEP][PASSED] - totalplay.Common.getDecimalValueofObject(FoodOrderReview, shipments_0_c_productItems_0_base_price): totalplay.Common.getDecimalValueofObject is PASSED

06-09-2024T14:40:33 - [MESSAGE][INFO] - Checking response object

06-09-2024T14:40:33 - [MESSAGE][PASSED] - totalplay.Common.getDecimalValueofObject is PASSED

06-09-2024T14:40:33 - [TEST_STEP][PASSED] - totalplay.Common.getBooleanValueofObject(FoodOrderReview, shipments_0_c_productItems_0_bonus_product_line_item): totalplay.Common.getBooleanValueofObject is PASSED

06-09-2024T14:40:33 - [MESSAGE][INFO] - Checking response object

06-09-2024T14:40:33 - [MESSAGE][PASSED] - totalplay.Common.getBooleanValueofObject is PASSED

06-09-2024T14:40:33 - [TEST_STEP][PASSED] - totalplay.Common.getBooleanValueofObject(FoodOrderReview, shipments_0_c_productItems_0_gift): totalplay.Common.getBooleanValueofObject is PASSED

06-09-2024T14:40:33 - [MESSAGE][INFO] - Checking response object

06-09-2024T14:40:33 - [MESSAGE][PASSED] - totalplay.Common.getBooleanValueofObject is PASSED

06-09-2024T14:40:33 - [TEST_STEP][PASSED] - totalplay.Common.verifyPropertyExist(FoodOrderReview, shipments_0_c_productItems_0_inventory_id): totalplay.Common.verifyPropertyExist is PASSED

06-09-2024T14:40:33 - [MESSAGE][INFO] - Checking response object

06-09-2024T14:40:33 - [MESSAGE][PASSED] - totalplay.Common.verifyPropertyExist is PASSED

06-09-2024T14:40:33 - [TEST_STEP][PASSED] - totalplay.Common.verifyPropertyValueExist(FoodOrderReview, shipments_0_c_productItems_0_inventory_id): totalplay.Common.verifyPropertyValueExist is PASSED

06-09-2024T14:40:33 - [MESSAGE][INFO] - Checking response object

06-09-2024T14:40:33 - [MESSAGE][INFO] - inventory_m_food_mirakl

06-09-2024T14:40:33 - [MESSAGE][PASSED] - totalplay.Common.verifyPropertyValueExist is PASSED

06-09-2024T14:40:33 - [TEST_STEP][PASSED] - totalplay.Common.verifyPropertyExist(FoodOrderReview, shipments_0_c_productItems_0_item_id): totalplay.Common.verifyPropertyExist is PASSED

06-09-2024T14:40:33 - [MESSAGE][INFO] - Checking response object

06-09-2024T14:40:33 - [MESSAGE][PASSED] - totalplay.Common.verifyPropertyExist is PASSED

06-09-2024T14:40:33 - [TEST_STEP][PASSED] - totalplay.Common.verifyPropertyValueExist(FoodOrderReview, shipments_0_c_productItems_0_item_id): totalplay.Common.verifyPropertyValueExist is PASSED

06-09-2024T14:40:33 - [MESSAGE][INFO] - Checking response object

06-09-2024T14:40:33 - [MESSAGE][INFO] - 832a8a5bdc594d24c3b0a22105

06-09-2024T14:40:33 - [MESSAGE][PASSED] - totalplay.Common.verifyPropertyValueExist is PASSED

06-09-2024T14:40:33 - [TEST_STEP][PASSED] - totalplay.Common.verifyPropertyExist(FoodOrderReview, shipments_0_c_productItems_0_item_text): totalplay.Common.verifyPropertyExist is PASSED

06-09-2024T14:40:33 - [MESSAGE][INFO] - Checking response object

06-09-2024T14:40:33 - [MESSAGE][PASSED] - totalplay.Common.verifyPropertyExist is PASSED

06-09-2024T14:40:33 - [TEST_STEP][PASSED] - totalplay.Common.verifyPropertyValueExist(FoodOrderReview, shipments_0_c_productItems_0_item_text): totalplay.Common.verifyPropertyValueExist is PASSED

06-09-2024T14:40:33 - [MESSAGE][INFO] - Checking response object

06-09-2024T14:40:33 - [MESSAGE][INFO] - Orden de Maciza (100 g)

06-09-2024T14:40:33 - [MESSAGE][PASSED] - totalplay.Common.verifyPropertyValueExist is PASSED

06-09-2024T14:40:33 - [TEST_STEP][PASSED] - totalplay.Common.getDecimalValueofObject(FoodOrderReview, shipments_0_c_productItems_0_price): totalplay.Common.getDecimalValueofObject is PASSED

06-09-2024T14:40:33 - [MESSAGE][INFO] - Checking response object

06-09-2024T14:40:33 - [MESSAGE][PASSED] - totalplay.Common.getDecimalValueofObject is PASSED

06-09-2024T14:40:33 - [TEST_STEP][PASSED] - totalplay.Common.getDecimalValueofObject(FoodOrderReview, shipments_0_c_productItems_0_price_after_item_discount): totalplay.Common.getDecimalValueofObject is PASSED

06-09-2024T14:40:33 - [MESSAGE][INFO] - Checking response object

06-09-2024T14:40:33 - [MESSAGE][PASSED] - totalplay.Common.getDecimalValueofObject is PASSED

06-09-2024T14:40:33 - [TEST_STEP][PASSED] - totalplay.Common.getDecimalValueofObject(FoodOrderReview, shipments_0_c_productItems_0_price_after_order_discount): totalplay.Common.getDecimalValueofObject is PASSED

06-09-2024T14:40:33 - [MESSAGE][INFO] - Checking response object

06-09-2024T14:40:33 - [MESSAGE][PASSED] - totalplay.Common.getDecimalValueofObject is PASSED

06-09-2024T14:40:33 - [TEST_STEP][PASSED] - totalplay.Common.verifyPropertyExist(FoodOrderReview, shipments_0_c_productItems_0_product_id): totalplay.Common.verifyPropertyExist is PASSED

06-09-2024T14:40:33 - [MESSAGE][INFO] - Checking response object

06-09-2024T14:40:34 - [MESSAGE][PASSED] - totalplay.Common.verifyPropertyExist is PASSED

06-09-2024T14:40:34 - [TEST_STEP][PASSED] - totalplay.Common.verifyPropertyValueExist(FoodOrderReview, shipments_0_c_productItems_0_product_id): totalplay.Common.verifyPropertyValueExist is PASSED

06-09-2024T14:40:34 - [MESSAGE][INFO] - Checking response object

06-09-2024T14:40:34 - [MESSAGE][INFO] - C828554986

06-09-2024T14:40:34 - [MESSAGE][PASSED] - totalplay.Common.verifyPropertyValueExist is PASSED

06-09-2024T14:40:34 - [TEST_STEP][PASSED] - totalplay.Common.verifyPropertyExist(FoodOrderReview, shipments_0_c_productItems_0_product_name): totalplay.Common.verifyPropertyExist is PASSED

06-09-2024T14:40:34 - [MESSAGE][INFO] - Checking response object

06-09-2024T14:40:34 - [MESSAGE][PASSED] - totalplay.Common.verifyPropertyExist is PASSED

06-09-2024T14:40:34 - [TEST_STEP][PASSED] - totalplay.Common.verifyPropertyValueExist(FoodOrderReview, shipments_0_c_productItems_0_product_name): totalplay.Common.verifyPropertyValueExist is PASSED

06-09-2024T14:40:34 - [MESSAGE][INFO] - Checking response object

06-09-2024T14:40:34 - [MESSAGE][INFO] - Orden de Maciza (100 g)

06-09-2024T14:40:34 - [MESSAGE][PASSED] - totalplay.Common.verifyPropertyValueExist is PASSED

06-09-2024T14:40:34 - [TEST_STEP][PASSED] - totalplay.Common.getNumValueofObject(FoodOrderReview, shipments_0_c_productItems_0_quantity): totalplay.Common.getNumValueofObject is PASSED

06-09-2024T14:40:34 - [MESSAGE][INFO] - Checking response object

06-09-2024T14:40:34 - [MESSAGE][PASSED] - totalplay.Common.getNumValueofObject is PASSED

06-09-2024T14:40:34 - [TEST_STEP][PASSED] - totalplay.Common.verifyPropertyExist(FoodOrderReview, shipments_0_c_productItems_0_shipment_id): totalplay.Common.verifyPropertyExist is PASSED

06-09-2024T14:40:34 - [MESSAGE][INFO] - Checking response object

06-09-2024T14:40:34 - [MESSAGE][PASSED] - totalplay.Common.verifyPropertyExist is PASSED

06-09-2024T14:40:34 - [TEST_STEP][PASSED] - totalplay.Common.verifyPropertyValueExist(FoodOrderReview, shipments_0_c_productItems_0_shipment_id): totalplay.Common.verifyPropertyValueExist is PASSED

06-09-2024T14:40:34 - [MESSAGE][INFO] - Checking response object

06-09-2024T14:40:34 - [MESSAGE][INFO] - me

06-09-2024T14:40:34 - [MESSAGE][PASSED] - totalplay.Common.verifyPropertyValueExist is PASSED

06-09-2024T14:40:34 - [TEST_STEP][PASSED] - totalplay.Common.getDecimalValueofObject(FoodOrderReview, shipments_0_c_productItems_0_tax): totalplay.Common.getDecimalValueofObject is PASSED

06-09-2024T14:40:34 - [MESSAGE][INFO] - Checking response object

06-09-2024T14:40:34 - [MESSAGE][PASSED] - totalplay.Common.getDecimalValueofObject is PASSED

06-09-2024T14:40:34 - [TEST_STEP][PASSED] - totalplay.Common.getDecimalValueofObject(FoodOrderReview, shipments_0_c_productItems_0_tax_basis): totalplay.Common.getDecimalValueofObject is PASSED

06-09-2024T14:40:34 - [MESSAGE][INFO] - Checking response object

06-09-2024T14:40:34 - [MESSAGE][PASSED] - totalplay.Common.getDecimalValueofObject is PASSED

06-09-2024T14:40:34 - [TEST_STEP][PASSED] - totalplay.Common.verifyPropertyExist(FoodOrderReview, shipments_0_c_productItems_0_tax_class_id): totalplay.Common.verifyPropertyExist is PASSED

06-09-2024T14:40:34 - [MESSAGE][INFO] - Checking response object

06-09-2024T14:40:34 - [MESSAGE][PASSED] - totalplay.Common.verifyPropertyExist is PASSED

06-09-2024T14:40:34 - [TEST_STEP][PASSED] - totalplay.Common.verifyPropertyValueExist(FoodOrderReview, shipments_0_c_productItems_0_tax_class_id): totalplay.Common.verifyPropertyValueExist is PASSED

06-09-2024T14:40:34 - [MESSAGE][INFO] - Checking response object

06-09-2024T14:40:34 - [MESSAGE][INFO] - product_zero_tax

06-09-2024T14:40:34 - [MESSAGE][PASSED] - totalplay.Common.verifyPropertyValueExist is PASSED

06-09-2024T14:40:34 - [TEST_STEP][PASSED] - totalplay.Common.getDecimalValueofObject(FoodOrderReview, shipments_0_c_productItems_0_tax_rate): totalplay.Common.getDecimalValueofObject is PASSED

06-09-2024T14:40:34 - [MESSAGE][INFO] - Checking response object

06-09-2024T14:40:34 - [MESSAGE][PASSED] - totalplay.Common.getDecimalValueofObject is PASSED

06-09-2024T14:40:34 - [TEST_STEP][PASSED] - totalplay.Common.verifyPropertyExist(FoodOrderReview, shipments_0_c_productItems_0_c_fromStoreId): totalplay.Common.verifyPropertyExist is PASSED

06-09-2024T14:40:34 - [MESSAGE][INFO] - Checking response object

06-09-2024T14:40:34 - [MESSAGE][PASSED] - totalplay.Common.verifyPropertyExist is PASSED

06-09-2024T14:40:34 - [TEST_STEP][PASSED] - totalplay.Common.verifyPropertyValueExist(FoodOrderReview, shipments_0_c_productItems_0_c_fromStoreId): totalplay.Common.verifyPropertyValueExist is PASSED

06-09-2024T14:40:34 - [MESSAGE][INFO] - Checking response object

06-09-2024T14:40:34 - [MESSAGE][INFO] - 4158

06-09-2024T14:40:34 - [MESSAGE][PASSED] - totalplay.Common.verifyPropertyValueExist is PASSED

06-09-2024T14:40:34 - [TEST_STEP][PASSED] - totalplay.Common.getBooleanValueofObject(FoodOrderReview, shipments_0_c_productItems_0_c_isOnDemandStoreItem): totalplay.Common.getBooleanValueofObject is PASSED

06-09-2024T14:40:34 - [MESSAGE][INFO] - Checking response object

06-09-2024T14:40:34 - [MESSAGE][PASSED] - totalplay.Common.getBooleanValueofObject is PASSED

06-09-2024T14:40:34 - [TEST_STEP][PASSED] - totalplay.Common.verifyPropertyExist(FoodOrderReview, shipments_0_c_productItems_0_c_miraklChannels): totalplay.Common.verifyPropertyExist is PASSED

06-09-2024T14:40:34 - [MESSAGE][INFO] - Checking response object

06-09-2024T14:40:34 - [MESSAGE][PASSED] - totalplay.Common.verifyPropertyExist is PASSED

06-09-2024T14:40:34 - [TEST_STEP][PASSED] - totalplay.Common.verifyPropertyValueExist(FoodOrderReview, shipments_0_c_productItems_0_c_miraklChannels): totalplay.Common.verifyPropertyValueExist is PASSED

06-09-2024T14:40:34 - [MESSAGE][INFO] - Checking response object

06-09-2024T14:40:34 - [MESSAGE][INFO] - ["INIT"]

06-09-2024T14:40:34 - [MESSAGE][PASSED] - totalplay.Common.verifyPropertyValueExist is PASSED

06-09-2024T14:40:34 - [TEST_STEP][PASSED] - totalplay.Common.getDecimalValueofObject(FoodOrderReview, shipments_0_c_productItems_0_c_miraklEarliestDeliveryDays): totalplay.Common.getDecimalValueofObject is PASSED

06-09-2024T14:40:34 - [MESSAGE][INFO] - Checking response object

06-09-2024T14:40:34 - [MESSAGE][PASSED] - totalplay.Common.getDecimalValueofObject is PASSED

06-09-2024T14:40:34 - [TEST_STEP][PASSED] - totalplay.Common.getDecimalValueofObject(FoodOrderReview, shipments_0_c_productItems_0_c_miraklLatestDeliveryDays): totalplay.Common.getDecimalValueofObject is PASSED

06-09-2024T14:40:34 - [MESSAGE][INFO] - Checking response object

06-09-2024T14:40:34 - [MESSAGE][PASSED] - totalplay.Common.getDecimalValueofObject is PASSED

06-09-2024T14:40:34 - [TEST_STEP][PASSED] - totalplay.Common.verifyPropertyExist(FoodOrderReview, shipments_0_c_productItems_0_c_miraklLeadTimeToShip): totalplay.Common.verifyPropertyExist is PASSED

06-09-2024T14:40:34 - [MESSAGE][INFO] - Checking response object

06-09-2024T14:40:34 - [MESSAGE][PASSED] - totalplay.Common.verifyPropertyExist is PASSED

06-09-2024T14:40:34 - [TEST_STEP][PASSED] - totalplay.Common.verifyPropertyValueExist(FoodOrderReview, shipments_0_c_productItems_0_c_miraklLeadTimeToShip): totalplay.Common.verifyPropertyValueExist is PASSED

06-09-2024T14:40:34 - [MESSAGE][INFO] - Checking response object

06-09-2024T14:40:34 - [MESSAGE][INFO] - 2

06-09-2024T14:40:34 - [MESSAGE][PASSED] - totalplay.Common.verifyPropertyValueExist is PASSED

06-09-2024T14:40:34 - [TEST_STEP][PASSED] - totalplay.Common.verifyPropertyExist(FoodOrderReview, shipments_0_c_productItems_0_c_miraklLineShippingPrice): totalplay.Common.verifyPropertyExist is PASSED

06-09-2024T14:40:34 - [MESSAGE][INFO] - Checking response object

06-09-2024T14:40:34 - [MESSAGE][PASSED] - totalplay.Common.verifyPropertyExist is PASSED

06-09-2024T14:40:34 - [TEST_STEP][PASSED] - totalplay.Common.verifyPropertyValueExist(FoodOrderReview, shipments_0_c_productItems_0_c_miraklLineShippingPrice): totalplay.Common.verifyPropertyValueExist is PASSED

06-09-2024T14:40:34 - [MESSAGE][INFO] - Checking response object

06-09-2024T14:40:34 - [MESSAGE][INFO] - 0

06-09-2024T14:40:34 - [MESSAGE][PASSED] - totalplay.Common.verifyPropertyValueExist is PASSED

06-09-2024T14:40:34 - [TEST_STEP][PASSED] - totalplay.Common.verifyPropertyExist(FoodOrderReview, shipments_0_c_productItems_0_c_miraklOperatorProductId): totalplay.Common.verifyPropertyExist is PASSED

06-09-2024T14:40:34 - [MESSAGE][INFO] - Checking response object

06-09-2024T14:40:34 - [MESSAGE][PASSED] - totalplay.Common.verifyPropertyExist is PASSED

06-09-2024T14:40:34 - [TEST_STEP][PASSED] - totalplay.Common.verifyPropertyValueExist(FoodOrderReview, shipments_0_c_productItems_0_c_miraklOperatorProductId): totalplay.Common.verifyPropertyValueExist is PASSED

06-09-2024T14:40:34 - [MESSAGE][INFO] - Checking response object

06-09-2024T14:40:34 - [MESSAGE][INFO] - C828554986

06-09-2024T14:40:34 - [MESSAGE][PASSED] - totalplay.Common.verifyPropertyValueExist is PASSED

06-09-2024T14:40:34 - [TEST_STEP][PASSED] - totalplay.Common.getNumValueofObject(FoodOrderReview, shipments_0_c_productItems_0_c_noOfPersons): totalplay.Common.getNumValueofObject is PASSED

06-09-2024T14:40:34 - [MESSAGE][INFO] - Checking response object

06-09-2024T14:40:34 - [MESSAGE][PASSED] - totalplay.Common.getNumValueofObject is PASSED

06-09-2024T14:40:34 - [TEST_STEP][PASSED] - totalplay.Common.verifyPropertyExist(FoodOrderReview, shipments_0_c_productItems_0_c_offerId): totalplay.Common.verifyPropertyExist is PASSED

06-09-2024T14:40:34 - [MESSAGE][INFO] - Checking response object

06-09-2024T14:40:34 - [MESSAGE][PASSED] - totalplay.Common.verifyPropertyExist is PASSED

06-09-2024T14:40:34 - [TEST_STEP][PASSED] - totalplay.Common.verifyPropertyValueExist(FoodOrderReview, shipments_0_c_productItems_0_c_offerId): totalplay.Common.verifyPropertyValueExist is PASSED

06-09-2024T14:40:34 - [MESSAGE][INFO] - Checking response object

06-09-2024T14:40:34 - [MESSAGE][INFO] - 541185

06-09-2024T14:40:34 - [MESSAGE][PASSED] - totalplay.Common.verifyPropertyValueExist is PASSED

06-09-2024T14:40:34 - [TEST_STEP][PASSED] - totalplay.Common.getDecimalValueofObject(FoodOrderReview, shipments_0_c_productItems_0_c_offerSalesPrice): totalplay.Common.getDecimalValueofObject is PASSED

06-09-2024T14:40:34 - [MESSAGE][INFO] - Checking response object

06-09-2024T14:40:34 - [MESSAGE][PASSED] - totalplay.Common.getDecimalValueofObject is PASSED

06-09-2024T14:40:34 - [TEST_STEP][PASSED] - totalplay.Common.verifyPropertyExist(FoodOrderReview, shipments_0_c_productItems_0_c_offerState): totalplay.Common.verifyPropertyExist is PASSED

06-09-2024T14:40:34 - [MESSAGE][INFO] - Checking response object

06-09-2024T14:40:34 - [MESSAGE][PASSED] - totalplay.Common.verifyPropertyExist is PASSED

06-09-2024T14:40:34 - [TEST_STEP][PASSED] - totalplay.Common.verifyPropertyValueExist(FoodOrderReview, shipments_0_c_productItems_0_c_offerState): totalplay.Common.verifyPropertyValueExist is PASSED

06-09-2024T14:40:34 - [MESSAGE][INFO] - Checking response object

06-09-2024T14:40:34 - [MESSAGE][INFO] - Nuevo

06-09-2024T14:40:34 - [MESSAGE][PASSED] - totalplay.Common.verifyPropertyValueExist is PASSED

06-09-2024T14:40:34 - [TEST_STEP][PASSED] - totalplay.Common.verifyPropertyExist(FoodOrderReview, shipments_0_c_productItems_0_c_offerStateCode): totalplay.Common.verifyPropertyExist is PASSED

06-09-2024T14:40:34 - [MESSAGE][INFO] - Checking response object

06-09-2024T14:40:35 - [MESSAGE][PASSED] - totalplay.Common.verifyPropertyExist is PASSED

06-09-2024T14:40:35 - [TEST_STEP][PASSED] - totalplay.Common.verifyPropertyValueExist(FoodOrderReview, shipments_0_c_productItems_0_c_offerStateCode): totalplay.Common.verifyPropertyValueExist is PASSED

06-09-2024T14:40:35 - [MESSAGE][INFO] - Checking response object

06-09-2024T14:40:35 - [MESSAGE][INFO] - 11

06-09-2024T14:40:35 - [MESSAGE][PASSED] - totalplay.Common.verifyPropertyValueExist is PASSED

06-09-2024T14:40:35 - [TEST_STEP][PASSED] - totalplay.Common.verifyPropertyExist(FoodOrderReview, shipments_0_c_productItems_0_c_shopId): totalplay.Common.verifyPropertyExist is PASSED

06-09-2024T14:40:35 - [MESSAGE][INFO] - Checking response object

06-09-2024T14:40:35 - [MESSAGE][PASSED] - totalplay.Common.verifyPropertyExist is PASSED

06-09-2024T14:40:35 - [TEST_STEP][PASSED] - totalplay.Common.verifyPropertyValueExist(FoodOrderReview, shipments_0_c_productItems_0_c_shopId): totalplay.Common.verifyPropertyValueExist is PASSED

06-09-2024T14:40:35 - [MESSAGE][INFO] - Checking response object

06-09-2024T14:40:35 - [MESSAGE][INFO] - 4158

06-09-2024T14:40:35 - [MESSAGE][PASSED] - totalplay.Common.verifyPropertyValueExist is PASSED

06-09-2024T14:40:35 - [TEST_STEP][PASSED] - totalplay.Common.verifyPropertyExist(FoodOrderReview, shipments_0_c_productItems_0_c_shopName): totalplay.Common.verifyPropertyExist is PASSED

06-09-2024T14:40:35 - [MESSAGE][INFO] - Checking response object

06-09-2024T14:40:35 - [MESSAGE][PASSED] - totalplay.Common.verifyPropertyExist is PASSED

06-09-2024T14:40:35 - [TEST_STEP][PASSED] - totalplay.Common.verifyPropertyValueExist(FoodOrderReview, shipments_0_c_productItems_0_c_shopName): totalplay.Common.verifyPropertyValueExist is PASSED

06-09-2024T14:40:35 - [MESSAGE][INFO] - Checking response object

06-09-2024T14:40:35 - [MESSAGE][INFO] - La Casa De Toño Polanco

06-09-2024T14:40:35 - [MESSAGE][PASSED] - totalplay.Common.verifyPropertyValueExist is PASSED

06-09-2024T14:40:35 - [TEST_STEP][PASSED] - totalplay.Common.getDecimalValueofObject(FoodOrderReview, shipments_0_c_productItems_0_c_total_crossed_price): totalplay.Common.getDecimalValueofObject is PASSED

06-09-2024T14:40:35 - [MESSAGE][INFO] - Checking response object

06-09-2024T14:40:35 - [MESSAGE][PASSED] - totalplay.Common.getDecimalValueofObject is PASSED

06-09-2024T14:40:35 - [TEST_STEP][PASSED] - totalplay.Common.getDecimalValueofObject(FoodOrderReview, shipments_0_c_productItems_0_c_priceWithComplement): totalplay.Common.getDecimalValueofObject is PASSED

06-09-2024T14:40:35 - [MESSAGE][INFO] - Checking response object

06-09-2024T14:40:35 - [MESSAGE][PASSED] - totalplay.Common.getDecimalValueofObject is PASSED

06-09-2024T14:40:35 - [TEST_STEP][PASSED] - totalplay.Common.verifyPropertyExist(FoodOrderReview, shipments_0_c_productItems_0_c_imagesData_large_0_alt): totalplay.Common.verifyPropertyExist is PASSED

06-09-2024T14:40:35 - [MESSAGE][INFO] - Checking response object

06-09-2024T14:40:35 - [MESSAGE][PASSED] - totalplay.Common.verifyPropertyExist is PASSED

06-09-2024T14:40:35 - [TEST_STEP][PASSED] - totalplay.Common.verifyPropertyValueExist(FoodOrderReview, shipments_0_c_productItems_0_c_imagesData_large_0_alt): totalplay.Common.verifyPropertyValueExist is PASSED

06-09-2024T14:40:35 - [MESSAGE][INFO] - Checking response object

06-09-2024T14:40:35 - [MESSAGE][INFO] - Orden de Maciza (100 g)

06-09-2024T14:40:35 - [MESSAGE][PASSED] - totalplay.Common.verifyPropertyValueExist is PASSED

06-09-2024T14:40:35 - [TEST_STEP][PASSED] - totalplay.Common.verifyPropertyValueEmptyString(FoodOrderReview, shipments_0_c_productItems_0_c_imagesData_large_0_url): totalplay.Common.verifyPropertyValueEmptyString is PASSED

06-09-2024T14:40:35 - [MESSAGE][INFO] - Checking response object

06-09-2024T14:40:35 - [MESSAGE][INFO] - 

06-09-2024T14:40:35 - [MESSAGE][PASSED] - totalplay.Common.verifyPropertyValueEmptyString is PASSED

06-09-2024T14:40:35 - [TEST_STEP][PASSED] - totalplay.Common.verifyPropertyExist(FoodOrderReview, shipments_0_c_productItems_0_c_imagesData_large_0_title): totalplay.Common.verifyPropertyExist is PASSED

06-09-2024T14:40:35 - [MESSAGE][INFO] - Checking response object

06-09-2024T14:40:35 - [MESSAGE][PASSED] - totalplay.Common.verifyPropertyExist is PASSED

06-09-2024T14:40:35 - [TEST_STEP][PASSED] - totalplay.Common.verifyPropertyValueExist(FoodOrderReview, shipments_0_c_productItems_0_c_imagesData_large_0_title): totalplay.Common.verifyPropertyValueExist is PASSED

06-09-2024T14:40:35 - [MESSAGE][INFO] - Checking response object

06-09-2024T14:40:35 - [MESSAGE][INFO] - Orden de Maciza (100 g)

06-09-2024T14:40:35 - [MESSAGE][PASSED] - totalplay.Common.verifyPropertyValueExist is PASSED

06-09-2024T14:40:35 - [TEST_STEP][PASSED] - totalplay.Common.verifyPropertyExist(FoodOrderReview, shipments_0_c_productItems_0_c_description): totalplay.Common.verifyPropertyExist is PASSED

06-09-2024T14:40:35 - [MESSAGE][INFO] - Checking response object

06-09-2024T14:40:35 - [MESSAGE][PASSED] - totalplay.Common.verifyPropertyExist is PASSED

06-09-2024T14:40:35 - [TEST_STEP][PASSED] - totalplay.Common.verifyPropertyValueExist(FoodOrderReview, shipments_0_c_productItems_0_c_description): totalplay.Common.verifyPropertyValueExist is PASSED

06-09-2024T14:40:35 - [MESSAGE][INFO] - Checking response object

06-09-2024T14:40:35 - [MESSAGE][INFO] - 100 g

06-09-2024T14:40:35 - [MESSAGE][PASSED] - totalplay.Common.verifyPropertyValueExist is PASSED

06-09-2024T14:40:35 - [TEST_STEP][PASSED] - totalplay.Common.verifyPropertyExist(FoodOrderReview, shipments_0_c_productItems_0_c_availableQty): totalplay.Common.verifyPropertyExist is PASSED

06-09-2024T14:40:35 - [MESSAGE][INFO] - Checking response object

06-09-2024T14:40:35 - [MESSAGE][PASSED] - totalplay.Common.verifyPropertyExist is PASSED

06-09-2024T14:40:35 - [TEST_STEP][PASSED] - totalplay.Common.verifyPropertyValueExist(FoodOrderReview, shipments_0_c_productItems_0_c_availableQty): totalplay.Common.verifyPropertyValueExist is PASSED

06-09-2024T14:40:35 - [MESSAGE][INFO] - Checking response object

06-09-2024T14:40:35 - [MESSAGE][INFO] - 30

06-09-2024T14:40:35 - [MESSAGE][PASSED] - totalplay.Common.verifyPropertyValueExist is PASSED

06-09-2024T14:40:35 - [TEST_STEP][PASSED] - totalplay.Common.verifyPropertyExist(FoodOrderReview, shipments_0_c_paymentInstruments_0__type): totalplay.Common.verifyPropertyExist is PASSED

06-09-2024T14:40:35 - [MESSAGE][INFO] - Checking response object

06-09-2024T14:40:35 - [MESSAGE][PASSED] - totalplay.Common.verifyPropertyExist is PASSED

06-09-2024T14:40:35 - [TEST_STEP][PASSED] - totalplay.Common.verifyPropertyValueExist(FoodOrderReview, shipments_0_c_paymentInstruments_0__type): totalplay.Common.verifyPropertyValueExist is PASSED

06-09-2024T14:40:35 - [MESSAGE][INFO] - Checking response object

06-09-2024T14:40:35 - [MESSAGE][INFO] - order_payment_instrument

06-09-2024T14:40:35 - [MESSAGE][PASSED] - totalplay.Common.verifyPropertyValueExist is PASSED

06-09-2024T14:40:35 - [TEST_STEP][PASSED] - totalplay.Common.getDecimalValueofObject(FoodOrderReview, shipments_0_c_paymentInstruments_0_amount): totalplay.Common.getDecimalValueofObject is PASSED

06-09-2024T14:40:35 - [MESSAGE][INFO] - Checking response object

06-09-2024T14:40:35 - [MESSAGE][PASSED] - totalplay.Common.getDecimalValueofObject is PASSED

06-09-2024T14:40:35 - [TEST_STEP][PASSED] - totalplay.Common.verifyPropertyExist(FoodOrderReview, shipments_0_c_paymentInstruments_0_payment_card__type): totalplay.Common.verifyPropertyExist is PASSED

06-09-2024T14:40:35 - [MESSAGE][INFO] - Checking response object

06-09-2024T14:40:35 - [MESSAGE][PASSED] - totalplay.Common.verifyPropertyExist is PASSED

06-09-2024T14:40:35 - [TEST_STEP][PASSED] - totalplay.Common.verifyPropertyValueExist(FoodOrderReview, shipments_0_c_paymentInstruments_0_payment_card__type): totalplay.Common.verifyPropertyValueExist is PASSED

06-09-2024T14:40:35 - [MESSAGE][INFO] - Checking response object

06-09-2024T14:40:35 - [MESSAGE][INFO] - payment_card

06-09-2024T14:40:35 - [MESSAGE][PASSED] - totalplay.Common.verifyPropertyValueExist is PASSED

06-09-2024T14:40:35 - [TEST_STEP][PASSED] - totalplay.Common.verifyPropertyExist(FoodOrderReview, shipments_0_c_paymentInstruments_0_payment_card_card_type): totalplay.Common.verifyPropertyExist is PASSED

06-09-2024T14:40:35 - [MESSAGE][INFO] - Checking response object

06-09-2024T14:40:35 - [MESSAGE][PASSED] - totalplay.Common.verifyPropertyExist is PASSED

06-09-2024T14:40:35 - [TEST_STEP][PASSED] - totalplay.Common.verifyPropertyValueExist(FoodOrderReview, shipments_0_c_paymentInstruments_0_payment_card_card_type): totalplay.Common.verifyPropertyValueExist is PASSED

06-09-2024T14:40:35 - [MESSAGE][INFO] - Checking response object

06-09-2024T14:40:35 - [MESSAGE][INFO] - Visa

06-09-2024T14:40:35 - [MESSAGE][PASSED] - totalplay.Common.verifyPropertyValueExist is PASSED

06-09-2024T14:40:35 - [TEST_STEP][PASSED] - totalplay.Common.getBooleanValueofObject(FoodOrderReview, shipments_0_c_paymentInstruments_0_payment_card_credit_card_expired): totalplay.Common.getBooleanValueofObject is PASSED

06-09-2024T14:40:35 - [MESSAGE][INFO] - Checking response object

06-09-2024T14:40:35 - [MESSAGE][PASSED] - totalplay.Common.getBooleanValueofObject is PASSED

06-09-2024T14:40:35 - [TEST_STEP][PASSED] - totalplay.Common.getNumValueofObject(FoodOrderReview, shipments_0_c_paymentInstruments_0_payment_card_expiration_month): totalplay.Common.getNumValueofObject is PASSED

06-09-2024T14:40:35 - [MESSAGE][INFO] - Checking response object

06-09-2024T14:40:35 - [MESSAGE][PASSED] - totalplay.Common.getNumValueofObject is PASSED

06-09-2024T14:40:35 - [TEST_STEP][PASSED] - totalplay.Common.getNumValueofObject(FoodOrderReview, shipments_0_c_paymentInstruments_0_payment_card_expiration_year): totalplay.Common.getNumValueofObject is PASSED

06-09-2024T14:40:35 - [MESSAGE][INFO] - Checking response object

06-09-2024T14:40:35 - [MESSAGE][PASSED] - totalplay.Common.getNumValueofObject is PASSED

06-09-2024T14:40:35 - [TEST_STEP][PASSED] - totalplay.Common.verifyPropertyExist(FoodOrderReview, shipments_0_c_paymentInstruments_0_payment_card_holder): totalplay.Common.verifyPropertyExist is PASSED

06-09-2024T14:40:35 - [MESSAGE][INFO] - Checking response object

06-09-2024T14:40:35 - [MESSAGE][PASSED] - totalplay.Common.verifyPropertyExist is PASSED

06-09-2024T14:40:35 - [TEST_STEP][PASSED] - totalplay.Common.verifyPropertyValueExist(FoodOrderReview, shipments_0_c_paymentInstruments_0_payment_card_holder): totalplay.Common.verifyPropertyValueExist is PASSED

06-09-2024T14:40:35 - [MESSAGE][INFO] - Checking response object

06-09-2024T14:40:35 - [MESSAGE][INFO] - Test Dev

06-09-2024T14:40:35 - [MESSAGE][PASSED] - totalplay.Common.verifyPropertyValueExist is PASSED

06-09-2024T14:40:35 - [TEST_STEP][PASSED] - totalplay.Common.verifyPropertyExist(FoodOrderReview, shipments_0_c_paymentInstruments_0_payment_instrument_id): totalplay.Common.verifyPropertyExist is PASSED

06-09-2024T14:40:35 - [MESSAGE][INFO] - Checking response object

06-09-2024T14:40:35 - [MESSAGE][PASSED] - totalplay.Common.verifyPropertyExist is PASSED

06-09-2024T14:40:35 - [TEST_STEP][PASSED] - totalplay.Common.verifyPropertyValueExist(FoodOrderReview, shipments_0_c_paymentInstruments_0_payment_instrument_id): totalplay.Common.verifyPropertyValueExist is PASSED

06-09-2024T14:40:35 - [MESSAGE][INFO] - Checking response object

06-09-2024T14:40:35 - [MESSAGE][INFO] - a89fd8fb42567c661b8b8be2a2

06-09-2024T14:40:35 - [MESSAGE][PASSED] - totalplay.Common.verifyPropertyValueExist is PASSED

06-09-2024T14:40:35 - [TEST_STEP][PASSED] - totalplay.Common.verifyPropertyExist(FoodOrderReview, shipments_0_c_paymentInstruments_0_payment_method_id): totalplay.Common.verifyPropertyExist is PASSED

06-09-2024T14:40:35 - [MESSAGE][INFO] - Checking response object

06-09-2024T14:40:35 - [MESSAGE][PASSED] - totalplay.Common.verifyPropertyExist is PASSED

06-09-2024T14:40:35 - [TEST_STEP][PASSED] - totalplay.Common.verifyPropertyValueExist(FoodOrderReview, shipments_0_c_paymentInstruments_0_payment_method_id): totalplay.Common.verifyPropertyValueExist is PASSED

06-09-2024T14:40:35 - [MESSAGE][INFO] - Checking response object

06-09-2024T14:40:35 - [MESSAGE][INFO] - CREDIT_CARD

06-09-2024T14:40:35 - [MESSAGE][PASSED] - totalplay.Common.verifyPropertyValueExist is PASSED

06-09-2024T14:40:35 - [TEST_STEP][PASSED] - totalplay.Common.verifyPropertyExist(FoodOrderReview, shipping_items_0__type): totalplay.Common.verifyPropertyExist is PASSED

06-09-2024T14:40:35 - [MESSAGE][INFO] - Checking response object

06-09-2024T14:40:36 - [MESSAGE][PASSED] - totalplay.Common.verifyPropertyExist is PASSED

06-09-2024T14:40:36 - [TEST_STEP][PASSED] - totalplay.Common.verifyPropertyValueExist(FoodOrderReview, shipping_items_0__type): totalplay.Common.verifyPropertyValueExist is PASSED

06-09-2024T14:40:36 - [MESSAGE][INFO] - Checking response object

06-09-2024T14:40:36 - [MESSAGE][INFO] - shipping_item

06-09-2024T14:40:36 - [MESSAGE][PASSED] - totalplay.Common.verifyPropertyValueExist is PASSED

06-09-2024T14:40:36 - [TEST_STEP][PASSED] - totalplay.Common.getDecimalValueofObject(FoodOrderReview, shipping_items_0_adjusted_tax): totalplay.Common.getDecimalValueofObject is PASSED

06-09-2024T14:40:36 - [MESSAGE][INFO] - Checking response object

06-09-2024T14:40:36 - [MESSAGE][PASSED] - totalplay.Common.getDecimalValueofObject is PASSED

06-09-2024T14:40:36 - [TEST_STEP][PASSED] - totalplay.Common.getDecimalValueofObject(FoodOrderReview, shipping_items_0_base_price): totalplay.Common.getDecimalValueofObject is PASSED

06-09-2024T14:40:36 - [MESSAGE][INFO] - Checking response object

06-09-2024T14:40:36 - [MESSAGE][PASSED] - totalplay.Common.getDecimalValueofObject is PASSED

06-09-2024T14:40:36 - [TEST_STEP][PASSED] - totalplay.Common.verifyPropertyExist(FoodOrderReview, shipping_items_0_item_id): totalplay.Common.verifyPropertyExist is PASSED

06-09-2024T14:40:36 - [MESSAGE][INFO] - Checking response object

06-09-2024T14:40:36 - [MESSAGE][PASSED] - totalplay.Common.verifyPropertyExist is PASSED

06-09-2024T14:40:36 - [TEST_STEP][PASSED] - totalplay.Common.verifyPropertyValueExist(FoodOrderReview, shipping_items_0_item_id): totalplay.Common.verifyPropertyValueExist is PASSED

06-09-2024T14:40:36 - [MESSAGE][INFO] - Checking response object

06-09-2024T14:40:36 - [MESSAGE][INFO] - 60cb796b5ed0f9b9e9282e6127

06-09-2024T14:40:36 - [MESSAGE][PASSED] - totalplay.Common.verifyPropertyValueExist is PASSED

06-09-2024T14:40:36 - [TEST_STEP][PASSED] - totalplay.Common.verifyPropertyExist(FoodOrderReview, shipping_items_0_item_text): totalplay.Common.verifyPropertyExist is PASSED

06-09-2024T14:40:36 - [MESSAGE][INFO] - Checking response object

06-09-2024T14:40:36 - [MESSAGE][PASSED] - totalplay.Common.verifyPropertyExist is PASSED

06-09-2024T14:40:36 - [TEST_STEP][PASSED] - totalplay.Common.verifyPropertyValueExist(FoodOrderReview, shipping_items_0_item_text): totalplay.Common.verifyPropertyValueExist is PASSED

06-09-2024T14:40:36 - [MESSAGE][INFO] - Checking response object

06-09-2024T14:40:36 - [MESSAGE][INFO] - Shipping

06-09-2024T14:40:36 - [MESSAGE][PASSED] - totalplay.Common.verifyPropertyValueExist is PASSED

06-09-2024T14:40:36 - [TEST_STEP][PASSED] - totalplay.Common.getDecimalValueofObject(FoodOrderReview, shipping_items_0_price): totalplay.Common.getDecimalValueofObject is PASSED

06-09-2024T14:40:36 - [MESSAGE][INFO] - Checking response object

06-09-2024T14:40:36 - [MESSAGE][PASSED] - totalplay.Common.getDecimalValueofObject is PASSED

06-09-2024T14:40:36 - [TEST_STEP][PASSED] - totalplay.Common.getDecimalValueofObject(FoodOrderReview, shipping_items_0_price_after_item_discount): totalplay.Common.getDecimalValueofObject is PASSED

06-09-2024T14:40:36 - [MESSAGE][INFO] - Checking response object

06-09-2024T14:40:36 - [MESSAGE][PASSED] - totalplay.Common.getDecimalValueofObject is PASSED

06-09-2024T14:40:36 - [TEST_STEP][PASSED] - totalplay.Common.verifyPropertyExist(FoodOrderReview, shipping_items_0_shipment_id): totalplay.Common.verifyPropertyExist is PASSED

06-09-2024T14:40:36 - [MESSAGE][INFO] - Checking response object

06-09-2024T14:40:36 - [MESSAGE][PASSED] - totalplay.Common.verifyPropertyExist is PASSED

06-09-2024T14:40:36 - [TEST_STEP][PASSED] - totalplay.Common.verifyPropertyValueExist(FoodOrderReview, shipping_items_0_shipment_id): totalplay.Common.verifyPropertyValueExist is PASSED

06-09-2024T14:40:36 - [MESSAGE][INFO] - Checking response object

06-09-2024T14:40:36 - [MESSAGE][INFO] - me

06-09-2024T14:40:36 - [MESSAGE][PASSED] - totalplay.Common.verifyPropertyValueExist is PASSED

06-09-2024T14:40:36 - [TEST_STEP][PASSED] - totalplay.Common.getDecimalValueofObject(FoodOrderReview, shipping_items_0_tax): totalplay.Common.getDecimalValueofObject is PASSED

06-09-2024T14:40:36 - [MESSAGE][INFO] - Checking response object

06-09-2024T14:40:36 - [MESSAGE][PASSED] - totalplay.Common.getDecimalValueofObject is PASSED

06-09-2024T14:40:36 - [TEST_STEP][PASSED] - totalplay.Common.getDecimalValueofObject(FoodOrderReview, shipping_items_0_tax_basis): totalplay.Common.getDecimalValueofObject is PASSED

06-09-2024T14:40:36 - [MESSAGE][INFO] - Checking response object

06-09-2024T14:40:36 - [MESSAGE][PASSED] - totalplay.Common.getDecimalValueofObject is PASSED

06-09-2024T14:40:36 - [TEST_STEP][PASSED] - totalplay.Common.verifyPropertyExist(FoodOrderReview, shipping_items_0_tax_class_id): totalplay.Common.verifyPropertyExist is PASSED

06-09-2024T14:40:36 - [MESSAGE][INFO] - Checking response object

06-09-2024T14:40:36 - [MESSAGE][PASSED] - totalplay.Common.verifyPropertyExist is PASSED

06-09-2024T14:40:36 - [TEST_STEP][PASSED] - totalplay.Common.verifyPropertyValueExist(FoodOrderReview, shipping_items_0_tax_class_id): totalplay.Common.verifyPropertyValueExist is PASSED

06-09-2024T14:40:36 - [MESSAGE][INFO] - Checking response object

06-09-2024T14:40:36 - [MESSAGE][INFO] - new_tax

06-09-2024T14:40:36 - [MESSAGE][PASSED] - totalplay.Common.verifyPropertyValueExist is PASSED

06-09-2024T14:40:36 - [TEST_STEP][PASSED] - totalplay.Common.getDecimalValueofObject(FoodOrderReview, shipping_items_0_tax_rate): totalplay.Common.getDecimalValueofObject is PASSED

06-09-2024T14:40:36 - [MESSAGE][INFO] - Checking response object

06-09-2024T14:40:36 - [MESSAGE][PASSED] - totalplay.Common.getDecimalValueofObject is PASSED

06-09-2024T14:40:36 - [TEST_STEP][PASSED] - totalplay.Common.getDecimalValueofObject(FoodOrderReview, shipping_total): totalplay.Common.getDecimalValueofObject is PASSED

06-09-2024T14:40:36 - [MESSAGE][INFO] - Checking response object

06-09-2024T14:40:36 - [MESSAGE][PASSED] - totalplay.Common.getDecimalValueofObject is PASSED

06-09-2024T14:40:36 - [TEST_STEP][PASSED] - totalplay.Common.getDecimalValueofObject(FoodOrderReview, shipping_total_tax): totalplay.Common.getDecimalValueofObject is PASSED

06-09-2024T14:40:36 - [MESSAGE][INFO] - Checking response object

06-09-2024T14:40:36 - [MESSAGE][PASSED] - totalplay.Common.getDecimalValueofObject is PASSED

06-09-2024T14:40:36 - [TEST_STEP][PASSED] - totalplay.Common.verifyPropertyExist(FoodOrderReview, taxation): totalplay.Common.verifyPropertyExist is PASSED

06-09-2024T14:40:36 - [MESSAGE][INFO] - Checking response object

06-09-2024T14:40:36 - [MESSAGE][PASSED] - totalplay.Common.verifyPropertyExist is PASSED

06-09-2024T14:40:36 - [TEST_STEP][PASSED] - totalplay.Common.verifyPropertyValueExist(FoodOrderReview, taxation): totalplay.Common.verifyPropertyValueExist is PASSED

06-09-2024T14:40:36 - [MESSAGE][INFO] - Checking response object

06-09-2024T14:40:36 - [MESSAGE][INFO] - net

06-09-2024T14:40:36 - [MESSAGE][PASSED] - totalplay.Common.verifyPropertyValueExist is PASSED

06-09-2024T14:40:36 - [TEST_STEP][PASSED] - totalplay.Common.getBooleanValueofObject(FoodOrderReview, tax_rounded_at_group): totalplay.Common.getBooleanValueofObject is PASSED

06-09-2024T14:40:36 - [MESSAGE][INFO] - Checking response object

06-09-2024T14:40:36 - [MESSAGE][PASSED] - totalplay.Common.getBooleanValueofObject is PASSED

06-09-2024T14:40:36 - [TEST_STEP][PASSED] - totalplay.Common.getDecimalValueofObject(FoodOrderReview, tax_total): totalplay.Common.getDecimalValueofObject is PASSED

06-09-2024T14:40:36 - [MESSAGE][INFO] - Checking response object

06-09-2024T14:40:36 - [MESSAGE][PASSED] - totalplay.Common.getDecimalValueofObject is PASSED

06-09-2024T14:40:36 - [TEST_STEP][PASSED] - totalplay.Common.getBooleanValueofObject(FoodOrderReview, temporary_basket): totalplay.Common.getBooleanValueofObject is PASSED

06-09-2024T14:40:36 - [MESSAGE][INFO] - Checking response object

06-09-2024T14:40:36 - [MESSAGE][PASSED] - totalplay.Common.getBooleanValueofObject is PASSED

06-09-2024T14:40:36 - [TEST_STEP][PASSED] - totalplay.Common.verifyPropertyExist(FoodOrderReview, c_currentCorporate): totalplay.Common.verifyPropertyExist is PASSED

06-09-2024T14:40:36 - [MESSAGE][INFO] - Checking response object

06-09-2024T14:40:36 - [MESSAGE][PASSED] - totalplay.Common.verifyPropertyExist is PASSED

06-09-2024T14:40:36 - [TEST_STEP][PASSED] - totalplay.Common.verifyPropertyValueExist(FoodOrderReview, c_currentCorporate): totalplay.Common.verifyPropertyValueExist is PASSED

06-09-2024T14:40:36 - [MESSAGE][INFO] - Checking response object

06-09-2024T14:40:36 - [MESSAGE][INFO] - LaCasaDeToño

06-09-2024T14:40:36 - [MESSAGE][PASSED] - totalplay.Common.verifyPropertyValueExist is PASSED

06-09-2024T14:40:36 - [TEST_STEP][PASSED] - totalplay.Common.getBooleanValueofObject(FoodOrderReview, c_forceDeleteOndemand): totalplay.Common.getBooleanValueofObject is PASSED

06-09-2024T14:40:36 - [MESSAGE][INFO] - Checking response object

06-09-2024T14:40:36 - [MESSAGE][PASSED] - totalplay.Common.getBooleanValueofObject is PASSED

06-09-2024T14:40:36 - [TEST_STEP][PASSED] - totalplay.Common.getBooleanValueofObject(FoodOrderReview, c_isLock): totalplay.Common.getBooleanValueofObject is PASSED

06-09-2024T14:40:36 - [MESSAGE][INFO] - Checking response object

06-09-2024T14:40:36 - [MESSAGE][PASSED] - totalplay.Common.getBooleanValueofObject is PASSED

06-09-2024T14:40:36 - [TEST_STEP][PASSED] - totalplay.Common.getBooleanValueofObject(FoodOrderReview, c_isMiraklOrder): totalplay.Common.getBooleanValueofObject is PASSED

06-09-2024T14:40:36 - [MESSAGE][INFO] - Checking response object

06-09-2024T14:40:36 - [MESSAGE][PASSED] - totalplay.Common.getBooleanValueofObject is PASSED

06-09-2024T14:40:36 - [TEST_STEP][PASSED] - totalplay.Common.verifyPropertyExist(FoodOrderReview, c_lockTime): totalplay.Common.verifyPropertyExist is PASSED

06-09-2024T14:40:36 - [MESSAGE][INFO] - Checking response object

06-09-2024T14:40:36 - [MESSAGE][PASSED] - totalplay.Common.verifyPropertyExist is PASSED

06-09-2024T14:40:36 - [TEST_STEP][PASSED] - totalplay.Common.verifyPropertyValueExist(FoodOrderReview, c_lockTime): totalplay.Common.verifyPropertyValueExist is PASSED

06-09-2024T14:40:36 - [MESSAGE][INFO] - Checking response object

06-09-2024T14:40:36 - [MESSAGE][INFO] - 2024-09-06T09:12:24.872Z

06-09-2024T14:40:36 - [MESSAGE][PASSED] - totalplay.Common.verifyPropertyValueExist is PASSED

06-09-2024T14:40:36 - [TEST_STEP][PASSED] - totalplay.Common.verifyPropertyExist(FoodOrderReview, c_formatedShippingTotalGrossPrice): totalplay.Common.verifyPropertyExist is PASSED

06-09-2024T14:40:36 - [MESSAGE][INFO] - Checking response object

06-09-2024T14:40:36 - [MESSAGE][PASSED] - totalplay.Common.verifyPropertyExist is PASSED

06-09-2024T14:40:36 - [TEST_STEP][PASSED] - totalplay.Common.verifyPropertyValueExist(FoodOrderReview, c_formatedShippingTotalGrossPrice): totalplay.Common.verifyPropertyValueExist is PASSED

06-09-2024T14:40:36 - [MESSAGE][INFO] - Checking response object

06-09-2024T14:40:36 - [MESSAGE][INFO] - $53.36

06-09-2024T14:40:36 - [MESSAGE][PASSED] - totalplay.Common.verifyPropertyValueExist is PASSED

06-09-2024T14:40:36 - [TEST_STEP][PASSED] - totalplay.Common.verifyPropertyExist(FoodOrderReview, c_formatedserviceChargeTotalGrossPrice): totalplay.Common.verifyPropertyExist is PASSED

06-09-2024T14:40:36 - [MESSAGE][INFO] - Checking response object

06-09-2024T14:40:36 - [MESSAGE][PASSED] - totalplay.Common.verifyPropertyExist is PASSED

06-09-2024T14:40:36 - [TEST_STEP][PASSED] - totalplay.Common.verifyPropertyValueExist(FoodOrderReview, c_formatedserviceChargeTotalGrossPrice): totalplay.Common.verifyPropertyValueExist is PASSED

06-09-2024T14:40:36 - [MESSAGE][INFO] - Checking response object

06-09-2024T14:40:37 - [MESSAGE][INFO] - $0.00

06-09-2024T14:40:37 - [MESSAGE][PASSED] - totalplay.Common.verifyPropertyValueExist is PASSED]]></system-out>
         <system-err><![CDATA[]]></system-err>
      </testcase>
      <testcase name="Test Cases/TotalPlay-Food/TC_23_Place Order" time="127.237" classname="Test Cases/TotalPlay-Food/TC_23_Place Order" status="PASSED">
         <system-out><![CDATA[06-09-2024T14:40:37 - [TEST_CASE][PASSED] - Test Cases/TotalPlay-Food/TC_23_Place Order: Test Cases/TotalPlay-Food/TC_23_Place Order

06-09-2024T14:40:39 - [TEST_STEP][PASSED] - callTestCase(findTestCase("TotalPlay-Food/TC_1_Login_Service"), [:], STOP_ON_FAILURE): Call Test Case 'Test Cases/TotalPlay-Food/TC_1_Login_Service' successfully

06-09-2024T14:40:39 - [MESSAGE][INFO] - Checking called Test Case

06-09-2024T14:40:39 - [MESSAGE][INFO] - Starting to call Test Case 'Test Cases/TotalPlay-Food/TC_1_Login_Service'

06-09-2024T14:40:39 - [TEST_CASE][PASSED] - Test Cases/TotalPlay-Food/TC_1_Login_Service: Test Cases/TotalPlay-Food/TC_1_Login_Service

06-09-2024T14:40:40 - [TEST_STEP][PASSED] - LoginResponse = sendRequest(findTestObject("TotalPlay-Food/getTokenDelivery", ["URL":URL])): Send request successfully

06-09-2024T14:40:40 - [MESSAGE][INFO] - Finding Test Object 'Object Repository/TotalPlay-Food/getTokenDelivery'

06-09-2024T14:40:40 - [MESSAGE][INFO] - Checking request object

06-09-2024T14:40:42 - [MESSAGE][INFO] - HAR: C:\Users\ShubhamKumarThakur\OneDrive - Kognivera\Documents\TotalPlay\totalplay-automation\Reports\20240906_143744\Food_Service_Normal_Flow_PlaceOrder\20240906_143744\requests\main\42.har

06-09-2024T14:40:42 - [MESSAGE][PASSED] - Send request successfully

06-09-2024T14:40:42 - [TEST_STEP][PASSED] - assert getResponseStatusCode(LoginResponse) == 200: Checking response object

06-09-2024T14:40:42 - [MESSAGE][INFO] - Checking response object

06-09-2024T14:40:42 - [TEST_STEP][PASSED] - Auth = "ocapiResponse.access_token": null

06-09-2024T14:40:42 - [TEST_STEP][PASSED] - FoodBascketId = "ocapiResponse.c_basketId_TP_FOOD": null

06-09-2024T14:40:42 - [TEST_STEP][PASSED] - FoodBasId = getElementPropertyValue(LoginResponse, FoodBascketId): Checking response object

06-09-2024T14:40:42 - [MESSAGE][INFO] - Checking response object

06-09-2024T14:40:42 - [TEST_STEP][PASSED] - sfccAuthorization = getElementPropertyValue(LoginResponse, Auth): Checking response object

06-09-2024T14:40:42 - [MESSAGE][INFO] - Checking response object

06-09-2024T14:40:42 - [TEST_STEP][PASSED] - Authorization = "Bearer " + sfccAuthorization: null

06-09-2024T14:40:42 - [TEST_STEP][PASSED] - FoodBasketId = FoodBasId: null

06-09-2024T14:40:42 - [TEST_STEP][PASSED] - logInfo(bm_auth_token): 

06-09-2024T14:40:42 - [MESSAGE][INFO] - 

06-09-2024T14:40:42 - [TEST_STEP][PASSED] - if (sfccAuthorization.length() == 0): null

06-09-2024T14:40:42 - [TEST_STEP][PASSED] - else: authorization generated

06-09-2024T14:40:42 - [TEST_STEP][PASSED] - markPassed("authorization generated"): authorization generated

06-09-2024T14:40:42 - [MESSAGE][PASSED] - authorization generated

06-09-2024T14:40:42 - [TEST_STEP][PASSED] - BasketId_loginResponse = "ocapiResponse.c_basketId": null

06-09-2024T14:40:42 - [TEST_STEP][PASSED] - CustomerId_loginResponse = "ocapiResponse.customer_id": null

06-09-2024T14:40:42 - [TEST_STEP][PASSED] - basketId = getElementPropertyValue(LoginResponse, BasketId_loginResponse): Checking response object

06-09-2024T14:40:42 - [MESSAGE][INFO] - Checking response object

06-09-2024T14:40:42 - [TEST_STEP][PASSED] - customerId = getElementPropertyValue(LoginResponse, CustomerId_loginResponse): Checking response object

06-09-2024T14:40:42 - [MESSAGE][INFO] - Checking response object

06-09-2024T14:40:42 - [TEST_STEP][PASSED] - basketID = basketId: null

06-09-2024T14:40:42 - [TEST_STEP][PASSED] - sla_customerId = customerId: null

06-09-2024T14:40:42 - [TEST_STEP][PASSED] - println(basketID): null

06-09-2024T14:40:42 - [TEST_STEP][PASSED] - println(sla_customerId): null

06-09-2024T14:40:42 - [TEST_STEP][PASSED] - refresh_token = "ocapiResponse.refresh_token": null

06-09-2024T14:40:42 - [TEST_STEP][PASSED] - customer_email = "ocapiResponse.customer_email": null

06-09-2024T14:40:42 - [TEST_STEP][PASSED] - c_brmId = "ocapiResponse.c_brmId": null

06-09-2024T14:40:42 - [TEST_STEP][PASSED] - customer_name = "ocapiResponse.customer_name": null

06-09-2024T14:40:42 - [TEST_STEP][PASSED] - totalplay.Common.verifyPropertyExist(LoginResponse, refresh_token): totalplay.Common.verifyPropertyExist is PASSED

06-09-2024T14:40:42 - [MESSAGE][INFO] - Checking response object

06-09-2024T14:40:42 - [MESSAGE][PASSED] - totalplay.Common.verifyPropertyExist is PASSED

06-09-2024T14:40:42 - [TEST_STEP][PASSED] - totalplay.Common.verifyPropertyValueExist(LoginResponse, refresh_token): totalplay.Common.verifyPropertyValueExist is PASSED

06-09-2024T14:40:42 - [MESSAGE][INFO] - Checking response object

06-09-2024T14:40:42 - [MESSAGE][INFO] - 6lY1AzLuzXjOkS92N2ZQewsRfAui7oeL9xMp-2Axdqg

06-09-2024T14:40:42 - [MESSAGE][PASSED] - totalplay.Common.verifyPropertyValueExist is PASSED

06-09-2024T14:40:42 - [TEST_STEP][PASSED] - totalplay.Common.verifyPropertyExist(LoginResponse, customer_email): totalplay.Common.verifyPropertyExist is PASSED

06-09-2024T14:40:42 - [MESSAGE][INFO] - Checking response object

06-09-2024T14:40:43 - [MESSAGE][PASSED] - totalplay.Common.verifyPropertyExist is PASSED

06-09-2024T14:40:43 - [TEST_STEP][PASSED] - totalplay.Common.verifyPropertyValueExist(LoginResponse, customer_email): totalplay.Common.verifyPropertyValueExist is PASSED

06-09-2024T14:40:43 - [MESSAGE][INFO] - Checking response object

06-09-2024T14:40:43 - [MESSAGE][INFO] - cesar.waldo93@gmail.com

06-09-2024T14:40:43 - [MESSAGE][PASSED] - totalplay.Common.verifyPropertyValueExist is PASSED

06-09-2024T14:40:43 - [TEST_STEP][PASSED] - totalplay.Common.verifyPropertyExist(LoginResponse, customer_name): totalplay.Common.verifyPropertyExist is PASSED

06-09-2024T14:40:43 - [MESSAGE][INFO] - Checking response object

06-09-2024T14:40:43 - [MESSAGE][PASSED] - totalplay.Common.verifyPropertyExist is PASSED

06-09-2024T14:40:43 - [TEST_STEP][PASSED] - totalplay.Common.verifyPropertyValueExist(LoginResponse, customer_name): totalplay.Common.verifyPropertyValueExist is PASSED

06-09-2024T14:40:43 - [MESSAGE][INFO] - Checking response object

06-09-2024T14:40:43 - [MESSAGE][INFO] - CESAR GERARDO WALDO GONZALEZ

06-09-2024T14:40:43 - [MESSAGE][PASSED] - totalplay.Common.verifyPropertyValueExist is PASSED

06-09-2024T14:40:43 - [TEST_STEP][PASSED] - totalplay.Common.verifyPropertyExist(LoginResponse, c_brmId): totalplay.Common.verifyPropertyExist is PASSED

06-09-2024T14:40:43 - [MESSAGE][INFO] - Checking response object

06-09-2024T14:40:43 - [MESSAGE][PASSED] - totalplay.Common.verifyPropertyExist is PASSED

06-09-2024T14:40:43 - [TEST_STEP][PASSED] - totalplay.Common.verifyPropertyValueExist(LoginResponse, c_brmId): totalplay.Common.verifyPropertyValueExist is PASSED

06-09-2024T14:40:43 - [MESSAGE][INFO] - Checking response object

06-09-2024T14:40:43 - [MESSAGE][INFO] - 0106378356

06-09-2024T14:40:43 - [MESSAGE][PASSED] - totalplay.Common.verifyPropertyValueExist is PASSED

06-09-2024T14:40:43 - [MESSAGE][PASSED] - Call Test Case 'Test Cases/TotalPlay-Food/TC_1_Login_Service' successfully

06-09-2024T14:40:43 - [TEST_STEP][PASSED] - AddProductbasket = sendRequest(findTestObject("TotalPlay-Food/AddProductToBasket", ["URL":URL, "basketID":basketID])): Send request successfully

06-09-2024T14:40:43 - [MESSAGE][INFO] - Finding Test Object 'Object Repository/TotalPlay-Food/AddProductToBasket'

06-09-2024T14:40:43 - [MESSAGE][INFO] - Checking request object

06-09-2024T14:40:45 - [MESSAGE][INFO] - HAR: C:\Users\ShubhamKumarThakur\OneDrive - Kognivera\Documents\TotalPlay\totalplay-automation\Reports\20240906_143744\Food_Service_Normal_Flow_PlaceOrder\20240906_143744\requests\main\43.har

06-09-2024T14:40:45 - [MESSAGE][PASSED] - Send request successfully

06-09-2024T14:40:45 - [TEST_STEP][PASSED] - verifyResponseStatusCode(AddProductbasket, 200): Verify response status code successfully

06-09-2024T14:40:45 - [MESSAGE][INFO] - Checking response object

06-09-2024T14:40:45 - [MESSAGE][PASSED] - Verify response status code successfully

06-09-2024T14:40:45 - [TEST_STEP][PASSED] - getAddress = sendRequest(findTestObject("TotalPlay-Food/GetAddresses", ["URL":URL, "sla_customerId":sla_customerId, "shop_auth_token":shop_auth_token])): Send request successfully

06-09-2024T14:40:45 - [MESSAGE][INFO] - Finding Test Object 'Object Repository/TotalPlay-Food/GetAddresses'

06-09-2024T14:40:45 - [MESSAGE][INFO] - Checking request object

06-09-2024T14:40:46 - [MESSAGE][INFO] - HAR: C:\Users\ShubhamKumarThakur\OneDrive - Kognivera\Documents\TotalPlay\totalplay-automation\Reports\20240906_143744\Food_Service_Normal_Flow_PlaceOrder\20240906_143744\requests\main\44.har

06-09-2024T14:40:46 - [MESSAGE][PASSED] - Send request successfully

06-09-2024T14:40:46 - [TEST_STEP][PASSED] - verifyResponseStatusCode(getAddress, 200): Verify response status code successfully

06-09-2024T14:40:46 - [MESSAGE][INFO] - Checking response object

06-09-2024T14:40:46 - [MESSAGE][PASSED] - Verify response status code successfully

06-09-2024T14:40:46 - [TEST_STEP][PASSED] - AddAddressToCart = sendRequest(findTestObject("TotalPlay-Food/add address to cart", ["URL":URL, "basketID":basketID])): Send request successfully

06-09-2024T14:40:46 - [MESSAGE][INFO] - Finding Test Object 'Object Repository/TotalPlay-Food/add address to cart'

06-09-2024T14:40:46 - [MESSAGE][INFO] - Checking request object

06-09-2024T14:40:48 - [MESSAGE][INFO] - HAR: C:\Users\ShubhamKumarThakur\OneDrive - Kognivera\Documents\TotalPlay\totalplay-automation\Reports\20240906_143744\Food_Service_Normal_Flow_PlaceOrder\20240906_143744\requests\main\45.har

06-09-2024T14:40:48 - [MESSAGE][PASSED] - Send request successfully

06-09-2024T14:40:48 - [TEST_STEP][PASSED] - verifyResponseStatusCode(AddAddressToCart, 200): Verify response status code successfully

06-09-2024T14:40:48 - [MESSAGE][INFO] - Checking response object

06-09-2024T14:40:48 - [MESSAGE][PASSED] - Verify response status code successfully

06-09-2024T14:40:48 - [TEST_STEP][PASSED] - SetPayment_instruments = sendRequest(findTestObject("TotalPlay-Food/SetPayment_instruments - Credit Card", ["URL":URL, "basketID":basketID, "shop_auth_token":shop_auth_token, "orderTotal":orderTotal])): Send request successfully

06-09-2024T14:40:48 - [MESSAGE][INFO] - Finding Test Object 'Object Repository/TotalPlay-Food/SetPayment_instruments - Credit Card'

06-09-2024T14:40:48 - [MESSAGE][INFO] - Checking request object

06-09-2024T14:40:52 - [MESSAGE][INFO] - HAR: C:\Users\ShubhamKumarThakur\OneDrive - Kognivera\Documents\TotalPlay\totalplay-automation\Reports\20240906_143744\Food_Service_Normal_Flow_PlaceOrder\20240906_143744\requests\main\46.har

06-09-2024T14:40:52 - [MESSAGE][PASSED] - Send request successfully

06-09-2024T14:40:52 - [TEST_STEP][PASSED] - verifyResponseStatusCode(SetPayment_instruments, 200): Verify response status code successfully

06-09-2024T14:40:52 - [MESSAGE][INFO] - Checking response object

06-09-2024T14:40:52 - [MESSAGE][PASSED] - Verify response status code successfully

06-09-2024T14:40:52 - [TEST_STEP][PASSED] - PreAuth = sendRequest(findTestObject("TotalPlay-Food/Pre-Auth", ["URL":URL, "basketID":FoodBasketId])): Send request successfully

06-09-2024T14:40:52 - [MESSAGE][INFO] - Finding Test Object 'Object Repository/TotalPlay-Food/Pre-Auth'

06-09-2024T14:40:53 - [MESSAGE][INFO] - Checking request object

06-09-2024T14:40:56 - [MESSAGE][INFO] - HAR: C:\Users\ShubhamKumarThakur\OneDrive - Kognivera\Documents\TotalPlay\totalplay-automation\Reports\20240906_143744\Food_Service_Normal_Flow_PlaceOrder\20240906_143744\requests\main\47.har

06-09-2024T14:40:56 - [MESSAGE][PASSED] - Send request successfully

06-09-2024T14:40:56 - [TEST_STEP][PASSED] - verifyResponseStatusCode(PreAuth, 200): Verify response status code successfully

06-09-2024T14:40:56 - [MESSAGE][INFO] - Checking response object

06-09-2024T14:40:56 - [MESSAGE][PASSED] - Verify response status code successfully

06-09-2024T14:40:56 - [TEST_STEP][PASSED] - PlaceOrder = sendRequest(findTestObject("TotalPlay-Food/PlaceOrder", ["URL":URL, "shop_auth_token":shop_auth_token, "basketID":FoodBasketId])): Send request successfully

06-09-2024T14:40:56 - [MESSAGE][INFO] - Finding Test Object 'Object Repository/TotalPlay-Food/PlaceOrder'

06-09-2024T14:40:56 - [MESSAGE][INFO] - Checking request object

06-09-2024T14:41:01 - [MESSAGE][INFO] - HAR: C:\Users\ShubhamKumarThakur\OneDrive - Kognivera\Documents\TotalPlay\totalplay-automation\Reports\20240906_143744\Food_Service_Normal_Flow_PlaceOrder\20240906_143744\requests\main\48.har

06-09-2024T14:41:01 - [MESSAGE][PASSED] - Send request successfully

06-09-2024T14:41:01 - [TEST_STEP][PASSED] - totalplay.Common.printResponseinText(PlaceOrder): totalplay.Common.printResponseinText is PASSED

06-09-2024T14:41:01 - [MESSAGE][PASSED] - totalplay.Common.printResponseinText is PASSED

06-09-2024T14:41:01 - [TEST_STEP][PASSED] - verifyResponseStatusCode(PlaceOrder, 200): Verify response status code successfully

06-09-2024T14:41:01 - [MESSAGE][INFO] - Checking response object

06-09-2024T14:41:01 - [MESSAGE][PASSED] - Verify response status code successfully

06-09-2024T14:41:01 - [TEST_STEP][PASSED] - _v = "_v": null

06-09-2024T14:41:01 - [TEST_STEP][PASSED] - _type = "_type": null

06-09-2024T14:41:01 - [TEST_STEP][PASSED] - _resource_state = "_resource_state": null

06-09-2024T14:41:01 - [TEST_STEP][PASSED] - adjusted_merchandize_total_tax = "adjusted_merchandize_total_tax": null

06-09-2024T14:41:01 - [TEST_STEP][PASSED] - adjusted_shipping_total_tax = "adjusted_shipping_total_tax": null

06-09-2024T14:41:01 - [TEST_STEP][PASSED] - billing_address__type = "billing_address._type": null

06-09-2024T14:41:01 - [TEST_STEP][PASSED] - billing_address_address1 = "billing_address.address1": null

06-09-2024T14:41:01 - [TEST_STEP][PASSED] - billing_address_city = "billing_address.city": null

06-09-2024T14:41:01 - [TEST_STEP][PASSED] - billing_address_country_code = "billing_address.country_code": null

06-09-2024T14:41:01 - [TEST_STEP][PASSED] - billing_address_first_name = "billing_address.first_name": null

06-09-2024T14:41:01 - [TEST_STEP][PASSED] - billing_address_full_name = "billing_address.full_name": null

06-09-2024T14:41:01 - [TEST_STEP][PASSED] - billing_address_id = "billing_address.id": null

06-09-2024T14:41:01 - [TEST_STEP][PASSED] - billing_address_last_name = "billing_address.last_name": null

06-09-2024T14:41:01 - [TEST_STEP][PASSED] - billing_address_phone = "billing_address.phone": null

06-09-2024T14:41:01 - [TEST_STEP][PASSED] - billing_address_postal_code = "billing_address.postal_code": null

06-09-2024T14:41:01 - [TEST_STEP][PASSED] - billing_address_c_alias = "billing_address.c_alias": null

06-09-2024T14:41:01 - [TEST_STEP][PASSED] - billing_address_c_delegation = "billing_address.c_delegation": null

06-09-2024T14:41:01 - [TEST_STEP][PASSED] - billing_address_c_label = "billing_address.c_label": null

06-09-2024T14:41:01 - [TEST_STEP][PASSED] - billing_address_c_latitude = "billing_address.c_latitude": null

06-09-2024T14:41:01 - [TEST_STEP][PASSED] - billing_address_c_longitude = "billing_address.c_longitude": null

06-09-2024T14:41:01 - [TEST_STEP][PASSED] - billing_address_c_nExt = "billing_address.c_nExt": null

06-09-2024T14:41:01 - [TEST_STEP][PASSED] - billing_address_c_neighborhood = "billing_address.c_neighborhood": null

06-09-2024T14:41:01 - [TEST_STEP][PASSED] - billing_address_c_references = "billing_address.c_references": null

06-09-2024T14:41:01 - [TEST_STEP][PASSED] - billing_address_c_rfc = "billing_address.c_rfc": null

06-09-2024T14:41:01 - [TEST_STEP][PASSED] - billing_address_c_state = "billing_address.c_state": null

06-09-2024T14:41:01 - [TEST_STEP][PASSED] - billing_address_c_streetName = "billing_address.c_streetName": null

06-09-2024T14:41:01 - [TEST_STEP][PASSED] - channel_type = "channel_type": null

06-09-2024T14:41:01 - [TEST_STEP][PASSED] - confirmation_status = "confirmation_status": null

06-09-2024T14:41:01 - [TEST_STEP][PASSED] - created_by = "created_by": null

06-09-2024T14:41:01 - [TEST_STEP][PASSED] - creation_date = "creation_date": null

06-09-2024T14:41:01 - [TEST_STEP][PASSED] - currency = "currency": null

06-09-2024T14:41:01 - [TEST_STEP][PASSED] - customer_info__type = "customer_info._type": null

06-09-2024T14:41:01 - [TEST_STEP][PASSED] - customer_info_customer_id = "customer_info.customer_id": null

06-09-2024T14:41:01 - [TEST_STEP][PASSED] - customer_info_customer_name = "customer_info.customer_name": null

06-09-2024T14:41:01 - [TEST_STEP][PASSED] - customer_info_customer_no = "customer_info.customer_no": null

06-09-2024T14:41:01 - [TEST_STEP][PASSED] - customer_info_email = "customer_info.email": null

06-09-2024T14:41:01 - [TEST_STEP][PASSED] - customer_name = "customer_name": null

06-09-2024T14:41:01 - [TEST_STEP][PASSED] - export_status = "export_status": null

06-09-2024T14:41:01 - [TEST_STEP][PASSED] - grouped_tax_items_0__type = "grouped_tax_items[0]._type": null

06-09-2024T14:41:01 - [TEST_STEP][PASSED] - grouped_tax_items_0_tax_rate = "grouped_tax_items[0].tax_rate": null

06-09-2024T14:41:01 - [TEST_STEP][PASSED] - grouped_tax_items_0_tax_value = "grouped_tax_items[0].tax_value": null

06-09-2024T14:41:01 - [TEST_STEP][PASSED] - guest = "guest": null

06-09-2024T14:41:01 - [TEST_STEP][PASSED] - last_modified = "last_modified": null

06-09-2024T14:41:01 - [TEST_STEP][PASSED] - merchandize_total_tax = "merchandize_total_tax": null

06-09-2024T14:41:01 - [TEST_STEP][PASSED] - notes__type = "notes._type": null

06-09-2024T14:41:01 - [TEST_STEP][PASSED] - notes_link = "notes.link": null

06-09-2024T14:41:01 - [TEST_STEP][PASSED] - order_no = "order_no": null

06-09-2024T14:41:01 - [TEST_STEP][PASSED] - order_token = "order_token": null

06-09-2024T14:41:01 - [TEST_STEP][PASSED] - order_total = "order_total": null

06-09-2024T14:41:01 - [TEST_STEP][PASSED] - payment_status = "payment_status": null

06-09-2024T14:41:01 - [TEST_STEP][PASSED] - product_sub_total = "product_sub_total": null

06-09-2024T14:41:01 - [TEST_STEP][PASSED] - product_total = "product_total": null

06-09-2024T14:41:01 - [TEST_STEP][PASSED] - shipments_0__type = "shipments[0]._type": null

06-09-2024T14:41:01 - [TEST_STEP][PASSED] - shipments_0_adjusted_merchandize_total_tax = "shipments[0].adjusted_merchandize_total_tax": null

06-09-2024T14:41:01 - [TEST_STEP][PASSED] - shipments_0_adjusted_shipping_total_tax = "shipments[0].adjusted_shipping_total_tax": null

06-09-2024T14:41:01 - [TEST_STEP][PASSED] - shipments_0_gift = "shipments[0].gift": null

06-09-2024T14:41:01 - [TEST_STEP][PASSED] - shipments_0_merchandize_total_tax = "shipments[0].merchandize_total_tax": null

06-09-2024T14:41:01 - [TEST_STEP][PASSED] - shipments_0_product_sub_total = "shipments[0].product_sub_total": null

06-09-2024T14:41:01 - [TEST_STEP][PASSED] - shipments_0_product_total = "shipments[0].product_total": null

06-09-2024T14:41:01 - [TEST_STEP][PASSED] - shipments_0_shipment_id = "shipments[0].shipment_id": null

06-09-2024T14:41:01 - [TEST_STEP][PASSED] - shipments_0_shipment_no = "shipments[0].shipment_no": null

06-09-2024T14:41:01 - [TEST_STEP][PASSED] - shipments_0_shipment_total = "shipments[0].shipment_total": null

06-09-2024T14:41:01 - [TEST_STEP][PASSED] - shipments_0_shipping_address__type = "shipments[0].shipping_address._type": null

06-09-2024T14:41:01 - [TEST_STEP][PASSED] - shipments_0_shipping_address_address1 = "shipments[0].shipping_address.address1": null

06-09-2024T14:41:01 - [TEST_STEP][PASSED] - shipments_0_shipping_address_city = "shipments[0].shipping_address.city": null

06-09-2024T14:41:01 - [TEST_STEP][PASSED] - shipments_0_shipping_address_country_code = "shipments[0].shipping_address.country_code": null

06-09-2024T14:41:01 - [TEST_STEP][PASSED] - shipments_0_shipping_address_first_name = "shipments[0].shipping_address.first_name": null

06-09-2024T14:41:01 - [TEST_STEP][PASSED] - shipments_0_shipping_address_full_name = "shipments[0].shipping_address.full_name": null

06-09-2024T14:41:01 - [TEST_STEP][PASSED] - shipments_0_shipping_address_id = "shipments[0].shipping_address.id": null

06-09-2024T14:41:01 - [TEST_STEP][PASSED] - shipments_0_shipping_address_last_name = "shipments[0].shipping_address.last_name": null

06-09-2024T14:41:01 - [TEST_STEP][PASSED] - shipments_0_shipping_address_phone = "shipments[0].shipping_address.phone": null

06-09-2024T14:41:01 - [TEST_STEP][PASSED] - shipments_0_shipping_address_postal_code = "shipments[0].shipping_address.postal_code": null

06-09-2024T14:41:01 - [TEST_STEP][PASSED] - shipments_0_shipping_address_c_alias = "shipments[0].shipping_address.c_alias": null

06-09-2024T14:41:01 - [TEST_STEP][PASSED] - shipments_0_shipping_address_c_delegation = "shipments[0].shipping_address.c_delegation": null

06-09-2024T14:41:01 - [TEST_STEP][PASSED] - shipments_0_shipping_address_c_label = "shipments[0].shipping_address.c_label": null

06-09-2024T14:41:01 - [TEST_STEP][PASSED] - shipments_0_shipping_address_c_latitude = "shipments[0].shipping_address.c_latitude": null

06-09-2024T14:41:01 - [TEST_STEP][PASSED] - shipments_0_shipping_address_c_longitude = "shipments[0].shipping_address.c_longitude": null

06-09-2024T14:41:01 - [TEST_STEP][PASSED] - shipments_0_shipping_address_c_nExt = "shipments[0].shipping_address.c_nExt": null

06-09-2024T14:41:01 - [TEST_STEP][PASSED] - shipments_0_shipping_address_c_neighborhood = "shipments[0].shipping_address.c_neighborhood": null

06-09-2024T14:41:01 - [TEST_STEP][PASSED] - shipments_0_shipping_address_c_references = "shipments[0].shipping_address.c_references": null

06-09-2024T14:41:01 - [TEST_STEP][PASSED] - shipments_0_shipping_address_c_rfc = "shipments[0].shipping_address.c_rfc": null

06-09-2024T14:41:01 - [TEST_STEP][PASSED] - shipments_0_shipping_address_c_state = "shipments[0].shipping_address.c_state": null

06-09-2024T14:41:01 - [TEST_STEP][PASSED] - shipments_0_shipping_address_c_streetName = "shipments[0].shipping_address.c_streetName": null

06-09-2024T14:41:01 - [TEST_STEP][PASSED] - shipments_0_shipping_address_c_etiqueta_home = "shipments[0].shipping_address.c_etiqueta.home": null

06-09-2024T14:41:01 - [TEST_STEP][PASSED] - shipments_0_shipping_address_c_etiqueta_company = "shipments[0].shipping_address.c_etiqueta.company": null

06-09-2024T14:41:01 - [TEST_STEP][PASSED] - shipments_0_shipping_address_c_etiqueta_other = "shipments[0].shipping_address.c_etiqueta.other": null

06-09-2024T14:41:01 - [TEST_STEP][PASSED] - shipments_0_shipping_method__type = "shipments[0].shipping_method._type": null

06-09-2024T14:41:01 - [TEST_STEP][PASSED] - shipments_0_shipping_method_description = "shipments[0].shipping_method.description": null

06-09-2024T14:41:01 - [TEST_STEP][PASSED] - shipments_0_shipping_method_id = "shipments[0].shipping_method.id": null

06-09-2024T14:41:01 - [TEST_STEP][PASSED] - shipments_0_shipping_method_name = "shipments[0].shipping_method.name": null

06-09-2024T14:41:01 - [TEST_STEP][PASSED] - shipments_0_shipping_method_c_estimatedArrivalTime = "shipments[0].shipping_method.c_estimatedArrivalTime": null

06-09-2024T14:41:01 - [TEST_STEP][PASSED] - shipments_0_shipping_method_c_storePickupEnabled = "shipments[0].shipping_method.c_storePickupEnabled": null

06-09-2024T14:41:01 - [TEST_STEP][PASSED] - shipments_0_shipping_status = "shipments[0].shipping_status": null

06-09-2024T14:41:01 - [TEST_STEP][PASSED] - shipments_0_shipping_total = "shipments[0].shipping_total": null

06-09-2024T14:41:01 - [TEST_STEP][PASSED] - shipments_0_shipping_total_tax = "shipments[0].shipping_total_tax": null

06-09-2024T14:41:01 - [TEST_STEP][PASSED] - shipments_0_tax_total = "shipments[0].tax_total": null

06-09-2024T14:41:01 - [TEST_STEP][PASSED] - shipments_0_c_canCancel = "shipments[0].c_canCancel": null

06-09-2024T14:41:01 - [TEST_STEP][PASSED] - shipments_0_c_canEvaluate = "shipments[0].c_canEvaluate": null

06-09-2024T14:41:01 - [TEST_STEP][PASSED] - shipments_0_c_hasIncident = "shipments[0].c_hasIncident": null

06-09-2024T14:41:01 - [TEST_STEP][PASSED] - shipments_0_c_hasInvoice = "shipments[0].c_hasInvoice": null

06-09-2024T14:41:01 - [TEST_STEP][PASSED] - shipments_0_c_miraklOrderId = "shipments[0].c_miraklOrderId": null

06-09-2024T14:41:01 - [TEST_STEP][PASSED] - shipments_0_c_miraklOrderStatus = "shipments[0].c_miraklOrderStatus": null

06-09-2024T14:41:01 - [TEST_STEP][PASSED] - shipments_0_c_miraklShippingLabel = "shipments[0].c_miraklShippingLabel": null

06-09-2024T14:41:01 - [TEST_STEP][PASSED] - shipments_0_c_serviceCharge = "shipments[0].c_serviceCharge": null

06-09-2024T14:41:01 - [TEST_STEP][PASSED] - shipments_0_c_shippingRates = "shipments[0].c_shippingRates": null

06-09-2024T14:41:01 - [TEST_STEP][PASSED] - shipments_0_c_shopId = "shipments[0].c_shopId": null

06-09-2024T14:41:01 - [TEST_STEP][PASSED] - shipments_0_c_shopName = "shipments[0].c_shopName": null

06-09-2024T14:41:01 - [TEST_STEP][PASSED] - shipments_0_c_totalShippingCost = "shipments[0].c_totalShippingCost": null

06-09-2024T14:41:01 - [TEST_STEP][PASSED] - shipments_0_c_productItems_0__type = "shipments[0].c_productItems[0]._type": null

06-09-2024T14:41:01 - [TEST_STEP][PASSED] - shipments_0_c_productItems_0_adjusted_tax = "shipments[0].c_productItems[0].adjusted_tax": null

06-09-2024T14:41:01 - [TEST_STEP][PASSED] - shipments_0_c_productItems_0_base_price = "shipments[0].c_productItems[0].base_price": null

06-09-2024T14:41:01 - [TEST_STEP][PASSED] - shipments_0_c_productItems_0_bonus_product_line_item = "shipments[0].c_productItems[0].bonus_product_line_item": null

06-09-2024T14:41:01 - [TEST_STEP][PASSED] - shipments_0_c_productItems_0_gift = "shipments[0].c_productItems[0].gift": null

06-09-2024T14:41:01 - [TEST_STEP][PASSED] - shipments_0_c_productItems_0_inventory_id = "shipments[0].c_productItems[0].inventory_id": null

06-09-2024T14:41:01 - [TEST_STEP][PASSED] - shipments_0_c_productItems_0_item_id = "shipments[0].c_productItems[0].item_id": null

06-09-2024T14:41:01 - [TEST_STEP][PASSED] - shipments_0_c_productItems_0_item_text = "shipments[0].c_productItems[0].item_text": null

06-09-2024T14:41:01 - [TEST_STEP][PASSED] - shipments_0_c_productItems_0_price = "shipments[0].c_productItems[0].price": null

06-09-2024T14:41:01 - [TEST_STEP][PASSED] - shipments_0_c_productItems_0_price_after_item_discount = "shipments[0].c_productItems[0].price_after_item_discount": null

06-09-2024T14:41:01 - [TEST_STEP][PASSED] - shipments_0_c_productItems_0_price_after_order_discount = "shipments[0].c_productItems[0].price_after_order_discount": null

06-09-2024T14:41:01 - [TEST_STEP][PASSED] - shipments_0_c_productItems_0_product_id = "shipments[0].c_productItems[0].product_id": null

06-09-2024T14:41:01 - [TEST_STEP][PASSED] - shipments_0_c_productItems_0_product_name = "shipments[0].c_productItems[0].product_name": null

06-09-2024T14:41:01 - [TEST_STEP][PASSED] - shipments_0_c_productItems_0_quantity = "shipments[0].c_productItems[0].quantity": null

06-09-2024T14:41:01 - [TEST_STEP][PASSED] - shipments_0_c_productItems_0_shipment_id = "shipments[0].c_productItems[0].shipment_id": null

06-09-2024T14:41:01 - [TEST_STEP][PASSED] - shipments_0_c_productItems_0_tax = "shipments[0].c_productItems[0].tax": null

06-09-2024T14:41:01 - [TEST_STEP][PASSED] - shipments_0_c_productItems_0_tax_basis = "shipments[0].c_productItems[0].tax_basis": null

06-09-2024T14:41:01 - [TEST_STEP][PASSED] - shipments_0_c_productItems_0_tax_class_id = "shipments[0].c_productItems[0].tax_class_id": null

06-09-2024T14:41:01 - [TEST_STEP][PASSED] - shipments_0_c_productItems_0_tax_rate = "shipments[0].c_productItems[0].tax_rate": null

06-09-2024T14:41:01 - [TEST_STEP][PASSED] - shipments_0_c_productItems_0_c_canOpenIncident = "shipments[0].c_productItems[0].c_canOpenIncident": null

06-09-2024T14:41:01 - [TEST_STEP][PASSED] - shipments_0_c_productItems_0_c_fromStoreId = "shipments[0].c_productItems[0].c_fromStoreId": null

06-09-2024T14:41:01 - [TEST_STEP][PASSED] - shipments_0_c_productItems_0_c_isOnDemandStoreItem = "shipments[0].c_productItems[0].c_isOnDemandStoreItem": null

06-09-2024T14:41:01 - [TEST_STEP][PASSED] - shipments_0_c_productItems_0_c_mainLineItemId = "shipments[0].c_productItems[0].c_mainLineItemId": null

06-09-2024T14:41:01 - [TEST_STEP][PASSED] - shipments_0_c_productItems_0_c_miraklChannels = "shipments[0].c_productItems[0].c_miraklChannels": null

06-09-2024T14:41:01 - [TEST_STEP][PASSED] - shipments_0_c_productItems_0_c_miraklEarliestDeliveryDays = "shipments[0].c_productItems[0].c_miraklEarliestDeliveryDays": null

06-09-2024T14:41:01 - [TEST_STEP][PASSED] - shipments_0_c_productItems_0_c_miraklLatestDeliveryDays = "shipments[0].c_productItems[0].c_miraklLatestDeliveryDays": null

06-09-2024T14:41:01 - [TEST_STEP][PASSED] - shipments_0_c_productItems_0_c_miraklLeadTimeToShip = "shipments[0].c_productItems[0].c_miraklLeadTimeToShip": null

06-09-2024T14:41:01 - [TEST_STEP][PASSED] - shipments_0_c_productItems_0_c_miraklLineShippingPrice = "shipments[0].c_productItems[0].c_miraklLineShippingPrice": null

06-09-2024T14:41:01 - [TEST_STEP][PASSED] - shipments_0_c_productItems_0_c_miraklOperatorProductId = "shipments[0].c_productItems[0].c_miraklOperatorProductId": null

06-09-2024T14:41:01 - [TEST_STEP][PASSED] - shipments_0_c_productItems_0_c_miraklShippingTaxes = "shipments[0].c_productItems[0].c_miraklShippingTaxes": null

06-09-2024T14:41:01 - [TEST_STEP][PASSED] - shipments_0_c_productItems_0_c_noOfPersons = "shipments[0].c_productItems[0].c_noOfPersons": null

06-09-2024T14:41:01 - [TEST_STEP][PASSED] - shipments_0_c_productItems_0_c_offerId = "shipments[0].c_productItems[0].c_offerId": null

06-09-2024T14:41:01 - [TEST_STEP][PASSED] - shipments_0_c_productItems_0_c_offerSalesPrice = "shipments[0].c_productItems[0].c_offerSalesPrice": null

06-09-2024T14:41:01 - [TEST_STEP][PASSED] - shipments_0_c_productItems_0_c_offerState = "shipments[0].c_productItems[0].c_offerState": null

06-09-2024T14:41:01 - [TEST_STEP][PASSED] - shipments_0_c_productItems_0_c_offerStateCode = "shipments[0].c_productItems[0].c_offerStateCode": null

06-09-2024T14:41:01 - [TEST_STEP][PASSED] - shipments_0_c_productItems_0_c_orderLineId = "shipments[0].c_productItems[0].c_orderLineId": null

06-09-2024T14:41:01 - [TEST_STEP][PASSED] - shipments_0_c_productItems_0_c_shopId = "shipments[0].c_productItems[0].c_shopId": null

06-09-2024T14:41:01 - [TEST_STEP][PASSED] - shipments_0_c_productItems_0_c_shopName = "shipments[0].c_productItems[0].c_shopName": null

06-09-2024T14:41:01 - [TEST_STEP][PASSED] - shipments_0_c_productItems_0_c_total_crossed_price = "shipments[0].c_productItems[0].c_total_crossed_price": null

06-09-2024T14:41:01 - [TEST_STEP][PASSED] - shipments_0_c_productItems_0_c_priceWithComplement = "shipments[0].c_productItems[0].c_priceWithComplement": null

06-09-2024T14:41:01 - [TEST_STEP][PASSED] - shipments_0_c_productItems_0_c_imagesData_large_0_alt = "shipments[0].c_productItems[0].c_imagesData.large[0].alt": null

06-09-2024T14:41:01 - [TEST_STEP][PASSED] - shipments_0_c_productItems_0_c_imagesData_large_0_url = "shipments[0].c_productItems[0].c_imagesData.large[0].url": null

06-09-2024T14:41:01 - [TEST_STEP][PASSED] - shipments_0_c_productItems_0_c_imagesData_large_0_title = "shipments[0].c_productItems[0].c_imagesData.large[0].title": null

06-09-2024T14:41:01 - [TEST_STEP][PASSED] - shipments_0_c_paymentInstruments_0__type = "shipments[0].c_paymentInstruments[0]._type": null

06-09-2024T14:41:01 - [TEST_STEP][PASSED] - shipments_0_c_paymentInstruments_0_amount = "shipments[0].c_paymentInstruments[0].amount": null

06-09-2024T14:41:01 - [TEST_STEP][PASSED] - shipments_0_c_paymentInstruments_0_payment_card__type = "shipments[0].c_paymentInstruments[0].payment_card._type": null

06-09-2024T14:41:01 - [TEST_STEP][PASSED] - shipments_0_c_paymentInstruments_0_payment_card_card_type = "shipments[0].c_paymentInstruments[0].payment_card.card_type": null

06-09-2024T14:41:01 - [TEST_STEP][PASSED] - shipments_0_c_paymentInstruments_0_payment_card_credit_card_expired = "shipments[0].c_paymentInstruments[0].payment_card.credit_card_expired": null

06-09-2024T14:41:01 - [TEST_STEP][PASSED] - shipments_0_c_paymentInstruments_0_payment_card_expiration_month = "shipments[0].c_paymentInstruments[0].payment_card.expiration_month": null

06-09-2024T14:41:01 - [TEST_STEP][PASSED] - shipments_0_c_paymentInstruments_0_payment_card_expiration_year = "shipments[0].c_paymentInstruments[0].payment_card.expiration_year": null

06-09-2024T14:41:01 - [TEST_STEP][PASSED] - shipments_0_c_paymentInstruments_0_payment_card_holder = "shipments[0].c_paymentInstruments[0].payment_card.holder": null

06-09-2024T14:41:01 - [TEST_STEP][PASSED] - shipments_0_c_paymentInstruments_0_payment_instrument_id = "shipments[0].c_paymentInstruments[0].payment_instrument_id": null

06-09-2024T14:41:01 - [TEST_STEP][PASSED] - shipments_0_c_paymentInstruments_0_payment_method_id = "shipments[0].c_paymentInstruments[0].payment_method_id": null

06-09-2024T14:41:01 - [TEST_STEP][PASSED] - shipping_items_0__type = "shipping_items[0]._type": null

06-09-2024T14:41:01 - [TEST_STEP][PASSED] - shipping_items_0_adjusted_tax = "shipping_items[0].adjusted_tax": null

06-09-2024T14:41:01 - [TEST_STEP][PASSED] - shipping_items_0_base_price = "shipping_items[0].base_price": null

06-09-2024T14:41:01 - [TEST_STEP][PASSED] - shipping_items_0_item_id = "shipping_items[0].item_id": null

06-09-2024T14:41:01 - [TEST_STEP][PASSED] - shipping_items_0_item_text = "shipping_items[0].item_text": null

06-09-2024T14:41:01 - [TEST_STEP][PASSED] - shipping_items_0_price = "shipping_items[0].price": null

06-09-2024T14:41:01 - [TEST_STEP][PASSED] - shipping_items_0_price_after_item_discount = "shipping_items[0].price_after_item_discount": null

06-09-2024T14:41:01 - [TEST_STEP][PASSED] - shipping_items_0_shipment_id = "shipping_items[0].shipment_id": null

06-09-2024T14:41:01 - [TEST_STEP][PASSED] - shipping_items_0_tax = "shipping_items[0].tax": null

06-09-2024T14:41:01 - [TEST_STEP][PASSED] - shipping_items_0_tax_basis = "shipping_items[0].tax_basis": null

06-09-2024T14:41:01 - [TEST_STEP][PASSED] - shipping_items_0_tax_class_id = "shipping_items[0].tax_class_id": null

06-09-2024T14:41:01 - [TEST_STEP][PASSED] - shipping_items_0_tax_rate = "shipping_items[0].tax_rate": null

06-09-2024T14:41:01 - [TEST_STEP][PASSED] - shipping_status = "shipping_status": null

06-09-2024T14:41:01 - [TEST_STEP][PASSED] - shipping_total = "shipping_total": null

06-09-2024T14:41:01 - [TEST_STEP][PASSED] - shipping_total_tax = "shipping_total_tax": null

06-09-2024T14:41:01 - [TEST_STEP][PASSED] - site_id = "site_id": null

06-09-2024T14:41:01 - [TEST_STEP][PASSED] - status = "status": null

06-09-2024T14:41:01 - [TEST_STEP][PASSED] - taxation = "taxation": null

06-09-2024T14:41:01 - [TEST_STEP][PASSED] - tax_rounded_at_group = "tax_rounded_at_group": null

06-09-2024T14:41:01 - [TEST_STEP][PASSED] - tax_total = "tax_total": null

06-09-2024T14:41:01 - [TEST_STEP][PASSED] - c_currentCorporate = "c_currentCorporate": null

06-09-2024T14:41:01 - [TEST_STEP][PASSED] - c_isMiraklOrder = "c_isMiraklOrder": null

06-09-2024T14:41:01 - [TEST_STEP][PASSED] - c_miraklCustomerId = "c_miraklCustomerId": null

06-09-2024T14:41:01 - [TEST_STEP][PASSED] - c_miraklFraudCheckStatus = "c_miraklFraudCheckStatus": null

06-09-2024T14:41:01 - [TEST_STEP][PASSED] - totalplay.Common.verifyPropertyExist(PlaceOrder, _v): totalplay.Common.verifyPropertyExist is PASSED

06-09-2024T14:41:01 - [MESSAGE][INFO] - Checking response object

06-09-2024T14:41:01 - [MESSAGE][PASSED] - totalplay.Common.verifyPropertyExist is PASSED

06-09-2024T14:41:01 - [TEST_STEP][PASSED] - totalplay.Common.verifyPropertyValueExist(PlaceOrder, _v): totalplay.Common.verifyPropertyValueExist is PASSED

06-09-2024T14:41:01 - [MESSAGE][INFO] - Checking response object

06-09-2024T14:41:01 - [MESSAGE][INFO] - 24.5

06-09-2024T14:41:01 - [MESSAGE][PASSED] - totalplay.Common.verifyPropertyValueExist is PASSED

06-09-2024T14:41:01 - [TEST_STEP][PASSED] - totalplay.Common.verifyPropertyExist(PlaceOrder, _type): totalplay.Common.verifyPropertyExist is PASSED

06-09-2024T14:41:01 - [MESSAGE][INFO] - Checking response object

06-09-2024T14:41:02 - [MESSAGE][PASSED] - totalplay.Common.verifyPropertyExist is PASSED

06-09-2024T14:41:02 - [TEST_STEP][PASSED] - totalplay.Common.verifyPropertyValueExist(PlaceOrder, _type): totalplay.Common.verifyPropertyValueExist is PASSED

06-09-2024T14:41:02 - [MESSAGE][INFO] - Checking response object

06-09-2024T14:41:02 - [MESSAGE][INFO] - order

06-09-2024T14:41:02 - [MESSAGE][PASSED] - totalplay.Common.verifyPropertyValueExist is PASSED

06-09-2024T14:41:02 - [TEST_STEP][PASSED] - totalplay.Common.verifyPropertyExist(PlaceOrder, _resource_state): totalplay.Common.verifyPropertyExist is PASSED

06-09-2024T14:41:02 - [MESSAGE][INFO] - Checking response object

06-09-2024T14:41:02 - [MESSAGE][PASSED] - totalplay.Common.verifyPropertyExist is PASSED

06-09-2024T14:41:02 - [TEST_STEP][PASSED] - totalplay.Common.verifyPropertyValueExist(PlaceOrder, _resource_state): totalplay.Common.verifyPropertyValueExist is PASSED

06-09-2024T14:41:02 - [MESSAGE][INFO] - Checking response object

06-09-2024T14:41:02 - [MESSAGE][INFO] - e49fe31823d81f711408aa7e940dc75190b15f0a85894c8dea6a5ba3c464e887

06-09-2024T14:41:02 - [MESSAGE][PASSED] - totalplay.Common.verifyPropertyValueExist is PASSED

06-09-2024T14:41:02 - [TEST_STEP][PASSED] - totalplay.Common.getDecimalValueofObject(PlaceOrder, adjusted_merchandize_total_tax): totalplay.Common.getDecimalValueofObject is PASSED

06-09-2024T14:41:02 - [MESSAGE][INFO] - Checking response object

06-09-2024T14:41:02 - [MESSAGE][PASSED] - totalplay.Common.getDecimalValueofObject is PASSED

06-09-2024T14:41:02 - [TEST_STEP][PASSED] - totalplay.Common.getDecimalValueofObject(PlaceOrder, adjusted_shipping_total_tax): totalplay.Common.getDecimalValueofObject is PASSED

06-09-2024T14:41:02 - [MESSAGE][INFO] - Checking response object

06-09-2024T14:41:02 - [MESSAGE][PASSED] - totalplay.Common.getDecimalValueofObject is PASSED

06-09-2024T14:41:02 - [TEST_STEP][PASSED] - totalplay.Common.verifyPropertyExist(PlaceOrder, billing_address__type): totalplay.Common.verifyPropertyExist is PASSED

06-09-2024T14:41:02 - [MESSAGE][INFO] - Checking response object

06-09-2024T14:41:02 - [MESSAGE][PASSED] - totalplay.Common.verifyPropertyExist is PASSED

06-09-2024T14:41:02 - [TEST_STEP][PASSED] - totalplay.Common.verifyPropertyValueExist(PlaceOrder, billing_address__type): totalplay.Common.verifyPropertyValueExist is PASSED

06-09-2024T14:41:02 - [MESSAGE][INFO] - Checking response object

06-09-2024T14:41:02 - [MESSAGE][INFO] - order_address

06-09-2024T14:41:02 - [MESSAGE][PASSED] - totalplay.Common.verifyPropertyValueExist is PASSED

06-09-2024T14:41:02 - [TEST_STEP][PASSED] - totalplay.Common.verifyPropertyExist(PlaceOrder, billing_address_address1): totalplay.Common.verifyPropertyExist is PASSED

06-09-2024T14:41:02 - [MESSAGE][INFO] - Checking response object

06-09-2024T14:41:02 - [MESSAGE][PASSED] - totalplay.Common.verifyPropertyExist is PASSED

06-09-2024T14:41:02 - [TEST_STEP][PASSED] - totalplay.Common.verifyPropertyValueExist(PlaceOrder, billing_address_address1): totalplay.Common.verifyPropertyValueExist is PASSED

06-09-2024T14:41:02 - [MESSAGE][INFO] - Checking response object

06-09-2024T14:41:02 - [MESSAGE][INFO] - Alejandro Dumas

06-09-2024T14:41:02 - [MESSAGE][PASSED] - totalplay.Common.verifyPropertyValueExist is PASSED

06-09-2024T14:41:02 - [TEST_STEP][PASSED] - totalplay.Common.verifyPropertyExist(PlaceOrder, billing_address_city): totalplay.Common.verifyPropertyExist is PASSED

06-09-2024T14:41:02 - [MESSAGE][INFO] - Checking response object

06-09-2024T14:41:02 - [MESSAGE][PASSED] - totalplay.Common.verifyPropertyExist is PASSED

06-09-2024T14:41:02 - [TEST_STEP][PASSED] - totalplay.Common.verifyPropertyValueExist(PlaceOrder, billing_address_city): totalplay.Common.verifyPropertyValueExist is PASSED

06-09-2024T14:41:02 - [MESSAGE][INFO] - Checking response object

06-09-2024T14:41:02 - [MESSAGE][INFO] - Ciudad de Mexico

06-09-2024T14:41:02 - [MESSAGE][PASSED] - totalplay.Common.verifyPropertyValueExist is PASSED

06-09-2024T14:41:02 - [TEST_STEP][PASSED] - totalplay.Common.verifyPropertyExist(PlaceOrder, billing_address_country_code): totalplay.Common.verifyPropertyExist is PASSED

06-09-2024T14:41:02 - [MESSAGE][INFO] - Checking response object

06-09-2024T14:41:02 - [MESSAGE][PASSED] - totalplay.Common.verifyPropertyExist is PASSED

06-09-2024T14:41:02 - [TEST_STEP][PASSED] - totalplay.Common.verifyPropertyValueExist(PlaceOrder, billing_address_country_code): totalplay.Common.verifyPropertyValueExist is PASSED

06-09-2024T14:41:02 - [MESSAGE][INFO] - Checking response object

06-09-2024T14:41:02 - [MESSAGE][INFO] - MX

06-09-2024T14:41:02 - [MESSAGE][PASSED] - totalplay.Common.verifyPropertyValueExist is PASSED

06-09-2024T14:41:02 - [TEST_STEP][PASSED] - totalplay.Common.verifyPropertyExist(PlaceOrder, billing_address_first_name): totalplay.Common.verifyPropertyExist is PASSED

06-09-2024T14:41:02 - [MESSAGE][INFO] - Checking response object

06-09-2024T14:41:02 - [MESSAGE][PASSED] - totalplay.Common.verifyPropertyExist is PASSED

06-09-2024T14:41:02 - [TEST_STEP][PASSED] - totalplay.Common.verifyPropertyValueExist(PlaceOrder, billing_address_first_name): totalplay.Common.verifyPropertyValueExist is PASSED

06-09-2024T14:41:02 - [MESSAGE][INFO] - Checking response object

06-09-2024T14:41:02 - [MESSAGE][INFO] - CESAR

06-09-2024T14:41:02 - [MESSAGE][PASSED] - totalplay.Common.verifyPropertyValueExist is PASSED

06-09-2024T14:41:02 - [TEST_STEP][PASSED] - totalplay.Common.verifyPropertyExist(PlaceOrder, billing_address_full_name): totalplay.Common.verifyPropertyExist is PASSED

06-09-2024T14:41:02 - [MESSAGE][INFO] - Checking response object

06-09-2024T14:41:02 - [MESSAGE][PASSED] - totalplay.Common.verifyPropertyExist is PASSED

06-09-2024T14:41:02 - [TEST_STEP][PASSED] - totalplay.Common.verifyPropertyValueExist(PlaceOrder, billing_address_full_name): totalplay.Common.verifyPropertyValueExist is PASSED

06-09-2024T14:41:02 - [MESSAGE][INFO] - Checking response object

06-09-2024T14:41:02 - [MESSAGE][INFO] - CESAR GERARDO WALDO GONZALEZ

06-09-2024T14:41:02 - [MESSAGE][PASSED] - totalplay.Common.verifyPropertyValueExist is PASSED

06-09-2024T14:41:02 - [TEST_STEP][PASSED] - totalplay.Common.verifyPropertyExist(PlaceOrder, billing_address_id): totalplay.Common.verifyPropertyExist is PASSED

06-09-2024T14:41:02 - [MESSAGE][INFO] - Checking response object

06-09-2024T14:41:02 - [MESSAGE][PASSED] - totalplay.Common.verifyPropertyExist is PASSED

06-09-2024T14:41:02 - [TEST_STEP][PASSED] - totalplay.Common.verifyPropertyValueExist(PlaceOrder, billing_address_id): totalplay.Common.verifyPropertyValueExist is PASSED

06-09-2024T14:41:02 - [MESSAGE][INFO] - Checking response object

06-09-2024T14:41:02 - [MESSAGE][INFO] - 95674e3717afb9dedf812d5650

06-09-2024T14:41:02 - [MESSAGE][PASSED] - totalplay.Common.verifyPropertyValueExist is PASSED

06-09-2024T14:41:02 - [TEST_STEP][PASSED] - totalplay.Common.verifyPropertyExist(PlaceOrder, billing_address_last_name): totalplay.Common.verifyPropertyExist is PASSED

06-09-2024T14:41:02 - [MESSAGE][INFO] - Checking response object

06-09-2024T14:41:02 - [MESSAGE][PASSED] - totalplay.Common.verifyPropertyExist is PASSED

06-09-2024T14:41:02 - [TEST_STEP][PASSED] - totalplay.Common.verifyPropertyValueExist(PlaceOrder, billing_address_last_name): totalplay.Common.verifyPropertyValueExist is PASSED

06-09-2024T14:41:02 - [MESSAGE][INFO] - Checking response object

06-09-2024T14:41:02 - [MESSAGE][INFO] - GERARDO WALDO GONZALEZ

06-09-2024T14:41:02 - [MESSAGE][PASSED] - totalplay.Common.verifyPropertyValueExist is PASSED

06-09-2024T14:41:02 - [TEST_STEP][PASSED] - totalplay.Common.verifyPropertyExist(PlaceOrder, billing_address_phone): totalplay.Common.verifyPropertyExist is PASSED

06-09-2024T14:41:02 - [MESSAGE][INFO] - Checking response object

06-09-2024T14:41:02 - [MESSAGE][PASSED] - totalplay.Common.verifyPropertyExist is PASSED

06-09-2024T14:41:02 - [TEST_STEP][PASSED] - totalplay.Common.verifyPropertyValueExist(PlaceOrder, billing_address_phone): totalplay.Common.verifyPropertyValueExist is PASSED

06-09-2024T14:41:02 - [MESSAGE][INFO] - Checking response object

06-09-2024T14:41:02 - [MESSAGE][INFO] - 5579660270

06-09-2024T14:41:02 - [MESSAGE][PASSED] - totalplay.Common.verifyPropertyValueExist is PASSED

06-09-2024T14:41:02 - [TEST_STEP][PASSED] - totalplay.Common.verifyPropertyExist(PlaceOrder, billing_address_postal_code): totalplay.Common.verifyPropertyExist is PASSED

06-09-2024T14:41:02 - [MESSAGE][INFO] - Checking response object

06-09-2024T14:41:02 - [MESSAGE][PASSED] - totalplay.Common.verifyPropertyExist is PASSED

06-09-2024T14:41:02 - [TEST_STEP][PASSED] - totalplay.Common.verifyPropertyValueExist(PlaceOrder, billing_address_postal_code): totalplay.Common.verifyPropertyValueExist is PASSED

06-09-2024T14:41:02 - [MESSAGE][INFO] - Checking response object

06-09-2024T14:41:02 - [MESSAGE][INFO] - 11500

06-09-2024T14:41:02 - [MESSAGE][PASSED] - totalplay.Common.verifyPropertyValueExist is PASSED

06-09-2024T14:41:02 - [TEST_STEP][PASSED] - totalplay.Common.verifyPropertyExist(PlaceOrder, billing_address_c_alias): totalplay.Common.verifyPropertyExist is PASSED

06-09-2024T14:41:02 - [MESSAGE][INFO] - Checking response object

06-09-2024T14:41:02 - [MESSAGE][PASSED] - totalplay.Common.verifyPropertyExist is PASSED

06-09-2024T14:41:02 - [TEST_STEP][PASSED] - totalplay.Common.verifyPropertyValueExist(PlaceOrder, billing_address_c_alias): totalplay.Common.verifyPropertyValueExist is PASSED

06-09-2024T14:41:02 - [MESSAGE][INFO] - Checking response object

06-09-2024T14:41:02 - [MESSAGE][INFO] - CasaWaldoP

06-09-2024T14:41:02 - [MESSAGE][PASSED] - totalplay.Common.verifyPropertyValueExist is PASSED

06-09-2024T14:41:02 - [TEST_STEP][PASSED] - totalplay.Common.verifyPropertyExist(PlaceOrder, billing_address_c_delegation): totalplay.Common.verifyPropertyExist is PASSED

06-09-2024T14:41:02 - [MESSAGE][INFO] - Checking response object

06-09-2024T14:41:02 - [MESSAGE][PASSED] - totalplay.Common.verifyPropertyExist is PASSED

06-09-2024T14:41:02 - [TEST_STEP][PASSED] - totalplay.Common.verifyPropertyValueExist(PlaceOrder, billing_address_c_delegation): totalplay.Common.verifyPropertyValueExist is PASSED

06-09-2024T14:41:02 - [MESSAGE][INFO] - Checking response object

06-09-2024T14:41:02 - [MESSAGE][INFO] - Miguel Hidalgo

06-09-2024T14:41:02 - [MESSAGE][PASSED] - totalplay.Common.verifyPropertyValueExist is PASSED

06-09-2024T14:41:02 - [TEST_STEP][PASSED] - totalplay.Common.verifyPropertyExist(PlaceOrder, billing_address_c_delegation): totalplay.Common.verifyPropertyExist is PASSED

06-09-2024T14:41:02 - [MESSAGE][INFO] - Checking response object

06-09-2024T14:41:02 - [MESSAGE][PASSED] - totalplay.Common.verifyPropertyExist is PASSED

06-09-2024T14:41:02 - [TEST_STEP][PASSED] - totalplay.Common.verifyPropertyValueExist(PlaceOrder, billing_address_c_delegation): totalplay.Common.verifyPropertyValueExist is PASSED

06-09-2024T14:41:02 - [MESSAGE][INFO] - Checking response object

06-09-2024T14:41:03 - [MESSAGE][INFO] - Miguel Hidalgo

06-09-2024T14:41:03 - [MESSAGE][PASSED] - totalplay.Common.verifyPropertyValueExist is PASSED

06-09-2024T14:41:03 - [TEST_STEP][PASSED] - totalplay.Common.verifyPropertyExist(PlaceOrder, billing_address_c_label): totalplay.Common.verifyPropertyExist is PASSED

06-09-2024T14:41:03 - [MESSAGE][INFO] - Checking response object

06-09-2024T14:41:03 - [MESSAGE][PASSED] - totalplay.Common.verifyPropertyExist is PASSED

06-09-2024T14:41:03 - [TEST_STEP][PASSED] - totalplay.Common.verifyPropertyValueExist(PlaceOrder, billing_address_c_label): totalplay.Common.verifyPropertyValueExist is PASSED

06-09-2024T14:41:03 - [MESSAGE][INFO] - Checking response object

06-09-2024T14:41:03 - [MESSAGE][INFO] - {"home":true,"company":false,"other":false}

06-09-2024T14:41:03 - [MESSAGE][PASSED] - totalplay.Common.verifyPropertyValueExist is PASSED

06-09-2024T14:41:03 - [TEST_STEP][PASSED] - totalplay.Common.verifyPropertyExist(PlaceOrder, billing_address_c_latitude): totalplay.Common.verifyPropertyExist is PASSED

06-09-2024T14:41:03 - [MESSAGE][INFO] - Checking response object

06-09-2024T14:41:03 - [MESSAGE][PASSED] - totalplay.Common.verifyPropertyExist is PASSED

06-09-2024T14:41:03 - [TEST_STEP][PASSED] - totalplay.Common.verifyPropertyValueExist(PlaceOrder, billing_address_c_latitude): totalplay.Common.verifyPropertyValueExist is PASSED

06-09-2024T14:41:03 - [MESSAGE][INFO] - Checking response object

06-09-2024T14:41:03 - [MESSAGE][INFO] - 19.439691

06-09-2024T14:41:03 - [MESSAGE][PASSED] - totalplay.Common.verifyPropertyValueExist is PASSED

06-09-2024T14:41:03 - [TEST_STEP][PASSED] - totalplay.Common.verifyPropertyExist(PlaceOrder, billing_address_c_longitude): totalplay.Common.verifyPropertyExist is PASSED

06-09-2024T14:41:03 - [MESSAGE][INFO] - Checking response object

06-09-2024T14:41:03 - [MESSAGE][PASSED] - totalplay.Common.verifyPropertyExist is PASSED

06-09-2024T14:41:03 - [TEST_STEP][PASSED] - totalplay.Common.verifyPropertyValueExist(PlaceOrder, billing_address_c_longitude): totalplay.Common.verifyPropertyValueExist is PASSED

06-09-2024T14:41:03 - [MESSAGE][INFO] - Checking response object

06-09-2024T14:41:03 - [MESSAGE][INFO] - -99.205670

06-09-2024T14:41:03 - [MESSAGE][PASSED] - totalplay.Common.verifyPropertyValueExist is PASSED

06-09-2024T14:41:03 - [TEST_STEP][PASSED] - totalplay.Common.verifyPropertyExist(PlaceOrder, billing_address_c_nExt): totalplay.Common.verifyPropertyExist is PASSED

06-09-2024T14:41:03 - [MESSAGE][INFO] - Checking response object

06-09-2024T14:41:03 - [MESSAGE][PASSED] - totalplay.Common.verifyPropertyExist is PASSED

06-09-2024T14:41:03 - [TEST_STEP][PASSED] - totalplay.Common.verifyPropertyValueExist(PlaceOrder, billing_address_c_nExt): totalplay.Common.verifyPropertyValueExist is PASSED

06-09-2024T14:41:03 - [MESSAGE][INFO] - Checking response object

06-09-2024T14:41:03 - [MESSAGE][INFO] - 107

06-09-2024T14:41:03 - [MESSAGE][PASSED] - totalplay.Common.verifyPropertyValueExist is PASSED

06-09-2024T14:41:03 - [TEST_STEP][PASSED] - totalplay.Common.verifyPropertyExist(PlaceOrder, billing_address_c_neighborhood): totalplay.Common.verifyPropertyExist is PASSED

06-09-2024T14:41:03 - [MESSAGE][INFO] - Checking response object

06-09-2024T14:41:03 - [MESSAGE][PASSED] - totalplay.Common.verifyPropertyExist is PASSED

06-09-2024T14:41:03 - [TEST_STEP][PASSED] - totalplay.Common.verifyPropertyValueExist(PlaceOrder, billing_address_c_neighborhood): totalplay.Common.verifyPropertyValueExist is PASSED

06-09-2024T14:41:03 - [MESSAGE][INFO] - Checking response object

06-09-2024T14:41:03 - [MESSAGE][INFO] - Polanco

06-09-2024T14:41:03 - [MESSAGE][PASSED] - totalplay.Common.verifyPropertyValueExist is PASSED

06-09-2024T14:41:03 - [TEST_STEP][PASSED] - totalplay.Common.verifyPropertyExist(PlaceOrder, billing_address_c_references): totalplay.Common.verifyPropertyExist is PASSED

06-09-2024T14:41:03 - [MESSAGE][INFO] - Checking response object

06-09-2024T14:41:03 - [MESSAGE][PASSED] - totalplay.Common.verifyPropertyExist is PASSED

06-09-2024T14:41:03 - [TEST_STEP][PASSED] - totalplay.Common.verifyPropertyValueExist(PlaceOrder, billing_address_c_references): totalplay.Common.verifyPropertyValueExist is PASSED

06-09-2024T14:41:03 - [MESSAGE][INFO] - Checking response object

06-09-2024T14:41:03 - [MESSAGE][INFO] - Llamar al llegar

06-09-2024T14:41:03 - [MESSAGE][PASSED] - totalplay.Common.verifyPropertyValueExist is PASSED

06-09-2024T14:41:03 - [TEST_STEP][PASSED] - totalplay.Common.verifyPropertyExist(PlaceOrder, billing_address_c_rfc): totalplay.Common.verifyPropertyExist is PASSED

06-09-2024T14:41:03 - [MESSAGE][INFO] - Checking response object

06-09-2024T14:41:03 - [MESSAGE][PASSED] - totalplay.Common.verifyPropertyExist is PASSED

06-09-2024T14:41:03 - [TEST_STEP][PASSED] - totalplay.Common.verifyPropertyValueExist(PlaceOrder, billing_address_c_rfc): totalplay.Common.verifyPropertyValueExist is PASSED

06-09-2024T14:41:03 - [MESSAGE][INFO] - Checking response object

06-09-2024T14:41:03 - [MESSAGE][INFO] - XAXA010101111

06-09-2024T14:41:03 - [MESSAGE][PASSED] - totalplay.Common.verifyPropertyValueExist is PASSED

06-09-2024T14:41:03 - [TEST_STEP][PASSED] - totalplay.Common.verifyPropertyExist(PlaceOrder, billing_address_c_state): totalplay.Common.verifyPropertyExist is PASSED

06-09-2024T14:41:03 - [MESSAGE][INFO] - Checking response object

06-09-2024T14:41:03 - [MESSAGE][PASSED] - totalplay.Common.verifyPropertyExist is PASSED

06-09-2024T14:41:03 - [TEST_STEP][PASSED] - totalplay.Common.verifyPropertyValueExist(PlaceOrder, billing_address_c_state): totalplay.Common.verifyPropertyValueExist is PASSED

06-09-2024T14:41:03 - [MESSAGE][INFO] - Checking response object

06-09-2024T14:41:03 - [MESSAGE][INFO] - CDMX

06-09-2024T14:41:03 - [MESSAGE][PASSED] - totalplay.Common.verifyPropertyValueExist is PASSED

06-09-2024T14:41:03 - [TEST_STEP][PASSED] - totalplay.Common.verifyPropertyExist(PlaceOrder, billing_address_c_streetName): totalplay.Common.verifyPropertyExist is PASSED

06-09-2024T14:41:03 - [MESSAGE][INFO] - Checking response object

06-09-2024T14:41:03 - [MESSAGE][PASSED] - totalplay.Common.verifyPropertyExist is PASSED

06-09-2024T14:41:03 - [TEST_STEP][PASSED] - totalplay.Common.verifyPropertyValueExist(PlaceOrder, billing_address_c_streetName): totalplay.Common.verifyPropertyValueExist is PASSED

06-09-2024T14:41:03 - [MESSAGE][INFO] - Checking response object

06-09-2024T14:41:03 - [MESSAGE][INFO] - Alejandro Dumas

06-09-2024T14:41:03 - [MESSAGE][PASSED] - totalplay.Common.verifyPropertyValueExist is PASSED

06-09-2024T14:41:03 - [TEST_STEP][PASSED] - totalplay.Common.verifyPropertyExist(PlaceOrder, channel_type): totalplay.Common.verifyPropertyExist is PASSED

06-09-2024T14:41:03 - [MESSAGE][INFO] - Checking response object

06-09-2024T14:41:03 - [MESSAGE][PASSED] - totalplay.Common.verifyPropertyExist is PASSED

06-09-2024T14:41:03 - [TEST_STEP][PASSED] - totalplay.Common.verifyPropertyValueExist(PlaceOrder, channel_type): totalplay.Common.verifyPropertyValueExist is PASSED

06-09-2024T14:41:03 - [MESSAGE][INFO] - Checking response object

06-09-2024T14:41:03 - [MESSAGE][INFO] - storefront

06-09-2024T14:41:03 - [MESSAGE][PASSED] - totalplay.Common.verifyPropertyValueExist is PASSED

06-09-2024T14:41:03 - [TEST_STEP][PASSED] - totalplay.Common.verifyPropertyExist(PlaceOrder, confirmation_status): totalplay.Common.verifyPropertyExist is PASSED

06-09-2024T14:41:03 - [MESSAGE][INFO] - Checking response object

06-09-2024T14:41:03 - [MESSAGE][PASSED] - totalplay.Common.verifyPropertyExist is PASSED

06-09-2024T14:41:03 - [TEST_STEP][PASSED] - totalplay.Common.verifyPropertyValueExist(PlaceOrder, confirmation_status): totalplay.Common.verifyPropertyValueExist is PASSED

06-09-2024T14:41:03 - [MESSAGE][INFO] - Checking response object

06-09-2024T14:41:03 - [MESSAGE][INFO] - confirmed

06-09-2024T14:41:03 - [MESSAGE][PASSED] - totalplay.Common.verifyPropertyValueExist is PASSED

06-09-2024T14:41:03 - [TEST_STEP][PASSED] - totalplay.Common.verifyPropertyExist(PlaceOrder, created_by): totalplay.Common.verifyPropertyExist is PASSED

06-09-2024T14:41:03 - [MESSAGE][INFO] - Checking response object

06-09-2024T14:41:03 - [MESSAGE][PASSED] - totalplay.Common.verifyPropertyExist is PASSED

06-09-2024T14:41:03 - [TEST_STEP][PASSED] - totalplay.Common.verifyPropertyValueExist(PlaceOrder, created_by): totalplay.Common.verifyPropertyValueExist is PASSED

06-09-2024T14:41:03 - [MESSAGE][INFO] - Checking response object

06-09-2024T14:41:03 - [MESSAGE][INFO] - Customer

06-09-2024T14:41:03 - [MESSAGE][PASSED] - totalplay.Common.verifyPropertyValueExist is PASSED

06-09-2024T14:41:03 - [TEST_STEP][PASSED] - totalplay.Common.verifyPropertyExist(PlaceOrder, creation_date): totalplay.Common.verifyPropertyExist is PASSED

06-09-2024T14:41:03 - [MESSAGE][INFO] - Checking response object

06-09-2024T14:41:03 - [MESSAGE][PASSED] - totalplay.Common.verifyPropertyExist is PASSED

06-09-2024T14:41:03 - [TEST_STEP][PASSED] - totalplay.Common.verifyPropertyValueExist(PlaceOrder, creation_date): totalplay.Common.verifyPropertyValueExist is PASSED

06-09-2024T14:41:03 - [MESSAGE][INFO] - Checking response object

06-09-2024T14:41:03 - [MESSAGE][INFO] - 2024-09-06T09:10:58.300Z

06-09-2024T14:41:03 - [MESSAGE][PASSED] - totalplay.Common.verifyPropertyValueExist is PASSED

06-09-2024T14:41:03 - [TEST_STEP][PASSED] - totalplay.Common.verifyPropertyExist(PlaceOrder, currency): totalplay.Common.verifyPropertyExist is PASSED

06-09-2024T14:41:03 - [MESSAGE][INFO] - Checking response object

06-09-2024T14:41:03 - [MESSAGE][PASSED] - totalplay.Common.verifyPropertyExist is PASSED

06-09-2024T14:41:03 - [TEST_STEP][PASSED] - totalplay.Common.verifyPropertyValueExist(PlaceOrder, currency): totalplay.Common.verifyPropertyValueExist is PASSED

06-09-2024T14:41:03 - [MESSAGE][INFO] - Checking response object

06-09-2024T14:41:03 - [MESSAGE][INFO] - MXN

06-09-2024T14:41:03 - [MESSAGE][PASSED] - totalplay.Common.verifyPropertyValueExist is PASSED

06-09-2024T14:41:03 - [TEST_STEP][PASSED] - totalplay.Common.verifyPropertyExist(PlaceOrder, customer_info__type): totalplay.Common.verifyPropertyExist is PASSED

06-09-2024T14:41:03 - [MESSAGE][INFO] - Checking response object

06-09-2024T14:41:03 - [MESSAGE][PASSED] - totalplay.Common.verifyPropertyExist is PASSED

06-09-2024T14:41:03 - [TEST_STEP][PASSED] - totalplay.Common.verifyPropertyValueExist(PlaceOrder, customer_info__type): totalplay.Common.verifyPropertyValueExist is PASSED

06-09-2024T14:41:03 - [MESSAGE][INFO] - Checking response object

06-09-2024T14:41:03 - [MESSAGE][INFO] - customer_info

06-09-2024T14:41:03 - [MESSAGE][PASSED] - totalplay.Common.verifyPropertyValueExist is PASSED

06-09-2024T14:41:03 - [TEST_STEP][PASSED] - totalplay.Common.verifyPropertyExist(PlaceOrder, customer_info_customer_id): totalplay.Common.verifyPropertyExist is PASSED

06-09-2024T14:41:03 - [MESSAGE][INFO] - Checking response object

06-09-2024T14:41:03 - [MESSAGE][PASSED] - totalplay.Common.verifyPropertyExist is PASSED

06-09-2024T14:41:03 - [TEST_STEP][PASSED] - totalplay.Common.verifyPropertyValueExist(PlaceOrder, customer_info_customer_id): totalplay.Common.verifyPropertyValueExist is PASSED

06-09-2024T14:41:03 - [MESSAGE][INFO] - Checking response object

06-09-2024T14:41:04 - [MESSAGE][INFO] - acTAcwrTj6ECo7V8WDIa5leqor

06-09-2024T14:41:04 - [MESSAGE][PASSED] - totalplay.Common.verifyPropertyValueExist is PASSED

06-09-2024T14:41:04 - [TEST_STEP][PASSED] - totalplay.Common.verifyPropertyExist(PlaceOrder, customer_info_customer_name): totalplay.Common.verifyPropertyExist is PASSED

06-09-2024T14:41:04 - [MESSAGE][INFO] - Checking response object

06-09-2024T14:41:04 - [MESSAGE][PASSED] - totalplay.Common.verifyPropertyExist is PASSED

06-09-2024T14:41:04 - [TEST_STEP][PASSED] - totalplay.Common.verifyPropertyValueExist(PlaceOrder, customer_info_customer_name): totalplay.Common.verifyPropertyValueExist is PASSED

06-09-2024T14:41:04 - [MESSAGE][INFO] - Checking response object

06-09-2024T14:41:04 - [MESSAGE][INFO] - CESAR GERARDO WALDO GONZALEZ

06-09-2024T14:41:04 - [MESSAGE][PASSED] - totalplay.Common.verifyPropertyValueExist is PASSED

06-09-2024T14:41:04 - [TEST_STEP][PASSED] - totalplay.Common.verifyPropertyExist(PlaceOrder, customer_info_customer_no): totalplay.Common.verifyPropertyExist is PASSED

06-09-2024T14:41:04 - [MESSAGE][INFO] - Checking response object

06-09-2024T14:41:04 - [MESSAGE][PASSED] - totalplay.Common.verifyPropertyExist is PASSED

06-09-2024T14:41:04 - [TEST_STEP][PASSED] - totalplay.Common.verifyPropertyValueExist(PlaceOrder, customer_info_customer_no): totalplay.Common.verifyPropertyValueExist is PASSED

06-09-2024T14:41:04 - [MESSAGE][INFO] - Checking response object

06-09-2024T14:41:04 - [MESSAGE][INFO] - 00012002

06-09-2024T14:41:04 - [MESSAGE][PASSED] - totalplay.Common.verifyPropertyValueExist is PASSED

06-09-2024T14:41:04 - [TEST_STEP][PASSED] - totalplay.Common.verifyPropertyExist(PlaceOrder, customer_info_email): totalplay.Common.verifyPropertyExist is PASSED

06-09-2024T14:41:04 - [MESSAGE][INFO] - Checking response object

06-09-2024T14:41:04 - [MESSAGE][PASSED] - totalplay.Common.verifyPropertyExist is PASSED

06-09-2024T14:41:04 - [TEST_STEP][PASSED] - totalplay.Common.verifyPropertyValueExist(PlaceOrder, customer_info_email): totalplay.Common.verifyPropertyValueExist is PASSED

06-09-2024T14:41:04 - [MESSAGE][INFO] - Checking response object

06-09-2024T14:41:04 - [MESSAGE][INFO] - cesar.waldo93@gmail.com

06-09-2024T14:41:04 - [MESSAGE][PASSED] - totalplay.Common.verifyPropertyValueExist is PASSED

06-09-2024T14:41:04 - [TEST_STEP][PASSED] - totalplay.Common.verifyPropertyExist(PlaceOrder, customer_name): totalplay.Common.verifyPropertyExist is PASSED

06-09-2024T14:41:04 - [MESSAGE][INFO] - Checking response object

06-09-2024T14:41:04 - [MESSAGE][PASSED] - totalplay.Common.verifyPropertyExist is PASSED

06-09-2024T14:41:04 - [TEST_STEP][PASSED] - totalplay.Common.verifyPropertyValueExist(PlaceOrder, customer_name): totalplay.Common.verifyPropertyValueExist is PASSED

06-09-2024T14:41:04 - [MESSAGE][INFO] - Checking response object

06-09-2024T14:41:04 - [MESSAGE][INFO] - CESAR GERARDO WALDO GONZALEZ

06-09-2024T14:41:04 - [MESSAGE][PASSED] - totalplay.Common.verifyPropertyValueExist is PASSED

06-09-2024T14:41:04 - [TEST_STEP][PASSED] - totalplay.Common.verifyPropertyExist(PlaceOrder, export_status): totalplay.Common.verifyPropertyExist is PASSED

06-09-2024T14:41:04 - [MESSAGE][INFO] - Checking response object

06-09-2024T14:41:04 - [MESSAGE][PASSED] - totalplay.Common.verifyPropertyExist is PASSED

06-09-2024T14:41:04 - [TEST_STEP][PASSED] - totalplay.Common.verifyPropertyValueExist(PlaceOrder, export_status): totalplay.Common.verifyPropertyValueExist is PASSED

06-09-2024T14:41:04 - [MESSAGE][INFO] - Checking response object

06-09-2024T14:41:04 - [MESSAGE][INFO] - ready

06-09-2024T14:41:04 - [MESSAGE][PASSED] - totalplay.Common.verifyPropertyValueExist is PASSED

06-09-2024T14:41:04 - [TEST_STEP][PASSED] - totalplay.Common.verifyPropertyExist(PlaceOrder, grouped_tax_items_0__type): totalplay.Common.verifyPropertyExist is PASSED

06-09-2024T14:41:04 - [MESSAGE][INFO] - Checking response object

06-09-2024T14:41:04 - [MESSAGE][PASSED] - totalplay.Common.verifyPropertyExist is PASSED

06-09-2024T14:41:04 - [TEST_STEP][PASSED] - totalplay.Common.verifyPropertyValueExist(PlaceOrder, grouped_tax_items_0__type): totalplay.Common.verifyPropertyValueExist is PASSED

06-09-2024T14:41:04 - [MESSAGE][INFO] - Checking response object

06-09-2024T14:41:04 - [MESSAGE][INFO] - grouped_tax

06-09-2024T14:41:04 - [MESSAGE][PASSED] - totalplay.Common.verifyPropertyValueExist is PASSED

06-09-2024T14:41:04 - [TEST_STEP][PASSED] - totalplay.Common.getDecimalValueofObject(PlaceOrder, grouped_tax_items_0_tax_rate): totalplay.Common.getDecimalValueofObject is PASSED

06-09-2024T14:41:04 - [MESSAGE][INFO] - Checking response object

06-09-2024T14:41:04 - [MESSAGE][PASSED] - totalplay.Common.getDecimalValueofObject is PASSED

06-09-2024T14:41:04 - [TEST_STEP][PASSED] - totalplay.Common.getDecimalValueofObject(PlaceOrder, grouped_tax_items_0_tax_value): totalplay.Common.getDecimalValueofObject is PASSED

06-09-2024T14:41:04 - [MESSAGE][INFO] - Checking response object

06-09-2024T14:41:04 - [MESSAGE][PASSED] - totalplay.Common.getDecimalValueofObject is PASSED

06-09-2024T14:41:04 - [TEST_STEP][PASSED] - totalplay.Common.getBooleanValueofObject(PlaceOrder, guest): totalplay.Common.getBooleanValueofObject is PASSED

06-09-2024T14:41:04 - [MESSAGE][INFO] - Checking response object

06-09-2024T14:41:04 - [MESSAGE][PASSED] - totalplay.Common.getBooleanValueofObject is PASSED

06-09-2024T14:41:04 - [TEST_STEP][PASSED] - totalplay.Common.verifyPropertyExist(PlaceOrder, last_modified): totalplay.Common.verifyPropertyExist is PASSED

06-09-2024T14:41:04 - [MESSAGE][INFO] - Checking response object

06-09-2024T14:41:04 - [MESSAGE][PASSED] - totalplay.Common.verifyPropertyExist is PASSED

06-09-2024T14:41:04 - [TEST_STEP][PASSED] - totalplay.Common.verifyPropertyValueExist(PlaceOrder, last_modified): totalplay.Common.verifyPropertyValueExist is PASSED

06-09-2024T14:41:04 - [MESSAGE][INFO] - Checking response object

06-09-2024T14:41:04 - [MESSAGE][INFO] - 2024-09-06T09:10:59.375Z

06-09-2024T14:41:04 - [MESSAGE][PASSED] - totalplay.Common.verifyPropertyValueExist is PASSED

06-09-2024T14:41:04 - [TEST_STEP][PASSED] - totalplay.Common.getDecimalValueofObject(PlaceOrder, merchandize_total_tax): totalplay.Common.getDecimalValueofObject is PASSED

06-09-2024T14:41:04 - [MESSAGE][INFO] - Checking response object

06-09-2024T14:41:04 - [MESSAGE][PASSED] - totalplay.Common.getDecimalValueofObject is PASSED

06-09-2024T14:41:04 - [TEST_STEP][PASSED] - totalplay.Common.verifyPropertyExist(PlaceOrder, notes__type): totalplay.Common.verifyPropertyExist is PASSED

06-09-2024T14:41:04 - [MESSAGE][INFO] - Checking response object

06-09-2024T14:41:04 - [MESSAGE][PASSED] - totalplay.Common.verifyPropertyExist is PASSED

06-09-2024T14:41:04 - [TEST_STEP][PASSED] - totalplay.Common.verifyPropertyValueExist(PlaceOrder, notes__type): totalplay.Common.verifyPropertyValueExist is PASSED

06-09-2024T14:41:04 - [MESSAGE][INFO] - Checking response object

06-09-2024T14:41:04 - [MESSAGE][INFO] - simple_link

06-09-2024T14:41:04 - [MESSAGE][PASSED] - totalplay.Common.verifyPropertyValueExist is PASSED

06-09-2024T14:41:04 - [TEST_STEP][PASSED] - totalplay.Common.verifyPropertyExist(PlaceOrder, notes_link): totalplay.Common.verifyPropertyExist is PASSED

06-09-2024T14:41:04 - [MESSAGE][INFO] - Checking response object

06-09-2024T14:41:04 - [MESSAGE][PASSED] - totalplay.Common.verifyPropertyExist is PASSED

06-09-2024T14:41:04 - [TEST_STEP][PASSED] - totalplay.Common.verifyPropertyValueExist(PlaceOrder, notes_link): totalplay.Common.verifyPropertyValueExist is PASSED

06-09-2024T14:41:04 - [MESSAGE][INFO] - Checking response object

06-09-2024T14:41:04 - [MESSAGE][INFO] - https://salesforceqa.sistemastp.com.mx/s/TP-FOOD/dw/shop/v24_5/orders/00021418/notes

06-09-2024T14:41:04 - [MESSAGE][PASSED] - totalplay.Common.verifyPropertyValueExist is PASSED

06-09-2024T14:41:04 - [TEST_STEP][PASSED] - totalplay.Common.verifyPropertyExist(PlaceOrder, order_no): totalplay.Common.verifyPropertyExist is PASSED

06-09-2024T14:41:04 - [MESSAGE][INFO] - Checking response object

06-09-2024T14:41:04 - [MESSAGE][PASSED] - totalplay.Common.verifyPropertyExist is PASSED

06-09-2024T14:41:04 - [TEST_STEP][PASSED] - totalplay.Common.verifyPropertyValueExist(PlaceOrder, order_no): totalplay.Common.verifyPropertyValueExist is PASSED

06-09-2024T14:41:04 - [MESSAGE][INFO] - Checking response object

06-09-2024T14:41:04 - [MESSAGE][INFO] - 00021418

06-09-2024T14:41:04 - [MESSAGE][PASSED] - totalplay.Common.verifyPropertyValueExist is PASSED

06-09-2024T14:41:04 - [TEST_STEP][PASSED] - totalplay.Common.verifyPropertyExist(PlaceOrder, order_token): totalplay.Common.verifyPropertyExist is PASSED

06-09-2024T14:41:04 - [MESSAGE][INFO] - Checking response object

06-09-2024T14:41:04 - [MESSAGE][PASSED] - totalplay.Common.verifyPropertyExist is PASSED

06-09-2024T14:41:04 - [TEST_STEP][PASSED] - totalplay.Common.verifyPropertyValueExist(PlaceOrder, order_token): totalplay.Common.verifyPropertyValueExist is PASSED

06-09-2024T14:41:04 - [MESSAGE][INFO] - Checking response object

06-09-2024T14:41:04 - [MESSAGE][INFO] - gazPi3hNXCBIbAAXleFZZF-mA-i-ZqlzPvTqHYdzRhQ

06-09-2024T14:41:04 - [MESSAGE][PASSED] - totalplay.Common.verifyPropertyValueExist is PASSED

06-09-2024T14:41:04 - [TEST_STEP][PASSED] - totalplay.Common.getDecimalValueofObject(PlaceOrder, order_total): totalplay.Common.getDecimalValueofObject is PASSED

06-09-2024T14:41:04 - [MESSAGE][INFO] - Checking response object

06-09-2024T14:41:04 - [MESSAGE][PASSED] - totalplay.Common.getDecimalValueofObject is PASSED

06-09-2024T14:41:04 - [TEST_STEP][PASSED] - totalplay.Common.verifyPropertyExist(PlaceOrder, payment_status): totalplay.Common.verifyPropertyExist is PASSED

06-09-2024T14:41:04 - [MESSAGE][INFO] - Checking response object

06-09-2024T14:41:04 - [MESSAGE][PASSED] - totalplay.Common.verifyPropertyExist is PASSED

06-09-2024T14:41:04 - [TEST_STEP][PASSED] - totalplay.Common.verifyPropertyValueExist(PlaceOrder, payment_status): totalplay.Common.verifyPropertyValueExist is PASSED

06-09-2024T14:41:04 - [MESSAGE][INFO] - Checking response object

06-09-2024T14:41:04 - [MESSAGE][INFO] - not_paid

06-09-2024T14:41:04 - [MESSAGE][PASSED] - totalplay.Common.verifyPropertyValueExist is PASSED

06-09-2024T14:41:04 - [TEST_STEP][PASSED] - totalplay.Common.getDecimalValueofObject(PlaceOrder, product_sub_total): totalplay.Common.getDecimalValueofObject is PASSED

06-09-2024T14:41:04 - [MESSAGE][INFO] - Checking response object

06-09-2024T14:41:04 - [MESSAGE][PASSED] - totalplay.Common.getDecimalValueofObject is PASSED

06-09-2024T14:41:04 - [TEST_STEP][PASSED] - totalplay.Common.getDecimalValueofObject(PlaceOrder, product_total): totalplay.Common.getDecimalValueofObject is PASSED

06-09-2024T14:41:04 - [MESSAGE][INFO] - Checking response object

06-09-2024T14:41:04 - [MESSAGE][PASSED] - totalplay.Common.getDecimalValueofObject is PASSED

06-09-2024T14:41:04 - [TEST_STEP][PASSED] - totalplay.Common.verifyPropertyExist(PlaceOrder, shipments_0__type): totalplay.Common.verifyPropertyExist is PASSED

06-09-2024T14:41:04 - [MESSAGE][INFO] - Checking response object

06-09-2024T14:41:05 - [MESSAGE][PASSED] - totalplay.Common.verifyPropertyExist is PASSED

06-09-2024T14:41:05 - [TEST_STEP][PASSED] - totalplay.Common.verifyPropertyValueExist(PlaceOrder, shipments_0__type): totalplay.Common.verifyPropertyValueExist is PASSED

06-09-2024T14:41:05 - [MESSAGE][INFO] - Checking response object

06-09-2024T14:41:05 - [MESSAGE][INFO] - shipment

06-09-2024T14:41:05 - [MESSAGE][PASSED] - totalplay.Common.verifyPropertyValueExist is PASSED

06-09-2024T14:41:05 - [TEST_STEP][PASSED] - totalplay.Common.getDecimalValueofObject(PlaceOrder, shipments_0_adjusted_merchandize_total_tax): totalplay.Common.getDecimalValueofObject is PASSED

06-09-2024T14:41:05 - [MESSAGE][INFO] - Checking response object

06-09-2024T14:41:05 - [MESSAGE][PASSED] - totalplay.Common.getDecimalValueofObject is PASSED

06-09-2024T14:41:05 - [TEST_STEP][PASSED] - totalplay.Common.getDecimalValueofObject(PlaceOrder, shipments_0_adjusted_shipping_total_tax): totalplay.Common.getDecimalValueofObject is PASSED

06-09-2024T14:41:05 - [MESSAGE][INFO] - Checking response object

06-09-2024T14:41:05 - [MESSAGE][PASSED] - totalplay.Common.getDecimalValueofObject is PASSED

06-09-2024T14:41:05 - [TEST_STEP][PASSED] - totalplay.Common.getBooleanValueofObject(PlaceOrder, shipments_0_gift): totalplay.Common.getBooleanValueofObject is PASSED

06-09-2024T14:41:05 - [MESSAGE][INFO] - Checking response object

06-09-2024T14:41:05 - [MESSAGE][PASSED] - totalplay.Common.getBooleanValueofObject is PASSED

06-09-2024T14:41:05 - [TEST_STEP][PASSED] - totalplay.Common.getDecimalValueofObject(PlaceOrder, shipments_0_merchandize_total_tax): totalplay.Common.getDecimalValueofObject is PASSED

06-09-2024T14:41:05 - [MESSAGE][INFO] - Checking response object

06-09-2024T14:41:05 - [MESSAGE][PASSED] - totalplay.Common.getDecimalValueofObject is PASSED

06-09-2024T14:41:05 - [TEST_STEP][PASSED] - totalplay.Common.getDecimalValueofObject(PlaceOrder, shipments_0_product_sub_total): totalplay.Common.getDecimalValueofObject is PASSED

06-09-2024T14:41:05 - [MESSAGE][INFO] - Checking response object

06-09-2024T14:41:05 - [MESSAGE][PASSED] - totalplay.Common.getDecimalValueofObject is PASSED

06-09-2024T14:41:05 - [TEST_STEP][PASSED] - totalplay.Common.getDecimalValueofObject(PlaceOrder, shipments_0_product_total): totalplay.Common.getDecimalValueofObject is PASSED

06-09-2024T14:41:05 - [MESSAGE][INFO] - Checking response object

06-09-2024T14:41:05 - [MESSAGE][PASSED] - totalplay.Common.getDecimalValueofObject is PASSED

06-09-2024T14:41:05 - [TEST_STEP][PASSED] - totalplay.Common.verifyPropertyExist(PlaceOrder, shipments_0_shipment_id): totalplay.Common.verifyPropertyExist is PASSED

06-09-2024T14:41:05 - [MESSAGE][INFO] - Checking response object

06-09-2024T14:41:05 - [MESSAGE][PASSED] - totalplay.Common.verifyPropertyExist is PASSED

06-09-2024T14:41:05 - [TEST_STEP][PASSED] - totalplay.Common.verifyPropertyValueExist(PlaceOrder, shipments_0_shipment_id): totalplay.Common.verifyPropertyValueExist is PASSED

06-09-2024T14:41:05 - [MESSAGE][INFO] - Checking response object

06-09-2024T14:41:05 - [MESSAGE][INFO] - 00021418-A

06-09-2024T14:41:05 - [MESSAGE][PASSED] - totalplay.Common.verifyPropertyValueExist is PASSED

06-09-2024T14:41:05 - [TEST_STEP][PASSED] - totalplay.Common.getDecimalValueofObject(PlaceOrder, shipments_0_shipment_total): totalplay.Common.getDecimalValueofObject is PASSED

06-09-2024T14:41:05 - [MESSAGE][INFO] - Checking response object

06-09-2024T14:41:05 - [MESSAGE][PASSED] - totalplay.Common.getDecimalValueofObject is PASSED

06-09-2024T14:41:05 - [TEST_STEP][PASSED] - totalplay.Common.verifyPropertyExist(PlaceOrder, shipments_0_shipping_address__type): totalplay.Common.verifyPropertyExist is PASSED

06-09-2024T14:41:05 - [MESSAGE][INFO] - Checking response object

06-09-2024T14:41:05 - [MESSAGE][PASSED] - totalplay.Common.verifyPropertyExist is PASSED

06-09-2024T14:41:05 - [TEST_STEP][PASSED] - totalplay.Common.verifyPropertyValueExist(PlaceOrder, shipments_0_shipping_address__type): totalplay.Common.verifyPropertyValueExist is PASSED

06-09-2024T14:41:05 - [MESSAGE][INFO] - Checking response object

06-09-2024T14:41:05 - [MESSAGE][INFO] - order_address

06-09-2024T14:41:05 - [MESSAGE][PASSED] - totalplay.Common.verifyPropertyValueExist is PASSED

06-09-2024T14:41:05 - [TEST_STEP][PASSED] - totalplay.Common.verifyPropertyExist(PlaceOrder, shipments_0_shipping_address_address1): totalplay.Common.verifyPropertyExist is PASSED

06-09-2024T14:41:05 - [MESSAGE][INFO] - Checking response object

06-09-2024T14:41:05 - [MESSAGE][PASSED] - totalplay.Common.verifyPropertyExist is PASSED

06-09-2024T14:41:05 - [TEST_STEP][PASSED] - totalplay.Common.verifyPropertyValueExist(PlaceOrder, shipments_0_shipping_address_address1): totalplay.Common.verifyPropertyValueExist is PASSED

06-09-2024T14:41:05 - [MESSAGE][INFO] - Checking response object

06-09-2024T14:41:05 - [MESSAGE][INFO] - Alejandro Dumas

06-09-2024T14:41:05 - [MESSAGE][PASSED] - totalplay.Common.verifyPropertyValueExist is PASSED

06-09-2024T14:41:05 - [TEST_STEP][PASSED] - totalplay.Common.verifyPropertyExist(PlaceOrder, shipments_0_shipping_address_city): totalplay.Common.verifyPropertyExist is PASSED

06-09-2024T14:41:05 - [MESSAGE][INFO] - Checking response object

06-09-2024T14:41:05 - [MESSAGE][PASSED] - totalplay.Common.verifyPropertyExist is PASSED

06-09-2024T14:41:05 - [TEST_STEP][PASSED] - totalplay.Common.verifyPropertyValueExist(PlaceOrder, shipments_0_shipping_address_city): totalplay.Common.verifyPropertyValueExist is PASSED

06-09-2024T14:41:05 - [MESSAGE][INFO] - Checking response object

06-09-2024T14:41:05 - [MESSAGE][INFO] - Ciudad de Mexico

06-09-2024T14:41:05 - [MESSAGE][PASSED] - totalplay.Common.verifyPropertyValueExist is PASSED

06-09-2024T14:41:05 - [TEST_STEP][PASSED] - totalplay.Common.verifyPropertyExist(PlaceOrder, shipments_0_shipping_address_country_code): totalplay.Common.verifyPropertyExist is PASSED

06-09-2024T14:41:05 - [MESSAGE][INFO] - Checking response object

06-09-2024T14:41:05 - [MESSAGE][PASSED] - totalplay.Common.verifyPropertyExist is PASSED

06-09-2024T14:41:05 - [TEST_STEP][PASSED] - totalplay.Common.verifyPropertyValueExist(PlaceOrder, shipments_0_shipping_address_country_code): totalplay.Common.verifyPropertyValueExist is PASSED

06-09-2024T14:41:05 - [MESSAGE][INFO] - Checking response object

06-09-2024T14:41:05 - [MESSAGE][INFO] - MX

06-09-2024T14:41:05 - [MESSAGE][PASSED] - totalplay.Common.verifyPropertyValueExist is PASSED

06-09-2024T14:41:05 - [TEST_STEP][PASSED] - totalplay.Common.verifyPropertyExist(PlaceOrder, shipments_0_shipping_address_first_name): totalplay.Common.verifyPropertyExist is PASSED

06-09-2024T14:41:05 - [MESSAGE][INFO] - Checking response object

06-09-2024T14:41:05 - [MESSAGE][PASSED] - totalplay.Common.verifyPropertyExist is PASSED

06-09-2024T14:41:05 - [TEST_STEP][PASSED] - totalplay.Common.verifyPropertyValueExist(PlaceOrder, shipments_0_shipping_address_first_name): totalplay.Common.verifyPropertyValueExist is PASSED

06-09-2024T14:41:05 - [MESSAGE][INFO] - Checking response object

06-09-2024T14:41:05 - [MESSAGE][INFO] - CESAR

06-09-2024T14:41:05 - [MESSAGE][PASSED] - totalplay.Common.verifyPropertyValueExist is PASSED

06-09-2024T14:41:05 - [TEST_STEP][PASSED] - totalplay.Common.verifyPropertyExist(PlaceOrder, shipments_0_shipping_address_full_name): totalplay.Common.verifyPropertyExist is PASSED

06-09-2024T14:41:05 - [MESSAGE][INFO] - Checking response object

06-09-2024T14:41:05 - [MESSAGE][PASSED] - totalplay.Common.verifyPropertyExist is PASSED

06-09-2024T14:41:05 - [TEST_STEP][PASSED] - totalplay.Common.verifyPropertyValueExist(PlaceOrder, shipments_0_shipping_address_full_name): totalplay.Common.verifyPropertyValueExist is PASSED

06-09-2024T14:41:05 - [MESSAGE][INFO] - Checking response object

06-09-2024T14:41:05 - [MESSAGE][INFO] - CESAR GERARDO WALDO GONZALEZ

06-09-2024T14:41:05 - [MESSAGE][PASSED] - totalplay.Common.verifyPropertyValueExist is PASSED

06-09-2024T14:41:05 - [TEST_STEP][PASSED] - totalplay.Common.verifyPropertyExist(PlaceOrder, shipments_0_shipping_address_id): totalplay.Common.verifyPropertyExist is PASSED

06-09-2024T14:41:05 - [MESSAGE][INFO] - Checking response object

06-09-2024T14:41:05 - [MESSAGE][PASSED] - totalplay.Common.verifyPropertyExist is PASSED

06-09-2024T14:41:05 - [TEST_STEP][PASSED] - totalplay.Common.verifyPropertyValueExist(PlaceOrder, shipments_0_shipping_address_id): totalplay.Common.verifyPropertyValueExist is PASSED

06-09-2024T14:41:05 - [MESSAGE][INFO] - Checking response object

06-09-2024T14:41:05 - [MESSAGE][INFO] - 948150e70930e05e0cee7be3e3

06-09-2024T14:41:05 - [MESSAGE][PASSED] - totalplay.Common.verifyPropertyValueExist is PASSED

06-09-2024T14:41:05 - [TEST_STEP][PASSED] - totalplay.Common.verifyPropertyExist(PlaceOrder, shipments_0_shipping_address_last_name): totalplay.Common.verifyPropertyExist is PASSED

06-09-2024T14:41:05 - [MESSAGE][INFO] - Checking response object

06-09-2024T14:41:05 - [MESSAGE][PASSED] - totalplay.Common.verifyPropertyExist is PASSED

06-09-2024T14:41:05 - [TEST_STEP][PASSED] - totalplay.Common.verifyPropertyValueExist(PlaceOrder, shipments_0_shipping_address_last_name): totalplay.Common.verifyPropertyValueExist is PASSED

06-09-2024T14:41:05 - [MESSAGE][INFO] - Checking response object

06-09-2024T14:41:05 - [MESSAGE][INFO] - GERARDO WALDO GONZALEZ

06-09-2024T14:41:05 - [MESSAGE][PASSED] - totalplay.Common.verifyPropertyValueExist is PASSED

06-09-2024T14:41:05 - [TEST_STEP][PASSED] - totalplay.Common.verifyPropertyExist(PlaceOrder, shipments_0_shipping_address_phone): totalplay.Common.verifyPropertyExist is PASSED

06-09-2024T14:41:05 - [MESSAGE][INFO] - Checking response object

06-09-2024T14:41:05 - [MESSAGE][PASSED] - totalplay.Common.verifyPropertyExist is PASSED

06-09-2024T14:41:05 - [TEST_STEP][PASSED] - totalplay.Common.verifyPropertyValueExist(PlaceOrder, shipments_0_shipping_address_phone): totalplay.Common.verifyPropertyValueExist is PASSED

06-09-2024T14:41:05 - [MESSAGE][INFO] - Checking response object

06-09-2024T14:41:05 - [MESSAGE][INFO] - 5579660270

06-09-2024T14:41:05 - [MESSAGE][PASSED] - totalplay.Common.verifyPropertyValueExist is PASSED

06-09-2024T14:41:05 - [TEST_STEP][PASSED] - totalplay.Common.verifyPropertyExist(PlaceOrder, shipments_0_shipping_address_postal_code): totalplay.Common.verifyPropertyExist is PASSED

06-09-2024T14:41:05 - [MESSAGE][INFO] - Checking response object

06-09-2024T14:41:05 - [MESSAGE][PASSED] - totalplay.Common.verifyPropertyExist is PASSED

06-09-2024T14:41:05 - [TEST_STEP][PASSED] - totalplay.Common.verifyPropertyValueExist(PlaceOrder, shipments_0_shipping_address_postal_code): totalplay.Common.verifyPropertyValueExist is PASSED

06-09-2024T14:41:05 - [MESSAGE][INFO] - Checking response object

06-09-2024T14:41:05 - [MESSAGE][INFO] - 11500

06-09-2024T14:41:05 - [MESSAGE][PASSED] - totalplay.Common.verifyPropertyValueExist is PASSED

06-09-2024T14:41:05 - [TEST_STEP][PASSED] - totalplay.Common.verifyPropertyExist(PlaceOrder, shipments_0_shipping_address_c_alias): totalplay.Common.verifyPropertyExist is PASSED

06-09-2024T14:41:05 - [MESSAGE][INFO] - Checking response object

06-09-2024T14:41:05 - [MESSAGE][PASSED] - totalplay.Common.verifyPropertyExist is PASSED

06-09-2024T14:41:05 - [TEST_STEP][PASSED] - totalplay.Common.verifyPropertyValueExist(PlaceOrder, shipments_0_shipping_address_c_alias): totalplay.Common.verifyPropertyValueExist is PASSED

06-09-2024T14:41:05 - [MESSAGE][INFO] - Checking response object

06-09-2024T14:41:06 - [MESSAGE][INFO] - CasaWaldoP

06-09-2024T14:41:06 - [MESSAGE][PASSED] - totalplay.Common.verifyPropertyValueExist is PASSED

06-09-2024T14:41:06 - [TEST_STEP][PASSED] - totalplay.Common.verifyPropertyExist(PlaceOrder, shipments_0_shipping_address_c_delegation): totalplay.Common.verifyPropertyExist is PASSED

06-09-2024T14:41:06 - [MESSAGE][INFO] - Checking response object

06-09-2024T14:41:06 - [MESSAGE][PASSED] - totalplay.Common.verifyPropertyExist is PASSED

06-09-2024T14:41:06 - [TEST_STEP][PASSED] - totalplay.Common.verifyPropertyValueExist(PlaceOrder, shipments_0_shipping_address_c_delegation): totalplay.Common.verifyPropertyValueExist is PASSED

06-09-2024T14:41:06 - [MESSAGE][INFO] - Checking response object

06-09-2024T14:41:06 - [MESSAGE][INFO] - Miguel Hidalgo

06-09-2024T14:41:06 - [MESSAGE][PASSED] - totalplay.Common.verifyPropertyValueExist is PASSED

06-09-2024T14:41:06 - [TEST_STEP][PASSED] - totalplay.Common.verifyPropertyExist(PlaceOrder, shipments_0_shipping_address_c_label): totalplay.Common.verifyPropertyExist is PASSED

06-09-2024T14:41:06 - [MESSAGE][INFO] - Checking response object

06-09-2024T14:41:06 - [MESSAGE][PASSED] - totalplay.Common.verifyPropertyExist is PASSED

06-09-2024T14:41:06 - [TEST_STEP][PASSED] - totalplay.Common.verifyPropertyValueExist(PlaceOrder, shipments_0_shipping_address_c_label): totalplay.Common.verifyPropertyValueExist is PASSED

06-09-2024T14:41:06 - [MESSAGE][INFO] - Checking response object

06-09-2024T14:41:06 - [MESSAGE][INFO] - {"home":true,"company":false,"other":false}

06-09-2024T14:41:06 - [MESSAGE][PASSED] - totalplay.Common.verifyPropertyValueExist is PASSED

06-09-2024T14:41:06 - [TEST_STEP][PASSED] - totalplay.Common.verifyPropertyExist(PlaceOrder, shipments_0_shipping_address_c_latitude): totalplay.Common.verifyPropertyExist is PASSED

06-09-2024T14:41:06 - [MESSAGE][INFO] - Checking response object

06-09-2024T14:41:06 - [MESSAGE][PASSED] - totalplay.Common.verifyPropertyExist is PASSED

06-09-2024T14:41:06 - [TEST_STEP][PASSED] - totalplay.Common.verifyPropertyValueExist(PlaceOrder, shipments_0_shipping_address_c_latitude): totalplay.Common.verifyPropertyValueExist is PASSED

06-09-2024T14:41:06 - [MESSAGE][INFO] - Checking response object

06-09-2024T14:41:06 - [MESSAGE][INFO] - 19.439691

06-09-2024T14:41:06 - [MESSAGE][PASSED] - totalplay.Common.verifyPropertyValueExist is PASSED

06-09-2024T14:41:06 - [TEST_STEP][PASSED] - totalplay.Common.verifyPropertyExist(PlaceOrder, shipments_0_shipping_address_c_longitude): totalplay.Common.verifyPropertyExist is PASSED

06-09-2024T14:41:06 - [MESSAGE][INFO] - Checking response object

06-09-2024T14:41:06 - [MESSAGE][PASSED] - totalplay.Common.verifyPropertyExist is PASSED

06-09-2024T14:41:06 - [TEST_STEP][PASSED] - totalplay.Common.verifyPropertyValueExist(PlaceOrder, shipments_0_shipping_address_c_longitude): totalplay.Common.verifyPropertyValueExist is PASSED

06-09-2024T14:41:06 - [MESSAGE][INFO] - Checking response object

06-09-2024T14:41:06 - [MESSAGE][INFO] - -99.205670

06-09-2024T14:41:06 - [MESSAGE][PASSED] - totalplay.Common.verifyPropertyValueExist is PASSED

06-09-2024T14:41:06 - [TEST_STEP][PASSED] - totalplay.Common.verifyPropertyExist(PlaceOrder, shipments_0_shipping_address_c_nExt): totalplay.Common.verifyPropertyExist is PASSED

06-09-2024T14:41:06 - [MESSAGE][INFO] - Checking response object

06-09-2024T14:41:06 - [MESSAGE][PASSED] - totalplay.Common.verifyPropertyExist is PASSED

06-09-2024T14:41:06 - [TEST_STEP][PASSED] - totalplay.Common.verifyPropertyValueExist(PlaceOrder, shipments_0_shipping_address_c_nExt): totalplay.Common.verifyPropertyValueExist is PASSED

06-09-2024T14:41:06 - [MESSAGE][INFO] - Checking response object

06-09-2024T14:41:06 - [MESSAGE][INFO] - 107

06-09-2024T14:41:06 - [MESSAGE][PASSED] - totalplay.Common.verifyPropertyValueExist is PASSED

06-09-2024T14:41:06 - [TEST_STEP][PASSED] - totalplay.Common.verifyPropertyExist(PlaceOrder, shipments_0_shipping_address_c_neighborhood): totalplay.Common.verifyPropertyExist is PASSED

06-09-2024T14:41:06 - [MESSAGE][INFO] - Checking response object

06-09-2024T14:41:06 - [MESSAGE][PASSED] - totalplay.Common.verifyPropertyExist is PASSED

06-09-2024T14:41:06 - [TEST_STEP][PASSED] - totalplay.Common.verifyPropertyValueExist(PlaceOrder, shipments_0_shipping_address_c_neighborhood): totalplay.Common.verifyPropertyValueExist is PASSED

06-09-2024T14:41:06 - [MESSAGE][INFO] - Checking response object

06-09-2024T14:41:06 - [MESSAGE][INFO] - Polanco

06-09-2024T14:41:06 - [MESSAGE][PASSED] - totalplay.Common.verifyPropertyValueExist is PASSED

06-09-2024T14:41:06 - [TEST_STEP][PASSED] - totalplay.Common.verifyPropertyExist(PlaceOrder, shipments_0_shipping_address_c_references): totalplay.Common.verifyPropertyExist is PASSED

06-09-2024T14:41:06 - [MESSAGE][INFO] - Checking response object

06-09-2024T14:41:06 - [MESSAGE][PASSED] - totalplay.Common.verifyPropertyExist is PASSED

06-09-2024T14:41:06 - [TEST_STEP][PASSED] - totalplay.Common.verifyPropertyValueExist(PlaceOrder, shipments_0_shipping_address_c_references): totalplay.Common.verifyPropertyValueExist is PASSED

06-09-2024T14:41:06 - [MESSAGE][INFO] - Checking response object

06-09-2024T14:41:06 - [MESSAGE][INFO] - Llamar al llegar

06-09-2024T14:41:06 - [MESSAGE][PASSED] - totalplay.Common.verifyPropertyValueExist is PASSED

06-09-2024T14:41:06 - [TEST_STEP][PASSED] - totalplay.Common.verifyPropertyExist(PlaceOrder, shipments_0_shipping_address_c_rfc): totalplay.Common.verifyPropertyExist is PASSED

06-09-2024T14:41:06 - [MESSAGE][INFO] - Checking response object

06-09-2024T14:41:06 - [MESSAGE][PASSED] - totalplay.Common.verifyPropertyExist is PASSED

06-09-2024T14:42:40 - [TEST_STEP][PASSED] - totalplay.Common.verifyPropertyValueExist(PlaceOrder, shipments_0_shipping_address_c_rfc): totalplay.Common.verifyPropertyValueExist is PASSED

06-09-2024T14:42:40 - [MESSAGE][INFO] - Checking response object

06-09-2024T14:42:40 - [MESSAGE][INFO] - XAXA010101111

06-09-2024T14:42:40 - [MESSAGE][PASSED] - totalplay.Common.verifyPropertyValueExist is PASSED

06-09-2024T14:42:40 - [TEST_STEP][PASSED] - totalplay.Common.verifyPropertyExist(PlaceOrder, shipments_0_shipping_address_c_state): totalplay.Common.verifyPropertyExist is PASSED

06-09-2024T14:42:40 - [MESSAGE][INFO] - Checking response object

06-09-2024T14:42:40 - [MESSAGE][PASSED] - totalplay.Common.verifyPropertyExist is PASSED

06-09-2024T14:42:40 - [TEST_STEP][PASSED] - totalplay.Common.verifyPropertyValueExist(PlaceOrder, shipments_0_shipping_address_c_state): totalplay.Common.verifyPropertyValueExist is PASSED

06-09-2024T14:42:40 - [MESSAGE][INFO] - Checking response object

06-09-2024T14:42:40 - [MESSAGE][INFO] - CDMX

06-09-2024T14:42:40 - [MESSAGE][PASSED] - totalplay.Common.verifyPropertyValueExist is PASSED

06-09-2024T14:42:40 - [TEST_STEP][PASSED] - totalplay.Common.verifyPropertyExist(PlaceOrder, shipments_0_shipping_address_c_streetName): totalplay.Common.verifyPropertyExist is PASSED

06-09-2024T14:42:40 - [MESSAGE][INFO] - Checking response object

06-09-2024T14:42:40 - [MESSAGE][PASSED] - totalplay.Common.verifyPropertyExist is PASSED

06-09-2024T14:42:40 - [TEST_STEP][PASSED] - totalplay.Common.verifyPropertyValueExist(PlaceOrder, shipments_0_shipping_address_c_streetName): totalplay.Common.verifyPropertyValueExist is PASSED

06-09-2024T14:42:40 - [MESSAGE][INFO] - Checking response object

06-09-2024T14:42:40 - [MESSAGE][INFO] - Alejandro Dumas

06-09-2024T14:42:40 - [MESSAGE][PASSED] - totalplay.Common.verifyPropertyValueExist is PASSED

06-09-2024T14:42:40 - [TEST_STEP][PASSED] - totalplay.Common.verifyPropertyExist(PlaceOrder, shipments_0_shipping_method__type): totalplay.Common.verifyPropertyExist is PASSED

06-09-2024T14:42:40 - [MESSAGE][INFO] - Checking response object

06-09-2024T14:42:40 - [MESSAGE][PASSED] - totalplay.Common.verifyPropertyExist is PASSED

06-09-2024T14:42:40 - [TEST_STEP][PASSED] - totalplay.Common.verifyPropertyValueExist(PlaceOrder, shipments_0_shipping_method__type): totalplay.Common.verifyPropertyValueExist is PASSED

06-09-2024T14:42:40 - [MESSAGE][INFO] - Checking response object

06-09-2024T14:42:40 - [MESSAGE][INFO] - shipping_method

06-09-2024T14:42:40 - [MESSAGE][PASSED] - totalplay.Common.verifyPropertyValueExist is PASSED

06-09-2024T14:42:40 - [TEST_STEP][PASSED] - totalplay.Common.verifyPropertyExist(PlaceOrder, shipments_0_shipping_method_description): totalplay.Common.verifyPropertyExist is PASSED

06-09-2024T14:42:40 - [MESSAGE][INFO] - Checking response object

06-09-2024T14:42:40 - [MESSAGE][PASSED] - totalplay.Common.verifyPropertyExist is PASSED

06-09-2024T14:42:40 - [TEST_STEP][PASSED] - totalplay.Common.verifyPropertyValueExist(PlaceOrder, shipments_0_shipping_method_description): totalplay.Common.verifyPropertyValueExist is PASSED

06-09-2024T14:42:40 - [MESSAGE][INFO] - Checking response object

06-09-2024T14:42:40 - [MESSAGE][INFO] - pickup

06-09-2024T14:42:40 - [MESSAGE][PASSED] - totalplay.Common.verifyPropertyValueExist is PASSED

06-09-2024T14:42:40 - [TEST_STEP][PASSED] - totalplay.Common.verifyPropertyExist(PlaceOrder, shipments_0_shipping_method_name): totalplay.Common.verifyPropertyExist is PASSED

06-09-2024T14:42:40 - [MESSAGE][INFO] - Checking response object

06-09-2024T14:42:40 - [MESSAGE][PASSED] - totalplay.Common.verifyPropertyExist is PASSED

06-09-2024T14:42:40 - [TEST_STEP][PASSED] - totalplay.Common.verifyPropertyValueExist(PlaceOrder, shipments_0_shipping_method_name): totalplay.Common.verifyPropertyValueExist is PASSED

06-09-2024T14:42:40 - [MESSAGE][INFO] - Checking response object

06-09-2024T14:42:40 - [MESSAGE][INFO] - pickup

06-09-2024T14:42:40 - [MESSAGE][PASSED] - totalplay.Common.verifyPropertyValueExist is PASSED

06-09-2024T14:42:40 - [TEST_STEP][PASSED] - totalplay.Common.verifyPropertyExist(PlaceOrder, shipments_0_shipping_method_c_estimatedArrivalTime): totalplay.Common.verifyPropertyExist is PASSED

06-09-2024T14:42:40 - [MESSAGE][INFO] - Checking response object

06-09-2024T14:42:40 - [MESSAGE][PASSED] - totalplay.Common.verifyPropertyExist is PASSED

06-09-2024T14:42:40 - [TEST_STEP][PASSED] - totalplay.Common.verifyPropertyValueExist(PlaceOrder, shipments_0_shipping_method_c_estimatedArrivalTime): totalplay.Common.verifyPropertyValueExist is PASSED

06-09-2024T14:42:40 - [MESSAGE][INFO] - Checking response object

06-09-2024T14:42:40 - [MESSAGE][INFO] - 60 Mins

06-09-2024T14:42:40 - [MESSAGE][PASSED] - totalplay.Common.verifyPropertyValueExist is PASSED

06-09-2024T14:42:40 - [TEST_STEP][PASSED] - totalplay.Common.getBooleanValueofObject(PlaceOrder, shipments_0_shipping_method_c_storePickupEnabled): totalplay.Common.getBooleanValueofObject is PASSED

06-09-2024T14:42:40 - [MESSAGE][INFO] - Checking response object

06-09-2024T14:42:40 - [MESSAGE][PASSED] - totalplay.Common.getBooleanValueofObject is PASSED

06-09-2024T14:42:40 - [TEST_STEP][PASSED] - totalplay.Common.verifyPropertyExist(PlaceOrder, shipments_0_shipping_status): totalplay.Common.verifyPropertyExist is PASSED

06-09-2024T14:42:40 - [MESSAGE][INFO] - Checking response object

06-09-2024T14:42:40 - [MESSAGE][PASSED] - totalplay.Common.verifyPropertyExist is PASSED

06-09-2024T14:42:40 - [TEST_STEP][PASSED] - totalplay.Common.verifyPropertyValueExist(PlaceOrder, shipments_0_shipping_status): totalplay.Common.verifyPropertyValueExist is PASSED

06-09-2024T14:42:40 - [MESSAGE][INFO] - Checking response object

06-09-2024T14:42:40 - [MESSAGE][INFO] - not_shipped

06-09-2024T14:42:40 - [MESSAGE][PASSED] - totalplay.Common.verifyPropertyValueExist is PASSED

06-09-2024T14:42:40 - [TEST_STEP][PASSED] - totalplay.Common.getDecimalValueofObject(PlaceOrder, shipments_0_shipping_total): totalplay.Common.getDecimalValueofObject is PASSED

06-09-2024T14:42:40 - [MESSAGE][INFO] - Checking response object

06-09-2024T14:42:40 - [MESSAGE][PASSED] - totalplay.Common.getDecimalValueofObject is PASSED

06-09-2024T14:42:40 - [TEST_STEP][PASSED] - totalplay.Common.getDecimalValueofObject(PlaceOrder, shipments_0_shipping_total_tax): totalplay.Common.getDecimalValueofObject is PASSED

06-09-2024T14:42:40 - [MESSAGE][INFO] - Checking response object

06-09-2024T14:42:40 - [MESSAGE][PASSED] - totalplay.Common.getDecimalValueofObject is PASSED

06-09-2024T14:42:40 - [TEST_STEP][PASSED] - totalplay.Common.getDecimalValueofObject(PlaceOrder, shipments_0_tax_total): totalplay.Common.getDecimalValueofObject is PASSED

06-09-2024T14:42:40 - [MESSAGE][INFO] - Checking response object

06-09-2024T14:42:40 - [MESSAGE][PASSED] - totalplay.Common.getDecimalValueofObject is PASSED

06-09-2024T14:42:40 - [TEST_STEP][PASSED] - totalplay.Common.getBooleanValueofObject(PlaceOrder, shipments_0_c_canCancel): totalplay.Common.getBooleanValueofObject is PASSED

06-09-2024T14:42:40 - [MESSAGE][INFO] - Checking response object

06-09-2024T14:42:40 - [MESSAGE][PASSED] - totalplay.Common.getBooleanValueofObject is PASSED

06-09-2024T14:42:40 - [TEST_STEP][PASSED] - totalplay.Common.getBooleanValueofObject(PlaceOrder, shipments_0_c_canEvaluate): totalplay.Common.getBooleanValueofObject is PASSED

06-09-2024T14:42:40 - [MESSAGE][INFO] - Checking response object

06-09-2024T14:42:40 - [MESSAGE][PASSED] - totalplay.Common.getBooleanValueofObject is PASSED

06-09-2024T14:42:40 - [TEST_STEP][PASSED] - totalplay.Common.getBooleanValueofObject(PlaceOrder, shipments_0_c_hasIncident): totalplay.Common.getBooleanValueofObject is PASSED

06-09-2024T14:42:40 - [MESSAGE][INFO] - Checking response object

06-09-2024T14:42:40 - [MESSAGE][PASSED] - totalplay.Common.getBooleanValueofObject is PASSED

06-09-2024T14:42:40 - [TEST_STEP][PASSED] - totalplay.Common.getBooleanValueofObject(PlaceOrder, shipments_0_c_hasInvoice): totalplay.Common.getBooleanValueofObject is PASSED

06-09-2024T14:42:40 - [MESSAGE][INFO] - Checking response object

06-09-2024T14:42:40 - [MESSAGE][PASSED] - totalplay.Common.getBooleanValueofObject is PASSED

06-09-2024T14:42:40 - [TEST_STEP][PASSED] - totalplay.Common.verifyPropertyExist(PlaceOrder, shipments_0_c_miraklOrderId): totalplay.Common.verifyPropertyExist is PASSED

06-09-2024T14:42:40 - [MESSAGE][INFO] - Checking response object

06-09-2024T14:42:40 - [MESSAGE][PASSED] - totalplay.Common.verifyPropertyExist is PASSED

06-09-2024T14:42:40 - [TEST_STEP][PASSED] - totalplay.Common.verifyPropertyValueExist(PlaceOrder, shipments_0_c_miraklOrderId): totalplay.Common.verifyPropertyValueExist is PASSED

06-09-2024T14:42:40 - [MESSAGE][INFO] - Checking response object

06-09-2024T14:42:40 - [MESSAGE][INFO] - 00021418-A

06-09-2024T14:42:40 - [MESSAGE][PASSED] - totalplay.Common.verifyPropertyValueExist is PASSED

06-09-2024T14:42:40 - [TEST_STEP][PASSED] - totalplay.Common.verifyPropertyExist(PlaceOrder, shipments_0_c_miraklOrderStatus): totalplay.Common.verifyPropertyExist is PASSED

06-09-2024T14:42:40 - [MESSAGE][INFO] - Checking response object

06-09-2024T14:42:40 - [MESSAGE][PASSED] - totalplay.Common.verifyPropertyExist is PASSED

06-09-2024T14:42:40 - [TEST_STEP][PASSED] - totalplay.Common.verifyPropertyValueExist(PlaceOrder, shipments_0_c_miraklOrderStatus): totalplay.Common.verifyPropertyValueExist is PASSED

06-09-2024T14:42:40 - [MESSAGE][INFO] - Checking response object

06-09-2024T14:42:40 - [MESSAGE][INFO] - WAITING_ACCEPTANCE

06-09-2024T14:42:40 - [MESSAGE][PASSED] - totalplay.Common.verifyPropertyValueExist is PASSED

06-09-2024T14:42:40 - [TEST_STEP][PASSED] - totalplay.Common.verifyPropertyExist(PlaceOrder, shipments_0_c_miraklShippingLabel): totalplay.Common.verifyPropertyExist is PASSED

06-09-2024T14:42:40 - [MESSAGE][INFO] - Checking response object

06-09-2024T14:42:40 - [MESSAGE][PASSED] - totalplay.Common.verifyPropertyExist is PASSED

06-09-2024T14:42:40 - [TEST_STEP][PASSED] - totalplay.Common.verifyPropertyValueExist(PlaceOrder, shipments_0_c_miraklShippingLabel): totalplay.Common.verifyPropertyValueExist is PASSED

06-09-2024T14:42:40 - [MESSAGE][INFO] - Checking response object

06-09-2024T14:42:40 - [MESSAGE][INFO] - Picker Express

06-09-2024T14:42:40 - [MESSAGE][PASSED] - totalplay.Common.verifyPropertyValueExist is PASSED

06-09-2024T14:42:40 - [TEST_STEP][PASSED] - totalplay.Common.getDecimalValueofObject(PlaceOrder, shipments_0_c_serviceCharge): totalplay.Common.getDecimalValueofObject is PASSED

06-09-2024T14:42:40 - [MESSAGE][INFO] - Checking response object

06-09-2024T14:42:40 - [MESSAGE][PASSED] - totalplay.Common.getDecimalValueofObject is PASSED

06-09-2024T14:42:40 - [TEST_STEP][PASSED] - totalplay.Common.verifyPropertyExist(PlaceOrder, shipments_0_c_shippingRates): totalplay.Common.verifyPropertyExist is PASSED

06-09-2024T14:42:40 - [MESSAGE][INFO] - Checking response object

06-09-2024T14:42:40 - [MESSAGE][PASSED] - totalplay.Common.verifyPropertyExist is PASSED

06-09-2024T14:42:40 - [TEST_STEP][PASSED] - totalplay.Common.verifyPropertyValueExist(PlaceOrder, shipments_0_c_shippingRates): totalplay.Common.verifyPropertyValueExist is PASSED

06-09-2024T14:42:40 - [MESSAGE][INFO] - Checking response object

06-09-2024T14:42:40 - [MESSAGE][INFO] - ["{\"shipCost\":40,\"idCotizacion\":\"PICK000000011878\"}"]

06-09-2024T14:42:40 - [MESSAGE][PASSED] - totalplay.Common.verifyPropertyValueExist is PASSED

06-09-2024T14:42:40 - [TEST_STEP][PASSED] - totalplay.Common.verifyPropertyExist(PlaceOrder, shipments_0_c_shopId): totalplay.Common.verifyPropertyExist is PASSED

06-09-2024T14:42:40 - [MESSAGE][INFO] - Checking response object

06-09-2024T14:42:41 - [MESSAGE][PASSED] - totalplay.Common.verifyPropertyExist is PASSED

06-09-2024T14:42:41 - [TEST_STEP][PASSED] - totalplay.Common.verifyPropertyValueExist(PlaceOrder, shipments_0_c_shopId): totalplay.Common.verifyPropertyValueExist is PASSED

06-09-2024T14:42:41 - [MESSAGE][INFO] - Checking response object

06-09-2024T14:42:41 - [MESSAGE][INFO] - 4158

06-09-2024T14:42:41 - [MESSAGE][PASSED] - totalplay.Common.verifyPropertyValueExist is PASSED

06-09-2024T14:42:41 - [TEST_STEP][PASSED] - totalplay.Common.verifyPropertyExist(PlaceOrder, shipments_0_c_shopName): totalplay.Common.verifyPropertyExist is PASSED

06-09-2024T14:42:41 - [MESSAGE][INFO] - Checking response object

06-09-2024T14:42:41 - [MESSAGE][PASSED] - totalplay.Common.verifyPropertyExist is PASSED

06-09-2024T14:42:41 - [TEST_STEP][PASSED] - totalplay.Common.verifyPropertyValueExist(PlaceOrder, shipments_0_c_shopName): totalplay.Common.verifyPropertyValueExist is PASSED

06-09-2024T14:42:41 - [MESSAGE][INFO] - Checking response object

06-09-2024T14:42:41 - [MESSAGE][INFO] - La Casa De Toño Polanco

06-09-2024T14:42:41 - [MESSAGE][PASSED] - totalplay.Common.verifyPropertyValueExist is PASSED

06-09-2024T14:42:41 - [TEST_STEP][PASSED] - totalplay.Common.getDecimalValueofObject(PlaceOrder, shipments_0_c_totalShippingCost): totalplay.Common.getDecimalValueofObject is PASSED

06-09-2024T14:42:41 - [MESSAGE][INFO] - Checking response object

06-09-2024T14:42:41 - [MESSAGE][PASSED] - totalplay.Common.getDecimalValueofObject is PASSED

06-09-2024T14:42:41 - [TEST_STEP][PASSED] - totalplay.Common.verifyPropertyExist(PlaceOrder, shipments_0_c_productItems_0__type): totalplay.Common.verifyPropertyExist is PASSED

06-09-2024T14:42:41 - [MESSAGE][INFO] - Checking response object

06-09-2024T14:42:41 - [MESSAGE][PASSED] - totalplay.Common.verifyPropertyExist is PASSED

06-09-2024T14:42:41 - [TEST_STEP][PASSED] - totalplay.Common.verifyPropertyValueExist(PlaceOrder, shipments_0_c_productItems_0__type): totalplay.Common.verifyPropertyValueExist is PASSED

06-09-2024T14:42:41 - [MESSAGE][INFO] - Checking response object

06-09-2024T14:42:41 - [MESSAGE][INFO] - product_item

06-09-2024T14:42:41 - [MESSAGE][PASSED] - totalplay.Common.verifyPropertyValueExist is PASSED

06-09-2024T14:42:41 - [TEST_STEP][PASSED] - totalplay.Common.getDecimalValueofObject(PlaceOrder, shipments_0_c_productItems_0_adjusted_tax): totalplay.Common.getDecimalValueofObject is PASSED

06-09-2024T14:42:41 - [MESSAGE][INFO] - Checking response object

06-09-2024T14:42:41 - [MESSAGE][PASSED] - totalplay.Common.getDecimalValueofObject is PASSED

06-09-2024T14:42:41 - [TEST_STEP][PASSED] - totalplay.Common.getDecimalValueofObject(PlaceOrder, shipments_0_c_productItems_0_base_price): totalplay.Common.getDecimalValueofObject is PASSED

06-09-2024T14:42:41 - [MESSAGE][INFO] - Checking response object

06-09-2024T14:42:41 - [MESSAGE][PASSED] - totalplay.Common.getDecimalValueofObject is PASSED

06-09-2024T14:42:41 - [TEST_STEP][PASSED] - totalplay.Common.getBooleanValueofObject(PlaceOrder, shipments_0_c_productItems_0_bonus_product_line_item): totalplay.Common.getBooleanValueofObject is PASSED

06-09-2024T14:42:41 - [MESSAGE][INFO] - Checking response object

06-09-2024T14:42:41 - [MESSAGE][PASSED] - totalplay.Common.getBooleanValueofObject is PASSED

06-09-2024T14:42:41 - [TEST_STEP][PASSED] - totalplay.Common.getBooleanValueofObject(PlaceOrder, shipments_0_c_productItems_0_gift): totalplay.Common.getBooleanValueofObject is PASSED

06-09-2024T14:42:41 - [MESSAGE][INFO] - Checking response object

06-09-2024T14:42:41 - [MESSAGE][PASSED] - totalplay.Common.getBooleanValueofObject is PASSED

06-09-2024T14:42:41 - [TEST_STEP][PASSED] - totalplay.Common.verifyPropertyExist(PlaceOrder, shipments_0_c_productItems_0_inventory_id): totalplay.Common.verifyPropertyExist is PASSED

06-09-2024T14:42:41 - [MESSAGE][INFO] - Checking response object

06-09-2024T14:42:41 - [MESSAGE][PASSED] - totalplay.Common.verifyPropertyExist is PASSED

06-09-2024T14:42:41 - [TEST_STEP][PASSED] - totalplay.Common.verifyPropertyValueExist(PlaceOrder, shipments_0_c_productItems_0_inventory_id): totalplay.Common.verifyPropertyValueExist is PASSED

06-09-2024T14:42:41 - [MESSAGE][INFO] - Checking response object

06-09-2024T14:42:41 - [MESSAGE][INFO] - inventory_m_food_mirakl

06-09-2024T14:42:41 - [MESSAGE][PASSED] - totalplay.Common.verifyPropertyValueExist is PASSED

06-09-2024T14:42:41 - [TEST_STEP][PASSED] - totalplay.Common.verifyPropertyExist(PlaceOrder, shipments_0_c_productItems_0_item_id): totalplay.Common.verifyPropertyExist is PASSED

06-09-2024T14:42:41 - [MESSAGE][INFO] - Checking response object

06-09-2024T14:42:41 - [MESSAGE][PASSED] - totalplay.Common.verifyPropertyExist is PASSED

06-09-2024T14:42:41 - [TEST_STEP][PASSED] - totalplay.Common.verifyPropertyValueExist(PlaceOrder, shipments_0_c_productItems_0_item_id): totalplay.Common.verifyPropertyValueExist is PASSED

06-09-2024T14:42:41 - [MESSAGE][INFO] - Checking response object

06-09-2024T14:42:41 - [MESSAGE][INFO] - 80f86f83997065901dd00c1463

06-09-2024T14:42:41 - [MESSAGE][PASSED] - totalplay.Common.verifyPropertyValueExist is PASSED

06-09-2024T14:42:41 - [TEST_STEP][PASSED] - totalplay.Common.verifyPropertyExist(PlaceOrder, shipments_0_c_productItems_0_item_text): totalplay.Common.verifyPropertyExist is PASSED

06-09-2024T14:42:41 - [MESSAGE][INFO] - Checking response object

06-09-2024T14:42:41 - [MESSAGE][PASSED] - totalplay.Common.verifyPropertyExist is PASSED

06-09-2024T14:42:41 - [TEST_STEP][PASSED] - totalplay.Common.verifyPropertyValueExist(PlaceOrder, shipments_0_c_productItems_0_item_text): totalplay.Common.verifyPropertyValueExist is PASSED

06-09-2024T14:42:41 - [MESSAGE][INFO] - Checking response object

06-09-2024T14:42:41 - [MESSAGE][INFO] - Orden de Maciza (100 g)

06-09-2024T14:42:41 - [MESSAGE][PASSED] - totalplay.Common.verifyPropertyValueExist is PASSED

06-09-2024T14:42:41 - [TEST_STEP][PASSED] - totalplay.Common.getDecimalValueofObject(PlaceOrder, shipments_0_c_productItems_0_price): totalplay.Common.getDecimalValueofObject is PASSED

06-09-2024T14:42:41 - [MESSAGE][INFO] - Checking response object

06-09-2024T14:42:41 - [MESSAGE][PASSED] - totalplay.Common.getDecimalValueofObject is PASSED

06-09-2024T14:42:41 - [TEST_STEP][PASSED] - totalplay.Common.getDecimalValueofObject(PlaceOrder, shipments_0_c_productItems_0_price_after_item_discount): totalplay.Common.getDecimalValueofObject is PASSED

06-09-2024T14:42:41 - [MESSAGE][INFO] - Checking response object

06-09-2024T14:42:41 - [MESSAGE][PASSED] - totalplay.Common.getDecimalValueofObject is PASSED

06-09-2024T14:42:41 - [TEST_STEP][PASSED] - totalplay.Common.getDecimalValueofObject(PlaceOrder, shipments_0_c_productItems_0_price_after_order_discount): totalplay.Common.getDecimalValueofObject is PASSED

06-09-2024T14:42:41 - [MESSAGE][INFO] - Checking response object

06-09-2024T14:42:41 - [MESSAGE][PASSED] - totalplay.Common.getDecimalValueofObject is PASSED

06-09-2024T14:42:41 - [TEST_STEP][PASSED] - totalplay.Common.verifyPropertyExist(PlaceOrder, shipments_0_c_productItems_0_product_id): totalplay.Common.verifyPropertyExist is PASSED

06-09-2024T14:42:41 - [MESSAGE][INFO] - Checking response object

06-09-2024T14:42:41 - [MESSAGE][PASSED] - totalplay.Common.verifyPropertyExist is PASSED

06-09-2024T14:42:41 - [TEST_STEP][PASSED] - totalplay.Common.verifyPropertyValueExist(PlaceOrder, shipments_0_c_productItems_0_product_id): totalplay.Common.verifyPropertyValueExist is PASSED

06-09-2024T14:42:41 - [MESSAGE][INFO] - Checking response object

06-09-2024T14:42:41 - [MESSAGE][INFO] - C828554986

06-09-2024T14:42:41 - [MESSAGE][PASSED] - totalplay.Common.verifyPropertyValueExist is PASSED

06-09-2024T14:42:41 - [TEST_STEP][PASSED] - totalplay.Common.verifyPropertyExist(PlaceOrder, shipments_0_c_productItems_0_product_name): totalplay.Common.verifyPropertyExist is PASSED

06-09-2024T14:42:41 - [MESSAGE][INFO] - Checking response object

06-09-2024T14:42:41 - [MESSAGE][PASSED] - totalplay.Common.verifyPropertyExist is PASSED

06-09-2024T14:42:41 - [TEST_STEP][PASSED] - totalplay.Common.verifyPropertyValueExist(PlaceOrder, shipments_0_c_productItems_0_product_name): totalplay.Common.verifyPropertyValueExist is PASSED

06-09-2024T14:42:41 - [MESSAGE][INFO] - Checking response object

06-09-2024T14:42:41 - [MESSAGE][INFO] - Orden de Maciza (100 g)

06-09-2024T14:42:41 - [MESSAGE][PASSED] - totalplay.Common.verifyPropertyValueExist is PASSED

06-09-2024T14:42:41 - [TEST_STEP][PASSED] - totalplay.Common.getNumValueofObject(PlaceOrder, shipments_0_c_productItems_0_quantity): totalplay.Common.getNumValueofObject is PASSED

06-09-2024T14:42:41 - [MESSAGE][INFO] - Checking response object

06-09-2024T14:42:41 - [MESSAGE][PASSED] - totalplay.Common.getNumValueofObject is PASSED

06-09-2024T14:42:41 - [TEST_STEP][PASSED] - totalplay.Common.verifyPropertyExist(PlaceOrder, shipments_0_c_productItems_0_shipment_id): totalplay.Common.verifyPropertyExist is PASSED

06-09-2024T14:42:41 - [MESSAGE][INFO] - Checking response object

06-09-2024T14:42:41 - [MESSAGE][PASSED] - totalplay.Common.verifyPropertyExist is PASSED

06-09-2024T14:42:41 - [TEST_STEP][PASSED] - totalplay.Common.verifyPropertyValueExist(PlaceOrder, shipments_0_c_productItems_0_shipment_id): totalplay.Common.verifyPropertyValueExist is PASSED

06-09-2024T14:42:41 - [MESSAGE][INFO] - Checking response object

06-09-2024T14:42:41 - [MESSAGE][INFO] - me

06-09-2024T14:42:41 - [MESSAGE][PASSED] - totalplay.Common.verifyPropertyValueExist is PASSED

06-09-2024T14:42:41 - [TEST_STEP][PASSED] - totalplay.Common.getDecimalValueofObject(PlaceOrder, shipments_0_c_productItems_0_tax): totalplay.Common.getDecimalValueofObject is PASSED

06-09-2024T14:42:41 - [MESSAGE][INFO] - Checking response object

06-09-2024T14:42:41 - [MESSAGE][PASSED] - totalplay.Common.getDecimalValueofObject is PASSED

06-09-2024T14:42:41 - [TEST_STEP][PASSED] - totalplay.Common.getDecimalValueofObject(PlaceOrder, shipments_0_c_productItems_0_tax_basis): totalplay.Common.getDecimalValueofObject is PASSED

06-09-2024T14:42:41 - [MESSAGE][INFO] - Checking response object

06-09-2024T14:42:41 - [MESSAGE][PASSED] - totalplay.Common.getDecimalValueofObject is PASSED

06-09-2024T14:42:41 - [TEST_STEP][PASSED] - totalplay.Common.verifyPropertyExist(PlaceOrder, shipments_0_c_productItems_0_tax_class_id): totalplay.Common.verifyPropertyExist is PASSED

06-09-2024T14:42:41 - [MESSAGE][INFO] - Checking response object

06-09-2024T14:42:41 - [MESSAGE][PASSED] - totalplay.Common.verifyPropertyExist is PASSED

06-09-2024T14:42:41 - [TEST_STEP][PASSED] - totalplay.Common.verifyPropertyValueExist(PlaceOrder, shipments_0_c_productItems_0_tax_class_id): totalplay.Common.verifyPropertyValueExist is PASSED

06-09-2024T14:42:41 - [MESSAGE][INFO] - Checking response object

06-09-2024T14:42:41 - [MESSAGE][INFO] - product_zero_tax

06-09-2024T14:42:41 - [MESSAGE][PASSED] - totalplay.Common.verifyPropertyValueExist is PASSED

06-09-2024T14:42:41 - [TEST_STEP][PASSED] - totalplay.Common.getDecimalValueofObject(PlaceOrder, shipments_0_c_productItems_0_tax_rate): totalplay.Common.getDecimalValueofObject is PASSED

06-09-2024T14:42:41 - [MESSAGE][INFO] - Checking response object

06-09-2024T14:42:41 - [MESSAGE][PASSED] - totalplay.Common.getDecimalValueofObject is PASSED

06-09-2024T14:42:41 - [TEST_STEP][PASSED] - totalplay.Common.verifyPropertyExist(PlaceOrder, shipments_0_c_productItems_0_c_fromStoreId): totalplay.Common.verifyPropertyExist is PASSED

06-09-2024T14:42:41 - [MESSAGE][INFO] - Checking response object

06-09-2024T14:42:41 - [MESSAGE][PASSED] - totalplay.Common.verifyPropertyExist is PASSED

06-09-2024T14:42:41 - [TEST_STEP][PASSED] - totalplay.Common.verifyPropertyValueExist(PlaceOrder, shipments_0_c_productItems_0_c_fromStoreId): totalplay.Common.verifyPropertyValueExist is PASSED

06-09-2024T14:42:41 - [MESSAGE][INFO] - Checking response object

06-09-2024T14:42:41 - [MESSAGE][INFO] - 4158

06-09-2024T14:42:41 - [MESSAGE][PASSED] - totalplay.Common.verifyPropertyValueExist is PASSED

06-09-2024T14:42:41 - [TEST_STEP][PASSED] - totalplay.Common.getBooleanValueofObject(PlaceOrder, shipments_0_c_productItems_0_c_isOnDemandStoreItem): totalplay.Common.getBooleanValueofObject is PASSED

06-09-2024T14:42:41 - [MESSAGE][INFO] - Checking response object

06-09-2024T14:42:41 - [MESSAGE][PASSED] - totalplay.Common.getBooleanValueofObject is PASSED

06-09-2024T14:42:41 - [TEST_STEP][PASSED] - totalplay.Common.verifyPropertyExist(PlaceOrder, shipments_0_c_productItems_0_c_miraklChannels): totalplay.Common.verifyPropertyExist is PASSED

06-09-2024T14:42:41 - [MESSAGE][INFO] - Checking response object

06-09-2024T14:42:42 - [MESSAGE][PASSED] - totalplay.Common.verifyPropertyExist is PASSED

06-09-2024T14:42:42 - [TEST_STEP][PASSED] - totalplay.Common.verifyPropertyValueExist(PlaceOrder, shipments_0_c_productItems_0_c_miraklChannels): totalplay.Common.verifyPropertyValueExist is PASSED

06-09-2024T14:42:42 - [MESSAGE][INFO] - Checking response object

06-09-2024T14:42:42 - [MESSAGE][INFO] - ["INIT"]

06-09-2024T14:42:42 - [MESSAGE][PASSED] - totalplay.Common.verifyPropertyValueExist is PASSED

06-09-2024T14:42:42 - [TEST_STEP][PASSED] - totalplay.Common.getDecimalValueofObject(PlaceOrder, shipments_0_c_productItems_0_c_miraklEarliestDeliveryDays): totalplay.Common.getDecimalValueofObject is PASSED

06-09-2024T14:42:42 - [MESSAGE][INFO] - Checking response object

06-09-2024T14:42:42 - [MESSAGE][PASSED] - totalplay.Common.getDecimalValueofObject is PASSED

06-09-2024T14:42:42 - [TEST_STEP][PASSED] - totalplay.Common.getDecimalValueofObject(PlaceOrder, shipments_0_c_productItems_0_c_miraklLatestDeliveryDays): totalplay.Common.getDecimalValueofObject is PASSED

06-09-2024T14:42:42 - [MESSAGE][INFO] - Checking response object

06-09-2024T14:42:42 - [MESSAGE][PASSED] - totalplay.Common.getDecimalValueofObject is PASSED

06-09-2024T14:42:42 - [TEST_STEP][PASSED] - totalplay.Common.verifyPropertyExist(PlaceOrder, shipments_0_c_productItems_0_c_miraklLeadTimeToShip): totalplay.Common.verifyPropertyExist is PASSED

06-09-2024T14:42:42 - [MESSAGE][INFO] - Checking response object

06-09-2024T14:42:42 - [MESSAGE][PASSED] - totalplay.Common.verifyPropertyExist is PASSED

06-09-2024T14:42:42 - [TEST_STEP][PASSED] - totalplay.Common.verifyPropertyValueExist(PlaceOrder, shipments_0_c_productItems_0_c_miraklLeadTimeToShip): totalplay.Common.verifyPropertyValueExist is PASSED

06-09-2024T14:42:42 - [MESSAGE][INFO] - Checking response object

06-09-2024T14:42:42 - [MESSAGE][INFO] - 2

06-09-2024T14:42:42 - [MESSAGE][PASSED] - totalplay.Common.verifyPropertyValueExist is PASSED

06-09-2024T14:42:42 - [TEST_STEP][PASSED] - totalplay.Common.verifyPropertyExist(PlaceOrder, shipments_0_c_productItems_0_c_miraklLineShippingPrice): totalplay.Common.verifyPropertyExist is PASSED

06-09-2024T14:42:42 - [MESSAGE][INFO] - Checking response object

06-09-2024T14:42:42 - [MESSAGE][PASSED] - totalplay.Common.verifyPropertyExist is PASSED

06-09-2024T14:42:42 - [TEST_STEP][PASSED] - totalplay.Common.verifyPropertyValueExist(PlaceOrder, shipments_0_c_productItems_0_c_miraklLineShippingPrice): totalplay.Common.verifyPropertyValueExist is PASSED

06-09-2024T14:42:42 - [MESSAGE][INFO] - Checking response object

06-09-2024T14:42:42 - [MESSAGE][INFO] - 0

06-09-2024T14:42:42 - [MESSAGE][PASSED] - totalplay.Common.verifyPropertyValueExist is PASSED

06-09-2024T14:42:42 - [TEST_STEP][PASSED] - totalplay.Common.verifyPropertyExist(PlaceOrder, shipments_0_c_productItems_0_c_miraklOperatorProductId): totalplay.Common.verifyPropertyExist is PASSED

06-09-2024T14:42:42 - [MESSAGE][INFO] - Checking response object

06-09-2024T14:42:42 - [MESSAGE][PASSED] - totalplay.Common.verifyPropertyExist is PASSED

06-09-2024T14:42:42 - [TEST_STEP][PASSED] - totalplay.Common.verifyPropertyValueExist(PlaceOrder, shipments_0_c_productItems_0_c_miraklOperatorProductId): totalplay.Common.verifyPropertyValueExist is PASSED

06-09-2024T14:42:42 - [MESSAGE][INFO] - Checking response object

06-09-2024T14:42:42 - [MESSAGE][INFO] - C828554986

06-09-2024T14:42:42 - [MESSAGE][PASSED] - totalplay.Common.verifyPropertyValueExist is PASSED

06-09-2024T14:42:42 - [TEST_STEP][PASSED] - totalplay.Common.getNumValueofObject(PlaceOrder, shipments_0_c_productItems_0_c_noOfPersons): totalplay.Common.getNumValueofObject is PASSED

06-09-2024T14:42:42 - [MESSAGE][INFO] - Checking response object

06-09-2024T14:42:42 - [MESSAGE][PASSED] - totalplay.Common.getNumValueofObject is PASSED

06-09-2024T14:42:42 - [TEST_STEP][PASSED] - totalplay.Common.verifyPropertyExist(PlaceOrder, shipments_0_c_productItems_0_c_offerId): totalplay.Common.verifyPropertyExist is PASSED

06-09-2024T14:42:42 - [MESSAGE][INFO] - Checking response object

06-09-2024T14:42:42 - [MESSAGE][PASSED] - totalplay.Common.verifyPropertyExist is PASSED

06-09-2024T14:42:42 - [TEST_STEP][PASSED] - totalplay.Common.verifyPropertyValueExist(PlaceOrder, shipments_0_c_productItems_0_c_offerId): totalplay.Common.verifyPropertyValueExist is PASSED

06-09-2024T14:42:42 - [MESSAGE][INFO] - Checking response object

06-09-2024T14:42:42 - [MESSAGE][INFO] - 541185

06-09-2024T14:42:42 - [MESSAGE][PASSED] - totalplay.Common.verifyPropertyValueExist is PASSED

06-09-2024T14:42:42 - [TEST_STEP][PASSED] - totalplay.Common.getDecimalValueofObject(PlaceOrder, shipments_0_c_productItems_0_c_offerSalesPrice): totalplay.Common.getDecimalValueofObject is PASSED

06-09-2024T14:42:42 - [MESSAGE][INFO] - Checking response object

06-09-2024T14:42:42 - [MESSAGE][PASSED] - totalplay.Common.getDecimalValueofObject is PASSED

06-09-2024T14:42:42 - [TEST_STEP][PASSED] - totalplay.Common.verifyPropertyExist(PlaceOrder, shipments_0_c_productItems_0_c_offerState): totalplay.Common.verifyPropertyExist is PASSED

06-09-2024T14:42:42 - [MESSAGE][INFO] - Checking response object

06-09-2024T14:42:42 - [MESSAGE][PASSED] - totalplay.Common.verifyPropertyExist is PASSED

06-09-2024T14:42:42 - [TEST_STEP][PASSED] - totalplay.Common.verifyPropertyValueExist(PlaceOrder, shipments_0_c_productItems_0_c_offerState): totalplay.Common.verifyPropertyValueExist is PASSED

06-09-2024T14:42:42 - [MESSAGE][INFO] - Checking response object

06-09-2024T14:42:42 - [MESSAGE][INFO] - Nuevo

06-09-2024T14:42:42 - [MESSAGE][PASSED] - totalplay.Common.verifyPropertyValueExist is PASSED

06-09-2024T14:42:42 - [TEST_STEP][PASSED] - totalplay.Common.verifyPropertyExist(PlaceOrder, shipments_0_c_productItems_0_c_offerStateCode): totalplay.Common.verifyPropertyExist is PASSED

06-09-2024T14:42:42 - [MESSAGE][INFO] - Checking response object

06-09-2024T14:42:42 - [MESSAGE][PASSED] - totalplay.Common.verifyPropertyExist is PASSED

06-09-2024T14:42:42 - [TEST_STEP][PASSED] - totalplay.Common.verifyPropertyValueExist(PlaceOrder, shipments_0_c_productItems_0_c_offerStateCode): totalplay.Common.verifyPropertyValueExist is PASSED

06-09-2024T14:42:42 - [MESSAGE][INFO] - Checking response object

06-09-2024T14:42:42 - [MESSAGE][INFO] - 11

06-09-2024T14:42:42 - [MESSAGE][PASSED] - totalplay.Common.verifyPropertyValueExist is PASSED

06-09-2024T14:42:42 - [TEST_STEP][PASSED] - totalplay.Common.verifyPropertyExist(PlaceOrder, shipments_0_c_productItems_0_c_shopId): totalplay.Common.verifyPropertyExist is PASSED

06-09-2024T14:42:42 - [MESSAGE][INFO] - Checking response object

06-09-2024T14:42:42 - [MESSAGE][PASSED] - totalplay.Common.verifyPropertyExist is PASSED

06-09-2024T14:42:42 - [TEST_STEP][PASSED] - totalplay.Common.verifyPropertyValueExist(PlaceOrder, shipments_0_c_productItems_0_c_shopId): totalplay.Common.verifyPropertyValueExist is PASSED

06-09-2024T14:42:42 - [MESSAGE][INFO] - Checking response object

06-09-2024T14:42:42 - [MESSAGE][INFO] - 4158

06-09-2024T14:42:42 - [MESSAGE][PASSED] - totalplay.Common.verifyPropertyValueExist is PASSED

06-09-2024T14:42:42 - [TEST_STEP][PASSED] - totalplay.Common.verifyPropertyExist(PlaceOrder, shipments_0_c_productItems_0_c_shopName): totalplay.Common.verifyPropertyExist is PASSED

06-09-2024T14:42:42 - [MESSAGE][INFO] - Checking response object

06-09-2024T14:42:42 - [MESSAGE][PASSED] - totalplay.Common.verifyPropertyExist is PASSED

06-09-2024T14:42:42 - [TEST_STEP][PASSED] - totalplay.Common.verifyPropertyValueExist(PlaceOrder, shipments_0_c_productItems_0_c_shopName): totalplay.Common.verifyPropertyValueExist is PASSED

06-09-2024T14:42:42 - [MESSAGE][INFO] - Checking response object

06-09-2024T14:42:42 - [MESSAGE][INFO] - La Casa De Toño Polanco

06-09-2024T14:42:42 - [MESSAGE][PASSED] - totalplay.Common.verifyPropertyValueExist is PASSED

06-09-2024T14:42:42 - [TEST_STEP][PASSED] - totalplay.Common.getDecimalValueofObject(PlaceOrder, shipments_0_c_productItems_0_c_total_crossed_price): totalplay.Common.getDecimalValueofObject is PASSED

06-09-2024T14:42:42 - [MESSAGE][INFO] - Checking response object

06-09-2024T14:42:42 - [MESSAGE][PASSED] - totalplay.Common.getDecimalValueofObject is PASSED

06-09-2024T14:42:42 - [TEST_STEP][PASSED] - totalplay.Common.getDecimalValueofObject(PlaceOrder, shipments_0_c_productItems_0_c_priceWithComplement): totalplay.Common.getDecimalValueofObject is PASSED

06-09-2024T14:42:42 - [MESSAGE][INFO] - Checking response object

06-09-2024T14:42:42 - [MESSAGE][PASSED] - totalplay.Common.getDecimalValueofObject is PASSED

06-09-2024T14:42:42 - [TEST_STEP][PASSED] - totalplay.Common.verifyPropertyExist(PlaceOrder, shipments_0_c_productItems_0_c_imagesData_large_0_alt): totalplay.Common.verifyPropertyExist is PASSED

06-09-2024T14:42:42 - [MESSAGE][INFO] - Checking response object

06-09-2024T14:42:42 - [MESSAGE][PASSED] - totalplay.Common.verifyPropertyExist is PASSED

06-09-2024T14:42:42 - [TEST_STEP][PASSED] - totalplay.Common.verifyPropertyValueExist(PlaceOrder, shipments_0_c_productItems_0_c_imagesData_large_0_alt): totalplay.Common.verifyPropertyValueExist is PASSED

06-09-2024T14:42:42 - [MESSAGE][INFO] - Checking response object

06-09-2024T14:42:42 - [MESSAGE][INFO] - Orden de Maciza (100 g)

06-09-2024T14:42:42 - [MESSAGE][PASSED] - totalplay.Common.verifyPropertyValueExist is PASSED

06-09-2024T14:42:42 - [TEST_STEP][PASSED] - totalplay.Common.verifyPropertyValueEmptyString(PlaceOrder, shipments_0_c_productItems_0_c_imagesData_large_0_url): totalplay.Common.verifyPropertyValueEmptyString is PASSED

06-09-2024T14:42:42 - [MESSAGE][INFO] - Checking response object

06-09-2024T14:42:42 - [MESSAGE][INFO] - 

06-09-2024T14:42:42 - [MESSAGE][PASSED] - totalplay.Common.verifyPropertyValueEmptyString is PASSED

06-09-2024T14:42:42 - [TEST_STEP][PASSED] - totalplay.Common.verifyPropertyExist(PlaceOrder, shipments_0_c_productItems_0_c_imagesData_large_0_title): totalplay.Common.verifyPropertyExist is PASSED

06-09-2024T14:42:42 - [MESSAGE][INFO] - Checking response object

06-09-2024T14:42:42 - [MESSAGE][PASSED] - totalplay.Common.verifyPropertyExist is PASSED

06-09-2024T14:42:42 - [TEST_STEP][PASSED] - totalplay.Common.verifyPropertyValueExist(PlaceOrder, shipments_0_c_productItems_0_c_imagesData_large_0_title): totalplay.Common.verifyPropertyValueExist is PASSED

06-09-2024T14:42:42 - [MESSAGE][INFO] - Checking response object

06-09-2024T14:42:42 - [MESSAGE][INFO] - Orden de Maciza (100 g)

06-09-2024T14:42:42 - [MESSAGE][PASSED] - totalplay.Common.verifyPropertyValueExist is PASSED

06-09-2024T14:42:42 - [TEST_STEP][PASSED] - totalplay.Common.verifyPropertyExist(PlaceOrder, shipments_0_c_paymentInstruments_0__type): totalplay.Common.verifyPropertyExist is PASSED

06-09-2024T14:42:42 - [MESSAGE][INFO] - Checking response object

06-09-2024T14:42:42 - [MESSAGE][PASSED] - totalplay.Common.verifyPropertyExist is PASSED

06-09-2024T14:42:42 - [TEST_STEP][PASSED] - totalplay.Common.verifyPropertyValueExist(PlaceOrder, shipments_0_c_paymentInstruments_0__type): totalplay.Common.verifyPropertyValueExist is PASSED

06-09-2024T14:42:42 - [MESSAGE][INFO] - Checking response object

06-09-2024T14:42:42 - [MESSAGE][INFO] - order_payment_instrument

06-09-2024T14:42:42 - [MESSAGE][PASSED] - totalplay.Common.verifyPropertyValueExist is PASSED

06-09-2024T14:42:42 - [TEST_STEP][PASSED] - totalplay.Common.getDecimalValueofObject(PlaceOrder, shipments_0_c_paymentInstruments_0_amount): totalplay.Common.getDecimalValueofObject is PASSED

06-09-2024T14:42:42 - [MESSAGE][INFO] - Checking response object

06-09-2024T14:42:42 - [MESSAGE][PASSED] - totalplay.Common.getDecimalValueofObject is PASSED

06-09-2024T14:42:42 - [TEST_STEP][PASSED] - totalplay.Common.verifyPropertyExist(PlaceOrder, shipments_0_c_paymentInstruments_0_payment_card__type): totalplay.Common.verifyPropertyExist is PASSED

06-09-2024T14:42:42 - [MESSAGE][INFO] - Checking response object

06-09-2024T14:42:42 - [MESSAGE][PASSED] - totalplay.Common.verifyPropertyExist is PASSED

06-09-2024T14:42:42 - [TEST_STEP][PASSED] - totalplay.Common.verifyPropertyValueExist(PlaceOrder, shipments_0_c_paymentInstruments_0_payment_card__type): totalplay.Common.verifyPropertyValueExist is PASSED

06-09-2024T14:42:42 - [MESSAGE][INFO] - Checking response object

06-09-2024T14:42:42 - [MESSAGE][INFO] - payment_card

06-09-2024T14:42:42 - [MESSAGE][PASSED] - totalplay.Common.verifyPropertyValueExist is PASSED

06-09-2024T14:42:42 - [TEST_STEP][PASSED] - totalplay.Common.verifyPropertyExist(PlaceOrder, shipments_0_c_paymentInstruments_0_payment_card_card_type): totalplay.Common.verifyPropertyExist is PASSED

06-09-2024T14:42:42 - [MESSAGE][INFO] - Checking response object

06-09-2024T14:42:42 - [MESSAGE][PASSED] - totalplay.Common.verifyPropertyExist is PASSED

06-09-2024T14:42:42 - [TEST_STEP][PASSED] - totalplay.Common.verifyPropertyValueExist(PlaceOrder, shipments_0_c_paymentInstruments_0_payment_card_card_type): totalplay.Common.verifyPropertyValueExist is PASSED

06-09-2024T14:42:42 - [MESSAGE][INFO] - Checking response object

06-09-2024T14:42:42 - [MESSAGE][INFO] - Visa

06-09-2024T14:42:42 - [MESSAGE][PASSED] - totalplay.Common.verifyPropertyValueExist is PASSED

06-09-2024T14:42:42 - [TEST_STEP][PASSED] - totalplay.Common.getBooleanValueofObject(PlaceOrder, shipments_0_c_paymentInstruments_0_payment_card_credit_card_expired): totalplay.Common.getBooleanValueofObject is PASSED

06-09-2024T14:42:42 - [MESSAGE][INFO] - Checking response object

06-09-2024T14:42:43 - [MESSAGE][PASSED] - totalplay.Common.getBooleanValueofObject is PASSED

06-09-2024T14:42:43 - [TEST_STEP][PASSED] - totalplay.Common.getNumValueofObject(PlaceOrder, shipments_0_c_paymentInstruments_0_payment_card_expiration_month): totalplay.Common.getNumValueofObject is PASSED

06-09-2024T14:42:43 - [MESSAGE][INFO] - Checking response object

06-09-2024T14:42:43 - [MESSAGE][PASSED] - totalplay.Common.getNumValueofObject is PASSED

06-09-2024T14:42:43 - [TEST_STEP][PASSED] - totalplay.Common.getNumValueofObject(PlaceOrder, shipments_0_c_paymentInstruments_0_payment_card_expiration_year): totalplay.Common.getNumValueofObject is PASSED

06-09-2024T14:42:43 - [MESSAGE][INFO] - Checking response object

06-09-2024T14:42:43 - [MESSAGE][PASSED] - totalplay.Common.getNumValueofObject is PASSED

06-09-2024T14:42:43 - [TEST_STEP][PASSED] - totalplay.Common.verifyPropertyExist(PlaceOrder, shipments_0_c_paymentInstruments_0_payment_card_holder): totalplay.Common.verifyPropertyExist is PASSED

06-09-2024T14:42:43 - [MESSAGE][INFO] - Checking response object

06-09-2024T14:42:43 - [MESSAGE][PASSED] - totalplay.Common.verifyPropertyExist is PASSED

06-09-2024T14:42:43 - [TEST_STEP][PASSED] - totalplay.Common.verifyPropertyValueExist(PlaceOrder, shipments_0_c_paymentInstruments_0_payment_card_holder): totalplay.Common.verifyPropertyValueExist is PASSED

06-09-2024T14:42:43 - [MESSAGE][INFO] - Checking response object

06-09-2024T14:42:43 - [MESSAGE][INFO] - Test Dev

06-09-2024T14:42:43 - [MESSAGE][PASSED] - totalplay.Common.verifyPropertyValueExist is PASSED

06-09-2024T14:42:43 - [TEST_STEP][PASSED] - totalplay.Common.verifyPropertyExist(PlaceOrder, shipments_0_c_paymentInstruments_0_payment_instrument_id): totalplay.Common.verifyPropertyExist is PASSED

06-09-2024T14:42:43 - [MESSAGE][INFO] - Checking response object

06-09-2024T14:42:43 - [MESSAGE][PASSED] - totalplay.Common.verifyPropertyExist is PASSED

06-09-2024T14:42:43 - [TEST_STEP][PASSED] - totalplay.Common.verifyPropertyValueExist(PlaceOrder, shipments_0_c_paymentInstruments_0_payment_instrument_id): totalplay.Common.verifyPropertyValueExist is PASSED

06-09-2024T14:42:43 - [MESSAGE][INFO] - Checking response object

06-09-2024T14:42:43 - [MESSAGE][INFO] - e0fbf8649ec12638713d3801e6

06-09-2024T14:42:43 - [MESSAGE][PASSED] - totalplay.Common.verifyPropertyValueExist is PASSED

06-09-2024T14:42:43 - [TEST_STEP][PASSED] - totalplay.Common.verifyPropertyExist(PlaceOrder, shipments_0_c_paymentInstruments_0_payment_method_id): totalplay.Common.verifyPropertyExist is PASSED

06-09-2024T14:42:43 - [MESSAGE][INFO] - Checking response object

06-09-2024T14:42:43 - [MESSAGE][PASSED] - totalplay.Common.verifyPropertyExist is PASSED

06-09-2024T14:42:43 - [TEST_STEP][PASSED] - totalplay.Common.verifyPropertyValueExist(PlaceOrder, shipments_0_c_paymentInstruments_0_payment_method_id): totalplay.Common.verifyPropertyValueExist is PASSED

06-09-2024T14:42:43 - [MESSAGE][INFO] - Checking response object

06-09-2024T14:42:43 - [MESSAGE][INFO] - CREDIT_CARD

06-09-2024T14:42:43 - [MESSAGE][PASSED] - totalplay.Common.verifyPropertyValueExist is PASSED

06-09-2024T14:42:43 - [TEST_STEP][PASSED] - totalplay.Common.verifyPropertyExist(PlaceOrder, shipping_items_0__type): totalplay.Common.verifyPropertyExist is PASSED

06-09-2024T14:42:43 - [MESSAGE][INFO] - Checking response object

06-09-2024T14:42:43 - [MESSAGE][PASSED] - totalplay.Common.verifyPropertyExist is PASSED

06-09-2024T14:42:43 - [TEST_STEP][PASSED] - totalplay.Common.verifyPropertyValueExist(PlaceOrder, shipping_items_0__type): totalplay.Common.verifyPropertyValueExist is PASSED

06-09-2024T14:42:43 - [MESSAGE][INFO] - Checking response object

06-09-2024T14:42:43 - [MESSAGE][INFO] - shipping_item

06-09-2024T14:42:43 - [MESSAGE][PASSED] - totalplay.Common.verifyPropertyValueExist is PASSED

06-09-2024T14:42:43 - [TEST_STEP][PASSED] - totalplay.Common.getDecimalValueofObject(PlaceOrder, shipping_items_0_adjusted_tax): totalplay.Common.getDecimalValueofObject is PASSED

06-09-2024T14:42:43 - [MESSAGE][INFO] - Checking response object

06-09-2024T14:42:43 - [MESSAGE][PASSED] - totalplay.Common.getDecimalValueofObject is PASSED

06-09-2024T14:42:43 - [TEST_STEP][PASSED] - totalplay.Common.getDecimalValueofObject(PlaceOrder, shipping_items_0_base_price): totalplay.Common.getDecimalValueofObject is PASSED

06-09-2024T14:42:43 - [MESSAGE][INFO] - Checking response object

06-09-2024T14:42:43 - [MESSAGE][PASSED] - totalplay.Common.getDecimalValueofObject is PASSED

06-09-2024T14:42:43 - [TEST_STEP][PASSED] - totalplay.Common.verifyPropertyExist(PlaceOrder, shipping_items_0_item_id): totalplay.Common.verifyPropertyExist is PASSED

06-09-2024T14:42:43 - [MESSAGE][INFO] - Checking response object

06-09-2024T14:42:43 - [MESSAGE][PASSED] - totalplay.Common.verifyPropertyExist is PASSED

06-09-2024T14:42:43 - [TEST_STEP][PASSED] - totalplay.Common.verifyPropertyValueExist(PlaceOrder, shipping_items_0_item_id): totalplay.Common.verifyPropertyValueExist is PASSED

06-09-2024T14:42:43 - [MESSAGE][INFO] - Checking response object

06-09-2024T14:42:43 - [MESSAGE][INFO] - 2f5c8b601e90c1d9f99cb23a52

06-09-2024T14:42:43 - [MESSAGE][PASSED] - totalplay.Common.verifyPropertyValueExist is PASSED

06-09-2024T14:42:43 - [TEST_STEP][PASSED] - totalplay.Common.verifyPropertyExist(PlaceOrder, shipping_items_0_item_text): totalplay.Common.verifyPropertyExist is PASSED

06-09-2024T14:42:43 - [MESSAGE][INFO] - Checking response object

06-09-2024T14:42:43 - [MESSAGE][PASSED] - totalplay.Common.verifyPropertyExist is PASSED

06-09-2024T14:42:43 - [TEST_STEP][PASSED] - totalplay.Common.verifyPropertyValueExist(PlaceOrder, shipping_items_0_item_text): totalplay.Common.verifyPropertyValueExist is PASSED

06-09-2024T14:42:43 - [MESSAGE][INFO] - Checking response object

06-09-2024T14:42:43 - [MESSAGE][INFO] - Shipping

06-09-2024T14:42:43 - [MESSAGE][PASSED] - totalplay.Common.verifyPropertyValueExist is PASSED

06-09-2024T14:42:43 - [TEST_STEP][PASSED] - totalplay.Common.getDecimalValueofObject(PlaceOrder, shipping_items_0_price): totalplay.Common.getDecimalValueofObject is PASSED

06-09-2024T14:42:43 - [MESSAGE][INFO] - Checking response object

06-09-2024T14:42:43 - [MESSAGE][PASSED] - totalplay.Common.getDecimalValueofObject is PASSED

06-09-2024T14:42:43 - [TEST_STEP][PASSED] - totalplay.Common.getDecimalValueofObject(PlaceOrder, shipping_items_0_price_after_item_discount): totalplay.Common.getDecimalValueofObject is PASSED

06-09-2024T14:42:43 - [MESSAGE][INFO] - Checking response object

06-09-2024T14:42:43 - [MESSAGE][PASSED] - totalplay.Common.getDecimalValueofObject is PASSED

06-09-2024T14:42:43 - [TEST_STEP][PASSED] - totalplay.Common.verifyPropertyExist(PlaceOrder, shipping_items_0_shipment_id): totalplay.Common.verifyPropertyExist is PASSED

06-09-2024T14:42:43 - [MESSAGE][INFO] - Checking response object

06-09-2024T14:42:43 - [MESSAGE][PASSED] - totalplay.Common.verifyPropertyExist is PASSED

06-09-2024T14:42:43 - [TEST_STEP][PASSED] - totalplay.Common.verifyPropertyValueExist(PlaceOrder, shipping_items_0_shipment_id): totalplay.Common.verifyPropertyValueExist is PASSED

06-09-2024T14:42:43 - [MESSAGE][INFO] - Checking response object

06-09-2024T14:42:43 - [MESSAGE][INFO] - me

06-09-2024T14:42:43 - [MESSAGE][PASSED] - totalplay.Common.verifyPropertyValueExist is PASSED

06-09-2024T14:42:43 - [TEST_STEP][PASSED] - totalplay.Common.getDecimalValueofObject(PlaceOrder, shipping_items_0_tax): totalplay.Common.getDecimalValueofObject is PASSED

06-09-2024T14:42:43 - [MESSAGE][INFO] - Checking response object

06-09-2024T14:42:43 - [MESSAGE][PASSED] - totalplay.Common.getDecimalValueofObject is PASSED

06-09-2024T14:42:43 - [TEST_STEP][PASSED] - totalplay.Common.getDecimalValueofObject(PlaceOrder, shipping_items_0_tax_basis): totalplay.Common.getDecimalValueofObject is PASSED

06-09-2024T14:42:43 - [MESSAGE][INFO] - Checking response object

06-09-2024T14:42:43 - [MESSAGE][PASSED] - totalplay.Common.getDecimalValueofObject is PASSED

06-09-2024T14:42:43 - [TEST_STEP][PASSED] - totalplay.Common.verifyPropertyExist(PlaceOrder, shipping_items_0_tax_class_id): totalplay.Common.verifyPropertyExist is PASSED

06-09-2024T14:42:43 - [MESSAGE][INFO] - Checking response object

06-09-2024T14:42:43 - [MESSAGE][PASSED] - totalplay.Common.verifyPropertyExist is PASSED

06-09-2024T14:42:43 - [TEST_STEP][PASSED] - totalplay.Common.verifyPropertyValueExist(PlaceOrder, shipping_items_0_tax_class_id): totalplay.Common.verifyPropertyValueExist is PASSED

06-09-2024T14:42:43 - [MESSAGE][INFO] - Checking response object

06-09-2024T14:42:43 - [MESSAGE][INFO] - new_tax

06-09-2024T14:42:43 - [MESSAGE][PASSED] - totalplay.Common.verifyPropertyValueExist is PASSED

06-09-2024T14:42:43 - [TEST_STEP][PASSED] - totalplay.Common.getDecimalValueofObject(PlaceOrder, shipping_items_0_tax_rate): totalplay.Common.getDecimalValueofObject is PASSED

06-09-2024T14:42:43 - [MESSAGE][INFO] - Checking response object

06-09-2024T14:42:43 - [MESSAGE][PASSED] - totalplay.Common.getDecimalValueofObject is PASSED

06-09-2024T14:42:43 - [TEST_STEP][PASSED] - totalplay.Common.getDecimalValueofObject(PlaceOrder, shipping_total): totalplay.Common.getDecimalValueofObject is PASSED

06-09-2024T14:42:43 - [MESSAGE][INFO] - Checking response object

06-09-2024T14:42:43 - [MESSAGE][PASSED] - totalplay.Common.getDecimalValueofObject is PASSED

06-09-2024T14:42:43 - [TEST_STEP][PASSED] - totalplay.Common.getDecimalValueofObject(PlaceOrder, shipping_total_tax): totalplay.Common.getDecimalValueofObject is PASSED

06-09-2024T14:42:43 - [MESSAGE][INFO] - Checking response object

06-09-2024T14:42:43 - [MESSAGE][PASSED] - totalplay.Common.getDecimalValueofObject is PASSED

06-09-2024T14:42:43 - [TEST_STEP][PASSED] - totalplay.Common.verifyPropertyExist(PlaceOrder, site_id): totalplay.Common.verifyPropertyExist is PASSED

06-09-2024T14:42:43 - [MESSAGE][INFO] - Checking response object

06-09-2024T14:42:43 - [MESSAGE][PASSED] - totalplay.Common.verifyPropertyExist is PASSED

06-09-2024T14:42:43 - [TEST_STEP][PASSED] - totalplay.Common.verifyPropertyValueExist(PlaceOrder, site_id): totalplay.Common.verifyPropertyValueExist is PASSED

06-09-2024T14:42:43 - [MESSAGE][INFO] - Checking response object

06-09-2024T14:42:43 - [MESSAGE][INFO] - TP-FOOD

06-09-2024T14:42:43 - [MESSAGE][PASSED] - totalplay.Common.verifyPropertyValueExist is PASSED

06-09-2024T14:42:43 - [TEST_STEP][PASSED] - totalplay.Common.verifyPropertyExist(PlaceOrder, status): totalplay.Common.verifyPropertyExist is PASSED

06-09-2024T14:42:43 - [MESSAGE][INFO] - Checking response object

06-09-2024T14:42:43 - [MESSAGE][PASSED] - totalplay.Common.verifyPropertyExist is PASSED

06-09-2024T14:42:43 - [TEST_STEP][PASSED] - totalplay.Common.verifyPropertyValueExist(PlaceOrder, status): totalplay.Common.verifyPropertyValueExist is PASSED

06-09-2024T14:42:43 - [MESSAGE][INFO] - Checking response object

06-09-2024T14:42:43 - [MESSAGE][INFO] - new

06-09-2024T14:42:43 - [MESSAGE][PASSED] - totalplay.Common.verifyPropertyValueExist is PASSED

06-09-2024T14:42:43 - [TEST_STEP][PASSED] - totalplay.Common.verifyPropertyExist(PlaceOrder, taxation): totalplay.Common.verifyPropertyExist is PASSED

06-09-2024T14:42:43 - [MESSAGE][INFO] - Checking response object

06-09-2024T14:42:43 - [MESSAGE][PASSED] - totalplay.Common.verifyPropertyExist is PASSED

06-09-2024T14:42:43 - [TEST_STEP][PASSED] - totalplay.Common.verifyPropertyValueExist(PlaceOrder, taxation): totalplay.Common.verifyPropertyValueExist is PASSED

06-09-2024T14:42:43 - [MESSAGE][INFO] - Checking response object

06-09-2024T14:42:43 - [MESSAGE][INFO] - net

06-09-2024T14:42:43 - [MESSAGE][PASSED] - totalplay.Common.verifyPropertyValueExist is PASSED

06-09-2024T14:42:43 - [TEST_STEP][PASSED] - totalplay.Common.getBooleanValueofObject(PlaceOrder, tax_rounded_at_group): totalplay.Common.getBooleanValueofObject is PASSED

06-09-2024T14:42:43 - [MESSAGE][INFO] - Checking response object

06-09-2024T14:42:44 - [MESSAGE][PASSED] - totalplay.Common.getBooleanValueofObject is PASSED

06-09-2024T14:42:44 - [TEST_STEP][PASSED] - totalplay.Common.getDecimalValueofObject(PlaceOrder, tax_total): totalplay.Common.getDecimalValueofObject is PASSED

06-09-2024T14:42:44 - [MESSAGE][INFO] - Checking response object

06-09-2024T14:42:44 - [MESSAGE][PASSED] - totalplay.Common.getDecimalValueofObject is PASSED

06-09-2024T14:42:44 - [TEST_STEP][PASSED] - totalplay.Common.verifyPropertyExist(PlaceOrder, c_currentCorporate): totalplay.Common.verifyPropertyExist is PASSED

06-09-2024T14:42:44 - [MESSAGE][INFO] - Checking response object

06-09-2024T14:42:44 - [MESSAGE][PASSED] - totalplay.Common.verifyPropertyExist is PASSED

06-09-2024T14:42:44 - [TEST_STEP][PASSED] - totalplay.Common.verifyPropertyValueExist(PlaceOrder, c_currentCorporate): totalplay.Common.verifyPropertyValueExist is PASSED

06-09-2024T14:42:44 - [MESSAGE][INFO] - Checking response object

06-09-2024T14:42:44 - [MESSAGE][INFO] - LaCasaDeToño

06-09-2024T14:42:44 - [MESSAGE][PASSED] - totalplay.Common.verifyPropertyValueExist is PASSED

06-09-2024T14:42:44 - [TEST_STEP][PASSED] - totalplay.Common.getBooleanValueofObject(PlaceOrder, c_isMiraklOrder): totalplay.Common.getBooleanValueofObject is PASSED

06-09-2024T14:42:44 - [MESSAGE][INFO] - Checking response object

06-09-2024T14:42:44 - [MESSAGE][PASSED] - totalplay.Common.getBooleanValueofObject is PASSED

06-09-2024T14:42:44 - [TEST_STEP][PASSED] - totalplay.Common.verifyPropertyExist(PlaceOrder, c_miraklCustomerId): totalplay.Common.verifyPropertyExist is PASSED

06-09-2024T14:42:44 - [MESSAGE][INFO] - Checking response object

06-09-2024T14:42:44 - [MESSAGE][PASSED] - totalplay.Common.verifyPropertyExist is PASSED

06-09-2024T14:42:44 - [TEST_STEP][PASSED] - totalplay.Common.verifyPropertyValueExist(PlaceOrder, c_miraklCustomerId): totalplay.Common.verifyPropertyValueExist is PASSED

06-09-2024T14:42:44 - [MESSAGE][INFO] - Checking response object

06-09-2024T14:42:44 - [MESSAGE][INFO] - 0106378356

06-09-2024T14:42:44 - [MESSAGE][PASSED] - totalplay.Common.verifyPropertyValueExist is PASSED

06-09-2024T14:42:44 - [TEST_STEP][PASSED] - totalplay.Common.verifyPropertyExist(PlaceOrder, c_miraklFraudCheckStatus): totalplay.Common.verifyPropertyExist is PASSED

06-09-2024T14:42:44 - [MESSAGE][INFO] - Checking response object

06-09-2024T14:42:44 - [MESSAGE][PASSED] - totalplay.Common.verifyPropertyExist is PASSED

06-09-2024T14:42:44 - [TEST_STEP][PASSED] - totalplay.Common.verifyPropertyValueExist(PlaceOrder, c_miraklFraudCheckStatus): totalplay.Common.verifyPropertyValueExist is PASSED

06-09-2024T14:42:44 - [MESSAGE][INFO] - Checking response object

06-09-2024T14:42:44 - [MESSAGE][INFO] - OK

06-09-2024T14:42:44 - [MESSAGE][PASSED] - totalplay.Common.verifyPropertyValueExist is PASSED]]></system-out>
         <system-err><![CDATA[]]></system-err>
      </testcase>
      <testcase name="Test Cases/TotalPlay-Food/TC_24_Food Order History" time="8.276" classname="Test Cases/TotalPlay-Food/TC_24_Food Order History" status="PASSED">
         <system-out><![CDATA[06-09-2024T14:42:44 - [TEST_CASE][PASSED] - Test Cases/TotalPlay-Food/TC_24_Food Order History: Test Cases/TotalPlay-Food/TC_24_Food Order History

06-09-2024T14:42:44 - [TEST_STEP][PASSED] - callTestCase(findTestCase("TotalPlay-Food/TC_1_Login_Service"), [:], STOP_ON_FAILURE): Call Test Case 'Test Cases/TotalPlay-Food/TC_1_Login_Service' successfully

06-09-2024T14:42:44 - [MESSAGE][INFO] - Checking called Test Case

06-09-2024T14:42:44 - [MESSAGE][INFO] - Starting to call Test Case 'Test Cases/TotalPlay-Food/TC_1_Login_Service'

06-09-2024T14:42:45 - [TEST_CASE][PASSED] - Test Cases/TotalPlay-Food/TC_1_Login_Service: Test Cases/TotalPlay-Food/TC_1_Login_Service

06-09-2024T14:42:45 - [TEST_STEP][PASSED] - LoginResponse = sendRequest(findTestObject("TotalPlay-Food/getTokenDelivery", ["URL":URL])): Send request successfully

06-09-2024T14:42:45 - [MESSAGE][INFO] - Finding Test Object 'Object Repository/TotalPlay-Food/getTokenDelivery'

06-09-2024T14:42:45 - [MESSAGE][INFO] - Checking request object

06-09-2024T14:42:49 - [MESSAGE][INFO] - HAR: C:\Users\ShubhamKumarThakur\OneDrive - Kognivera\Documents\TotalPlay\totalplay-automation\Reports\20240906_143744\Food_Service_Normal_Flow_PlaceOrder\20240906_143744\requests\main\49.har

06-09-2024T14:42:49 - [MESSAGE][PASSED] - Send request successfully

06-09-2024T14:42:49 - [TEST_STEP][PASSED] - assert getResponseStatusCode(LoginResponse) == 200: Checking response object

06-09-2024T14:42:49 - [MESSAGE][INFO] - Checking response object

06-09-2024T14:42:49 - [TEST_STEP][PASSED] - Auth = "ocapiResponse.access_token": null

06-09-2024T14:42:49 - [TEST_STEP][PASSED] - FoodBascketId = "ocapiResponse.c_basketId_TP_FOOD": null

06-09-2024T14:42:49 - [TEST_STEP][PASSED] - FoodBasId = getElementPropertyValue(LoginResponse, FoodBascketId): Checking response object

06-09-2024T14:42:49 - [MESSAGE][INFO] - Checking response object

06-09-2024T14:42:49 - [TEST_STEP][PASSED] - sfccAuthorization = getElementPropertyValue(LoginResponse, Auth): Checking response object

06-09-2024T14:42:49 - [MESSAGE][INFO] - Checking response object

06-09-2024T14:42:49 - [TEST_STEP][PASSED] - Authorization = "Bearer " + sfccAuthorization: null

06-09-2024T14:42:49 - [TEST_STEP][PASSED] - FoodBasketId = FoodBasId: null

06-09-2024T14:42:49 - [TEST_STEP][PASSED] - logInfo(bm_auth_token): 

06-09-2024T14:42:49 - [MESSAGE][INFO] - 

06-09-2024T14:42:49 - [TEST_STEP][PASSED] - if (sfccAuthorization.length() == 0): null

06-09-2024T14:42:49 - [TEST_STEP][PASSED] - else: authorization generated

06-09-2024T14:42:49 - [TEST_STEP][PASSED] - markPassed("authorization generated"): authorization generated

06-09-2024T14:42:49 - [MESSAGE][PASSED] - authorization generated

06-09-2024T14:42:49 - [TEST_STEP][PASSED] - BasketId_loginResponse = "ocapiResponse.c_basketId": null

06-09-2024T14:42:49 - [TEST_STEP][PASSED] - CustomerId_loginResponse = "ocapiResponse.customer_id": null

06-09-2024T14:42:49 - [TEST_STEP][PASSED] - basketId = getElementPropertyValue(LoginResponse, BasketId_loginResponse): Checking response object

06-09-2024T14:42:49 - [MESSAGE][INFO] - Checking response object

06-09-2024T14:42:49 - [TEST_STEP][PASSED] - customerId = getElementPropertyValue(LoginResponse, CustomerId_loginResponse): Checking response object

06-09-2024T14:42:49 - [MESSAGE][INFO] - Checking response object

06-09-2024T14:42:49 - [TEST_STEP][PASSED] - basketID = basketId: null

06-09-2024T14:42:49 - [TEST_STEP][PASSED] - sla_customerId = customerId: null

06-09-2024T14:42:49 - [TEST_STEP][PASSED] - println(basketID): null

06-09-2024T14:42:49 - [TEST_STEP][PASSED] - println(sla_customerId): null

06-09-2024T14:42:49 - [TEST_STEP][PASSED] - refresh_token = "ocapiResponse.refresh_token": null

06-09-2024T14:42:49 - [TEST_STEP][PASSED] - customer_email = "ocapiResponse.customer_email": null

06-09-2024T14:42:49 - [TEST_STEP][PASSED] - c_brmId = "ocapiResponse.c_brmId": null

06-09-2024T14:42:49 - [TEST_STEP][PASSED] - customer_name = "ocapiResponse.customer_name": null

06-09-2024T14:42:49 - [TEST_STEP][PASSED] - totalplay.Common.verifyPropertyExist(LoginResponse, refresh_token): totalplay.Common.verifyPropertyExist is PASSED

06-09-2024T14:42:49 - [MESSAGE][INFO] - Checking response object

06-09-2024T14:42:49 - [MESSAGE][PASSED] - totalplay.Common.verifyPropertyExist is PASSED

06-09-2024T14:42:49 - [TEST_STEP][PASSED] - totalplay.Common.verifyPropertyValueExist(LoginResponse, refresh_token): totalplay.Common.verifyPropertyValueExist is PASSED

06-09-2024T14:42:49 - [MESSAGE][INFO] - Checking response object

06-09-2024T14:42:49 - [MESSAGE][INFO] - 3YMDKe-1kyq_DsJolZP_80jLod3eYlz5uHUKsD-ofj4

06-09-2024T14:42:49 - [MESSAGE][PASSED] - totalplay.Common.verifyPropertyValueExist is PASSED

06-09-2024T14:42:49 - [TEST_STEP][PASSED] - totalplay.Common.verifyPropertyExist(LoginResponse, customer_email): totalplay.Common.verifyPropertyExist is PASSED

06-09-2024T14:42:49 - [MESSAGE][INFO] - Checking response object

06-09-2024T14:42:49 - [MESSAGE][PASSED] - totalplay.Common.verifyPropertyExist is PASSED

06-09-2024T14:42:49 - [TEST_STEP][PASSED] - totalplay.Common.verifyPropertyValueExist(LoginResponse, customer_email): totalplay.Common.verifyPropertyValueExist is PASSED

06-09-2024T14:42:49 - [MESSAGE][INFO] - Checking response object

06-09-2024T14:42:49 - [MESSAGE][INFO] - cesar.waldo93@gmail.com

06-09-2024T14:42:49 - [MESSAGE][PASSED] - totalplay.Common.verifyPropertyValueExist is PASSED

06-09-2024T14:42:49 - [TEST_STEP][PASSED] - totalplay.Common.verifyPropertyExist(LoginResponse, customer_name): totalplay.Common.verifyPropertyExist is PASSED

06-09-2024T14:42:49 - [MESSAGE][INFO] - Checking response object

06-09-2024T14:42:49 - [MESSAGE][PASSED] - totalplay.Common.verifyPropertyExist is PASSED

06-09-2024T14:42:49 - [TEST_STEP][PASSED] - totalplay.Common.verifyPropertyValueExist(LoginResponse, customer_name): totalplay.Common.verifyPropertyValueExist is PASSED

06-09-2024T14:42:49 - [MESSAGE][INFO] - Checking response object

06-09-2024T14:42:49 - [MESSAGE][INFO] - CESAR GERARDO WALDO GONZALEZ

06-09-2024T14:42:49 - [MESSAGE][PASSED] - totalplay.Common.verifyPropertyValueExist is PASSED

06-09-2024T14:42:49 - [TEST_STEP][PASSED] - totalplay.Common.verifyPropertyExist(LoginResponse, c_brmId): totalplay.Common.verifyPropertyExist is PASSED

06-09-2024T14:42:49 - [MESSAGE][INFO] - Checking response object

06-09-2024T14:42:49 - [MESSAGE][PASSED] - totalplay.Common.verifyPropertyExist is PASSED

06-09-2024T14:42:49 - [TEST_STEP][PASSED] - totalplay.Common.verifyPropertyValueExist(LoginResponse, c_brmId): totalplay.Common.verifyPropertyValueExist is PASSED

06-09-2024T14:42:49 - [MESSAGE][INFO] - Checking response object

06-09-2024T14:42:49 - [MESSAGE][INFO] - 0106378356

06-09-2024T14:42:49 - [MESSAGE][PASSED] - totalplay.Common.verifyPropertyValueExist is PASSED

06-09-2024T14:42:49 - [MESSAGE][PASSED] - Call Test Case 'Test Cases/TotalPlay-Food/TC_1_Login_Service' successfully

06-09-2024T14:42:49 - [TEST_STEP][PASSED] - FoodOrderHistory = sendRequest(findTestObject("TotalPlay-Food/Food Order History", ["URL":URL])): Send request successfully

06-09-2024T14:42:49 - [MESSAGE][INFO] - Finding Test Object 'Object Repository/TotalPlay-Food/Food Order History'

06-09-2024T14:42:49 - [MESSAGE][INFO] - Checking request object

06-09-2024T14:42:51 - [MESSAGE][INFO] - HAR: C:\Users\ShubhamKumarThakur\OneDrive - Kognivera\Documents\TotalPlay\totalplay-automation\Reports\20240906_143744\Food_Service_Normal_Flow_PlaceOrder\20240906_143744\requests\main\50.har

06-09-2024T14:42:51 - [MESSAGE][PASSED] - Send request successfully

06-09-2024T14:42:51 - [TEST_STEP][PASSED] - id = "id": null

06-09-2024T14:42:51 - [TEST_STEP][PASSED] - name = "name": null

06-09-2024T14:42:51 - [TEST_STEP][PASSED] - c_result_orders = "c_result.orders": null

06-09-2024T14:42:51 - [TEST_STEP][PASSED] - c_result = "c_result": null

06-09-2024T14:42:51 - [TEST_STEP][PASSED] - c_result_orders0_order_no = "c_result.orders[0].order_no": null

06-09-2024T14:42:51 - [TEST_STEP][PASSED] - c_result_orders0_sellerNames = "c_result.orders[0].sellerNames": null

06-09-2024T14:42:51 - [TEST_STEP][PASSED] - c_result_orders0_edd = "c_result.orders[0].edd": null

06-09-2024T14:42:51 - [TEST_STEP][PASSED] - c_result_orders0_order_created = "c_result.orders[0].order_created": null

06-09-2024T14:42:51 - [TEST_STEP][PASSED] - c_result_orders0_productIdsList = "c_result.orders[0].productIdsList": null

06-09-2024T14:42:51 - [TEST_STEP][PASSED] - c_result_orders0_products_count = "c_result.orders[0].products_count": null

06-09-2024T14:42:51 - [TEST_STEP][PASSED] - c_result_orders0_corporate_name = "c_result.orders[0].corporate_name": null

06-09-2024T14:42:51 - [TEST_STEP][PASSED] - c_result_orders0_order_total = "c_result.orders[0].order_total": null

06-09-2024T14:42:51 - [TEST_STEP][PASSED] - c_result_orders0_product_info = "c_result.orders[0].product_info": null

06-09-2024T14:42:51 - [TEST_STEP][PASSED] - c_result_orders0_sellerIds = "c_result.orders[0].sellerIds": null

06-09-2024T14:42:51 - [TEST_STEP][PASSED] - c_result_orders0_product_info0_id = "c_result.orders[0].product_info[0].id": null

06-09-2024T14:42:51 - [TEST_STEP][PASSED] - c_result_orders0_product_info0_name = "c_result.orders[0].product_info[0].name": null

06-09-2024T14:42:51 - [TEST_STEP][PASSED] - c_result_orders0_product_info0_description = "c_result.orders[0].product_info[0].description": null

06-09-2024T14:42:51 - [TEST_STEP][PASSED] - c_result_orders0_storeDetails = "c_result.orders[0].storeDetails": null

06-09-2024T14:42:51 - [TEST_STEP][PASSED] - c_result_orders0_storeDetails_ID = "c_result.orders[0].storeDetails.ID": null

06-09-2024T14:42:51 - [TEST_STEP][PASSED] - c_result_orders0_storeDetails_name = "c_result.orders[0].storeDetails.name": null

06-09-2024T14:42:51 - [TEST_STEP][PASSED] - c_result_orders0_storeDetails_phone = "c_result.orders[0].storeDetails.phone": null

06-09-2024T14:42:51 - [TEST_STEP][PASSED] - c_result_orders0_storeDetails_logo = "c_result.orders[0].storeDetails.logo": null

06-09-2024T14:42:51 - [TEST_STEP][PASSED] - c_result_orders0_storeDetails_verticalType = "c_result.orders[0].storeDetails.verticalType": null

06-09-2024T14:42:51 - [TEST_STEP][PASSED] - c_result_orders0_storeDetails_averageRating = "c_result.orders[0].storeDetails.averageRating": null

06-09-2024T14:42:51 - [TEST_STEP][PASSED] - c_result_orders0_status = "c_result.orders[0].status": null

06-09-2024T14:42:51 - [TEST_STEP][PASSED] - c_result_orders1_order_no = "c_result.orders[1].order_no": null

06-09-2024T14:42:51 - [TEST_STEP][PASSED] - c_result_orders1_sellerNames = "c_result.orders[1].sellerNames": null

06-09-2024T14:42:51 - [TEST_STEP][PASSED] - c_result_orders1_edd = "c_result.orders[1].edd": null

06-09-2024T14:42:51 - [TEST_STEP][PASSED] - c_result_orders1_order_created = "c_result.orders[1].order_created": null

06-09-2024T14:42:51 - [TEST_STEP][PASSED] - c_result_orders1_productIdsList = "c_result.orders[1].productIdsList": null

06-09-2024T14:42:51 - [TEST_STEP][PASSED] - c_result_orders1_products_count = "c_result.orders[1].products_count": null

06-09-2024T14:42:51 - [TEST_STEP][PASSED] - c_result_orders1_corporate_name = "c_result.orders[1].corporate_name": null

06-09-2024T14:42:51 - [TEST_STEP][PASSED] - c_result_orders1_order_total = "c_result.orders[1].order_total": null

06-09-2024T14:42:51 - [TEST_STEP][PASSED] - c_result_orders1_sellerIds = "c_result.orders[1].sellerIds": null

06-09-2024T14:42:51 - [TEST_STEP][PASSED] - c_result_orders1_product_info = "c_result.orders[1].product_info": null

06-09-2024T14:42:51 - [TEST_STEP][PASSED] - c_result_orders1_product_info0_id = "c_result.orders[1].product_info[0].id": null

06-09-2024T14:42:51 - [TEST_STEP][PASSED] - c_result_orders1_product_info0_name = "c_result.orders[1].product_info[0].name": null

06-09-2024T14:42:51 - [TEST_STEP][PASSED] - c_result_orders1_product_info0_description = "c_result.orders[1].product_info[0].description": null

06-09-2024T14:42:51 - [TEST_STEP][PASSED] - c_result_orders1_product_info2_description = "c_result.orders[1].product_info[2].description": null

06-09-2024T14:42:51 - [TEST_STEP][PASSED] - c_result_orders1_storeDetails = "c_result.orders[1].storeDetails": null

06-09-2024T14:42:51 - [TEST_STEP][PASSED] - c_result_orders1_storeDetails_ID = "c_result.orders[1].storeDetails.ID": null

06-09-2024T14:42:51 - [TEST_STEP][PASSED] - c_result_orders1_storeDetails_name = "c_result.orders[1].storeDetails.name": null

06-09-2024T14:42:51 - [TEST_STEP][PASSED] - c_result_orders1_storeDetails_phone = "c_result.orders[1].storeDetails.phone": null

06-09-2024T14:42:51 - [TEST_STEP][PASSED] - c_result_orders1_storeDetails_logo = "c_result.orders[1].storeDetails.logo": null

06-09-2024T14:42:51 - [TEST_STEP][PASSED] - c_result_orders1_storeDetails_verticalType = "c_result.orders[1].storeDetails.verticalType": null

06-09-2024T14:42:51 - [TEST_STEP][PASSED] - c_result_orders1_storeDetails_averageRating = "c_result.orders[1].storeDetails.averageRating": null

06-09-2024T14:42:51 - [TEST_STEP][PASSED] - c_result_orders1_status = "c_result.orders[1].status": null

06-09-2024T14:42:51 - [TEST_STEP][PASSED] - c_result_order_total_count = "c_result.order_total_count": null

06-09-2024T14:42:51 - [TEST_STEP][PASSED] - c_result_total_pages = "c_result.total_pages": null

06-09-2024T14:42:51 - [TEST_STEP][PASSED] - totalplay.Common.verifyPropertyValueExist(FoodOrderHistory, id): totalplay.Common.verifyPropertyValueExist is PASSED

06-09-2024T14:42:51 - [MESSAGE][INFO] - Checking response object

06-09-2024T14:42:51 - [MESSAGE][INFO] - order-history

06-09-2024T14:42:51 - [MESSAGE][PASSED] - totalplay.Common.verifyPropertyValueExist is PASSED

06-09-2024T14:42:51 - [TEST_STEP][PASSED] - totalplay.Common.verifyPropertyValueExist(FoodOrderHistory, name): totalplay.Common.verifyPropertyValueExist is PASSED

06-09-2024T14:42:51 - [MESSAGE][INFO] - Checking response object

06-09-2024T14:42:51 - [MESSAGE][INFO] - order-history

06-09-2024T14:42:51 - [MESSAGE][PASSED] - totalplay.Common.verifyPropertyValueExist is PASSED

06-09-2024T14:42:51 - [TEST_STEP][PASSED] - totalplay.Common.verifyPropertyExist(FoodOrderHistory, c_result_orders): totalplay.Common.verifyPropertyExist is PASSED

06-09-2024T14:42:51 - [MESSAGE][INFO] - Checking response object

06-09-2024T14:42:51 - [MESSAGE][PASSED] - totalplay.Common.verifyPropertyExist is PASSED

06-09-2024T14:42:51 - [TEST_STEP][PASSED] - totalplay.Common.verifyPropertyExist(FoodOrderHistory, c_result): totalplay.Common.verifyPropertyExist is PASSED

06-09-2024T14:42:51 - [MESSAGE][INFO] - Checking response object

06-09-2024T14:42:51 - [MESSAGE][PASSED] - totalplay.Common.verifyPropertyExist is PASSED

06-09-2024T14:42:51 - [TEST_STEP][PASSED] - totalplay.Common.verifyPropertyValueExist(FoodOrderHistory, c_result_orders0_order_no): totalplay.Common.verifyPropertyValueExist is PASSED

06-09-2024T14:42:51 - [MESSAGE][INFO] - Checking response object

06-09-2024T14:42:51 - [MESSAGE][INFO] - 00021418

06-09-2024T14:42:51 - [MESSAGE][PASSED] - totalplay.Common.verifyPropertyValueExist is PASSED

06-09-2024T14:42:51 - [TEST_STEP][PASSED] - totalplay.Common.verifyPropertyValueExist(FoodOrderHistory, c_result_orders0_sellerNames): totalplay.Common.verifyPropertyValueExist is PASSED

06-09-2024T14:42:51 - [MESSAGE][INFO] - Checking response object

06-09-2024T14:42:51 - [MESSAGE][INFO] - La Casa De Toño Polanco

06-09-2024T14:42:51 - [MESSAGE][PASSED] - totalplay.Common.verifyPropertyValueExist is PASSED

06-09-2024T14:42:51 - [TEST_STEP][PASSED] - totalplay.Common.verifyPropertyValueExist(FoodOrderHistory, c_result_orders0_edd): totalplay.Common.verifyPropertyValueExist is PASSED

06-09-2024T14:42:51 - [MESSAGE][INFO] - Checking response object

06-09-2024T14:42:51 - [MESSAGE][INFO] - 90 mins

06-09-2024T14:42:51 - [MESSAGE][PASSED] - totalplay.Common.verifyPropertyValueExist is PASSED

06-09-2024T14:42:51 - [TEST_STEP][PASSED] - totalplay.Common.verifyPropertyValueExist(FoodOrderHistory, c_result_orders0_order_created): totalplay.Common.verifyPropertyValueExist is PASSED

06-09-2024T14:42:51 - [MESSAGE][INFO] - Checking response object

06-09-2024T14:42:51 - [MESSAGE][INFO] - 2024-09-06 03:10:58.0

06-09-2024T14:42:51 - [MESSAGE][PASSED] - totalplay.Common.verifyPropertyValueExist is PASSED

06-09-2024T14:42:51 - [TEST_STEP][PASSED] - totalplay.Common.verifyPropertyExist(FoodOrderHistory, c_result_orders0_productIdsList): totalplay.Common.verifyPropertyExist is PASSED

06-09-2024T14:42:51 - [MESSAGE][INFO] - Checking response object

06-09-2024T14:42:51 - [MESSAGE][PASSED] - totalplay.Common.verifyPropertyExist is PASSED

06-09-2024T14:42:51 - [TEST_STEP][PASSED] - totalplay.Common.getNumValueofObject(FoodOrderHistory, c_result_orders0_products_count): totalplay.Common.getNumValueofObject is PASSED

06-09-2024T14:42:51 - [MESSAGE][INFO] - Checking response object

06-09-2024T14:42:51 - [MESSAGE][PASSED] - totalplay.Common.getNumValueofObject is PASSED

06-09-2024T14:42:51 - [TEST_STEP][PASSED] - totalplay.Common.verifyPropertyValueExist(FoodOrderHistory, c_result_orders0_corporate_name): totalplay.Common.verifyPropertyValueExist is PASSED

06-09-2024T14:42:51 - [MESSAGE][INFO] - Checking response object

06-09-2024T14:42:51 - [MESSAGE][INFO] - LaCasaDeToño

06-09-2024T14:42:51 - [MESSAGE][PASSED] - totalplay.Common.verifyPropertyValueExist is PASSED

06-09-2024T14:42:51 - [TEST_STEP][PASSED] - totalplay.Common.verifyPropertyValueExist(FoodOrderHistory, c_result_orders0_order_total): totalplay.Common.verifyPropertyValueExist is PASSED

06-09-2024T14:42:51 - [MESSAGE][INFO] - Checking response object

06-09-2024T14:42:51 - [MESSAGE][INFO] - $341.36

06-09-2024T14:42:51 - [MESSAGE][PASSED] - totalplay.Common.verifyPropertyValueExist is PASSED

06-09-2024T14:42:51 - [TEST_STEP][PASSED] - totalplay.Common.verifyPropertyExist(FoodOrderHistory, c_result_orders0_product_info): totalplay.Common.verifyPropertyExist is PASSED

06-09-2024T14:42:51 - [MESSAGE][INFO] - Checking response object

06-09-2024T14:42:51 - [MESSAGE][PASSED] - totalplay.Common.verifyPropertyExist is PASSED

06-09-2024T14:42:51 - [TEST_STEP][PASSED] - totalplay.Common.verifyPropertyValueExist(FoodOrderHistory, c_result_orders0_sellerIds): totalplay.Common.verifyPropertyValueExist is PASSED

06-09-2024T14:42:51 - [MESSAGE][INFO] - Checking response object

06-09-2024T14:42:51 - [MESSAGE][INFO] - 4158

06-09-2024T14:42:51 - [MESSAGE][PASSED] - totalplay.Common.verifyPropertyValueExist is PASSED

06-09-2024T14:42:51 - [TEST_STEP][PASSED] - totalplay.Common.verifyPropertyValueExist(FoodOrderHistory, c_result_orders0_product_info0_id): totalplay.Common.verifyPropertyValueExist is PASSED

06-09-2024T14:42:51 - [MESSAGE][INFO] - Checking response object

06-09-2024T14:42:51 - [MESSAGE][INFO] - C828554986

06-09-2024T14:42:51 - [MESSAGE][PASSED] - totalplay.Common.verifyPropertyValueExist is PASSED

06-09-2024T14:42:51 - [TEST_STEP][PASSED] - totalplay.Common.verifyPropertyValueExist(FoodOrderHistory, c_result_orders0_product_info0_name): totalplay.Common.verifyPropertyValueExist is PASSED

06-09-2024T14:42:51 - [MESSAGE][INFO] - Checking response object

06-09-2024T14:42:51 - [MESSAGE][INFO] - Orden de Maciza (100 g)

06-09-2024T14:42:51 - [MESSAGE][PASSED] - totalplay.Common.verifyPropertyValueExist is PASSED

06-09-2024T14:42:51 - [TEST_STEP][PASSED] - totalplay.Common.verifyPropertyValueExist(FoodOrderHistory, c_result_orders0_product_info0_description): totalplay.Common.verifyPropertyValueExist is PASSED

06-09-2024T14:42:51 - [MESSAGE][INFO] - Checking response object

06-09-2024T14:42:51 - [MESSAGE][INFO] - 100 g

06-09-2024T14:42:51 - [MESSAGE][PASSED] - totalplay.Common.verifyPropertyValueExist is PASSED

06-09-2024T14:42:51 - [TEST_STEP][PASSED] - totalplay.Common.verifyPropertyExist(FoodOrderHistory, c_result_orders0_storeDetails): totalplay.Common.verifyPropertyExist is PASSED

06-09-2024T14:42:51 - [MESSAGE][INFO] - Checking response object

06-09-2024T14:42:51 - [MESSAGE][PASSED] - totalplay.Common.verifyPropertyExist is PASSED

06-09-2024T14:42:51 - [TEST_STEP][PASSED] - totalplay.Common.verifyPropertyValueExist(FoodOrderHistory, c_result_orders0_storeDetails_ID): totalplay.Common.verifyPropertyValueExist is PASSED

06-09-2024T14:42:51 - [MESSAGE][INFO] - Checking response object

06-09-2024T14:42:51 - [MESSAGE][INFO] - 4158

06-09-2024T14:42:51 - [MESSAGE][PASSED] - totalplay.Common.verifyPropertyValueExist is PASSED

06-09-2024T14:42:51 - [TEST_STEP][PASSED] - totalplay.Common.verifyPropertyValueExist(FoodOrderHistory, c_result_orders0_storeDetails_name): totalplay.Common.verifyPropertyValueExist is PASSED

06-09-2024T14:42:51 - [MESSAGE][INFO] - Checking response object

06-09-2024T14:42:51 - [MESSAGE][INFO] - La Casa De Toño Polanco

06-09-2024T14:42:51 - [MESSAGE][PASSED] - totalplay.Common.verifyPropertyValueExist is PASSED

06-09-2024T14:42:51 - [TEST_STEP][PASSED] - totalplay.Common.verifyPropertyValueExist(FoodOrderHistory, c_result_orders0_storeDetails_phone): totalplay.Common.verifyPropertyValueExist is PASSED

06-09-2024T14:42:51 - [MESSAGE][INFO] - Checking response object

06-09-2024T14:42:51 - [MESSAGE][INFO] - 5585343049

06-09-2024T14:42:51 - [MESSAGE][PASSED] - totalplay.Common.verifyPropertyValueExist is PASSED

06-09-2024T14:42:51 - [TEST_STEP][PASSED] - totalplay.Common.verifyPropertyValueExist(FoodOrderHistory, c_result_orders0_storeDetails_logo): totalplay.Common.verifyPropertyValueExist is PASSED

06-09-2024T14:42:51 - [MESSAGE][INFO] - Checking response object

06-09-2024T14:42:51 - [MESSAGE][INFO] - https://salesforceqa.sistemastp.com.mx/on/demandware.static/-/Sites/default/dwa324f659/images/seller/41581444.1012652548714

06-09-2024T14:42:51 - [MESSAGE][PASSED] - totalplay.Common.verifyPropertyValueExist is PASSED

06-09-2024T14:42:51 - [TEST_STEP][PASSED] - totalplay.Common.verifyPropertyValueExist(FoodOrderHistory, c_result_orders0_storeDetails_verticalType): totalplay.Common.verifyPropertyValueExist is PASSED

06-09-2024T14:42:51 - [MESSAGE][INFO] - Checking response object

06-09-2024T14:42:51 - [MESSAGE][INFO] - OnDemand

06-09-2024T14:42:51 - [MESSAGE][PASSED] - totalplay.Common.verifyPropertyValueExist is PASSED

06-09-2024T14:42:51 - [TEST_STEP][PASSED] - totalplay.Common.verifyPropertyValueExist(FoodOrderHistory, c_result_orders0_storeDetails_averageRating): totalplay.Common.verifyPropertyValueExist is PASSED

06-09-2024T14:42:51 - [MESSAGE][INFO] - Checking response object

06-09-2024T14:42:51 - [MESSAGE][INFO] - 

06-09-2024T14:42:51 - [MESSAGE][PASSED] - totalplay.Common.verifyPropertyValueExist is PASSED

06-09-2024T14:42:51 - [TEST_STEP][PASSED] - totalplay.Common.verifyPropertyExist(FoodOrderHistory, c_result_orders0_status): totalplay.Common.verifyPropertyExist is PASSED

06-09-2024T14:42:51 - [MESSAGE][INFO] - Checking response object

06-09-2024T14:42:51 - [MESSAGE][PASSED] - totalplay.Common.verifyPropertyExist is PASSED

06-09-2024T14:42:51 - [TEST_STEP][PASSED] - totalplay.Common.verifyPropertyValueExist(FoodOrderHistory, c_result_orders1_order_no): totalplay.Common.verifyPropertyValueExist is PASSED

06-09-2024T14:42:51 - [MESSAGE][INFO] - Checking response object

06-09-2024T14:42:51 - [MESSAGE][INFO] - 00021413

06-09-2024T14:42:51 - [MESSAGE][PASSED] - totalplay.Common.verifyPropertyValueExist is PASSED

06-09-2024T14:42:51 - [TEST_STEP][PASSED] - totalplay.Common.verifyPropertyValueExist(FoodOrderHistory, c_result_orders1_sellerNames): totalplay.Common.verifyPropertyValueExist is PASSED

06-09-2024T14:42:51 - [MESSAGE][INFO] - Checking response object

06-09-2024T14:42:51 - [MESSAGE][INFO] - La Casa De Toño Polanco

06-09-2024T14:42:51 - [MESSAGE][PASSED] - totalplay.Common.verifyPropertyValueExist is PASSED

06-09-2024T14:42:51 - [TEST_STEP][PASSED] - totalplay.Common.verifyPropertyValueExist(FoodOrderHistory, c_result_orders1_edd): totalplay.Common.verifyPropertyValueExist is PASSED

06-09-2024T14:42:51 - [MESSAGE][INFO] - Checking response object

06-09-2024T14:42:51 - [MESSAGE][INFO] - 90 mins

06-09-2024T14:42:51 - [MESSAGE][PASSED] - totalplay.Common.verifyPropertyValueExist is PASSED

06-09-2024T14:42:51 - [TEST_STEP][PASSED] - totalplay.Common.verifyPropertyValueExist(FoodOrderHistory, c_result_orders1_order_created): totalplay.Common.verifyPropertyValueExist is PASSED

06-09-2024T14:42:51 - [MESSAGE][INFO] - Checking response object

06-09-2024T14:42:51 - [MESSAGE][INFO] - 2024-09-06 03:03:30.0

06-09-2024T14:42:51 - [MESSAGE][PASSED] - totalplay.Common.verifyPropertyValueExist is PASSED

06-09-2024T14:42:51 - [TEST_STEP][PASSED] - totalplay.Common.verifyPropertyExist(FoodOrderHistory, c_result_orders1_productIdsList): totalplay.Common.verifyPropertyExist is PASSED

06-09-2024T14:42:51 - [MESSAGE][INFO] - Checking response object

06-09-2024T14:42:51 - [MESSAGE][PASSED] - totalplay.Common.verifyPropertyExist is PASSED

06-09-2024T14:42:51 - [TEST_STEP][PASSED] - totalplay.Common.getNumValueofObject(FoodOrderHistory, c_result_orders1_products_count): totalplay.Common.getNumValueofObject is PASSED

06-09-2024T14:42:51 - [MESSAGE][INFO] - Checking response object

06-09-2024T14:42:51 - [MESSAGE][PASSED] - totalplay.Common.getNumValueofObject is PASSED

06-09-2024T14:42:51 - [TEST_STEP][PASSED] - totalplay.Common.verifyPropertyValueExist(FoodOrderHistory, c_result_orders1_corporate_name): totalplay.Common.verifyPropertyValueExist is PASSED

06-09-2024T14:42:52 - [MESSAGE][INFO] - Checking response object

06-09-2024T14:42:52 - [MESSAGE][INFO] - LaCasaDeToño

06-09-2024T14:42:52 - [MESSAGE][PASSED] - totalplay.Common.verifyPropertyValueExist is PASSED

06-09-2024T14:42:52 - [TEST_STEP][PASSED] - totalplay.Common.verifyPropertyValueExist(FoodOrderHistory, c_result_orders1_order_total): totalplay.Common.verifyPropertyValueExist is PASSED

06-09-2024T14:42:52 - [MESSAGE][INFO] - Checking response object

06-09-2024T14:42:52 - [MESSAGE][INFO] - $85.36

06-09-2024T14:42:52 - [MESSAGE][PASSED] - totalplay.Common.verifyPropertyValueExist is PASSED

06-09-2024T14:42:52 - [TEST_STEP][PASSED] - totalplay.Common.verifyPropertyValueExist(FoodOrderHistory, c_result_orders1_sellerIds): totalplay.Common.verifyPropertyValueExist is PASSED

06-09-2024T14:42:52 - [MESSAGE][INFO] - Checking response object

06-09-2024T14:42:52 - [MESSAGE][INFO] - 4158

06-09-2024T14:42:52 - [MESSAGE][PASSED] - totalplay.Common.verifyPropertyValueExist is PASSED

06-09-2024T14:42:52 - [TEST_STEP][PASSED] - totalplay.Common.verifyPropertyExist(FoodOrderHistory, c_result_orders1_product_info): totalplay.Common.verifyPropertyExist is PASSED

06-09-2024T14:42:52 - [MESSAGE][INFO] - Checking response object

06-09-2024T14:42:52 - [MESSAGE][PASSED] - totalplay.Common.verifyPropertyExist is PASSED

06-09-2024T14:42:52 - [TEST_STEP][PASSED] - totalplay.Common.verifyPropertyValueExist(FoodOrderHistory, c_result_orders1_product_info0_id): totalplay.Common.verifyPropertyValueExist is PASSED

06-09-2024T14:42:52 - [MESSAGE][INFO] - Checking response object

06-09-2024T14:42:52 - [MESSAGE][INFO] - C828554986

06-09-2024T14:42:52 - [MESSAGE][PASSED] - totalplay.Common.verifyPropertyValueExist is PASSED

06-09-2024T14:42:52 - [TEST_STEP][PASSED] - totalplay.Common.verifyPropertyValueExist(FoodOrderHistory, c_result_orders1_product_info0_name): totalplay.Common.verifyPropertyValueExist is PASSED

06-09-2024T14:42:52 - [MESSAGE][INFO] - Checking response object

06-09-2024T14:42:52 - [MESSAGE][INFO] - Orden de Maciza (100 g)

06-09-2024T14:42:52 - [MESSAGE][PASSED] - totalplay.Common.verifyPropertyValueExist is PASSED

06-09-2024T14:42:52 - [TEST_STEP][PASSED] - totalplay.Common.verifyPropertyValueExist(FoodOrderHistory, c_result_orders1_product_info0_description): totalplay.Common.verifyPropertyValueExist is PASSED

06-09-2024T14:42:52 - [MESSAGE][INFO] - Checking response object

06-09-2024T14:42:52 - [MESSAGE][INFO] - 100 g

06-09-2024T14:42:52 - [MESSAGE][PASSED] - totalplay.Common.verifyPropertyValueExist is PASSED

06-09-2024T14:42:52 - [TEST_STEP][PASSED] - totalplay.Common.verifyPropertyExist(FoodOrderHistory, c_result_orders1_storeDetails): totalplay.Common.verifyPropertyExist is PASSED

06-09-2024T14:42:52 - [MESSAGE][INFO] - Checking response object

06-09-2024T14:42:52 - [MESSAGE][PASSED] - totalplay.Common.verifyPropertyExist is PASSED

06-09-2024T14:42:52 - [TEST_STEP][PASSED] - totalplay.Common.verifyPropertyValueExist(FoodOrderHistory, c_result_orders1_storeDetails_ID): totalplay.Common.verifyPropertyValueExist is PASSED

06-09-2024T14:42:52 - [MESSAGE][INFO] - Checking response object

06-09-2024T14:42:52 - [MESSAGE][INFO] - 4158

06-09-2024T14:42:52 - [MESSAGE][PASSED] - totalplay.Common.verifyPropertyValueExist is PASSED

06-09-2024T14:42:52 - [TEST_STEP][PASSED] - totalplay.Common.verifyPropertyValueExist(FoodOrderHistory, c_result_orders1_storeDetails_name): totalplay.Common.verifyPropertyValueExist is PASSED

06-09-2024T14:42:52 - [MESSAGE][INFO] - Checking response object

06-09-2024T14:42:52 - [MESSAGE][INFO] - La Casa De Toño Polanco

06-09-2024T14:42:52 - [MESSAGE][PASSED] - totalplay.Common.verifyPropertyValueExist is PASSED

06-09-2024T14:42:52 - [TEST_STEP][PASSED] - totalplay.Common.verifyPropertyValueExist(FoodOrderHistory, c_result_orders1_storeDetails_phone): totalplay.Common.verifyPropertyValueExist is PASSED

06-09-2024T14:42:52 - [MESSAGE][INFO] - Checking response object

06-09-2024T14:42:52 - [MESSAGE][INFO] - 5585343049

06-09-2024T14:42:52 - [MESSAGE][PASSED] - totalplay.Common.verifyPropertyValueExist is PASSED

06-09-2024T14:42:52 - [TEST_STEP][PASSED] - totalplay.Common.verifyPropertyValueExist(FoodOrderHistory, c_result_orders1_storeDetails_logo): totalplay.Common.verifyPropertyValueExist is PASSED

06-09-2024T14:42:52 - [MESSAGE][INFO] - Checking response object

06-09-2024T14:42:52 - [MESSAGE][INFO] - https://salesforceqa.sistemastp.com.mx/on/demandware.static/-/Sites/default/dwa324f659/images/seller/41581444.1012652548714

06-09-2024T14:42:52 - [MESSAGE][PASSED] - totalplay.Common.verifyPropertyValueExist is PASSED

06-09-2024T14:42:52 - [TEST_STEP][PASSED] - totalplay.Common.verifyPropertyValueExist(FoodOrderHistory, c_result_orders1_storeDetails_verticalType): totalplay.Common.verifyPropertyValueExist is PASSED

06-09-2024T14:42:52 - [MESSAGE][INFO] - Checking response object

06-09-2024T14:42:52 - [MESSAGE][INFO] - OnDemand

06-09-2024T14:42:52 - [MESSAGE][PASSED] - totalplay.Common.verifyPropertyValueExist is PASSED

06-09-2024T14:42:52 - [TEST_STEP][PASSED] - totalplay.Common.verifyPropertyValueExist(FoodOrderHistory, c_result_orders1_storeDetails_averageRating): totalplay.Common.verifyPropertyValueExist is PASSED

06-09-2024T14:42:52 - [MESSAGE][INFO] - Checking response object

06-09-2024T14:42:52 - [MESSAGE][INFO] - 

06-09-2024T14:42:52 - [MESSAGE][PASSED] - totalplay.Common.verifyPropertyValueExist is PASSED

06-09-2024T14:42:52 - [TEST_STEP][PASSED] - totalplay.Common.verifyPropertyValueExist(FoodOrderHistory, c_result_orders1_status): totalplay.Common.verifyPropertyValueExist is PASSED

06-09-2024T14:42:52 - [MESSAGE][INFO] - Checking response object

06-09-2024T14:42:52 - [MESSAGE][INFO] - cancelados

06-09-2024T14:42:52 - [MESSAGE][PASSED] - totalplay.Common.verifyPropertyValueExist is PASSED

06-09-2024T14:42:52 - [TEST_STEP][PASSED] - totalplay.Common.getNumValueofObject(FoodOrderHistory, c_result_order_total_count): totalplay.Common.getNumValueofObject is PASSED

06-09-2024T14:42:52 - [MESSAGE][INFO] - Checking response object

06-09-2024T14:42:52 - [MESSAGE][PASSED] - totalplay.Common.getNumValueofObject is PASSED

06-09-2024T14:42:52 - [TEST_STEP][PASSED] - totalplay.Common.getNumValueofObject(FoodOrderHistory, c_result_total_pages): totalplay.Common.getNumValueofObject is PASSED

06-09-2024T14:42:52 - [MESSAGE][INFO] - Checking response object

06-09-2024T14:42:52 - [MESSAGE][PASSED] - totalplay.Common.getNumValueofObject is PASSED]]></system-out>
         <system-err><![CDATA[]]></system-err>
      </testcase>
      <testcase name="Test Cases/TotalPlay-Food/TC_25_Food Order Detail" time="6.832" classname="Test Cases/TotalPlay-Food/TC_25_Food Order Detail" status="PASSED">
         <system-out><![CDATA[06-09-2024T14:42:52 - [TEST_CASE][PASSED] - Test Cases/TotalPlay-Food/TC_25_Food Order Detail: Test Cases/TotalPlay-Food/TC_25_Food Order Detail

06-09-2024T14:42:53 - [TEST_STEP][PASSED] - callTestCase(findTestCase("TotalPlay-Food/TC_1_Login_Service"), [:], STOP_ON_FAILURE): Call Test Case 'Test Cases/TotalPlay-Food/TC_1_Login_Service' successfully

06-09-2024T14:42:53 - [MESSAGE][INFO] - Checking called Test Case

06-09-2024T14:42:53 - [MESSAGE][INFO] - Starting to call Test Case 'Test Cases/TotalPlay-Food/TC_1_Login_Service'

06-09-2024T14:42:53 - [TEST_CASE][PASSED] - Test Cases/TotalPlay-Food/TC_1_Login_Service: Test Cases/TotalPlay-Food/TC_1_Login_Service

06-09-2024T14:42:53 - [TEST_STEP][PASSED] - LoginResponse = sendRequest(findTestObject("TotalPlay-Food/getTokenDelivery", ["URL":URL])): Send request successfully

06-09-2024T14:42:53 - [MESSAGE][INFO] - Finding Test Object 'Object Repository/TotalPlay-Food/getTokenDelivery'

06-09-2024T14:42:53 - [MESSAGE][INFO] - Checking request object

06-09-2024T14:42:56 - [MESSAGE][INFO] - HAR: C:\Users\ShubhamKumarThakur\OneDrive - Kognivera\Documents\TotalPlay\totalplay-automation\Reports\20240906_143744\Food_Service_Normal_Flow_PlaceOrder\20240906_143744\requests\main\51.har

06-09-2024T14:42:56 - [MESSAGE][PASSED] - Send request successfully

06-09-2024T14:42:56 - [TEST_STEP][PASSED] - assert getResponseStatusCode(LoginResponse) == 200: Checking response object

06-09-2024T14:42:56 - [MESSAGE][INFO] - Checking response object

06-09-2024T14:42:56 - [TEST_STEP][PASSED] - Auth = "ocapiResponse.access_token": null

06-09-2024T14:42:56 - [TEST_STEP][PASSED] - FoodBascketId = "ocapiResponse.c_basketId_TP_FOOD": null

06-09-2024T14:42:56 - [TEST_STEP][PASSED] - FoodBasId = getElementPropertyValue(LoginResponse, FoodBascketId): Checking response object

06-09-2024T14:42:56 - [MESSAGE][INFO] - Checking response object

06-09-2024T14:42:56 - [TEST_STEP][PASSED] - sfccAuthorization = getElementPropertyValue(LoginResponse, Auth): Checking response object

06-09-2024T14:42:56 - [MESSAGE][INFO] - Checking response object

06-09-2024T14:42:56 - [TEST_STEP][PASSED] - Authorization = "Bearer " + sfccAuthorization: null

06-09-2024T14:42:56 - [TEST_STEP][PASSED] - FoodBasketId = FoodBasId: null

06-09-2024T14:42:56 - [TEST_STEP][PASSED] - logInfo(bm_auth_token): 

06-09-2024T14:42:56 - [MESSAGE][INFO] - 

06-09-2024T14:42:56 - [TEST_STEP][PASSED] - if (sfccAuthorization.length() == 0): null

06-09-2024T14:42:56 - [TEST_STEP][PASSED] - else: authorization generated

06-09-2024T14:42:56 - [TEST_STEP][PASSED] - markPassed("authorization generated"): authorization generated

06-09-2024T14:42:56 - [MESSAGE][PASSED] - authorization generated

06-09-2024T14:42:56 - [TEST_STEP][PASSED] - BasketId_loginResponse = "ocapiResponse.c_basketId": null

06-09-2024T14:42:56 - [TEST_STEP][PASSED] - CustomerId_loginResponse = "ocapiResponse.customer_id": null

06-09-2024T14:42:56 - [TEST_STEP][PASSED] - basketId = getElementPropertyValue(LoginResponse, BasketId_loginResponse): Checking response object

06-09-2024T14:42:56 - [MESSAGE][INFO] - Checking response object

06-09-2024T14:42:56 - [TEST_STEP][PASSED] - customerId = getElementPropertyValue(LoginResponse, CustomerId_loginResponse): Checking response object

06-09-2024T14:42:56 - [MESSAGE][INFO] - Checking response object

06-09-2024T14:42:56 - [TEST_STEP][PASSED] - basketID = basketId: null

06-09-2024T14:42:56 - [TEST_STEP][PASSED] - sla_customerId = customerId: null

06-09-2024T14:42:56 - [TEST_STEP][PASSED] - println(basketID): null

06-09-2024T14:42:56 - [TEST_STEP][PASSED] - println(sla_customerId): null

06-09-2024T14:42:56 - [TEST_STEP][PASSED] - refresh_token = "ocapiResponse.refresh_token": null

06-09-2024T14:42:56 - [TEST_STEP][PASSED] - customer_email = "ocapiResponse.customer_email": null

06-09-2024T14:42:56 - [TEST_STEP][PASSED] - c_brmId = "ocapiResponse.c_brmId": null

06-09-2024T14:42:56 - [TEST_STEP][PASSED] - customer_name = "ocapiResponse.customer_name": null

06-09-2024T14:42:56 - [TEST_STEP][PASSED] - totalplay.Common.verifyPropertyExist(LoginResponse, refresh_token): totalplay.Common.verifyPropertyExist is PASSED

06-09-2024T14:42:56 - [MESSAGE][INFO] - Checking response object

06-09-2024T14:42:56 - [MESSAGE][PASSED] - totalplay.Common.verifyPropertyExist is PASSED

06-09-2024T14:42:56 - [TEST_STEP][PASSED] - totalplay.Common.verifyPropertyValueExist(LoginResponse, refresh_token): totalplay.Common.verifyPropertyValueExist is PASSED

06-09-2024T14:42:56 - [MESSAGE][INFO] - Checking response object

06-09-2024T14:42:56 - [MESSAGE][INFO] - Z9J1iMfn6DdGrpVZOGmYp4ntYFzFo6gpLXbee2jTXTc

06-09-2024T14:42:56 - [MESSAGE][PASSED] - totalplay.Common.verifyPropertyValueExist is PASSED

06-09-2024T14:42:56 - [TEST_STEP][PASSED] - totalplay.Common.verifyPropertyExist(LoginResponse, customer_email): totalplay.Common.verifyPropertyExist is PASSED

06-09-2024T14:42:56 - [MESSAGE][INFO] - Checking response object

06-09-2024T14:42:56 - [MESSAGE][PASSED] - totalplay.Common.verifyPropertyExist is PASSED

06-09-2024T14:42:56 - [TEST_STEP][PASSED] - totalplay.Common.verifyPropertyValueExist(LoginResponse, customer_email): totalplay.Common.verifyPropertyValueExist is PASSED

06-09-2024T14:42:56 - [MESSAGE][INFO] - Checking response object

06-09-2024T14:42:56 - [MESSAGE][INFO] - cesar.waldo93@gmail.com

06-09-2024T14:42:56 - [MESSAGE][PASSED] - totalplay.Common.verifyPropertyValueExist is PASSED

06-09-2024T14:42:56 - [TEST_STEP][PASSED] - totalplay.Common.verifyPropertyExist(LoginResponse, customer_name): totalplay.Common.verifyPropertyExist is PASSED

06-09-2024T14:42:56 - [MESSAGE][INFO] - Checking response object

06-09-2024T14:42:56 - [MESSAGE][PASSED] - totalplay.Common.verifyPropertyExist is PASSED

06-09-2024T14:42:56 - [TEST_STEP][PASSED] - totalplay.Common.verifyPropertyValueExist(LoginResponse, customer_name): totalplay.Common.verifyPropertyValueExist is PASSED

06-09-2024T14:42:56 - [MESSAGE][INFO] - Checking response object

06-09-2024T14:42:56 - [MESSAGE][INFO] - CESAR GERARDO WALDO GONZALEZ

06-09-2024T14:42:56 - [MESSAGE][PASSED] - totalplay.Common.verifyPropertyValueExist is PASSED

06-09-2024T14:42:56 - [TEST_STEP][PASSED] - totalplay.Common.verifyPropertyExist(LoginResponse, c_brmId): totalplay.Common.verifyPropertyExist is PASSED

06-09-2024T14:42:56 - [MESSAGE][INFO] - Checking response object

06-09-2024T14:42:56 - [MESSAGE][PASSED] - totalplay.Common.verifyPropertyExist is PASSED

06-09-2024T14:42:56 - [TEST_STEP][PASSED] - totalplay.Common.verifyPropertyValueExist(LoginResponse, c_brmId): totalplay.Common.verifyPropertyValueExist is PASSED

06-09-2024T14:42:56 - [MESSAGE][INFO] - Checking response object

06-09-2024T14:42:56 - [MESSAGE][INFO] - 0106378356

06-09-2024T14:42:56 - [MESSAGE][PASSED] - totalplay.Common.verifyPropertyValueExist is PASSED

06-09-2024T14:42:56 - [MESSAGE][PASSED] - Call Test Case 'Test Cases/TotalPlay-Food/TC_1_Login_Service' successfully

06-09-2024T14:42:56 - [TEST_STEP][PASSED] - FoodOrderHistory = sendRequest(findTestObject("TotalPlay-Food/Food Order History", ["URL":URL])): Send request successfully

06-09-2024T14:42:56 - [MESSAGE][INFO] - Finding Test Object 'Object Repository/TotalPlay-Food/Food Order History'

06-09-2024T14:42:56 - [MESSAGE][INFO] - Checking request object

06-09-2024T14:42:57 - [MESSAGE][INFO] - HAR: C:\Users\ShubhamKumarThakur\OneDrive - Kognivera\Documents\TotalPlay\totalplay-automation\Reports\20240906_143744\Food_Service_Normal_Flow_PlaceOrder\20240906_143744\requests\main\52.har

06-09-2024T14:42:57 - [MESSAGE][PASSED] - Send request successfully

06-09-2024T14:42:57 - [TEST_STEP][PASSED] - verifyResponseStatusCode(FoodOrderHistory, 200): Verify response status code successfully

06-09-2024T14:42:57 - [MESSAGE][INFO] - Checking response object

06-09-2024T14:42:57 - [MESSAGE][PASSED] - Verify response status code successfully

06-09-2024T14:42:57 - [TEST_STEP][PASSED] - order_no = "c_result.orders[0].order_no": null

06-09-2024T14:42:57 - [TEST_STEP][PASSED] - OrderNo = getElementPropertyValue(FoodOrderHistory, order_no): Checking response object

06-09-2024T14:42:57 - [MESSAGE][INFO] - Checking response object

06-09-2024T14:42:57 - [TEST_STEP][PASSED] - FoodOrderDetails = sendRequest(findTestObject("TotalPlay-Food/Food Order Detail", ["URL":URL])): Send request successfully

06-09-2024T14:42:57 - [MESSAGE][INFO] - Finding Test Object 'Object Repository/TotalPlay-Food/Food Order Detail'

06-09-2024T14:42:58 - [MESSAGE][INFO] - Checking request object

06-09-2024T14:42:58 - [MESSAGE][INFO] - HAR: C:\Users\ShubhamKumarThakur\OneDrive - Kognivera\Documents\TotalPlay\totalplay-automation\Reports\20240906_143744\Food_Service_Normal_Flow_PlaceOrder\20240906_143744\requests\main\53.har

06-09-2024T14:42:58 - [MESSAGE][PASSED] - Send request successfully

06-09-2024T14:42:58 - [TEST_STEP][PASSED] - totalplay.Common.printResponseinText(FoodOrderDetails): totalplay.Common.printResponseinText is PASSED

06-09-2024T14:42:58 - [MESSAGE][PASSED] - totalplay.Common.printResponseinText is PASSED

06-09-2024T14:42:58 - [TEST_STEP][PASSED] - verifyResponseStatusCode(FoodOrderDetails, 200): Verify response status code successfully

06-09-2024T14:42:58 - [MESSAGE][INFO] - Checking response object

06-09-2024T14:42:58 - [MESSAGE][PASSED] - Verify response status code successfully

06-09-2024T14:42:58 - [TEST_STEP][PASSED] - id = "id": null

06-09-2024T14:42:58 - [TEST_STEP][PASSED] - name = "name": null

06-09-2024T14:42:58 - [TEST_STEP][PASSED] - c_result = "c_result": null

06-09-2024T14:42:58 - [TEST_STEP][PASSED] - c_result_order_no = "c_result.order_no": null

06-09-2024T14:42:58 - [TEST_STEP][PASSED] - c_result_corporate_name = "c_result.corporate_name": null

06-09-2024T14:42:58 - [TEST_STEP][PASSED] - c_result_creationDate = "c_result.creationDate": null

06-09-2024T14:42:58 - [TEST_STEP][PASSED] - c_result_totalCost = "c_result.totalCost": null

06-09-2024T14:42:58 - [TEST_STEP][PASSED] - c_result_shipments = "c_result.shipments": null

06-09-2024T14:42:58 - [TEST_STEP][PASSED] - c_result_productCost = "c_result.productCost": null

06-09-2024T14:42:58 - [TEST_STEP][PASSED] - c_result_customerEmail = "c_result.customerEmail": null

06-09-2024T14:42:58 - [TEST_STEP][PASSED] - c_result_c_formatedShippingTotalGrossPrice = "c_result.c_formatedShippingTotalGrossPrice": null

06-09-2024T14:42:58 - [TEST_STEP][PASSED] - c_result_status = "c_result.status": null

06-09-2024T14:42:58 - [TEST_STEP][PASSED] - c_result_order_total = "c_result.order_total": null

06-09-2024T14:42:58 - [TEST_STEP][PASSED] - c_result_c_shipmentNote = "c_result.c_shipmentNote": null

06-09-2024T14:42:58 - [TEST_STEP][PASSED] - c_result_c_serviceCharge = "c_result.c_serviceCharge": null

06-09-2024T14:42:58 - [TEST_STEP][PASSED] - c_result_c_formatedServiceCharge = "c_result.c_formatedServiceCharge": null

06-09-2024T14:42:58 - [TEST_STEP][PASSED] - c_result_c_savingsTotal = "c_result.c_savingsTotal": null

06-09-2024T14:42:58 - [TEST_STEP][PASSED] - totalplay.Common.verifyPropertyValueExist(FoodOrderHistory, id): totalplay.Common.verifyPropertyValueExist is PASSED

06-09-2024T14:42:58 - [MESSAGE][INFO] - Checking response object

06-09-2024T14:42:58 - [MESSAGE][INFO] - order-history

06-09-2024T14:42:58 - [MESSAGE][PASSED] - totalplay.Common.verifyPropertyValueExist is PASSED

06-09-2024T14:42:58 - [TEST_STEP][PASSED] - totalplay.Common.verifyPropertyValueExist(FoodOrderHistory, name): totalplay.Common.verifyPropertyValueExist is PASSED

06-09-2024T14:42:58 - [MESSAGE][INFO] - Checking response object

06-09-2024T14:42:58 - [MESSAGE][INFO] - order-history

06-09-2024T14:42:58 - [MESSAGE][PASSED] - totalplay.Common.verifyPropertyValueExist is PASSED

06-09-2024T14:42:58 - [TEST_STEP][PASSED] - totalplay.Common.verifyPropertyExist(FoodOrderHistory, c_result): totalplay.Common.verifyPropertyExist is PASSED

06-09-2024T14:42:58 - [MESSAGE][INFO] - Checking response object

06-09-2024T14:42:59 - [MESSAGE][PASSED] - totalplay.Common.verifyPropertyExist is PASSED

06-09-2024T14:42:59 - [TEST_STEP][PASSED] - totalplay.Common.verifyPropertyValueExist(FoodOrderHistory, c_result_order_no): totalplay.Common.verifyPropertyValueExist is PASSED

06-09-2024T14:42:59 - [MESSAGE][INFO] - Checking response object

06-09-2024T14:42:59 - [MESSAGE][INFO] - 

06-09-2024T14:42:59 - [MESSAGE][PASSED] - totalplay.Common.verifyPropertyValueExist is PASSED

06-09-2024T14:42:59 - [TEST_STEP][PASSED] - totalplay.Common.verifyPropertyValueExist(FoodOrderHistory, c_result_corporate_name): totalplay.Common.verifyPropertyValueExist is PASSED

06-09-2024T14:42:59 - [MESSAGE][INFO] - Checking response object

06-09-2024T14:42:59 - [MESSAGE][INFO] - 

06-09-2024T14:42:59 - [MESSAGE][PASSED] - totalplay.Common.verifyPropertyValueExist is PASSED

06-09-2024T14:42:59 - [TEST_STEP][PASSED] - totalplay.Common.verifyPropertyValueExist(FoodOrderHistory, c_result_creationDate): totalplay.Common.verifyPropertyValueExist is PASSED

06-09-2024T14:42:59 - [MESSAGE][INFO] - Checking response object

06-09-2024T14:42:59 - [MESSAGE][INFO] - 

06-09-2024T14:42:59 - [MESSAGE][PASSED] - totalplay.Common.verifyPropertyValueExist is PASSED

06-09-2024T14:42:59 - [TEST_STEP][PASSED] - totalplay.Common.verifyPropertyValueExist(FoodOrderHistory, c_result_totalCost): totalplay.Common.verifyPropertyValueExist is PASSED

06-09-2024T14:42:59 - [MESSAGE][INFO] - Checking response object

06-09-2024T14:42:59 - [MESSAGE][INFO] - 

06-09-2024T14:42:59 - [MESSAGE][PASSED] - totalplay.Common.verifyPropertyValueExist is PASSED

06-09-2024T14:42:59 - [TEST_STEP][PASSED] - totalplay.Common.verifyPropertyValueExist(FoodOrderHistory, c_result_shipments): totalplay.Common.verifyPropertyValueExist is PASSED

06-09-2024T14:42:59 - [MESSAGE][INFO] - Checking response object

06-09-2024T14:42:59 - [MESSAGE][INFO] - 

06-09-2024T14:42:59 - [MESSAGE][PASSED] - totalplay.Common.verifyPropertyValueExist is PASSED

06-09-2024T14:42:59 - [TEST_STEP][PASSED] - totalplay.Common.verifyPropertyValueExist(FoodOrderHistory, c_result_productCost): totalplay.Common.verifyPropertyValueExist is PASSED

06-09-2024T14:42:59 - [MESSAGE][INFO] - Checking response object

06-09-2024T14:42:59 - [MESSAGE][INFO] - 

06-09-2024T14:42:59 - [MESSAGE][PASSED] - totalplay.Common.verifyPropertyValueExist is PASSED

06-09-2024T14:42:59 - [TEST_STEP][PASSED] - totalplay.Common.verifyPropertyValueExist(FoodOrderHistory, c_result_customerEmail): totalplay.Common.verifyPropertyValueExist is PASSED

06-09-2024T14:42:59 - [MESSAGE][INFO] - Checking response object

06-09-2024T14:42:59 - [MESSAGE][INFO] - 

06-09-2024T14:42:59 - [MESSAGE][PASSED] - totalplay.Common.verifyPropertyValueExist is PASSED

06-09-2024T14:42:59 - [TEST_STEP][PASSED] - totalplay.Common.verifyPropertyValueExist(FoodOrderHistory, c_result_c_formatedShippingTotalGrossPrice): totalplay.Common.verifyPropertyValueExist is PASSED

06-09-2024T14:42:59 - [MESSAGE][INFO] - Checking response object

06-09-2024T14:42:59 - [MESSAGE][INFO] - 

06-09-2024T14:42:59 - [MESSAGE][PASSED] - totalplay.Common.verifyPropertyValueExist is PASSED

06-09-2024T14:42:59 - [TEST_STEP][PASSED] - totalplay.Common.verifyPropertyValueExist(FoodOrderHistory, c_result_status): totalplay.Common.verifyPropertyValueExist is PASSED

06-09-2024T14:42:59 - [MESSAGE][INFO] - Checking response object

06-09-2024T14:42:59 - [MESSAGE][INFO] - 

06-09-2024T14:42:59 - [MESSAGE][PASSED] - totalplay.Common.verifyPropertyValueExist is PASSED

06-09-2024T14:42:59 - [TEST_STEP][PASSED] - totalplay.Common.verifyPropertyValueExist(FoodOrderHistory, c_result_order_total): totalplay.Common.verifyPropertyValueExist is PASSED

06-09-2024T14:42:59 - [MESSAGE][INFO] - Checking response object

06-09-2024T14:42:59 - [MESSAGE][INFO] - 

06-09-2024T14:42:59 - [MESSAGE][PASSED] - totalplay.Common.verifyPropertyValueExist is PASSED

06-09-2024T14:42:59 - [TEST_STEP][PASSED] - totalplay.Common.verifyPropertyValueExist(FoodOrderHistory, c_result_c_shipmentNote): totalplay.Common.verifyPropertyValueExist is PASSED

06-09-2024T14:42:59 - [MESSAGE][INFO] - Checking response object

06-09-2024T14:42:59 - [MESSAGE][INFO] - 

06-09-2024T14:42:59 - [MESSAGE][PASSED] - totalplay.Common.verifyPropertyValueExist is PASSED

06-09-2024T14:42:59 - [TEST_STEP][PASSED] - totalplay.Common.verifyPropertyValueExist(FoodOrderHistory, c_result_c_serviceCharge): totalplay.Common.verifyPropertyValueExist is PASSED

06-09-2024T14:42:59 - [MESSAGE][INFO] - Checking response object

06-09-2024T14:42:59 - [MESSAGE][INFO] - 

06-09-2024T14:42:59 - [MESSAGE][PASSED] - totalplay.Common.verifyPropertyValueExist is PASSED

06-09-2024T14:42:59 - [TEST_STEP][PASSED] - totalplay.Common.verifyPropertyValueExist(FoodOrderHistory, c_result_c_formatedServiceCharge): totalplay.Common.verifyPropertyValueExist is PASSED

06-09-2024T14:42:59 - [MESSAGE][INFO] - Checking response object

06-09-2024T14:42:59 - [MESSAGE][INFO] - 

06-09-2024T14:42:59 - [MESSAGE][PASSED] - totalplay.Common.verifyPropertyValueExist is PASSED

06-09-2024T14:42:59 - [TEST_STEP][PASSED] - totalplay.Common.verifyPropertyValueExist(FoodOrderHistory, c_result_c_savingsTotal): totalplay.Common.verifyPropertyValueExist is PASSED

06-09-2024T14:42:59 - [MESSAGE][INFO] - Checking response object

06-09-2024T14:42:59 - [MESSAGE][INFO] - 

06-09-2024T14:42:59 - [MESSAGE][PASSED] - totalplay.Common.verifyPropertyValueExist is PASSED]]></system-out>
         <system-err><![CDATA[]]></system-err>
      </testcase>
      <system-out><![CDATA[06-09-2024T14:37:54 - [TEST_SUITE][PASSED] - Food_Service_Normal_Flow_PlaceOrder: Test Cases/TotalPlay-Food/TC_25_Food Order Detail]]></system-out>
      <system-err><![CDATA[]]></system-err>
   </testsuite>
</testsuites>
